0.223363453040 -0.220824910573
0.315294978814 -0.466401352657
0.359036576677 -0.629774810716
0.387148302904 -0.726911218283
0.089436210794 -0.725359624885
0.174385153805 -0.973587698579
0.329907943836 -1.000000000000
0.446669677977 -0.958788836504
0.033920520065 -0.686752222209
0.385257041390 -0.739934759963
0.404354917190 -0.584047529683
0.313419179258 -0.517927433823
0.031489315645 -0.602107615797
0.383204749235 -0.607387686077
0.368583864673 -0.466336582136
0.271365951843 -0.425424946946
0.062949498698 -0.493753604451
0.352796356484 -0.486502275878
0.340823615162 -0.385245727762
0.256399907341 -0.346225165525
0.225463267467 -0.218944048784
0.318361017033 -0.459054882319
0.365757342508 -0.619824725148
0.396765135996 -0.718513132919
0.093339244380 -0.719791845774
0.179615418052 -0.966045804593
0.328878467292 -1.000000000000
0.444428991342 -0.967697672250
0.040587337618 -0.684150519546
0.390496849989 -0.739746282945
0.407718532998 -0.587164264704
0.321321430182 -0.518065248420
0.039687703777 -0.602984307469
0.392946182346 -0.611377645778
0.376430420864 -0.468450399750
0.282396727240 -0.422429572761
0.073091229614 -0.497247710045
0.360613716346 -0.491661742754
0.348767832171 -0.387675185636
0.268420571815 -0.343581137931
0.222336552603 -0.223138127541
0.313928062744 -0.464923309812
0.363995681133 -0.626361089297
0.397613073236 -0.727774969220
0.097671153574 -0.717701935680
0.189908127035 -0.969850553183
0.345762809744 -1.000000000000
0.460005462487 -0.961725057051
0.050656942115 -0.679035695977
0.405374821724 -0.749646760779
0.428575810462 -0.599631353158
0.341586137591 -0.528794073249
0.053349465183 -0.595834404293
0.408285276232 -0.612591646940
0.394165647776 -0.473513945671
0.298542595325 -0.427120819884
0.087938933755 -0.488902963233
0.377839629157 -0.485751572358
0.366969470191 -0.383197031512
0.285045330592 -0.339392527943
0.223714771766 -0.219332303073
0.318116505332 -0.459353880332
0.369540328461 -0.617357571298
0.402098837750 -0.715003429021
0.094110118433 -0.717957515744
0.177806392984 -0.966480366418
0.328137855591 -1.000000000000
0.441767067138 -0.965078805316
0.042979605873 -0.679643469418
0.397819272652 -0.743358408844
0.418340934071 -0.594423114907
0.330770209630 -0.526480745065
0.043187391074 -0.595345715108
0.399892980261 -0.611153826700
0.384285259882 -0.472626466164
0.288845824794 -0.428570681772
0.076294468364 -0.486994021607
0.367493465268 -0.484825416632
0.355974855918 -0.385336053944
0.273624569818 -0.344820624198
0.222495789188 -0.218384930500
0.317806651986 -0.458453024774
0.372130177993 -0.617903484698
0.410732961234 -0.715864170961
0.103731520824 -0.719635392701
0.190330951679 -0.964825973012
0.338466874249 -1.000000000000
0.450627538718 -0.966386054279
0.055008881262 -0.682881838234
0.405577098424 -0.742440991881
0.423285362001 -0.594780169756
0.336207625023 -0.527634871684
0.055793801127 -0.599812142512
0.407233868618 -0.612726973545
0.389241713904 -0.475119065626
0.294163357098 -0.430554568513
0.088432419095 -0.492317154862
0.374821345285 -0.488525072639
0.360997138625 -0.387559203995
0.279352178529 -0.345395995961
0.222038968004 -0.222578817370
0.315439611622 -0.463518177926
0.368259217576 -0.621943715464
0.404605203995 -0.722892148095
0.103027957315 -0.717548602375
0.186785898036 -0.967222136543
0.340270227746 -1.000000000000
0.455246718855 -0.963647121486
0.056274528603 -0.678713861284
0.407366102039 -0.745104995179
0.430903364462 -0.598042352117
0.346118312643 -0.529996265523
0.058333471411 -0.594239473044
0.411119273052 -0.608863981044
0.394904909613 -0.471664068677
0.299096186608 -0.427918567717
0.091399953181 -0.485457559867
0.381303972250 -0.482890018154
0.369372621489 -0.383615515090
0.286675591459 -0.343299587083
0.223369958961 -0.221784431913
0.318929025923 -0.464051829275
0.370295654662 -0.624000564374
0.406227832903 -0.723677057239
0.101103159661 -0.719876689431
0.185500797542 -0.967662061588
0.335874718854 -1.000000000000
0.449793252194 -0.963745369750
0.050757116372 -0.680835179566
0.404301826815 -0.740118206222
0.426019525593 -0.591864329985
0.340644832100 -0.525494338093
0.051084157940 -0.595967679663
0.406248935412 -0.608654593004
0.389932627166 -0.470275413287
0.294481438498 -0.426634668450
0.083496664857 -0.487264257536
0.375468608173 -0.484140897002
0.363455697602 -0.384964547786
0.280572803465 -0.344739570440
0.226044573214 -0.219600213845
0.323297384879 -0.459947762136
0.375136177684 -0.617387098765
0.407319322818 -0.712146025329
0.103040091881 -0.721487210388
0.184615126139 -0.966699494668
0.333157866818 -1.000000000000
0.446061744203 -0.964126819533
0.051255949485 -0.682943380476
0.404104576155 -0.738354861253
0.423320660857 -0.590358365109
0.336148348585 -0.524993218252
0.050129905629 -0.597537673388
0.404640980785 -0.606049828715
0.386509031853 -0.469102555317
0.290186409812 -0.427771129746
0.081155103905 -0.487857131935
0.371321597936 -0.482302186753
0.357654276031 -0.384438734625
0.274341943935 -0.346798052293
0.223983814790 -0.221799665504
0.318449570523 -0.462786435750
0.368698042660 -0.621611371560
0.402096715287 -0.721863937146
0.103080565082 -0.722434020234
0.182084089606 -0.966113892751
0.329162928117 -1.000000000000
0.441979430523 -0.964378983584
0.053438197442 -0.684619973189
0.404206129006 -0.739207076428
0.424756331111 -0.591254464824
0.339819785244 -0.524266406878
0.052753200154 -0.599278286857
0.405050423595 -0.607314580564
0.387723771489 -0.469329671574
0.293428084048 -0.424231670429
0.083015907952 -0.488760540868
0.370502467242 -0.483188678440
0.358404092372 -0.383509951617
0.277753456437 -0.341827205229
0.222811949344 -0.219710853994
0.317523629529 -0.460565488415
0.366028866257 -0.620764119790
0.398738373607 -0.720113374150
0.102542363759 -0.720462357142
0.183336081008 -0.967640325438
0.332172417238 -1.000000000000
0.444373281877 -0.964577093232
0.051706513613 -0.681025508617
0.403034282480 -0.738940539190
0.426058662001 -0.591854759624
0.341162978268 -0.528208986425
0.052518541138 -0.594944902044
0.404826408344 -0.604804379737
0.389278819471 -0.469700939705
0.294358089409 -0.429708536883
0.084780866819 -0.485249378374
0.373530489840 -0.479388616923
0.361306831776 -0.381637262772
0.278968373794 -0.343633241536
0.226305275508 -0.217181045159
0.323265302428 -0.457206066091
0.374298180776 -0.616705602181
0.407521959138 -0.714546259769
0.105014376217 -0.719475208141
0.184311348162 -0.965556194247
0.331858858576 -1.000000000000
0.444265054533 -0.965520342979
0.053687616465 -0.681887521913
0.403557812952 -0.741629100029
0.423681005076 -0.594647525813
0.337621083770 -0.528063729554
0.053166700597 -0.596730435019
0.405802512497 -0.609296340010
0.389141030240 -0.472769617980
0.294349804717 -0.429736074558
0.084846493754 -0.486889077943
0.372790966103 -0.482797790572
0.360599083419 -0.384997368432
0.279091825376 -0.345407809594
0.220736858032 -0.220239507304
0.316391731090 -0.462648346598
0.367812461716 -0.622349341323
0.405352976209 -0.720523471673
0.105239036391 -0.722747670395
0.190942079530 -0.968161716646
0.340125864905 -1.000000000000
0.451662725864 -0.962852503525
0.055106838348 -0.683662418059
0.408239923691 -0.737880492781
0.426897256121 -0.589647834612
0.338723557736 -0.525283521781
0.055731512751 -0.597789610020
0.408605324226 -0.606237585411
0.390211986601 -0.468899811564
0.293226659038 -0.426943474095
0.087963239007 -0.487644717378
0.376812361868 -0.481822385598
0.363235324318 -0.383243552911
0.279909745124 -0.344608819608
0.226879832316 -0.220583653253
0.322672103676 -0.461453810474
0.373333521955 -0.620130679196
0.407390512702 -0.718258695295
0.105651978372 -0.721264847296
0.187977726182 -0.966220824853
0.335638780775 -1.000000000000
0.448042930208 -0.964867278389
0.054206084098 -0.682988893153
0.407783693806 -0.735372046677
0.426800587791 -0.587824942927
0.340213507525 -0.521918773773
0.053551473869 -0.598304742470
0.408821582521 -0.604519342820
0.389779884835 -0.466912558112
0.293466075575 -0.423891481449
0.085244473838 -0.489573427031
0.377028141709 -0.482501967261
0.363833704387 -0.383189456541
0.280862871724 -0.343429170638
0.222035828694 -0.221002011320
0.317255307546 -0.461850252234
0.370688402554 -0.620861521099
0.407583540307 -0.719436178019
0.107792199871 -0.721053858225
0.191379152759 -0.968641062097
0.340963977961 -1.000000000000
0.453069329739 -0.961352564493
0.058895342682 -0.682513024496
0.411876927503 -0.738044110582
0.430274091635 -0.590933018762
0.342455882728 -0.524945738064
0.059011377618 -0.597462182611
0.412660612518 -0.604757205408
0.392208674883 -0.467991309012
0.294464608706 -0.425669764856
0.090408331857 -0.488256711266
0.379582806649 -0.481441290082
0.364004620025 -0.382739250065
0.279392171746 -0.344237922118
0.225628440655 -0.222020627765
0.322445998399 -0.462564431503
0.375457112267 -0.620266917391
0.409518188931 -0.719435748508
0.105432540213 -0.720673536892
0.186000223874 -0.966684601294
0.334679142484 -1.000000000000
0.448484466989 -0.964211231938
0.054739636012 -0.681960517805
0.409395048581 -0.736190787602
0.429242291884 -0.588315556785
0.342495848879 -0.521400216868
0.054220965437 -0.596124098130
0.411475807194 -0.605230740047
0.394248215818 -0.466558565199
0.299033191594 -0.422003737504
0.085808696481 -0.485818019829
0.377833426709 -0.481592321511
0.366159208795 -0.382987377307
0.284621308294 -0.342719058566
0.221658562740 -0.217550061619
0.319267863037 -0.457441855281
0.372620822057 -0.615626390226
0.409957811683 -0.709547685748
0.107334390633 -0.720146167446
0.188684435714 -0.966747040918
0.336154833533 -1.000000000000
0.447776734426 -0.964371667274
0.055842899460 -0.682411897756
0.409340036094 -0.735001677678
0.427512161569 -0.585714729958
0.338668061253 -0.521645598541
0.055136329280 -0.597628446038
0.408682785725 -0.604885841915
0.389563833490 -0.466887971566
0.291960213018 -0.425717762984
0.086495114191 -0.488724057224
0.376016221200 -0.480474111998
0.361253789094 -0.380842178832
0.276635572940 -0.343020084854
0.219969108087 -0.220247826779
0.316078450248 -0.461321889065
0.369954598292 -0.618784603341
0.407535949517 -0.712528149629
0.108964667969 -0.723018578809
0.192266959593 -0.967102036244
0.339220857491 -1.000000000000
0.449830481626 -0.964660159492
0.058904254071 -0.684534314381
0.413169294912 -0.736962535622
0.429649525562 -0.589928060618
0.340401235175 -0.527285360162
0.058830894592 -0.598222745930
0.412676035240 -0.605492007710
0.391622243361 -0.469392520329
0.293303313688 -0.429710532251
0.090426869580 -0.487354612457
0.380572034027 -0.479626451639
0.363434691759 -0.382042820591
0.277263523885 -0.346180826241
0.227123971251 -0.218096238472
0.324332220415 -0.458113364231
0.375890723291 -0.615078512486
0.407986602536 -0.709716239858
0.111077007374 -0.721532900443
0.195112972417 -0.967437894253
0.342810382845 -1.000000000000
0.454537161137 -0.964251894747
0.058415627545 -0.684627825921
0.413864571030 -0.733234318818
0.428518567779 -0.584253281632
0.337756777455 -0.522555643088
0.056289070093 -0.600421721125
0.412565502858 -0.603175597867
0.390584034070 -0.464148446745
0.291107981146 -0.425324326536
0.086939424564 -0.491212888029
0.378503164258 -0.480651387056
0.362298110615 -0.381544507082
0.276023898383 -0.345841589280
0.223953671166 -0.218600529284
0.322910872095 -0.457483865466
0.379333589627 -0.613885790771
0.416916786596 -0.708613348440
0.112605257548 -0.721662190040
0.196750282895 -0.966152763817
0.344920338879 -1.000000000000
0.457393078176 -0.963917156338
0.061033161724 -0.684167062886
0.415938401131 -0.732546102138
0.431523095736 -0.583296617885
0.340950935188 -0.519073944121
0.059476497612 -0.599501936484
0.413775669238 -0.603233903764
0.391100586528 -0.464348915830
0.290759789189 -0.423662504370
0.090223284038 -0.490441211343
0.380047033109 -0.480072461585
0.362819282322 -0.380577153376
0.275587678156 -0.344340831461
0.225430555977 -0.217169950241
0.324191528906 -0.455294038931
0.378347659605 -0.610894949908
0.417390871275 -0.707725498079
0.111834693571 -0.720468172657
0.193419639679 -0.968645978131
0.340971680205 -1.000000000000
0.453073251903 -0.962386131447
0.058093528120 -0.682166010859
0.410482942622 -0.732180994403
0.426290652017 -0.581341504869
0.336635477648 -0.517008235704
0.055621314301 -0.596619757922
0.410210866797 -0.601480549886
0.389930586171 -0.461704642460
0.291556699931 -0.421429812801
0.085509018524 -0.486396728513
0.377046817738 -0.478385423238
0.363019650414 -0.379277291384
0.278554424001 -0.342795126904
0.226239287789 -0.216787317096
0.327717893695 -0.455417457643
0.387589103201 -0.610200589227
0.430580273085 -0.704937714652
0.116813709671 -0.726767610262
0.198915624951 -0.967413222398
0.345568298466 -1.000000000000
0.457273415216 -0.964318028842
0.064181902681 -0.689179100471
0.416629978914 -0.734990070288
0.430606646822 -0.585140782068
0.339475117415 -0.521472225346
0.061971783492 -0.603253040374
0.416675944571 -0.607107091126
0.395251992583 -0.467315451186
0.295779580360 -0.425835873218
0.091655895821 -0.492528838269
0.383748804469 -0.482631622375
0.368361518381 -0.382632583132
0.282776291743 -0.345064560083
0.222119375593 -0.218226301726
0.319726175227 -0.457516236858
0.376436933185 -0.617637931919
0.420966636681 -0.718483051498
0.106624077844 -0.718283984345
0.197799011134 -0.968163383301
0.348733468369 -1.000000000000
0.461388249174 -0.963573053776
0.057694166734 -0.680465129917
0.414329645030 -0.744287734673
0.430135747375 -0.594192450087
0.340904913558 -0.525344464623
0.059764730171 -0.596140951187
0.418347526334 -0.612396729477
0.400370522376 -0.471034202846
0.304700722816 -0.424943909422
0.095032273514 -0.486892130806
0.389593066462 -0.483661904177
0.377772756136 -0.382106276728
0.296731599901 -0.340116454285
0.219630674676 -0.219410970499
0.311310082530 -0.461537981271
0.360966726760 -0.623831068536
0.398113050925 -0.724763971731
0.102612209356 -0.717524943755
0.191754589724 -0.966315589324
0.345302220951 -1.000000000000
0.459986004205 -0.965234900186
0.056473386114 -0.681626085248
0.409009432144 -0.752290398313
0.430389557501 -0.599888894486
0.343438637617 -0.525254226586
0.059726426912 -0.599520813128
0.412235701669 -0.619779193754
0.398766629466 -0.475655050725
0.303814409803 -0.423901165757
0.095084278664 -0.491936620193
0.385752858105 -0.488128099124
0.377594430818 -0.384423517759
0.297750101516 -0.339256643095
0.217050636512 -0.216706761052
0.309407096983 -0.454872797036
0.360148577263 -0.616700891160
0.398417719171 -0.720013962969
0.101455076211 -0.713714605014
0.198365854282 -0.967393389509
0.358510111834 -1.000000000000
0.476563559325 -0.963019753036
0.057418883839 -0.677795333890
0.415646276733 -0.763524039121
0.439868512535 -0.607587529798
0.352222522018 -0.525981005654
0.062341274843 -0.596515552874
0.419442612663 -0.627582025711
0.407013944018 -0.479714774305
0.309956276869 -0.424762379268
0.099553363625 -0.489696567716
0.393082923374 -0.490846867995
0.384583301255 -0.383730843630
0.302259913040 -0.336461201079
0.216206942516 -0.220203830474
0.307938669810 -0.457339096310
0.357919211252 -0.617568126412
0.394963166255 -0.718058362588
0.098595213949 -0.716330422682
0.198031363867 -0.968834772584
0.358841518945 -1.000000000000
0.477105264518 -0.962276738115
0.052803609111 -0.679535822692
0.412939678184 -0.760221148994
0.436193686892 -0.603283263643
0.347102083149 -0.523399562613
0.057275734483 -0.597881006375
0.415800776227 -0.624211017930
0.402930956331 -0.476329719926
0.304951056758 -0.423386176111
0.094779468169 -0.490689552796
0.389917076240 -0.488457663018
0.380828101430 -0.381850464096
0.296956522131 -0.336657434580
0.210519168012 -0.221396343575
0.302667405431 -0.462450291787
0.349160454983 -0.624719611156
0.386516532504 -0.720738275024
0.099532832671 -0.717015615612
0.201670454638 -0.970085484717
0.362755783195 -1.000000000000
0.481711790416 -0.960776660692
0.053305312043 -0.678685797303
0.411602929263 -0.752757668146
0.430846358231 -0.595964882849
0.340302041054 -0.520094700244
0.057895386549 -0.594282549785
0.412826150262 -0.619066612572
0.398168611248 -0.473679255134
0.300372177971 -0.423904564796
0.095292834086 -0.485780983146
0.389850955723 -0.483437157806
0.380134803481 -0.378581573396
0.297503000990 -0.335098549082
0.212013576334 -0.218162713853
0.302998785583 -0.457905578010
0.349462516164 -0.619653707090
0.387090246854 -0.715389794548
0.103248890915 -0.716062588222
0.197656948346 -0.966816664470
0.354897940315 -1.000000000000
0.472690737303 -0.962871314224
0.054321069794 -0.681240095574
0.411119749976 -0.746701747188
0.430258793007 -0.590349757460
0.339638757067 -0.516323545447
0.055789060808 -0.599831421291
0.410690792178 -0.614038492186
0.394710739948 -0.467905858075
0.295281336275 -0.419469831477
0.090518720013 -0.493201194239
0.384291216663 -0.482362854226
0.373152530370 -0.378342910247
0.287924416233 -0.337843503287
0.207793440580 -0.220930923249
0.302044446312 -0.463622888472
0.354785179302 -0.627961721644
0.399688340337 -0.728297481774
0.106401358051 -0.717632471142
0.207343215740 -0.965304977174
0.363508523834 -1.000000000000
0.482362353750 -0.965340716868
0.061172727535 -0.681568975429
0.416551281064 -0.743524092521
0.435210069940 -0.586818042856
0.347096284475 -0.515554093564
0.064581531904 -0.599235299210
0.413418577746 -0.616573339604
0.397775265992 -0.471118931909
0.301149047843 -0.423662908352
0.099146867293 -0.491821221187
0.386739039071 -0.488472983686
0.375354373958 -0.385218720137
0.292429515545 -0.344206563423
0.199320818217 -0.227152715862
0.290114464539 -0.472238124799
0.344967503884 -0.636914961034
0.391625305992 -0.738468898751
0.099622846606 -0.725604987457
0.205992186904 -0.970748680557
0.367697992117 -1.000000000000
0.488941891624 -0.959364727057
0.055856686406 -0.685413565305
0.414383678633 -0.742497477108
0.433057608278 -0.588006427212
0.344773079606 -0.518246248936
0.060514628319 -0.600055510096
0.410338522948 -0.614871904920
0.392231959566 -0.473460583017
0.294465582136 -0.428140513846
0.095045395769 -0.491025029419
0.383568532570 -0.490439025638
0.371276778674 -0.390844398820
0.287877866674 -0.351701876003
0.202668105667 -0.218793921735
0.296095265064 -0.459739044229
0.349298180821 -0.623965048135
0.397057457981 -0.725780546839
0.108497226439 -0.718622686202
0.208459624026 -0.965989392443
0.362384452512 -1.000000000000
0.478944658782 -0.966302713979
0.060865556247 -0.682511086872
0.416222626965 -0.738648484253
0.437516716704 -0.582008968290
0.350824390794 -0.514504547039
0.063296502497 -0.601207163834
0.410939621897 -0.613983703834
0.397271412650 -0.468356104428
0.300895316528 -0.423299405005
0.096853880353 -0.494803629820
0.382721920771 -0.491184493255
0.373470559167 -0.387808776794
0.291448954628 -0.346824395772
0.200077060401 -0.226060139028
0.290106587649 -0.472462657185
0.341527383957 -0.637545997603
0.382074520541 -0.739130378017
0.100895836833 -0.724717457285
0.216129763216 -0.973560825927
0.379384466507 -1.000000000000
0.499748789669 -0.960520325986
0.054776134603 -0.683755255470
0.417748128350 -0.740397841728
0.438650955552 -0.582998490997
0.350708674256 -0.517238783084
0.058555266418 -0.597880490807
0.411095866021 -0.611394204280
0.396616479727 -0.468022834947
0.300005580303 -0.425602331773
0.093108655069 -0.488044612634
0.381646761814 -0.488131798818
0.370973780218 -0.386964200279
0.288229400922 -0.348467365529
0.191988394180 -0.220835753959
0.282509021978 -0.463216381513
0.333805924683 -0.628586814236
0.379600084593 -0.728261330998
0.104444529736 -0.724590194679
0.210608066890 -0.970230524943
0.364885590442 -1.000000000000
0.480773208296 -0.963604844623
0.057495835749 -0.688001243896
0.414131431182 -0.737131868688
0.431479100433 -0.580490079943
0.343234296563 -0.516393812039
0.062024125420 -0.605183220255
0.410704271602 -0.610953031437
0.395380429252 -0.465514739791
0.299336123522 -0.423172551476
0.097544366500 -0.497601472903
0.382748787458 -0.489761263831
0.371870075760 -0.386157192645
0.290672950309 -0.346371562639
0.188526348213 -0.228171044525
0.279234906856 -0.471154138886
0.335099046783 -0.631649387756
0.380080250076 -0.726280269715
0.106479036387 -0.726952836081
0.215417433103 -0.973111464381
0.374969451642 -1.000000000000
0.493748231137 -0.960084149480
0.062575292356 -0.687668812614
0.420450802327 -0.730705265181
0.439465031525 -0.573983256289
0.351440659316 -0.511333103605
0.068050048272 -0.602427827805
0.416560026242 -0.602545192327
0.401235572902 -0.460536914746
0.305028432462 -0.421026398340
0.102072130941 -0.492379321548
0.388118003997 -0.483113113073
0.377223399544 -0.383013529717
0.295750948366 -0.346894524445
0.190016061546 -0.229871779258
0.278282954443 -0.472872916831
0.332549072364 -0.635750239945
0.378969123527 -0.733260868212
0.097159661606 -0.724661728193
0.211681814065 -0.969261365438
0.369210803323 -1.000000000000
0.487146565238 -0.963953899086
0.054702103805 -0.687535762152
0.414408138298 -0.732610667470
0.434682667171 -0.576930963601
0.350561196012 -0.509746714327
0.063080954400 -0.604481192108
0.414406755470 -0.606329045283
0.401089233786 -0.463856039318
0.309088211679 -0.418355618099
0.101281674044 -0.495753730598
0.388668278451 -0.486053094072
0.382139947913 -0.383345971393
0.306118489980 -0.341335462098
0.182541969431 -0.235878523392
0.268353920028 -0.485377485504
0.322169572349 -0.649046316055
0.367390523752 -0.745577942615
0.086158287965 -0.728828330297
0.215195179887 -0.975427603528
0.384294524418 -1.000000000000
0.510042360147 -0.959470736166
0.046897196291 -0.689045210213
0.415930699761 -0.732613591939
0.434444315080 -0.574882219572
0.349181389626 -0.509097349620
0.058571672530 -0.603721323588
0.416523578987 -0.599605283288
0.399340970037 -0.459552625424
0.304743118718 -0.418182442074
0.099490228756 -0.493028774222
0.390405126312 -0.482525821339
0.379837391259 -0.383216852794
0.300886157149 -0.346207403538
0.176524818620 -0.236091790204
0.257282452240 -0.485401325501
0.310932387733 -0.649419315294
0.359595633701 -0.747377012284
0.083367652053 -0.728170974863
0.211264441297 -0.972009392954
0.377086608077 -1.000000000000
0.502511551641 -0.962272628507
0.046552345425 -0.690510270475
0.409981699343 -0.733905992048
0.423201090537 -0.579883354264
0.337263026249 -0.513116584681
0.059685740293 -0.607696332007
0.411423983438 -0.599492013116
0.387281063529 -0.458876796196
0.290776425115 -0.415535395968
0.101188844341 -0.500075870309
0.386244718010 -0.483982685408
0.366564329043 -0.382706896985
0.282764799848 -0.344558647300
0.177697527918 -0.234717928633
0.262018826725 -0.482663373273
0.318024628494 -0.645747593943
0.368204042273 -0.741001951987
0.083928389410 -0.727503172373
0.218129265890 -0.972421108001
0.387899551502 -1.000000000000
0.515219709760 -0.961632787739
0.047017924264 -0.689402344876
0.414605881401 -0.735432040961
0.430147919980 -0.580578876837
0.345067623500 -0.511919761216
0.061804267771 -0.606131097933
0.417030490660 -0.599536855297
0.394877446245 -0.459228419419
0.299143960912 -0.414930487012
0.105843346343 -0.498003803095
0.393387773202 -0.483189237365
0.375548625765 -0.382422088273
0.293147038636 -0.343488179767
0.184203119977 -0.232701352435
0.266541294364 -0.479790786098
0.318541517592 -0.644394881838
0.363537358153 -0.744830987316
0.083028213431 -0.727363678304
0.212296563960 -0.969543766461
0.378212696588 -1.000000000000
0.504546200049 -0.964147051422
0.044163902775 -0.691487865476
0.407199250253 -0.731637036655
0.424162618165 -0.578029140787
0.341857336208 -0.509784319427
0.056992451639 -0.609963728575
0.409552061771 -0.601804651160
0.391403864429 -0.461743221540
0.299853503337 -0.415862494402
0.099693443561 -0.502974684011
0.386295008288 -0.488774781575
0.374934183803 -0.386785486556
0.298626254707 -0.344567100782
0.181350448097 -0.232308751507
0.264444267419 -0.476832944770
0.317693464673 -0.639886935453
0.364743416356 -0.737761311074
0.078339785496 -0.725259633794
0.210408553505 -0.970890983036
0.377461764336 -1.000000000000
0.504322358346 -0.962917657763
0.040607784536 -0.689017672999
0.400272564875 -0.729449046593
0.420717050783 -0.575807131172
0.341022114244 -0.507003077713
0.055264053028 -0.607934569891
0.404912508351 -0.602531987956
0.391104547046 -0.463177389998
0.302006950223 -0.418013059004
0.099426812101 -0.501865377224
0.384043061131 -0.491422172561
0.378540574416 -0.389672864600
0.306907887995 -0.347116457270
0.167162959963 -0.238014027524
0.243827224685 -0.484859180345
0.296887992271 -0.650897120479
0.344624617534 -0.751532004801
0.063205622428 -0.722938812787
0.199574439713 -0.971631913902
0.369158307774 -1.000000000000
0.497549118559 -0.961022956522
0.029733351440 -0.686180102472
0.393614210056 -0.731636281446
0.415184515486 -0.576909301890
0.337459357575 -0.504928320893
0.047057433409 -0.605540113507
0.399168351903 -0.600040616937
0.384435128920 -0.460677269074
0.296158946798 -0.413308836753
0.093357785056 -0.500115764388
0.378791882648 -0.488139732051
0.372206922904 -0.385302724638
0.300731410717 -0.341536598674
