0.238684206667 -0.237701445551
0.335649806643 -0.487049463795
0.384064378407 -0.653148649192
0.409175210032 -0.763736129523
0.085803148475 -0.765140743154
0.274867924921 -1.000000000000
0.456150171157 -0.963089217061
0.556962155702 -0.885810084112
0.039138476172 -0.721530105496
0.416794600719 -0.767775598497
0.447892152513 -0.598471942822
0.362650721961 -0.526287118595
0.049150808755 -0.633795867724
0.418430802822 -0.636158202565
0.416027266176 -0.488361152644
0.325501900507 -0.437191161213
0.095727878175 -0.524064428438
0.394797153956 -0.507716141351
0.388372125077 -0.394059347372
0.311883134812 -0.345108514515
0.258512705708 -0.233790274157
0.366296260932 -0.485392883854
0.429068262670 -0.646621936347
0.456451941173 -0.755946916472
0.101165616930 -0.776151827076
0.324423168504 -1.000000000000
0.505485678189 -0.936886411076
0.591556612236 -0.847024973973
0.056450491308 -0.731215894969
0.445706157959 -0.778315750494
0.474277831957 -0.608438154348
0.384896836400 -0.534077362310
0.067091407579 -0.641675463921
0.447315011509 -0.642587538202
0.440433118351 -0.494004634702
0.344176287290 -0.441437249126
0.114775280617 -0.529478559551
0.418665084526 -0.509361236679
0.406391084085 -0.395675489840
0.324344319685 -0.347559884760
0.264066199378 -0.232384245361
0.380037545284 -0.487458341273
0.456044075663 -0.654015805450
0.494058625609 -0.770897896122
0.114113255814 -0.783917034869
0.361392630834 -1.000000000000
0.540804780902 -0.926733817959
0.619047091189 -0.835689650420
0.069895485179 -0.737790442670
0.468597818067 -0.788938701602
0.492834179590 -0.611825446187
0.399760004186 -0.532178033912
0.081022155273 -0.645628485042
0.472269957741 -0.648314356967
0.459617748346 -0.493021676320
0.356958120970 -0.436671843674
0.130287807230 -0.529257728660
0.439992358322 -0.506251205871
0.420408512182 -0.388940319417
0.331038233554 -0.341890374482
0.251702124565 -0.237426865942
0.359633394082 -0.502049588827
0.424615284589 -0.677021746089
0.460706096019 -0.795882673786
0.127526286834 -0.784634938493
0.380549859636 -1.000000000000
0.555961109527 -0.930143874812
0.630654991395 -0.844946413892
0.087502785153 -0.737329754570
0.487224497198 -0.778324319725
0.499325144424 -0.605614099983
0.399283775055 -0.533216121377
0.100505433853 -0.645262672130
0.489196721010 -0.639790369069
0.468321356013 -0.488271908224
0.362990274568 -0.437486391407
0.148382960623 -0.530265473173
0.459069309031 -0.503878010933
0.434354408348 -0.386285748912
0.344249827276 -0.340077316781
0.247457916490 -0.238886290038
0.354387948555 -0.503603577213
0.420779637038 -0.680709620079
0.463596244730 -0.805043075318
0.133978579767 -0.786591370803
0.387083333711 -1.000000000000
0.561918763053 -0.933713205083
0.639531747870 -0.848533563777
0.096218607052 -0.740808348884
0.494330462451 -0.775313752060
0.499877137622 -0.604034134098
0.396878198335 -0.530485825326
0.109717966164 -0.649475748597
0.494079805079 -0.637813234890
0.468048382711 -0.486085646906
0.361756671286 -0.432434852488
0.156446842165 -0.534694453194
0.465289641639 -0.505281924614
0.438218343509 -0.387094708925
0.347830489983 -0.337970847038
0.248497351008 -0.243526504123
0.354891077348 -0.508706047005
0.423407341709 -0.686388482854
0.472198655520 -0.815386046847
0.131457204773 -0.786770096600
0.387914624402 -1.000000000000
0.566176563519 -0.936505187320
0.650074764667 -0.853470755939
0.093019500692 -0.738424721752
0.495194971026 -0.779175434036
0.503571606595 -0.607086774434
0.404253957411 -0.529915623960
0.106042475471 -0.645343089897
0.493514750262 -0.637345762801
0.469384806449 -0.484337487173
0.364874023381 -0.426786488307
0.153030317277 -0.528338938282
0.463489676369 -0.502670325580
0.440595884865 -0.384921964979
0.353492544817 -0.333511031492
0.249730868250 -0.242131675387
0.355955795243 -0.510529941154
0.422097233410 -0.689483792693
0.466003410977 -0.818498930006
0.134614288042 -0.791615835733
0.392717333827 -1.000000000000
0.570429062198 -0.932551238340
0.650797388584 -0.849348584183
0.097007753243 -0.743230459121
0.497443083788 -0.777818864533
0.504325098393 -0.606670213564
0.402894560212 -0.532975513948
0.110054401632 -0.650400666760
0.496117808050 -0.641257327630
0.471579596000 -0.489015504967
0.365926304946 -0.432812318167
0.156200330645 -0.534693308305
0.467445870057 -0.509113258358
0.444485429918 -0.391107151658
0.356734856838 -0.339494776732
0.253908515588 -0.237355486399
0.365759619101 -0.500852698108
0.437488974167 -0.678643968893
0.488498609368 -0.809799340710
0.142945746685 -0.788920823576
0.402239165315 -1.000000000000
0.578337171461 -0.928653598331
0.656232399738 -0.842000939591
0.103308957965 -0.739729938999
0.504351343365 -0.784067056070
0.514903893154 -0.608440968209
0.414372257190 -0.528731816664
0.114278631756 -0.645845041567
0.501127377195 -0.642867346379
0.480316468320 -0.486992069892
0.375096585032 -0.427038279063
0.158608318237 -0.528119475394
0.469065645269 -0.504107751440
0.447285827904 -0.385203451069
0.358821166728 -0.333130634927
0.253515390122 -0.240534605245
0.367159352245 -0.505933316907
0.440281087741 -0.684155503321
0.492117038291 -0.814876570864
0.136265872563 -0.792087103583
0.395904827210 -1.000000000000
0.578071860969 -0.932610963745
0.665895910226 -0.848422220892
0.095093353224 -0.740396006514
0.494528930563 -0.778198159110
0.506091535671 -0.603979969595
0.409767368329 -0.524939956281
0.105406216356 -0.644193913783
0.491582024284 -0.639092604567
0.471397679540 -0.485434749598
0.370264527628 -0.424939707098
0.148808094961 -0.525373837136
0.458851933338 -0.504780580200
0.439191326430 -0.387093607642
0.355118416022 -0.332964516988
0.243374753386 -0.243629247983
0.351306032697 -0.508529130206
0.423783033491 -0.686097248597
0.480978479376 -0.814512171836
0.140378333701 -0.790135807548
0.396300737815 -1.000000000000
0.570284438735 -0.938681424535
0.651791568221 -0.855109395554
0.104107518128 -0.742582742141
0.501670661895 -0.773905208263
0.505071406347 -0.604279148459
0.403667792639 -0.530645093216
0.117489323219 -0.650679362403
0.498519479193 -0.637386650555
0.471735130923 -0.485917718162
0.367285132329 -0.428735258749
0.163444322625 -0.535391799994
0.467913584487 -0.506572400982
0.443778980000 -0.387977214177
0.357723464289 -0.334764236251
0.247971035196 -0.242987904900
0.359834264890 -0.507824861356
0.434685431766 -0.684677260220
0.490574070330 -0.811354394537
0.136146746453 -0.791855570634
0.398527346031 -1.000000000000
0.576625704014 -0.929699123647
0.657525227885 -0.844314328535
0.097228292034 -0.740022011726
0.495527641821 -0.782606514599
0.507653511082 -0.609433506005
0.411304416953 -0.531615714550
0.108631130728 -0.643715566010
0.493109267503 -0.641232929033
0.472979721247 -0.488894413931
0.371471657242 -0.429665680835
0.152690093382 -0.524953634038
0.461008606959 -0.502090705380
0.439135494738 -0.384424971279
0.353161036774 -0.332068357713
0.251659509349 -0.243465757886
0.364763658649 -0.508999658539
0.439647752230 -0.686094054930
0.499534187027 -0.812728678728
0.142365203852 -0.795658354740
0.397964984636 -1.000000000000
0.572263389288 -0.938852629737
0.655112682184 -0.856886305585
0.101074529266 -0.745729153249
0.497895639261 -0.771568862144
0.504928706312 -0.602904060350
0.406834164911 -0.530190452697
0.112137891172 -0.650803102071
0.495031902113 -0.634941866541
0.471623382515 -0.484123271125
0.369379561423 -0.427251152583
0.157666856232 -0.532881889678
0.465741481091 -0.502987937064
0.443700730152 -0.385654712286
0.358517916787 -0.333197893148
0.241608233710 -0.245676735718
0.354359478465 -0.510797207610
0.432930386003 -0.687755480458
0.491364506790 -0.813436109935
0.136793736738 -0.789489342050
0.403925528372 -1.000000000000
0.587035555251 -0.936472886364
0.676747310297 -0.850769647574
0.099923506776 -0.739111105307
0.503823927188 -0.771808427679
0.509829791820 -0.600384485892
0.410614673750 -0.524528477818
0.114953455865 -0.644307572313
0.500791331031 -0.628924036321
0.474355888432 -0.478424187956
0.369967821820 -0.421805990284
0.163484308613 -0.526355233802
0.470412521259 -0.495333184407
0.444520240787 -0.377889889546
0.357502428157 -0.327040347024
0.239623123988 -0.244730050176
0.350823219994 -0.509078991142
0.429639869419 -0.686463240309
0.491625613269 -0.810056981052
0.134736567070 -0.790174376300
0.399164703243 -1.000000000000
0.573822743506 -0.935604271072
0.654981221520 -0.848752447633
0.096602049657 -0.741977763566
0.500508844393 -0.769826930117
0.503548947853 -0.599535310479
0.402274583554 -0.525873286657
0.111555765528 -0.648867290810
0.498611400160 -0.628920124748
0.471229303037 -0.478667272277
0.367187562504 -0.423215335514
0.161082341241 -0.531992331635
0.469218838534 -0.497016963674
0.443048164762 -0.378526756485
0.356550187937 -0.327058480394
0.249184132881 -0.243751373981
0.364192583227 -0.509286479695
0.440920883634 -0.687875697004
0.498772943742 -0.815278712730
0.136446471172 -0.793675068261
0.403870748422 -1.000000000000
0.587397320295 -0.936911501902
0.676959505955 -0.852242496073
0.096257224288 -0.742622908041
0.497025475243 -0.770173149277
0.504656704670 -0.599905420050
0.405768416072 -0.524228564268
0.110235050545 -0.646183598890
0.494842378635 -0.631398085553
0.472008163147 -0.481145379275
0.369618464320 -0.423635793459
0.158548402587 -0.527315536099
0.467119762380 -0.499242404588
0.444998815854 -0.382056572282
0.360398866234 -0.329844009838
0.254939638340 -0.242559072149
0.371949127491 -0.507232470145
0.450554299110 -0.683235007865
0.510490265530 -0.807808464890
0.141865603357 -0.794013496552
0.397532319443 -1.000000000000
0.573313029954 -0.938611374865
0.658552925526 -0.853284818525
0.099818895234 -0.745267956816
0.498475876595 -0.765647798872
0.505428627299 -0.596840362648
0.408107774333 -0.523781683060
0.111704307781 -0.650644065052
0.494575431754 -0.626298122983
0.470902734249 -0.478178991421
0.370070598082 -0.422674749052
0.158272698703 -0.532819264506
0.464053590856 -0.496748699099
0.441794762747 -0.380871178161
0.358220803719 -0.329374133709
0.253868469065 -0.245316367817
0.368979624313 -0.511754900165
0.444133968781 -0.688038466993
0.498314958377 -0.813895451192
0.139169627928 -0.795953865361
0.408633450529 -1.000000000000
0.594293949288 -0.934276391773
0.685628256666 -0.847821168447
0.098405499438 -0.745900597577
0.501548885846 -0.772427893368
0.508689117489 -0.599895468807
0.410199697501 -0.523966706724
0.110587442834 -0.650312181407
0.498701458567 -0.631473637761
0.474473727553 -0.480715027376
0.371323933219 -0.423777414763
0.156390347375 -0.530674833584
0.467602264377 -0.499565566903
0.445349045204 -0.382908056585
0.360539687081 -0.331633258898
0.250144810183 -0.242749333061
0.365448575126 -0.507758917076
0.444600184534 -0.683671600959
0.505075944685 -0.808443715261
0.144222816070 -0.792483419263
0.406690130460 -1.000000000000
0.584583791826 -0.935823134345
0.669582236577 -0.848554256295
0.104574204393 -0.744328441874
0.508170696707 -0.766326830754
0.514063707266 -0.594545689426
0.414207779506 -0.520532743506
0.117505188573 -0.650749735879
0.503791645886 -0.624918804150
0.478682252523 -0.473539437317
0.375511227855 -0.417446120245
0.164407967037 -0.533224851956
0.471933177781 -0.495392769189
0.448542494780 -0.376755579018
0.363650273276 -0.324509386442
0.249931686244 -0.238689676131
0.365057526180 -0.501033097524
0.442385170648 -0.676712291487
0.500045912086 -0.802726074184
0.137999029345 -0.790499373308
0.405441917684 -1.000000000000
0.587735173445 -0.927735939487
0.671575580818 -0.840313784663
0.096885789781 -0.740871986925
0.498735376547 -0.776148343914
0.507387914790 -0.599293931591
0.407463158197 -0.522576499564
0.107540316708 -0.646684124347
0.496696194538 -0.634786493682
0.473499251850 -0.479326256522
0.368860115299 -0.421406724130
0.151695143751 -0.529072177730
0.464411077966 -0.497645329894
0.442218657442 -0.377496072778
0.355196557652 -0.326542275657
0.253168973520 -0.241217758000
0.368879632655 -0.505173180081
0.445949689021 -0.680471038022
0.505754068385 -0.803474503737
0.144523246100 -0.793821043321
0.395571807521 -1.000000000000
0.564839344420 -0.936642323691
0.644581963411 -0.850052511066
0.101245268213 -0.746047985398
0.495807654963 -0.768681113913
0.506506217623 -0.597708823668
0.413366117714 -0.523336975986
0.111016619406 -0.652816781159
0.492102154233 -0.628574565181
0.470778520584 -0.477358964795
0.371699786829 -0.420472002030
0.155569905860 -0.535148810750
0.460686847074 -0.497894007474
0.440159052195 -0.379849100819
0.357105861508 -0.326604993470
0.249011534661 -0.243044577872
0.362993839053 -0.508369069720
0.440184635848 -0.686073567751
0.499911016006 -0.812504861771
0.136941135155 -0.791244081149
0.403253826981 -1.000000000000
0.585034504611 -0.933225612409
0.671964967247 -0.845543600211
0.097643822118 -0.741996254939
0.497676534666 -0.771265670824
0.505585268274 -0.598975043894
0.407666381746 -0.522082865352
0.110904130449 -0.647800493084
0.494852297437 -0.628870784778
0.470984571373 -0.478052089072
0.368812447064 -0.420153456827
0.157769404538 -0.530275660333
0.464563874561 -0.496626821752
0.441730293634 -0.378655426328
0.357181902945 -0.326391520374
0.259112712346 -0.240800487136
0.376554319247 -0.504614911073
0.453953844610 -0.681219122893
0.513829793807 -0.808490457969
0.139941779844 -0.790732560920
0.399857776795 -1.000000000000
0.580107711644 -0.938121511204
0.669436889491 -0.852361358962
0.097200982092 -0.743346011071
0.500321526539 -0.767736399488
0.508873352575 -0.594594130604
0.412109209029 -0.518167490157
0.108540755679 -0.650688028304
0.495422412137 -0.626570651317
0.472315648412 -0.474363816521
0.371056919364 -0.416579891470
0.155060363835 -0.533722760767
0.464336685535 -0.496746347921
0.443748453518 -0.378077379674
0.360310063198 -0.325105110160
0.254710618977 -0.244318958397
0.371019347016 -0.509874251856
0.447545374078 -0.685885095064
0.501052287735 -0.811876559147
0.138497964876 -0.793246962863
0.401711329671 -1.000000000000
0.585666931376 -0.932512786051
0.675838693880 -0.843383223518
0.097181620449 -0.742854867422
0.497453863651 -0.769238237326
0.507801734741 -0.596947275887
0.411625654472 -0.520036194592
0.109102778130 -0.647322533106
0.494895667495 -0.627055685213
0.473288436465 -0.476830075795
0.372312299967 -0.419091661364
0.154909921834 -0.528884149241
0.464971972957 -0.496215420019
0.443912059985 -0.380329922961
0.359998958356 -0.329279316520
0.248610401676 -0.240352173968
0.366111151265 -0.504499960218
0.447528099191 -0.679945871716
0.509543612484 -0.802305204685
0.151207733283 -0.791145877304
0.405160914018 -1.000000000000
0.581718909085 -0.939139009839
0.669085392753 -0.849752863570
0.111412228708 -0.744498344629
0.509966337860 -0.762449140853
0.515514405967 -0.592027800267
0.417713610441 -0.518167017824
0.123306846187 -0.651685526333
0.505370819032 -0.620802886680
0.479149799661 -0.470797936663
0.377212146390 -0.415775157474
0.168648191867 -0.534099087800
0.474000162369 -0.492709809354
0.449566412930 -0.375224041413
0.364478253027 -0.323607056113
0.245610668189 -0.245707839443
0.361266019972 -0.511966639894
0.443336455972 -0.687191310461
0.505265113040 -0.809077465227
0.141882682919 -0.794118937615
0.396371868315 -1.000000000000
0.575315262517 -0.938264673239
0.665518730012 -0.855581046140
0.101910376726 -0.743536972903
0.501423204597 -0.769849657851
0.507886105169 -0.597976256811
0.413147169406 -0.524296305519
0.112536964299 -0.648121634117
0.500394201508 -0.625900390355
0.473124506236 -0.476298109260
0.371617693873 -0.420233332473
0.156300062807 -0.528747356259
0.466342560048 -0.492124725377
0.439230261963 -0.376035139555
0.352321001188 -0.325965829121
0.247493725346 -0.240536427591
0.363648879873 -0.506685196803
0.444777294936 -0.683727823747
0.511055042441 -0.806884388132
0.144750379939 -0.792588632510
0.399093336020 -1.000000000000
0.566584191789 -0.936854669701
0.644083305223 -0.854564534175
0.103886596789 -0.743863914926
0.507189255167 -0.773341636788
0.516934213947 -0.599288558786
0.422120769474 -0.524252193013
0.114186645582 -0.649913225846
0.501482563508 -0.629607921252
0.480259503309 -0.476447189876
0.380763968705 -0.418497318931
0.158656936565 -0.531446739597
0.465502249615 -0.495520713609
0.444305239470 -0.375119858231
0.360851144803 -0.320089475829
0.244601840404 -0.245820816297
0.360260114134 -0.513544137334
0.440259330889 -0.690538286310
0.500992329344 -0.815915387105
0.136148413671 -0.792820073526
0.400606025922 -1.000000000000
0.591894400775 -0.941355924710
0.693256631821 -0.858317973753
0.099562785636 -0.743022632255
0.503915469265 -0.774957691130
0.510958721461 -0.601327055663
0.414540423277 -0.522493420891
0.113618808060 -0.648571733103
0.503190563671 -0.633798526510
0.476842940250 -0.481171076812
0.374405765654 -0.420828136511
0.160392478544 -0.530434528519
0.472902187101 -0.500806813265
0.448365717396 -0.381574831665
0.362916486374 -0.327172998387
0.248366116840 -0.241903741923
0.364974339229 -0.505984480835
0.445559526435 -0.681496339833
0.508040507757 -0.805497171760
0.138751601601 -0.786888069210
0.392885661986 -1.000000000000
0.578201966579 -0.943667367272
0.674964310093 -0.862009737714
0.100377942938 -0.739979325823
0.503504174388 -0.769587867481
0.511893598881 -0.595981788641
0.415245061872 -0.518035924500
0.112988994059 -0.648151688851
0.501530251450 -0.627581994551
0.477048244307 -0.474207970603
0.375512680542 -0.415252470888
0.158817130056 -0.531816995207
0.468407417311 -0.497091999330
0.445971508002 -0.377692695066
0.361811042542 -0.324326314501
0.240769394895 -0.240878765709
0.355812141034 -0.505442523479
0.439303578564 -0.683724979059
0.506640351019 -0.807713308497
0.146406922597 -0.787184164318
0.406587768702 -1.000000000000
0.579651580235 -0.936237497056
0.660321392146 -0.849173027127
0.110301728374 -0.741589789613
0.512774609550 -0.772538018666
0.518342927138 -0.600686021615
0.419388294490 -0.525782162272
0.124172330936 -0.651142019896
0.510062859689 -0.630392770741
0.484017962566 -0.478386123055
0.381170920603 -0.421715984143
0.171284591771 -0.535528283376
0.477094678946 -0.498922538424
0.452309010522 -0.378395901291
0.366949685108 -0.324226597240
0.245506997329 -0.243531954550
0.359266209550 -0.507017173389
0.441640449910 -0.682164294232
0.505937348011 -0.806604032250
0.141813666322 -0.790941918776
0.395330003926 -1.000000000000
0.568114082074 -0.934493808564
0.649849364739 -0.849271121657
0.102881480063 -0.743099393217
0.504682054166 -0.773408301542
0.508938540490 -0.599127818200
0.409360109165 -0.523116089736
0.114454420816 -0.650537706078
0.503352432382 -0.631613772644
0.474698709279 -0.477678290102
0.370136367529 -0.418536680837
0.159286185183 -0.533289574780
0.468742577305 -0.498066463719
0.440692566721 -0.377901667774
0.351916529726 -0.324319505509
0.243950552530 -0.244463233307
0.357082413839 -0.510963402521
0.434809488637 -0.688200118317
0.496274082600 -0.811796963556
0.140552652798 -0.787690355667
0.394152983368 -1.000000000000
0.571679591695 -0.939812459189
0.659320617122 -0.856697233729
0.102166475473 -0.738217570231
0.502813617470 -0.770754911833
0.509702114833 -0.598682295194
0.412394232114 -0.523176634975
0.114235039579 -0.644371975523
0.499531065860 -0.628278922900
0.474916021742 -0.476632890928
0.373764498574 -0.418622196940
0.159190665733 -0.526430384295
0.466196810348 -0.497519251110
0.443286659726 -0.380098526573
0.359466536096 -0.326592359283
0.243560278640 -0.245465285866
0.356148010966 -0.510555792040
0.434881297717 -0.683795145759
0.494747261018 -0.802324692359
0.140641748709 -0.788623689040
0.384269584741 -1.000000000000
0.560924379309 -0.949870493085
0.653289898380 -0.869705530675
0.101300591056 -0.742531166157
0.500490549601 -0.766159237831
0.505450354469 -0.596718622145
0.407978184221 -0.523391342682
0.112878593196 -0.651006094425
0.496827988259 -0.624207098199
0.468522249795 -0.472670506313
0.365432702572 -0.415830214113
0.158505420115 -0.534431818561
0.464590975890 -0.495903321730
0.437106444055 -0.378446754408
0.348984904665 -0.326650814952
0.246195179559 -0.245011560534
0.361382631533 -0.511470267533
0.442276772316 -0.688564400822
0.503525612761 -0.814007756477
0.140041079730 -0.786893166587
0.389832180182 -1.000000000000
0.575719257981 -0.946708682493
0.675507198162 -0.865138811564
0.103116707838 -0.740750342804
0.501632125101 -0.769027079543
0.509669935307 -0.597396315692
0.415245447034 -0.518519752068
0.115723373271 -0.649545848332
0.499503074293 -0.626741185968
0.472910578731 -0.474760112771
0.372441483589 -0.414288812378
0.160650937477 -0.533357808082
0.466830950262 -0.499826090511
0.441453411496 -0.382041489241
0.356745852571 -0.327719658661
0.246068192452 -0.244768425114
0.359011571365 -0.510303611543
0.435416457594 -0.685257562665
0.491644450136 -0.806300306952
0.137552831902 -0.785406096691
0.382213636825 -1.000000000000
0.563207689157 -0.945004114845
0.657270258517 -0.864181048947
0.098552949916 -0.738240602116
0.497959479813 -0.769907729688
0.507246602762 -0.598230064117
0.412613489982 -0.521405444007
0.110162913154 -0.645941379237
0.495914040277 -0.624662097577
0.471014875552 -0.473209459618
0.370586619849 -0.414982849640
0.154671959986 -0.528600406232
0.463063191518 -0.494183287629
0.439582110749 -0.377422040827
0.354907674944 -0.325214441933
0.242386257625 -0.244707522854
0.351264734705 -0.510743914615
0.422863353776 -0.686317789418
0.475972164618 -0.805793596157
0.131300621248 -0.784915771486
0.371515481862 -1.000000000000
0.551361989935 -0.945853779839
0.643991357852 -0.864710217148
0.091777942682 -0.738395706950
0.490596211329 -0.771412478401
0.499580626601 -0.599334669974
0.403760333494 -0.522373779214
0.103259454414 -0.646674690956
0.489316446868 -0.627350934540
0.464556217074 -0.475612167723
0.363092453638 -0.417958364518
0.148555620429 -0.529766116175
0.457643084622 -0.495223537766
0.434216767834 -0.378414976154
0.348453859556 -0.326984113514
0.232423179030 -0.243848524610
0.339912727717 -0.507778828843
0.416536877117 -0.683475481371
0.475438039730 -0.802839248116
0.131067508875 -0.775668731500
0.363909249031 -1.000000000000
0.545627536541 -0.953224649843
0.643368018472 -0.870599691801
0.098060887166 -0.735000152574
0.495315166865 -0.773985383418
0.505861584938 -0.601504226298
0.411638745639 -0.520304537548
0.114491572834 -0.649552348113
0.498394718908 -0.629731469897
0.473073652518 -0.474819810198
0.372883850559 -0.414351408257
0.163035203890 -0.537311189771
0.471111145016 -0.502011229441
0.448675760072 -0.380799182204
0.365182224121 -0.324437002228
0.217347065788 -0.252626949626
0.310632381219 -0.516591742679
0.379946553544 -0.692238148951
0.437817134065 -0.816084590872
0.100156848074 -0.768672128238
0.330940602455 -1.000000000000
0.504657628812 -0.950930924393
0.589601030122 -0.875632259271
0.080319523898 -0.735715412110
0.463347048429 -0.804809640172
0.483866766419 -0.636457863070
0.395231186015 -0.549010857340
0.107379776444 -0.660462023571
0.478731917794 -0.666539129900
0.461504667544 -0.512716345379
0.366379752724 -0.441979489090
0.162861669559 -0.558630972134
0.462148120408 -0.536181050081
0.443986287325 -0.413599880025
0.363053185897 -0.349057725556
0.237859084880 -0.237570750639
0.329467788347 -0.496767830982
0.398515980196 -0.667792037575
0.449120663359 -0.797906740721
0.099833562542 -0.763905273607
0.316330470781 -1.000000000000
0.488236974895 -0.963052871379
0.574835969489 -0.898062386015
0.081320874666 -0.743945710316
0.464803312548 -0.817195828337
0.485166806615 -0.646320730236
0.392787880121 -0.563417197595
0.111652795740 -0.682672607666
0.483292450061 -0.701727742404
0.468154297877 -0.538609518768
0.371049318218 -0.469970251634
0.171094437139 -0.594038609400
0.469581302673 -0.579165293662
0.453971617555 -0.448340137049
0.372586294798 -0.381801951279
0.250518426205 -0.230783791357
0.348845844668 -0.490551318512
0.421842931309 -0.658560358704
0.470247241349 -0.792342628451
0.082190078571 -0.765112834947
0.283549292832 -1.000000000000
0.458280279390 -0.976897351571
0.554154534362 -0.925443077224
0.063424716350 -0.753620979334
0.454133994071 -0.838660518125
0.486068807381 -0.658333085046
0.399715096809 -0.570507476380
0.096152979746 -0.704309020218
0.482147707694 -0.734248429704
0.472606818419 -0.555923895930
0.374338185934 -0.481673672130
0.158580797271 -0.627766785746
0.474257001856 -0.619180017522
0.460368305931 -0.483690384533
0.372837912094 -0.418167951057
0.248168927413 -0.230866747390
0.342409644978 -0.492046577216
0.405041428994 -0.664668368100
0.445676194997 -0.799309811778
0.062536507273 -0.765031408546
0.243924741862 -1.000000000000
0.416259719157 -0.986117730587
0.516063855522 -0.940643681808
0.039748211540 -0.756299163947
0.427686918875 -0.848976911342
0.469741876510 -0.664698032819
0.389243736483 -0.568052014546
0.070844377022 -0.709707279689
0.463001265476 -0.744959128244
0.462249212929 -0.560052373800
0.365075785438 -0.479565433161
0.134015042799 -0.634993159086
0.458610012843 -0.627808888402
0.451703760132 -0.488777721763
0.364215781718 -0.419666627551
