0.204683946338 -0.093902610411
0.327604203358 -0.199450149815
0.446876382901 -0.275287767716
0.523949201774 -0.386256791436
0.158333177549 -0.502537681924
0.319333172133 -0.575679991736
0.441973884026 -0.506946222659
0.525848288463 -0.432553091034
0.091873293455 -0.543999195595
0.150165990955 -0.751170760762
0.208272664621 -0.888950647806
0.258361636343 -1.000000000000
0.025812691624 -0.522746329149
0.003905617592 -0.736538549798
0.013309838910 -0.865443795970
0.032915487739 -0.983925289324
-0.015698469153 -0.456691670029
-0.088920615042 -0.607545996711
-0.110139964597 -0.699290282399
-0.104805379695 -0.782980174148
