0.198544770198 -0.105412412916
0.326392955085 -0.231988221312
0.425781510720 -0.332217740952
0.479402222837 -0.437223949808
0.149163787338 -0.483138432581
0.286658942914 -0.574655571954
0.396414719726 -0.539677959290
0.474107770323 -0.490535978264
0.079467477818 -0.544186578419
0.141468795897 -0.737407981561
0.219977328813 -0.867650642374
0.287658193971 -0.990949252980
-0.005802924902 -0.536721605322
-0.057922813441 -0.746909354806
-0.071640159222 -0.878037026053
-0.067171368038 -1.000000000000
-0.078733427595 -0.475109958947
-0.197483625283 -0.632531452634
-0.256177208536 -0.742775582914
-0.283407124338 -0.850927977479
