0.201411534628 -0.077651722637
0.331595986642 -0.181985356074
0.444428034754 -0.263945431262
0.491180462332 -0.361886634555
0.155679274074 -0.475610115667
0.317813815685 -0.535723770474
0.430654584376 -0.466682212504
0.505285294691 -0.388119576220
0.093487765635 -0.534927103436
0.133801311923 -0.735333063945
0.185861055410 -0.875247554102
0.237489270919 -0.986757309344
0.023815688746 -0.527025731913
-0.031306313992 -0.741815794272
-0.047442970801 -0.877621309620
-0.045335896199 -1.000000000000
-0.029968549128 -0.470237782219
-0.138676818545 -0.622298332712
-0.178620865485 -0.721514815111
-0.186397863275 -0.810117122819
