0.178265976892 -0.101303627098
0.234429302956 -0.261787346863
0.141846263796 -0.397872422510
0.054530572891 -0.508988270861
0.169983248543 -0.380009539876
0.323647561714 -0.606079648503
0.430518577645 -0.780541564234
0.512009266318 -0.924816437454
0.001048062265 -0.393578230364
-0.006069721098 -0.662505094121
-0.009450723656 -0.845295423678
0.008496805362 -1.000000000000
-0.127270031773 -0.381652033276
-0.161085603387 -0.619910909161
-0.120910530263 -0.807501021424
-0.078338044171 -0.963301009299
-0.231519852159 -0.362236087083
-0.250205004043 -0.571579903950
-0.212310183865 -0.711780832003
-0.179745798106 -0.836596707921
