0.216401375917 -0.105685125195
0.330270861375 -0.209502101333
0.441515429672 -0.282626131448
0.513922035940 -0.393647017177
0.155038123111 -0.516341210417
0.308852355099 -0.594856878831
0.423802624231 -0.521706504872
0.499227384427 -0.446415899334
0.088375641274 -0.545277145480
0.140490558064 -0.757548540592
0.201803592916 -0.895313522625
0.259580995660 -1.000000000000
0.026779067071 -0.517468027216
0.006630828061 -0.739571850779
0.032318683686 -0.870123455901
0.067292538792 -0.979117409165
-0.003045389621 -0.458031476778
-0.068998028328 -0.620740941216
-0.073865671089 -0.716973359787
-0.053456806385 -0.799419509264
