0.198895787114 -0.104139056579
0.303492965352 -0.214854725660
0.408958068714 -0.303032971969
0.473820220610 -0.396780947518
0.119923196945 -0.491279900133
0.290603584039 -0.562750206539
0.418904407441 -0.498701283846
0.516104534372 -0.420900600563
0.050412377084 -0.517137968379
0.096120142466 -0.738063421271
0.147986571424 -0.882956085727
0.202444852180 -1.000000000000
-0.005445328949 -0.477556839304
-0.037279810360 -0.708429982723
-0.031417087068 -0.842445801906
-0.012219373621 -0.960903803290
-0.033797364787 -0.399023064313
-0.116166855832 -0.550324146117
-0.152913848900 -0.664805410945
-0.159493095680 -0.779816009579
