0.286742312307 -0.176569593211
0.445088603980 -0.376456329329
0.544771220163 -0.518942347699
0.568000556307 -0.629538500654
0.157626230603 -0.739540623753
0.225165094390 -0.976119274517
0.364235589331 -1.000000000000
0.470897680011 -0.977691654168
0.078808417070 -0.717113088793
0.463364635190 -0.720014543537
0.477753449603 -0.529761053167
0.378281113511 -0.442154717751
0.053577907782 -0.638466874762
0.444340718429 -0.571105312216
0.419276791115 -0.395381811287
0.311634548891 -0.344729989757
0.074177602429 -0.524495110543
0.389269867609 -0.438763643375
0.364635896942 -0.319860103985
0.265298669230 -0.293154486694
