0.290289681086 -0.186324634027
0.447559183950 -0.390519130181
0.552833464520 -0.527285083391
0.594599247400 -0.627394569698
0.166473854856 -0.755134403916
0.240351568420 -0.986836178048
0.391682192819 -1.000000000000
0.508886196181 -0.955965078671
0.083901991394 -0.728417556419
0.468416137490 -0.717816790751
0.489192305279 -0.531224537037
0.400975165969 -0.441745536908
0.060007871882 -0.645455994022
0.455128277438 -0.561063118866
0.429367259566 -0.387128560323
0.327688530312 -0.334766830100
0.085245448523 -0.527057316207
0.404363664398 -0.435193380216
0.381317570115 -0.315954962890
0.289877016303 -0.286065450913
