0.294093206385 -0.204010162324
0.462395017186 -0.419141696179
0.547183588834 -0.573969012400
0.586354652334 -0.665974464035
0.207208120189 -0.771059892647
0.292554949274 -1.000000000000
0.474163550916 -0.994957649470
0.607252193603 -0.916401014142
0.111009421661 -0.732042898791
0.487845214065 -0.705894836556
0.558931910997 -0.532781845029
0.499532030336 -0.440579199932
0.086009716232 -0.626377781511
0.466705308222 -0.523438481618
0.467808232559 -0.367911252749
0.371408638019 -0.322058610889
0.102825653384 -0.487244399082
0.425947462426 -0.385290935824
0.422659685051 -0.273732491321
0.335594262886 -0.241640921420
