0.286915067889 -0.179431809050
0.443129944355 -0.377076542281
0.550192238134 -0.511924167347
0.594900947003 -0.627156803527
0.151192675972 -0.746033088782
0.215363923977 -0.985622014763
0.360559848966 -1.000000000000
0.468972814780 -0.959003524400
0.068794677794 -0.720594674092
0.455418704011 -0.739399341619
0.476064184073 -0.549030309075
0.376479295828 -0.460151741168
0.042241315128 -0.642612806789
0.438654598213 -0.593291810788
0.419438016192 -0.413654112712
0.310816023215 -0.360374016723
0.061401865499 -0.530357033948
0.374632798263 -0.467112400264
0.358733180784 -0.352083470058
0.265911112609 -0.325538794118
