0.291346347060 -0.180351322991
0.445581099076 -0.386473923376
0.542607629056 -0.530662449530
0.579910009730 -0.651191763195
0.149441681444 -0.751678544329
0.231344766669 -0.997386281723
0.385237859773 -1.000000000000
0.495727204729 -0.947998786757
0.062611456961 -0.725034256183
0.458764182543 -0.730716762531
0.470413895663 -0.533520265754
0.361474944189 -0.451364225952
0.033076502542 -0.645565157140
0.437145537794 -0.578831663168
0.411466553394 -0.395801818968
0.298379754156 -0.349482283920
0.050195794803 -0.531613582667
0.365139795016 -0.457582270911
0.343650250039 -0.340366119315
0.246394597869 -0.318476254625
