0.293738470344 -0.188729384322
0.453320150682 -0.391638885332
0.557805327315 -0.534084358867
0.594791475892 -0.651289646065
0.168776120307 -0.754155908715
0.232296668397 -0.994744473683
0.376067797015 -1.000000000000
0.479361026998 -0.951593416202
0.083778408452 -0.727778718740
0.468048458176 -0.748575268484
0.502649979046 -0.558606568100
0.412722818700 -0.465067811244
0.054881138114 -0.647666299003
0.449094725517 -0.596974829491
0.438982457252 -0.419075828242
0.335879072129 -0.363003799192
0.070382503428 -0.534735412906
0.383179818794 -0.465317464580
0.369221631482 -0.350192713648
0.276080970485 -0.321993866763
