0.314378096528 -0.198846248461
0.482412861078 -0.400583876279
0.582941975564 -0.530513866453
0.635322106952 -0.631216764914
0.177038704383 -0.776597927078
0.258107440657 -0.999509761449
0.421260652131 -1.000000000000
0.542564752511 -0.944150344151
0.084562542695 -0.740830127810
0.487360608985 -0.722680614657
0.522430521751 -0.517457612594
0.430137162407 -0.423143507258
0.057272416323 -0.643760730309
0.464574797306 -0.542407562335
0.448776598468 -0.356783009717
0.339117647715 -0.306433724895
0.075298332727 -0.507397576633
0.403406806213 -0.407491315818
0.389371698558 -0.281698592708
0.293240752559 -0.253060761240
