0.310618887264 -0.194275058425
0.495914935621 -0.398262522427
0.652609811435 -0.515728230908
0.807530857304 -0.592599895503
0.193678858789 -0.768119928109
0.283885254155 -1.000000000000
0.439208689435 -0.977990232016
0.535277757733 -0.909444763503
0.111354511073 -0.729778928087
0.487873452287 -0.727265743227
0.535447903073 -0.541058424066
0.456518516283 -0.457394332942
0.085352071086 -0.634442175696
0.464430101854 -0.532990555249
0.446838282857 -0.378252005372
0.340821757944 -0.340549439032
0.100626113259 -0.503592938416
0.413152873904 -0.392249352919
0.384959877440 -0.289758982216
0.278589588409 -0.280424351115
