0.313564806673 -0.180163376625
0.488035267950 -0.381567009269
0.617762373293 -0.510216026722
0.677197743093 -0.588234330390
0.172139441391 -0.767226824028
0.283285154313 -1.000000000000
0.445375771918 -0.983783231005
0.549315265111 -0.920913737951
0.083965249447 -0.738096650564
0.457028757364 -0.745096580670
0.498563261483 -0.555020203743
0.414693934068 -0.472350870638
0.058540185584 -0.647239592493
0.434995404947 -0.564075454966
0.426461162742 -0.401998534216
0.323274864495 -0.366955150637
0.084760900242 -0.517777483875
0.398371069492 -0.413113863019
0.373403066625 -0.302271066414
0.266384907809 -0.288488682323
