0.264817156196 -0.120321160554
0.425382048272 -0.306621617517
0.534032128165 -0.423866778550
0.525569506572 -0.540192713008
0.051967021791 -0.713005969166
0.135271719247 -0.950584201690
0.281322141817 -1.000000000000
0.394821164227 -0.998457310308
-0.019071494805 -0.683673053113
0.400143070207 -0.691043987686
0.409276277562 -0.518095542391
0.303819222148 -0.462170863585
-0.028540392072 -0.592904565403
0.422179495044 -0.514233272131
0.367488640440 -0.342659348984
0.221737678681 -0.318958370679
0.005986238500 -0.465224530099
0.351235471883 -0.367259603044
0.309033631921 -0.243437966946
0.183026041080 -0.234347837480
