0.278518851219 -0.181747820189
0.434682698898 -0.376217845309
0.538712338292 -0.508785845498
0.572074564536 -0.600059554863
0.161003704227 -0.751862756106
0.217234074009 -0.981296753541
0.360120167665 -1.000000000000
0.469709916665 -0.963061998364
0.070304192975 -0.723514719894
0.438632282579 -0.732195141782
0.462825203733 -0.548071401522
0.372594793777 -0.462482331905
0.040248594929 -0.637551798417
0.421396056089 -0.569538602754
0.404134644708 -0.398795752572
0.302037793286 -0.352991579575
0.060363567884 -0.514805644745
0.374715204838 -0.429393827967
0.358172913631 -0.313049560600
0.266115683970 -0.285139950659
