0.162275287760 -0.124190811026
0.260598560912 -0.299069101502
0.317216021980 -0.443524846376
0.384904405413 -0.543767613189
0.073905588885 -0.539571080477
0.100377682246 -0.726971766269
0.114290135355 -0.842616618709
0.124744986890 -0.944474907124
-0.034916677950 -0.541579698091
-0.051398072050 -0.755879729443
-0.055456150760 -0.885421396316
-0.059652533533 -1.000000000000
-0.127015428610 -0.491314058029
-0.171584542632 -0.687115681063
-0.187071059110 -0.804889297524
-0.194484840606 -0.909592640257
-0.208417325613 -0.400575227349
-0.275913246887 -0.545448043539
-0.307968722050 -0.646847022722
-0.327545584188 -0.748480671992
0.163867159914 -0.122668140532
0.263895104357 -0.298003458068
0.321093210865 -0.443136424612
0.388677119829 -0.543246000116
0.076973253644 -0.542595775813
0.102407413266 -0.729841266493
0.115994162823 -0.845277306604
0.126548695512 -0.946490613975
-0.033486942140 -0.544916807974
-0.051484893642 -0.758317873155
-0.056768649610 -0.887056967094
-0.061046814257 -1.000000000000
-0.127236595689 -0.495626128417
-0.171606397436 -0.690787293280
-0.189129945383 -0.807544017004
-0.197465327004 -0.911014181361
-0.210269295674 -0.406441925569
-0.276064291626 -0.550948643367
-0.306838871251 -0.650994539432
-0.324892345095 -0.750823168283
0.166132675999 -0.121564956350
0.267565212531 -0.295350987183
0.325354608489 -0.440224360912
0.390761441031 -0.540846901798
0.082688203659 -0.541566620502
0.108988123934 -0.728412996342
0.123920248971 -0.844259866554
0.135504456179 -0.946153669825
-0.028059433212 -0.545358522796
-0.043894267501 -0.758698759413
-0.047542767535 -0.887085746610
-0.050072868323 -1.000000000000
-0.122315238658 -0.497874325472
-0.164731683753 -0.693530780226
-0.180701106192 -0.810358498429
-0.187270175092 -0.913526451986
-0.206094406518 -0.410814985094
-0.270680774778 -0.556850918866
-0.299986817942 -0.657600888318
-0.316175119097 -0.757774992559
0.163958756482 -0.120732549793
0.265014491241 -0.294797905202
0.323063771657 -0.438896075041
0.388891127690 -0.538394683486
0.080295809624 -0.540177618903
0.107276863967 -0.726883366645
0.123990275606 -0.842204368781
0.137561129771 -0.943629835586
-0.029448853084 -0.543924292934
-0.044156818439 -0.757396919689
-0.045913158095 -0.885977857455
-0.046616941290 -1.000000000000
-0.122584508254 -0.496284899065
-0.163491006915 -0.691798461104
-0.178221880005 -0.808827378821
-0.183945155764 -0.912826637618
-0.205483164314 -0.408936625331
-0.269717653168 -0.553959410132
-0.300535873094 -0.655729077652
-0.318287209028 -0.757659399158
0.164991037906 -0.120725419549
0.266546920214 -0.293591639769
0.324226713954 -0.436989456159
0.387404721721 -0.537622892586
0.082615817122 -0.542829866305
0.109643325524 -0.727394213922
0.125705349964 -0.842701043518
0.138621391377 -0.943943376983
-0.026223441675 -0.546662346487
-0.040500423592 -0.758595397138
-0.043004796395 -0.886678764848
-0.044238662212 -1.000000000000
-0.119163432379 -0.499222979373
-0.159883643005 -0.694684236196
-0.175946147199 -0.811074334014
-0.182683744209 -0.914773034955
-0.202787631213 -0.412113282015
-0.266215410603 -0.558760633210
-0.296113703479 -0.660492000322
-0.312894398537 -0.762289618382
0.165953430545 -0.119758514326
0.267343407458 -0.291919865565
0.325496647885 -0.434281220380
0.393023942920 -0.534865621965
0.089659347860 -0.538701091562
0.116847964552 -0.722402282427
0.133603044698 -0.836484788834
0.146406336306 -0.936425826544
-0.016724704816 -0.544051643094
-0.031539298623 -0.758466831263
-0.034219636944 -0.886561351742
-0.036651161169 -1.000000000000
-0.108765310822 -0.498992896037
-0.148546988284 -0.696686330050
-0.164089511605 -0.813895024116
-0.171636373266 -0.917773486489
-0.192135886886 -0.414406947287
-0.253993719376 -0.561692969935
-0.283648189809 -0.662888922180
-0.301177810923 -0.763439173985
0.163279698781 -0.117464372029
0.263912185779 -0.289822965403
0.321606969592 -0.432711146993
0.386432052012 -0.533357292654
0.086343618142 -0.536485156024
0.115769385783 -0.721107110286
0.133917989667 -0.834929898186
0.147594544892 -0.934497203411
-0.020010357023 -0.542263306761
-0.030430305552 -0.756015160578
-0.031766945773 -0.885382116944
-0.034267852710 -1.000000000000
-0.111272763461 -0.497181670833
-0.149467928769 -0.693361447512
-0.166383197245 -0.809314986649
-0.176234432499 -0.911969045059
-0.193561011594 -0.412218680961
-0.256258325018 -0.558062680464
-0.287754125479 -0.659072152492
-0.307343688358 -0.759788708853
0.162519582748 -0.119346546860
0.262726944399 -0.291831298935
0.322595501031 -0.433348960761
0.388419777762 -0.532203655208
0.085509050040 -0.535497851378
0.114659571099 -0.719729478488
0.133669323031 -0.833558410046
0.148873378766 -0.933493410087
-0.018745278593 -0.541376388686
-0.031553983667 -0.755375939547
-0.032239741444 -0.885059493081
-0.033103484887 -1.000000000000
-0.108430848185 -0.496435246530
-0.149462926463 -0.692951821296
-0.166195368496 -0.809128937910
-0.174867040114 -0.913010549408
-0.188435226250 -0.411617680347
-0.252670694606 -0.557163460807
-0.284285517878 -0.658668525257
-0.303570181317 -0.760592935627
0.161997829283 -0.119452167516
0.261357418966 -0.289174882765
0.320552493246 -0.429425453441
0.385270328580 -0.528394459003
0.086262031956 -0.534206153879
0.115693253932 -0.718236104209
0.134124171480 -0.832423842024
0.148124352857 -0.932574711293
-0.017842670121 -0.539739473680
-0.030279441240 -0.754204427792
-0.031424796741 -0.884658495480
-0.033397492629 -1.000000000000
-0.107237905564 -0.494060906695
-0.150279351163 -0.690613440326
-0.167601182800 -0.807700225031
-0.176848079196 -0.911536901990
-0.186727665199 -0.407888922350
-0.252382723464 -0.554048901043
-0.284319171982 -0.657128301157
-0.303364823302 -0.760023012697
0.161091005226 -0.118440522272
0.260887818010 -0.288694860821
0.319442516360 -0.430035107279
0.382664793226 -0.528988076726
0.086525852533 -0.535301432235
0.115948121914 -0.718633339683
0.133726913655 -0.831684641794
0.146945143039 -0.929891442569
-0.017833794459 -0.541909112073
-0.031131359286 -0.756019838285
-0.033864695465 -0.886195041074
-0.037842647506 -1.000000000000
-0.107682767756 -0.497023665398
-0.150769804895 -0.693454395512
-0.170879157473 -0.808736267107
-0.183656408540 -0.909632386940
-0.187990264041 -0.411540831806
-0.255189536378 -0.554830416455
-0.290965935023 -0.656317068192
-0.314532626955 -0.757307619323
0.161774826901 -0.117162139684
0.262080846302 -0.286848358777
0.320046705971 -0.429085869613
0.382049246558 -0.528443192623
0.087337170573 -0.533170623802
0.116312104853 -0.718700302353
0.133169000824 -0.832228149325
0.145216033837 -0.930371550278
-0.017967502338 -0.540061419283
-0.030433406930 -0.755162088757
-0.033750189615 -0.886501017576
-0.039126006550 -1.000000000000
-0.108635059972 -0.495721714611
-0.150827003606 -0.692643715577
-0.170893935645 -0.808174046153
-0.184158440979 -0.907649780936
-0.190128494674 -0.411383354267
-0.258076624948 -0.554034053275
-0.294709510248 -0.655576534438
-0.319410045039 -0.755846469425
0.161533797137 -0.117997839086
0.261482322276 -0.288046185462
0.319165323836 -0.430133184766
0.382234122348 -0.529380804212
0.087774702020 -0.534581234962
0.115055736328 -0.719229206682
0.131535690045 -0.833030967959
0.143970953823 -0.931910466423
-0.016825855228 -0.541019479791
-0.030684418666 -0.754718030206
-0.033299959359 -0.885647064512
-0.037018564749 -1.000000000000
-0.107529468593 -0.496063773614
-0.151922152164 -0.691981583654
-0.171485135897 -0.809715654185
-0.183404681116 -0.912471771460
-0.189203052917 -0.410854532671
-0.259700347521 -0.552753509583
-0.297511232659 -0.654943813761
-0.322539818405 -0.756974388440
0.162025741538 -0.117793225209
0.261394692624 -0.287520010704
0.320192232052 -0.428231270310
0.383292326929 -0.526321937594
0.088945577038 -0.534590816386
0.115712941735 -0.718445115091
0.133045072248 -0.832039058695
0.146422379116 -0.931204873274
-0.013799220663 -0.541470436309
-0.028153465617 -0.755561448406
-0.029955819858 -0.885752003618
-0.032768062097 -1.000000000000
-0.103466537822 -0.497308914231
-0.147635567476 -0.694110428115
-0.167230993498 -0.812567716203
-0.179373304288 -0.917366625138
-0.184513013927 -0.412509603998
-0.254246885440 -0.554486515613
-0.291426899078 -0.656596729584
-0.316361521730 -0.759256113724
0.162510485954 -0.116871779081
0.262214299864 -0.285675855838
0.322579557455 -0.426572171829
0.387223553268 -0.525862187182
0.091687383308 -0.533568795724
0.120749155558 -0.714954770669
0.139362937220 -0.827932195095
0.153842354534 -0.926941180053
-0.009063081825 -0.541337914829
-0.020788472506 -0.753890481137
-0.022069315725 -0.884769924619
-0.024584460586 -1.000000000000
-0.097878125536 -0.497974461853
-0.141517978495 -0.694375883674
-0.160407210311 -0.812663277680
-0.171823610032 -0.917559386371
-0.178304702842 -0.413743080873
-0.246783748417 -0.556391339990
-0.282681967923 -0.658111030514
-0.306292617229 -0.760301019528
0.161491121615 -0.116134782269
0.261693195683 -0.285102400810
0.323106055408 -0.426246232833
0.388839746228 -0.524102826607
0.092736746379 -0.531305112831
0.126060639331 -0.713390376051
0.146918951206 -0.826501042927
0.162842242790 -0.925574251749
-0.007826604967 -0.540166743633
-0.017589943695 -0.754054210128
-0.018694272267 -0.885068821807
-0.021553121573 -1.000000000000
-0.096537732682 -0.497835277167
-0.139265350586 -0.694188319391
-0.157976495530 -0.812057526678
-0.169419497340 -0.916530779238
-0.177048680108 -0.414752910047
-0.245195579573 -0.558589077663
-0.279851760465 -0.659755983666
-0.302195105534 -0.761198481673
0.162048309705 -0.114906834235
0.263142045837 -0.283833394399
0.323742961245 -0.424961710045
0.386363439977 -0.521741024410
0.095362810964 -0.529596155335
0.127393847839 -0.711128669304
0.147204643986 -0.824033771593
0.162161147743 -0.922369671844
-0.004641147275 -0.539663475993
-0.013551492020 -0.753563863226
-0.014326808117 -0.884948495523
-0.016556487746 -1.000000000000
-0.093616612634 -0.498861835375
-0.134483283594 -0.695791173850
-0.151549264776 -0.814741648256
-0.161066084280 -0.920363663931
-0.174910539480 -0.417425940461
-0.241703115580 -0.561614824566
-0.275125089131 -0.663209190409
-0.296119972015 -0.765075391993
0.164038397118 -0.113187922044
0.266235122874 -0.281954646236
0.328439678478 -0.422809286703
0.392774413254 -0.521388981282
0.100356664048 -0.530104435165
0.132013298871 -0.708908078109
0.150991064525 -0.821317526205
0.165220827585 -0.919095243047
0.000075971840 -0.540970040505
-0.007888013709 -0.753296762389
-0.008497509667 -0.884822802805
-0.010182125868 -1.000000000000
-0.089118529603 -0.501356720552
-0.129416367706 -0.698472129137
-0.145091079553 -0.817231072150
-0.153033757375 -0.922425881161
-0.170584914319 -0.421274240062
-0.235718065652 -0.567868345312
-0.267954341874 -0.670386393372
-0.287468955413 -0.772779444014
0.163826474120 -0.112168519898
0.266722549385 -0.280157211132
0.329970762403 -0.422050935868
0.394533003377 -0.521665891285
0.102144141448 -0.530681256404
0.137408940549 -0.709492502142
0.157680800649 -0.821360358401
0.172952559252 -0.918866347061
0.002445819327 -0.543147771434
-0.002365749275 -0.753841034782
-0.001795042259 -0.885268555355
-0.002988133550 -1.000000000000
-0.086873570829 -0.503980596793
-0.127448416183 -0.699213271647
-0.144735053292 -0.817317993919
-0.154536922533 -0.922035945008
-0.168126140863 -0.423334848457
-0.234453724522 -0.568826112305
-0.267085596979 -0.670804767726
-0.287265091404 -0.772444135212
0.164965749840 -0.113213864578
0.267409723594 -0.280636405230
0.331630605853 -0.420899753923
0.399610644012 -0.519130839605
0.103207951159 -0.530887833881
0.138767540417 -0.707739371919
0.160230740292 -0.818712507211
0.176820727231 -0.915747759582
0.004367060837 -0.543004495350
-0.000132504279 -0.753236871168
0.002178068773 -0.884775819323
0.002679234151 -1.000000000000
-0.084561595166 -0.502939048210
-0.126485070502 -0.698471819599
-0.143144040403 -0.816972230914
-0.152342164518 -0.923072628196
-0.164742890941 -0.420900733457
-0.232292349558 -0.565563215316
-0.265102771851 -0.667498320989
-0.285274648660 -0.769880049789
0.163550173137 -0.111628504168
0.265188458857 -0.280199211225
0.328946611335 -0.421176546011
0.395614959169 -0.520433197751
0.102961968207 -0.532140249135
0.138760058590 -0.707627613031
0.159186360003 -0.817881629719
0.174672989277 -0.913978367639
0.003510620715 -0.544519027499
-0.000177410510 -0.753795989990
0.002137035974 -0.884994702547
0.003058185438 -1.000000000000
-0.085102465965 -0.504546965659
-0.126507012599 -0.699615548406
-0.142062486858 -0.817810772068
-0.149981317732 -0.923381080261
-0.163818390360 -0.422386986486
-0.230688182293 -0.568510158394
-0.262340774511 -0.671045130818
-0.281054297916 -0.773575130776
0.167715271076 -0.111572988606
0.271722996847 -0.277575461908
0.336603500862 -0.416629532679
0.401282827782 -0.515626308973
0.109237973727 -0.532518589869
0.143526012983 -0.707023706694
0.164588054549 -0.816518558498
0.180469637409 -0.911185987094
0.010753765297 -0.545132946213
0.006006675087 -0.755075428933
0.009704626158 -0.886029418318
0.012832199172 -1.000000000000
-0.077568207412 -0.506047968082
-0.118746235356 -0.701855368523
-0.131201509696 -0.821734309345
-0.135234379632 -0.929541866997
-0.156301649664 -0.425473155335
-0.223003560942 -0.571479733576
-0.253882997161 -0.675144029372
-0.270633277686 -0.779842001713
0.163712808271 -0.110727686071
0.265980633257 -0.276414205793
0.331563899821 -0.414256064346
0.399364078523 -0.511559657625
0.109042215756 -0.529974373936
0.148044761339 -0.704891171017
0.168914448063 -0.815216241586
0.184465697192 -0.910896383828
0.011770393134 -0.542765240584
0.010755446237 -0.751787587118
0.013499130651 -0.884584605157
0.013835338091 -1.000000000000
-0.076084074676 -0.503495998803
-0.115268850839 -0.698802198931
-0.128047156995 -0.817364795091
-0.134563599581 -0.922658413152
-0.154949544797 -0.422321496414
-0.221176263223 -0.567722126324
-0.251797975385 -0.670998189427
-0.270234236634 -0.774284980669
0.163790262181 -0.109668617179
0.265301707538 -0.275072819840
0.330577118256 -0.412989933929
0.398592844539 -0.511692573515
0.109523031283 -0.529364991900
0.145917383217 -0.703460318862
0.166051499950 -0.814347569556
0.181157893252 -0.910210665296
0.012784445627 -0.542660992176
0.010830824371 -0.751670145035
0.013628313345 -0.884653621316
0.014696041480 -1.000000000000
-0.074853724856 -0.504934411418
-0.115326132225 -0.700413889796
-0.128817877748 -0.820582285524
-0.135355863281 -0.927183210433
-0.152828705212 -0.425829814185
-0.218160287330 -0.573448165240
-0.248314309103 -0.677628312048
-0.265979300839 -0.781389648905
0.164761553374 -0.110788054288
0.266657259686 -0.276214071823
0.331258250983 -0.413300583432
0.397225325219 -0.509661878942
0.110425767200 -0.529974390382
0.144012475195 -0.703500483994
0.163541367383 -0.813282568177
0.178009185562 -0.908078932556
0.014346829023 -0.543452641509
0.011635429500 -0.752078266080
0.014922548082 -0.884657990798
0.016578472524 -1.000000000000
-0.072992550662 -0.505925088928
-0.112733376508 -0.700692455845
-0.125005759187 -0.820681336084
-0.130196756026 -0.927735262711
-0.151489309210 -0.427068232337
-0.217174233185 -0.573393153448
-0.247510385580 -0.677244358086
-0.264772313717 -0.781180979883
0.163833316239 -0.110202410710
0.265420063988 -0.276469319527
0.329800801891 -0.414048693777
0.397707245346 -0.511084936332
0.109555487651 -0.529337279585
0.144330534807 -0.701719300047
0.163178148923 -0.810646421607
0.176976849622 -0.904004794435
0.013264212768 -0.543050228184
0.011613470077 -0.751440949973
0.014050756319 -0.884790044908
0.014914009881 -1.000000000000
-0.074295004420 -0.505952043774
-0.112964828017 -0.700493343471
-0.125197474349 -0.819568392722
-0.130050534936 -0.924413188366
-0.152914786850 -0.427828571565
-0.217760099016 -0.574779096002
-0.247062732034 -0.678584671939
-0.263238615677 -0.781104010707
0.164042627250 -0.110402325784
0.265024630148 -0.275516171897
0.329639931777 -0.412524925412
0.395773397576 -0.510705449684
0.107503764897 -0.529289852730
0.142254539184 -0.701651314221
0.162227742290 -0.811305861006
0.177186044483 -0.906258880930
0.011965647556 -0.543529787618
0.010024712480 -0.751268723269
0.013925105489 -0.884312312953
0.016342900582 -1.000000000000
-0.075155399303 -0.506778722261
-0.114603700432 -0.701090746275
-0.125995316942 -0.821474599060
-0.130165031115 -0.928855849753
-0.153331385474 -0.428520241319
-0.218539241006 -0.574720178728
-0.247200078506 -0.678581080472
-0.262811888414 -0.782254593628
0.164310493353 -0.109500798457
0.266013668145 -0.276153890972
0.331866926836 -0.413684301753
0.398560735907 -0.512501350964
0.108600701718 -0.530111323820
0.143491977485 -0.702626945559
0.164162792430 -0.812202022125
0.180042529195 -0.906743766666
0.014107207718 -0.544195055113
0.011953275250 -0.752118551933
0.016009211017 -0.885096320659
0.019241702341 -1.000000000000
-0.071927459146 -0.507115192607
-0.112069313967 -0.701452962115
-0.123366134116 -0.822117021689
-0.126799885644 -0.929588775768
-0.148741022904 -0.428928258008
-0.214776135406 -0.575177432443
-0.243287545310 -0.678722135147
-0.258214717297 -0.781853154344
0.164382595368 -0.111237176315
0.265494621246 -0.276360836250
0.329610819791 -0.412786426145
0.397007396295 -0.508995075794
0.109683828528 -0.530761354634
0.143914229898 -0.703350368705
0.164239743826 -0.812571705009
0.179898142826 -0.907224980083
0.014037323960 -0.544223544319
0.010584565494 -0.752728862417
0.014070521853 -0.884793678198
0.016907077705 -1.000000000000
-0.072636458655 -0.506685603077
-0.112333387332 -0.701545743635
-0.124701585111 -0.821434211139
-0.129053823047 -0.928592307231
-0.150126733403 -0.427787613369
-0.214341342103 -0.574388757098
-0.242855078028 -0.677663054694
-0.257882598697 -0.780662848317
0.164810712908 -0.109762468206
0.266987447811 -0.275008723202
0.331517192995 -0.412078445716
0.398062789560 -0.510049036011
0.111553842658 -0.529503653886
0.147387371432 -0.702782227520
0.169239972543 -0.812026877012
0.186648747593 -0.907264974365
0.016802314297 -0.543568160864
0.014770889866 -0.752624721367
0.019458022629 -0.884461010893
0.023561136412 -1.000000000000
-0.069805041846 -0.506331399625
-0.108215821570 -0.701777632567
-0.118585341180 -0.822246913105
-0.121076851536 -0.930725137607
-0.147748393811 -0.427772882580
-0.211684231424 -0.574851783275
-0.239270616368 -0.678441639233
-0.253275051638 -0.782569742431
0.165737191174 -0.108989913213
0.267707208658 -0.275156490970
0.332565834744 -0.412565990809
0.398650401348 -0.511455905158
0.113795454621 -0.530612038596
0.150261539495 -0.702879706966
0.171902008466 -0.811965121525
0.188915731339 -0.906834934658
0.019126457378 -0.545276859909
0.017225593391 -0.753310136940
0.021754148382 -0.885246443129
0.025751549185 -1.000000000000
-0.066740927756 -0.508793395031
-0.104169888470 -0.704371904409
-0.113445135231 -0.824001793687
-0.115003542210 -0.931159579645
-0.143517270521 -0.430803200900
-0.206422833494 -0.577555028993
-0.233749282927 -0.681446305366
-0.247424389891 -0.785623154705
0.167845522082 -0.108839398779
0.271177792342 -0.275346249349
0.335422546614 -0.412951480472
0.399053389344 -0.513068288444
0.118645742259 -0.529828055808
0.153798568055 -0.701165732287
0.174988574580 -0.810018443527
0.191616016080 -0.904064369832
0.024253765921 -0.545054848893
0.021558495450 -0.753501099631
0.026372813907 -0.885663442255
0.030835210058 -1.000000000000
-0.061873302023 -0.509850045331
-0.097733463257 -0.706768947193
-0.105886428643 -0.826963431601
-0.106493713538 -0.934206266912
-0.139364783490 -0.433607805220
-0.200455608629 -0.582221909231
-0.226923503093 -0.687454296657
-0.239643234324 -0.792736960810
0.168257336562 -0.109344460713
0.269671676309 -0.273632635473
0.333979409049 -0.409157347637
0.396942499379 -0.509400687136
0.117161161037 -0.531227462572
0.154561646707 -0.703635894251
0.177925118389 -0.811963242684
0.197075030985 -0.906744909205
0.023252765583 -0.545892538930
0.019233178216 -0.753632444275
0.023833087424 -0.885684608269
0.028017140621 -1.000000000000
-0.061591302502 -0.509679517795
-0.099019405684 -0.705077979862
-0.108723656791 -0.824597236859
-0.111395002030 -0.931240359596
-0.136297146853 -0.432113165946
-0.199690610091 -0.578134701675
-0.227883428780 -0.682016427198
-0.242718400051 -0.785952900899
0.168220063594 -0.108975141248
0.271328234136 -0.273643173369
0.335794432614 -0.411095028023
0.398225682524 -0.514369971877
0.119335299729 -0.532454932639
0.157782846181 -0.705090473040
0.181809346985 -0.813076577714
0.200903364824 -0.907305217878
0.024767985558 -0.547529882602
0.021803943375 -0.755531693961
0.026839448204 -0.886353353644
0.031196715879 -1.000000000000
-0.059906325088 -0.511776612795
-0.095813119997 -0.707660714442
-0.104968313886 -0.825984334127
-0.107442142709 -0.930978121917
-0.134911221664 -0.434924643255
-0.196628372379 -0.582449715601
-0.224724888869 -0.686258188827
-0.239613978615 -0.789731589069
0.169057440132 -0.108791081225
0.272319085519 -0.273381039176
0.336208507232 -0.409742946298
0.399506183550 -0.511541612898
0.120519384876 -0.531311425954
0.157707140072 -0.702629184165
0.180723819696 -0.810319853615
0.199363503341 -0.904790293337
0.026690822394 -0.545936236204
0.022830196271 -0.754056457346
0.026988176529 -0.885151365284
0.030851291467 -1.000000000000
-0.057697012966 -0.509300079447
-0.093600006305 -0.706109747497
-0.102683706990 -0.825140346944
-0.104530289204 -0.931783003065
-0.132839611695 -0.431399458896
-0.194277906179 -0.578585266891
-0.221773267650 -0.682349875124
-0.235701031928 -0.786497005333
0.168600645658 -0.108626780826
0.271152907726 -0.271973166617
0.335310161116 -0.407315883621
0.399470617600 -0.509771726640
0.118499397500 -0.529921142949
0.154533963447 -0.701084456281
0.177881194203 -0.808249425256
0.196888470371 -0.901324385788
0.025773989388 -0.544149373780
0.021946648413 -0.753109814639
0.026997986366 -0.885058453567
0.032116589286 -1.000000000000
-0.058288118182 -0.507815882086
-0.093526418783 -0.704863261490
-0.101496783404 -0.824509618601
-0.102029090111 -0.931093670958
-0.133449718333 -0.430434656690
-0.194751176496 -0.577564001926
-0.221936603155 -0.682019153699
-0.235287631208 -0.786437603358
0.167659788990 -0.108874954715
0.269228156476 -0.271697355233
0.332900513586 -0.405695488565
0.395626566107 -0.507366908372
0.118403859321 -0.529339972983
0.154235862006 -0.699584006209
0.178310305582 -0.806190299614
0.197734602014 -0.898419639356
0.026661293732 -0.543216945213
0.022302239783 -0.752676028911
0.027942399912 -0.885018484566
0.033546254827 -1.000000000000
-0.056502462269 -0.506847560210
-0.092763968076 -0.704384023408
-0.099732555537 -0.825416175910
-0.099176487582 -0.933147960568
-0.130908429307 -0.429249429081
-0.192572154540 -0.577937848435
-0.219955702901 -0.683925428142
-0.233300682331 -0.789593812170
0.168878646983 -0.108276094397
0.271811223608 -0.272206485652
0.335353663801 -0.407466783785
0.399499029996 -0.509284725007
0.118826765130 -0.529829030762
0.152212694199 -0.699860841995
0.175068196505 -0.805605386297
0.194085893149 -0.896598799200
0.027270825117 -0.544089809853
0.022559679122 -0.753514191543
0.028509388052 -0.885220158970
0.035133084665 -1.000000000000
-0.056158971331 -0.507760193722
-0.091914810403 -0.706418330138
-0.098389615876 -0.828053129915
-0.096605712427 -0.936314041334
-0.131534398291 -0.430152557317
-0.193328851758 -0.578758158847
-0.221003606425 -0.684333686772
-0.233762769693 -0.789498739991
0.168787922049 -0.107530897257
0.272551615510 -0.269806867123
0.337470979925 -0.404683861716
0.400467477824 -0.506857501627
0.119969488330 -0.528326390095
0.154828027661 -0.699586704971
0.178281696497 -0.806672018663
0.197682044041 -0.899309706615
0.028341088318 -0.543186963101
0.025143919984 -0.753123788678
0.031844764405 -0.885262321384
0.039041395221 -1.000000000000
-0.055413403371 -0.507788081991
-0.090941848804 -0.706774894340
-0.097383386240 -0.828914102064
-0.095824869222 -0.937673319032
-0.131085031201 -0.431396137164
-0.193015588351 -0.580472418449
-0.220438223455 -0.686279387939
-0.233203771983 -0.791713715101
0.168365228977 -0.106775488888
0.272014407904 -0.268692434537
0.335920195929 -0.403800732718
0.398790164267 -0.505408463391
0.120466494690 -0.527872082978
0.155682701641 -0.698262046736
0.179430082164 -0.805451572572
0.198812723002 -0.898629300804
0.027889709309 -0.543132670877
0.025314528331 -0.752622720119
0.032708176728 -0.885002640387
0.040379096588 -1.000000000000
-0.056613251685 -0.507866056331
-0.091603841599 -0.706041737756
-0.097150161452 -0.827670813285
-0.094936917699 -0.935250062865
-0.133224603734 -0.431127616581
-0.194297176140 -0.579979153876
-0.220955253922 -0.685452728563
-0.233105087562 -0.789800281276
0.169772178417 -0.107425778743
0.273700567298 -0.271507167948
0.337966971977 -0.407637390248
0.404805793224 -0.508413923557
0.122879428247 -0.529145535029
0.157955619302 -0.699719787152
0.180718181429 -0.806298218872
0.199478136169 -0.898811457192
0.031085656553 -0.544797881619
0.030493430998 -0.753855078814
0.038327722267 -0.885332854343
0.046165046625 -1.000000000000
-0.053206393193 -0.509634831213
-0.086208783773 -0.708550537468
-0.091601735510 -0.828861102619
-0.089372593285 -0.936429793394
-0.130074153978 -0.432993035581
-0.190739151673 -0.581001995327
-0.218327656252 -0.686297831707
-0.231426795839 -0.791752994484
