0.175654549058 -0.109502486211
0.261120976386 -0.298822435571
0.279766158822 -0.463642621863
0.303811253964 -0.592013355811
0.148024775812 -0.526620213924
0.187346524801 -0.703255044550
0.213657447840 -0.811373361712
0.233992355131 -0.907796778821
0.043474269996 -0.543435720376
0.052024067104 -0.760919607806
0.059439342585 -0.886379474699
0.073133098998 -1.000000000000
-0.053388763848 -0.517262032045
-0.051434049333 -0.722473960088
-0.039028153751 -0.843776621534
-0.016554203365 -0.952084949587
-0.144943522624 -0.454698056688
-0.145323100907 -0.614323253761
-0.135950616239 -0.716349497467
-0.115979764824 -0.815334735367
0.171715540762 -0.110533123015
0.253707158402 -0.300292126737
0.269936642392 -0.463997946501
0.286756452029 -0.589663201388
0.141857339808 -0.524763951163
0.182492489136 -0.702050559123
0.208942765627 -0.811243194681
0.229038015945 -0.908633761008
0.038250717275 -0.541224646951
0.047681906442 -0.758503388687
0.054712213487 -0.885099135129
0.067223871369 -1.000000000000
-0.057599090278 -0.514435598392
-0.054227488453 -0.719032288782
-0.041010188831 -0.840719552536
-0.018294519726 -0.950043512642
-0.149457216709 -0.450878243265
-0.148968020347 -0.610468785579
-0.138194273665 -0.713237075586
-0.116593510779 -0.813401645283
0.173850043388 -0.107869467993
0.259701622055 -0.297919614845
0.274410364239 -0.464303117282
0.290639921679 -0.592235373139
0.148975869435 -0.527054018423
0.183257181319 -0.706389843802
0.205592750818 -0.815191450838
0.221825200810 -0.912202539884
0.043678214627 -0.543999315800
0.051346761453 -0.761479290435
0.057936942349 -0.886547168080
0.070514651892 -1.000000000000
-0.053976703825 -0.518404145251
-0.050967447656 -0.722204584140
-0.039477171083 -0.841505865763
-0.018244554213 -0.947534627194
-0.147389359856 -0.456964154596
-0.145612776183 -0.615851161471
-0.135158812273 -0.715743858888
-0.114370257882 -0.812382434417
0.173598987035 -0.110049605423
0.256904923822 -0.300517380457
0.272247983813 -0.464976940504
0.289715933168 -0.591616134953
0.144623217954 -0.523927706922
0.182114231224 -0.702443310691
0.205784128916 -0.811790782962
0.223452746924 -0.909602583273
0.041436668244 -0.540825465664
0.050984640701 -0.758627260712
0.057741424329 -0.886334299062
0.069923000240 -1.000000000000
-0.055094564481 -0.515822002431
-0.049731027781 -0.720655606526
-0.037104423703 -0.841179668206
-0.015243250397 -0.948050100550
-0.147903788633 -0.455229763122
-0.144371512188 -0.612675034102
-0.132436891835 -0.712228973040
-0.110352845419 -0.808303108757
0.171514986357 -0.109822814760
0.253116369692 -0.299753544510
0.267306975997 -0.463451901324
0.286860672522 -0.587321649407
0.142475496297 -0.524638491263
0.176879847925 -0.702071913324
0.197095364596 -0.810942766562
0.211114537564 -0.907147342055
0.039516021046 -0.541064705651
0.049370310458 -0.758962678292
0.055063812559 -0.886466278974
0.065517260658 -1.000000000000
-0.056905627691 -0.515193106620
-0.051374536121 -0.720523609559
-0.039077722960 -0.841092753850
-0.018214999769 -0.947905452161
-0.150094509755 -0.453122309245
-0.146091870667 -0.611734625842
-0.134527897662 -0.711689298690
-0.113620005080 -0.808019543068
0.174532764573 -0.109634543342
0.261286869472 -0.299917542836
0.277794109110 -0.465216225330
0.292788559484 -0.593878020384
0.150007730749 -0.525555169492
0.182890154326 -0.705582748945
0.202384592589 -0.815112801343
0.214971314283 -0.911897080081
0.044531721744 -0.541518490509
0.054549763209 -0.759563635504
0.060334257598 -0.886167890740
0.071243522508 -1.000000000000
-0.053905735165 -0.515714884648
-0.049149955222 -0.720024961356
-0.038319224907 -0.839876447779
-0.018053250809 -0.945854598440
-0.148300268869 -0.454217472025
-0.144960385578 -0.614283579186
-0.133662607368 -0.715107231543
-0.112287942210 -0.812725233203
0.174075427205 -0.108812354384
0.259302826096 -0.299393725245
0.274562430274 -0.463911032810
0.291019054369 -0.591198734242
0.148699189717 -0.523829084555
0.182904621405 -0.701641820008
0.204486893837 -0.810539614736
0.219645045363 -0.906683089970
0.044712649433 -0.540272027162
0.054414148866 -0.757979404119
0.061073778944 -0.886102931411
0.072772113706 -1.000000000000
-0.052727243388 -0.515241605848
-0.047418715476 -0.719846695610
-0.035957324237 -0.840482421425
-0.015340093258 -0.946788870495
-0.145919640839 -0.454525917801
-0.142432350762 -0.613878160000
-0.131021051425 -0.714491634087
-0.109601743176 -0.811557575414
0.173442357609 -0.109563325796
0.256792200205 -0.300899490809
0.271212045136 -0.464764959522
0.290629419674 -0.589240140744
0.145719810611 -0.524234867017
0.177035104056 -0.701789857751
0.196211381319 -0.809934641518
0.209210285380 -0.904458518378
0.042182096878 -0.540361942045
0.051072531319 -0.758404152211
0.057195475654 -0.886317988832
0.068014964023 -1.000000000000
-0.054709063501 -0.515409118556
-0.049712691954 -0.720363626197
-0.038246564371 -0.841520259492
-0.017901417519 -0.948255476202
-0.147732520661 -0.454842196402
-0.144603770663 -0.615953671934
-0.134196882891 -0.716927865951
-0.113889566033 -0.813739823229
0.172530845380 -0.109334764853
0.257869101571 -0.300891015019
0.274025244241 -0.466287918780
0.289709941651 -0.592819131403
0.147001148267 -0.524532447192
0.179787247108 -0.703304944178
0.199989172180 -0.812481339773
0.213627268438 -0.908709458255
0.043548323938 -0.541489358362
0.053979545995 -0.758752896208
0.060399958517 -0.886114081051
0.070910323897 -1.000000000000
-0.053552656718 -0.516754013467
-0.048855057184 -0.720597470950
-0.038062705855 -0.841415989694
-0.018383996901 -0.947146304940
-0.147167916520 -0.456117506189
-0.144802759365 -0.616737970008
-0.134128599803 -0.717998959406
-0.113307737601 -0.814774306872
0.171972048058 -0.108507038718
0.257549153314 -0.300861883750
0.274975812346 -0.466053630261
0.293260492489 -0.590335199154
0.145826161511 -0.525902669863
0.178207556360 -0.703911072280
0.197526095168 -0.812027396097
0.210423476496 -0.906649524435
0.043295835700 -0.542676084118
0.052101989804 -0.760620171332
0.057862681592 -0.887591806736
0.068055030925 -1.000000000000
-0.052959239215 -0.517814032192
-0.047986398883 -0.723506183164
-0.036789129667 -0.844428992972
-0.016792376048 -0.950434894086
-0.145492952104 -0.457078969761
-0.141242699383 -0.616508053890
-0.130013735311 -0.717819960508
-0.108976563569 -0.814846240189
0.171006223135 -0.109657635721
0.252162601478 -0.301021459463
0.266742356325 -0.464561984979
0.291434579811 -0.589859058287
0.142803100441 -0.526349021942
0.174785036210 -0.703625321328
0.192634529251 -0.810946210869
0.204172275442 -0.904635943409
0.041235780924 -0.541536138131
0.050907432993 -0.759909362322
0.056198002495 -0.886816189523
0.066115494574 -1.000000000000
-0.054320843920 -0.515516758413
-0.048707038292 -0.722237628508
-0.036255841779 -0.842874131745
-0.015265585722 -0.950406401859
-0.146374110999 -0.453342548205
-0.141946623791 -0.614659779458
-0.130530696663 -0.715662990833
-0.109592625185 -0.813536531166
0.170940359514 -0.109079333097
0.255968225516 -0.300605778797
0.271784688587 -0.465446173218
0.291313402147 -0.589322958452
0.147072558519 -0.528774067762
0.177572522224 -0.706417977292
0.195132085247 -0.813673450438
0.205815574324 -0.906192850152
0.043114283100 -0.544601728300
0.052482443098 -0.762251863621
0.057603528424 -0.888231864863
0.066830904471 -1.000000000000
-0.054414268746 -0.518879322704
-0.048795186461 -0.723723703424
-0.038487711078 -0.843980430644
-0.019459151027 -0.949355724728
-0.148895782565 -0.457411285893
-0.143831265182 -0.618443007197
-0.133515550675 -0.720679070778
-0.113592852179 -0.818863476215
0.170705543483 -0.109907349516
0.252007505832 -0.300811065966
0.267117335706 -0.464529295896
0.291553926597 -0.588028229232
0.141225827682 -0.525837367669
0.172353605476 -0.705178355712
0.189839349981 -0.813466422207
0.200860605826 -0.907733414958
0.038330222789 -0.540806988048
0.048292357253 -0.760353359398
0.054145102969 -0.887128747638
0.064204078330 -1.000000000000
-0.057894954709 -0.514359485468
-0.052061422580 -0.721356817140
-0.040092903767 -0.842927849212
-0.019821575619 -0.950409731814
-0.150369728353 -0.451805760407
-0.145990245157 -0.613297408895
-0.135121483356 -0.715666448319
-0.114642008015 -0.814291571235
0.171198138251 -0.107977571406
0.256298392415 -0.298215822865
0.272069061600 -0.463565021190
0.292613360116 -0.589485169136
0.146065593532 -0.526857408101
0.176491149953 -0.705977233288
0.193098780000 -0.813892273135
0.203234974260 -0.907430901280
0.042017116038 -0.542642480002
0.051299154639 -0.761057335675
0.056597308193 -0.887292214742
0.066379267532 -1.000000000000
-0.054922833582 -0.516178693134
-0.049930813751 -0.720566161064
-0.039294256445 -0.840561941427
-0.019950331642 -0.946133955287
-0.148223402259 -0.453290605094
-0.144941628850 -0.613748367617
-0.135124008277 -0.714715479542
-0.115445476054 -0.811513544448
0.170668988283 -0.107483234685
0.255231132983 -0.297797064042
0.270088636768 -0.463328268779
0.290236444910 -0.589601297753
0.145806074979 -0.526514908321
0.174726944420 -0.706724406965
0.190327312319 -0.815234146301
0.199425902696 -0.908843745793
0.042636557414 -0.541398187541
0.051560506063 -0.760847257121
0.055977269554 -0.887307870913
0.064977963110 -1.000000000000
-0.054148957821 -0.515172775293
-0.048661032561 -0.720929066859
-0.038290669450 -0.841568571200
-0.019566905681 -0.947839875906
-0.147352545751 -0.453032158857
-0.142998296689 -0.614536955372
-0.133185358523 -0.715628394187
-0.114182965338 -0.813162407587
0.168888284664 -0.110131428588
0.250290974358 -0.300413613132
0.264307260522 -0.464373854212
0.285567724332 -0.591177510454
0.141358508511 -0.528538642923
0.169068667904 -0.707978518147
0.183925526702 -0.815749877416
0.192642778875 -0.908752897758
0.038448488606 -0.542500604110
0.047135732171 -0.761182289450
0.051956120561 -0.887688056366
0.061912512747 -1.000000000000
-0.057588178266 -0.515326814060
-0.052375135795 -0.721039557895
-0.041798510429 -0.841332050645
-0.022013331725 -0.947807817243
-0.149702062318 -0.451985521261
-0.146289867964 -0.613611266658
-0.136672854906 -0.714788814415
-0.116728348727 -0.812554457957
0.170793067002 -0.109101530091
0.254482925454 -0.298600834406
0.268113264539 -0.462880607654
0.286867536995 -0.588902925702
0.146769674746 -0.528823019117
0.177279890148 -0.706781166593
0.193754475144 -0.813858318918
0.203366770145 -0.906455952321
0.041995243468 -0.544354058640
0.051674061459 -0.762012046066
0.056061197271 -0.887739708841
0.064892955846 -1.000000000000
-0.055471637265 -0.517172016189
-0.050495218625 -0.721476220006
-0.040344420013 -0.840422529092
-0.021561653543 -0.944783547700
-0.149939606133 -0.453579861994
-0.146263656529 -0.613774375219
-0.137043902610 -0.714814067201
-0.118309143564 -0.812423542736
0.171015597451 -0.110408829142
0.257675425702 -0.300803930659
0.273276685900 -0.465428182476
0.286769554288 -0.594537339454
0.145726876469 -0.526170272570
0.174379263071 -0.703507774212
0.191164354243 -0.811252859439
0.201602627330 -0.905466056013
0.042224537765 -0.541419480805
0.050155078987 -0.758026221619
0.055483091319 -0.885975453920
0.065607049056 -1.000000000000
-0.054468536802 -0.515351569145
-0.049775890892 -0.719298932117
-0.038652285566 -0.839151093481
-0.018431533830 -0.944945814143
-0.147316893641 -0.453595228193
-0.144228178037 -0.613193070730
-0.133508936952 -0.713770407792
-0.112389463054 -0.811442757146
0.171716394852 -0.109620381987
0.255589204609 -0.299518736490
0.270435567033 -0.463620318718
0.289134458845 -0.589267339046
0.144580800896 -0.526045806044
0.174662980035 -0.704228358306
0.191880895204 -0.812216473510
0.202588096516 -0.906056203561
0.040820890594 -0.541075231333
0.049839314172 -0.759563980907
0.055157396818 -0.887043357416
0.064436414794 -1.000000000000
-0.055897608735 -0.514141606326
-0.050778979756 -0.719689057925
-0.039884265462 -0.840076164987
-0.020633116962 -0.945945057342
-0.148977460672 -0.450864433048
-0.145208516080 -0.612247560752
-0.134154205684 -0.713742306498
-0.113251704654 -0.811322746396
0.172875366102 -0.110728909589
0.256803179503 -0.299826548659
0.271539519915 -0.463425236977
0.291727981413 -0.591774712735
0.143788602323 -0.527762801738
0.175091474702 -0.705213812477
0.193162668772 -0.812438017945
0.205144937196 -0.906781765527
0.039665421249 -0.542820196401
0.049192903673 -0.760135388097
0.054681710359 -0.886798666042
0.065037933753 -1.000000000000
-0.057208431075 -0.515517159434
-0.051343928483 -0.719794556771
-0.039840727588 -0.839645086708
-0.019100269356 -0.945096366621
-0.150630853510 -0.451646424461
-0.146081176090 -0.612072360855
-0.134001060982 -0.713065511601
-0.111507760351 -0.809958715026
0.173367228239 -0.110213550008
0.257445629594 -0.299200917189
0.274524854610 -0.462261185721
0.301877460593 -0.587908643939
0.147574610371 -0.527382053017
0.183326489074 -0.706735969870
0.204190521736 -0.815548457314
0.218186969686 -0.911774389337
0.042533181253 -0.543019713705
0.051773387226 -0.761336866646
0.057245091279 -0.887505085521
0.067729396479 -1.000000000000
-0.054750867997 -0.516157384964
-0.050306977394 -0.720641796677
-0.039455434089 -0.840212456419
-0.019189130636 -0.945648290639
-0.148084841399 -0.453119062833
-0.145605320906 -0.614354140296
-0.134818171399 -0.715242832742
-0.113348947586 -0.811781461600
0.173967937459 -0.109972928717
0.256155232715 -0.298822870812
0.272720477865 -0.461744844449
0.306489456798 -0.586523032131
0.144238061923 -0.525504010072
0.176487426862 -0.704227748896
0.195881574332 -0.811994950693
0.209260672830 -0.906294447125
0.040111998970 -0.541491439578
0.048487854141 -0.759702855896
0.054533778127 -0.887060957424
0.066599998180 -1.000000000000
-0.056244441617 -0.515606718232
-0.053139928719 -0.720924157616
-0.041920424129 -0.840835512638
-0.020404517070 -0.947211143372
-0.148714055033 -0.453822255452
-0.149021424345 -0.616071496256
-0.139723185076 -0.717294465724
-0.118545577574 -0.814402787434
0.176513798314 -0.110081597943
0.260386283244 -0.298823767809
0.277969690752 -0.462491727609
0.307769395199 -0.587812222415
0.146762890817 -0.527769251466
0.182926803094 -0.707089649814
0.205633336425 -0.816115688318
0.222004297593 -0.912603458638
0.039741653662 -0.543789827273
0.049304526461 -0.761152155798
0.056317495552 -0.886965951208
0.069594752273 -1.000000000000
-0.058783541620 -0.516333982662
-0.057783065683 -0.720430409035
-0.047049675364 -0.840622280745
-0.025212015753 -0.948331964762
-0.153215775057 -0.452449248922
-0.156992969127 -0.613989390319
-0.147294118449 -0.715817601821
-0.124724504594 -0.814577421255
0.175677016739 -0.108193966976
0.266824491626 -0.294489174173
0.290804338567 -0.455147255519
0.323965939618 -0.579648299528
0.147011657853 -0.529173270350
0.182300123817 -0.709032220134
0.204629062038 -0.817767291720
0.221070942328 -0.913672826405
0.037467126928 -0.544259023205
0.044430496786 -0.761749862544
0.053017180475 -0.887316091507
0.068693692049 -1.000000000000
-0.061843149679 -0.515631301299
-0.066668750192 -0.718797639519
-0.057615623870 -0.837416173745
-0.036040593583 -0.943448935193
-0.155165112917 -0.451121100071
-0.164913897480 -0.611925723628
-0.157026989011 -0.712660892353
-0.135295736049 -0.810383642251
0.174929569062 -0.104692306019
0.270046098871 -0.286176130933
0.301650342068 -0.441908042998
0.343334783428 -0.558200327819
0.145102301007 -0.530393169740
0.186658674093 -0.710119549924
0.211226066771 -0.819232048896
0.229053671646 -0.913266137302
0.035582934696 -0.547154522711
0.046366004956 -0.764040817419
0.055572332035 -0.889852653692
0.069592077351 -1.000000000000
-0.062824337254 -0.517546112200
-0.066336804554 -0.722316674894
-0.059540945119 -0.842805854496
-0.042259634956 -0.949067804258
-0.155670829067 -0.450949050640
-0.166970515607 -0.610136342180
-0.163507660842 -0.714081912719
-0.147434479958 -0.814225191884
0.179593854612 -0.104077910775
0.277992678421 -0.283217349807
0.311450992165 -0.440175822904
0.355271652623 -0.557077491108
0.148085520210 -0.529035565402
0.187904361997 -0.708444406153
0.210646062680 -0.818712078048
0.226992291061 -0.913670925715
0.035986471917 -0.547997677188
0.047591611449 -0.765494637375
0.056558487545 -0.890733960670
0.069713906928 -1.000000000000
-0.065578032435 -0.521105041767
-0.071788799373 -0.725839621337
-0.068281584982 -0.843254010989
-0.054872973976 -0.946236015426
-0.163086647064 -0.457761646955
-0.179841605475 -0.620167596139
-0.180149316871 -0.724333807072
-0.168119742025 -0.824339856411
0.179196724101 -0.104475666223
0.276455869251 -0.285536682239
0.307289351784 -0.442828897932
0.351451141915 -0.557044760516
0.147926910798 -0.531771339553
0.189722729166 -0.713967837697
0.216099125280 -0.824312437630
0.236547354609 -0.919283541189
0.034294023433 -0.549681343651
0.042152333896 -0.767675983183
0.052484190759 -0.891968170977
0.066884725929 -1.000000000000
-0.067614792429 -0.520605863036
-0.077942627810 -0.725378415149
-0.076000028709 -0.841809318259
-0.064666040935 -0.942956663759
-0.166951535587 -0.454703076827
-0.195195351435 -0.614502686392
-0.204307191272 -0.719840709108
-0.200156631129 -0.821913749438
0.181968782743 -0.106701579632
0.281990080822 -0.284972062730
0.315352473458 -0.440622020960
0.358540658674 -0.557535057704
0.153576248482 -0.531359530180
0.199675017924 -0.711792343100
0.225974613553 -0.822030198126
0.245970312136 -0.918017192713
0.039898318218 -0.550081607802
0.050276230584 -0.766305644367
0.059898196993 -0.891177850666
0.072929528160 -1.000000000000
-0.062784257424 -0.521183103078
-0.074565098029 -0.725744988629
-0.071681824392 -0.843312058245
-0.059373332060 -0.945072776101
-0.164201405283 -0.455325596216
-0.199737832279 -0.612570799393
-0.211901244074 -0.718089886255
-0.209711436455 -0.821107169887
0.181209248346 -0.106160185088
0.282583740342 -0.285382285897
0.318122690732 -0.442515005069
0.363449647762 -0.561548499709
0.151498369567 -0.530456450681
0.198491036435 -0.712449652169
0.224836730025 -0.823573575509
0.245635953052 -0.919546722113
0.038347864008 -0.548487068017
0.048571994657 -0.765203275454
0.057609231502 -0.891276962614
0.071053948889 -1.000000000000
-0.063675713135 -0.519695980648
-0.074755957541 -0.723961113773
-0.072037417954 -0.840591227470
-0.059405346079 -0.940138611587
-0.163662825133 -0.454626511433
-0.200293970647 -0.610414099081
-0.212460921201 -0.715222457758
-0.210413533550 -0.816681502146
0.180747909818 -0.106872492580
0.281378464158 -0.285779808091
0.316314310311 -0.442484328503
0.362306101928 -0.561631631853
0.150797498112 -0.532526753826
0.199099893287 -0.713718275989
0.227719745528 -0.824356407851
0.250501468338 -0.920658188930
0.037815523687 -0.550715637173
0.047821921536 -0.766981943143
0.057013373919 -0.891602815509
0.070436436190 -1.000000000000
-0.064470846624 -0.521338046638
-0.077169118158 -0.724234861344
-0.076554467190 -0.839742139707
-0.066148257538 -0.940152636566
-0.164508844566 -0.455102881938
-0.201743969421 -0.610087981218
-0.214680618056 -0.713021547577
-0.213954050871 -0.813709711567
0.179870273967 -0.108293726966
0.280355932983 -0.288222855089
0.315895752718 -0.444789542980
0.363593777248 -0.561869829817
0.149330120406 -0.532766947971
0.197114320279 -0.714139083595
0.225378225588 -0.824879372877
0.247978831457 -0.921631907731
0.036477606970 -0.550345720374
0.046190427086 -0.766879889680
0.055136425197 -0.891427131426
0.068565203680 -1.000000000000
-0.065680241625 -0.520635676434
-0.077950834584 -0.724168480332
-0.076761947363 -0.840378714862
-0.065016885449 -0.940991558710
-0.166120845623 -0.454247771761
-0.203733916643 -0.608928632809
-0.217076076438 -0.712046435930
-0.216074447405 -0.812143724013
0.180521341205 -0.107662103130
0.280349798045 -0.287787076616
0.315162086570 -0.443858341653
0.362320560182 -0.561263673834
0.150524334265 -0.533214941309
0.196438965455 -0.714478546961
0.224382265997 -0.824958918527
0.246680742557 -0.920750901888
0.037885614224 -0.550430703789
0.045664410383 -0.767140658822
0.054850462996 -0.891733533798
0.068441654580 -1.000000000000
-0.064219663492 -0.520805646698
-0.077881586523 -0.725422727793
-0.076572334143 -0.842436972170
-0.065106023861 -0.943862748510
-0.164092410635 -0.454472964387
-0.201134014667 -0.609705513004
-0.214259132581 -0.713686975600
-0.213400765457 -0.815181723415
0.179846674955 -0.108956915082
0.281324971161 -0.287796840037
0.317430721236 -0.443175123699
0.364097926384 -0.560658398972
0.151011108632 -0.535683752433
0.198279408398 -0.715252588098
0.226722760483 -0.824913034340
0.249167744845 -0.920522518194
0.037735384374 -0.552899853671
0.047999464581 -0.768658258717
0.057572285976 -0.892145216946
0.071759510392 -1.000000000000
-0.064321966314 -0.522743270610
-0.076275567654 -0.726063024353
-0.074632631354 -0.842431603050
-0.062448610410 -0.944372742112
-0.164029037044 -0.455653180093
-0.199453991807 -0.611550492261
-0.211556252751 -0.715287067554
-0.209177031201 -0.816862916407
0.180089994493 -0.109179787903
0.279343103245 -0.287907818878
0.314520157181 -0.441893739730
0.361761071418 -0.558481576845
0.148095796431 -0.534786114813
0.194813817685 -0.714658867602
0.223528379341 -0.824272040400
0.246696359657 -0.919924579598
0.035084278115 -0.551654210831
0.043493115908 -0.768072460920
0.053292200494 -0.891939779315
0.068478790372 -1.000000000000
-0.066440948322 -0.521456515318
-0.079295627944 -0.724650957045
-0.077594292919 -0.840645304227
-0.064741671274 -0.942729660726
-0.164931548839 -0.454433159547
-0.200426699252 -0.610296622739
-0.211720876210 -0.714305076352
-0.208282886828 -0.816371787090
0.181034092030 -0.108096019731
0.279304261926 -0.287575907714
0.312802905901 -0.443321976095
0.360339184858 -0.561559060518
0.148887790097 -0.533220652984
0.197054054137 -0.714193413869
0.226342663699 -0.824673428321
0.249712803778 -0.921924256229
0.035455404879 -0.550680271343
0.045056355320 -0.767638505500
0.054860057025 -0.891254917781
0.069965248556 -1.000000000000
-0.065668678034 -0.521024314062
-0.078227473747 -0.724557404911
-0.076375923410 -0.841054388277
-0.063661951838 -0.944122101614
-0.162798205329 -0.455017439360
-0.196352483629 -0.612162758244
-0.206175082109 -0.715831472349
-0.201473342530 -0.817369088919
0.178706003333 -0.107993035955
0.277746951984 -0.288034285297
0.312224734432 -0.443458831230
0.360395592761 -0.560650736192
0.149241048660 -0.532246668738
0.196739535520 -0.713233180884
0.225314713816 -0.823668076531
0.247996148068 -0.920228582488
0.036442289961 -0.549104243050
0.045444381501 -0.766849974001
0.054601469560 -0.891132139101
0.068802008144 -1.000000000000
-0.064950962069 -0.518998951738
-0.076856843354 -0.722972710313
-0.075471676172 -0.839336845813
-0.063511415973 -0.942354667920
-0.163280554776 -0.452228178799
-0.195454266059 -0.609106294719
-0.204365762991 -0.712758016045
-0.199641663995 -0.814650908964
0.179802820322 -0.108941979556
0.276981567591 -0.288232291029
0.309977127018 -0.442554609681
0.354771377063 -0.559928347534
0.148664744786 -0.536417475747
0.194937479650 -0.715811665150
0.222498980330 -0.825186802359
0.244038058110 -0.920841104930
0.035609987147 -0.553300719159
0.045223023961 -0.769668127076
0.054454065222 -0.892812042582
0.069345676828 -1.000000000000
-0.065554409819 -0.523303552912
-0.076581063234 -0.725964109759
-0.074151917783 -0.842129392697
-0.060134667582 -0.944035390412
-0.163659401967 -0.456593195921
-0.194901022492 -0.614058071675
-0.202907835707 -0.717245979651
-0.195932810012 -0.817253416745
0.179283860366 -0.107964608771
0.277839510324 -0.287421015848
0.310843676663 -0.442611709318
0.354522421947 -0.559179753575
0.149870530980 -0.533870681986
0.195869274493 -0.714047421615
0.223501064642 -0.823555124281
0.244512124245 -0.918597425082
0.036830672787 -0.551991667460
0.046802518055 -0.769208156746
0.055952934387 -0.892714127699
0.070095879871 -1.000000000000
-0.064652886108 -0.523095756138
-0.074741816644 -0.725959889968
-0.072762081861 -0.842439370796
-0.059826408182 -0.944594518353
-0.163599930632 -0.457686312661
-0.193620726591 -0.615289453978
-0.201436626245 -0.719217702193
-0.194819726369 -0.820487173813
0.179649385702 -0.108263144907
0.276108012059 -0.288776811756
0.307395123066 -0.444662721138
0.351454104498 -0.561883173947
0.148305538515 -0.537311318305
0.193271353228 -0.717437969312
0.218209574411 -0.826862495487
0.236464774167 -0.921179261508
0.034502272472 -0.554404177285
0.044594081485 -0.770454884412
0.052710525820 -0.893371649723
0.066519055256 -1.000000000000
-0.066905417520 -0.524919469041
-0.076500896202 -0.728143877947
-0.073545163703 -0.843948095573
-0.059224896170 -0.944539924854
-0.165630821151 -0.459403114524
-0.196117117660 -0.616067894852
-0.204692068206 -0.719567203067
-0.198339340346 -0.820080769793
0.179128687493 -0.107964165730
0.277474446318 -0.287714573964
0.309334343881 -0.444068807554
0.352464742389 -0.560317452350
0.150118622176 -0.534821715387
0.197026414766 -0.715449325410
0.223542458597 -0.825147566656
0.243052599761 -0.920137661955
0.035686926687 -0.552915278001
0.045741703698 -0.770479307206
0.053539759343 -0.893657645358
0.066956724935 -1.000000000000
-0.066511292251 -0.523803488730
-0.076372436824 -0.726906362097
-0.074700070493 -0.843492218452
-0.061402675162 -0.944775646817
-0.165935302673 -0.458470945096
-0.195498380448 -0.614569530330
-0.203471051058 -0.717861881291
-0.196533410519 -0.817764841993
