0.182680218909 -0.110728472093
0.325269905710 -0.283583827169
0.428689393471 -0.414248656429
0.525369298313 -0.481849127832
0.133499312759 -0.549004537051
0.184563916144 -0.729479656620
0.204995158118 -0.839519957119
0.219347116352 -0.933330565108
0.013874595560 -0.565756511378
0.018301582888 -0.771611911155
0.018788888354 -0.897004249036
0.017127681462 -1.000000000000
-0.095591902617 -0.527237076214
-0.134896954168 -0.708599467710
-0.151233504525 -0.815541977306
-0.158978722059 -0.905988987706
-0.196306353337 -0.447645271830
-0.278350740214 -0.583305702016
-0.327648406254 -0.677878848793
-0.364108053535 -0.772113125663
0.182059939219 -0.112183889056
0.323930141574 -0.284616538605
0.428158249322 -0.414366010719
0.525260844604 -0.482278797542
0.130369614371 -0.548741173268
0.181426518092 -0.727948287028
0.202526344471 -0.837388663698
0.217926032428 -0.932143139217
0.009409912660 -0.563582673453
0.013831314870 -0.769456040035
0.015151489848 -0.895035783908
0.014780441821 -1.000000000000
-0.099667616839 -0.523218206749
-0.140625790257 -0.705332863603
-0.157413921250 -0.812556524302
-0.165244001348 -0.904296981367
-0.198222687010 -0.442278522189
-0.278543261209 -0.579580005622
-0.326476371764 -0.674980135665
-0.361621033991 -0.770913049834
0.181921407093 -0.112003223271
0.323734975279 -0.284981029874
0.427260109287 -0.416137215545
0.523689917920 -0.484448000508
0.132323331496 -0.549878047737
0.183960096399 -0.728927313029
0.205213915852 -0.837847488582
0.220209352403 -0.930580054419
0.012643274049 -0.566535337639
0.016689473729 -0.772214194372
0.017310064833 -0.897076812204
0.015717875210 -1.000000000000
-0.096256912224 -0.527768980412
-0.136093320606 -0.709049358992
-0.152642271869 -0.815269515112
-0.160463023430 -0.905183022094
-0.196088483527 -0.447424866040
-0.278421721395 -0.582729506337
-0.327953419545 -0.676979030403
-0.364607730066 -0.770766818392
0.186062994850 -0.112741675533
0.328800139067 -0.286261668942
0.431572646548 -0.418700567412
0.529561103000 -0.488748555709
0.135154884931 -0.550504308642
0.186092280070 -0.730653811870
0.206254065672 -0.840994194586
0.220832172199 -0.936533184577
0.012497168438 -0.565738815080
0.017360202469 -0.770422869057
0.017650224131 -0.895296750051
0.016180247592 -1.000000000000
-0.098216804964 -0.526008664234
-0.137072195934 -0.707157321483
-0.153962365171 -0.814113097507
-0.162519419490 -0.905593376402
-0.198901706253 -0.446187550118
-0.278522913358 -0.583512562421
-0.326011837707 -0.678066483057
-0.361022754208 -0.773122552687
0.183157763676 -0.110874085984
0.326149769457 -0.286093389037
0.429596770374 -0.418674315782
0.525465463271 -0.485941056341
0.132954233877 -0.548022801184
0.185213226527 -0.729006548844
0.206656408299 -0.839097493737
0.221988147390 -0.932586651401
0.012621039939 -0.564219558836
0.017144303290 -0.770753502799
0.017473816126 -0.896518962416
0.015579455657 -1.000000000000
-0.096704086701 -0.525093076414
-0.135628825742 -0.706150798001
-0.151889501955 -0.813571738874
-0.159669296219 -0.905099044673
-0.196566288948 -0.445414631572
-0.278313865442 -0.581054879559
-0.326792690304 -0.675360105236
-0.362547783286 -0.769654612408
0.184155445707 -0.112166591782
0.326157049238 -0.285361802468
0.429644732052 -0.415901876423
0.530310568868 -0.483938440498
0.133973419180 -0.546358870512
0.184731130445 -0.725735369507
0.204992493643 -0.835870483928
0.219841456597 -0.931793824681
0.012694625384 -0.561400305885
0.017012233842 -0.767456974394
0.017431233577 -0.893361143026
0.016227834287 -1.000000000000
-0.097063706002 -0.521594979150
-0.137673654079 -0.702956218006
-0.154813282465 -0.809742068685
-0.162955975724 -0.901984557134
-0.196759952851 -0.441464812570
-0.276701572257 -0.578531407012
-0.324243505223 -0.673429811826
-0.359073839499 -0.769621355180
0.181972852150 -0.110390798992
0.324005906418 -0.282366252134
0.426990219188 -0.412849467610
0.522111192392 -0.480687881005
0.134005689669 -0.546972933431
0.186170744263 -0.727123547102
0.207129047116 -0.837234495651
0.221657427728 -0.931142566854
0.013689018938 -0.563420954239
0.018086699721 -0.770401771926
0.018405267008 -0.896064415183
0.016146305779 -1.000000000000
-0.095373269392 -0.524371047712
-0.134192148257 -0.706301715029
-0.150140020049 -0.814639112412
-0.158057655314 -0.906395188165
-0.195238695169 -0.443875883931
-0.277130401799 -0.579888035439
-0.326105882034 -0.674557018613
-0.362276246986 -0.768637689994
0.183262664788 -0.111717780594
0.325422294825 -0.285292551686
0.430322591490 -0.416082529841
0.531019711708 -0.483400073929
0.134532365535 -0.546659748600
0.186920533540 -0.727450866537
0.207472105094 -0.838072017918
0.221822609836 -0.933108055970
0.013639843935 -0.562295126132
0.018732578953 -0.768982020653
0.018577140525 -0.895315916617
0.015986048575 -1.000000000000
-0.096224242660 -0.523163569675
-0.134995050852 -0.704832502972
-0.151299507109 -0.813017567400
-0.159367514590 -0.905190455620
-0.196874606739 -0.443778797031
-0.277982719652 -0.580117626364
-0.326068564356 -0.675089218962
-0.361393098352 -0.770697383120
0.183434533456 -0.110911458119
0.326557886534 -0.284247162328
0.431283706839 -0.414630722523
0.531082067288 -0.481079800770
0.134930483279 -0.546190164894
0.187285272137 -0.727762323181
0.207565442978 -0.838599390245
0.221780956218 -0.933758826882
0.014327045679 -0.561886190052
0.019189643466 -0.769284713365
0.018991808741 -0.895505947894
0.016594835850 -1.000000000000
-0.095162942329 -0.522319488706
-0.134249810547 -0.704755915114
-0.150151196163 -0.813804591999
-0.157768157924 -0.907084964208
-0.195273187543 -0.442343989026
-0.276941760481 -0.578310126803
-0.325672936184 -0.673150924465
-0.361758498944 -0.768600331909
0.184928106009 -0.112132121427
0.327741695194 -0.287058634263
0.432882889679 -0.418584217735
0.535485418826 -0.485405310840
0.134963138045 -0.545425931124
0.186226555792 -0.726259314172
0.205749716417 -0.836899020831
0.219629470624 -0.932585910025
0.013791318429 -0.560758613064
0.018008365802 -0.767799269543
0.017100855299 -0.894363923017
0.014442793526 -1.000000000000
-0.095891712097 -0.521736556077
-0.135420715935 -0.704183824313
-0.152086712284 -0.812794238911
-0.160381999187 -0.906087994115
-0.195440902445 -0.442914575958
-0.274937266378 -0.580051303867
-0.321753573594 -0.674515274265
-0.356272319139 -0.769905055028
0.183498224960 -0.110640083527
0.325396914816 -0.284612509608
0.429368139372 -0.415378485029
0.528976801909 -0.482186362703
0.131642897291 -0.544307074608
0.182364678616 -0.726322562373
0.202014472399 -0.837775276558
0.216108500330 -0.933547473461
0.013129457104 -0.560212442267
0.017481535831 -0.767868086915
0.016576136156 -0.894997184507
0.013495561718 -1.000000000000
-0.094970130592 -0.521529909842
-0.133063329154 -0.704126409682
-0.147920421772 -0.813239958554
-0.154667121879 -0.906833562817
-0.193529167149 -0.442719609879
-0.274104172406 -0.578713721296
-0.321041512778 -0.673600255749
-0.355211501878 -0.769136213855
0.184101523715 -0.110964654308
0.326751368463 -0.285533382790
0.431201086001 -0.416451905231
0.531182263560 -0.482421739020
0.133885940976 -0.547180366132
0.185077254005 -0.728945173041
0.204728293452 -0.839987391909
0.218671434982 -0.934651371616
0.014074279940 -0.563557065349
0.017932623765 -0.771277267854
0.017106403150 -0.897129819489
0.014232921215 -1.000000000000
-0.095015911001 -0.525138009398
-0.132909346157 -0.707194757317
-0.148028140563 -0.814888245841
-0.154869707613 -0.905911067895
-0.194950971282 -0.446000355484
-0.275447909670 -0.582068370445
-0.323308134172 -0.676483122333
-0.358654339440 -0.770199955277
0.183192654576 -0.112976667871
0.325079080272 -0.287699818550
0.430127970329 -0.418346258579
0.532125670674 -0.485707575440
0.130745240150 -0.545681165989
0.182362495885 -0.726924395342
0.202195661160 -0.837272839570
0.216311870115 -0.932587635511
0.009702506707 -0.560228484326
0.014483805903 -0.767979207896
0.013555603353 -0.894429411278
0.010941532598 -1.000000000000
-0.099157561519 -0.520455615484
-0.137826923770 -0.703766800494
-0.153912166720 -0.813018855090
-0.161489471501 -0.906599976316
-0.197345488179 -0.440928676293
-0.276912806315 -0.577376314735
-0.323836084011 -0.672519128782
-0.357838423531 -0.768384955518
0.185230345749 -0.111554434886
0.328333989973 -0.288213496909
0.432138275607 -0.420389143623
0.532131467960 -0.486782236654
0.135431397057 -0.546362978821
0.186085214367 -0.727275462274
0.206195359320 -0.838325182469
0.220524747853 -0.932994380873
0.016080158164 -0.562875598979
0.019750692513 -0.769950289576
0.019102283343 -0.895828436578
0.016287536652 -1.000000000000
-0.093098127962 -0.524714659622
-0.130753649832 -0.706232330374
-0.145883845855 -0.813571010920
-0.152896168832 -0.905273713045
-0.193886289202 -0.445908618016
-0.276125753050 -0.581153260906
-0.325725837882 -0.675732285348
-0.362581741608 -0.770508970789
0.183718021560 -0.111247416473
0.325976772658 -0.284380140977
0.430779903265 -0.415540448087
0.531234023210 -0.486244444324
0.133179696495 -0.546722207692
0.184244681661 -0.727344626128
0.203540561576 -0.837368801784
0.216821803685 -0.932605479285
0.011417729976 -0.562094510637
0.016679654398 -0.769058471629
0.016032979961 -0.894744273418
0.013261720067 -1.000000000000
-0.098638243770 -0.523016711779
-0.135935621526 -0.706729512959
-0.151824116625 -0.815573393572
-0.159794656396 -0.908469954660
-0.198895946959 -0.444187929889
-0.278090155373 -0.582265075914
-0.325187407864 -0.677840751770
-0.359570536285 -0.774037163306
0.183260851823 -0.111214134881
0.324927525580 -0.287883536258
0.429287610822 -0.420402725656
0.532101920846 -0.489021256313
0.133624310095 -0.548898896488
0.185448728257 -0.729216217172
0.205954802714 -0.839199225881
0.220451617942 -0.932569931925
0.014207745431 -0.564521711777
0.018150730938 -0.771431941221
0.017511708954 -0.896940890912
0.014863730210 -1.000000000000
-0.094576171938 -0.525083213247
-0.132764123516 -0.706670393620
-0.148381887781 -0.814537199106
-0.155819317115 -0.906127216830
-0.194294447733 -0.444658253093
-0.275144315098 -0.579487191746
-0.323514022350 -0.673320998302
-0.359559070510 -0.766868112013
0.182006268928 -0.112778199087
0.323807876829 -0.288022874259
0.429001033995 -0.419319905539
0.530834795816 -0.487638517790
0.129807554515 -0.542267516039
0.180293823684 -0.721946825365
0.200350662498 -0.831625015144
0.214353878858 -0.926577565849
0.009861105667 -0.556929595787
0.015904995263 -0.764060363292
0.016521875620 -0.891741933652
0.014342199429 -1.000000000000
-0.098396664931 -0.517389202303
-0.137277872391 -0.699220978836
-0.152957129880 -0.807743243878
-0.160643452672 -0.900938113059
-0.196657473149 -0.438153469315
-0.276941881235 -0.574363967154
-0.324932532744 -0.669365840863
-0.360269850742 -0.765146316310
0.184830936717 -0.112100526138
0.328596428705 -0.289142387297
0.433217391328 -0.421936919386
0.533374525924 -0.489333997713
0.135795104163 -0.547813204577
0.186242242434 -0.727639782150
0.206341469546 -0.838046060290
0.220786175723 -0.932244229895
0.016063596602 -0.564022894323
0.019648973719 -0.770636413358
0.019428793377 -0.896154290577
0.017337918036 -1.000000000000
-0.093151799426 -0.525328537262
-0.131521183709 -0.707376109027
-0.147322974910 -0.814216065678
-0.154632875769 -0.905035226557
-0.193331962950 -0.445843541947
-0.274052573800 -0.581581681947
-0.323235607697 -0.676002072604
-0.360016185120 -0.770167320572
0.183026710752 -0.110978965666
0.326140133175 -0.284567216660
0.432388790578 -0.415318591077
0.533105479815 -0.483655077504
0.135401142020 -0.544451146732
0.186639126505 -0.725299459031
0.205583378877 -0.835619058686
0.218076345889 -0.930013723854
0.014601903188 -0.559685380362
0.020788169882 -0.767465769916
0.020079153302 -0.894631467649
0.016530081108 -1.000000000000
-0.094414463399 -0.520633995703
-0.132396824428 -0.703797528542
-0.148694609882 -0.813016163241
-0.157433271571 -0.905818088325
-0.193112811225 -0.441910109102
-0.271556881026 -0.579180991240
-0.318724866674 -0.673481368847
-0.353748652248 -0.767612497857
0.182333069807 -0.109971945213
0.324584563537 -0.283422639431
0.429431510926 -0.414734738636
0.530009120752 -0.482952990160
0.134678689811 -0.544681944706
0.185620822600 -0.725453175341
0.204708213087 -0.835550262082
0.217479506792 -0.929832254059
0.014140641717 -0.560382751642
0.019239990254 -0.768249512606
0.017935494442 -0.894871841913
0.014387468870 -1.000000000000
-0.095024079889 -0.521333127437
-0.133655418198 -0.703933408831
-0.150391659910 -0.813137130856
-0.158715582992 -0.905793821921
-0.194666543658 -0.441924307357
-0.274478138565 -0.578057595315
-0.321480189657 -0.671529974251
-0.355481723404 -0.764637822800
0.184507142178 -0.109781831919
0.327143224667 -0.283884787094
0.429919798298 -0.417357767822
0.529167858162 -0.487940998936
0.137750232115 -0.545340482833
0.188974412054 -0.725441247424
0.208541673828 -0.835716493118
0.222171775553 -0.930418859994
0.016748024405 -0.561416046924
0.021793771019 -0.768093380267
0.021196400397 -0.894773874828
0.018730370689 -1.000000000000
-0.092841251848 -0.522717378283
-0.131201612005 -0.704272594045
-0.147381848211 -0.812635441312
-0.155136653861 -0.904639194771
-0.192673186703 -0.444145921081
-0.272055650369 -0.579270402692
-0.318943710977 -0.672242197781
-0.353036644566 -0.765247313583
0.182851622522 -0.109136445283
0.323854371719 -0.282041483847
0.426670198413 -0.414151866639
0.530393634260 -0.484672095891
0.137446492177 -0.544078395710
0.188557848757 -0.724012920502
0.207933591109 -0.833984896291
0.221073453071 -0.928728076112
0.016962238950 -0.559725724586
0.022233084298 -0.767117042390
0.021617560664 -0.893849929832
0.018710226950 -1.000000000000
-0.092459504177 -0.521064701818
-0.130827754578 -0.703311036089
-0.146833470016 -0.812545135010
-0.155013265192 -0.905657293022
-0.192543318499 -0.442174137648
-0.272247649518 -0.578508151392
-0.319178444563 -0.671463263606
-0.353629479068 -0.764391709954
0.184405711385 -0.111353100259
0.325937740904 -0.285582543176
0.428991034377 -0.417407594505
0.532388447152 -0.487520530441
0.139754241196 -0.545083926090
0.190845788995 -0.725623164426
0.210076172040 -0.836257923712
0.223432046909 -0.931582561819
0.020007879611 -0.560841789738
0.024799886165 -0.768163218432
0.024579942496 -0.894895360575
0.022261226176 -1.000000000000
-0.089430613159 -0.522234937043
-0.128027283775 -0.704014223490
-0.142798427290 -0.812267586815
-0.149512358441 -0.903715677398
-0.190287321459 -0.443417655071
-0.270939852576 -0.579503200354
-0.318307933754 -0.673929286792
-0.352997026389 -0.768140540777
0.183100642946 -0.111414289162
0.323385695227 -0.284032386248
0.425290100780 -0.415382620428
0.526335942673 -0.486476936471
0.137073938120 -0.544000217546
0.187081505691 -0.723822462591
0.205232864816 -0.834331104269
0.217593115223 -0.929721964971
0.016987994606 -0.558897063624
0.022506633090 -0.766678627922
0.021804612052 -0.894006604323
0.018647400197 -1.000000000000
-0.092064545159 -0.519679384571
-0.129350630809 -0.703042680216
-0.144217607371 -0.812488768672
-0.151918805054 -0.905495945183
-0.192110746751 -0.440458166365
-0.271438397802 -0.578023788185
-0.317948206071 -0.673846674248
-0.352001659675 -0.770037354782
0.182329000171 -0.110643409720
0.323220425401 -0.283578070283
0.426406134978 -0.415860547709
0.527719167792 -0.488497158275
0.135212185062 -0.543610741459
0.186581899084 -0.724377715783
0.206151894845 -0.834312961240
0.219407449533 -0.929208794337
0.014879613559 -0.558734924639
0.019488706454 -0.767256003345
0.018771838405 -0.894365679460
0.015585308377 -1.000000000000
-0.094300507675 -0.519435431191
-0.133252713341 -0.702665171937
-0.148527546226 -0.812120130374
-0.156133871937 -0.905054292189
-0.194200477567 -0.439972785895
-0.274660158340 -0.576534934808
-0.321268294547 -0.671456474434
-0.355082271148 -0.766802920715
0.183608501515 -0.111568385143
0.324748002920 -0.286911212106
0.428063346956 -0.419564817491
0.531306129665 -0.487876771755
0.136977806964 -0.545323558124
0.188097801709 -0.726211009878
0.207848681775 -0.836601771654
0.221547385685 -0.931500001761
0.016883141967 -0.560216041633
0.020905760531 -0.768065938162
0.020154880371 -0.894880340824
0.017621766606 -1.000000000000
-0.092309777532 -0.520600310548
-0.131558220889 -0.703273451207
-0.147108912298 -0.812745089345
-0.154250696118 -0.906060939934
-0.192322555398 -0.440770865299
-0.272668163271 -0.576978356033
-0.319334301655 -0.671612174608
-0.352966773647 -0.766935325790
0.182152319641 -0.109973251386
0.322304563305 -0.281260867183
0.425879721252 -0.412559687711
0.528643408666 -0.485866138577
0.133138231409 -0.545559946369
0.185280767774 -0.726601953870
0.204172575623 -0.836604753427
0.216143906555 -0.930935276419
0.012518182083 -0.560795462767
0.017929466877 -0.769421602078
0.016251629349 -0.895894478808
0.011893131921 -1.000000000000
-0.096439809875 -0.521064228375
-0.134068653312 -0.705541627317
-0.149049210046 -0.815687087230
-0.156942107642 -0.908648314665
-0.195732312053 -0.440913250635
-0.275655168703 -0.577109426427
-0.322543468597 -0.672206007082
-0.356773500171 -0.767652694948
0.183537540367 -0.109896208763
0.324995990360 -0.284581299633
0.427973537792 -0.416652753334
0.529816517129 -0.485284584735
0.136415080880 -0.545789009215
0.188013679322 -0.726315315113
0.208007329911 -0.836765874688
0.221705566404 -0.931188962453
0.016536812266 -0.561406901619
0.021241492272 -0.768541278543
0.020231191017 -0.895021573243
0.017130663334 -1.000000000000
-0.092633599482 -0.522091522446
-0.130078765426 -0.704204008858
-0.145358413302 -0.813170681729
-0.152575050994 -0.905874740401
-0.192892607733 -0.442274220565
-0.273499483647 -0.576972252753
-0.320978846548 -0.671081992470
-0.355459472393 -0.765799513427
0.182156912659 -0.110387612303
0.322922684464 -0.284091144156
0.425861659177 -0.415263198918
0.528626868367 -0.483856197794
0.134179133785 -0.542632062973
0.185055011882 -0.722740429593
0.204047174812 -0.832910821553
0.216744101062 -0.927615826690
0.014023447512 -0.558132409892
0.019825667536 -0.765821227778
0.019149100294 -0.893286383309
0.016317292187 -1.000000000000
-0.094984309557 -0.519475092101
-0.132142550256 -0.702309176848
-0.147672198601 -0.812027668235
-0.155268203548 -0.906001575906
-0.194705745737 -0.441198912745
-0.273773117364 -0.577352478778
-0.320513542709 -0.672374181255
-0.354366716945 -0.768262668307
0.183415184055 -0.111763164164
0.324664842463 -0.285843775758
0.427511407336 -0.417040226987
0.526894342550 -0.484136358190
0.135225272868 -0.545883063296
0.186604044786 -0.727522838079
0.206168303782 -0.838295306410
0.219281178025 -0.932612920350
0.015338238516 -0.561284780494
0.019847811477 -0.769053617325
0.019054597392 -0.895906817283
0.016196709549 -1.000000000000
-0.093981589162 -0.521588483954
-0.132181421587 -0.703719181198
-0.147267038661 -0.813699149444
-0.154032421952 -0.906964070756
-0.194373177994 -0.441208630326
-0.275548482011 -0.576660389525
-0.322712064701 -0.670932496040
-0.356485714030 -0.765087681613
0.183334011814 -0.111439872021
0.324229410357 -0.286027795680
0.428466099940 -0.416872891251
0.532960424146 -0.482949400512
0.134515690306 -0.544209125796
0.186126773270 -0.725595427389
0.205345810932 -0.836446996070
0.218203466056 -0.931231547505
0.014238424076 -0.559514686020
0.020166814925 -0.767660164133
0.019429648860 -0.894561861934
0.016417516414 -1.000000000000
-0.095060995427 -0.520051043255
-0.131666984411 -0.703154573115
-0.146308681370 -0.813634683618
-0.152798988701 -0.907879056828
-0.195541346420 -0.439693869449
-0.275500728930 -0.575431886638
-0.321818183528 -0.670466051842
-0.354809683440 -0.765812627240
0.182049752806 -0.110369535226
0.322466426812 -0.285060366672
0.424631273130 -0.418187859830
0.525846450040 -0.488537737702
0.135398941873 -0.541468057020
0.186716562030 -0.723449941902
0.205608509434 -0.834943872331
0.217836292216 -0.930297168010
0.015563128746 -0.556579959041
0.021030656412 -0.765742987437
0.020014376390 -0.893882509228
0.016232712556 -1.000000000000
-0.093165511501 -0.516954307486
-0.130699603128 -0.700703660891
-0.145312687948 -0.811069584698
-0.152623911828 -0.904815237202
-0.192856295129 -0.437070765311
-0.271904021220 -0.573921149805
-0.318530729276 -0.669670377373
-0.352627231658 -0.765890574088
0.181944668376 -0.109983437760
0.323059423302 -0.282514735971
0.425766362892 -0.413867695041
0.524382799845 -0.484230051347
0.135923094618 -0.538057092450
0.186533395176 -0.719435261898
0.205985667000 -0.830574522549
0.218742898062 -0.925911940936
0.016944910383 -0.553695499988
0.022437182673 -0.763553703233
0.021964815309 -0.892644780170
0.018353464773 -1.000000000000
-0.091110860379 -0.514997049440
-0.127749087773 -0.698282144353
-0.141202315444 -0.807798036187
-0.147554059138 -0.900502548764
-0.190735418609 -0.436188255009
-0.270118298054 -0.571976709970
-0.316944103694 -0.668020876372
-0.350840655775 -0.764657518703
0.182007207514 -0.110472585370
0.323460431793 -0.283843423980
0.427377243874 -0.415369982100
0.528381307839 -0.485859134958
0.133878107049 -0.539196074928
0.184905539799 -0.720009260430
0.203883847256 -0.830281564892
0.216068118285 -0.924992328192
0.014661382380 -0.554770477798
0.021083876221 -0.764022989499
0.020671712074 -0.892530342075
0.017117914999 -1.000000000000
-0.093505152353 -0.515919920595
-0.129922756736 -0.699170238973
-0.143323102247 -0.808826949940
-0.149415854051 -0.902155039448
-0.193094642811 -0.437096139860
-0.271998621654 -0.572751909110
-0.318734531200 -0.669220305180
-0.352581428511 -0.766541191328
0.182378195333 -0.110319137770
0.324925663725 -0.285999127305
0.431113476461 -0.417296774017
0.533427728944 -0.485813874979
0.134617066386 -0.543394096816
0.185642732589 -0.723118939356
0.204729892447 -0.833309436390
0.217690037152 -0.928187456860
0.015657008730 -0.559127857695
0.021220646733 -0.766745024475
0.020211068006 -0.893815369048
0.017011884863 -1.000000000000
-0.092647697273 -0.519973105467
-0.129375688061 -0.703004063259
-0.143880595620 -0.812755393547
-0.150560462529 -0.907289378585
-0.191850326087 -0.440348436765
-0.270503087311 -0.576469144468
-0.316314735846 -0.671336048832
-0.349274554586 -0.767276181028
0.182341703597 -0.109167295538
0.325383203353 -0.282350502022
0.430826190352 -0.413395750868
0.531404241764 -0.481889112300
0.135843330366 -0.540212681314
0.186702844114 -0.721441492904
0.206109747583 -0.832198264033
0.219360653342 -0.927306028360
0.016990545090 -0.556674569140
0.023018956243 -0.766004320062
0.022694512648 -0.893635621651
0.019867740101 -1.000000000000
-0.091126013930 -0.518212054819
-0.126829630034 -0.701850431986
-0.140604038045 -0.811624891332
-0.146565380338 -0.904943101148
-0.190459908461 -0.439253373774
-0.268821816270 -0.576070303415
-0.315029119242 -0.671956192704
-0.348109639489 -0.768067533240
0.182203358625 -0.111065150849
0.324887664787 -0.284424196127
0.430879662756 -0.414089303854
0.532788561775 -0.481724425815
0.134271266714 -0.540541627983
0.184776004464 -0.721101920671
0.203459791785 -0.831458275581
0.216010222422 -0.926615410492
0.015541718023 -0.556019592940
0.021433071080 -0.765014169468
0.020828330787 -0.893104694736
0.017731361676 -1.000000000000
-0.092354647445 -0.516988525577
-0.128504248260 -0.700799539236
-0.142232497969 -0.811381059115
-0.148331720424 -0.905973608489
-0.191282660612 -0.438006298652
-0.270035596895 -0.574904745341
-0.315776029353 -0.670546761019
-0.348530349389 -0.766972076641
0.181566593842 -0.109315753528
0.322531356273 -0.282324363851
0.427485987347 -0.411785758723
0.529661239522 -0.477442186993
0.132380139754 -0.538870795902
0.181951131284 -0.718227895656
0.201217170726 -0.828592797384
0.214139495933 -0.923390612619
0.014803484305 -0.554787088749
0.020536188021 -0.763823428905
0.020191461766 -0.892328510224
0.017001898865 -1.000000000000
-0.092036544524 -0.516015203796
-0.128199267549 -0.700354952686
-0.141300635793 -0.811849483450
-0.147114088616 -0.907392631722
-0.190065370292 -0.436718319805
-0.270041968611 -0.572722484849
-0.316341494573 -0.668114288906
-0.349560791925 -0.763876465777
0.181337401306 -0.110308206344
0.323684177855 -0.283915608658
0.430864680616 -0.413167668669
0.535430764942 -0.477964511255
0.132420035494 -0.538261634756
0.182890384796 -0.718118445148
0.202261034524 -0.828703914247
0.215135829360 -0.923919075754
0.015442350445 -0.554386132553
0.021642178621 -0.763932776271
0.020972432969 -0.892438837656
0.017032565938 -1.000000000000
-0.090795461639 -0.516097078201
-0.126836848940 -0.699522269534
-0.140390213196 -0.809331031674
-0.146912270381 -0.903895668822
-0.187905003133 -0.437618684580
-0.266238665407 -0.574025342324
-0.311703731275 -0.668825921158
-0.344766612028 -0.764256242760
0.182286306816 -0.109579791061
0.324859872934 -0.284566506906
0.431580041004 -0.416272613969
0.538707252075 -0.482708224827
0.133914174832 -0.540876166543
0.185785460723 -0.722245194500
0.206588211452 -0.833691414443
0.221737377013 -0.930007761757
0.015982868743 -0.558170211472
0.022135422050 -0.767546859326
0.021762425397 -0.894277052154
0.019256127836 -1.000000000000
-0.091743179753 -0.520806736313
-0.126447594632 -0.704639179645
-0.139735073480 -0.814537912027
-0.145344182229 -0.908582192544
-0.190564270925 -0.442964950501
-0.268626547369 -0.578917447740
-0.313851526850 -0.673952476973
-0.346464901526 -0.768893230249
