-4.083668563960000109e-01 4.702739848999999694e-03
-6.040122294990000196e-01 2.286132236000000106e-03
-2.823344286660000035e-01 3.563156646800000327e-02
5.944961895599999713e-02 -8.998514403000000550e-03
-6.596792234710000535e-01 -7.286144291839999898e-01
-7.559902353330000269e-01 -8.972368422819999578e-01
-7.140846875399999849e-01 -9.413723491330000526e-01
-6.026254932460000102e-01 -8.505494299400000457e-01
-2.199325475339999891e-01 -7.984013417259999690e-01
-1.321035962000000064e-01 -1.000000000000000000e+00
-1.128266405540000045e-01 -9.717661463279999579e-01
-9.021046187499999480e-02 -9.463572051480000358e-01
1.474419994080000129e-01 -6.851771129579999897e-01
2.454149871649999870e-01 -4.723165809559999873e-01
-2.221278560500000027e-02 -1.590585946970000109e-01
-2.614737287689999912e-01 3.605621425999999859e-03
4.533218307810000236e-01 -4.497802414200000043e-01
4.579212441330000050e-01 -1.653554382380000021e-01
2.378724208009999896e-01 1.099435901629999962e-01
8.223253110000000024e-04 2.365384641150000133e-01
-4.631943107559999828e-01 2.844390627130000126e-01
-5.761147316289999543e-01 5.515729223980000429e-01
-2.314292610510000070e-01 7.768652123079999861e-01
3.521831894800000334e-02 7.230510620250000242e-01
-3.531335992049999817e-01 -1.010088468219999952e-01
-5.780666851200000345e-01 -5.091507787200000301e-02
-7.087607424209999563e-01 1.523435022999999888e-01
-6.806233492979999466e-01 3.223833071139999840e-01
-9.362466067999999572e-03 -1.591042075090000063e-01
3.579965226299999803e-02 -1.482506271830000000e-01
2.215483666700000104e-02 -2.318612424600000055e-02
1.140571407740000043e-01 -7.637755301599999380e-02
2.250799064350000045e-01 -5.370897110100000121e-02
1.566110432070000058e-01 3.649315139229999949e-01
-1.699515859340000046e-01 7.282773662370000123e-01
-3.362882228549999852e-01 7.871002479119999506e-01
4.085661925760000202e-01 1.071760680530000065e-01
3.267261568220000134e-01 5.739555840079999527e-01
3.668741012800000312e-02 9.190860726439999961e-01
-1.584568049600000028e-01 1.000000000000000000e+00
-2.816575145599999885e-01 8.504125448999999559e-02
-4.836734303179999750e-01 2.212928511000000070e-02
-3.133260648089999933e-01 2.676000248700000084e-02
-3.282923573100000186e-02 4.117474787599999936e-02
-5.811078818870000218e-01 -7.543401109070000388e-01
-6.386149743929999678e-01 -8.792014528189999734e-01
-5.798065408170000046e-01 -9.573728130940000192e-01
-4.825391672020000189e-01 -9.406911236510000496e-01
-2.034637664720000128e-01 -8.942638626050000150e-01
-2.267663944849999946e-01 -1.000000000000000000e+00
-2.699050994059999931e-01 -9.735053286949999496e-01
-2.653555477399999751e-01 -9.966954638810000544e-01
1.353163714399999995e-01 -8.505903025490000324e-01
1.927860454470000096e-01 -5.817407529239999597e-01
1.230744305400000016e-02 -3.125556234310000181e-01
-1.288134633190000100e-01 -2.473029014129999870e-01
4.345520372669999798e-01 -6.810415411800000429e-01
3.974834357870000168e-01 -3.317774198890000026e-01
2.247255436089999892e-01 -9.829998182099999871e-02
7.065680780199999622e-02 -4.986019087699999908e-02
-5.764546162600000523e-01 1.603616620960000017e-01
-8.187230080990000047e-01 2.598453270269999726e-01
-4.529192990249999995e-01 3.359377222139999786e-01
-7.587276233600000197e-02 2.219861141579999864e-01
-6.377403440069999707e-01 -1.119619273380000057e-01
-9.070601821220000138e-01 -1.620363625929999996e-01
-1.000000000000000000e+00 -9.300931881399999990e-02
-8.967980349790000139e-01 4.216913658799999881e-02
-1.549172159760000000e-01 -1.319036256979999877e-01
-1.501743335759999909e-01 -2.288511247899999990e-01
-1.647211763420000086e-01 -1.689592494490000096e-01
-5.122342671300000178e-02 -1.849917056439999985e-01
2.007856079139999916e-01 -3.136705868300000005e-02
1.604557727950000068e-01 2.601053990359999957e-01
-2.373115652770000084e-01 5.676232979999999984e-01
-4.481210137439999852e-01 6.684770712449999985e-01
4.956309633839999784e-01 1.198004457460000033e-01
3.689369398960000157e-01 5.183123837069999462e-01
4.569760761000000310e-02 8.297350728190000524e-01
-1.759602939419999956e-01 9.328267267459999790e-01
-2.251513744889999946e-01 7.705635700299999502e-02
-4.073541843160000120e-01 3.390027773999999827e-02
-2.327123474059999975e-01 1.723679487999999968e-02
2.778631078200000104e-02 8.792977416000000504e-03
-5.680331019059999820e-01 -7.085950520470000180e-01
-6.394946565750000422e-01 -8.761298920390000466e-01
-5.906549157739999778e-01 -9.459228599260000037e-01
-5.045728080550000438e-01 -8.940221275299999881e-01
-2.150008553170000003e-01 -8.655697886569999611e-01
-1.957452549560000088e-01 -1.000000000000000000e+00
-2.162713528669999996e-01 -9.417969191339999879e-01
-2.241543364119999993e-01 -9.133307409130000387e-01
1.048608177500000016e-01 -8.410895696229999663e-01
2.146464772510000008e-01 -6.058771401639999610e-01
3.066935709600000087e-02 -3.009212014729999995e-01
-1.564732682019999987e-01 -1.778648925680000048e-01
3.762979304649999857e-01 -6.916035085699999696e-01
4.003806652660000243e-01 -3.674362856819999856e-01
2.452806687899999893e-01 -1.143382000949999949e-01
6.449741310100000347e-02 -2.769503158300000087e-02
2.463632203749999972e-01 -5.151840457799999884e-02
2.516654450760000272e-01 6.048666667500000177e-02
1.500608266610000130e-01 5.183291332799999651e-01
8.055897306000000743e-03 9.213778703349999599e-01
4.845456447229999908e-01 -3.179804846100000026e-01
5.695036097700000299e-01 2.136724902630000034e-01
4.873345811970000163e-01 5.439863372880000547e-01
4.381094520230000011e-01 6.675787504700000374e-01
2.146683081930000070e-01 5.285323332399999990e-02
2.758299056429999729e-01 7.856244802620000467e-01
2.838940920660000256e-01 9.340096409450000525e-01
1.171552819869999956e-01 7.637239319580000352e-01
-1.171406706600000049e-02 3.557257493820000227e-01
8.826728944599999960e-02 9.980068187120000323e-01
4.905527253099999790e-02 1.000000000000000000e+00
-1.119064448159999975e-01 7.522158283630000497e-01
-2.516868000879999845e-01 5.921704096240000270e-01
-8.850359951399999758e-02 9.601595556580000412e-01
-6.204811143700000170e-02 9.510454613080000508e-01
-1.452315030820000019e-01 7.958774149249999708e-01
-6.385691777599999952e-02 -3.743302865009999758e-01
-6.111575731399999933e-02 -5.426520581629999951e-01
-2.393012341870000004e-01 -2.442207713389999979e-01
-3.247322320830000053e-01 1.583657005569999998e-01
1.000000000000000000e+00 -2.266328467060000074e-01
8.268933509360000267e-01 8.528580519299999718e-02
5.185742141319999998e-01 1.640753712180000046e-01
2.424802413959999958e-01 1.055012964439999978e-01
9.914749520710000041e-01 2.856604866319999991e-01
2.974859137959999789e-01 4.424015197269999811e-01
-3.194602461239999802e-01 1.903768026140000014e-01
-6.490201356029999813e-01 -1.015368550449999990e-01
7.669819152439999455e-01 6.604584362390000241e-01
-5.989263842200000243e-02 6.290020156829999598e-01
-5.246078136039999951e-01 2.829599995720000205e-01
-6.660990755469999858e-01 -1.219375642199999922e-02
4.771706349700000072e-01 9.519622810100000221e-01
-2.002771300910000107e-01 9.116659582580000087e-01
-5.887385881529999532e-01 5.455902658660000126e-01
-6.891014240709999461e-01 1.999230608310000046e-01
-2.682571749880000023e-01 8.724740456000000532e-02
-4.700329156210000248e-01 4.468583408799999684e-02
-2.863864360539999931e-01 5.084276278899999696e-02
1.515537098999999999e-03 5.800507358999999752e-02
-5.913637132650000350e-01 -7.295370503329999812e-01
-6.676130480259999667e-01 -8.813587515159999608e-01
-6.040647482180000472e-01 -9.558174493390000359e-01
-5.032279802839999538e-01 -9.191379446799999853e-01
-2.160978347599999960e-01 -8.845023773269999889e-01
-2.085343663120000079e-01 -1.000000000000000000e+00
-2.288042405969999971e-01 -9.613246590399999736e-01
-2.224373735179999978e-01 -9.672090943600000212e-01
1.146179824459999941e-01 -8.465945198969999641e-01
2.071508897740000077e-01 -5.673162908859999964e-01
2.474500543300000091e-02 -2.746223834120000151e-01
-1.374262313029999960e-01 -1.864804897110000081e-01
4.015494842449999768e-01 -6.775687714060000255e-01
3.865981278680000188e-01 -3.208093006020000248e-01
2.171174339049999902e-01 -7.260076686699999671e-02
4.922525787700000183e-02 -1.035403761699999967e-02
3.536331670400000293e-02 -3.193125875030000116e-01
2.037728983859999898e-01 -4.808314334370000220e-01
1.919476048529999979e-01 -3.234534177139999911e-01
1.582815691530000124e-01 -1.974994387000000157e-02
9.999863097969999837e-01 -1.891096256729999925e-01
1.000000000000000000e+00 2.426360395500000086e-02
6.549734075399999966e-01 -1.057476950300000051e-02
4.435416008779999864e-01 -6.610132210899999361e-02
9.541575931039999459e-01 2.328785751970000040e-01
6.590409191060000449e-01 4.215907286289999889e-01
2.549176732010000057e-01 2.287235984429999980e-01
1.025618325649999968e-01 5.714199661600000146e-02
7.884458941859999737e-01 5.690506482770000263e-01
4.124648389939999937e-01 6.525134300899999573e-01
3.731675662700000007e-02 3.920354046919999891e-01
-9.421598030099999355e-02 2.230439893620000114e-01
5.919269782799999602e-01 8.273628834849999780e-01
3.327613870550000241e-01 8.705481740010000413e-01
6.289127362099999896e-02 6.534868035569999511e-01
-3.043362654699999920e-02 4.935528268439999811e-01
-4.603414506219999924e-01 1.543441396699999912e-01
-5.942044850040000270e-01 2.703789483519999925e-01
-2.713973169689999909e-01 3.769091610929999892e-01
-1.091377485199999942e-02 2.807947948289999940e-01
-3.460182907330000002e-01 1.846397791749999906e-01
-5.414225836070000186e-01 3.585977304199999827e-01
-6.209816582689999809e-01 6.388295151709999509e-01
-5.462949626549999937e-01 8.096136131290000426e-01
8.310400035000000199e-03 2.285689685739999977e-01
3.998022369800000031e-02 3.984424561450000124e-01
6.637352160499999931e-02 6.610794557970000040e-01
1.683927187869999897e-01 6.589653673580000426e-01
2.574944781910000202e-01 2.968605866699999818e-01
2.299944712560000049e-01 6.035423224179999879e-01
-7.119650257300000340e-02 8.670838510530000098e-01
-2.425475581880000009e-01 8.409133246150000129e-01
4.622212449299999970e-01 3.603930252049999949e-01
3.817228599160000235e-01 7.211832621810000399e-01
1.156252207179999936e-01 9.801333300050000252e-01
-7.566196093900000308e-02 1.000000000000000000e+00
-2.238003445310000061e-01 8.647725762499999802e-02
-4.132954482380000183e-01 3.819079394899999730e-02
-2.567770819379999736e-01 5.207855913000000204e-03
-1.287982680700000028e-02 -2.362439608300000160e-02
-5.821808568059999578e-01 -7.056430728250000506e-01
-6.550736571209999637e-01 -8.709407825749999610e-01
-5.964263160970000310e-01 -9.552828573749999608e-01
-4.988225902210000062e-01 -9.105206668080000343e-01
-2.329665175750000039e-01 -8.722339498779999589e-01
-2.222594508980000050e-01 -1.000000000000000000e+00
-2.548584728869999760e-01 -9.435809259390000037e-01
-2.696043154580000101e-01 -9.077532439559999888e-01
8.417234192299999362e-02 -8.533559484460000455e-01
1.849462327030000075e-01 -6.131780247620000068e-01
1.284576070000000101e-03 -3.209901223980000107e-01
-1.742284830149999908e-01 -2.055631743599999894e-01
3.551273485909999805e-01 -7.063219296299999561e-01
3.666129303730000233e-01 -3.794713164510000181e-01
2.123341116989999888e-01 -1.314059686950000139e-01
4.131135382199999789e-02 -4.635186746100000005e-02
-4.290813177330000117e-01 2.622735723319999934e-01
-5.928705827460000188e-01 3.970977137100000220e-01
-3.023172320979999883e-01 4.028461015450000016e-01
-1.264958695000000096e-03 1.831711513909999867e-01
-5.891212318499999823e-01 -3.732277099610000204e-01
-8.133600513140000210e-01 -5.275488461220000369e-01
-9.752323234269999475e-01 -5.676021290980000078e-01
-1.000000000000000000e+00 -5.213148562749999604e-01
-2.998271646699999793e-01 -6.202640386909999970e-01
-2.925189530980000230e-01 -9.777226376040000222e-01
-3.289054227159999844e-01 -9.799030350499999820e-01
-2.933402571100000022e-01 -9.829232426809999534e-01
-7.721824565700000087e-02 -6.516027642299999645e-01
2.789460314300000118e-02 -4.793302689580000164e-01
-3.135322204209999852e-01 -3.250276389699999907e-02
-5.801496853399999987e-01 2.057027886209999989e-01
1.185776944100000035e-01 -5.432294976570000156e-01
1.141764326829999981e-01 -1.986593387149999945e-01
-1.154703843839999938e-01 2.336770916879999938e-01
-3.324835298130000005e-01 4.536148295160000177e-01
-2.579919600960000059e-01 7.212196482299999822e-02
-4.338415200940000105e-01 8.770924339999999764e-03
-2.505859786799999878e-01 1.654476270000000053e-04
3.426276618000000107e-02 -2.852211487000000118e-03
-5.184412868100000127e-01 -6.843510085809999532e-01
-6.070952537579999975e-01 -8.403465599760000515e-01
-5.871903494750000396e-01 -9.310558616749999850e-01
-5.301593203450000180e-01 -9.254231620080000109e-01
-1.777893160869999933e-01 -8.206915138789999675e-01
-1.940005434250000049e-01 -9.639027159149999857e-01
-2.101949033180000037e-01 -9.776568699819999653e-01
-2.146803234299999863e-01 -1.000000000000000000e+00
1.300114735289999990e-01 -7.938674372889999997e-01
1.923591944259999964e-01 -6.067241699840000280e-01
3.591848917599999719e-02 -3.215549436830000274e-01
-1.270589374170000008e-01 -1.855842754350000012e-01
3.934087894789999873e-01 -6.480271140500000193e-01
3.915777183990000188e-01 -3.697415650859999792e-01
2.486212881079999937e-01 -1.350043837019999915e-01
8.239665848600000175e-02 -4.095928822299999689e-02
-3.103410294310000039e-01 2.483109288860000097e-01
-4.356480711929999750e-01 3.376540197740000027e-01
-2.620466894119999890e-01 3.284572319940000096e-01
-5.866751038000000279e-02 1.280473264330000138e-01
-4.416216242129999969e-01 -3.835048463910000205e-01
-6.632818911219999780e-01 -5.766320385209999788e-01
-8.374493902980000293e-01 -5.749975668550000307e-01
-8.869479839789999875e-01 -4.830882183260000184e-01
-2.438850012450000104e-01 -5.993367128690000323e-01
-2.921813479809999836e-01 -9.628673589620000417e-01
-3.700613977609999994e-01 -9.837800342950000498e-01
-3.888612221960000004e-01 -1.000000000000000000e+00
-9.568376178399999599e-02 -6.207239769669999907e-01
-6.700887894599999450e-02 -4.846598128330000255e-01
-3.483297585890000048e-01 -8.806782171099999945e-02
-5.631977316059999517e-01 1.265309166649999928e-01
2.347001422900000037e-02 -5.311618193839999780e-01
-1.921989736499999865e-02 -2.098123819169999960e-01
-1.941965497610000091e-01 1.694031051279999978e-01
-3.500662384109999858e-01 3.529238045900000009e-01
-2.689382544700000266e-01 5.756203579300000345e-02
-4.378038125759999843e-01 9.781908762000000174e-03
-2.594156535020000209e-01 -2.626645518000000033e-03
-9.696021553999999501e-03 -5.480140623100000080e-02
-5.656864288120000417e-01 -6.437787279290000386e-01
-6.485730234150000051e-01 -8.258911710309999599e-01
-6.236640155429999943e-01 -8.984181938309999671e-01
-5.674340903360000077e-01 -8.826795778039999707e-01
-2.332511178040000133e-01 -7.766859605120000065e-01
-2.535982266580000255e-01 -9.547352945529999912e-01
-2.633491444519999725e-01 -9.798147885319999917e-01
-2.746811025879999923e-01 -1.000000000000000000e+00
6.657554034000000287e-02 -7.570875733880000347e-01
9.054394014599999319e-02 -5.707088979790000405e-01
-3.873069300299999962e-02 -2.752408008900000258e-01
-1.698311450349999918e-01 -1.123423996590000029e-01
3.251578732120000148e-01 -6.274831333629999897e-01
2.826132156219999803e-01 -3.369256373530000181e-01
1.668222298710000107e-01 -9.714229642199999348e-02
3.398750040500000263e-02 8.278023760999999800e-03
-1.446199108050000015e-01 2.142829726300000126e-01
-2.226461259139999871e-01 2.826678832499999738e-01
-1.696183501469999966e-01 2.711882220840000079e-01
-1.480591980219999881e-01 1.197959560619999975e-01
-3.880923878779999892e-01 -3.661968892110000207e-01
-5.960457427859999768e-01 -5.648764564029999935e-01
-6.954380778459999801e-01 -6.863512256470000183e-01
-7.220845894809999610e-01 -7.212763101870000026e-01
-2.475687434540000120e-01 -5.604268415359999755e-01
-3.095780967560000096e-01 -8.360489645690000193e-01
-3.465609317480000118e-01 -9.268803055400000046e-01
-3.861809571870000179e-01 -1.000000000000000000e+00
-1.258373994170000065e-01 -5.961108310370000218e-01
-4.663616105699999737e-02 -4.544691799830000156e-01
-1.471805066359999914e-01 -9.466090008800000233e-02
-2.759791638599999875e-01 1.163157096160000042e-01
-1.431031313000000020e-02 -5.340591446119999919e-01
5.632812790499999722e-02 -3.039525140850000140e-01
-4.633802595999999586e-03 -3.140722772999999819e-03
-1.130883456220000000e-01 1.630720864400000136e-01
-2.487838724920000133e-01 5.885508507900000241e-02
-4.449155333600000040e-01 2.949619876000000081e-03
-3.383315065210000250e-01 -5.563659257999999802e-02
-7.967462144900000487e-02 -1.167222627460000051e-01
-5.060086876720000237e-01 -6.035420303199999781e-01
-6.005951938039999494e-01 -7.716673943609999586e-01
-5.871189046029999803e-01 -8.584913555319999556e-01
-5.376662586260000376e-01 -8.783369012920000385e-01
-2.237034441980000066e-01 -7.333245626550000118e-01
-2.633439404110000104e-01 -9.110180066719999470e-01
-2.813928579089999826e-01 -9.540480174219999610e-01
-2.838516167030000203e-01 -1.000000000000000000e+00
3.430708271800000236e-02 -7.214917550370000265e-01
2.181121678200000080e-02 -5.536211612589999609e-01
-8.120027410499999765e-02 -3.118562435139999867e-01
-1.689710726579999878e-01 -1.976668388020000056e-01
2.517900255120000264e-01 -5.985870919989999539e-01
1.608234343119999965e-01 -3.181637094700000001e-01
5.643572630000000256e-02 -1.093385640720000024e-01
-3.520691223499999856e-02 -3.377663606399999852e-02
-1.691280538609999939e-01 1.980644622280000045e-01
-2.403588450739999882e-01 2.246482478210000133e-01
-2.146655592120000067e-01 1.885624807819999971e-01
-1.724534794039999930e-01 1.229090602199999979e-02
-1.556119809869999926e-01 -3.312515449760000119e-01
-2.565792426569999951e-01 -4.995976242749999852e-01
-3.772180788380000149e-01 -5.253826875939999752e-01
-4.260857947919999833e-01 -4.687250847889999905e-01
-1.043423561390000032e-01 -4.343702654819999731e-01
-1.981081019779999952e-01 -7.478865584689999846e-01
-2.641174353340000058e-01 -8.832915166910000337e-01
-3.251415014119999891e-01 -1.000000000000000000e+00
-5.137901132799999743e-02 -3.930922294540000195e-01
-1.417672701680000036e-01 -2.812602011509999778e-01
-2.986274819990000218e-01 -4.949063511099999896e-02
-4.569773788190000241e-01 5.926364237500000159e-02
-1.382834591300000082e-02 -2.873221070079999828e-01
-3.832039022400000189e-02 -1.400706791690000119e-01
-1.424122963040000134e-01 8.626085718199999475e-02
-2.741622340259999846e-01 2.180239059699999871e-01
-2.756558094950000148e-01 4.162289480399999908e-02
-4.231409820400000021e-01 1.283851776499999979e-02
-2.320786825829999900e-01 -5.602173700000000461e-04
-3.330734979299999898e-02 -7.944572029700000537e-02
-4.727809766250000156e-01 -5.051455093860000023e-01
-5.708784304570000412e-01 -6.704647367620000242e-01
-5.686911649150000470e-01 -7.916615514889999705e-01
-5.218666890080000398e-01 -8.542898799700000545e-01
-1.826536035499999877e-01 -6.044070682979999498e-01
-1.979602140080000128e-01 -7.998483345950000434e-01
-2.211758417180000047e-01 -8.931748506069999705e-01
-2.513578570719999794e-01 -1.000000000000000000e+00
5.781434507600000106e-02 -5.739617189169999856e-01
1.173877489510000011e-01 -4.968327757709999903e-01
-4.964424291999999968e-03 -2.481841666340000030e-01
-1.363640424539999951e-01 -1.141842577230000044e-01
2.503608738240000187e-01 -4.474339364280000009e-01
2.442950698059999926e-01 -2.918693136020000245e-01
1.243683809989999944e-01 -8.068104739100000200e-02
-1.904332966200000116e-02 2.963004474400000171e-02
-2.683223265749999920e-01 3.449845032400000039e-02
-3.891454833019999948e-01 2.493826149400000039e-02
-2.211665243600000053e-01 5.033596215200000085e-02
-3.625788187400000306e-02 -4.265645184599999723e-02
-4.098415606449999915e-01 -5.244773989000000025e-01
-5.417614798290000255e-01 -6.470208611219999684e-01
-6.246649192800000083e-01 -7.350476969239999603e-01
-6.248282851599999965e-01 -7.887747055310000421e-01
-1.331688141100000056e-01 -5.689260576679999737e-01
-1.975977477989999953e-01 -7.797823554780000110e-01
-2.306855432359999902e-01 -8.530175714679999466e-01
-2.506424593179999993e-01 -1.000000000000000000e+00
8.375742400499999740e-02 -4.787559753919999883e-01
3.613232811500000086e-02 -3.407875768349999945e-01
-9.201827741599999388e-02 -7.404613268500000178e-02
-1.874233674959999985e-01 1.100529800400000015e-02
2.537227602179999986e-01 -3.229804769010000132e-01
1.858177393010000122e-01 -1.180408270169999996e-01
6.557942950600000043e-02 9.869313865499999838e-02
-3.446268210100000146e-02 1.648425238319999875e-01
-2.486688665900000095e-01 3.998237404599999656e-02
-4.237230209719999863e-01 -3.637602806000000272e-02
-3.255298955009999773e-01 -9.527978630300000529e-02
-1.016817829679999979e-01 -1.536908277869999950e-01
-4.725054084740000215e-01 -5.642960016019999969e-01
-5.520821113180000017e-01 -7.333711307829999804e-01
-5.349572309210000043e-01 -8.284735004840000361e-01
-4.908642770489999863e-01 -8.706414413680000353e-01
-2.252973361900000027e-01 -6.782456712119999676e-01
-2.768674999030000250e-01 -8.428076048729999936e-01
-2.725657901149999840e-01 -9.150442850479999501e-01
-2.669848809129999889e-01 -1.000000000000000000e+00
6.875536146999999647e-03 -6.714265419739999796e-01
-3.106960033999999968e-02 -4.856818052519999984e-01
-9.208414475199999671e-02 -2.619395427219999850e-01
-1.538675480070000046e-01 -1.805760318530000019e-01
2.052039417769999929e-01 -5.776046573140000140e-01
1.291526439519999903e-01 -3.119977012979999742e-01
5.174329488999999949e-02 -1.324837585059999989e-01
-2.483746721499999893e-02 -9.297931650299999518e-02
-4.032060208720000261e-01 1.818338787350000096e-01
-5.767506130539999942e-01 1.790979875860000126e-01
-3.696378218310000241e-01 2.124613771659999983e-01
-2.358537483600000040e-01 1.510841398849999961e-01
-4.611814375230000040e-01 -3.382467688740000145e-01
-6.702964383949999716e-01 -5.251466347319999617e-01
-8.911493873519999998e-01 -6.289979368489999612e-01
-1.000000000000000000e+00 -7.168371779119999676e-01
-1.257526508729999992e-01 -4.312638416660000140e-01
-2.767288893900000102e-01 -4.807880599670000255e-01
-3.499302285620000119e-01 -4.473544090309999888e-01
-3.795700052839999783e-01 -5.623876624879999842e-01
1.771055762900000108e-01 -3.673930432179999817e-01
3.601718965600000238e-02 -5.096457608899999936e-02
-1.931737986319999878e-01 2.374253084750000131e-01
-3.657089215429999984e-01 2.570934693499999923e-01
4.450911091420000076e-01 -2.928055956719999853e-01
3.732550867189999844e-01 6.845176713299999660e-02
1.831229595230000062e-01 3.478628957189999760e-01
1.733758693299999876e-02 4.009625566719999812e-01
-2.509330551899999762e-01 1.373922140799999948e-02
-3.966202867509999730e-01 -4.226734612199999769e-02
-2.183755850090000061e-01 -8.053713015100000261e-02
-2.175267363800000020e-02 -1.352509892569999927e-01
-4.430133805229999888e-01 -5.337086761470000162e-01
-5.425312201040000115e-01 -6.948226379790000129e-01
-5.381273956230000488e-01 -8.096399635940000339e-01
-4.879575068479999889e-01 -8.672533633760000082e-01
-1.728713182570000007e-01 -6.432058305100000206e-01
-2.136865961149999882e-01 -8.261305509259999624e-01
-2.291034148470000031e-01 -9.074987553819999775e-01
-2.417778932459999919e-01 -1.000000000000000000e+00
5.755714210300000300e-02 -6.268499625990000546e-01
8.773207745800000457e-02 -5.375956055220000307e-01
6.631041602999999604e-03 -2.887457455820000018e-01
-7.936164368100000199e-02 -1.656002348199999974e-01
2.469358253270000081e-01 -5.194890496030000193e-01
2.192559955260000026e-01 -3.467671242750000049e-01
1.141524772449999947e-01 -1.500854081259999917e-01
-2.052685425999999872e-03 -6.593560478099999567e-02
-3.031058615269999756e-01 8.320943900999999351e-03
-4.535161909920000234e-01 -5.152979772800000274e-02
-2.230550724739999990e-01 -5.049841177500000167e-02
3.841400636799999907e-02 -7.509440655999999326e-02
-4.492833635369999912e-01 -5.347145493079999978e-01
-5.521959316329999590e-01 -6.924723455069999867e-01
-5.522160473170000250e-01 -8.181077725169999537e-01
-5.054322098419999909e-01 -8.853502963410000426e-01
-1.483019010540000127e-01 -6.181562330269999572e-01
-1.883365000299999925e-01 -7.940516095290000020e-01
-2.168794357369999981e-01 -8.929329946580000232e-01
-2.476310734889999865e-01 -1.000000000000000000e+00
9.487671829100000065e-02 -5.696922483299999840e-01
1.081513625940000028e-01 -4.701859969239999826e-01
-1.066783459499999996e-02 -2.327618650530000055e-01
-1.248277518410000064e-01 -1.093649478729999958e-01
2.843943746800000061e-01 -4.293864533669999872e-01
2.385262274989999876e-01 -2.573157997719999757e-01
1.151929490259999966e-01 -5.625021715800000016e-02
-1.403056730499999995e-02 4.062106258400000058e-02
-2.698290910050000213e-01 7.033405426899999591e-02
-4.103130823130000104e-01 5.230308561699999886e-02
-2.342796021680000063e-01 2.629153885599999976e-02
-1.765623987400000150e-02 -7.585536178799999474e-02
-4.510040615590000246e-01 -4.580546133219999816e-01
-5.641310443339999647e-01 -6.112325838490000329e-01
-6.035719010590000488e-01 -7.436101947650000099e-01
-5.779627341369999449e-01 -8.303555216689999519e-01
-1.781621431410000123e-01 -5.485950984909999661e-01
-2.175771565019999909e-01 -7.521535690359999471e-01
-2.202343363769999895e-01 -8.530511505790000504e-01
-2.207224144180000014e-01 -1.000000000000000000e+00
4.142182422500000072e-02 -5.092748887660000223e-01
2.882981247599999963e-02 -3.483216141039999769e-01
-9.062424177199999986e-02 -8.993791968700000361e-02
-1.993152713659999964e-01 -6.105394327000000093e-03
2.240831899229999979e-01 -3.994316200660000260e-01
1.891637167740000125e-01 -2.037374324929999980e-01
7.925068438000000548e-02 4.215146407000000019e-03
-3.585766760600000297e-02 7.359353182099999391e-02
-2.516457788920000160e-01 4.789403759199999805e-02
-4.376175346510000064e-01 -1.917856604500000131e-02
-3.318093489619999836e-01 -7.868614349399999375e-02
-9.490140659399999568e-02 -1.464062474289999916e-01
-4.902224712770000270e-01 -5.725406823919999555e-01
-5.793637496750000393e-01 -7.456310937129999594e-01
-5.622821870209999684e-01 -8.384600069099999997e-01
-5.181645350250000392e-01 -8.742889164129999946e-01
-2.377211928959999943e-01 -6.933553072700000541e-01
-2.888475837680000158e-01 -8.662541713150000433e-01
-2.873155413169999894e-01 -9.259294575540000238e-01
-2.860888105609999954e-01 -1.000000000000000000e+00
-1.623926949999999873e-04 -6.911176791919999562e-01
-7.863454940000000337e-03 -5.367445088379999563e-01
-7.754458216699999795e-02 -2.906253976579999954e-01
-1.564237838260000013e-01 -1.848575583279999934e-01
2.054918948589999905e-01 -5.935301340290000116e-01
1.493319460009999988e-01 -3.411582885580000113e-01
6.575572311100000289e-02 -1.423407782159999968e-01
-2.482123653299999830e-02 -8.000632559299999946e-02
-2.617673735509999933e-01 6.404858087000000338e-03
-3.901774516029999917e-01 -5.032989529399999745e-02
-1.814738070219999999e-01 -7.133661093300000533e-02
3.147804310800000199e-02 -1.191139470189999938e-01
-4.310098574990000042e-01 -5.371299282589999669e-01
-5.324845463659999556e-01 -6.915001146170000057e-01
-5.341374278620000249e-01 -8.101613083059999720e-01
-4.806887575659999912e-01 -8.707154645300000384e-01
-1.435559898600000106e-01 -6.435775165639999740e-01
-1.851980999249999982e-01 -8.286784866159999652e-01
-2.160146441609999968e-01 -9.125325584179999616e-01
-2.372279699869999925e-01 -1.000000000000000000e+00
9.373194325099999669e-02 -6.149811661540000030e-01
1.223628633539999983e-01 -5.048835030189999795e-01
1.046780701600000078e-02 -2.566896684980000121e-01
-9.628415618400000542e-02 -1.305086142599999888e-01
2.815083998010000088e-01 -4.894810598479999997e-01
2.509998663379999773e-01 -3.005054562400000240e-01
1.298984793719999975e-01 -9.668993166599999800e-02
-1.018276575999999900e-03 -5.836622359999999940e-03
-2.843866058369999839e-01 2.745565914000000149e-02
-4.622205829700000157e-01 3.028992833000000023e-03
-2.809260599269999825e-01 7.508573743999999786e-03
-1.713243225700000066e-02 -3.735001921899999688e-02
-4.727554008009999809e-01 -5.201094800429999498e-01
-5.798636509679999662e-01 -6.712871832669999872e-01
-5.820652713409999457e-01 -7.931988034710000246e-01
-5.316550241669999455e-01 -8.462522820060000006e-01
-1.795956732489999985e-01 -6.030229580860000382e-01
-2.273079015629999866e-01 -7.930479348140000440e-01
-2.434795222510000023e-01 -8.851585910699999449e-01
-2.687613608319999736e-01 -1.000000000000000000e+00
6.987723914200000275e-02 -5.630135273899999904e-01
8.717815701700000475e-02 -4.610499296539999903e-01
-1.635003927300000132e-02 -1.912598507390000091e-01
-1.346328153630000080e-01 -5.923403326999999996e-02
2.750807896970000055e-01 -4.364761429799999815e-01
2.495878599399999898e-01 -2.616461700819999736e-01
1.367705898699999867e-01 -4.719358997499999847e-02
5.065563520000000014e-03 5.269551687699999820e-02
-2.779807724019999760e-01 3.145999009799999718e-02
-4.360124458449999851e-01 1.906515222700000053e-02
-2.826316788920000267e-01 3.385959891700000141e-02
-6.559804797399999832e-02 -3.345420145599999756e-02
-4.571314889629999878e-01 -4.876884335130000081e-01
-6.099542454649999890e-01 -6.256331646670000302e-01
-6.657944851329999914e-01 -7.284726061730000257e-01
-6.598744667679999898e-01 -7.919370767419999790e-01
-1.831938341350000110e-01 -5.582331225909999972e-01
-2.445142116840000046e-01 -7.558659209870000062e-01
-2.770960950399999900e-01 -8.543691050670000342e-01
-3.022651523359999870e-01 -1.000000000000000000e+00
4.025261512799999802e-02 -4.907914960349999967e-01
5.146437797999999647e-03 -3.390495262950000144e-01
-1.143418177280000059e-01 -6.443238517299999801e-02
-2.049812333819999999e-01 4.645355064900000275e-02
2.154542401039999944e-01 -3.448393968490000017e-01
1.382473623730000045e-01 -1.392182814379999967e-01
2.246237884900000037e-02 8.103032819600000658e-02
-7.337803289300000309e-02 1.701684007529999931e-01
-2.583469341990000112e-01 3.767741799499999683e-02
-4.441623239440000148e-01 -4.390735026599999757e-02
-3.345660319009999828e-01 -9.666591551700000340e-02
-9.383037935900000182e-02 -1.453111111550000056e-01
-4.812064258900000113e-01 -5.823719931759999691e-01
-5.664452531389999601e-01 -7.428492501350000277e-01
-5.473695585279999554e-01 -8.431463826530000150e-01
-4.996148709239999763e-01 -8.938789844719999822e-01
-2.233825512260000090e-01 -6.974942889540000079e-01
-2.844760805959999916e-01 -8.477036884759999724e-01
-2.785303553530000253e-01 -9.141107801219999773e-01
-2.679194837539999874e-01 -1.000000000000000000e+00
1.895961778299999970e-02 -6.922441461370000271e-01
-1.430688077499999919e-02 -5.205340676149999846e-01
-8.811389761400000020e-02 -2.800400679200000242e-01
-1.620568682009999872e-01 -1.837083811859999971e-01
2.288327810620000013e-01 -5.967202750529999600e-01
1.527905989409999998e-01 -3.411823561469999877e-01
6.454371264399999530e-02 -1.494742279790000072e-01
-2.172569453400000072e-02 -9.562007099000000010e-02
-4.310840183719999996e-01 2.458665643690000069e-01
-6.384725612510000481e-01 3.978182846589999877e-01
-4.549514213770000093e-01 5.655605949980000435e-01
-3.729811992779999974e-01 5.499913546219999949e-01
-4.653233546309999968e-01 -3.323349030350000177e-01
-6.562242169980000428e-01 -5.474905653380000015e-01
-9.307935756790000070e-01 -5.812995227889999894e-01
-1.000000000000000000e+00 -6.893206833139999823e-01
-1.656807202470000073e-01 -4.257730262809999999e-01
-4.171738504970000094e-01 -6.331873302860000496e-01
-6.545057819030000168e-01 -6.610664686049999572e-01
-6.868919971800000468e-01 -9.435926549990000245e-01
5.167849834999999753e-02 -3.498668891830000183e-01
-2.061464085980000138e-01 -4.909300536399999887e-02
-4.656039268919999752e-01 3.534143642079999870e-01
-4.790215532420000200e-01 3.560314985760000273e-01
2.266665453280000131e-01 -2.643616526040000192e-01
-5.507434674899999716e-02 1.324868096740000056e-01
-2.691791231280000196e-01 4.719729452179999840e-01
-2.764413804879999881e-01 5.044290235480000106e-01
-2.606860252400000078e-01 3.253325114000000032e-03
-3.929755698599999847e-01 -6.267909617300000680e-02
-1.795607339639999911e-01 -9.757918118800000540e-02
3.570697318800000047e-02 -1.402631084039999976e-01
-4.404450525440000153e-01 -5.458689354169999897e-01
-5.440572657450000182e-01 -6.992183756550000018e-01
-5.414164784739999847e-01 -8.158333746210000292e-01
-4.892277285859999991e-01 -8.745962058999999789e-01
-1.559786842089999903e-01 -6.542106447869999730e-01
-1.964021816379999952e-01 -8.380889162189999464e-01
-2.210000418870000094e-01 -9.165277041799999580e-01
-2.403465001829999947e-01 -1.000000000000000000e+00
8.254946033099999636e-02 -6.304891610970000393e-01
1.057546384499999936e-01 -5.170806854460000546e-01
1.315844889300000001e-02 -2.663145845550000113e-01
-7.866748246900000241e-02 -1.422215837209999945e-01
2.760529019199999823e-01 -5.139600511490000079e-01
2.345500486959999908e-01 -3.158632900569999791e-01
1.192440143560000027e-01 -1.147369267399999948e-01
-4.612748822000000033e-03 -3.120394287199999839e-02
-2.897065685699999893e-01 1.803340021399999979e-02
-4.582616651240000172e-01 -1.292133070400000062e-02
-2.519593638700000082e-01 -1.206641312799999928e-02
2.193874185100000082e-02 -4.955850898999999976e-02
-4.547595141649999895e-01 -5.177673166249999737e-01
-5.569173107920000199e-01 -6.708528382470000384e-01
-5.538012237189999798e-01 -7.916662879610000259e-01
-5.059472325360000466e-01 -8.502740503300000308e-01
-1.602887292899999871e-01 -6.066099281360000095e-01
-1.961303463959999938e-01 -7.798298808620000022e-01
-2.144045728170000109e-01 -8.825203393030000010e-01
-2.400182174670000002e-01 -1.000000000000000000e+00
8.749695257499999490e-02 -5.709000080320000281e-01
1.158344992850000033e-01 -4.865944509560000131e-01
1.534486466999999922e-03 -2.310946636189999959e-01
-1.200292651760000023e-01 -1.014829267819999936e-01
2.900492280920000110e-01 -4.448362996999999930e-01
2.684020745310000122e-01 -2.910696634470000266e-01
1.526807852029999912e-01 -7.423797054599999556e-02
2.200545596599999890e-02 3.543075955999999693e-02
-2.728223058220000108e-01 5.900328837399999860e-02
-4.304005005739999778e-01 3.639569432200000232e-02
-2.589444693640000072e-01 1.881892297199999967e-02
-1.732171779700000108e-02 -7.717457020000000056e-02
-4.661619845509999971e-01 -4.765441915829999875e-01
-5.775279517029999754e-01 -6.250789800249999528e-01
-6.088730721449999717e-01 -7.472305391139999475e-01
-5.714215456519999847e-01 -8.118012897120000515e-01
-1.764627574740000038e-01 -5.685957445299999469e-01
-2.092378632459999943e-01 -7.537610688070000009e-01
-2.126899742420000072e-01 -8.571462430590000015e-01
-2.175841846259999879e-01 -1.000000000000000000e+00
5.831068037699999734e-02 -5.290179378229999951e-01
5.880880510199999744e-02 -3.616051703850000076e-01
-5.702935558399999799e-02 -1.051509296189999942e-01
-1.682918265610000019e-01 -1.527575904299999926e-02
2.494112338249999949e-01 -4.129244602350000126e-01
2.162952227100000124e-01 -2.168250809950000024e-01
9.738944063799999384e-02 -6.696044570000000279e-03
-2.782546041499999942e-02 7.242697939900000215e-02
-2.463324509479999924e-01 4.394193950099999774e-02
-4.284584733049999761e-01 -3.187968807299999818e-02
-3.225482000459999887e-01 -9.572204301799999704e-02
-8.759506390599999803e-02 -1.554117922870000001e-01
-4.869723007990000019e-01 -5.792648311689999607e-01
-5.618576120470000212e-01 -7.346472976150000278e-01
-5.440370540879999606e-01 -8.296300295270000458e-01
-5.000849505169999709e-01 -8.782491073529999914e-01
-2.338540836150000135e-01 -7.049302236609999994e-01
-2.824510004360000215e-01 -8.566083032450000356e-01
-2.801658065250000051e-01 -9.179411327069999516e-01
-2.756776199239999725e-01 -1.000000000000000000e+00
7.152672492000000312e-03 -7.044613434600000001e-01
7.753518975999999611e-03 -5.508167663159999616e-01
-6.587233628499999938e-02 -3.075482547539999945e-01
-1.479794690229999932e-01 -2.084372442840000117e-01
2.180163523779999890e-01 -6.065848509040000502e-01
1.641738869050000105e-01 -3.604087488980000087e-01
7.699760489000000152e-02 -1.662613535570000023e-01
-1.616614732699999876e-02 -1.107105467889999972e-01
-4.251212947899999928e-01 2.926697219709999964e-01
-6.264712924309999709e-01 4.701604271629999943e-01
-4.073446378739999929e-01 5.332850750709999810e-01
-2.001469839949999996e-01 3.998590124240000154e-01
-3.895777358979999883e-01 -2.651276527159999730e-01
-5.914014219550000062e-01 -4.540802690990000112e-01
-8.386616107390000296e-01 -4.701389089129999754e-01
-8.844854419709999860e-01 -5.229085444240000324e-01
-1.474335828449999941e-01 -4.410612973179999785e-01
-3.256682456760000011e-01 -6.775296532250000281e-01
-4.960976653129999803e-01 -7.513114297630000271e-01
-5.082244904370000205e-01 -1.000000000000000000e+00
2.480853419499999893e-02 -4.252608765070000074e-01
-1.816586468149999911e-01 -1.038651511509999931e-01
-4.674608909390000067e-01 2.789053580010000255e-01
-5.865316984630000174e-01 2.951994074729999973e-01
2.044410225640000134e-01 -3.537178587279999897e-01
-4.565412396500000136e-02 7.082473858599999672e-02
-2.532013776839999730e-01 4.694210600839999747e-01
-3.263307208740000021e-01 5.786111174470000007e-01
-2.758865031830000092e-01 1.692156392899999903e-02
-4.112085337679999841e-01 -3.424592035400000206e-02
-1.902949272080000087e-01 -6.842430552200000349e-02
1.542382080699999936e-02 -1.491374101019999898e-01
-4.652570231629999942e-01 -5.679945361620000188e-01
-5.621613938370000341e-01 -7.264692902810000463e-01
-5.667937245980000371e-01 -8.386024421319999700e-01
-5.263507533179999642e-01 -8.778842919479999951e-01
-1.604420187180000124e-01 -6.834642610500000215e-01
-1.907067119929999888e-01 -8.624578044630000218e-01
-2.256776588399999894e-01 -9.338458441489999595e-01
-2.636614563490000118e-01 -1.000000000000000000e+00
9.284221300099999852e-02 -6.623419341780000247e-01
1.220417232249999956e-01 -5.549604314510000469e-01
1.494549308999999944e-02 -3.206118501740000126e-01
-9.407496269100000530e-02 -1.921874627909999911e-01
2.976107552230000119e-01 -5.375880748119999941e-01
2.806423693799999786e-01 -3.545290248740000094e-01
1.608251522119999999e-01 -1.539058034859999979e-01
2.416283657199999949e-02 -5.494071043300000068e-02
-2.942924005140000188e-01 5.135343243400000007e-02
-4.742484690859999907e-01 4.656729877500000170e-02
-2.673006849869999924e-01 4.016423108199999870e-02
2.788919459999999843e-04 -4.323865799200000276e-02
-5.283711974489999630e-01 -5.624392757759999473e-01
-6.470156369030000132e-01 -7.062407053050000494e-01
-6.517456502480000191e-01 -8.154793057639999621e-01
-6.121502784569999855e-01 -8.378639523169999492e-01
-2.076393647660000064e-01 -6.773878766299999965e-01
-2.369680639729999927e-01 -8.597319203200000093e-01
-2.364284169779999889e-01 -9.204636147470000029e-01
-2.660403193609999772e-01 -1.000000000000000000e+00
7.082710713800000057e-02 -6.431180624979999649e-01
1.100986907320000013e-01 -4.570192352929999813e-01
-2.163122204300000143e-02 -1.533284289379999998e-01
-1.886063274429999881e-01 -6.600194941999999905e-03
3.072379818720000211e-01 -5.013313894149999950e-01
3.091230297770000135e-01 -2.408103357120000010e-01
1.849176990020000022e-01 7.099033920000000046e-03
1.028168755500000024e-02 1.101878885820000015e-01
-9.072698378400000097e-02 3.916645811069999761e-01
-9.630990647999999876e-02 6.871972928980000228e-01
-1.230838067000000063e-01 9.589534538230000127e-01
-2.152005995999999866e-01 9.355895899799999693e-01
2.646744984800000200e-01 1.657522089690000033e-01
2.324971443130000037e-01 3.859599736539999770e-01
-1.071723859199999983e-02 7.641878245230000477e-01
-8.318122738699999796e-02 1.000000000000000000e+00
8.572671633700000571e-02 1.886452113700000030e-02
-5.053548451200000347e-02 8.142350082799999778e-02
-2.227772001549999936e-01 4.546218018220000157e-01
-2.422483230599999926e-01 5.169996208899999557e-01
-1.507421663969999992e-01 -2.220779357699999984e-02
-3.108996095550000116e-01 2.816356617810000240e-01
-4.846680459339999802e-01 6.751173151679999984e-01
-5.030834396940000453e-01 6.948696795290000283e-01
-3.820379502869999944e-01 -1.932640259999999892e-04
-6.083739415540000417e-01 3.439463264800000086e-01
-7.778838018589999681e-01 6.668456148389999560e-01
-8.043176354790000371e-01 7.439236033160000483e-01
-2.899087024509999777e-01 4.922110569600000179e-02
-5.211267747059999955e-01 -1.599612945299999991e-02
-3.543436718619999981e-01 -2.160035906000000103e-03
-4.878803263200000295e-02 1.525487705400000067e-02
-6.132606555320000430e-01 -8.503411637919999766e-01
-6.911952700729999677e-01 -9.183649163079999900e-01
-6.529615686469999458e-01 -8.565302389969999819e-01
-5.657055719519999970e-01 -7.517369844629999687e-01
-2.280581141259999944e-01 -9.768684762429999946e-01
-2.497162471599999878e-01 -1.000000000000000000e+00
-3.246223625269999968e-01 -8.244154034980000212e-01
-3.343209747240000196e-01 -7.681951512039999486e-01
1.050973402579999938e-01 -9.080385914680000337e-01
1.456463258269999894e-01 -6.130333443090000278e-01
-4.334839704699999796e-02 -3.096423752610000246e-01
-1.648665208879999955e-01 -2.321480169119999881e-01
3.907343218400000096e-01 -7.195549519670000338e-01
3.339565661780000139e-01 -3.496245889110000116e-01
1.643796129869999900e-01 -9.782260873100000198e-02
2.979151861100000007e-02 -5.264676229799999940e-02
