-2.110288948459999869e-01 -3.271259005999999775e-02
-3.157948532420000176e-01 -2.952575408959999814e-01
-4.837148311200000217e-01 -5.382557880139999806e-01
-6.843580890779999981e-01 -7.486337168329999514e-01
1.412058025060000110e-01 -1.000000000000000000e+00
-1.503729645200000027e-02 -8.423691675029999493e-01
-3.512459641649999798e-01 -5.761581020370000195e-01
-6.098741475059999972e-01 -4.147455338919999734e-01
3.043141455889999958e-01 -9.571678983169999988e-01
1.795705068319999875e-01 -7.329964663850000450e-01
-1.543622178640000064e-01 -3.458925140879999804e-01
-3.596871424649999982e-01 -1.489826053659999983e-01
3.823621777299999747e-01 -7.647506116519999786e-01
3.431331758150000244e-01 -2.980445419419999742e-01
1.724150380100000074e-02 7.427595502000000106e-03
-1.923427378329999882e-01 5.678876827599999705e-02
4.044644529129999833e-01 -5.247258783189999720e-01
4.028320679260000148e-01 -1.096694898640000054e-01
1.526508767549999979e-01 1.224100258899999960e-01
-4.376926020599999911e-02 1.418430778030000117e-01
-4.377193431970000104e-01 -3.788964256200000325e-02
-6.846820884030000443e-01 -2.474221704250000042e-01
-8.049401275840000203e-01 -3.714289265890000080e-01
-1.000000000000000000e+00 -6.285161504070000404e-01
-2.524621487909999851e-01 -8.679472140459999485e-01
-2.329047394110000113e-01 -7.289088054889999446e-01
-4.394586139309999973e-01 -3.321240970680000015e-01
-5.590367748200000264e-01 -1.566306398819999890e-01
1.489620947560000019e-01 -7.211874936900000144e-01
2.444010246880000126e-01 -2.103986116279999985e-01
-3.506041022999999840e-02 2.522122681499999741e-01
-1.205594180650000069e-01 2.814745596139999750e-01
4.278179813599999881e-01 -4.770675530110000118e-01
4.823787216359999852e-01 1.384112969390000059e-01
1.486619843009999997e-01 4.618581936239999908e-01
2.445101096400000007e-02 4.297259532380000024e-01
6.769228505569999665e-01 -2.599229251410000163e-01
7.064964146569999714e-01 3.011460008190000037e-01
3.929591246010000205e-01 5.380309456240000010e-01
2.237710311979999867e-01 4.910706358029999774e-01
-2.996288279680000000e-01 -1.069702144200000010e-02
-5.495436969410000261e-01 -1.483677325949999959e-01
-5.152327860019999539e-01 -3.246399132669999799e-01
-4.072214912359999883e-01 -5.436256123839999788e-01
-6.112453699530000506e-01 -8.571066387289999478e-01
-7.079549700739999896e-01 -9.589669578630000135e-01
-7.232262072049999713e-01 -9.236520996010000317e-01
-7.258330506929999704e-01 -8.046989163559999936e-01
-2.423781462609999882e-01 -9.797536160069999500e-01
-3.105947436970000197e-01 -1.000000000000000000e+00
-3.534623679430000109e-01 -8.870454189569999537e-01
-3.993321178109999758e-01 -8.365667306359999555e-01
9.578662236599999602e-02 -9.328349524610000110e-01
5.771699109899999791e-02 -5.734466666259999679e-01
-6.587202002799999456e-02 -2.982656770450000105e-01
-1.882998145679999902e-01 -2.040622921859999994e-01
3.904926512399999883e-01 -7.629613259969999506e-01
3.316192640689999971e-01 -3.664952296119999842e-01
1.904448678959999863e-01 -1.274439157699999992e-01
4.703104177399999863e-02 -6.007685857399999718e-02
-3.255879167929999762e-01 1.601556507999999995e-03
-5.130467666479999744e-01 -3.024744669880000125e-01
-5.969003409930000448e-01 -5.822651453489999795e-01
-7.070502111230000386e-01 -8.017541120209999983e-01
-2.420558513470000006e-01 -1.000000000000000000e+00
-3.586782759939999843e-01 -9.589750038350000061e-01
-5.414736807200000168e-01 -7.072313247320000107e-01
-6.414878215839999731e-01 -6.220801994279999692e-01
6.364291692399999534e-02 -9.845562417180000470e-01
5.332828499899999741e-02 -8.623678439509999682e-01
-1.263439693819999876e-01 -4.526692378170000253e-01
-1.849949309380000129e-01 -3.458922631970000050e-01
3.098716589909999986e-01 -8.207815429939999685e-01
2.259308442650000137e-01 -3.963494460879999903e-01
-7.426855573900000007e-02 -2.816666689699999851e-02
-2.370517357570000039e-01 -3.102044990099999885e-02
5.173186894779999712e-01 -6.223054399030000239e-01
4.325380824530000168e-01 -1.688753591069999949e-01
1.587247059319999987e-01 1.028251788450000037e-01
-2.777155180600000134e-02 5.374348288099999732e-02
-2.827209543249999957e-01 -6.814302443200000170e-02
-4.429814535630000050e-01 -3.511224154129999886e-01
-5.371670354840000217e-01 -6.146499975020000006e-01
-6.448003780169999644e-01 -8.525064864300000433e-01
-2.535628846290000071e-01 -1.000000000000000000e+00
-2.664116676480000057e-01 -8.723381235429999991e-01
-3.727934953759999837e-01 -5.824785471869999842e-01
-4.183682779130000196e-01 -4.781443388680000073e-01
3.090205672800000122e-02 -9.125161225569999868e-01
7.782089403599999622e-02 -6.893896022369999654e-01
-3.738323063800000345e-02 -3.088077100059999913e-01
-4.721441272400000305e-02 -2.355109921140000062e-01
2.461692021930000085e-01 -7.058200502800000553e-01
2.151882639680000042e-01 -3.050025218290000062e-01
-1.598301807200000133e-02 -1.227535750500000078e-02
-1.174602275729999951e-01 -3.314519175499999748e-02
4.167556577329999956e-01 -4.684969322540000203e-01
3.437397825249999816e-01 -1.263617129469999933e-01
1.016004426569999952e-01 7.669767676300000281e-02
-4.523531585999999993e-02 4.182898568099999853e-02
-2.714078652449999907e-01 -7.348766291599999334e-02
-4.494048221420000044e-01 -2.936977705750000167e-01
-5.385298574550000383e-01 -4.614493599219999798e-01
-6.151620552119999585e-01 -6.168072169049999554e-01
-2.867932095729999742e-01 -1.000000000000000000e+00
-3.861267000170000019e-01 -8.928493742999999983e-01
-4.582278208130000086e-01 -7.476744594519999509e-01
-4.561984132470000008e-01 -6.337858439169999913e-01
6.837622346999999712e-02 -9.756438522329999863e-01
9.564597081900000353e-02 -7.320514332680000402e-01
-3.346234844100000327e-02 -3.418626611419999795e-01
-8.490337127500000025e-02 -2.025968351940000134e-01
3.379763883040000083e-01 -7.961489955830000076e-01
2.998845556349999941e-01 -3.755265544920000087e-01
8.237688680799999663e-02 -9.733269775700000015e-02
-3.182982692499999877e-02 -9.414272031699999488e-02
5.428806374119999889e-01 -5.531272457160000267e-01
4.559884157040000052e-01 -2.032468349730000012e-01
2.457548973510000068e-01 -3.803219894999999937e-03
9.883734410800000536e-02 -1.923920247800000108e-02
-3.056297907020000260e-01 6.046341183900000305e-02
-5.941852816239999724e-01 6.103688359000000209e-03
-6.500742631050000497e-01 -9.950363926999999942e-02
-5.244881434849999469e-01 -2.619375110230000026e-01
-5.362372612979999786e-01 -8.860499965800000544e-01
-7.090277080410000154e-01 -8.264274631439999519e-01
-8.472364586210000548e-01 -7.770146483490000255e-01
-9.177221680720000219e-01 -6.860826618240000174e-01
-2.123938522549999874e-01 -1.000000000000000000e+00
-2.875710348959999996e-01 -8.442128648450000217e-01
-3.807609187050000066e-01 -5.231919799049999931e-01
-4.077605268589999943e-01 -4.001563265229999833e-01
7.425761485600000655e-02 -9.364626697800000343e-01
4.339528825999999784e-02 -5.880841857440000098e-01
-1.128465983270000028e-01 -2.866375134699999938e-01
-2.007222038329999902e-01 -2.355454581009999993e-01
3.314678154710000157e-01 -7.717831768959999561e-01
2.807811781710000121e-01 -4.415437392870000255e-01
1.155263073020000031e-01 -2.097218444700000017e-01
-6.495152786999999588e-03 -1.722963506200000106e-01
-3.336128853720000120e-01 -5.951871259000000337e-03
-6.251262105339999708e-01 -4.317167242600000038e-02
-6.990961532330000061e-01 -8.418912279300000412e-02
-6.017204623090000037e-01 -1.888416380060000122e-01
-6.269328050920000006e-01 -9.007219357000000315e-01
-8.082589731010000333e-01 -8.749896398609999792e-01
-9.335887994799999534e-01 -8.445864667510000201e-01
-9.720149558430000170e-01 -7.251399019440000204e-01
-2.858405480349999750e-01 -1.000000000000000000e+00
-4.427093087699999763e-01 -9.028129666359999694e-01
-5.065318864090000428e-01 -6.876041451550000128e-01
-5.278579750480000277e-01 -5.868502475669999940e-01
3.381633331799999836e-02 -9.166712838930000107e-01
-9.736660910800000457e-02 -5.323733166780000303e-01
-1.937524583870000039e-01 -2.679326565779999725e-01
-2.591305450779999853e-01 -2.143710811769999891e-01
3.153528636649999828e-01 -7.190295949680000076e-01
2.215609795110000113e-01 -4.111720534050000153e-01
1.038355333460000002e-01 -2.025561725589999917e-01
6.421836166000000415e-03 -1.509576431730000057e-01
-3.201418243699999944e-01 1.446467905500000047e-02
-5.810292020570000382e-01 -3.796764090500000244e-02
-6.720209995289999627e-01 -1.002479987749999996e-01
-6.750844828719999580e-01 -2.197896755769999932e-01
-6.113335508010000474e-01 -8.388682004070000531e-01
-7.873162712160000076e-01 -9.403705080509999759e-01
-9.209198535560000343e-01 -8.980475027780000508e-01
-9.638577647410000449e-01 -7.319994616660000508e-01
-2.824596567089999732e-01 -9.510366420950000510e-01
-4.304433056070000041e-01 -1.000000000000000000e+00
-5.392219122019999977e-01 -8.486307992339999773e-01
-5.856879991600000279e-01 -7.389858538579999747e-01
2.770405494500000065e-02 -9.024666646679999626e-01
-6.246476201400000261e-02 -6.580396486940000012e-01
-1.684039656059999890e-01 -3.859779359769999751e-01
-2.403466797899999896e-01 -2.555156113440000265e-01
3.150669532070000112e-01 -7.283841936339999767e-01
2.451228523100000001e-01 -5.112658983760000053e-01
1.334262417619999919e-01 -2.904913062910000066e-01
3.484531956499999777e-02 -1.804852173479999933e-01
-2.894174007340000188e-01 1.777785486999999831e-02
-5.347242097690000362e-01 -3.392850284199999678e-02
-6.096733320199999584e-01 -9.418740219700000305e-02
-6.295270458439999883e-01 -1.989702340910000089e-01
-5.450795507310000065e-01 -7.471516651820000465e-01
-7.213283597520000479e-01 -9.007054809200000234e-01
-8.600927645599999449e-01 -8.526801625719999667e-01
-9.048738563610000396e-01 -6.714068360039999739e-01
-2.510268818160000248e-01 -8.589928167489999655e-01
-3.978555973649999800e-01 -1.000000000000000000e+00
-5.183605931789999621e-01 -8.356717205070000043e-01
-5.786223146779999604e-01 -7.034144913100000007e-01
2.944645642700000066e-02 -8.234445409480000144e-01
-4.916635932800000192e-02 -6.461617947509999960e-01
-1.503945976730000078e-01 -3.741487622279999758e-01
-2.234772502850000120e-01 -2.438200210049999983e-01
2.879520885310000167e-01 -6.685550939629999467e-01
2.370837010719999971e-01 -5.064572030130000124e-01
1.350242380870000092e-01 -3.053685024780000146e-01
3.651406852499999856e-02 -2.074575222589999934e-01
-2.402129318120000134e-01 3.268652384600000127e-02
-4.622284136420000134e-01 -2.487321340000000006e-02
-5.481775482520000464e-01 -9.738178337000000240e-02
-5.984711528510000544e-01 -2.013120222800000025e-01
-5.242700874800000355e-01 -7.275056501769999739e-01
-6.765348402030000319e-01 -8.941813177570000493e-01
-8.112623178140000446e-01 -8.414265138919999609e-01
-8.600606052839999682e-01 -6.648218032930000021e-01
-2.552162232970000000e-01 -8.416514719600000083e-01
-3.834621370449999844e-01 -1.000000000000000000e+00
-4.847859964960000156e-01 -8.118548239520000376e-01
-5.290390172090000398e-01 -6.661163806380000496e-01
9.158396511000000198e-03 -8.139023697530000101e-01
-4.761282191099999728e-02 -6.607086451110000258e-01
-1.337983114290000053e-01 -3.816398083309999745e-01
-1.907060976590000123e-01 -2.577333706839999850e-01
2.650943043130000176e-01 -6.796193041220000008e-01
2.117240711220000071e-01 -4.979301138039999852e-01
1.304758737329999863e-01 -2.975882474759999896e-01
5.418763264200000124e-02 -2.184410833269999908e-01
-2.199570429419999973e-01 2.746217416499999869e-02
-4.415290161400000080e-01 -4.130416810999999744e-02
-5.268354048640000453e-01 -1.204255331010000013e-01
-5.597757959860000243e-01 -2.272685980309999965e-01
-5.177743574790000247e-01 -7.086067998730000150e-01
-6.532918934270000033e-01 -9.069905692009999632e-01
-7.810544945299999764e-01 -8.463497801830000000e-01
-8.359829298790000252e-01 -6.715980898750000261e-01
-2.671846655010000071e-01 -8.097308232840000342e-01
-3.907086552249999789e-01 -1.000000000000000000e+00
-4.893190374320000036e-01 -8.056135220919999895e-01
-5.322909574369999453e-01 -6.462453753969999992e-01
-1.620844050200000164e-02 -7.899230804239999459e-01
-6.541764855800000222e-02 -7.046041210169999847e-01
-1.413256249660000130e-01 -4.352717264589999746e-01
-1.828689456760000109e-01 -2.932583674770000148e-01
2.360377331029999970e-01 -6.713190578679999465e-01
1.847871204369999909e-01 -5.147222823410000370e-01
1.140098404299999951e-01 -3.170697180609999832e-01
5.311076412699999860e-02 -2.252915949500000070e-01
-2.030855445889999944e-01 6.048992137999999880e-03
-4.209815489500000063e-01 -5.916085396899999765e-02
-4.930815572700000260e-01 -1.536550580990000137e-01
-4.569263192040000088e-01 -2.826240299319999760e-01
-5.031170504869999505e-01 -6.956249807180000522e-01
-6.395857348400000308e-01 -8.861438674279999983e-01
-7.429469326619999592e-01 -8.220904256659999909e-01
-7.727455987569999962e-01 -6.526546640410000322e-01
-2.648127970040000112e-01 -7.913115241470000116e-01
-3.976117921810000122e-01 -1.000000000000000000e+00
-4.741112906109999914e-01 -7.769659399739999861e-01
-4.958227807269999787e-01 -6.032114980630000067e-01
-2.236977172699999850e-02 -7.721369833429999607e-01
-7.644585893800000254e-02 -7.190356390600000092e-01
-1.309117965749999890e-01 -4.551996300630000158e-01
-1.483595898060000029e-01 -3.264883381429999898e-01
2.271378317589999862e-01 -6.598462124209999446e-01
1.639182562189999970e-01 -5.259599365579999963e-01
9.573445670100000360e-02 -3.400093465940000059e-01
5.019598865399999693e-02 -2.665842441530000273e-01
-1.918580875479999892e-01 -3.480267492000000198e-03
-3.988967095550000064e-01 -9.476401949200000119e-02
-4.326560557149999875e-01 -2.022562685529999960e-01
-3.707788759910000120e-01 -3.198821090089999930e-01
-4.847327644939999902e-01 -6.890394623229999516e-01
-6.017974596259999531e-01 -8.916123635470000197e-01
-6.861700278179999613e-01 -8.403880281219999748e-01
-7.074453205770000475e-01 -6.873469412479999985e-01
-2.490161730540000062e-01 -7.677770233030000169e-01
-3.674731322090000196e-01 -1.000000000000000000e+00
-4.320789834200000068e-01 -7.706472429399999768e-01
-4.494338859090000193e-01 -5.899095460209999864e-01
-1.550344818899999921e-02 -7.488574641530000298e-01
-5.318307245599999955e-02 -7.890280891199999980e-01
-1.111232619690000062e-01 -5.172012969489999668e-01
-1.344495448140000105e-01 -3.592985021690000003e-01
2.272775400320000139e-01 -6.456008920900000447e-01
1.798088853210000060e-01 -5.867398544630000323e-01
1.028748294860000051e-01 -3.990384259490000196e-01
4.530965284400000070e-02 -3.033489036299999997e-01
-1.949221642220000106e-01 -1.772950010500000048e-02
-3.837046654580000271e-01 -1.121302601509999997e-01
-4.080317738759999813e-01 -2.167544298459999907e-01
-3.662847193659999889e-01 -3.241418625390000141e-01
-4.948371543539999973e-01 -7.003884822689999679e-01
-6.104554397029999802e-01 -9.084784405779999794e-01
-7.011665414959999953e-01 -8.663607395060000105e-01
-7.261615214019999653e-01 -7.139724244270000408e-01
-2.576929064969999961e-01 -7.702562437140000329e-01
-3.749203861800000093e-01 -1.000000000000000000e+00
-4.372138878349999813e-01 -7.884314153479999865e-01
-4.487952659850000248e-01 -6.179113845110000280e-01
-2.667096139000000102e-02 -7.443568729280000129e-01
-6.303368903000000634e-02 -7.825117961140000133e-01
-1.272340522460000123e-01 -5.424892322309999848e-01
-1.513480831200000043e-01 -4.009487976989999924e-01
2.100753279429999898e-01 -6.319844540750000350e-01
1.658359185709999961e-01 -5.920752071949999529e-01
7.761374382199999478e-02 -4.243915845540000009e-01
1.316160190100000051e-02 -3.317114781900000198e-01
-2.085219774510000124e-01 -3.311514583700000264e-02
-3.972148815620000217e-01 -1.332672392779999937e-01
-3.917345694450000138e-01 -2.584383584580000059e-01
-2.898532237509999776e-01 -3.590963589949999757e-01
-4.645697682409999918e-01 -6.778001572180000212e-01
-5.639284866820000186e-01 -8.983456082880000304e-01
-6.441926529779999910e-01 -8.642689337219999768e-01
-6.707298819729999861e-01 -7.261060110729999906e-01
-2.392333817929999940e-01 -7.435902502750000309e-01
-3.450542373430000032e-01 -1.000000000000000000e+00
-4.015327908610000218e-01 -7.916223455740000192e-01
-4.155425670189999976e-01 -6.215652659510000344e-01
-1.606992710299999863e-02 -7.166327440619999489e-01
-7.394554893099999915e-02 -7.543034636080000466e-01
-1.249436832279999937e-01 -5.052360340160000352e-01
-1.329092432020000103e-01 -3.650938241580000132e-01
2.139793156990000000e-01 -6.050141192900000409e-01
1.513988167870000123e-01 -5.643743082740000361e-01
7.882248905100000536e-02 -4.035360158779999762e-01
3.912562416999999793e-02 -3.231448238990000110e-01
-1.966020118340000011e-01 -5.295271950299999808e-02
-3.553952513279999836e-01 -1.914607638290000136e-01
-3.122324010590000198e-01 -3.467160706510000190e-01
-2.027541635719999902e-01 -4.664615471570000005e-01
-4.403486417279999787e-01 -6.682158657560000048e-01
-5.324217229259999851e-01 -8.860228953180000477e-01
-5.960644742059999501e-01 -8.660231287809999623e-01
-6.047223565320000160e-01 -7.416718325409999979e-01
-2.199928240940000057e-01 -7.206087355600000466e-01
-3.106892945270000039e-01 -1.000000000000000000e+00
-3.618480374899999963e-01 -8.027952857739999448e-01
-3.694539041209999874e-01 -6.400502804929999456e-01
-8.118665404000000724e-03 -6.845739213560000369e-01
-4.732575644499999873e-02 -7.728616813369999505e-01
-1.115907677380000018e-01 -5.310388660100000546e-01
-1.241814726049999956e-01 -3.910208402320000109e-01
2.071601064670000047e-01 -5.686498606290000257e-01
1.416118182910000023e-01 -5.658261907060000429e-01
5.541196234199999987e-02 -4.071457403190000268e-01
1.122494807000000080e-02 -3.222304412009999730e-01
-2.051641950339999909e-01 -5.560661827300000110e-02
-3.768723396209999743e-01 -2.034297790200000067e-01
-3.281482588719999982e-01 -3.781954268909999972e-01
-1.870706775160000113e-01 -5.123287310249999837e-01
-4.317194031209999894e-01 -6.670548240939999651e-01
-5.384284182730000312e-01 -8.726571034250000247e-01
-6.062108318290000408e-01 -8.780479937049999739e-01
-6.340404421769999521e-01 -7.805918560240000525e-01
-2.221520520020000000e-01 -7.345595352170000147e-01
-3.364563119960000126e-01 -1.000000000000000000e+00
-3.918545398589999840e-01 -8.346732564080000527e-01
-4.090993510870000183e-01 -6.755596062449999994e-01
-1.886024076099999947e-02 -7.101062230739999537e-01
-9.933871887299999814e-02 -7.162393527420000128e-01
-1.376338894499999910e-01 -4.815136049709999866e-01
-1.293786406799999900e-01 -3.529561073160000229e-01
1.863472679779999974e-01 -6.096712838169999760e-01
7.806916592800000609e-02 -5.338924435909999655e-01
9.328802658999999289e-03 -3.736259825280000002e-01
-1.348812984900000025e-02 -2.987226546269999838e-01
-2.192889542160000038e-01 -6.362139790399999606e-02
-3.927815469509999824e-01 -2.290059954360000039e-01
-3.191434649750000130e-01 -4.096106447990000010e-01
-1.511917379030000008e-01 -5.299604688040000511e-01
-4.233649221879999813e-01 -6.695202877810000341e-01
-5.352391856520000157e-01 -8.573285885579999821e-01
-6.100773862480000087e-01 -8.677866398479999743e-01
-6.428000361019999831e-01 -7.930991374310000230e-01
-2.211908869379999865e-01 -7.396569837159999716e-01
-3.434911744610000262e-01 -1.000000000000000000e+00
-4.180698564959999808e-01 -8.736948129810000463e-01
-4.433673461489999745e-01 -7.364932503000000130e-01
-2.278265578500000138e-02 -7.184521718949999913e-01
-9.640815379299999544e-02 -7.764443584879999749e-01
-1.472006601430000117e-01 -5.585253548909999699e-01
-1.461807398240000111e-01 -4.179573743860000024e-01
1.818050258510000017e-01 -6.212182725410000383e-01
8.157309918900000623e-02 -5.715366108380000032e-01
8.351525934999999567e-03 -4.147510927170000028e-01
-1.788192215000000002e-02 -3.239543573279999866e-01
-2.256680505110000012e-01 -7.165787389300000421e-02
-3.959046952079999793e-01 -2.531621035980000101e-01
-3.178731911070000193e-01 -4.421805690689999957e-01
-1.563049548340000039e-01 -5.812845395779999702e-01
-4.296659952029999729e-01 -7.082356179040000255e-01
-5.266582765989999970e-01 -8.739191542919999556e-01
-6.152960233750000008e-01 -9.063735979050000502e-01
-6.876318216140000494e-01 -8.600051231959999765e-01
-2.209142890859999986e-01 -7.760200844779999718e-01
-3.155218833030000170e-01 -1.000000000000000000e+00
-4.176611567010000137e-01 -9.215144825569999698e-01
-4.948428865110000019e-01 -8.147654635879999496e-01
-1.696673648300000073e-02 -7.473096761859999715e-01
-7.670462009299999773e-02 -8.127746530380000056e-01
-1.436022720369999894e-01 -6.209461825409999802e-01
-1.760456250840000125e-01 -4.745847821060000249e-01
1.910857255579999914e-01 -6.388639620329999991e-01
1.004805337940000015e-01 -5.950223598739999842e-01
2.455203801499999949e-02 -4.407799274099999942e-01
-1.764907552100000027e-02 -3.336970608490000267e-01
-2.390735302460000045e-01 -6.146567845099999705e-02
-4.201114380120000158e-01 -2.585446752810000026e-01
-3.255526819740000022e-01 -4.491194484450000135e-01
-1.408904016499999967e-01 -5.918318371809999645e-01
-4.422306705560000162e-01 -7.344883103279999936e-01
-5.524299289009999558e-01 -8.661902567849999457e-01
-6.551165568100000280e-01 -9.213158892560000535e-01
-7.456342076959999732e-01 -9.167602133900000227e-01
-2.226214304449999903e-01 -8.143412098400000243e-01
-3.100868946379999880e-01 -1.000000000000000000e+00
-4.262179641769999749e-01 -9.490146704490000085e-01
-5.262872666490000517e-01 -8.774002276390000521e-01
-9.715942576999999844e-03 -7.866796490540000075e-01
-5.892596634399999839e-02 -8.246216902520000502e-01
-1.390810479750000106e-01 -6.212279709150000384e-01
-1.919216760259999932e-01 -4.682218451840000073e-01
2.027427304490000137e-01 -6.727987995649999942e-01
1.162060202219999949e-01 -6.069830922479999558e-01
3.613189439399999703e-02 -4.391396205459999758e-01
-1.668324022799999931e-02 -3.241324713379999944e-01
-2.518646060579999846e-01 -5.158857495000000043e-02
-4.378020282660000095e-01 -2.495356579449999890e-01
-3.255242222840000199e-01 -4.423621682689999890e-01
-1.372869244450000137e-01 -6.013245059589999997e-01
-4.601993475889999963e-01 -7.588326744179999528e-01
-5.730231105640000155e-01 -8.528123810979999497e-01
-6.732789605229999585e-01 -9.280394281010000412e-01
-7.662533649880000075e-01 -9.708212213129999713e-01
-2.299771453949999989e-01 -8.582852759139999455e-01
-3.344875108859999835e-01 -1.000000000000000000e+00
-4.423449670510000153e-01 -9.480378436499999895e-01
-5.412420418619999785e-01 -8.969963764780000126e-01
-2.889077941000000021e-03 -8.357006813499999742e-01
-5.448994812900000151e-02 -8.610475251500000482e-01
-1.313614679860000134e-01 -6.423684915339999968e-01
-1.913848786020000137e-01 -4.789709649480000109e-01
2.237911268120000019e-01 -7.120376067100000483e-01
1.425576443730000031e-01 -6.319681743530000118e-01
6.617260405500000053e-02 -4.480843596219999947e-01
1.047009113899999982e-02 -3.239265076719999858e-01
-2.714157578120000025e-01 -4.992285331400000276e-02
-4.641278644240000029e-01 -2.551580252830000228e-01
-3.262126183290000037e-01 -4.603043925459999741e-01
-1.095050444729999961e-01 -6.176373065879999791e-01
-5.302487986220000282e-01 -8.282072963250000086e-01
-6.552730100779999844e-01 -8.588208926329999882e-01
-7.323721537399999759e-01 -9.340892241260000395e-01
-8.038815985949999687e-01 -9.849474101220000444e-01
-2.671012330720000105e-01 -9.628137021429999942e-01
-3.600401633060000273e-01 -1.000000000000000000e+00
-4.628320589600000146e-01 -9.414452139360000027e-01
-5.748122302660000349e-01 -9.178808275449999998e-01
-7.678083068999999768e-03 -9.404137722640000252e-01
-6.140377686500000237e-02 -7.679308138299999476e-01
-1.231253541219999997e-01 -5.245384509960000496e-01
-1.808517447720000004e-01 -4.108640063569999890e-01
2.484866518390000112e-01 -8.069108898600000357e-01
1.419413157230000055e-01 -5.913651455370000365e-01
6.998951322799999708e-02 -3.956199673729999811e-01
1.479322375199999991e-02 -3.104716317980000251e-01
-2.692397135510000150e-01 -2.457856925000000137e-02
-4.638758031860000242e-01 -2.314693943729999870e-01
-3.150158788610000204e-01 -4.373019559129999734e-01
-9.069972600200000568e-02 -6.026317411549999559e-01
-5.504003184800000392e-01 -7.887263421850000400e-01
-6.588775378400000271e-01 -8.194760545039999622e-01
-7.413769479530000206e-01 -9.057872550590000404e-01
-8.089311086310000398e-01 -9.719199936239999449e-01
-2.762678453160000158e-01 -9.236446432939999784e-01
-3.428165476230000119e-01 -1.000000000000000000e+00
-4.533842514309999738e-01 -9.469268347460000346e-01
-5.620743929270000105e-01 -9.231674333560000445e-01
-7.716366252999999967e-03 -9.026034344200000170e-01
-2.815819996900000011e-02 -8.253395924849999954e-01
-1.070748385320000051e-01 -5.560186753779999824e-01
-1.793310842370000047e-01 -4.113469176869999910e-01
2.610697590239999810e-01 -7.666145027059999562e-01
1.683759328099999897e-01 -6.155366285619999767e-01
7.334480521700000033e-02 -3.966093556699999967e-01
-3.924729473000000343e-03 -2.874592133709999997e-01
-2.710622592999999969e-01 -1.230141631000000041e-02
-4.594405956040000238e-01 -2.139059209480000112e-01
-2.937849478899999811e-01 -4.110199961989999817e-01
-6.449287389699999429e-02 -5.887186942869999662e-01
-5.396671655360000264e-01 -7.661127319749999609e-01
-6.514448857360000122e-01 -8.064545456920000355e-01
-7.371289844770000377e-01 -8.912703556000000082e-01
-7.943145579170000081e-01 -9.542638106190000080e-01
-2.639408057020000142e-01 -8.921869458840000489e-01
-3.473368071580000271e-01 -1.000000000000000000e+00
-4.597436504160000159e-01 -9.497900392100000477e-01
-5.548696794059999604e-01 -9.238359032449999786e-01
4.198078499000000227e-03 -8.714313037959999786e-01
-2.300754673399999992e-02 -8.819621574849999535e-01
-1.095296288259999945e-01 -5.940241604929999975e-01
-1.800307483559999977e-01 -4.186182426549999724e-01
2.785480476680000095e-01 -7.339447681599999829e-01
1.937315018649999887e-01 -6.579181499130000166e-01
9.826615852499999415e-02 -4.223209302300000023e-01
2.676168003699999978e-02 -2.806767234029999836e-01
-2.773113364750000032e-01 -2.296299039000000188e-03
-4.635841841200000202e-01 -2.177526814680000034e-01
-2.946380656800000053e-01 -4.260569490969999817e-01
-6.161322080000000007e-02 -6.153376842650000178e-01
-5.453707549480000250e-01 -7.600317462540000513e-01
-6.539312011029999594e-01 -7.930638638150000475e-01
-7.321924564949999770e-01 -8.750484650809999820e-01
-7.813338964660000441e-01 -9.353757557499999820e-01
-2.724758708789999928e-01 -8.872423494229999541e-01
-3.454567594069999914e-01 -1.000000000000000000e+00
-4.373777113669999883e-01 -9.496543641589999529e-01
-5.168962732180000241e-01 -9.376035981760000304e-01
-6.486964720000000170e-03 -8.671459296839999498e-01
-2.445662562900000059e-02 -8.774940876100000287e-01
-1.056641842800000036e-01 -5.803613588439999749e-01
-1.791249363219999946e-01 -4.182635039179999903e-01
2.653050072409999793e-01 -7.329219264330000261e-01
1.808140665659999924e-01 -6.507565756880000496e-01
9.415239736600000686e-02 -4.050439713639999995e-01
2.525461890300000067e-02 -2.723214098060000032e-01
-2.529658354239999740e-01 -8.512186277999999467e-03
-4.375673060670000059e-01 -2.172803656179999876e-01
-2.880462042460000260e-01 -4.235509645009999935e-01
-7.132976997600000424e-02 -6.121329829549999602e-01
-5.255169006650000085e-01 -7.631947028579999515e-01
-6.340824221409999684e-01 -8.088644050900000160e-01
-7.001010443189999988e-01 -8.943561988960000431e-01
-7.349475007710000174e-01 -9.456890426949999817e-01
-2.512115588450000159e-01 -8.876176164210000108e-01
-3.245397108940000219e-01 -1.000000000000000000e+00
-4.113689883559999982e-01 -9.497769492659999813e-01
-4.880009044079999803e-01 -9.171064603099999823e-01
1.268514587600000007e-02 -8.670448448530000407e-01
-5.224307664999999594e-03 -8.771463644100000456e-01
-8.112192156000000431e-02 -6.018944519079999500e-01
-1.491811544730000105e-01 -4.282770666199999798e-01
2.784954444009999919e-01 -7.308274262849999703e-01
2.016578787359999958e-01 -6.490264042979999592e-01
1.130586378729999952e-01 -4.136313326609999952e-01
3.985657610800000250e-02 -2.688755169209999796e-01
-2.766359181390000144e-01 -2.494291823999999786e-03
-4.599854836200000241e-01 -2.265637636670000121e-01
-2.931996420920000013e-01 -4.429746772429999924e-01
-6.530028531300000050e-02 -6.313940712509999997e-01
-5.455607751069999622e-01 -7.702174044299999744e-01
-6.471437982529999466e-01 -8.042188910699999971e-01
-7.101394753119999459e-01 -8.871490458509999621e-01
-7.449056869460000119e-01 -9.453390243789999703e-01
-2.679551687119999803e-01 -9.033712316799999975e-01
-3.432443335059999767e-01 -1.000000000000000000e+00
-4.269678879450000131e-01 -9.486248984520000427e-01
-5.022695726620000078e-01 -9.304334498430000266e-01
2.976376183999999894e-03 -8.870906868529999656e-01
-1.669726980199999836e-02 -8.615771024330000083e-01
-9.475872256700000607e-02 -5.800755112919999679e-01
-1.661897316300000038e-01 -4.261864697189999829e-01
2.758721355040000267e-01 -7.580300667980000018e-01
1.916069261020000025e-01 -6.310788518909999922e-01
1.064972276780000032e-01 -3.901408026929999995e-01
3.667139394700000277e-02 -2.664114487029999867e-01
-2.662499762259999958e-01 -2.042918900000000211e-03
-4.527401254199999725e-01 -2.210421253640000028e-01
-2.952938070910000046e-01 -4.340048372890000228e-01
-7.517369632800000034e-02 -6.243538108120000318e-01
-5.450631179729999998e-01 -7.718012851150000131e-01
-6.473207487209999833e-01 -8.162417009579999716e-01
-7.039569000830000478e-01 -9.067798119069999663e-01
-7.237916456080000227e-01 -9.625711035730000198e-01
-2.627336279520000040e-01 -8.977678627430000224e-01
-3.383574395200000251e-01 -1.000000000000000000e+00
-4.138807608710000085e-01 -9.448765973389999795e-01
-4.780810603999999797e-01 -9.190249832169999911e-01
7.765668144999999731e-03 -8.782564394330000246e-01
-7.130354155999999582e-03 -8.690348771189999599e-01
-8.337599109299999312e-02 -5.879041881759999866e-01
-1.541552300029999933e-01 -4.237558468109999810e-01
2.799452415990000276e-01 -7.455599847689999837e-01
2.068487927079999955e-01 -6.456696067810000494e-01
1.143959721900000004e-01 -4.025561878569999807e-01
3.604563847500000251e-02 -2.635322891249999855e-01
-2.564488163240000174e-01 -1.248449218999999992e-03
-4.409253276369999863e-01 -2.230894293289999997e-01
-2.860234675550000216e-01 -4.382425895520000170e-01
-6.693771569799999988e-02 -6.246852295000000499e-01
-5.340553996079999699e-01 -7.779961176299999837e-01
-6.403804209140000481e-01 -8.198682176889999784e-01
-6.926989293390000135e-01 -9.123244788330000521e-01
-7.083164145029999803e-01 -9.643175839750000033e-01
-2.530515418470000166e-01 -9.049902659880000311e-01
-3.356738830500000104e-01 -1.000000000000000000e+00
-4.070046099469999956e-01 -9.497065351889999452e-01
-4.688692175720000077e-01 -9.191743985050000454e-01
1.668945693400000069e-02 -8.840424797739999674e-01
-2.797692512000000183e-03 -8.672272350109999639e-01
-7.836882676699999384e-02 -5.918979397279999777e-01
-1.525227916040000076e-01 -4.253867524350000151e-01
2.873179252940000206e-01 -7.489359192260000020e-01
2.107476438020000065e-01 -6.480546821960000425e-01
1.147552801460000049e-01 -4.132415062120000093e-01
2.943635818000000029e-02 -2.765043181140000028e-01
-2.718886196870000105e-01 5.526000490999999869e-03
-4.616008155860000239e-01 -2.206552114750000015e-01
-2.953316887069999952e-01 -4.417900034030000089e-01
-6.734006734000000383e-02 -6.305010308530000218e-01
-5.542430410790000206e-01 -7.653052137420000012e-01
-6.596418070520000398e-01 -8.173970873039999585e-01
-7.095219868300000066e-01 -9.077779861129999794e-01
-7.277117299359999736e-01 -9.589478723830000551e-01
-2.726197007350000256e-01 -8.960237715040000328e-01
-3.558843718179999782e-01 -1.000000000000000000e+00
-4.242783723510000216e-01 -9.575795974869999450e-01
-4.890866851880000254e-01 -9.339128740390000294e-01
-8.578526000000000407e-06 -8.799118699429999690e-01
-1.390619912899999921e-02 -8.837795596599999914e-01
-8.433753150099999873e-02 -6.140707025770000271e-01
-1.595370264840000052e-01 -4.466080712489999827e-01
2.754477548020000111e-01 -7.489569942149999493e-01
2.050122693349999969e-01 -6.516299403630000375e-01
1.167554407940000066e-01 -4.149906882139999809e-01
3.226261074000000284e-02 -2.737977502200000246e-01
-2.637078753750000115e-01 1.297524248000000080e-03
-4.460997904069999853e-01 -2.252157325820000056e-01
-2.819722583879999966e-01 -4.404220789050000140e-01
-5.687965738499999729e-02 -6.241394414669999557e-01
-5.339606988220000350e-01 -7.643550226580000384e-01
-6.371520944140000031e-01 -8.116308878589999498e-01
-6.933093798680000086e-01 -9.054254599769999690e-01
-7.086117419080000257e-01 -9.619579939650000355e-01
-2.529189922050000261e-01 -8.908672702130000509e-01
-3.314887819060000074e-01 -1.000000000000000000e+00
-4.066879960170000086e-01 -9.481777535550000025e-01
-4.667649027899999914e-01 -9.233372695070000136e-01
1.610399572099999871e-02 -8.724056075330000048e-01
7.870462886999999436e-03 -8.847914332720000496e-01
-7.401284470999999754e-02 -6.044012474640000354e-01
-1.504748640000000137e-01 -4.367602264809999912e-01
2.855830414850000221e-01 -7.415546875790000048e-01
2.178402182730000136e-01 -6.526597430389999843e-01
1.268212203480000022e-01 -4.119375056769999932e-01
4.745827487899999947e-02 -2.735717241449999726e-01
-2.618024641280000120e-01 -3.569647930000000090e-04
-4.495625784000000236e-01 -2.310944011269999987e-01
-2.899315053179999935e-01 -4.532650864589999884e-01
-6.028442437599999815e-02 -6.396394958609999959e-01
-5.357143915330000450e-01 -7.666825991079999625e-01
-6.446434001849999929e-01 -8.123664159769999893e-01
-6.956980523629999746e-01 -9.049867597780000272e-01
-7.137606998529999469e-01 -9.578706797560000430e-01
-2.581631875229999928e-01 -8.968234375770000044e-01
-3.331341441499999778e-01 -1.000000000000000000e+00
-4.019702355599999999e-01 -9.617514345259999820e-01
-4.672199789309999796e-01 -9.361212815660000519e-01
1.140846280600000054e-02 -8.791230746729999934e-01
1.918896198000000089e-03 -8.836100837400000518e-01
-7.988011477799999982e-02 -6.217284287809999865e-01
-1.641242100109999991e-01 -4.543190113750000259e-01
2.826839281130000270e-01 -7.459341972680000321e-01
2.137716761329999937e-01 -6.532069862470000210e-01
1.192507523800000052e-01 -4.244289169359999891e-01
3.001978962699999864e-02 -2.851453757810000211e-01
-2.516650194880000191e-01 -9.436317398999999329e-03
-4.397137991410000057e-01 -2.489109662579999938e-01
-2.943362871940000125e-01 -4.782596158479999748e-01
-6.928287569200000662e-02 -6.621874212460000519e-01
-5.155228454820000028e-01 -7.751923485599999664e-01
-6.233240190729999464e-01 -8.176322739510000215e-01
-6.743284818600000508e-01 -9.117876743659999450e-01
-6.893704723989999561e-01 -9.687715525579999598e-01
-2.381438051220000074e-01 -8.923809903770000274e-01
-3.166761599969999952e-01 -1.000000000000000000e+00
-3.929140520509999956e-01 -9.388839556929999830e-01
-4.580751634740000133e-01 -8.859725975879999549e-01
2.413412534799999967e-02 -8.666391873600000073e-01
-5.805941587000000050e-03 -8.706990672309999901e-01
-7.773694285299999340e-02 -6.056929564759999662e-01
-1.388460745410000086e-01 -4.317359126749999998e-01
2.863034289490000162e-01 -7.329364963369999764e-01
1.960175151280000028e-01 -6.450008729649999717e-01
9.503205216799999466e-02 -4.154944181590000118e-01
1.261164537999999967e-02 -2.729572025929999923e-01
-2.522972506360000033e-01 -1.994399517100000144e-02
-4.398149440310000213e-01 -2.703538838549999768e-01
-2.959300605499999848e-01 -4.951734411270000136e-01
-7.981585312300000512e-02 -6.834594764429999803e-01
-5.114896423360000277e-01 -8.124220992199999714e-01
-6.087407831529999536e-01 -8.468314169309999473e-01
-6.493850207750000436e-01 -9.395894653820000553e-01
-6.614375290570000399e-01 -9.863524612059999530e-01
-2.333510632780000094e-01 -9.246277309629999941e-01
-3.050851715189999980e-01 -1.000000000000000000e+00
-3.732734236629999813e-01 -9.489315780949999501e-01
-4.445165692579999828e-01 -9.067577007639999742e-01
2.941350033000000169e-02 -8.946699718260000544e-01
7.844370955000000770e-03 -8.711384538580000392e-01
-6.360677586900000124e-02 -6.314985099669999657e-01
-1.373763721769999946e-01 -4.688265301649999772e-01
2.904491284810000185e-01 -7.527603690270000536e-01
2.133579585519999877e-01 -6.520491643139999516e-01
1.029368178659999938e-01 -4.318209185169999964e-01
9.981400799999999866e-05 -2.854284572790000141e-01
-2.503636561340000233e-01 -1.521308522100000074e-02
-4.439170633930000220e-01 -2.641174883169999932e-01
-3.115035008590000265e-01 -4.908111129959999985e-01
-1.048197677600000016e-01 -6.858288713560000138e-01
-5.070511893010000160e-01 -8.159767480099999748e-01
-6.136049687850000378e-01 -8.415490272190000454e-01
-6.575969468510000082e-01 -9.327778324480000549e-01
-6.814797552960000226e-01 -9.834565219530000402e-01
-2.336307448530000053e-01 -9.272175913710000161e-01
-3.132297313310000164e-01 -1.000000000000000000e+00
-3.785907710190000164e-01 -9.610771050280000338e-01
-4.556291890049999904e-01 -9.230004211940000536e-01
2.790665476099999862e-02 -8.972323361730000224e-01
1.754806449999999913e-04 -8.986031780909999878e-01
-6.696303844999999810e-02 -6.682268747399999764e-01
-1.449319868279999868e-01 -4.966758290909999984e-01
2.897538286949999931e-01 -7.504252688910000302e-01
2.110915439459999932e-01 -6.728376689330000104e-01
9.910738979399999482e-02 -4.526819057120000100e-01
-1.038300730199999931e-02 -2.904244921069999985e-01
-2.612957006180000041e-01 -1.321574060099999989e-02
-4.591972579799999954e-01 -2.659200896769999822e-01
-3.189951339300000077e-01 -4.921068077870000002e-01
-9.830197386800000603e-02 -6.870918323910000236e-01
-5.319152633889999704e-01 -8.330981695920000041e-01
-6.291956598979999704e-01 -8.442228944940000090e-01
-6.773643086889999942e-01 -9.313374150259999817e-01
-6.959961472250000281e-01 -9.818743337649999958e-01
-2.479539600450000048e-01 -9.542789142440000205e-01
-3.223160750030000243e-01 -1.000000000000000000e+00
-3.927220895469999973e-01 -9.394283647390000436e-01
-4.648376575900000085e-01 -9.217307997020000032e-01
1.909714231199999973e-02 -9.253914519070000066e-01
-5.200214400000000177e-05 -8.734989472619999473e-01
-8.147025131200000270e-02 -6.308855259029999552e-01
-1.656235688380000015e-01 -4.951395646569999864e-01
2.824100644649999992e-01 -7.799502816059999954e-01
2.076919452750000117e-01 -6.557398350409999743e-01
9.568774600000000408e-02 -4.290910038869999998e-01
-9.147760899999999445e-03 -2.966010149789999883e-01
-2.662390856629999747e-01 -1.316238592199999932e-02
-4.599500588900000131e-01 -2.772200435589999845e-01
-3.108369412879999905e-01 -5.082628603290000324e-01
-8.085752527200000539e-02 -7.061061890130000407e-01
-5.309660380709999572e-01 -8.336684262300000370e-01
-6.192228860570000437e-01 -8.409144931209999729e-01
-6.653124499660000302e-01 -9.272407701060000340e-01
-6.770949166220000537e-01 -9.830282884480000538e-01
-2.406179472159999944e-01 -9.559116720070000017e-01
-3.155323542510000134e-01 -1.000000000000000000e+00
-3.872760929690000076e-01 -9.349365290600000211e-01
-4.543961117440000197e-01 -9.234906631839999713e-01
3.160387290299999929e-02 -9.265755877460000178e-01
8.307891221999999520e-03 -8.552639262660000075e-01
-7.283489824300000415e-02 -5.980279347800000478e-01
-1.509935857370000023e-01 -4.679534261309999943e-01
3.012507758749999875e-01 -7.836450677399999787e-01
2.258638529010000007e-01 -6.477266184800000159e-01
1.090176658180000008e-01 -4.154451437369999778e-01
3.830710163999999970e-03 -2.913655011549999840e-01
-2.628390210900000135e-01 -2.019879708800000062e-02
-4.553924456069999849e-01 -2.850277871849999922e-01
-3.021878037330000266e-01 -5.155261418929999451e-01
-6.996711997599999733e-02 -6.993574806010000033e-01
-5.270416602869999467e-01 -8.382155197599999719e-01
-6.166877251329999643e-01 -8.451443227060000396e-01
-6.645379163519999910e-01 -9.254513977599999608e-01
-6.810727373770000259e-01 -9.668099267649999939e-01
-2.437943108769999867e-01 -9.579407001469999461e-01
-3.223465703649999736e-01 -1.000000000000000000e+00
-3.941928789690000157e-01 -9.415866618249999487e-01
-4.612843306180000047e-01 -9.197310524270000398e-01
2.525112994300000163e-02 -9.268286765140000272e-01
-1.617801305999999953e-03 -8.716166194219999719e-01
-7.989467300699999719e-02 -6.278297165580000172e-01
-1.555753419729999920e-01 -4.895892610179999882e-01
2.938244288679999761e-01 -7.808744404999999889e-01
2.149869268959999913e-01 -6.602085104210000388e-01
1.029530310899999940e-01 -4.362823545819999871e-01
3.061344396999999846e-03 -3.036048410889999882e-01
-2.626448617129999996e-01 -1.877444790699999908e-02
-4.569504458060000274e-01 -2.853564468500000006e-01
-2.983829331869999879e-01 -5.186682575909999926e-01
-6.351935505700000151e-02 -7.033247832350000284e-01
-5.210988811029999557e-01 -8.318488028739999818e-01
-6.207912306509999478e-01 -8.497613309129999903e-01
-6.612779569290000437e-01 -9.348515804879999891e-01
-6.685128539060000152e-01 -9.765716725699999934e-01
-2.324830181870000123e-01 -9.536372063229999751e-01
-3.184449429119999841e-01 -1.000000000000000000e+00
-3.843168114750000197e-01 -9.464934941410000357e-01
-4.424707610809999747e-01 -9.240913005030000349e-01
3.767571448800000056e-02 -9.226054490159999455e-01
2.314576296000000165e-03 -8.498395764089999860e-01
-7.086128916200000460e-02 -6.128136450390000434e-01
-1.391994828620000124e-01 -4.840302974690000037e-01
3.009909809019999938e-01 -7.765605352890000423e-01
2.059016343689999973e-01 -6.374930874680000414e-01
9.229418707799999511e-02 -4.149200137960000201e-01
-5.217585821000000033e-03 -2.890469922130000091e-01
