-2.459478168450000002e-01 -1.658240893099999919e-02
-4.410348540269999895e-01 -1.842419977960000066e-01
-3.304740569929999761e-01 -3.420639780979999878e-01
-1.055185110419999961e-01 -4.823712593880000177e-01
-4.045398947289999825e-01 -7.582608884070000110e-01
-5.310072141449999616e-01 -8.807202791429999955e-01
-5.453321062460000368e-01 -9.788179131980000447e-01
-5.378474293189999811e-01 -1.000000000000000000e+00
-1.358232922869999915e-01 -8.493092310209999773e-01
-2.222048625559999990e-01 -9.648582709999999896e-01
-2.558695627659999805e-01 -9.765720539540000411e-01
-3.121525136609999973e-01 -9.899221437999999873e-01
1.069536612229999989e-01 -8.257946133589999516e-01
5.637557801700000121e-02 -7.897785654250000231e-01
-9.194794076999999316e-03 -5.437412259239999823e-01
-9.661870457099999698e-02 -3.690384278380000049e-01
3.293238841000000194e-01 -6.970017322920000202e-01
2.671970614770000085e-01 -6.186481204610000395e-01
1.721075280509999916e-01 -4.095676720950000016e-01
6.500852714400000287e-02 -2.546260024729999905e-01
-2.415294875310000089e-01 -1.243016345000000009e-02
-4.310183973939999968e-01 -1.846023140339999868e-01
-3.277141233299999956e-01 -3.529877359329999797e-01
-1.144232611869999972e-01 -5.100125934220000046e-01
-3.994765131829999816e-01 -7.598343426800000522e-01
-5.191888728910000195e-01 -8.713603790170000307e-01
-5.389357823760000388e-01 -9.654514213049999460e-01
-5.402646781530000553e-01 -1.000000000000000000e+00
-1.331119221700000077e-01 -8.537503975050000360e-01
-2.134414459479999915e-01 -9.631555857979999802e-01
-2.541453583959999984e-01 -9.739633790020000292e-01
-3.142009293690000149e-01 -9.912214938329999558e-01
1.077941685850000025e-01 -8.301371163920000518e-01
6.169572372900000018e-02 -7.907868817290000241e-01
-1.239920170399999924e-02 -5.470007811060000336e-01
-1.043907727939999974e-01 -3.708807241950000111e-01
3.279385486909999758e-01 -6.992455486499999928e-01
2.667004408229999846e-01 -6.005607544169999645e-01
1.687120021029999972e-01 -3.877988904090000077e-01
6.105139151600000313e-02 -2.325354472579999887e-01
-2.390261476449999922e-01 9.641043999999999710e-05
-4.414824048689999780e-01 -1.629243701639999931e-01
-3.497186000149999918e-01 -3.338208597419999868e-01
-1.250815012769999901e-01 -5.023250565900000408e-01
-4.095621124100000121e-01 -7.766098611459999468e-01
-5.216438540369999766e-01 -8.901230112210000156e-01
-5.357116636150000000e-01 -9.813732710850000540e-01
-5.322840373939999870e-01 -1.000000000000000000e+00
-1.350019230570000117e-01 -8.739001674719999446e-01
-2.019327942589999869e-01 -9.747690593200000198e-01
-2.375244117420000078e-01 -9.729714586459999870e-01
-2.950938742729999897e-01 -9.782678502289999800e-01
1.135319555849999967e-01 -8.477785411610000432e-01
7.544216777600000479e-02 -7.835100664859999675e-01
-8.700897331999999512e-03 -5.402574448570000021e-01
-1.094112303930000057e-01 -3.695435361730000090e-01
3.413907215670000106e-01 -7.093802914650000346e-01
2.823085747199999829e-01 -5.853035325250000032e-01
1.736672109959999932e-01 -3.661846273459999912e-01
5.553576254200000284e-02 -2.114472231089999932e-01
-2.484988136719999963e-01 -1.865847026899999928e-02
-4.522930478930000109e-01 -1.906139137350000012e-01
-3.466549642530000197e-01 -3.511443987319999849e-01
-1.097573383989999957e-01 -4.970040356850000118e-01
-3.953451388029999847e-01 -8.036737051160000034e-01
-5.221762565509999732e-01 -9.126628928079999481e-01
-5.342434222309999647e-01 -9.950725097129999863e-01
-5.232820221480000145e-01 -1.000000000000000000e+00
-1.157012698710000037e-01 -8.979879251179999633e-01
-1.938337122100000087e-01 -9.983409592580000380e-01
-2.328343459820000072e-01 -9.928628094739999632e-01
-2.893968391969999887e-01 -9.892135868320000025e-01
1.357673516269999880e-01 -8.688437759189999721e-01
7.688020040100000674e-02 -8.050049396530000179e-01
-3.621104416000000062e-03 -5.553350999430000101e-01
-9.394587123700000320e-02 -3.774997430120000108e-01
3.657378235659999866e-01 -7.276422828020000511e-01
2.805061830019999758e-01 -6.022567034510000195e-01
1.684460926520000013e-01 -3.768351066130000149e-01
5.441164507799999689e-02 -2.156648992730000047e-01
-2.446866698680000007e-01 -9.512273946000000466e-03
-4.604490553510000028e-01 -1.796319750589999986e-01
-3.733476829299999800e-01 -3.512472073580000242e-01
-1.413779129540000123e-01 -4.936153675109999917e-01
-4.299480869219999835e-01 -7.913722270440000095e-01
-5.561957469389999797e-01 -9.027541299050000356e-01
-5.656692681170000236e-01 -9.873237416650000320e-01
-5.517256965760000131e-01 -1.000000000000000000e+00
-1.552779771860000047e-01 -8.899385569979999522e-01
-2.302385959069999932e-01 -9.983944630569999701e-01
-2.649312460770000266e-01 -9.840483837750000351e-01
-3.135250025690000109e-01 -9.772108323820000164e-01
9.977072690200000649e-02 -8.637839557290000192e-01
6.036209283700000316e-02 -8.026059054530000347e-01
-2.457029693499999945e-02 -5.383765729549999657e-01
-1.231298532959999997e-01 -3.553445798420000190e-01
3.378967811229999785e-01 -7.267120940290000553e-01
2.693530997199999888e-01 -5.962143951620000326e-01
1.590429225660000001e-01 -3.685226051080000009e-01
4.037400133499999960e-02 -2.123681640610000088e-01
-2.499012142829999950e-01 -1.592274786299999884e-02
-4.603363204029999878e-01 -1.819581705170000008e-01
-3.740367243939999864e-01 -3.439639235879999868e-01
-1.404076509109999926e-01 -5.036766008999999933e-01
-4.159023080809999828e-01 -8.113293892559999554e-01
-5.527391014739999608e-01 -9.168041790099999977e-01
-5.664601421620000243e-01 -1.000000000000000000e+00
-5.573269595869999593e-01 -9.982431239229999642e-01
-1.339561887640000060e-01 -8.981027628759999937e-01
-2.119646109520000044e-01 -9.990099111279999722e-01
-2.535337718499999782e-01 -9.864471247649999608e-01
-3.204338222340000208e-01 -9.812847998120000081e-01
1.175951736379999973e-01 -8.635630754349999938e-01
6.031731153699999848e-02 -8.137219071140000537e-01
-2.347004226300000024e-02 -5.656239095830000174e-01
-1.233373477749999947e-01 -3.845837570289999952e-01
3.455773142310000212e-01 -7.132723894379999763e-01
2.814715540459999943e-01 -6.230484733960000021e-01
1.718952863529999986e-01 -4.093389325469999895e-01
5.354303998499999884e-02 -2.460650465549999999e-01
-2.480724370980000038e-01 -8.512224259999999487e-03
-4.660637549659999990e-01 -1.698755033859999930e-01
-3.789717824509999944e-01 -3.342507310639999951e-01
-1.392190857360000034e-01 -4.816159954490000228e-01
-4.223855746969999991e-01 -7.899771231279999473e-01
-5.597675160160000551e-01 -8.935588304779999991e-01
-5.820587148900000507e-01 -9.825768162369999947e-01
-5.789460874849999827e-01 -1.000000000000000000e+00
-1.475923301110000085e-01 -8.840539766549999623e-01
-2.237261629110000039e-01 -9.997715640500000056e-01
-2.680696196560000133e-01 -9.825349265260000520e-01
-3.281670008379999892e-01 -9.622902553769999701e-01
1.067623892250000039e-01 -8.538843800900000058e-01
6.199494596099999755e-02 -8.019215632770000379e-01
-2.884217555300000110e-02 -5.395966412279999957e-01
-1.340609093369999893e-01 -3.497469880999999892e-01
3.427471651199999747e-01 -7.110633664100000084e-01
2.722713143109999900e-01 -5.927975534839999838e-01
1.610749448040000031e-01 -3.640554564969999962e-01
4.024478990199999856e-02 -1.988580942959999875e-01
-2.422074781309999925e-01 -1.127580528499999915e-02
-4.699063007670000180e-01 -1.736077939079999910e-01
-4.020740442130000258e-01 -3.446976553500000207e-01
-1.721906782160000093e-01 -5.002315981249999544e-01
-4.282592111699999871e-01 -7.950212763039999908e-01
-5.639607747589999720e-01 -8.900269953199999584e-01
-5.916624022740000211e-01 -9.704309760289999698e-01
-5.978722717259999930e-01 -9.876954567829999698e-01
-1.580277402439999868e-01 -8.902937196500000372e-01
-2.323088679479999863e-01 -1.000000000000000000e+00
-2.821426789259999790e-01 -9.725256328339999534e-01
-3.522217079950000218e-01 -9.576882847750000094e-01
9.674467815199999654e-02 -8.628766894089999751e-01
3.416015266400000000e-02 -8.147575068810000154e-01
-5.053581323700000183e-02 -5.486509678300000026e-01
-1.449735770710000038e-01 -3.609359421309999982e-01
3.371152221059999787e-01 -7.256285291320000441e-01
2.570128636269999878e-01 -6.052294015139999539e-01
1.519031912659999928e-01 -3.771521160360000180e-01
4.221237036000000109e-02 -2.185820558909999933e-01
-2.466202731400000125e-01 -1.300616905000000038e-02
-4.733628635800000151e-01 -1.717394022419999888e-01
-4.066657811100000131e-01 -3.326287894350000163e-01
-1.786893936039999908e-01 -4.961354440779999764e-01
-4.165040383510000277e-01 -7.865735233109999447e-01
-5.607101823300000287e-01 -8.887516991860000548e-01
-5.942777069400000389e-01 -9.779484781789999914e-01
-6.073956433360000462e-01 -1.000000000000000000e+00
-1.453316196970000085e-01 -8.758532012959999724e-01
-2.350331397659999877e-01 -9.851708333649999982e-01
-2.840582378739999747e-01 -9.654326810450000185e-01
-3.579053095859999756e-01 -9.536146008339999591e-01
1.048364701989999981e-01 -8.500255816530000175e-01
3.128146301200000062e-02 -8.080361697079999628e-01
-5.023600855199999993e-02 -5.397687917869999907e-01
-1.495984145289999956e-01 -3.409545789599999766e-01
3.376414151139999764e-01 -7.132777461460000357e-01
2.580676160579999934e-01 -6.191669100000000148e-01
1.502755204869999917e-01 -3.899274019399999736e-01
3.320510972500000102e-02 -2.156924474730000096e-01
-2.429520167760000071e-01 -1.220086900200000046e-02
-4.695903833549999740e-01 -1.737331125200000104e-01
-3.979806252749999995e-01 -3.431761637719999980e-01
-1.616857697430000018e-01 -4.913533731659999737e-01
-4.209347378259999939e-01 -7.777455450369999967e-01
-5.616487732889999807e-01 -8.766839422509999924e-01
-6.023222200929999604e-01 -9.665165902500000294e-01
-6.195851180270000036e-01 -1.000000000000000000e+00
-1.526664275750000133e-01 -8.702752578960000207e-01
-2.381429954400000049e-01 -9.981473941089999968e-01
-2.994756872259999869e-01 -9.677126967679999803e-01
-3.735132567500000222e-01 -9.503971131889999979e-01
1.002734669719999999e-01 -8.425622854019999552e-01
4.498680884799999974e-02 -8.171908467559999556e-01
-3.738713120099999843e-02 -5.297314993289999885e-01
-1.312014935280000072e-01 -3.243565150819999743e-01
3.387226087240000072e-01 -7.049725604230000497e-01
2.655918277450000087e-01 -6.125156624909999792e-01
1.579896193750000011e-01 -3.813752623039999845e-01
4.629553578500000127e-02 -2.164700372399999961e-01
-2.422046110970000055e-01 -1.384190672299999945e-02
-4.761029370779999992e-01 -1.608039350780000043e-01
-4.330967622540000117e-01 -3.162658388969999956e-01
-2.171187906320000138e-01 -4.793659050410000178e-01
-4.217929745330000202e-01 -8.024028811910000059e-01
-5.557519876780000478e-01 -8.891093230669999681e-01
-6.023304028529999909e-01 -9.734470374970000117e-01
-6.290353783740000315e-01 -9.965724277759999694e-01
-1.490098758620000130e-01 -8.929602758110000149e-01
-2.242000528049999941e-01 -1.000000000000000000e+00
-2.911605413550000243e-01 -9.712949187649999594e-01
-3.755938705310000181e-01 -9.552940074739999510e-01
1.054553262070000025e-01 -8.648391134349999732e-01
2.995299138400000019e-02 -8.170165917160000513e-01
-6.355744301799999552e-02 -5.457819535229999630e-01
-1.611070430029999945e-01 -3.511215452290000205e-01
3.454125317219999824e-01 -7.232507911829999525e-01
2.569654817650000034e-01 -6.136072374459999867e-01
1.441866431319999975e-01 -3.841141411849999798e-01
3.208038668799999965e-02 -2.183083351270000139e-01
-2.471682847109999970e-01 -1.461190859900000048e-02
-4.788099552160000050e-01 -1.654966740999999908e-01
-4.089392870449999884e-01 -3.203509338269999729e-01
-1.655565478540000079e-01 -4.547539469690000113e-01
-4.189104953259999986e-01 -7.908485777270000128e-01
-5.648619089699999929e-01 -8.793747319970000031e-01
-6.069269992970000027e-01 -9.607092540210000475e-01
-6.223921250320000320e-01 -9.767366246590000189e-01
-1.454387082980000134e-01 -8.834659113920000362e-01
-2.252631457929999970e-01 -1.000000000000000000e+00
-2.847520797090000166e-01 -9.581788613099999630e-01
-3.536832402000000264e-01 -9.255032931529999507e-01
1.088078554359999950e-01 -8.515506817760000180e-01
4.443665934899999892e-02 -8.000664230509999530e-01
-4.769981121399999996e-02 -5.182931756130000345e-01
-1.429189727269999932e-01 -3.228520678440000014e-01
3.438789937880000203e-01 -7.076306483090000210e-01
2.549403112929999882e-01 -5.892464800919999801e-01
1.422079799759999874e-01 -3.533766374940000010e-01
2.986427905399999944e-02 -1.907996323870000122e-01
-2.431409067270000057e-01 -8.516991866999999369e-03
-4.763052445789999756e-01 -1.581340833780000010e-01
-4.337393701760000053e-01 -3.153018221000000176e-01
-2.208092038299999949e-01 -4.763423146390000085e-01
-4.209276209989999962e-01 -7.938405863199999857e-01
-5.595224185880000034e-01 -8.778463886580000208e-01
-6.114075637670000063e-01 -9.580535772999999589e-01
-6.394338230849999638e-01 -9.745324805539999913e-01
-1.535104182400000017e-01 -8.860460530479999930e-01
-2.298920801919999979e-01 -1.000000000000000000e+00
-3.048960039249999920e-01 -9.587839157090000120e-01
-3.911969152529999882e-01 -9.243665968869999583e-01
9.650054751099999828e-02 -8.565083962720000388e-01
1.794152091300000099e-02 -7.971194428390000475e-01
-8.019981344599999562e-02 -5.223278212159999656e-01
-1.781791522900000035e-01 -3.255952655900000159e-01
3.307866266749999729e-01 -7.148291497219999568e-01
2.389567126500000138e-01 -5.906758900599999862e-01
1.261529726760000081e-01 -3.617166426710000104e-01
1.384647612499999986e-02 -2.010039581510000006e-01
-2.507308790930000142e-01 -1.443485398400000050e-02
-4.887469816869999817e-01 -1.655151118729999982e-01
-4.302732860149999783e-01 -3.206475756530000054e-01
-1.927663082190000099e-01 -4.602616435090000069e-01
-4.275313963530000261e-01 -7.992884300810000342e-01
-5.743234761330000548e-01 -8.785315674860000312e-01
-6.181180545109999924e-01 -9.580759046779999677e-01
-6.379822127600000004e-01 -9.683386558250000054e-01
-1.558489306239999872e-01 -8.945991186309999454e-01
-2.377106277150000113e-01 -1.000000000000000000e+00
-3.018450656800000242e-01 -9.574540728620000163e-01
-3.787810775020000187e-01 -9.181490554179999597e-01
9.951161588300000416e-02 -8.655628763299999529e-01
2.538809754300000096e-02 -7.927069232810000088e-01
-6.979621664599999775e-02 -5.180986093120000247e-01
-1.690471813589999872e-01 -3.210919910780000164e-01
3.364698271009999853e-01 -7.230815808360000485e-01
2.492198277809999918e-01 -5.916960968009999933e-01
1.367914696080000103e-01 -3.656827732769999950e-01
2.277407204900000134e-02 -2.062894013040000030e-01
-2.493079054929999983e-01 -1.281095340999999915e-02
-4.853907042710000064e-01 -1.594273498890000085e-01
-4.337075073739999898e-01 -3.146162652569999829e-01
-2.070476679450000135e-01 -4.717865553860000061e-01
-4.244954783379999985e-01 -7.961970489649999871e-01
-5.662461828170000100e-01 -8.805924282870000175e-01
-6.168848728250000413e-01 -9.628281763110000391e-01
-6.452760140419999679e-01 -9.820834394740000084e-01
-1.514996111099999876e-01 -8.907463316599999459e-01
-2.329425589059999913e-01 -1.000000000000000000e+00
-3.025138585230000010e-01 -9.656227724110000299e-01
-3.857441146519999808e-01 -9.417006266449999830e-01
1.036740279499999973e-01 -8.628523456840000438e-01
2.630963713699999845e-02 -8.038927116990000066e-01
-6.916037416499999646e-02 -5.272006233839999778e-01
-1.676494161640000036e-01 -3.290052435479999815e-01
3.421408267480000043e-01 -7.206067915739999830e-01
2.524063808990000268e-01 -5.985536319969999575e-01
1.387486694160000034e-01 -3.679100290649999772e-01
2.566656976500000104e-02 -2.047912669320000045e-01
-2.512324334969999740e-01 -1.273751850099999992e-02
-4.821273310459999739e-01 -1.614307015210000029e-01
-4.110653788499999961e-01 -3.163304522789999740e-01
-1.679690305619999935e-01 -4.561804760600000064e-01
-4.259721108949999779e-01 -7.869857373330000350e-01
-5.809419226409999748e-01 -8.788787865249999554e-01
-6.243173134609999453e-01 -9.639123883760000178e-01
-6.399930840080000349e-01 -9.793981519569999739e-01
-1.521173566600000082e-01 -8.800096217959999523e-01
-2.355281945530000032e-01 -1.000000000000000000e+00
-2.929421618799999960e-01 -9.660718077459999886e-01
-3.627367480259999777e-01 -9.356444448620000465e-01
1.032247120319999961e-01 -8.505230872179999624e-01
3.680075804300000225e-02 -8.051171030560000386e-01
-5.310400863800000121e-02 -5.309392063900000291e-01
-1.497406372270000119e-01 -3.342200978009999823e-01
3.399868418540000214e-01 -7.074958335590000313e-01
2.579063138989999837e-01 -6.015030922159999571e-01
1.488010495179999948e-01 -3.734095241679999955e-01
3.706729015099999996e-02 -2.089310717410000073e-01
-2.505221568959999923e-01 -1.037511510699999986e-02
-4.855947617720000054e-01 -1.579248513979999990e-01
-4.379697621559999754e-01 -3.158987577140000003e-01
-2.131191556379999907e-01 -4.763560201859999843e-01
-4.220236435549999943e-01 -7.955991459740000549e-01
-5.685653339880000212e-01 -8.682218122100000546e-01
-6.291027652780000201e-01 -9.479454721229999548e-01
-6.634676319629999597e-01 -9.743535003330000555e-01
-1.530538288770000033e-01 -8.886380765450000441e-01
-2.364280903629999986e-01 -1.000000000000000000e+00
-3.158546736939999988e-01 -9.568452115240000388e-01
-4.014621766640000255e-01 -9.319839829810000476e-01
9.633954165800000247e-02 -8.564276364420000398e-01
1.299458230900000025e-02 -7.993661712189999990e-01
-8.707980456800000491e-02 -5.274006054159999790e-01
-1.808455982069999968e-01 -3.428593405170000108e-01
3.264018734529999799e-01 -7.114766334750000087e-01
2.284966296329999924e-01 -5.818503868180000538e-01
1.178401158949999999e-01 -3.532768390739999820e-01
1.459560401199999982e-02 -2.023162162409999909e-01
-2.368657564049999886e-01 -9.787780343999999758e-03
-4.702761285750000075e-01 -1.622572714930000104e-01
-4.181885258879999845e-01 -3.184325295520000210e-01
-1.992476639770000002e-01 -4.608744463239999867e-01
-4.271386412390000276e-01 -7.932460209299999621e-01
-5.736675160819999508e-01 -8.803929445549999455e-01
-6.152839835410000013e-01 -9.593028075659999487e-01
-6.324365527199999892e-01 -9.663852540999999796e-01
-1.613440655689999947e-01 -8.833398156489999931e-01
-2.444922913389999952e-01 -1.000000000000000000e+00
-3.063032386010000052e-01 -9.597531477320000448e-01
-3.806649564719999934e-01 -9.146976309590000298e-01
9.254461369899999457e-02 -8.529369151869999888e-01
2.436382268600000012e-02 -8.102865054460000049e-01
-6.350564671699999997e-02 -5.481569562350000480e-01
-1.584132065689999869e-01 -3.456185485139999791e-01
3.309829127700000262e-01 -7.111264431220000182e-01
2.520562628860000265e-01 -6.016089443559999861e-01
1.465685176909999887e-01 -3.800876817150000142e-01
3.569677017999999674e-02 -2.130723000320000060e-01
-2.393901343469999887e-01 -1.446807326699999993e-02
-4.752722363810000239e-01 -1.630156918590000004e-01
-4.375121037420000025e-01 -3.173418067089999739e-01
-2.258098566629999915e-01 -4.679814928919999728e-01
-4.243608789539999870e-01 -7.864218862570000468e-01
-5.766648678900000435e-01 -8.767869180470000412e-01
-6.235900650100000275e-01 -9.548482043439999734e-01
-6.481676729959999772e-01 -9.676894574130000537e-01
-1.605828679090000044e-01 -8.785876263899999872e-01
-2.483024813899999961e-01 -1.000000000000000000e+00
-3.143413345709999973e-01 -9.620999196060000536e-01
-3.972263424049999880e-01 -9.245943720910000385e-01
8.998904697899999527e-02 -8.529339084010000294e-01
7.525878903000000029e-03 -8.027886248559999993e-01
-8.110387800799999380e-02 -5.298881841270000059e-01
-1.766631418899999861e-01 -3.253731204870000115e-01
3.243395808769999888e-01 -7.179916846689999854e-01
2.291473497869999931e-01 -5.956314274609999515e-01
1.248751306010000006e-01 -3.676913122200000106e-01
1.845610126200000062e-02 -2.008164628019999953e-01
-2.414278205569999891e-01 -1.322966660599999948e-02
-4.783159294880000023e-01 -1.620088444149999918e-01
-4.429378877249999791e-01 -3.179730799680000053e-01
-2.264823745179999903e-01 -4.640489573489999797e-01
-4.244988436259999887e-01 -7.903036952569999496e-01
-5.835771658749999702e-01 -8.796768983470000247e-01
-6.265366269000000043e-01 -9.504978932519999590e-01
-6.418557122810000237e-01 -9.491510300130000521e-01
-1.608875434300000018e-01 -8.803974337990000398e-01
-2.545238348259999950e-01 -1.000000000000000000e+00
-3.178701919229999784e-01 -9.525095715560000231e-01
-3.936203029009999743e-01 -9.087206235320000047e-01
8.656331268899999931e-02 -8.518705104160000374e-01
3.214676992000000018e-03 -7.942833946539999967e-01
-8.356462400099999577e-02 -5.281971008169999982e-01
-1.754437765019999929e-01 -3.343022170400000159e-01
3.137817324569999733e-01 -7.157816028900000349e-01
2.177337631400000084e-01 -5.803739776220000479e-01
1.162863415159999941e-01 -3.523230710170000002e-01
1.303410272799999936e-02 -1.919712858100000030e-01
-2.282444499290000040e-01 -1.775633542000000162e-02
-4.543276150489999887e-01 -1.723476609790000058e-01
-4.208392905350000213e-01 -3.333633161840000025e-01
-2.187027226820000003e-01 -4.849880402439999960e-01
-4.056898883839999970e-01 -7.851028947179999884e-01
-5.633438739430000064e-01 -8.862097910130000145e-01
-6.108256231430000405e-01 -9.591357682679999552e-01
-6.374905815429999789e-01 -9.605677643290000400e-01
-1.488281933529999879e-01 -8.739303019659999672e-01
-2.417633141180000056e-01 -1.000000000000000000e+00
-3.082239557679999908e-01 -9.709949934939999805e-01
-3.862336639130000138e-01 -9.255439525280000357e-01
9.507032805100000539e-02 -8.439651513610000322e-01
1.526127093799999924e-02 -7.975171176249999938e-01
-7.471247643099999947e-02 -5.467178793910000278e-01
-1.668108489039999975e-01 -3.429492618359999967e-01
3.226522577650000057e-01 -7.050220392849999573e-01
2.266929004010000137e-01 -5.736986655489999531e-01
1.217316330790000067e-01 -3.519582895719999827e-01
1.837407032699999929e-02 -1.824897381170000055e-01
-2.269677781670000061e-01 -1.673421483500000043e-02
-4.495135332960000230e-01 -1.704695559989999887e-01
-4.201947885999999799e-01 -3.313564214929999863e-01
-2.342864534530000042e-01 -4.968468476999999828e-01
-4.109895601640000118e-01 -7.749402288619999801e-01
-5.638854236670000075e-01 -8.801788874899999504e-01
-6.161147656319999610e-01 -9.576843061719999550e-01
-6.494090402859999944e-01 -9.668363416090000051e-01
-1.595017652129999963e-01 -8.675269041109999746e-01
-2.470410368529999956e-01 -1.000000000000000000e+00
-3.151377938470000251e-01 -9.690414848609999465e-01
-3.984521657380000192e-01 -9.169979082470000042e-01
8.216179379700000451e-02 -8.441789632099999663e-01
3.963162428000000133e-03 -7.827183326550000153e-01
-8.187216643200000143e-02 -5.281885038760000262e-01
-1.755877574070000002e-01 -3.222460318209999786e-01
3.115867351930000084e-01 -7.146532516820000014e-01
2.170707252359999895e-01 -5.696012418010000244e-01
1.184845989540000005e-01 -3.444666975849999813e-01
1.568530945599999962e-02 -1.768120166959999962e-01
-2.231051611569999926e-01 -1.673282056200000104e-02
-4.449070750490000115e-01 -1.692486738329999907e-01
-4.157392988479999829e-01 -3.312495949129999895e-01
-2.286323994370000057e-01 -4.979572216850000066e-01
-4.116187059640000201e-01 -7.799349466099999573e-01
-5.674894864309999454e-01 -8.859376072110000111e-01
-6.111082917379999646e-01 -9.601628292470000270e-01
-6.372226552649999931e-01 -9.607018680279999501e-01
-1.561259812449999895e-01 -8.707285785780000120e-01
-2.487894594220000088e-01 -1.000000000000000000e+00
-3.126593460539999758e-01 -9.699341426140000166e-01
-3.941222471279999806e-01 -9.203929433059999665e-01
8.937957383899999830e-02 -8.450369942919999655e-01
1.188470272200000018e-02 -7.918152777200000436e-01
-7.383006631400000630e-02 -5.392220089000000494e-01
-1.693096229759999960e-01 -3.328256561169999905e-01
3.228187191920000032e-01 -7.102335828379999771e-01
2.342795719440000091e-01 -5.789000909870000156e-01
1.336030554650000091e-01 -3.586474384159999973e-01
2.790596421600000099e-02 -1.892716076909999878e-01
-2.242824112379999957e-01 -1.853281196100000153e-02
-4.505229645109999903e-01 -1.750934546300000061e-01
-4.244289881930000119e-01 -3.333734922670000267e-01
-2.333178560680000124e-01 -4.899320544890000129e-01
-4.030384614779999874e-01 -7.743596241960000182e-01
-5.530462631539999618e-01 -8.823297224970000352e-01
-6.161473586989999474e-01 -9.597705834240000122e-01
-6.611765558829999501e-01 -9.699103043600000307e-01
-1.518730170739999996e-01 -8.629320119340000428e-01
-2.430936878920000044e-01 -1.000000000000000000e+00
-3.215513831030000214e-01 -9.683285971639999934e-01
-4.117817610980000209e-01 -9.150315140450000495e-01
9.217238080400000366e-02 -8.364447050259999905e-01
9.373107699000000556e-03 -7.851049443719999577e-01
-7.863043536500000097e-02 -5.203873414249999829e-01
-1.719667317590000133e-01 -3.048700429799999778e-01
3.245805140910000275e-01 -7.037431971740000236e-01
2.295715382229999990e-01 -5.824675048349999829e-01
1.253551338970000095e-01 -3.607886785850000222e-01
1.909283049599999962e-02 -1.886311130860000018e-01
-2.330340669550000077e-01 -2.640119832900000157e-02
-4.588678300580000258e-01 -1.829273791790000103e-01
-4.308350849379999903e-01 -3.384069550350000122e-01
-2.447293662130000103e-01 -4.840244955590000120e-01
-4.114894391539999918e-01 -7.760454776770000507e-01
-5.664074405710000093e-01 -8.837232082189999671e-01
-6.396622115850000290e-01 -9.591558801049999694e-01
-6.956946085949999858e-01 -9.737302904229999667e-01
-1.589691433410000132e-01 -8.679953346119999580e-01
-2.538173736179999973e-01 -1.000000000000000000e+00
-3.348441277259999738e-01 -9.688250400060000045e-01
-4.278132435320000093e-01 -9.185438549090000349e-01
8.778383602799999519e-02 -8.425173995239999547e-01
4.902092670000000397e-04 -7.821737250610000247e-01
-7.752303989900000136e-02 -5.155838801609999855e-01
-1.629212581950000016e-01 -3.008271286679999879e-01
3.238159349459999725e-01 -7.106017827149999633e-01
2.274141543279999955e-01 -5.961806117369999880e-01
1.230600830339999979e-01 -3.816495131320000178e-01
1.592744347099999888e-02 -2.139219684360000040e-01
-2.358923685110000112e-01 -1.545302510500000046e-02
-4.699017274939999989e-01 -1.833623531889999880e-01
-4.435784571379999819e-01 -3.441176976520000097e-01
-2.515670403249999909e-01 -5.009944476830000548e-01
-4.126264083869999877e-01 -7.696801444940000181e-01
-5.695850256269999745e-01 -8.794162899820000545e-01
-6.560585876150000217e-01 -9.592851750269999478e-01
-7.308896767679999851e-01 -9.870398792060000037e-01
-1.611201472969999993e-01 -8.645622652690000409e-01
-2.595325605320000228e-01 -1.000000000000000000e+00
-3.522366949860000207e-01 -9.805219751339999679e-01
-4.629062540810000015e-01 -9.416928355039999587e-01
8.585328249300000492e-02 -8.425330415420000385e-01
-7.087980173000000411e-03 -7.941837329540000212e-01
-8.374295607499999960e-02 -5.203509140780000486e-01
-1.732477072399999929e-01 -2.955134220810000101e-01
3.224030096550000168e-01 -7.142737550290000348e-01
2.194575102809999956e-01 -6.105429038330000280e-01
1.122793806120000043e-01 -3.902852610349999973e-01
-7.650283670000000051e-04 -2.133513632319999909e-01
-2.400528591159999947e-01 -2.054459002799999962e-02
-4.764682415200000021e-01 -1.886582891509999971e-01
-4.476217261159999850e-01 -3.520364564099999760e-01
-2.583760991499999826e-01 -5.113858674240000513e-01
-4.189397837730000074e-01 -7.683187973339999921e-01
-5.704708798400000003e-01 -8.743695229240000533e-01
-6.629387906689999665e-01 -9.559272571619999992e-01
-7.486507069429999550e-01 -9.989777926809999542e-01
-1.619183861850000128e-01 -8.680877383030000116e-01
-2.641852191240000036e-01 -1.000000000000000000e+00
-3.604175777420000060e-01 -9.787781879660000239e-01
-4.760973726519999727e-01 -9.527124808189999516e-01
8.968240232400000178e-02 -8.488268954100000041e-01
-1.330852632699999934e-02 -8.146633051520000279e-01
-8.625650115100000348e-02 -5.308427685979999477e-01
-1.713906088790000115e-01 -3.042326182260000067e-01
3.322462239630000203e-01 -7.224855863360000185e-01
2.181303882220000101e-01 -6.303325921110000118e-01
1.056575788339999961e-01 -4.109522599050000058e-01
-8.907162765999999260e-03 -2.379931203819999896e-01
-2.378450132680000051e-01 -1.839632976700000117e-02
-4.724973444500000230e-01 -1.828450837410000029e-01
-4.571642186920000239e-01 -3.374159609760000178e-01
-2.860368688980000074e-01 -5.031507186320000047e-01
-3.961326993329999935e-01 -7.653403652550000436e-01
-5.524322786730000434e-01 -8.771594521559999968e-01
-6.678316490290000518e-01 -9.554822850159999659e-01
-7.766829267039999651e-01 -1.000000000000000000e+00
-1.432533657249999981e-01 -8.520265465290000062e-01
-2.588938817920000135e-01 -9.921409818299999905e-01
-3.794609714250000154e-01 -9.751428999760000105e-01
-5.173970870320000470e-01 -9.577796399729999743e-01
1.010317243709999979e-01 -8.268867217380000412e-01
-2.199410333399999876e-02 -7.960264773380000269e-01
-1.013956211940000018e-01 -5.021024651450000098e-01
-1.885043199929999913e-01 -2.683824914380000259e-01
3.360220695730000151e-01 -6.973935890089999479e-01
2.111290923980000123e-01 -6.374111559999999788e-01
9.359567219000000660e-02 -4.221528597290000184e-01
-2.065896076699999875e-02 -2.433360753730000048e-01
-2.233725967999999895e-01 -1.534707118500000002e-02
-4.586612217780000056e-01 -1.787590600939999996e-01
-4.638382838910000139e-01 -3.383934879709999954e-01
-3.035435138970000168e-01 -5.082681447079999693e-01
-3.951050971849999760e-01 -7.504755837509999861e-01
-5.452363843419999467e-01 -8.727154330859999698e-01
-6.645758865999999987e-01 -9.514323801330000219e-01
-7.722666853420000477e-01 -9.947514003009999550e-01
-1.538031733699999903e-01 -8.338780543960000458e-01
-2.651887001489999784e-01 -1.000000000000000000e+00
-3.947477857710000038e-01 -9.892381115360000532e-01
-5.377320916169999743e-01 -9.803256579150000372e-01
8.405703955299999308e-02 -8.080932729630000422e-01
-3.723041861000000313e-02 -8.003847216049999602e-01
-1.131039348870000044e-01 -5.073539696679999489e-01
-1.927986877750000050e-01 -2.787881834220000132e-01
3.162020269110000226e-01 -6.850911718290000341e-01
1.915661077259999956e-01 -6.432068567650000013e-01
8.049321274600000631e-02 -4.388881703749999974e-01
-2.466728904400000005e-02 -2.710271084149999954e-01
-2.200143827909999961e-01 -2.624178546799999998e-02
-4.509770581970000136e-01 -1.935146050840000076e-01
-4.597113774700000155e-01 -3.532024160730000140e-01
-3.105346953559999790e-01 -5.187417928290000146e-01
-3.893837727180000097e-01 -7.512284994200000288e-01
-5.524013765469999448e-01 -8.698734623520000264e-01
-6.650459650650000221e-01 -9.497143315610000469e-01
-7.663483412930000016e-01 -1.000000000000000000e+00
-1.511217448570000010e-01 -8.392309034220000186e-01
-2.704713099869999748e-01 -9.930049508010000414e-01
-3.888030141539999818e-01 -9.790284696829999467e-01
-5.222332141879999501e-01 -9.607682500990000207e-01
8.442124354499999650e-02 -8.158353133589999473e-01
-5.099364428799999654e-02 -7.910384316430000284e-01
-1.231885338089999948e-01 -5.019435906039999562e-01
-1.995304369500000008e-01 -2.723529481040000144e-01
3.113919092260000188e-01 -6.953043572349999479e-01
1.702687437560000128e-01 -6.322911330170000177e-01
6.058229449400000244e-02 -4.248666610729999737e-01
-4.191717553600000229e-02 -2.549496970340000002e-01
-2.227260317360000019e-01 -2.742798628500000072e-02
-4.591592373089999901e-01 -1.920176520499999873e-01
-4.799916644730000126e-01 -3.506833681920000223e-01
-3.335363152010000221e-01 -5.190170173020000055e-01
-3.930928170219999962e-01 -7.593695422509999515e-01
-5.679092302439999740e-01 -8.706451358440000510e-01
-6.850703150319999990e-01 -9.441159709619999507e-01
-7.905610482710000442e-01 -9.936228429800000317e-01
-1.589352937550000122e-01 -8.489379944460000438e-01
-2.858524095739999882e-01 -1.000000000000000000e+00
-4.075678078619999756e-01 -9.898700129680000348e-01
-5.448287666100000148e-01 -9.826937069969999827e-01
7.375036523200000083e-02 -8.262392890819999502e-01
-6.621325039099999754e-02 -8.124545226010000398e-01
-1.342394532370000115e-01 -5.249586602610000208e-01
-2.075520313049999954e-01 -2.974666093600000227e-01
2.980347005610000100e-01 -7.066874538780000270e-01
1.429446967790000134e-01 -6.294588124969999754e-01
3.418954328800000164e-02 -4.181469475680000270e-01
-6.738051899999999983e-02 -2.496802298359999950e-01
-2.298898876109999878e-01 -3.524349280499999848e-02
-4.713877789409999797e-01 -1.974897744409999933e-01
-4.893911808270000052e-01 -3.570903227660000012e-01
-3.341412581920000235e-01 -5.207498095579999875e-01
-3.958007406649999838e-01 -7.637066923609999725e-01
-5.772995514240000237e-01 -8.678879025079999643e-01
-6.942744581159999706e-01 -9.404935851329999652e-01
-8.016438645260000051e-01 -9.913317616660000109e-01
-1.591425000380000121e-01 -8.580319350299999703e-01
-2.963990172600000084e-01 -1.000000000000000000e+00
-4.199052001099999876e-01 -9.870097678500000526e-01
-5.592636918519999778e-01 -9.797062332639999704e-01
7.415421041299999350e-02 -8.366378157339999788e-01
-7.622335700700000327e-02 -8.060580480400000303e-01
-1.390268803320000024e-01 -5.158865252169999582e-01
-2.074439788680000063e-01 -2.897724043650000136e-01
2.971108649020000048e-01 -7.144483288770000495e-01
1.380226666949999903e-01 -6.323013825679999478e-01
2.665022802099999838e-02 -4.227212437089999941e-01
-7.599701710200000571e-02 -2.561011346920000209e-01
-2.288073942000000138e-01 -3.176671426100000084e-02
-4.684137388499999832e-01 -1.881448409029999880e-01
-4.863019627280000257e-01 -3.407987408359999804e-01
-3.320556735149999827e-01 -5.045766780839999743e-01
-3.902747671430000231e-01 -7.622106400139999627e-01
-5.639598083389999461e-01 -8.756736011960000177e-01
-6.843351656070000288e-01 -9.454826920369999721e-01
-7.968380323889999728e-01 -9.852575294630000480e-01
-1.515459659139999915e-01 -8.542359934600000093e-01
-2.781372454730000054e-01 -1.000000000000000000e+00
-4.053916455200000102e-01 -9.768384392869999822e-01
-5.475324716959999449e-01 -9.502115869760000555e-01
8.115470263200000312e-02 -8.328462887199999942e-01
-6.787133144399999651e-02 -7.911501527719999594e-01
-1.408301213050000000e-01 -4.985693835119999751e-01
-2.145136828710000054e-01 -2.678493219599999975e-01
3.030177037630000236e-01 -7.111504856879999892e-01
1.514015787640000110e-01 -6.377856609130000409e-01
3.720552296299999701e-02 -4.320620852409999824e-01
-6.640551211200000636e-02 -2.637078398150000114e-01
-2.269467504059999863e-01 -3.604709227999999821e-02
-4.665460644259999956e-01 -1.885398677369999887e-01
-4.898831868190000050e-01 -3.394169877680000003e-01
-3.377819515900000180e-01 -4.972216835270000246e-01
-3.949785946969999739e-01 -7.623076659819999490e-01
-5.745527799790000056e-01 -8.718311092699999598e-01
-6.929750543980000010e-01 -9.404801814040000263e-01
-8.010391762249999825e-01 -9.773894717629999507e-01
-1.590022544230000057e-01 -8.515004564899999462e-01
-2.876533946550000054e-01 -1.000000000000000000e+00
-4.099325611210000164e-01 -9.736611918499999963e-01
-5.464213750540000136e-01 -9.439425893099999687e-01
7.435743918499999883e-02 -8.270207284489999866e-01
-7.214239111100000101e-02 -7.891401312910000243e-01
-1.415016818929999975e-01 -5.015551212469999687e-01
-2.127142876239999925e-01 -2.759298804440000197e-01
2.973837581209999859e-01 -7.043646799799999636e-01
1.428346604849999868e-01 -6.220875055610000093e-01
3.242632646799999824e-02 -4.168091090509999930e-01
-6.700722816099999313e-02 -2.531081265569999905e-01
-2.317192492369999912e-01 -3.873497057900000123e-02
-4.711375215909999747e-01 -1.874310656940000042e-01
-5.008346916550000527e-01 -3.328179424420000254e-01
-3.494192901270000151e-01 -4.873359723580000247e-01
-3.990933084859999980e-01 -7.743805134669999868e-01
-5.795931100410000036e-01 -8.837280007229999512e-01
-7.039866662429999922e-01 -9.464914610200000356e-01
-8.187243245359999699e-01 -9.754803402839999915e-01
-1.607136231129999981e-01 -8.611401276600000321e-01
-2.985541736840000016e-01 -1.000000000000000000e+00
-4.277168301209999801e-01 -9.686188273660000236e-01
-5.697299407479999855e-01 -9.354160700489999591e-01
7.364861503899999828e-02 -8.337632077429999455e-01
-7.901053869099999849e-02 -7.786514438039999764e-01
-1.524572097019999961e-01 -4.875853670370000059e-01
-2.266886129029999919e-01 -2.612450146620000080e-01
2.966490238210000019e-01 -7.064793741120000137e-01
1.447835844529999916e-01 -6.226097276190000196e-01
3.441931521500000285e-02 -4.174846483820000009e-01
-6.432796899400000656e-02 -2.520997378009999790e-01
-2.287215435169999977e-01 -3.725375940899999794e-02
-4.633742387020000075e-01 -1.885953366429999889e-01
-4.917285497259999971e-01 -3.367265823430000138e-01
-3.506839647969999807e-01 -4.967699111509999987e-01
-3.864626969859999983e-01 -7.722343517899999954e-01
-5.665594824680000308e-01 -8.807175856229999544e-01
-6.926361246429999508e-01 -9.447921298739999640e-01
-8.090413918500000134e-01 -9.781652932090000307e-01
-1.498038460530000116e-01 -8.604204244980000471e-01
-2.846343075880000129e-01 -1.000000000000000000e+00
-4.136838843460000081e-01 -9.720739186950000388e-01
-5.552390056729999968e-01 -9.398008574120000347e-01
8.257233665700000613e-02 -8.343320516119999697e-01
-6.945298584900000405e-02 -7.842657208390000356e-01
-1.409282053860000106e-01 -4.957729552619999924e-01
-2.137070984159999965e-01 -2.683158179649999808e-01
3.034560086259999734e-01 -7.088623516319999540e-01
1.483452059639999987e-01 -6.224412655890000368e-01
3.675082911099999960e-02 -4.146527656810000129e-01
-6.421664849600000613e-02 -2.468270960520000112e-01
-2.292664062900000022e-01 -3.565555729900000276e-02
-4.630046638229999845e-01 -1.870225706529999865e-01
-4.851677064079999990e-01 -3.378750764619999902e-01
-3.372829932270000053e-01 -4.983935009029999974e-01
-3.906995722830000073e-01 -7.741855889569999594e-01
-5.731332519830000249e-01 -8.795246466630000093e-01
-6.968069735499999862e-01 -9.391986701729999609e-01
-8.068491342779999798e-01 -9.608764036700000455e-01
-1.520208129060000024e-01 -8.634364198680000158e-01
-2.842004445169999949e-01 -1.000000000000000000e+00
-4.111652932020000151e-01 -9.697480628050000329e-01
-5.501047056660000045e-01 -9.371587123000000297e-01
7.983399048299999468e-02 -8.358492260530000495e-01
-7.264403952200000625e-02 -7.750609894290000357e-01
-1.425457599749999915e-01 -4.845027192370000013e-01
-2.122039345629999907e-01 -2.623783784379999928e-01
2.996194426809999922e-01 -7.080492400319999824e-01
1.423199175950000117e-01 -6.132245773800000244e-01
3.269280524800000087e-02 -4.067091783899999813e-01
-6.552391897600000348e-02 -2.455593296349999899e-01
-2.277202262609999972e-01 -4.239403515500000247e-02
-4.615739646800000040e-01 -1.969435985319999971e-01
-4.873159694850000001e-01 -3.459156580120000268e-01
-3.377816448079999923e-01 -4.989817761299999987e-01
-3.845949151010000233e-01 -7.815034748060000203e-01
-5.678057720329999780e-01 -8.831578447590000547e-01
-6.930858924799999654e-01 -9.413268967889999450e-01
-8.077935133510000254e-01 -9.649471878030000394e-01
-1.478631100789999930e-01 -8.651421096760000262e-01
-2.863075726800000109e-01 -1.000000000000000000e+00
-4.137433906540000095e-01 -9.679617414300000222e-01
-5.528611483459999754e-01 -9.394190842349999793e-01
8.239878060999999976e-02 -8.346888795160000152e-01
-7.291461936099999375e-02 -7.896562588100000113e-01
-1.483472249520000064e-01 -5.031284666169999475e-01
-2.225468466409999957e-01 -2.824166190040000024e-01
3.003894143490000168e-01 -7.060564537319999889e-01
1.382333217760000066e-01 -6.203795308480000159e-01
2.642045266299999917e-02 -4.148493956170000163e-01
-7.166004290499999874e-02 -2.520533782650000165e-01
-2.306946972320000067e-01 -3.723381855599999790e-02
-4.702674427799999890e-01 -1.873322611899999879e-01
-4.991145140850000161e-01 -3.374331154970000024e-01
-3.557622008849999906e-01 -4.959926343800000192e-01
-3.995842770549999923e-01 -7.779463269199999864e-01
-5.826972855140000185e-01 -8.853314445609999916e-01
-7.065245708970000482e-01 -9.442257964039999507e-01
-8.210196713980000283e-01 -9.657688997710000001e-01
-1.597744455050000012e-01 -8.692876975550000163e-01
-3.013332160889999889e-01 -1.000000000000000000e+00
-4.294355937079999963e-01 -9.724791014629999841e-01
-5.718527961830000006e-01 -9.478410796580000186e-01
7.275670975299999843e-02 -8.443539675450000281e-01
-8.136650583299999406e-02 -7.831633320340000148e-01
-1.465125941579999980e-01 -4.946189083690000210e-01
-2.156390559180000055e-01 -2.744025590449999941e-01
2.930754005840000009e-01 -7.194319063220000476e-01
1.302107981479999899e-01 -6.198875084430000015e-01
2.137175091200000168e-02 -4.116970590019999876e-01
-7.738897693599999794e-02 -2.491310093090000066e-01
-2.319308829270000094e-01 -4.203719303399999774e-02
-4.658013814370000061e-01 -1.949710206530000101e-01
-4.931078235279999777e-01 -3.435031895999999807e-01
-3.437519881339999861e-01 -5.008455320589999538e-01
-3.967416286520000224e-01 -7.795181115820000173e-01
-5.762532299649999468e-01 -8.870459596609999720e-01
-6.991665002039999521e-01 -9.475101184040000124e-01
-8.091342169259999606e-01 -9.692556538359999863e-01
-1.571879243019999872e-01 -8.667496695140000096e-01
-2.883747958439999981e-01 -1.000000000000000000e+00
-4.121189593010000096e-01 -9.698189712710000299e-01
-5.481072472389999506e-01 -9.335470727689999526e-01
7.765330850799999352e-02 -8.383655122240000201e-01
-7.482053830700000074e-02 -7.732954922379999818e-01
-1.480257391600000028e-01 -4.827415473660000012e-01
-2.204201829230000020e-01 -2.557941089599999884e-01
2.999767260949999792e-01 -7.103390244449999669e-01
1.468924334239999907e-01 -6.240513938220000334e-01
3.583131261699999681e-02 -4.192562282710000088e-01
-6.342867851500000320e-02 -2.532452828649999765e-01
