0.208699207548 -0.044713135390
0.406030731159 -0.179441390455
0.545816031517 -0.283464817556
0.664960758993 -0.364728520505
0.395547462868 -0.534706508662
0.527376817193 -0.721110116660
0.625154620269 -0.795855474944
0.729397950893 -0.846175278906
0.292433349804 -0.585462518502
0.427817869157 -0.761740922634
0.546961589856 -0.807516750799
0.668963243179 -0.813407911566
0.159618205046 -0.592814359084
0.252757395205 -0.819510960355
0.370488451648 -0.933570259146
0.500676448249 -1.000000000000
-0.002852163013 -0.563714489952
0.010488495791 -0.757153035833
0.062039589101 -0.866688107163
0.142753552605 -0.945096433154
0.210367960881 -0.045401692440
0.410842625138 -0.181215454171
0.551564291831 -0.284754530992
0.669275592544 -0.365006254062
0.388150513641 -0.540569061378
0.519379361053 -0.727979879857
0.618561402773 -0.800827935275
0.726780350057 -0.846592875727
0.285704791209 -0.589037340358
0.419007611243 -0.765728790346
0.532114897711 -0.807050668381
0.648669643460 -0.804898199715
0.155293746792 -0.593497639296
0.246924562274 -0.821475655745
0.362322675418 -0.936275479187
0.491803413607 -1.000000000000
-0.002563350034 -0.561069339725
0.007811792730 -0.754316001314
0.058254390848 -0.864745493465
0.139890664561 -0.942234540123
0.205626302780 -0.044259185159
0.401505247510 -0.179259449228
0.539773107019 -0.282360916723
0.657839201032 -0.359665229502
0.391916272554 -0.535843471023
0.523990729496 -0.719899615564
0.621183411437 -0.794329908497
0.725656990134 -0.843674318112
0.288587669216 -0.587284510244
0.423399221514 -0.763885494020
0.540073295079 -0.806233391490
0.659888149154 -0.807095725266
0.156533547594 -0.593244269667
0.247537552509 -0.821532756744
0.363779471471 -0.935666948824
0.493264874188 -1.000000000000
-0.004087747952 -0.561158620552
0.005120511077 -0.756145057765
0.054408679006 -0.866332919519
0.134352128999 -0.943559202769
0.212178004867 -0.046823297447
0.412694487829 -0.184886053948
0.554291025844 -0.291362788196
0.673818680338 -0.372851533256
0.391561933731 -0.539656217236
0.524782138311 -0.725119656125
0.624673321806 -0.797450518994
0.732021048377 -0.843636633425
0.289420579467 -0.590575390307
0.424910380413 -0.764717567311
0.544387481544 -0.808757621256
0.665705645670 -0.810011859562
0.158079274890 -0.597806510630
0.249593617856 -0.824270599515
0.367112673324 -0.937309207131
0.496773000556 -1.000000000000
-0.001709452619 -0.568450804468
0.008340212745 -0.761970600528
0.059357957073 -0.871665138266
0.139383112052 -0.948359095752
0.211999218266 -0.048562974794
0.405214915452 -0.184944804257
0.542919758071 -0.289118607348
0.668555059324 -0.369021874228
0.394674771957 -0.546950736503
0.526224655610 -0.731630121696
0.625922995579 -0.807335787262
0.733991652684 -0.853782710338
0.288347000139 -0.597166162814
0.422173081883 -0.774630836114
0.539190153133 -0.814295678014
0.659921913727 -0.807552573641
0.155346025483 -0.602790479910
0.242428834857 -0.831231392552
0.355831426002 -0.942607543295
0.481687949060 -1.000000000000
-0.003728427390 -0.569975781394
0.003288574384 -0.766976781484
0.051371620328 -0.877520406593
0.128919400960 -0.952468085242
0.211200457637 -0.046905139805
0.405245542256 -0.181681558430
0.542153118712 -0.286425327803
0.666054775326 -0.369071995943
0.394895090293 -0.542164620872
0.529568028738 -0.727761192553
0.630313914351 -0.804990814564
0.739118848989 -0.856267442407
0.286613130983 -0.593850497912
0.421636159053 -0.769104076369
0.537446419270 -0.805378511932
0.655964751102 -0.797364882697
0.151692876477 -0.601891331914
0.240617407667 -0.829075394772
0.354677887122 -0.940361910547
0.480845743987 -1.000000000000
-0.008648171586 -0.571891069287
0.001733685590 -0.767396417851
0.050441837995 -0.877691726182
0.128268787178 -0.954416941197
0.212041097123 -0.047452471661
0.406271882091 -0.188432812703
0.541877971922 -0.298935047233
0.663702879347 -0.382859637823
0.394092454110 -0.541683724225
0.528028130651 -0.724394432319
0.627129369745 -0.801756996716
0.733219551333 -0.854001522029
0.288165853632 -0.593593332998
0.421118251062 -0.767315302004
0.537079255008 -0.805808610102
0.655999837900 -0.801183605572
0.155255773755 -0.601555579195
0.242122914955 -0.827941391359
0.353248534570 -0.939384080885
0.477612728933 -1.000000000000
-0.003859781609 -0.572260844457
0.004571113945 -0.765996560822
0.053446523044 -0.875652210508
0.132608167911 -0.952102667993
0.217276520471 -0.049929046518
0.410250958183 -0.189434082843
0.545083099696 -0.298131662301
0.666217622311 -0.385075432741
0.394368319744 -0.544918858250
0.529884741750 -0.729633383658
0.630615257092 -0.806814030293
0.738122409837 -0.859437578419
0.287201305737 -0.595946850762
0.422666905121 -0.769203916411
0.542415677323 -0.806537233418
0.664146884991 -0.802001579308
0.153193589568 -0.604093815185
0.240510347035 -0.831535723456
0.353727254571 -0.940944191698
0.479025150683 -1.000000000000
-0.006771417781 -0.574965035410
0.001862776644 -0.769875245965
0.052346476534 -0.879439714147
0.132619100852 -0.956775183365
0.219448107246 -0.051400083337
0.411763454270 -0.195473821394
0.546271379614 -0.308503222642
0.669113450970 -0.398426889922
0.394928764994 -0.546927275575
0.528256266740 -0.729582874047
0.627931727086 -0.807087860940
0.735173671959 -0.860327849474
0.287242319199 -0.600012057201
0.418737323439 -0.773879374799
0.536446179473 -0.810816372969
0.657626957694 -0.804152878213
0.153403292680 -0.611167568494
0.237807283771 -0.839232594633
0.349740977047 -0.945422666946
0.474990311882 -1.000000000000
-0.005769055352 -0.586070032241
0.002227390532 -0.782329817635
0.052808451073 -0.891056925946
0.133467972075 -0.965375974845
0.213758385654 -0.053001552410
0.399743466247 -0.203318927577
0.524852125693 -0.323387757662
0.641861066413 -0.420145865818
0.397917180307 -0.538959513180
0.530300032184 -0.723443848087
0.627475471367 -0.802715045878
0.730143393256 -0.857303621790
0.290675667912 -0.591489471291
0.428018726263 -0.760978832244
0.548415459299 -0.790796775817
0.667659196252 -0.777879911914
0.155024300534 -0.603752695099
0.241382880190 -0.833157450239
0.357926960297 -0.942127747949
0.483419321718 -1.000000000000
-0.007736729726 -0.580385740983
-0.000566456580 -0.779274139349
0.051820282721 -0.887084648223
0.132957853543 -0.961090516926
0.222552983956 -0.062987131085
0.407434810727 -0.221632226850
0.517963934381 -0.354669219952
0.618737494856 -0.495758889486
0.424535874787 -0.571534341570
0.555694001972 -0.758785452940
0.664042521447 -0.827225055423
0.770795028513 -0.848459749841
0.303774556813 -0.622227372357
0.456814766173 -0.785748494933
0.565853832588 -0.743131579399
0.664777021399 -0.662147444724
0.161555436927 -0.639562448602
0.257016072639 -0.874000669573
0.378234719194 -0.951493547994
0.496318830803 -0.975100576984
-0.003981340693 -0.625478098678
0.008607353414 -0.834878519850
0.072022608560 -0.936955462605
0.161539685705 -1.000000000000
0.236357137370 -0.061366200465
0.428438415502 -0.226616865674
0.539100657389 -0.365284822443
0.633585491599 -0.520180639705
0.422615517161 -0.568142221071
0.547626929360 -0.757620142356
0.665875039972 -0.801009606563
0.769021674606 -0.784344685852
0.302423153102 -0.619880525869
0.453411628316 -0.792135328674
0.580149610377 -0.742821044665
0.683921064199 -0.647691878895
0.165297816582 -0.642454267083
0.266282514184 -0.869319121892
0.399225134476 -0.897116380298
0.514770887286 -0.861715899430
0.005341268647 -0.640188080649
0.017520967864 -0.844009246579
0.094587559868 -0.944455258785
0.193231788576 -1.000000000000
0.236849335589 -0.060371874045
0.432129564495 -0.225324842092
0.543443450171 -0.369024031707
0.641526429237 -0.524111718707
0.429001226040 -0.564678057346
0.558536279605 -0.751392670986
0.674169774882 -0.798263957023
0.772942320126 -0.784422137745
0.306146072018 -0.620839871834
0.457776000157 -0.797578926902
0.580259026373 -0.752594683173
0.679724218889 -0.655460852538
0.166461035670 -0.646750468599
0.267809376333 -0.874041947953
0.397904761257 -0.905466035838
0.511727599707 -0.869901854928
0.004790075690 -0.644911440022
0.020956367180 -0.847620659692
0.100641443325 -0.947690902239
0.202235800865 -1.000000000000
0.232771944478 -0.059753690175
0.431940045281 -0.219562709385
0.555503775940 -0.350830622176
0.666937985576 -0.486886915845
0.416866744041 -0.565582875541
0.561183248201 -0.759017728008
0.681575345522 -0.821342658969
0.789183881535 -0.829688474812
0.299097866767 -0.620066767040
0.460683336052 -0.783592495940
0.582608885750 -0.749640540949
0.682963341530 -0.666079194062
0.159005458336 -0.643558312838
0.260494045979 -0.876306043109
0.395751784183 -0.945412791698
0.520543936658 -0.950054860581
-0.006167178908 -0.635314787047
0.004694689863 -0.844128826941
0.079286298648 -0.944873490821
0.178374342831 -1.000000000000
0.229204578725 -0.061679507007
0.426007171576 -0.207493429823
0.560963421507 -0.321720016345
0.673000281481 -0.429085844744
0.401597851735 -0.562282983460
0.540084790041 -0.757283665347
0.653676735245 -0.822468222433
0.763580006983 -0.839239407748
0.283269636504 -0.613714485454
0.419370301845 -0.787181990597
0.542011443572 -0.815676525651
0.664246029243 -0.786812125975
0.141875265577 -0.628239182613
0.226629446676 -0.856124781129
0.347372564996 -0.959335024048
0.480144698054 -1.000000000000
-0.023046542607 -0.607356852917
-0.011687406261 -0.808263526113
0.052465136696 -0.918088262389
0.148876930445 -0.986915119622
0.208113797788 -0.046382441230
0.402973811389 -0.183382191606
0.540648257523 -0.291012787320
0.654586557163 -0.374554957342
0.379408539139 -0.515663529937
0.510615053114 -0.692247647741
0.610141651519 -0.763647369522
0.715524709027 -0.811082958753
0.277877108520 -0.571980659618
0.408435176650 -0.737876605045
0.529605230919 -0.783077108443
0.653481370537 -0.787664309363
0.148055421520 -0.587499891906
0.230562660903 -0.808711242707
0.341313575567 -0.928493280042
0.464536811082 -1.000000000000
-0.007824318526 -0.569061385015
0.002405306710 -0.760188722646
0.053447972041 -0.867966152603
0.131075802482 -0.944133865326
0.212515493263 -0.045033692650
0.412969380787 -0.176607356563
0.553895102920 -0.278531978217
0.662939045314 -0.364496883435
0.384197096418 -0.525247797394
0.517318661992 -0.708351136400
0.618398810986 -0.783657481889
0.726539700533 -0.833483197085
0.279939302993 -0.579323960154
0.415771427429 -0.746833883923
0.531595578970 -0.786681946526
0.649683119511 -0.785209156643
0.147254716040 -0.592812806375
0.235828656692 -0.816518165313
0.348195877126 -0.933334873689
0.472775549222 -1.000000000000
-0.012246137213 -0.571754279927
-0.000673866623 -0.765478486631
0.051760067152 -0.877152508203
0.132328593687 -0.956668808578
0.213522726916 -0.040559244871
0.413116379621 -0.176788233800
0.552140377941 -0.285986191717
0.670421695058 -0.369205318258
0.402515449663 -0.533138468485
0.536203709800 -0.718186628164
0.635184784551 -0.795669391326
0.739914450726 -0.845150757668
0.293035737241 -0.590325265960
0.426901225626 -0.761972548042
0.538328567532 -0.805450885593
0.654597822781 -0.810105067113
0.156415568494 -0.603891692455
0.248334987255 -0.824660906945
0.363312498628 -0.935430286042
0.490275805091 -1.000000000000
-0.008446599506 -0.581491209918
0.004118969458 -0.776077478766
0.053243135835 -0.890152427267
0.130889605849 -0.972736165850
0.209403245936 -0.042817599649
0.410334983198 -0.177562188368
0.551104652342 -0.284184392175
0.665104979814 -0.367945151120
0.395354487330 -0.529153725898
0.527327294767 -0.714389606751
0.627401171560 -0.789595399576
0.734985293708 -0.836099229053
0.290157417657 -0.583517697804
0.419765289228 -0.757180042273
0.535393383662 -0.800948270775
0.653829593806 -0.800931625523
0.157702822640 -0.594492583066
0.243908430075 -0.819162684858
0.356674851160 -0.935065079180
0.481254623561 -1.000000000000
-0.000822475822 -0.569120016950
0.008450239741 -0.762558886192
0.055427688294 -0.876160421162
0.130338644383 -0.956297369975
0.211642057253 -0.046896986966
0.412242487411 -0.181791192175
0.553790488041 -0.284391124741
0.669305872975 -0.366060762877
0.397356218485 -0.534950220575
0.531285959350 -0.720857707466
0.632599115096 -0.797425565323
0.741473881512 -0.846687555344
0.292074225692 -0.587454540407
0.428170002230 -0.756468502457
0.545768265367 -0.795150404793
0.664618295721 -0.792444231991
0.159533237745 -0.598135483572
0.249251800140 -0.822458475219
0.361882370553 -0.935968304484
0.485265333091 -1.000000000000
0.001438175967 -0.572741812462
0.013429738034 -0.767964404275
0.060544897430 -0.879435503761
0.135161336986 -0.958430153146
0.209109597699 -0.043843780559
0.406410070320 -0.178115641226
0.545975388758 -0.282723810742
0.670390937912 -0.362047969927
0.399733730437 -0.534073788030
0.535103082225 -0.718517709657
0.636236649287 -0.793694498300
0.745468639978 -0.843148403876
0.294261075965 -0.587824215928
0.430570725731 -0.758024606448
0.547519484691 -0.795445349993
0.667389113354 -0.792797267994
0.161124825562 -0.598522202768
0.250724993441 -0.822271793862
0.363605287713 -0.934661951723
0.489210880959 -1.000000000000
0.001158806497 -0.572806742496
0.013775392458 -0.767271900854
0.061575483916 -0.879210428052
0.139094782844 -0.960511138280
0.218307979187 -0.047473459596
0.421155935319 -0.181625518390
0.564242155605 -0.285996844287
0.681394999619 -0.368873503717
0.401820184696 -0.531612731034
0.538606421263 -0.717910464926
0.641126786413 -0.792347177672
0.751499636831 -0.843276171333
0.297285560481 -0.583956885975
0.430636500143 -0.754855269374
0.547447491817 -0.794229467100
0.666282977888 -0.795322740775
0.164448956034 -0.594746016728
0.250410381399 -0.819093620782
0.361902930553 -0.932872424221
0.486160730261 -1.000000000000
0.005415269549 -0.569735571727
0.016096870928 -0.763864035937
0.063932575697 -0.875739417682
0.140971125678 -0.958577431920
0.212006142131 -0.044800311420
0.412284676816 -0.181162286608
0.553319752504 -0.287815459655
0.677812629647 -0.366390022824
0.401126160358 -0.536465476851
0.538207633621 -0.718940599114
0.640092675169 -0.791435055493
0.750033686143 -0.839676427660
0.295189435009 -0.591272787128
0.431418288583 -0.761228337845
0.551007331524 -0.800805815944
0.673767672320 -0.801882481968
0.161866887498 -0.601263126230
0.250707888064 -0.826038658024
0.365614601157 -0.936774761691
0.493219958614 -1.000000000000
0.001740436044 -0.574194778000
0.010128192712 -0.769704868327
0.057871688480 -0.882344701016
0.135990689465 -0.963426205408
0.219601489664 -0.045990318365
0.423698148028 -0.180067889933
0.567615735049 -0.284616866865
0.686305934961 -0.368605934094
0.405908631673 -0.533978862725
0.540984135310 -0.721090650786
0.641924394219 -0.793376059675
0.749427671157 -0.840646601093
0.300318743840 -0.589977312638
0.437788635407 -0.761464751837
0.561402879732 -0.801195713847
0.685622626938 -0.801618022425
0.165155580799 -0.604119010523
0.254706726262 -0.828703234846
0.370440647401 -0.937405783455
0.497854521245 -1.000000000000
0.001816429494 -0.582704510676
0.012180106001 -0.777775218572
0.062112485576 -0.887516679527
0.140361187614 -0.967570334206
0.217975370622 -0.047210618147
0.421043833037 -0.186063708196
0.563372832338 -0.291562602015
0.682100460454 -0.374258863085
0.401542615547 -0.543317540024
0.538611861701 -0.728483528276
0.641396065922 -0.800816057231
0.751144832369 -0.846619721094
0.295323305727 -0.596354254941
0.433998814794 -0.766799108359
0.556829446132 -0.800638199212
0.678957431441 -0.792338000048
0.160130156925 -0.606786613180
0.251551117627 -0.832892359033
0.372275750138 -0.941008662742
0.502873402352 -1.000000000000
-0.002080392655 -0.580437980713
0.005306612046 -0.778146758630
0.054546687542 -0.891617206089
0.132867459306 -0.972373176280
0.214659245520 -0.049010197379
0.414842402673 -0.187291838669
0.556302644288 -0.291739870043
0.676781161357 -0.370195965626
0.398217150622 -0.541244395554
0.531920453998 -0.726213738181
0.632036988495 -0.798931075096
0.738954060543 -0.845607903767
0.293321921761 -0.594077398729
0.432137190357 -0.764719285486
0.555919185836 -0.803086088116
0.680197542163 -0.800104613958
0.158958182702 -0.604124805917
0.250285387791 -0.829876219423
0.369130877671 -0.939003988141
0.499285673710 -1.000000000000
-0.003703954948 -0.577970134677
0.003093903830 -0.774579139183
0.052201088543 -0.886164603184
0.130809874177 -0.965998927388
0.218680181258 -0.050683299337
0.418711104975 -0.187959293151
0.558680020889 -0.293694050869
0.679137030526 -0.376158781328
0.404014559814 -0.545506422023
0.538818645971 -0.734033134140
0.639763749330 -0.808779510218
0.747767466622 -0.857753151023
0.294934421804 -0.599393077787
0.434660993830 -0.771214416859
0.558742417477 -0.810669673163
0.684876004392 -0.811253208594
0.157129370191 -0.610162696913
0.249090041479 -0.834916596993
0.368642618950 -0.940886058201
0.499986002551 -1.000000000000
-0.009038750529 -0.583540802981
-0.001462857745 -0.783273353221
0.048554692290 -0.896425624631
0.128216152602 -0.977710092602
0.215114074678 -0.046868519385
0.417699649768 -0.185498528954
0.560709353059 -0.291735322402
0.682888471130 -0.370218566398
0.403082088926 -0.544355520242
0.540312122165 -0.733444625703
0.643120420762 -0.809999542064
0.752570895360 -0.860435800618
0.297868891880 -0.598183836994
0.437230409896 -0.769828666448
0.563551887837 -0.807970825302
0.689667829745 -0.802925676958
0.162110320593 -0.608824370769
0.254462013202 -0.834105540612
0.376738586436 -0.941778112673
0.510310601659 -1.000000000000
-0.003273430919 -0.583220028820
0.004396504539 -0.779238838698
0.055319801022 -0.889762985316
0.135969063338 -0.967242100155
0.216818836906 -0.045341907896
0.418853177126 -0.181193506780
0.561157737002 -0.287251265732
0.687395395081 -0.366218833346
0.412411872193 -0.540859327984
0.551856838939 -0.734524538738
0.654896076593 -0.814127620114
0.765602215924 -0.869050927328
0.306215314648 -0.596077179417
0.449481399885 -0.766577704685
0.576819421698 -0.805264082821
0.704874072302 -0.804160735454
0.169342199496 -0.608339551721
0.263732920319 -0.831707780628
0.383977136622 -0.939260578246
0.516315567690 -1.000000000000
0.002301614036 -0.583905867582
0.009725608231 -0.781202994732
0.060572994723 -0.891634639856
0.141606946772 -0.969967171090
0.214875605142 -0.048228703684
0.419959615247 -0.185593223630
0.564534045399 -0.289255960854
0.689414082527 -0.368157082930
0.408220375412 -0.546992576546
0.545404031246 -0.739396104651
0.649593150344 -0.812339703904
0.761420542017 -0.858134688002
0.303327634780 -0.598473727556
0.444872182823 -0.773848268314
0.573087750858 -0.816770655565
0.702687859352 -0.820197673998
0.168665481949 -0.605548338184
0.263615077678 -0.832482652668
0.386045742370 -0.940067325182
0.521172143621 -1.000000000000
0.004388653117 -0.575150621349
0.010118313447 -0.773605469895
0.061226026469 -0.885232043058
0.143850814391 -0.964388569476
0.217814716161 -0.048786363094
0.421424262027 -0.187810093867
0.564875083158 -0.293785562736
0.691631369968 -0.372456284551
0.411660970234 -0.550397451324
0.548779188846 -0.743318687077
0.651497389393 -0.817961838198
0.760697512734 -0.864871346155
0.304790419042 -0.603071337402
0.446239645053 -0.779811547102
0.574370669597 -0.823774537576
0.704560283565 -0.827632444306
0.168384749108 -0.611678396262
0.263317631923 -0.838107485418
0.384809699583 -0.942923124239
0.518946308850 -1.000000000000
0.002494719734 -0.583184682522
0.010381356229 -0.783325329751
0.062329344332 -0.895101807371
0.145063647967 -0.973461198811
0.215850329636 -0.048251740374
0.417260692424 -0.186260928420
0.559939519702 -0.290896102894
0.688058544392 -0.368186559319
0.410244789262 -0.549874316277
0.545973942597 -0.741872260855
0.648550379024 -0.815181774039
0.758547523738 -0.861470724848
0.303280527316 -0.602525945636
0.442164396419 -0.778983471776
0.569170226986 -0.821325512693
0.699178821606 -0.824143569926
0.167173052553 -0.610687598295
0.260065083589 -0.837304889442
0.382281998419 -0.942352059185
0.517655159719 -1.000000000000
0.002073877295 -0.581352768134
0.009322940859 -0.780263557137
0.060796864522 -0.892196907854
0.143691678942 -0.971457104318
0.215395886451 -0.047607628003
0.419915837601 -0.184405222189
0.563571192839 -0.288911368520
0.686565839708 -0.371483624561
0.407062379860 -0.547732134250
0.543108993469 -0.742348780472
0.647494457162 -0.818313960783
0.759787461544 -0.867796710215
0.301238363187 -0.599775625883
0.442198233859 -0.774678344922
0.571576793151 -0.814243371237
0.701418487003 -0.812374224196
0.165418218713 -0.608304184294
0.258743297832 -0.835503111581
0.379830322600 -0.942741106586
0.512818846119 -1.000000000000
0.000613967944 -0.579193500631
0.006393351956 -0.778062955233
0.057658420657 -0.889143198673
0.139729226396 -0.966159632303
0.216764693622 -0.048230592427
0.422498725766 -0.185973290259
0.567435652827 -0.291270652606
0.689662211208 -0.374454921731
0.411681776414 -0.547778890878
0.547187167941 -0.741761232784
0.650138170881 -0.817146527285
0.760565902518 -0.865986019512
0.305198012174 -0.600595945250
0.445403232937 -0.777059445386
0.573038186103 -0.818254315073
0.702696493769 -0.818978020227
0.168666722551 -0.609777617354
0.262095871619 -0.836705620795
0.382190701481 -0.942301800629
0.515494019246 -1.000000000000
0.002556076913 -0.582319484009
0.009513824688 -0.780547347112
0.060912988986 -0.891053852639
0.143570367843 -0.968941556345
0.213941775015 -0.047781184110
0.418686690005 -0.184567744488
0.563225272229 -0.288437149599
0.684932074655 -0.370568478696
0.405530622279 -0.546055153104
0.541929987741 -0.738259922033
0.645219690219 -0.811852277709
0.755562989571 -0.858641163396
0.301377210827 -0.597383622784
0.442839156751 -0.771632747584
0.569833620708 -0.812433723928
0.698121270510 -0.813745336304
0.167243635040 -0.604776347086
0.261536038808 -0.830457843425
0.381724415812 -0.938986902184
0.514795038326 -1.000000000000
0.003435735709 -0.575136855630
0.009192223671 -0.771781586403
0.059627383046 -0.883854126544
0.141815061664 -0.963941299491
0.212358673187 -0.047251478897
0.416293346824 -0.184807269155
0.560958495285 -0.289846903058
0.687324225524 -0.371294685323
0.407439468614 -0.547594630082
0.544120783203 -0.742201114844
0.646596733935 -0.820336081629
0.755560627847 -0.871025719365
0.303030112397 -0.599564764178
0.447478283907 -0.773630249910
0.575788181435 -0.810833013447
0.703178419545 -0.805548176598
0.167741580926 -0.607483948097
0.262884470377 -0.834842557584
0.383483140013 -0.942595768380
0.515448648116 -1.000000000000
0.002451238149 -0.578133067643
0.010218846814 -0.776273736602
0.062327578696 -0.888583819454
0.145506903499 -0.966927691838
0.218843822810 -0.048638549320
0.424924425245 -0.187464231106
0.569905835279 -0.293198479234
0.696830784119 -0.375547310254
0.412846558257 -0.551240215561
0.550541368917 -0.749443838549
0.653967228961 -0.828628040195
0.764951075029 -0.880268939444
0.306222515871 -0.603278224987
0.449452605163 -0.779616524420
0.577777169180 -0.816396061787
0.705586907360 -0.809016130709
0.169294858971 -0.611866182999
0.263575733701 -0.841051246492
0.383454239128 -0.946670781910
0.515295298242 -1.000000000000
0.003304526830 -0.583470763364
0.009834142438 -0.781829218480
0.062326157943 -0.892089513631
0.146138546968 -0.967094268803
0.220620100740 -0.049479779118
0.429024814025 -0.187660022084
0.577141493411 -0.292811803735
0.704212460645 -0.376626621232
0.417452078248 -0.554025974592
0.556151246296 -0.754840535594
0.659927059035 -0.834544521834
0.771078510802 -0.885279530470
0.309106818316 -0.606384849374
0.453263520047 -0.783413991770
0.581910760064 -0.820540931866
0.710199697550 -0.812555419624
0.170254011305 -0.615401430029
0.265462655519 -0.844158865432
0.386466336961 -0.948682002952
0.519351767910 -1.000000000000
0.002075700331 -0.587273510697
0.007740642576 -0.786181794049
0.060550301986 -0.894717790738
0.144396888759 -0.967079622847
0.221361143373 -0.048491783957
0.433447746319 -0.187422955494
0.583556983223 -0.293499561457
0.708485106437 -0.377151157406
0.417407590225 -0.552330790334
0.556946391345 -0.754972337104
0.660549748689 -0.835132860288
0.771872207164 -0.885844511166
0.309535744526 -0.606273361919
0.454099124988 -0.784363195137
0.583812797385 -0.821378612521
0.711692878193 -0.811007679351
0.169958023977 -0.616692579506
0.266418855312 -0.845553537353
0.389958122492 -0.949937817091
0.524911485158 -1.000000000000
0.000172583342 -0.589918080075
0.004886131582 -0.787525033858
0.058792094580 -0.893714384542
0.143300728785 -0.962681436752
0.219621334630 -0.048119477936
0.429918604184 -0.188896883068
0.579375442046 -0.296081979272
0.707502710238 -0.378979754607
0.415741492342 -0.557424343966
0.554501533402 -0.760407265439
0.658706547314 -0.840709020736
0.771125091704 -0.890155673342
0.307946745103 -0.610679851204
0.453735019660 -0.788158224212
0.583406834762 -0.824993666756
0.711983572126 -0.814046794256
0.168479064662 -0.619654265873
0.266568125127 -0.847962110847
0.390351650036 -0.951180326381
0.525725500188 -1.000000000000
-0.001607513270 -0.590742212306
0.002864318558 -0.789718105952
0.056619855164 -0.895847173323
0.141193357326 -0.963952979261
