0.229648335632 -0.010255059212
0.376169519112 -0.157841307581
0.237821537643 -0.276571395143
0.013040550602 -0.385585399100
0.322346685474 -0.789620741172
0.376838107955 -0.903891956152
0.319394694598 -1.000000000000
0.236501405359 -0.956960292123
0.003045672404 -0.858101529504
-0.000242862886 -0.974394465508
0.004139169024 -0.944125309067
0.023030246997 -0.862957219041
-0.267025629194 -0.796652173984
-0.287258248475 -0.649972059177
-0.139801681522 -0.340215721151
0.016327585897 -0.115568029153
-0.494741902616 -0.621101171142
-0.483620255174 -0.465496765737
-0.328189099234 -0.230673787008
-0.151826735263 -0.069191581590
0.233153035156 -0.009753496987
0.390752879620 -0.157662877199
0.258200906607 -0.274046681061
0.021005181100 -0.374681920043
0.331210412680 -0.790160344634
0.392355166262 -0.919607682626
0.330173646996 -1.000000000000
0.242015410276 -0.929069346240
0.010105702621 -0.856732939720
0.001227910403 -0.986167384653
-0.001358751079 -0.938887308523
0.010997574877 -0.840206084296
-0.260398456926 -0.790669518147
-0.277179012283 -0.643262148639
-0.129427418557 -0.328836043263
0.023573696795 -0.102658835327
-0.488108165263 -0.608876564307
-0.470704308942 -0.457224308533
-0.313392204815 -0.223564009946
-0.138710148338 -0.063298167344
0.225313540459 -0.013744016166
0.380110140362 -0.168248412690
0.243606852856 -0.285226293719
0.017880513956 -0.371987369092
0.320766375925 -0.783722441783
0.384272312366 -0.914733324699
0.320503734760 -1.000000000000
0.235640339002 -0.942797719647
0.007708967312 -0.850720674485
0.004297715759 -0.975059345641
0.000983798298 -0.935130648897
0.015115609037 -0.839536303605
-0.259655850248 -0.788336761478
-0.272284680499 -0.647559689528
-0.132352980609 -0.338264525102
0.015673872339 -0.107849793386
-0.486190088923 -0.611781768922
-0.473668580904 -0.469017191131
-0.322796046466 -0.240908513194
-0.152587209871 -0.078007442438
0.224519019828 -0.019081928970
0.376886896252 -0.170510187964
0.241681348189 -0.285298227282
0.021653591674 -0.373428267094
0.317579081092 -0.794716271987
0.378673114386 -0.922486827131
0.314847170415 -1.000000000000
0.229179441279 -0.935127719119
0.001230952834 -0.856712594519
0.004952161863 -0.977094395101
0.001881394900 -0.936045466143
0.012949710217 -0.840870928156
-0.264007657342 -0.789769510224
-0.269472018706 -0.650666844870
-0.127968536316 -0.340030132559
0.018973521959 -0.110236564888
-0.486165550871 -0.607801862225
-0.469668042342 -0.470016483806
-0.313945218684 -0.241172456249
-0.140338478279 -0.078191965461
0.224449336272 -0.010641016996
0.378804584102 -0.159970704731
0.242246357800 -0.276983701225
0.025210612785 -0.367667555192
0.324569748949 -0.772684787644
0.390220085147 -0.909394317140
0.328330714038 -1.000000000000
0.244005638663 -0.946346375974
0.015497504724 -0.840927765721
0.009058831150 -0.972081378310
0.003027787740 -0.930808028670
0.013267738559 -0.831266970639
-0.247256734534 -0.782226038617
-0.266861172823 -0.651024489038
-0.133007706584 -0.350095167852
0.009882047823 -0.124014780505
-0.470591585540 -0.610324394179
-0.460627918860 -0.474873160915
-0.313568773567 -0.251753529087
-0.146196611007 -0.092063484486
0.226867550889 -0.012505430360
0.379770847313 -0.161849810014
0.247083378374 -0.272147811845
0.017464717108 -0.362202044059
0.303669121631 -0.793190685684
0.360502604873 -0.930820784868
0.321217189239 -1.000000000000
0.261806639078 -0.939012520931
-0.006212263673 -0.852942184259
-0.003380794168 -0.982943061275
0.008105258220 -0.937068401119
0.031682164013 -0.848052106980
-0.267765180023 -0.785396462159
-0.272578229475 -0.657109233345
-0.130005296088 -0.350421477507
0.018684924913 -0.125357995835
-0.488796836216 -0.605556201420
-0.469242645814 -0.468417231118
-0.315894722744 -0.238340074118
-0.145396516547 -0.076867992796
0.222091722663 -0.006517945853
0.372266287799 -0.159204864158
0.237376939930 -0.280744918530
0.017768630638 -0.383921859298
0.323959408011 -0.783898612796
0.368377671404 -0.909095629942
0.299472822351 -1.000000000000
0.208512465953 -0.941403804718
0.006825194556 -0.852461999272
-0.005086642917 -0.974867204866
-0.005929818825 -0.931615526391
0.007894479544 -0.833102693957
-0.261921472803 -0.791072369646
-0.284974253722 -0.653320821604
-0.144781620145 -0.347462378600
0.002624866779 -0.121646550126
-0.490695381438 -0.614362443390
-0.484770160525 -0.470234132437
-0.331377192274 -0.240147519947
-0.157320125967 -0.078326308671
0.228656165830 -0.003887365970
0.386752750933 -0.153940702368
0.258063330231 -0.266321634742
0.031088020106 -0.359928882109
0.316720777374 -0.776768236433
0.387512516026 -0.920530281561
0.333407868955 -1.000000000000
0.254812984604 -0.935009987571
0.006431474797 -0.839655495952
0.012719399508 -0.980249878147
0.013866992226 -0.936587557237
0.027203684039 -0.839618733125
-0.255824164341 -0.776694912772
-0.257136112482 -0.648679275239
-0.119611628338 -0.340149269197
0.022885196492 -0.109381934060
-0.478626152954 -0.601972911452
-0.457635656010 -0.467562561949
-0.305681627589 -0.239150471665
-0.137523810832 -0.074476235761
0.225131586041 -0.014822151659
0.380037429067 -0.161578248951
0.247926015144 -0.278060197914
0.027547364780 -0.372840721539
0.322626503918 -0.785721905849
0.380021892220 -0.916989642214
0.307674833891 -1.000000000000
0.213010702677 -0.934776987653
0.006204023574 -0.852066584763
0.003590752764 -0.978419922791
-0.008988467575 -0.939406097342
-0.003332117843 -0.846446197474
-0.261377040090 -0.789898973664
-0.277271435072 -0.653794991979
-0.141182722357 -0.347249325202
0.005791493510 -0.121778272457
-0.487750636291 -0.613733233014
-0.475573030043 -0.475542826949
-0.322768478551 -0.249901203737
-0.148405413921 -0.090509832915
0.222764947206 -0.015805661884
0.372105833948 -0.165086893619
0.239225255001 -0.280107102430
0.025959283017 -0.374383028259
0.317573293972 -0.797489690191
0.365920016465 -0.924284577161
0.302238432115 -1.000000000000
0.218253537305 -0.929759686583
0.001687965538 -0.861355594955
0.002748604446 -0.985728759801
-0.001755890898 -0.949666291247
0.009077865105 -0.854827032341
-0.264918530920 -0.795298792271
-0.279473674720 -0.665328496397
-0.141670473063 -0.357373419871
0.005668039139 -0.125612904354
-0.490280775781 -0.613288722234
-0.480998999016 -0.475160875318
-0.328812907391 -0.244532923666
-0.155154538329 -0.079027699311
0.230961920565 -0.017026130392
0.388722235610 -0.164121536348
0.248763611923 -0.277218389794
0.016315694929 -0.365250301830
0.326288496924 -0.792788215311
0.379221613776 -0.910589710752
0.311826987211 -1.000000000000
0.221884884729 -0.944793165389
0.005847918845 -0.859421130213
-0.003342748833 -0.978495410375
-0.005958983499 -0.936494325265
0.008205137767 -0.836482023031
-0.264798672683 -0.795570709170
-0.279275315293 -0.651718472180
-0.137174440888 -0.345136857799
0.013595962057 -0.117060118608
-0.491989394271 -0.615611515297
-0.474853820607 -0.469166283446
-0.320780257569 -0.239631719336
-0.146380511693 -0.077631153068
0.226146817578 -0.004272771081
0.383689198407 -0.152718650360
0.259530905344 -0.268323501477
0.029560996775 -0.367895231831
0.319290013206 -0.784396425003
0.384215445647 -0.914163565663
0.324616224039 -1.000000000000
0.239410084542 -0.943488379112
0.006043943468 -0.846597511811
0.003091584372 -0.964969718502
0.003326687386 -0.918228714180
0.015670743429 -0.825167014629
-0.256609200117 -0.782056468071
-0.274566492527 -0.648334573330
-0.131232449563 -0.344119916311
0.017471759449 -0.118651737558
-0.477888669608 -0.604028931040
-0.469124229121 -0.466650245916
-0.314517327504 -0.238455628425
-0.143195560402 -0.075396361602
0.230421549788 -0.000812307122
0.376489513029 -0.142957129392
0.246845041350 -0.251656698570
0.015528813424 -0.359783636909
0.311802980428 -0.796119836442
0.369975899218 -0.934789990030
0.318419150758 -1.000000000000
0.244967577125 -0.913931778950
-0.012601844714 -0.856021696653
-0.017445232128 -0.978765488655
-0.013638317155 -0.916723540206
0.004840837666 -0.808509273007
-0.279304321171 -0.783376622383
-0.293924503670 -0.633390476012
-0.144383642405 -0.317389831776
0.007517506143 -0.086561597230
-0.502110836966 -0.597319620224
-0.492713387677 -0.441594416732
-0.337030821634 -0.202597427985
-0.164268983084 -0.035180356404
0.249844877473 0.001646604896
0.402551910136 -0.147599589498
0.258138097716 -0.251200675530
0.022137409367 -0.345347682777
0.309851133931 -0.767616143333
0.395207051822 -0.895223215499
0.367539574881 -1.000000000000
0.308417443673 -0.963446541774
-0.010672346248 -0.832804599959
0.000295962495 -0.962225905497
0.008596846550 -0.921956613069
0.024415791076 -0.827904915778
-0.281389686041 -0.766109159161
-0.268561509409 -0.615394857025
-0.115337796459 -0.303205424307
0.037581941829 -0.079533859071
-0.510375269017 -0.586337652240
-0.474543393550 -0.423948507542
-0.319760861190 -0.186274530295
-0.150040862053 -0.024970999438
0.251023976162 0.004235787029
0.411281668099 -0.139656927952
0.273473135820 -0.245439123097
0.032741587417 -0.345667931705
0.339912921116 -0.769365001975
0.415516403907 -0.896070055002
0.383194183304 -1.000000000000
0.315687899985 -0.961909032863
0.015604454118 -0.833906984245
0.013316578284 -0.974226811710
0.028062956322 -0.922691157576
0.043848360492 -0.825039941115
-0.256955521678 -0.769383293208
-0.272790333202 -0.648667462651
-0.119201232367 -0.334157490039
0.028422193335 -0.109493002762
-0.490007134983 -0.590788324811
-0.475227398221 -0.457494643507
-0.320205484132 -0.217837652482
-0.153905237817 -0.052693678403
0.231514457387 -0.005401929473
0.378129266193 -0.160091061807
0.243501308247 -0.273100122026
0.011744483132 -0.375788747540
0.321043522812 -0.781054365870
0.384826537996 -0.921441593863
0.332534182338 -1.000000000000
0.248044322929 -0.925303811950
-0.006331925917 -0.838618909734
-0.012836932204 -0.974928190279
-0.001987663814 -0.900655386630
0.013424908584 -0.795093958211
-0.279012183119 -0.770044715190
-0.292171605185 -0.633476435190
-0.138975118523 -0.327597251086
0.007155506916 -0.117146633442
-0.508958289425 -0.597017344889
-0.499237217966 -0.460764170541
-0.340517410933 -0.232131832586
-0.172812124018 -0.076834434547
0.237680818841 -0.010689311724
0.383286456690 -0.161524817712
0.242930552054 -0.268305507085
0.005479379102 -0.364931973745
0.314958492210 -0.794014610973
0.384915110974 -0.913273102711
0.339434235651 -1.000000000000
0.264165188938 -0.946486660920
-0.012940475433 -0.856147278812
-0.006045322377 -0.972708347114
-0.001082012535 -0.928832316164
0.014733263129 -0.846351684083
-0.285771204082 -0.788052764172
-0.301509978079 -0.643546186191
-0.146797260508 -0.329936264812
0.013167162695 -0.108715632101
-0.514031187743 -0.607385411808
-0.501085217715 -0.451760309709
-0.340008561706 -0.213097085477
-0.159855869731 -0.053103991760
0.242175694036 -0.004995159299
0.395566524112 -0.153292124442
0.257311506019 -0.261088489885
0.022014911946 -0.360230902913
0.326802405402 -0.796545715287
0.417133136121 -0.912037706690
0.384404538354 -1.000000000000
0.315357245413 -0.944109001740
-0.004685815275 -0.862473753760
0.013761328925 -0.979958134020
0.025477858293 -0.918404860072
0.038638135334 -0.821069869508
-0.279087689715 -0.793764179157
-0.275602058140 -0.642337505851
-0.117722397375 -0.327921092953
0.034553798624 -0.110795935774
-0.509113417182 -0.609235135166
-0.477901102929 -0.444400425145
-0.316678251067 -0.201224234310
-0.144478522067 -0.040782422774
0.251590085838 -0.000792913150
0.405584908511 -0.142828512671
0.262699956950 -0.244596562041
0.030599816897 -0.346775230952
0.322391004081 -0.780674003864
0.413829245880 -0.894998108765
0.396664582332 -1.000000000000
0.344138789405 -0.973244771842
-0.004774091100 -0.852553508327
0.019719108973 -0.973163840605
0.042564151494 -0.937035497293
0.062787163908 -0.857720328905
-0.278939732637 -0.786402231658
-0.269335324526 -0.644588554108
-0.106826038731 -0.328251348570
0.048217695374 -0.104917339390
-0.511314754929 -0.600302555042
-0.476949434731 -0.444480745181
-0.321072889796 -0.200040508214
-0.155223273666 -0.033188409625
0.247082717294 0.002105419288
0.396006386539 -0.142388519062
0.245225941284 -0.244664553630
0.011784541546 -0.339933806273
0.323590109977 -0.776803565631
0.411805151630 -0.893238038282
0.385727358478 -1.000000000000
0.326572535783 -0.964244953009
-0.008266454759 -0.852827613029
0.014992470995 -0.975096076193
0.027303043983 -0.941529664940
0.050920131036 -0.851270215022
-0.286776604364 -0.788942819089
-0.277043657304 -0.628401687957
-0.127826215309 -0.310995393775
0.028643705538 -0.083792928154
-0.521098531869 -0.606778561890
-0.484814578947 -0.429518469956
-0.331036473094 -0.183633264676
-0.155793481781 -0.017425438277
0.236142697082 -0.012748376860
0.383344832995 -0.161001588852
0.233047002316 -0.260999478823
-0.007484556342 -0.337191592798
0.303075368147 -0.782485910277
0.397399740185 -0.894124411565
0.377496956282 -1.000000000000
0.316032778607 -0.966459813431
-0.027645748537 -0.843421244200
-0.024967558295 -0.969807375397
0.007998137547 -0.919825416151
0.034314848771 -0.821045857273
-0.301795424190 -0.765994551904
-0.309977134313 -0.624945613987
-0.141321342738 -0.321130047455
0.015485929268 -0.107152156345
-0.527877640790 -0.570767016861
-0.504350951377 -0.422076606735
-0.345329906645 -0.191448472022
-0.178336044721 -0.036030232504
0.227766554312 -0.009902589371
0.371271743184 -0.159073191642
0.225203751294 -0.270401911874
0.004674080391 -0.356146881376
0.320766008129 -0.786841436750
0.406581519851 -0.891611393580
0.369164900686 -1.000000000000
0.298997011588 -0.978555650120
-0.005281380998 -0.860898087003
0.002934223745 -0.968199872026
0.023119000013 -0.925830468335
0.042174407809 -0.846855681012
-0.279223500621 -0.797849557143
-0.292546071069 -0.659343857567
-0.130144090454 -0.354094227498
0.025980186922 -0.142978547543
-0.508054771253 -0.615018882171
-0.484308167223 -0.462669930180
-0.327066162920 -0.225520221156
-0.161460193469 -0.068675138108
0.242163507195 -0.015206515900
0.397683488474 -0.163023089188
0.257870631645 -0.263445036751
0.010478499047 -0.352570357174
0.322327169644 -0.808284986503
0.406543438203 -0.924259371324
0.368961391663 -1.000000000000
0.302824542795 -0.940200651386
-0.006798445422 -0.871937278593
0.008035234683 -0.975053078105
0.020340799115 -0.916187377185
0.039553316652 -0.818766106166
-0.278910852015 -0.803027959285
-0.274814262046 -0.656689413617
-0.120700560160 -0.343285725942
0.029037845666 -0.115851994955
-0.508831193777 -0.619924645239
-0.480458418043 -0.474861843939
-0.322802138650 -0.237450364110
-0.155444125060 -0.068662414752
0.243111567970 0.000847204978
0.397711146400 -0.141697994367
0.254387242252 -0.248081133501
0.013536898042 -0.348364095225
0.327953987414 -0.780559262990
0.416370766022 -0.901391415162
0.386719525249 -1.000000000000
0.315150773621 -0.952068619080
-0.011296353579 -0.851838648056
0.000535220434 -0.983852268821
0.018124830006 -0.921282314634
0.028209577789 -0.816900328370
-0.290586281067 -0.785249370789
-0.291400887429 -0.636603347806
-0.126330619463 -0.327624913729
0.024089514935 -0.115164085919
-0.525471437725 -0.600675652970
-0.491552937710 -0.438466380201
-0.327131698118 -0.199314179708
-0.158679287931 -0.043036203419
0.251412595144 -0.005419225400
0.403333660292 -0.151103098493
0.254899483192 -0.255571389471
0.021209736844 -0.348661962752
0.328372420546 -0.787666122260
0.417580900386 -0.897584050036
0.393415261353 -1.000000000000
0.327994776664 -0.969197965777
-0.004035863747 -0.855674359894
0.007004330269 -0.979714741090
0.032995795374 -0.925727014445
0.048066855960 -0.832481600034
-0.281463410734 -0.784241841714
-0.284203220667 -0.639431760893
-0.115800106026 -0.327682809979
0.037137742072 -0.116162115879
-0.515167791674 -0.592964430230
-0.482751526174 -0.431222482504
-0.317591722846 -0.190883776633
-0.148671757221 -0.036746391645
0.248156684960 0.001975692822
0.401500848748 -0.143060451353
0.259289860227 -0.247538802813
0.020914045172 -0.349649583176
0.330314991199 -0.788689453520
0.423552563525 -0.897940054421
0.393132199181 -1.000000000000
0.321797912642 -0.961337679815
-0.009028429300 -0.856280626885
0.003309480308 -0.961761088525
0.014562628526 -0.902688066180
0.023616224976 -0.805916654119
-0.286562185813 -0.787037430274
-0.287269582939 -0.630421465406
-0.123488344392 -0.322864585143
0.032145458123 -0.107547099393
-0.515254582173 -0.601928032531
-0.485639495153 -0.438502351484
-0.321626103941 -0.198605496763
-0.148287711438 -0.037862476679
0.209774512350 -0.030990047541
0.422684383681 -0.164127749771
0.371102238511 -0.290015153334
0.187192730485 -0.399336859016
0.394096019099 -0.776441107758
0.415028143349 -0.939998425165
0.347121276201 -0.918193550088
0.285782872991 -0.802229033048
0.114540217619 -0.824931599780
0.106945497996 -1.000000000000
0.093436714253 -0.930348284410
0.101448539530 -0.852762357022
-0.135454408226 -0.770904600264
-0.166242078763 -0.693648069954
-0.052929009259 -0.390806205135
0.076739661344 -0.186170809754
-0.355064929882 -0.635051554473
-0.371367680179 -0.522133915856
-0.237529615749 -0.313860722579
-0.086097697498 -0.186192543904
0.250924928253 0.007921798167
0.419006367693 -0.131260959306
0.287260496627 -0.236388155886
0.043440601562 -0.332594992090
0.352169327783 -0.774948399041
0.436514377351 -0.898061296621
0.399440181777 -1.000000000000
0.321091938640 -0.950529349493
0.017861738596 -0.842204008661
0.021908746513 -0.959917035265
0.033819574793 -0.894672061533
0.040655522346 -0.790652805754
-0.260681427200 -0.775719196415
-0.267075428049 -0.621087034476
-0.105205477337 -0.311888981158
0.043089732195 -0.096925303429
-0.498166300070 -0.594500744632
-0.476693495162 -0.438443015040
-0.316385942578 -0.201518046181
-0.150501154123 -0.039884581994
0.255695458139 0.007923481200
0.419945302228 -0.133356420527
0.281804314982 -0.237165807431
0.038989187498 -0.344909818373
0.358681329212 -0.785371649362
0.412692583856 -0.916111376106
0.368109616252 -1.000000000000
0.292208507849 -0.931346963490
0.011823256645 -0.855408828456
0.005807953756 -0.966479137672
0.009059617958 -0.887256740480
0.012892527663 -0.784647234220
-0.275460201091 -0.790063359100
-0.281379234739 -0.625799067365
-0.119610029716 -0.301851984954
0.030350075905 -0.087467356669
-0.523242705209 -0.612477321189
-0.500329391812 -0.453508273274
-0.336745301066 -0.209083285961
-0.168020098926 -0.048495085259
0.210890803976 -0.016510529771
0.416875350211 -0.153606058857
0.357262079116 -0.286809468497
0.172987475380 -0.412524980701
0.387991768093 -0.759403565476
0.419349371484 -0.930035459970
0.362065227586 -0.920374512110
0.301429641601 -0.815229028837
0.114509789068 -0.817330293564
0.115941534939 -1.000000000000
0.088900692846 -0.954936258631
0.080513069326 -0.881787355617
-0.136215523026 -0.771222773742
-0.167435747593 -0.693790537274
-0.062838517054 -0.391530550405
0.064196553325 -0.172964208157
-0.360462254191 -0.639433073366
-0.379250627073 -0.521187602358
-0.252871487972 -0.308147856890
-0.103240997929 -0.168627125614
0.249110088832 0.008642232358
0.403855328707 -0.138356906431
0.261638466686 -0.238105526987
0.012558059747 -0.341444565355
0.331661835357 -0.772589775723
0.395871626977 -0.907908653101
0.352244918685 -1.000000000000
0.272444712745 -0.937599494360
-0.012077911477 -0.835131925102
-0.028465662924 -0.949908531755
-0.019331060341 -0.870302567615
-0.008628118909 -0.762038517494
-0.295105674087 -0.764541617724
-0.311376371205 -0.607680233474
-0.145577972660 -0.290171714116
0.009398102134 -0.074311456469
-0.533957613384 -0.586483433357
-0.526218787271 -0.435379245111
-0.362070643778 -0.193733934130
-0.189032918820 -0.031186721369
0.256336594398 0.007771432230
0.418393054717 -0.134346033638
0.268698645245 -0.235307338076
0.001639814665 -0.334064145726
0.340061572716 -0.770119486620
0.424389677734 -0.897580140497
0.373297128190 -1.000000000000
0.292326126364 -0.945155084398
0.002122637614 -0.841657753518
0.005846206785 -0.961441259392
0.000363396261 -0.895353278613
0.008506045227 -0.784255104175
-0.282829804399 -0.777706077912
-0.289196620912 -0.618902277249
-0.130325286430 -0.298788031078
0.030709176720 -0.074821769921
-0.524300626647 -0.600321487288
-0.508615239518 -0.434711023229
-0.352385909873 -0.185246141034
-0.178370335873 -0.016036650691
0.209647366897 -0.019927940306
0.413362446058 -0.156811251631
0.352522885058 -0.287098770667
0.167542114991 -0.406006530410
0.385327908903 -0.772524711729
0.403778359431 -0.936567052501
0.339394248194 -0.912413835860
0.282825986622 -0.793241695712
0.113768494455 -0.825213731248
0.113005164326 -1.000000000000
0.085604617559 -0.940756876207
0.081401372925 -0.861751317092
-0.134417601797 -0.773466077001
-0.164010391836 -0.688984779242
-0.059751337520 -0.386299500955
0.069285600437 -0.172917790521
-0.356711639840 -0.636808842990
-0.373281675825 -0.512382053202
-0.245487598944 -0.301306723315
-0.095140008784 -0.168429559012
0.256645708538 0.003512497958
0.404552979690 -0.155662963135
0.244616127084 -0.254174111215
-0.019479691243 -0.338035081211
0.313187731471 -0.767617416582
0.388548735196 -0.900628440508
0.351054067176 -1.000000000000
0.278475154239 -0.942661845532
-0.027057638536 -0.830503502098
-0.033746067913 -0.944183545190
-0.025468119999 -0.881876195227
-0.009549533855 -0.772291935794
-0.306283206153 -0.757687259194
-0.309864389686 -0.589198294171
-0.138667147393 -0.282907215539
0.028921899374 -0.069197791488
-0.535942200692 -0.576198086598
-0.514607060010 -0.402699408091
-0.350292242315 -0.164018335798
-0.170508292032 -0.004682752814
0.253840382071 0.014359892939
0.407367339069 -0.134570830805
0.256575704227 -0.241262433432
0.004603764347 -0.334421978390
0.343450150088 -0.762763337821
0.421661060755 -0.887125077706
0.381270128308 -1.000000000000
0.310980611165 -0.959751280907
0.008252761608 -0.840570859760
0.005266061810 -0.951744486253
0.008910672026 -0.892768571565
0.025223896465 -0.780442029815
-0.274496195482 -0.780730697334
-0.292872061942 -0.622745991448
-0.134532736637 -0.304201165287
0.029308965934 -0.070624394862
-0.515968987691 -0.600814279303
-0.505090799388 -0.432280267206
-0.350788066713 -0.181464167280
-0.175066028673 -0.006397626784
0.213399598757 -0.006639349968
0.426183751978 -0.153391462526
0.349572136348 -0.290458243038
0.152192497653 -0.406580509241
0.396246011159 -0.797335461747
0.385142500050 -0.930542513353
0.309828226534 -0.904234768929
0.255448134622 -0.793557033277
0.109041394234 -0.853581998821
0.097682721028 -1.000000000000
0.071851332811 -0.940946184866
0.074006227465 -0.874849301846
-0.152587553423 -0.797143533321
-0.192563175667 -0.682665095106
-0.083558348067 -0.370598941053
0.054145038369 -0.158785133900
-0.386407854092 -0.652612518968
-0.408486305300 -0.503536476146
-0.276089040683 -0.284827723820
-0.117734353610 -0.154453936714
0.259006794307 0.012603017251
0.407435939712 -0.140514882630
0.259371819159 -0.243072961867
0.001605728812 -0.348588488852
0.336812851509 -0.777534110760
0.389554405498 -0.907581459343
0.344523745386 -1.000000000000
0.270025451482 -0.932185510197
-0.013199878257 -0.839596385551
-0.036216641811 -0.951723853284
-0.026492695881 -0.867751744754
-0.006467262693 -0.741949895729
-0.299702601344 -0.767134854217
-0.309954472151 -0.601369589639
-0.141342774802 -0.282694550819
0.018946604724 -0.059340614950
-0.539749618418 -0.586994650425
-0.522618990381 -0.418832208804
-0.354324165048 -0.171420003025
-0.174764356626 -0.004787767833
0.252329198160 0.001553346498
0.400494062046 -0.154942040896
0.253414130721 -0.254346357709
-0.003749502392 -0.343197777378
0.322189624098 -0.783303562685
0.395006593507 -0.910163552707
0.360743727989 -1.000000000000
0.297626154996 -0.929177039655
-0.018402664657 -0.840424210384
-0.038068162772 -0.945914622030
-0.025607504906 -0.874865561037
0.004756000814 -0.763707735118
-0.296490393607 -0.766304168030
-0.308526090342 -0.600522222385
-0.140854130248 -0.290716136553
0.030414480607 -0.075817330834
-0.527420509300 -0.583756377429
-0.518736813078 -0.418138310936
-0.354280798746 -0.177364783816
-0.167759011765 -0.016135304586
0.221705233471 -0.015978868032
0.438195983089 -0.160526560015
0.359456052891 -0.286027675147
0.149884942650 -0.385706471857
0.396281346947 -0.788269996375
0.390668175432 -0.933803111262
0.313705684591 -0.881904537111
0.263781610019 -0.743380639966
0.103320757043 -0.847383678444
0.097445244540 -1.000000000000
0.068294094234 -0.929720749345
0.068462046055 -0.855824262230
-0.157777521202 -0.792452471705
-0.187646211864 -0.665081172248
-0.075231576209 -0.367401063102
0.062696024986 -0.178278421979
-0.382487618577 -0.651844096378
-0.388937260800 -0.485035602376
-0.255230195082 -0.273679927918
-0.098432372537 -0.160550126859
0.231053038050 0.003389411237
0.365027177574 -0.140806117108
0.218257970137 -0.232395977587
-0.007533006599 -0.320548940616
0.326969591891 -0.788603309016
0.376570965384 -0.915713518993
0.330334560613 -1.000000000000
0.264102705683 -0.931969264273
-0.021375421578 -0.849446399109
-0.062898396438 -0.953027742991
-0.051998065213 -0.860399149224
-0.019740865162 -0.737501739321
-0.307290127506 -0.773150412026
-0.343592416636 -0.615468136751
-0.189768893071 -0.299109467867
-0.030897695557 -0.081586834613
-0.549464951862 -0.585996426386
-0.559170912818 -0.419337269167
-0.399731058707 -0.175428645892
-0.217290650222 -0.017241028971
