0.414878171517 0.064848442970
0.676241093636 0.107795164651
0.559125648885 0.086612842967
0.336183994525 -0.064517583567
0.940042029880 -0.880448200301
0.995745089519 -0.526406679495
0.869917989811 -0.270389430301
0.724072627445 -0.109511241607
0.441396503860 -1.000000000000
0.406672858325 -0.461498798951
0.338418027485 -0.119112898598
0.288423902923 0.023372435254
-0.002504869196 -0.894314430038
-0.075478496872 -0.195453874686
0.008831506092 0.154775443088
0.087721075568 0.248730436840
-0.385879760032 -0.659246729762
-0.411165323905 -0.169733801651
-0.266431024501 0.158570371160
-0.130746364158 0.307774200462
0.339036083026 0.038336273861
0.524249592760 0.075545967243
0.333128823923 0.087415669152
0.052179747547 -0.010149636334
0.740524758827 -0.899836114818
0.774548461095 -0.542064817943
0.659941630220 -0.300206366221
0.550345410061 -0.214090897969
0.306453924819 -1.000000000000
0.273884781637 -0.516514243382
0.199351383263 -0.187491052171
0.170943056493 -0.119374581242
-0.080126648331 -0.897105562777
-0.138416949657 -0.303659772695
-0.079047442539 -0.006938829908
0.002891504504 0.017467724042
-0.407672113715 -0.681474206565
-0.441428487389 -0.244589524363
-0.308992722172 0.027304999800
-0.163758069098 0.107425487686
0.308827933377 0.099325333957
0.508705944749 0.150538731571
0.283471504961 0.163573162757
-0.016003845725 0.084057566919
0.816815532988 -0.837129631423
0.847607521462 -0.584990760821
0.727219824252 -0.367732689396
0.606054215369 -0.250652526390
0.424986315612 -1.000000000000
0.286721746160 -0.645222622879
0.199505424965 -0.267539775668
0.182434110545 -0.124317633504
0.037462803881 -0.945632486115
-0.119616606132 -0.445603157554
-0.050740412039 -0.105612013415
0.078928115196 -0.036509284604
-0.310260349413 -0.766083032841
-0.405427757296 -0.346881855551
-0.292290535187 -0.056619947405
-0.120889783994 0.032293883644
0.287515151026 0.206176414451
0.482907019120 0.319130339764
0.434621377160 0.326670966425
0.271372100546 0.274001618032
0.871366348634 -0.344182510613
1.000000000000 -0.282646352279
0.914127127919 -0.064859725431
0.808581131653 0.073862332387
0.600884496997 -0.528790120666
0.520453019999 -0.171363292481
0.373892000143 0.127471015554
0.285498666248 0.208871379755
0.307774278258 -0.543761525447
0.176972055223 -0.050196458783
0.117659320750 0.200149665034
0.105410775882 0.216399680891
0.026831443323 -0.461641956031
-0.069763482539 -0.021427817687
-0.074194400781 0.208157364235
-0.058784250545 0.243155801560
0.379544274877 0.071129729990
0.523948660301 0.077182870340
0.263674560371 0.082196079975
-0.048570560010 -0.041108701738
0.700366181001 -0.908918581408
0.698842006348 -0.566539163069
0.616564824170 -0.323843282113
0.534191595114 -0.213082732995
0.241628065663 -1.000000000000
0.150286755518 -0.554485644363
0.111811870592 -0.232896092222
0.118602220852 -0.122480546406
-0.142026815122 -0.887062266808
-0.229691097202 -0.308172149540
-0.137207339512 -0.007126969963
-0.027919843321 0.033567290406
-0.451317081545 -0.678700502141
-0.486970612207 -0.249987151224
-0.333265535537 0.042797358948
-0.169833753242 0.147140354561
0.374822695974 0.069257210511
0.524085151438 0.097309568636
0.219933390667 0.125884754811
-0.115469090329 0.004830495733
0.636333617059 -0.903962342258
0.639128702299 -0.578008328177
0.593835768049 -0.272588481365
0.556905924982 -0.132993392124
0.213475468812 -1.000000000000
0.068901891429 -0.589253397426
0.064882264635 -0.184054303504
0.107283413503 -0.056630192275
-0.162325997362 -0.884608289399
-0.288612459862 -0.355365372071
-0.137330089465 -0.000419262786
0.023723506637 0.044623682963
-0.480439650236 -0.663172221678
-0.546161225028 -0.231395691979
-0.372626543561 0.082990199843
-0.180250437676 0.168785488388
0.320518169082 0.168526914576
0.516424896335 0.257559064960
0.479011319866 0.263433011061
0.324268818455 0.221525952890
0.901449754954 -0.412864344409
1.000000000000 -0.322446671922
0.888123136326 -0.108110174151
0.764233934743 0.019078890802
0.617116718099 -0.572898650099
0.566632153852 -0.260172525536
0.444681931783 0.003788076389
0.355729331870 0.086045647953
0.312725835551 -0.568968379952
0.205635150181 -0.076576974293
0.148659527596 0.162228338031
0.121120902988 0.179283568890
0.019832199805 -0.471445354751
-0.053118905917 -0.025124943372
-0.055887493524 0.192223634366
-0.056593621367 0.220209360078
0.386861186901 0.041293256400
0.573662238523 0.067163751845
0.300480485853 0.085885405019
-0.055710118134 -0.017100684349
0.707580225930 -0.915927300920
0.750130359370 -0.569002102250
0.680854716147 -0.259087832297
0.618851167668 -0.091611575793
0.247560644690 -1.000000000000
0.108119356105 -0.560427606566
0.108003260227 -0.156311669723
0.163164109675 -0.034950127477
-0.146370860730 -0.874910169820
-0.272981467400 -0.314178407956
-0.120040454643 0.026510116146
0.039428565749 0.054812363018
-0.472786151988 -0.643805519524
-0.520254357323 -0.191330381238
-0.342327583208 0.114990085134
-0.152192353377 0.190192780785
0.430889040235 -0.027776702277
0.603463169941 -0.047187451801
0.327317227052 0.000930185028
0.007551921843 -0.078373880430
0.607323760457 -1.000000000000
0.636183086818 -0.654239974408
0.587777286221 -0.293672520284
0.541312253794 -0.081987669891
0.115486179035 -0.991563593110
-0.010652750176 -0.595489157997
0.007215519206 -0.169375871553
0.049256539593 0.016991506785
-0.280860446011 -0.802209213243
-0.367991373705 -0.295330731396
-0.206781517489 0.078657918506
-0.069734574088 0.161225724265
-0.596383058086 -0.532398430206
-0.622121245011 -0.132411251589
-0.412420429669 0.192251250878
-0.213190305088 0.297012109860
0.318340032990 0.171313186580
0.495492188989 0.255207316331
0.473889364952 0.278917885964
0.353262228616 0.277779396168
0.913960196626 -0.369300087999
1.000000000000 -0.238666009248
0.893322013572 -0.016388152842
0.783625792559 0.099824550423
0.672771829311 -0.484214873959
0.630052756012 -0.153075934219
0.509494697719 0.089877528523
0.429485739206 0.142548310645
0.391186218541 -0.456148926493
0.254139707242 0.056961480410
0.187438727487 0.256727177494
0.168722111002 0.233011199873
0.106521371074 -0.347733894072
0.005454785897 0.109471537106
-0.009709358820 0.291584260936
-0.012081951652 0.286100344006
0.408333224475 -0.020618106708
0.650508122019 -0.031800943654
0.472561071128 -0.021972511103
0.218267583707 -0.111114686606
0.642590277961 -0.953347443438
0.755420139897 -0.616253362514
0.768500077581 -0.273230297494
0.737934909787 -0.089921173091
0.214026268415 -1.000000000000
0.134452540992 -0.521352977029
0.168844620727 -0.119548888710
0.184323255006 -0.050411498705
-0.150383599228 -0.846261241700
-0.252044536784 -0.228723887252
-0.077077749057 0.088330679856
0.043988777762 0.042242378807
-0.462112626590 -0.600813598462
-0.515152007546 -0.152943511683
-0.316479266504 0.121414022403
-0.140845949961 0.141623354507
0.513935110572 -0.065073285651
0.798565646106 -0.123695397187
0.651452621004 -0.105637664573
0.422343417395 -0.177440938125
0.644074322805 -1.000000000000
0.834408350977 -0.710537879149
0.879137488549 -0.303987856111
0.872442396882 -0.025241015466
0.134129964494 -0.964230648436
0.156506996220 -0.583217190597
0.233390757816 -0.113299524343
0.258394502633 0.098365360717
-0.261585490194 -0.746913641792
-0.274443684007 -0.209390576450
-0.094458881673 0.194809292084
-0.006149333565 0.275379710190
-0.580521278513 -0.457700423669
-0.524198876246 -0.004233482865
-0.284871723107 0.329378070780
-0.120463459964 0.407253288970
0.297654079319 0.199942987506
0.473150154775 0.317259829542
0.446734081739 0.371291737790
0.301100679179 0.347513948460
0.896747589184 -0.290542999266
1.000000000000 -0.183878715932
0.891042788914 0.026169075707
0.787451626731 0.131934496138
0.659546070328 -0.438193215258
0.606500589015 -0.106616346820
0.441678377380 0.137301042161
0.349851758993 0.170933513546
0.378284006305 -0.438808720099
0.232747186943 0.074042313668
0.136873803540 0.270357891884
0.115408826739 0.224827790736
0.097077619656 -0.354245726406
-0.024387470773 0.114656898128
-0.062281746826 0.300751985424
-0.067426577594 0.279231260232
0.443439697221 -0.020582111586
0.737314283612 -0.029080756922
0.536659800260 -0.007304823156
0.188216236004 -0.062747615794
0.728071414204 -0.944608529304
0.875174413541 -0.615865658610
0.888579168233 -0.297777961150
0.838522048812 -0.110429725669
0.240279942748 -1.000000000000
0.143966434779 -0.505237689359
0.174609995166 -0.097992037384
0.187530825312 -0.016260334411
-0.171467169107 -0.849605911214
-0.259909970802 -0.173251473158
-0.070634982132 0.153164802808
0.044680279393 0.114607935580
-0.512210429357 -0.602121105696
-0.529641776195 -0.104702129794
-0.331107705302 0.185881367149
-0.176519641042 0.218323543589
0.446638414540 0.019984661967
0.629570830443 0.060750219224
0.263399849064 0.154492485281
-0.193285384159 0.159472151694
0.740111603028 -0.947683559890
0.812691254368 -0.570227412303
0.797853897602 -0.257119199734
0.714592213046 -0.153254443294
0.248372243661 -1.000000000000
0.170673804046 -0.513110656877
0.146059215398 -0.155061397961
0.108165312622 -0.109116352115
-0.183379622416 -0.835375858181
-0.257031204647 -0.171573614918
-0.106075327461 0.135415272647
0.002516211363 0.079416788118
-0.535136825231 -0.582047474572
-0.527135281243 -0.099385256545
-0.338732300410 0.172826628291
-0.179797489085 0.193319095239
0.345741007162 0.212327661065
0.538844810453 0.328962538569
0.481547247241 0.396406725522
0.283839135228 0.415865357525
0.929369092791 -0.356967926816
1.000000000000 -0.162971414329
0.912914683888 0.042912861098
0.841055883465 0.117052367014
0.687990647421 -0.477700265362
0.636036688181 -0.083033515712
0.504178348726 0.133475584171
0.443596709205 0.117499303275
0.413610754216 -0.441472253271
0.278386396502 0.127078222716
0.188071753228 0.311057386340
0.165800411077 0.222907770082
0.141903680909 -0.324970867710
0.037744265354 0.198857844095
-0.002423722187 0.368298818953
-0.016661117832 0.308608070926
0.374321239735 0.055866753024
0.511323290062 0.089980897118
0.235922000613 0.139430143478
-0.074748565308 0.044271761220
0.627547639094 -0.896798700349
0.706113392703 -0.584459526228
0.706034150283 -0.279603678731
0.661804833637 -0.179469964205
0.243533037407 -1.000000000000
0.195519659931 -0.591781356423
0.181269011828 -0.180661988541
0.173562357102 -0.107672943758
-0.108853862861 -0.896302070599
-0.183031826278 -0.352762972370
-0.063944774245 -0.007490385033
0.044062361714 -0.029309343020
-0.415924827742 -0.697900602901
-0.447502649727 -0.260242459218
-0.301010519667 0.029076133143
-0.158758329630 0.051703137943
0.454496297526 -0.053620430101
0.682973389123 -0.098623664161
0.598545340759 -0.084311946561
0.470858733584 -0.215675174439
0.661331898517 -1.000000000000
0.941175595153 -0.689871381716
0.952599173073 -0.354032271913
0.856949603995 -0.224898255897
0.303266114491 -0.934654814170
0.478039491785 -0.573848474268
0.448635684562 -0.208092877627
0.356367282378 -0.173222841050
0.001527735643 -0.721149321992
0.057621029213 -0.245959428287
0.152017996257 0.049435613584
0.169058917134 0.011386181119
-0.272478053229 -0.478092534187
-0.196923349914 -0.103086953286
-0.041572649964 0.145721023680
0.039681631111 0.159764285673
0.358933930339 0.132528248491
0.575622795797 0.207427181288
0.508569743129 0.361309021830
0.299390518592 0.504517120105
0.948780239135 -0.445561007262
1.000000000000 -0.174434614870
0.915097848949 0.057810098219
0.857615032246 0.110673351386
0.702136360838 -0.493225052745
0.558575655206 0.002514831496
0.407768990553 0.232751148458
0.348050822365 0.177918831578
0.399330681205 -0.376835309075
0.196719888390 0.230866857091
0.126232456359 0.404321093216
0.123056221411 0.280229036800
0.106962423619 -0.190171733626
-0.017260496543 0.364058870608
-0.024167447615 0.535302429619
-0.011929773644 0.458691926057
0.473815783266 0.013300519047
0.633309450709 0.049892088826
0.376998992913 0.161412018578
0.048645652259 0.103640232901
0.689530591884 -1.000000000000
0.941223742320 -0.625971114264
0.935701133907 -0.281587752011
0.830260655359 -0.174528945835
0.286990685777 -0.989306170536
0.465766198628 -0.537600069294
0.400297680226 -0.183930100800
0.287908540115 -0.142127662512
-0.068734464656 -0.787372148718
-0.000523367364 -0.141613291669
0.041191407151 0.176508598843
0.020088184733 0.134746331067
-0.379773478069 -0.535066502595
-0.284626797643 -0.047472443186
-0.162524867273 0.234345033936
-0.117914468403 0.258082981606
0.472010467739 -0.012246157652
0.655015228256 0.030718694185
0.454809520864 0.143360070193
0.198984811279 0.075595553507
0.640198259585 -1.000000000000
0.970769485504 -0.601911879953
0.995720061955 -0.215515158008
0.889640471176 -0.069665684041
0.296856723888 -0.943647588677
0.518030004202 -0.482372993540
0.428787472042 -0.112241566539
0.271520791474 -0.090508064100
-0.004670714073 -0.712538904905
0.105226302574 -0.081449223241
0.144985877012 0.237927762655
0.099518549480 0.173679911392
-0.277369891350 -0.447774489605
-0.158214447937 -0.008258265439
-0.030343859524 0.262519233259
-0.004675709035 0.279908075705
0.388298044020 0.139111314162
0.598713356447 0.222947693150
0.511468730856 0.370437489147
0.315134716073 0.509442293081
0.958613675784 -0.481323108782
1.000000000000 -0.156795400953
0.880829901875 0.064036127624
0.811390720183 0.096344068704
0.690198702899 -0.522848541810
0.579969008751 -0.010935211442
0.422059526953 0.185402837820
0.364075520270 0.112501670274
0.378183929608 -0.404379878088
0.214389919097 0.244862898744
0.131699574024 0.398700220186
0.127244864432 0.259943778738
0.083597295802 -0.217761371258
-0.017066892296 0.350996709802
-0.032387420303 0.493237003977
-0.022692568878 0.393163382816
0.420418806076 -0.102543912892
0.684675434852 -0.180294220696
0.758313882289 -0.173399791755
0.821856291734 -0.278076123082
0.562916007675 -1.000000000000
0.922685284565 -0.667192831817
0.977617008520 -0.236027323577
0.898763378248 -0.017297756427
0.276984417780 -0.854631918794
0.496580337749 -0.460608858820
0.409074076816 -0.106332240292
0.224302517615 -0.045237249285
0.021599089708 -0.569889906265
0.108907550377 -0.038381372890
0.152574014720 0.244717375910
0.101624203350 0.203011539857
-0.220268070761 -0.285546064433
-0.100332127615 0.120208689559
0.025553552879 0.368343671584
0.047266449703 0.386096656476
0.395344836625 0.101208435456
0.520468803929 0.194119690158
0.319830071956 0.300361744236
0.102406931684 0.171736437868
0.614891039840 -0.967306381640
0.900979614751 -0.544970968714
0.865397175948 -0.125462337969
0.744814453168 -0.045490320720
0.326410715144 -1.000000000000
0.572131604126 -0.508103857295
0.458865901237 -0.087311427710
0.309994385974 -0.099178211463
0.060757412917 -0.833192327352
0.140544735267 -0.179794421799
0.130690263051 0.180675518041
0.084179478442 0.095797672254
-0.189771550651 -0.617661900206
-0.120036174424 -0.113456951125
-0.054639763031 0.201781197164
-0.047370036393 0.207132652660
0.352017161169 0.185586693224
0.546511813367 0.274237962624
0.473959772513 0.350516676752
0.277676998748 0.407345939293
0.874267121670 -0.345959604566
1.000000000000 -0.215444860844
0.960275673626 -0.030036884353
0.888949975810 0.061851325401
0.615732443467 -0.474857718443
0.580012271610 -0.105823820746
0.457936065759 0.101836024740
0.380976905736 0.095758019999
0.321258662002 -0.442661510646
0.206086838337 0.081594003297
0.154430136958 0.263450342581
0.144196116190 0.196910463463
0.039159957746 -0.330045227193
-0.037576726528 0.145670904112
-0.028629507128 0.323835740920
-0.012564904096 0.290932845450
0.369869255082 0.116005950950
0.505208278885 0.216105786822
0.304676256486 0.314066795948
0.084581717316 0.160713865687
0.581490594868 -0.945249040844
0.982367120720 -0.629343971168
1.000000000000 -0.215286453161
0.902265603493 -0.040770996895
0.268183893146 -0.951242786728
0.534196399636 -0.582738978852
0.415788093570 -0.167622991522
0.241455800412 -0.107802160323
-0.005386214983 -0.775134399469
0.071907091657 -0.159412667134
0.106336093194 0.219103803172
0.080723313506 0.193077218604
-0.260615619697 -0.565225885194
-0.184571350415 -0.082555706848
-0.080546901952 0.260248204522
-0.049745226870 0.312374225096
0.423858672262 0.037413256525
0.600260636542 0.066852490868
0.419326612724 0.128176683338
0.199141279205 -0.026434874758
0.586595668813 -0.906572047874
0.963520310036 -0.684887191868
1.000000000000 -0.332582937010
0.913181518631 -0.120144902366
0.233006381143 -0.864141898908
0.448147246410 -0.595199823354
0.377319526843 -0.248274355859
0.237630092651 -0.160144368899
-0.055327807208 -0.667025586743
0.000577788456 -0.157914338098
0.087325675748 0.157327123729
0.089510883320 0.160811001606
-0.310158287163 -0.444223158307
-0.241682132519 -0.051552728762
-0.085010310345 0.229469056330
-0.011853186781 0.289087258692
0.343793738927 0.178799312402
0.538529861337 0.273222905054
0.469579305620 0.350488564574
0.276981104223 0.420132517889
0.860215340746 -0.337938410715
1.000000000000 -0.226135659332
0.986582934392 -0.050264670035
0.929113440229 0.050500723085
0.605770844680 -0.471525458242
0.595895365630 -0.098691724403
0.496678881193 0.094078014149
0.424733970782 0.088210889875
0.316352011641 -0.446184550387
0.214230928024 0.077064796958
0.176245497809 0.244014404376
0.172379552481 0.176086481613
0.036255560707 -0.340883933664
-0.027567134588 0.117090221097
-0.009981709513 0.284224479729
0.007720160492 0.254764307751
0.354623395169 -0.035022266586
0.492974555055 -0.012787363737
0.341085754938 0.098459989718
0.175351408344 0.013687891511
0.514142129435 -1.000000000000
0.914307449393 -0.664419647902
0.984299939007 -0.232878050183
0.911527582977 -0.036350030606
0.290075010229 -0.875776488811
0.547622251735 -0.477975775574
0.455856392005 -0.087391043325
0.267922310072 -0.012951006978
0.076702733506 -0.608334111809
0.148232141275 -0.039535684352
0.140896394775 0.289513309977
0.034060114012 0.262081346042
-0.138846226962 -0.337119774440
-0.051035677711 0.072503428016
0.009203761857 0.360748747852
-0.044885609782 0.409263905919
0.297626951619 0.006079060456
0.455478568339 0.048049394070
0.425628997517 0.212320116684
0.330452190477 0.348777790872
0.770352566900 -0.442950760699
0.958898711462 -0.254797597599
1.000000000000 -0.072180431932
0.949101941079 0.044180665024
0.581750745756 -0.420807852763
0.623533856049 -0.068824908260
0.564511343526 0.077255583056
0.500186862721 0.050707157484
0.337086357983 -0.268512210696
0.219858018949 0.243573501813
0.167964849326 0.336365230870
0.155995033534 0.214763683926
0.065564582886 -0.074899641521
0.027853002864 0.350984227805
0.053586040583 0.430986281781
0.084768459707 0.334017294646
0.396950280703 -0.111436695269
0.652424863119 -0.219447319676
0.740328891525 -0.247149874778
0.845280541452 -0.333531658709
0.469893187203 -0.912765125299
0.866427859582 -0.683777771750
1.000000000000 -0.329830265561
0.955101468220 -0.118498536913
0.205108200589 -0.765641236979
0.430041064047 -0.467606612285
0.405460383680 -0.153052650429
0.240361702709 -0.066920523147
-0.027821161454 -0.498449124729
0.044640222700 -0.085779808085
0.130617772851 0.159682842726
0.088166226219 0.155859537803
-0.245498816027 -0.224166880304
-0.142823338658 0.092298588186
-0.007350385621 0.309380002794
0.010885243785 0.346085363325
0.342114296046 0.092875215533
0.474281691371 0.157844670104
0.300695423555 0.259391108292
0.096346742577 0.174486164419
0.519237069959 -0.916339151842
0.884251419149 -0.645807194911
1.000000000000 -0.216698920609
0.984440681191 -0.022495938282
0.289478941829 -0.894314417185
0.563957004964 -0.555106984425
0.514559421973 -0.140299376222
0.355932682544 -0.023847207240
0.065641502544 -0.705417143373
0.120032768009 -0.104723977208
0.137649053616 0.267671823711
0.069729170258 0.272973101836
-0.152565965870 -0.477785918912
-0.091644727446 -0.017708268943
-0.026063773566 0.322056760047
-0.051662778120 0.399441749759
0.288670782679 0.035484098131
0.455520988445 0.061261450646
0.431931373233 0.317516964655
0.372671160484 0.602902118842
0.950784425910 -0.651424876367
1.000000000000 -0.287673611619
0.877859918780 0.068531166193
0.766078547490 0.185329319295
0.822902252578 -0.566271754607
0.755691836529 -0.080690927540
0.578543520081 0.275930104410
0.473520636551 0.298773617512
0.604729081662 -0.328207298740
0.437677853566 0.307310902139
0.302027901565 0.557308499065
0.230846981050 0.447369449370
0.365927509091 -0.031907070846
0.194735994156 0.629674343825
0.085557151568 0.833226692589
0.014318766249 0.724037401855
0.333504486094 0.109892595919
0.477425509666 0.152302896757
0.305050777227 0.195108289806
0.131447542318 0.060267014466
0.492694126922 -0.793960219708
0.887617474791 -0.633719120544
1.000000000000 -0.308202526368
0.989841524797 -0.145249713023
0.242130524651 -0.796560132489
0.508374601550 -0.542768226911
0.422492947018 -0.180367775100
0.257617290980 -0.075316876679
0.015760866601 -0.634678067514
0.092003159930 -0.114682483013
0.130202880659 0.231262862968
0.087459397509 0.274677255515
-0.186700965895 -0.452306047799
-0.118712080187 -0.009149232752
-0.036691866251 0.310231312754
-0.030966665004 0.398842254587
0.351314839421 0.008356867286
0.659653620099 0.012067042925
0.890219417611 0.067524000359
1.000000000000 0.049951507953
0.258861796954 -0.628431720207
0.693968329923 -0.064598242324
0.726865163627 0.455098500805
0.633979466716 0.731201961898
0.134437328480 -0.417014086192
0.402042504952 0.296499173285
0.242698920643 0.685558769370
0.026130448591 0.740315476012
0.076388431977 -0.146097351522
0.276396976831 0.571613994762
0.256318278725 0.815310242289
0.176072129962 0.769787532203
0.044982675308 0.069867426589
0.207559062743 0.581266261925
0.274423400368 0.788164095378
0.271390546828 0.785452385937
0.239305170964 -0.026973631882
0.388989607464 -0.047444871176
0.428500366584 0.246506114069
0.418658222517 0.564376272691
0.930219748744 -0.717456818657
1.000000000000 -0.369743098259
0.889781916237 -0.024970090086
0.787513296157 0.082653053655
0.887395717123 -0.543042972602
0.875607728648 -0.145940185118
0.687385249168 0.174060552584
0.557835037398 0.193158181922
0.735299014652 -0.249501844874
0.574073142979 0.288455927232
0.391391673360 0.497344786814
0.270997418866 0.388383887922
0.530606197606 0.088362622313
0.380694371579 0.625561261644
0.219651173956 0.783459642532
0.098577223626 0.681484557912
0.288675494898 0.112784697432
0.448413200376 0.158006772774
0.426749947133 0.323695922334
0.346904792023 0.488361768878
0.882691348893 -0.516355225918
1.000000000000 -0.271243374723
0.963481995113 -0.025551434555
0.913289372422 0.067126650103
0.751597356938 -0.504624537836
0.740777398079 -0.159206299240
0.608918161830 0.087608160160
0.527037666113 0.090899434830
0.540964307590 -0.344071698321
0.406408128359 0.159991097095
0.295482628552 0.365699385004
0.232261460237 0.298829828016
0.301938683252 -0.119991029502
0.187712252696 0.386291939974
0.125784033415 0.562339890133
0.083474473028 0.506501679675
-0.252748541763 0.098720607270
-0.173707210488 0.279974357426
0.136316350238 0.610248444275
0.459047671161 0.798193038202
0.431970761050 -0.631660653838
0.798764917286 -0.101398076901
0.809892108729 0.238902841250
0.773465124967 0.247594711479
0.759298184705 -0.482332285491
0.973763376341 0.173093977486
0.692311127380 0.386798131243
0.542436352704 0.194484488035
0.921345162755 -0.205630705426
0.886388051328 0.511783979712
0.585894131455 0.704036299620
0.449742253452 0.522232998351
1.000000000000 0.080672688300
0.996698919578 0.611760771202
0.710966933219 0.799907732019
0.517919297279 0.745181403756
0.234038651063 -0.187538794572
0.414861825943 -0.210686677576
0.501817448098 0.039964988468
0.558398513731 0.223269526229
0.719876625399 -0.550293986299
1.000000000000 -0.188935399155
0.998976899208 -0.005743334617
0.891310479392 0.082710026984
0.556588017621 -0.347119924098
0.701349082785 0.033496660894
0.618664463659 0.113962933990
0.523733256884 0.067408951313
0.307836478666 -0.088636347836
0.186639174316 0.324155027330
0.143444325672 0.356402813370
0.142143476437 0.247920031622
0.032738149427 0.165359968935
-0.022129747918 0.452560714850
0.011314028216 0.458187107109
0.053947503889 0.360288477677
0.261997979846 -0.097415656848
0.386452720246 -0.076600603445
0.369463738228 0.168424501769
0.313877072815 0.365991575610
0.772248062520 -0.520590948995
1.000000000000 -0.185498104282
0.984105412785 0.003330372246
0.866626153692 0.088441120357
0.612401386687 -0.388827085092
0.731748043879 -0.006707478599
0.621433773650 0.112146201829
0.495671688214 0.077854030329
0.367660467188 -0.179545404188
0.220303216630 0.291323631645
0.154960844305 0.350544365375
0.129117412788 0.239605083189
0.089775008551 0.050188119903
0.008361170249 0.386660074486
0.031237969087 0.426041499433
0.054723521253 0.335392759707
