0.594367366816 -0.005431857763
0.768023337481 -0.046706558446
0.203589344318 0.149593829882
-0.481139554486 0.249004794775
0.598214131370 -0.759016605700
0.720052001498 -0.885919996868
0.606160890739 -1.000000000000
0.376225525129 -0.951119462062
-0.000074755588 -0.715844395271
-0.240211339656 -0.763465536243
-0.402180367488 -0.794300670637
-0.604575110648 -0.795214222840
-0.467227573982 -0.475627217124
-0.577073068035 -0.158944002341
-0.138345460796 0.103643527809
0.188401023774 0.238473873266
-0.836756750012 -0.181433871699
-0.840230423509 0.123357709608
-0.468242326705 0.361605942348
-0.117014360285 0.457122633393
0.620643324081 -0.096438435489
0.842493253336 -0.123962898163
0.312542926021 0.131430650348
-0.360580754104 0.306444336241
0.652847582709 -0.914945957916
0.759454269861 -0.956049027132
0.662925626686 -1.000000000000
0.439623663161 -0.945332078908
0.042159198341 -0.792549028508
-0.187549574110 -0.751495476090
-0.309833256766 -0.724228913409
-0.508962999031 -0.730511357228
-0.434031932833 -0.478579858217
-0.497480030517 -0.111650752518
-0.037479975498 0.131561663544
0.253302495372 0.185848580381
-0.816269007803 -0.117714497143
-0.771737759952 0.200309204898
-0.361365343193 0.397506760418
-0.031336683053 0.429313394569
0.499336891621 -0.044753709694
0.667900848469 -0.094805237355
0.215728843378 0.083248446724
-0.342949149446 0.210594742391
0.572025642706 -0.821865897028
0.592213564781 -0.904295262434
0.460064871240 -1.000000000000
0.236323625482 -0.940616604416
0.020086157426 -0.768407586778
-0.226733027146 -0.818135651780
-0.315411933369 -0.788801222367
-0.442025225719 -0.750451239344
-0.412628843973 -0.535663991994
-0.526629475411 -0.272079751714
-0.135358598765 0.003736202203
0.149230857821 0.135774791358
-0.744009437802 -0.244577681672
-0.762261299847 -0.013957741361
-0.428630813740 0.208188132554
-0.119004473673 0.293763663766
0.539892024269 -0.033876939758
0.702759199696 -0.061934908236
0.210656809140 0.122787952165
-0.363436106391 0.219363790853
0.592131685982 -0.786750869746
0.563063977484 -0.889395480968
0.423297441371 -1.000000000000
0.196767211165 -0.960443880416
0.031951464407 -0.723835294060
-0.239499129241 -0.757078309958
-0.375126622695 -0.756386950042
-0.554505701465 -0.738708193238
-0.404541986465 -0.488220442616
-0.525008083593 -0.224537594177
-0.129828781805 0.011514561407
0.152164822635 0.116192226623
-0.752590345799 -0.200484347004
-0.769389733310 0.033925258979
-0.426818261383 0.242432723843
-0.111783123079 0.319733448084
0.535002205098 -0.038033229996
0.682773210466 -0.074590176445
0.186897257788 0.083364681540
-0.370282319402 0.156462114757
0.597140385198 -0.764457807708
0.645919690534 -0.876470111169
0.510599584199 -1.000000000000
0.262494966082 -0.945816832505
0.036332396528 -0.733852381820
-0.263688941201 -0.772816930366
-0.364912673424 -0.743410966156
-0.509369198275 -0.685413642201
-0.403978773199 -0.520130635981
-0.540399782652 -0.254253255799
-0.145153118406 -0.018956163087
0.128274765307 0.095026513550
-0.751935932546 -0.240890989343
-0.742313803875 0.002045489165
-0.407121275013 0.221093287773
-0.114883769231 0.318291880381
0.553560357783 -0.037927528152
0.709140777942 -0.074480971149
0.186012174898 0.103411697748
-0.399272839563 0.207813098578
0.601951368885 -0.759900099423
0.635368275709 -0.866988298635
0.495590157838 -1.000000000000
0.247943663585 -0.946943322702
-0.001219901646 -0.706937741087
-0.281676689671 -0.711744778056
-0.411004675680 -0.718227914666
-0.586780228420 -0.690610547315
-0.467246663682 -0.466015133671
-0.555532442385 -0.143399061591
-0.130517201690 0.105142063092
0.166597650166 0.224317624919
-0.831816800705 -0.165588243464
-0.807555078075 0.105656618252
-0.445905383438 0.327833977954
-0.116314445638 0.414783463689
0.551211365976 -0.037049458252
0.693812763018 -0.079223137530
0.180485686219 0.099262211125
-0.416656620095 0.227980238368
0.568021549869 -0.824672353913
0.565286168622 -0.908367128955
0.454554061148 -1.000000000000
0.256378894247 -0.981444270026
-0.007076543808 -0.784620510474
-0.266941102459 -0.750206124327
-0.355873142024 -0.755119289072
-0.503442190150 -0.779813187009
-0.452374711950 -0.543181833127
-0.546676265448 -0.162993379283
-0.093928186378 0.102938160197
0.228018650194 0.174794995148
-0.808286631129 -0.236006013538
-0.799187829965 0.090569761146
-0.421692535674 0.313862608624
-0.080395637627 0.362463483976
0.533178350758 -0.021774036420
0.680225632290 -0.039793140783
0.174897180718 0.124077450670
-0.385297345051 0.189316102893
0.598072597257 -0.828983835990
0.620727639596 -0.891379871686
0.503993773618 -1.000000000000
0.291939065573 -0.991454380098
0.021253619909 -0.824389573646
-0.174913470177 -0.820401723467
-0.279678391058 -0.844962209511
-0.443194104993 -0.901830723741
-0.429238480443 -0.606880858256
-0.460350608411 -0.188394902203
-0.046261642997 0.090897407501
0.231818794356 0.146996403414
-0.795142906162 -0.311636830511
-0.706246034733 0.080998704671
-0.354092980660 0.318867446741
-0.054147962876 0.350518607746
0.558148436898 -0.010094613562
0.675847792101 -0.027452436829
0.117361153290 0.124033145779
-0.462052406583 0.123100850218
0.562250006334 -0.775119955473
0.604070658865 -0.857195818245
0.551310275198 -0.984196113300
0.390200928667 -1.000000000000
-0.012907873776 -0.764248705523
-0.239042595408 -0.830446005019
-0.317739647365 -0.862632272959
-0.475460779365 -0.898891899185
-0.452449109573 -0.550854250242
-0.561987919211 -0.214467806596
-0.092208865625 0.064708746419
0.225075863104 0.169282504141
-0.799754706809 -0.253672013178
-0.794980163136 0.082575366089
-0.421720196496 0.338841477561
-0.103137644196 0.418067682202
0.737921587881 -0.039446519782
0.882308056657 -0.015895689468
0.184212465657 0.291037344657
-0.507096685353 0.409699501054
0.748125674456 -0.814548006033
0.741731305442 -0.828033559227
0.678558471408 -0.878081357150
0.459869224331 -0.875532134631
0.032221093156 -0.701089751108
-0.238611241144 -0.586795733166
-0.351231933925 -0.599777669600
-0.608346212650 -0.703180196610
-0.524327879561 -0.376941991694
-0.643539322830 0.151668775449
-0.032070935369 0.440912115138
0.347336411914 0.486572261013
-0.992148616075 -0.026312211253
-1.000000000000 0.443604160547
-0.518138887649 0.687480058250
-0.137878339670 0.695306254418
0.630032634868 0.022112633751
0.769761773632 0.069254446789
0.170803832656 0.332619743796
-0.436761700358 0.417992003174
0.673996972675 -0.634991328398
0.686773263996 -0.681620545820
0.641851926644 -0.769937914043
0.463914343008 -0.773071772328
0.008522545426 -0.548462254969
-0.269624650445 -0.540260725121
-0.348073137770 -0.578691500620
-0.542518255911 -0.663813638041
-0.501566703981 -0.288535748880
-0.673587822560 0.045534933861
-0.129748191907 0.322237366638
0.218967877663 0.400766397350
-0.913028709922 0.007678512485
-1.000000000000 0.296854233903
-0.569883064769 0.525612379030
-0.204354399396 0.578977905701
0.630652207712 0.033566647286
0.729576128236 0.094709962969
0.102623575150 0.349151916678
-0.475119101475 0.355328229676
0.658413391055 -0.630956137614
0.676380728921 -0.663915055036
0.664537468131 -0.768599350286
0.526929339286 -0.785414639195
-0.008401667209 -0.558826905944
-0.293366681161 -0.593340816584
-0.413108175721 -0.633010880470
-0.645482531600 -0.699171573367
-0.519057307939 -0.304402494148
-0.671293833751 0.031489684672
-0.108253619953 0.329946639447
0.262080742571 0.433427949220
-0.934749212677 -0.009212623395
-1.000000000000 0.285712949188
-0.551582355355 0.523862363024
-0.165491975646 0.576329058239
0.343806722434 0.109329511698
0.473819661329 0.000714570241
0.145715562552 0.038499656752
-0.306931490247 0.077884713176
0.322639234373 -0.920183192715
0.391777568957 -0.907191150982
0.222782501557 -0.913351074875
0.056007422208 -0.914395650497
-0.152233212985 -1.000000000000
-0.182901730789 -0.943432151317
-0.202602116272 -0.852728079803
-0.257202645552 -0.900373864845
-0.510702574219 -0.874335486755
-0.552477830136 -0.453029851980
-0.318639177165 -0.174311967913
-0.151467614624 -0.182628845119
-0.783522472854 -0.629158968307
-0.742717104343 -0.196542041520
-0.476175606652 0.036975699315
-0.239851319245 0.034517609469
0.704289991281 -0.018866209354
0.854390857168 0.016093697554
0.182628240152 0.331166849803
-0.449886707382 0.456259324269
0.761763353164 -0.664803512443
0.701994287756 -0.699042939084
0.639914930920 -0.751726741583
0.447538325322 -0.752676170865
0.063302714498 -0.548866567298
-0.225860297877 -0.472497685184
-0.333243599727 -0.472026820128
-0.591674090063 -0.565454632638
-0.486442638816 -0.233477343840
-0.630331219663 0.266356043410
-0.052623154647 0.524026206896
0.289368863879 0.561489965077
-0.940984913003 0.099927533247
-1.000000000000 0.523023693859
-0.544166696495 0.708786441896
-0.192871378604 0.692761631657
0.697860262022 0.180413198675
0.842399681512 0.317814332498
0.238464491387 0.588978863077
-0.305589092233 0.568519376054
0.615993855441 -0.390860000019
0.610071396777 -0.400673074157
0.583568193186 -0.339503411770
0.417861227136 -0.182741999994
-0.050384514376 -0.270034233704
-0.342120509939 -0.312067728725
-0.463096920637 -0.282266588591
-0.684600308280 -0.369485510763
-0.548161040393 0.003273963361
-0.644494102443 0.443132054496
-0.091653032886 0.775052362070
0.249429670262 0.862707441492
-0.935206520458 0.265741332767
-0.990193885818 0.671669173798
-0.548118661993 0.939427501849
-0.193810650218 1.000000000000
0.308658062094 0.057491555993
0.456168383629 -0.018495619196
0.128922266444 0.002735583105
-0.302863248519 -0.002325829957
0.453111912439 -0.901019172698
0.459359897251 -0.917695371055
0.327917515044 -0.846523221414
0.174071398654 -0.774550799286
-0.008526257759 -0.977009999876
-0.085780510764 -1.000000000000
-0.100044205296 -0.893703508660
-0.148181313617 -0.925544468929
-0.371414730971 -0.848203866677
-0.447227097627 -0.506412283732
-0.225422825239 -0.183166717429
-0.062735162720 -0.150332416197
-0.656027895676 -0.605735180655
-0.651746466275 -0.257171349612
-0.421756585530 -0.011344294656
-0.216837486416 0.007233859488
0.538837972870 -0.180381825916
0.547538326400 -0.332069211476
-0.047333536515 -0.088660215785
-0.475206753349 -0.022902960956
0.515659993036 -0.498564192381
0.329567906744 -0.216762320162
0.362771209223 0.043249532991
0.287834462224 0.109584970781
-0.043547202058 -0.157069151165
-0.287577402669 0.274141551090
-0.185183264163 0.328175523159
-0.256931829361 0.118934004315
-0.495697938136 0.232247410842
-0.727289833710 0.777092777055
-0.247854330060 0.767250800329
-0.004994970049 0.470000024124
-0.871804011255 0.507370827574
-0.997098028147 0.950255357440
-0.581119310748 1.000000000000
-0.326052436397 0.805279799542
0.556128175502 -0.142237369633
0.719135913531 -0.161492126050
0.280020535937 0.265740863129
-0.216015797898 0.567093976137
0.424511134380 -0.497899199334
0.543939624441 -0.329254767106
0.568578473061 -0.155869683022
0.399466246162 -0.092810747663
-0.133665171838 -0.203453628651
-0.042980580049 0.339421552116
-0.003862304716 0.475672717595
-0.178704927259 0.330499963125
-0.492200571923 0.166487873857
-0.283947564718 0.868399704003
0.125030387652 0.885664997023
0.217362177227 0.622724488891
-0.751581612712 0.464659056779
-0.561350041881 0.968178205186
-0.184129160258 1.000000000000
-0.038116180530 0.824465839410
0.330243576501 0.107027465724
0.294160450166 0.118393644481
-0.118186218135 0.297058984263
-0.442658491190 0.257801963093
0.320786303863 -0.757392998047
0.214873465400 -0.888034760670
0.099716617970 -0.958711891447
-0.077152234533 -1.000000000000
-0.160719689913 -0.836426361081
-0.252408274228 -0.848121342299
-0.321508119368 -0.753726352415
-0.468613958233 -0.758908689835
-0.498863281481 -0.691622240090
-0.525900465346 -0.183251062267
-0.223832451847 0.089436684995
-0.053188905820 0.065060013243
-0.785024582689 -0.454375714632
-0.693105826587 0.095189067454
-0.397931191417 0.336373976115
-0.187049953518 0.290563852442
0.327584354696 0.108139816238
0.455738968334 0.004113653734
0.121932145130 0.040860980377
-0.320502380836 0.064137334963
0.366483265113 -0.867252265199
0.388095585684 -0.863788228793
0.226799543550 -0.850526639614
0.063064826522 -0.807997163102
-0.094302697764 -0.949979465829
-0.148295108119 -1.000000000000
-0.172222174514 -0.908420626714
-0.221734784718 -0.890662483387
-0.440600426242 -0.833477468230
-0.553592419178 -0.523618843348
-0.318728898592 -0.205079542762
-0.131104074993 -0.124254468140
-0.706186695777 -0.574130379107
-0.746450173021 -0.224897922689
-0.475621333379 0.031674148716
-0.214909677429 0.086878992861
0.435317462495 -0.151524876973
0.316095832168 -0.306020050070
-0.178491618068 -0.018732935770
-0.364237305493 0.055422516280
0.260215679067 -0.526377436539
0.103670055282 -0.148918495842
0.381953016563 0.022469007792
0.496367098183 -0.079888484742
-0.145990869818 -0.205474817631
-0.304342048396 0.396941193897
-0.004831779227 0.508194945056
0.070742758427 0.298212793349
-0.466940730622 0.177298379207
-0.609370933006 0.851377756565
-0.082512848272 0.801497171887
0.167791938155 0.413141811638
-0.746633024341 0.470092222277
-0.812018246954 0.980464713961
-0.350869525198 1.000000000000
-0.067599496005 0.752395621316
0.351322549212 0.101337887040
0.494037012321 -0.015167226883
0.163927793276 0.024181756862
-0.290027361314 0.062812004841
0.361890055706 -0.928197885745
0.402943851896 -0.887436622209
0.233215103528 -0.848060904373
0.044041073847 -0.825706062778
-0.119401221474 -0.996203244902
-0.145600031258 -1.000000000000
-0.123793752654 -0.845067971427
-0.178481592721 -0.840474591817
-0.476188578853 -0.872178910709
-0.530120495348 -0.527673897553
-0.282614049176 -0.188971724585
-0.136686182553 -0.143453335129
-0.750648001815 -0.625890322362
-0.738497014522 -0.259061314639
-0.449522093841 -0.009343564950
-0.210902076793 0.013236202895
0.261180481969 0.045762473756
0.433777886341 -0.054634367742
0.216722054835 -0.093444214337
-0.128969918709 -0.091602631636
0.427350017817 -0.818114347361
0.363784694406 -0.936360798511
0.220591852437 -1.000000000000
0.046881723236 -0.976904774964
0.049493418632 -0.889507280797
-0.140725436508 -0.802211326508
-0.081909787051 -0.603065933432
-0.056991329894 -0.576147466896
-0.250967636305 -0.785594875865
-0.393670619722 -0.519056568111
-0.210791283148 -0.273352897771
-0.094312604586 -0.254029328713
-0.476437752690 -0.595313424857
-0.533776928033 -0.361343931269
-0.360430446169 -0.171130377408
-0.221462349604 -0.141330258048
0.484785995870 0.054735265527
0.611672827686 0.008393700089
0.140302787952 0.126624720538
-0.349831464217 0.107862901338
0.592915482796 -0.933502191683
0.460306737831 -0.962364607923
0.315275021222 -0.970449268513
0.085420598596 -1.000000000000
0.054521227060 -0.971435385460
-0.190149402388 -0.819228749789
-0.259847174245 -0.757100884852
-0.401480080687 -0.915568535908
-0.379739099906 -0.765793947446
-0.481422147748 -0.163946702861
-0.061688966416 0.152716394764
0.228116309565 0.076164189252
-0.736383272243 -0.506103374025
-0.717131256047 0.045883937251
-0.376542257978 0.302743521564
-0.099633710153 0.237637639637
0.579838135818 0.029377503421
0.693859826240 -0.005602141315
0.112856576646 0.146673523661
-0.482034962617 0.161376253976
0.594671103004 -0.857953221723
0.641208694807 -0.897812262170
0.566005645515 -0.973860010320
0.361238768939 -1.000000000000
0.008110121487 -0.888073834642
-0.234593766233 -0.844762251556
-0.388146488868 -0.814790398597
-0.581384295987 -0.889465482340
-0.472176422639 -0.668489292562
-0.613111700552 -0.178204077265
-0.214052466361 0.159858626266
0.105995555609 0.191718453656
-0.859454972500 -0.389786299933
-0.935471254410 0.042131512778
-0.584584648501 0.304031187819
-0.231979019438 0.305294439449
0.538225236209 0.030773464907
0.683193814340 0.010354957740
0.144992862157 0.123700026277
-0.441925063232 0.085159097730
0.646267981076 -0.911879496436
0.614316014464 -0.919537681959
0.482379448491 -0.987014272781
0.255569966845 -0.994239081840
0.078113305529 -0.931950555232
-0.221761828915 -0.894714426081
-0.415194681093 -0.901114823592
-0.635597382888 -1.000000000000
-0.383167786845 -0.727329616424
-0.537807633985 -0.255855252261
-0.152021219672 0.041213105404
0.158658542103 0.039481156219
-0.755204253565 -0.456895853907
-0.794563159431 -0.059092686523
-0.459378532340 0.176482290718
-0.129448906202 0.162798242086
0.454713484554 0.011830283877
0.566165287314 -0.034701341343
0.084358936155 0.042781451346
-0.409309587180 0.019279225488
0.505490835138 -0.796010553927
0.524153736786 -0.871635578325
0.420640837511 -0.985597759902
0.229124847637 -1.000000000000
-0.019278400791 -0.825612516487
-0.213131674665 -0.933954660337
-0.342892400634 -0.947211670677
-0.488553383669 -0.972714062575
-0.423932113111 -0.659313664851
-0.527806596369 -0.379805030544
-0.226925562998 -0.093545148608
0.022441481765 -0.001812409936
-0.725454944308 -0.410455183470
-0.754946168337 -0.134609030216
-0.471898986667 0.104509775138
-0.176210522882 0.162106914868
0.401394123566 0.050365870220
0.491613953031 0.028487416631
0.084828897165 0.054384026055
-0.323529116159 -0.066977736302
0.541469984687 -0.745031378994
0.477465559109 -0.802560655464
0.360324625460 -0.871443433710
0.178962472709 -0.890192584914
0.083778569919 -0.794739642191
-0.149620092191 -0.896628611512
-0.277911024117 -0.915675542326
-0.418622480658 -1.000000000000
-0.293656297540 -0.670365695789
-0.471409211897 -0.385528658484
-0.194200150260 -0.148911235511
0.049480920716 -0.149442005863
-0.599149064652 -0.469960516168
-0.665243471172 -0.168197137578
-0.402551269384 0.045736456323
-0.128772196937 0.055673075366
0.456623737100 0.033657496114
0.547441169951 -0.015068803797
0.039673971193 0.055607775086
-0.476575706087 0.030204981743
0.509095236374 -0.708157914052
0.499319594119 -0.792737943040
0.375629053632 -0.918729246845
0.168500101700 -0.957059660631
-0.011030280390 -0.758276613063
-0.222633040210 -0.867994868609
-0.374222412842 -0.928612705998
-0.541063814093 -1.000000000000
-0.417583977587 -0.610774331654
-0.545495535960 -0.337316898423
-0.247095608118 -0.068202632960
0.002721714816 0.017703242614
-0.728314196519 -0.388648058255
-0.767228382666 -0.124597261433
-0.486336832772 0.103757834299
-0.189798914637 0.162189298356
0.378027300167 0.024257400886
0.493584813975 -0.003588038845
0.130729060184 0.018793539656
-0.272213908457 -0.070655896384
0.514058217282 -0.742536410726
0.474352028854 -0.807948268816
0.356997492577 -0.908902012065
0.173374789777 -0.954902423842
0.068945521790 -0.789217672995
-0.112649604723 -0.888933200495
-0.213034130694 -0.914302208728
-0.334871373152 -1.000000000000
-0.290736773606 -0.656101071463
-0.378001273772 -0.356214298293
-0.121603325228 -0.131160778015
0.074415389111 -0.131828895593
-0.576827635515 -0.448273501054
-0.578719233898 -0.145096831403
-0.330987033810 0.050317349844
-0.098817096346 0.051653825243
0.413081619039 0.016101511395
0.504103674087 -0.018579343981
0.050025940213 0.054668331534
-0.399284590625 0.007628449390
0.475010809904 -0.716862756184
0.465836971008 -0.788342265727
0.378849072411 -0.888701019402
0.205769892712 -0.921112328411
-0.006116129656 -0.752123399316
-0.184690936323 -0.893491869103
-0.324178962932 -0.939024409758
-0.493582153134 -1.000000000000
-0.382991061205 -0.600733455514
-0.522491711222 -0.358186688457
-0.241960134213 -0.073992012050
-0.013742801102 0.022730400294
-0.675426911184 -0.371501538278
-0.745734488500 -0.128922234834
-0.482265713119 0.097436612717
-0.207877557218 0.154167537860
0.500329148966 0.083305085474
0.595623710680 0.110874074729
0.089068160446 0.174837052839
-0.391134184290 0.032803440344
0.660011634843 -0.745684218412
0.572175326682 -0.838389086010
0.442202014768 -0.937197947486
0.238722042296 -0.982861532680
0.145234422432 -0.848396504143
-0.163086864623 -0.905997266099
-0.284243467069 -0.906540116258
-0.421081418108 -1.000000000000
-0.293875065860 -0.723263401460
-0.513447925481 -0.326046306838
-0.161982741786 -0.008156569285
0.124952766714 0.011909850028
-0.672248996280 -0.507014066206
-0.753126198743 -0.102662237894
-0.449007087756 0.163421233302
-0.153905286976 0.171718427798
0.227650521018 0.041806760700
0.365300436532 -0.041704166320
0.165048065138 -0.085897549000
-0.139183740426 -0.122072578966
0.394710945275 -0.671400082686
0.364367803907 -0.784040087631
0.258423564582 -0.857913251870
0.121419221060 -0.884915338075
0.075742022987 -0.767499933071
0.003461736818 -0.935211918484
-0.032346037608 -0.942946923849
-0.096424582859 -1.000000000000
-0.191272578175 -0.713418859794
-0.311419401334 -0.604331567069
-0.166854456905 -0.330726010658
-0.057834482384 -0.236885752084
-0.409330075468 -0.565537954800
-0.470184713605 -0.392766143926
-0.327712562769 -0.206449359432
-0.195784934150 -0.163102784656
0.521581800612 0.091291248939
0.621602349189 0.053391636264
0.053679771286 0.113565927622
-0.484037373929 0.047381096371
0.575809678369 -0.645333301270
0.615322738847 -0.778209258168
0.544594256602 -0.855785713334
0.348865219211 -0.891081386987
0.034882319049 -0.695601705543
-0.220576025238 -0.885366889581
-0.352975801099 -0.912976832319
-0.517447604650 -1.000000000000
-0.406926159335 -0.537937471017
-0.598045686299 -0.301864547726
-0.268691757594 0.050119245654
-0.002762413285 0.166908494275
-0.759845579126 -0.316062238465
-0.854820406849 -0.059447996124
-0.551219412328 0.223449034710
-0.238252783888 0.303735692228
0.517832600126 0.079304128082
0.618349931083 0.083902301616
0.116926976878 0.177502489740
-0.392147316436 0.127653654227
0.572970709285 -0.699818340292
0.567139610654 -0.799323640027
0.505024502877 -0.903935210848
0.334983271089 -0.956700844841
0.063410907473 -0.762033277111
-0.194534739934 -0.826106970305
-0.341570530467 -0.892573125293
-0.543634920095 -1.000000000000
-0.340398918515 -0.602784824279
-0.436877389222 -0.222544541293
-0.042535187135 0.111514452362
0.223270097517 0.197400114486
-0.675721910226 -0.374691183180
-0.673263034534 0.015510872257
-0.359742122536 0.300282529720
-0.087232052971 0.353807967857
0.231150345815 0.044766071550
0.377628790499 -0.038477940731
0.191418820059 -0.079416400130
-0.108604119347 -0.109390833984
0.393572747035 -0.657635969463
0.384174246773 -0.771218474660
0.282473997055 -0.847454082560
0.150113865028 -0.873994380440
0.078252373872 -0.754919611052
0.028115391153 -0.916247695659
-0.016781125980 -0.943092505233
-0.082076717454 -1.000000000000
-0.188763316444 -0.702378685608
-0.291836721353 -0.584803654140
-0.163220407275 -0.327238464034
-0.055342088342 -0.234595951492
-0.404328475647 -0.558446812076
-0.463239067828 -0.379820573438
-0.326067544069 -0.200405777878
-0.189413464361 -0.156378521585
0.625895565172 0.129888728923
0.769511606222 0.244149233284
0.172687143097 0.455279368064
-0.342259140548 0.411020465182
0.773878209750 -0.605762746739
0.691776136847 -0.666472089374
0.623029402102 -0.749167711650
0.412326055638 -0.800817551881
0.156209977943 -0.609862368949
-0.176468787559 -0.667632599073
-0.371607314115 -0.728980487934
-0.650298857496 -0.914665312398
-0.357662380853 -0.390665934991
-0.620094516568 0.029785870211
-0.195529453746 0.388210743162
0.106735258230 0.450885221009
-0.800459076966 -0.137828627856
-1.000000000000 0.257664242086
-0.654731729114 0.531764606745
-0.324438069436 0.562195977241
0.519634656727 0.345098233598
0.574754315481 0.453772592148
0.071396372389 0.549167243858
-0.226544733510 0.395608844774
0.510133485750 -0.343888874024
0.450415891900 -0.584682585880
0.452672017911 -0.748362407823
0.375833892978 -0.834089201345
0.117604260291 -0.459468469579
-0.113697346033 -0.705927353327
-0.301360825611 -0.823938388898
-0.518641844309 -1.000000000000
-0.234017730548 -0.369012145795
-0.442065593757 -0.130696370912
-0.075304163949 0.251843319286
0.223204263332 0.424796213919
-0.536381749973 -0.276156403487
-0.736113091131 -0.039394328862
-0.419666488136 0.244988965745
-0.082498617885 0.371576496928
0.252036151867 0.041315430236
0.391626391307 -0.030328571370
0.175531298684 -0.060158462764
-0.139737199768 -0.080773062452
0.416788593235 -0.676102492390
0.394864132465 -0.790200882361
0.285219257701 -0.860999971194
0.143751579808 -0.883385763940
0.081648090557 -0.781716588909
0.030050861866 -0.955780965389
-0.009084542529 -0.957520920803
-0.082692836953 -1.000000000000
-0.200071678232 -0.729666445571
-0.324854027929 -0.610830969934
-0.166033995285 -0.316369609776
-0.042045617932 -0.205032103693
-0.430375159727 -0.566776540867
-0.480880754382 -0.364751855273
-0.326928307178 -0.162732407128
-0.189669356097 -0.113159951322
0.454064978541 0.026006460506
0.654079679568 -0.031477355722
0.219885198341 0.038960250878
-0.355544978281 0.088463251405
0.543205037070 -0.780238243332
0.577310517483 -0.869318883704
0.455398545935 -0.984945895163
0.237164865339 -1.000000000000
-0.004683469182 -0.852262260548
-0.203976754317 -0.853336934543
-0.269261686956 -0.847640376751
-0.375384231396 -0.888852106220
-0.429109623430 -0.699577553157
-0.424082287465 -0.288507842113
-0.123869700496 -0.010339301156
0.045378134263 0.043500050930
-0.744512037866 -0.452372193169
-0.636868776896 -0.063206109848
-0.358953756420 0.168587552745
-0.145488157185 0.204583848953
