0.145314736630 -0.212234568525
0.231321365258 -0.221790242762
0.271012461591 0.127927570484
0.322089662785 0.430864052736
0.727434619442 -0.632840527720
0.996568915666 -0.225109090568
1.000000000000 0.012223173780
0.896428440360 0.111273278065
0.732591853664 -0.361587852586
0.810743892926 0.112301371501
0.617528368595 0.205730838158
0.445048029449 0.108519804657
0.577449320546 -0.051804514423
0.340703646036 0.455737703235
0.189263036311 0.448329065864
0.126334102650 0.264639360170
0.347728181266 0.243313992208
0.149320177707 0.605732070022
0.068534942901 0.584987988040
0.033672925821 0.428519660940
0.097356062948 -0.306069046883
0.227859655985 -0.294770695453
0.334195998763 0.175538955590
0.430062270900 0.536225638955
0.750799889801 -0.685213342503
1.000000000000 -0.212682885281
0.988070948028 0.116696109173
0.887036464544 0.253585150882
0.734411559969 -0.310500564665
0.852526272179 0.158100579807
0.678728840828 0.296947337872
0.502736891250 0.212872158535
0.555536558129 0.079367638059
0.345535780006 0.519716279393
0.187245296034 0.566009993628
0.102453612280 0.408655465896
0.304108701733 0.435290313626
0.152782947742 0.735865073406
0.051047837763 0.729786247405
-0.016913142504 0.584056252011
0.210574321240 0.134698791474
0.398821355766 0.223624383356
0.464752581100 0.374958119783
0.414308457387 0.508163285925
0.917807281555 -0.530117666912
1.000000000000 -0.053510834154
0.858472400835 0.241532323063
0.777862870631 0.314905643565
0.894249506061 -0.552211580357
0.775896491491 0.178638135905
0.490905132401 0.452524513523
0.363303655304 0.408476219091
0.759769706821 -0.416873014814
0.584805834623 0.364472159998
0.358313799851 0.538015040197
0.273330796324 0.406141030088
0.578280120921 -0.203766265930
0.399948173658 0.481388345226
0.216323732050 0.650017826113
0.120125704819 0.547173939815
-0.118643269159 -0.187422694378
0.071967361812 -0.078680434757
0.396139856259 0.338048894456
0.684936316529 0.630881608035
0.573324014120 -0.700563668419
0.938939520663 -0.022455442512
0.891095112256 0.325585755740
0.814451128449 0.395163760303
0.681119627546 -0.298682908537
1.000000000000 0.407064408590
0.744280856478 0.512327178988
0.622143864044 0.336760958256
0.678453442546 0.130533119201
0.741553481420 0.738927871646
0.465262698410 0.747487935415
0.342709809912 0.540813441656
0.640740733469 0.500172771929
0.672039284672 0.945637705118
0.404190766387 0.960449953077
0.221432750490 0.852635360917
0.127125105766 0.121689407537
0.271175397048 0.219564754090
0.357278116436 0.446381296132
0.335498433097 0.638342731776
0.927304247545 -0.744876871748
1.000000000000 -0.226021753132
0.926180146984 0.170122187193
0.880175908579 0.315046217592
0.970651670514 -0.755479109094
0.705433254532 0.144604000097
0.443104745072 0.513331423804
0.307285247801 0.504447763277
0.847672625449 -0.563454936232
0.500538200739 0.408584942081
0.297998494777 0.658019308495
0.211671025768 0.548808967992
0.661687320996 -0.273912807486
0.389415314977 0.536726766728
0.259025524179 0.808124446203
0.178667019750 0.775294201131
0.288953111824 0.197737631559
0.489314102693 0.286800077224
0.522744063550 0.308899409536
0.424162538890 0.295367248319
0.853844931145 -0.327246070290
1.000000000000 -0.167931502602
0.943672420572 0.066061768690
0.857346918301 0.227242779350
0.695649682971 -0.441267768914
0.645476562174 -0.018649440613
0.493429377281 0.238063711811
0.350780825621 0.324179300037
0.459994086966 -0.419026739625
0.311301396465 0.123369102438
0.208549170850 0.317448194000
0.138864169824 0.321287002930
0.195944934969 -0.325089438306
0.081686008826 0.137123502072
0.039755295250 0.328916655664
0.002272947416 0.356427653334
0.184146356733 -0.089875319165
0.463447883300 -0.067977617750
0.690498852526 0.122126222328
0.857098706605 0.273314926581
0.620915049567 -0.569658631733
0.997452840482 -0.246189347205
1.000000000000 0.088718901589
0.909104803411 0.299838000178
0.496373736035 -0.391015816994
0.752255744673 0.058673807564
0.585022678186 0.270667299747
0.432013438572 0.286343778688
0.337734749190 -0.162260381474
0.398682735342 0.307124414711
0.298242646756 0.402155466167
0.216802706635 0.340302777290
0.187011513694 0.043666017621
0.186091308593 0.405483408782
0.110738237026 0.495542669593
0.040703672692 0.472401200679
0.264985128640 -0.089659958551
0.600454950050 -0.073120998260
0.803375322728 0.130059059589
0.929389013397 0.355834858601
0.653973266622 -0.510452015023
0.997652604701 -0.246582655870
1.000000000000 0.089755461739
0.897774640031 0.302726944800
0.460088434908 -0.334022243580
0.619763920294 0.047604425169
0.503933687596 0.234594344207
0.415009051406 0.199435706628
0.258056085317 -0.106804189866
0.281732734694 0.298696710265
0.288264109004 0.391692704767
0.304616968547 0.303017524992
0.078583780615 0.083857122221
0.123667547871 0.394118172618
0.173051985464 0.494064920458
0.201728618141 0.478416801380
0.299038979576 0.206566378786
0.509273978892 0.305640325013
0.535177426325 0.333775921582
0.429878487287 0.320146579995
0.833943854389 -0.264259784563
1.000000000000 -0.199184333841
0.944146889240 0.040383735784
0.835388043825 0.227005779963
0.650447551559 -0.400978804623
0.608121943484 -0.022134950215
0.474933011652 0.273579123300
0.337801730450 0.395582912597
0.405075187786 -0.401547061771
0.260843897184 0.109926755133
0.172247649971 0.320658325383
0.115174172974 0.332555228309
0.138803022045 -0.328519935407
0.038757387490 0.114997115873
0.012740066243 0.317400657852
-0.009113371683 0.348852984589
0.251687535287 -0.036185419806
0.544774094976 0.009031661881
0.695425546652 0.202242489084
0.832633026083 0.370925362627
0.668911218312 -0.484192075955
1.000000000000 -0.211665966181
0.938171987182 0.158604230020
0.812547250667 0.363117641555
0.453399360977 -0.306011216192
0.685388225717 0.055986219238
0.485452843112 0.332724342580
0.359157310383 0.334082528274
0.232933503391 -0.078796287990
0.295382639674 0.306240524441
0.214444963772 0.457298778800
0.176068911518 0.378422521967
0.035768232950 0.119725883506
0.090657476637 0.459743127657
0.076458350150 0.585525446685
0.058397809774 0.551845717299
0.308438974253 0.177619157563
0.541250486398 0.285008663454
0.530611951324 0.326285115042
0.364278228872 0.331570145930
0.838329222778 -0.371722398320
1.000000000000 -0.195686613830
0.955269099339 0.050829123880
0.844467077075 0.214192097807
0.565990205154 -0.531006967446
0.529106401894 -0.009260294191
0.378046827967 0.260510830936
0.293515247896 0.285300825779
0.265975316527 -0.509473050507
0.136477494798 0.094236591066
0.085519408080 0.292836628611
0.117297779005 0.251499759408
-0.035481683033 -0.390628796330
-0.090524216315 0.093220927799
-0.060807596508 0.289735047180
0.010499430708 0.301398883569
0.273187747967 -0.153641102953
0.553832446491 -0.068831908881
0.736492369788 0.267003378815
0.962618562976 0.540539788989
0.693327275595 -0.605293419568
1.000000000000 -0.197969545319
0.935655352329 0.313417805131
0.771056844346 0.573419276785
0.441432592401 -0.253379028760
0.702760406462 0.217540831981
0.503927690453 0.557222099109
0.367471427524 0.521979836629
0.176784715562 0.114653823348
0.229818732729 0.589736668056
0.165121002185 0.787906426764
0.140095754478 0.679046385335
-0.053423891390 0.412585037215
0.007669998138 0.831424176024
0.010893091469 0.990338420522
-0.001895752710 0.950549859551
0.330988057157 0.126824585129
0.538766642839 0.233904194293
0.465064142188 0.314469724558
0.323689430278 0.340498297415
0.807914043013 -0.480795797910
1.000000000000 -0.299813480263
0.993826038784 -0.046933805170
0.871848005028 0.161512739952
0.461776708294 -0.606472890248
0.518032409451 -0.216398976985
0.492355898019 0.067085005857
0.440418860642 0.172844814220
0.114013656514 -0.548040348219
0.037428310337 0.010731941675
0.092461900989 0.280943298802
0.154286276256 0.329288458743
-0.207655695545 -0.394376704415
-0.220413606311 0.038305886642
-0.114501453450 0.274694065331
-0.010122072779 0.354678117431
0.030258209961 0.002298312261
0.178443198667 0.119252469926
0.333236048469 0.383114283091
0.495647384124 0.598055804647
-0.035981518379 -0.092877348363
-0.055921615935 0.374943378502
-0.102952874415 0.674088876039
-0.120782743781 0.780298688429
-0.100129679018 0.152930100654
-0.061489951270 0.670005301172
-0.120520814239 0.808705527589
-0.075008792617 0.737282052035
-0.145191118108 0.361770666463
-0.156777688609 0.852286757550
-0.168870823108 0.943888138108
-0.096281977279 0.864410158451
-0.148882481363 0.517213788781
-0.176690250566 0.912085886492
-0.238764593725 1.000000000000
-0.241710220133 0.960711251353
0.405691832941 0.054864814170
0.615675624981 0.118513104331
0.495338400916 0.198648268435
0.323719060576 0.166749710132
0.819396575761 -0.749310184002
1.000000000000 -0.425076296184
0.974173723551 -0.154685534432
0.858873604707 0.014643109843
0.369922429195 -0.817564218067
0.433014521260 -0.328465936126
0.389146388008 -0.004235035700
0.347582529876 0.100736491737
-0.042844181972 -0.694681102228
-0.084393917887 -0.057762584525
-0.003378287851 0.226695535134
0.079779302333 0.249936631076
-0.400409942620 -0.480382429644
-0.398548706803 -0.021080939859
-0.259950369459 0.230508533802
-0.134246159662 0.301446875478
0.392738389831 0.086466962332
0.631369443056 0.165933037446
0.449679935458 0.217257195295
0.125046468719 0.198878275111
0.887227176733 -0.865299199511
0.970659812450 -0.461674722475
0.887470151631 -0.199197629362
0.774439409680 -0.135081867043
0.455493068389 -1.000000000000
0.454116948597 -0.409289555788
0.345103317834 -0.064110504320
0.258621411716 -0.077411027740
0.038192259377 -0.911152547833
-0.018905734780 -0.198202207142
0.015857663570 0.103132051599
0.063345603842 0.049288482049
-0.330201041896 -0.710427884884
-0.339544598255 -0.164396594809
-0.228744354800 0.084386178437
-0.123709276568 0.082977588195
0.364729773504 0.089996886285
0.588900622263 0.154048549574
0.431576946986 0.186623159612
0.162676457693 0.115558158321
0.824510033143 -0.868205924036
0.892127694074 -0.492005453987
0.810978670499 -0.239611993453
0.708234206023 -0.170248454500
0.401352120521 -1.000000000000
0.391673564487 -0.460814009279
0.336656660672 -0.131916242178
0.298041979377 -0.112547772253
-0.000556073277 -0.911643631456
-0.071971598340 -0.254151158114
-0.000466318507 0.037266512939
0.079512384127 0.015662484390
-0.355192682807 -0.704755285282
-0.390216526919 -0.219543214706
-0.264755333299 0.037012484778
-0.134318567381 0.080222204000
0.367028727459 0.077672173533
0.565113118234 0.147245784545
0.356341521877 0.194822370365
0.064413500448 0.121562598044
0.779170970098 -0.886618407162
0.799637557529 -0.498287024208
0.711900983282 -0.220682178869
0.621448189734 -0.148475840858
0.322279715817 -1.000000000000
0.281552075151 -0.471191434205
0.239588557566 -0.117550387366
0.227106696865 -0.074549656832
-0.092091532755 -0.896753704768
-0.184123332730 -0.247994180920
-0.081869784832 0.064757584155
0.028774596355 0.064728671963
-0.452698127711 -0.680247476910
-0.499876145133 -0.197630288068
-0.349271489106 0.079206809766
-0.188347756986 0.142715444492
0.406572108631 0.031644635044
0.642209492376 0.074662008271
0.387695900864 0.143162739278
-0.020056119907 0.124094221543
0.698203512670 -0.938392000303
0.753962266477 -0.550759539852
0.688974424067 -0.240072942554
0.616529648300 -0.108238195086
0.199549732163 -1.000000000000
0.148642280689 -0.503019037792
0.152868724781 -0.116782365872
0.173812214984 0.002848852420
-0.221096105166 -0.851509757543
-0.298587874071 -0.236864627604
-0.144452130877 0.105817714612
-0.007756038001 0.156769514714
-0.561809408094 -0.595587649643
-0.582720680909 -0.153153112841
-0.391954761218 0.136388436702
-0.205777830678 0.227612569197
0.372253656302 0.060052574574
0.609117571734 0.138286388460
0.314799073858 0.238876410704
-0.141546668845 0.246136651843
0.745004704599 -0.880426783958
0.754115948802 -0.418107831942
0.649844444858 -0.145353199378
0.524537704776 -0.039541462248
0.269676969529 -1.000000000000
0.118839042228 -0.446553187604
0.119341440182 -0.077230619884
0.142652184630 -0.005585748157
-0.143379850698 -0.904686357703
-0.298306244092 -0.222791966999
-0.141961162175 0.089630578314
-0.003139136200 0.087271870981
-0.483014583958 -0.689013163467
-0.542892450595 -0.188677363798
-0.380381530097 0.076586653435
-0.215534128720 0.133886151297
0.320200803966 0.258308321536
0.527037536747 0.379993792155
0.516447915489 0.368644594398
0.387359673382 0.299538176279
1.000000000000 -0.299191196170
0.991578891030 -0.117439840150
0.791885412805 0.133629070251
0.629802008161 0.262877573322
0.759115220377 -0.479690248816
0.677897684562 -0.063480804667
0.502849319012 0.247204050913
0.381721360005 0.348302942210
0.470216860300 -0.502320382231
0.283187324507 0.073243418868
0.165461584842 0.323967617004
0.134157251083 0.321211733159
0.171517332677 -0.426737682433
0.038031287778 0.055830006658
-0.010096062842 0.280212971704
-0.025714476645 0.293989215949
0.385486686093 0.028811399358
0.637875140666 0.042956261225
0.431824995218 0.074461295395
0.077629704707 0.024947422550
0.673346896900 -0.934439683119
0.695298609610 -0.585196634447
0.645040280811 -0.296884702235
0.609940156354 -0.114507799051
0.196232110873 -1.000000000000
0.070766043389 -0.573914728393
0.082776904178 -0.162910651871
0.131427677128 0.034919773742
-0.199631945428 -0.866393805475
-0.332267028362 -0.328074644329
-0.178181836249 0.048505101242
-0.027248558561 0.175170327091
-0.524453718678 -0.622232920713
-0.575794052401 -0.219606954681
-0.390993990794 0.091324832505
-0.195517564321 0.226414076299
0.421292461123 0.020286467782
0.650814339410 0.074863308155
0.325208630788 0.206375235412
-0.164495147263 0.271313796727
0.676879483422 -0.945992702438
0.707921503828 -0.509643116873
0.637903864650 -0.164824370024
0.544426171743 -0.046318940833
0.173666472421 -1.000000000000
0.091457538484 -0.478337425057
0.123671524901 -0.061959535130
0.140567228618 0.002052615954
-0.237153270264 -0.848071549405
-0.322767837743 -0.204125337116
-0.156093369837 0.146845288863
-0.054538305393 0.137437308667
-0.564166552790 -0.588103686321
-0.568056386728 -0.091907183056
-0.388213008383 0.192738250627
-0.250530143935 0.232674416596
0.276792483514 0.237222722250
0.451953815277 0.319176890717
0.446075039889 0.326693998074
0.354209219169 0.304895783969
1.000000000000 -0.280552512048
0.936856298197 -0.027945568505
0.685713964129 0.183443734056
0.495241765744 0.252859609637
0.845394743226 -0.409939674515
0.842805827854 -0.104779813726
0.769507821199 0.130055039291
0.708826041918 0.205741691419
0.604215448494 -0.406340405267
0.430304173493 0.139894811729
0.275518984306 0.386872075274
0.199505535173 0.379344954421
0.326050029439 -0.316635093108
0.143471414771 0.192114023434
0.032200139490 0.391846220662
-0.030250690562 0.375459252644
0.387959309480 0.075309393290
0.573352784532 0.170375402024
0.265460936906 0.276099728912
-0.117082825086 0.256782451792
0.739618524161 -0.868013596116
0.775184120232 -0.481130788800
0.737882472117 -0.186853695605
0.695178392562 -0.131620732390
0.323652999054 -1.000000000000
0.213344662444 -0.478824928264
0.158924697017 -0.082695602445
0.131075676741 -0.055612835543
-0.070866800214 -0.892762100812
-0.206688119789 -0.219347572234
-0.113284989353 0.115441839742
-0.026336631379 0.054876167242
-0.423521848428 -0.669785031906
-0.479239415127 -0.155022228744
-0.340269750772 0.111162063180
-0.205901255482 0.101915544677
0.414495534307 0.091928283184
0.590303984393 0.155072841669
0.289127923304 0.232257840737
-0.096719586829 0.221485774721
0.712942574641 -0.900912753385
0.772666627924 -0.554520120646
0.739622636917 -0.238900777053
0.682216243150 -0.181936677753
0.283987936243 -1.000000000000
0.254414146445 -0.555852785010
0.231402258045 -0.158089592165
0.200613654414 -0.112908923344
-0.108921275135 -0.864427567410
-0.202501088495 -0.264888644939
-0.088147329798 0.096598693685
-0.000733066821 0.074065104001
-0.450869867759 -0.627150328496
-0.472208420593 -0.141337879402
-0.309914647614 0.163868122212
-0.172184495515 0.191813607112
0.398347528478 0.222790684606
0.623391649212 0.312978367094
0.491340936191 0.369434550159
0.216856314101 0.384511317941
1.000000000000 -0.433256063848
0.962224713874 -0.229762086577
0.807466224020 -0.084907927530
0.717653550659 -0.096088641917
0.665714705969 -0.595934105631
0.506787641058 -0.238199067372
0.391671110071 -0.056008635676
0.351708243865 -0.082392918913
0.299903204492 -0.565561264600
0.069124052585 0.009196821101
0.051264665550 0.235588656046
0.088584192407 0.189940512990
-0.042105764006 -0.426729069431
-0.187292826175 0.059286141384
-0.161406971772 0.290082200101
-0.124075368623 0.303324820621
0.516076791070 0.005804288275
0.717763382905 0.065312171711
0.380740227371 0.159842234659
0.006083934116 0.090540198472
0.809233014655 -0.955901192805
0.950560547672 -0.636382256649
0.955484461460 -0.348326537027
0.884751347077 -0.214516807413
0.324946319807 -1.000000000000
0.270576083314 -0.586008003561
0.213880653382 -0.225522186274
0.135414070147 -0.136361323467
-0.092759330456 -0.817043667906
-0.187552292699 -0.186031255495
-0.059616628633 0.134354958491
0.004936151648 0.099996521871
-0.462475822175 -0.554373456983
-0.439243854823 -0.086694933977
-0.223741577615 0.195150715689
-0.076468376832 0.230892352561
0.518638390279 -0.035745562913
0.727692546786 -0.028957780732
0.420926921163 0.068963388126
0.039972950098 0.063405452403
0.711256161308 -0.937751938961
0.947231690388 -0.707426647093
1.000000000000 -0.470796186972
0.934198594161 -0.287210415892
0.199747142224 -0.949184722686
0.306753234752 -0.653620549525
0.334294570908 -0.376183065670
0.284436435881 -0.248623038200
-0.222629930884 -0.747678286784
-0.183893127687 -0.191306333835
-0.020458168209 0.121309988092
0.043335496485 0.170118259314
-0.567553664023 -0.466448881356
-0.477379939810 -0.058487956703
-0.245403196845 0.193892350632
-0.100515376231 0.258202546639
0.473215109772 0.040311552276
0.688527236180 0.116227639719
0.317572647217 0.235722958050
-0.107800137878 0.192052732631
0.740437016402 -0.843995075896
0.884134496850 -0.650910855258
0.989356239690 -0.518697101304
1.000000000000 -0.405241544983
0.240580007808 -0.989056282717
0.175286015310 -0.674880114705
0.195268631022 -0.366861026652
0.179688634046 -0.231863814985
-0.200704904302 -0.882270950516
-0.265275273623 -0.289172495733
-0.060839810194 0.046840409891
0.066443556742 0.103877731948
-0.576417423979 -0.656100793342
-0.555299976471 -0.218483069168
-0.333919814752 0.071429082112
-0.158460476525 0.166333128379
0.464118244431 0.084045781487
0.661501982139 0.211875912691
0.268650343541 0.371380964389
-0.171993572917 0.346844041036
0.766241842282 -0.708253282688
0.886041946503 -0.554545390603
0.993209443518 -0.444193313955
1.000000000000 -0.339838545081
0.279661905795 -0.825664538442
0.279788924887 -0.687233691752
0.325139084871 -0.480573733238
0.304485035848 -0.384075633042
-0.151826499368 -0.728140872861
-0.207687385742 -0.203007332146
0.003141757237 0.148796038990
0.125002922060 0.248147724445
-0.537871859251 -0.531690332420
-0.517339036918 -0.097725054971
-0.281119108533 0.179159601144
-0.096706833524 0.266936206420
0.414726447544 0.096223324174
0.612951437590 0.189529514785
0.285033704826 0.303226098335
-0.113910530833 0.283759032375
0.675786908879 -0.604862223710
0.844485873441 -0.499717492973
0.967581273491 -0.439467132848
1.000000000000 -0.372219219508
0.239450020782 -0.723212230315
0.355534861702 -0.636056071839
0.489084601054 -0.535115781432
0.553038766727 -0.507008236645
-0.142517781407 -0.649818186615
-0.128169099918 -0.191118930349
0.057978691482 0.112106053194
0.167753620428 0.216943379869
-0.474250055786 -0.478971202491
-0.420254518301 -0.092764958798
-0.217779567226 0.137967569568
-0.058880187107 0.220975027345
0.465321525843 0.039525376737
0.665586971806 0.064059654002
0.339190777313 0.161813140191
-0.030330350858 0.102191230785
0.653171739444 -0.711142908014
0.820198812230 -0.609257502455
0.949133852885 -0.537613621324
1.000000000000 -0.473323853215
0.180232999476 -0.795523545363
0.313731175056 -0.652617319445
0.465359282044 -0.523531651420
0.548865068480 -0.487217737625
-0.211845868856 -0.688398572736
-0.187257143175 -0.216817565615
0.003288565078 0.095269624978
0.116612410344 0.197132972967
-0.543505873871 -0.497430988620
-0.482335662162 -0.126210732061
-0.257178745405 0.110351637407
-0.077250378854 0.192505354425
0.452822051534 0.072913010027
0.659200705874 0.180887318214
0.275080933618 0.340411374581
-0.179826324408 0.343755627056
0.743877712077 -0.694918203440
0.883443262396 -0.550974083256
0.994979579406 -0.456949721626
1.000000000000 -0.360428993141
0.257193588526 -0.806195233773
0.269730493427 -0.665446523790
0.319527277747 -0.472452659972
0.311149468563 -0.375810068771
-0.167612567906 -0.709440480369
-0.197576043447 -0.190815795106
0.007964728928 0.150317661545
0.127280252521 0.254535445378
-0.540043421929 -0.517484268493
-0.499093102914 -0.106558336168
-0.271928973639 0.155672345712
-0.093986064806 0.245184149116
0.432332413306 0.088296174024
0.632415294945 0.177087088867
0.286025078068 0.308526805896
-0.125545021125 0.299970512520
0.662408136459 -0.609449144139
0.818686179255 -0.501123787745
0.956816966559 -0.447078567044
1.000000000000 -0.385131107283
0.210354257214 -0.724425114836
0.290877284387 -0.622832346780
0.417196086334 -0.521194101963
0.472893243157 -0.496100198727
-0.178349044862 -0.644375297023
-0.171965304803 -0.170355079851
0.035254628347 0.134048692770
0.155381252644 0.238985016614
-0.510470758829 -0.470670868166
-0.456928486006 -0.083287357711
-0.241954716732 0.151458761267
-0.074255344582 0.240103976677
0.430563362350 0.044104729504
0.608033118320 0.120016958584
0.275005495837 0.282909346797
-0.099379031495 0.298327497748
0.593047770439 -0.652075602412
0.771928673152 -0.553195662529
0.937371712864 -0.490554117684
1.000000000000 -0.424510137070
0.165715151831 -0.730856856050
0.252894082568 -0.577165035530
0.343205969692 -0.466162472561
0.359745384296 -0.435680743846
-0.197141468777 -0.613278187534
-0.186556551837 -0.126332423221
0.010354552500 0.132200228634
0.112206287689 0.197931665821
-0.502707111266 -0.418085789974
-0.442381810349 -0.067544358318
-0.229879076534 0.134459680675
-0.083497612954 0.207526015667
0.452239393776 0.043313389681
0.655328410714 0.127674412239
0.347121241035 0.301678376387
-0.014874867805 0.305736324869
0.616399513719 -0.657577821300
0.814829668613 -0.541605400030
0.974282838220 -0.442438981091
1.000000000000 -0.349104170262
0.189039823187 -0.697061919472
0.273754665325 -0.517152504126
0.320844696489 -0.349808388119
0.278968348401 -0.285014072953
-0.167658590622 -0.558318171900
-0.149949554813 -0.069531962177
0.061706210574 0.186868342243
0.161156217379 0.235189946848
-0.475542257253 -0.355423028703
-0.400087547299 -0.012414191862
-0.161897879477 0.189369028404
-0.005238392475 0.252991262757
0.484040513629 0.047851820280
0.723428167579 0.117372212307
0.406339880836 0.260169979972
0.013664510536 0.256973925426
0.654089908483 -0.694088419131
0.849488372957 -0.559213888035
0.990301446650 -0.433721675050
1.000000000000 -0.334693326488
0.161344348894 -0.742053757165
0.192230663234 -0.577021645263
0.228427792214 -0.365763590043
0.193954115014 -0.265121170365
-0.247255392951 -0.593770508874
-0.226253094746 -0.148568707605
0.006217745822 0.143957767763
0.132145160652 0.221050853532
-0.582595720189 -0.372581012324
-0.478567847897 -0.029263666327
-0.219698125514 0.201124703643
-0.029057719893 0.272503759708
0.450006195441 0.098252672662
0.681454042387 0.240678522172
0.280149976517 0.439551547987
-0.192657358886 0.464761245577
0.724501714072 -0.692032066412
0.852537001262 -0.518920579553
0.985744949651 -0.427642887953
1.000000000000 -0.338905007918
0.214478937842 -0.826675930732
0.130145995254 -0.485686508117
0.135423191219 -0.211031738969
0.095141539220 -0.110555733210
-0.236692575392 -0.722939015142
-0.303729485319 -0.077207014176
-0.098113434910 0.240316376276
0.022582064049 0.272157431485
-0.623943528234 -0.523790707349
-0.598828678378 -0.055024140931
-0.361054774939 0.203145644818
-0.177559004659 0.259871615980
0.448171106499 0.055795089089
0.652642661209 0.150091778989
0.287221762145 0.362010694456
-0.135913859077 0.403383799284
0.581927164882 -0.723625908720
0.759571430199 -0.583329085694
0.933435796384 -0.504007272758
1.000000000000 -0.432521304659
0.114946912506 -0.787974643693
0.195686437478 -0.524087412216
0.267273649306 -0.333539718624
0.263912117645 -0.268140367584
-0.275047828417 -0.644829403817
-0.269524198451 -0.095546395313
-0.045000188895 0.173569030333
0.075623168643 0.223323976534
-0.595969560118 -0.418460619588
-0.534385788379 -0.040392050099
-0.298560759930 0.177883332444
-0.139845673775 0.249388789711
