0.152878162666 -0.098458893978
0.240626230433 -0.277779152447
0.253146111192 -0.437416324808
0.275392966522 -0.561386709250
0.158659517490 -0.507484727227
0.178905620114 -0.705580890821
0.181102144780 -0.825030862270
0.176742259631 -0.927335711314
0.063707420298 -0.519656211930
0.085010071828 -0.745211759692
0.087941888892 -0.880509663494
0.093086755337 -1.000000000000
-0.029404179487 -0.495006760717
-0.008804803723 -0.700355294262
0.008620851524 -0.829687001690
0.032535899690 -0.940778566207
-0.122277261091 -0.436562806113
-0.098902708781 -0.602394680660
-0.073634584895 -0.706165065283
-0.043390800752 -0.802230070409
0.151385069705 -0.099865833095
0.238721077542 -0.278530922618
0.251865116626 -0.436937557564
0.271628141863 -0.560200371871
0.155740424836 -0.506988883833
0.174831097966 -0.702128737388
0.177468067942 -0.820601769669
0.173595374530 -0.922545576030
0.061798768452 -0.518632100324
0.082594717126 -0.742965407082
0.086928184904 -0.879262481722
0.092722633453 -1.000000000000
-0.030823205980 -0.493141542558
-0.010425960509 -0.696598590018
0.010300393224 -0.824738436521
0.036442954699 -0.935476940157
-0.123062949721 -0.433435324691
-0.099132036807 -0.598567874625
-0.071754321879 -0.700068761340
-0.039794626527 -0.793815967978
0.153316745976 -0.102093911087
0.240371694825 -0.281378246249
0.253000731567 -0.440724076199
0.273045064301 -0.563992403726
0.158769277033 -0.508167742537
0.176768010873 -0.705433759168
0.178988646492 -0.824492293528
0.175552008358 -0.927767231206
0.063847501425 -0.519572521931
0.085022260627 -0.744578117507
0.088974982888 -0.879365021150
0.094864762994 -1.000000000000
-0.028759322105 -0.493790023798
-0.007620781338 -0.700351938640
0.011741170957 -0.827079926430
0.037049401830 -0.938161036414
-0.121654750573 -0.433651712795
-0.099818119477 -0.602371376286
-0.074525998381 -0.705828191630
-0.043801454884 -0.802819416600
0.151881070094 -0.100169674200
0.242578560302 -0.277324472679
0.257822312669 -0.436530653209
0.266000186785 -0.561799430751
0.156567468565 -0.506905484922
0.175192886701 -0.704385091959
0.178185319744 -0.823530630441
0.175335161115 -0.925775173078
0.063429100731 -0.517584780180
0.082402743755 -0.742963001661
0.086701333383 -0.879571813246
0.092090104984 -1.000000000000
-0.029080252438 -0.490400599159
-0.009513818338 -0.692368044147
0.011528727051 -0.817488809025
0.037060890246 -0.925660521998
-0.120442696125 -0.428568981526
-0.099835915966 -0.592995288926
-0.072092632946 -0.692948048751
-0.040567914696 -0.785479415155
0.152569873400 -0.103830928137
0.243362557398 -0.281629810517
0.260902196026 -0.439831469847
0.268388425059 -0.564794152273
0.159304450981 -0.510373792884
0.176588548687 -0.707393958303
0.180272977933 -0.826400742966
0.178721446823 -0.930137771814
0.066335440603 -0.520411802596
0.085834092970 -0.744105108918
0.091233252091 -0.879174286252
0.098261770304 -1.000000000000
-0.024874154524 -0.492966038971
-0.003624029704 -0.696863909459
0.018327746947 -0.820614086779
0.045607140403 -0.928192500828
-0.116225577149 -0.431311191501
-0.095719446696 -0.598606553408
-0.068997591875 -0.700535453089
-0.037048290920 -0.795245978852
0.151145229729 -0.103915957847
0.241889276896 -0.279080498786
0.259216526278 -0.436110149821
0.265430496153 -0.560019186379
0.158111378610 -0.508617817639
0.175717702591 -0.703644492819
0.180122703618 -0.821766835481
0.179398112869 -0.924378735182
0.066687087107 -0.518580626930
0.085746411621 -0.741744331671
0.091874424695 -0.878335957852
0.099094738944 -1.000000000000
-0.024981964676 -0.490510971997
-0.003866802014 -0.693024353406
0.019548047066 -0.817215713593
0.047410077566 -0.925364858617
-0.117558635912 -0.427801951940
-0.098629158607 -0.593366463467
-0.070537073965 -0.692485228134
-0.038090034761 -0.784869608079
0.151303353186 -0.103008731017
0.245157964858 -0.278645199949
0.264331976030 -0.435857313005
0.267521923091 -0.558448997093
0.160929150323 -0.509118503209
0.179951542602 -0.707090365947
0.184917318785 -0.827239340949
0.184387968600 -0.931642894255
0.067338584382 -0.519194694277
0.087393129421 -0.743590769053
0.093990553743 -0.879112483653
0.102428974702 -1.000000000000
-0.025044408601 -0.491412649238
-0.002370861755 -0.694552413306
0.021793585125 -0.818769866724
0.051105979718 -0.927009149142
-0.117621016049 -0.429241465559
-0.097421145732 -0.595612847281
-0.068884811008 -0.695721566609
-0.035643084093 -0.788761040788
0.150842315674 -0.105299769934
0.240633757653 -0.280508338265
0.258934109340 -0.436283465963
0.264830685659 -0.556184823470
0.158331666436 -0.510313452236
0.177490441406 -0.706766536133
0.182402689306 -0.825976646946
0.181874093947 -0.929972714444
0.066283727168 -0.520191105438
0.088973001310 -0.743151287566
0.096682027322 -0.878623481663
0.105954384993 -1.000000000000
-0.025359746146 -0.491629857458
-0.000939648707 -0.694353738901
0.025174840877 -0.819068733894
0.056538337369 -0.928133542847
-0.118299675763 -0.428257614969
-0.098187962736 -0.595581846702
-0.068437346557 -0.695714837582
-0.033387143745 -0.788447665279
0.153506383992 -0.103969018385
0.248001833942 -0.282232274614
0.266165163011 -0.441191289578
0.268345203886 -0.564184716394
0.163338407423 -0.508190649264
0.184176269397 -0.705537625382
0.192392285516 -0.825036805647
0.195534873175 -0.929964376487
0.070628508193 -0.520487431553
0.092071668873 -0.744137314644
0.101231380847 -0.878816951956
0.112179632104 -1.000000000000
-0.021582531109 -0.494669016423
0.004312839486 -0.700617446922
0.030611436033 -0.828423334662
0.062036910319 -0.939907364642
-0.115909184791 -0.434123570851
-0.092568459797 -0.600860662689
-0.064091259182 -0.703480862680
-0.030720058760 -0.798655923074
0.152603137807 -0.104131654953
0.242151147271 -0.279575088825
0.260443867303 -0.435331333238
0.269956146016 -0.558616541431
0.160093620993 -0.508837332663
0.179746336938 -0.702730698420
0.184470212989 -0.821396685376
0.183652033937 -0.925254159641
0.069166843196 -0.519242248626
0.093292849200 -0.742379688584
0.100899928068 -0.878540065342
0.109594085137 -1.000000000000
-0.022402961794 -0.491691567394
0.005449341157 -0.696553796765
0.032235519832 -0.818930006424
0.062879230181 -0.926434454110
-0.115697935091 -0.429657670256
-0.092304570195 -0.596292016210
-0.061856276734 -0.697121361121
-0.027328339984 -0.792274373578
0.154200020619 -0.103292243815
0.247318827110 -0.280842898399
0.264671558931 -0.438811920888
0.269183441441 -0.563549643819
0.163863812947 -0.508192104128
0.184392223869 -0.704037317588
0.190984597018 -0.823314140121
0.192773090985 -0.927850613561
0.071491360514 -0.520149126708
0.094354022454 -0.743984382714
0.103232707726 -0.879132237677
0.113971881427 -1.000000000000
-0.020064637993 -0.494191506729
0.007198814526 -0.701468209042
0.034467548935 -0.827075247861
0.066275723541 -0.936287615114
-0.113428076378 -0.433171723280
-0.090285703902 -0.601168041228
-0.061434871128 -0.703511869979
-0.027710748246 -0.798677696000
0.152078039934 -0.103787619362
0.241364754416 -0.279781612224
0.258710242885 -0.435325297276
0.268277956831 -0.559628283387
0.161068409660 -0.511728101549
0.180929740196 -0.704917473383
0.187546736876 -0.822833524431
0.189099649210 -0.926666814306
0.069359549472 -0.522139341252
0.092675236753 -0.744040989027
0.102078536852 -0.878935053256
0.113617665883 -1.000000000000
-0.022224650323 -0.494498512779
0.004928681329 -0.697711700492
0.033088602576 -0.819754383981
0.065535692425 -0.926589691459
-0.115354064529 -0.432192127748
-0.091961053336 -0.597290514958
-0.061434997389 -0.696505266500
-0.026457186652 -0.789295124750
0.155446632842 -0.101452128768
0.247134576494 -0.277360178712
0.263846951927 -0.433654929325
0.272920973660 -0.560234682448
0.166293063048 -0.508509857019
0.185625421042 -0.702583648759
0.190829789196 -0.821365219517
0.191056648324 -0.926056443369
0.072740799783 -0.519598512568
0.094849892898 -0.743086287091
0.102946028173 -0.878408000046
0.113335878631 -1.000000000000
-0.019079344824 -0.493037194610
0.007892339777 -0.697982454615
0.035824741881 -0.820411612824
0.067843240858 -0.926870981526
-0.111609368498 -0.431755270279
-0.086936149156 -0.597999773799
-0.056670886653 -0.698437217316
-0.021980898250 -0.792273970169
0.155035881862 -0.101926769567
0.245301895407 -0.278453251744
0.262416912469 -0.435622489321
0.278357509758 -0.563616022918
0.163943805490 -0.508926037943
0.185198354754 -0.703034061248
0.191465092528 -0.821578959270
0.193116763359 -0.926425530449
0.071222197369 -0.520463648088
0.096403340878 -0.742781645669
0.106345861503 -0.878330886792
0.118687967499 -1.000000000000
-0.020695029322 -0.494643261627
0.009094430275 -0.698607932405
0.037703691826 -0.818564288133
0.070585957975 -0.922730596340
-0.114491167459 -0.434729316996
-0.088733798504 -0.599773111231
-0.058169821425 -0.699766361807
-0.022453684028 -0.793211083661
0.157087821365 -0.100307472707
0.245966848233 -0.279623281843
0.260770397429 -0.437884828531
0.280383854023 -0.563500389132
0.166206685119 -0.508076678091
0.191217197574 -0.701587367185
0.199373599703 -0.818859726477
0.202258012252 -0.922489115075
0.073957384922 -0.521393407561
0.100258057808 -0.744841037356
0.110357274295 -0.878940927532
0.122237713560 -1.000000000000
-0.017726830607 -0.496930117244
0.011845171488 -0.705981634977
0.041994947791 -0.831314981914
0.075889681823 -0.940376822760
-0.113162977397 -0.437895374568
-0.087562801436 -0.604080338852
-0.059139088423 -0.704931404032
-0.026297757721 -0.799054740705
0.158396501161 -0.100007710721
0.247358330445 -0.278701952675
0.260999579734 -0.438631886886
0.277960866680 -0.567389720729
0.170943184519 -0.510192210860
0.199179374551 -0.706398587713
0.211154970031 -0.824320486214
0.218786916660 -0.930315347803
0.078188151836 -0.525183785129
0.109499832934 -0.748067791558
0.124669944039 -0.879377235915
0.142927793666 -1.000000000000
-0.014283809400 -0.502214891766
0.018985106923 -0.712049796080
0.051058832689 -0.834981895330
0.087717073912 -0.942523601794
-0.112733160914 -0.444407769164
-0.086574208160 -0.610302127452
-0.058439562751 -0.711864402394
-0.025229813708 -0.807637771357
0.158987690711 -0.099535293114
0.251420641542 -0.278897560359
0.264698334096 -0.439421964117
0.277340335588 -0.567877667047
0.175235388905 -0.509340483019
0.207642303350 -0.704646737057
0.224129477353 -0.822230192300
0.235529973740 -0.928802213163
0.081350242520 -0.526174402826
0.116700388199 -0.747190551025
0.135191390971 -0.878249562262
0.155928973302 -1.000000000000
-0.011793551571 -0.503803007131
0.024635326908 -0.709980905568
0.057718955862 -0.834037964184
0.095098210865 -0.943909657751
-0.111623592981 -0.446081121023
-0.081557543076 -0.610726140438
-0.051746367137 -0.712652169733
-0.016842538178 -0.809156338590
0.158744635443 -0.098480485861
0.250957692084 -0.276456763341
0.265175051358 -0.435539636157
0.285108967369 -0.563372999719
0.177794302322 -0.512487171571
0.212049694893 -0.704682879166
0.229952000780 -0.820799639743
0.242526377769 -0.927024165162
0.084104563438 -0.529659103322
0.122612888305 -0.749029638395
0.142252687362 -0.878502374651
0.164522281991 -1.000000000000
-0.009633034885 -0.507139138257
0.028889383206 -0.714516354208
0.062826153871 -0.836546099424
0.101666043401 -0.945756173652
-0.112144959334 -0.449278286006
-0.080360310237 -0.613362412544
-0.050104229457 -0.715695957045
-0.013963336104 -0.814298061676
0.158442770370 -0.097348747374
0.250931373619 -0.278633360060
0.267370284611 -0.438718609656
0.292349307029 -0.561361152574
0.180797085962 -0.510740330810
0.218928913057 -0.700616622733
0.238701222379 -0.815311739679
0.253386081722 -0.919678831547
0.087032975749 -0.530774640191
0.127917840914 -0.750537318931
0.147835125516 -0.880339135401
0.171856714206 -1.000000000000
-0.007239523624 -0.509589654103
0.033735161933 -0.717653241086
0.067965569978 -0.842232202617
0.109207306197 -0.951075406214
-0.111642844964 -0.452293512782
-0.079247011259 -0.617026924638
-0.047730786073 -0.719983305460
-0.008036945050 -0.816854856889
0.168472245163 -0.096335025679
0.270169951943 -0.272812610974
0.291987138944 -0.432542225411
0.318691264818 -0.556304010211
0.193489764235 -0.509423655320
0.248116165867 -0.689522993107
0.280903408933 -0.801541120343
0.308256621128 -0.904380278895
0.095875819946 -0.535808615285
0.148282573017 -0.751110478369
0.180932551614 -0.881229909297
0.217381645280 -1.000000000000
-0.002189061829 -0.518505573283
0.041064047679 -0.722659482890
0.078791770856 -0.846197114350
0.124223939348 -0.951805340712
-0.111004804386 -0.463717189170
-0.082959256578 -0.623366231562
-0.053018487729 -0.724176778538
-0.013350733079 -0.817626128101
0.171334355500 -0.094135076973
0.274418111917 -0.270150397786
0.299762645956 -0.430456260199
0.327287147769 -0.555657868348
0.192084376395 -0.504842251832
0.249990426655 -0.690244859114
0.285365950927 -0.803150787859
0.315202651661 -0.904448760322
0.097308566820 -0.529748611540
0.150973066485 -0.749995424266
0.183998084033 -0.881736632852
0.219170530800 -1.000000000000
-0.000895444869 -0.512676168473
0.045801131018 -0.719903232415
0.083526238933 -0.843284412280
0.127238440898 -0.947117016993
-0.109978929988 -0.459126188366
-0.085980592108 -0.618633904265
-0.058347455369 -0.719824655268
-0.022538602935 -0.813511894421
0.172063012417 -0.094935256661
0.276341597948 -0.271784076339
0.303129477063 -0.433102616391
0.333517292239 -0.559127276644
0.191232035794 -0.515214952626
0.249335628913 -0.700750318791
0.284793773295 -0.813500178512
0.315406301259 -0.914519804078
0.094165464311 -0.539604452625
0.145671808308 -0.757496673969
0.177508637543 -0.886240632017
0.211624663298 -1.000000000000
-0.005625430214 -0.521439665357
0.037118741683 -0.727933406005
0.071211180728 -0.849363755773
0.111675691343 -0.949890456873
-0.115898758058 -0.466427412613
-0.095193229034 -0.626040563854
-0.070339402002 -0.727842864412
-0.036543423495 -0.821316689134
0.175479129168 -0.095497096310
0.283406702876 -0.270229518873
0.315795383928 -0.431735994834
0.345772191803 -0.561237179817
0.192803449157 -0.516228362989
0.252289131502 -0.697903785531
0.289550673161 -0.807777130540
0.321219050915 -0.906536866723
0.094928472827 -0.542593661554
0.140754414847 -0.759277099155
0.170097543367 -0.886321018374
0.202067405268 -1.000000000000
-0.004856274290 -0.525663838026
0.031837464410 -0.731955699061
0.064381165985 -0.852286511685
0.103728949810 -0.952752426013
-0.115448852986 -0.472108174200
-0.103074054036 -0.630149282126
-0.083126634419 -0.731910555561
-0.052932035897 -0.826942018867
0.174322669097 -0.096722948126
0.275816707220 -0.274418914787
0.305451873416 -0.433995742125
0.341857373970 -0.561476611320
0.184856019990 -0.513042741343
0.243701722784 -0.696908288647
0.282675481833 -0.807150988202
0.317070828456 -0.909290931118
0.087760720930 -0.536391754494
0.128325415458 -0.755291163797
0.154798784307 -0.882144994484
0.185299035853 -1.000000000000
-0.010009982403 -0.518033215542
0.024106370122 -0.725409674032
0.057010683845 -0.850721065919
0.097959046168 -0.959399158427
-0.116403494356 -0.464195965920
-0.098027238261 -0.625922327869
-0.074237449346 -0.729627837874
-0.040188648885 -0.827390511763
0.175735973329 -0.094334869925
0.279686386872 -0.271257547742
0.309793508461 -0.431636940871
0.341033963459 -0.558904216499
0.186143275450 -0.509893816925
0.241443179647 -0.695412738242
0.277882852698 -0.806312241287
0.309132757002 -0.908279700503
0.088945090871 -0.533803010496
0.124533918094 -0.754555768447
0.147635779307 -0.882448404384
0.174710432002 -1.000000000000
-0.008886605501 -0.516102185843
0.022525045254 -0.722825174456
0.051575652790 -0.847615594539
0.088865588378 -0.954590529643
-0.114269755458 -0.463485651185
-0.094711850564 -0.622739876972
-0.071217318198 -0.725284268804
-0.037965677613 -0.821443423463
0.172724775624 -0.093100046468
0.276228799515 -0.270852296602
0.305072430272 -0.431931989074
0.335633775453 -0.557453793922
0.182950198562 -0.505645536590
0.239559008362 -0.691992817505
0.275095666394 -0.804212356631
0.304959128545 -0.906620391948
0.085599107210 -0.529203085700
0.125607881722 -0.750935781902
0.150161918363 -0.881192321688
0.177037423977 -1.000000000000
-0.012547587015 -0.511358324358
0.021764531902 -0.720406396960
0.053718167631 -0.848338426698
0.092354519945 -0.957191062510
-0.118861621172 -0.458705604230
-0.098949711527 -0.618804767570
-0.074125859219 -0.721994054787
-0.040320933514 -0.818043378227
0.175255620963 -0.092992133010
0.279143705864 -0.272149461933
0.307339927242 -0.433290055820
0.339101182769 -0.555471138048
0.184753519109 -0.510437482998
0.238721376524 -0.693388550972
0.274255073284 -0.804574040020
0.304760047731 -0.906367626737
0.084920086033 -0.534100606074
0.120046106583 -0.753170756123
0.143113384039 -0.881797547414
0.169486755964 -1.000000000000
-0.014506657382 -0.515120942733
0.013809864749 -0.722413762336
0.040680514601 -0.849614093120
0.075779376081 -0.959298869460
-0.119908686332 -0.460340837622
-0.101621289113 -0.620904910612
-0.080345697819 -0.723650805741
-0.049808863693 -0.820287172345
0.175770553994 -0.091735151620
0.280810295015 -0.272339605971
0.311048154079 -0.434721463813
0.339929726398 -0.557092513909
0.182525482762 -0.511813322073
0.238350277763 -0.694510534894
0.274567911740 -0.805100129900
0.304979331798 -0.905202391968
0.082178572930 -0.535668571507
0.118162196003 -0.755705606959
0.141441689101 -0.883041629093
0.167218519132 -1.000000000000
-0.017376210571 -0.516608976236
0.011460256814 -0.726813107157
0.039452169197 -0.853703863386
0.074138560437 -0.962546877380
-0.122680652451 -0.461555905719
-0.106594640598 -0.623775507864
-0.086154607680 -0.726618940881
-0.057523030617 -0.822959591008
0.179740109809 -0.095144930256
0.284819236867 -0.273796466580
0.313981542984 -0.435527617006
0.342387506557 -0.556363201532
0.186548240113 -0.515795909710
0.240501334423 -0.699852141375
0.275470684744 -0.811244587318
0.305169262048 -0.911805472515
0.084400275002 -0.538604193634
0.118596582493 -0.758026654703
0.141223374464 -0.884129419066
0.166532104262 -1.000000000000
-0.016719371487 -0.517608007060
0.007506632835 -0.727139476769
0.033492218802 -0.851310346874
0.066962907619 -0.958296972390
-0.124108607717 -0.460267402410
-0.117340918871 -0.621609092869
-0.103282537117 -0.725711558721
-0.079279048095 -0.824823403210
0.179395397214 -0.095174004705
0.290708137374 -0.271411880822
0.324861114986 -0.434899844790
0.345966517470 -0.559346807451
0.193078755084 -0.512964296727
0.247631149728 -0.699297130303
0.281579922444 -0.811139563291
0.309337002502 -0.909969959091
0.089737224013 -0.537242558960
0.123354716782 -0.757854397399
0.144722360728 -0.885347974265
0.168405937327 -1.000000000000
-0.012487583369 -0.517169211973
0.010190802202 -0.727008470909
0.035584158212 -0.852023167418
0.068225973032 -0.957059954205
-0.120744701140 -0.461507282723
-0.120890229144 -0.623381806820
-0.110743376398 -0.727873955053
-0.089418692318 -0.826219829916
0.180544412623 -0.095197569549
0.289691596213 -0.272637549342
0.325519972953 -0.433618439725
0.353116850386 -0.552984865168
0.188097227496 -0.515514797926
0.243214665372 -0.701671718437
0.279396270754 -0.812750398717
0.309986197885 -0.911297295202
0.084820617584 -0.539654947428
0.120340342273 -0.759993127970
0.145567717166 -0.886290790316
0.172958807116 -1.000000000000
-0.016570997659 -0.520156131261
0.006874830595 -0.731018839707
0.034015323086 -0.854305262888
0.068178962527 -0.959317748855
-0.123092188270 -0.464837252704
-0.122261920088 -0.626754339019
-0.110827324318 -0.731940332366
-0.088434238778 -0.831471691779
0.182304787339 -0.095737916533
0.290540268641 -0.271473690354
0.325680420390 -0.431694128530
0.355820907483 -0.551795741923
0.189803819779 -0.514963107875
0.243232408047 -0.699213423838
0.276906223770 -0.810862947346
0.305666199509 -0.910169614059
0.085650120448 -0.539993746064
0.118368657619 -0.759253168559
0.141435345074 -0.885851297430
0.168065324306 -1.000000000000
-0.016362665570 -0.520529023750
0.002730595015 -0.730299100147
0.026660348856 -0.852284428658
0.059015611903 -0.956425744963
-0.122482841598 -0.464387144765
-0.123957713638 -0.623983321676
-0.114063836020 -0.728461505631
-0.092572826852 -0.827819606176
0.182364234432 -0.096160146532
0.291131353671 -0.272010631666
0.325897655191 -0.432050645113
0.354946919902 -0.550285480651
0.190191077486 -0.515812847006
0.242055840160 -0.702227225453
0.275321114431 -0.814288803134
0.303445588292 -0.913236876788
0.085357137778 -0.540636194099
0.117001558311 -0.760809956744
0.140397360499 -0.886667169043
0.167001804560 -1.000000000000
-0.016654661500 -0.521263964315
0.001768108985 -0.731565552680
0.024788799640 -0.852782263402
0.055784227827 -0.955780844269
-0.123176109155 -0.465680454572
-0.126514630853 -0.626105051772
-0.118541113670 -0.731798987696
-0.098685016158 -0.832320045508
0.181823968466 -0.097451362941
0.291401846240 -0.272584961571
0.324390359899 -0.433302129371
0.347676431006 -0.550475598105
0.192136993362 -0.514640370526
0.243264063614 -0.700869291796
0.276239341603 -0.813508324561
0.304376169577 -0.912865188565
0.087038751240 -0.540922056839
0.119804870816 -0.760116590577
0.144058771250 -0.886174372025
0.171333887461 -1.000000000000
-0.015478361124 -0.521939145786
0.001895429182 -0.731993186939
0.024733519309 -0.854040168603
0.055917337786 -0.957623390946
-0.123020906364 -0.465971419574
-0.129826362671 -0.625922572986
-0.123522294434 -0.733103720586
-0.104601904505 -0.835203154687
0.184826012583 -0.097206142792
0.296463570763 -0.271185080844
0.331981354540 -0.434006970705
0.357965016387 -0.554239873444
0.195288864962 -0.515316299446
0.245651352661 -0.699979615784
0.277043742728 -0.812292902024
0.304305047765 -0.911152518365
0.090368167404 -0.542995887441
0.121370179401 -0.760585811017
0.145896689191 -0.887356472032
0.173624333992 -1.000000000000
-0.012693210865 -0.524036911112
0.001186059403 -0.733479594441
0.023976774770 -0.855287569897
0.055907691441 -0.957631014324
-0.121079457501 -0.466611176300
-0.134964186790 -0.624483186070
-0.131243631747 -0.730759695352
-0.113469059692 -0.831596667790
0.184196220001 -0.096176195201
0.299353769426 -0.266538130280
0.336707100799 -0.428928802360
0.358111332465 -0.552278881201
0.198036496888 -0.512119070245
0.248024731111 -0.697543672266
0.279672780508 -0.809711609026
0.306632436836 -0.907511394188
0.092634856311 -0.540405190671
0.123046059308 -0.759267054632
0.147167269208 -0.886875108532
0.174430712372 -1.000000000000
-0.011630521444 -0.522274404679
0.001266049960 -0.732379040105
0.022172192219 -0.854835865230
0.052635984894 -0.957170506615
-0.121035667611 -0.465699720501
-0.135648617179 -0.623530274115
-0.132737161850 -0.730821768985
-0.115614334992 -0.832719927678
0.186111215604 -0.094304973015
0.301039969396 -0.265760335323
0.338519991529 -0.426551308398
0.367387877727 -0.546666939347
0.202121564835 -0.513911522819
0.253924005669 -0.698203810517
0.285379841810 -0.810588961371
0.311720269832 -0.908952342282
0.094937275481 -0.542035377787
0.126620189311 -0.761320343193
0.150581469091 -0.887595492949
0.177077038646 -1.000000000000
-0.010134881899 -0.523630085890
0.001631409264 -0.735124838499
0.021849439756 -0.857747272254
0.050748272514 -0.961715848999
-0.119823682261 -0.466421660409
-0.134190710721 -0.626732669842
-0.131253006250 -0.735162237126
-0.114716331926 -0.839126609811
0.187792173750 -0.095548299592
0.301975000519 -0.267671914657
0.337692429859 -0.429449790362
0.367857091841 -0.548939943506
0.203480826678 -0.513729675383
0.253955118518 -0.698196091766
0.285330211096 -0.810692225262
0.312733865863 -0.909337528196
0.096125441194 -0.541979297775
0.127059567068 -0.760786207347
0.151351060445 -0.886859409188
0.179173199662 -1.000000000000
-0.009006123167 -0.523575504926
0.002186078892 -0.735298669687
0.021632471726 -0.857237743156
0.050177595976 -0.960193217503
-0.119048662243 -0.466613655724
-0.135415685161 -0.627314043181
-0.133231353595 -0.735390666373
-0.117019726154 -0.838419615755
0.185774755753 -0.096965515921
0.301005173032 -0.269346586782
0.337209381228 -0.431280040575
0.360780475696 -0.551882013455
0.200195101525 -0.514430437230
0.250113253419 -0.699077980003
0.281936028855 -0.811401694843
0.309889600027 -0.909515679603
0.092981245837 -0.541170278568
0.123877753003 -0.760035563691
0.148471216580 -0.886660310208
0.176662285002 -1.000000000000
-0.011680456876 -0.521067049910
-0.000071510161 -0.733908604447
0.018863603213 -0.855534512352
0.047130531562 -0.958095959328
-0.120619951915 -0.462498662447
-0.136992530871 -0.624278308498
-0.134801292519 -0.733223385736
-0.118199799853 -0.836973971867
0.186581296883 -0.095457420889
0.300839987396 -0.264821359879
0.338465740096 -0.425595596919
0.367593745124 -0.547887011666
0.198333686323 -0.511807739010
0.249708533372 -0.694645867067
0.282590965749 -0.806217368599
0.311531406100 -0.904344582890
0.091181851585 -0.539893431113
0.121140665992 -0.758430073210
0.145286716431 -0.885434833912
0.173451769516 -1.000000000000
-0.013167945626 -0.521026467424
-0.004916376593 -0.732972738501
0.013151348009 -0.856021056805
0.041447324953 -0.960981643413
-0.121271880019 -0.463185107620
-0.142368321487 -0.625848513261
-0.141566703022 -0.735180946957
-0.125411882774 -0.839641646427
