0.167406964694 -0.104664949015
0.264422502248 -0.275439583344
0.279038393822 -0.436560543890
0.276909576608 -0.558223385181
0.135757187158 -0.522970249127
0.151901554760 -0.720664728030
0.159054197561 -0.839746696533
0.162672316280 -0.940700403632
0.031723439032 -0.535809447756
0.047769256482 -0.756506653809
0.059440529782 -0.885409666732
0.072617901641 -1.000000000000
-0.067504956805 -0.506085360280
-0.064421944206 -0.713726819648
-0.052418301310 -0.839168746767
-0.032160720454 -0.943083897095
-0.169907493439 -0.439159455374
-0.191724131004 -0.598212453145
-0.193850325422 -0.705157267292
-0.184735161813 -0.804640590497
0.171734305775 -0.101793569751
0.266158566572 -0.273623396653
0.278500730424 -0.437480754996
0.287603796496 -0.557765045891
0.144953796834 -0.521080177931
0.171984134539 -0.715643991342
0.181483522911 -0.835188056072
0.185900686782 -0.934199458291
0.037005857878 -0.538602256451
0.053843827156 -0.758508700807
0.064244200832 -0.887792583506
0.076010735184 -1.000000000000
-0.065963525501 -0.510443045340
-0.069995267881 -0.716745237312
-0.062669478742 -0.843653980933
-0.046510251725 -0.949045235052
-0.172909368581 -0.442638979277
-0.205298344181 -0.599328916114
-0.214249855627 -0.706334143581
-0.210422336582 -0.806707159838
0.177416242595 -0.102792507669
0.274909374616 -0.276505121943
0.288573182253 -0.442280876355
0.295631772298 -0.562029547196
0.151644336778 -0.524038206158
0.183798005966 -0.716338505895
0.197133932149 -0.836148863474
0.205458242682 -0.936328503114
0.040002763365 -0.543414612577
0.053462508819 -0.761384787039
0.062730843777 -0.889583412653
0.073507355412 -1.000000000000
-0.064725716005 -0.516050191440
-0.072904753433 -0.721464398038
-0.070063987175 -0.848274863068
-0.058197119249 -0.952309004421
-0.171728803309 -0.449524220132
-0.209194608997 -0.605875026596
-0.222019265237 -0.713509525314
-0.221649311978 -0.813563910784
0.179577775253 -0.099961451969
0.276654454771 -0.270411843213
0.289685942299 -0.434211778933
0.299473528261 -0.554778274370
0.154731583960 -0.524389242088
0.187459821402 -0.717397718472
0.200877346936 -0.837210235171
0.209220274056 -0.937328706789
0.042300106124 -0.544201909366
0.056207680193 -0.762905266708
0.065899007617 -0.890601223800
0.077379985374 -1.000000000000
-0.062901385136 -0.517658980093
-0.071000542807 -0.723368606009
-0.068112507827 -0.848642051920
-0.056670011177 -0.951084949721
-0.169700065423 -0.452070526166
-0.205922052781 -0.608135090102
-0.218512792208 -0.714746077395
-0.218557909911 -0.813650177289
0.177907046483 -0.101458755414
0.275372867665 -0.273466175651
0.287746234374 -0.436408863686
0.294813508933 -0.555638987573
0.154512003824 -0.523266546378
0.181981650248 -0.716211152545
0.192343385034 -0.835883706547
0.197702826055 -0.936204348053
0.042104648136 -0.541924030677
0.056399746107 -0.760300604708
0.065247901980 -0.888028308161
0.074714927083 -1.000000000000
-0.063561664690 -0.514950567820
-0.069330708971 -0.721679732746
-0.067189387950 -0.846421880448
-0.057974988726 -0.949572174557
-0.171531967951 -0.449311366377
-0.203457193816 -0.607912957410
-0.215044892364 -0.714900101239
-0.215751597498 -0.815093843860
0.175436508583 -0.102343783866
0.270019522961 -0.274580631664
0.283115096219 -0.436052457858
0.293014284474 -0.556023080765
0.147063913972 -0.525861465526
0.176231468466 -0.717935679956
0.188082133880 -0.837607609928
0.195364805899 -0.938524929950
0.036091112075 -0.543108869181
0.048812857641 -0.760359362620
0.057662130307 -0.887578567214
0.067727161917 -1.000000000000
-0.067478535688 -0.515151910113
-0.074984238427 -0.720780487594
-0.071884294638 -0.844025864401
-0.061049565524 -0.947122272845
-0.173098711345 -0.448416837920
-0.206447939157 -0.607032821536
-0.217493761823 -0.715662857003
-0.216743219310 -0.818130898462
0.176018781274 -0.102850030433
0.270267474840 -0.273587607108
0.283715828908 -0.435453480738
0.295080105712 -0.555462115551
0.148522285066 -0.525854433170
0.179862518631 -0.714048895629
0.193435545873 -0.832435375073
0.202269101820 -0.932165378688
0.035178076473 -0.544938187101
0.047637719997 -0.761438019985
0.056883887430 -0.888357007473
0.068377341657 -1.000000000000
-0.069857627072 -0.517326304258
-0.080963326596 -0.722942118977
-0.080904771354 -0.845309770993
-0.071879478965 -0.947156021110
-0.176270129511 -0.450312165335
-0.211002229687 -0.608087429816
-0.223757819078 -0.715491298082
-0.224346485547 -0.816357832252
0.176758152877 -0.101499902084
0.274125238521 -0.270490165158
0.289149013951 -0.432122203167
0.300555884268 -0.552039687496
0.154042984071 -0.526458372562
0.184217238242 -0.713686628494
0.198867490076 -0.831724954795
0.209111480746 -0.930914768050
0.039320391344 -0.546894807422
0.051435683878 -0.762466538395
0.061884911586 -0.888535942953
0.074831980664 -1.000000000000
-0.067722808541 -0.520406670745
-0.079904634269 -0.725141793983
-0.080516270784 -0.846991601496
-0.071918809188 -0.948249246290
-0.176864427373 -0.454147397088
-0.214348737023 -0.612063232544
-0.230761727752 -0.718113025438
-0.234859268204 -0.817399415083
0.177612751663 -0.102980331287
0.273839343823 -0.275384017751
0.286887519036 -0.438515835894
0.296856490305 -0.556924558727
0.153001181738 -0.527145524730
0.183714508849 -0.713058698829
0.198345245224 -0.831032272773
0.209714630686 -0.930826251580
0.038676519898 -0.547458958313
0.051057469586 -0.761382675096
0.061578036867 -0.888010419627
0.074724990503 -1.000000000000
-0.067162011082 -0.519732237303
-0.081585323854 -0.723314651351
-0.084989410144 -0.844387107320
-0.078899016356 -0.945933488530
-0.173871920748 -0.451882352569
-0.215566503959 -0.608617935202
-0.233672223147 -0.714293553843
-0.238842181624 -0.813600458571
0.176284597549 -0.104373700832
0.272323369876 -0.274738822664
0.287397762759 -0.437198067532
0.303099012685 -0.555562710124
0.151963145190 -0.529875036583
0.183552934303 -0.717702294623
0.200423434533 -0.835331885291
0.214232762464 -0.935035498367
0.037751194035 -0.549939942661
0.046949511564 -0.765311825560
0.058087825337 -0.889650486441
0.072799880827 -1.000000000000
-0.068398972697 -0.520727158065
-0.087831262837 -0.725747595255
-0.093761143513 -0.845250078528
-0.089029947489 -0.946517773930
-0.175516633683 -0.449863128191
-0.223478152695 -0.604751263128
-0.247031752471 -0.708389536456
-0.256460091926 -0.807348290796
0.178808099946 -0.103883704950
0.273047506336 -0.273945426260
0.287074865101 -0.436994571081
0.303887247992 -0.556975322849
0.151325342464 -0.524300643807
0.183508848334 -0.710785151234
0.199654643002 -0.829208219003
0.211971636087 -0.929597422871
0.038495083891 -0.545343088142
0.051496918070 -0.759828684952
0.063885930035 -0.886855885796
0.078116882754 -1.000000000000
-0.066663840505 -0.518139307316
-0.083679100470 -0.720958176455
-0.087112680527 -0.841830079146
-0.081650550305 -0.944107752045
-0.173320878920 -0.449416338953
-0.221914763367 -0.603656460844
-0.245160759333 -0.706540035308
-0.255285312429 -0.804138700587
0.177013278184 -0.104095261901
0.270597564935 -0.274511923814
0.285609355818 -0.438809205497
0.304359159188 -0.560172833847
0.149255537359 -0.527101496324
0.183082846642 -0.714345188521
0.199902575256 -0.832718077752
0.213075451627 -0.933484856814
0.036796655061 -0.547884704142
0.048824939352 -0.762297080473
0.060389401654 -0.887991428835
0.074265616913 -1.000000000000
-0.068338541650 -0.519538791677
-0.088320944349 -0.724108682868
-0.094102152160 -0.844675101617
-0.090609520036 -0.947134582016
-0.174462008326 -0.449394967448
-0.225286222350 -0.603437551534
-0.250254227415 -0.706011079040
-0.261745175176 -0.804321261032
0.173698375159 -0.105085222864
0.267397663555 -0.274798102346
0.283767402325 -0.439196721370
0.301572541949 -0.559763700852
0.144596091020 -0.527384147598
0.177482633805 -0.715513065818
0.194896811217 -0.833945161931
0.208452701635 -0.934445997580
0.034120073182 -0.547564721411
0.044483656335 -0.761591044355
0.056431192764 -0.887346948353
0.070589444800 -1.000000000000
-0.069150188302 -0.518142584134
-0.092185012099 -0.718927871231
-0.100910718053 -0.839408677089
-0.099924334381 -0.943381326589
-0.172809484177 -0.445633634945
-0.227820533417 -0.594542648363
-0.257720880603 -0.692960569205
-0.274206178506 -0.787731106732
0.174179394610 -0.102726881600
0.271325796166 -0.270211149861
0.290404016497 -0.433883660146
0.308557623070 -0.556054219882
0.149857874535 -0.525467220647
0.183872019102 -0.716862475293
0.201245761871 -0.835924700644
0.214487571451 -0.938142215093
0.037162428507 -0.545803955287
0.044758163052 -0.762383262793
0.054294792735 -0.887436763707
0.066037949706 -1.000000000000
-0.067163372331 -0.515757370579
-0.091832931709 -0.717202136076
-0.100797506927 -0.836897049916
-0.100015162640 -0.940872193163
-0.171462549319 -0.442873343363
-0.228542097452 -0.590209641728
-0.260333839641 -0.688313812829
-0.278206710679 -0.784427892550
0.173769460178 -0.104184951811
0.269225453863 -0.272934125237
0.288689700532 -0.438247391742
0.314309403278 -0.561403516018
0.146082629126 -0.526289925153
0.181100342156 -0.717647116648
0.199471218050 -0.836861662411
0.213969642743 -0.939243370242
0.033374407706 -0.546194378293
0.041607400425 -0.762785875031
0.051411170550 -0.887776261777
0.063794225131 -1.000000000000
-0.070042750445 -0.515551580196
-0.093992714001 -0.717959325385
-0.102237767171 -0.837843350103
-0.100927473485 -0.941854416641
-0.172766735535 -0.441855036184
-0.230468670513 -0.589149658057
-0.263498666976 -0.686789171664
-0.282786687872 -0.782199814748
0.175703143394 -0.107577364787
0.271609996359 -0.278856824800
0.294490867297 -0.442594514854
0.322844139185 -0.563641067871
0.146113753479 -0.530446800562
0.182266882886 -0.720324053399
0.201462907184 -0.838746780308
0.217031974668 -0.940044568300
0.033480585770 -0.549717521409
0.039585161185 -0.765275159222
0.049031418508 -0.889950110807
0.061386666998 -1.000000000000
-0.070452521164 -0.518491041296
-0.096207616420 -0.721183997412
-0.104652555528 -0.840980921115
-0.102613614377 -0.944456086030
-0.173707262607 -0.444191895048
-0.232055537653 -0.591076396073
-0.264116010221 -0.689329242434
-0.281715011330 -0.785321090185
0.174224921622 -0.109778431012
0.270805540086 -0.280057832405
0.298109805070 -0.443067233167
0.336294057509 -0.561831017361
0.144197932533 -0.531177148291
0.178706744341 -0.721684751242
0.197777383200 -0.839147145158
0.212458209321 -0.939256842268
0.030900312571 -0.550349989853
0.037463323933 -0.765916731601
0.047756210574 -0.890119090805
0.060558104723 -1.000000000000
-0.073744732825 -0.518830428070
-0.101857418440 -0.719937085007
-0.113093049267 -0.839433216311
-0.114099429099 -0.943185558279
-0.177346208725 -0.443998544975
-0.237842275581 -0.591129364532
-0.272051200965 -0.689223464545
-0.291508667416 -0.784952467272
0.173849128698 -0.109262139590
0.271117028679 -0.278260042858
0.300900205359 -0.439313089475
0.340388531128 -0.557197561796
0.144248440495 -0.529871784637
0.178437331735 -0.720217040142
0.196570981499 -0.838126870323
0.211261799475 -0.939021783846
0.031334824326 -0.548422668918
0.035656783613 -0.764356481768
0.045019973306 -0.889375185254
0.057796149055 -1.000000000000
-0.072835919800 -0.516342582358
-0.101367998655 -0.718323708429
-0.111573697006 -0.838030394821
-0.110650021174 -0.942528560940
-0.175804850105 -0.440851741562
-0.237035460928 -0.588082112050
-0.271118405327 -0.686640716023
-0.289763177011 -0.783220539733
0.175224951365 -0.109792114292
0.272281795105 -0.279037155698
0.301903865767 -0.439443534239
0.344264685825 -0.557018731084
0.143363168552 -0.530853939955
0.177937454823 -0.720511423029
0.195464527675 -0.838722005669
0.209472115970 -0.940013608902
0.028991295714 -0.548814791377
0.032705871569 -0.765103727497
0.040918370333 -0.889872508693
0.052600214142 -1.000000000000
-0.076367723627 -0.516481846238
-0.105039462778 -0.719707396186
-0.114846872934 -0.839582398049
-0.113689743543 -0.943870527409
-0.180904300347 -0.440973893769
-0.241608119951 -0.588527770277
-0.274748239457 -0.687628572233
-0.292485368153 -0.785044620301
0.175782122838 -0.109933865957
0.273302274902 -0.280471991240
0.303528846140 -0.441752526067
0.348192982179 -0.558911604342
0.142931593492 -0.531130885268
0.178213238625 -0.722272700291
0.195709236278 -0.840804248514
0.209654705448 -0.942063480171
0.028283797997 -0.548459787864
0.030619982819 -0.765535390360
0.037000778682 -0.890313961814
0.047075382555 -1.000000000000
-0.077358691602 -0.515719532976
-0.105635756123 -0.719009917499
-0.115585349161 -0.839690534436
-0.114208298241 -0.944035546790
-0.182451685451 -0.440472448233
-0.242912113326 -0.588287329208
-0.276644727955 -0.687805350348
-0.294818709315 -0.785319265668
0.174909687725 -0.109852420733
0.273404698130 -0.279888569951
0.306206572855 -0.440258161583
0.352899001871 -0.556692817664
0.143677762299 -0.530157122269
0.178876712823 -0.720988995135
0.196201068530 -0.839375425576
0.209827110286 -0.940732121310
0.028749441025 -0.547690524642
0.031030336820 -0.764880010998
0.037366318069 -0.889786029081
0.047385918127 -1.000000000000
-0.077049993560 -0.514982870079
-0.106168138984 -0.718295143784
-0.116529649670 -0.839603932254
-0.115320173282 -0.945110209828
-0.182080805983 -0.439496859369
-0.243409042865 -0.586952653996
-0.278043556342 -0.686261863599
-0.296992609035 -0.784065290842
0.174784303411 -0.108345262382
0.273695659296 -0.275783443061
0.308392962002 -0.434947115242
0.358385523093 -0.551715056589
0.145157612882 -0.527771935486
0.180937852765 -0.717694487412
0.198278327671 -0.835787013074
0.211225399048 -0.936305468833
0.030125785236 -0.546264073916
0.034032469221 -0.764358240391
0.041205146322 -0.890359406198
0.051759667943 -1.000000000000
-0.076478557021 -0.514190471313
-0.107582201047 -0.718484812776
-0.120450104534 -0.839493470804
-0.121435034846 -0.944384861354
-0.181662075979 -0.439152488129
-0.242902333508 -0.587081722974
-0.277719410105 -0.686274848593
-0.296923728064 -0.783158818687
0.173536076372 -0.107764478252
0.271698742103 -0.275275948738
0.305505656438 -0.433976419740
0.355740695034 -0.549981958943
0.143021591470 -0.526311483179
0.178118303155 -0.715855638126
0.195525738321 -0.833413444927
0.208726625424 -0.933552608212
0.029079706077 -0.543790503634
0.032989321980 -0.762140219613
0.039800597791 -0.889026407275
0.049631132034 -1.000000000000
-0.075604601768 -0.510519230548
-0.105301823569 -0.714137179612
-0.115985674217 -0.833516048680
-0.115438234702 -0.937949135785
-0.178609275623 -0.434351604580
-0.240330776169 -0.582498005853
-0.274483900999 -0.682530202771
-0.292632706238 -0.781497757143
0.172358783508 -0.107398989379
0.270925872100 -0.274373559675
0.305811395157 -0.432853105613
0.355490323257 -0.547700152466
0.142060019497 -0.525706777666
0.177047594764 -0.717113000529
0.194489095712 -0.835109991332
0.207936310433 -0.935597848304
0.028087596257 -0.543584631282
0.031731386307 -0.762547334968
0.039303309513 -0.889399684315
0.050224595018 -1.000000000000
-0.076721503150 -0.510697292688
-0.106699641259 -0.714366264203
-0.116662885610 -0.834565050618
-0.115042710864 -0.939302228428
-0.179790179396 -0.434863265590
-0.241893169341 -0.582690796972
-0.275925608269 -0.682630918030
-0.293835003801 -0.780925734943
0.173481008524 -0.107320239030
0.272397949290 -0.276191979827
0.307157921729 -0.435324928640
0.357005306083 -0.549872617822
0.144368191655 -0.527606486222
0.179312585120 -0.718053477093
0.196474131964 -0.835709620399
0.209840390357 -0.936291067570
0.030292411377 -0.545753006512
0.034388778637 -0.763405913426
0.041779402017 -0.889596451438
0.052616707793 -1.000000000000
-0.074566036667 -0.513236577105
-0.102568498950 -0.715545457793
-0.111435037454 -0.835958277040
-0.108660135444 -0.940458671006
-0.178483346807 -0.438072539402
-0.240002963206 -0.584645579583
-0.273591873071 -0.684163529438
-0.290689758564 -0.781914753760
0.174460509095 -0.108479107723
0.275540400193 -0.274578507534
0.311748854950 -0.431785558850
0.360054343826 -0.546270346642
0.145134695924 -0.527891379258
0.179448308532 -0.719815252891
0.197987673897 -0.837634062654
0.213022274602 -0.939040073386
0.029271503461 -0.545743757045
0.030733738774 -0.764689930757
0.039262784469 -0.890118950647
0.051884592360 -1.000000000000
-0.076714254794 -0.513192513811
-0.107306084000 -0.715827987445
-0.116209740141 -0.835854387907
-0.113176650093 -0.940298110790
-0.181130643990 -0.438058082833
-0.244082697017 -0.584453457362
-0.277948295780 -0.684421086133
-0.295176304481 -0.782832964542
0.175228934663 -0.107779891133
0.278157366140 -0.274500287746
0.316552806680 -0.432620395800
0.364646595527 -0.545563070497
0.145637798148 -0.527889642311
0.180236441780 -0.719598243462
0.198861244550 -0.837345882997
0.213705221390 -0.937838341192
0.030135030894 -0.546006595545
0.032370582182 -0.764609344599
0.041145752941 -0.890744225366
0.053376932999 -1.000000000000
-0.075945741028 -0.513300237338
-0.107336586374 -0.715995067116
-0.117848297994 -0.836847134164
-0.116659065996 -0.941739940752
-0.179976885866 -0.438037365726
-0.242666550684 -0.585261742768
-0.277014505048 -0.685732061884
-0.295218334891 -0.784146090162
0.174307915422 -0.109011106145
0.279100735629 -0.277208865906
0.321450117895 -0.434685571368
0.369460947724 -0.546588786634
0.139668730211 -0.531268377890
0.175942506733 -0.720313458672
0.195164053009 -0.837738089639
0.210982184448 -0.938782298904
0.024430814217 -0.549257478466
0.023823738554 -0.766674240648
0.030268317580 -0.892018861610
0.040182325480 -1.000000000000
-0.080821128658 -0.516158078932
-0.113628782517 -0.718828886740
-0.124726634799 -0.839946308767
-0.124301400806 -0.944216471929
-0.183430305915 -0.440775200962
-0.246843731412 -0.587417862324
-0.280719787743 -0.688936843660
-0.298704590243 -0.787975504604
0.172011721284 -0.108804585618
0.276347154397 -0.273260164655
0.324844730570 -0.425484271791
0.381207632181 -0.532654626983
0.133097998650 -0.529128651035
0.169224065331 -0.717313916145
0.188293388436 -0.833556808842
0.203109090370 -0.933062086849
0.020060646181 -0.547303439325
0.020279974211 -0.764779230945
0.026529887633 -0.891868791601
0.035704468246 -1.000000000000
-0.084037025664 -0.514116263692
-0.118297483504 -0.716739129242
-0.132619394736 -0.838895913925
-0.135036350003 -0.944450485686
-0.184743146642 -0.438189670516
-0.248552691558 -0.584983180426
-0.283183519936 -0.685697500069
-0.302253998558 -0.783534542452
0.173765492965 -0.108872756968
0.279789304864 -0.275389931367
0.331673897967 -0.426018580672
0.394427056559 -0.527266713574
0.132524069140 -0.536741815096
0.169222620163 -0.723010300223
0.186996294801 -0.838233150289
0.200277971149 -0.936956524895
0.017522454081 -0.554171754982
0.018190016167 -0.769128322595
0.021977402454 -0.894245657124
0.027289309875 -1.000000000000
-0.087200795135 -0.519900471204
-0.119587067616 -0.721658669484
-0.135409372896 -0.841158462426
-0.141212661754 -0.944447395996
-0.187260952864 -0.443124361433
-0.248622029950 -0.593404382079
-0.282856706197 -0.693865923125
-0.303504348423 -0.790774238889
0.170733801938 -0.109076297698
0.280092828066 -0.277296324237
0.340408226510 -0.424225081261
0.410534136144 -0.514684290513
0.127536425018 -0.534883666138
0.162119678421 -0.721904926613
0.179248722497 -0.837288383040
0.191771442557 -0.935210134806
0.013369968435 -0.551567784947
0.014831944471 -0.767111425217
0.019018750200 -0.893299117131
0.023744117764 -1.000000000000
-0.090812537121 -0.516330728939
-0.123047601396 -0.717295998521
-0.138732801531 -0.837798823593
-0.144776135505 -0.943219616294
-0.189739214851 -0.438857104215
-0.252026327197 -0.589634274655
-0.286585000312 -0.691220005004
-0.307591502225 -0.790630586496
0.175106225515 -0.108149953330
0.288077043642 -0.274191861889
0.350329484470 -0.420403036935
0.423305664247 -0.512285727025
0.130660466644 -0.534313064921
0.163458758341 -0.723748723539
0.180477444465 -0.840487229241
0.193175022781 -0.939975621791
0.015138946481 -0.550535698162
0.015849011683 -0.766993665964
0.021039895740 -0.892942615433
0.026775304278 -1.000000000000
-0.089645965456 -0.515144439298
-0.120931291952 -0.716451718777
-0.135303416413 -0.837558849623
-0.140566291435 -0.943480932823
-0.188809477465 -0.438063234603
-0.248409471960 -0.588805963162
-0.281450135072 -0.691132815370
-0.301455813778 -0.791146992200
0.175007289499 -0.106785036352
0.291934977725 -0.272121517362
0.359811973575 -0.416415544188
0.438052466013 -0.504719204213
0.133076672542 -0.534836155892
0.165409747420 -0.726331304049
0.180455030904 -0.844875557979
0.192196365205 -0.947201633068
0.017470641024 -0.551047731677
0.019165040251 -0.766894373057
0.023804512562 -0.892814240679
0.028838792603 -1.000000000000
-0.087149996068 -0.515372822580
-0.116733063147 -0.715216998710
-0.130345318375 -0.836597430322
-0.135130167971 -0.943376358847
-0.185907944704 -0.438287507298
-0.245771691741 -0.589447556960
-0.277594240330 -0.690821718970
-0.296549193346 -0.789936562789
0.174811846204 -0.102479287642
0.295819214577 -0.267188128829
0.368044638721 -0.409673926485
0.447414688347 -0.492853120926
0.135808690164 -0.529153086041
0.168075216556 -0.718309184520
0.183638607693 -0.836933986706
0.195629249029 -0.937831375399
0.021515661361 -0.547286392014
0.026253504780 -0.763124655866
0.032890703199 -0.891465637346
0.038552710721 -1.000000000000
-0.082339382986 -0.513703603757
-0.109291965790 -0.712039731408
-0.120075719612 -0.834223365754
-0.123340724297 -0.940132866892
-0.180106723034 -0.438519663495
-0.239739455216 -0.588543768739
-0.273085247501 -0.690952908195
-0.294554908260 -0.789970227176
0.176165328412 -0.102589111843
0.301770319334 -0.265703971178
0.378186317011 -0.407494925843
0.456022615954 -0.492524895180
0.139290614388 -0.530826372359
0.174953779013 -0.719314029974
0.192500983453 -0.836656496585
0.206453187216 -0.936495800909
0.024334049645 -0.550051203624
0.030692000666 -0.764465383155
0.037972358942 -0.892280216853
0.043318093407 -1.000000000000
-0.079699787215 -0.516773653368
-0.105473633317 -0.714233054977
-0.117120092753 -0.835570036758
-0.122016671180 -0.940234564923
-0.177236906728 -0.442037226558
-0.235772365070 -0.593524053793
-0.269050818895 -0.697931311162
-0.290553027889 -0.798308608805
0.176223540729 -0.098718239826
0.307610924085 -0.260433922713
0.388366860933 -0.399033496885
0.462773231012 -0.479473244285
0.141696091756 -0.531661368505
0.179258849740 -0.720995856904
0.197700510181 -0.838897554619
0.212077614226 -0.938702945909
0.026650300503 -0.550423112489
0.030091582505 -0.765896129710
0.034085716135 -0.893240237068
0.035885884404 -1.000000000000
-0.076676571925 -0.516554533219
-0.103702405672 -0.713276336963
-0.115209836810 -0.834184988104
-0.120947043615 -0.938089297056
-0.172382867304 -0.441691100734
-0.231479415601 -0.590236656696
-0.265152357792 -0.694361612681
-0.288208464553 -0.795088053140
0.177887717617 -0.099575645962
0.312267843133 -0.255803401181
0.396228568774 -0.390598659531
0.470920266544 -0.471359915962
0.139463413877 -0.533898643988
0.177072293827 -0.721139081181
0.196403235694 -0.836865123194
0.211634081185 -0.935393880776
0.024755483490 -0.551653405861
0.032870033107 -0.765053189581
0.040280473022 -0.892504521619
0.044213185992 -1.000000000000
-0.078529587628 -0.514501380913
-0.101539226466 -0.709031159287
-0.109645530595 -0.831873387234
-0.113335441430 -0.937879400668
-0.174286858053 -0.435078284724
-0.233307896003 -0.583120744040
-0.264831001166 -0.686259059215
-0.285900751535 -0.785150659495
0.178179321139 -0.100548278480
0.312344915379 -0.259766658812
0.397207884489 -0.396682666478
0.475379664906 -0.477850474791
0.136403359824 -0.535079555726
0.176083190475 -0.721549068127
0.197113853567 -0.836973851115
0.214328919316 -0.935817011101
0.021006239476 -0.553858642588
0.030539388808 -0.766572846626
0.039119245260 -0.893429742663
0.045233363999 -1.000000000000
-0.083384154992 -0.517147301241
-0.105944739859 -0.712578268420
-0.113891677321 -0.836305109902
-0.116268927665 -0.942366771621
-0.180371161504 -0.438153635820
-0.238969977270 -0.586697710571
-0.269715340411 -0.690381667104
-0.289397191386 -0.789109958910
0.176655175677 -0.098910520403
0.309688125345 -0.256810657740
0.394310190741 -0.391593127871
0.471012940615 -0.469463780241
0.135876476290 -0.530834001132
0.174662939239 -0.718706953566
0.194653490280 -0.835457592219
0.210796820185 -0.935058420242
0.022600035998 -0.550098133621
0.031149501703 -0.764825431847
0.038940514300 -0.892927997107
0.043856322574 -1.000000000000
-0.080189822449 -0.514576999337
-0.104094793078 -0.710054823560
-0.113194967660 -0.833931709739
-0.116766203000 -0.940036129050
-0.176157665574 -0.436456658605
-0.235809412345 -0.583336744039
-0.267732794252 -0.685663021013
-0.289098058709 -0.782783929721
0.179589378707 -0.099558253101
0.312998443294 -0.258884156577
0.397258093929 -0.393972079732
0.473863064924 -0.470373247543
0.137498519395 -0.531740918928
0.176202299864 -0.719176020463
0.196369347952 -0.835421876912
0.213021772132 -0.934272897018
0.023410775936 -0.550879346800
0.031568556097 -0.765002429956
0.039046791079 -0.893005180846
0.043954971049 -1.000000000000
-0.080122997568 -0.515061877124
-0.103233899909 -0.711161673619
-0.111451446238 -0.835570880721
-0.113788254035 -0.941397954556
-0.176706168729 -0.436804335896
-0.236913860555 -0.583840059476
-0.269604253430 -0.687807508154
-0.290900766852 -0.786523848574
