0.178684199469 -0.104158348519
0.295850163772 -0.270717109885
0.356582270563 -0.419721244782
0.413645396894 -0.526842934588
0.145673958491 -0.534144369313
0.189786560883 -0.721067328017
0.219572142395 -0.833081997646
0.243394658154 -0.929975766572
0.037035101559 -0.549897770990
0.046765199295 -0.764399565564
0.060249915256 -0.888816480070
0.071695857446 -1.000000000000
-0.064917430921 -0.515647040945
-0.084928637054 -0.717069211361
-0.088964538442 -0.837193725927
-0.085914472471 -0.942446959289
-0.165340325311 -0.440838419470
-0.218869134710 -0.594424775503
-0.245370791075 -0.700518383073
-0.258473884100 -0.805223251563
0.179000658771 -0.103440875341
0.297089171916 -0.268610611696
0.358573395734 -0.417194083417
0.415071435434 -0.524360786682
0.146583199521 -0.532393412981
0.188764301955 -0.718932319902
0.218117563098 -0.831196174670
0.241608795502 -0.928108530736
0.038666572883 -0.549008841936
0.047637175247 -0.763110392106
0.061689403401 -0.888583154344
0.073321621857 -1.000000000000
-0.063083286442 -0.515709018981
-0.083685821336 -0.716935550279
-0.087472265302 -0.837886212824
-0.084397259240 -0.943526249605
-0.163562496283 -0.441804053498
-0.218522775620 -0.592923963466
-0.246381679773 -0.699099337112
-0.260632739982 -0.803982473958
0.179207819312 -0.102987915760
0.296899404866 -0.269110230466
0.357500566369 -0.418266692996
0.416253820531 -0.525270068435
0.146424166789 -0.533092217237
0.188356135292 -0.719142665538
0.217823753903 -0.830996453952
0.241538278290 -0.927344494837
0.037948109473 -0.549411473743
0.046297098091 -0.763051479475
0.060192902904 -0.888482745595
0.072066323543 -1.000000000000
-0.064001998605 -0.515963663266
-0.083972519469 -0.716178278365
-0.087495232506 -0.837095321722
-0.084277008759 -0.942491017774
-0.164664072291 -0.442400792623
-0.219021083262 -0.593537438280
-0.246259409376 -0.699669289048
-0.259840640195 -0.804125259755
0.179499151725 -0.103003209594
0.296841799209 -0.269632822746
0.357298113315 -0.418783354076
0.416534771921 -0.525171262492
0.146166297149 -0.534892241355
0.188530404853 -0.720500163107
0.217701913203 -0.831959959499
0.241315365661 -0.927815739593
0.037105920102 -0.550629392293
0.045729283552 -0.763878490731
0.059671266950 -0.888749495047
0.071929687709 -1.000000000000
-0.065153467058 -0.516261820107
-0.084958649568 -0.716480752627
-0.087516646489 -0.837298933796
-0.083233403516 -0.942699598971
-0.165591799388 -0.441530886678
-0.219553528224 -0.593337832504
-0.245988150730 -0.699718946582
-0.258684103979 -0.804671529407
0.180614886405 -0.104257111046
0.297635314863 -0.270163350054
0.356304143340 -0.419327082797
0.412128520365 -0.525494048875
0.146483716773 -0.534607595942
0.190268684439 -0.721063515453
0.221366414202 -0.832078864365
0.246896391913 -0.927769336266
0.037049510426 -0.550515821231
0.044734866442 -0.764846235316
0.058987036787 -0.889227197750
0.072031617837 -1.000000000000
-0.065572986264 -0.516396928065
-0.085691751277 -0.717282277412
-0.087976960704 -0.837994997167
-0.082708339448 -0.943048090074
-0.166935041457 -0.441978978454
-0.221961966903 -0.592899888487
-0.248851981105 -0.699348391975
-0.261464580399 -0.804375937729
0.179941943139 -0.103014598266
0.297015902491 -0.270045454258
0.356395344219 -0.419277920570
0.413651050799 -0.525530258378
0.145728584827 -0.533770030179
0.190635994648 -0.717814465916
0.223027005967 -0.827797904074
0.249746795313 -0.922809026667
0.036693921871 -0.550005090880
0.045250105275 -0.763848347006
0.060009392383 -0.888737400071
0.073474767166 -1.000000000000
-0.065303735534 -0.515809887097
-0.084999962872 -0.716496309252
-0.087841950925 -0.837197353845
-0.083040882404 -0.942165574731
-0.165393673701 -0.441111182973
-0.219795442412 -0.593204538730
-0.246404925760 -0.700505214393
-0.258802400609 -0.805922199715
0.181684249342 -0.104676407912
0.298571394789 -0.272571976813
0.358087465051 -0.422160947165
0.415991548052 -0.527975446076
0.145547787927 -0.534484686429
0.191545467547 -0.718961863454
0.223907508574 -0.829511739860
0.251367621505 -0.925955078575
0.036816373344 -0.550316085480
0.045140404351 -0.763119656540
0.059869821790 -0.888285703432
0.073689477718 -1.000000000000
-0.064871215615 -0.515628186953
-0.084735795090 -0.714976695033
-0.085774449041 -0.836808359871
-0.078969536197 -0.942655770236
-0.164133997603 -0.440230153027
-0.221182411471 -0.591428988246
-0.248609885416 -0.698307280009
-0.261164135360 -0.803206496317
0.181079406290 -0.105098507583
0.297070259808 -0.273424555748
0.355649945828 -0.423143723604
0.413098807472 -0.528843272088
0.144470071587 -0.537133488439
0.192205260861 -0.721269261719
0.224677878208 -0.831609837363
0.252292368475 -0.928236843850
0.034640575777 -0.552941965689
0.042718310745 -0.764853806311
0.056161924986 -0.889171681042
0.069159463148 -1.000000000000
-0.067337120448 -0.518218772605
-0.087268029144 -0.717493177510
-0.089149523540 -0.838424388147
-0.082626370879 -0.943724791771
-0.166903194563 -0.442995113143
-0.222967470483 -0.594104317172
-0.249994345161 -0.700684428441
-0.261945397448 -0.805592959250
0.181578320572 -0.106573045014
0.298104066706 -0.274610697778
0.357748991971 -0.423656256209
0.415491779763 -0.530829921930
0.146897030092 -0.537374779543
0.194162075022 -0.723526114559
0.224448554683 -0.834484644785
0.249756219876 -0.931044737519
0.037332456182 -0.552569245753
0.045415509041 -0.765415670055
0.058071232544 -0.889568431073
0.070640776545 -1.000000000000
-0.065286531159 -0.517471869863
-0.086110627521 -0.717391153935
-0.088307058828 -0.838317684434
-0.082144937908 -0.943482304831
-0.166050367192 -0.441865858997
-0.222209606628 -0.591416719250
-0.248715075223 -0.696340206077
-0.260486198222 -0.799968507810
0.182051034241 -0.106662783600
0.298396704780 -0.275392781459
0.355972781325 -0.426167904545
0.412394733845 -0.532049854161
0.146162359604 -0.538200396886
0.192868606902 -0.724526421820
0.223020427214 -0.835417897352
0.248077402685 -0.931520385840
0.035622625448 -0.553925178791
0.043443713599 -0.766506520330
0.055816637498 -0.890476340601
0.067950559298 -1.000000000000
-0.068260997872 -0.519591137582
-0.088618326109 -0.719467797683
-0.092087244610 -0.840934728481
-0.087297612684 -0.945866326046
-0.170627170335 -0.445208883643
-0.225787614420 -0.595884345954
-0.252593979593 -0.701275184157
-0.265262239339 -0.804634992629
0.179848068359 -0.106076523590
0.296368882487 -0.274858594302
0.355384105232 -0.424459390826
0.410824983916 -0.530443610555
0.144237193014 -0.535967516247
0.193087381575 -0.724016130700
0.225864288189 -0.834496689392
0.252955871734 -0.930075021336
0.034213678549 -0.551341170383
0.041229000747 -0.766386862724
0.052997514272 -0.890356095171
0.064925586517 -1.000000000000
-0.068412430636 -0.516795335189
-0.090031378881 -0.716546380696
-0.094450869447 -0.838032587810
-0.089883200873 -0.943496268664
-0.168660657394 -0.442523668198
-0.224112973978 -0.591379514230
-0.251354965921 -0.695832313394
-0.264293919856 -0.798828238513
0.179651488754 -0.106955733176
0.295950891114 -0.276383255824
0.354777016856 -0.425572085937
0.407318586576 -0.530460003532
0.144996556638 -0.536654714111
0.194312198156 -0.725327147901
0.229706792093 -0.835673540200
0.259802246382 -0.931880238165
0.035416291597 -0.551903772704
0.040521180085 -0.766780242499
0.052904605837 -0.890339396516
0.065741170094 -1.000000000000
-0.066376055056 -0.517240732515
-0.088475122119 -0.717806767375
-0.092566044680 -0.839536209084
-0.087285861936 -0.945559356833
-0.165702177115 -0.443118841112
-0.221963696502 -0.592942756033
-0.249935863429 -0.698627120511
-0.262949663312 -0.803219507407
0.178317563280 -0.106127622640
0.295198699428 -0.273142396483
0.355246226880 -0.421511870892
0.409419063296 -0.525846605675
0.146502363153 -0.531818060346
0.192848273738 -0.720025607073
0.224296455090 -0.831390248394
0.249608683591 -0.927927299887
0.036836777421 -0.547563780540
0.044171802468 -0.763716181216
0.055666639260 -0.889511439553
0.066449124939 -1.000000000000
-0.065471982986 -0.513625614723
-0.087609282786 -0.714802846798
-0.092572858819 -0.836861335463
-0.088898231323 -0.942220242173
-0.165539413010 -0.440181247395
-0.220887472231 -0.590115048262
-0.248728931391 -0.694886841617
-0.262304186334 -0.797559447522
0.177542697983 -0.104678627459
0.293637508134 -0.270839586155
0.352732379535 -0.419490211723
0.407025652558 -0.524472942309
0.146386689851 -0.532519217521
0.190860890439 -0.720974502054
0.221842775925 -0.832744602820
0.246737365524 -0.929221405123
0.037736604114 -0.549107258086
0.046088347675 -0.764825763371
0.059218935920 -0.889678058119
0.071642509994 -1.000000000000
-0.064157909730 -0.515449168382
-0.085187101710 -0.717521472484
-0.089349833232 -0.838757977641
-0.085030897597 -0.943164584682
-0.164886638037 -0.441876263390
-0.219174791478 -0.592110460768
-0.246929748011 -0.697326900238
-0.260375645577 -0.800442007581
0.177714698815 -0.103170371608
0.296998173713 -0.268632536097
0.358055578175 -0.416830174103
0.411124787062 -0.521553607005
0.148862638831 -0.529139681296
0.193164819276 -0.715647344068
0.222574812593 -0.827761674073
0.245133509638 -0.924514561762
0.040076723649 -0.546447267839
0.050006117939 -0.762245961627
0.062768437913 -0.888355877336
0.073468024636 -1.000000000000
-0.061781211403 -0.513907333896
-0.082280585895 -0.715778442769
-0.086556066260 -0.836803093162
-0.083400829624 -0.941722428025
-0.162405099107 -0.441684015039
-0.215402683338 -0.593018216111
-0.242067690132 -0.698284717387
-0.255377768190 -0.801625794426
0.177123087541 -0.102451030309
0.295673370532 -0.266825907482
0.357381935483 -0.414207871310
0.412140743321 -0.518232878197
0.146871833720 -0.531635053314
0.191140199191 -0.718502916412
0.221090964243 -0.830965581259
0.244590051973 -0.927945340102
0.039667537153 -0.548402087303
0.048708067085 -0.763730663781
0.060840144433 -0.889389580056
0.070897003273 -1.000000000000
-0.061273101231 -0.515066037663
-0.082302984894 -0.717128154657
-0.087639309896 -0.837369000336
-0.085603746333 -0.941683043917
-0.160985290935 -0.442245370702
-0.214542713454 -0.592101495466
-0.241204681922 -0.696351313418
-0.254674543928 -0.799055357663
0.177232571742 -0.100867992816
0.297063649835 -0.264511433464
0.358914023819 -0.412451476267
0.411107994864 -0.517839264983
0.147256601891 -0.533108512131
0.193638582274 -0.721472142011
0.224422338141 -0.834290336328
0.249191356827 -0.932116274214
0.038938531690 -0.549583266761
0.049300204507 -0.765328133925
0.061073388525 -0.889849196705
0.070795906943 -1.000000000000
-0.062320611046 -0.516173120612
-0.080704600152 -0.718838780175
-0.085455085932 -0.838708601824
-0.083216931231 -0.942927998014
-0.161931209729 -0.443796299407
-0.212844929086 -0.595225233781
-0.238368132819 -0.699725435042
-0.251113905828 -0.802875611925
0.177259049908 -0.101813899585
0.296727445480 -0.264996448125
0.358625689306 -0.412637078968
0.413256149425 -0.518028401625
0.145675225745 -0.535036507239
0.191262279031 -0.719620023967
0.218139361639 -0.831789400821
0.238783159477 -0.928688115888
0.036713795809 -0.551461464086
0.048561094850 -0.765482333987
0.059273417098 -0.890337211218
0.067793344605 -1.000000000000
-0.064397673280 -0.517142961981
-0.082047311123 -0.719818622044
-0.086599392229 -0.839856649311
-0.084479355259 -0.944779232497
-0.163268737734 -0.442838646800
-0.213739369023 -0.595358111812
-0.238893010691 -0.700276236936
-0.251187544770 -0.804072816609
0.179461526078 -0.100990528358
0.301668543332 -0.266358982491
0.366379405387 -0.414349416282
0.424013725995 -0.519045685116
0.149616023650 -0.536792270555
0.196162713349 -0.722503921209
0.224548206914 -0.834465936253
0.247021777807 -0.931626967650
0.039897007247 -0.553733473004
0.050028240489 -0.768260767233
0.060952808743 -0.891487755985
0.070194036975 -1.000000000000
-0.060913431030 -0.519759549264
-0.078724978250 -0.723008219225
-0.082890888519 -0.841711592961
-0.080049168341 -0.945778133169
-0.158895484894 -0.446061210567
-0.209584332317 -0.599603301014
-0.235283498862 -0.705322159850
-0.247596875579 -0.810089514615
0.177903265474 -0.102626211422
0.297689970596 -0.265706285593
0.360893993226 -0.411711607247
0.418761083217 -0.516924762453
0.150350472791 -0.533390404809
0.196616963004 -0.717714938155
0.224813498672 -0.829670762404
0.246869392119 -0.927312070318
0.042428717094 -0.549689296524
0.055539308057 -0.763954505979
0.068227521073 -0.888716095319
0.078307697061 -1.000000000000
-0.058251158048 -0.515651557177
-0.074584112501 -0.718065713092
-0.076196434421 -0.838385535690
-0.071555179754 -0.944454036169
-0.157901625901 -0.441364146799
-0.208903036184 -0.594569675601
-0.233617305399 -0.700649121763
-0.244894152394 -0.806139638868
0.177864114456 -0.102314309090
0.296880220464 -0.263913521701
0.358127964780 -0.409759815755
0.414955823005 -0.515962533868
0.149952564657 -0.533145587073
0.194777055889 -0.716261045964
0.221912741778 -0.828262292079
0.243161991861 -0.926211337680
0.041719263431 -0.549339945441
0.054345516746 -0.762896100692
0.066751564655 -0.888009043857
0.076387323360 -1.000000000000
-0.059437052195 -0.515097490199
-0.076018656520 -0.717099550080
-0.078585432938 -0.836902181551
-0.075426811615 -0.942733560290
-0.159780059846 -0.440398379707
-0.211112729876 -0.592635432542
-0.236492431997 -0.697928431356
-0.249304304979 -0.802792595576
0.178529456004 -0.102353025530
0.298860561180 -0.265263452561
0.361816513097 -0.411419977167
0.418731408465 -0.517450858239
0.148776187722 -0.534115371025
0.195339631253 -0.718115484372
0.223937904112 -0.829973350553
0.246709678453 -0.927624060325
0.040267470515 -0.549213804817
0.053559649695 -0.762684677405
0.066753365743 -0.888095034667
0.077340556634 -1.000000000000
-0.060543891443 -0.513342713091
-0.076807081102 -0.715692432665
-0.077823598435 -0.836968368862
-0.072725040133 -0.943620039938
-0.159290275463 -0.437196136410
-0.210792446447 -0.590478586630
-0.235471772209 -0.696906268395
-0.246814953859 -0.802553357929
0.178195783544 -0.101646123551
0.297632628655 -0.265711971935
0.359015522142 -0.412925847975
0.415166336321 -0.518323268802
0.149204828537 -0.537004558883
0.194921826464 -0.721518251127
0.223678703595 -0.833623285042
0.247142816685 -0.931455906598
0.039892181356 -0.552783650397
0.050571776509 -0.766276051721
0.062872594685 -0.889807782688
0.073884751348 -1.000000000000
-0.061440194099 -0.517603569673
-0.078949976322 -0.720476945860
-0.081432371906 -0.840167384896
-0.076780353748 -0.945785705605
-0.160593253484 -0.442023804275
-0.211968443079 -0.596124766490
-0.237328810657 -0.702805170391
-0.248941562625 -0.809159236121
0.177685823398 -0.102105897412
0.296158424538 -0.266115558864
0.358085266890 -0.413465885881
0.417815031022 -0.519645821210
0.148552231768 -0.537171623142
0.194715327087 -0.721544043878
0.224148478645 -0.833670323935
0.248349209909 -0.932023662027
0.040041157850 -0.553069459177
0.051187295406 -0.766065672773
0.063983331847 -0.889386967159
0.075500554917 -1.000000000000
-0.060809920765 -0.518259662193
-0.078298241915 -0.721006614127
-0.080842182012 -0.839991018356
-0.076323299608 -0.944819798684
-0.160048266314 -0.442996046522
-0.210975114665 -0.596987859362
-0.235817171034 -0.702805556817
-0.247142952921 -0.807882028135
0.178936218517 -0.101292687202
0.298032184514 -0.265543063538
0.359402028579 -0.413860342515
0.415235526440 -0.522078872752
0.151555173000 -0.537017337709
0.196840632299 -0.722379993375
0.224520187766 -0.834968869002
0.246647595579 -0.932929597768
0.043550506192 -0.553347102921
0.054354860258 -0.766599055365
0.066081480678 -0.889889547025
0.076057747305 -1.000000000000
-0.057344425377 -0.519522816903
-0.075660821820 -0.722580946563
-0.078540005815 -0.841956114400
-0.074877276142 -0.946718679191
-0.156932416952 -0.445462721767
-0.208130995372 -0.599505019665
-0.233575619329 -0.705444405828
-0.246146414894 -0.810643013274
0.177134719691 -0.101625077067
0.297624715208 -0.263362817513
0.359116586732 -0.409986019892
0.409236859624 -0.515719272416
0.148036896451 -0.533586646064
0.192803407977 -0.717854744072
0.220256495739 -0.830894949311
0.241889503711 -0.929298411137
0.040628486424 -0.551262386708
0.052921961151 -0.764197219553
0.065281774783 -0.889095618430
0.075653596328 -1.000000000000
-0.059768777151 -0.518675760992
-0.076246468090 -0.720606635224
-0.078154899281 -0.839966307964
-0.073192417251 -0.944195644934
-0.159677056032 -0.446311549761
-0.210611998144 -0.596123312404
-0.235444956754 -0.700891016198
-0.246908937605 -0.804527896382
0.179032709523 -0.100839588378
0.298646743630 -0.264569564566
0.360139513823 -0.412415039352
0.413022002099 -0.519108869319
0.148812664198 -0.533456437976
0.193898945026 -0.718422351506
0.221190280574 -0.831120775180
0.242716844277 -0.928119878349
0.041735159335 -0.551062795349
0.052925949099 -0.765455035892
0.064672453341 -0.890237372108
0.074882425661 -1.000000000000
-0.058211392155 -0.518830153171
-0.074864789385 -0.722510331501
-0.077183787905 -0.841655730243
-0.072302032336 -0.944812742473
-0.157274870109 -0.446671530099
-0.207899456964 -0.599059605703
-0.233587036604 -0.705367055210
-0.245742038227 -0.810057349820
0.178855112894 -0.100584444285
0.299572735726 -0.263148489693
0.361571708838 -0.410304399805
0.414075021053 -0.517659999818
0.148990394378 -0.532671999474
0.194612144879 -0.719270569726
0.222834864947 -0.832258683031
0.245094915641 -0.929949296618
0.041771574953 -0.549734158201
0.053044752120 -0.765002841010
0.064524276840 -0.889610832678
0.074308766911 -1.000000000000
-0.058210156544 -0.517481691426
-0.073900204498 -0.721708168569
-0.076106257854 -0.841830339522
-0.071201442550 -0.946402313928
-0.157754167198 -0.445755311035
-0.207492938803 -0.598243597762
-0.232827252330 -0.704683720646
-0.244841673527 -0.809802803058
0.179749138151 -0.099762518337
0.302149788186 -0.262961262667
0.364861593505 -0.410749275059
0.415955937510 -0.518609341181
0.150035213619 -0.529799859501
0.194491434417 -0.720055707370
0.222260912676 -0.834217828948
0.244456556363 -0.932790508271
0.042163933289 -0.547431779143
0.053201869538 -0.765545829452
0.064499596841 -0.890212538366
0.074561122550 -1.000000000000
-0.058625301782 -0.515917586924
-0.074951698238 -0.721507072631
-0.078698677984 -0.843139836178
-0.074554583318 -0.948852582100
-0.158508050203 -0.445312900299
-0.208593803765 -0.597824302977
-0.235355093114 -0.704706323751
-0.248801474276 -0.810149283345
0.180245010936 -0.097808937458
0.302265165536 -0.259375762401
0.365528728911 -0.407380610291
0.421484074129 -0.515441355356
0.150557962354 -0.527078017553
0.196838059352 -0.713617477311
0.225289297655 -0.827038342739
0.247780474471 -0.925852623551
0.044192165020 -0.545406190366
0.057828393343 -0.761874899273
0.070502548780 -0.888114373643
0.080104515218 -1.000000000000
-0.055312860742 -0.513725192976
-0.070653218405 -0.718150397484
-0.071884637481 -0.839949423595
-0.067134894481 -0.946879547676
-0.154321224218 -0.441940897359
-0.204939317552 -0.593451551390
-0.231004991487 -0.700167903675
-0.244221660224 -0.806168945930
0.180865149721 -0.098246046995
0.303664405320 -0.259707447053
0.368014996133 -0.407771418063
0.422967510339 -0.516114885718
0.151150433358 -0.527326522790
0.197735998959 -0.713397245324
0.227557018352 -0.826938922628
0.251086789688 -0.925497683401
0.045996227524 -0.546441157833
0.060529036743 -0.762174527615
0.074435478426 -0.888404249233
0.084738213192 -1.000000000000
-0.053225175412 -0.515654979842
-0.068423147644 -0.719496296249
-0.070180110005 -0.841103715996
-0.066120769842 -0.947665240648
-0.152408865268 -0.444875277449
-0.203457676974 -0.595169048523
-0.229932543578 -0.701091644108
-0.243799847971 -0.805779962383
0.180778439064 -0.097623425351
0.304116420624 -0.257275769360
0.368427938615 -0.404882046814
0.420202315286 -0.513742619250
0.153277113288 -0.528182728672
0.203245273295 -0.718374985852
0.235466520315 -0.833506221718
0.261872772428 -0.934732926311
0.047828979447 -0.546100081362
0.063063544027 -0.762308495576
0.077569426204 -0.887893670227
0.088232300260 -1.000000000000
-0.051204858642 -0.514109152877
-0.065318268240 -0.717704018331
-0.065854928365 -0.839156314932
-0.061218774847 -0.946710785664
-0.149609043611 -0.442781162512
-0.201250451120 -0.592467311154
-0.228164890304 -0.697879768258
-0.242687970206 -0.803232517367
0.179816356341 -0.099035403110
0.302003561765 -0.258927098575
0.366141055446 -0.406623242834
0.418585646521 -0.516109482733
0.153362253377 -0.528353619406
0.202698857162 -0.718076107852
0.235971006736 -0.832996777748
0.263705667525 -0.934587750808
0.048969418542 -0.546030860240
0.064090276818 -0.761390565703
0.079566459096 -0.886680084410
0.091807715997 -1.000000000000
-0.050160674908 -0.514153489961
-0.064980383118 -0.716703953305
-0.065234829548 -0.838411491284
-0.059866135346 -0.947035766817
-0.149462870402 -0.442587608986
-0.202679126444 -0.591724380799
-0.229848781580 -0.696781944100
-0.244096698140 -0.802404570079
0.180609363452 -0.099026373370
0.302382259250 -0.259225071391
0.366629297799 -0.406954789797
0.422801002011 -0.514979783666
0.153795138559 -0.526515816811
0.203441546319 -0.714813617804
0.236513770621 -0.829139697770
0.263850906041 -0.930299930792
0.049113238497 -0.543988408997
0.064926109822 -0.759341486663
0.080727525558 -0.885649170836
0.092566219886 -1.000000000000
-0.050303650723 -0.511544047781
-0.065113445724 -0.714355137833
-0.065502650736 -0.836900601876
-0.060816973465 -0.946378318129
-0.149839826236 -0.439181494849
-0.202721098147 -0.588875248096
-0.229668002682 -0.693993600345
-0.244087794768 -0.799653784787
0.181232084440 -0.098391899044
0.304567869648 -0.259545696275
0.369699752095 -0.408450354835
0.427137212246 -0.514897599931
0.156665887963 -0.526815183741
0.205159692795 -0.714644006654
0.236087819154 -0.829006739135
0.261057766648 -0.928918435708
0.050188988837 -0.545148901579
0.066991532263 -0.760083703061
0.082041123353 -0.886842019498
0.092732655608 -1.000000000000
-0.050638133331 -0.513349402966
-0.064811504874 -0.716196822805
-0.066362524675 -0.838389887132
-0.063058609564 -0.946288369071
-0.150951328357 -0.441770591922
-0.202354991867 -0.592753883901
-0.229025483903 -0.698878513115
-0.243494711418 -0.804776289003
0.182001407672 -0.098862241771
0.306192509732 -0.257197079884
0.374302387283 -0.402752550253
0.431366168628 -0.508458966871
0.154811253833 -0.526855995289
0.203637384475 -0.713357130148
0.235203833009 -0.827159848739
0.260412909619 -0.926176366871
0.049234113508 -0.545494272939
0.066528003233 -0.760039968182
0.082275936641 -0.887149364959
0.092960230265 -1.000000000000
-0.051306297028 -0.513801598291
-0.066394023393 -0.716314207754
-0.068340493914 -0.838815923800
-0.065857932994 -0.947387955403
-0.151217971531 -0.441548522460
-0.203271248928 -0.592805633208
-0.230671209495 -0.699220446852
-0.246142859368 -0.805356382883
0.182031242806 -0.097673750751
0.307231434502 -0.255146589444
0.376872249301 -0.399563077607
0.434491877329 -0.501014790386
0.155158429199 -0.525638577158
0.205753107537 -0.709976302131
0.238363028859 -0.823039300514
0.264293045589 -0.921731449510
0.049248996763 -0.545851980520
0.069044941669 -0.759718600665
0.086203662656 -0.886816383847
0.097962123288 -1.000000000000
-0.051574592754 -0.515101664982
-0.065308822265 -0.718221732863
-0.067039057485 -0.840237387726
-0.064050583236 -0.948229401591
-0.152086155843 -0.443647954432
-0.202804597263 -0.594844655627
-0.229067077840 -0.701526013325
-0.243138553212 -0.807914899616
0.181248610591 -0.097035344695
0.305899645685 -0.253811395029
0.376448346050 -0.396093229639
0.437363893743 -0.493948888863
0.154338502829 -0.524479668739
0.205308893135 -0.708189350999
0.238368983259 -0.821410687391
0.264641590419 -0.920763269070
0.048062160265 -0.544982579523
0.068502368405 -0.759038093052
0.086322784361 -0.886409791039
0.098540151231 -1.000000000000
-0.052636578591 -0.514311252368
-0.066725859898 -0.717171013806
-0.068330000174 -0.839309332224
-0.065399797168 -0.947755647369
-0.152845878196 -0.442290676451
-0.203470393543 -0.594049376753
-0.229993298957 -0.701018323104
-0.244507922214 -0.807559565128
0.178633227516 -0.097710945838
0.300637482322 -0.256470011917
0.371684400045 -0.397236390090
0.437082976846 -0.490412879608
0.149222071915 -0.526506149674
0.200038561259 -0.709786102623
0.233011249950 -0.823033352364
0.259324607535 -0.922211225417
0.044138465657 -0.546367300166
0.064480651802 -0.759425555990
0.082470015951 -0.886734341761
0.095520732245 -1.000000000000
-0.055648663354 -0.514705790862
-0.070617045196 -0.716989194638
-0.071941207120 -0.839999255138
-0.068019060636 -0.948959199694
-0.154850583929 -0.441649023058
-0.206170466161 -0.594094911661
-0.231839469485 -0.700917382404
-0.244725191090 -0.807136548701
0.176636285558 -0.094490805279
0.299108383511 -0.246235072639
0.371820048040 -0.382846035582
0.436958873867 -0.474028967445
0.154602141289 -0.526405187190
0.205294977764 -0.711202171142
0.238040355678 -0.824681337399
0.264107407459 -0.923490757573
0.047557756232 -0.548398040548
0.065692609803 -0.762423459832
0.082829794967 -0.889099701132
0.095626776804 -1.000000000000
-0.053408321056 -0.518193410939
-0.070281987343 -0.719480212874
-0.074230941434 -0.841279040387
-0.072976212106 -0.948690371621
-0.152992281557 -0.446302563990
-0.205270288943 -0.596712091955
-0.233694494497 -0.701674857912
-0.249605182458 -0.806254304202
