0.181640380647 -0.093077942036
0.333460517822 -0.250583368567
0.451183506950 -0.362714680044
0.562819054067 -0.412941785009
0.154362212458 -0.539332030179
0.204696594649 -0.716777009265
0.225611761643 -0.824961450040
0.241641302926 -0.916867141163
0.034980159840 -0.562376510283
0.042970050006 -0.770578945436
0.047156600691 -0.895121664007
0.050784191189 -1.000000000000
-0.075089214737 -0.528185029776
-0.104517540281 -0.716574534673
-0.116190605597 -0.832842131356
-0.119443864597 -0.933532633719
-0.176085375028 -0.451840432204
-0.251422616095 -0.595724707033
-0.294979735747 -0.694446682390
-0.325370039039 -0.792746410433
0.180391262216 -0.093441870714
0.330868356699 -0.251825858438
0.446898620651 -0.365396103959
0.555737298697 -0.419891833908
0.155169284598 -0.542743922857
0.203051232310 -0.719499438224
0.221397795975 -0.827777046539
0.234733633777 -0.918870890802
0.035861013946 -0.565520929615
0.043141732207 -0.771137902514
0.046497225251 -0.895783938672
0.049413571364 -1.000000000000
-0.074864318185 -0.531912266088
-0.105181080510 -0.719286610222
-0.117921876240 -0.835190483224
-0.122279964153 -0.935256052583
-0.176862405010 -0.456980377967
-0.252366072005 -0.601165339252
-0.296756608478 -0.699666134179
-0.327740969843 -0.797520921313
0.179904225267 -0.094021383629
0.331693889582 -0.248732961181
0.450804963606 -0.359885057907
0.560416723418 -0.415263136843
0.158018826449 -0.539917929539
0.207070015690 -0.717417671786
0.225894395386 -0.825351612324
0.238699148193 -0.915528130538
0.039816983665 -0.562361102443
0.048297184193 -0.770374084203
0.051184759167 -0.895196329811
0.052277089499 -1.000000000000
-0.070604469526 -0.528953018014
-0.099617802197 -0.716409592323
-0.111937394133 -0.832335540982
-0.116952389753 -0.931871577883
-0.173276624338 -0.453495330628
-0.246968520404 -0.596785886819
-0.290343810210 -0.693351649564
-0.321569848855 -0.788615245017
0.183559123201 -0.095256254757
0.336347603350 -0.252227964719
0.454022716598 -0.366837056000
0.564335848190 -0.426152143296
0.159773523085 -0.543044922740
0.208375034017 -0.722385843918
0.225349039517 -0.830801048405
0.236891367870 -0.921764327499
0.039048475663 -0.565734159946
0.047606489585 -0.772365513619
0.049483744741 -0.896505411337
0.050720544282 -1.000000000000
-0.072449963000 -0.533686670857
-0.100323823055 -0.720227571346
-0.112440064682 -0.835333567846
-0.116594751637 -0.933680106000
-0.175054850581 -0.461282088119
-0.245568108551 -0.606402024778
-0.285645395692 -0.703768807690
-0.312758458827 -0.799561668187
0.182992970800 -0.096768478869
0.335888400977 -0.255609282197
0.454997782676 -0.368862878441
0.567687905791 -0.423313206407
0.158828421523 -0.541636155909
0.206411379254 -0.720991314987
0.224223283479 -0.829761399161
0.237066014501 -0.921409135954
0.039106241512 -0.563152961611
0.046047383059 -0.771074848875
0.048171858294 -0.895676282480
0.049800022310 -1.000000000000
-0.071370915430 -0.529598184464
-0.099610319498 -0.717791570935
-0.111320793653 -0.833438015863
-0.114967682480 -0.933442648217
-0.172410251037 -0.455559322049
-0.239750528283 -0.603203683717
-0.278709169448 -0.702388779141
-0.305404628861 -0.800929804259
0.183328299085 -0.095148414074
0.335855356224 -0.256083155521
0.452845404896 -0.371879536983
0.562931819336 -0.427916597579
0.157821057519 -0.539181291201
0.205605380300 -0.718466645239
0.224911822853 -0.827092637831
0.239066042362 -0.918987780695
0.039617429414 -0.561356563608
0.046563712113 -0.770527326977
0.049905738242 -0.894984661248
0.052841624167 -1.000000000000
-0.069605238292 -0.527923306068
-0.095836408778 -0.716038232853
-0.104057707757 -0.831986808829
-0.104318555005 -0.932584659657
-0.170369965658 -0.453575961618
-0.237004046590 -0.600429187666
-0.275189813056 -0.701425138886
-0.300662417150 -0.801830120665
0.184410159544 -0.093973879843
0.337400249990 -0.256732955364
0.453712976426 -0.374302725621
0.563666061688 -0.429034347270
0.158663064765 -0.539309428365
0.207349226900 -0.718513474388
0.227185923370 -0.827531136813
0.241439321086 -0.919048007079
0.039786655197 -0.561599804017
0.045827039824 -0.770557813448
0.047684794597 -0.895451467887
0.049234768987 -1.000000000000
-0.070171447283 -0.527907973147
-0.096647538090 -0.715279704289
-0.105904651575 -0.830796178022
-0.107135542426 -0.931041450786
-0.171562390275 -0.453700116201
-0.239126441192 -0.599563104104
-0.277738029300 -0.698962240330
-0.303720991000 -0.797781628349
0.185289032777 -0.094550713856
0.337226338178 -0.257072741649
0.451862016176 -0.374141931274
0.559168315496 -0.429465658298
0.159691935576 -0.540379189884
0.208335543082 -0.718633505983
0.229373361031 -0.826894733787
0.245233357335 -0.918142991435
0.041198507862 -0.562651470452
0.045576829032 -0.770968053277
0.048070880936 -0.895248566602
0.050603890694 -1.000000000000
-0.068232723448 -0.528661664127
-0.094914013142 -0.716083120790
-0.103038281899 -0.831226317057
-0.103016324883 -0.931938740099
-0.169344781468 -0.453700584882
-0.238548627421 -0.598581619998
-0.278089092436 -0.698129629640
-0.304597492241 -0.797708154347
0.184308860784 -0.094528357431
0.336576821695 -0.256502514120
0.451574099284 -0.373479043656
0.557994474405 -0.429297353460
0.158025014842 -0.538692094101
0.206595026267 -0.719008877251
0.228074673011 -0.827557360865
0.243982432709 -0.918435038506
0.039855242014 -0.560737986250
0.042779542188 -0.771495695453
0.044849562780 -0.896062396516
0.046646499665 -1.000000000000
-0.069075602000 -0.526986395549
-0.096365594328 -0.716196979253
-0.104637956610 -0.830664768274
-0.105158486420 -0.929854128794
-0.169409091075 -0.452863353968
-0.237986228890 -0.599328516546
-0.277257912914 -0.700447783824
-0.303727703511 -0.801365176564
0.185384023962 -0.096696372411
0.338062546119 -0.260401772385
0.454080501817 -0.377275695110
0.562053571062 -0.432959075594
0.159400369859 -0.540628566934
0.209345629808 -0.719477603557
0.230067650823 -0.828165763902
0.244888690957 -0.919614986740
0.040996809553 -0.562144100222
0.043989397204 -0.771795078781
0.045052942066 -0.896465479862
0.045591913062 -1.000000000000
-0.068171855040 -0.528054083917
-0.095446759028 -0.716829409676
-0.102209264228 -0.831722186395
-0.101639598549 -0.930663215502
-0.169028940724 -0.453791666575
-0.236895058290 -0.600294193854
-0.276275876270 -0.701743822259
-0.303345909083 -0.802242592147
0.185374526434 -0.097230849758
0.336463498181 -0.259208130992
0.450947063509 -0.375178592148
0.555541245771 -0.432279719397
0.156599043451 -0.542742982301
0.206779148471 -0.721247633929
0.229433549181 -0.829436761699
0.245805437155 -0.920317946177
0.039331736499 -0.563548805935
0.040188427108 -0.773731355687
0.042031343486 -0.897686806051
0.043099175256 -1.000000000000
-0.068740125746 -0.527798653398
-0.096835347996 -0.717485453587
-0.102040776450 -0.832512244779
-0.100318487535 -0.931182693367
-0.168478463573 -0.450941661421
-0.237346228001 -0.596471913944
-0.276516160488 -0.699013504127
-0.303560619265 -0.800140753112
0.185414668500 -0.097345371766
0.336783193407 -0.260912807517
0.451680140226 -0.378496066057
0.559105498977 -0.434401159473
0.159371229599 -0.543694329087
0.208567263800 -0.722003611185
0.227363634464 -0.830818663836
0.240091996269 -0.921649945065
0.041623185334 -0.565369711405
0.043985899017 -0.774095485975
0.043372935180 -0.897952204242
0.041946209006 -1.000000000000
-0.067065664656 -0.531764882247
-0.093913101664 -0.720110054349
-0.100050551424 -0.835216659268
-0.099630459828 -0.934117128102
-0.168330886173 -0.457727873952
-0.237345088891 -0.603100674012
-0.276652601151 -0.703510405473
-0.304020213103 -0.802738866248
0.186214927542 -0.097186917384
0.337162335414 -0.258997896929
0.450410682615 -0.377010269086
0.555862185275 -0.436218180718
0.159958790433 -0.543400487478
0.208754934867 -0.722262435486
0.229335011341 -0.830749380335
0.244584007113 -0.922159259659
0.042530728752 -0.565187449128
0.044877486551 -0.773760836729
0.046599405325 -0.897404283977
0.048089273790 -1.000000000000
-0.065626269563 -0.531568329329
-0.093667382595 -0.719223912096
-0.100394204635 -0.832784435180
-0.099760881557 -0.930687753436
-0.165364278572 -0.457410542112
-0.234329768139 -0.602780459140
-0.273602448635 -0.704093119817
-0.300187572089 -0.804388339059
0.185755628557 -0.097143602055
0.337010293209 -0.259505117645
0.450830875603 -0.377836622300
0.557649124411 -0.438392331071
0.161199702693 -0.541801456910
0.209418611663 -0.720923859955
0.230563204588 -0.829013444339
0.246039080481 -0.919969359481
0.044004409723 -0.563779954818
0.047956812246 -0.772814060370
0.050977525780 -0.896396152826
0.053921206067 -1.000000000000
-0.064030872537 -0.530431074201
-0.090340711104 -0.719380683695
-0.095955355617 -0.835094579118
-0.093861279712 -0.935523344905
-0.164012966039 -0.456631817733
-0.231506431343 -0.603622789775
-0.269783000157 -0.706093568014
-0.294682963848 -0.807821365756
0.184332939519 -0.096789334034
0.334258802332 -0.258434970199
0.446382411740 -0.377656580143
0.551380418252 -0.441817251051
0.160772758140 -0.543115564484
0.209944197560 -0.720959033585
0.232041827143 -0.828149446024
0.248125186391 -0.918486203745
0.043541993691 -0.565139233523
0.047611747990 -0.773689353826
0.050779097492 -0.896607080893
0.053672089281 -1.000000000000
-0.064900190175 -0.531351185025
-0.090259838756 -0.720226479535
-0.094628135148 -0.836485344998
-0.091847103824 -0.937319731946
-0.165660587857 -0.456580005303
-0.232243344492 -0.604354635952
-0.269705235783 -0.707215943906
-0.294138783470 -0.809104764061
0.182732150097 -0.096393417000
0.332712773008 -0.258477232752
0.444564654697 -0.379103917775
0.548708391043 -0.445128007566
0.162159843716 -0.541370803127
0.210506456409 -0.717628999946
0.231333470815 -0.824011200382
0.245557643025 -0.912826637651
0.044968044729 -0.563938542322
0.052247794013 -0.771608452772
0.056595331206 -0.895170706592
0.059574996222 -1.000000000000
-0.063267774850 -0.531095150403
-0.088766004747 -0.720311912038
-0.094762229858 -0.837771372494
-0.094446240426 -0.940009632886
-0.163862870111 -0.457486023191
-0.229789672797 -0.605156141929
-0.268369847987 -0.707581818426
-0.294485539711 -0.809693040394
0.182964024580 -0.096010947920
0.332175687764 -0.259304870180
0.441826945334 -0.383348456389
0.548278468430 -0.451915239075
0.163727905018 -0.539398185070
0.214599258518 -0.715815701243
0.236602333394 -0.823264476254
0.251796487018 -0.913497770788
0.046138236204 -0.562246758315
0.055397967907 -0.770414910471
0.059832421157 -0.894562650823
0.062556104286 -1.000000000000
-0.062392529696 -0.529344107878
-0.086906422941 -0.718487128194
-0.093549305094 -0.836510278269
-0.094137692178 -0.939101936816
-0.163594706929 -0.455194783507
-0.230122051490 -0.601733945099
-0.268659428147 -0.702367050117
-0.295236057720 -0.802253795920
0.181741834541 -0.096204510296
0.328480021884 -0.257157463598
0.435443749776 -0.380851639023
0.539713000127 -0.451558573541
0.160903373633 -0.537594213537
0.211415896307 -0.714468337914
0.232940228388 -0.821936092379
0.247576994049 -0.912680713171
0.043094236238 -0.560245395317
0.052298993802 -0.768398852065
0.056948891205 -0.893508967880
0.059808939649 -1.000000000000
-0.065109784903 -0.527401297671
-0.091205408283 -0.716444454139
-0.097988147482 -0.833920188297
-0.098641270884 -0.935452337478
-0.165793096941 -0.453535033275
-0.233656042018 -0.599662949852
-0.272517084805 -0.701376084863
-0.298671991958 -0.802792385937
0.180277276901 -0.098165099860
0.326063514559 -0.260107178692
0.432350286014 -0.384114435850
0.535122245669 -0.452785418264
0.158216948158 -0.536355267548
0.211560118260 -0.714242811585
0.235475832322 -0.822330854143
0.252253837095 -0.914144378240
0.041551038748 -0.558748275243
0.052526389459 -0.767865988136
0.058206911834 -0.893136100650
0.061185520418 -1.000000000000
-0.066110870421 -0.525636541835
-0.090597731408 -0.714479538082
-0.096688956556 -0.832713417952
-0.097174228746 -0.935004102246
-0.166926439168 -0.451224856214
-0.232730010504 -0.598463170551
-0.270043724886 -0.700577252082
-0.295194316497 -0.802123241408
0.182269668770 -0.097040984547
0.328472066975 -0.259819559270
0.433855695384 -0.385783454526
0.535522128057 -0.456774980213
0.161136202981 -0.536080146600
0.213185156553 -0.714025492495
0.235418746189 -0.822738581160
0.250637848532 -0.914864128745
0.044116973942 -0.558533726784
0.055298049120 -0.767674154359
0.060232065787 -0.893082326800
0.062311452715 -1.000000000000
-0.063416139498 -0.525386193349
-0.087247441141 -0.715197724989
-0.093244165581 -0.834269476671
-0.094211279846 -0.937526677133
-0.163817041898 -0.451252230741
-0.228908919607 -0.598631239006
-0.266459258415 -0.700914266912
-0.292203970193 -0.803065026713
0.179430179014 -0.098033071471
0.323185970599 -0.259888091907
0.426656720574 -0.384915576277
0.527645056444 -0.456073481809
0.156073240690 -0.536370686666
0.206296213815 -0.714187978494
0.228483852802 -0.822434385173
0.243840715452 -0.913875830529
0.039768333318 -0.558076030338
0.048553401544 -0.767077044280
0.053472231645 -0.892988351507
0.056147997605 -1.000000000000
-0.067239477244 -0.524487851213
-0.093426383628 -0.713865891855
-0.100563395518 -0.832363898920
-0.101708953896 -0.934617525220
-0.166951964805 -0.450044019934
-0.234633959842 -0.597110277200
-0.273501848777 -0.699871109702
-0.299523281813 -0.801926904182
0.180589976465 -0.097831814452
0.324587685494 -0.260465508048
0.428114782313 -0.386907945124
0.528697434362 -0.457351712474
0.158689551967 -0.537796174916
0.210705876357 -0.714895703666
0.233949432828 -0.823251515813
0.250230584121 -0.915427617039
0.042457717023 -0.559885740478
0.053963319577 -0.767807254986
0.059337156008 -0.893084507440
0.061558205190 -1.000000000000
-0.064358482879 -0.525852552493
-0.088403890503 -0.714993332201
-0.094929755031 -0.834029825603
-0.096720408018 -0.937414860386
-0.164210912171 -0.449772017315
-0.229452432637 -0.595150379307
-0.266188497347 -0.695856347120
-0.291618512003 -0.796410069035
0.182469350731 -0.098283073339
0.327402979706 -0.262725348067
0.431336482424 -0.390306437554
0.533278830167 -0.464224561250
0.160241815343 -0.538126528895
0.209942103493 -0.716514467829
0.230328646853 -0.825401894600
0.244252256768 -0.917763475921
0.043212792948 -0.559655022998
0.051964072931 -0.767927724836
0.055527636265 -0.893375403463
0.056863032216 -1.000000000000
-0.063795089523 -0.526025218998
-0.088699400536 -0.715343880699
-0.095197381500 -0.832534107433
-0.096306079841 -0.934273208061
-0.163039519155 -0.451892792546
-0.228961622653 -0.597749111567
-0.267021774966 -0.700395173598
-0.292844872359 -0.803801211157
0.179722279737 -0.098281917259
0.323756874716 -0.260456142445
0.427165439033 -0.388069953650
0.526632445326 -0.463037976934
0.156465320644 -0.536796689638
0.209212782069 -0.715528621576
0.234368083502 -0.824133106574
0.253334295356 -0.917430827965
0.041134797124 -0.558286615669
0.051409235225 -0.767206473753
0.057940048082 -0.892626154791
0.062015878962 -1.000000000000
-0.064900237719 -0.523889568897
-0.088885040038 -0.714104779333
-0.093955892051 -0.834089230810
-0.093493004048 -0.938666342269
-0.163737882744 -0.448312359469
-0.229536198417 -0.595856713537
-0.266603542467 -0.698752194258
-0.291306157442 -0.801376550386
0.179967313434 -0.096576219306
0.323264538538 -0.261030779480
0.425615475251 -0.390864872770
0.525086289321 -0.465742442870
0.156888421014 -0.536141912612
0.209207924843 -0.715034713514
0.231798113550 -0.824141492410
0.247958423351 -0.917274240422
0.040104578395 -0.557472799646
0.050749590680 -0.767341305940
0.055322327369 -0.893066763647
0.057602509591 -1.000000000000
-0.066322105293 -0.522630568766
-0.089474777162 -0.713684975264
-0.094812152701 -0.833709012608
-0.094510678525 -0.937745951594
-0.165538266761 -0.446215207953
-0.228214702507 -0.593748026045
-0.263400433471 -0.696556537219
-0.286437016216 -0.799255273088
0.182820504351 -0.097645881199
0.326629138248 -0.263528908585
0.428359052820 -0.395319753771
0.526663826666 -0.475587146307
0.158378790938 -0.537823088388
0.210433665382 -0.717408948863
0.233663100320 -0.826202684107
0.250560593662 -0.919428005472
0.041675421065 -0.557476216697
0.050695317756 -0.767510698528
0.054512632838 -0.893215037429
0.056174578089 -1.000000000000
-0.064655930284 -0.522016730805
-0.086422288126 -0.712645307410
-0.091586276599 -0.831480054103
-0.091283263735 -0.934882597981
-0.163751295850 -0.446519960540
-0.222180223811 -0.594609991967
-0.254202253226 -0.698275040106
-0.274447899665 -0.802159728586
0.181429508090 -0.095501973526
0.324405042950 -0.259246671600
0.424849741186 -0.390620530809
0.523040283033 -0.472870433665
0.156178011356 -0.536699589964
0.205542304330 -0.716103072022
0.228176162954 -0.824226905572
0.244401462826 -0.916901712007
0.038746695656 -0.556636106571
0.046585480916 -0.767156030995
0.050713562190 -0.892337127359
0.053425432081 -1.000000000000
-0.067933822057 -0.521336277307
-0.089159160527 -0.712567713782
-0.094090148993 -0.832610813712
-0.093125612076 -0.937612393405
-0.166910692228 -0.445596827728
-0.223280895968 -0.595502614462
-0.254064635767 -0.699404946810
-0.272643137948 -0.803117733125
0.183421939817 -0.093752704419
0.326989508614 -0.260186283678
0.425212281998 -0.394483358694
0.521387065209 -0.475475535206
0.157505753610 -0.537007028024
0.207254194226 -0.717288340902
0.229747281897 -0.826433685890
0.246188641636 -0.919669274496
0.040130871304 -0.557525146164
0.048621113359 -0.767964922794
0.051979778571 -0.893396942047
0.053585209055 -1.000000000000
-0.066709134085 -0.522951066146
-0.086421409152 -0.714482420344
-0.092418655950 -0.834864413846
-0.092578800910 -0.940397156375
-0.165683041930 -0.448373104774
-0.220018589270 -0.601046984646
-0.249380991530 -0.705425344177
-0.266878278669 -0.809326339787
0.181663478793 -0.094307875202
0.323793519204 -0.260144967494
0.422715409158 -0.393129278179
0.521709343377 -0.475396187353
0.157792395529 -0.536022118499
0.205560357086 -0.715639125388
0.227096081170 -0.823996782894
0.242736561649 -0.916660906819
0.040777167854 -0.555936335255
0.048061024902 -0.766643823294
0.051836701218 -0.892353040991
0.054711824217 -1.000000000000
-0.066236009002 -0.521160261531
-0.087150322888 -0.712962479227
-0.092828979158 -0.832778200451
-0.092078934720 -0.938302566654
-0.165591357711 -0.446437205113
-0.220330795108 -0.598581227963
-0.249221681881 -0.702513617602
-0.265816180705 -0.806512909545
0.181003814112 -0.094912783756
0.323258404350 -0.259754641412
0.423027328780 -0.392298343352
0.521409344914 -0.473849625753
0.155312179457 -0.533733650152
0.203897410180 -0.713933959239
0.225817805100 -0.822718612045
0.241447986390 -0.915936794236
0.039125119689 -0.553954667340
0.047380328555 -0.765550095182
0.050921231888 -0.891898850990
0.052452676133 -1.000000000000
-0.066871189016 -0.519575552159
-0.087751800729 -0.711107149924
-0.093404566472 -0.831462837999
-0.093788991160 -0.937052916533
-0.165560471976 -0.445060674395
-0.221344298051 -0.595461104932
-0.251420085607 -0.699184213399
-0.270040375680 -0.802828259223
0.181234609220 -0.094101160734
0.324167977981 -0.258703526402
0.424395026465 -0.390992435289
0.522454422996 -0.473871228104
0.156067079971 -0.535347580478
0.205317290551 -0.715230189181
0.227746526942 -0.823708579690
0.244132567700 -0.916672234120
0.040068745452 -0.555105887002
0.047770609282 -0.766353760884
0.051390099783 -0.892284318666
0.053376300306 -1.000000000000
-0.065765356644 -0.519777276317
-0.086747353224 -0.712465751646
-0.091418421763 -0.833359669623
-0.090499866473 -0.939074729702
-0.164301432216 -0.444197531968
-0.220559551419 -0.594430034356
-0.251265976444 -0.698882868659
-0.270176042947 -0.803353842426
0.181964340228 -0.095463310897
0.323975307401 -0.260895547614
0.422755120901 -0.393426521692
0.521517346393 -0.475882904886
0.156417758481 -0.534768406996
0.205321328440 -0.714357997352
0.227031284797 -0.822809385580
0.242674683281 -0.915922740022
0.039114992425 -0.554362923129
0.046265765894 -0.765411701299
0.049567942780 -0.891667160620
0.051637370506 -1.000000000000
-0.067365248164 -0.519054940157
-0.089073502456 -0.710961143083
-0.094065035887 -0.830876749580
-0.093074774296 -0.935977579715
-0.166065064595 -0.443764932698
-0.223514307270 -0.592888405238
-0.254813472579 -0.696941614182
-0.273940573213 -0.801462295360
0.182314865365 -0.094244042462
0.325307971914 -0.259899594490
0.424516511892 -0.393281484488
0.521861243467 -0.474452951938
0.157671662190 -0.534387903719
0.206792238984 -0.715142432743
0.229172757184 -0.824269195360
0.245389934066 -0.917703434928
0.041200214267 -0.554601936255
0.048077400449 -0.766805634787
0.051072097167 -0.892855825961
0.052171534071 -1.000000000000
-0.065128493920 -0.519913470012
-0.085719971786 -0.712535343453
-0.090271343083 -0.833910912400
-0.089621139073 -0.939654164475
-0.164696681362 -0.444947496722
-0.221896126716 -0.594178343642
-0.252426421082 -0.697768266848
-0.271600683563 -0.801211975051
0.182761044373 -0.095240599697
0.326141529849 -0.260913797834
0.425388309966 -0.394225457247
0.523816322786 -0.476511996762
0.157466431209 -0.534031791618
0.206643386239 -0.714468543848
0.229312522733 -0.823595867078
0.246209542998 -0.918138045428
0.039829039706 -0.554204562997
0.048258001258 -0.765297098221
0.052853622530 -0.891199533016
0.055836144934 -1.000000000000
-0.066996566013 -0.519331656758
-0.088482729241 -0.710205901961
-0.093905357763 -0.829457116878
-0.093488472915 -0.934466579897
-0.166336713334 -0.444004866574
-0.225805257324 -0.592029020777
-0.258645679447 -0.695694788806
-0.279300687033 -0.800304599846
0.181698470280 -0.093488373739
0.324847448556 -0.258292401137
0.424188664237 -0.391569823961
0.522309704237 -0.473255862579
0.156441493015 -0.534046818956
0.205648595514 -0.715523568287
0.226745619445 -0.825217719983
0.241709424750 -0.919108456712
0.039092455405 -0.554353553491
0.047011888912 -0.766451452128
0.049489297964 -0.892466050330
0.050164577788 -1.000000000000
-0.067197304974 -0.519738741563
-0.087987693550 -0.711697006303
-0.093092106511 -0.832305259446
-0.092928245579 -0.937659952503
-0.165922464934 -0.444869812191
-0.224701421639 -0.592810486520
-0.257041590340 -0.696099738961
-0.277736180234 -0.799727966982
0.181682526494 -0.094986378543
0.325022630022 -0.259119553217
0.425329644155 -0.391244837063
0.522349892300 -0.473270620934
0.155756226071 -0.534813150369
0.206147852734 -0.714639261163
0.229263342414 -0.823473432898
0.246555606846 -0.917361141931
0.039348397337 -0.555399904201
0.047296583012 -0.765847056516
0.051119331055 -0.891868644530
0.053183128877 -1.000000000000
-0.066463364891 -0.520624022133
-0.088861145183 -0.710878527572
-0.093853876515 -0.830006246593
-0.093074379833 -0.933717113067
-0.165093774002 -0.445191873824
-0.226404771456 -0.591033170151
-0.260798713779 -0.694522897176
-0.282974218826 -0.798485101070
0.182201976423 -0.094826574133
0.325867339258 -0.260106780499
0.425356094212 -0.393279477708
0.521325412843 -0.474709278217
0.157693067134 -0.534272952252
0.207394779275 -0.714516096158
0.230219429042 -0.824152336014
0.246980835307 -0.918431522966
0.040968310790 -0.554707293598
0.048931239719 -0.765718328871
0.052603352131 -0.891889882754
0.054296575912 -1.000000000000
-0.064977888137 -0.520100458143
-0.086965173952 -0.711261389166
-0.091915828044 -0.831270922486
-0.091449005725 -0.935538308529
-0.163926858508 -0.445092755192
-0.225029917152 -0.591987832890
-0.259845710628 -0.695369204016
-0.282802753429 -0.798850869886
0.181707019163 -0.095654245334
0.322958494543 -0.260806549368
0.420226054427 -0.394420959253
0.516367545443 -0.476833133000
0.156382051235 -0.533249708653
0.205213678516 -0.713544876319
0.226516673299 -0.822884909118
0.241654876050 -0.916571288091
0.039560259147 -0.553739196078
0.047763579322 -0.764754739353
0.051220710176 -0.891305922946
0.052632250947 -1.000000000000
-0.066494841167 -0.519491380929
-0.088947689435 -0.710486575646
-0.093859749625 -0.830539813077
-0.093670489606 -0.934866517451
-0.164922649713 -0.445041432690
-0.226302781230 -0.591876135136
-0.261064197225 -0.694954909789
-0.283907090618 -0.797724540912
0.181297242563 -0.096989053862
0.322668164981 -0.262496046880
0.420814608821 -0.396306900795
0.516152321005 -0.478613490642
0.156855428700 -0.537550616368
0.207189237079 -0.717230468302
0.229991672024 -0.826330162424
0.246344510666 -0.920259973686
0.040289558186 -0.557719320982
0.049424016429 -0.767218897937
0.053778291451 -0.892932193421
0.055347251284 -1.000000000000
-0.065424363717 -0.522766002260
-0.087817180178 -0.713908935821
-0.093496521785 -0.832807572851
-0.094766497456 -0.936070415691
-0.163810515252 -0.447539160541
-0.225183094923 -0.593912015596
-0.259602557796 -0.696419550120
-0.282927508006 -0.799203415920
0.181663267121 -0.097594208774
0.322841072388 -0.263023033322
0.420328220880 -0.397171404035
0.515932374587 -0.483786366068
0.157566111667 -0.539181668001
0.207375144867 -0.717589997302
0.230634245546 -0.826242137036
0.247902944710 -0.920677106542
0.041548264085 -0.559424201087
0.050908520818 -0.767484017374
0.055921700496 -0.892443928060
0.058294210615 -1.000000000000
-0.064308240006 -0.524572178930
-0.085341176432 -0.715143876174
-0.089786439184 -0.834638243575
-0.090213323689 -0.938626689882
-0.163747345026 -0.449084590073
-0.225550351817 -0.595302085721
-0.260438776731 -0.698329151609
-0.284244455762 -0.801721234272
