0.183257867651 -0.085621532318
0.319761561592 -0.239802747837
0.403770797315 -0.377246452019
0.492175513642 -0.479305606774
0.188379531960 -0.504785152664
0.257475645514 -0.681353911255
0.301280752755 -0.791122352201
0.340773262822 -0.890727689217
0.077234584487 -0.528385862948
0.112090361898 -0.744283980137
0.140247146659 -0.876987506320
0.167279629812 -1.000000000000
-0.029837457297 -0.496850884774
-0.030704612193 -0.705596881433
-0.017034163507 -0.835567031693
0.004339473600 -0.953565207824
-0.138307477850 -0.422051969212
-0.182959048028 -0.583126988124
-0.195949089633 -0.692717264372
-0.192686118061 -0.803775080203
0.181391087380 -0.086309566737
0.314354774688 -0.237764212392
0.393369583000 -0.372645444630
0.474164613913 -0.476421470199
0.184166235955 -0.507296508726
0.252463685877 -0.684918988615
0.298670107191 -0.793392544618
0.341441001010 -0.891355931324
0.075004310750 -0.528228649606
0.110463509627 -0.745361307986
0.141715596280 -0.876998180399
0.172578985503 -1.000000000000
-0.030312937888 -0.493385149780
-0.029643088464 -0.703174172049
-0.013402566214 -0.830765933076
0.011407194647 -0.947365574855
-0.137917865532 -0.414805868512
-0.183211748458 -0.576367780278
-0.195338294803 -0.686909494200
-0.189673538172 -0.798960504550
0.181107364865 -0.085485013193
0.310889982792 -0.234015567921
0.386595676997 -0.367255302488
0.462955231830 -0.473196936972
0.182571868556 -0.505711830250
0.247710031407 -0.686197542296
0.295005214047 -0.794331704769
0.340238980771 -0.890640982008
0.074129850578 -0.524921281546
0.109358887243 -0.744007506380
0.144264305900 -0.876287936407
0.180627022531 -1.000000000000
-0.029735143008 -0.488047046237
-0.029571271077 -0.698814765750
-0.011156191873 -0.827196612802
0.017376293871 -0.944459052000
-0.135133501363 -0.406942294897
-0.182055846305 -0.568302191347
-0.195542622457 -0.680193684419
-0.189285097224 -0.792928333444
0.180345212277 -0.085516617729
0.306825035497 -0.233381812102
0.378696375076 -0.368000064293
0.451145884172 -0.477124989179
0.176302102192 -0.509479566195
0.240602845383 -0.688785785486
0.289442911715 -0.796685041078
0.336772329650 -0.893813763783
0.069375042603 -0.528063074754
0.107322076091 -0.744194668186
0.145520049592 -0.875750450552
0.185133746397 -1.000000000000
-0.033294422781 -0.490069947272
-0.031329415140 -0.699175671666
-0.011369463629 -0.827066457377
0.019396341057 -0.945175343388
-0.137764844283 -0.407325782828
-0.183183821946 -0.570350281451
-0.194964957645 -0.682126804840
-0.186229752674 -0.794661345853
0.181637581454 -0.083692047558
0.309847631974 -0.231031669853
0.381138179287 -0.366720845717
0.453147115773 -0.475814716381
0.176888457242 -0.509149592696
0.239036515399 -0.688519558171
0.285341815659 -0.797272502574
0.329354535654 -0.894117307980
0.067983383538 -0.528753442233
0.103230334912 -0.745949104299
0.138758749509 -0.876953568175
0.175560793931 -1.000000000000
-0.035404451998 -0.492491499770
-0.035764752874 -0.701314140383
-0.018511359987 -0.828910739068
0.009029298319 -0.945773117001
-0.139755108362 -0.411850888539
-0.183971501994 -0.575029367607
-0.195994010900 -0.685927042566
-0.188791254028 -0.796879959195
0.179816951568 -0.086873924317
0.306610598930 -0.234076495319
0.378270351583 -0.368427109908
0.448016733133 -0.479310795800
0.174090439596 -0.510640692761
0.237687970198 -0.689880822637
0.285122926450 -0.798014030303
0.330479086781 -0.895775825540
0.065317227954 -0.529161529837
0.098178466990 -0.746630094181
0.132738652619 -0.876467069941
0.169095261096 -1.000000000000
-0.037419082212 -0.492254386867
-0.038717312469 -0.701828333679
-0.021303821918 -0.828824199221
0.006624142142 -0.945436707569
-0.140889050865 -0.411190326310
-0.184671582911 -0.574176290776
-0.195830376205 -0.685736207284
-0.187496476149 -0.797592693989
0.181358266910 -0.085367267093
0.307681259246 -0.233126224493
0.378646796098 -0.369620277837
0.446795541350 -0.482686546749
0.175479770531 -0.512198990856
0.240261104597 -0.691450943519
0.287410894123 -0.799378951922
0.331962353213 -0.895827525202
0.067368700838 -0.531481030946
0.101272353548 -0.747788994360
0.134884744044 -0.877722121229
0.169499642724 -1.000000000000
-0.035058259984 -0.495043901644
-0.035137093951 -0.704365139446
-0.018215809233 -0.831752085794
0.008853419985 -0.947807737006
-0.137917212385 -0.414342369829
-0.180880506384 -0.577732728139
-0.191815862415 -0.688551097811
-0.183648918640 -0.799102597971
0.179906519074 -0.087982010345
0.305348290409 -0.236355119160
0.376866988876 -0.371395829303
0.444593383787 -0.485366151831
0.171314934438 -0.513603214378
0.236115079777 -0.693369302445
0.285636262050 -0.800603282565
0.333603113263 -0.897078819213
0.064689932929 -0.530906823448
0.097021224248 -0.747458215438
0.131389880615 -0.877063011381
0.168011459425 -1.000000000000
-0.036536804491 -0.492991842326
-0.036575685946 -0.701673868355
-0.018341500539 -0.828609968147
0.011222891430 -0.944883973408
-0.138253181692 -0.411312538969
-0.182065569749 -0.574463497854
-0.192686870624 -0.686536828394
-0.183008923077 -0.798606856038
0.179315383140 -0.091156031195
0.304983435602 -0.239624946971
0.377568053016 -0.373257582328
0.443982168899 -0.485591933813
0.173791889262 -0.513397000571
0.239272664663 -0.693082583601
0.288585682943 -0.800450512474
0.335642421754 -0.897413059835
0.067933015716 -0.529594523527
0.103027953707 -0.746522134217
0.139590391013 -0.876306874510
0.177747580215 -1.000000000000
-0.032893718060 -0.490806385704
-0.033010516299 -0.699378319444
-0.014277728122 -0.826263896272
0.015285294438 -0.943840185857
-0.134403643129 -0.408254975494
-0.178449647406 -0.570141430268
-0.189278255558 -0.682262513162
-0.180323530253 -0.795667040860
0.175968459101 -0.092684171585
0.298943606420 -0.242454100133
0.368952351411 -0.376059526961
0.434332786978 -0.488515694124
0.168777649207 -0.515902570466
0.232997084335 -0.696239122268
0.283287885130 -0.803030137917
0.331919715332 -0.899012402787
0.063703622207 -0.530595654077
0.095778874750 -0.748238208277
0.131552636703 -0.877309290814
0.169510888171 -1.000000000000
-0.035982586272 -0.490445241286
-0.036554194168 -0.698765588484
-0.017860262124 -0.825566861690
0.011827604802 -0.942649216904
-0.136334324188 -0.406502921782
-0.181753991179 -0.567886661575
-0.193683363691 -0.680031074314
-0.185411991113 -0.792944716682
0.176613204367 -0.091468704525
0.300181037781 -0.242180705291
0.369001127225 -0.377136422090
0.433448221995 -0.487316487988
0.171656818081 -0.515948298139
0.232482255862 -0.694242736881
0.280700921879 -0.801573534886
0.326823169667 -0.898255822195
0.067976462835 -0.532755088267
0.097671921742 -0.749024151479
0.134089817564 -0.877441703908
0.172386173904 -1.000000000000
-0.030950111425 -0.494042675777
-0.034606195032 -0.701968575970
-0.016470694450 -0.827514835030
0.012911028636 -0.943452883691
-0.130841386989 -0.410838714855
-0.177962820851 -0.572187755624
-0.190601344194 -0.683942054244
-0.182910484177 -0.796302336947
0.172121181530 -0.096068427541
0.291297378734 -0.248817760806
0.360772723785 -0.380371509295
0.428973066178 -0.485471853530
0.161632811012 -0.519008728367
0.223039830634 -0.695542784836
0.272529149310 -0.802243293378
0.320531119600 -0.898293184181
0.060958308730 -0.533664934976
0.092320496425 -0.748749488173
0.130486682195 -0.877403020444
0.170981824859 -1.000000000000
-0.035892461973 -0.492976186384
-0.038281409436 -0.701382074801
-0.019074564245 -0.826903202983
0.011648439600 -0.943663242302
-0.134767131144 -0.407241076367
-0.181979999179 -0.568735311485
-0.193743430373 -0.680982830020
-0.185130896492 -0.794226981049
0.174331885291 -0.098376116324
0.294492650080 -0.255082817617
0.366902669479 -0.388168653193
0.442884008686 -0.490141863658
0.164526791889 -0.521557395515
0.226022138608 -0.695697635215
0.274476255095 -0.800563898126
0.321622411565 -0.894272381566
0.064724019489 -0.538210793793
0.092762472056 -0.753357548088
0.128198275309 -0.880485182608
0.167991165701 -1.000000000000
-0.031983266975 -0.499795255858
-0.036440185926 -0.709628852642
-0.018772229361 -0.836430313539
0.012412441429 -0.952355078081
-0.129696568875 -0.416534737207
-0.175689644588 -0.579990757102
-0.186504252204 -0.692715538858
-0.176539439565 -0.804638619263
0.172042015476 -0.101259912758
0.289838480731 -0.259968694653
0.362637809075 -0.394491473412
0.442454119027 -0.496701612096
0.155574448530 -0.522067503013
0.217826498182 -0.700060616811
0.266827522758 -0.807452631590
0.314637437440 -0.904766492614
0.058855084036 -0.536699398991
0.087838120174 -0.752336309165
0.123988114071 -0.879790983354
0.162625299463 -1.000000000000
-0.036376639991 -0.498154310322
-0.040787075536 -0.709582971478
-0.022645122877 -0.837573827805
0.006576564405 -0.953866631359
-0.133789861664 -0.415801657758
-0.179754710120 -0.579338210226
-0.191947550800 -0.691923932166
-0.185524674252 -0.803000584333
0.175979815073 -0.103007482184
0.293524971895 -0.264411328095
0.363543839636 -0.402933412742
0.439911359202 -0.508044569778
0.153977986538 -0.523395103706
0.211092063937 -0.700208970605
0.257727135011 -0.806327491199
0.303473308956 -0.901572542861
0.056401973323 -0.539694210395
0.082406565967 -0.754191933981
0.117472455249 -0.880897372983
0.155774115748 -1.000000000000
-0.038970480159 -0.503674990547
-0.045754413070 -0.713099734127
-0.029904193629 -0.840005871247
-0.002626772244 -0.954515853432
-0.135741902220 -0.423870595493
-0.181945637703 -0.587804577997
-0.195641732159 -0.700344872648
-0.190801304352 -0.810346849603
0.176359376130 -0.103572486670
0.294777696972 -0.263883297501
0.362021432540 -0.403212092928
0.429763840318 -0.508356248254
0.151721772638 -0.523255267565
0.207557194364 -0.699205723219
0.251477523430 -0.805593750708
0.293638371101 -0.899608633225
0.051192651429 -0.540302335372
0.075684741305 -0.754913451390
0.107837691692 -0.882340906440
0.142026790429 -1.000000000000
-0.045876916847 -0.504466031763
-0.053272980794 -0.712807801035
-0.039029149134 -0.838866527679
-0.014478633775 -0.951895821515
-0.143762241521 -0.424726191348
-0.190253233936 -0.586245089458
-0.204040547748 -0.697364017656
-0.200396453672 -0.805956810945
0.178042485579 -0.101877435500
0.301446586863 -0.262678990986
0.372138315680 -0.402948505702
0.440479739707 -0.507868939034
0.157215207622 -0.522718323292
0.214375642616 -0.700025266298
0.252172030741 -0.809143113408
0.286215165048 -0.907399191079
0.053200831046 -0.540759990426
0.077021519044 -0.755567041027
0.100429274928 -0.882448938994
0.123365381653 -1.000000000000
-0.046065405862 -0.506752387756
-0.053059805803 -0.713969071999
-0.044160550718 -0.837948693069
-0.026750512057 -0.950188745160
-0.145761905975 -0.430028482404
-0.189533521477 -0.590292542173
-0.203374166604 -0.700141251301
-0.202221677945 -0.809123246412
0.183243411679 -0.102051231046
0.309683116625 -0.264033441556
0.378425724876 -0.408226948669
0.447832330520 -0.511690630820
0.162106608056 -0.518778057182
0.217649791834 -0.705482400864
0.249492766822 -0.819352651486
0.276632524056 -0.922186538286
0.054138336364 -0.536036687196
0.072907566272 -0.754834111940
0.087666184342 -0.883201061161
0.100867298525 -1.000000000000
-0.048074320163 -0.502745981144
-0.055760981448 -0.706218997480
-0.051190434988 -0.832412908025
-0.040505821980 -0.946366405950
-0.149776975885 -0.428929351400
-0.196358642029 -0.583703612680
-0.214851983235 -0.689550658584
-0.220470906764 -0.794575326006
0.183482334918 -0.099783470188
0.311825194945 -0.261144168497
0.379721096266 -0.407151499001
0.439773569584 -0.513954745741
0.164552107247 -0.521946921781
0.213863305334 -0.705964825403
0.240409933734 -0.820784116647
0.262134607764 -0.922407250907
0.054971025899 -0.539674546058
0.072216355651 -0.755985082997
0.084051616734 -0.884093425891
0.093095520662 -1.000000000000
-0.049281413507 -0.507369410211
-0.058914480895 -0.710169740628
-0.058632897132 -0.834320202530
-0.052600383213 -0.945764160688
-0.153873665238 -0.434682854556
-0.201196524075 -0.589044147566
-0.221028973868 -0.695606523907
-0.228899213821 -0.802651515350
0.187068389722 -0.101896162623
0.316910618647 -0.264930110674
0.384283464563 -0.411265454333
0.443124082369 -0.518736808776
0.163205526205 -0.522524003371
0.209111394429 -0.707132300901
0.231825073803 -0.822094100382
0.249027753081 -0.923301490490
0.052015795850 -0.539626734494
0.066238831167 -0.756168906700
0.074777736155 -0.884809517501
0.080044561708 -1.000000000000
-0.052599202570 -0.507186866795
-0.063238278041 -0.708315645468
-0.063158155523 -0.831932960998
-0.058112545429 -0.942716836833
-0.156841935844 -0.435292457730
-0.204313707299 -0.586351779317
-0.223675067583 -0.690792798251
-0.231438283523 -0.795462324495
0.186109253026 -0.099867102697
0.314333089128 -0.264742398664
0.380939707213 -0.413159752822
0.444766630449 -0.520152964619
0.161941527546 -0.524493981575
0.208325635553 -0.713182757681
0.232099329084 -0.829701396926
0.250848879309 -0.932274225002
0.050503216551 -0.542072348513
0.062567731615 -0.759418012451
0.070963915403 -0.886502164226
0.076888079590 -1.000000000000
-0.053964091184 -0.509917837260
-0.066717926212 -0.710660982697
-0.068598367009 -0.833532325367
-0.065329199537 -0.943018600314
-0.157455403016 -0.438303002311
-0.206413046941 -0.588353259081
-0.227251438394 -0.691906094164
-0.236802053213 -0.795532013916
0.186806572208 -0.100954431702
0.315449506008 -0.266737144658
0.381669296327 -0.415913692115
0.443405147496 -0.524738077251
0.161474094403 -0.525427829683
0.206858861909 -0.713183385761
0.230414125333 -0.829774043612
0.249415143526 -0.933109219368
0.049683812339 -0.542660436576
0.062106232604 -0.758807081304
0.071576034661 -0.885716860583
0.078882650262 -1.000000000000
-0.054579747486 -0.509934764732
-0.067848330462 -0.710649477008
-0.068740198052 -0.833202265255
-0.064121278342 -0.943069726439
-0.157807092923 -0.437930017115
-0.206641897112 -0.587565036087
-0.227078261929 -0.691602279695
-0.235685777116 -0.796322073216
0.188187560407 -0.099155191911
0.317493079522 -0.265121428378
0.383679614609 -0.415227964749
0.446924100707 -0.523192367977
0.164961714812 -0.524191036434
0.212331021038 -0.711958087657
0.237702880714 -0.828388755318
0.258751099016 -0.932117107158
0.052679790814 -0.542388836520
0.065793628039 -0.758209254824
0.076318390847 -0.885286116864
0.084909340279 -1.000000000000
-0.052404066570 -0.510356661640
-0.065232374703 -0.710592093896
-0.066112434196 -0.832747501022
-0.061017656290 -0.942219087840
-0.156608755811 -0.439155451293
-0.204601115634 -0.589430720206
-0.224233335444 -0.692906017802
-0.231868698332 -0.796739014123
0.189929753133 -0.097615414417
0.320446250409 -0.263356353703
0.387008684182 -0.413106363280
0.450412155313 -0.520371120596
0.168867240679 -0.524246753294
0.218303796136 -0.713125892979
0.244610882713 -0.829793648105
0.266814214456 -0.934008258975
0.056167574022 -0.542630417508
0.069614234142 -0.759147991979
0.079534194562 -0.885734947616
0.087781517580 -1.000000000000
-0.049525003073 -0.510989176774
-0.060147895560 -0.711997783565
-0.059950795649 -0.834661232145
-0.053805295536 -0.944438298110
-0.154642015052 -0.440745826181
-0.201470379041 -0.592467937478
-0.219876959770 -0.696834530438
-0.226368383041 -0.801415507546
0.189661316086 -0.098369294169
0.318877340321 -0.264716541901
0.384522956955 -0.415018331394
0.447245285259 -0.522369213224
0.166124708634 -0.525618866478
0.217771549219 -0.711440053356
0.245354867772 -0.827085337920
0.269254063296 -0.930465283076
0.053592371340 -0.544535818996
0.068282626200 -0.759940992223
0.078876485704 -0.886463517799
0.088660063980 -1.000000000000
-0.052340934355 -0.513161639472
-0.061860520463 -0.714928618928
-0.060339564235 -0.838044950194
-0.052156876781 -0.947240671934
-0.157491415909 -0.442907065471
-0.202547129206 -0.596296796672
-0.219231232163 -0.701941149210
-0.223598632536 -0.806727690637
0.187412267066 -0.098108069666
0.316308361183 -0.264146890691
0.382822532817 -0.413262366523
0.445961514888 -0.519724269407
0.165825739386 -0.523989502748
0.216713412558 -0.710332185570
0.244703013997 -0.826187712854
0.268531325797 -0.929631308410
0.054575638249 -0.542378330199
0.068675445129 -0.758054342104
0.079025782480 -0.885311625922
0.087595973247 -1.000000000000
-0.049959558020 -0.510824864556
-0.059913362835 -0.711177414326
-0.059253872209 -0.833592152268
-0.052933433989 -0.942835036164
-0.154020249219 -0.440542099170
-0.200309431727 -0.591513421642
-0.218601162419 -0.696087338564
-0.225270322613 -0.800855153875
0.186347599845 -0.098061567301
0.314581585636 -0.264788049869
0.379368139740 -0.414481884615
0.442339046422 -0.520368926459
0.165239933019 -0.525268029857
0.214754426060 -0.711502151738
0.241147975353 -0.827208291040
0.263966880452 -0.930449020290
0.052092980911 -0.543394853760
0.064610301096 -0.759167931516
0.073674463875 -0.885562670355
0.082074659844 -1.000000000000
-0.053916048272 -0.511963813308
-0.064136897177 -0.712671675538
-0.064903624261 -0.834930725590
-0.059078206192 -0.944083954142
-0.159138681643 -0.441755462290
-0.203856301565 -0.594387151421
-0.221723869248 -0.698796476977
-0.227945547419 -0.803061599543
0.185578164304 -0.099714909127
0.312700992515 -0.266230527029
0.377189529977 -0.414822259152
0.437138926916 -0.521865283057
0.161005784098 -0.522294493785
0.208212681123 -0.704528402181
0.233005142293 -0.818684891461
0.253105792047 -0.920012841971
0.049236304228 -0.540781647080
0.061601883195 -0.756308276884
0.069998136388 -0.884362676459
0.076861808694 -1.000000000000
-0.055202154245 -0.509515147338
-0.066536441331 -0.709894901504
-0.066695160340 -0.831252495123
-0.060470533160 -0.940592188374
-0.158443496759 -0.439282338172
-0.204188511266 -0.590748628329
-0.221615189051 -0.694871292932
-0.226796075800 -0.799900382242
0.185126912022 -0.098596783016
0.313302999980 -0.264714687901
0.379216169993 -0.413155894487
0.438658201130 -0.520893365160
0.162759879620 -0.519748643857
0.210472039624 -0.702247862805
0.234286234568 -0.816102812175
0.252581698759 -0.916459340028
0.050694070942 -0.538557999858
0.064520249650 -0.754688250123
0.072238723820 -0.883638727366
0.077732329407 -1.000000000000
-0.054079099890 -0.508112639872
-0.064149242541 -0.706486061345
-0.064350889601 -0.827010817440
-0.058594702559 -0.935473821280
-0.157766253076 -0.439078372551
-0.201625868212 -0.589791586756
-0.217948772137 -0.692425977918
-0.222564288429 -0.795930533380
0.185463549741 -0.098791172638
0.313766186077 -0.263359901592
0.379373269242 -0.411243615242
0.439372602019 -0.519759742878
0.163203849452 -0.521658223454
0.210000089910 -0.706051376893
0.234335280111 -0.820422121571
0.253143283571 -0.921023625023
0.051855247119 -0.539276020284
0.063784818638 -0.756245279751
0.071807467316 -0.884603577168
0.077908832710 -1.000000000000
-0.053024839630 -0.507949360601
-0.064006812301 -0.707877057390
-0.065158836969 -0.829931648666
-0.060119231832 -0.939215082934
-0.157552800539 -0.438038481031
-0.202965735961 -0.589908231972
-0.220800469044 -0.693827174296
-0.226680668889 -0.798118058040
0.184051555754 -0.100854325025
0.310758567308 -0.266326468925
0.376356895617 -0.413529291514
0.435700543608 -0.521123583974
0.160393365245 -0.524618467324
0.208309761263 -0.709511306677
0.236067995136 -0.823726654668
0.259545104831 -0.925272008205
0.049894860618 -0.541401855567
0.062438521342 -0.757282444775
0.074146442662 -0.884432400579
0.085163039780 -1.000000000000
-0.053901938915 -0.508939039265
-0.065266681933 -0.709094117063
-0.064362992871 -0.831031908264
-0.056217372318 -0.940756679769
-0.157092336534 -0.437511440447
-0.204055958880 -0.588959874795
-0.221949250683 -0.693176687785
-0.226789348031 -0.797473470249
0.185148093178 -0.099563570711
0.313788056951 -0.265755758423
0.382297031582 -0.414355884975
0.443976226032 -0.521186055172
0.164787947702 -0.524513094992
0.212752653129 -0.711249166338
0.240907092896 -0.825867610028
0.264409679919 -0.927523170917
0.055599374412 -0.542391396178
0.070530183352 -0.758720344250
0.083783117376 -0.885434008438
0.095914462665 -1.000000000000
-0.047629972762 -0.511108128394
-0.058452224453 -0.712212167835
-0.057566544244 -0.833789794382
-0.049455550025 -0.943558129037
-0.150468234972 -0.441135032020
-0.196867058265 -0.592546396888
-0.214643539742 -0.696492990211
-0.219565171710 -0.801119637165
0.185775617815 -0.096858741794
0.315819120280 -0.260192305500
0.386296581030 -0.407127212826
0.450641137082 -0.514316483817
0.169573342396 -0.521721070279
0.217686113933 -0.706015696583
0.245854773444 -0.820236163024
0.269570706171 -0.921540951977
0.061506101555 -0.541851855546
0.078982849337 -0.756827110654
0.094060810352 -0.884476205218
0.107402781479 -1.000000000000
-0.041422756466 -0.512692266313
-0.051161708426 -0.713137022434
-0.048617038659 -0.834877632841
-0.039547592889 -0.944695558744
-0.144461516575 -0.444239652104
-0.190520644968 -0.595171646757
-0.208907840419 -0.699414936139
-0.214593655580 -0.804163516853
0.184774217929 -0.094162092428
0.317272617040 -0.254627932262
0.388574535019 -0.402498231857
0.450179229823 -0.512047383581
0.174388522106 -0.524379464865
0.225916426636 -0.713390988442
0.255021464564 -0.829912537088
0.279647610742 -0.933014240346
0.064730513403 -0.544123578453
0.082709580308 -0.759820727953
0.097378595337 -0.886646628090
0.110713217169 -1.000000000000
-0.039874836556 -0.514193011928
-0.048426853280 -0.714966012855
-0.045841858113 -0.837871002779
-0.036749077636 -0.947433358783
-0.144583552901 -0.445498797493
-0.189120678957 -0.596381731883
-0.205917060143 -0.700295431216
-0.210241976561 -0.803989447139
0.185209371037 -0.092459342069
0.317230723598 -0.254018057643
0.387311880193 -0.402536785258
0.448226392199 -0.511058484670
0.176139939771 -0.524770030848
0.228417893810 -0.710930686677
0.259510431736 -0.826304004380
0.286792588598 -0.928658688890
0.066979682252 -0.545997292770
0.084776213305 -0.760312776721
0.100395570962 -0.886682234797
0.115293691533 -1.000000000000
-0.037478833802 -0.517412197404
-0.045081904534 -0.717407881776
-0.041692423804 -0.839806961859
-0.031169021938 -0.948799582983
-0.142151671876 -0.449540946265
-0.185323620519 -0.601205257579
-0.201640150199 -0.705039452035
-0.205417054615 -0.807727547866
0.186448332078 -0.093087791801
0.318835283598 -0.254083610244
0.388306744527 -0.402909837270
0.448129020810 -0.512678828127
0.178467505599 -0.523196382208
0.230156111423 -0.709685575927
0.259181695605 -0.824678319561
0.283921215301 -0.926719367462
0.068135952398 -0.544129902135
0.086305444400 -0.759762946491
0.100367984094 -0.886112977732
0.113407136247 -1.000000000000
-0.036624538970 -0.515705389117
-0.042590100291 -0.716813594346
-0.039280486068 -0.837805359981
-0.028928195286 -0.946358910606
-0.141540554747 -0.448533497447
-0.182927023581 -0.601506168425
-0.198127613585 -0.705550747165
-0.200747940768 -0.809095157976
0.188017083399 -0.092150738377
0.320866113055 -0.251882468098
0.390652269042 -0.400901549647
0.453065184978 -0.512444068336
0.181516071684 -0.525479172373
0.234670302366 -0.710623442595
0.264043491048 -0.825204805043
0.288966844969 -0.926867966197
0.070900557080 -0.547578900722
0.090333187608 -0.761746697307
0.104591855755 -0.887222382321
0.117894204482 -1.000000000000
-0.034468498708 -0.520283634383
-0.039932805427 -0.720315074407
-0.036649129313 -0.840468950331
-0.026144975627 -0.948325401832
-0.140326083645 -0.453929673587
-0.180607923845 -0.607507424198
-0.194431971980 -0.711028030077
-0.195558864214 -0.813699656683
0.188579966035 -0.091424005281
0.322359111485 -0.251371424644
0.392182424814 -0.400467160260
0.455316852609 -0.511342486282
0.183968922580 -0.525043797395
0.238655738940 -0.712937840003
0.268843364218 -0.828251080884
0.294476918262 -0.930621733578
0.072575017821 -0.546439138266
0.092171907670 -0.761967607705
0.106402109909 -0.887174062885
0.119742397680 -1.000000000000
-0.033697664114 -0.518323885016
-0.037792490221 -0.719200285770
-0.033749554867 -0.839498267227
-0.022659938863 -0.947329375557
-0.140912091489 -0.451432967197
-0.180073230228 -0.605057366708
-0.192777617139 -0.708575653961
-0.192806730960 -0.811249042573
0.189180577434 -0.091484262828
0.322827889148 -0.252396771524
0.392586017656 -0.401032867571
0.455285293583 -0.511810138796
0.184763341596 -0.519673832513
0.237716444251 -0.705114382965
0.267231208461 -0.819650239114
0.292784884796 -0.921850086214
0.074538975191 -0.542473444945
0.093499218449 -0.758114972555
0.107706310783 -0.884744039257
0.120950529743 -1.000000000000
-0.030809332930 -0.516575532910
-0.035189363735 -0.716769468599
-0.030839346574 -0.837138996590
-0.019714744677 -0.946518137164
-0.136911726439 -0.452027594782
-0.176390129119 -0.605367126082
-0.189710778864 -0.709233755668
-0.190573626568 -0.813113846820
0.189740239015 -0.090196011834
0.323654224671 -0.250541258174
0.392288787628 -0.398835188964
0.453871345570 -0.509711624491
0.184374391814 -0.519060315280
0.238975013120 -0.702987048003
0.268301036877 -0.817084756932
0.293191892672 -0.918380010151
0.073916613369 -0.542047735911
0.094193237566 -0.757763315700
0.107829055321 -0.884860714804
0.120136961396 -1.000000000000
-0.031643034709 -0.516224417966
-0.034858573082 -0.716542605074
-0.030761801519 -0.837318472418
-0.020067964248 -0.946191808088
-0.137884051719 -0.451759904190
-0.176665027726 -0.605232744023
-0.189970056168 -0.708958193291
-0.190985601943 -0.812487165831
