0.182014563193 -0.085184709263
0.314830728928 -0.242013670507
0.400289091059 -0.377989113860
0.486080785829 -0.481793823339
0.172357484314 -0.529345460700
0.220781314520 -0.704504646008
0.257749935880 -0.811754422730
0.291887474071 -0.907248332713
0.073177676617 -0.549514359179
0.092700551164 -0.760767108609
0.114789508249 -0.885544843169
0.138820464598 -1.000000000000
-0.022417683072 -0.517353104377
-0.026178306001 -0.719963773995
-0.017681335739 -0.842659700345
-0.000838824145 -0.953836603901
-0.114388552315 -0.444096169715
-0.142518484303 -0.608887020832
-0.147324817316 -0.716844450226
-0.139518903966 -0.821380377176
0.181294144445 -0.085352134474
0.315486391363 -0.241498329328
0.400469987185 -0.378292789873
0.484471994481 -0.483794775176
0.171834040725 -0.528545909927
0.220972173368 -0.704436341614
0.256918630313 -0.812379275353
0.290180543040 -0.908590720152
0.071625723366 -0.548851946728
0.091864992066 -0.760093341273
0.112563221322 -0.885078175597
0.134829806975 -1.000000000000
-0.024926737809 -0.516940751786
-0.026465800108 -0.719175805827
-0.018151355488 -0.841024783737
-0.002022178674 -0.951697738417
-0.118717344334 -0.444148432309
-0.146055470708 -0.608173646908
-0.151406604694 -0.715666095299
-0.144747867219 -0.820081688896
0.184080585204 -0.086132943653
0.317990950652 -0.242400451237
0.402143005232 -0.379346418929
0.484323486744 -0.486469204231
0.170941363788 -0.529598205313
0.219524089278 -0.703545881947
0.255702614282 -0.810425139237
0.288987517660 -0.905935613882
0.070509179323 -0.550195713474
0.089999085351 -0.760610725978
0.110627784437 -0.885419915568
0.131935844277 -1.000000000000
-0.025680803482 -0.518205321929
-0.027584216419 -0.720364438542
-0.018032187236 -0.841410198327
-0.001415030267 -0.951245886568
-0.118694854360 -0.445241994630
-0.145480842529 -0.609776011275
-0.149967029158 -0.717674177032
-0.142566761072 -0.822338554349
0.185422222776 -0.085679600525
0.321425306978 -0.241845341056
0.407157922780 -0.378251394766
0.487067224232 -0.485564254472
0.177102354641 -0.531485245095
0.224073237624 -0.707380456409
0.260299849305 -0.815118432184
0.293599139533 -0.911440486198
0.076333573786 -0.551351733818
0.094364167487 -0.762898710412
0.115381832374 -0.886710016372
0.137914719572 -1.000000000000
-0.020826786154 -0.518817827551
-0.023471260572 -0.722034567325
-0.013528240870 -0.844451663462
0.004491791310 -0.955123798979
-0.114731468127 -0.445067376425
-0.141377177887 -0.610159174884
-0.145237532621 -0.719562014302
-0.136472953234 -0.825860656449
0.184516159435 -0.088030840891
0.319997983489 -0.245226651127
0.405958583059 -0.380803110214
0.487513899613 -0.486775242818
0.173784694755 -0.532382664444
0.218592828000 -0.711412598482
0.250825490733 -0.820515462365
0.279753658048 -0.917112062230
0.072255373363 -0.551359787691
0.090321275275 -0.763354436057
0.109525818799 -0.887988375086
0.129645256505 -1.000000000000
-0.025535227388 -0.518983587753
-0.026852298246 -0.722151319997
-0.015706335081 -0.844428535688
0.002828565616 -0.953822768842
-0.120166765589 -0.446173792307
-0.147103717020 -0.610891710375
-0.150919804392 -0.720948522052
-0.142452353297 -0.827799161000
0.186043666795 -0.088052236928
0.322094540609 -0.245881185841
0.407303898384 -0.383356131526
0.485995692470 -0.492855424999
0.177272621537 -0.531173425433
0.220475630068 -0.710867699689
0.252836657028 -0.821345452895
0.282894869060 -0.920031690472
0.076192000640 -0.550075555015
0.094028257574 -0.761473344303
0.114336447028 -0.885960972788
0.136446250515 -1.000000000000
-0.021344544901 -0.518373282189
-0.023473569173 -0.721386707473
-0.012906884306 -0.843701361224
0.005513683079 -0.954317931048
-0.115748244714 -0.446581799389
-0.142108229433 -0.611925123851
-0.145854133829 -0.721550723144
-0.137579024876 -0.828271510398
0.186499858222 -0.091644731861
0.320646271380 -0.254079072191
0.404117953583 -0.394179371039
0.485003837663 -0.503256951218
0.171872497539 -0.531406009914
0.214943281269 -0.708037892655
0.247071692298 -0.816731780750
0.277138305816 -0.913985453995
0.071353574223 -0.551145731732
0.091328425281 -0.761225765937
0.112334590780 -0.885780144213
0.135651133410 -1.000000000000
-0.025646456954 -0.520688641556
-0.025970750623 -0.723219895871
-0.015212585754 -0.844292318587
0.004183869344 -0.954440228211
-0.119966388900 -0.449996570599
-0.146012437888 -0.614850375675
-0.148958159822 -0.722753497321
-0.139016578408 -0.827566684036
0.188782957415 -0.089481772634
0.324118764753 -0.251021517315
0.409191271899 -0.391582497276
0.490522315872 -0.502307398589
0.173203634420 -0.533483686784
0.219779893158 -0.708547930948
0.254643761044 -0.816197302528
0.286647079932 -0.912500284256
0.071244726195 -0.554548748799
0.093180984221 -0.763653687521
0.114471716951 -0.886827601553
0.138459015879 -1.000000000000
-0.026021594687 -0.525432113296
-0.025016168408 -0.726150470995
-0.015077387308 -0.845476799506
0.003748400446 -0.954120114980
-0.119826873752 -0.456835362478
-0.141741363090 -0.620870193394
-0.142128295521 -0.728502969340
-0.130004871192 -0.833282013953
0.189404839077 -0.088963452676
0.326114816605 -0.248799720920
0.411739382783 -0.387566692623
0.489224483663 -0.499241202881
0.174149224486 -0.528751064735
0.222277805629 -0.704128205716
0.258112260883 -0.811802547193
0.291057254931 -0.908326064887
0.072254148837 -0.550045402406
0.094080928565 -0.760676015668
0.115656985717 -0.885372138475
0.139950975913 -1.000000000000
-0.024610170593 -0.520794893286
-0.023484726050 -0.721260895055
-0.012448931252 -0.841085665776
0.007632943585 -0.949948416130
-0.117586916462 -0.451992868203
-0.140817336481 -0.615005423563
-0.141728729164 -0.723080888310
-0.129656897087 -0.828216484549
0.187629754336 -0.087871120924
0.324878360133 -0.247986700606
0.409480759579 -0.388676852239
0.487095030702 -0.499257988534
0.175757332293 -0.528736605031
0.224222829439 -0.705774805895
0.260517555123 -0.814762185482
0.294621243713 -0.913036676669
0.074040698809 -0.550414058234
0.100000617336 -0.760189964240
0.124530939929 -0.884472478474
0.151689087458 -1.000000000000
-0.023891275078 -0.522075366749
-0.019318691487 -0.721429963950
-0.007743783818 -0.840464582295
0.012552088501 -0.948788504231
-0.119492520881 -0.454446436721
-0.140780306600 -0.615859675329
-0.141492718726 -0.722844066829
-0.130137427723 -0.827065788641
0.188197071304 -0.088669927344
0.326520026530 -0.248156477038
0.411752901592 -0.388344106007
0.487309748073 -0.499506068598
0.177197500413 -0.528352522711
0.225358765406 -0.705662090526
0.260645899221 -0.815059797980
0.293652616709 -0.914258132238
0.074445670704 -0.550289985605
0.101715086759 -0.759814212438
0.126421050583 -0.884234880791
0.152997870973 -1.000000000000
-0.024101719806 -0.522161635036
-0.019257851248 -0.721338593751
-0.007742746410 -0.839583652275
0.011980698301 -0.947543763747
-0.119872216279 -0.454849866942
-0.141053612499 -0.616211693771
-0.141635454984 -0.722880536074
-0.130364915149 -0.827375802429
0.189324403305 -0.089099081534
0.326430822152 -0.250118519436
0.411922752832 -0.390612348782
0.492264284293 -0.500316692516
0.180877839173 -0.530184126862
0.230598400306 -0.708112129086
0.266295629089 -0.818213131873
0.299607956866 -0.917669422003
0.078399091096 -0.550501974400
0.105624545504 -0.760347173668
0.129886514865 -0.884957565885
0.156510678133 -1.000000000000
-0.021103179420 -0.520135252065
-0.015575639717 -0.720813711584
-0.001459095023 -0.841053076593
0.021014317780 -0.950279498466
-0.118481114383 -0.449991592115
-0.139391730450 -0.612627256976
-0.138571712133 -0.720625349937
-0.125597555047 -0.826134065396
0.189968595188 -0.089143537486
0.326509856757 -0.251276977063
0.409004287150 -0.393204331465
0.486900137241 -0.503443466183
0.180250216117 -0.529139310473
0.230277664763 -0.707231732133
0.265861004351 -0.817142054549
0.298800630528 -0.916155006003
0.077176049529 -0.550616535343
0.103825992679 -0.761109179212
0.127073074505 -0.885817796375
0.152100728148 -1.000000000000
-0.022386857056 -0.521703911152
-0.015290523564 -0.723442334872
-0.000432106540 -0.844019971251
0.022163928417 -0.951969563365
-0.120235385856 -0.453138889557
-0.142210077919 -0.615962276903
-0.142381813333 -0.724287335610
-0.130462423198 -0.829294314333
0.188110400773 -0.086534407149
0.324392392673 -0.246782729714
0.406377414302 -0.387780132070
0.483010754619 -0.496686028784
0.178742231899 -0.526997374883
0.231176119071 -0.702134506604
0.269188538607 -0.810880187181
0.304390448208 -0.909381014912
0.076353569630 -0.549220206633
0.102684377514 -0.760439843975
0.126491262597 -0.885479247854
0.151163599332 -1.000000000000
-0.022837052883 -0.519565106544
-0.016819552901 -0.721832200447
-0.003098875273 -0.842024221533
0.018003599351 -0.950345267109
-0.120325875355 -0.449270587585
-0.142129791994 -0.611364863223
-0.143218230368 -0.718897275539
-0.132562879240 -0.823644798868
0.190588988730 -0.085713311051
0.328794427258 -0.241664985629
0.414014872699 -0.379898120613
0.491392326249 -0.490252533487
0.188164593715 -0.526862086061
0.240015225888 -0.704319223630
0.277236756744 -0.814566685801
0.310469042778 -0.913776915964
0.083662460058 -0.548173076949
0.109693607649 -0.759917920595
0.132190293401 -0.885010489585
0.154553033357 -1.000000000000
-0.017341026144 -0.518618241680
-0.014315068863 -0.720554689594
-0.003794653336 -0.840582746582
0.013366644292 -0.949938743973
-0.116428980032 -0.449447236325
-0.138332221446 -0.613861581167
-0.139928587910 -0.721823145529
-0.130450550021 -0.827977874232
0.190658726663 -0.082242384537
0.329925111801 -0.235995476102
0.413937303161 -0.375734725468
0.492345631915 -0.485440080974
0.193251845462 -0.516931653536
0.247681282908 -0.695747197623
0.283358626500 -0.806712237254
0.314437025027 -0.906308638705
0.089929862256 -0.540296693858
0.122772378616 -0.754090071439
0.148224983918 -0.882166122580
0.171789315789 -1.000000000000
-0.011933970621 -0.512605485281
-0.004387597569 -0.713565869520
0.009144065786 -0.833578217873
0.027775364378 -0.942912344599
-0.113750817737 -0.444906726558
-0.132238977775 -0.606593307863
-0.132390487694 -0.711254090491
-0.122917993207 -0.813769032826
0.190768970081 -0.082888702512
0.329665406115 -0.238371468850
0.412683983130 -0.379935851272
0.497406663930 -0.486823477212
0.196608977904 -0.516008426929
0.253106030642 -0.695579111847
0.289030774239 -0.806829966240
0.320905218240 -0.907422539209
0.093473826780 -0.538879080291
0.127013741010 -0.753114412010
0.153738179519 -0.881558064251
0.179114318714 -1.000000000000
-0.008795650895 -0.510827068371
-0.000564766204 -0.712900712675
0.015664203719 -0.834432422735
0.036991217589 -0.943802841698
-0.111713913948 -0.443108582629
-0.131752633812 -0.605549968466
-0.131494470073 -0.710568167777
-0.120776594336 -0.812236785056
0.187618924863 -0.080987861660
0.325913322803 -0.234274891212
0.409241203144 -0.374417959868
0.496954446835 -0.478525485002
0.196586296220 -0.510309144473
0.254631040995 -0.688898206463
0.290157980339 -0.801007809726
0.320520243479 -0.901918247826
0.092340194026 -0.534001778679
0.132788699120 -0.749324953201
0.163358622768 -0.879639099632
0.191534591083 -1.000000000000
-0.011319665680 -0.506776484153
0.000710053621 -0.709791862383
0.019477899354 -0.831416699798
0.042725329119 -0.941881967590
-0.116716689909 -0.438794064923
-0.134094429016 -0.600105057818
-0.131304020242 -0.703930536154
-0.118820834613 -0.805481138747
0.187516608577 -0.078729856995
0.326526437289 -0.228507134258
0.412190851128 -0.366288678801
0.499451295214 -0.471305879702
0.198606663958 -0.507967624730
0.258233358303 -0.688598102548
0.293050003781 -0.800635464170
0.322454614351 -0.900884602131
0.094781022286 -0.531655473960
0.135334588380 -0.748644606489
0.164181049981 -0.879916414387
0.189771175138 -1.000000000000
-0.008562257604 -0.504695862059
0.004140890368 -0.708487111715
0.023223893743 -0.829178674765
0.046303283465 -0.937762051401
-0.113608265817 -0.437731133209
-0.131077826006 -0.598402307343
-0.128350188459 -0.702810654317
-0.116276302029 -0.804969532981
0.186565730801 -0.078594662087
0.323422063365 -0.229314925947
0.407205475410 -0.367673461452
0.496154611921 -0.472257866248
0.196306124314 -0.507125373986
0.254639426434 -0.688226310230
0.288499271213 -0.800903377509
0.317899429232 -0.902286353109
0.092708186248 -0.530098225362
0.130105013962 -0.747263443324
0.157351286598 -0.879172909755
0.182532523800 -1.000000000000
-0.010281158697 -0.502760925081
0.001330949019 -0.706078529941
0.019686825994 -0.826870951284
0.042672656431 -0.934879258580
-0.114887863088 -0.435385572632
-0.134693678329 -0.594562174015
-0.133268014102 -0.698029072923
-0.121837032525 -0.798815839228
0.184124671204 -0.079315413806
0.320791582762 -0.227901644255
0.405991662494 -0.364871378483
0.495383007965 -0.469498674860
0.194187522604 -0.508261081219
0.254175711125 -0.688338834675
0.289766821748 -0.800247914624
0.319878522125 -0.900837681976
0.090454276880 -0.531925373600
0.131628044641 -0.747861801767
0.161488720197 -0.878919517783
0.187985965457 -1.000000000000
-0.012213014442 -0.504710661266
-0.000292649131 -0.706674139858
0.018963652051 -0.825794326348
0.042331574692 -0.933513971794
-0.117500602601 -0.437250502119
-0.139098096829 -0.594746049923
-0.139249072155 -0.698216440454
-0.129026525252 -0.800299014860
0.185526481671 -0.076804940870
0.324180628243 -0.224888430896
0.410030311734 -0.362262631947
0.499670166429 -0.466460316718
0.200073249123 -0.510353370903
0.261201230007 -0.691859229457
0.295234517353 -0.804791699609
0.323977774666 -0.905754920768
0.093702049987 -0.534277458366
0.132747520848 -0.750172063822
0.159390044213 -0.881200045432
0.183418644354 -1.000000000000
-0.011108737014 -0.506400608246
0.001130134311 -0.708561112384
0.019394001429 -0.828047575510
0.041922393397 -0.933859238802
-0.117977987097 -0.438492112619
-0.139978342586 -0.595563227194
-0.141261898015 -0.699173399328
-0.132125568519 -0.800679547840
0.183807710218 -0.078588242717
0.322858813129 -0.224760318758
0.410666408225 -0.360410727698
0.501163517576 -0.464920238940
0.196946037455 -0.508533435650
0.259191828174 -0.689190736819
0.293977587469 -0.802325115485
0.323560146909 -0.904376127904
0.090838512901 -0.532737228751
0.131555022826 -0.748269252222
0.159656030679 -0.879579044178
0.184943547015 -1.000000000000
-0.013857488574 -0.505562438245
-0.002304182670 -0.708074751822
0.016015846485 -0.829503794845
0.038746390047 -0.938988723939
-0.120516560468 -0.437767907661
-0.143288818185 -0.595007488667
-0.144929652589 -0.698797255972
-0.136073434739 -0.801208883175
0.186124085616 -0.077126432744
0.326183705293 -0.220994934970
0.414650189833 -0.354328546896
0.504088730219 -0.457067995344
0.198009308212 -0.509269623047
0.261789126303 -0.690150277611
0.298249462247 -0.801832982285
0.329525190796 -0.902219411920
0.090325973745 -0.533063168206
0.127410589167 -0.749454317721
0.154301735264 -0.880789811627
0.178372480012 -1.000000000000
-0.014896924166 -0.504548349890
-0.004536357351 -0.707189041632
0.013020893527 -0.829483380148
0.034938988449 -0.938226541626
-0.121245045786 -0.435448429754
-0.146125566219 -0.592165098125
-0.149298735389 -0.696373774046
-0.141509751951 -0.798622681952
0.185937720899 -0.078819929138
0.326497001755 -0.220508994734
0.417636682769 -0.351384108106
0.508525687175 -0.454487710133
0.197816613705 -0.504697706892
0.261668620546 -0.685897483301
0.300214470020 -0.797663000333
0.333448318612 -0.899227873128
0.092034101183 -0.527576674373
0.131481040842 -0.745013256657
0.161546921751 -0.877966892070
0.187647101044 -1.000000000000
-0.012044889209 -0.498270131305
-0.002235151420 -0.702647459920
0.017353178081 -0.826099541291
0.040403071977 -0.937448631813
-0.117715055459 -0.428066355061
-0.145986876018 -0.585778945514
-0.150311134505 -0.691993849085
-0.143380697698 -0.797342535056
0.185110566581 -0.078798405196
0.326004907145 -0.221442980794
0.417633750586 -0.351442435105
0.508772705621 -0.451588031968
0.196137867642 -0.506048172408
0.262082528659 -0.687140146710
0.300620107412 -0.798519507958
0.334293239228 -0.899740960635
0.089616880453 -0.528499960976
0.128192374829 -0.746258343231
0.156461428789 -0.878774186157
0.181003852364 -1.000000000000
-0.014636532152 -0.498241032488
-0.004992339696 -0.703177672742
0.014173138303 -0.828225442296
0.036913816092 -0.940701573824
-0.120061038936 -0.426646508773
-0.149779524853 -0.585149989554
-0.154708150069 -0.692484858209
-0.148257392296 -0.798893576889
0.183283473020 -0.081558200231
0.322298729774 -0.223436618023
0.414497718831 -0.350037307965
0.506064638491 -0.446890928438
0.192775499425 -0.506670834208
0.259038481778 -0.689802707708
0.299749948965 -0.800755777379
0.336348223982 -0.901288504858
0.087075306874 -0.527593909637
0.123952439438 -0.747953699182
0.152767796296 -0.880034130707
0.178670384035 -1.000000000000
-0.016041449460 -0.495959651632
-0.008613998062 -0.703813608216
0.009961510807 -0.829113386944
0.033086046011 -0.941785567422
-0.119618612726 -0.422570133099
-0.152445575042 -0.582235389564
-0.158513082765 -0.690452903133
-0.152239915434 -0.797344007628
0.183559301679 -0.081957954249
0.323885649926 -0.223005945951
0.418840208322 -0.347706299061
0.514491183137 -0.443513115111
0.193872506439 -0.508013788005
0.259954044607 -0.691038481717
0.301308118551 -0.801631851047
0.339096540423 -0.902040390303
0.087899311016 -0.527511685058
0.124616002921 -0.747816734522
0.153546007927 -0.879602546769
0.179456744334 -1.000000000000
-0.015149513381 -0.494186425532
-0.008626316588 -0.702145268882
0.009788667380 -0.826722304270
0.032536401773 -0.939604658558
-0.118751425342 -0.419185584631
-0.152379322593 -0.578888404961
-0.158818660446 -0.686381146337
-0.152925359302 -0.793458291823
0.184872298676 -0.083548489735
0.325266886018 -0.228128545187
0.421137359298 -0.352600326252
0.518938418098 -0.445258425641
0.194759908077 -0.509060321256
0.258851704739 -0.690604195717
0.300521702977 -0.799834681579
0.340078520957 -0.900927622445
0.089436560959 -0.529031736595
0.123034630559 -0.748131847901
0.151910352481 -0.878492526739
0.179570670935 -1.000000000000
-0.013421583203 -0.496521578965
-0.007539921355 -0.705384842334
0.010365499502 -0.829341988138
0.034473689087 -0.942224209226
-0.116534942371 -0.422668504331
-0.150231327752 -0.583844176621
-0.157115578553 -0.692994704782
-0.150561541169 -0.801958519963
0.184340960563 -0.083119306089
0.324728664379 -0.227485113468
0.420218363388 -0.352240982178
0.518021330576 -0.444606683294
0.195239067858 -0.506657817275
0.258367864978 -0.688025318319
0.299001438462 -0.798026524658
0.337432186963 -0.899681648356
0.090660799590 -0.526992604748
0.124549382902 -0.746338629468
0.153103884979 -0.877493366222
0.180585775735 -1.000000000000
-0.012074890591 -0.495098212135
-0.005032714152 -0.704303713565
0.012623158028 -0.829174380488
0.036581086254 -0.943146098146
-0.115751554487 -0.421809918374
-0.148997337489 -0.584059249117
-0.156687888658 -0.693649646830
-0.150941474542 -0.803011754623
0.183656483582 -0.083549526299
0.324984480724 -0.227219429926
0.420083359269 -0.352656597436
0.514906643970 -0.446439381311
0.193410220693 -0.506975072965
0.257874581864 -0.688927121123
0.299106288743 -0.799096503355
0.338153179961 -0.901080127642
0.088829351759 -0.527388690186
0.122974892733 -0.746593690256
0.151392768253 -0.877743440755
0.178774951848 -1.000000000000
-0.013814549446 -0.495135292139
-0.006866238753 -0.703990309449
0.010704617478 -0.829909460165
0.034863437290 -0.944252707664
-0.117367770440 -0.421280513745
-0.151016333176 -0.583544870407
-0.158441395571 -0.693845098511
-0.152185858320 -0.803426876546
0.183663146156 -0.083674380869
0.323595370856 -0.227904442882
0.417820609476 -0.352850468713
0.511001307769 -0.446797413358
0.192642074832 -0.510149586865
0.257084361522 -0.691012372638
0.298820488986 -0.800005295990
0.338872020340 -0.900504654670
0.087841839680 -0.530452774030
0.121369967162 -0.748054639615
0.149766829551 -0.878475690051
0.177744898625 -1.000000000000
-0.014756182458 -0.497542163108
-0.007640884034 -0.705586205507
0.010653287616 -0.830257485472
0.035844636172 -0.943598530419
-0.117697440617 -0.422715489010
-0.151702701650 -0.585326564121
-0.158854004666 -0.695791764098
-0.151881735792 -0.805966775207
0.182710973440 -0.084667082121
0.321856652623 -0.229357809368
0.417345399238 -0.353552111075
0.513375835251 -0.447212539679
0.195227277980 -0.511802110094
0.259063245406 -0.692606733410
0.301490852377 -0.801353293157
0.342919392448 -0.901422457985
0.092181510721 -0.530537667139
0.125163394275 -0.748704816637
0.154060860688 -0.878799410224
0.183145325073 -1.000000000000
-0.009471307717 -0.496128644836
-0.002900794407 -0.705029233696
0.014612414578 -0.829059563302
0.039452908826 -0.942330183121
-0.111958581345 -0.419872546578
-0.145182643553 -0.582615642851
-0.151783392853 -0.692568008083
-0.144198462064 -0.802606938375
0.183141430537 -0.084798333056
0.321444675752 -0.230586612036
0.415991272436 -0.354670482653
0.514904438889 -0.446713085283
0.194983973834 -0.510227962541
0.258070871035 -0.690203304756
0.300497523187 -0.798948672710
0.341898277695 -0.899144879119
0.092435735620 -0.529082926262
0.125152426877 -0.747786601442
0.154414670336 -0.878307117304
0.184054539841 -1.000000000000
-0.008770367820 -0.495658055492
-0.002099303454 -0.705133530475
0.016992591281 -0.829001436396
0.043657857096 -0.942200695060
-0.110966360268 -0.420733377426
-0.144316048491 -0.583090826788
-0.150028121583 -0.692426460493
-0.141138751030 -0.801428172181
0.184748363424 -0.084149498221
0.325314579408 -0.227559249546
0.422458909141 -0.350391777502
0.519790055566 -0.444411822420
0.195745025518 -0.510857234259
0.260374859986 -0.690629374419
0.303794881566 -0.799307260285
0.345950306818 -0.899788782345
0.092886062942 -0.529582227824
0.126863975044 -0.747762941506
0.156466787084 -0.878226881762
0.185727432059 -1.000000000000
-0.008554875873 -0.495458405243
-0.000747907745 -0.704887811653
0.018236770344 -0.829076188258
0.044417736922 -0.943020923790
-0.110672223968 -0.419309830034
-0.143174365790 -0.581563447677
-0.149213800952 -0.691023402636
-0.141008550826 -0.800433929256
0.183821010147 -0.084972219670
0.323746735796 -0.230269660014
0.419808132473 -0.353791895515
0.518506683913 -0.446465058623
0.195523129836 -0.510219360194
0.259758871293 -0.691400742627
0.302671143290 -0.799444284309
0.344347870866 -0.898795767501
0.091757473057 -0.528928309665
0.124630204752 -0.748046605231
0.153634950418 -0.878563378493
0.182688224106 -1.000000000000
-0.010234350640 -0.495499920466
-0.002927682844 -0.703649879040
0.015571502209 -0.827489074103
0.041261970082 -0.940124361788
-0.112870247107 -0.421234065014
-0.146551139132 -0.583267651032
-0.153278961873 -0.692970702733
-0.145474852745 -0.802047777846
0.183370069722 -0.084483906813
0.323125011563 -0.230158930010
0.418927217280 -0.354879181180
0.516163270529 -0.447943083154
0.193962208847 -0.509858703806
0.258200251237 -0.690325964185
0.300892358648 -0.799145111104
0.342105309781 -0.899458281668
0.090559344887 -0.529061334362
0.123485849251 -0.747319791653
0.152130502896 -0.878216191202
0.180761215389 -1.000000000000
-0.011021526621 -0.495841920575
-0.004590647247 -0.704245507877
0.013654080914 -0.828729979307
0.039042894574 -0.941838426748
-0.113007562872 -0.421437815533
-0.146803123829 -0.583316291727
-0.153689007567 -0.692865127279
-0.146160204347 -0.801656130495
0.181166444003 -0.083922830661
0.319815500833 -0.229125555011
0.415122718813 -0.354091421326
0.513087632965 -0.447795690522
0.191979304061 -0.508283434356
0.256991713755 -0.690053591247
0.299713311178 -0.798995634156
0.340824930103 -0.899238799761
0.088520291810 -0.527656596327
0.121003257938 -0.746870561450
0.149045188547 -0.877918596188
0.177670759601 -1.000000000000
-0.013499778920 -0.494374276341
-0.007567979537 -0.703045284610
0.009942395716 -0.828555721272
0.035314546019 -0.942001471621
-0.116040629357 -0.419884303420
-0.150392104738 -0.583675534373
-0.156930376607 -0.693850594698
-0.148521620194 -0.802569807335
0.183463796164 -0.084676336487
0.322412775103 -0.228987178120
0.417903808186 -0.353229445844
0.514079335617 -0.446981905164
0.194861371572 -0.510362690684
0.259737220014 -0.691590508818
0.302863853853 -0.800162404543
0.345257017797 -0.900089621762
0.091658667424 -0.529186837816
0.123462934148 -0.748005976878
0.152128054421 -0.878728067229
0.181605400991 -1.000000000000
-0.009723798271 -0.494621909066
-0.004524712381 -0.703788561045
0.013455537212 -0.828862395173
0.039186719739 -0.942366585112
-0.111019887853 -0.418168055112
-0.147173497272 -0.580120738102
-0.155632307179 -0.690036262263
-0.149175852635 -0.799556942886
0.183423612020 -0.083502115225
0.322258566299 -0.228052858825
0.415673891869 -0.351636006804
0.509545466440 -0.443992585808
0.195880733278 -0.507669152602
0.260241150217 -0.688568886563
0.303691685929 -0.797253914257
0.345554247169 -0.897103624231
0.093038917237 -0.526647825897
0.124111707154 -0.746495704130
0.152339482751 -0.878091761525
0.180722985448 -1.000000000000
-0.007903353831 -0.493071132627
-0.003042726097 -0.702442496402
0.015154782154 -0.828329364560
0.040838763138 -0.942112128745
-0.108993734281 -0.418270923285
-0.144757701310 -0.580067861660
-0.152195967261 -0.690103100877
-0.144651053251 -0.799111256487
