0.178645393179 -0.095992549275
0.284590996470 -0.262562118111
0.330350512160 -0.405725846397
0.378174962959 -0.507855268986
0.168919784027 -0.515501714112
0.212516698105 -0.696451308396
0.230752263662 -0.808931541274
0.241966294844 -0.906165563454
0.065384191253 -0.534968758455
0.052255257748 -0.756589712189
0.040510400890 -0.889948084058
0.028346613776 -1.000000000000
-0.027876478782 -0.505300089649
-0.050887636309 -0.709315373538
-0.058742965791 -0.830413792117
-0.062345107785 -0.935208014771
-0.117649322126 -0.437739309855
-0.169474953732 -0.585456908273
-0.195497027282 -0.684062496302
-0.211712183589 -0.782248004630
0.176878113420 -0.096520803806
0.284208687578 -0.263678844591
0.333610772155 -0.405608823180
0.383775044377 -0.503745642111
0.168830958364 -0.516789893543
0.212015874646 -0.696976779221
0.228431008974 -0.809528704526
0.237073205260 -0.905690252552
0.066205579963 -0.536817086084
0.051484971127 -0.757643877997
0.037775089385 -0.891247748701
0.023143819096 -1.000000000000
-0.026922393896 -0.507268361778
-0.050061755755 -0.711316669708
-0.056233479606 -0.832834582971
-0.059201515422 -0.938555488721
-0.117456933697 -0.439324362222
-0.169967069492 -0.587395118351
-0.195598753940 -0.685656097999
-0.211902796464 -0.784224990409
0.177663225263 -0.096651583973
0.284356870833 -0.262930103010
0.334683533792 -0.403300184237
0.387353421705 -0.498757850340
0.168437579662 -0.518052666798
0.208905645292 -0.697787746808
0.223188531745 -0.809919635408
0.230157084038 -0.904549720748
0.067422539454 -0.537142824037
0.051374437054 -0.757655674260
0.037159046140 -0.891905459897
0.022665658579 -1.000000000000
-0.024904598580 -0.507160827675
-0.048393239245 -0.709448506408
-0.055628876890 -0.829685436027
-0.059141348598 -0.933549193530
-0.114489476876 -0.439145674492
-0.165086556511 -0.586495786598
-0.189263767545 -0.683132596869
-0.204412798467 -0.779118060705
0.177152929841 -0.095986689623
0.285929875619 -0.261599786139
0.341133394889 -0.400157138814
0.400965391126 -0.494043373403
0.167380593862 -0.518404604376
0.208534850891 -0.697068549450
0.223299110210 -0.809292312105
0.230546567419 -0.904437310995
0.066379350124 -0.538722615357
0.050386162374 -0.758622841930
0.036104015924 -0.892714823625
0.021431440256 -1.000000000000
-0.025069772479 -0.509537330134
-0.047325785317 -0.711571176706
-0.053467139239 -0.831906911500
-0.056818621559 -0.935634087648
-0.113138205524 -0.442341192801
-0.161387403815 -0.589133717522
-0.183629393309 -0.684857868399
-0.197556410681 -0.779533967795
0.176789431553 -0.095386198563
0.283388847140 -0.261987939089
0.338369735617 -0.398391565489
0.407002439260 -0.487370249307
0.164603520412 -0.518870931709
0.202724056438 -0.693287359485
0.217458130465 -0.804190129023
0.226004565719 -0.899748296073
0.063560843319 -0.538886315321
0.047345742925 -0.756144712872
0.033960543328 -0.889440408910
0.021207592500 -1.000000000000
-0.026851404864 -0.508026261585
-0.048496871054 -0.709375894540
-0.054559967222 -0.828801127530
-0.057039260840 -0.934545456516
-0.113671229797 -0.438155982027
-0.159607079159 -0.584331254433
-0.180214208705 -0.679113269657
-0.192154309540 -0.774334723782
0.176926779953 -0.095124394166
0.285070255807 -0.259403283954
0.339558493770 -0.396256385737
0.403505989828 -0.490790899281
0.162911925840 -0.520208884579
0.200675401351 -0.693736474729
0.214423575584 -0.804018307105
0.221257887865 -0.898346685028
0.061823819494 -0.539342779325
0.045444609984 -0.756746120766
0.030728694193 -0.889676157568
0.015807379800 -1.000000000000
-0.029176460706 -0.506967054149
-0.050727172069 -0.708857629880
-0.057689266445 -0.829495285250
-0.061706283164 -0.936664458873
-0.116323656437 -0.435047216729
-0.160643745318 -0.583349889065
-0.180567796406 -0.679732881292
-0.192475502501 -0.776928237075
0.176145442987 -0.095431988581
0.284883767129 -0.260718241521
0.339253849799 -0.396240686205
0.399096456470 -0.484061381654
0.162212518787 -0.520528433422
0.199738646836 -0.694112794676
0.214848677778 -0.803803502539
0.222799260032 -0.897747609592
0.060012578287 -0.539990159283
0.045014278972 -0.758025271892
0.031069047820 -0.889739017498
0.016618165644 -1.000000000000
-0.031302007778 -0.506971428488
-0.051875841258 -0.711133601179
-0.058781204667 -0.832097126569
-0.062279286429 -0.939720193675
-0.119124423293 -0.434244895764
-0.161930137208 -0.583691155565
-0.180304514714 -0.681707531564
-0.190152741882 -0.780116046328
0.176666078579 -0.095303462137
0.284036606918 -0.261933303626
0.337071555673 -0.399052827821
0.400658900277 -0.488174170842
0.160257157841 -0.521714353271
0.196985137155 -0.695801311374
0.211158016630 -0.806362728604
0.218726178675 -0.901391475159
0.057802117721 -0.540501668773
0.042233349400 -0.757920389956
0.027334685328 -0.889241494712
0.012222418251 -1.000000000000
-0.033854330172 -0.507478324133
-0.054934191820 -0.710124935204
-0.063375002652 -0.831006738753
-0.068367609122 -0.939084802794
-0.121515567641 -0.435070179427
-0.163422789292 -0.584379843763
-0.182645750160 -0.681550804376
-0.194102660640 -0.779375123908
0.175602683357 -0.095621803340
0.284021877439 -0.263233402877
0.339417739433 -0.399935716043
0.404390113244 -0.487080856026
0.161750972550 -0.521098512249
0.198259401316 -0.695567577417
0.212080014820 -0.806842415021
0.218682069550 -0.902236454907
0.060150639712 -0.539479788271
0.043655366563 -0.757344715432
0.028420020104 -0.889106456638
0.012745327053 -1.000000000000
-0.031639465637 -0.506718001512
-0.053908341912 -0.709819556681
-0.061580241065 -0.831356140047
-0.065914136215 -0.940050180844
-0.120039333230 -0.434917485856
-0.162788553520 -0.585398212512
-0.182403274935 -0.682993649955
-0.194410624102 -0.781576888387
0.176486409857 -0.093699223877
0.284348362814 -0.260993143784
0.338250701194 -0.398661484384
0.403918153042 -0.488474105668
0.162118627136 -0.520514677602
0.199930140028 -0.695333415729
0.214213270470 -0.806572953342
0.221476474803 -0.902251118388
0.060095448599 -0.539254260266
0.044886967790 -0.757506170084
0.029083299917 -0.889160218696
0.012951895700 -1.000000000000
-0.031516858769 -0.506677597683
-0.051924950464 -0.710242786157
-0.059758489816 -0.831598768586
-0.064229819287 -0.940479849548
-0.119134491126 -0.435180084192
-0.159541004085 -0.586297215776
-0.177797500853 -0.683817805629
-0.188417964073 -0.782501260046
0.176531467418 -0.095670991961
0.284285879713 -0.261765489497
0.336969862752 -0.398583859064
0.399062106310 -0.488195002038
0.160152259101 -0.519805931649
0.198655283706 -0.694401286738
0.214234341515 -0.804929649767
0.222742177406 -0.900185916823
0.057025142386 -0.538280830143
0.042090523287 -0.756918759181
0.027029272858 -0.888691059854
0.011811532557 -1.000000000000
-0.035143890260 -0.505504906873
-0.055600102244 -0.709569108812
-0.063451244780 -0.831793801010
-0.067425056555 -0.940535283621
-0.123279685829 -0.433805678168
-0.163298007009 -0.586538345459
-0.180738701002 -0.684721357275
-0.190044888108 -0.782821832598
0.176248564721 -0.094427096648
0.285604294153 -0.261432806323
0.339384260598 -0.398201381661
0.403474239456 -0.485908521146
0.160784131943 -0.519726679024
0.198981032900 -0.695342047760
0.214222943913 -0.806957046831
0.222284109766 -0.902844643949
0.056731431094 -0.538115481327
0.042398939882 -0.757899455556
0.027430518763 -0.889242451792
0.012964748827 -1.000000000000
-0.036599802001 -0.505149721436
-0.055180222980 -0.709974220819
-0.061936917227 -0.831628329872
-0.064237317754 -0.940152653935
-0.126281346161 -0.433358844248
-0.162319180622 -0.588383638850
-0.175450796364 -0.685595711589
-0.180547072056 -0.782391910772
0.175622011502 -0.095856768948
0.284819831727 -0.264167573759
0.340516110987 -0.400606649676
0.406217898079 -0.486864696288
0.160580269869 -0.520528672777
0.199183944862 -0.696744268991
0.213823927865 -0.808541075171
0.221319517951 -0.904161239911
0.057317271871 -0.538978969385
0.042406716729 -0.758483399235
0.026986837842 -0.890149358603
0.011953783409 -1.000000000000
-0.035554174714 -0.505881247089
-0.055628636225 -0.710737519183
-0.062802995103 -0.832528107914
-0.065386998077 -0.940968091887
-0.124641515708 -0.433853933358
-0.162732743468 -0.586836416521
-0.177102739985 -0.684191947214
-0.183216284285 -0.781250697752
0.175746295664 -0.093904784712
0.285052336540 -0.261295835132
0.340163160578 -0.397309567775
0.405877530336 -0.482675976040
0.161106344866 -0.519365392523
0.198648485854 -0.695656443713
0.213090902966 -0.807454931525
0.220368403252 -0.903070914031
0.057086453820 -0.538126649801
0.041751668765 -0.758143412824
0.026183319413 -0.889881878909
0.011154745746 -1.000000000000
-0.036459074436 -0.505183538257
-0.056341137647 -0.710264733463
-0.063804356702 -0.832136963198
-0.066440450075 -0.940329057627
-0.126414479229 -0.433270169911
-0.164374340980 -0.587324034945
-0.178495167785 -0.684858794051
-0.184178337863 -0.781781435520
0.175654530319 -0.095365816496
0.284333799860 -0.262570308252
0.339059278017 -0.399732063787
0.403641518473 -0.487042502012
0.159724996586 -0.520157038112
0.197374010673 -0.695984682618
0.212005188004 -0.807328049565
0.219723618853 -0.902541389781
0.056019047543 -0.539217672125
0.040773178077 -0.758738343414
0.025390634373 -0.890493602206
0.010400235336 -1.000000000000
-0.036935553078 -0.506835622987
-0.057088897127 -0.712106356491
-0.064562701608 -0.834307558577
-0.067603337025 -0.942253107767
-0.126004658525 -0.435642242582
-0.164052948957 -0.589396692540
-0.178705814408 -0.686910585484
-0.185102002613 -0.783387991427
0.175138081221 -0.096241573579
0.284128777912 -0.264072958567
0.339028759161 -0.400014434842
0.401525836282 -0.487119512283
0.160413179964 -0.520345045271
0.198474166151 -0.696301757676
0.213823944769 -0.807896041113
0.222069951746 -0.903619332340
0.057817502703 -0.538318832021
0.041997460572 -0.757784078041
0.026973159185 -0.889558132185
0.012244949639 -1.000000000000
-0.034528317632 -0.505092861171
-0.054939583411 -0.710154754571
-0.061680416316 -0.832366856916
-0.064135263861 -0.940983753468
-0.123094709994 -0.433138967721
-0.161371416067 -0.588028546105
-0.175559790733 -0.686054844154
-0.181549739397 -0.783461020508
0.175901435398 -0.094990272315
0.283374523918 -0.261593984260
0.335458294691 -0.399479579183
0.399198812231 -0.489148923558
0.159782390601 -0.521654502072
0.197573920175 -0.696673643858
0.213098968227 -0.808228971100
0.221753512513 -0.904078532345
0.056042577480 -0.539718168608
0.041125292368 -0.758577411480
0.026229095899 -0.889438438392
0.011496531669 -1.000000000000
-0.037280422907 -0.506718544726
-0.056583364457 -0.710378002555
-0.064296632836 -0.832256878989
-0.068020144974 -0.940217215208
-0.127261654626 -0.434787457428
-0.165473590180 -0.588723083104
-0.181802447437 -0.686153011057
-0.190326603384 -0.782797387103
0.176339383150 -0.094943332708
0.283175927331 -0.261471426340
0.336381356300 -0.399382239258
0.400779463134 -0.492146836797
0.159907991446 -0.519528070608
0.196509127121 -0.696343346654
0.211741397164 -0.807943100977
0.220301923198 -0.903511499202
0.058497949548 -0.538045568156
0.042033475942 -0.757829856881
0.029040266890 -0.890013097879
0.016712879773 -1.000000000000
-0.032710217459 -0.506190688147
-0.053220121225 -0.710470243309
-0.058279317094 -0.831241030715
-0.059560754312 -0.937489908956
-0.120861470738 -0.435932243934
-0.164654952535 -0.583778756216
-0.184492904485 -0.681319042584
-0.195450457595 -0.779551348835
0.176410691088 -0.094005774761
0.283923114910 -0.260898070446
0.338691948352 -0.399398558311
0.402356489296 -0.491726308436
0.163391271398 -0.517365600844
0.198609327124 -0.693854506278
0.212718517233 -0.805081845199
0.220847772567 -0.900096367097
0.064298391946 -0.537048810220
0.049339934479 -0.756248705786
0.038143708159 -0.889513384842
0.028212956066 -1.000000000000
-0.025408959633 -0.507006364892
-0.047238462697 -0.710073098571
-0.052230426778 -0.831307381983
-0.051964643289 -0.938799465232
-0.111353208325 -0.438575373864
-0.157955882822 -0.586347385534
-0.179391359927 -0.683468391712
-0.190293325956 -0.781499130023
0.175135266134 -0.094478332387
0.281097665804 -0.260333142803
0.333253598430 -0.400310140270
0.396726381605 -0.490889209339
0.165995156513 -0.520280400832
0.200097041250 -0.694675981399
0.213755413319 -0.805551493290
0.220792548370 -0.898926290235
0.066918851136 -0.540113416505
0.060862798888 -0.757293496285
0.054138561819 -0.888780151724
0.047333639751 -1.000000000000
-0.024116044321 -0.510949955495
-0.047760841480 -0.713312973526
-0.058557332258 -0.832300726143
-0.062327114669 -0.937514621415
-0.112262163489 -0.441929347860
-0.160480902078 -0.588137178529
-0.185582901485 -0.684551256570
-0.199419355478 -0.780436862491
0.174244752135 -0.095463014255
0.280034548663 -0.260621683313
0.332654842745 -0.400848231031
0.391908898109 -0.491954003458
0.168837139542 -0.520602656085
0.207368539870 -0.694825387152
0.222659461676 -0.805604078605
0.230476891984 -0.898690685158
0.069084045274 -0.540527889677
0.063892932493 -0.757400864088
0.057773712262 -0.889366618300
0.050673260585 -1.000000000000
-0.022915094049 -0.511124344097
-0.049479044885 -0.713884548252
-0.060636939372 -0.834915340773
-0.065316636042 -0.941857569124
-0.111177194660 -0.441140413495
-0.163023235803 -0.587890958947
-0.190162810520 -0.685931170564
-0.206035947880 -0.783462688187
0.172755539730 -0.098150402450
0.278671517848 -0.262555793974
0.330761985105 -0.402509875721
0.385007184050 -0.493992112933
0.163056212297 -0.520339801971
0.203323262459 -0.693704902667
0.219063376756 -0.804546868113
0.227292963760 -0.898753553554
0.062591969677 -0.539952069947
0.059273624137 -0.755740469910
0.054433260716 -0.888408418476
0.048231431889 -1.000000000000
-0.029602254127 -0.509980496178
-0.056196107310 -0.712957763159
-0.065228162994 -0.835674676681
-0.068091283529 -0.944629110384
-0.119057834513 -0.439195284075
-0.174420243729 -0.582216921543
-0.203101230134 -0.679934199428
-0.220148182837 -0.778322053115
0.173045828794 -0.096519830868
0.278624249918 -0.263030380392
0.330028063492 -0.404601806814
0.383897040046 -0.495488970718
0.164623400181 -0.521754000175
0.205588987607 -0.695013892723
0.221506308467 -0.805822351032
0.230210737820 -0.899252684613
0.063584819919 -0.541820115336
0.061213592089 -0.756574834927
0.057316845713 -0.888699297585
0.051886866781 -1.000000000000
-0.029434120183 -0.511816623160
-0.055638609314 -0.713931841090
-0.065124790027 -0.835815627028
-0.068551177135 -0.944003873214
-0.119411592469 -0.440337418084
-0.174764929912 -0.584999623393
-0.204651393734 -0.684338826965
-0.223054871395 -0.784264600377
0.173124154844 -0.097925633311
0.277575971908 -0.263422175739
0.326688251743 -0.405613910408
0.379727376959 -0.499239040389
0.164956077701 -0.522996420699
0.205628653691 -0.697974934144
0.221722046505 -0.808938355575
0.230946591045 -0.903341635878
0.062372476994 -0.542122839727
0.059320688381 -0.757717739813
0.055330437344 -0.888958348905
0.050542331795 -1.000000000000
-0.031388637572 -0.511358253738
-0.058363341247 -0.713734615551
-0.068793180350 -0.834454619071
-0.072475894384 -0.941373324690
-0.122061612906 -0.439441782177
-0.178335356162 -0.583848385040
-0.207745844884 -0.682564827789
-0.225040178014 -0.781944241256
0.173761894015 -0.096949442122
0.278039634585 -0.262890233583
0.327478350069 -0.406218521250
0.381613481317 -0.501472310462
0.166167172581 -0.521571807390
0.207491847658 -0.697899566475
0.224485183897 -0.809064189266
0.235002912470 -0.904093496530
0.064315273080 -0.541191096003
0.064775877055 -0.756544749725
0.063753118622 -0.887783432813
0.061871494039 -1.000000000000
-0.029577754367 -0.510950102298
-0.054874214877 -0.714869291737
-0.062999723824 -0.836851283190
-0.064459659046 -0.945265698849
-0.120908347504 -0.439331942895
-0.177552295190 -0.583606127729
-0.206728160581 -0.682211487212
-0.223550252908 -0.782033504308
0.173921894747 -0.099290632442
0.277263900380 -0.263332290944
0.324862138192 -0.405113194881
0.375158846217 -0.502511796484
0.164374696301 -0.522050448912
0.205738340480 -0.698622269964
0.224830866511 -0.809707189027
0.237474043810 -0.905646408607
0.061884227627 -0.540606530291
0.064181742880 -0.756038168657
0.065273045393 -0.886571274194
0.065276984047 -1.000000000000
-0.033239481366 -0.509741540242
-0.056702633100 -0.714162105613
-0.063803139779 -0.836324636306
-0.064325405279 -0.945571582553
-0.127030152968 -0.437575702927
-0.183626639346 -0.581721719262
-0.212474915544 -0.681287294359
-0.228881181189 -0.782778538861
0.173262449577 -0.098416423101
0.277013508406 -0.263450114586
0.324803727442 -0.406191914177
0.376911018900 -0.502902081496
0.162208531860 -0.520793594570
0.202105457290 -0.698491236479
0.221222036968 -0.810787179780
0.234748772036 -0.908040991472
0.059814978604 -0.539488450980
0.060696363257 -0.754965151182
0.062176294301 -0.885683335254
0.062922263000 -1.000000000000
-0.034779757293 -0.508963323214
-0.058640717584 -0.712440654340
-0.065444877206 -0.834034241292
-0.065683232904 -0.942267300022
-0.127594600062 -0.437422366174
-0.185489348947 -0.580357399214
-0.216047395781 -0.680202996978
-0.234163806607 -0.782013848299
0.174718498155 -0.097530961826
0.277294065186 -0.261472993726
0.323026856056 -0.404749969534
0.374919788535 -0.503520839175
0.161682832169 -0.519711268016
0.201146631729 -0.697877427156
0.219578217549 -0.810834867925
0.231989258285 -0.908619120332
0.058897672620 -0.538978702867
0.060616924455 -0.754605063372
0.061918375355 -0.885697138391
0.062172654580 -1.000000000000
-0.036268996624 -0.509298400291
-0.060268328597 -0.712822424135
-0.067241926452 -0.835234514193
-0.067512617167 -0.943889685427
-0.129834210959 -0.438589027617
-0.187802311101 -0.581553245910
-0.218389966381 -0.681323819959
-0.236371126016 -0.782606129476
0.176813345058 -0.096576139362
0.282009549133 -0.260463210575
0.331466390980 -0.405070794901
0.386907393675 -0.502305589572
0.159757421071 -0.517388285555
0.200019678508 -0.696512412371
0.218181723106 -0.809564628175
0.230078612162 -0.906035357529
0.056533507692 -0.538168153864
0.060343412908 -0.753923535158
0.063507859107 -0.886288499905
0.065943771314 -1.000000000000
-0.039150315659 -0.509599340590
-0.065270785079 -0.713346453654
-0.072887142275 -0.836294371638
-0.072486961632 -0.943825308125
-0.132308590680 -0.440019781119
-0.191964267105 -0.583175526645
-0.223240712875 -0.683389476773
-0.240767362170 -0.783630954121
0.174499145345 -0.095211224828
0.280549761825 -0.258992556461
0.329307896592 -0.404490698195
0.382929938786 -0.500277382072
0.162217749474 -0.519269085562
0.203805303170 -0.698360870947
0.223333494623 -0.811631158738
0.236059244787 -0.908306168648
0.058310814204 -0.540190116950
0.063193182918 -0.755560737715
0.066813076026 -0.886409440964
0.069511385635 -1.000000000000
-0.037871405215 -0.510634534303
-0.064415478076 -0.714638172904
-0.074282394286 -0.838388856826
-0.076209278779 -0.947289446831
-0.132319250888 -0.439257991019
-0.192938614481 -0.582526747240
-0.226260151595 -0.682584393102
-0.246101790033 -0.783133755838
0.174533232444 -0.095749807952
0.280084215021 -0.260181417859
0.329671979807 -0.404938994427
0.383804397750 -0.498480159434
0.162716287418 -0.518161282409
0.204310389944 -0.696597617558
0.225028372080 -0.809642516956
0.239327969532 -0.906695710047
0.059424830689 -0.539384844162
0.065672079456 -0.754550991980
0.071441664044 -0.885971893732
0.076559789922 -1.000000000000
-0.036118147000 -0.509680232339
-0.063097163304 -0.715045808645
-0.071824602817 -0.840069016123
-0.072141863996 -0.950964537497
-0.129549447277 -0.437541494675
-0.192844578800 -0.579478430302
-0.227115285003 -0.678907389719
-0.247286725185 -0.779570167228
0.173335546011 -0.096216579405
0.277688154535 -0.260675070180
0.327194527573 -0.405167288338
0.381552305962 -0.501146237976
0.161066422144 -0.517264807061
0.202278346218 -0.694580473810
0.223312321485 -0.807736692384
0.238336547480 -0.905348914310
0.058354040387 -0.538610053527
0.065514676220 -0.753207173932
0.072756067415 -0.885112263322
0.079597704850 -1.000000000000
-0.036797657408 -0.508800580497
-0.063934893320 -0.714311692393
-0.071801917793 -0.839644725469
-0.071356634886 -0.950798458829
-0.129881507697 -0.436156152709
-0.193744084247 -0.578032861201
-0.228066584906 -0.677740405119
-0.248322492564 -0.778624580661
0.172898296142 -0.096840423123
0.277015261015 -0.261863929158
0.325930220716 -0.406212564418
0.378907765520 -0.501744852343
0.161854102136 -0.518093609603
0.203621754831 -0.696486093127
0.225929118506 -0.809591544646
0.242601084824 -0.907271529261
0.059030071248 -0.539339698927
0.066529694456 -0.754060758268
0.074955467413 -0.885158494268
0.083252005625 -1.000000000000
-0.036619867217 -0.509542781014
-0.063080925511 -0.714704049625
-0.070905786234 -0.839661937745
-0.070326771566 -0.951064841260
-0.130903114047 -0.437073029532
-0.194281856236 -0.578756711415
-0.228628971130 -0.677572204598
-0.249093664372 -0.777913806633
0.172124815073 -0.097158452534
0.279360621254 -0.259767102308
0.330899383570 -0.402186556439
0.380021171049 -0.495787544328
0.163151382325 -0.517120656584
0.204923259568 -0.696744974189
0.227532832376 -0.810311007928
0.244248103994 -0.908590099276
0.059690838753 -0.538428508388
0.067204844015 -0.753427334768
0.075812783485 -0.884794092990
0.084108981568 -1.000000000000
-0.036194408695 -0.508381494942
-0.063377787689 -0.713123806944
-0.072644163349 -0.838608514806
-0.073348322915 -0.950781698994
-0.130232314278 -0.435487615384
-0.195289138729 -0.576562648068
-0.230719712489 -0.674900374505
-0.252282200415 -0.774792279598
0.171344714669 -0.097612951895
0.279867359467 -0.263239143061
0.332319042598 -0.407496223942
0.382549886857 -0.501791601415
0.160928666186 -0.518658273590
0.202138096478 -0.696844114981
0.224613138079 -0.810258591085
0.242622500248 -0.909128667840
0.057870892934 -0.539469271513
0.063831409040 -0.752805654329
0.072122332688 -0.883970913470
0.081230094181 -1.000000000000
-0.037247005710 -0.508486022714
-0.065581775852 -0.712419415988
-0.074867305926 -0.837413534477
-0.074731784215 -0.949798243150
-0.129593051180 -0.434748893709
-0.194782360449 -0.575447871083
-0.229559485409 -0.675040193676
-0.249880766018 -0.777032245752
0.170947037210 -0.099164639741
0.280547577353 -0.264784974185
0.334202856149 -0.410010324514
0.386163347808 -0.510110729144
0.160010357896 -0.517700854508
0.201198871076 -0.696341744135
0.226071125051 -0.810170354294
0.247749678328 -0.910870761349
0.059631025214 -0.537304502578
0.064549229120 -0.750831148662
0.075404626241 -0.882015837719
0.088132135810 -1.000000000000
-0.033969741587 -0.505847784017
-0.062469686846 -0.708527991501
-0.070115165676 -0.834504502185
-0.067566478510 -0.948439157930
-0.125173217804 -0.431865474766
-0.190154106838 -0.573529812885
-0.222728552666 -0.673960298966
-0.240223937783 -0.776607472812
0.169520704191 -0.101517664544
0.283953153839 -0.266934519345
0.343276063920 -0.410122843009
0.391627995346 -0.509926506803
0.154735062222 -0.518271711677
0.186628735786 -0.697096970639
0.209398680534 -0.810649647355
0.230968343425 -0.911423436589
0.056243354099 -0.535640073629
0.055343094331 -0.749749033240
0.067678443030 -0.881881250246
0.083096153464 -1.000000000000
-0.035906964853 -0.502501322907
-0.066481257176 -0.703711811900
-0.072192706384 -0.829964899665
-0.066889736138 -0.943833513863
-0.124338790100 -0.427173816228
-0.190952401425 -0.569124367368
-0.221662579277 -0.671524465472
-0.236435498607 -0.775426463900
0.171757771265 -0.100464073157
0.287069646060 -0.264648293783
0.345479114891 -0.408514788890
0.393189590755 -0.509619501882
0.155143054967 -0.518428608549
0.187104825641 -0.696030210170
0.210646273874 -0.809266990049
0.232892727769 -0.910106156994
0.056674441988 -0.536591434799
0.057195987122 -0.749754108213
0.070682111081 -0.881172323647
0.086480150312 -1.000000000000
-0.036335538693 -0.504501434388
-0.066068263653 -0.704385351584
-0.071732955225 -0.830454809576
-0.067147215600 -0.944411682296
-0.126415620127 -0.429816699444
-0.191760059386 -0.573138508942
-0.222134466107 -0.674913484000
-0.237528043743 -0.777918454102
0.169436445757 -0.100730633899
0.283023974698 -0.264923591829
0.339884210863 -0.408538134101
0.384395149611 -0.505683220856
0.153074912994 -0.517960111606
0.186318802655 -0.695088669582
0.210145804353 -0.808312723838
0.232343861951 -0.908447656048
0.053610681149 -0.536893062136
0.055359293679 -0.749356679239
0.068770200255 -0.881532433693
0.084272252072 -1.000000000000
-0.039966832950 -0.504590943634
-0.071069675150 -0.703966129087
-0.079265945134 -0.830256667706
-0.076919281149 -0.943777991421
-0.130104872906 -0.429089951391
-0.197722961724 -0.570895005270
-0.229225748412 -0.672135550222
-0.245501720670 -0.774171902342
0.169056419981 -0.103354942620
0.280887381818 -0.269282984169
0.337723063536 -0.412629132912
0.382454714119 -0.511517585455
0.150603235166 -0.516166574940
0.188657875518 -0.694409378050
0.216686905940 -0.807541079845
0.242696247268 -0.908828939552
0.052217000128 -0.534242347984
0.053189750711 -0.748086590789
0.067202672041 -0.880710881199
0.083747159857 -1.000000000000
-0.040204834515 -0.501325801327
-0.073943630722 -0.701265675777
-0.082514848121 -0.828373470585
-0.079722657893 -0.943279560729
-0.128690410257 -0.425464296715
-0.197662628629 -0.566724888011
-0.229997795010 -0.668070707037
-0.246674091980 -0.770404949813
