0.229026918650 -0.071841498633
0.404417334830 -0.210125396719
0.537758553661 -0.316785027708
0.605422250396 -0.434631124318
0.280701515673 -0.493439948285
0.414034777392 -0.606307319924
0.515348303565 -0.562794531244
0.579612722204 -0.509178080696
0.216364050748 -0.542038286160
0.349426531958 -0.743043818401
0.464777755783 -0.849743254841
0.566980727895 -0.932949896037
0.138214631429 -0.548294604977
0.237788812568 -0.767689479765
0.330261908131 -0.897045140515
0.424719984765 -1.000000000000
0.059519672536 -0.523903710435
0.111286651625 -0.716706216495
0.181471479613 -0.823063457349
0.270862785836 -0.910894334192
0.230381294113 -0.072230241036
0.405048657600 -0.208986119387
0.537837666305 -0.314310254267
0.609610075008 -0.430356090796
0.284891066262 -0.490363680512
0.419303810029 -0.604568214884
0.520406848074 -0.561214919550
0.584996830039 -0.507268931000
0.221348629569 -0.539515055152
0.353774228623 -0.741109757334
0.467435842539 -0.847570793975
0.568778308106 -0.930648932754
0.143652483997 -0.547177892694
0.242577657072 -0.765497556678
0.332470843755 -0.895531593124
0.425857390474 -1.000000000000
0.065361678967 -0.523829401069
0.116855310582 -0.716882261137
0.185872986372 -0.823436164701
0.275129428287 -0.911602238045
0.223718672129 -0.073610510012
0.398678363330 -0.210228944686
0.531817791187 -0.315339545908
0.598956222517 -0.434639296923
0.273064634213 -0.492157732842
0.404751061367 -0.605663308062
0.506605394156 -0.558550566289
0.572954275482 -0.499379220974
0.210605932381 -0.540398579024
0.341362734483 -0.740848296162
0.457311761696 -0.845849195751
0.560525791229 -0.926087482942
0.132493049798 -0.546012658330
0.230819778303 -0.765321705993
0.322806919747 -0.895491447531
0.418916269763 -1.000000000000
0.052270703687 -0.520326872749
0.099531659790 -0.711454035582
0.169419818321 -0.817653791773
0.261090282160 -0.905863850031
0.231049691365 -0.073854259913
0.405276104137 -0.213088695471
0.535875995725 -0.321240441710
0.602753914464 -0.436304353191
0.283606720822 -0.494844010162
0.418391121675 -0.603963283101
0.517613154389 -0.561013251754
0.579639611007 -0.508069537465
0.217642842216 -0.545520426484
0.351205317407 -0.743784362189
0.464357382142 -0.849712263329
0.564548372103 -0.932105220555
0.138181036294 -0.552563844424
0.238683488152 -0.769939174329
0.329835327735 -0.898342580032
0.422250101996 -1.000000000000
0.056755248131 -0.528333714217
0.106832901010 -0.719721605994
0.176040704152 -0.826637121100
0.264397175194 -0.914810680799
0.232193836603 -0.075053426053
0.406959473999 -0.212414549104
0.539103359001 -0.318347653815
0.604018519198 -0.435322999693
0.283890574867 -0.495132678235
0.420039196841 -0.603955985039
0.519469386699 -0.559801966394
0.582315299941 -0.505133360970
0.219178680579 -0.545490850703
0.351855201975 -0.745616959264
0.464213741357 -0.851359053804
0.563901401367 -0.933269954226
0.140722423781 -0.551675156207
0.239431059517 -0.768869084678
0.328227891534 -0.897218234291
0.420651465645 -1.000000000000
0.061489093369 -0.525027832484
0.110180684661 -0.716967645687
0.179364070248 -0.824584270399
0.269960881675 -0.913391923337
0.228638281910 -0.072219635533
0.405787348467 -0.209815998619
0.539486314769 -0.317246748735
0.599438040629 -0.437911700983
0.276323288746 -0.492534232846
0.410463510216 -0.602962446221
0.512961076774 -0.558448182016
0.577562611312 -0.504151174068
0.213885007864 -0.541655481991
0.346443807010 -0.741734993648
0.462920168991 -0.847991762126
0.564671673790 -0.929330591741
0.136355069992 -0.548534585755
0.237379880951 -0.767417508888
0.331012179544 -0.897069135791
0.426340837945 -1.000000000000
0.058050335991 -0.524645726335
0.107736310786 -0.716543324179
0.179521080978 -0.822602087437
0.271715073466 -0.910144862309
0.230133053039 -0.072707772741
0.406266957077 -0.211016431420
0.538205898360 -0.319822421396
0.600585909428 -0.438696292422
0.279073091912 -0.491652819908
0.411807925056 -0.602856140103
0.512466393266 -0.562559823747
0.575744245999 -0.511374624475
0.215383546314 -0.541913438536
0.347670054591 -0.741381134204
0.462317657200 -0.848411743402
0.562505551169 -0.931270832341
0.137564655536 -0.549697937942
0.237221623840 -0.768489929288
0.329890977873 -0.897699508192
0.423938283259 -1.000000000000
0.058980624710 -0.526181741183
0.109353364285 -0.718546006648
0.180690098872 -0.825033095446
0.271802235176 -0.912704783379
0.228375925152 -0.072048398324
0.402695059505 -0.209986503823
0.534203204695 -0.317243686219
0.598664759526 -0.434442680904
0.275943611501 -0.490482745382
0.411064550648 -0.603283559571
0.512491510186 -0.560474118475
0.576339871281 -0.507982226035
0.213425239357 -0.540374717024
0.348060323291 -0.740604343153
0.463575575622 -0.847947145621
0.565155595430 -0.932423255865
0.136524441484 -0.548452059934
0.237235637853 -0.766294652014
0.329046712974 -0.896378574571
0.422523112408 -1.000000000000
0.058304173586 -0.525631512045
0.109077432599 -0.718072450420
0.178866643878 -0.823825625135
0.268269639561 -0.910398950839
0.233675736499 -0.073445365327
0.408612038762 -0.209588566378
0.542274450953 -0.315423618955
0.607046718090 -0.433759882877
0.281810866462 -0.492608842365
0.418488796701 -0.601192647330
0.519141264535 -0.559712803470
0.582169752320 -0.508009019003
0.217822884772 -0.543857556003
0.352714471344 -0.744486294031
0.467272852795 -0.852208111712
0.567798506120 -0.934456623988
0.139690413682 -0.552029784799
0.242550276502 -0.771307981851
0.334660493483 -0.899416289907
0.427485519448 -1.000000000000
0.060437135521 -0.529473412735
0.110699762538 -0.721231923093
0.181799498675 -0.827764076141
0.272146211379 -0.915756075806
0.224111187280 -0.072917839862
0.401487117493 -0.211890431560
0.533156908579 -0.321004316247
0.592791221686 -0.440887151098
0.276108549957 -0.492962495294
0.409062079560 -0.604061753744
0.509302659491 -0.561087031423
0.572041391082 -0.507404077374
0.211611285501 -0.542670177700
0.344583784654 -0.742220123137
0.458838338080 -0.849273271769
0.558964386376 -0.934047695640
0.131929967595 -0.549326227768
0.233995592873 -0.767330172324
0.325036972765 -0.896592219516
0.417985149620 -1.000000000000
0.049488183280 -0.523997115993
0.101278706426 -0.714318335562
0.171701415470 -0.821415356240
0.261882895331 -0.910274106826
0.229778811191 -0.071722499535
0.405741167749 -0.208451582845
0.539015007775 -0.314586615224
0.601147235628 -0.431495498670
0.278326574883 -0.489033189602
0.415318905729 -0.597831096545
0.517781563354 -0.557566399078
0.581933905690 -0.507242510307
0.215820962072 -0.539720317000
0.350857955791 -0.739775393669
0.465306175069 -0.848505976726
0.565339443095 -0.933092113281
0.138165246638 -0.547890142219
0.238481259071 -0.765892943323
0.330337301026 -0.895992474049
0.423694442823 -1.000000000000
0.059110968983 -0.524994291197
0.108198437871 -0.717040332141
0.178801578323 -0.822723554396
0.268881574777 -0.910060957959
0.226251832831 -0.072363168476
0.400668880186 -0.211044157949
0.531650695365 -0.318899987935
0.596163577663 -0.434557543748
0.275415600792 -0.491939229476
0.409382232457 -0.604119824510
0.509822559882 -0.561828079589
0.573609772150 -0.509361494214
0.211626406469 -0.542445126258
0.344211307851 -0.742452963304
0.457598102365 -0.849394154123
0.558214991262 -0.934189267992
0.133294794253 -0.549596103739
0.232901786412 -0.767016453813
0.322939257760 -0.896421722508
0.415980811169 -1.000000000000
0.052853046487 -0.524666924056
0.103537090386 -0.715963985503
0.173636276192 -0.822855704225
0.264273121015 -0.910974665113
0.228684812560 -0.071579171969
0.402237575575 -0.210759251074
0.533674296776 -0.318839721883
0.601262355529 -0.432488355308
0.277495776343 -0.493525489440
0.413975746073 -0.603701240987
0.514456776770 -0.564085661397
0.577937171968 -0.514821623087
0.214026598617 -0.544135027824
0.347086830241 -0.744746463632
0.459284710282 -0.851985086966
0.558203966435 -0.935287890475
0.136948597561 -0.550779232496
0.236271961187 -0.767977313019
0.326375556538 -0.896748591610
0.418750968601 -1.000000000000
0.058881151750 -0.524712212152
0.108003977191 -0.718064809308
0.177433451745 -0.825143762655
0.266904254334 -0.913320200139
0.226363358176 -0.071386809194
0.399804997979 -0.209531600586
0.532170590740 -0.317960025702
0.602501803235 -0.431150592431
0.281310741348 -0.491192626590
0.415854085178 -0.604635713922
0.514797763120 -0.563009988194
0.576523586803 -0.512539226182
0.217884229666 -0.542631145116
0.349546941532 -0.744526328979
0.461878754879 -0.850866616752
0.559430620243 -0.935176693879
0.140577135519 -0.550609457040
0.239058974959 -0.769996893710
0.328370920882 -0.897572047882
0.418370044871 -1.000000000000
0.060975635030 -0.525833144620
0.110550777884 -0.717911052009
0.178511261917 -0.825514540619
0.265227777489 -0.914946350133
0.229184616174 -0.071620217472
0.406189451715 -0.209061711820
0.537558109460 -0.317218699682
0.602224597715 -0.434027332788
0.281485995472 -0.489212833045
0.414779500259 -0.601756462795
0.514233970779 -0.559916635146
0.577176628538 -0.507981048549
0.216673349610 -0.539776069084
0.349336375293 -0.740744213723
0.462454947446 -0.848426009954
0.562518607336 -0.933677517354
0.137772043371 -0.547766895362
0.239204824477 -0.765872318413
0.329483659183 -0.895611833145
0.422655983925 -1.000000000000
0.056739052756 -0.524474372334
0.106971221483 -0.716808214488
0.176713317695 -0.823955973310
0.267516900470 -0.912857115092
0.225489166208 -0.073294182142
0.397969381858 -0.211611290365
0.528410503413 -0.318911099085
0.594660938950 -0.435638927957
0.272944268345 -0.491500468128
0.405984200850 -0.605941789341
0.506874788977 -0.561871553358
0.571434239674 -0.507572799332
0.210174203220 -0.540320364613
0.341019481976 -0.742262354643
0.453790371405 -0.849732618825
0.553396671266 -0.934602714682
0.132497300080 -0.546225717908
0.229679450291 -0.765752057652
0.318930501487 -0.895633584559
0.411289746134 -1.000000000000
0.052965741527 -0.520573361228
0.101465835633 -0.713368844491
0.171205291325 -0.820005162467
0.261547003540 -0.908125398798
0.228166200177 -0.071934948929
0.405820776377 -0.211728155201
0.539361190387 -0.319576536755
0.603976578681 -0.431957617807
0.284241543110 -0.494777190996
0.423458342948 -0.604250055895
0.521284832775 -0.559677016317
0.581891400612 -0.507578889727
0.219357938312 -0.545757416704
0.353561042370 -0.745073165716
0.464645477961 -0.850714679414
0.562832246718 -0.934184213327
0.140448363939 -0.551903241195
0.239962385923 -0.769221139924
0.327830431374 -0.896978977485
0.418042840512 -1.000000000000
0.060105804038 -0.525193062080
0.110844037085 -0.717287051838
0.179339398294 -0.823762746760
0.267466175029 -0.912327517459
0.224850136594 -0.072937058023
0.401924977760 -0.211931441170
0.534878535729 -0.319403177078
0.600931659972 -0.435500824700
0.281297751566 -0.493300092487
0.415394582871 -0.605715748436
0.514791118596 -0.561701627298
0.577515164680 -0.507809296396
0.218869035241 -0.543081466429
0.349626405080 -0.742557279885
0.461260023705 -0.847434239491
0.559626313533 -0.929004402244
0.141527196474 -0.549899137278
0.239555513652 -0.766946833629
0.328576986528 -0.896021810650
0.420700055971 -1.000000000000
0.062412190223 -0.524609802689
0.112579173204 -0.716028606563
0.180583883421 -0.822511154227
0.269347358881 -0.910373362682
0.226283975050 -0.075162106112
0.403578132792 -0.212559439007
0.536322103884 -0.319106998052
0.599196894691 -0.437125219129
0.279564629896 -0.492959480283
0.415355839604 -0.603202545412
0.515456809488 -0.559129855918
0.579193360457 -0.505401589714
0.216762010112 -0.541935308494
0.348056043104 -0.742024500910
0.459580620785 -0.848176947451
0.558473043974 -0.930831466812
0.138724111303 -0.548313621325
0.237689381125 -0.764980370456
0.326744369344 -0.895045826910
0.419086636365 -1.000000000000
0.058797366481 -0.522423618190
0.108046141049 -0.713486385578
0.175908203864 -0.820069116074
0.264469599517 -0.908265046570
0.228494628320 -0.071364401695
0.405270984645 -0.208172238384
0.537984243902 -0.314990402661
0.604040916177 -0.431901134694
0.283260538829 -0.487380879885
0.415948987785 -0.603150736887
0.515932113189 -0.560990414508
0.579256780268 -0.507629197905
0.219309630998 -0.538299159236
0.349708272527 -0.741328485193
0.462955177058 -0.848931644246
0.563187841452 -0.932390350380
0.141509548546 -0.547490897621
0.239651526140 -0.766238906340
0.331449724804 -0.896464633622
0.425444393102 -1.000000000000
0.062430100114 -0.525328077857
0.114238239652 -0.717461532713
0.183891528241 -0.823606887061
0.273042204379 -0.910179365922
0.225695980025 -0.071900849354
0.401518229112 -0.209812833276
0.534638913404 -0.316320078733
0.598977667181 -0.435086495723
0.272943330382 -0.491334571435
0.406521581682 -0.603551151563
0.508184196353 -0.559445292398
0.573401284856 -0.503808577712
0.211097549817 -0.540860060260
0.343352934123 -0.740413103846
0.459428154499 -0.846102916215
0.561921097906 -0.927211318048
0.133145879488 -0.547827167713
0.232473249229 -0.766897506719
0.325986767952 -0.896684576517
0.422201736223 -1.000000000000
0.052743598846 -0.523754350418
0.100522591676 -0.715647557760
0.171231438041 -0.820893274999
0.262606941733 -0.907056731215
0.232640830562 -0.073649577824
0.407781086019 -0.212492022379
0.539131066113 -0.319580923885
0.607457316681 -0.434326074133
0.285779898314 -0.492650742355
0.421702391790 -0.602155710634
0.521417937442 -0.560274236229
0.584409284066 -0.508504121808
0.220338749413 -0.542976873775
0.353045947020 -0.742338544733
0.466076434587 -0.848910433729
0.566645949964 -0.930950544567
0.141544865286 -0.550218629338
0.240993152548 -0.768312575357
0.332617030721 -0.897529302000
0.426174414743 -1.000000000000
0.062497646620 -0.526115845055
0.112989670789 -0.718679434043
0.182164639801 -0.825419065672
0.270757892164 -0.913462047409
0.225722293357 -0.074177155822
0.399688672918 -0.213206478220
0.531844726606 -0.319487994232
0.602163379322 -0.437351778949
0.275336983600 -0.495238575228
0.406270813649 -0.607161333224
0.507001331421 -0.564066684316
0.572729925634 -0.509315887791
0.212698496461 -0.544080718938
0.342468447054 -0.743589714703
0.454874679090 -0.848493145893
0.554968865809 -0.928847669805
0.135916802620 -0.550149936838
0.234173661496 -0.768046125107
0.324089555552 -0.896965895039
0.417494004750 -1.000000000000
0.057677690100 -0.524186064575
0.107547339672 -0.716257303770
0.176997786696 -0.823024606243
0.267310705792 -0.910649977306
0.228921868953 -0.074731721521
0.404972959330 -0.213124108826
0.538185380218 -0.320971177252
0.601075496564 -0.438829681196
0.279628068913 -0.495196208739
0.413288284108 -0.607148736795
0.513880925108 -0.567034149345
0.578585685980 -0.517105922152
0.213467617348 -0.545231475534
0.342233065603 -0.747326075314
0.452316631124 -0.852215007359
0.551365459342 -0.933674060102
0.135115506786 -0.552311295109
0.231613743326 -0.770044153237
0.321102202984 -0.897851413468
0.414004595359 -1.000000000000
0.056474844277 -0.526119758158
0.108463284479 -0.719302652559
0.177386970151 -0.826354347298
0.266106277234 -0.914358560396
0.231505892970 -0.071992350013
0.408256400436 -0.209351216467
0.541969596035 -0.316554844637
0.608055241651 -0.434316462187
0.282695839385 -0.494092326668
0.419370737999 -0.605434283918
0.521671597744 -0.561096242462
0.587263546278 -0.505544892282
0.217603021957 -0.544113198715
0.352025357714 -0.744682332839
0.466479812151 -0.850217815468
0.567830197132 -0.930743821020
0.139621658063 -0.550815268449
0.240427441942 -0.769419049871
0.332540305426 -0.898200329098
0.427125250362 -1.000000000000
0.060952810195 -0.525490597989
0.112201811668 -0.719742499174
0.182398696154 -0.826994134550
0.272939608313 -0.914804589393
0.229420525730 -0.075608459848
0.403615803256 -0.214790151124
0.535687840931 -0.321662826871
0.603808570100 -0.437105315970
0.279847231740 -0.495432727937
0.412727731123 -0.609411281284
0.514531820977 -0.566098958813
0.579876911109 -0.511325558825
0.215606323824 -0.543065789347
0.345900222709 -0.745110386622
0.458059379485 -0.851209717471
0.558893553774 -0.933262439906
0.138066737520 -0.548551285508
0.235565391177 -0.766163778841
0.325642175563 -0.896291116329
0.419810078274 -1.000000000000
0.060670241785 -0.522952382917
0.112038642721 -0.716743516238
0.181344161792 -0.823074594186
0.271499328011 -0.909717363933
0.227827587529 -0.073755811212
0.401884094451 -0.212042109343
0.534705019550 -0.319675456003
0.602835466559 -0.439102913786
0.275891602092 -0.495492421341
0.408850852892 -0.608117873496
0.510922442950 -0.564290887045
0.576690798073 -0.509554383517
0.211308340308 -0.543891893584
0.341402828546 -0.745474103899
0.453739249031 -0.850786209594
0.553564058301 -0.931317718362
0.134174461524 -0.549586222236
0.230568388677 -0.768863884713
0.320262249022 -0.898241626786
0.412739289128 -1.000000000000
0.056436568450 -0.523656938692
0.104887307706 -0.716658610564
0.172979423496 -0.823883586900
0.261626674925 -0.910670940955
0.230985877222 -0.073356108480
0.406705558089 -0.212116766065
0.539747507560 -0.319835324729
0.608366745720 -0.435121401277
0.282697807216 -0.495348263061
0.415900401494 -0.606901499334
0.516993477450 -0.566637982086
0.581987449983 -0.515923109706
0.216658049738 -0.544487405907
0.346460807040 -0.746488091158
0.457338793265 -0.853044963155
0.556529152600 -0.934852195721
0.138193619664 -0.550348550823
0.235685056573 -0.769332404287
0.324847386935 -0.897579911080
0.417458241763 -1.000000000000
0.060238376256 -0.523842635741
0.113521653113 -0.717962999939
0.183372381934 -0.824665934402
0.272939033602 -0.912203011050
0.230019974629 -0.074035666641
0.405306080441 -0.211894088887
0.537955823356 -0.318673049746
0.607033416185 -0.435271942900
0.278139099234 -0.494956842471
0.410181070048 -0.606837842014
0.511841916543 -0.563169571699
0.578337134495 -0.509228345299
0.214513469659 -0.543766664218
0.344753213549 -0.743506405333
0.456802132320 -0.847630790028
0.557297889962 -0.928657526966
0.136773512835 -0.550517494627
0.236121729582 -0.768213690188
0.327054367888 -0.896838604216
0.421632285901 -1.000000000000
0.057727128511 -0.525887205910
0.109662635352 -0.718778886608
0.179400683945 -0.825187430386
0.269815398874 -0.913125854008
0.229410792562 -0.075015850248
0.403510325092 -0.213870936263
0.535980391327 -0.320344212226
0.601035934816 -0.435862823652
0.276885557970 -0.495353235041
0.411296934578 -0.606767284516
0.514474812552 -0.563828929083
0.580975515810 -0.510242400073
0.213827564788 -0.544019842211
0.345547765239 -0.744119501280
0.459541901114 -0.849154726901
0.560769413134 -0.929803923998
0.136134995541 -0.549691019948
0.232656901174 -0.768650717006
0.323929150552 -0.897594825354
0.418714807097 -1.000000000000
0.057826765832 -0.524065627713
0.107553233619 -0.716559431491
0.177629859338 -0.822681088715
0.268181157247 -0.909098036571
0.230688565256 -0.075024540081
0.406628176234 -0.213430358316
0.540394971993 -0.319832718196
0.608521445953 -0.435014540426
0.283438308514 -0.497812545343
0.415865736102 -0.608251972118
0.518139857641 -0.565386549935
0.584345530425 -0.512196951449
0.217846952863 -0.546928832384
0.346525829783 -0.747614550483
0.457067629412 -0.850348289731
0.555955165731 -0.929604561149
0.139182955812 -0.552259541708
0.234592095383 -0.770563831995
0.322464648661 -0.898451409559
0.414268335532 -1.000000000000
0.060404704415 -0.524523819211
0.111335299260 -0.717044972167
0.179045520956 -0.825168348138
0.267256356708 -0.913834161017
0.232088066487 -0.073723202085
0.405147393883 -0.211419743382
0.538655030679 -0.316550985709
0.609667502112 -0.431635228024
0.280339758802 -0.495087669056
0.416508539714 -0.604081510923
0.519681912351 -0.561187120843
0.586016241427 -0.507981845339
0.217645289100 -0.545644137192
0.350530259535 -0.744200186836
0.466038462743 -0.845777907054
0.568686186155 -0.922235794640
0.140767273397 -0.553274475073
0.238107760207 -0.772407080790
0.329666385018 -0.900080614054
0.423981653940 -1.000000000000
0.062931223454 -0.528898021276
0.109396922117 -0.722532128093
0.178002011129 -0.830349846788
0.267459795729 -0.917296005451
0.230872592193 -0.078191051928
0.401151099668 -0.217156801030
0.534199540155 -0.322097338442
0.608585262115 -0.436786765784
0.279605529490 -0.498918087969
0.414417231942 -0.609948380251
0.517583911246 -0.565575915221
0.583561872424 -0.510050372113
0.216822026641 -0.546453382238
0.347155862714 -0.748040545066
0.462115969728 -0.851286974291
0.563380681164 -0.928221486959
0.141563835778 -0.551330157558
0.237270670929 -0.771850138587
0.329201534600 -0.900089503550
0.422720863708 -1.000000000000
0.067016064530 -0.524349548679
0.115539469070 -0.717521740567
0.184453199275 -0.825883597344
0.273020305337 -0.913481873335
0.227613080683 -0.077042044832
0.399924223986 -0.215106281672
0.532102315176 -0.320681068261
0.599026668534 -0.439857574154
0.274519943709 -0.496348390603
0.408388976524 -0.604984311435
0.511115894731 -0.561796491814
0.577568556047 -0.507719300764
0.211159696683 -0.544277925317
0.340511036488 -0.743666042509
0.453213640291 -0.848898804914
0.553248734448 -0.928209088175
0.134947423322 -0.549023436724
0.231123564076 -0.767678679016
0.321661940948 -0.897551300217
0.415291941210 -1.000000000000
0.059100624294 -0.522037099837
0.105531366245 -0.714722942912
0.174264267879 -0.821703492793
0.264392010095 -0.908584160460
0.228665185785 -0.072505519917
0.406138678498 -0.211653094039
0.540338440419 -0.320240076432
0.603593737305 -0.442484589785
0.281118505979 -0.496016931084
0.414253158877 -0.607732939534
0.515341051916 -0.563704895638
0.579042489407 -0.508379445924
0.216958367259 -0.544676625174
0.349622473784 -0.744757331151
0.463402955753 -0.850180825271
0.563036598952 -0.929614323689
0.139493627233 -0.551146578176
0.240162925588 -0.769682098584
0.334265919834 -0.899114309141
0.429659080845 -1.000000000000
0.061542202818 -0.526000370141
0.114582215398 -0.719609692158
0.186175301459 -0.825792428234
0.276811643284 -0.911433179792
0.228601708890 -0.075235139159
0.405753596800 -0.212898758453
0.539571160480 -0.318847814404
0.600961664490 -0.437785778538
0.278607327149 -0.497703191019
0.414071037821 -0.607346566984
0.515861729914 -0.561477913465
0.580608091217 -0.504355939144
0.214872589352 -0.545125896066
0.347519066466 -0.745155046420
0.460845785490 -0.849952175943
0.561929197094 -0.929498524144
0.136922337983 -0.548817481748
0.236997454832 -0.767008479936
0.327549012947 -0.897158749894
0.422034283805 -1.000000000000
0.058989760700 -0.520861435775
0.108560778717 -0.713291343112
0.178264008016 -0.820638474794
0.269690393791 -0.908577438327
0.227817184906 -0.075880731479
0.402448577370 -0.213846894966
0.536482339220 -0.319707824049
0.601648078032 -0.436896864948
0.279615391909 -0.501784635849
0.414772019155 -0.608521347740
0.513927748472 -0.559875776935
0.574542944174 -0.503250878022
0.215903280138 -0.549883405927
0.348020332825 -0.748003818470
0.461680300401 -0.850431019321
0.559862964074 -0.929077015441
0.138640104181 -0.553571018636
0.238747504829 -0.772287750056
0.330738313657 -0.899928052224
0.422348137586 -1.000000000000
0.060321646718 -0.525007709961
0.109637836364 -0.716278758275
0.178929316565 -0.824959643935
0.267192294535 -0.914785395545
0.229884238968 -0.075801932496
0.408494358251 -0.214138204127
0.543285555700 -0.322455029884
0.601896269990 -0.442028729665
0.283591119166 -0.500553578071
0.416158724759 -0.610284681847
0.516308534043 -0.565987802464
0.579623631430 -0.511273153097
0.218335914786 -0.549769903526
0.346224148310 -0.750666799767
0.457772693530 -0.853513259797
0.554736305014 -0.931967217473
0.139943150492 -0.554390651021
0.238888288505 -0.773496033253
0.330320559927 -0.899686205198
0.422592373481 -1.000000000000
0.061139894702 -0.526088721960
0.110570247642 -0.716654709763
0.180126870826 -0.824849248322
0.269323204186 -0.915389207531
0.226377663633 -0.074846342059
0.403748565862 -0.214462768127
0.536458735586 -0.321737732975
0.599364180324 -0.438313657867
0.277238084882 -0.499093810999
0.412545027285 -0.605855438195
0.512810798728 -0.559521631617
0.576075512440 -0.503239990585
0.213291537002 -0.547919035344
0.342498517134 -0.746540752880
0.452868768109 -0.849194311382
0.549348263131 -0.927920175698
0.135758129377 -0.552709592214
0.236131832133 -0.770092867502
0.327095058056 -0.898026016361
0.419919791933 -1.000000000000
0.056682806223 -0.525257027045
0.106167311331 -0.714300960341
0.175349816066 -0.822445281589
0.265444755786 -0.912629919642
0.228582341846 -0.074110769462
0.405752707243 -0.212233611171
0.540370239391 -0.321200523247
0.599001490502 -0.442342497957
0.279524226363 -0.497407259887
0.412153998057 -0.609792627959
0.511419741127 -0.567906003745
0.573784580989 -0.513949998021
0.214345124023 -0.547109152541
0.344867005081 -0.747747693420
0.456899664887 -0.850854378157
0.554284721787 -0.929302432332
0.136488705026 -0.551978962650
0.234480184501 -0.771900189014
0.324503068345 -0.899255437667
0.415413116373 -1.000000000000
0.058521788552 -0.523647823444
0.109159247742 -0.716015293790
0.178299700564 -0.824921066051
0.266410452631 -0.915260396202
