0.238875645453 -0.100186988089
0.383333060523 -0.249611876635
0.507485095631 -0.360003420352
0.623587632794 -0.475011428033
0.229629909111 -0.520039868715
0.379734064896 -0.617895051442
0.508263965136 -0.585958873744
0.604049746445 -0.535041259418
0.164776446103 -0.563634314826
0.308698014458 -0.762936429043
0.459575393934 -0.853705946932
0.596710441315 -0.902880331984
0.093849604242 -0.562744846357
0.172978718084 -0.803647970955
0.288286965086 -0.923757308459
0.405770282918 -1.000000000000
0.034241270777 -0.534626292104
0.042922425739 -0.741712045422
0.104588700464 -0.865187952196
0.194967646011 -0.958623600315
0.245605819929 -0.097532021036
0.394678905739 -0.247618061044
0.516994349324 -0.361537152781
0.631047516668 -0.479221261283
0.246774053181 -0.523013530864
0.398810171591 -0.619880453437
0.526256508564 -0.590466164154
0.623002298999 -0.543254519527
0.178831739498 -0.568691629850
0.328471868477 -0.763071222121
0.480510200901 -0.849755445071
0.621506476759 -0.899427583589
0.103975484388 -0.570346520514
0.190925793558 -0.807033757930
0.310223876034 -0.924876445219
0.432441392056 -1.000000000000
0.038717578100 -0.545301546217
0.050084583868 -0.754263553217
0.113245988759 -0.874683928145
0.205508059268 -0.965329044276
0.235102254557 -0.098376552931
0.382313029740 -0.250095056182
0.507225170449 -0.361168356021
0.628554811430 -0.467582838101
0.233036330840 -0.522159612887
0.385472732623 -0.622033924488
0.515665002413 -0.589059076344
0.615223318297 -0.538388679945
0.168381979658 -0.565645472004
0.313933353511 -0.763203909226
0.466321440498 -0.850504168073
0.606063172062 -0.899641141854
0.095181503960 -0.562267250623
0.174834802071 -0.803932646377
0.289546926519 -0.922137273651
0.408668157517 -1.000000000000
0.032098316032 -0.530386351172
0.038829838531 -0.738416766099
0.098772649494 -0.861650645756
0.189336445654 -0.956503015765
0.238623409575 -0.099813968531
0.387472947340 -0.251602659193
0.514184697882 -0.360563493266
0.635021198589 -0.473038297526
0.240464709410 -0.530257171634
0.392800925955 -0.624845705933
0.519968608516 -0.589884395640
0.614167677892 -0.538827479687
0.175452589564 -0.574019514841
0.325675695750 -0.767685404361
0.480040304696 -0.856162149154
0.621879728512 -0.904859737875
0.102212216788 -0.571501659767
0.185828332385 -0.810390958947
0.303008209068 -0.926974562966
0.423809311590 -1.000000000000
0.040533044036 -0.540611395414
0.050896223472 -0.751257463223
0.113852786843 -0.872650190806
0.206552314400 -0.963165514528
0.245927127843 -0.101714176267
0.395799773321 -0.249692182415
0.525553886667 -0.355118529681
0.655284287700 -0.463513820493
0.247248790709 -0.531409164497
0.405855499601 -0.622469688916
0.532474896455 -0.586535300457
0.625555018972 -0.531448315401
0.182140069865 -0.574940363642
0.333302306882 -0.774027251972
0.486645479545 -0.864828369666
0.625889038448 -0.908596713256
0.108974877722 -0.570413060588
0.192196052032 -0.812868850933
0.310738080048 -0.930646668658
0.430611750572 -1.000000000000
0.047777750128 -0.537432774156
0.059344923067 -0.750077454178
0.123159105201 -0.872422045720
0.215346518872 -0.961466618449
0.244958232323 -0.101470202178
0.397307412050 -0.251620465312
0.528591654718 -0.362048588150
0.658013119251 -0.477129273422
0.255810913308 -0.544053503036
0.411573291365 -0.637474347799
0.535630079844 -0.594141908622
0.625046381227 -0.533088906083
0.192407805642 -0.588846230781
0.350493904605 -0.786518296210
0.508876131742 -0.873606667362
0.651569467389 -0.914993161691
0.117263111727 -0.586967266272
0.212117947626 -0.826223642602
0.340375034789 -0.937078968518
0.467755627688 -1.000000000000
0.050479786008 -0.556128059900
0.066072340372 -0.773246815651
0.133452956271 -0.894259980184
0.229079791029 -0.980541593001
0.244190381364 -0.101767845424
0.395844445809 -0.249123771162
0.529017953451 -0.356153580076
0.655379386667 -0.469741931938
0.251293917852 -0.541123111687
0.408702396847 -0.632769439155
0.530310438131 -0.583117700113
0.615698822536 -0.515972547739
0.186742010601 -0.585456249980
0.342236977794 -0.786764531886
0.498375471842 -0.877640631415
0.637351669323 -0.920376094680
0.112247462584 -0.581631295319
0.202830526793 -0.823070373088
0.327842924276 -0.935625547542
0.451729731652 -1.000000000000
0.047244353785 -0.548252035806
0.062756928528 -0.765412737565
0.131581888577 -0.886732592609
0.228226346455 -0.972901010872
0.245478972755 -0.103540563842
0.394013490722 -0.249831495905
0.525816356328 -0.354700507245
0.655334618659 -0.469737875791
0.251958515157 -0.545769526084
0.411037891162 -0.638528404875
0.538963992201 -0.590056435181
0.629296532288 -0.522742930978
0.188724156531 -0.586636101637
0.348972549155 -0.788707912793
0.508636476419 -0.876761690821
0.650233174104 -0.916229981965
0.115850070891 -0.579175535331
0.208627675938 -0.823774803539
0.335583275855 -0.937012711993
0.460850076690 -1.000000000000
0.054155560300 -0.542698763642
0.069881921934 -0.761595729589
0.138257926436 -0.885116478818
0.233967393207 -0.973068142914
0.248830593188 -0.103219427451
0.397944538357 -0.248614546048
0.530480977206 -0.353055470792
0.660866158301 -0.470391025734
0.252130887626 -0.545729393207
0.410573178273 -0.635584036062
0.535496990764 -0.581342038940
0.621590958139 -0.511049693964
0.189910000091 -0.586593301914
0.352880583689 -0.787370735795
0.514611630186 -0.875978113279
0.656635629803 -0.916924234425
0.118573283756 -0.580385455567
0.215410968009 -0.822639484251
0.343558438050 -0.935695600860
0.468371945086 -1.000000000000
0.059158425779 -0.546469498895
0.079313755407 -0.764840846601
0.149647561801 -0.887054899245
0.246056251692 -0.975017816462
0.247235001219 -0.103105194400
0.398169818934 -0.248492448884
0.531565333225 -0.352657011386
0.661938734095 -0.467212221207
0.255332052623 -0.543244660850
0.415644330783 -0.632975219872
0.540148062966 -0.585008862208
0.628205069385 -0.517482513867
0.193085700708 -0.586621758868
0.352843287165 -0.786987723569
0.511970534308 -0.876844807096
0.653175501228 -0.916108178582
0.120342510496 -0.582094145993
0.213376750581 -0.825230950841
0.339862570779 -0.937363455471
0.464577737171 -1.000000000000
0.057669757643 -0.548483990224
0.072606283546 -0.765817614861
0.141201003606 -0.887372059525
0.237358938585 -0.973636441591
0.244995098649 -0.101790021424
0.396110465330 -0.246911657453
0.529569672009 -0.352144784013
0.660812469499 -0.467449028668
0.254834796408 -0.544351985545
0.413491697801 -0.632109966183
0.536663112789 -0.580525739400
0.622673604706 -0.510215998350
0.192727390638 -0.587331360030
0.352916918159 -0.786879851063
0.512174037751 -0.875961157604
0.652131727543 -0.915354875130
0.119320446062 -0.581552966281
0.213473294559 -0.823188654013
0.339295328310 -0.935729049086
0.462074273035 -1.000000000000
0.055065104271 -0.546170750177
0.071243054479 -0.761360099616
0.138536655955 -0.884646082115
0.232328252435 -0.974449202783
0.251566173313 -0.103900487745
0.404652182135 -0.250250260711
0.539827148653 -0.355495618102
0.673500790397 -0.471903720135
0.261668828865 -0.548399174032
0.418185790225 -0.637511321007
0.539102482289 -0.587034359297
0.623991821311 -0.515481415652
0.197975523764 -0.592609657170
0.360655415048 -0.793003594897
0.522399972027 -0.880975835847
0.665728458430 -0.918716313759
0.123606605533 -0.588983277242
0.219465918016 -0.831247664114
0.349500377770 -0.941114500464
0.476275885475 -1.000000000000
0.059206922728 -0.556119601041
0.076464188997 -0.773037342700
0.147023840705 -0.896926420934
0.244215438494 -0.985026551868
0.248540290287 -0.106973325430
0.398159945644 -0.252370419882
0.533258780009 -0.353363350879
0.661409941445 -0.469683872645
0.252792434476 -0.550284908366
0.420806940980 -0.638291511044
0.550663238024 -0.584966564529
0.642180117218 -0.512248611359
0.188810778527 -0.590716545721
0.354345291643 -0.792830228199
0.517236370198 -0.875264737505
0.661192767370 -0.908222563666
0.116619114557 -0.582837214986
0.210214930963 -0.827831694318
0.338772754736 -0.938229780737
0.464877753442 -1.000000000000
0.057078746065 -0.543607581799
0.071292780646 -0.761183532297
0.142732787720 -0.886122621891
0.241159045446 -0.977204613880
0.244724878921 -0.105346220773
0.393853329955 -0.251299582628
0.526361963915 -0.356258474810
0.653303255200 -0.473865287601
0.254007219485 -0.542598797224
0.412652887344 -0.634349413838
0.539314831780 -0.589295214032
0.633092480803 -0.523830036994
0.188921788888 -0.584579287159
0.345024795547 -0.785824923643
0.500507428995 -0.872411073841
0.643748042432 -0.912430640899
0.114602918335 -0.577247007404
0.200855837303 -0.819727932014
0.318567863075 -0.933107611026
0.440050773143 -1.000000000000
0.053157856826 -0.537980884548
0.066349093854 -0.753687001439
0.131293700924 -0.878944544283
0.225549962513 -0.972123522934
0.249843398223 -0.109885665061
0.398931236515 -0.257110916466
0.532872044876 -0.360968851819
0.660205459396 -0.480979057973
0.256833789777 -0.545033119074
0.417434279623 -0.632734171252
0.544348907840 -0.585814047479
0.636268614898 -0.520820343687
0.192605398094 -0.586097836484
0.352240023060 -0.784573460321
0.510828237463 -0.871912056926
0.654919680985 -0.912484980163
0.120067305613 -0.578963137474
0.209772817826 -0.819846191484
0.330619614322 -0.932921183722
0.452784182604 -1.000000000000
0.061555094987 -0.541708880014
0.077862051083 -0.757307102432
0.143823071798 -0.881763379034
0.237300137750 -0.974819715508
0.243392329024 -0.106501815639
0.390971715229 -0.250679168223
0.524666068075 -0.351910497334
0.650970602803 -0.469291845118
0.249829740460 -0.540890036631
0.418990033187 -0.628767415436
0.552779482616 -0.582689561466
0.649711124001 -0.518434656856
0.185955857853 -0.583265734877
0.346855630865 -0.782535474490
0.505210426086 -0.865906635625
0.648997136826 -0.904355340840
0.114644269811 -0.579194126388
0.203351412914 -0.819433965562
0.324050588924 -0.932520711000
0.446205285086 -1.000000000000
0.056499405381 -0.543894986929
0.070411476005 -0.756414871554
0.141333269766 -0.878656506504
0.240291943118 -0.968913906127
0.248380364910 -0.110203452095
0.399915357037 -0.257557665785
0.535636738689 -0.361728391594
0.661286084447 -0.484102248767
0.256917778946 -0.545235935023
0.421168197160 -0.633564450160
0.552299672860 -0.591277016652
0.649016259637 -0.531344666331
0.192885939437 -0.586766867796
0.350858529383 -0.784589894887
0.509601877603 -0.871639317303
0.654712465455 -0.911584471319
0.121553389034 -0.581470724251
0.209471244503 -0.821099641808
0.330653511938 -0.933606814201
0.453385552526 -1.000000000000
0.065234239440 -0.546047976319
0.083587309037 -0.759034023253
0.151815205958 -0.881015521480
0.246613877173 -0.971233181744
0.249028881685 -0.107775447138
0.399306806878 -0.254917073315
0.532869657928 -0.358739569510
0.659735201142 -0.475476215711
0.254341903119 -0.541790003228
0.421849448206 -0.629637238261
0.558344202446 -0.592372255095
0.659853401877 -0.533944175427
0.189342675425 -0.583531077194
0.345905221934 -0.784758049086
0.504650333162 -0.871510360906
0.649832756755 -0.907711346947
0.118042146225 -0.577461943607
0.203544290529 -0.819881829323
0.324542301840 -0.934365633864
0.447512724413 -1.000000000000
0.063516130220 -0.540494790732
0.081016358673 -0.753603095606
0.152082264494 -0.878661336034
0.250151788668 -0.970539440510
0.246529972182 -0.108954495304
0.397380351094 -0.258797467354
0.531344975726 -0.363662783432
0.656974732536 -0.483029912588
0.252678044498 -0.544965159025
0.416075187067 -0.633843948341
0.548997889461 -0.593633367152
0.647233405714 -0.534112326630
0.187742978459 -0.585884750615
0.345103586079 -0.786389129901
0.504434120437 -0.868635037662
0.650223491300 -0.903148669279
0.116277195522 -0.579651452528
0.202084626597 -0.822581751705
0.321333629860 -0.934626945762
0.443300421309 -1.000000000000
0.061035678866 -0.541734060911
0.078716391929 -0.756070710270
0.146961278341 -0.881215445307
0.242640616570 -0.974499981892
0.247817050433 -0.109995700279
0.399963364481 -0.260120429171
0.533319032813 -0.366874791526
0.658751090579 -0.488082669421
0.252065631312 -0.544690667182
0.412216580871 -0.636588259728
0.543795481814 -0.601571072003
0.642243426867 -0.546493578507
0.187260893248 -0.586481812461
0.341571925188 -0.786878524370
0.500300984719 -0.874090613479
0.647044218684 -0.912403658799
0.114965981319 -0.582501557637
0.200679321479 -0.823625930525
0.322286712723 -0.936014502360
0.446734228123 -1.000000000000
0.057888965599 -0.548613405348
0.078129728293 -0.762283839866
0.149119738993 -0.884864720754
0.246997618713 -0.974152383310
0.247733952200 -0.109188295359
0.399660073644 -0.258290949128
0.533352246555 -0.363758038332
0.655697254070 -0.483911184263
0.256825259741 -0.546001593213
0.421121634184 -0.634521736817
0.551847808087 -0.592921176890
0.648338834199 -0.531851595848
0.189535974601 -0.588217003378
0.346356680844 -0.789131246160
0.503842675424 -0.874240358734
0.649233161818 -0.909895341157
0.115121401905 -0.583093549841
0.200992884433 -0.825838329818
0.321947454671 -0.937463194684
0.446712552973 -1.000000000000
0.055310002024 -0.546620536484
0.073393019981 -0.761906503880
0.144747624464 -0.883985101873
0.243815640944 -0.971427818603
0.245164992418 -0.109928395008
0.395550515532 -0.259158906778
0.528950856446 -0.363475088976
0.651553999012 -0.482387441447
0.248961975863 -0.542271479578
0.411277962301 -0.631518698396
0.543460506640 -0.591652910714
0.641718548570 -0.533218348358
0.182932219682 -0.583182996761
0.337274397039 -0.785032144537
0.496830202523 -0.870902160956
0.643445565532 -0.909091087939
0.111314831702 -0.576154308500
0.194747943419 -0.819859544274
0.313702350150 -0.933268458081
0.435616801337 -1.000000000000
0.056329945533 -0.537428301243
0.074877650770 -0.751659805244
0.143438954890 -0.876567110824
0.238617558884 -0.969838021082
0.246745064331 -0.108929003406
0.398550153866 -0.259176480395
0.531345853202 -0.364006060682
0.654703345823 -0.479937119407
0.249074409466 -0.548274518091
0.413912921714 -0.635993811864
0.551762587951 -0.598859263251
0.655961059644 -0.542591991672
0.183388134207 -0.588713305740
0.336050307873 -0.791706251684
0.495564226377 -0.874648450634
0.642221373097 -0.906057011092
0.111461722276 -0.582770518719
0.194008262233 -0.825923510913
0.314939884729 -0.937451169274
0.438910854838 -1.000000000000
0.056011259436 -0.544323706070
0.074984707672 -0.758202988485
0.148685785922 -0.879304018286
0.249218687136 -0.966316899529
0.246348424063 -0.111303185901
0.397742097717 -0.258948502047
0.533177636366 -0.363106421129
0.650309258751 -0.484815419231
0.237819033721 -0.542386010737
0.404407255154 -0.631374902663
0.540950126479 -0.596546361261
0.643436719793 -0.543590685759
0.174103981687 -0.581401712015
0.332541855410 -0.784221093418
0.494872661186 -0.869639510395
0.644006214843 -0.906293347764
0.105225383718 -0.575063582539
0.191448779579 -0.820113121118
0.313425850039 -0.934111653110
0.437127149716 -1.000000000000
0.054856305979 -0.538528079606
0.076034276187 -0.753438332714
0.147973232886 -0.875636730044
0.245419016268 -0.965382098971
0.254157917135 -0.112623008153
0.407238249020 -0.256293016363
0.543568660518 -0.363143248692
0.662745494623 -0.489426179852
0.250542770831 -0.543617454694
0.422712997788 -0.630938043563
0.556479247466 -0.594139768019
0.654075666549 -0.537132850383
0.185046567861 -0.587416342611
0.350740172667 -0.787142425757
0.515147190506 -0.870293430019
0.665384414097 -0.901064723671
0.113274841691 -0.585722450876
0.203313699578 -0.828661441227
0.331097105280 -0.941026509721
0.459816226201 -1.000000000000
0.058815048682 -0.553231709700
0.083493314501 -0.771941108906
0.160605363630 -0.891476024454
0.262159732776 -0.972604130343
0.247893135163 -0.110910291783
0.401552537400 -0.259015819350
0.539035011487 -0.364885986608
0.661730957319 -0.487206115047
0.249907365326 -0.545999456681
0.416602399618 -0.636320002266
0.548325516143 -0.593656938846
0.644092216670 -0.529585673877
0.184281073815 -0.588186922482
0.344505199515 -0.791053125567
0.505830212251 -0.877695707648
0.653049348081 -0.911111268471
0.110039092390 -0.582870632040
0.196860763883 -0.828866870004
0.320261308318 -0.940642610405
0.445752731296 -1.000000000000
0.051109362990 -0.546394328878
0.070422265625 -0.765820187020
0.143860168635 -0.885465175414
0.243640051311 -0.967786436842
0.245583976764 -0.111210416230
0.398928964034 -0.258124320452
0.535259426289 -0.364306916083
0.659539703820 -0.487256939956
0.247155060715 -0.547259607931
0.415298899967 -0.636767613661
0.546931390278 -0.593930896342
0.642323878845 -0.532499857073
0.183946615766 -0.589671277595
0.348754884636 -0.787443337710
0.514454710599 -0.871383618321
0.664182221703 -0.905411380719
0.112154637513 -0.585194177633
0.205811740157 -0.828022769987
0.334311762734 -0.938944048225
0.462333043358 -1.000000000000
0.054575981593 -0.550085189800
0.076896327173 -0.768444570232
0.150659757400 -0.887471820152
0.249748525274 -0.971324541719
0.249801222152 -0.109442630073
0.399708374093 -0.256628764901
0.536591668065 -0.360597570133
0.666654296441 -0.483305191070
0.250474923671 -0.554289351948
0.412723841071 -0.640901000522
0.538154382232 -0.589140429786
0.624191031578 -0.516835336423
0.186217916403 -0.595485836503
0.348566487649 -0.798677367690
0.513785210755 -0.884459540733
0.661156552948 -0.915545701474
0.115039465129 -0.588548994593
0.204858462344 -0.835689882942
0.334921523245 -0.945110583978
0.462913393152 -1.000000000000
0.059262204276 -0.551103153798
0.080846431391 -0.773345437988
0.156095811463 -0.894621897350
0.256786679914 -0.976205957509
0.244122019307 -0.106461549432
0.393608682046 -0.250517758809
0.527521016677 -0.354017382179
0.652529086108 -0.472789364924
0.252726658598 -0.544394802841
0.413835603306 -0.635551917505
0.540718698789 -0.586539568031
0.631218246613 -0.519339448828
0.187521858815 -0.584796634665
0.341953669545 -0.789684272713
0.500356609781 -0.877116552583
0.643559392221 -0.914346370915
0.115150147020 -0.575372858864
0.199809076872 -0.823507965528
0.322642238764 -0.936467146013
0.446264804599 -1.000000000000
0.057230082007 -0.534903809285
0.076245976173 -0.753614919070
0.146074573668 -0.875358220473
0.242678754446 -0.962626609145
0.247061671122 -0.109880015023
0.397252961215 -0.253555989458
0.532128411347 -0.356170034528
0.658622856862 -0.474182159074
0.250412024450 -0.539894561431
0.409502082416 -0.630557032730
0.535254451811 -0.586019406264
0.625478497301 -0.519450338739
0.185089779666 -0.580749078214
0.339846280391 -0.786017754645
0.498178044794 -0.877139286318
0.639992939437 -0.915204423982
0.113308382795 -0.573457245706
0.199092091975 -0.822031620304
0.323570197006 -0.936035624775
0.447143624697 -1.000000000000
0.056634303689 -0.535875750646
0.074211196835 -0.755114944659
0.143002950487 -0.877176095649
0.237505499261 -0.964124857508
0.241563352396 -0.104789657558
0.393009662227 -0.254091390313
0.527813803797 -0.361130913374
0.659610328726 -0.473876572363
0.244691078376 -0.542619678471
0.400497134435 -0.633027313673
0.519054132109 -0.580006280039
0.602754577450 -0.506293500147
0.182272174399 -0.584129876917
0.337922139721 -0.790196893430
0.498343409946 -0.877081885376
0.640615233955 -0.912578371182
0.108704091134 -0.574373263456
0.194725850757 -0.824279181734
0.319625769458 -0.936347555131
0.444032228968 -1.000000000000
0.045586719660 -0.532302397704
0.050544956499 -0.751256666438
0.111361831501 -0.878240357933
0.202217949145 -0.971799385451
0.237344150027 -0.101976461765
0.378504851774 -0.242184843506
0.506528730020 -0.343185639405
0.632766525343 -0.456222929369
0.231355563037 -0.526404448209
0.385945451567 -0.620848754531
0.509525308252 -0.572478957103
0.598427008286 -0.502845401326
0.171854276720 -0.568149338565
0.322158995236 -0.769288670543
0.477044819544 -0.856924439234
0.615531797197 -0.898702229806
0.101069379555 -0.561044013572
0.177552245138 -0.802980983862
0.289621678883 -0.923745587368
0.402648874463 -1.000000000000
0.039982070213 -0.523531661192
0.031040356539 -0.734023377971
0.079353990972 -0.859961166529
0.157948452216 -0.955867787742
0.232253400275 -0.101852047904
0.369617282891 -0.243703045794
0.494649533452 -0.342649973929
0.617433252845 -0.451235233102
0.225899910852 -0.533216519337
0.379897261302 -0.628474408460
0.512058624430 -0.584129170476
0.610628967552 -0.519203173517
0.165025463445 -0.570893181314
0.310520594111 -0.773466160035
0.464146642634 -0.860485653510
0.602868113399 -0.902991758261
0.095149462027 -0.560615679351
0.169236991462 -0.802909874547
0.279657380280 -0.923196283051
0.390818556891 -1.000000000000
0.035432340769 -0.521381703788
0.027470976972 -0.731401977220
0.075541946655 -0.858692458365
0.152844894646 -0.957811375732
0.235842376072 -0.100431105134
0.378052969889 -0.241844165702
0.502395912653 -0.342950360707
0.623027574344 -0.453027535332
0.247646479135 -0.527206796772
0.398677537211 -0.622101942038
0.529194582033 -0.583595687673
0.626553745470 -0.527259803278
0.184139896059 -0.569113889123
0.323535613220 -0.767963771787
0.469411664730 -0.859991240303
0.602574989190 -0.913720950840
0.110088568546 -0.562988169951
0.182440302713 -0.798069299938
0.287232266315 -0.917758548058
0.394779825154 -1.000000000000
0.044315750923 -0.527034154086
0.037100426048 -0.730969007851
0.081467697313 -0.858577960526
0.155418956468 -0.963059728734
0.245374031645 -0.104168321366
0.388798843706 -0.244002642451
0.517061778174 -0.344789614127
0.642943128391 -0.458806577246
0.241717500498 -0.532025155225
0.396744016851 -0.627652379568
0.524276709164 -0.583572718400
0.615342728012 -0.517863338647
0.180170002772 -0.574444860362
0.335368544483 -0.776675552954
0.493423281398 -0.865438990852
0.633678925268 -0.908717619362
0.107546504167 -0.569977014727
0.191661752712 -0.809417501617
0.306212484253 -0.926556382958
0.419116940719 -1.000000000000
0.046091395122 -0.536752812355
0.042552249958 -0.749449056489
0.092422291429 -0.880129361042
0.170002518732 -0.982164593305
0.227090738919 -0.099135015948
0.370017436700 -0.241311307730
0.493729755812 -0.342938001225
0.614382232249 -0.450502877182
0.230375912488 -0.517050888437
0.381215840983 -0.614131112938
0.507750946141 -0.576590149485
0.602610414957 -0.520978435452
0.170610418565 -0.560585998083
0.313406657302 -0.755623232722
0.459757515504 -0.849380626008
0.593257050872 -0.906020965736
0.099519095246 -0.557313657223
0.176440404478 -0.790853632025
0.277193735760 -0.914008650763
0.381802291696 -1.000000000000
0.035940195721 -0.525218026398
0.028528383647 -0.726369698505
0.071602499738 -0.851641683780
0.145482169883 -0.953150668942
0.234309541604 -0.100318947128
0.375916306663 -0.242382488506
0.498590887760 -0.343768636090
0.618572506134 -0.453224759942
0.234341805996 -0.523319481099
0.387294744626 -0.620004847085
0.517211237613 -0.583999890087
0.614364767350 -0.529138335271
0.171468408581 -0.566171255596
0.314769012948 -0.763315188533
0.463662331933 -0.853566531445
0.599826646971 -0.905321050090
0.099720983151 -0.562695489413
0.174502251617 -0.796536970413
0.279224050455 -0.918610616899
0.385947231794 -1.000000000000
0.038131972585 -0.530777877982
0.030546787370 -0.735201907841
0.075738802998 -0.862431523780
0.150280440278 -0.964069308865
0.231984524350 -0.097113046332
0.380468348575 -0.242432855603
0.503668730923 -0.349458359338
0.620782259941 -0.458807136309
0.243664039943 -0.524156652066
0.397301690099 -0.619389721551
0.527475018362 -0.583434445342
0.624884012448 -0.530229625029
0.180811739672 -0.570727032339
0.325806381559 -0.761564689948
0.475476747864 -0.847285894409
0.610978636282 -0.898589979851
0.105999898878 -0.570634496562
0.185334571645 -0.799914641998
0.291514873605 -0.918103086606
0.399061620532 -1.000000000000
0.038513973798 -0.540552741204
0.029835785260 -0.743355899975
0.073016146534 -0.869766836103
0.145849555751 -0.973070650940
0.229180586956 -0.094797472296
0.378293115106 -0.237332174343
0.501579741736 -0.344547457911
0.617831677671 -0.453260624462
0.242395330228 -0.517776989058
0.396620578573 -0.614475993394
0.525064327634 -0.576382526352
0.620927747364 -0.522044639859
0.181150713737 -0.565191274382
0.331396715972 -0.754839602379
0.484946781738 -0.843032640805
0.622638702323 -0.898409741062
0.106147867251 -0.566496397942
0.192457252041 -0.793525071252
0.302938408182 -0.914093634746
0.413140308673 -1.000000000000
0.035750766474 -0.538381347133
0.024728100307 -0.740544810396
0.064303082778 -0.868178050783
0.133124449772 -0.973952171238
0.230742056729 -0.090754479658
0.376807910316 -0.228017858008
0.496492473209 -0.332396598150
0.605965531555 -0.443558632060
0.239355639446 -0.507896387971
0.391571934031 -0.604100395914
0.520616100390 -0.567747967453
0.616070066812 -0.514601276683
0.179829700618 -0.558388992232
0.326890527758 -0.747334997724
0.478613942701 -0.837772653108
0.613507997347 -0.895882924164
0.105628111295 -0.565587556364
0.190231773008 -0.790926386511
0.301113441833 -0.913326038564
0.410274387747 -1.000000000000
0.035476863462 -0.544209111308
0.026046561420 -0.745849071148
0.069170346982 -0.874059681199
0.139573898262 -0.979482754060
