0.175040442585 -0.068503023310
0.328483841995 -0.209690966838
0.453069019378 -0.311040377928
0.567094521805 -0.357205812876
0.164397291938 -0.510822647510
0.201385949799 -0.698760114567
0.218386039728 -0.814493521195
0.229136550730 -0.912945152671
0.044716552681 -0.532402983484
0.046337935293 -0.753803044535
0.047689650408 -0.884240311195
0.044663958170 -1.000000000000
-0.066887189660 -0.495714874301
-0.110963621306 -0.696801662662
-0.132213794032 -0.820411760736
-0.149171362024 -0.925068745308
-0.171243746184 -0.415120602169
-0.268076633821 -0.555165067450
-0.330783313812 -0.648859217824
-0.383571374762 -0.741315527438
