0.189774247294 -0.047997176620
0.366980342494 -0.165420305667
0.509411389613 -0.243760825030
0.633210285802 -0.270987878196
0.236458918983 -0.487492294046
0.326166316314 -0.674327533601
0.378352763423 -0.786818480614
0.423861522353 -0.888170956794
0.116162926128 -0.526886857833
0.159847648478 -0.750125970746
0.184833952101 -0.880969768507
0.203259496144 -1.000000000000
-0.003859201123 -0.506384097067
-0.006574013139 -0.703521904232
0.000464679698 -0.816427226254
0.007635226871 -0.913883713395
-0.121283135292 -0.442679966304
-0.189720799529 -0.590411786849
-0.231610221987 -0.693392685745
-0.265439374690 -0.798407046038
