0.172274155959 -0.073772511182
0.322651851779 -0.216435051256
0.440359473103 -0.322914345444
0.549798001683 -0.371956999984
0.154569140384 -0.513754053475
0.202432367140 -0.708722092459
0.226218147615 -0.828096085529
0.244727913872 -0.933916003084
0.032862071134 -0.530293990959
0.031547962048 -0.752722248970
0.030948890267 -0.883375390998
0.026612280226 -1.000000000000
-0.078338688466 -0.489576242785
-0.120519437671 -0.692162090436
-0.139113299791 -0.819485520203
-0.154069014727 -0.929070938447
-0.180863780749 -0.406529493078
-0.277364199852 -0.549837268667
-0.337630287058 -0.644710416149
-0.387537204563 -0.739879484289
