0.195256136032 -0.041244370066
0.374163837092 -0.157332095407
0.513703945041 -0.245594205175
0.629613774472 -0.285731985495
0.245919870466 -0.498875623776
0.317360141712 -0.684053128632
0.359022517371 -0.795723178153
0.392577246460 -0.888995519581
0.128657957423 -0.541856439681
0.175264071633 -0.761304894512
0.208010177289 -0.890966270767
0.234420437315 -1.000000000000
0.010685767882 -0.525987165912
0.021175900059 -0.729038448018
0.039754694113 -0.844408832065
0.058495885099 -0.937256352084
-0.105305477871 -0.465397455908
-0.153368994056 -0.625852828979
-0.183111721277 -0.737928793023
-0.203407229539 -0.845925117711
