0.184418772023 -0.066532103664
0.351162805279 -0.198554297238
0.484650513508 -0.283688223170
0.596923205767 -0.315571207268
0.198259162175 -0.505140203710
0.260121027769 -0.693450369613
0.295805387312 -0.807553100799
0.325942528828 -0.907131962321
0.083454813433 -0.529449883245
0.102392777297 -0.752921400472
0.115160055910 -0.884838754481
0.124131893128 -1.000000000000
-0.028888583602 -0.498044198379
-0.043992142869 -0.700575093512
-0.044390675971 -0.825752023399
-0.041075948687 -0.932670704173
-0.137362643514 -0.426227458444
-0.209595214871 -0.573137038286
-0.251076246509 -0.674892003071
-0.282063720735 -0.775765425398
