0.193384456712 -0.064235830839
0.365430793180 -0.186559322265
0.500665542124 -0.268412275527
0.613710730178 -0.298147429187
0.228740962834 -0.504553239669
0.305415003922 -0.691011867190
0.344832795274 -0.803921170805
0.375828056650 -0.903769903720
0.105204468447 -0.536212966925
0.132246763308 -0.759872407220
0.144240533538 -0.889981222951
0.152285225618 -1.000000000000
-0.013162501389 -0.508391971600
-0.026806437803 -0.706700708184
-0.027222659409 -0.829197176264
-0.023849559081 -0.933547593306
-0.125176661922 -0.438256436975
-0.188386770080 -0.589392373254
-0.223080587860 -0.692729260414
-0.247863215460 -0.794784820499
