0.187134484038 -0.055525480659
0.356551706701 -0.181296948854
0.492845067724 -0.268989247092
0.613433396992 -0.302552472845
0.217606192830 -0.501559207334
0.280784557241 -0.688131261651
0.308808051335 -0.802363433842
0.327795111773 -0.899622733859
0.091443354766 -0.531899193612
0.113273946963 -0.757277283953
0.121960575855 -0.888354044643
0.126345844146 -1.000000000000
-0.026952310454 -0.503419051498
-0.048199436201 -0.708483735850
-0.056284417647 -0.830426340030
-0.061003223494 -0.932269449005
-0.137572489808 -0.431829494310
-0.203003324177 -0.580582220394
-0.243645177342 -0.680838693550
-0.276097747555 -0.779694452507
