0.178290420931 -0.065508154712
0.346624587511 -0.195686279670
0.483511829604 -0.285289341228
0.594523050445 -0.320145997036
0.207127674192 -0.500299794948
0.275218796518 -0.684076746182
0.311343267022 -0.797799252669
0.339747193479 -0.897559880161
0.089150782914 -0.531360868785
0.123575546410 -0.751164979580
0.141840927739 -0.882733747576
0.154280342194 -1.000000000000
-0.023518379161 -0.502907452369
-0.039906838599 -0.700758917772
-0.047161007363 -0.822944497010
-0.052226252316 -0.930678097689
-0.130096689974 -0.429767747261
-0.207678849997 -0.571954884026
-0.257236175549 -0.664179175502
-0.298397311520 -0.757666785095
