0.194740737164 -0.049654873728
0.371308269414 -0.171475993359
0.513085337872 -0.251889946606
0.634130167416 -0.278409968189
0.239992788488 -0.496083789392
0.299405386884 -0.687619966193
0.325432309738 -0.804096388241
0.345609854655 -0.904996964299
0.126518822112 -0.528946563030
0.172804254155 -0.755006979267
0.194231635293 -0.887948660941
0.209820654041 -1.000000000000
0.011503597096 -0.507719787246
0.028831175173 -0.719178912130
0.040432933034 -0.840744012086
0.052987902910 -0.943465871173
-0.100986742116 -0.446987312109
-0.118145109149 -0.612126152984
-0.119197950668 -0.718173376267
-0.115378554480 -0.821618360127
