0.276471842478 -0.007508333801
0.520271198751 -0.077776999165
0.604010514403 -0.078833011244
0.540830708662 -0.084787708032
0.478376011678 -0.696755402073
0.683416631184 -0.732336464009
0.861587718557 -0.660165023135
1.000000000000 -0.548210940350
0.255258340998 -0.734191567560
0.508512245377 -0.681642022911
0.724085502657 -0.540342526945
0.896789684205 -0.420562818293
0.047451836015 -0.653106642306
0.306940607640 -0.386673329453
0.382611509079 -0.105458973524
0.412529571920 0.085752283728
-0.127715917837 -0.476137187920
0.098482455611 -0.269228569988
0.213742575841 -0.074579070264
0.282927746110 0.064347768776
