0.331309467437 0.076344488064
0.613498974766 0.073055264526
0.584350179268 0.016465598751
0.371088770928 -0.073294932856
0.700076916018 -0.735804329478
0.880105683053 -0.779634155907
0.976832061454 -0.696469758129
1.000000000000 -0.545411551962
0.359533596031 -0.884821125400
0.525324611742 -0.812160608711
0.618816108514 -0.608762171605
0.663604950035 -0.478661486983
0.036283136389 -0.849607311345
0.123947232296 -0.428968117191
0.203466535380 -0.100933177052
0.241496302785 0.058143280478
-0.258823853091 -0.681628777425
-0.167989214327 -0.298241475284
-0.054829961942 -0.044676739971
0.028699363977 0.073790161961
