0.244051839991 -0.197351705267
0.410326988017 -0.388151580984
0.497541262933 -0.432057734278
0.576608817960 -0.507068947372
0.080454679473 -1.000000000000
0.349253629743 -0.897223850940
0.544971606024 -0.735563611443
0.665518838415 -0.554375988193
-0.207032134180 -0.856265049977
-0.001947779139 -0.607354411444
0.198551318384 -0.230335428115
0.319039457562 0.042605998191
-0.402199478643 -0.570986714676
-0.235879436480 -0.186768799786
-0.024254945246 0.091356020116
0.103195961449 0.227146273870
-0.518526662106 -0.230709719936
-0.418150678925 0.058133627505
-0.196829680412 0.234897403323
-0.027002048843 0.301554861471
