0.174530749881 0.000313710573
0.335157454369 -0.034655198745
0.425005816394 -0.062250617537
0.416643646581 -0.094417062961
0.340057265531 -0.939840183327
0.488964356294 -0.645115301556
0.477649930526 -0.389128248965
0.413296022276 -0.260211808903
0.148077592460 -1.000000000000
0.321489424069 -0.622276189858
0.344816845827 -0.278481186022
0.303640997958 -0.132803453607
-0.056905306351 -0.862475124741
0.045748855650 -0.387805703072
0.108300780047 -0.074039829873
0.131675404824 0.022215566711
-0.232321715792 -0.602774452176
-0.188841705969 -0.204074671386
-0.113706387059 0.031640062856
-0.064652286457 0.095647097828
