0.224956715460 -0.030869883577
0.427092837285 -0.155848530928
0.470872067244 -0.259629354203
0.399490900804 -0.369797023674
0.353452209900 -0.652761466396
0.480751384709 -0.769067843816
0.567421015831 -0.867789541439
0.641473112167 -0.966145030427
0.141099571741 -0.724809540087
0.261980795788 -0.851464215627
0.377064890786 -0.921932431364
0.487478730667 -1.000000000000
-0.063079040824 -0.690519614443
0.084697728700 -0.637570187608
0.178697372585 -0.391903227987
0.255441981577 -0.212613535627
-0.236507109773 -0.564780555712
-0.067631733384 -0.453168618795
0.062213318276 -0.268385035150
0.170539851453 -0.134921126125
