0.291935360244 -0.042685545695
0.556052604571 -0.152213141269
0.642100805074 -0.238134546206
0.509448218431 -0.319852600154
0.436964155569 -0.784984273972
0.654332030301 -0.817466803855
0.838766705251 -0.786133423753
1.000000000000 -0.744989301624
0.250138812565 -0.847009521360
0.523445227823 -0.876367307010
0.742504446289 -0.802123500961
0.929545575601 -0.740226088448
0.060160599057 -0.795490118130
0.355227004338 -0.638723833799
0.370230323627 -0.370124639003
0.358437946172 -0.191332366777
-0.104693384675 -0.646576519696
0.152973914670 -0.492805975501
0.212930939288 -0.284933023100
0.230244640094 -0.139269275589
