0.294779774259 0.007894526265
0.557164022396 -0.042703837438
0.602740255748 -0.068806561422
0.452401399302 -0.127030295883
0.529854246359 -0.666125037473
0.726895348025 -0.639950525925
0.871851094342 -0.617020620834
1.000000000000 -0.593329001831
0.319913972336 -0.760101275981
0.549710112245 -0.696844371836
0.734550773844 -0.629293997066
0.903398059553 -0.587846346281
0.107210291874 -0.726821327071
0.327883349101 -0.474238027653
0.341922571784 -0.204897022175
0.342751095989 -0.025698607857
-0.086128996318 -0.581495731224
0.105835926938 -0.358743514711
0.175301402480 -0.142625234841
0.219025070004 0.008346883635
