0.202520996406 -0.034125106431
0.394028666012 -0.169010006664
0.380406057107 -0.320494217173
0.264417494274 -0.474588966115
0.400476148870 -0.596851695445
0.512563808688 -0.749331775485
0.579347656631 -0.867347540135
0.641331526503 -0.976091250636
0.211081282804 -0.683619633689
0.323750737380 -0.846210196484
0.411361672700 -0.920841992013
0.507568528490 -1.000000000000
0.014283666632 -0.687540409552
0.113910822308 -0.658732660512
0.141828519022 -0.423249005073
0.171742294846 -0.242212670311
-0.180156047542 -0.614604658812
-0.075522761549 -0.518018848368
0.006619257361 -0.334798556135
0.078312155616 -0.199301195283
