0.206373507072 -0.000044018635
0.397477589248 -0.131449350804
0.364800863458 -0.223303826551
0.204124568674 -0.304544619320
0.306343062731 -0.794559387008
0.308407649581 -0.918928509673
0.237794234477 -0.959485474076
0.177282682256 -0.943575784965
0.038259944111 -0.844726635247
0.060911858440 -1.000000000000
0.037826830840 -0.985100482128
0.015813299587 -0.976833331001
-0.205174243816 -0.778636830911
-0.221716522097 -0.670161595795
-0.069124607049 -0.374911680559
0.091454921983 -0.195167115055
-0.414862692709 -0.618900428042
-0.374146659256 -0.424851837789
-0.228350619489 -0.204836090405
-0.080246347845 -0.093864208606
