0.296165551721 -0.054121266351
0.507840981721 -0.134300396267
0.602622921016 -0.155800417572
0.588159359155 -0.147003451361
0.453117786584 -0.673707955175
0.677943954436 -0.701803400230
0.853168917863 -0.656002727002
1.000000000000 -0.584951382675
0.281409859815 -0.699476756572
0.542706265002 -0.673697728919
0.747336940929 -0.583491755081
0.912368713338 -0.490375218373
0.106398625137 -0.620599088159
0.385170565427 -0.379777408496
0.439959322226 -0.140162767907
0.456607098726 0.029056372236
-0.037039612539 -0.456393710853
0.199862627296 -0.264250372832
0.283217407360 -0.102002130470
0.320596758845 0.017316971324
