0.190497032125 -0.009835872016
0.364238386779 -0.136325467065
0.349942779980 -0.253150188556
0.236302769055 -0.372306392594
0.278902284899 -0.680974691210
0.319462033423 -0.814128136880
0.321024905043 -0.909809102614
0.306269773817 -0.945289654084
0.045898971804 -0.740203671378
0.065396867403 -0.867088598576
0.077769012976 -0.934770398946
0.095808264586 -1.000000000000
-0.158592384122 -0.695177538131
-0.119746691570 -0.630154153074
-0.018773730701 -0.386081132661
0.081403544486 -0.221039120986
-0.332909976437 -0.562347360975
-0.263328261058 -0.438911309818
-0.140834872828 -0.245828197442
-0.017244651633 -0.122073152733
