0.191291578679 -0.031877860847
0.370102874097 -0.180795289838
0.360901804548 -0.306815036413
0.255559726212 -0.423334322214
0.302758483352 -0.666983459073
0.360167448713 -0.806454773517
0.379463800770 -0.904057676346
0.386578027125 -0.973039206615
0.089905801820 -0.716279188453
0.138887660634 -0.871325469428
0.174150116228 -0.931466680016
0.213515744466 -1.000000000000
-0.110362189362 -0.677898285289
-0.064092057964 -0.726513615483
0.020568975784 -0.489121112419
0.103365485912 -0.303408755119
-0.294438770664 -0.561800134054
-0.209349849652 -0.505481859171
-0.097528298509 -0.307708924722
0.008168166577 -0.161603669520
