0.349932428572 -0.041730386450
0.590212336917 -0.088836479848
0.636053050925 -0.047034329396
0.669704028015 -0.053315074227
0.459912409036 -0.721062117364
0.660412914342 -0.786861845591
0.856437171758 -0.778883362281
1.000000000000 -0.721213506442
0.138414416230 -0.721112580390
0.365894635907 -0.812643126496
0.608845957092 -0.748030420498
0.796026252269 -0.683374351799
-0.095639183111 -0.585501440183
0.198976471213 -0.359324890934
0.417449928337 -0.052367434392
0.532821591480 0.152281435929
-0.249057938992 -0.354629547293
-0.000344534829 -0.168616748450
0.200904040457 0.031571849712
0.332679821653 0.173581397283
