-2.455143246500000043e-01 -8.050525314400000521e-02
-3.912350899659999826e-01 -2.171223350960000131e-01
-5.222969153290000222e-01 -3.178908736900000198e-01
-6.509538973270000417e-01 -4.369274132200000049e-01
-2.585859140449999760e-01 -5.055950130459999636e-01
-4.218493788530000010e-01 -6.082980309040000311e-01
-5.476995699819999786e-01 -5.733250061779999740e-01
-6.354565119849999721e-01 -5.267661439699999892e-01
-2.106307546239999939e-01 -5.465618447440000471e-01
-3.711376292410000222e-01 -7.478469136750000024e-01
-5.122455765840000508e-01 -8.506930932609999552e-01
-6.362701563579999942e-01 -9.244626255850000307e-01
-1.602593775800000009e-01 -5.483498269709999873e-01
-2.821679175469999912e-01 -7.786954438840000270e-01
-3.941955616139999896e-01 -9.035401034679999555e-01
-4.990675993820000156e-01 -1.000000000000000000e+00
-1.269407516759999965e-01 -5.215734525820000522e-01
-1.939790102589999954e-01 -7.274475860989999543e-01
-2.694863882719999992e-01 -8.455517784610000476e-01
-3.600963878669999896e-01 -9.425909283829999596e-01
-2.447100733560000074e-01 -7.922020848800000181e-02
-3.875704324709999815e-01 -2.106326186789999888e-01
-5.158965442170000415e-01 -3.101196983660000073e-01
-6.393126973799999613e-01 -4.276870124000000106e-01
-2.576784457080000257e-01 -5.003432400409999481e-01
-4.222040331079999764e-01 -6.019514503270000372e-01
-5.485844607719999599e-01 -5.608122520860000515e-01
-6.356548621859999804e-01 -5.102685183949999814e-01
-2.095973655039999883e-01 -5.420950171370000348e-01
-3.684208986570000066e-01 -7.439893561879999950e-01
-5.068748281520000232e-01 -8.482889194580000014e-01
-6.276055217739999748e-01 -9.243112780779999538e-01
-1.568524097500000047e-01 -5.435843621949999482e-01
-2.736004928440000095e-01 -7.748265197289999628e-01
-3.852132249699999900e-01 -9.025832994669999998e-01
-4.901279534260000181e-01 -1.000000000000000000e+00
-1.185584299870000025e-01 -5.166059620870000479e-01
-1.811685848969999957e-01 -7.217744053719999942e-01
-2.534346581499999917e-01 -8.412097923579999748e-01
-3.412443262359999840e-01 -9.381408562490000103e-01
-2.494326866890000105e-01 -7.768011478000000358e-02
-3.944138060660000167e-01 -2.124948169729999892e-01
-5.230229149849999759e-01 -3.140124279659999851e-01
-6.508929703060000183e-01 -4.314831696229999847e-01
-2.647037786629999889e-01 -5.078818615160000105e-01
-4.249370706519999819e-01 -6.089533693819999538e-01
-5.477365659589999991e-01 -5.738463116940000219e-01
-6.297871815850000221e-01 -5.281330686849999845e-01
-2.164112103459999992e-01 -5.503745327250000319e-01
-3.794193990479999834e-01 -7.479778648610000413e-01
-5.205520121700000225e-01 -8.502789813900000215e-01
-6.427622678250000110e-01 -9.219928199739999553e-01
-1.639638304619999987e-01 -5.542962337929999705e-01
-2.874085530320000248e-01 -7.823239533110000199e-01
-4.020148520410000148e-01 -9.071739520970000248e-01
-5.081755824579999858e-01 -1.000000000000000000e+00
-1.275431184870000068e-01 -5.308173921659999905e-01
-1.934455028869999926e-01 -7.392884205680000376e-01
-2.673391343859999880e-01 -8.589702876570000090e-01
-3.560064755580000240e-01 -9.548068254039999703e-01
-2.411774991060000040e-01 -7.756619119400000317e-02
-3.874251478019999917e-01 -2.126614939550000027e-01
-5.162758590649999535e-01 -3.156147346800000086e-01
-6.391322631450000458e-01 -4.326309600300000113e-01
-2.664433178339999930e-01 -5.013758025940000529e-01
-4.260386175290000188e-01 -6.086753388760000050e-01
-5.495835043229999606e-01 -5.678985314669999784e-01
-6.347501945629999698e-01 -5.167229372949999622e-01
-2.176213433870000102e-01 -5.432974736250000269e-01
-3.715725394259999925e-01 -7.427745151450000360e-01
-5.082980518709999673e-01 -8.428404795870000354e-01
-6.268786070340000016e-01 -9.149638432409999966e-01
-1.622655910230000054e-01 -5.456999746920000449e-01
-2.763693594319999725e-01 -7.763528894650000289e-01
-3.839168543590000260e-01 -9.032617513430000189e-01
-4.842793839339999962e-01 -1.000000000000000000e+00
-1.197175115080000019e-01 -5.209196711669999980e-01
-1.778513816910000100e-01 -7.256181787850000120e-01
-2.451598908289999990e-01 -8.460055042249999824e-01
-3.283040098130000084e-01 -9.452122183910000031e-01
-2.371733450219999928e-01 -7.700244615199999809e-02
-3.834743325489999854e-01 -2.136180829800000125e-01
-5.117580800430000521e-01 -3.148737852519999936e-01
-6.342686054770000359e-01 -4.320016459380000007e-01
-2.640975105710000048e-01 -5.044908733070000428e-01
-4.226045277120000221e-01 -6.042535574220000427e-01
-5.455235960969999631e-01 -5.577984165789999782e-01
-6.293776882730000022e-01 -5.018651380890000180e-01
-2.148889700899999922e-01 -5.471048615500000434e-01
-3.671169821060000227e-01 -7.426568323040000363e-01
-5.050849036679999626e-01 -8.400077178560000357e-01
-6.243815466750000098e-01 -9.100705858590000252e-01
-1.562503237049999993e-01 -5.493805071430000186e-01
-2.623439107589999875e-01 -7.789188433120000088e-01
-3.663773016860000231e-01 -9.042302538330000417e-01
-4.656750066029999857e-01 -1.000000000000000000e+00
-1.081493287939999937e-01 -5.230143586540000333e-01
-1.540201044570000122e-01 -7.249042501089999480e-01
-2.175721921179999963e-01 -8.468563382579999965e-01
-3.000150839840000083e-01 -9.475366051350000429e-01
-2.379189017770000081e-01 -7.584216753899999941e-02
-3.834525639629999816e-01 -2.095822430269999870e-01
-5.111031387709999985e-01 -3.095918072869999760e-01
-6.356754055479999499e-01 -4.268537186440000131e-01
-2.661903129959999892e-01 -5.082511806639999907e-01
-4.186473452469999801e-01 -6.047759664270000446e-01
-5.366823782890000061e-01 -5.596239959280000509e-01
-6.165076592410000389e-01 -5.070017137979999644e-01
-2.167806545700000087e-01 -5.492176727669999536e-01
-3.763923311519999926e-01 -7.446655049460000342e-01
-5.210147353720000485e-01 -8.416592706019999648e-01
-6.443262857089999684e-01 -9.073144180019999672e-01
-1.562998019179999976e-01 -5.477244509749999990e-01
-2.726094474260000178e-01 -7.794729824920000327e-01
-3.833351438779999953e-01 -9.048563647990000014e-01
-4.870422097189999744e-01 -1.000000000000000000e+00
-1.058388813900000003e-01 -5.166541032270000056e-01
-1.491363277320000014e-01 -7.233652850959999547e-01
-2.100354098389999868e-01 -8.500323924060000369e-01
-2.910899084229999767e-01 -9.561088308440000016e-01
-2.481118016480000077e-01 -7.428943664300000083e-02
-3.983718004249999778e-01 -2.103039162639999959e-01
-5.255525348059999491e-01 -3.146872387099999835e-01
-6.544641688060000018e-01 -4.346773338309999901e-01
-2.789795976450000214e-01 -5.105948494890000244e-01
-4.285638566539999861e-01 -6.078565533730000414e-01
-5.463759461439999798e-01 -5.594376074629999751e-01
-6.258579955309999665e-01 -5.013101230890000259e-01
-2.284139056339999918e-01 -5.545856633200000330e-01
-3.892689045989999874e-01 -7.485908345770000416e-01
-5.380132036639999615e-01 -8.427335606839999604e-01
-6.648108150399999472e-01 -9.026693184740000042e-01
-1.664871396529999936e-01 -5.578502175059999457e-01
-2.870954501149999838e-01 -7.861182883880000194e-01
-4.048101442079999890e-01 -9.099834027390000246e-01
-5.134572493839999474e-01 -1.000000000000000000e+00
-1.145771156039999961e-01 -5.334822509809999946e-01
-1.633091735049999882e-01 -7.422596817030000516e-01
-2.292874501980000090e-01 -8.682574839769999775e-01
-3.136344470040000054e-01 -9.708273015570000330e-01
-2.450312684769999916e-01 -7.599739137500000075e-02
-3.916207743740000025e-01 -2.105605551480000115e-01
-5.186601348539999767e-01 -3.101862392540000180e-01
-6.455645649939999453e-01 -4.282797095670000109e-01
-2.737944198160000009e-01 -5.103198871990000107e-01
-4.239035231769999745e-01 -6.086783154949999552e-01
-5.387438255480000437e-01 -5.591584515599999916e-01
-6.145082840950000236e-01 -5.016725936729999891e-01
-2.253533123739999977e-01 -5.510308500039999835e-01
-3.854047145719999845e-01 -7.462509062280000549e-01
-5.345236711290000109e-01 -8.384421258530000420e-01
-6.599656553820000271e-01 -8.973476473579999890e-01
-1.638122959409999968e-01 -5.518628203630000506e-01
-2.787361470429999821e-01 -7.830471306830000255e-01
-3.936818717850000260e-01 -9.072636763810000282e-01
-4.990194068300000119e-01 -1.000000000000000000e+00
-1.115971705719999985e-01 -5.253671506679999936e-01
-1.528327576379999997e-01 -7.332149883590000083e-01
-2.158585224929999991e-01 -8.603840252169999703e-01
-2.970786101549999780e-01 -9.658522230989999846e-01
-2.467522282250000087e-01 -7.527894093499999661e-02
-3.984922659499999797e-01 -2.107535122579999864e-01
-5.260911383580000322e-01 -3.156428288140000205e-01
-6.477559525910000504e-01 -4.373652390000000167e-01
-2.825380839819999768e-01 -5.085632425460000494e-01
-4.336435783779999942e-01 -6.057471998960000104e-01
-5.503676820820000426e-01 -5.553374697620000466e-01
-6.282432512879999598e-01 -4.956071167469999761e-01
-2.334813648100000083e-01 -5.522088627669999861e-01
-3.943593590589999920e-01 -7.458554751329999899e-01
-5.449014353290000390e-01 -8.378537351429999891e-01
-6.724723043350000484e-01 -8.954791944609999943e-01
-1.681665236859999912e-01 -5.535865270309999753e-01
-2.811412640170000143e-01 -7.846818474310000013e-01
-3.943844418599999901e-01 -9.086568778460000217e-01
-5.003957842680000212e-01 -1.000000000000000000e+00
-1.107586920279999970e-01 -5.259332541510000070e-01
-1.479656774510000050e-01 -7.335777446150000269e-01
-2.100602133260000004e-01 -8.605221878419999637e-01
-2.922550924310000076e-01 -9.645578086839999843e-01
-2.431757095890000053e-01 -7.490272204400000300e-02
-3.916382828609999978e-01 -2.071995830480000134e-01
-5.188343986079999581e-01 -3.076257378080000104e-01
-6.403888082849999996e-01 -4.301278593080000157e-01
-2.736652913600000070e-01 -5.093300606059999458e-01
-4.231836827500000120e-01 -6.068529302080000187e-01
-5.421328938499999639e-01 -5.514177133880000525e-01
-6.219928777359999827e-01 -4.859031086380000142e-01
-2.246107073190000136e-01 -5.503849934379999587e-01
-3.815262655469999764e-01 -7.464134781160000065e-01
-5.333610854820000080e-01 -8.368824763279999468e-01
-6.623239964139999714e-01 -8.921292584640000412e-01
-1.614669277269999981e-01 -5.506138713820000197e-01
-2.719775794929999990e-01 -7.828452568070000117e-01
-3.850527289740000025e-01 -9.078034047940000129e-01
-4.907429047030000269e-01 -1.000000000000000000e+00
-1.076342858469999941e-01 -5.230523044060000348e-01
-1.456920811129999993e-01 -7.318336182289999492e-01
-2.093204070319999999e-01 -8.580940649710000478e-01
-2.930818346410000164e-01 -9.616147087759999712e-01
-2.430500535619999902e-01 -7.208356554400000005e-02
-3.942984703840000105e-01 -2.073687077270000012e-01
-5.230094334979999982e-01 -3.116883083420000089e-01
-6.467870032629999821e-01 -4.383578761970000071e-01
-2.712824409349999799e-01 -5.054282614339999924e-01
-4.184425706100000086e-01 -6.031730388449999536e-01
-5.373572584269999952e-01 -5.564934173179999499e-01
-6.190228596929999716e-01 -4.981019893749999983e-01
-2.223658215690000051e-01 -5.500837505400000271e-01
-3.805067493839999759e-01 -7.445125424840000061e-01
-5.322270171690000051e-01 -8.379955240290000162e-01
-6.632318767879999966e-01 -8.982017402490000135e-01
-1.603690365800000128e-01 -5.530452294140000280e-01
-2.724954775219999847e-01 -7.846205614850000343e-01
-3.875718887790000067e-01 -9.091673797249999467e-01
-4.968399984640000100e-01 -1.000000000000000000e+00
-1.075283417620000043e-01 -5.274239539689999923e-01
-1.470724413189999913e-01 -7.360832522369999964e-01
-2.121374599589999910e-01 -8.632299314970000026e-01
-2.987538891850000100e-01 -9.673682722909999754e-01
-2.435414404579999970e-01 -7.740579203300000655e-02
-3.919615795640000178e-01 -2.127313991869999865e-01
-5.201427995349999778e-01 -3.137545446459999998e-01
-6.428907089419999554e-01 -4.358975396529999879e-01
-2.735289574349999975e-01 -5.116076701709999508e-01
-4.280284712699999883e-01 -6.095131107069999832e-01
-5.454901987229999749e-01 -5.559530725679999730e-01
-6.233371624879999739e-01 -4.944126347339999894e-01
-2.254261232710000062e-01 -5.538137129560000149e-01
-3.865638093809999898e-01 -7.466623247460000279e-01
-5.374804246900000138e-01 -8.391668264380000020e-01
-6.667738444640000095e-01 -8.997768342449999901e-01
-1.638468051180000107e-01 -5.539688916760000525e-01
-2.786024965830000144e-01 -7.834274136440000369e-01
-3.948620171500000220e-01 -9.082234766260000036e-01
-5.026147121970000464e-01 -1.000000000000000000e+00
-1.102671555399999948e-01 -5.268827543199999797e-01
-1.501199113159999987e-01 -7.353561162160000553e-01
-2.131079131189999865e-01 -8.618172031930000365e-01
-2.957076962160000155e-01 -9.654501901040000167e-01
-2.459424181329999959e-01 -7.500487453599999355e-02
-3.963326710039999923e-01 -2.082966820219999959e-01
-5.251092808839999959e-01 -3.103851663609999978e-01
-6.492211453189999926e-01 -4.344755445310000130e-01
-2.757949741949999867e-01 -5.083729347259999809e-01
-4.290552272590000271e-01 -6.012674371799999751e-01
-5.470325486760000411e-01 -5.476431096080000005e-01
-6.253540980549999739e-01 -4.858245535510000157e-01
-2.287720665180000001e-01 -5.515042173319999463e-01
-3.906586702659999855e-01 -7.430866814829999445e-01
-5.423716553520000483e-01 -8.358947038559999543e-01
-6.707387421329999988e-01 -8.949928289590000086e-01
-1.660216399660000008e-01 -5.527876151280000094e-01
-2.808733516649999928e-01 -7.816764436669999538e-01
-3.969829087669999867e-01 -9.071226394770000034e-01
-5.042374704950000064e-01 -1.000000000000000000e+00
-1.105707229550000059e-01 -5.264639000869999474e-01
-1.466132925560000022e-01 -7.340591111580000439e-01
-2.085827660929999994e-01 -8.607224483099999990e-01
-2.906471203279999971e-01 -9.653432517700000215e-01
-2.460914538829999942e-01 -7.217799664299999474e-02
-3.986962380390000060e-01 -2.063739736780000056e-01
-5.272456946669999978e-01 -3.107571342339999765e-01
-6.487569811519999785e-01 -4.358781064169999775e-01
-2.844916509309999841e-01 -5.099508360269999763e-01
-4.365918447159999882e-01 -6.032306831249999446e-01
-5.551675675589999859e-01 -5.515593890009999889e-01
-6.352967595740000029e-01 -4.921609896479999802e-01
-2.357380931389999879e-01 -5.547659794220000107e-01
-3.976854209749999813e-01 -7.451609996600000452e-01
-5.501690311000000388e-01 -8.347365126879999764e-01
-6.808519946829999503e-01 -8.924860150890000510e-01
-1.709617456729999874e-01 -5.573573984790000102e-01
-2.863474135710000201e-01 -7.853285763699999755e-01
-4.034017865419999849e-01 -9.082699015909999618e-01
-5.123475756959999794e-01 -1.000000000000000000e+00
-1.123129114830000025e-01 -5.311821282509999742e-01
-1.510553584250000081e-01 -7.398559540469999973e-01
-2.147730048460000096e-01 -8.659202234359999473e-01
-2.982919693459999966e-01 -9.703146229479999718e-01
-2.455410215599999890e-01 -7.451733810900000587e-02
-3.941847135320000195e-01 -2.053868021860000004e-01
-5.215411901409999773e-01 -3.066975743059999759e-01
-6.419991345119999693e-01 -4.313380730959999743e-01
-2.731311223999999815e-01 -5.063530547900000345e-01
-4.224433100159999954e-01 -6.022382134089999672e-01
-5.407683247569999851e-01 -5.483410091420000132e-01
-6.209830027049999535e-01 -4.846705271000000259e-01
-2.256122236310000029e-01 -5.492753603629999537e-01
-3.823836227819999989e-01 -7.427476418009999470e-01
-5.347015553689999923e-01 -8.337741226489999713e-01
-6.637099875630000367e-01 -8.905936813410000319e-01
-1.626683020809999991e-01 -5.514177603480000522e-01
-2.723576386570000230e-01 -7.809565388479999815e-01
-3.878892843510000077e-01 -9.067757754399999870e-01
-4.946084433530000268e-01 -1.000000000000000000e+00
-1.068435163330000021e-01 -5.269028680330000158e-01
-1.392946946710000022e-01 -7.321526286120000337e-01
-1.995425218619999996e-01 -8.576552296699999633e-01
-2.796451839379999749e-01 -9.606906562760000323e-01
-2.473847960309999983e-01 -7.459973207099999948e-02
-3.989127484259999967e-01 -2.075573726480000047e-01
-5.259641074799999982e-01 -3.100369062130000075e-01
-6.470099616090000394e-01 -4.346032598230000210e-01
-2.798236381299999964e-01 -5.060375422380000154e-01
-4.336195662369999870e-01 -6.011398245269999885e-01
-5.507430918600000336e-01 -5.501716560539999801e-01
-6.279815569790000440e-01 -4.897366223829999754e-01
-2.302116801649999878e-01 -5.504979087770000001e-01
-3.926498291589999856e-01 -7.432478625880000189e-01
-5.437501595960000378e-01 -8.375750049729999702e-01
-6.730255476650000013e-01 -8.984903408469999686e-01
-1.664634775699999902e-01 -5.541882725410000043e-01
-2.811605790410000028e-01 -7.829170521120000226e-01
-3.983023871770000057e-01 -9.086115139920000194e-01
-5.075351632579999661e-01 -1.000000000000000000e+00
-1.104062902140000024e-01 -5.318303048089999541e-01
-1.475375580099999862e-01 -7.393717124469999513e-01
-2.114369132080000102e-01 -8.650301886769999893e-01
-2.956115747190000143e-01 -9.675826591659999476e-01
-2.460791830830000027e-01 -7.260543771800000157e-02
-3.991455468499999770e-01 -2.058757400929999981e-01
-5.274117819019999986e-01 -3.105906672109999822e-01
-6.459948116799999474e-01 -4.366554691769999885e-01
-2.835709341679999995e-01 -5.102099882970000388e-01
-4.348071696399999908e-01 -6.050035462989999946e-01
-5.532687707369999819e-01 -5.531498825859999524e-01
-6.332551345550000432e-01 -4.912377903619999930e-01
-2.324216429229999936e-01 -5.558322938159999671e-01
-3.922498618160000228e-01 -7.472913491949999543e-01
-5.445780942190000529e-01 -8.367660726200000232e-01
-6.752525786530000351e-01 -8.930016969659999582e-01
-1.660624190349999918e-01 -5.586239908579999636e-01
-2.775667595619999983e-01 -7.861124213850000375e-01
-3.924928914160000226e-01 -9.095541700770000126e-01
-4.996064225180000262e-01 -1.000000000000000000e+00
-1.063859924520000055e-01 -5.331522581959999840e-01
-1.417824528970000053e-01 -7.396217716199999792e-01
-2.041589021740000121e-01 -8.654277625620000469e-01
-2.867174871529999947e-01 -9.685812976969999655e-01
-2.483897011810000111e-01 -7.481150901699999689e-02
-4.013544315140000207e-01 -2.067210614070000008e-01
-5.302508304430000319e-01 -3.119579761690000064e-01
-6.499896748860000129e-01 -4.396501790280000210e-01
-2.849999119819999760e-01 -5.114151460429999796e-01
-4.328001148639999962e-01 -6.088678536749999592e-01
-5.502606568940000553e-01 -5.586850059400000346e-01
-6.306274388979999923e-01 -4.977128524380000085e-01
-2.348265048460000115e-01 -5.558621801559999742e-01
-3.961553462729999753e-01 -7.481515967099999775e-01
-5.503312448610000462e-01 -8.379808688850000076e-01
-6.831357054309999954e-01 -8.927033889950000134e-01
-1.682954840010000008e-01 -5.579860551519999490e-01
-2.816563808520000101e-01 -7.864168138460000401e-01
-3.984257670849999933e-01 -9.103311747060000014e-01
-5.076218006730000010e-01 -1.000000000000000000e+00
-1.073618723950000020e-01 -5.322806458900000148e-01
-1.420080921090000059e-01 -7.388482759069999739e-01
-2.034773927640000091e-01 -8.648611780449999564e-01
-2.855424432990000261e-01 -9.678696350250000080e-01
-2.476031591089999928e-01 -7.160277188399999382e-02
-3.993672316379999754e-01 -2.044201066480000051e-01
-5.263157011589999490e-01 -3.086068135430000137e-01
-6.460944882310000192e-01 -4.339153429759999847e-01
-2.806225929539999941e-01 -5.083724779970000274e-01
-4.298943145179999759e-01 -6.015866536520000363e-01
-5.451571137770000464e-01 -5.470013794879999836e-01
-6.219953371680000398e-01 -4.820590033800000174e-01
-2.320201141780000031e-01 -5.538509991209999983e-01
-3.915156893269999827e-01 -7.451188860830000316e-01
-5.449758065169999499e-01 -8.346841132960000076e-01
-6.745928573160000497e-01 -8.900010487339999887e-01
-1.672947990870000123e-01 -5.575199541780000434e-01
-2.809185187580000020e-01 -7.861896917530000195e-01
-4.002163726180000269e-01 -9.100393517210000338e-01
-5.092552645100000275e-01 -1.000000000000000000e+00
-1.076379125359999966e-01 -5.342649101719999516e-01
-1.412798317719999863e-01 -7.391861502590000299e-01
-2.036550364770000066e-01 -8.655387668499999743e-01
-2.853878674940000248e-01 -9.689725796429999871e-01
-2.430360168840000057e-01 -7.237992705800000426e-02
-3.952982077259999949e-01 -2.063882568329999945e-01
-5.229087637370000152e-01 -3.109904207260000275e-01
-6.428823344670000495e-01 -4.385386996430000184e-01
-2.787686971630000121e-01 -5.066007196730000217e-01
-4.275496155640000073e-01 -6.023172339989999458e-01
-5.466386462519999823e-01 -5.548169204209999483e-01
-6.272281998890000265e-01 -4.970257447990000244e-01
-2.307221758319999982e-01 -5.529288466020000348e-01
-3.877537826329999771e-01 -7.421311277150000052e-01
-5.398244371939999731e-01 -8.323556877519999730e-01
-6.703733941649999695e-01 -8.906360123069999579e-01
-1.668778035519999925e-01 -5.583545245469999641e-01
-2.742455665799999887e-01 -7.839821689050000542e-01
-3.856541548949999898e-01 -9.076883446340000550e-01
-4.900322752319999919e-01 -1.000000000000000000e+00
-1.092994650310000065e-01 -5.360849030119999581e-01
-1.428071934750000105e-01 -7.386859768429999695e-01
-2.045579261980000063e-01 -8.620831623760000229e-01
-2.863357062570000000e-01 -9.634585087949999460e-01
-2.447984085090000039e-01 -7.234000047399999356e-02
-3.966793192329999829e-01 -2.043939949399999900e-01
-5.236850307370000124e-01 -3.070198315070000183e-01
-6.449212269630000272e-01 -4.281877618859999957e-01
-2.793844351470000098e-01 -5.048932581320000335e-01
-4.333950171679999963e-01 -6.005384720740000182e-01
-5.515694193719999916e-01 -5.487161987519999506e-01
-6.317915292339999489e-01 -4.879697213720000093e-01
-2.311975863319999935e-01 -5.515385688730000124e-01
-3.914264961760000050e-01 -7.435073644730000320e-01
-5.425030627379999748e-01 -8.354741391290000374e-01
-6.721916949599999747e-01 -8.952689065069999730e-01
-1.665445518960000093e-01 -5.564332429530000068e-01
-2.785528876239999896e-01 -7.838466873520000266e-01
-3.950924279229999780e-01 -9.082902198679999595e-01
-5.052353167930000444e-01 -1.000000000000000000e+00
-1.069413021850000034e-01 -5.338048525299999847e-01
-1.401289731070000100e-01 -7.405842046130000078e-01
-2.032165699869999953e-01 -8.649841001929999829e-01
-2.882693788330000229e-01 -9.660573500050000373e-01
-2.453013303609999918e-01 -7.266143597299999646e-02
-3.966629736400000272e-01 -2.066254478289999974e-01
-5.227800435010000468e-01 -3.132774179569999817e-01
-6.396190750500000410e-01 -4.433301959129999914e-01
-2.776276192920000274e-01 -5.082972027669999671e-01
-4.227550411800000130e-01 -6.038672576369999989e-01
-5.409861820839999558e-01 -5.539838256489999502e-01
-6.213948169749999861e-01 -4.923302382920000109e-01
-2.259068622940000048e-01 -5.527232758219999820e-01
-3.835511601050000108e-01 -7.451394571799999644e-01
-5.361052548370000004e-01 -8.367657532340000426e-01
-6.670224441669999615e-01 -8.951763810110000552e-01
-1.598320331739999933e-01 -5.544260357000000417e-01
-2.705080331820000072e-01 -7.835730881239999501e-01
-3.842296534749999881e-01 -9.080108418110000024e-01
-4.909910704830000028e-01 -1.000000000000000000e+00
-1.002497355390000039e-01 -5.273725187509999968e-01
-1.360067912880000007e-01 -7.331416273969999509e-01
-1.987396476839999870e-01 -8.582135203440000026e-01
-2.820673240439999785e-01 -9.612738380259999715e-01
-2.426362239119999875e-01 -7.241239315599999615e-02
-3.948933009100000224e-01 -2.073778812479999956e-01
-5.220870330629999723e-01 -3.108955701450000220e-01
-6.432991931760000393e-01 -4.375752475779999817e-01
-2.749838863119999921e-01 -5.094008404040000215e-01
-4.223596472389999912e-01 -6.087671512490000492e-01
-5.388388067449999541e-01 -5.581233686400000060e-01
-6.174969240909999879e-01 -4.963694056349999828e-01
-2.273130028610000075e-01 -5.535636309600000526e-01
-3.850047760699999988e-01 -7.454411128019999833e-01
-5.385070867600000311e-01 -8.373229272879999519e-01
-6.708579692230000058e-01 -8.948959218919999570e-01
-1.638938928239999926e-01 -5.555588291080000296e-01
-2.753817620119999865e-01 -7.846202085379999636e-01
-3.913825121480000169e-01 -9.093268966309999701e-01
-5.002261211730000268e-01 -1.000000000000000000e+00
-1.069287733820000058e-01 -5.303473399660000309e-01
-1.415729719250000129e-01 -7.360867119120000357e-01
-2.045326720329999903e-01 -8.611082387289999973e-01
-2.888360199460000000e-01 -9.631724061349999921e-01
-2.463962577459999914e-01 -7.757921298599999849e-02
-3.943695280000000247e-01 -2.096798000229999903e-01
-5.219761998249999868e-01 -3.115202922409999742e-01
-6.411536466680000101e-01 -4.372753031680000069e-01
-2.766767527649999781e-01 -5.105709887060000396e-01
-4.303502499840000106e-01 -6.108680944580000549e-01
-5.457359170269999726e-01 -5.557160714050000117e-01
-6.220955752739999456e-01 -4.928103442380000199e-01
-2.272161280199999911e-01 -5.538449531750000432e-01
-3.901553440850000221e-01 -7.473645814660000442e-01
-5.442979601599999828e-01 -8.364983641700000083e-01
-6.761891880150000533e-01 -8.927593265979999471e-01
-1.629686163509999897e-01 -5.540515694740000274e-01
-2.749754790469999821e-01 -7.835235909009999888e-01
-3.899253704160000056e-01 -9.082524632599999759e-01
-4.969800420059999890e-01 -1.000000000000000000e+00
-1.057531731949999942e-01 -5.260588538879999998e-01
-1.392556996060000107e-01 -7.330084130249999719e-01
-2.020049109619999894e-01 -8.584369779149999546e-01
-2.849820336819999800e-01 -9.614983963130000477e-01
-2.446939455680000042e-01 -7.844631705700000346e-02
-3.908581647000000103e-01 -2.112870077150000026e-01
-5.177858157419999996e-01 -3.124148685809999826e-01
-6.384581676439999853e-01 -4.366298022860000128e-01
-2.752538407080000193e-01 -5.110537615079999707e-01
-4.251152626179999783e-01 -6.098654988999999693e-01
-5.425810801710000408e-01 -5.569164527230000550e-01
-6.217888863770000274e-01 -4.942390497270000016e-01
-2.267676136539999998e-01 -5.532474170019999749e-01
-3.851723336699999778e-01 -7.468379393920000497e-01
-5.386296931070000404e-01 -8.359855255370000071e-01
-6.705480190239999638e-01 -8.908311251760000493e-01
-1.632929382849999944e-01 -5.516536381259999899e-01
-2.686884486519999782e-01 -7.825857639009999867e-01
-3.780128805140000048e-01 -9.080430690470000510e-01
-4.815141350330000014e-01 -1.000000000000000000e+00
-1.078907201590000031e-01 -5.206725986829999764e-01
-1.392509511589999915e-01 -7.260618203930000458e-01
-1.999564899809999907e-01 -8.502854339769999603e-01
-2.819969149839999800e-01 -9.507917261870000303e-01
-2.456304798260000033e-01 -7.784047028399999901e-02
-3.929130844320000149e-01 -2.114031979509999881e-01
-5.200892381809999465e-01 -3.139824709530000257e-01
-6.411422412199999643e-01 -4.399540571850000248e-01
-2.733057329420000015e-01 -5.087777288999999481e-01
-4.239152545509999870e-01 -6.091684449009999724e-01
-5.410293154130000337e-01 -5.573991982579999949e-01
-6.187713483800000303e-01 -4.965929454720000025e-01
-2.266056883939999989e-01 -5.503722062470000065e-01
-3.892398249590000026e-01 -7.445732592020000151e-01
-5.447804209409999876e-01 -8.356695143360000078e-01
-6.765651805210000092e-01 -8.925751937579999851e-01
-1.642732521870000073e-01 -5.500382696919999814e-01
-2.766717008680000256e-01 -7.810225428920000157e-01
-3.912300578369999893e-01 -9.071904495420000103e-01
-4.978312349110000090e-01 -1.000000000000000000e+00
-1.097797346720000011e-01 -5.218388559800000159e-01
-1.433474140479999992e-01 -7.285533851809999906e-01
-2.049463238450000002e-01 -8.544060280980000366e-01
-2.873710570799999919e-01 -9.572827872839999586e-01
-2.460051107289999983e-01 -7.787286110600000200e-02
-3.941180016599999947e-01 -2.092363791209999879e-01
-5.213593324669999474e-01 -3.108638688059999766e-01
-6.420597511500000243e-01 -4.351811735009999960e-01
-2.765178809239999813e-01 -5.087248786979999826e-01
-4.262247857099999981e-01 -6.055299249550000207e-01
-5.414567159230000426e-01 -5.498482044260000201e-01
-6.177852852559999608e-01 -4.855153546320000180e-01
-2.293803209149999911e-01 -5.509502133600000517e-01
-3.902449806559999956e-01 -7.435546201129999977e-01
-5.452615026670000198e-01 -8.331468434600000084e-01
-6.770035583569999904e-01 -8.886496414490000495e-01
-1.659037341160000123e-01 -5.508587640619999615e-01
-2.762023616070000132e-01 -7.810033001270000330e-01
-3.892724286989999727e-01 -9.070967477139999513e-01
-4.944020973059999879e-01 -1.000000000000000000e+00
-1.095740446459999989e-01 -5.235609561520000454e-01
-1.427744579840000139e-01 -7.287904323260000483e-01
-2.045809300639999939e-01 -8.536322558219999745e-01
-2.867543023710000250e-01 -9.562419597079999667e-01
-2.414077750230000097e-01 -7.629014714899999550e-02
-3.925320103439999819e-01 -2.108408187920000065e-01
-5.202633339169999704e-01 -3.148083395860000189e-01
-6.387433319030000334e-01 -4.415843092139999926e-01
-2.762743595389999807e-01 -5.108752966199999745e-01
-4.232451465679999969e-01 -6.106442983859999840e-01
-5.383241890509999905e-01 -5.578522851599999610e-01
-6.150971328990000320e-01 -4.949133154140000213e-01
-2.264078740980000060e-01 -5.534977322709999648e-01
-3.846641678539999831e-01 -7.471199446039999970e-01
-5.391457446020000432e-01 -8.358267368649999751e-01
-6.712933148470000555e-01 -8.916566548150000049e-01
-1.604641600349999975e-01 -5.525995736059999830e-01
-2.670653627430000232e-01 -7.836508903019999694e-01
-3.774412824600000271e-01 -9.079240202499999635e-01
-4.811630135059999924e-01 -1.000000000000000000e+00
-1.010504759040000006e-01 -5.225769364860000099e-01
-1.329896047049999863e-01 -7.262548499509999811e-01
-1.937364743609999995e-01 -8.507408234509999945e-01
-2.752972842420000066e-01 -9.534281982360000018e-01
-2.405098743959999952e-01 -7.715888942199999878e-02
-3.902821141069999777e-01 -2.110415438909999941e-01
-5.185232785029999514e-01 -3.130652673789999785e-01
-6.344251152640000280e-01 -4.397135214219999866e-01
-2.712849058099999766e-01 -5.101983353519999875e-01
-4.216592882890000116e-01 -6.059523217910000037e-01
-5.394271714499999648e-01 -5.517984373500000039e-01
-6.181362591169999865e-01 -4.895142202569999768e-01
-2.237270397410000000e-01 -5.537271253350000144e-01
-3.845915668589999781e-01 -7.443304787760000041e-01
-5.394444606970000278e-01 -8.333286916390000298e-01
-6.718473940270000000e-01 -8.897190850680000151e-01
-1.599697446680000135e-01 -5.541648073270000197e-01
-2.682712110650000148e-01 -7.828924851940000096e-01
-3.809254798069999781e-01 -9.076933022009999741e-01
-4.871880073259999833e-01 -1.000000000000000000e+00
-1.027649041729999935e-01 -5.255215486840000283e-01
-1.339989949239999978e-01 -7.302501749900000005e-01
-1.953488261180000019e-01 -8.551800225890000551e-01
-2.783145606599999877e-01 -9.579936432629999610e-01
-2.461063176299999877e-01 -7.780547140799999595e-02
-3.960557257880000237e-01 -2.104054651330000136e-01
-5.239640573029999970e-01 -3.142075553729999915e-01
-6.430990329979999753e-01 -4.426321565269999980e-01
-2.797496236440000228e-01 -5.112458763530000061e-01
-4.302105239549999793e-01 -6.118504089459999573e-01
-5.442663877300000230e-01 -5.578446881020000525e-01
-6.190007111569999498e-01 -4.972025244230000030e-01
-2.325731236009999925e-01 -5.551845329319999855e-01
-3.971847616479999843e-01 -7.474138635639999695e-01
-5.541092975750000482e-01 -8.351609579809999850e-01
-6.878502063120000010e-01 -8.899751712829999661e-01
-1.686846374980000007e-01 -5.565732315460000246e-01
-2.823403116029999937e-01 -7.869857699390000461e-01
-3.990422132959999812e-01 -9.103007865679999533e-01
-5.073727565350000246e-01 -1.000000000000000000e+00
-1.116546396719999973e-01 -5.299374627239999969e-01
-1.461709772279999875e-01 -7.393835572660000244e-01
-2.090873527800000131e-01 -8.664740135170000412e-01
-2.925942572999999935e-01 -9.705327321619999781e-01
-2.492194642449999942e-01 -7.613338864200000500e-02
-3.966101011300000034e-01 -2.082688374880000137e-01
-5.214485460769999747e-01 -3.100868041839999756e-01
-6.423165874870000458e-01 -4.327388482210000054e-01
-2.793949059349999930e-01 -5.053544036189999700e-01
-4.309749484709999856e-01 -6.021259943179999574e-01
-5.465998867810000217e-01 -5.469320953540000030e-01
-6.229999366890000001e-01 -4.831009012629999821e-01
-2.298034916020000040e-01 -5.490872345849999725e-01
-3.910264416520000119e-01 -7.419811398800000291e-01
-5.446788694120000551e-01 -8.327473578720000491e-01
-6.763616627809999615e-01 -8.905314615249999566e-01
-1.658533412869999946e-01 -5.518949081180000160e-01
-2.789936150149999738e-01 -7.816202029319999633e-01
-3.948560398639999747e-01 -9.080319536090000199e-01
-5.022994476540000308e-01 -1.000000000000000000e+00
-1.098558383029999974e-01 -5.294429750250000399e-01
-1.470578320400000027e-01 -7.358180958740000444e-01
-2.122584494960000068e-01 -8.605875223610000013e-01
-2.974306797299999805e-01 -9.622080166149999947e-01
-2.433301468819999980e-01 -7.302855823300000160e-02
-3.926190947420000188e-01 -2.030911274989999904e-01
-5.183861837730000532e-01 -3.085884816910000050e-01
-6.353615269419999878e-01 -4.355069829009999838e-01
-2.781171364850000272e-01 -5.017096512230000416e-01
-4.306908306109999973e-01 -5.999737223719999735e-01
-5.460246996859999813e-01 -5.430099648209999463e-01
-6.216685625690000494e-01 -4.791392754079999983e-01
-2.280228508330000015e-01 -5.472733365180000309e-01
-3.925182311209999830e-01 -7.395193557329999834e-01
-5.473506538779999708e-01 -8.275955161579999775e-01
-6.798427263859999625e-01 -8.854959439849999780e-01
-1.627940558790000047e-01 -5.496799356699999528e-01
-2.755776507959999955e-01 -7.794047102710000008e-01
-3.896023477419999770e-01 -9.061942635909999710e-01
-4.968768024929999805e-01 -1.000000000000000000e+00
-1.041356096829999939e-01 -5.229151572979999774e-01
-1.415100337259999896e-01 -7.310147030129999779e-01
-2.052666307990000105e-01 -8.560570381209999802e-01
-2.895964098029999989e-01 -9.576110143070000191e-01
-2.435336202660000060e-01 -7.358455410599999691e-02
-3.935564979339999936e-01 -2.077387349990000021e-01
-5.189790050650000541e-01 -3.120191015479999996e-01
-6.378377998319999520e-01 -4.367592948590000024e-01
-2.859704547290000121e-01 -5.059473735849999709e-01
-4.364897698199999843e-01 -6.029836741330000249e-01
-5.525527483400000106e-01 -5.463225652219999562e-01
-6.292094191439999706e-01 -4.833238893039999984e-01
-2.354586927310000077e-01 -5.511963875550000003e-01
-3.961621765180000088e-01 -7.407925506260000237e-01
-5.485670163350000461e-01 -8.287049279299999460e-01
-6.784783404669999518e-01 -8.878310084399999580e-01
-1.680907283070000036e-01 -5.532747771539999748e-01
-2.777496214660000184e-01 -7.815284370749999709e-01
-3.904862561940000143e-01 -9.065716063580000483e-01
-4.955966746359999897e-01 -1.000000000000000000e+00
-1.052561537199999953e-01 -5.260883724660000427e-01
-1.402977324849999929e-01 -7.310779520739999482e-01
-2.035639732589999973e-01 -8.563101937029999888e-01
-2.865250158120000168e-01 -9.599964972400000240e-01
-2.420799450020000021e-01 -7.347693845599999329e-02
-3.946191771770000134e-01 -2.072785248800000091e-01
-5.213112582379999527e-01 -3.139341293269999889e-01
-6.374247687570000487e-01 -4.399710996489999970e-01
-2.819972121789999786e-01 -5.080674559890000497e-01
-4.317135493590000261e-01 -6.031288769729999943e-01
-5.464361154839999513e-01 -5.434422753130000450e-01
-6.217297923739999455e-01 -4.767630832699999988e-01
-2.328449510929999910e-01 -5.532379883079999727e-01
-3.959955071979999741e-01 -7.427630164740000041e-01
-5.524146833349999897e-01 -8.286938503449999827e-01
-6.855916772700000328e-01 -8.831858807619999974e-01
-1.650873902939999915e-01 -5.548104088199999895e-01
-2.770084671809999732e-01 -7.838478860459999753e-01
-3.924603764599999822e-01 -9.083026356290000436e-01
-5.005990818129999465e-01 -1.000000000000000000e+00
-1.012611816609999965e-01 -5.272370853969999827e-01
-1.340031358150000074e-01 -7.354025307539999723e-01
-1.969077793119999864e-01 -8.611649013150000087e-01
-2.810587115650000078e-01 -9.642895874010000146e-01
-2.441754785609999978e-01 -7.502833475200000601e-02
-3.938566868550000266e-01 -2.100290182000000005e-01
-5.209711561969999627e-01 -3.136290508630000251e-01
-6.393383390019999890e-01 -4.383535537580000030e-01
-2.799968220410000153e-01 -5.092804355109999959e-01
-4.294747156679999955e-01 -6.023665776169999653e-01
-5.460824707639999609e-01 -5.458429348340000375e-01
-6.230419126730000201e-01 -4.809007145440000186e-01
-2.298764447259999955e-01 -5.526623838949999978e-01
-3.913462517979999777e-01 -7.420866836409999445e-01
-5.437256682179999467e-01 -8.295825641620000468e-01
-6.741255293110000046e-01 -8.855607860530000375e-01
-1.641187576760000100e-01 -5.520212293120000391e-01
-2.736535573289999856e-01 -7.825162381029999725e-01
-3.867641982580000137e-01 -9.079801133799999535e-01
-4.933867743470000122e-01 -1.000000000000000000e+00
-1.048521928279999987e-01 -5.231854516380000097e-01
-1.393997198180000063e-01 -7.312366104999999949e-01
-2.027483743640000058e-01 -8.589420427089999865e-01
-2.876426084859999843e-01 -9.639982083850000549e-01
-2.453865053790000028e-01 -7.676648437499999922e-02
-3.941509239770000228e-01 -2.083930892920000111e-01
-5.220077178340000179e-01 -3.113620600379999881e-01
-6.387712145720000345e-01 -4.389570280919999901e-01
-2.784669063210000184e-01 -5.084515078060000137e-01
-4.281891363009999729e-01 -6.046863257819999893e-01
-5.457967563369999775e-01 -5.470836625460000491e-01
-6.234836422799999722e-01 -4.818160628909999854e-01
-2.302827216720000070e-01 -5.507832444010000161e-01
-3.938456392960000274e-01 -7.446910131630000151e-01
-5.500646499089999475e-01 -8.330685473509999994e-01
-6.821502972770000506e-01 -8.885161993289999449e-01
-1.653017017900000052e-01 -5.487691634669999985e-01
-2.777611821779999990e-01 -7.817613510369999519e-01
-3.922322123299999963e-01 -9.073060724749999473e-01
-4.987044921079999971e-01 -1.000000000000000000e+00
-1.065894857570000021e-01 -5.173401570210000022e-01
-1.394223469850000008e-01 -7.269391980249999552e-01
-2.015161185459999893e-01 -8.544843578280000296e-01
-2.848667303229999725e-01 -9.597648432769999571e-01
-2.419092542759999909e-01 -6.989995734600000510e-02
-3.935271672769999896e-01 -2.026498271399999884e-01
-5.192346346370000365e-01 -3.099265891890000124e-01
-6.364667803629999732e-01 -4.358894350890000213e-01
-2.848577592409999859e-01 -5.031647210259999614e-01
-4.341580304129999957e-01 -6.009206894419999445e-01
-5.476120507160000539e-01 -5.424497804729999650e-01
-6.212800866500000074e-01 -4.773098335270000159e-01
-2.352521522819999988e-01 -5.497754693240000101e-01
-3.975021935049999899e-01 -7.415247374019999782e-01
-5.516967334319999861e-01 -8.298949004390000495e-01
-6.827237855890000429e-01 -8.892252002720000270e-01
-1.682036071099999863e-01 -5.524401992699999875e-01
-2.809995167429999996e-01 -7.824090469950000237e-01
-3.963964404920000129e-01 -9.072465184979999764e-01
-5.039919534290000502e-01 -1.000000000000000000e+00
-1.044339369140000057e-01 -5.253767289649999839e-01
-1.383935294430000129e-01 -7.333203368499999764e-01
-2.009694294759999944e-01 -8.596330187189999972e-01
-2.848396405890000205e-01 -9.632584000399999624e-01
-2.440388736720000007e-01 -7.085928206399999540e-02
-3.968471006000000023e-01 -2.045831287740000060e-01
-5.238487451709999965e-01 -3.121283590860000068e-01
-6.396640367320000076e-01 -4.398042590019999865e-01
-2.840717972890000054e-01 -5.043524440540000375e-01
-4.343161021460000271e-01 -6.046897026799999963e-01
-5.522081723020000332e-01 -5.504386384380000052e-01
-6.316380624440000036e-01 -4.878681373970000235e-01
-2.329783209780000031e-01 -5.511064964290000034e-01
-3.953393000900000120e-01 -7.422696081530000267e-01
-5.512559540739999653e-01 -8.294536709099999960e-01
-6.855022370450000180e-01 -8.856964589939999577e-01
-1.658859640739999974e-01 -5.549062670650000140e-01
-2.783202755399999950e-01 -7.841922843659999698e-01
-3.953052094919999870e-01 -9.085400360259999752e-01
-5.049677922209999670e-01 -1.000000000000000000e+00
-1.037445580359999953e-01 -5.305993275179999857e-01
-1.413535285349999948e-01 -7.378541458689999999e-01
-2.074429177309999872e-01 -8.635608629550000082e-01
-2.942046048540000180e-01 -9.671104090340000292e-01
-2.434274824590000053e-01 -7.062120309800000439e-02
-3.965758520070000182e-01 -2.066734466609999876e-01
-5.243338267489999760e-01 -3.131388687219999745e-01
-6.452263872100000297e-01 -4.369841636680000252e-01
-2.835823215600000169e-01 -5.075469621599999481e-01
-4.345144035430000273e-01 -6.043848866119999608e-01
-5.509637542599999938e-01 -5.523993840759999774e-01
-6.284103203169999485e-01 -4.924211983249999758e-01
-2.330391812360000092e-01 -5.538511373359999990e-01
-3.967214775890000045e-01 -7.425824059729999593e-01
-5.524056018940000090e-01 -8.301047957449999570e-01
-6.858512933389999677e-01 -8.865779332600000062e-01
-1.667933493450000082e-01 -5.578393743399999716e-01
-2.795814773949999998e-01 -7.857733840820000371e-01
-3.973671014869999962e-01 -9.097242961679999906e-01
-5.073760793729999996e-01 -1.000000000000000000e+00
-1.055587355759999985e-01 -5.348302751210000094e-01
-1.414552699730000085e-01 -7.423635816660000275e-01
-2.073396965619999921e-01 -8.678084424119999474e-01
-2.939748251709999871e-01 -9.703758072679999902e-01
-2.418579193519999893e-01 -7.109519549800000227e-02
-3.965831888229999769e-01 -2.063273937039999950e-01
-5.237865111820000363e-01 -3.137833263970000175e-01
-6.403726207530000547e-01 -4.383894962459999878e-01
-2.851937924290000037e-01 -5.067690665909999614e-01
-4.371422868029999909e-01 -6.030486214300000425e-01
-5.531419245480000413e-01 -5.474413908749999891e-01
-6.306115071810000083e-01 -4.849185402760000096e-01
-2.339760269860000075e-01 -5.535996030669999568e-01
-3.973087316189999885e-01 -7.420638596349999894e-01
-5.534836245869999560e-01 -8.273018503150000313e-01
-6.876220042439999958e-01 -8.826893151950000460e-01
-1.661055234740000108e-01 -5.580587756749999517e-01
-2.798100171860000152e-01 -7.854943173120000344e-01
-3.974890852510000183e-01 -9.088481388870000011e-01
-5.077581733870000225e-01 -1.000000000000000000e+00
-1.015398691180000035e-01 -5.338639101540000320e-01
-1.376727776189999863e-01 -7.388901259350000306e-01
-2.025658550930000135e-01 -8.635437708459999806e-01
-2.883404773839999824e-01 -9.662899322679999736e-01
