-2.399742183440000121e-01 -8.336182546499999735e-02
-4.066154889970000075e-01 -2.283664766980000038e-01
-5.369415581299999962e-01 -3.466488784840000004e-01
-6.345934615610000495e-01 -4.639350746220000099e-01
-2.633278904349999894e-01 -5.345790234570000354e-01
-4.020025069939999751e-01 -6.404396002859999992e-01
-5.088289553429999890e-01 -5.915154741670000105e-01
-5.809922755359999691e-01 -5.223073406710000421e-01
-1.942373310730000080e-01 -5.866386166129999857e-01
-3.378253707430000086e-01 -7.825458139380000455e-01
-4.770229570549999742e-01 -8.614950821090000543e-01
-5.996855440560000527e-01 -8.969465056500000033e-01
-1.137255810279999974e-01 -5.935509175959999828e-01
-2.091364038680000037e-01 -8.272447959340000212e-01
-3.266349780860000052e-01 -9.366057311280000519e-01
-4.449264722710000175e-01 -1.000000000000000000e+00
-3.498159729599999851e-02 -5.647795861200000100e-01
-7.370942007099999527e-02 -7.729101432620000267e-01
-1.464694290000000121e-01 -8.947171236850000042e-01
-2.441954433280000003e-01 -9.832580898060000463e-01
-2.367456897920000025e-01 -8.073792608200000553e-02
-4.025612065110000248e-01 -2.240076576789999940e-01
-5.332243291730000001e-01 -3.417180655909999865e-01
-6.314948271439999594e-01 -4.588348977250000238e-01
-2.596714635740000054e-01 -5.331389178009999785e-01
-3.994019638940000116e-01 -6.420365388909999860e-01
-5.058696060230000180e-01 -5.952729324690000379e-01
-5.783336624779999990e-01 -5.274679626660000453e-01
-1.915964482879999875e-01 -5.849928150569999596e-01
-3.354043145649999724e-01 -7.823439083209999811e-01
-4.720463897600000180e-01 -8.618640474369999582e-01
-5.935189671049999616e-01 -8.975855245920000280e-01
-1.115453736180000016e-01 -5.920469414329999625e-01
-2.058015762369999890e-01 -8.261436266749999646e-01
-3.212684390800000234e-01 -9.362395501410000209e-01
-4.394391215580000232e-01 -1.000000000000000000e+00
-3.272934034200000036e-02 -5.634479041009999856e-01
-6.921196858599999724e-02 -7.713969718480000459e-01
-1.411661782310000002e-01 -8.914157169640000156e-01
-2.392644449340000090e-01 -9.773215201149999531e-01
-2.393030854110000105e-01 -8.261836287800000678e-02
-4.059731999899999777e-01 -2.239479076320000095e-01
-5.381772288230000090e-01 -3.399748390749999793e-01
-6.355704984769999788e-01 -4.577689880549999923e-01
-2.619896069489999757e-01 -5.332892471969999937e-01
-3.993844836639999785e-01 -6.427931985939999704e-01
-5.036391592950000273e-01 -5.981783820560000464e-01
-5.753628240899999469e-01 -5.302066360830000047e-01
-1.927566909900000069e-01 -5.862027484880000250e-01
-3.365661398629999912e-01 -7.835591716399999962e-01
-4.730670346010000249e-01 -8.643702386749999578e-01
-5.958826809749999676e-01 -8.998369461270000480e-01
-1.121095520849999944e-01 -5.944043022880000082e-01
-2.050193166629999952e-01 -8.292754343270000161e-01
-3.210406685769999768e-01 -9.381092528729999547e-01
-4.413105566750000208e-01 -1.000000000000000000e+00
-3.342959002899999893e-02 -5.666479536340000012e-01
-6.928588219100000056e-02 -7.747696455160000273e-01
-1.407394113459999874e-01 -8.939411915689999821e-01
-2.389722429239999890e-01 -9.783860053630000220e-01
-2.402661664749999870e-01 -7.923097090899999806e-02
-4.134602796769999977e-01 -2.227382552970000040e-01
-5.470286188249999793e-01 -3.425551513310000074e-01
-6.350912293310000400e-01 -4.633609355580000089e-01
-2.691446503439999804e-01 -5.356259329960000315e-01
-4.092499165180000231e-01 -6.461012533050000117e-01
-5.144971695119999744e-01 -5.998420522520000464e-01
-5.863164852979999564e-01 -5.289615219369999677e-01
-1.979445427119999878e-01 -5.895868015470000500e-01
-3.458723772889999992e-01 -7.881785405590000515e-01
-4.845807590649999774e-01 -8.681559080039999987e-01
-6.079040178479999668e-01 -9.012416211470000160e-01
-1.154612704580000038e-01 -5.974737821050000175e-01
-2.127553962619999905e-01 -8.320709497120000186e-01
-3.314706237019999779e-01 -9.401036736100000235e-01
-4.533919523359999926e-01 -1.000000000000000000e+00
-3.414951890199999923e-02 -5.678475811319999567e-01
-7.142401279599999708e-02 -7.775484063850000016e-01
-1.440428828850000009e-01 -8.993818680099999741e-01
-2.434499559939999891e-01 -9.862329071759999843e-01
-2.412584291690000049e-01 -8.309528474400000586e-02
-4.152354654109999821e-01 -2.240686997939999869e-01
-5.488627149229999835e-01 -3.424724586969999929e-01
-6.287523491409999776e-01 -4.668346893409999754e-01
-2.673026353560000179e-01 -5.344377815669999476e-01
-4.101273231679999909e-01 -6.403223000159999900e-01
-5.147033079799999689e-01 -5.920235370069999448e-01
-5.838250264069999584e-01 -5.223472627349999842e-01
-1.978509973020000090e-01 -5.890269910259999797e-01
-3.443542810360000206e-01 -7.849273997989999474e-01
-4.824578933059999741e-01 -8.631737196969999637e-01
-6.038003397410000028e-01 -8.952833804269999529e-01
-1.154038141320000016e-01 -6.002689587939999960e-01
-2.117423208370000087e-01 -8.342534466830000550e-01
-3.299195465229999846e-01 -9.416642781280000207e-01
-4.494020651399999733e-01 -1.000000000000000000e+00
-3.314324817300000336e-02 -5.754551536259999711e-01
-6.829715648799999927e-02 -7.844910901839999839e-01
-1.430952867199999923e-01 -9.037978202899999980e-01
-2.438829263529999902e-01 -9.878008780139999612e-01
-2.417517694200000122e-01 -8.197633520500000048e-02
-4.115915104080000164e-01 -2.221174476489999883e-01
-5.434984442750000477e-01 -3.396774731400000191e-01
-6.259286975940000497e-01 -4.640962549040000273e-01
-2.675066987779999850e-01 -5.337906861629999611e-01
-4.088932106429999935e-01 -6.401058396500000081e-01
-5.130255867780000312e-01 -5.897341636680000221e-01
-5.827265959899999848e-01 -5.177677391130000029e-01
-1.970394959569999882e-01 -5.885306346869999539e-01
-3.430344347150000028e-01 -7.838765638929999779e-01
-4.813321448899999799e-01 -8.631615908699999951e-01
-6.032999106380000365e-01 -8.967282327569999767e-01
-1.148399830329999982e-01 -5.988547508910000428e-01
-2.101593207680000075e-01 -8.313305831189999884e-01
-3.263785862199999888e-01 -9.395966115899999638e-01
-4.436497726329999836e-01 -1.000000000000000000e+00
-3.282603139200000048e-02 -5.725293121640000482e-01
-6.578389755800000127e-02 -7.805411874559999852e-01
-1.390058051020000018e-01 -9.003396468680000542e-01
-2.379204074830000015e-01 -9.854218785620000309e-01
-2.425823041969999982e-01 -8.283437779900000575e-02
-4.165699553980000136e-01 -2.235293011030000110e-01
-5.502153842420000052e-01 -3.418210246789999962e-01
-6.286254323230000551e-01 -4.654607117690000018e-01
-2.656400488119999848e-01 -5.373451949949999973e-01
-4.112714439160000124e-01 -6.422225982060000282e-01
-5.187661138319999976e-01 -5.979140132339999525e-01
-5.906692110250000294e-01 -5.301623070490000256e-01
-1.955065882529999910e-01 -5.917571160619999882e-01
-3.434314305289999925e-01 -7.900348041500000473e-01
-4.825346810160000000e-01 -8.699001549170000125e-01
-6.046706452929999642e-01 -8.998131975249999970e-01
-1.128747415330000059e-01 -6.016261304859999992e-01
-2.066810014059999867e-01 -8.370065358839999803e-01
-3.221681676309999798e-01 -9.444933276069999994e-01
-4.398852792210000140e-01 -1.000000000000000000e+00
-3.188925856199999881e-02 -5.744775597110000076e-01
-6.405951262400000346e-02 -7.844167991970000253e-01
-1.390505042980000050e-01 -9.043352009609999520e-01
-2.406047785190000010e-01 -9.859996968580000409e-01
-2.474172775369999910e-01 -8.429582487900000309e-02
-4.250291578909999868e-01 -2.230023229920000127e-01
-5.611454231750000465e-01 -3.394838812289999730e-01
-6.383168828209999646e-01 -4.650111330130000109e-01
-2.729481840979999796e-01 -5.417328944389999679e-01
-4.170378072620000154e-01 -6.461724845899999847e-01
-5.223259884359999772e-01 -5.985699379729999547e-01
-5.922785807579999950e-01 -5.269657479120000154e-01
-2.012389694010000007e-01 -5.965874423470000076e-01
-3.499513633520000000e-01 -7.956822223609999467e-01
-4.922995455220000038e-01 -8.759807654310000080e-01
-6.178267571440000383e-01 -9.037786578690000239e-01
-1.172284179390000042e-01 -6.073858625189999527e-01
-2.128748154539999993e-01 -8.436910516600000243e-01
-3.331647718049999818e-01 -9.491297212889999724e-01
-4.550994581289999896e-01 -1.000000000000000000e+00
-3.461326836700000242e-02 -5.812476203790000184e-01
-7.222807254299999646e-02 -7.933914001090000001e-01
-1.532196577200000132e-01 -9.107634788980000229e-01
-2.602206441079999988e-01 -9.878645338829999956e-01
-2.506109589309999941e-01 -8.341578950799999337e-02
-4.283049875570000276e-01 -2.205774008130000075e-01
-5.650240003290000201e-01 -3.364138247549999794e-01
-6.343029325810000119e-01 -4.634799129389999828e-01
-2.730813211679999908e-01 -5.397906490020000225e-01
-4.200741287099999943e-01 -6.417128237020000014e-01
-5.259074875639999647e-01 -5.927375705809999618e-01
-5.963794344749999699e-01 -5.209242573610000093e-01
-2.024036792979999888e-01 -5.954255381930000368e-01
-3.520411248170000063e-01 -7.931567848020000255e-01
-4.942150004020000043e-01 -8.721007626640000510e-01
-6.204049118169999710e-01 -8.980540866199999694e-01
-1.183599322329999953e-01 -6.075335940079999997e-01
-2.127079175669999989e-01 -8.426312146490000377e-01
-3.317120358349999742e-01 -9.491703512460000214e-01
-4.535149424919999728e-01 -1.000000000000000000e+00
-3.644199505799999850e-02 -5.830060405579999827e-01
-7.107767588100000200e-02 -7.944976276120000458e-01
-1.518371090819999880e-01 -9.103075947040000226e-01
-2.597580221079999752e-01 -9.850119529990000178e-01
-2.488352986709999881e-01 -8.307419934599999389e-02
-4.229439216979999916e-01 -2.210842988289999922e-01
-5.580108288259999494e-01 -3.379745212779999841e-01
-6.332120421619999995e-01 -4.679103683799999969e-01
-2.698144387509999742e-01 -5.409866678710000265e-01
-4.142329386499999933e-01 -6.482174379870000447e-01
-5.212007815889999618e-01 -6.031692483089999834e-01
-5.936963542640000258e-01 -5.316940286500000390e-01
-1.989775660329999862e-01 -5.967106222160000195e-01
-3.484039255629999832e-01 -7.977222675620000425e-01
-4.925851566150000194e-01 -8.755935635570000208e-01
-6.205246239670000330e-01 -8.985249591409999459e-01
-1.146495834710000022e-01 -6.088799441659999978e-01
-2.088792572500000055e-01 -8.465022897030000104e-01
-3.304957846089999762e-01 -9.517095872959999703e-01
-4.546174539889999977e-01 -1.000000000000000000e+00
-3.094309820699999922e-02 -5.842552199799999624e-01
-6.461975818699999818e-02 -7.959331747969999871e-01
-1.460379648340000003e-01 -9.128757644839999852e-01
-2.545952908479999777e-01 -9.878624378100000492e-01
-2.502316028359999889e-01 -8.195185684500000400e-02
-4.271180678140000242e-01 -2.178772072390000036e-01
-5.622786436550000211e-01 -3.371445171949999930e-01
-6.315258122539999519e-01 -4.723806598049999916e-01
-2.721698459249999869e-01 -5.376271204960000327e-01
-4.161097664990000000e-01 -6.440836168350000390e-01
-5.192284944599999674e-01 -5.969016613049999975e-01
-5.869502424000000440e-01 -5.236752770079999841e-01
-2.004341952379999903e-01 -5.940316621519999840e-01
-3.514835442429999901e-01 -7.945579784209999552e-01
-4.953648570609999746e-01 -8.757842000090000356e-01
-6.220778210220000437e-01 -9.030773625419999950e-01
-1.153639848259999934e-01 -6.079923696590000537e-01
-2.132624130909999971e-01 -8.449353518609999947e-01
-3.362743458210000203e-01 -9.509920566859999536e-01
-4.596991232409999850e-01 -1.000000000000000000e+00
-3.023087631000000164e-02 -5.857076203540000359e-01
-6.965940616500000682e-02 -7.984321615730000099e-01
-1.530994871720000039e-01 -9.140961873490000000e-01
-2.613776809480000130e-01 -9.879329139520000025e-01
-2.519857411320000073e-01 -8.547025879200000065e-02
-4.281599585759999771e-01 -2.227697339220000017e-01
-5.654946567730000373e-01 -3.382940238809999944e-01
-6.366060795300000352e-01 -4.680176891460000044e-01
-2.722124958370000236e-01 -5.448536136449999567e-01
-4.196656207039999864e-01 -6.506823573419999729e-01
-5.285725754300000245e-01 -6.070421987209999592e-01
-6.031190005619999628e-01 -5.361969239020000222e-01
-2.009582262359999871e-01 -6.001892150590000252e-01
-3.513445163919999836e-01 -8.025523326719999906e-01
-4.970093681750000214e-01 -8.807539552499999980e-01
-6.260990182310000041e-01 -9.003642655589999544e-01
-1.165448630609999953e-01 -6.120981951520000353e-01
-2.111000263639999930e-01 -8.510751413689999767e-01
-3.351191835590000001e-01 -9.552702269939999935e-01
-4.610805366069999911e-01 -1.000000000000000000e+00
-3.385205509599999857e-02 -5.875989434789999910e-01
-6.790543139900000191e-02 -8.012585262979999845e-01
-1.519035288649999982e-01 -9.170454622500000541e-01
-2.629107556809999746e-01 -9.888525711240000460e-01
-2.528360696979999878e-01 -8.406506482799999680e-02
-4.300205304949999974e-01 -2.191072309500000093e-01
-5.665340142650000521e-01 -3.364408555760000086e-01
-6.312843308969999789e-01 -4.712037855319999857e-01
-2.700408170290000132e-01 -5.410049116580000206e-01
-4.145183159890000191e-01 -6.457252937190000042e-01
-5.196011489480000245e-01 -5.986628569740000128e-01
-5.888903623989999447e-01 -5.259482004119999665e-01
-1.993452340140000056e-01 -5.967715281890000334e-01
-3.497797711969999890e-01 -7.980607395290000294e-01
-4.951982867020000012e-01 -8.779808582570000075e-01
-6.229707326479999585e-01 -9.016286787360000554e-01
-1.149939511009999971e-01 -6.102946934049999772e-01
-2.108721386970000000e-01 -8.481159839630000308e-01
-3.358413441720000114e-01 -9.534358774269999781e-01
-4.611826209809999910e-01 -1.000000000000000000e+00
-3.180637547399999682e-02 -5.877441505020000179e-01
-6.885438603099999777e-02 -8.019672449770000044e-01
-1.530017319620000094e-01 -9.166174989380000415e-01
-2.628360449359999906e-01 -9.880002732689999734e-01
-2.515465529870000161e-01 -8.469898803900000051e-02
-4.261034627790000195e-01 -2.198641226749999955e-01
-5.625064688049999928e-01 -3.348830465370000176e-01
-6.319043698089999994e-01 -4.681233203810000187e-01
-2.705778110859999863e-01 -5.420469350240000317e-01
-4.143389772259999937e-01 -6.494098775640000376e-01
-5.219678040220000481e-01 -6.083896830820000323e-01
-5.952981299249999747e-01 -5.395638877320000359e-01
-1.988396254299999999e-01 -5.976812677180000088e-01
-3.470429902819999746e-01 -7.996549348279999858e-01
-4.912167802180000264e-01 -8.801658806100000065e-01
-6.194123548080000541e-01 -9.022838227999999683e-01
-1.144944192810000011e-01 -6.112535389600000091e-01
-2.079050936050000076e-01 -8.479381278569999569e-01
-3.308445033030000260e-01 -9.534513243419999728e-01
-4.558066136799999724e-01 -1.000000000000000000e+00
-3.189125820899999658e-02 -5.878873773210000486e-01
-6.749109858900000092e-02 -8.009580598629999493e-01
-1.513180089939999973e-01 -9.157775705330000182e-01
-2.614001780640000105e-01 -9.863934584189999466e-01
-2.492612626609999882e-01 -8.433012074000000025e-02
-4.239707401430000133e-01 -2.192732951190000112e-01
-5.601938120030000023e-01 -3.350042440630000007e-01
-6.266114173190000525e-01 -4.691999420729999759e-01
-2.685709267620000062e-01 -5.425729629869999737e-01
-4.117057292190000051e-01 -6.486507850570000233e-01
-5.186570077340000307e-01 -6.046797599059999806e-01
-5.901957457550000008e-01 -5.333172640729999525e-01
-1.974632736409999978e-01 -5.977536977059999534e-01
-3.446926112540000253e-01 -8.000501321940000077e-01
-4.882594729970000103e-01 -8.797212231040000274e-01
-6.143878178280000046e-01 -9.015804917070000535e-01
-1.136477102579999954e-01 -6.105816199250000409e-01
-2.064257633680000037e-01 -8.470827411400000395e-01
-3.288675162590000145e-01 -9.527404198609999986e-01
-4.521889779089999784e-01 -1.000000000000000000e+00
-3.095480270900000108e-02 -5.866199902980000491e-01
-6.573590004599999537e-02 -7.999799763539999775e-01
-1.496958756529999934e-01 -9.154199490809999951e-01
-2.594043030300000052e-01 -9.874298030529999881e-01
-2.486301034570000124e-01 -8.483040143799999711e-02
-4.243415824880000242e-01 -2.207430512050000126e-01
-5.596223689399999479e-01 -3.374020488560000031e-01
-6.161988770830000295e-01 -4.740415330089999824e-01
-2.671359297279999878e-01 -5.482109223500000184e-01
-4.143302458770000141e-01 -6.515310905729999602e-01
-5.196069404209999743e-01 -6.002593077050000225e-01
-5.893249990309999964e-01 -5.200411986949999843e-01
-1.969867921329999938e-01 -6.027892880949999865e-01
-3.464383219759999966e-01 -8.065928427599999839e-01
-4.920302764510000038e-01 -8.849510065450000296e-01
-6.201721731749999522e-01 -9.020708665969999762e-01
-1.129533732400000018e-01 -6.134342814669999644e-01
-2.067287043780000055e-01 -8.534208355200000318e-01
-3.296963489570000072e-01 -9.572636299479999611e-01
-4.539485893469999978e-01 -1.000000000000000000e+00
-3.031134166099999985e-02 -5.864352698589999635e-01
-6.459703917700000686e-02 -8.022428416779999738e-01
-1.492414114460000052e-01 -9.182587669809999520e-01
-2.604583629910000031e-01 -9.887397530599999484e-01
-2.511596426509999924e-01 -8.344746232800000219e-02
-4.241802572439999919e-01 -2.176730591130000003e-01
-5.588356862690000426e-01 -3.356640254250000122e-01
-6.256239004160000228e-01 -4.715493099590000181e-01
-2.725252910909999882e-01 -5.431311048219999993e-01
-4.152071069509999934e-01 -6.513963986980000342e-01
-5.200547232540000397e-01 -6.061834734700000116e-01
-5.904005518279999976e-01 -5.316490721030000532e-01
-2.012899774330000058e-01 -5.992923472750000258e-01
-3.510624160740000166e-01 -8.025817310670000371e-01
-4.953158429780000205e-01 -8.813791345229999852e-01
-6.222801632769999758e-01 -9.012128308769999929e-01
-1.162662191289999952e-01 -6.128865098669999956e-01
-2.110854757120000091e-01 -8.498075471060000385e-01
-3.336000892339999746e-01 -9.546156062959999522e-01
-4.570789023049999789e-01 -1.000000000000000000e+00
-3.109083201400000135e-02 -5.885992162069999534e-01
-6.643317785100000261e-02 -8.018437933180000421e-01
-1.503308416830000105e-01 -9.162625200709999529e-01
-2.589886920430000128e-01 -9.860525121290000250e-01
-2.513162569119999912e-01 -8.291150517100000228e-02
-4.294712454990000094e-01 -2.177373485599999881e-01
-5.665916779609999621e-01 -3.361630923310000019e-01
-6.226796883199999799e-01 -4.780285022820000007e-01
-2.733441969679999972e-01 -5.470360253320000199e-01
-4.178403643029999781e-01 -6.556685970460000012e-01
-5.234432304189999829e-01 -6.061301988249999662e-01
-5.931614647170000421e-01 -5.262779814050000393e-01
-2.019326308759999966e-01 -6.023510786610000167e-01
-3.526054697770000246e-01 -8.093713058899999480e-01
-5.009536444159999879e-01 -8.874736156460000247e-01
-6.299405458279999648e-01 -9.037071307599999770e-01
-1.160386282939999958e-01 -6.141628629459999766e-01
-2.123846632389999878e-01 -8.553343310330000504e-01
-3.388871567580000188e-01 -9.585163908860000470e-01
-4.648453386440000168e-01 -1.000000000000000000e+00
-2.996774908399999979e-02 -5.880068154819999560e-01
-6.489379585599999722e-02 -8.042058920379999698e-01
-1.511498511330000016e-01 -9.210561395940000118e-01
-2.627415421389999728e-01 -9.921453834679999639e-01
-2.540233489950000090e-01 -8.404732203199999363e-02
-4.312548925560000246e-01 -2.172177083269999920e-01
-5.680879461440000444e-01 -3.356463370430000093e-01
-6.278110020070000186e-01 -4.752814082510000149e-01
-2.744147271599999827e-01 -5.450919085719999613e-01
-4.192863531920000275e-01 -6.526063441720000302e-01
-5.237060869230000248e-01 -6.054300786009999547e-01
-5.928332184850000353e-01 -5.299380314960000504e-01
-2.041482088190000044e-01 -6.018698549090000238e-01
-3.544657202109999794e-01 -8.058003813620000511e-01
-5.005512823409999923e-01 -8.841751667080000043e-01
-6.278820953970000174e-01 -9.025602136949999466e-01
-1.186037291030000024e-01 -6.170386665349999467e-01
-2.156811365990000118e-01 -8.544765817010000486e-01
-3.426978715630000227e-01 -9.575273768180000422e-01
-4.690232562200000177e-01 -1.000000000000000000e+00
-3.218498171100000332e-02 -5.947368180700000062e-01
-6.981667162200000387e-02 -8.094286127940000242e-01
-1.581310370500000062e-01 -9.213425690559999826e-01
-2.705604615339999852e-01 -9.876429566509999924e-01
-2.553959004340000116e-01 -8.376698353400000019e-02
-4.343267631220000258e-01 -2.155315499279999991e-01
-5.712809754809999863e-01 -3.329751046200000175e-01
-6.252991587539999951e-01 -4.727961430359999828e-01
-2.751051635210000068e-01 -5.491113133970000337e-01
-4.210707646799999870e-01 -6.572608069850000012e-01
-5.242857189709999588e-01 -6.066216558039999596e-01
-5.919749627649999457e-01 -5.248497351149999934e-01
-2.035007692430000070e-01 -6.051054628409999747e-01
-3.560181904959999755e-01 -8.129164346520000306e-01
-5.058082744480000281e-01 -8.883649065719999571e-01
-6.360656980419999718e-01 -8.986427993100000178e-01
-1.162695243260000039e-01 -6.192242158459999590e-01
-2.133057494320000080e-01 -8.607617007710000046e-01
-3.439661128670000179e-01 -9.627645974049999777e-01
-4.738072289470000031e-01 -1.000000000000000000e+00
-2.780264151000000003e-02 -5.963129385409999816e-01
-6.292441581700000675e-02 -8.129433360550000209e-01
-1.527547597109999988e-01 -9.246365913130000225e-01
-2.676651819829999890e-01 -9.880219012290000213e-01
-2.539576206779999845e-01 -8.349085520700000318e-02
-4.321638767109999835e-01 -2.158156843869999952e-01
-5.691880015379999769e-01 -3.348883161019999832e-01
-6.219979906389999647e-01 -4.793398258909999932e-01
-2.736845816610000148e-01 -5.477349004329999937e-01
-4.178858110640000234e-01 -6.575762082670000286e-01
-5.230356858939999576e-01 -6.104877413510000350e-01
-5.936105337589999698e-01 -5.316891467950000116e-01
-2.023895155690000058e-01 -6.041957222410000439e-01
-3.547395896309999963e-01 -8.093311629120000239e-01
-5.029706312020000292e-01 -8.871298773950000438e-01
-6.329994854520000214e-01 -9.020540868830000392e-01
-1.156964949740000026e-01 -6.182533855509999565e-01
-2.125618738389999929e-01 -8.573842521500000258e-01
-3.392126049940000221e-01 -9.600624012570000421e-01
-4.665143631059999740e-01 -1.000000000000000000e+00
-2.848536749500000034e-02 -5.948647083050000450e-01
-6.308315474799999767e-02 -8.116281310189999987e-01
-1.491007741890000016e-01 -9.247805639399999666e-01
-2.605663802100000037e-01 -9.903079044650000551e-01
-2.554390417960000215e-01 -8.426949142200000631e-02
-4.361466618759999858e-01 -2.183363543279999985e-01
-5.754488871359999536e-01 -3.364012444960000070e-01
-6.303498382069999684e-01 -4.788052023830000059e-01
-2.734360638389999876e-01 -5.547041943949999609e-01
-4.191012281820000185e-01 -6.638739979919999756e-01
-5.254379107990000408e-01 -6.154887455849999967e-01
-5.973021398519999803e-01 -5.331789806819999811e-01
-2.026914878670000031e-01 -6.096638638639999552e-01
-3.561806284669999934e-01 -8.190344443449999456e-01
-5.078086294029999781e-01 -8.943963381739999940e-01
-6.406025375020000245e-01 -9.021964600809999624e-01
-1.159745485770000001e-01 -6.224681444349999815e-01
-2.141873657360000016e-01 -8.651281779249999637e-01
-3.461001642450000082e-01 -9.654675769349999603e-01
-4.782074674449999785e-01 -1.000000000000000000e+00
-2.885200194700000137e-02 -5.977063292759999813e-01
-6.492202964099999529e-02 -8.163693463940000505e-01
-1.542026858999999972e-01 -9.311066799849999631e-01
-2.694606448279999733e-01 -9.967441941350000389e-01
-2.551076644859999742e-01 -8.301457828699999875e-02
-4.338685653620000249e-01 -2.163142576089999991e-01
-5.716656819190000238e-01 -3.351812828410000167e-01
-6.280334184489999583e-01 -4.786591070119999847e-01
-2.768692946840000113e-01 -5.491826756009999810e-01
-4.227078657639999903e-01 -6.556965020730000093e-01
-5.270015290389999940e-01 -6.042624799289999515e-01
-5.957886384110000488e-01 -5.210440407759999726e-01
-2.053904438420000034e-01 -6.048502249610000492e-01
-3.573272938209999805e-01 -8.116202680409999592e-01
-5.046841027720000428e-01 -8.909967616909999499e-01
-6.333814761160000417e-01 -9.057437116309999814e-01
-1.190205623440000055e-01 -6.174935716160000476e-01
-2.161769432860000117e-01 -8.574118013089999657e-01
-3.426588299009999949e-01 -9.602988411589999940e-01
-4.693010407129999950e-01 -1.000000000000000000e+00
-3.228115715999999719e-02 -5.923418337019999980e-01
-6.771748128500000574e-02 -8.089459908999999671e-01
-1.547111952430000048e-01 -9.222919498670000271e-01
-2.669262147400000007e-01 -9.881973000729999956e-01
-2.533353330650000013e-01 -8.429452367199999352e-02
-4.316536458379999774e-01 -2.167179211770000058e-01
-5.691698972809999812e-01 -3.337935449509999986e-01
-6.223300343150000025e-01 -4.732698480709999767e-01
-2.692471984190000223e-01 -5.498418377220000153e-01
-4.150282060309999910e-01 -6.579099715730000186e-01
-5.196411699659999606e-01 -6.084535212149999595e-01
-5.894745448629999940e-01 -5.269659943340000430e-01
-1.992116965569999953e-01 -6.056523645689999569e-01
-3.502507389130000148e-01 -8.138369657990000006e-01
-4.977098145189999823e-01 -8.912473888649999898e-01
-6.267216567979999597e-01 -9.037774174560000429e-01
-1.130464629830000012e-01 -6.188415217329999995e-01
-2.084954542759999974e-01 -8.589974312070000062e-01
-3.361075673310000012e-01 -9.613368809929999648e-01
-4.646758900349999832e-01 -1.000000000000000000e+00
-2.551782505100000029e-02 -5.947517982359999955e-01
-5.869750461400000119e-02 -8.109239766110000192e-01
-1.462412606490000044e-01 -9.234277618320000380e-01
-2.603086304780000138e-01 -9.878858020759999636e-01
-2.553129810329999860e-01 -8.348624442400000289e-02
-4.329557532489999860e-01 -2.167340984360000000e-01
-5.696389498389999861e-01 -3.351255350749999806e-01
-6.285640640049999783e-01 -4.786011037280000213e-01
-2.762621485830000223e-01 -5.525993679959999572e-01
-4.233339674450000145e-01 -6.584836552909999474e-01
-5.278792837789999526e-01 -6.061919592279999547e-01
-5.975859158309999586e-01 -5.223261207770000247e-01
-2.048385311049999991e-01 -6.081885689449999521e-01
-3.561481523230000112e-01 -8.163018675369999588e-01
-5.053541276209999600e-01 -8.937873090019999855e-01
-6.359299838569999475e-01 -9.057353552489999515e-01
-1.183884437809999968e-01 -6.213684875980000077e-01
-2.154116297560000060e-01 -8.621944612570000555e-01
-3.455648280779999859e-01 -9.627846339490000460e-01
-4.755252365289999728e-01 -1.000000000000000000e+00
-3.051496198800000142e-02 -5.961762386229999544e-01
-6.517848100100000208e-02 -8.140663280709999894e-01
-1.551118797490000090e-01 -9.269235356839999884e-01
-2.707261113739999892e-01 -9.919081876269999487e-01
-2.529170778739999736e-01 -8.373555112500000175e-02
-4.338092855039999973e-01 -2.173539330110000056e-01
-5.705661648269999553e-01 -3.369317341849999980e-01
-6.213536526570000440e-01 -4.808191558220000217e-01
-2.695160534180000012e-01 -5.481505140260000131e-01
-4.153525498880000222e-01 -6.568112486470000233e-01
-5.232459741599999603e-01 -6.108079633130000241e-01
-5.950369387759999462e-01 -5.313009431470000488e-01
-1.994407574479999945e-01 -6.036309728340000236e-01
-3.509713992519999937e-01 -8.149237950450000101e-01
-5.007792137309999836e-01 -8.932786010809999899e-01
-6.301022225860000159e-01 -9.045536431339999961e-01
-1.135296342610000037e-01 -6.178349961439999483e-01
-2.118696368190000068e-01 -8.612986656890000425e-01
-3.427411675240000233e-01 -9.633275514529999750e-01
-4.720191433029999883e-01 -1.000000000000000000e+00
-2.602620475500000072e-02 -5.948434047599999719e-01
-6.360293578999999531e-02 -8.132847492200000472e-01
-1.540711399409999960e-01 -9.268237896509999851e-01
-2.690852841560000264e-01 -9.916701086589999603e-01
-2.527832320860000093e-01 -8.412923509500000452e-02
-4.297451170950000177e-01 -2.187978353839999945e-01
-5.673343519960000192e-01 -3.377250497200000035e-01
-6.283980486319999947e-01 -4.831688205249999868e-01
-2.752862389299999823e-01 -5.532002110829999930e-01
-4.200775045860000168e-01 -6.586865245599999863e-01
-5.222099498990000477e-01 -6.048961655040000496e-01
-5.883819363590000462e-01 -5.180637422029999994e-01
-2.026770589620000007e-01 -6.089485833619999733e-01
-3.545017742600000132e-01 -8.145316339410000328e-01
-5.033615526250000416e-01 -8.926966069459999487e-01
-6.338923659780000275e-01 -9.064850819090000122e-01
-1.156828575259999936e-01 -6.228392274399999762e-01
-2.133642055789999881e-01 -8.621648415920000197e-01
-3.426003790300000129e-01 -9.631171361439999634e-01
-4.706819543690000107e-01 -1.000000000000000000e+00
-2.709323329999999835e-02 -5.989169700469999524e-01
-6.461144967300000430e-02 -8.177228943380000503e-01
-1.547149024360000014e-01 -9.306331442459999659e-01
-2.688312083459999946e-01 -9.945600235149999468e-01
-2.568568609970000027e-01 -8.387520451400000410e-02
-4.384703159869999811e-01 -2.189242282680000096e-01
-5.770825618049999495e-01 -3.377379831180000180e-01
-6.352088331949999889e-01 -4.784541742100000272e-01
-2.796993970020000275e-01 -5.529732889940000007e-01
-4.277746342250000056e-01 -6.590796555329999640e-01
-5.351613143769999859e-01 -6.102867483909999446e-01
-6.065112268690000530e-01 -5.295420209429999581e-01
-2.098060041650000040e-01 -6.098744312620000274e-01
-3.639401726590000274e-01 -8.182546202389999745e-01
-5.150329697050000100e-01 -8.946166296649999961e-01
-6.459218932670000024e-01 -9.042952416220000345e-01
-1.236495204150000055e-01 -6.260168348210000122e-01
-2.242012608879999924e-01 -8.677757872089999491e-01
-3.568923486769999820e-01 -9.666686091939999947e-01
-4.882228317160000053e-01 -1.000000000000000000e+00
-3.570866849800000131e-02 -6.048174682100000421e-01
-7.472631771799999323e-02 -8.228896161880000504e-01
-1.674909876119999863e-01 -9.337338699720000301e-01
-2.845974069969999798e-01 -9.949907855270000434e-01
-2.567208803750000157e-01 -8.313390749599999796e-02
-4.389699239150000043e-01 -2.188482490030000116e-01
-5.762659663820000056e-01 -3.396672816549999863e-01
-6.344288033039999775e-01 -4.790218099390000095e-01
-2.812536588130000181e-01 -5.460832561339999947e-01
-4.271407437029999810e-01 -6.563291627680000184e-01
-5.303149873229999756e-01 -6.082326310179999584e-01
-5.985037620490000210e-01 -5.302203802089999751e-01
-2.108168924309999914e-01 -6.039680622880000405e-01
-3.643746104250000228e-01 -8.117762735479999714e-01
-5.131442336679999938e-01 -8.888921938199999540e-01
-6.428597093360000070e-01 -9.034055748829999954e-01
-1.241731901730000059e-01 -6.220326469529999791e-01
-2.263596205510000070e-01 -8.631979266420000130e-01
-3.577337826229999851e-01 -9.631282835590000424e-01
-4.878338522460000104e-01 -1.000000000000000000e+00
-3.400894518400000149e-02 -6.041977688590000062e-01
-7.459039775299999842e-02 -8.219187309900000127e-01
-1.669246908010000030e-01 -9.320329750160000204e-01
-2.833082703629999921e-01 -9.946540107260000152e-01
-2.559332433789999750e-01 -8.304654920300000298e-02
-4.379634299169999911e-01 -2.194912074769999888e-01
-5.776924688279999609e-01 -3.372363222629999879e-01
-6.411518797759999666e-01 -4.766869090849999990e-01
-2.849449171160000072e-01 -5.524816682049999983e-01
-4.341160018529999776e-01 -6.637635852740000342e-01
-5.389295809380000302e-01 -6.164278583729999594e-01
-6.079311204059999474e-01 -5.356884119860000348e-01
-2.132847306350000027e-01 -6.088825715129999594e-01
-3.704886754769999846e-01 -8.195290072540000192e-01
-5.224649257660000101e-01 -8.939088135230000010e-01
-6.540738453859999968e-01 -9.006608692380000392e-01
-1.264644305460000118e-01 -6.241889111249999678e-01
-2.300613959070000047e-01 -8.672659885060000073e-01
-3.651519905219999806e-01 -9.654685558200000184e-01
-4.979903954300000102e-01 -9.984530300160000538e-01
-3.756478749099999986e-02 -6.024406871030000277e-01
-7.664545261300000079e-02 -8.209207662130000305e-01
-1.684382726399999974e-01 -9.347975157460000073e-01
-2.844598931099999728e-01 -1.000000000000000000e+00
-2.551761971450000055e-01 -8.235633459800000000e-02
-4.382140491589999742e-01 -2.177813937180000103e-01
-5.779231520859999804e-01 -3.374545928530000016e-01
-6.384245762500000421e-01 -4.779414940960000080e-01
-2.792732110560000036e-01 -5.467897046330000288e-01
-4.248830665500000214e-01 -6.610539782490000293e-01
-5.305635140850000209e-01 -6.217612247070000153e-01
-6.023757046309999863e-01 -5.500542223619999671e-01
-2.096551132939999951e-01 -6.050584014269999589e-01
-3.650022234770000096e-01 -8.134972996810000412e-01
-5.155520317020000354e-01 -8.881268220619999987e-01
-6.461295597180000128e-01 -8.983453138220000023e-01
-1.242947409420000066e-01 -6.245063730740000318e-01
-2.293013226339999933e-01 -8.653701938240000446e-01
-3.633414805010000137e-01 -9.627200538860000156e-01
-4.954835626799999893e-01 -9.968589203950000144e-01
-3.577135559099999668e-02 -6.074427789580000292e-01
-7.691848546399999986e-02 -8.258895832789999725e-01
-1.690032427940000026e-01 -9.370139074459999939e-01
-2.852307225560000159e-01 -1.000000000000000000e+00
-2.563651397560000045e-01 -8.293239497399999827e-02
-4.391664935829999727e-01 -2.205459425509999905e-01
-5.780805741060000003e-01 -3.399251977989999896e-01
-6.361257830930000523e-01 -4.798721702109999820e-01
-2.832168127810000269e-01 -5.505776300129999745e-01
-4.300996818530000154e-01 -6.664596362210000180e-01
-5.337130203059999856e-01 -6.230299562929999535e-01
-6.035310871739999472e-01 -5.458214968929999689e-01
-2.126174215490000130e-01 -6.079826184840000369e-01
-3.671260934289999889e-01 -8.201202199760000422e-01
-5.176702955180000343e-01 -8.951324446509999477e-01
-6.484201936140000511e-01 -9.030234816729999503e-01
-1.257126037340000058e-01 -6.243272661609999830e-01
-2.267499074730000008e-01 -8.676089691320000297e-01
-3.602801080909999731e-01 -9.654633158040000218e-01
-4.921610973130000066e-01 -9.978494743829999791e-01
-3.558294976600000215e-02 -6.033057228560000373e-01
-7.070303202899999584e-02 -8.214710245699999858e-01
-1.601313107139999969e-01 -9.354134074859999926e-01
-2.746146265959999999e-01 -1.000000000000000000e+00
-2.569384351910000142e-01 -8.390602789300000142e-02
-4.389429577730000198e-01 -2.197620382719999987e-01
-5.782518792170000532e-01 -3.378120400779999755e-01
-6.400489222090000041e-01 -4.767230078360000234e-01
-2.816939105360000140e-01 -5.474408983170000464e-01
-4.287660493270000206e-01 -6.585373285769999807e-01
-5.347118673530000255e-01 -6.151251930000000145e-01
-6.055959593099999871e-01 -5.394746621810000420e-01
-2.113482141880000109e-01 -6.047420824710000309e-01
-3.687689917809999773e-01 -8.133029873229999929e-01
-5.207116547840000553e-01 -8.882442508290000482e-01
-6.519339194159999851e-01 -8.979686707289999958e-01
-1.249157814439999931e-01 -6.226381866529999698e-01
-2.287630126319999957e-01 -8.643863179070000458e-01
-3.628116238410000194e-01 -9.626813810259999826e-01
-4.950111598549999936e-01 -9.974371757479999490e-01
-3.512731868700000315e-02 -6.043857210399999902e-01
-7.243955012899999657e-02 -8.230701303840000094e-01
-1.633005736739999991e-01 -9.354123177790000243e-01
-2.790958396750000126e-01 -1.000000000000000000e+00
-2.546784408309999970e-01 -8.212893600899999480e-02
-4.361499615050000167e-01 -2.181228043600000055e-01
-5.756951413919999538e-01 -3.353731715719999729e-01
-6.417033721239999711e-01 -4.737381436170000071e-01
-2.816911928220000028e-01 -5.491649425960000164e-01
-4.287015498599999752e-01 -6.608288753330000542e-01
-5.351797856440000389e-01 -6.155882872729999677e-01
-6.068319565390000170e-01 -5.367940105399999773e-01
-2.109526582119999882e-01 -6.056354861560000469e-01
-3.699317428019999743e-01 -8.153762497190000236e-01
-5.250168708150000363e-01 -8.878609537620000269e-01
-6.597423028459999950e-01 -8.925355752000000420e-01
-1.248336573580000053e-01 -6.230939112100000177e-01
-2.322120751089999935e-01 -8.645810837430000229e-01
-3.709128602519999873e-01 -9.607960002700000057e-01
-5.070388827099999718e-01 -9.912513604420000179e-01
-3.589763224700000255e-02 -6.043519189660000457e-01
-7.697534500199999796e-02 -8.237824328459999457e-01
-1.706683311459999963e-01 -9.364535533960000047e-01
-2.885047785570000189e-01 -1.000000000000000000e+00
-2.543724358880000147e-01 -8.495994952200000561e-02
-4.354838473629999984e-01 -2.183925492500000121e-01
-5.754479584220000277e-01 -3.343499566909999832e-01
-6.337870777649999843e-01 -4.735550185249999822e-01
-2.762305280119999873e-01 -5.483440094879999949e-01
-4.238891645130000163e-01 -6.569019727629999972e-01
-5.293758907679999570e-01 -6.087589839949999471e-01
-5.986826504800000226e-01 -5.267767754269999658e-01
-2.069280333269999939e-01 -6.042300279169999788e-01
-3.647631896460000189e-01 -8.123697050170000100e-01
-5.175818388489999977e-01 -8.844809494449999976e-01
-6.490036877839999718e-01 -8.888230597420000434e-01
-1.216232020770000033e-01 -6.214316313159999883e-01
-2.259303976990000018e-01 -8.628476701980000163e-01
-3.621716426350000129e-01 -9.595947096110000185e-01
-4.959512984180000084e-01 -9.904462158240000536e-01
-3.295962086399999852e-02 -6.028931930809999784e-01
-7.059249786099999757e-02 -8.215023805750000241e-01
-1.619434637319999981e-01 -9.353755700550000496e-01
-2.781579853519999812e-01 -1.000000000000000000e+00
-2.554970957839999834e-01 -8.363694870200000242e-02
-4.389637848760000183e-01 -2.196283496099999955e-01
-5.800440899030000486e-01 -3.374969974179999888e-01
-6.360139779729999665e-01 -4.795062773470000206e-01
-2.803966614139999924e-01 -5.523249929119999901e-01
-4.260475212820000190e-01 -6.665745539180000234e-01
-5.296870785160000539e-01 -6.213051877059999617e-01
-5.982657120850000121e-01 -5.400797465590000401e-01
-2.089723104460000092e-01 -6.080058274009999542e-01
-3.651730385190000150e-01 -8.195584278509999709e-01
-5.179611046680000497e-01 -8.930965041130000115e-01
-6.504230136340000135e-01 -8.968662865330000455e-01
-1.223767590180000059e-01 -6.241550596210000412e-01
-2.242898841490000017e-01 -8.675603323810000544e-01
-3.602928673429999784e-01 -9.658943841520000184e-01
-4.939655448799999959e-01 -9.965110880249999914e-01
-3.357520168699999752e-02 -6.039153919020000538e-01
-6.990321069400000364e-02 -8.243069134670000242e-01
-1.610061179650000007e-01 -9.375912419790000119e-01
-2.767704825599999752e-01 -1.000000000000000000e+00
-2.545122552860000220e-01 -8.400404669300000349e-02
-4.340783118300000076e-01 -2.184648155020000038e-01
-5.728908121469999948e-01 -3.357735961159999949e-01
-6.322018839780000343e-01 -4.765389595949999779e-01
-2.794384871750000277e-01 -5.498864708370000409e-01
-4.252999286499999920e-01 -6.621121484549999936e-01
-5.246771328039999682e-01 -6.100169348870000396e-01
-5.886918516450000416e-01 -5.250884821800000379e-01
-2.077709455329999899e-01 -6.062727263939999833e-01
-3.644182957720000227e-01 -8.138390436100000347e-01
-5.147554427930000065e-01 -8.871525268669999686e-01
-6.450696525239999479e-01 -8.955335820430000426e-01
-1.218413668890000051e-01 -6.230441285209999958e-01
-2.249801492949999870e-01 -8.643619382289999820e-01
-3.589801800169999946e-01 -9.623858916709999711e-01
-4.906473893319999724e-01 -9.957124110359999447e-01
-3.330272488799999875e-02 -6.028080245269999971e-01
-6.903520699500000080e-02 -8.226684896960000382e-01
-1.581141112799999970e-01 -9.357758813909999862e-01
-2.718531343769999831e-01 -1.000000000000000000e+00
-2.527333075079999936e-01 -8.373128424900000422e-02
-4.307502504540000055e-01 -2.196691561970000039e-01
-5.701943494240000465e-01 -3.353838011429999821e-01
-6.330172107510000368e-01 -4.737298479459999823e-01
-2.797212664459999831e-01 -5.554178323180000154e-01
-4.309915778449999735e-01 -6.644565190340000482e-01
-5.322348130559999557e-01 -6.117691991479999869e-01
-5.969883771020000340e-01 -5.256817754789999686e-01
-2.078378029159999862e-01 -6.100120314700000490e-01
-3.665153689369999856e-01 -8.194534034899999542e-01
-5.185784579529999494e-01 -8.914889400559999899e-01
-6.503100277490000414e-01 -8.957641839350000135e-01
-1.225540654959999948e-01 -6.221736530300000512e-01
-2.250921680250000112e-01 -8.662326953179999567e-01
-3.599687678719999950e-01 -9.623946180560000174e-01
-4.930067823489999723e-01 -9.927142240870000522e-01
-3.630861292800000029e-02 -5.962946130970000480e-01
-7.012069525099999534e-02 -8.170795845620000275e-01
-1.589223206460000093e-01 -9.334642954470000475e-01
-2.737694157739999912e-01 -1.000000000000000000e+00
-2.512375173079999802e-01 -8.195288616000000192e-02
-4.296312465470000230e-01 -2.153002905449999949e-01
-5.682342636049999562e-01 -3.330226045110000199e-01
-6.335498313230000234e-01 -4.739788308239999970e-01
-2.827815641090000165e-01 -5.492565126889999982e-01
-4.309967027819999741e-01 -6.580020595090000368e-01
-5.266072625169999633e-01 -5.988024630229999978e-01
-5.870591909469999869e-01 -5.086567150059999598e-01
-2.109441134679999885e-01 -6.057060315350000224e-01
-3.675628893999999813e-01 -8.114043223310000164e-01
-5.157411911200000532e-01 -8.854077691999999722e-01
-6.438734702939999943e-01 -8.971698330990000025e-01
-1.254931687049999911e-01 -6.200374728880000408e-01
-2.298315972570000032e-01 -8.595282542850000151e-01
-3.618797108810000163e-01 -9.569713901949999935e-01
-4.911416566049999766e-01 -9.931621406480000136e-01
-3.683545935000000215e-02 -5.959775914349999537e-01
-7.163795862999999819e-02 -8.142985121039999497e-01
-1.591280444389999993e-01 -9.301189939359999492e-01
-2.715515203880000117e-01 -1.000000000000000000e+00
-2.514104375219999854e-01 -8.138656638999999804e-02
-4.325458514319999725e-01 -2.166028895730000015e-01
-5.730576117560000071e-01 -3.338088541459999781e-01
-6.363601235079999752e-01 -4.726070045390000085e-01
-2.788239423339999856e-01 -5.513396380349999681e-01
-4.307812340050000133e-01 -6.620978882210000194e-01
-5.328390986500000093e-01 -6.132142735819999801e-01
-5.986176635200000096e-01 -5.322522413629999782e-01
-2.092969313320000024e-01 -6.070827389320000433e-01
-3.693260026849999877e-01 -8.155736851120000130e-01
-5.221368670389999744e-01 -8.863896884619999472e-01
-6.532525713269999867e-01 -8.914531937309999599e-01
-1.244931547249999992e-01 -6.213303459540000517e-01
-2.307554466510000069e-01 -8.633544868460000243e-01
-3.674682955370000004e-01 -9.582230473509999458e-01
-5.011263668559999829e-01 -9.902022443010000119e-01
-3.677586170199999976e-02 -5.981480025219999552e-01
-7.146692238000000585e-02 -8.169243619120000188e-01
-1.619759894829999880e-01 -9.319763754800000077e-01
-2.782085992589999890e-01 -1.000000000000000000e+00
