-2.019035932390000065e-01 -8.881753840099999853e-02
-3.274340667260000060e-01 -1.956765473729999982e-01
-4.411051356810000157e-01 -2.838129626890000257e-01
-4.938362782679999730e-01 -4.091146332639999939e-01
-1.723710552399999874e-01 -5.172160803919999550e-01
-3.019279486750000019e-01 -6.031958477609999925e-01
-4.051659088840000034e-01 -5.223426405650000159e-01
-4.636407887569999886e-01 -4.305674194740000127e-01
-1.099522529810000038e-01 -5.593765837509999672e-01
-2.181981744819999902e-01 -7.621162075580000250e-01
-3.373504256670000201e-01 -8.737884725200000258e-01
-4.382542023489999772e-01 -9.429706584360000310e-01
-4.345044325200000251e-02 -5.508956063829999472e-01
-8.682357094900000627e-02 -7.795643382519999998e-01
-1.643140006450000135e-01 -9.094125468839999726e-01
-2.405524572909999992e-01 -1.000000000000000000e+00
1.292544714700000034e-02 -5.043828384340000026e-01
3.314377549300000225e-02 -6.990491534149999575e-01
-1.351053035999999919e-03 -8.258769252450000042e-01
-6.018362962300000119e-02 -9.286543777079999673e-01
-2.020207730470000018e-01 -9.299374346300000316e-02
-3.286003247739999744e-01 -2.041875408509999934e-01
-4.449362000959999897e-01 -2.946170500849999985e-01
-5.035911475400000059e-01 -4.196061428769999879e-01
-1.708109695220000057e-01 -5.252124137870000098e-01
-2.967859814459999912e-01 -6.131302422969999721e-01
-4.056737756450000121e-01 -5.375029201480000518e-01
-4.728707267319999796e-01 -4.474441120420000195e-01
-1.071207261689999940e-01 -5.666247861280000464e-01
-2.108263817280000008e-01 -7.704649713350000262e-01
-3.315920360640000064e-01 -8.792630825909999448e-01
-4.361026047539999784e-01 -9.412203688389999545e-01
-4.124898886399999687e-02 -5.554197923310000284e-01
-7.664653214800000447e-02 -7.871412352969999748e-01
-1.507731480969999871e-01 -9.140352356600000006e-01
-2.268496177750000120e-01 -1.000000000000000000e+00
1.176479681699999988e-02 -5.055701743989999830e-01
3.624356400599999806e-02 -6.998686528749999969e-01
3.025211532999999911e-03 -8.280418390820000196e-01
-5.692535781199999784e-02 -9.315298477479999617e-01
-2.058177704860000012e-01 -9.538726617600000457e-02
-3.338354996180000200e-01 -2.069999550870000038e-01
-4.502997320459999897e-01 -2.984732054629999909e-01
-5.098987701689999819e-01 -4.258466137990000178e-01
-1.706246776279999877e-01 -5.322443930529999756e-01
-2.969437556810000101e-01 -6.203010624939999662e-01
-4.058958318859999803e-01 -5.456079764150000289e-01
-4.734850410800000020e-01 -4.546264408239999999e-01
-1.058973431160000062e-01 -5.736994874809999700e-01
-2.077962816389999912e-01 -7.789979844140000331e-01
-3.297015786279999805e-01 -8.838709393810000314e-01
-4.363023500050000059e-01 -9.376646640750000428e-01
-3.961520687500000304e-02 -5.642308529949999762e-01
-7.764708225199999647e-02 -7.960872976999999739e-01
-1.593742743980000043e-01 -9.201708671810000517e-01
-2.430123254250000087e-01 -1.000000000000000000e+00
1.406277452799999973e-02 -5.167901214690000522e-01
3.686745126399999795e-02 -7.138920125690000340e-01
1.557132129999999940e-04 -8.427932641219999521e-01
-6.438914377399999889e-02 -9.444943303439999882e-01
-2.075329112329999948e-01 -9.321775680999999647e-02
-3.357576619489999747e-01 -2.037472079909999900e-01
-4.507258209300000207e-01 -2.984644606869999994e-01
-5.026202707579999762e-01 -4.326294006609999743e-01
-1.733389021500000016e-01 -5.300334495970000503e-01
-2.980117505720000226e-01 -6.232356764080000389e-01
-4.053665933439999924e-01 -5.482021659139999503e-01
-4.705609628970000013e-01 -4.549857919120000038e-01
-1.080128467130000020e-01 -5.725423550149999485e-01
-2.132766708190000082e-01 -7.773658664129999840e-01
-3.337321671149999780e-01 -8.829096559839999525e-01
-4.384723678679999792e-01 -9.395666566450000534e-01
-4.014802642200000077e-02 -5.649448879149999714e-01
-8.472579011799999393e-02 -7.934128763579999521e-01
-1.699383996200000135e-01 -9.182892812320000431e-01
-2.564849580520000005e-01 -1.000000000000000000e+00
1.789055913800000064e-02 -5.195241076380000544e-01
3.687162205899999906e-02 -7.158731856429999540e-01
-2.317302811000000046e-03 -8.414974769869999482e-01
-6.909573228700000014e-02 -9.396505824630000392e-01
-2.081415820439999897e-01 -9.755886619100000157e-02
-3.377478522510000136e-01 -2.109797249569999866e-01
-4.587543535399999928e-01 -3.055901112259999941e-01
-5.175839267659999576e-01 -4.408713422130000059e-01
-1.665470006110000012e-01 -5.382858141090000048e-01
-2.946965787759999733e-01 -6.349927109890000088e-01
-4.082912693629999756e-01 -5.631365663830000257e-01
-4.816041060119999884e-01 -4.709799161930000033e-01
-1.018785547289999954e-01 -5.786497135160000305e-01
-2.132460206250000045e-01 -7.842670813130000473e-01
-3.413569933699999726e-01 -8.837686094319999741e-01
-4.538127882849999906e-01 -9.303515087860000365e-01
-3.648512915999999745e-02 -5.692078952310000162e-01
-8.685388432599999708e-02 -8.002504768289999681e-01
-1.775773351949999912e-01 -9.227130076380000157e-01
-2.704596096890000134e-01 -1.000000000000000000e+00
1.676492247199999966e-02 -5.220503731960000060e-01
2.761662641600000009e-02 -7.196289324479999694e-01
-1.853711891300000025e-02 -8.466988123030000368e-01
-9.282418730499999993e-02 -9.446999397390000164e-01
-2.138909969070000028e-01 -9.897689619100000225e-02
-3.446927920539999968e-01 -2.142758885330000029e-01
-4.656019290360000062e-01 -3.100291071090000017e-01
-5.250860045930000330e-01 -4.508631320850000068e-01
-1.674402893259999969e-01 -5.493543978679999995e-01
-2.966141749960000129e-01 -6.465866665439999883e-01
-4.116769522609999843e-01 -5.782628450719999869e-01
-4.872961264599999787e-01 -4.865920153889999877e-01
-1.013884107909999999e-01 -5.887397150459999784e-01
-2.182812332830000035e-01 -7.955903508410000491e-01
-3.518683186509999894e-01 -8.945090525590000397e-01
-4.706168555620000027e-01 -9.364005714799999991e-01
-3.461582031100000206e-02 -5.792952073420000181e-01
-9.145604216600000669e-02 -8.133205777190000152e-01
-1.927636425360000072e-01 -9.310273732320000217e-01
-2.963925131080000219e-01 -1.000000000000000000e+00
1.878641176799999979e-02 -5.329178873250000059e-01
2.357280203499999977e-02 -7.373284689119999902e-01
-3.177560825600000277e-02 -8.637081057390000316e-01
-1.149957155850000051e-01 -9.576650841720000251e-01
-2.170721197540000091e-01 -1.015115392740000011e-01
-3.553619974419999772e-01 -2.208687454050000110e-01
-4.786784613089999918e-01 -3.209238198900000172e-01
-5.328719175830000099e-01 -4.630221038680000234e-01
-1.734705688809999868e-01 -5.527970153200000292e-01
-3.024571503819999951e-01 -6.526201445920000177e-01
-4.198045351270000003e-01 -5.905746334289999622e-01
-4.995346369940000253e-01 -5.067726168389999897e-01
-1.072861267219999970e-01 -5.924445319469999749e-01
-2.237040264980000026e-01 -7.985867012480000193e-01
-3.614984505400000159e-01 -8.973562413410000049e-01
-4.843050128079999794e-01 -9.386740524600000191e-01
-3.937193118800000335e-02 -5.845828450900000250e-01
-9.638925837700000609e-02 -8.185419359329999534e-01
-2.002792270650000095e-01 -9.338307652370000378e-01
-3.044365940200000065e-01 -1.000000000000000000e+00
1.403303731899999997e-02 -5.405595992230000091e-01
1.246613830500000082e-02 -7.461474116849999838e-01
-4.431364972000000069e-02 -8.683487529109999992e-01
-1.256264322110000053e-01 -9.573764829230000384e-01
-2.176709492270000046e-01 -9.957628653699999999e-02
-3.542644462180000176e-01 -2.164064069770000043e-01
-4.760733883600000160e-01 -3.197463437979999878e-01
-5.373440295110000209e-01 -4.624484765679999776e-01
-1.797453007049999996e-01 -5.428077472679999627e-01
-3.075614084759999978e-01 -6.461035489980000435e-01
-4.191733379509999802e-01 -5.903432310789999971e-01
-4.933972779640000139e-01 -5.112455160429999479e-01
-1.125729461890000033e-01 -5.849927085839999874e-01
-2.236379250069999991e-01 -7.924604876180000312e-01
-3.518704586049999916e-01 -8.918256115270000173e-01
-4.633572464779999733e-01 -9.333665766059999758e-01
-4.393834486400000072e-02 -5.792507222139999801e-01
-1.006268270599999931e-01 -8.143391591469999469e-01
-1.984328429380000092e-01 -9.312119213859999522e-01
-2.939900708579999966e-01 -1.000000000000000000e+00
1.064146077299999923e-02 -5.367591381620000490e-01
4.871599608999999630e-03 -7.438013841270000315e-01
-5.232688808000000164e-02 -8.628488780749999920e-01
-1.307227556199999918e-01 -9.484383782599999924e-01
-2.202706742970000076e-01 -9.793592383299999649e-02
-3.633952855720000152e-01 -2.133158894399999894e-01
-4.884549745330000192e-01 -3.147143218339999993e-01
-5.457685815320000300e-01 -4.582335044420000059e-01
-1.862234548549999980e-01 -5.432771709189999632e-01
-3.169661765969999934e-01 -6.474762634870000477e-01
-4.281367611620000013e-01 -5.929939402189999820e-01
-5.031524962009999991e-01 -5.143866906970000485e-01
-1.176722300699999946e-01 -5.851844864699999871e-01
-2.371111752360000047e-01 -7.958958479030000532e-01
-3.714482766059999941e-01 -8.968012149699999824e-01
-4.892950200250000270e-01 -9.380937337610000260e-01
-4.719250254900000247e-02 -5.787667115600000356e-01
-1.123734987529999979e-01 -8.160454419360000378e-01
-2.180832666820000099e-01 -9.320623068469999772e-01
-3.213693455950000222e-01 -1.000000000000000000e+00
8.434390143999999367e-03 -5.358814142729999563e-01
-3.406024282999999854e-03 -7.433943813769999798e-01
-6.474705704100000569e-02 -8.619482945599999946e-01
-1.471179529770000050e-01 -9.473209875370000033e-01
-2.211736665119999889e-01 -9.841788624899999727e-02
-3.632287387479999907e-01 -2.156236313350000100e-01
-4.870886938499999763e-01 -3.187468511989999809e-01
-5.484078528610000225e-01 -4.619622629299999783e-01
-1.828234716940000115e-01 -5.433889270449999698e-01
-3.123461632380000186e-01 -6.503013642989999843e-01
-4.263091618879999989e-01 -6.008365558270000184e-01
-5.033777833820000103e-01 -5.267868032400000455e-01
-1.136558412079999997e-01 -5.850415292999999739e-01
-2.289914148040000097e-01 -7.956884513009999660e-01
-3.633233631769999805e-01 -8.929053437699999707e-01
-4.797533664849999990e-01 -9.292711408329999978e-01
-4.452949732400000166e-02 -5.806270988520000342e-01
-1.111424914080000048e-01 -8.193299407649999866e-01
-2.202913978619999991e-01 -9.351864508530000064e-01
-3.242974814990000065e-01 -1.000000000000000000e+00
9.899560111999999509e-03 -5.413616432960000058e-01
-6.883629619999999741e-03 -7.496121012149999929e-01
-6.962684164700000400e-02 -8.703923175679999513e-01
-1.521329458339999996e-01 -9.568624748859999585e-01
-2.164698176369999894e-01 -9.777717929800000540e-02
-3.576364026409999952e-01 -2.159311857650000055e-01
-4.791487951780000198e-01 -3.196250667369999743e-01
-5.409616329019999448e-01 -4.617936720010000218e-01
-1.813685281109999881e-01 -5.389863521140000335e-01
-3.053673369229999990e-01 -6.496633857350000429e-01
-4.174084884570000153e-01 -6.043883225899999712e-01
-4.942275893179999824e-01 -5.350268727920000078e-01
-1.113729893990000053e-01 -5.813732916730000033e-01
-2.165641228029999976e-01 -7.897484153299999532e-01
-3.429068868949999849e-01 -8.879860290129999445e-01
-4.546281142840000178e-01 -9.314327869749999822e-01
-4.147643766999999787e-02 -5.771850721610000123e-01
-9.505700659999999358e-02 -8.137993539429999590e-01
-1.926258450520000054e-01 -9.304326059999999954e-01
-2.890097379750000139e-01 -1.000000000000000000e+00
1.367068201199999992e-02 -5.365875898530000354e-01
1.975726675000000036e-03 -7.417072345159999580e-01
-5.656682487999999814e-02 -8.614152697339999554e-01
-1.358851984339999874e-01 -9.488682627610000031e-01
-2.202233352480000017e-01 -9.723179411299999464e-02
-3.663193369569999747e-01 -2.147338401749999959e-01
-4.931310605129999858e-01 -3.210140650680000096e-01
-5.496884697889999893e-01 -4.649547154790000247e-01
-1.917904886460000125e-01 -5.463170427160000120e-01
-3.261417238379999972e-01 -6.521792427379999868e-01
-4.324209695740000026e-01 -6.031423268479999544e-01
-5.036792214219999453e-01 -5.243684774000000326e-01
-1.205581468080000052e-01 -5.889961392579999844e-01
-2.420793325339999913e-01 -8.025964541550000275e-01
-3.727887049229999805e-01 -9.017497504279999854e-01
-4.871853157730000050e-01 -9.345627256490000034e-01
-4.868513478000000005e-02 -5.820417871220000539e-01
-1.197339975939999968e-01 -8.241704917829999477e-01
-2.249076240360000090e-01 -9.377880699770000383e-01
-3.264163398159999896e-01 -1.000000000000000000e+00
9.450525514000000099e-03 -5.384075602400000271e-01
-5.427544539999999869e-03 -7.490279227060000489e-01
-6.772364443599999950e-02 -8.684897145550000142e-01
-1.504859407309999952e-01 -9.525442914299999675e-01
-2.177520274599999972e-01 -9.691869203700000102e-02
-3.610616809480000078e-01 -2.148673879770000017e-01
-4.838686310220000064e-01 -3.188330157579999935e-01
-5.454118921510000551e-01 -4.614834971869999913e-01
-1.827291830049999899e-01 -5.438165025510000028e-01
-3.106891196129999977e-01 -6.505342665709999972e-01
-4.230911093390000155e-01 -6.022353847310000230e-01
-5.001006872309999851e-01 -5.278659507109999538e-01
-1.129532567309999985e-01 -5.861778196150000397e-01
-2.285524167290000075e-01 -7.950399792129999588e-01
-3.614088052639999882e-01 -8.930446887999999861e-01
-4.777800957789999914e-01 -9.306999298120000041e-01
-4.162920505300000268e-02 -5.810946889700000506e-01
-1.050284777010000031e-01 -8.199389589579999527e-01
-2.103745024370000105e-01 -9.353950815920000217e-01
-3.132219157910000051e-01 -1.000000000000000000e+00
1.593925599399999976e-02 -5.405593974129999646e-01
8.883588259999999600e-04 -7.475095864670000534e-01
-6.109358242299999658e-02 -8.674723614529999960e-01
-1.442434929560000023e-01 -9.530492625030000386e-01
-2.200106271900000021e-01 -9.866732807899999957e-02
-3.621784253179999857e-01 -2.163290490149999967e-01
-4.850677576260000179e-01 -3.216481433999999751e-01
-5.434244819239999469e-01 -4.671643238539999743e-01
-1.837318529580000137e-01 -5.410514229659999508e-01
-3.120964175970000198e-01 -6.466410648000000538e-01
-4.223344146310000213e-01 -5.949867903290000370e-01
-4.968458797340000177e-01 -5.190489036530000488e-01
-1.132807175949999967e-01 -5.835699555219999723e-01
-2.255392184180000092e-01 -7.911721493309999964e-01
-3.554353617889999817e-01 -8.888201589619999510e-01
-4.702166683389999990e-01 -9.291628301019999592e-01
-4.246959546100000094e-02 -5.798783818430000014e-01
-1.048173869749999959e-01 -8.166976936030000411e-01
-2.081617562360000007e-01 -9.323387249600000315e-01
-3.090955369519999829e-01 -1.000000000000000000e+00
1.356928667799999974e-02 -5.401018872549999683e-01
-1.746352013000000009e-03 -7.483567614570000304e-01
-6.372122576800000326e-02 -8.670069225369999577e-01
-1.462057587479999865e-01 -9.522764109819999989e-01
-2.165721881169999918e-01 -9.825668501600000326e-02
-3.599813027570000212e-01 -2.154928272730000094e-01
-4.834861238309999809e-01 -3.191381914900000005e-01
-5.406224777600000531e-01 -4.598262806739999986e-01
-1.805858652139999965e-01 -5.440848556520000434e-01
-3.114750649290000117e-01 -6.500750344000000291e-01
-4.222736173409999960e-01 -5.991835805509999613e-01
-4.973597868429999735e-01 -5.216046689209999920e-01
-1.108307543370000009e-01 -5.851946391169999817e-01
-2.278607520900000072e-01 -7.964692377409999802e-01
-3.574618002330000044e-01 -8.952234872350000039e-01
-4.702066310729999810e-01 -9.336472052049999970e-01
-4.080453604400000045e-02 -5.774906638179999607e-01
-1.076974026029999948e-01 -8.180113197599999664e-01
-2.105171079529999933e-01 -9.333228937969999528e-01
-3.101444992469999939e-01 -1.000000000000000000e+00
1.530560512700000070e-02 -5.337299239020000252e-01
1.952092666000000048e-03 -7.428651070830000203e-01
-5.746500738000000219e-02 -8.642442842559999727e-01
-1.377804863669999935e-01 -9.523614997129999926e-01
-2.202383818020000050e-01 -9.663798638100000449e-02
-3.635026031690000159e-01 -2.153114370230000130e-01
-4.876387783980000168e-01 -3.204665380389999929e-01
-5.480872197010000502e-01 -4.655693486220000010e-01
-1.872733536010000033e-01 -5.460554983790000261e-01
-3.150096489370000086e-01 -6.540174676259999931e-01
-4.276977250249999751e-01 -6.030146563810000471e-01
-5.046812371990000434e-01 -5.266396057279999487e-01
-1.160807372249999941e-01 -5.882181111230000425e-01
-2.303654169409999897e-01 -7.965504204409999955e-01
-3.631936965390000216e-01 -8.927825039590000511e-01
-4.799319732089999957e-01 -9.298379452180000060e-01
-4.418232643399999660e-02 -5.829402517049999677e-01
-1.066654068000000011e-01 -8.192107304689999481e-01
-2.121687291550000132e-01 -9.340976247440000435e-01
-3.155545186350000031e-01 -1.000000000000000000e+00
1.328672576399999965e-02 -5.414020358440000402e-01
1.854861241000000088e-03 -7.475922733240000229e-01
-5.846160832600000301e-02 -8.668074140729999932e-01
-1.409725965259999991e-01 -9.530524018689999766e-01
-2.226568648399999961e-01 -1.023606929269999938e-01
-3.637688646869999820e-01 -2.194775401229999978e-01
-4.888387366670000067e-01 -3.219229546960000188e-01
-5.489916291269999471e-01 -4.655915658090000186e-01
-1.863626352780000106e-01 -5.507480416400000189e-01
-3.204849683980000030e-01 -6.529068613990000047e-01
-4.292045725899999997e-01 -5.974078991550000328e-01
-5.020928677910000415e-01 -5.135707245080000094e-01
-1.137900357470000012e-01 -5.903080007759999859e-01
-2.311974052509999933e-01 -8.020869802919999847e-01
-3.627982875229999737e-01 -8.995646766170000141e-01
-4.793330053689999759e-01 -9.328578709660000357e-01
-4.316831576499999962e-02 -5.804031987300000139e-01
-1.080172935400000034e-01 -8.222435503820000324e-01
-2.124594458240000039e-01 -9.369054335859999805e-01
-3.144194221959999980e-01 -1.000000000000000000e+00
1.096533751300000047e-02 -5.347749254450000489e-01
-1.149521250000000005e-03 -7.462237710760000198e-01
-6.300126038900000225e-02 -8.672194108849999861e-01
-1.462383140240000046e-01 -9.527191496510000190e-01
-2.219120580060000014e-01 -9.657398464199999644e-02
-3.669156316530000073e-01 -2.157232304810000056e-01
-4.916037495169999771e-01 -3.212524746489999750e-01
-5.528339208800000515e-01 -4.680569533600000276e-01
-1.892963755769999923e-01 -5.477350614810000407e-01
-3.195274208819999795e-01 -6.523688472859999754e-01
-4.327800168929999969e-01 -6.015796070259999961e-01
-5.117319802659999750e-01 -5.260488375709999609e-01
-1.195402179730000042e-01 -5.902980032260000121e-01
-2.373676235269999990e-01 -7.990276689759999718e-01
-3.730085185509999790e-01 -8.942619019130000346e-01
-4.935037869700000246e-01 -9.306323925439999867e-01
-4.840206474699999817e-02 -5.858085451669999832e-01
-1.155798039389999976e-01 -8.223191616820000327e-01
-2.242572149039999962e-01 -9.350860840879999802e-01
-3.317107914690000103e-01 -1.000000000000000000e+00
8.614980091000000451e-03 -5.454977110559999787e-01
-4.269601946999999724e-03 -7.521961766889999623e-01
-6.629989184800000324e-02 -8.727411615029999625e-01
-1.516901283740000050e-01 -9.613794857690000084e-01
-2.251171345680000047e-01 -9.762000687699999568e-02
-3.685933293870000127e-01 -2.155576469609999934e-01
-4.932506580539999796e-01 -3.206535930430000070e-01
-5.490220604559999940e-01 -4.656843618829999976e-01
-1.884697016309999917e-01 -5.480916542610000386e-01
-3.209553668549999794e-01 -6.518062360140000067e-01
-4.309047786899999899e-01 -5.984467539950000248e-01
-5.065197766750000330e-01 -5.152639906979999962e-01
-1.172590273589999982e-01 -5.902934127929999608e-01
-2.339075454100000007e-01 -8.048911420780000547e-01
-3.692384200969999752e-01 -9.009190045480000020e-01
-4.888121312920000183e-01 -9.299446245429999758e-01
-4.640604737199999913e-02 -5.843075763749999707e-01
-1.134829198419999990e-01 -8.284324505750000345e-01
-2.249256882929999979e-01 -9.412757847339999762e-01
-3.332931333990000189e-01 -1.000000000000000000e+00
1.036329711600000002e-02 -5.421780074650000003e-01
-2.684788080000000241e-04 -7.549873409930000223e-01
-6.410786612799999895e-02 -8.762828768539999702e-01
-1.507312519379999938e-01 -9.609456409300000113e-01
-2.230539407859999934e-01 -9.548105150699999488e-02
-3.666688139120000134e-01 -2.141799344189999899e-01
-4.908255968660000246e-01 -3.167323657489999889e-01
-5.562572853810000550e-01 -4.627915417460000125e-01
-1.897159062160000131e-01 -5.519478872099999878e-01
-3.212785095280000225e-01 -6.571446652069999894e-01
-4.344662936890000271e-01 -6.053023713820000484e-01
-5.141405556450000525e-01 -5.244542189819999534e-01
-1.179303393919999970e-01 -5.929707894250000333e-01
-2.403746990189999932e-01 -8.028228990929999753e-01
-3.773243716590000130e-01 -8.973042613360000530e-01
-5.010660836000000451e-01 -9.303681295839999477e-01
-4.601839725600000153e-02 -5.865743445819999735e-01
-1.145618697489999976e-01 -8.258779560679999632e-01
-2.253408042330000138e-01 -9.383802865860000342e-01
-3.373557952210000099e-01 -1.000000000000000000e+00
1.041090422200000032e-02 -5.441400495760000400e-01
-3.491666655000000025e-03 -7.548613678900000235e-01
-6.708856724400000249e-02 -8.776272845810000334e-01
-1.560292422640000010e-01 -9.656867755710000223e-01
-2.216223608950000090e-01 -9.594749561300000562e-02
-3.658783177759999949e-01 -2.129163666929999865e-01
-4.912664804560000209e-01 -3.158614496330000021e-01
-5.518456995739999815e-01 -4.597124651080000124e-01
-1.909870050290000121e-01 -5.496736103770000215e-01
-3.270220344479999874e-01 -6.502281045650000202e-01
-4.362712818250000235e-01 -5.947757335600000195e-01
-5.111231053100000477e-01 -5.097941299320000175e-01
-1.179728789939999967e-01 -5.925575070070000505e-01
-2.390203453439999903e-01 -8.023616459819999935e-01
-3.720885043180000018e-01 -8.991138959300000177e-01
-4.915284679690000158e-01 -9.319957890479999563e-01
-4.535192347099999827e-02 -5.849167974850000284e-01
-1.096877604270000001e-01 -8.261734609790000183e-01
-2.133090830240000069e-01 -9.393783526819999841e-01
-3.181967416850000063e-01 -1.000000000000000000e+00
1.177475288600000024e-02 -5.397767500769999893e-01
5.333538926999999846e-03 -7.492459863479999926e-01
-5.485576465199999696e-02 -8.713632413540000066e-01
-1.407761631780000133e-01 -9.573849793159999733e-01
-2.254595644790000075e-01 -9.631109320000000307e-02
-3.719585393859999867e-01 -2.125397943139999968e-01
-4.983953229559999754e-01 -3.146432443789999867e-01
-5.607395440269999920e-01 -4.623264011170000187e-01
-1.943110269149999902e-01 -5.520790537449999924e-01
-3.254004027610000183e-01 -6.535938995719999811e-01
-4.371215119080000266e-01 -6.018318587250000018e-01
-5.165791046330000524e-01 -5.199745980379999466e-01
-1.226897421049999992e-01 -5.947995331869999625e-01
-2.439891336180000092e-01 -8.027263393350000387e-01
-3.812135460989999891e-01 -8.980882414049999873e-01
-5.057596408390000464e-01 -9.305258832660000534e-01
-4.971206390999999974e-02 -5.888713095909999806e-01
-1.145258380910000040e-01 -8.283368201059999603e-01
-2.217084299579999973e-01 -9.400632729660000075e-01
-3.310412407450000205e-01 -1.000000000000000000e+00
8.102811358999999561e-03 -5.462712342219999684e-01
-9.024431210000000104e-04 -7.550038039840000215e-01
-6.403260680300000562e-02 -8.756189539659999799e-01
-1.530499115439999946e-01 -9.604902389989999900e-01
-2.200615800379999987e-01 -9.376217752200000088e-02
-3.626368763339999912e-01 -2.107425561990000085e-01
-4.876731082629999769e-01 -3.178712455600000153e-01
-5.512138861090000175e-01 -4.625780337570000178e-01
-1.861784871890000137e-01 -5.414614938770000441e-01
-3.183212514959999906e-01 -6.423535944279999965e-01
-4.297041343010000181e-01 -5.877354820739999486e-01
-5.062063507349999769e-01 -5.009904997359999612e-01
-1.151044862249999967e-01 -5.855005054080000271e-01
-2.343227842629999891e-01 -7.999788125979999664e-01
-3.711171944409999979e-01 -8.935330774170000545e-01
-4.927933971360000109e-01 -9.227009546440000376e-01
-4.445227150900000340e-02 -5.814573559960000138e-01
-1.093671368979999975e-01 -8.284039989410000304e-01
-2.178846650029999943e-01 -9.416006380670000064e-01
-3.250542880019999803e-01 -1.000000000000000000e+00
1.228099701700000046e-02 -5.404226094480000242e-01
3.631964411000000205e-03 -7.545999695089999904e-01
-5.626590823600000069e-02 -8.794868596799999549e-01
-1.407054778680000007e-01 -9.674812423020000551e-01
-2.186681627859999866e-01 -9.599828585399999836e-02
-3.606444400900000180e-01 -2.162288498159999905e-01
-4.836932335860000265e-01 -3.197282175839999963e-01
-5.498036484820000291e-01 -4.644263036890000085e-01
-1.857087370249999869e-01 -5.477312229790000098e-01
-3.206002519530000150e-01 -6.383408867609999815e-01
-4.361528879470000231e-01 -5.667009589920000145e-01
-5.131373060370000294e-01 -4.707263554230000091e-01
-1.179317658860000034e-01 -5.918837989199999816e-01
-2.336106322179999917e-01 -7.988103598719999976e-01
-3.662735313339999799e-01 -8.884466817310000541e-01
-4.841913885760000258e-01 -9.155968429259999652e-01
-4.788520482099999781e-02 -5.905702215000000477e-01
-1.126182880809999953e-01 -8.257352574249999799e-01
-2.178580782669999882e-01 -9.400706803439999870e-01
-3.222089181660000023e-01 -1.000000000000000000e+00
1.209570838500000078e-02 -5.516364318130000388e-01
4.412348055999999741e-03 -7.582012740510000182e-01
-5.472171670300000207e-02 -8.825493416180000272e-01
-1.398335943550000071e-01 -9.712252904250000540e-01
-2.187117974499999951e-01 -9.913254457400000330e-02
-3.625849857940000032e-01 -2.216548836720000082e-01
-4.857144242179999849e-01 -3.251867131019999801e-01
-5.428568036859999779e-01 -4.655001733119999985e-01
-1.832483413359999869e-01 -5.557711671070000303e-01
-3.233786220650000098e-01 -6.449641540389999816e-01
-4.377546081240000220e-01 -5.727704444279999585e-01
-5.131755440009999614e-01 -4.763458567559999968e-01
-1.180076652920000052e-01 -6.013987751670000215e-01
-2.374712238549999965e-01 -8.102142238049999667e-01
-3.745990253049999996e-01 -8.958616056299999464e-01
-4.964726594030000051e-01 -9.163534694499999578e-01
-4.851221731600000031e-02 -6.008013711090000042e-01
-1.173326609249999986e-01 -8.341641490460000030e-01
-2.278184781800000058e-01 -9.445301114199999848e-01
-3.386662266389999787e-01 -1.000000000000000000e+00
1.236054989600000008e-02 -5.598897854209999858e-01
5.743109994999999642e-03 -7.672234612949999644e-01
-5.738514285799999753e-02 -8.949021176870000094e-01
-1.489289267810000039e-01 -9.861001355470000451e-01
-2.192428162020000071e-01 -1.077462305929999947e-01
-3.588550443130000267e-01 -2.360960582190000101e-01
-4.748586061499999733e-01 -3.417537540880000169e-01
-5.298254957460000192e-01 -4.815432790390000162e-01
-1.747582362060000061e-01 -5.560493760100000404e-01
-3.157351288660000255e-01 -6.449338625920000290e-01
-4.329582008339999954e-01 -5.817218520679999783e-01
-5.135273476570000328e-01 -4.914451611569999878e-01
-1.086878704330000028e-01 -6.018350964780000423e-01
-2.193911658440000079e-01 -8.091732343240000125e-01
-3.526630063480000188e-01 -8.938420805510000067e-01
-4.726760405759999895e-01 -9.113677648669999964e-01
-4.069420861399999922e-02 -6.018702439319999487e-01
-1.023130200640000043e-01 -8.365023764760000091e-01
-2.060472296950000004e-01 -9.465593809669999859e-01
-3.101261430319999790e-01 -1.000000000000000000e+00
1.681159000199999864e-02 -5.615383127499999905e-01
9.889595723999999866e-03 -7.707597492959999963e-01
-5.166455049700000024e-02 -8.975646295200000457e-01
-1.396355836700000075e-01 -9.861193234370000393e-01
-2.152784006419999896e-01 -1.054613062099999943e-01
-3.513231046249999934e-01 -2.345061159190000022e-01
-4.636893877080000004e-01 -3.401462410810000003e-01
-5.161430977909999829e-01 -4.729995549329999993e-01
-1.572659864940000041e-01 -5.393900519509999825e-01
-2.946971032369999910e-01 -6.274406169709999537e-01
-4.164405917890000031e-01 -5.781976124840000342e-01
-5.013619383299999788e-01 -5.041879568270000167e-01
-9.530740779200000401e-02 -5.885704698039999627e-01
-1.991223724299999998e-01 -7.901991369719999492e-01
-3.257352443950000120e-01 -8.794013865830000443e-01
-4.394573825679999879e-01 -9.103736778500000071e-01
-3.104757253699999900e-02 -5.944103798740000277e-01
-8.802434578499999940e-02 -8.205442603789999678e-01
-1.837548829790000005e-01 -9.343978342540000259e-01
-2.809469067099999995e-01 -1.000000000000000000e+00
2.395962690599999848e-02 -5.605124181559999474e-01
1.920115651300000059e-02 -7.611953820569999918e-01
-3.929346519500000190e-02 -8.876971146490000297e-01
-1.237817982489999996e-01 -9.824326224620000270e-01
-2.113592017089999942e-01 -1.073321497819999942e-01
-3.457976144229999993e-01 -2.377400818809999872e-01
-4.568521739270000048e-01 -3.429860509880000019e-01
-5.006886630269999916e-01 -4.716188267890000230e-01
-1.458529392000000036e-01 -5.375264599329999671e-01
-2.735212137920000064e-01 -6.300478060830000393e-01
-3.945368079689999807e-01 -5.859462987669999956e-01
-4.798588144709999836e-01 -5.175561503790000462e-01
-8.434145046799999823e-02 -5.847453675339999712e-01
-1.662088674849999947e-01 -7.852375539560000339e-01
-2.771855762309999860e-01 -8.790561034930000073e-01
-3.779942036400000260e-01 -9.206108005319999510e-01
-2.204107911099999900e-02 -5.916524260550000136e-01
-6.449556581099999408e-02 -8.135603674970000032e-01
-1.493836376450000114e-01 -9.284065163579999780e-01
-2.373692305600000052e-01 -1.000000000000000000e+00
3.048379682799999893e-02 -5.614160401450000171e-01
3.195728144200000315e-02 -7.573003970099999593e-01
-2.343497116999999907e-02 -8.807209585959999698e-01
-1.045443277989999975e-01 -9.748770002529999479e-01
-2.123618672200000002e-01 -1.045734267259999933e-01
-3.490766165640000196e-01 -2.348081584110000009e-01
-4.589420895119999955e-01 -3.454852649240000018e-01
-4.927612867919999862e-01 -4.730801745629999999e-01
-1.478997154589999918e-01 -5.384955349760000010e-01
-2.747921302799999910e-01 -6.383234869010000478e-01
-3.885173751270000198e-01 -5.852908712629999455e-01
-4.619772914709999734e-01 -5.034619974209999516e-01
-8.371995066399999519e-02 -5.853405561050000205e-01
-1.675072162750000093e-01 -7.902890404229999666e-01
-2.724514476159999865e-01 -8.792060179099999706e-01
-3.655152013769999986e-01 -9.125569107519999612e-01
-1.669357261100000087e-02 -5.908772104959999494e-01
-5.647342449599999925e-02 -8.167501683019999792e-01
-1.425804608709999866e-01 -9.322169393600000520e-01
-2.332627003390000120e-01 -1.000000000000000000e+00
4.264600326799999896e-02 -5.591651160659999453e-01
4.796762379999999770e-02 -7.599335482410000120e-01
-5.157225526000000157e-03 -8.864776349240000020e-01
-8.633638038400000270e-02 -9.810193600879999476e-01
-2.140590715079999928e-01 -1.039653311080000059e-01
-3.565774484829999924e-01 -2.352773642650000108e-01
-4.655878147999999994e-01 -3.514105284110000116e-01
-4.959956119910000072e-01 -4.822975960770000126e-01
-1.526620383429999894e-01 -5.359390666279999493e-01
-2.745902038970000070e-01 -6.442404277390000322e-01
-3.865500687280000180e-01 -5.933592750389999892e-01
-4.612485601269999957e-01 -5.087957491469999871e-01
-8.590345321499999465e-02 -5.834102455609999627e-01
-1.699303785990000093e-01 -7.941945107360000033e-01
-2.788682666100000263e-01 -8.818117994840000140e-01
-3.771182149580000198e-01 -9.112708333860000121e-01
-1.601409703000000045e-02 -5.914897723819999564e-01
-6.268045197900000420e-02 -8.197156462619999973e-01
-1.563926748689999924e-01 -9.354343826790000316e-01
-2.536188671469999933e-01 -1.000000000000000000e+00
4.921802894800000189e-02 -5.623167552259999979e-01
4.624208045900000258e-02 -7.642050761380000390e-01
-8.853793214000000439e-03 -8.912665330579999656e-01
-9.130124433099999492e-02 -9.839889356950000110e-01
-2.108986832280000112e-01 -1.030826007139999945e-01
-3.540072756920000230e-01 -2.367689548499999908e-01
-4.637622540290000095e-01 -3.547348906650000244e-01
-4.945076184139999831e-01 -4.883687412220000246e-01
-1.508272669200000082e-01 -5.312314514520000142e-01
-2.705046974309999741e-01 -6.443679729989999494e-01
-3.787480149590000122e-01 -5.956277214780000273e-01
-4.510849081259999949e-01 -5.118769618070000416e-01
-8.415435473000000555e-02 -5.790329298109999634e-01
-1.758083711600000043e-01 -7.876328560769999543e-01
-2.899633553989999779e-01 -8.772238669149999835e-01
-3.939718416860000239e-01 -9.093534841839999716e-01
-1.125410615599999921e-02 -5.894438521110000329e-01
-6.083918107700000272e-02 -8.167703984130000316e-01
-1.601823601469999914e-01 -9.353648901579999508e-01
-2.644794826719999992e-01 -1.000000000000000000e+00
6.021302727100000252e-02 -5.649322297740000387e-01
5.508990561299999950e-02 -7.656432929649999997e-01
-2.153066199999999989e-03 -8.906198865490000394e-01
-8.631527549499999619e-02 -9.793141614050000499e-01
-2.187710516920000070e-01 -1.004034899179999940e-01
-3.647146283689999824e-01 -2.313556802839999982e-01
-4.760061919210000214e-01 -3.509105733060000065e-01
-5.066972093399999544e-01 -4.917545033419999934e-01
-1.598209593390000072e-01 -5.271045875400000025e-01
-2.725626433660000014e-01 -6.451642885680000106e-01
-3.791147869100000012e-01 -5.973165323289999495e-01
-4.538063570120000056e-01 -5.105361971330000248e-01
-8.734672372099999693e-02 -5.755016097330000191e-01
-1.785825360299999887e-01 -7.920015405710000289e-01
-2.986673457340000004e-01 -8.755362656620000461e-01
-4.096766556129999848e-01 -8.950247261820000189e-01
-1.037447330300000047e-02 -5.869460133420000281e-01
-5.465029242200000054e-02 -8.230803880499999448e-01
-1.571445403320000100e-01 -9.405540825410000361e-01
-2.666128188699999901e-01 -1.000000000000000000e+00
6.332414127700000672e-02 -5.616003092200000379e-01
6.338879241799999509e-02 -7.677405474489999992e-01
7.267648158999999615e-03 -8.959908653010000279e-01
-7.835023342600000440e-02 -9.861796669779999691e-01
-2.142953142350000062e-01 -1.020207029160000028e-01
-3.512983397069999736e-01 -2.361394375099999943e-01
-4.582128044500000108e-01 -3.555202558039999849e-01
-5.019708316240000245e-01 -4.979446177719999977e-01
-1.549497577629999900e-01 -5.291673020210000411e-01
-2.673955802870000009e-01 -6.406257965480000038e-01
-3.717075141410000061e-01 -5.848543870179999660e-01
-4.437768061490000027e-01 -4.949281506379999973e-01
-8.312703400399999720e-02 -5.731062614580000325e-01
-1.787694413170000107e-01 -7.819918630219999667e-01
-2.986317534469999924e-01 -8.559110762760000490e-01
-4.100714087119999851e-01 -8.719147648530000128e-01
-6.216654743000000344e-03 -5.802319105509999853e-01
-4.982434461299999756e-02 -8.156535722119999665e-01
-1.480681524590000131e-01 -9.350363121110000231e-01
-2.549757597110000051e-01 -1.000000000000000000e+00
6.746135945099999975e-02 -5.520880890689999765e-01
7.198187783699999676e-02 -7.528710186189999654e-01
1.568165024699999868e-02 -8.806240987529999620e-01
-7.106493331900000376e-02 -9.736850939890000500e-01
-2.195246823049999962e-01 -9.848745647600000430e-02
-3.554737305069999853e-01 -2.318977823009999994e-01
-4.591426786500000246e-01 -3.535271013490000058e-01
-4.965974919550000255e-01 -4.965173362010000258e-01
-1.667822702289999959e-01 -5.330846949249999911e-01
-2.805375828619999790e-01 -6.337823611259999490e-01
-3.863103602649999857e-01 -5.715183418520000114e-01
-4.550955538820000146e-01 -4.749081746200000120e-01
-9.208062631699999445e-02 -5.802967303789999809e-01
-1.852226126050000032e-01 -7.850639382890000073e-01
-3.039386922569999872e-01 -8.615744760669999947e-01
-4.128816964040000204e-01 -8.803855388060000120e-01
-1.283269916199999972e-02 -5.854373292750000290e-01
-5.326675812699999818e-02 -8.192437371280000269e-01
-1.468849007080000046e-01 -9.376678631510000361e-01
-2.493884049289999960e-01 -1.000000000000000000e+00
6.259030949499999608e-02 -5.532726105340000089e-01
6.793733538700000296e-02 -7.535749503340000155e-01
1.414963894000000055e-02 -8.831256877040000175e-01
-7.091135832999999333e-02 -9.766900103629999608e-01
-2.251335249170000052e-01 -1.005138777919999948e-01
-3.625750905899999821e-01 -2.309095932090000081e-01
-4.750824447809999795e-01 -3.480013907560000064e-01
-5.205725863279999643e-01 -4.908672623079999853e-01
-1.769654357530000000e-01 -5.412106910109999447e-01
-2.981308473970000206e-01 -6.416205578350000494e-01
-4.053660805689999758e-01 -5.736890084350000363e-01
-4.751395838529999804e-01 -4.753458573920000263e-01
-1.045372348009999952e-01 -5.848268867460000298e-01
-2.116273510979999883e-01 -7.905253150919999694e-01
-3.293791495689999960e-01 -8.614325602429999673e-01
-4.366537402540000001e-01 -8.741176574969999891e-01
-2.647923563000000036e-02 -5.875008167709999674e-01
-7.834797252399999801e-02 -8.229257358899999542e-01
-1.722763118310000063e-01 -9.381996850989999803e-01
-2.747319508839999869e-01 -1.000000000000000000e+00
4.730081030200000008e-02 -5.528594729800000440e-01
4.959972796400000106e-02 -7.578106293959999684e-01
-5.940789525000000210e-03 -8.862021248929999873e-01
-9.391721653300000305e-02 -9.799330256420000218e-01
-2.229894175290000058e-01 -1.002091472720000043e-01
-3.630300062899999847e-01 -2.334558100680000081e-01
-4.763365126929999804e-01 -3.503836127939999878e-01
-5.223707525240000038e-01 -4.929514927720000106e-01
-1.772455874049999880e-01 -5.427550518520000145e-01
-2.943577513499999743e-01 -6.482969178209999628e-01
-4.032204552850000012e-01 -5.823450290910000549e-01
-4.762995811210000152e-01 -4.877440299470000018e-01
-1.057325678489999948e-01 -5.850632817469999525e-01
-2.129097682539999870e-01 -7.884501182119999507e-01
-3.314894801289999804e-01 -8.583702041870000521e-01
-4.401182099509999834e-01 -8.757885571860000162e-01
-2.759455831100000173e-02 -5.886039293079999846e-01
-8.197733562099999982e-02 -8.205733548610000261e-01
-1.765796325610000106e-01 -9.354510104090000278e-01
-2.796418549729999814e-01 -1.000000000000000000e+00
4.665510552700000146e-02 -5.554897696489999870e-01
4.647897604500000196e-02 -7.591827376940000205e-01
-8.116862319999999451e-03 -8.868257575689999506e-01
-9.425749103300000431e-02 -9.815038458060000304e-01
-2.233007659110000098e-01 -9.450837533700000292e-02
-3.661705331130000185e-01 -2.257395447730000115e-01
-4.828117701390000072e-01 -3.408495959330000158e-01
-5.295054945949999592e-01 -4.831219924990000081e-01
-1.863282309610000131e-01 -5.425737966989999661e-01
-3.082469518129999919e-01 -6.465228428989999720e-01
-4.147516658159999814e-01 -5.837779261240000350e-01
-4.872614758200000118e-01 -4.918163296959999764e-01
-1.152150882439999940e-01 -5.869833719929999916e-01
-2.230759509970000054e-01 -7.867212385430000232e-01
-3.408530403789999941e-01 -8.594236041880000121e-01
-4.526839789709999895e-01 -8.796891687510000057e-01
-3.716497948099999754e-02 -5.913591517149999754e-01
-9.029166975900000669e-02 -8.212932539080000094e-01
-1.857836381259999892e-01 -9.353446934870000007e-01
-2.927902782769999934e-01 -1.000000000000000000e+00
3.664190517399999736e-02 -5.589181372970000172e-01
3.765442414299999957e-02 -7.622662832290000301e-01
-1.730082250399999841e-02 -8.868996164000000348e-01
-1.058441211160000006e-01 -9.786888238619999569e-01
-2.230702963460000077e-01 -9.610755572199999874e-02
-3.735066412979999861e-01 -2.307366543949999904e-01
-4.907827178479999830e-01 -3.491700591829999811e-01
-5.250938954010000437e-01 -4.925826970130000038e-01
-1.889299110690000061e-01 -5.405645662429999776e-01
-3.103368750559999945e-01 -6.474766721329999752e-01
-4.174573601389999777e-01 -5.882320856649999596e-01
-4.923101640420000091e-01 -4.956705382489999812e-01
-1.177319431370000002e-01 -5.862305545449999489e-01
-2.287587217740000012e-01 -7.873984575819999998e-01
-3.528713129550000160e-01 -8.557530105480000149e-01
-4.685756404690000210e-01 -8.677902483099999564e-01
-3.644305698099999796e-02 -5.917845501630000227e-01
-9.184108823200000382e-02 -8.261682856780000472e-01
-1.927776907369999904e-01 -9.398425857719999721e-01
-3.034691183870000253e-01 -1.000000000000000000e+00
4.389524752800000318e-02 -5.608233204370000058e-01
4.557630658799999984e-02 -7.646963126510000208e-01
-1.135425418100000083e-02 -8.917351547220000452e-01
-1.015771384720000059e-01 -9.845258969860000153e-01
-2.214515472280000064e-01 -9.383662754900000402e-02
-3.714410841449999889e-01 -2.258964049640000138e-01
-4.869770376290000202e-01 -3.423477599220000056e-01
-5.309902854620000001e-01 -4.813544083429999731e-01
-1.912510524530000033e-01 -5.378772031249999808e-01
-3.135782431099999878e-01 -6.471517422629999849e-01
-4.171243442159999759e-01 -5.880965494419999606e-01
-4.890317010160000200e-01 -4.963441167550000088e-01
-1.165053723260000007e-01 -5.841397401119999833e-01
-2.290936692520000040e-01 -7.870152857090000342e-01
-3.539519965530000256e-01 -8.558601062940000004e-01
-4.703885857740000009e-01 -8.702791264029999807e-01
-3.269631237000000107e-02 -5.895682630299999838e-01
-8.846924516899999646e-02 -8.260148053960000292e-01
-1.900700532179999958e-01 -9.397398785470000293e-01
-3.007171380690000229e-01 -1.000000000000000000e+00
5.110454852000000103e-02 -5.582016089569999950e-01
5.263762524499999984e-02 -7.607619543060000211e-01
-2.278746426999999925e-03 -8.885369226979999979e-01
-9.053062362800000373e-02 -9.825005430030000486e-01
-2.241422781269999942e-01 -9.314639871400000326e-02
-3.742100281869999989e-01 -2.247216335810000021e-01
-4.883334453279999932e-01 -3.447880178000000129e-01
-5.303985753130000536e-01 -4.868258843239999800e-01
-1.991045812789999925e-01 -5.299187545910000186e-01
-3.160494988729999899e-01 -6.419366293210000407e-01
-4.187023479540000204e-01 -5.890951713080000429e-01
-4.921202559930000220e-01 -5.035509218160000300e-01
-1.242777267129999974e-01 -5.788373883149999788e-01
-2.324632197719999904e-01 -7.774895172419999945e-01
-3.530667013570000234e-01 -8.503832298850000360e-01
-4.680998453360000200e-01 -8.732906110679999889e-01
-3.880698715400000137e-02 -5.874416947420000312e-01
-9.101302780400000181e-02 -8.191596555689999448e-01
-1.894511110440000035e-01 -9.345245697199999757e-01
-3.007462546610000231e-01 -1.000000000000000000e+00
4.770636400000000110e-02 -5.590934005550000085e-01
4.954503259200000037e-02 -7.605896681949999572e-01
-6.893958129000000296e-03 -8.863920910529999864e-01
-9.819362682099999629e-02 -9.799129597479999676e-01
