-1.508340762529999934e-01 -9.841080633599999516e-02
-2.369335944219999879e-01 -2.467481309039999959e-01
-1.989640822260000108e-01 -3.946580291730000245e-01
-9.040428436700000125e-02 -4.607870925650000005e-01
-1.759948436859999910e-01 -4.877059890439999768e-01
-2.056040601690000136e-01 -6.921352941499999689e-01
-2.075978900990000098e-01 -8.091772258230000014e-01
-1.985039285200000114e-01 -9.136667986090000193e-01
-7.905658004799999417e-02 -4.995159759400000232e-01
-1.026836077069999964e-01 -7.335349722930000205e-01
-1.213313032810000025e-01 -8.639605707819999481e-01
-1.298774779590000095e-01 -1.000000000000000000e+00
1.153758683200000086e-02 -4.631771147720000203e-01
-1.611688196499999962e-02 -6.387983258499999595e-01
-6.113556002000000017e-02 -4.858932401780000077e-01
-7.489822928000000601e-02 -3.930652847439999875e-01
9.447925968100000238e-02 -3.802274348299999884e-01
4.897265728399999990e-02 -5.252990089550000352e-01
-1.739890666999999950e-03 -4.319636516070000098e-01
-1.398902853399999931e-02 -3.430202805870000149e-01
-1.533491996640000132e-01 -9.894882192899999429e-02
-2.408846648440000071e-01 -2.445508383330000091e-01
-2.035943017250000098e-01 -3.938249263740000172e-01
-9.290017791900000155e-02 -4.594750982890000168e-01
-1.785090421989999898e-01 -4.874242248749999784e-01
-2.099721003420000065e-01 -6.925867675569999937e-01
-2.116225031079999874e-01 -8.098126601330000174e-01
-2.028909636519999893e-01 -9.143843179709999491e-01
-8.300530841099999779e-02 -4.987212676450000215e-01
-1.065044105689999937e-01 -7.324779277340000005e-01
-1.236530485289999981e-01 -8.634851241859999860e-01
-1.326012972910000087e-01 -1.000000000000000000e+00
6.423334842000000267e-03 -4.627005280509999818e-01
-2.027795330799999837e-02 -6.390475825810000288e-01
-6.340811532600000577e-02 -4.876061160919999971e-01
-7.800881756999999972e-02 -3.940579982790000102e-01
8.867260238999999378e-02 -3.803394811199999892e-01
4.661412718599999838e-02 -5.300819009920000324e-01
-5.916918745000000236e-03 -4.390393537150000247e-01
-2.213631329199999831e-02 -3.486339013549999977e-01
-1.543810722210000042e-01 -9.850784702800000070e-02
-2.393065262250000103e-01 -2.456197921790000127e-01
-2.015857639929999889e-01 -3.937557652820000142e-01
-8.961336199599999330e-02 -4.592716263930000098e-01
-1.779508442109999922e-01 -4.881951485900000165e-01
-2.075589584739999938e-01 -6.909793777210000432e-01
-2.096819502270000080e-01 -8.077831558600000461e-01
-2.013352151189999883e-01 -9.117479726210000468e-01
-8.177293646000000082e-02 -4.992639173439999967e-01
-1.024125832229999949e-01 -7.335052821909999743e-01
-1.212352103989999957e-01 -8.646108438749999792e-01
-1.309879937550000040e-01 -1.000000000000000000e+00
8.239574935000000544e-03 -4.622130015320000118e-01
-1.464287195999999965e-02 -6.403893842210000020e-01
-6.379977293300000130e-02 -4.899124761659999772e-01
-8.339425843599999888e-02 -3.955768208539999775e-01
9.096595727600000070e-02 -3.795758239979999948e-01
4.897944474299999879e-02 -5.259993317740000451e-01
-4.338906503999999734e-03 -4.340769731329999770e-01
-2.111138033600000116e-02 -3.437125365440000246e-01
-1.561274837630000079e-01 -9.549411078899999739e-02
-2.431065783709999983e-01 -2.433120003620000138e-01
-2.026269486820000132e-01 -3.905376728980000101e-01
-9.021436321299999839e-02 -4.566754098760000269e-01
-1.808814085309999875e-01 -4.885336395759999895e-01
-2.088130505309999940e-01 -6.910457090760000476e-01
-2.103646380860000054e-01 -8.093039107210000527e-01
-2.014427062349999908e-01 -9.145055998569999733e-01
-8.310220165600000486e-02 -4.997345035740000108e-01
-1.050513114239999962e-01 -7.330446375089999522e-01
-1.232752313580000036e-01 -8.654335055530000265e-01
-1.319246724710000096e-01 -1.000000000000000000e+00
8.751257857999999307e-03 -4.631580833360000038e-01
-1.430557210999999947e-02 -6.386103087350000207e-01
-6.195255135299999882e-02 -4.877663731099999844e-01
-8.152423372700000337e-02 -3.922896043829999790e-01
9.219040012399999651e-02 -3.819634126570000121e-01
4.868424532099999841e-02 -5.231304778399999966e-01
-4.887650906000000177e-03 -4.297644583929999818e-01
-2.320406183699999861e-02 -3.392754965670000122e-01
-1.518196071360000121e-01 -9.501622514299999656e-02
-2.378118863110000036e-01 -2.451984152410000006e-01
-1.942955740410000076e-01 -3.907062544709999918e-01
-8.323339185899999992e-02 -4.566620568890000231e-01
-1.778887488039999909e-01 -4.886323156130000234e-01
-2.053197261180000066e-01 -6.907414929049999763e-01
-2.075239930770000074e-01 -8.081428154459999735e-01
-1.982316369809999923e-01 -9.117981714620000400e-01
-7.802423765200000583e-02 -5.007062573530000060e-01
-1.000202300050000020e-01 -7.338100814579999742e-01
-1.203394274020000015e-01 -8.662480057729999849e-01
-1.291904306789999901e-01 -1.000000000000000000e+00
1.445560141399999943e-02 -4.639227685710000104e-01
-8.628630095999999597e-03 -6.366798384199999772e-01
-5.709541887200000193e-02 -4.845198203939999892e-01
-7.477437493899999343e-02 -3.889674793149999754e-01
9.861216532399999513e-02 -3.812160803660000208e-01
5.328594152999999861e-02 -5.186044811879999550e-01
8.159232520000000511e-04 -4.240708756409999891e-01
-1.488914267899999963e-02 -3.347112402920000007e-01
-1.510543703920000091e-01 -9.852495539099999367e-02
-2.373851752030000095e-01 -2.448637959259999941e-01
-1.954489165749999924e-01 -3.914456782599999851e-01
-8.255873970600000056e-02 -4.564177954840000218e-01
-1.785552210939999884e-01 -4.912494621290000030e-01
-2.068842782920000123e-01 -6.952845422200000236e-01
-2.076607819450000114e-01 -8.118836772540000135e-01
-1.971232045259999899e-01 -9.156915483390000166e-01
-8.052701661699999958e-02 -5.016703717970000254e-01
-1.047686021519999983e-01 -7.336622261969999448e-01
-1.227658682120000011e-01 -8.634064244629999774e-01
-1.310332616010000117e-01 -1.000000000000000000e+00
1.175358726500000048e-02 -4.633089770980000077e-01
-1.228304487099999946e-02 -6.353441302260000034e-01
-5.690234145200000204e-02 -4.830230401989999978e-01
-7.219651628900000673e-02 -3.886061543200000079e-01
9.692604339299999705e-02 -3.779031854670000246e-01
5.651197538299999878e-02 -5.204354282669999554e-01
4.917728332999999653e-03 -4.286668234730000027e-01
-1.050221190599999986e-02 -3.403613480889999821e-01
-1.505245748079999946e-01 -9.990348041900000420e-02
-2.350108602780000000e-01 -2.447418067890000104e-01
-1.989336430900000008e-01 -3.916161496100000194e-01
-8.866264155700000205e-02 -4.551282051280000074e-01
-1.765220644480000045e-01 -4.895419977320000227e-01
-2.054016804480000014e-01 -6.927534310449999788e-01
-2.064764695659999927e-01 -8.094836440549999512e-01
-1.960470720430000091e-01 -9.135265420270000103e-01
-8.003029499500000088e-02 -5.008836675229999535e-01
-1.048304491119999987e-01 -7.320012031139999653e-01
-1.235547143669999959e-01 -8.625919383769999893e-01
-1.324549486399999865e-01 -1.000000000000000000e+00
1.092288491299999928e-02 -4.635283802240000028e-01
-1.438294773799999975e-02 -6.390304839579999951e-01
-5.979616913599999917e-02 -4.882728804929999944e-01
-7.482010441700000236e-02 -3.942374362630000073e-01
9.451134335199999625e-02 -3.788031610109999781e-01
5.253005625200000278e-02 -5.256158814050000405e-01
-6.597187300000000390e-05 -4.359496292369999804e-01
-1.469280600499999964e-02 -3.474222966900000209e-01
-1.514478923379999897e-01 -9.931441073999999758e-02
-2.360430925039999905e-01 -2.450774315839999995e-01
-1.957852048829999969e-01 -3.913863885169999723e-01
-8.870264636300000116e-02 -4.593136869109999965e-01
-1.774726969719999936e-01 -4.888882569740000128e-01
-2.074828414390000042e-01 -6.924377798499999903e-01
-2.099063942690000129e-01 -8.084641349100000207e-01
-2.021637784009999994e-01 -9.123643322009999945e-01
-8.007873275400000102e-02 -5.006973084069999969e-01
-1.018301337699999976e-01 -7.346432735640000544e-01
-1.206926628760000009e-01 -8.650214190389999835e-01
-1.301132359409999939e-01 -1.000000000000000000e+00
1.005548786400000012e-02 -4.644062499819999745e-01
-1.586169976500000078e-02 -6.372573518980000351e-01
-6.189356524999999748e-02 -4.863929594729999861e-01
-7.734464805500000650e-02 -3.935790371269999866e-01
9.321036909600000087e-02 -3.816915708120000028e-01
5.062748182099999911e-02 -5.265840811469999494e-01
-1.703233789000000060e-03 -4.349139245870000114e-01
-1.710752936699999963e-02 -3.459251931599999774e-01
-1.521592887840000075e-01 -1.009670027420000032e-01
-2.371124123939999939e-01 -2.471919446530000120e-01
-1.962845840720000012e-01 -3.963691174689999985e-01
-8.479301597499999676e-02 -4.620526068990000179e-01
-1.765943971130000123e-01 -4.874728095599999977e-01
-2.077095164259999960e-01 -6.917610267660000423e-01
-2.101189519289999863e-01 -8.081932157060000010e-01
-2.023750962939999953e-01 -9.123633408139999457e-01
-8.000943477800000203e-02 -4.993354309149999892e-01
-1.045264408970000003e-01 -7.321552673350000262e-01
-1.235855443470000037e-01 -8.622572496349999449e-01
-1.347872925090000118e-01 -1.000000000000000000e+00
9.712518253999999698e-03 -4.629730986269999793e-01
-1.672272738799999992e-02 -6.397054121259999615e-01
-5.976554754900000044e-02 -4.893782684499999869e-01
-7.358974176799999711e-02 -3.963630132859999877e-01
9.290776431599999385e-02 -3.792523205550000220e-01
5.269232544099999860e-02 -5.300125750940000158e-01
1.336816088000000085e-03 -4.402656330629999837e-01
-1.361944974600000011e-02 -3.510339222330000064e-01
-1.527714716130000039e-01 -9.817524572499999880e-02
-2.389271401259999983e-01 -2.436746283810000135e-01
-2.009276419140000047e-01 -3.928273809580000164e-01
-9.067099901000000295e-02 -4.620958947550000140e-01
-1.771973337140000104e-01 -4.874391334859999869e-01
-2.078851464879999944e-01 -6.904688445429999488e-01
-2.095642402360000101e-01 -8.069079439799999864e-01
-2.016760122609999872e-01 -9.112273812619999802e-01
-8.114546124400000282e-02 -4.988883818589999741e-01
-1.053228387749999967e-01 -7.320062995499999614e-01
-1.241652481359999949e-01 -8.623167061709999803e-01
-1.358893576000000103e-01 -1.000000000000000000e+00
8.763598729000000170e-03 -4.624661488119999886e-01
-1.888888529599999991e-02 -6.407059574100000265e-01
-6.202337200599999933e-02 -4.879925648649999781e-01
-7.747094572399999823e-02 -3.944217654980000098e-01
9.137219596499999985e-02 -3.787051322559999988e-01
4.796868143300000303e-02 -5.273482029699999574e-01
-3.131514278999999925e-03 -4.346334675049999818e-01
-1.858986686400000005e-02 -3.442652278280000089e-01
-1.523670015019999990e-01 -9.918087685300000511e-02
-2.375792554210000018e-01 -2.460345943130000101e-01
-1.975050896539999878e-01 -3.946205443410000235e-01
-8.845214923999999979e-02 -4.623016036329999912e-01
-1.771878020090000005e-01 -4.879071297249999994e-01
-2.070338912799999931e-01 -6.918147110640000541e-01
-2.089304911869999948e-01 -8.086728956559999792e-01
-2.007925633260000120e-01 -9.129729174990000029e-01
-8.032538643299999559e-02 -5.000771007159999781e-01
-1.044177306810000067e-01 -7.345846027039999449e-01
-1.237665134339999973e-01 -8.646827953779999687e-01
-1.344349116989999871e-01 -1.000000000000000000e+00
9.819473625000000108e-03 -4.642004555820000156e-01
-1.776670745900000084e-02 -6.421227404389999727e-01
-6.330312155700000554e-02 -4.912704432869999804e-01
-7.927936054799999965e-02 -3.982271735849999827e-01
9.287236826899999964e-02 -3.813496103310000107e-01
4.840234358900000200e-02 -5.291093147319999579e-01
-3.317225999999999942e-03 -4.371905117539999774e-01
-1.815291678500000061e-02 -3.472708558859999850e-01
-1.542378984699999955e-01 -9.991760933899999919e-02
-2.406663819210000110e-01 -2.447497653129999950e-01
-2.026707876620000015e-01 -3.925413274339999981e-01
-9.175777361999999659e-02 -4.549527775039999833e-01
-1.787713916379999879e-01 -4.891950724319999999e-01
-2.099950166269999863e-01 -6.940042528769999608e-01
-2.127889992160000021e-01 -8.102286889280000404e-01
-2.053204896230000076e-01 -9.146032438529999586e-01
-8.276792686799999688e-02 -5.010790524939999768e-01
-1.065511480550000029e-01 -7.347834331250000517e-01
-1.257109667970000011e-01 -8.645572603650000243e-01
-1.355977824909999907e-01 -1.000000000000000000e+00
7.308904314999999791e-03 -4.648524379260000061e-01
-1.955603407499999918e-02 -6.412041245309999526e-01
-6.550264184899999564e-02 -4.894471661070000090e-01
-8.115877501200000066e-02 -3.966726877919999894e-01
8.981605777899999421e-02 -3.817014901860000253e-01
4.616770241600000324e-02 -5.288328205929999637e-01
-6.926105999000000020e-03 -4.362720925340000111e-01
-2.226137532600000121e-02 -3.460416333229999752e-01
-1.530265570450000112e-01 -9.759288253299999716e-02
-2.409248940350000034e-01 -2.436319925250000074e-01
-2.048456025869999919e-01 -3.916760873019999867e-01
-9.355698533900000391e-02 -4.570793628679999943e-01
-1.792925448849999881e-01 -4.911866278359999782e-01
-2.099509586140000106e-01 -6.936885640569999678e-01
-2.126934968270000059e-01 -8.100337520410000325e-01
-2.041639764769999921e-01 -9.139900848309999715e-01
-8.221468359299999307e-02 -5.025552389630000283e-01
-1.050960189009999962e-01 -7.354547220170000177e-01
-1.237808329959999981e-01 -8.651306537530000229e-01
-1.325044128660000098e-01 -1.000000000000000000e+00
9.006525012999999982e-03 -4.654319072979999916e-01
-1.775326477299999858e-02 -6.412827588770000364e-01
-6.556641281500000251e-02 -4.880771262520000042e-01
-8.287314981299999384e-02 -3.933219347229999774e-01
9.308742492700000648e-02 -3.818904292229999831e-01
4.791374086200000243e-02 -5.262812103780000195e-01
-4.142948060000000224e-03 -4.321988645609999846e-01
-1.870695596800000041e-02 -3.416554008750000149e-01
-1.551597899280000026e-01 -9.960760058999999778e-02
-2.417419048170000029e-01 -2.448564504869999991e-01
-2.037518469740000060e-01 -3.922910874230000067e-01
-9.213612071399999992e-02 -4.555756385399999941e-01
-1.792117993950000099e-01 -4.891507107929999876e-01
-2.087410268060000129e-01 -6.917841159219999536e-01
-2.111727700649999873e-01 -8.088032732600000108e-01
-2.032745426520000120e-01 -9.139889513100000196e-01
-8.280693303699999952e-02 -5.003016258450000420e-01
-1.057423107959999942e-01 -7.327854622820000330e-01
-1.254130921240000085e-01 -8.641131266499999519e-01
-1.360325575530000053e-01 -1.000000000000000000e+00
8.015155856999999981e-03 -4.633577949420000230e-01
-1.814975885200000028e-02 -6.380386965190000259e-01
-6.362457090199999388e-02 -4.863185146060000075e-01
-7.919980803699999683e-02 -3.915842768910000049e-01
9.135820676399999951e-02 -3.807585194529999884e-01
4.898908024299999941e-02 -5.254911947360000335e-01
-4.524070110999999818e-03 -4.341948819259999759e-01
-2.071386434700000015e-02 -3.447343329859999805e-01
-1.540867619690000079e-01 -9.961949792799999759e-02
-2.402934980510000040e-01 -2.448595736489999897e-01
-2.028925793530000077e-01 -3.945166185269999848e-01
-9.204116777500000179e-02 -4.597272522260000271e-01
-1.799422375849999978e-01 -4.891297931460000248e-01
-2.113048844769999934e-01 -6.929413971250000248e-01
-2.135326019480000004e-01 -8.098148919000000001e-01
-2.054322089800000029e-01 -9.143445328220000112e-01
-8.357019678100000015e-02 -5.010371253640000244e-01
-1.087620821370000046e-01 -7.336351835009999878e-01
-1.269913118540000052e-01 -8.634763722970000277e-01
-1.371287740719999981e-01 -1.000000000000000000e+00
6.716449254999999618e-03 -4.646770660319999857e-01
-2.031247059299999894e-02 -6.425645077610000477e-01
-6.430876487599999913e-02 -4.909974607350000020e-01
-7.991268108599999809e-02 -3.972985223380000042e-01
8.923668553100000400e-02 -3.814722466280000002e-01
4.617016599899999990e-02 -5.300302102270000315e-01
-5.897854255000000399e-03 -4.384414355830000276e-01
-2.152561734800000071e-02 -3.482247763440000088e-01
-1.542668809559999965e-01 -9.846408368700000635e-02
-2.405767558609999968e-01 -2.445877930089999930e-01
-2.073137734109999908e-01 -3.939742078790000046e-01
-9.713593259899999666e-02 -4.600294388860000083e-01
-1.793689586459999985e-01 -4.871379834460000113e-01
-2.117277097130000063e-01 -6.916808689719999848e-01
-2.149684780249999927e-01 -8.091959250600000431e-01
-2.070320664230000107e-01 -9.139330309909999839e-01
-8.479253886099999415e-02 -4.986389114479999884e-01
-1.077741013410000032e-01 -7.321367677310000044e-01
-1.255392166350000061e-01 -8.635143869710000253e-01
-1.341704127499999954e-01 -1.000000000000000000e+00
4.061360029999999850e-03 -4.621959148190000199e-01
-1.987987751099999992e-02 -6.397737328970000137e-01
-6.715854122799999604e-02 -4.908104474850000232e-01
-8.602709318199999733e-02 -3.965434249170000092e-01
8.595767795000000544e-02 -3.799265374429999786e-01
4.629686176100000078e-02 -5.296247518779999552e-01
-8.412645608999999580e-03 -4.410368814880000210e-01
-2.719022441399999990e-02 -3.512736936379999841e-01
-1.556729794710000059e-01 -9.993377129300000383e-02
-2.409871698709999954e-01 -2.458744047380000131e-01
-2.064890860099999892e-01 -3.960214995860000253e-01
-9.546388661599999881e-02 -4.608660014850000097e-01
-1.789571193929999915e-01 -4.875051856720000187e-01
-2.123220028460000020e-01 -6.923071745429999480e-01
-2.153336741150000122e-01 -8.088665695390000465e-01
-2.072940185469999974e-01 -9.127699393339999689e-01
-8.399859086199999714e-02 -4.992367487600000153e-01
-1.085896085329999955e-01 -7.330118058879999676e-01
-1.261725432559999971e-01 -8.635388123349999612e-01
-1.345356633910000099e-01 -1.000000000000000000e+00
5.386146413000000160e-03 -4.629696587959999943e-01
-1.866468922199999991e-02 -6.431874873439999973e-01
-6.510024620700000098e-02 -4.921137973379999808e-01
-8.270909348799999894e-02 -3.976563607999999972e-01
8.716567427900000220e-02 -3.805966385469999880e-01
4.581909090700000270e-02 -5.301381379509999547e-01
-8.183628268999999442e-03 -4.385591758140000018e-01
-2.541263536800000139e-02 -3.476914185950000236e-01
-1.537456044770000030e-01 -9.709649648599999461e-02
-2.397628431859999965e-01 -2.455556551949999999e-01
-2.020126669029999877e-01 -3.930366244330000258e-01
-9.268981800799999671e-02 -4.600613668640000098e-01
-1.788743109239999962e-01 -4.894980121179999810e-01
-2.105715231520000064e-01 -6.931099124449999760e-01
-2.137955162700000133e-01 -8.099711700799999692e-01
-2.062148494909999963e-01 -9.140188600069999447e-01
-8.195468861900000179e-02 -5.013263896799999841e-01
-1.049852246880000062e-01 -7.355059013539999579e-01
-1.235821907989999996e-01 -8.655717167419999525e-01
-1.330309105489999866e-01 -1.000000000000000000e+00
7.806656803000000186e-03 -4.651644298879999972e-01
-1.811190350999999921e-02 -6.408741184920000444e-01
-6.563171934799999496e-02 -4.899757724280000004e-01
-8.403603197900000321e-02 -3.964594303539999975e-01
8.919163974700000663e-02 -3.826545766769999801e-01
4.534297121400000102e-02 -5.281460209239999815e-01
-8.942131266999999231e-03 -4.359550446220000208e-01
-2.740448123499999999e-02 -3.458282671710000145e-01
-1.552548784280000094e-01 -1.002630832479999984e-01
-2.417278128139999926e-01 -2.448838931950000075e-01
-2.059842213399999955e-01 -3.939786863129999817e-01
-9.440303099300000056e-02 -4.584458180120000170e-01
-1.778114596979999962e-01 -4.873124694429999959e-01
-2.101160109859999958e-01 -6.919134091680000376e-01
-2.135869803650000120e-01 -8.079451901190000118e-01
-2.071224590669999976e-01 -9.120409168809999745e-01
-8.275685776800000004e-02 -4.988962096910000144e-01
-1.054249378090000022e-01 -7.334971921790000016e-01
-1.243679453070000024e-01 -8.637136122420000506e-01
-1.351732530920000119e-01 -1.000000000000000000e+00
6.207250555999999607e-03 -4.622657278599999753e-01
-2.021871814099999998e-02 -6.418398817479999963e-01
-6.665206412900000210e-02 -4.898559717809999881e-01
-8.357339620299999994e-02 -3.954981738119999757e-01
8.789676100799999336e-02 -3.787027529900000022e-01
4.552545458300000236e-02 -5.294962552090000107e-01
-8.545430442999999224e-03 -4.379376782059999917e-01
-2.533777871300000109e-02 -3.466495490709999849e-01
-1.539915703299999938e-01 -9.889232721900000078e-02
-2.399546168929999890e-01 -2.461062713699999904e-01
-2.044991518360000093e-01 -3.950197562230000070e-01
-9.571810451999999969e-02 -4.630401159670000100e-01
-1.781410029580000054e-01 -4.874369691159999851e-01
-2.095097733719999966e-01 -6.912476216940000029e-01
-2.131363082490000116e-01 -8.080981885129999709e-01
-2.064451637539999884e-01 -9.123852735270000514e-01
-8.255352280399999576e-02 -4.984279272230000002e-01
-1.033086838380000011e-01 -7.334517274859999603e-01
-1.221819426850000029e-01 -8.646574468590000340e-01
-1.322891295009999968e-01 -1.000000000000000000e+00
6.866386195000000019e-03 -4.620452443499999950e-01
-1.908792834500000132e-02 -6.393392457630000525e-01
-6.663424790199999614e-02 -4.887178663230000164e-01
-8.421581910700000340e-02 -3.950663670980000264e-01
8.919580973599999796e-02 -3.803574560429999751e-01
4.676877549200000178e-02 -5.286868335429999455e-01
-6.923977363000000280e-03 -4.372026925140000131e-01
-2.362320123499999855e-02 -3.470681783719999913e-01
-1.545798827519999918e-01 -9.768053002000000318e-02
-2.416160318159999987e-01 -2.446611805020000030e-01
-2.041064814290000085e-01 -3.929693929920000106e-01
-9.200109711899999432e-02 -4.595346710079999952e-01
-1.792122117050000130e-01 -4.893709872079999856e-01
-2.108417659200000072e-01 -6.922936600279999686e-01
-2.141634464100000135e-01 -8.086449399199999721e-01
-2.069351753049999965e-01 -9.128832989159999522e-01
-8.260079208399999373e-02 -5.007434290150000189e-01
-1.053365404419999984e-01 -7.341927007970000529e-01
-1.242334513340000030e-01 -8.643477803279999705e-01
-1.341472973080000131e-01 -1.000000000000000000e+00
7.996203539999999915e-03 -4.636664710519999844e-01
-1.790123145499999957e-02 -6.405980090659999515e-01
-6.474054240099999524e-02 -4.888765414910000162e-01
-8.225644369399999489e-02 -3.946930063999999905e-01
9.076878918300000654e-02 -3.802435059509999826e-01
4.732284510800000010e-02 -5.257441498439999750e-01
-5.786486678999999862e-03 -4.334872972839999838e-01
-2.250971421800000011e-02 -3.436553793289999770e-01
-1.547817125239999980e-01 -1.003815435629999975e-01
-2.403743817800000071e-01 -2.468455841889999891e-01
-2.044067352510000046e-01 -3.950981013339999737e-01
-9.389030086600000380e-02 -4.598808539829999931e-01
-1.784011757389999953e-01 -4.904184402399999754e-01
-2.091634926950000084e-01 -6.931630385329999866e-01
-2.131728839990000013e-01 -8.097203331900000300e-01
-2.064235948179999891e-01 -9.144428696990000160e-01
-8.234690498999999719e-02 -5.018004339939999836e-01
-1.047013211190000043e-01 -7.342887563990000421e-01
-1.243576984789999951e-01 -8.643063114989999463e-01
-1.344328495559999892e-01 -1.000000000000000000e+00
7.501038140999999673e-03 -4.649127127989999830e-01
-1.756913859300000130e-02 -6.409684127279999810e-01
-6.606993615499999473e-02 -4.901722400740000096e-01
-8.401110632100000641e-02 -3.959502740449999947e-01
8.996469130100000211e-02 -3.819963270060000027e-01
4.883478117299999699e-02 -5.300998282600000167e-01
-5.454451618999999613e-03 -4.393897399130000103e-01
-2.220324058699999978e-02 -3.494960947640000093e-01
-1.540865992819999974e-01 -9.941038120900000385e-02
-2.403332045630000025e-01 -2.448074533950000131e-01
-2.043219328289999914e-01 -3.931162762759999874e-01
-9.399538603399999748e-02 -4.579163370950000145e-01
-1.785381873949999920e-01 -4.891093898839999898e-01
-2.106230839849999870e-01 -6.930262164799999569e-01
-2.140364114209999946e-01 -8.095921428010000032e-01
-2.072703207100000111e-01 -9.142402911660000298e-01
-8.264097233799999609e-02 -5.011285476679999684e-01
-1.061352272820000053e-01 -7.349631955950000073e-01
-1.250748413030000061e-01 -8.647017791040000345e-01
-1.352878779610000026e-01 -1.000000000000000000e+00
7.370143537000000029e-03 -4.648892865070000102e-01
-2.079829187499999954e-02 -6.433315118010000111e-01
-6.795197096900000566e-02 -4.915545169189999841e-01
-8.519222964400000042e-02 -3.982245422599999807e-01
8.951904001700000668e-02 -3.817833746140000262e-01
4.410068616900000155e-02 -5.297622721660000256e-01
-9.088119344000000766e-03 -4.370523016489999968e-01
-2.479775073699999957e-02 -3.466356029089999735e-01
-1.538135106200000102e-01 -9.907755591599999578e-02
-2.406772600300000065e-01 -2.437434244889999935e-01
-2.072048777180000023e-01 -3.927273869189999989e-01
-9.613848815900000178e-02 -4.587352600519999934e-01
-1.792838921469999958e-01 -4.887340347810000263e-01
-2.122259406199999976e-01 -6.918488590300000407e-01
-2.155337437710000137e-01 -8.084099751909999965e-01
-2.082374000689999893e-01 -9.130288556160000013e-01
-8.434053675000000028e-02 -4.999769224139999912e-01
-1.085111734490000063e-01 -7.332732446440000107e-01
-1.262694826730000053e-01 -8.631026683139999545e-01
-1.356835565979999936e-01 -1.000000000000000000e+00
5.122133083999999732e-03 -4.631318129579999887e-01
-2.053198366100000144e-02 -6.429558739949999824e-01
-6.579270369699999343e-02 -4.920916456719999776e-01
-8.276591644700000139e-02 -3.986315489530000145e-01
8.745518074300000222e-02 -3.798216797530000188e-01
4.535824833499999681e-02 -5.299156432399999561e-01
-6.243392272000000166e-03 -4.383902688770000000e-01
-2.149379483299999893e-02 -3.479754648019999785e-01
-1.547456130110000105e-01 -9.767973825499999541e-02
-2.418904225459999890e-01 -2.427947653729999877e-01
-2.094560629289999865e-01 -3.914046760179999973e-01
-9.924594487599999737e-02 -4.551461979820000114e-01
-1.796498815110000036e-01 -4.885383387230000096e-01
-2.115902450050000105e-01 -6.936838493700000496e-01
-2.151829670690000029e-01 -8.099323368780000365e-01
-2.079425361660000027e-01 -9.137315342799999796e-01
-8.425332685000000432e-02 -5.003234265179999918e-01
-1.069835320619999947e-01 -7.344006550630000074e-01
-1.266856092939999956e-01 -8.647112990519999487e-01
-1.368033021639999958e-01 -1.000000000000000000e+00
5.079134659000000308e-03 -4.637284957869999835e-01
-2.086337262399999906e-02 -6.409178771579999712e-01
-6.812507392800000450e-02 -4.904241954699999906e-01
-8.516452722299999722e-02 -3.973531073359999888e-01
8.661801095599999667e-02 -3.806626304479999723e-01
4.284019582500000339e-02 -5.281989717280000107e-01
-1.087954410799999924e-02 -4.359328710079999891e-01
-2.652302857200000002e-02 -3.453377045920000277e-01
-1.573852462660000062e-01 -9.954628849699999338e-02
-2.444173738290000009e-01 -2.449315014139999969e-01
-2.129210238300000002e-01 -3.945122536089999965e-01
-1.014099179349999963e-01 -4.584903358080000269e-01
-1.813775926660000093e-01 -4.877009711959999771e-01
-2.154081622950000108e-01 -6.913893722909999484e-01
-2.206610660649999944e-01 -8.069327204939999998e-01
-2.155724401230000031e-01 -9.108601201980000006e-01
-8.652505582500000236e-02 -5.002584480670000389e-01
-1.087941303459999953e-01 -7.349868156130000552e-01
-1.281537281029999920e-01 -8.646967533980000065e-01
-1.383147167350000095e-01 -1.000000000000000000e+00
2.612245269999999807e-03 -4.645218506680000026e-01
-2.393862071599999961e-02 -6.446142351139999560e-01
-7.175985834299999921e-02 -4.948369949929999900e-01
-8.925987665500000057e-02 -4.019849646870000126e-01
8.400811194500000523e-02 -3.826535903159999918e-01
3.937510448300000215e-02 -5.320286471799999806e-01
-1.398335905500000011e-02 -4.393812680659999748e-01
-2.899326468799999848e-02 -3.478380182019999989e-01
-1.556553933550000046e-01 -9.900143743799999507e-02
-2.413190875590000006e-01 -2.467721904600000127e-01
-2.063879681369999997e-01 -3.956325042650000179e-01
-9.736360591199999526e-02 -4.600801292660000041e-01
-1.794373785189999904e-01 -4.891036068449999830e-01
-2.090254680310000002e-01 -6.917922784640000433e-01
-2.121356249649999914e-01 -8.078408776719999684e-01
-2.046589749790000134e-01 -9.117714686710000072e-01
-8.235274687400000182e-02 -5.024866611860000498e-01
-1.039261011379999933e-01 -7.366323785649999678e-01
-1.242605075799999986e-01 -8.655202512330000264e-01
-1.358977198849999901e-01 -1.000000000000000000e+00
7.591958503000000372e-03 -4.677774011899999973e-01
-1.960022689200000001e-02 -6.477153278289999871e-01
-6.599708717499999655e-02 -4.963434840839999751e-01
-8.164909203299999807e-02 -4.027099849740000126e-01
8.940871432499999938e-02 -3.863400148339999896e-01
4.376291420100000135e-02 -5.320655805930000204e-01
-8.587025955000000821e-03 -4.384021913819999838e-01
-2.307871108900000010e-02 -3.479480850850000251e-01
-1.538845208459999891e-01 -9.617069611799999862e-02
-2.404041052170000081e-01 -2.448712723389999957e-01
-1.982251700260000138e-01 -3.910487086280000080e-01
-8.752300893299999607e-02 -4.580031764879999856e-01
-1.772913026129999958e-01 -4.903153272720000011e-01
-2.077001885310000018e-01 -6.915696655220000544e-01
-2.107990203679999952e-01 -8.078147994000000054e-01
-2.036778582590000053e-01 -9.116795521170000249e-01
-7.867640160500000146e-02 -5.022895718130000464e-01
-1.012543174690000020e-01 -7.368644728000000033e-01
-1.213033067500000062e-01 -8.676343738420000395e-01
-1.314634520119999928e-01 -1.000000000000000000e+00
1.312470120600000081e-02 -4.660670193040000187e-01
-1.474291753399999995e-02 -6.408290116879999943e-01
-6.292270630400000064e-02 -4.882577410410000041e-01
-8.086509865400000330e-02 -3.948940824569999730e-01
9.614499187599999386e-02 -3.840848731059999799e-01
4.643842226699999853e-02 -5.250687096939999909e-01
-5.909354149000000181e-03 -4.279669061720000056e-01
-2.129398256800000069e-02 -3.367027470789999977e-01
-1.570074115229999900e-01 -1.026883860830000023e-01
-2.429602594470000043e-01 -2.492533803089999889e-01
-2.048732663389999931e-01 -3.977714219469999923e-01
-9.114814740000000415e-02 -4.614069962999999830e-01
-1.788273374819999983e-01 -4.896015995790000130e-01
-2.094992660080000069e-01 -6.932179200979999845e-01
-2.137226524620000068e-01 -8.097132304580000328e-01
-2.082530731320000050e-01 -9.152122990200000086e-01
-8.265185351199999531e-02 -5.008087203379999464e-01
-1.055248660560000051e-01 -7.338250906909999927e-01
-1.263583928310000049e-01 -8.635083290489999897e-01
-1.387531874740000060e-01 -1.000000000000000000e+00
7.711233217999999626e-03 -4.639742059520000073e-01
-1.997986423399999989e-02 -6.430914262239999513e-01
-6.617521562400000001e-02 -4.929367992020000089e-01
-8.146073358100000550e-02 -3.991978941589999774e-01
9.063838763499999784e-02 -3.804158824119999727e-01
4.777983126000000247e-02 -5.307546815270000051e-01
-5.201553414000000333e-03 -4.401074554180000042e-01
-1.985778481099999965e-02 -3.496359777310000250e-01
-1.543516839190000045e-01 -9.881986411500000289e-02
-2.408768569339999888e-01 -2.449348690479999924e-01
-2.059044996809999972e-01 -3.941315697739999901e-01
-9.629201841199999667e-02 -4.621024791219999761e-01
-1.808172618639999896e-01 -4.898851651450000233e-01
-2.107228176950000087e-01 -6.920889190319999829e-01
-2.130929964230000029e-01 -8.084628122189999599e-01
-2.054310860959999985e-01 -9.129937792329999580e-01
-8.361149238300000230e-02 -5.013184174720000108e-01
-1.073947954249999948e-01 -7.339402162820000131e-01
-1.266924460269999997e-01 -8.635304238780000530e-01
-1.381299201589999970e-01 -1.000000000000000000e+00
7.509925330000000177e-03 -4.646125170600000076e-01
-2.019902194100000117e-02 -6.437589279880000515e-01
-6.528339686600000136e-02 -4.914131095540000271e-01
-8.148973357699999809e-02 -3.971416535880000209e-01
9.152010851500000377e-02 -3.811418044300000085e-01
4.639814999800000173e-02 -5.294350705289999626e-01
-5.349630644999999775e-03 -4.367815500880000146e-01
-2.031958146899999831e-02 -3.463707606390000193e-01
-1.562128752059999959e-01 -9.922876018100000584e-02
-2.419249519879999866e-01 -2.443930222160000110e-01
-2.051267455009999907e-01 -3.917130260789999929e-01
-9.568983159400000493e-02 -4.546793262639999833e-01
-1.801796296039999967e-01 -4.893618671959999999e-01
-2.104950624080000054e-01 -6.921096431659999881e-01
-2.132208202239999906e-01 -8.081497816960000469e-01
-2.057929699330000028e-01 -9.116167268849999505e-01
-8.375274994900000491e-02 -5.012133068270000491e-01
-1.063468840170000013e-01 -7.346339972369999582e-01
-1.250995342510000108e-01 -8.650675630299999863e-01
-1.348577104249999992e-01 -1.000000000000000000e+00
6.311553115999999665e-03 -4.646430876970000234e-01
-1.916553422600000139e-02 -6.426348636840000239e-01
-6.755850814800000437e-02 -4.927507398050000043e-01
-8.625880220400000686e-02 -3.982650685720000028e-01
8.868819232199999514e-02 -3.818123776380000223e-01
4.546965879400000077e-02 -5.290013958629999902e-01
-1.017416980700000008e-02 -4.372084504579999975e-01
-2.870114904799999853e-02 -3.461899005219999936e-01
-1.569019195970000058e-01 -1.001889214560000019e-01
-2.431863410979999973e-01 -2.458971690610000094e-01
-2.097595292430000091e-01 -3.946028366229999973e-01
-9.925412039000000575e-02 -4.592087520970000170e-01
-1.806074345570000128e-01 -4.897566747389999753e-01
-2.133376483849999949e-01 -6.911654307269999853e-01
-2.169871142839999989e-01 -8.072866538139999992e-01
-2.099279075899999902e-01 -9.114091122459999639e-01
-8.511706171600000315e-02 -5.013065731620000021e-01
-1.079782750080000020e-01 -7.343433465649999992e-01
-1.270118140560000108e-01 -8.647967537799999826e-01
-1.367133875359999862e-01 -1.000000000000000000e+00
4.886586957000000134e-03 -4.652097754000000251e-01
-2.180547154499999987e-02 -6.426760817750000188e-01
-7.206225407300000108e-02 -4.913284913620000194e-01
-9.155038294700000578e-02 -3.966649481610000083e-01
8.715979864499999452e-02 -3.838866488389999776e-01
4.308709934399999886e-02 -5.323877890310000360e-01
-1.176790240400000034e-02 -4.398538989649999897e-01
-2.845689188499999842e-02 -3.485838929180000156e-01
-1.566563008090000042e-01 -9.772529883000000139e-02
-2.430746840520000007e-01 -2.457320720839999972e-01
-2.091440955830000115e-01 -3.948022259660000088e-01
-1.000210199830000035e-01 -4.608082092790000139e-01
-1.808327411639999993e-01 -4.868488912789999956e-01
-2.121437845539999867e-01 -6.890908386120000451e-01
-2.150199759679999878e-01 -8.053892968379999795e-01
-2.071401334390000071e-01 -9.091083860590000176e-01
-8.455639566700000331e-02 -4.995422177350000159e-01
-1.068432281699999986e-01 -7.345071442699999675e-01
-1.261856122549999959e-01 -8.654627782020000160e-01
-1.356653354650000087e-01 -1.000000000000000000e+00
5.197818481000000129e-03 -4.640393053669999990e-01
-2.112614595999999859e-02 -6.418250221219999885e-01
-7.009130787099999982e-02 -4.912534681299999817e-01
-8.802391496799999437e-02 -3.976055887439999825e-01
8.699701215300000012e-02 -3.827244506970000071e-01
4.185030578699999726e-02 -5.284998866140000473e-01
-1.189887842299999950e-02 -4.352738355119999958e-01
-2.768637424199999961e-02 -3.446554241979999933e-01
-1.543210393389999879e-01 -9.962689094899999931e-02
-2.405333909800000114e-01 -2.442257249810000086e-01
-2.064991548419999878e-01 -3.922500376779999853e-01
-9.481426564099999788e-02 -4.570127260879999764e-01
-1.769925790490000095e-01 -4.882510705929999917e-01
-2.103928196819999930e-01 -6.903071189670000329e-01
-2.143712286939999934e-01 -8.058283945749999955e-01
-2.076140227749999900e-01 -9.089696313930000215e-01
-8.198148618900000240e-02 -4.999564227200000155e-01
-1.042185217269999964e-01 -7.341107532739999941e-01
-1.231004873040000003e-01 -8.643175721860000271e-01
-1.331892301829999958e-01 -1.000000000000000000e+00
7.346736105999999988e-03 -4.638305722969999767e-01
-1.843445799500000037e-02 -6.411901963680000094e-01
-6.559928337900000628e-02 -4.906844525399999823e-01
-8.314912893600000243e-02 -3.967341207439999962e-01
8.979488612100000600e-02 -3.814284099510000248e-01
4.810354469099999836e-02 -5.302404438259999964e-01
-5.486487364000000241e-03 -4.392162597679999947e-01
-2.204496566299999835e-02 -3.487287042209999965e-01
-1.538489891419999867e-01 -9.830702182900000197e-02
-2.410323893230000014e-01 -2.441251202020000011e-01
-2.038913688360000087e-01 -3.909123892479999807e-01
-9.315070607200000297e-02 -4.570078778119999741e-01
-1.795140927190000124e-01 -4.907390729880000135e-01
-2.098493005919999932e-01 -6.907851975540000300e-01
-2.139227125610000113e-01 -8.066099888669999718e-01
-2.085403016179999958e-01 -9.108235760239999923e-01
-8.240214544000000474e-02 -5.027034332959999796e-01
-1.047329269360000037e-01 -7.356734296579999777e-01
-1.259459545459999941e-01 -8.653877701409999901e-01
-1.383169418309999898e-01 -1.000000000000000000e+00
9.274207035000000751e-03 -4.661943378510000069e-01
-1.772202357499999895e-02 -6.422641058960000260e-01
-6.482762099399999589e-02 -4.905036674389999796e-01
-8.247835013500000312e-02 -3.970498643670000161e-01
9.335827618200000233e-02 -3.830336209060000163e-01
4.606557869999999832e-02 -5.264354884049999850e-01
-5.249004899000000134e-03 -4.310749099489999958e-01
-1.961929728599999881e-02 -3.399995542500000023e-01
-1.557121456090000133e-01 -9.948665060299999308e-02
-2.426443344560000048e-01 -2.428886687350000073e-01
-2.121684307230000122e-01 -3.901660004490000166e-01
-1.012774625879999946e-01 -4.538409472339999806e-01
-1.808506315689999977e-01 -4.874959878969999938e-01
-2.133696431260000137e-01 -6.878386141479999605e-01
-2.193917551410000111e-01 -8.033037845229999974e-01
-2.151987721049999913e-01 -9.076381693220000324e-01
-8.596360627799999599e-02 -4.994596447349999857e-01
-1.071013285619999977e-01 -7.327201218559999951e-01
-1.283902887860000064e-01 -8.633791383190000390e-01
-1.410532307740000046e-01 -1.000000000000000000e+00
4.388945281000000177e-03 -4.628146414439999745e-01
-2.130735745600000064e-02 -6.423110781059999663e-01
-6.896703758300000431e-02 -4.921932771370000070e-01
-8.663592996600000262e-02 -3.981932522059999924e-01
8.749508072299999606e-02 -3.796532191459999761e-01
4.390512217300000103e-02 -5.275986558730000331e-01
-9.104536595999999232e-03 -4.363135866639999971e-01
-2.425827354500000033e-02 -3.457485787899999830e-01
-1.539230138859999930e-01 -9.937599801299999702e-02
-2.391116076310000060e-01 -2.454310016510000136e-01
-2.067494782629999972e-01 -3.944582770839999974e-01
-9.717781349800000412e-02 -4.602671476560000197e-01
-1.762696772819999924e-01 -4.880380375080000110e-01
-2.080029967839999994e-01 -6.920975332940000335e-01
-2.114201234799999995e-01 -8.084852799430000125e-01
-2.044214431860000014e-01 -9.119041070629999579e-01
-8.134721283199999875e-02 -4.997076469489999950e-01
-1.043886209009999982e-01 -7.339361036810000405e-01
-1.238026680320000045e-01 -8.635828514729999572e-01
-1.350291261500000117e-01 -1.000000000000000000e+00
6.771347167000000243e-03 -4.637216268950000164e-01
-1.875078711700000136e-02 -6.452858378089999514e-01
-6.616548640199999831e-02 -4.946834144869999839e-01
-8.453347305199999939e-02 -4.013326907690000223e-01
8.706669473200000231e-02 -3.804155823700000050e-01
4.345577143499999850e-02 -5.315621098330000072e-01
-1.038785567899999998e-02 -4.394258485149999949e-01
-2.696146908600000058e-02 -3.480679334230000199e-01
-1.562824200000000052e-01 -1.000357804419999969e-01
-2.424201904740000135e-01 -2.465242093620000075e-01
-2.086016510850000061e-01 -3.955554868539999935e-01
-9.735984974200000142e-02 -4.618706902610000276e-01
-1.789508898820000027e-01 -4.882850585030000246e-01
-2.124329622489999903e-01 -6.885487507809999741e-01
-2.182718220469999915e-01 -8.034596358590000431e-01
-2.145210556000000102e-01 -9.072579578289999835e-01
-8.408463884200000071e-02 -5.004089667509999950e-01
-1.067135950279999995e-01 -7.333260817800000275e-01
-1.277769869769999900e-01 -8.632955256809999867e-01
-1.405534402030000074e-01 -1.000000000000000000e+00
5.302358642000000108e-03 -4.640382851679999976e-01
-2.216844776999999864e-02 -6.424573207039999678e-01
-6.865963000499999969e-02 -4.917140254119999887e-01
-8.542627106300000606e-02 -3.979672764009999919e-01
8.733531995599999598e-02 -3.811829964280000205e-01
4.295796239099999858e-02 -5.290629080480000468e-01
-1.068102613299999962e-02 -4.365604611230000098e-01
-2.695554781899999960e-02 -3.458052149920000096e-01
-1.566951889519999919e-01 -9.815874514000000328e-02
-2.425858471300000041e-01 -2.474044276700000100e-01
-2.057195847259999932e-01 -3.985276621130000030e-01
-9.527270916699999426e-02 -4.655154681109999748e-01
-1.803710164619999889e-01 -4.884410296569999810e-01
-2.127280716399999883e-01 -6.901214452789999898e-01
-2.163539712770000123e-01 -8.058467750569999755e-01
-2.091527246500000103e-01 -9.091072780109999973e-01
-8.285502569899999559e-02 -5.011383383940000158e-01
-1.076706663199999969e-01 -7.340428305230000117e-01
-1.271788499650000070e-01 -8.638749649750000481e-01
-1.372102836259999903e-01 -1.000000000000000000e+00
7.792782356999999709e-03 -4.649510798490000263e-01
-1.908727102500000147e-02 -6.450856976759999917e-01
-6.567169291299999878e-02 -4.921337196769999811e-01
-8.175181092800000437e-02 -3.966229944449999878e-01
8.990924468000000003e-02 -3.818929555650000252e-01
4.342313722300000095e-02 -5.273845808399999502e-01
-1.077570561599999928e-02 -4.335174508910000224e-01
-2.701515643799999936e-02 -3.427201097570000132e-01
-1.567989241989999893e-01 -9.764034162100000691e-02
-2.456803988340000022e-01 -2.428815923419999911e-01
-2.123880656450000126e-01 -3.906962935909999990e-01
-1.011692950719999956e-01 -4.559166969769999911e-01
-1.828149334489999889e-01 -4.881870026710000143e-01
-2.166604073089999916e-01 -6.882131477830000232e-01
-2.220139483249999879e-01 -8.034325914950000147e-01
-2.176363132240000109e-01 -9.072497873199999452e-01
-8.740532940799999873e-02 -5.005741325160000255e-01
-1.107352101469999961e-01 -7.342979650830000482e-01
-1.318354673559999912e-01 -8.646984751520000456e-01
-1.444051100669999921e-01 -1.000000000000000000e+00
3.054655537999999889e-03 -4.646505774599999916e-01
-2.478750094300000151e-02 -6.424032456610000441e-01
-7.213338857699999607e-02 -4.907460342359999950e-01
-9.046240401999999792e-02 -3.966828365939999990e-01
8.580281932399999589e-02 -3.822104001589999855e-01
3.964457035499999865e-02 -5.285827277450000361e-01
-1.405380908400000010e-02 -4.344472443119999916e-01
-3.084575679699999920e-02 -3.426927994280000167e-01
