-1.530929366040000017e-01 -1.013487411559999968e-01
-2.210367153430000120e-01 -2.321743352289999951e-01
-1.656681890339999907e-01 -3.810056364950000218e-01
-5.679125734800000158e-02 -4.471843960469999990e-01
-1.958260463500000048e-01 -5.017958198180000329e-01
-2.231710351450000018e-01 -6.949760954310000294e-01
-2.260676758029999955e-01 -8.138526072799999733e-01
-2.181574876809999897e-01 -9.202221931730000248e-01
-9.546836695600000033e-02 -5.230955132529999663e-01
-1.380186402490000130e-01 -7.392819558709999850e-01
-1.561057197100000071e-01 -8.644696321749999468e-01
-1.646755366619999938e-01 -1.000000000000000000e+00
1.141890673999999915e-03 -4.895819428570000187e-01
-5.702197950000000319e-04 -6.578604627180000275e-01
-3.628572487799999746e-02 -5.164964064979999936e-01
-5.768071539599999714e-02 -4.173926860309999931e-01
9.308473993900000243e-02 -4.051095756699999995e-01
7.896916293800000652e-02 -5.447181005540000509e-01
2.915822858399999898e-02 -4.696094043240000016e-01
3.672802612999999904e-03 -3.856538180110000158e-01
-1.539509767039999866e-01 -9.780711262900000647e-02
-2.232490880019999957e-01 -2.264834513070000110e-01
-1.737100012670000082e-01 -3.747697932340000038e-01
-7.042761873700000008e-02 -4.452526071289999998e-01
-2.038305552430000056e-01 -5.004421789159999578e-01
-2.289447454909999957e-01 -6.921183166340000303e-01
-2.321470753890000072e-01 -8.118603671420000500e-01
-2.241406891469999996e-01 -9.188779823699999572e-01
-1.031270724499999958e-01 -5.226584268099999653e-01
-1.463301143269999938e-01 -7.371039150770000159e-01
-1.656010295160000034e-01 -8.628169391079999473e-01
-1.751540593460000073e-01 -1.000000000000000000e+00
-4.713093825000000403e-03 -4.893858530710000210e-01
-4.044743901999999815e-03 -6.571901408079999785e-01
-3.961558116100000193e-02 -5.155854170910000311e-01
-6.194440921100000108e-02 -4.155773483790000111e-01
8.998427976700000552e-02 -4.049444193739999975e-01
7.608762116299999656e-02 -5.416635293020000130e-01
2.631253722399999953e-02 -4.689413529259999769e-01
1.659785239999999956e-04 -3.871503817649999957e-01
-1.539105932239999974e-01 -9.891230571600000132e-02
-2.234080412839999918e-01 -2.286472760409999916e-01
-1.743417448219999888e-01 -3.776221529070000194e-01
-6.937768255600000600e-02 -4.466887262920000157e-01
-2.035739179130000021e-01 -4.986897274300000071e-01
-2.328095771360000066e-01 -6.897165500530000326e-01
-2.374680616540000011e-01 -8.090008415210000470e-01
-2.311893129250000012e-01 -9.156705360619999956e-01
-1.033919291690000020e-01 -5.219681773780000533e-01
-1.494294516169999976e-01 -7.367560543250000205e-01
-1.706116959869999894e-01 -8.627789687560000198e-01
-1.826163041480000082e-01 -1.000000000000000000e+00
-5.916134768000000377e-03 -4.901749904750000164e-01
-9.905450616999999375e-03 -6.594157088059999783e-01
-4.478268359499999740e-02 -5.180502428940000348e-01
-6.576295721800000382e-02 -4.187830264449999840e-01
8.760334958300000641e-02 -4.069334105910000221e-01
7.025967396399999954e-02 -5.467980123140000481e-01
2.050683439999999996e-02 -4.724875653680000176e-01
-4.069103289999999838e-03 -3.889838508449999788e-01
-1.616103670410000137e-01 -9.446069695000000599e-02
-2.370552274590000119e-01 -2.199170037850000092e-01
-1.915106033420000131e-01 -3.728682300350000256e-01
-8.559121875300000626e-02 -4.413711891239999741e-01
-2.193100220120000055e-01 -4.969029911810000089e-01
-2.518807622379999889e-01 -6.880306696650000386e-01
-2.567814391680000030e-01 -8.086768398110000255e-01
-2.503082167319999884e-01 -9.170140535919999447e-01
-1.192235024679999950e-01 -5.236899498249999452e-01
-1.719083500980000123e-01 -7.371906543549999746e-01
-1.936883411199999960e-01 -8.631716259070000286e-01
-2.051480229260000121e-01 -1.000000000000000000e+00
-1.994532619300000073e-02 -4.940524861560000036e-01
-2.772823628799999870e-02 -6.616786450339999792e-01
-6.112890741700000019e-02 -5.145169665380000534e-01
-8.054812024900000200e-02 -4.132893985219999733e-01
7.548172982400000453e-02 -4.121131849299999872e-01
5.235660197599999871e-02 -5.488639713630000250e-01
3.689042575999999882e-03 -4.684800023449999795e-01
-1.831881160199999928e-02 -3.819903403580000023e-01
-1.634045435819999892e-01 -9.336672949100000007e-02
-2.425943154509999922e-01 -2.174498891670000045e-01
-1.991029811720000098e-01 -3.707258913939999734e-01
-9.079255726200000098e-02 -4.397178052230000245e-01
-2.246640547609999872e-01 -4.980742635170000154e-01
-2.619750536379999994e-01 -6.904794481629999980e-01
-2.701614345930000161e-01 -8.109343018360000155e-01
-2.661933705030000152e-01 -9.194344844820000473e-01
-1.249828684039999971e-01 -5.243987402640000184e-01
-1.790895989140000033e-01 -7.360092160150000229e-01
-2.029897734610000004e-01 -8.613624056480000402e-01
-2.169617410699999915e-01 -1.000000000000000000e+00
-2.546255883100000117e-02 -4.948559519110000138e-01
-3.491560736700000112e-02 -6.652963689180000362e-01
-6.663316360200000066e-02 -5.156838052169999687e-01
-8.524055519199999487e-02 -4.134836815680000277e-01
7.033896232500000401e-02 -4.134211758510000223e-01
4.680405107200000248e-02 -5.505719100689999701e-01
-1.468122787999999977e-03 -4.684555199400000092e-01
-2.380545323999999976e-02 -3.814498895110000065e-01
-1.442804173580000127e-01 -2.047546376599999884e-02
-2.358136376059999928e-01 -1.451034220609999925e-01
-1.782955840840000084e-01 -2.833381094360000185e-01
-7.777633822500000516e-02 -3.829417469870000090e-01
-2.370292894640000092e-01 -4.486030808470000131e-01
-2.786797283660000235e-01 -6.531596897689999626e-01
-2.887929995610000189e-01 -7.886768187629999982e-01
-2.852326795110000091e-01 -9.072504392689999531e-01
-1.183763295740000027e-01 -4.812749706330000099e-01
-1.716530461649999895e-01 -7.154617163609999775e-01
-2.030547843780000083e-01 -8.609364054250000509e-01
-2.199453671519999987e-01 -1.000000000000000000e+00
-7.841662787999999565e-03 -4.590553192749999845e-01
-2.935239157500000098e-02 -6.094514111929999478e-01
-6.391642485300000343e-02 -4.497550513319999999e-01
-8.022370984799999383e-02 -3.353880905930000100e-01
9.930726666500000466e-02 -3.848853405709999898e-01
4.308927069500000095e-02 -4.930591073009999992e-01
-5.624554095000000413e-03 -3.893494967289999886e-01
-2.299743638200000065e-02 -2.875240612789999872e-01
-1.660227701139999901e-01 -9.219442094200000493e-02
-2.484325168569999909e-01 -2.145368745450000059e-01
-2.082002473219999872e-01 -3.696877234589999728e-01
-9.777412598800000465e-02 -4.404068714500000148e-01
-2.289333003819999934e-01 -4.952528371370000237e-01
-2.695193490739999920e-01 -6.890331465190000504e-01
-2.800185139029999770e-01 -8.088385027029999508e-01
-2.792839195590000045e-01 -9.170836598739999790e-01
-1.287721471590000111e-01 -5.212654837589999479e-01
-1.843085425650000109e-01 -7.339412916080000349e-01
-2.102979659320000083e-01 -8.603639760160000094e-01
-2.277749104950000103e-01 -1.000000000000000000e+00
-2.858811729499999982e-02 -4.910849558709999840e-01
-4.441863697500000180e-02 -6.676218241760000227e-01
-7.517893750000000097e-02 -5.158243961349999740e-01
-9.180436266800000300e-02 -4.123816003870000024e-01
6.770509283700000547e-02 -4.078509857229999924e-01
3.867862213800000309e-02 -5.473854946149999678e-01
-1.061146833699999972e-02 -4.609308574339999742e-01
-3.154047484300000204e-02 -3.704946449600000080e-01
-1.610150340550000059e-01 -9.327347392700000017e-02
-2.408961553579999915e-01 -2.182444429269999875e-01
-2.040321760409999907e-01 -3.753469287619999872e-01
-9.673414506100000421e-02 -4.501569659099999843e-01
-2.238416296719999976e-01 -4.958423058850000009e-01
-2.647502980640000225e-01 -6.935006743599999579e-01
-2.760424752439999962e-01 -8.149296360679999518e-01
-2.759486775559999994e-01 -9.227330099599999613e-01
-1.248312167400000006e-01 -5.205579394370000168e-01
-1.786209001480000003e-01 -7.348346371509999475e-01
-2.052696302239999937e-01 -8.611098604279999735e-01
-2.253360403040000071e-01 -1.000000000000000000e+00
-2.650302604100000098e-02 -4.902450046829999741e-01
-4.274513441299999938e-02 -6.736786876639999644e-01
-7.336678889099999823e-02 -5.252777543979999519e-01
-9.085012853500000485e-02 -4.223637781369999900e-01
6.842973413599999499e-02 -4.067953935490000172e-01
3.833750150700000053e-02 -5.528365051789999596e-01
-1.137017977199999974e-02 -4.681420859850000116e-01
-3.261137870999999966e-02 -3.760178769579999858e-01
-1.657929095900000094e-01 -9.228729170499999634e-02
-2.481565196580000077e-01 -2.183123167309999890e-01
-2.127801785200000018e-01 -3.754805721210000002e-01
-1.067276358820000021e-01 -4.512775770129999753e-01
-2.323682519070000008e-01 -4.977747101439999877e-01
-2.724611940980000147e-01 -6.936968066530000421e-01
-2.832174850070000027e-01 -8.156766000870000477e-01
-2.813790818999999943e-01 -9.242868661619999537e-01
-1.333124114010000028e-01 -5.242549332889999691e-01
-1.875065757000000111e-01 -7.364609044440000307e-01
-2.136690742069999871e-01 -8.617316915120000198e-01
-2.305958456960000014e-01 -1.000000000000000000e+00
-3.414548757799999723e-02 -4.955645875440000125e-01
-4.968386083399999736e-02 -6.741608662300000443e-01
-8.247274555899999915e-02 -5.245739182849999960e-01
-1.000382890840000039e-01 -4.217956122550000075e-01
6.174760065900000011e-02 -4.134985650399999879e-01
3.080989448100000111e-02 -5.559630042709999831e-01
-1.857806881300000032e-02 -4.712820266480000075e-01
-3.810598878000000245e-02 -3.802444652190000163e-01
-1.427830451119999899e-01 -1.684773343999999839e-02
-2.362222996399999941e-01 -1.390937131249999903e-01
-1.859077818400000082e-01 -2.743174754009999883e-01
-9.337697672099999624e-02 -3.775303458029999892e-01
-2.453563779730000005e-01 -4.456498704019999924e-01
-2.880692349389999962e-01 -6.503373860519999772e-01
-2.991448338159999887e-01 -7.862332131310000305e-01
-2.960326623960000125e-01 -9.063106756159999833e-01
-1.276150935360000072e-01 -4.793426597320000204e-01
-1.829489910050000057e-01 -7.141777906430000211e-01
-2.157949145539999891e-01 -8.604322119459999474e-01
-2.329046511239999950e-01 -1.000000000000000000e+00
-1.677857995200000146e-02 -4.583025787080000080e-01
-4.052857197700000108e-02 -6.045384059199999660e-01
-7.446594384099999853e-02 -4.464466891559999984e-01
-9.001291735600000510e-02 -3.341079383480000109e-01
9.128564565600000291e-02 -3.861241873019999882e-01
3.323056503499999953e-02 -4.897251039759999980e-01
-1.361199809099999936e-02 -3.851544187150000020e-01
-2.955769501599999835e-02 -2.847466279990000237e-01
-1.693946495479999870e-01 -9.088927875100000220e-02
-2.532824687449999890e-01 -2.119096206009999928e-01
-2.186999832110000097e-01 -3.668414820509999785e-01
-1.098983607200000046e-01 -4.413373782719999805e-01
-2.384708877499999991e-01 -4.948360526469999798e-01
-2.796410758460000090e-01 -6.913504918259999465e-01
-2.904056235340000125e-01 -8.142920020589999863e-01
-2.892731012309999739e-01 -9.240337274500000087e-01
-1.386592719899999993e-01 -5.217581570889999742e-01
-1.931574275529999996e-01 -7.365580835310000518e-01
-2.208359142230000016e-01 -8.625276246509999689e-01
-2.404306912960000042e-01 -1.000000000000000000e+00
-3.757769980700000068e-02 -4.928892244640000198e-01
-5.349410681399999895e-02 -6.700844530330000159e-01
-8.705694988800000145e-02 -5.181263354109999497e-01
-1.059111420929999964e-01 -4.138077300760000243e-01
6.016216353199999728e-02 -4.105292106710000111e-01
2.944045956299999947e-02 -5.501504633029999924e-01
-2.110154842300000083e-02 -4.634839671200000066e-01
-4.202790034799999686e-02 -3.715581721180000185e-01
-1.667224090209999954e-01 -8.914652112099999415e-02
-2.513831203319999985e-01 -2.095162596980000014e-01
-2.174010814469999886e-01 -3.689801146069999760e-01
-1.104830171260000049e-01 -4.469216595600000175e-01
-2.371545265689999904e-01 -4.928595505009999989e-01
-2.786120722079999945e-01 -6.928524786119999446e-01
-2.903700102039999953e-01 -8.163262182949999612e-01
-2.904984261699999903e-01 -9.269785189420000071e-01
-1.380596048030000023e-01 -5.198905592510000284e-01
-1.937679510399999971e-01 -7.336556202049999698e-01
-2.205223044769999974e-01 -8.603815567410000309e-01
-2.400121742290000082e-01 -1.000000000000000000e+00
-3.809919778799999990e-02 -4.917052891929999947e-01
-5.469438910999999820e-02 -6.733783629239999957e-01
-8.313553190599999587e-02 -5.196954065119999688e-01
-9.972857230399999329e-02 -4.137370611580000190e-01
5.951530704199999716e-02 -4.104396949040000075e-01
2.920181410699999869e-02 -5.551182446400000359e-01
-2.018473441999999937e-02 -4.685880607769999928e-01
-4.188494001999999716e-02 -3.751978831769999800e-01
-1.671680991989999976e-01 -8.884329427600000384e-02
-2.517132181560000070e-01 -2.114823296339999881e-01
-2.176238057210000132e-01 -3.720614024710000023e-01
-1.112938489710000034e-01 -4.498377619389999915e-01
-2.386666972740000003e-01 -4.901198951269999937e-01
-2.837181204850000027e-01 -6.903936425079999495e-01
-2.967439464050000142e-01 -8.136838300359999776e-01
-2.982078395530000092e-01 -9.239594956129999481e-01
-1.398428666959999900e-01 -5.179124453579999621e-01
-1.980573286360000074e-01 -7.321375529720000053e-01
-2.260318148219999934e-01 -8.599102429970000294e-01
-2.471010243370000137e-01 -1.000000000000000000e+00
-4.043418608200000097e-02 -4.905814449329999882e-01
-5.995736026399999669e-02 -6.755908324449999558e-01
-8.813143398799999639e-02 -5.222518656769999934e-01
-1.041701448109999956e-01 -4.159084600999999881e-01
5.655834332700000050e-02 -4.099010085229999878e-01
2.338362498700000125e-02 -5.566490649359999709e-01
-2.587954164500000029e-02 -4.684659225289999895e-01
-4.636940818699999967e-02 -3.729382427580000270e-01
-1.682179888410000046e-01 -8.701908600100000113e-02
-2.541855763409999747e-01 -2.076134860590000131e-01
-2.214265343160000121e-01 -3.677083884310000106e-01
-1.137070559340000037e-01 -4.464475317159999901e-01
-2.408834254970000088e-01 -4.896761926000000043e-01
-2.851244142459999908e-01 -6.904699929049999962e-01
-2.966609045590000160e-01 -8.140427943100000396e-01
-2.969037451270000183e-01 -9.248246028409999875e-01
-1.424060167489999973e-01 -5.177806456589999495e-01
-1.995207401849999895e-01 -7.332412866830000375e-01
-2.271679129910000039e-01 -8.607635477199999663e-01
-2.480597290519999942e-01 -1.000000000000000000e+00
-4.336533831900000330e-02 -4.903382718729999978e-01
-6.235420844500000337e-02 -6.718661993640000496e-01
-8.989414693099999354e-02 -5.169892424930000452e-01
-1.059634874670000032e-01 -4.118223404119999986e-01
5.348983290400000090e-02 -4.089477716470000246e-01
2.161935343199999915e-02 -5.554560221900000094e-01
-2.556924732799999850e-02 -4.662028203379999791e-01
-4.483483063299999877e-02 -3.705625467759999792e-01
-1.665050171749999919e-01 -8.757017324200000452e-02
-2.501677302709999773e-01 -2.074120083730000008e-01
-2.156889954469999870e-01 -3.665319536869999784e-01
-1.121484290160000008e-01 -4.472516131379999926e-01
-2.418698823940000076e-01 -4.906035773410000189e-01
-2.851080683019999729e-01 -6.887108853969999833e-01
-2.987880612409999914e-01 -8.119577250620000353e-01
-3.010909200269999975e-01 -9.219487414439999640e-01
-1.423534807110000133e-01 -5.180604790310000540e-01
-2.006230918980000111e-01 -7.319477675050000132e-01
-2.293436077419999941e-01 -8.604608299099999469e-01
-2.521102186890000207e-01 -1.000000000000000000e+00
-4.093532712200000090e-02 -4.903451641459999899e-01
-6.013039479400000137e-02 -6.746786925719999717e-01
-8.612463550299999382e-02 -5.227996188210000117e-01
-1.016711487690000054e-01 -4.155626630049999992e-01
5.792378543400000107e-02 -4.095179846409999769e-01
2.582289239300000067e-02 -5.512594036040000534e-01
-2.288099768199999828e-02 -4.633586735590000116e-01
-4.441798019800000108e-02 -3.682099445099999979e-01
-1.625380305780000090e-01 -8.850485056500000114e-02
-2.462322168839999881e-01 -2.086512744779999984e-01
-2.136827092009999929e-01 -3.670668677219999787e-01
-1.105884189369999993e-01 -4.480963223489999869e-01
-2.366880028789999924e-01 -4.891152389499999753e-01
-2.824384005800000264e-01 -6.876111008180000317e-01
-2.967233183960000242e-01 -8.101755560469999784e-01
-2.999334542539999759e-01 -9.194067279340000232e-01
-1.390086225319999980e-01 -5.168742229380000053e-01
-1.990177926660000041e-01 -7.317426396189999904e-01
-2.287488855350000017e-01 -8.596236435340000037e-01
-2.531283920310000157e-01 -1.000000000000000000e+00
-3.942120385700000063e-02 -4.894791482020000029e-01
-6.081145988299999777e-02 -6.737947025170000215e-01
-8.451584087699999526e-02 -5.220342871990000244e-01
-9.866572210000000565e-02 -4.162530560470000252e-01
5.936645341400000053e-02 -4.080252764369999841e-01
2.591133862199999915e-02 -5.547686226269999965e-01
-2.124412919400000058e-02 -4.678983469240000082e-01
-4.124954186299999853e-02 -3.730603376109999925e-01
-1.700581993259999980e-01 -8.578082713300000384e-02
-2.582750697449999744e-01 -2.058105200779999922e-01
-2.273657981359999969e-01 -3.648123558260000232e-01
-1.202253333520000023e-01 -4.445061900369999819e-01
-2.490528748270000037e-01 -4.903727227949999934e-01
-2.978639826230000121e-01 -6.886446392839999930e-01
-3.128165201179999855e-01 -8.104108835419999712e-01
-3.166291752009999794e-01 -9.194256535520000106e-01
-1.501505200949999896e-01 -5.201228735349999743e-01
-2.119957823860000035e-01 -7.345046516609999854e-01
-2.425913802040000067e-01 -8.611403598489999478e-01
-2.661108288269999900e-01 -1.000000000000000000e+00
-4.936449976900000175e-02 -4.933527976850000107e-01
-7.222536093999999685e-02 -6.746992832929999961e-01
-9.724623593999999482e-02 -5.221454956929999502e-01
-1.114204428109999978e-01 -4.181512451039999800e-01
4.950458652999999848e-02 -4.111887823709999834e-01
1.290989052399999990e-02 -5.558941178820000495e-01
-3.266693446599999717e-02 -4.655158136409999758e-01
-4.922667340600000302e-02 -3.693217643230000125e-01
-1.351566347690000003e-01 -9.504647786999999640e-03
-2.331529415770000058e-01 -1.308331943390000085e-01
-1.884534487420000126e-01 -2.738373361659999783e-01
-1.007770107209999960e-01 -3.810931719589999989e-01
-2.518261044710000118e-01 -4.451720040720000271e-01
-3.000597545320000115e-01 -6.440158896140000255e-01
-3.171509764580000001e-01 -7.800353862359999946e-01
-3.195576335129999834e-01 -8.980977553569999827e-01
-1.360497684130000107e-01 -4.836002072969999843e-01
-1.995525763040000011e-01 -7.129300697299999490e-01
-2.367786751079999918e-01 -8.578758740420000528e-01
-2.626252269989999832e-01 -1.000000000000000000e+00
-2.506113950700000065e-02 -4.654866589980000136e-01
-4.678378012300000305e-02 -6.121175599570000125e-01
-7.323530467000000099e-02 -4.449853114819999900e-01
-9.111021861699999946e-02 -3.249039627409999742e-01
8.385967790600000471e-02 -3.972613854570000158e-01
2.533990466100000116e-02 -4.849696832970000204e-01
-2.083142583799999989e-02 -3.734523732660000039e-01
-4.159919820400000134e-02 -2.713040338450000144e-01
-1.681486863780000118e-01 -8.948971396700000636e-02
-2.539374512600000022e-01 -2.086667309720000030e-01
-2.255059252590000118e-01 -3.701476160439999830e-01
-1.199224516070000052e-01 -4.492387206930000265e-01
-2.458731176489999948e-01 -4.895266351800000026e-01
-2.932728227029999801e-01 -6.885508367920000206e-01
-3.086830293300000250e-01 -8.107583617870000037e-01
-3.125426490420000203e-01 -9.201133496800000255e-01
-1.475181007480000084e-01 -5.176836032989999836e-01
-2.098248822980000039e-01 -7.308075364099999582e-01
-2.406382563449999956e-01 -8.589421016799999586e-01
-2.658304205370000117e-01 -1.000000000000000000e+00
-4.652661272099999773e-02 -4.903675318010000117e-01
-6.714502398600000199e-02 -6.760966350849999529e-01
-9.163113274100000150e-02 -5.226357712450000470e-01
-1.063997907510000063e-01 -4.145245591189999912e-01
5.175731973900000310e-02 -4.104828720759999827e-01
1.922095578500000040e-02 -5.552483836479999990e-01
-2.849874464800000035e-02 -4.659562578840000246e-01
-4.867201268400000308e-02 -3.691867644290000028e-01
-1.669983527059999973e-01 -8.543306725900000342e-02
-2.537847354780000120e-01 -2.045836192899999906e-01
-2.230028353340000047e-01 -3.627875486120000215e-01
-1.160602572890000045e-01 -4.404497106090000114e-01
-2.470126873440000037e-01 -4.868219328119999800e-01
-2.969223150729999872e-01 -6.842182614409999530e-01
-3.113099215680000253e-01 -8.066718237669999736e-01
-3.143140475530000200e-01 -9.159210297630000497e-01
-1.488742581459999992e-01 -5.174119866240000087e-01
-2.130934571099999952e-01 -7.323956858369999878e-01
-2.449160975499999893e-01 -8.604161638409999480e-01
-2.699381502539999755e-01 -1.000000000000000000e+00
-4.821728142699999858e-02 -4.917642914259999776e-01
-7.310746148600000272e-02 -6.733782779970000076e-01
-9.784330771400000237e-02 -5.190988334089999823e-01
-1.113947559699999951e-01 -4.130135722739999848e-01
5.097908129700000346e-02 -4.114698287269999977e-01
1.369223590699999993e-02 -5.545310388359999676e-01
-3.283252554800000084e-02 -4.640971733509999808e-01
-4.989255028000000314e-02 -3.681994213090000190e-01
-1.656064355240000063e-01 -8.611618948700000553e-02
-2.523434218169999799e-01 -2.040097411600000077e-01
-2.238252718119999873e-01 -3.631105480790000062e-01
-1.211058074829999970e-01 -4.454940534690000065e-01
-2.499159916650000035e-01 -4.859994817719999749e-01
-3.003398966729999842e-01 -6.850015083499999546e-01
-3.171020473250000249e-01 -8.068094322729999490e-01
-3.223655612249999858e-01 -9.157700409869999891e-01
-1.514557770499999900e-01 -5.159150614830000370e-01
-2.173709999279999916e-01 -7.310069983379999803e-01
-2.500754464689999845e-01 -8.592282014059999806e-01
-2.765795097650000089e-01 -1.000000000000000000e+00
-4.970664788899999825e-02 -4.897481460879999915e-01
-7.419118193800000594e-02 -6.748156814069999898e-01
-9.490947921900000361e-02 -5.248037982900000120e-01
-1.068387713199999978e-01 -4.198880090550000110e-01
5.087905177999999667e-02 -4.082609226000000202e-01
1.410908674199999949e-02 -5.524892688260000240e-01
-3.157859372499999956e-02 -4.642466678959999982e-01
-4.918514846400000307e-02 -3.684340457020000015e-01
-1.700183473069999951e-01 -8.135469898399999567e-02
-2.604443782649999983e-01 -1.945618195209999901e-01
-2.354094125990000008e-01 -3.527362088129999962e-01
-1.315163909519999896e-01 -4.357936065799999925e-01
-2.619908999219999757e-01 -4.826896015089999770e-01
-3.135097202950000161e-01 -6.812468210790000311e-01
-3.308588782340000090e-01 -8.033644514650000179e-01
-3.375151906430000071e-01 -9.131238874189999688e-01
-1.633218950970000138e-01 -5.150190556689999699e-01
-2.288390472730000014e-01 -7.310586482359999749e-01
-2.625949250410000158e-01 -8.597442630210000436e-01
-2.900094154710000094e-01 -1.000000000000000000e+00
-6.028729258800000212e-02 -4.896140676499999844e-01
-8.441072837499999371e-02 -6.736915115229999973e-01
-1.051494499859999959e-01 -5.245437570490000256e-01
-1.172750585230000059e-01 -4.193011441639999948e-01
4.289355434699999858e-02 -4.075053889649999928e-01
6.162715562000000390e-03 -5.501224504930000148e-01
-3.895628981700000049e-02 -4.615781698729999882e-01
-5.582248474200000171e-02 -3.650175854830000066e-01
-1.660243118120000028e-01 -8.404218091000000002e-02
-2.532345768939999742e-01 -2.000161310549999905e-01
-2.232811644150000108e-01 -3.567239327880000199e-01
-1.187319891640000041e-01 -4.372948230059999775e-01
-2.569538127439999764e-01 -4.846131974399999764e-01
-3.089950453799999996e-01 -6.810571638879999723e-01
-3.271332862970000033e-01 -8.042780276309999810e-01
-3.331023320689999734e-01 -9.146375111229999577e-01
-1.563652105280000093e-01 -5.151465033530000515e-01
-2.269006959029999937e-01 -7.284209754410000404e-01
-2.620925931020000044e-01 -8.584204785269999860e-01
-2.910289041340000105e-01 -1.000000000000000000e+00
-5.212883212899999813e-02 -4.888863918940000164e-01
-7.487429173199999788e-02 -6.695846420080000527e-01
-9.355543898000000247e-02 -5.146610805319999926e-01
-1.048430253499999937e-01 -4.058726863309999877e-01
5.148043214899999942e-02 -4.082639244049999783e-01
1.797655026499999850e-02 -5.480249962050000034e-01
-2.683807513099999847e-02 -4.563914830660000255e-01
-4.483509256700000251e-02 -3.597965522259999882e-01
-1.653521824159999987e-01 -8.101727720800000476e-02
-2.546770327519999877e-01 -1.973918957259999940e-01
-2.258945479239999887e-01 -3.536091103590000007e-01
-1.213321036449999946e-01 -4.360156056489999932e-01
-2.602278388820000177e-01 -4.821838774230000069e-01
-3.121715411639999771e-01 -6.787614733200000305e-01
-3.311597381190000133e-01 -8.020888317380000521e-01
-3.380839552139999760e-01 -9.123304347689999982e-01
-1.593058144260000031e-01 -5.141565417269999827e-01
-2.309741736500000031e-01 -7.288851406770000541e-01
-2.657855278149999778e-01 -8.587285601030000270e-01
-2.940149385420000039e-01 -1.000000000000000000e+00
-5.487280185199999716e-02 -4.898453127799999862e-01
-7.840983205000000289e-02 -6.711534963490000116e-01
-9.611951906799999501e-02 -5.192168897700000230e-01
-1.075056594290000056e-01 -4.126269931950000136e-01
4.900025381800000163e-02 -4.100385049120000014e-01
1.163660441799999924e-02 -5.484841747869999562e-01
-3.023417310199999833e-02 -4.563561276920000132e-01
-4.526411636000000210e-02 -3.594954823290000268e-01
-1.726872193400000033e-01 -7.917084243699999691e-02
-2.634089242809999898e-01 -1.950542260670000139e-01
-2.332492409470000028e-01 -3.514457157499999984e-01
-1.264214025410000108e-01 -4.314794748540000113e-01
-2.713696153560000157e-01 -4.819863503069999888e-01
-3.233249035410000194e-01 -6.768177120249999623e-01
-3.418566467790000174e-01 -8.017940051599999896e-01
-3.482953417149999842e-01 -9.139370555319999978e-01
-1.696552658490000087e-01 -5.156639723570000111e-01
-2.419697849380000043e-01 -7.279137245419999847e-01
-2.769823908679999724e-01 -8.587154539339999504e-01
-3.043751501729999864e-01 -1.000000000000000000e+00
-6.342073403600000103e-02 -4.918915695350000172e-01
-8.473989660300000615e-02 -6.712418750309999682e-01
-1.035873496559999996e-01 -5.169209977590000227e-01
-1.158452999599999950e-01 -4.080480632960000187e-01
4.205773267199999776e-02 -4.132922464259999873e-01
5.383568778000000395e-03 -5.469508677479999470e-01
-3.765373933099999681e-02 -4.529558463439999905e-01
-5.427166800100000077e-02 -3.560147872700000216e-01
-1.678048166649999950e-01 -8.162662771100000214e-02
-2.588568758770000144e-01 -1.979767986479999964e-01
-2.236563390519999972e-01 -3.534989114279999955e-01
-1.144535931039999954e-01 -4.342144374410000229e-01
-2.662688554300000066e-01 -4.862627134549999952e-01
-3.211909644559999832e-01 -6.833466627109999747e-01
-3.400726337910000008e-01 -8.096284030810000365e-01
-3.451160279059999891e-01 -9.221395353189999478e-01
-1.630999360500000051e-01 -5.172308224470000271e-01
-2.376459748579999864e-01 -7.294862665869999985e-01
-2.726713489029999882e-01 -8.600863690219999746e-01
-2.984494814379999861e-01 -1.000000000000000000e+00
-5.618018261100000271e-02 -4.915869556560000242e-01
-7.833272455199999373e-02 -6.682364243470000353e-01
-9.302081527100000691e-02 -5.076989339990000127e-01
-1.006217284500000031e-01 -3.983252396229999825e-01
5.051330159100000244e-02 -4.118542940659999929e-01
1.196935779099999979e-02 -5.438184670160000067e-01
-2.829451713300000157e-02 -4.447855498719999745e-01
-4.156332040300000225e-02 -3.468588115119999871e-01
-1.678768884119999916e-01 -8.298044966400000555e-02
-2.559523874729999759e-01 -2.018261047990000112e-01
-2.242752971820000107e-01 -3.572247900630000084e-01
-1.200767114219999931e-01 -4.393868431819999976e-01
-2.616519817840000095e-01 -4.826049108959999945e-01
-3.175278693210000225e-01 -6.804262269499999904e-01
-3.386909724339999817e-01 -8.054317203890000165e-01
-3.473342471320000069e-01 -9.162964975580000226e-01
-1.599363066249999965e-01 -5.125089401210000117e-01
-2.322595781959999883e-01 -7.267380596939999604e-01
-2.697637967709999862e-01 -8.582145293470000436e-01
-3.002388078020000184e-01 -1.000000000000000000e+00
-5.457490080300000240e-02 -4.867830360129999923e-01
-8.138332472300000009e-02 -6.691446406569999672e-01
-9.886453431099999356e-02 -5.141247891300000372e-01
-1.078457769580000031e-01 -4.052770847170000246e-01
5.064775413199999743e-02 -4.070194745340000031e-01
9.344740759000000688e-03 -5.467956278750000232e-01
-3.497468767600000333e-02 -4.538702449320000110e-01
-5.013072451299999815e-02 -3.567550817990000067e-01
-1.720088074549999957e-01 -7.779884095099999508e-02
-2.649226749399999914e-01 -1.953097100829999933e-01
-2.288566143569999989e-01 -3.478683712969999897e-01
-1.189544409089999949e-01 -4.294543268530000013e-01
-2.704094655459999830e-01 -4.816661566159999852e-01
-3.226178368370000160e-01 -6.775634520829999508e-01
-3.399147448429999940e-01 -8.035041673249999628e-01
-3.450276658479999869e-01 -9.158993811910000060e-01
-1.653704937490000082e-01 -5.153000547410000465e-01
-2.382565025099999956e-01 -7.294933721059999598e-01
-2.738656310640000258e-01 -8.608992255599999810e-01
-3.008775914919999961e-01 -1.000000000000000000e+00
-5.668463800600000158e-02 -4.921464770730000216e-01
-7.832432165100000621e-02 -6.693391189709999578e-01
-9.733503513800000062e-02 -5.149985469990000508e-01
-1.095646030149999978e-01 -4.043263168640000016e-01
5.232746684999999703e-02 -4.138380880370000070e-01
1.435395595999999947e-02 -5.435250813209999698e-01
-2.912618001499999928e-02 -4.485622913669999878e-01
-4.698673014199999942e-02 -3.509048203019999868e-01
-1.715219415939999992e-01 -7.932517605399999616e-02
-2.640790273920000097e-01 -1.964481389930000099e-01
-2.295495797650000114e-01 -3.502880165339999907e-01
-1.205103273489999960e-01 -4.313581278799999974e-01
-2.701119360029999861e-01 -4.807715307759999890e-01
-3.249296413119999727e-01 -6.776477178480000418e-01
-3.446418585500000131e-01 -8.033658897359999829e-01
-3.519239560540000089e-01 -9.157108998499999819e-01
-1.657928052319999901e-01 -5.124171774089999465e-01
-2.383752579890000001e-01 -7.263134303960000482e-01
-2.752165959119999838e-01 -8.584244476779999689e-01
-3.042060495009999976e-01 -1.000000000000000000e+00
-5.782292080800000011e-02 -4.881397629629999901e-01
-8.356450687600000538e-02 -6.679950876679999761e-01
-1.010605259129999933e-01 -5.128513316099999608e-01
-1.103904460120000014e-01 -4.024433341820000121e-01
5.036542713099999985e-02 -4.102415613270000150e-01
1.022377392500000044e-02 -5.450868828310000413e-01
-3.354715826000000123e-02 -4.511735592480000112e-01
-4.959163089500000232e-02 -3.540725739280000117e-01
-1.666447464140000112e-01 -7.844982679199999365e-02
-2.558912498979999950e-01 -2.014132231759999947e-01
-2.163733801570000004e-01 -3.541851042020000007e-01
-1.095101409589999963e-01 -4.361392006779999941e-01
-2.625815963209999770e-01 -4.805765310289999981e-01
-3.173054887149999725e-01 -6.748255597179999565e-01
-3.372868762810000143e-01 -8.003768548070000488e-01
-3.451847558169999775e-01 -9.122687073249999834e-01
-1.575736296580000084e-01 -5.141558579820000308e-01
-2.308710131889999961e-01 -7.292991156200000491e-01
-2.703074081230000258e-01 -8.619161736299999488e-01
-3.011196506220000235e-01 -1.000000000000000000e+00
-5.041708115500000142e-02 -4.909732164219999806e-01
-7.731570924399999711e-02 -6.676509529270000520e-01
-9.563548136100000208e-02 -5.138809025680000087e-01
-1.049984955839999984e-01 -4.039716232950000263e-01
5.728217191999999958e-02 -4.134000526700000178e-01
1.537356074000000017e-02 -5.453599442990000323e-01
-2.728011843099999861e-02 -4.513966671719999990e-01
-4.246349285199999685e-02 -3.553306341049999872e-01
-1.677423214210000124e-01 -7.746089949499999905e-02
-2.577414270569999832e-01 -1.986132138220000065e-01
-2.190715030529999940e-01 -3.514485943089999953e-01
-1.146695045270000046e-01 -4.369557726280000054e-01
-2.707564314299999997e-01 -4.831589323280000015e-01
-3.248757939870000055e-01 -6.785716600629999595e-01
-3.443931269039999798e-01 -8.036751972250000264e-01
-3.507126142009999725e-01 -9.152926345480000281e-01
-1.644818681080000011e-01 -5.171681095179999632e-01
-2.381568367820000032e-01 -7.318582718720000324e-01
-2.741836171450000026e-01 -8.618649233840000035e-01
-3.011885636330000060e-01 -1.000000000000000000e+00
-5.580979160400000028e-02 -4.938045258059999831e-01
-8.026689530599999400e-02 -6.671129815590000067e-01
-9.709816686199999880e-02 -5.136272212400000425e-01
-1.056754201909999996e-01 -4.051232293409999796e-01
5.383869242599999966e-02 -4.141517360399999959e-01
1.313358662100000060e-02 -5.440888961199999985e-01
-2.816760516099999986e-02 -4.504536013520000215e-01
-4.228459548499999970e-02 -3.549796056319999837e-01
-1.692933620310000109e-01 -8.204813291199999914e-02
-2.583689739899999727e-01 -2.033671078550000066e-01
-2.232106856440000120e-01 -3.546201577199999955e-01
-1.174410962130000013e-01 -4.369096280070000060e-01
-2.641561034079999981e-01 -4.807534319680000223e-01
-3.204372417260000216e-01 -6.727747026179999867e-01
-3.423515754320000104e-01 -7.959294370889999914e-01
-3.524654786959999786e-01 -9.065248097320000031e-01
-1.603771747559999961e-01 -5.135000121630000081e-01
-2.366296748979999920e-01 -7.287333272410000395e-01
-2.775005203190000214e-01 -8.594085744020000250e-01
-3.111599396320000044e-01 -1.000000000000000000e+00
-5.376110741100000034e-02 -4.898469331060000265e-01
-8.452845229300000318e-02 -6.686438272789999582e-01
-1.038284292590000019e-01 -5.156638958450000532e-01
-1.138761758680000014e-01 -4.068565061700000207e-01
5.367353166199999998e-02 -4.114932870649999908e-01
9.838523263000000310e-03 -5.497740804270000448e-01
-3.368168582000000133e-02 -4.579676947169999957e-01
-4.847576336799999663e-02 -3.619708225480000041e-01
-1.350917579139999936e-01 -1.068563465899999981e-02
-2.375662059570000095e-01 -1.249778528260000049e-01
-1.959510541439999920e-01 -2.657454637830000133e-01
-1.050800897089999991e-01 -3.657311929589999733e-01
-2.715302698800000081e-01 -4.381891245360000076e-01
-3.334500070770000102e-01 -6.422404945230000273e-01
-3.595275435629999849e-01 -7.807916198130000485e-01
-3.685051290699999926e-01 -9.016428383750000330e-01
-1.546214184399999914e-01 -4.786737348339999976e-01
-2.312462647009999872e-01 -7.081687145180000087e-01
-2.764331240860000150e-01 -8.542049245549999670e-01
-3.085740424580000196e-01 -1.000000000000000000e+00
-4.013875657899999838e-02 -4.629996376259999935e-01
-6.145098337100000224e-02 -6.112158717469999836e-01
-8.389385130000000246e-02 -4.377471025620000011e-01
-9.967686835500000342e-02 -3.162180572000000134e-01
7.533155591399999518e-02 -3.951179335450000218e-01
2.013516189200000028e-02 -4.901372165919999913e-01
-2.651607169599999939e-02 -3.795761341009999956e-01
-4.746560868300000319e-02 -2.771394095170000016e-01
-1.646020950529999971e-01 -8.126625930599999659e-02
-2.541175941869999733e-01 -1.989953866580000119e-01
-2.200761871910000000e-01 -3.515251956589999782e-01
-1.141894448330000034e-01 -4.343471829900000247e-01
-2.593153775300000019e-01 -4.845760991320000044e-01
-3.125794078629999806e-01 -6.786146053710000459e-01
-3.316603201660000000e-01 -8.027781607999999736e-01
-3.387191989710000017e-01 -9.132703075250000468e-01
-1.559970017729999936e-01 -5.171321375149999788e-01
-2.293211980129999938e-01 -7.315795717240000107e-01
-2.661370012440000266e-01 -8.613788985670000065e-01
-2.957139853410000185e-01 -1.000000000000000000e+00
-4.955059420999999992e-02 -4.930537225189999817e-01
-7.417878148600000332e-02 -6.709953026120000219e-01
-9.198552014399999366e-02 -5.183096581639999867e-01
-1.030329108999999965e-01 -4.086430891139999910e-01
5.807321727099999664e-02 -4.134923730369999828e-01
1.920750671600000153e-02 -5.460592235979999653e-01
-2.312633045599999868e-02 -4.529752970179999894e-01
-3.923277015200000301e-02 -3.559665058850000063e-01
-1.701761767370000011e-01 -8.049562800300000265e-02
-2.618134297570000046e-01 -1.971050810939999898e-01
-2.254511803889999999e-01 -3.498053858219999923e-01
-1.156475315130000014e-01 -4.316977292370000052e-01
-2.651768251569999735e-01 -4.852513964510000166e-01
-3.174558325869999975e-01 -6.806273952679999795e-01
-3.354325140939999894e-01 -8.041052941040000013e-01
-3.415314225759999989e-01 -9.151641941600000552e-01
-1.606450992020000135e-01 -5.173158206979999729e-01
-2.341504018739999915e-01 -7.313026915029999797e-01
-2.704858342120000092e-01 -8.603706207410000140e-01
-2.988664083550000017e-01 -1.000000000000000000e+00
-5.312265827800000118e-02 -4.924372455100000101e-01
-7.826764334600000428e-02 -6.697257445249999996e-01
-9.546956501799999661e-02 -5.136824945819999932e-01
-1.053561882499999963e-01 -4.043715572830000049e-01
5.484933464999999786e-02 -4.119197883269999916e-01
1.367398589699999993e-02 -5.452463440529999872e-01
-2.740753259300000161e-02 -4.496397305150000023e-01
-4.162771742500000205e-02 -3.517675474040000139e-01
-1.685294057839999970e-01 -8.418846611499999910e-02
-2.559207555390000111e-01 -2.038958753529999945e-01
-2.155380351819999873e-01 -3.567065078650000221e-01
-1.050352630309999979e-01 -4.372127200620000154e-01
-2.568680517759999726e-01 -4.849114126010000136e-01
-3.097200334960000245e-01 -6.822618412840000257e-01
-3.275517509940000238e-01 -8.071420390629999719e-01
-3.339853954629999899e-01 -9.184358924859999940e-01
-1.524659237310000137e-01 -5.142395069009999542e-01
-2.225443651529999955e-01 -7.292572363529999935e-01
-2.584069313139999990e-01 -8.593823659049999453e-01
-2.874052531360000162e-01 -1.000000000000000000e+00
-4.593532826599999730e-02 -4.877664182629999901e-01
-7.136308099400000271e-02 -6.666369994680000355e-01
-9.160720242099999744e-02 -5.111108939620000458e-01
-1.028396556010000018e-01 -4.019299700939999997e-01
6.008212150500000237e-02 -4.066570023789999877e-01
2.110948807199999888e-02 -5.432042880630000292e-01
-2.331249029300000095e-02 -4.498237442699999922e-01
-3.957240382499999792e-02 -3.530162429229999899e-01
-1.683476862559999954e-01 -7.928610017699999624e-02
-2.568245557050000127e-01 -1.996364379299999936e-01
-2.166433903960000018e-01 -3.519905265420000262e-01
-1.064798511399999981e-01 -4.324653402579999861e-01
-2.593821097410000109e-01 -4.844889498020000240e-01
-3.092894200269999949e-01 -6.783898160329999705e-01
-3.246632352209999905e-01 -8.008615174490000266e-01
-3.279732828069999995e-01 -9.111721613759999894e-01
-1.552384004139999996e-01 -5.171181990759999847e-01
-2.241278106500000089e-01 -7.333378083720000218e-01
-2.582700730679999834e-01 -8.621134054389999468e-01
-2.840026395909999724e-01 -1.000000000000000000e+00
-4.904843461999999765e-02 -4.914927550800000100e-01
-6.936516812300000390e-02 -6.643957994050000426e-01
-8.868394733399999341e-02 -5.108241212620000526e-01
-1.000184406530000014e-01 -4.049605578380000015e-01
5.743997566000000332e-02 -4.094190110379999914e-01
2.260217203400000097e-02 -5.436864220060000363e-01
-1.933601595700000161e-02 -4.515808917160000213e-01
-3.520199652500000109e-02 -3.576379598289999850e-01
-1.720020954629999932e-01 -8.172601155299999420e-02
-2.613995562679999884e-01 -2.029300738089999945e-01
-2.219646727650000095e-01 -3.577102070179999926e-01
-1.102235133810000045e-01 -4.355233121789999773e-01
-2.586039831460000271e-01 -4.826877055589999799e-01
-3.117531601619999981e-01 -6.757962178859999725e-01
-3.292815353640000109e-01 -7.973498899569999576e-01
-3.356242952419999925e-01 -9.075229080990000474e-01
-1.559015310190000059e-01 -5.157025139109999712e-01
-2.272236540829999929e-01 -7.313318438420000067e-01
-2.641991642620000191e-01 -8.603184626780000510e-01
-2.934390529209999765e-01 -1.000000000000000000e+00
-5.132808488400000119e-02 -4.907736785999999851e-01
-7.713833210999999912e-02 -6.702186596670000052e-01
-9.692605777599999639e-02 -5.149141117359999908e-01
-1.072426328159999942e-01 -4.073581829549999811e-01
5.239649532800000342e-02 -4.098591213960000035e-01
1.351967026200000081e-02 -5.511608527789999545e-01
-3.000265752700000121e-02 -4.581546734170000024e-01
-4.552303107300000040e-02 -3.615760300110000269e-01
-1.719398018820000040e-01 -8.402688848299999513e-02
-2.593017015310000173e-01 -2.067471208049999898e-01
-2.184258503840000032e-01 -3.639938080149999755e-01
-1.066512499480000015e-01 -4.409128155559999818e-01
-2.543235301010000060e-01 -4.861064490170000085e-01
-3.056860830259999773e-01 -6.849305075799999587e-01
-3.218595300359999856e-01 -8.080748484649999952e-01
-3.267421059069999800e-01 -9.186304418430000229e-01
-1.506913974040000048e-01 -5.177313763330000373e-01
-2.189307330270000018e-01 -7.333637054589999815e-01
-2.532595384429999763e-01 -8.617535103350000281e-01
-2.796937936180000084e-01 -1.000000000000000000e+00
-4.691962138300000140e-02 -4.915197707139999928e-01
-7.023594945099999320e-02 -6.742747576159999756e-01
-9.097030458799999775e-02 -5.227810360969999959e-01
-1.019863533770000025e-01 -4.163647869359999865e-01
5.513851794900000158e-02 -4.091476199140000047e-01
1.942780314399999986e-02 -5.518209547579999708e-01
-2.513567939799999859e-02 -4.608254715139999957e-01
-4.207579564100000225e-02 -3.646715781409999857e-01
-1.750944944410000037e-01 -8.388397333899999531e-02
-2.633809617130000169e-01 -2.089819936310000070e-01
-2.202440055840000077e-01 -3.660699697700000033e-01
-1.069799520100000040e-01 -4.401802490110000021e-01
-2.515524262669999733e-01 -4.876536285390000169e-01
-2.999685195089999978e-01 -6.828607216140000213e-01
-3.141818013400000109e-01 -8.065293175459999908e-01
-3.175675730120000040e-01 -9.176073138110000249e-01
-1.474440058940000020e-01 -5.185278160080000198e-01
-2.123526054869999957e-01 -7.326738753979999963e-01
-2.462500122730000018e-01 -8.622698845220000408e-01
-2.717248285809999997e-01 -1.000000000000000000e+00
-4.302970342000000253e-02 -4.929131295129999812e-01
-6.596160991600000245e-02 -6.744225833739999620e-01
-9.122287575500000190e-02 -5.194166347880000423e-01
-1.042936804790000060e-01 -4.088388229020000209e-01
5.817012135900000158e-02 -4.141254503960000166e-01
2.216573897800000123e-02 -5.510305794659999812e-01
-2.543261949999999980e-02 -4.583581508160000095e-01
-4.511262623699999891e-02 -3.623694827189999912e-01
