-1.560465648690000096e-01 -1.228996087060000020e-01
-2.249747801139999892e-01 -2.918019960450000116e-01
-1.645821337389999917e-01 -4.600398271260000005e-01
-5.396995813399999703e-02 -5.295747071199999878e-01
-1.716351696189999942e-01 -5.045442841739999906e-01
-1.976563666829999899e-01 -6.962892578789999787e-01
-1.991626623049999878e-01 -8.166124153049999501e-01
-1.913124353489999985e-01 -9.203327501920000042e-01
-6.804966241000000304e-02 -5.117582361239999544e-01
-9.918678908299999319e-02 -7.319684492870000003e-01
-1.148691153499999951e-01 -8.653245325480000139e-01
-1.214583280669999932e-01 -1.000000000000000000e+00
3.203643858599999894e-02 -4.734528753139999879e-01
2.539892978299999882e-02 -6.500989298920000214e-01
-2.130226818599999933e-02 -5.019312719330000228e-01
-4.110278595099999682e-02 -3.910538001109999939e-01
1.240120666319999981e-01 -4.015498657609999911e-01
1.006476858530000046e-01 -5.356212600269999458e-01
3.527541274499999824e-02 -4.489347045170000161e-01
3.441514702999999911e-03 -3.583743617480000254e-01
-1.552845723519999943e-01 -1.240853646019999951e-01
-2.246355375719999992e-01 -2.896821613380000104e-01
-1.701383111939999970e-01 -4.570082294689999935e-01
-6.198626327600000041e-02 -5.238222722580000434e-01
-1.681080155580000068e-01 -5.016276145460000224e-01
-1.951738884600000001e-01 -6.942091744360000538e-01
-1.972954753130000127e-01 -8.141485497010000350e-01
-1.905621823679999882e-01 -9.174456806730000302e-01
-6.649815412800000325e-02 -5.088692443519999831e-01
-9.606861605800000314e-02 -7.304735188640000265e-01
-1.129909560129999935e-01 -8.656955569959999819e-01
-1.205711262769999931e-01 -1.000000000000000000e+00
3.215308258599999802e-02 -4.702423253029999750e-01
2.470348244200000140e-02 -6.474078766380000349e-01
-2.379896274199999953e-02 -5.026506549760000331e-01
-4.394298818700000109e-02 -3.930704125219999789e-01
1.232087321340000069e-01 -3.976988772600000277e-01
9.863171565299999610e-02 -5.328708367650000222e-01
3.265736790599999689e-02 -4.491262720129999830e-01
1.515144817999999937e-03 -3.597860028620000206e-01
-1.552567667310000010e-01 -1.256468294009999986e-01
-2.233525122230000104e-01 -2.885631968269999903e-01
-1.689326836479999872e-01 -4.533634187080000100e-01
-5.887314624000000024e-02 -5.136431511600000333e-01
-1.662676307569999901e-01 -5.037215229270000094e-01
-1.936483455459999947e-01 -6.967408705769999600e-01
-1.951364995279999959e-01 -8.165784293329999555e-01
-1.884121028680000032e-01 -9.208006130300000480e-01
-6.503841912600000219e-02 -5.106029597800000319e-01
-9.326379720300000120e-02 -7.313137671670000284e-01
-1.086574507640000048e-01 -8.651828003549999480e-01
-1.148753319840000037e-01 -1.000000000000000000e+00
3.288685312999999749e-02 -4.711886969360000177e-01
2.668649930200000034e-02 -6.483285029669999533e-01
-2.263202134499999948e-02 -5.014374161089999449e-01
-4.292288028999999977e-02 -3.921210400819999942e-01
1.224315472320000042e-01 -3.970979035330000073e-01
9.801157503700000384e-02 -5.321920228759999816e-01
3.187403152999999933e-02 -4.460029347130000099e-01
1.735813402000000024e-03 -3.558064571069999849e-01
-1.527105947369999939e-01 -1.209254584050000053e-01
-2.259865109950000006e-01 -2.783363310620000086e-01
-1.720151642049999874e-01 -4.369445891709999863e-01
-6.168919562800000145e-02 -4.958212767369999940e-01
-1.689489587709999963e-01 -5.054309111270000043e-01
-1.970328850949999988e-01 -6.993310956210000429e-01
-1.992103360920000066e-01 -8.175981252539999966e-01
-1.927508430140000006e-01 -9.201367052459999973e-01
-6.659611118600000657e-02 -5.129919904230000327e-01
-9.467967006100000416e-02 -7.347929409769999864e-01
-1.102495916520000035e-01 -8.656451554859999620e-01
-1.168285056950000012e-01 -1.000000000000000000e+00
3.137784522699999662e-02 -4.738103132629999936e-01
2.286906215699999884e-02 -6.431475607690000373e-01
-2.464066559900000147e-02 -4.918984949099999837e-01
-4.503228079899999903e-02 -3.868569958620000082e-01
1.191612564380000044e-01 -3.961617524680000058e-01
9.138134176800000175e-02 -5.280765904649999953e-01
2.638725625600000027e-02 -4.359951531360000132e-01
-3.686118346999999861e-03 -3.446466193250000143e-01
-1.551358534800000022e-01 -1.232651910299999987e-01
-2.292210462050000008e-01 -2.867581373559999758e-01
-1.683421164810000037e-01 -4.490595417500000130e-01
-5.525328263800000084e-02 -5.118536826130000161e-01
-1.721774523340000029e-01 -5.040572656559999531e-01
-1.965098982650000103e-01 -7.008746321950000135e-01
-1.971055503530000086e-01 -8.211053736760000055e-01
-1.886580582949999862e-01 -9.257069445619999781e-01
-6.803549883600000514e-02 -5.123241970430000292e-01
-9.660487291399999510e-02 -7.361412617929999902e-01
-1.147440481809999940e-01 -8.683190438119999799e-01
-1.215086672290000003e-01 -1.000000000000000000e+00
3.176280155300000019e-02 -4.750917411999999729e-01
2.194788271399999990e-02 -6.411237377659999570e-01
-2.534271392900000128e-02 -4.921136329199999881e-01
-4.276659419900000203e-02 -3.856090423729999772e-01
1.243053367340000021e-01 -4.027900705210000210e-01
9.672850480000000362e-02 -5.337541995219999835e-01
3.266700501599999890e-02 -4.453907655220000206e-01
3.877154073999999982e-03 -3.555607086450000009e-01
-1.532838397100000083e-01 -1.160189406889999969e-01
-2.320354671450000072e-01 -2.788648655509999852e-01
-1.753581490699999967e-01 -4.411485660710000034e-01
-6.422948834599999379e-02 -5.090678771679999493e-01
-1.789324866120000079e-01 -5.031248061240000125e-01
-2.045431955739999974e-01 -6.997926558970000155e-01
-2.047519338300000102e-01 -8.202012681960000329e-01
-1.956175392510000055e-01 -9.244029918070000296e-01
-7.456086470499999341e-02 -5.128995825059999847e-01
-1.044432264510000014e-01 -7.379097391960000030e-01
-1.214010608320000018e-01 -8.680812689560000184e-01
-1.285695273159999930e-01 -1.000000000000000000e+00
2.495931719800000004e-02 -4.772606558090000117e-01
1.320617013599999917e-02 -6.449388129349999943e-01
-2.930902132200000065e-02 -4.929286002539999823e-01
-4.440712730799999813e-02 -3.876419842300000140e-01
1.171085819769999981e-01 -4.043476241699999751e-01
8.723317109799999525e-02 -5.351781996079999493e-01
2.634628050400000115e-02 -4.432997268189999840e-01
-5.218721700000000189e-04 -3.528709077909999992e-01
-1.622024074810000105e-01 -1.198489610509999997e-01
-2.393501255390000082e-01 -2.860134868940000241e-01
-1.804064645139999978e-01 -4.520867071049999852e-01
-6.679313473700000670e-02 -5.208156764939999572e-01
-1.862482582730000114e-01 -5.013479024039999565e-01
-2.113069029359999906e-01 -6.969888494699999493e-01
-2.115732980249999950e-01 -8.194087024789999951e-01
-2.027445707409999964e-01 -9.269383495059999589e-01
-8.063491864600000336e-02 -5.120686451320000110e-01
-1.136797947089999983e-01 -7.355467681580000194e-01
-1.333443671010000053e-01 -8.683472363619999523e-01
-1.419030053120000079e-01 -1.000000000000000000e+00
2.106140669100000154e-02 -4.768644216560000149e-01
1.124788485999999969e-02 -6.469617147530000167e-01
-3.385008412900000069e-02 -4.961586588329999770e-01
-5.060687595900000002e-02 -3.874334862159999893e-01
1.156944611079999963e-01 -4.066377829289999912e-01
8.690039623600000207e-02 -5.366985200460000494e-01
2.458142484199999853e-02 -4.455351867169999869e-01
-3.698400071999999837e-03 -3.548167374710000099e-01
-1.587637533550000091e-01 -1.178485488160000011e-01
-2.354533595859999995e-01 -2.865968705090000124e-01
-1.763692674719999909e-01 -4.532741408779999981e-01
-6.479147760900000330e-02 -5.265209538899999764e-01
-1.864657028560000041e-01 -5.003143803599999773e-01
-2.136007487899999890e-01 -6.948807629150000054e-01
-2.136320384010000073e-01 -8.161803953580000215e-01
-2.049811295570000136e-01 -9.214033454690000458e-01
-8.122018143499999676e-02 -5.111917723409999947e-01
-1.134678428240000064e-01 -7.350910018220000453e-01
-1.298313465900000074e-01 -8.675033000509999592e-01
-1.380083649159999926e-01 -1.000000000000000000e+00
2.000681792599999856e-02 -4.756768604739999851e-01
9.319971652999999370e-03 -6.446769030760000074e-01
-3.193824190300000032e-02 -4.934650042950000093e-01
-4.776736190300000240e-02 -3.855472163840000244e-01
1.151574818150000040e-01 -4.030957941070000272e-01
8.730716072399999361e-02 -5.355390209129999857e-01
2.529722255499999850e-02 -4.452854218250000273e-01
-4.488534804999999572e-03 -3.547333679870000034e-01
-1.591694613190000052e-01 -1.157833571469999989e-01
-2.400882323109999883e-01 -2.814017209870000036e-01
-1.876572762489999990e-01 -4.476135396479999917e-01
-7.664637876799999805e-02 -5.188310934300000010e-01
-1.890623220840000063e-01 -4.997310958100000255e-01
-2.193228889570000006e-01 -6.949927691789999917e-01
-2.209940512989999883e-01 -8.161634175149999892e-01
-2.133209538760000024e-01 -9.218085881440000184e-01
-8.574612656800000010e-02 -5.113977903540000147e-01
-1.216210869780000037e-01 -7.351954734029999550e-01
-1.405938429520000033e-01 -8.670673666110000344e-01
-1.498352264920000121e-01 -1.000000000000000000e+00
1.455390317400000015e-02 -4.774827319120000246e-01
7.443113579999999750e-04 -6.465711177599999804e-01
-3.983065576400000168e-02 -4.953004489669999844e-01
-5.427683107299999948e-02 -3.889730465369999890e-01
1.089432408440000055e-01 -4.073948330509999938e-01
7.842044413800000613e-02 -5.393360028610000301e-01
1.896653729699999957e-02 -4.485887998190000170e-01
-7.290327105000000106e-03 -3.585926629039999924e-01
-1.623509232049999973e-01 -1.159242836850000041e-01
-2.436138744880000095e-01 -2.823351363809999959e-01
-1.908177605659999998e-01 -4.495665171059999854e-01
-7.902883499500000519e-02 -5.165929068490000553e-01
-1.909941367540000101e-01 -4.991318254189999748e-01
-2.227231545929999890e-01 -6.939980453830000284e-01
-2.248037811549999931e-01 -8.153161605619999586e-01
-2.170268430400000004e-01 -9.208922174539999617e-01
-8.752814722599999708e-02 -5.110528518119999974e-01
-1.255078017790000056e-01 -7.346155124680000537e-01
-1.454422865939999920e-01 -8.677710056320000476e-01
-1.547129693110000093e-01 -1.000000000000000000e+00
1.392963581299999989e-02 -4.767578908430000206e-01
-5.644790150000000492e-04 -6.459741483709999788e-01
-4.163259719899999739e-02 -4.943697489319999749e-01
-5.599919789900000000e-02 -3.864707966929999960e-01
1.082626106050000037e-01 -4.070113161069999763e-01
7.676828645500000103e-02 -5.367989132149999509e-01
1.703499567099999931e-02 -4.448374809339999958e-01
-8.950702035999999473e-03 -3.544094416329999775e-01
-1.621720136910000110e-01 -1.148519304970000016e-01
-2.445987693960000042e-01 -2.795914813540000265e-01
-1.937252257650000087e-01 -4.469293651549999802e-01
-8.293895795800000637e-02 -5.183416150909999631e-01
-1.952556841570000090e-01 -4.999494175329999845e-01
-2.270594152859999881e-01 -6.943950541229999551e-01
-2.294716252450000049e-01 -8.157383674989999722e-01
-2.225641488220000130e-01 -9.217659328199999669e-01
-9.055775748500000111e-02 -5.125369888080000269e-01
-1.303942782960000046e-01 -7.365518290279999825e-01
-1.511058130869999960e-01 -8.682758942889999831e-01
-1.619346543019999918e-01 -1.000000000000000000e+00
1.164285286199999957e-02 -4.789500689769999875e-01
-5.129087763000000043e-03 -6.514720792270000116e-01
-4.497768957900000197e-02 -4.970319357190000065e-01
-5.878617045799999774e-02 -3.879132780690000004e-01
1.069713129390000017e-01 -4.090959450900000238e-01
7.084436180099999703e-02 -5.399925289229999814e-01
1.242431590799999985e-02 -4.443482638240000004e-01
-1.180090368899999916e-02 -3.514329036009999907e-01
-1.673071813960000098e-01 -1.094472637379999974e-01
-2.558465429830000248e-01 -2.692066711589999883e-01
-2.141100938939999865e-01 -4.393573786869999775e-01
-1.098448435430000036e-01 -5.134500457789999972e-01
-2.095939195150000045e-01 -4.941160131169999858e-01
-2.469782628730000096e-01 -6.881579984290000507e-01
-2.537314398509999958e-01 -8.102075105370000196e-01
-2.517350212580000135e-01 -9.167996743920000524e-01
-1.060610840380000058e-01 -5.102009560960000245e-01
-1.476009400939999883e-01 -7.348062459519999479e-01
-1.706349029339999934e-01 -8.669168445629999997e-01
-1.853545718640000062e-01 -1.000000000000000000e+00
-2.965720301999999909e-03 -4.791486605410000266e-01
-2.449322003900000072e-02 -6.514067553660000121e-01
-6.046864665999999999e-02 -4.982413322550000023e-01
-7.278322567900000206e-02 -3.891618566269999802e-01
9.289323552900000114e-02 -4.108693121290000194e-01
5.356916352800000086e-02 -5.384976538839999494e-01
-5.598427331000000416e-03 -4.452072672069999903e-01
-3.099399813900000078e-02 -3.534410793359999969e-01
-1.701325527460000042e-01 -1.101340132869999960e-01
-2.588169586990000104e-01 -2.714636114060000049e-01
-2.179018800449999960e-01 -4.434467603619999809e-01
-1.128443566239999973e-01 -5.200559989549999873e-01
-2.162927931410000004e-01 -4.941818360299999879e-01
-2.553994232380000229e-01 -6.862408930190000422e-01
-2.610658448200000037e-01 -8.076942735969999676e-01
-2.572885915940000268e-01 -9.161565337860000380e-01
-1.127435381359999933e-01 -5.140152596179999867e-01
-1.609118054389999941e-01 -7.375956285839999627e-01
-1.886985942190000098e-01 -8.674174854039999882e-01
-2.069113646759999925e-01 -1.000000000000000000e+00
-8.794503425999999555e-03 -4.865878635559999776e-01
-3.432902018700000057e-02 -6.596350511590000076e-01
-7.118871443999999493e-02 -5.026184907070000429e-01
-8.182503783000000253e-02 -3.932880728209999788e-01
8.897280317000000327e-02 -4.223761297790000202e-01
4.575398685399999915e-02 -5.507436893910000464e-01
-1.230275385599999965e-02 -4.547718565919999789e-01
-3.477503771099999669e-02 -3.631520670010000007e-01
-1.723556298289999900e-01 -1.097412487420000027e-01
-2.606775818689999746e-01 -2.695201382669999979e-01
-2.229858081520000035e-01 -4.448348717369999816e-01
-1.233408310800000046e-01 -5.248377846009999459e-01
-2.191804046149999907e-01 -4.911297757399999964e-01
-2.621034406600000199e-01 -6.804291065469999511e-01
-2.710892237229999835e-01 -8.011342411540000041e-01
-2.693049588679999884e-01 -9.074443220250000275e-01
-1.173217813630000050e-01 -5.116187914909999801e-01
-1.699076078039999937e-01 -7.337514574500000331e-01
-1.989200356430000094e-01 -8.659478235709999749e-01
-2.172706433340000076e-01 -1.000000000000000000e+00
-1.270994789200000086e-02 -4.846181077500000267e-01
-4.030721481700000330e-02 -6.612592287530000279e-01
-7.599191457600000532e-02 -5.066853320199999899e-01
-8.590151642099999596e-02 -3.953252282520000049e-01
8.660268901199999481e-02 -4.212997302670000166e-01
4.160347723399999975e-02 -5.499594430959999780e-01
-1.666558330300000126e-02 -4.554930535200000241e-01
-3.872392887799999683e-02 -3.629812802879999745e-01
-1.734430006759999920e-01 -1.088331896059999970e-01
-2.642123930699999956e-01 -2.714657809500000130e-01
-2.269643423659999937e-01 -4.494009316390000230e-01
-1.266878871969999987e-01 -5.296554202569999648e-01
-2.219324222890000087e-01 -4.894008264729999835e-01
-2.699427360080000060e-01 -6.807839173549999900e-01
-2.821897569610000156e-01 -8.010835714909999572e-01
-2.828285309710000250e-01 -9.069753990390000409e-01
-1.201435483280000049e-01 -5.111542529139999624e-01
-1.762289142129999930e-01 -7.343699471010000090e-01
-2.080908763659999883e-01 -8.669815430349999685e-01
-2.276249711889999916e-01 -1.000000000000000000e+00
-1.502567694100000011e-02 -4.854104333889999734e-01
-4.606304439799999845e-02 -6.582037052620000050e-01
-8.297700128700000177e-02 -5.049483897769999619e-01
-9.314233760399999451e-02 -3.940662703660000044e-01
8.467389880200000551e-02 -4.242255837369999782e-01
3.879270397600000087e-02 -5.509489918519999696e-01
-1.975212260100000020e-02 -4.575242670590000116e-01
-4.168537197700000058e-02 -3.656274894770000228e-01
-1.734203449710000067e-01 -1.071283063400000068e-01
-2.658132983700000063e-01 -2.698485448349999816e-01
-2.261338819029999891e-01 -4.507228285000000056e-01
-1.248899913390000005e-01 -5.337454896840000407e-01
-2.247844414090000020e-01 -4.854254053589999729e-01
-2.730183731549999937e-01 -6.819134803059999639e-01
-2.868440666959999885e-01 -8.028159065069999656e-01
-2.903814482879999992e-01 -9.098042937120000007e-01
-1.221516385989999953e-01 -5.090196446379999795e-01
-1.798376842099999873e-01 -7.347866311320000454e-01
-2.145041334530000121e-01 -8.663452377810000327e-01
-2.384534540269999947e-01 -1.000000000000000000e+00
-1.819094029299999846e-02 -4.849551158909999882e-01
-5.299219653099999927e-02 -6.574276317310000506e-01
-8.666669873700000304e-02 -5.003840478040000317e-01
-9.440453251899999509e-02 -3.904515202400000162e-01
8.140867772500000321e-02 -4.239872956879999766e-01
3.410057783199999665e-02 -5.553470633899999509e-01
-2.307255429999999913e-02 -4.603190690780000205e-01
-4.383924564700000109e-02 -3.669741337910000234e-01
-1.771693365389999941e-01 -1.101801783450000044e-01
-2.718291048429999912e-01 -2.713607741779999749e-01
-2.416519687769999869e-01 -4.540083311270000088e-01
-1.425559278019999931e-01 -5.380826495280000010e-01
-2.309940915049999988e-01 -4.881575062679999744e-01
-2.840728500560000258e-01 -6.851175117590000418e-01
-2.982714743370000199e-01 -8.074640859649999669e-01
-3.018521471400000267e-01 -9.160016973410000096e-01
-1.298713490270000104e-01 -5.115699424430000253e-01
-1.919753168399999932e-01 -7.369803346490000351e-01
-2.276139275799999862e-01 -8.668365052750000022e-01
-2.526964003289999816e-01 -1.000000000000000000e+00
-2.590331628000000150e-02 -4.878493187330000258e-01
-6.427068456499999971e-02 -6.660783111460000239e-01
-9.742267725200000339e-02 -5.113091049210000127e-01
-1.040648225509999969e-01 -4.021161825760000141e-01
7.391504610400000119e-02 -4.280216711270000141e-01
2.335801940799999907e-02 -5.631143076310000106e-01
-3.296528735399999882e-02 -4.702928581749999948e-01
-5.099519303899999884e-02 -3.780179136480000257e-01
-1.794774746310000002e-01 -1.118920579519999958e-01
-2.713992699810000020e-01 -2.757332986389999796e-01
-2.360720898820000135e-01 -4.601243529199999793e-01
-1.378523603950000120e-01 -5.454544694899999824e-01
-2.371014495419999923e-01 -4.896214567170000254e-01
-2.848608298409999739e-01 -6.844896353280000012e-01
-2.967112229050000161e-01 -8.064916507349999542e-01
-2.975633219070000224e-01 -9.151879196250000126e-01
-1.341458188680000052e-01 -5.126242024049999513e-01
-1.951160761359999885e-01 -7.369298640660000288e-01
-2.287939299310000063e-01 -8.673435021180000426e-01
-2.522145639989999966e-01 -1.000000000000000000e+00
-2.754564890200000143e-02 -4.879829097769999846e-01
-6.170514809199999923e-02 -6.667171374889999669e-01
-9.702246799699999757e-02 -5.103181704860000334e-01
-1.061045420360000047e-01 -3.971783802220000270e-01
7.397908382699999730e-02 -4.289057261449999991e-01
2.823770080399999952e-02 -5.611723703500000049e-01
-2.946582414400000099e-02 -4.670736169170000007e-01
-5.049160098799999885e-02 -3.739405775419999967e-01
-1.800603473840000079e-01 -1.068824342609999978e-01
-2.759858805889999767e-01 -2.759354357880000053e-01
-2.423796542720000058e-01 -4.638521703929999740e-01
-1.465949089370000014e-01 -5.548756295700000285e-01
-2.418393257179999867e-01 -4.842807246510000274e-01
-2.897878907700000006e-01 -6.802738449620000516e-01
-3.019566388989999850e-01 -8.032107837149999874e-01
-3.035462639650000072e-01 -9.119255528480000317e-01
-1.381257624610000012e-01 -5.088267800289999476e-01
-2.007394236950000022e-01 -7.352950334529999576e-01
-2.353835629630000037e-01 -8.657265825909999934e-01
-2.614678220760000005e-01 -1.000000000000000000e+00
-3.160366814099999783e-02 -4.866123458739999852e-01
-6.939661767599999975e-02 -6.676610681869999953e-01
-1.018475241139999987e-01 -5.088373265640000476e-01
-1.093535320120000015e-01 -3.952828697820000015e-01
7.049800514199999757e-02 -4.299594577809999763e-01
2.171272042699999918e-02 -5.627303706389999993e-01
-3.411056272900000325e-02 -4.675408628000000122e-01
-5.391307691100000188e-02 -3.744971562859999992e-01
-1.823219029389999968e-01 -1.090303160009999939e-01
-2.773936534470000104e-01 -2.768014486670000163e-01
-2.464555936960000082e-01 -4.641251401620000161e-01
-1.495252997219999880e-01 -5.516953203150000151e-01
-2.433526513139999958e-01 -4.821663051960000113e-01
-2.948023391569999929e-01 -6.774173365690000503e-01
-3.082471084919999882e-01 -8.009118889020000465e-01
-3.097957914450000239e-01 -9.106518113870000208e-01
-1.397306996150000091e-01 -5.075121459429999815e-01
-2.058872990399999992e-01 -7.332460079829999922e-01
-2.436652155719999935e-01 -8.659447863039999582e-01
-2.708594889040000231e-01 -1.000000000000000000e+00
-3.194165632399999927e-02 -4.859981041670000113e-01
-7.348138424700000060e-02 -6.667256280359999954e-01
-1.084194666420000008e-01 -5.096273199299999890e-01
-1.155944188949999951e-01 -3.947374802429999829e-01
7.082816488399999721e-02 -4.307202786750000123e-01
1.896069201699999984e-02 -5.633301291129999555e-01
-3.911700287299999662e-02 -4.703933518949999781e-01
-5.825546616399999988e-02 -3.774792185470000061e-01
-1.848355333760000052e-01 -1.122329858579999978e-01
-2.790015591089999858e-01 -2.768263582869999739e-01
-2.565585374089999759e-01 -4.648381681720000214e-01
-1.563017463530000095e-01 -5.455547806820000289e-01
-2.391433395329999878e-01 -4.832274565099999863e-01
-2.970328773079999873e-01 -6.820005762490000123e-01
-3.121453924409999803e-01 -8.042827665759999523e-01
-3.166220071070000031e-01 -9.126666781710000009e-01
-1.381587087610000042e-01 -5.088611355590000329e-01
-2.088185457120000088e-01 -7.348356574459999901e-01
-2.506283299400000053e-01 -8.658056942039999981e-01
-2.817847311119999754e-01 -1.000000000000000000e+00
-3.335917936899999992e-02 -4.863237360680000010e-01
-7.914673228400000149e-02 -6.731464196280000367e-01
-1.199635617700000045e-01 -5.172291774730000125e-01
-1.301149688980000052e-01 -4.011262228370000016e-01
6.536399373600000617e-02 -4.280474100780000124e-01
9.395426081000000235e-03 -5.661159989049999730e-01
-5.390170250000000246e-02 -4.761905728679999839e-01
-7.387454696100000107e-02 -3.815450165989999753e-01
-1.845370608330000051e-01 -1.104329860169999955e-01
-2.836158633199999946e-01 -2.722933006680000045e-01
-2.636320346150000105e-01 -4.645042310720000067e-01
-1.649290656000000077e-01 -5.504501121549999487e-01
-2.462800575119999946e-01 -4.785091426509999746e-01
-3.052780569329999749e-01 -6.819786309850000006e-01
-3.209647243970000230e-01 -8.035475486640000220e-01
-3.246853062269999812e-01 -9.120277972089999574e-01
-1.462442078020000091e-01 -5.063174568980000068e-01
-2.187185782549999902e-01 -7.341718969330000011e-01
-2.612441639309999730e-01 -8.642836224759999908e-01
-2.924982494430000135e-01 -1.000000000000000000e+00
-4.225973294600000180e-02 -4.861488481119999872e-01
-9.011638926800000227e-02 -6.740240731509999916e-01
-1.238460587789999984e-01 -5.155315089949999985e-01
-1.277253384120000113e-01 -4.015079004079999958e-01
5.794408324199999683e-02 -4.303408836440000274e-01
-1.811912949999999940e-04 -5.749801977439999989e-01
-5.800822925500000171e-02 -4.840883199050000085e-01
-7.288230519100000193e-02 -3.882875765259999890e-01
-1.865568691210000019e-01 -1.123027263799999953e-01
-2.835832334830000190e-01 -2.740126415029999762e-01
-2.665918181499999928e-01 -4.644830577719999964e-01
-1.700575413969999949e-01 -5.501664614329999647e-01
-2.489662071350000061e-01 -4.795588585350000210e-01
-3.089086217920000155e-01 -6.764596794010000469e-01
-3.279405793690000070e-01 -7.957974808040000347e-01
-3.354165563559999841e-01 -9.035931682479999560e-01
-1.480258405160000124e-01 -5.080952749310000405e-01
-2.197388769820000087e-01 -7.333911578940000009e-01
-2.629556036139999997e-01 -8.627323039290000217e-01
-2.975312149589999788e-01 -1.000000000000000000e+00
-4.272677235200000173e-02 -4.882963717939999837e-01
-9.111935040200000446e-02 -6.766617908750000021e-01
-1.245415994149999955e-01 -5.196335062339999533e-01
-1.293281042910000012e-01 -4.051198842750000084e-01
5.773680972999999800e-02 -4.330195449940000274e-01
8.259960719999999944e-04 -5.736855468879999975e-01
-5.891753554600000220e-02 -4.824216137510000113e-01
-7.680927209099999708e-02 -3.876277058009999776e-01
-1.815946318720000063e-01 -1.108637629660000068e-01
-2.814870694680000063e-01 -2.784493615559999746e-01
-2.614616967949999760e-01 -4.709225169569999925e-01
-1.642068481829999926e-01 -5.563931837990000462e-01
-2.456788893359999892e-01 -4.784834743510000266e-01
-3.045833342590000270e-01 -6.770574535690000451e-01
-3.227472011190000156e-01 -7.976175135359999668e-01
-3.288699008759999876e-01 -9.054631657870000350e-01
-1.443721493979999992e-01 -5.072129932150000187e-01
-2.153924472519999911e-01 -7.334230360829999684e-01
-2.580326431189999825e-01 -8.633966294299999511e-01
-2.918445867100000202e-01 -1.000000000000000000e+00
-3.888892781699999912e-02 -4.892157594959999911e-01
-8.891908984000000682e-02 -6.778137971219999613e-01
-1.209644942660000055e-01 -5.186837622579999474e-01
-1.238763870359999991e-01 -4.023453742729999894e-01
6.222910364900000046e-02 -4.381694486430000035e-01
4.612690176000000183e-03 -5.792431163850000342e-01
-5.428548820199999986e-02 -4.889328249680000016e-01
-7.166654959599999541e-02 -3.952098013779999919e-01
-1.852574046129999985e-01 -1.099668483799999957e-01
-2.834272862619999778e-01 -2.723043432819999832e-01
-2.654442312579999852e-01 -4.627311511850000225e-01
-1.711941208899999955e-01 -5.500067963039999563e-01
-2.471105461560000049e-01 -4.806953370520000157e-01
-3.031028714560000115e-01 -6.770692526320000182e-01
-3.211907170450000182e-01 -7.991362973190000440e-01
-3.281915933930000251e-01 -9.083607177720000037e-01
-1.472814897130000078e-01 -5.082846606390000188e-01
-2.172020264600000028e-01 -7.326142684140000139e-01
-2.605718959050000172e-01 -8.644229954829999452e-01
-2.948718298999999932e-01 -1.000000000000000000e+00
-4.200093213000000159e-02 -4.891430748389999916e-01
-8.942809271099999568e-02 -6.784689412309999890e-01
-1.227779671330000016e-01 -5.222064969940000134e-01
-1.276579298299999887e-01 -4.058494150740000195e-01
5.888732888900000129e-02 -4.367606457789999785e-01
2.281884742000000153e-03 -5.783350898989999544e-01
-5.922330196600000124e-02 -4.885063055359999962e-01
-7.901745249899999601e-02 -3.935499828899999830e-01
-1.844453048249999894e-01 -1.126256287569999959e-01
-2.814260626760000106e-01 -2.776096067089999786e-01
-2.609027530329999789e-01 -4.668668442800000262e-01
-1.638048601090000000e-01 -5.542513499050000236e-01
-2.439984659359999974e-01 -4.836659325450000102e-01
-3.004839560290000211e-01 -6.787568222359999792e-01
-3.188645105449999795e-01 -7.997196296949999894e-01
-3.250815787090000075e-01 -9.072857343750000414e-01
-1.426570966000000051e-01 -5.111837365689999579e-01
-2.129031306520000055e-01 -7.343431821460000286e-01
-2.577854523809999798e-01 -8.646848337679999830e-01
-2.928195758230000001e-01 -1.000000000000000000e+00
-3.677470149699999663e-02 -4.920618786720000193e-01
-8.486130423599999584e-02 -6.780598371470000219e-01
-1.221809608080000054e-01 -5.215140390539999560e-01
-1.283559380179999931e-01 -4.067591619679999937e-01
6.459879288900000072e-02 -4.394205720339999788e-01
7.460321885999999722e-03 -5.800318312129999487e-01
-5.443822489200000198e-02 -4.892974966829999883e-01
-7.297503565200000319e-02 -3.949742372089999898e-01
-1.811392123470000060e-01 -1.101365154669999985e-01
-2.776589412300000115e-01 -2.745584342740000072e-01
-2.567171103659999787e-01 -4.630442710920000260e-01
-1.636357873150000031e-01 -5.530701651760000503e-01
-2.427919903430000026e-01 -4.855107969290000103e-01
-2.961821877690000160e-01 -6.822755282550000411e-01
-3.140406842440000013e-01 -8.038990742480000007e-01
-3.200665379729999982e-01 -9.125090773120000387e-01
-1.404900864560000018e-01 -5.125010920679999860e-01
-2.072183310859999905e-01 -7.355714482890000072e-01
-2.503188409029999950e-01 -8.657322071280000308e-01
-2.834333313369999940e-01 -1.000000000000000000e+00
-3.438932455899999796e-02 -4.931506143589999835e-01
-8.200925329500000083e-02 -6.779637542919999538e-01
-1.190685685570000013e-01 -5.213883247580000102e-01
-1.242142137479999991e-01 -4.062693607280000174e-01
6.720753097199999582e-02 -4.399752457450000209e-01
1.019918818099999937e-02 -5.790460767880000192e-01
-5.221530763999999991e-02 -4.888749886500000086e-01
-7.059665153499999901e-02 -3.949127129159999972e-01
-1.811115879649999871e-01 -1.125014036129999978e-01
-2.773434668509999756e-01 -2.818841803659999923e-01
-2.503163293119999855e-01 -4.700607398600000209e-01
-1.521586382029999907e-01 -5.594382427190000007e-01
-2.375686819410000039e-01 -4.868056985859999797e-01
-2.893001443970000253e-01 -6.813118752960000135e-01
-3.061408647430000074e-01 -8.026125680140000496e-01
-3.115276489020000206e-01 -9.111658421130000018e-01
-1.351778639850000074e-01 -5.134995147730000431e-01
-2.007768329050000078e-01 -7.363168468080000251e-01
-2.436042660899999934e-01 -8.664162710460000527e-01
-2.759953697010000262e-01 -1.000000000000000000e+00
-2.918007264999999961e-02 -4.942211479229999815e-01
-7.399428066700000639e-02 -6.795427015189999809e-01
-1.125513574950000040e-01 -5.220230138420000054e-01
-1.201934722139999939e-01 -4.067579624620000223e-01
7.294502039099999557e-02 -4.416812160560000255e-01
1.651328937700000110e-02 -5.825660894580000360e-01
-4.544925424699999827e-02 -4.904029785669999919e-01
-6.480888551199999459e-02 -3.949872609019999814e-01
-1.823922526940000011e-01 -1.143175246959999974e-01
-2.768551793949999840e-01 -2.834163827610000075e-01
-2.460041508570000035e-01 -4.708009734310000249e-01
-1.460807553779999990e-01 -5.597517406609999746e-01
-2.361476586790000054e-01 -4.879386240310000233e-01
-2.866589807839999837e-01 -6.829602788309999672e-01
-3.023181461280000093e-01 -8.057084440899999755e-01
-3.067125693730000102e-01 -9.156621342020000442e-01
-1.325487663400000127e-01 -5.132171730029999601e-01
-1.958356046239999870e-01 -7.345736927979999997e-01
-2.361885197570000039e-01 -8.665696058899999832e-01
-2.650308976899999891e-01 -1.000000000000000000e+00
-2.561632436100000007e-02 -4.928599551689999969e-01
-6.811021712999999755e-02 -6.766942181770000397e-01
-1.083767810889999933e-01 -5.192978157980000509e-01
-1.169225755999999949e-01 -4.026442661090000041e-01
7.725006885700000381e-02 -4.404110464470000208e-01
2.124907516100000074e-02 -5.773609509649999527e-01
-4.291544765599999978e-02 -4.850843205500000033e-01
-6.421332751800000460e-02 -3.898753791399999780e-01
-1.802337528690000079e-01 -1.143112646610000005e-01
-2.734808347120000205e-01 -2.839715487469999800e-01
-2.418238167929999960e-01 -4.717708201990000183e-01
-1.429486158999999923e-01 -5.598470385149999506e-01
-2.329647362970000135e-01 -4.900878582409999851e-01
-2.804500356699999863e-01 -6.866612657109999462e-01
-2.941865273789999735e-01 -8.093549037139999847e-01
-2.978453678360000190e-01 -9.187234918200000156e-01
-1.298450984700000033e-01 -5.135416625790000245e-01
-1.919321458849999884e-01 -7.340434771260000435e-01
-2.294640114389999985e-01 -8.652118410610000199e-01
-2.575307246190000066e-01 -1.000000000000000000e+00
-2.459968741999999861e-02 -4.913760169240000142e-01
-6.433052575799999562e-02 -6.746173787360000285e-01
-1.038770001690000055e-01 -5.169860516449999999e-01
-1.140342779830000042e-01 -4.016397554489999910e-01
7.633587916499999515e-02 -4.363664625890000259e-01
2.416757113900000128e-02 -5.773770533199999999e-01
-3.980918518499999836e-02 -4.860273302240000204e-01
-6.266411247399999995e-02 -3.909458799309999955e-01
-1.762763875870000108e-01 -1.184045959390000041e-01
-2.669057577580000173e-01 -2.883306024819999869e-01
-2.343913102849999874e-01 -4.758117260060000242e-01
-1.325697303059999999e-01 -5.608246222070000231e-01
-2.206641954930000094e-01 -4.910124384049999735e-01
-2.713742570739999804e-01 -6.860248974599999494e-01
-2.871234390419999949e-01 -8.059995760579999891e-01
-2.912701522400000242e-01 -9.128651943409999969e-01
-1.184842102140000047e-01 -5.132100945540000181e-01
-1.758290580509999923e-01 -7.342694979049999571e-01
-2.126779413969999977e-01 -8.653127048850000058e-01
-2.393181982420000131e-01 -1.000000000000000000e+00
-1.524097092799999928e-02 -4.898444614379999784e-01
-5.444730575299999709e-02 -6.707746729950000431e-01
-9.546676965200000253e-02 -5.138622996630000106e-01
-1.046317776990000059e-01 -4.010774502880000147e-01
8.412170720599999874e-02 -4.347423550719999863e-01
3.230680712399999766e-02 -5.769713113119999681e-01
-3.029162367700000136e-02 -4.868127148509999724e-01
-5.113194388899999776e-02 -3.931110010180000058e-01
-1.723689406629999865e-01 -1.170891495540000021e-01
-2.588183584679999982e-01 -2.866806196580000132e-01
-2.248609703710000018e-01 -4.725583491809999814e-01
-1.252163006439999948e-01 -5.624147589700000394e-01
-2.104493408739999960e-01 -4.896682375640000195e-01
-2.570026088540000031e-01 -6.846096404639999689e-01
-2.706280179889999915e-01 -8.038544433759999830e-01
-2.744524287940000029e-01 -9.100996594379999749e-01
-1.078024152130000052e-01 -5.091792576170000029e-01
-1.583886365290000098e-01 -7.328698254459999895e-01
-1.899794646240000051e-01 -8.645276789100000414e-01
-2.143503489209999946e-01 -1.000000000000000000e+00
-6.002008688999999932e-03 -4.827603009840000237e-01
-4.090226045700000312e-02 -6.642076559609999542e-01
-8.382808992000000126e-02 -5.068863466709999654e-01
-9.766393287699999537e-02 -3.953926340899999725e-01
9.122409056199999589e-02 -4.225258308140000252e-01
4.171245570099999661e-02 -5.652828167560000061e-01
-2.190670035799999887e-02 -4.747336107660000137e-01
-4.577948006899999756e-02 -3.817112650219999792e-01
-1.753280420970000086e-01 -1.184704216110000069e-01
-2.630196911600000131e-01 -2.891928238559999809e-01
-2.284087799329999890e-01 -4.756820010600000259e-01
-1.268748856370000011e-01 -5.605621668389999535e-01
-2.097940449450000078e-01 -4.918426416510000010e-01
-2.553067596499999925e-01 -6.881971002490000489e-01
-2.677758149219999773e-01 -8.093428206710000516e-01
-2.694835368590000058e-01 -9.165933976450000298e-01
-1.069695118629999941e-01 -5.105554616359999631e-01
-1.589593869719999886e-01 -7.328837484319999929e-01
-1.900102233360000115e-01 -8.647185976519999873e-01
-2.116739704070000061e-01 -1.000000000000000000e+00
-3.794025333999999881e-03 -4.835701319030000223e-01
-3.663929565400000227e-02 -6.661003478589999638e-01
-8.126430784700000576e-02 -5.114887392750000483e-01
-9.635347525100000643e-02 -3.992283795289999770e-01
9.394822917999999523e-02 -4.239279071939999755e-01
4.599836858800000067e-02 -5.643482865660000014e-01
-2.001311193399999896e-02 -4.744022914280000003e-01
-4.611293053300000166e-02 -3.802459367580000027e-01
-1.704438006339999978e-01 -1.171140207590000010e-01
-2.566695500780000194e-01 -2.884951735419999941e-01
-2.214521142239999907e-01 -4.725074861590000119e-01
-1.170183781809999990e-01 -5.543504727989999603e-01
-2.000807596589999904e-01 -4.928329198399999944e-01
-2.454481645840000115e-01 -6.890524226019999476e-01
-2.577128088860000110e-01 -8.088308370000000247e-01
-2.597936181370000264e-01 -9.143061303199999656e-01
-9.850120670900000541e-02 -5.103291719760000289e-01
-1.463752979350000094e-01 -7.340897439969999994e-01
-1.761339988460000061e-01 -8.659150477379999877e-01
-1.973017733140000063e-01 -1.000000000000000000e+00
2.206722635999999998e-03 -4.817365146329999903e-01
-2.845129294699999881e-02 -6.625773907290000153e-01
-7.368392005299999326e-02 -5.074254797839999886e-01
-8.956684519400000266e-02 -3.966198348739999879e-01
9.762365518399999942e-02 -4.190934804379999878e-01
5.100106835599999694e-02 -5.622786524409999487e-01
-1.444787481599999965e-02 -4.727495428399999811e-01
-4.015709368900000076e-02 -3.795914766569999932e-01
-1.667342321209999978e-01 -1.207714605160000038e-01
-2.501062000829999965e-01 -2.930132822850000096e-01
-2.131768513329999892e-01 -4.738256337000000262e-01
-1.115620063130000061e-01 -5.559822003359999876e-01
-1.962057176249999979e-01 -4.956825777009999934e-01
-2.384710131939999922e-01 -6.927597022870000121e-01
-2.482157575180000131e-01 -8.131892672939999844e-01
-2.476984575929999932e-01 -9.200502580670000263e-01
-9.303123159499999961e-02 -5.112119606999999677e-01
-1.362464095420000132e-01 -7.349383723329999674e-01
-1.625130778170000012e-01 -8.669662579550000414e-01
-1.802300959769999877e-01 -1.000000000000000000e+00
8.900840558000000513e-03 -4.814977983470000167e-01
-2.049601288899999957e-02 -6.592070044009999963e-01
-6.683908634599999843e-02 -5.067722255080000515e-01
-8.289757192999999691e-02 -3.958489256889999863e-01
1.051670911060000047e-01 -4.191845820740000006e-01
5.981317862300000038e-02 -5.569764040169999930e-01
-5.821082451999999921e-03 -4.701122118070000244e-01
-3.200804870500000010e-02 -3.791611375769999848e-01
-1.631763854469999997e-01 -1.235153210870000018e-01
-2.397978117039999968e-01 -2.947934617299999838e-01
-2.012872672919999995e-01 -4.734737584290000245e-01
-1.011657795700000029e-01 -5.522003216509999701e-01
-1.868655497270000077e-01 -4.951794834280000002e-01
-2.307421167929999961e-01 -6.940006928799999919e-01
-2.420115608739999979e-01 -8.143003178919999696e-01
-2.411143249109999886e-01 -9.196922473599999925e-01
-8.468777208500000153e-02 -5.090340009160000401e-01
-1.274075067450000098e-01 -7.334358633619999512e-01
-1.520394217059999886e-01 -8.653514538800000100e-01
-1.668100854379999942e-01 -1.000000000000000000e+00
1.630591850499999926e-02 -4.772548123179999879e-01
-9.340920473999999793e-03 -6.561843427339999479e-01
-5.626014641200000055e-02 -5.065545866749999737e-01
-7.190604732800000287e-02 -3.975161968390000244e-01
1.104253695780000044e-01 -4.115331856139999855e-01
7.151884712299999558e-02 -5.509186759690000157e-01
5.924228154999999947e-03 -4.673634075890000239e-01
-1.944990180799999885e-02 -3.786508340470000067e-01
-1.633156752119999944e-01 -1.253256279909999993e-01
-2.385895205249999873e-01 -2.941624176629999976e-01
-1.968718670369999924e-01 -4.724562434280000223e-01
-9.741288383700000275e-02 -5.501385356669999949e-01
-1.881211071199999918e-01 -4.967140022900000118e-01
-2.268056651070000096e-01 -6.961628455999999687e-01
-2.362855558449999949e-01 -8.161503044850000332e-01
-2.340152375300000032e-01 -9.216849315859999558e-01
-8.505498462699999374e-02 -5.089871905520000350e-01
-1.252212268869999923e-01 -7.333213758909999935e-01
-1.488185270519999936e-01 -8.649301382159999552e-01
-1.628293175290000117e-01 -1.000000000000000000e+00
1.594445580000000001e-02 -4.761716785819999909e-01
-8.978981812999999382e-03 -6.545978854880000197e-01
-5.711806052800000311e-02 -5.028660943049999554e-01
-7.306459894099999464e-02 -3.939565392270000244e-01
1.099294943639999994e-01 -4.101434706479999970e-01
6.975329883799999409e-02 -5.505637132220000396e-01
4.209203693000000170e-03 -4.628457701690000259e-01
-2.051178773699999930e-02 -3.712461345559999737e-01
-1.652240334460000071e-01 -1.236242401270000041e-01
-2.412106295279999868e-01 -2.941964669480000016e-01
-2.000914843870000015e-01 -4.719496537169999839e-01
-1.012127258309999944e-01 -5.496896420389999482e-01
-1.923276537880000137e-01 -4.980952185729999870e-01
-2.286283799349999868e-01 -6.954071429279999883e-01
-2.364847914160000120e-01 -8.169629781530000079e-01
-2.332667145289999966e-01 -9.237008624200000462e-01
-8.824616295100000396e-02 -5.106036033140000097e-01
-1.274218657729999926e-01 -7.336392121410000300e-01
-1.508717821489999888e-01 -8.659876744810000027e-01
-1.655948431039999946e-01 -1.000000000000000000e+00
1.387465493800000074e-02 -4.785331590929999823e-01
-1.161190580400000075e-02 -6.577939180359999582e-01
-6.029670228100000168e-02 -5.106183492770000054e-01
-7.722358253300000419e-02 -4.005677681929999956e-01
1.083083968559999943e-01 -4.143843305179999992e-01
6.782284199900000254e-02 -5.507095441460000407e-01
5.895144369999999554e-04 -4.661702894609999759e-01
-2.641196445300000167e-02 -3.756944072530000178e-01
-1.660242671820000016e-01 -1.208751619180000042e-01
-2.438033664260000066e-01 -2.928526716689999754e-01
-2.011451897069999883e-01 -4.710328799340000039e-01
-1.021590808659999933e-01 -5.488561954130000142e-01
-1.968827339750000016e-01 -4.954831664439999783e-01
-2.360718727889999924e-01 -6.933857112819999946e-01
-2.451861726690000021e-01 -8.144516565680000042e-01
-2.441567197620000129e-01 -9.206031755970000008e-01
-9.403932350900000292e-02 -5.088074220020000205e-01
-1.331334673479999953e-01 -7.334523164220000391e-01
-1.569534304619999987e-01 -8.653484150500000416e-01
-1.727132904800000035e-01 -1.000000000000000000e+00
7.260822043999999933e-03 -4.771517451130000143e-01
-1.756616311300000094e-02 -6.539642355210000257e-01
-6.363848398099999915e-02 -5.058403351779999779e-01
-7.968792805900000442e-02 -3.959619443460000165e-01
1.007217036139999994e-01 -4.135912312430000126e-01
6.333249365500000228e-02 -5.488938760349999502e-01
-1.398567017000000015e-03 -4.645471329729999876e-01
-2.800657348000000144e-02 -3.755079017149999809e-01
-1.680402523350000010e-01 -1.219696197290000006e-01
-2.475346909199999945e-01 -2.880667587379999728e-01
-2.093397861079999978e-01 -4.676289678500000213e-01
-1.088449470789999984e-01 -5.440109324809999647e-01
-2.001522788289999966e-01 -4.959382416390000214e-01
-2.443926101780000137e-01 -6.945051871659999598e-01
-2.555728530479999816e-01 -8.161865034159999643e-01
-2.563988877839999958e-01 -9.236206951440000257e-01
-9.826065498399999543e-02 -5.098759456810000312e-01
-1.430275680289999907e-01 -7.336625543589999632e-01
-1.674928223019999940e-01 -8.648792845039999788e-01
-1.840701514289999896e-01 -1.000000000000000000e+00
3.684809152000000088e-03 -4.783717986489999796e-01
-2.216543558000000011e-02 -6.598821316730000275e-01
-6.540270939700000563e-02 -5.106030314180000085e-01
-7.974953517699999439e-02 -3.991344447699999853e-01
9.812121829999999323e-02 -4.132061853469999879e-01
6.062430290100000174e-02 -5.511579088200000420e-01
-3.566032739999999875e-03 -4.651699656609999955e-01
-2.877333734200000076e-02 -3.738463528639999756e-01
