-1.196711981659999979e-01 -7.119013607200000426e-02
-1.853317084389999869e-01 -2.228039316659999880e-01
-9.462603146100000140e-02 -3.461936819950000022e-01
7.395320799000000209e-03 -4.369183432270000167e-01
-2.082796449079999945e-01 -4.749509804300000027e-01
-2.458328010099999905e-01 -6.757340854610000003e-01
-2.584770410350000214e-01 -8.073673621700000469e-01
-2.557473656579999921e-01 -9.216007977379999661e-01
-8.632019312600000549e-02 -4.929773927960000024e-01
-1.378261402919999934e-01 -7.308606357260000186e-01
-1.666545327910000096e-01 -8.736162783530000420e-01
-1.835771636740000101e-01 -1.000000000000000000e+00
2.773448161700000150e-02 -4.537458408930000187e-01
-1.082780719699999970e-02 -5.356373738559999653e-01
-3.993269763900000185e-02 -4.060581207939999993e-01
-4.673423819800000267e-02 -3.165414576369999788e-01
1.312703655899999933e-01 -3.778145462720000070e-01
7.941222568700000151e-02 -4.205779869760000178e-01
3.519547522000000123e-02 -3.372114047040000173e-01
1.799731528699999999e-02 -2.745844389880000014e-01
-1.207356687710000043e-01 -7.080618448700000400e-02
-1.892710723630000036e-01 -2.243516070590000078e-01
-9.649624931799999361e-02 -3.492431018209999904e-01
5.356091563999999805e-03 -4.355195947569999726e-01
-2.112228633880000039e-01 -4.738705205820000210e-01
-2.494328880770000090e-01 -6.752013363609999930e-01
-2.633773735739999844e-01 -8.067860896220000466e-01
-2.612234345680000125e-01 -9.211570874040000412e-01
-8.980232419000000466e-02 -4.925511023420000023e-01
-1.413457173609999895e-01 -7.295353598670000217e-01
-1.730115660440000036e-01 -8.738491217899999608e-01
-1.908416503639999984e-01 -1.000000000000000000e+00
2.482871951799999963e-02 -4.546604232620000130e-01
-1.415189803100000074e-02 -5.321423217830000274e-01
-4.524777889099999839e-02 -4.000814135860000231e-01
-5.294973801899999916e-02 -3.105783755300000060e-01
1.287790934710000001e-01 -3.813525618240000137e-01
7.485704670699999674e-02 -4.191950618060000244e-01
2.919292768399999946e-02 -3.313043872709999782e-01
1.070300182800000034e-02 -2.672884558060000249e-01
-1.209937918359999948e-01 -6.828603943899999584e-02
-1.904852431869999974e-01 -2.184357737710000136e-01
-9.983422158799999668e-02 -3.425701075240000226e-01
3.277181263999999917e-03 -4.312640332379999997e-01
-2.166972094450000108e-01 -4.717524197390000062e-01
-2.577525045249999813e-01 -6.726139970879999597e-01
-2.731153370600000185e-01 -8.041854871369999991e-01
-2.716967251140000039e-01 -9.184832045340000084e-01
-9.518476693999999849e-02 -4.915814852859999862e-01
-1.501498561959999922e-01 -7.290532680040000546e-01
-1.821967034149999942e-01 -8.724517847039999774e-01
-2.006584005800000070e-01 -1.000000000000000000e+00
1.989246498599999899e-02 -4.541223794090000210e-01
-1.495501663600000072e-02 -5.326414721079999470e-01
-4.450613170199999719e-02 -3.993239688310000202e-01
-5.397930567399999990e-02 -3.090370750990000248e-01
1.247521203050000055e-01 -3.797169993469999838e-01
7.719388905599999795e-02 -4.183854776959999855e-01
3.400126210900000084e-02 -3.293598702480000084e-01
1.506816681100000069e-02 -2.642445948509999920e-01
-1.217027059729999944e-01 -6.831973577699999856e-02
-1.922170300230000017e-01 -2.184500132949999951e-01
-1.033983182599999967e-01 -3.438030439670000105e-01
-1.681733493999999903e-03 -4.332179578120000096e-01
-2.208321635530000049e-01 -4.716036073129999950e-01
-2.652988054300000065e-01 -6.718416237469999608e-01
-2.826459212540000099e-01 -8.036818121369999623e-01
-2.835244898240000255e-01 -9.181013753129999566e-01
-9.882332122299999910e-02 -4.930244448050000172e-01
-1.578305234629999998e-01 -7.288974664099999723e-01
-1.917941830000000070e-01 -8.725852692869999760e-01
-2.117213378230000109e-01 -1.000000000000000000e+00
1.705622517999999879e-02 -4.565559054939999917e-01
-2.194472173400000004e-02 -5.314927694529999469e-01
-4.860815960900000121e-02 -3.993910819550000046e-01
-5.466972057499999704e-02 -3.097624226049999763e-01
1.225153421819999977e-01 -3.829443186550000044e-01
7.074102382699999636e-02 -4.173166488410000041e-01
2.905787025100000157e-02 -3.291659681590000108e-01
1.283132959099999963e-02 -2.651123433350000003e-01
-1.216257754659999940e-01 -6.875001206299999335e-02
-1.922559399450000095e-01 -2.176276421380000103e-01
-1.052329591499999994e-01 -3.431983124219999959e-01
-5.240302920999999857e-03 -4.325743942840000189e-01
-2.229549857479999897e-01 -4.712965634369999934e-01
-2.705335526839999782e-01 -6.702153287390000269e-01
-2.903387561740000122e-01 -8.010757199770000003e-01
-2.926053680240000010e-01 -9.144118884899999911e-01
-1.016346645840000007e-01 -4.940563709329999775e-01
-1.645317187939999981e-01 -7.300279072490000187e-01
-2.009763692039999994e-01 -8.734595659230000031e-01
-2.219093945339999929e-01 -1.000000000000000000e+00
1.419630270399999984e-02 -4.582266732560000277e-01
-2.430423591599999850e-02 -5.343545556059999813e-01
-5.107863818399999839e-02 -4.025351542819999850e-01
-5.761664700800000344e-02 -3.136444598329999889e-01
1.202162126260000047e-01 -3.845107463079999732e-01
6.919759299600000690e-02 -4.197793210619999993e-01
2.840869001300000071e-02 -3.314219001909999851e-01
1.277234031299999927e-02 -2.675470858419999876e-01
-1.243870095690000066e-01 -6.505589607499999427e-02
-1.966306694269999988e-01 -2.157829013379999883e-01
-1.041033501819999957e-01 -3.458555822630000054e-01
4.618014849999999786e-04 -4.388739749159999981e-01
-2.302263508340000042e-01 -4.674953664959999866e-01
-2.784344409999999770e-01 -6.676712286439999700e-01
-2.986005207299999853e-01 -7.988639757250000084e-01
-3.001516866749999735e-01 -9.131974325880000132e-01
-1.104738676979999945e-01 -4.918921923060000090e-01
-1.770800995279999956e-01 -7.291414371209999912e-01
-2.143920852660000098e-01 -8.715918061059999555e-01
-2.368525057130000111e-01 -1.000000000000000000e+00
6.045482326999999587e-03 -4.593866133069999802e-01
-2.317063355799999988e-02 -5.421720704800000457e-01
-4.382071469800000174e-02 -4.068933534210000258e-01
-5.013766951399999811e-02 -3.151683984990000242e-01
1.162678943660000047e-01 -3.900770947739999883e-01
7.887082941400000435e-02 -4.348685795960000045e-01
4.245388192400000038e-02 -3.430418801430000220e-01
2.497439283200000165e-02 -2.743669965830000113e-01
-1.249230982609999957e-01 -6.522310310800000233e-02
-2.009834558720000053e-01 -2.152256495669999936e-01
-1.141515716740000019e-01 -3.462279820490000160e-01
-1.402626997299999921e-02 -4.399051696140000023e-01
-2.344592390530000070e-01 -4.677493002299999980e-01
-2.864850168490000182e-01 -6.670452079399999956e-01
-3.077995711979999993e-01 -7.976511946430000499e-01
-3.117315298919999811e-01 -9.115493319840000108e-01
-1.141030501790000068e-01 -4.938377317589999760e-01
-1.852374025340000063e-01 -7.295677769920000388e-01
-2.234671880980000080e-01 -8.721767149179999734e-01
-2.470488801769999965e-01 -1.000000000000000000e+00
2.860038504999999794e-03 -4.615778997039999831e-01
-3.783998804000000132e-02 -5.443467680979999779e-01
-5.661783738799999743e-02 -4.096976863940000047e-01
-5.866509484000000108e-02 -3.169160608650000155e-01
1.135651118059999992e-01 -3.907314251960000151e-01
6.529134604599999558e-02 -4.379715174839999836e-01
3.164156637800000227e-02 -3.482544752449999725e-01
2.082234641199999861e-02 -2.802972993599999740e-01
-1.277733298490000002e-01 -6.486660399299999658e-02
-2.038095964290000117e-01 -2.135564488610000033e-01
-1.142185237780000001e-01 -3.448260054100000249e-01
-1.454804243100000019e-02 -4.432638991560000075e-01
-2.414820931359999978e-01 -4.663050361400000177e-01
-2.948743436979999744e-01 -6.643398266890000459e-01
-3.172656181949999876e-01 -7.966652625469999860e-01
-3.211974009219999981e-01 -9.126110858489999700e-01
-1.194273423919999938e-01 -4.954990064229999880e-01
-1.975833645620000134e-01 -7.300786585920000515e-01
-2.396616350830000075e-01 -8.737061410240000159e-01
-2.655111971560000228e-01 -1.000000000000000000e+00
-3.936494099999999862e-05 -4.661093892820000195e-01
-4.263127045500000184e-02 -5.414787145699999638e-01
-6.214571165499999800e-02 -4.098993218379999859e-01
-6.504997642800000590e-02 -3.192034271679999868e-01
1.122131434889999946e-01 -3.983582959749999985e-01
6.400051329399999989e-02 -4.353291358529999822e-01
2.838791886899999853e-02 -3.453326043070000240e-01
1.480038100299999916e-02 -2.788956181239999887e-01
-1.288050600960000125e-01 -6.378909753500000557e-02
-2.098237786409999917e-01 -2.131326857920000095e-01
-1.247831949749999975e-01 -3.443792777479999789e-01
-2.651229031499999916e-02 -4.380513396779999735e-01
-2.434248017750000048e-01 -4.649431396620000156e-01
-3.060785672849999917e-01 -6.634079179859999620e-01
-3.321195045440000215e-01 -7.962175546699999940e-01
-3.399141805940000260e-01 -9.128639344700000269e-01
-1.215242600630000031e-01 -4.959268279779999733e-01
-2.053563225499999978e-01 -7.294821746230000237e-01
-2.518543425320000084e-01 -8.738103037669999740e-01
-2.809715832399999891e-01 -1.000000000000000000e+00
-1.875510896000000044e-03 -4.681985672060000048e-01
-5.589851203199999730e-02 -5.378801366500000070e-01
-7.569295045000000444e-02 -4.049270082509999757e-01
-7.512481885800000037e-02 -3.129390418140000074e-01
1.096654442400000068e-01 -4.025917527549999764e-01
5.026086750299999656e-02 -4.330620927109999907e-01
1.274112070899999921e-02 -3.442477979929999821e-01
1.570400889999999921e-03 -2.793050866649999797e-01
-1.265108134590000044e-01 -6.211169052099999727e-02
-2.079653338899999926e-01 -2.135826671069999960e-01
-1.205626865350000049e-01 -3.468926865299999940e-01
-2.402023363699999983e-02 -4.435007506320000070e-01
-2.429492027579999991e-01 -4.667066773679999780e-01
-3.080771420380000181e-01 -6.662227877420000555e-01
-3.364677227019999828e-01 -7.983276796170000189e-01
-3.463037412030000040e-01 -9.141956652089999746e-01
-1.196682711230000057e-01 -4.982443869870000208e-01
-2.041578308149999965e-01 -7.312592633240000417e-01
-2.519762964050000220e-01 -8.746399491870000542e-01
-2.828084600369999979e-01 -1.000000000000000000e+00
4.542696990000000094e-04 -4.719344810069999729e-01
-5.643048826600000067e-02 -5.372180952339999926e-01
-7.558715533000000264e-02 -4.033844928059999724e-01
-7.402185058400000128e-02 -3.141632422610000086e-01
1.115369617320000062e-01 -4.090666283639999845e-01
5.041923894699999742e-02 -4.377707366290000124e-01
1.279913120700000052e-02 -3.480570754010000045e-01
1.817638777000000041e-03 -2.847153848050000269e-01
-1.264317536669999908e-01 -6.541977931400000390e-02
-2.096981391190000099e-01 -2.165365442370000004e-01
-1.247779729699999979e-01 -3.499864944900000219e-01
-2.872693525400000017e-02 -4.453896813200000082e-01
-2.446991323119999950e-01 -4.727012209390000219e-01
-3.089157689350000013e-01 -6.701644222420000130e-01
-3.367308061290000265e-01 -8.013602424569999938e-01
-3.458507894069999811e-01 -9.160651462379999499e-01
-1.212694386790000023e-01 -5.031802926620000393e-01
-2.067948421910000001e-01 -7.335528525109999975e-01
-2.554474535080000219e-01 -8.756881594390000245e-01
-2.862597253809999742e-01 -1.000000000000000000e+00
1.463273180000000001e-04 -4.749557269779999813e-01
-6.154367205399999957e-02 -5.383026090620000037e-01
-8.168489107599999355e-02 -4.027972456560000025e-01
-7.944918512099999330e-02 -3.139833941679999740e-01
1.116270950750000018e-01 -4.096604042179999849e-01
4.419260478999999936e-02 -4.330984685870000184e-01
6.066473680999999625e-03 -3.402202270010000196e-01
-4.065580771000000017e-03 -2.768485288060000271e-01
-1.222733244160000010e-01 -6.265696533799999801e-02
-2.045714031570000091e-01 -2.113894546779999939e-01
-1.224825141380000010e-01 -3.438756444400000167e-01
-2.860551005800000129e-02 -4.426196131910000164e-01
-2.416495332589999878e-01 -4.648651261580000194e-01
-3.064630663499999796e-01 -6.646848496230000070e-01
-3.353927706100000017e-01 -7.963143027569999921e-01
-3.463776619660000056e-01 -9.121505085140000357e-01
-1.213065387850000010e-01 -4.944293185499999965e-01
-2.049561850849999922e-01 -7.290850210829999956e-01
-2.522286987819999937e-01 -8.729292590139999808e-01
-2.841379852429999908e-01 -1.000000000000000000e+00
-1.864693240000000075e-03 -4.668266537940000127e-01
-6.157776204800000097e-02 -5.399744587200000501e-01
-7.835881687699999820e-02 -4.036317853870000083e-01
-7.513270745700000031e-02 -3.110541137689999958e-01
1.093646480869999993e-01 -4.030813533750000066e-01
4.599661846300000245e-02 -4.362134896420000185e-01
1.118734910800000051e-02 -3.445718422940000081e-01
3.413918905000000014e-03 -2.787672136809999923e-01
-1.217642668249999949e-01 -6.428723852800000138e-02
-2.024223990390000005e-01 -2.135709051080000032e-01
-1.211865151799999957e-01 -3.450966327850000237e-01
-2.813932055799999929e-02 -4.426283013719999881e-01
-2.409908639599999958e-01 -4.693322857230000089e-01
-3.029068098589999813e-01 -6.666397554720000507e-01
-3.323656179719999826e-01 -7.963756401239999727e-01
-3.443913792569999743e-01 -9.095103787870000289e-01
-1.204107518360000018e-01 -4.980954425710000244e-01
-2.005322139269999915e-01 -7.317747898480000401e-01
-2.480997698040000032e-01 -8.744320098769999827e-01
-2.801227237469999798e-01 -1.000000000000000000e+00
-3.270673449999999811e-04 -4.682531033249999752e-01
-5.834865888600000022e-02 -5.407059937410000350e-01
-7.686499004999999829e-02 -4.057363168459999780e-01
-7.455758819999999676e-02 -3.146881329740000011e-01
1.115236872739999996e-01 -4.009852480350000192e-01
4.575605338000000161e-02 -4.311715906540000143e-01
1.080400549199999997e-02 -3.392467109219999832e-01
3.647958446000000143e-03 -2.744994028419999732e-01
-1.225385735030000006e-01 -6.512346806900000395e-02
-2.041598010869999924e-01 -2.161797330640000125e-01
-1.214159050590000039e-01 -3.488576729399999743e-01
-2.693082496699999995e-02 -4.440534131769999782e-01
-2.386511795500000088e-01 -4.667853132940000260e-01
-3.008470361300000229e-01 -6.655658832609999687e-01
-3.298371287240000060e-01 -7.970634240030000095e-01
-3.409125061370000265e-01 -9.115208153420000237e-01
-1.188236887559999955e-01 -4.958683012219999853e-01
-1.987695810160000076e-01 -7.293000073409999784e-01
-2.483424443349999955e-01 -8.747343556369999718e-01
-2.809136350590000220e-01 -1.000000000000000000e+00
2.518791529999999767e-04 -4.677398662560000031e-01
-5.742918986599999942e-02 -5.365774452020000140e-01
-7.746467984600000078e-02 -4.029099424920000172e-01
-7.513239094300000476e-02 -3.106241076019999880e-01
1.108466385160000039e-01 -4.037835177149999843e-01
4.446953227299999672e-02 -4.293794481750000114e-01
6.489455736999999967e-03 -3.388194049220000226e-01
-2.755781431000000128e-03 -2.742239637180000078e-01
-1.236261154890000019e-01 -6.462059081599999533e-02
-2.047211775309999982e-01 -2.162383634679999889e-01
-1.213094506810000056e-01 -3.490660863519999824e-01
-2.801512051800000153e-02 -4.438086889360000065e-01
-2.413716192579999920e-01 -4.685547062759999881e-01
-3.008750574069999906e-01 -6.678812987059999928e-01
-3.298087868549999802e-01 -7.985978783820000260e-01
-3.412624417269999877e-01 -9.123025022220000446e-01
-1.201421177830000048e-01 -4.968344723220000092e-01
-1.967328986559999937e-01 -7.307923234800000056e-01
-2.458248769430000091e-01 -8.750064303090000495e-01
-2.782286998869999972e-01 -1.000000000000000000e+00
-1.841376709999999911e-04 -4.675592827939999974e-01
-5.446278967300000051e-02 -5.325689742300000473e-01
-7.660468508199999582e-02 -3.973086974319999798e-01
-7.675806589599999674e-02 -3.068816760279999833e-01
1.100746008960000050e-01 -4.019439202560000091e-01
4.376111046799999876e-02 -4.216036038589999757e-01
3.595324492000000205e-03 -3.276268190789999868e-01
-8.356367999999999435e-03 -2.634213992769999790e-01
-1.269013724780000130e-01 -6.693393079100000420e-02
-2.102967409160000078e-01 -2.222234532300000065e-01
-1.336261839560000109e-01 -3.588441869910000137e-01
-4.605422115800000132e-02 -4.522977208599999743e-01
-2.450804077429999950e-01 -4.738218631250000201e-01
-3.025639832509999794e-01 -6.739281668119999624e-01
-3.318681261870000121e-01 -8.017401158300000441e-01
-3.447817683050000137e-01 -9.115164912430000488e-01
-1.274260895940000082e-01 -4.990315507020000041e-01
-2.014813087300000027e-01 -7.353454588229999533e-01
-2.517908164289999751e-01 -8.767456115109999448e-01
-2.864458429310000054e-01 -1.000000000000000000e+00
-1.051690052300000011e-02 -4.670287307089999729e-01
-6.272871549700000104e-02 -5.463911634070000023e-01
-8.477440503199999700e-02 -4.067343948750000160e-01
-8.550199224799999442e-02 -3.141083752880000080e-01
9.870464424500000056e-02 -3.975199314799999772e-01
3.585042749399999784e-02 -4.396531770670000228e-01
-2.490051994000000001e-03 -3.429055583980000210e-01
-1.377383966000000036e-02 -2.731558816990000138e-01
-1.271027035079999867e-01 -7.090181946199999863e-02
-2.104818389010000013e-01 -2.275916774910000107e-01
-1.361143904469999943e-01 -3.665549968089999999e-01
-4.681208053900000332e-02 -4.653629195039999944e-01
-2.458346183809999863e-01 -4.753116942219999808e-01
-3.025011099420000238e-01 -6.766460042759999682e-01
-3.270719530569999867e-01 -8.060854161179999977e-01
-3.349975196860000004e-01 -9.178076057049999736e-01
-1.276871496310000020e-01 -5.005365032769999445e-01
-2.037276243080000104e-01 -7.385267281020000407e-01
-2.520096139049999850e-01 -8.783274675800000209e-01
-2.833636971360000145e-01 -1.000000000000000000e+00
-9.381885346000000750e-03 -4.690883945700000113e-01
-5.921870825299999780e-02 -5.566849322989999571e-01
-7.992362228799999857e-02 -4.119469790399999942e-01
-7.906008223299999804e-02 -3.165449124379999812e-01
1.017318136689999986e-01 -3.999939673649999805e-01
3.612047996500000052e-02 -4.421995375259999972e-01
-3.310877449999999876e-04 -3.406548831349999751e-01
-8.758144077000000818e-03 -2.700941750620000081e-01
-1.252345819279999939e-01 -7.518712031799999751e-02
-2.051682447959999878e-01 -2.320343685029999936e-01
-1.323208963109999969e-01 -3.704888215420000241e-01
-4.412302074999999851e-02 -4.677304471129999919e-01
-2.434978921979999988e-01 -4.788738107830000090e-01
-2.982802058919999943e-01 -6.822358023919999903e-01
-3.199486510810000128e-01 -8.109082204919999537e-01
-3.252634479150000035e-01 -9.211149993349999621e-01
-1.271261175170000091e-01 -5.009422347099999895e-01
-2.000163819130000020e-01 -7.386401299820000155e-01
-2.442854571699999977e-01 -8.780504388019999551e-01
-2.723839024249999907e-01 -1.000000000000000000e+00
-1.173029828099999942e-02 -4.664558811689999973e-01
-5.539305656299999686e-02 -5.543887525030000152e-01
-7.541683948600000353e-02 -4.122354118450000104e-01
-7.605429033699999397e-02 -3.199999304069999773e-01
9.592130503800000429e-02 -3.935908901549999839e-01
3.523396337200000034e-02 -4.439444404990000037e-01
4.435051200000000117e-05 -3.445501821079999805e-01
-9.407344845000000302e-03 -2.732428006000000020e-01
-1.253573571780000062e-01 -7.765510823200000301e-02
-2.029414354459999903e-01 -2.363983384630000129e-01
-1.274966910839999967e-01 -3.746553560020000062e-01
-3.890836928400000228e-02 -4.689987433069999767e-01
-2.355606642920000104e-01 -4.804569899760000040e-01
-2.889888506930000101e-01 -6.833452363899999993e-01
-3.106428857979999791e-01 -8.106555231240000214e-01
-3.164154584750000221e-01 -9.196200537159999744e-01
-1.193996393339999962e-01 -5.016843294909999473e-01
-1.865748089339999971e-01 -7.399987930060000219e-01
-2.313723541190000066e-01 -8.795814554090000126e-01
-2.587624304710000045e-01 -1.000000000000000000e+00
-4.487236785999999811e-03 -4.665654588300000016e-01
-4.836576165200000277e-02 -5.595525713060000017e-01
-7.328301826800000252e-02 -4.195049068930000180e-01
-7.478308250100000609e-02 -3.265514737249999855e-01
1.035342580150000052e-01 -3.940266015560000001e-01
4.161330316899999882e-02 -4.480935418199999964e-01
3.464387105000000210e-03 -3.530334224350000216e-01
-5.697355555000000252e-03 -2.827164892249999784e-01
-1.257356441880000120e-01 -7.901663351000000335e-02
-2.036771967319999932e-01 -2.350428929039999892e-01
-1.296002652259999888e-01 -3.722732887199999841e-01
-3.861328428599999918e-02 -4.655095430780000210e-01
-2.318046249650000112e-01 -4.794063851939999732e-01
-2.833407810829999818e-01 -6.801687591170000324e-01
-3.036565156909999952e-01 -8.063778787519999547e-01
-3.070616859210000271e-01 -9.148430281680000054e-01
-1.167173469560000010e-01 -5.001360132509999890e-01
-1.833838773139999934e-01 -7.382061835480000500e-01
-2.264905892930000053e-01 -8.780663354819999711e-01
-2.529849800810000104e-01 -1.000000000000000000e+00
-1.877635630999999975e-03 -4.651891270280000268e-01
-4.527713845300000012e-02 -5.639092575570000543e-01
-6.813496761300000260e-02 -4.244361311350000054e-01
-6.842439617800000207e-02 -3.308034914080000277e-01
1.055535525769999983e-01 -3.919847825089999849e-01
4.329009246300000169e-02 -4.450884267879999800e-01
4.669508095000000220e-03 -3.481111378430000181e-01
-5.027090952999999779e-03 -2.768070258900000025e-01
-1.266518903180000044e-01 -8.072809676400000134e-02
-2.015801993430000050e-01 -2.395984141820000080e-01
-1.266401941589999913e-01 -3.796826500409999916e-01
-3.524016600899999851e-02 -4.699309380989999951e-01
-2.281768433949999952e-01 -4.841111143569999942e-01
-2.793132955820000207e-01 -6.862634307249999566e-01
-2.986882244969999989e-01 -8.117820596770000119e-01
-3.025035839840000129e-01 -9.181814926189999504e-01
-1.135634661180000005e-01 -5.040160480950000021e-01
-1.800435911030000002e-01 -7.426764785380000067e-01
-2.217529389540000007e-01 -8.800674024329999678e-01
-2.472349510899999880e-01 -1.000000000000000000e+00
-1.562070295999999940e-03 -4.662439349160000246e-01
-4.081046184099999807e-02 -5.678734600970000157e-01
-6.413950648199999438e-02 -4.278556029560000029e-01
-6.611232900900000653e-02 -3.364185570659999902e-01
1.026747036159999932e-01 -3.878584462079999740e-01
4.677803520399999998e-02 -4.525699189919999976e-01
1.038546591800000064e-02 -3.568414980210000143e-01
1.373454656000000062e-03 -2.848939310590000162e-01
-1.288231730030000022e-01 -8.393128192399999798e-02
-2.029780800759999893e-01 -2.444622460089999894e-01
-1.271204611969999898e-01 -3.837800847130000137e-01
-3.600545312299999884e-02 -4.743835766710000068e-01
-2.258285052210000088e-01 -4.836123982169999724e-01
-2.750167864410000274e-01 -6.861693731279999708e-01
-2.935825411019999942e-01 -8.122919221350000107e-01
-2.964893190239999976e-01 -9.198694302950000123e-01
-1.106882898889999939e-01 -5.027089897719999589e-01
-1.731418304940000041e-01 -7.417823736799999956e-01
-2.142423971940000116e-01 -8.805130938780000305e-01
-2.386178314290000047e-01 -1.000000000000000000e+00
1.664585065000000067e-03 -4.656484343469999843e-01
-3.957979727899999661e-02 -5.707620434810000143e-01
-6.663243133599999757e-02 -4.324162095579999754e-01
-6.913647094600000598e-02 -3.394963136449999919e-01
1.046371308579999992e-01 -3.897859095649999772e-01
4.376765188299999720e-02 -4.508837553050000224e-01
1.606471310000000003e-03 -3.566575263940000018e-01
-1.066364681100000038e-02 -2.851816058609999982e-01
-1.264642058409999881e-01 -8.536290405999999442e-02
-2.003624205810000114e-01 -2.454012242430000101e-01
-1.263754566480000119e-01 -3.872698144780000185e-01
-3.655180901700000318e-02 -4.806997318099999750e-01
-2.209643110620000128e-01 -4.815005475699999926e-01
-2.692193566559999973e-01 -6.848460556759999873e-01
-2.859024625029999989e-01 -8.102506940889999676e-01
-2.877841016339999780e-01 -9.157688734860000013e-01
-1.087202557070000020e-01 -4.998843391309999995e-01
-1.695210242980000059e-01 -7.399643972730000074e-01
-2.097868398499999898e-01 -8.791492858030000024e-01
-2.342950768579999954e-01 -1.000000000000000000e+00
7.795147509999999580e-04 -4.635123418689999775e-01
-4.136307284599999995e-02 -5.732984591659999740e-01
-6.780474438300000684e-02 -4.337788684050000176e-01
-6.975404200500000262e-02 -3.396121284699999965e-01
1.033753550550000067e-01 -3.877375053029999963e-01
4.379367110400000235e-02 -4.606831233329999886e-01
3.302347275999999946e-03 -3.689436167569999925e-01
-6.846546620999999916e-03 -2.950913689319999977e-01
-1.285892630259999891e-01 -8.489236540500000316e-02
-2.058657066529999968e-01 -2.490391248069999952e-01
-1.320107257900000053e-01 -3.931180874760000221e-01
-4.114501048099999947e-02 -4.844166638249999823e-01
-2.206268762960000018e-01 -4.841455310850000249e-01
-2.676800576469999804e-01 -6.888527368529999695e-01
-2.834291788769999765e-01 -8.146840235569999811e-01
-2.830842869529999750e-01 -9.204237600610000181e-01
-1.074233877280000027e-01 -5.021487630919999612e-01
-1.675146639660000103e-01 -7.397756561730000069e-01
-2.079165130329999889e-01 -8.801596449799999888e-01
-2.300900893170000072e-01 -1.000000000000000000e+00
2.428965202000000004e-03 -4.664559712990000162e-01
-4.282072883000000163e-02 -5.722445243399999493e-01
-7.342464870900000662e-02 -4.320502923230000181e-01
-7.625239519800000587e-02 -3.381841738229999783e-01
1.021053204379999968e-01 -3.933858784729999947e-01
3.607877812000000184e-02 -4.598583778499999997e-01
-6.816582960999999913e-03 -3.645076224470000237e-01
-1.730941398300000003e-02 -2.893763969559999816e-01
-1.301361790599999957e-01 -8.806794560899999791e-02
-2.065272755829999918e-01 -2.506385687700000142e-01
-1.351553078219999982e-01 -3.943992598139999806e-01
-4.297244652900000100e-02 -4.831089495840000247e-01
-2.204211627719999955e-01 -4.848908616050000009e-01
-2.702105645710000115e-01 -6.864547391549999933e-01
-2.874435512410000171e-01 -8.111640783260000154e-01
-2.874566431589999915e-01 -9.163271551189999808e-01
-1.099271834170000017e-01 -5.025412582310000431e-01
-1.698250466450000051e-01 -7.389044425470000510e-01
-2.106730893930000015e-01 -8.787189114640000520e-01
-2.320270872970000009e-01 -1.000000000000000000e+00
-1.436417528000000004e-03 -4.667398793099999943e-01
-4.311342485700000310e-02 -5.774689426539999504e-01
-7.245084983499999742e-02 -4.346339342309999965e-01
-7.336659340899999437e-02 -3.418057855519999744e-01
9.932540293500000117e-02 -3.921500023830000181e-01
3.842597801500000076e-02 -4.696486270560000231e-01
-2.300694253000000120e-03 -3.735269904140000041e-01
-1.020677091700000066e-02 -2.971778120470000006e-01
-1.348990393810000077e-01 -8.657357506399999958e-02
-2.141981281750000021e-01 -2.504633193810000269e-01
-1.464086385839999949e-01 -4.006284922159999984e-01
-5.207191847599999812e-02 -4.948525861049999919e-01
-2.259588570670000018e-01 -4.842186610209999742e-01
-2.749593565439999998e-01 -6.898768151099999857e-01
-2.906569781039999856e-01 -8.143255676159999457e-01
-2.895778967600000087e-01 -9.189088062979999805e-01
-1.144805648229999945e-01 -5.023041510010000099e-01
-1.753211099729999889e-01 -7.401232440160000481e-01
-2.127884198220000023e-01 -8.777040842829999523e-01
-2.311555505750000072e-01 -1.000000000000000000e+00
-5.466117809999999737e-03 -4.667446564869999759e-01
-4.351094169099999770e-02 -5.837710914070000090e-01
-7.434305371600000156e-02 -4.377123674100000250e-01
-7.838505014699999329e-02 -3.455270999580000169e-01
9.517276592699999704e-02 -3.907225904739999867e-01
3.743312780599999945e-02 -4.770253571029999806e-01
-2.205343534999999831e-03 -3.764399730760000229e-01
-9.777568633000000009e-03 -2.971401320359999820e-01
-1.375895071999999886e-01 -9.238014913700000330e-02
-2.216346873139999896e-01 -2.551646942790000150e-01
-1.610239708239999956e-01 -4.135170141830000201e-01
-7.164203465700000328e-02 -5.120427483539999880e-01
-2.346158924500000020e-01 -4.823853321270000216e-01
-2.869090953499999763e-01 -6.906706440809999847e-01
-3.024877052089999796e-01 -8.174158123129999787e-01
-3.015417783500000115e-01 -9.249237756720000148e-01
-1.275180862979999885e-01 -5.038289673079999753e-01
-1.938303652579999869e-01 -7.408370116260000193e-01
-2.302344576719999869e-01 -8.755712676669999972e-01
-2.502526264739999839e-01 -1.000000000000000000e+00
-2.050873918700000034e-02 -4.746824861369999815e-01
-6.084875889000000010e-02 -6.017203056050000054e-01
-8.264489683299999778e-02 -4.501283292489999810e-01
-8.330814265899999516e-02 -3.574948945129999833e-01
8.414615494200000656e-02 -4.045446491329999783e-01
2.764313204599999976e-02 -5.117236412290000480e-01
-6.206951789999999927e-03 -4.121854010580000005e-01
-9.920443532999999314e-03 -3.280253060130000065e-01
-1.418547555340000099e-01 -8.961853772300000520e-02
-2.280808277830000119e-01 -2.542793496410000187e-01
-1.681025597889999890e-01 -4.126543602709999981e-01
-7.876138094300000336e-02 -5.127825373550000121e-01
-2.432252775469999906e-01 -4.821926784969999824e-01
-2.927189453099999783e-01 -6.877359012089999668e-01
-3.070178805720000237e-01 -8.146461833110000272e-01
-3.026914371619999766e-01 -9.213734416130000549e-01
-1.362515613489999888e-01 -5.035925030269999825e-01
-2.019573008749999954e-01 -7.403504915049999857e-01
-2.392711764159999865e-01 -8.773142446999999677e-01
-2.566763719319999915e-01 -1.000000000000000000e+00
-2.795453628500000134e-02 -4.749265860649999893e-01
-6.473080516500000214e-02 -6.005833811309999604e-01
-8.912807074499999593e-02 -4.475746724729999793e-01
-9.173884394999999581e-02 -3.546315014420000078e-01
7.714360210699999776e-02 -4.064651647229999831e-01
1.921009440600000145e-02 -5.124160416220000513e-01
-1.545762255700000067e-02 -4.098259792669999846e-01
-1.918560625899999941e-02 -3.245625054749999849e-01
-1.397412321610000119e-01 -9.744693452399999511e-02
-2.276004384180000117e-01 -2.554271321870000278e-01
-1.735724302040000111e-01 -4.185161813080000015e-01
-8.400604564899999405e-02 -5.280076931480000013e-01
-2.417481071960000116e-01 -4.828689970119999786e-01
-2.914542497420000156e-01 -6.939949534629999972e-01
-3.050602071090000034e-01 -8.187562658929999904e-01
-3.003691737840000209e-01 -9.236993871140000145e-01
-1.350707864429999960e-01 -5.032866644140000512e-01
-2.021067923290000012e-01 -7.422509257989999831e-01
-2.366600884360000046e-01 -8.732615420189999700e-01
-2.569015050890000040e-01 -1.000000000000000000e+00
-2.772590027599999840e-02 -4.754654545470000104e-01
-6.683867734899999469e-02 -6.077298928009999823e-01
-8.607975687999999681e-02 -4.481059952950000036e-01
-8.812120806600000356e-02 -3.576343993910000019e-01
8.072722413199999447e-02 -4.056472725279999803e-01
2.143108623299999974e-02 -5.255730247940000321e-01
-1.211540848799999917e-02 -4.193959338739999820e-01
-1.657817059299999951e-02 -3.310042377379999734e-01
-1.396375042499999886e-01 -9.955368739500000674e-02
-2.275192784470000118e-01 -2.578182948220000270e-01
-1.738661567839999977e-01 -4.218611436299999906e-01
-8.589328397999999865e-02 -5.321302548690000078e-01
-2.387928001600000127e-01 -4.774651991969999787e-01
-2.910956127900000134e-01 -6.914028074820000036e-01
-3.064024494079999883e-01 -8.158830713629999787e-01
-3.041614052539999835e-01 -9.221651380569999557e-01
-1.333609359969999963e-01 -4.993086140379999760e-01
-2.010666852240000080e-01 -7.415879840419999924e-01
-2.384956020760000128e-01 -8.739266764519999509e-01
-2.601150904639999983e-01 -1.000000000000000000e+00
-2.811298731099999906e-02 -4.726273384560000235e-01
-6.774085087999999477e-02 -6.076131986880000113e-01
-8.667208655800000272e-02 -4.498684884670000050e-01
-8.828007363199999458e-02 -3.626125607830000264e-01
7.967203764899999374e-02 -4.040145306110000112e-01
1.658368991899999978e-02 -5.272970886679999580e-01
-1.250349098800000031e-02 -4.201467163170000130e-01
-1.240242031999999953e-02 -3.304487077409999918e-01
-1.405821091920000099e-01 -9.795330112599999473e-02
-2.276209069600000079e-01 -2.571372378110000079e-01
-1.770718227610000028e-01 -4.226904670600000191e-01
-9.501280616399999934e-02 -5.328361569159999478e-01
-2.418149142369999949e-01 -4.778424416170000133e-01
-2.943150058430000215e-01 -6.909720391050000465e-01
-3.083587096639999747e-01 -8.161035221179999688e-01
-3.055165300530000017e-01 -9.222816229929999832e-01
-1.383300052839999961e-01 -4.996864419600000051e-01
-2.063690018700000128e-01 -7.406944542940000487e-01
-2.432210716140000006e-01 -8.742156975470000146e-01
-2.653318973109999868e-01 -1.000000000000000000e+00
-3.391215616700000296e-02 -4.736753762040000204e-01
-7.478398659299999307e-02 -6.106435318070000395e-01
-9.163336513399999994e-02 -4.551449061330000156e-01
-9.179370514000000092e-02 -3.659181710589999859e-01
7.265577899899999803e-02 -4.063805836819999739e-01
1.160632152700000023e-02 -5.322194598759999451e-01
-1.963739750099999931e-02 -4.303593398550000226e-01
-2.064022632400000154e-02 -3.416669592720000259e-01
-1.416694165350000090e-01 -9.920743471399999514e-02
-2.288043512730000006e-01 -2.612335466240000015e-01
-1.750615838900000110e-01 -4.256259836290000043e-01
-9.422929983800000520e-02 -5.336728163149999649e-01
-2.438179644729999984e-01 -4.843180490189999965e-01
-2.933263530779999795e-01 -6.937647848910000192e-01
-3.078095163840000037e-01 -8.184510795030000008e-01
-3.041427783980000243e-01 -9.241791586469999542e-01
-1.389244064040000004e-01 -5.060493843779999557e-01
-2.053896790920000104e-01 -7.432015144929999817e-01
-2.428097878899999895e-01 -8.770314793729999669e-01
-2.626545050569999984e-01 -1.000000000000000000e+00
-3.284547351599999970e-02 -4.801571856949999884e-01
-7.246720927600000528e-02 -6.122914683550000348e-01
-9.279642917899999510e-02 -4.570487350840000129e-01
-9.408746699200000452e-02 -3.665905676519999878e-01
7.491676525200000047e-02 -4.146447982940000276e-01
1.319571463099999953e-02 -5.345545376529999837e-01
-1.963688749300000064e-02 -4.304193397630000084e-01
-2.157081424099999839e-02 -3.404151673890000174e-01
-1.441315542109999903e-01 -9.881232578599999372e-02
-2.328197108850000030e-01 -2.617134498450000013e-01
-1.825579549319999995e-01 -4.285003865720000138e-01
-1.042699731310000044e-01 -5.398594574820000380e-01
-2.481630023130000084e-01 -4.816410906390000135e-01
-2.991641424520000148e-01 -6.907188962700000490e-01
-3.122943655550000086e-01 -8.159769483259999845e-01
-3.075650348849999771e-01 -9.223279701779999451e-01
-1.444152793290000014e-01 -5.040452685409999578e-01
-2.144981117489999922e-01 -7.411205771919999741e-01
-2.509115273959999781e-01 -8.747236260959999621e-01
-2.713985146530000225e-01 -1.000000000000000000e+00
-3.839623632699999678e-02 -4.794329825429999858e-01
-7.939250087099999909e-02 -6.131616337540000128e-01
-9.570483510400000504e-02 -4.569118982350000024e-01
-9.549972962100000684e-02 -3.663900687780000109e-01
7.034380248600000107e-02 -4.151718473009999855e-01
9.744711565999999991e-03 -5.375456034960000018e-01
-2.154872434799999861e-02 -4.349559080559999846e-01
-2.330786968599999828e-02 -3.460053862510000244e-01
-1.451256374209999866e-01 -1.018820750720000057e-01
-2.318029812700000136e-01 -2.665267511719999760e-01
-1.813302420210000099e-01 -4.340121653449999783e-01
-1.053742382509999936e-01 -5.497171150620000502e-01
-2.502670710839999813e-01 -4.908121131100000034e-01
-2.985641788030000132e-01 -6.996596247209999619e-01
-3.126462459109999870e-01 -8.245706246149999696e-01
-3.094122687449999964e-01 -9.303542208930000168e-01
-1.428660301749999917e-01 -5.132395736599999481e-01
-2.133538624080000001e-01 -7.520374018400000082e-01
-2.500171568360000096e-01 -8.808044439569999717e-01
-2.724382956190000149e-01 -1.000000000000000000e+00
-3.528112333499999753e-02 -4.869964075379999979e-01
-8.349567065900000140e-02 -6.266770846879999857e-01
-1.003903581279999985e-01 -4.709827102490000139e-01
-9.839538446800000226e-02 -3.814912049120000037e-01
7.509083373300000364e-02 -4.189056888550000135e-01
6.720950833999999978e-03 -5.431452132620000484e-01
-2.222047770800000127e-02 -4.381824560199999996e-01
-1.929309053500000148e-02 -3.487022732510000056e-01
-1.458787882650000034e-01 -1.023295950190000053e-01
-2.349534933280000015e-01 -2.670476717490000151e-01
-1.846295813649999895e-01 -4.359603896350000007e-01
-1.078334522130000028e-01 -5.524870781549999776e-01
-2.504200864660000025e-01 -4.875688136549999885e-01
-2.977574136730000154e-01 -6.943656582720000303e-01
-3.116278128450000184e-01 -8.184585114200000344e-01
-3.092253189090000132e-01 -9.244583580649999854e-01
-1.433892602980000042e-01 -5.115922961200000119e-01
-2.142956433859999898e-01 -7.495935482319999732e-01
-2.501931898909999785e-01 -8.778444141300000281e-01
-2.750386181830000165e-01 -1.000000000000000000e+00
-3.616371607700000212e-02 -4.879272114270000182e-01
-8.416611882400000522e-02 -6.261869432040000349e-01
-9.904554898100000060e-02 -4.696078784420000263e-01
-9.890720668100000390e-02 -3.809259983659999960e-01
7.453736171699999746e-02 -4.237481660860000221e-01
7.720311141999999967e-03 -5.484442714739999891e-01
-2.102530584099999988e-02 -4.438394396979999934e-01
-2.163372058100000023e-02 -3.543525898659999895e-01
-1.473732298409999864e-01 -1.034283917380000029e-01
-2.335881279710000091e-01 -2.669576356669999817e-01
-1.867380388210000131e-01 -4.350084781740000128e-01
-1.138784238869999937e-01 -5.511584524449999467e-01
-2.474929605120000098e-01 -4.835780498039999875e-01
-2.949128104359999836e-01 -6.908113419539999578e-01
-3.087231970539999759e-01 -8.160399306029999522e-01
-3.064711025299999836e-01 -9.225735626309999882e-01
-1.423411510469999863e-01 -5.063696455709999489e-01
-2.106427427589999957e-01 -7.451012670440000374e-01
-2.484080155810000079e-01 -8.767680453930000173e-01
-2.726393135219999930e-01 -1.000000000000000000e+00
-3.637169174200000077e-02 -4.822983075430000155e-01
-8.148085918799999328e-02 -6.251592889529999919e-01
-9.955488108599999664e-02 -4.702603246040000240e-01
-9.878508384699999367e-02 -3.796335110949999869e-01
7.372127657499999431e-02 -4.177776694800000024e-01
9.792090365000000532e-03 -5.458029908100000549e-01
-2.265118616099999829e-02 -4.439427791819999802e-01
-2.300790841400000147e-02 -3.541768402630000034e-01
-1.452568005010000107e-01 -1.053931111040000007e-01
-2.329909638500000102e-01 -2.695756220230000055e-01
-1.855777748150000128e-01 -4.404155350699999749e-01
-1.130692901700000030e-01 -5.597320995619999850e-01
-2.469610370370000085e-01 -4.878506275089999900e-01
-2.943095588790000106e-01 -6.991431881459999609e-01
-3.073942035569999787e-01 -8.239712559070000442e-01
-3.043468174230000156e-01 -9.294656821069999797e-01
-1.404384309220000071e-01 -5.096382562769999902e-01
-2.103750829909999953e-01 -7.484353289199999759e-01
-2.462338313840000126e-01 -8.768008438219999645e-01
-2.713067494909999766e-01 -1.000000000000000000e+00
-3.409971225899999930e-02 -4.851049267870000126e-01
-8.321302264499999546e-02 -6.275249362189999625e-01
-9.800746030599999381e-02 -4.705405854899999962e-01
-9.596374313399999578e-02 -3.807605241109999761e-01
7.661469333400000581e-02 -4.206326840890000085e-01
9.159447234999999743e-03 -5.507637460930000506e-01
-2.158540946299999930e-02 -4.482051819849999785e-01
-2.155219088100000097e-02 -3.579263677730000204e-01
-1.451187660469999974e-01 -1.021957342759999970e-01
-2.337030233200000084e-01 -2.689284542779999954e-01
-1.840139040219999911e-01 -4.400002048950000244e-01
-1.118091031420000020e-01 -5.602622693669999654e-01
-2.473094411879999954e-01 -4.863921276309999819e-01
-2.928900999619999945e-01 -6.969197265109999817e-01
-3.057508012879999737e-01 -8.217082625610000468e-01
-3.024354234580000078e-01 -9.270081083390000476e-01
-1.401469640859999977e-01 -5.084800909429999516e-01
-2.114382748499999964e-01 -7.471049572629999691e-01
-2.461061258599999968e-01 -8.759562002830000305e-01
-2.702188499709999858e-01 -1.000000000000000000e+00
-3.337356610699999948e-02 -4.837547687880000002e-01
-8.157438266399999471e-02 -6.251288893759999743e-01
-9.399465464400000303e-02 -4.706472765190000129e-01
-9.233876804599999710e-02 -3.827270307510000080e-01
7.669921018700000259e-02 -4.196904643959999959e-01
9.289520969000000794e-03 -5.467328452149999851e-01
-1.853736731099999910e-02 -4.438489104419999776e-01
-1.857686018600000072e-02 -3.547435938540000055e-01
-1.451817218769999862e-01 -1.050378963749999950e-01
-2.323019757179999867e-01 -2.680076649900000052e-01
-1.878876001869999868e-01 -4.377764876999999943e-01
-1.170828080909999958e-01 -5.590448871769999606e-01
-2.443466354250000139e-01 -4.843127502510000126e-01
-2.925159499059999946e-01 -6.947860247089999719e-01
-3.061002605870000171e-01 -8.190258031399999528e-01
-3.043568600730000018e-01 -9.249133804570000006e-01
-1.390768589699999946e-01 -5.067432497810000491e-01
-2.080159630270000115e-01 -7.467524582010000023e-01
-2.453512706010000100e-01 -8.763373544260000259e-01
-2.720185194090000147e-01 -1.000000000000000000e+00
-3.406038338700000112e-02 -4.824095443240000169e-01
-8.396808969699999514e-02 -6.266927584520000094e-01
-1.001989393119999960e-01 -4.715501474770000256e-01
-9.869047449199999655e-02 -3.827421871830000155e-01
7.536795645400000410e-02 -4.172153618459999991e-01
8.022181357000000498e-03 -5.493448592320000490e-01
-2.361465984899999843e-02 -4.472244748179999840e-01
-2.360057882799999895e-02 -3.565714282469999996e-01
-1.438129287419999958e-01 -1.083153412820000022e-01
-2.281559099790000100e-01 -2.746246423370000134e-01
-1.798083304189999898e-01 -4.493313449960000261e-01
-1.092023683969999964e-01 -5.725596908159999998e-01
-2.487097405129999883e-01 -4.879463487919999953e-01
-2.912303611959999872e-01 -7.005668436499999929e-01
-3.039303679590000251e-01 -8.258461738839999455e-01
-3.007067305239999877e-01 -9.314317407879999511e-01
-1.399688483690000040e-01 -5.084157292659999827e-01
-2.090999016910000119e-01 -7.472519217619999488e-01
-2.407770839920000128e-01 -8.727659888859999882e-01
-2.669283571209999928e-01 -1.000000000000000000e+00
-3.290394556299999773e-02 -4.823618863079999763e-01
-7.687913203500000570e-02 -6.275163999249999680e-01
-8.902331078700000122e-02 -4.728365480050000236e-01
-9.028920479700000556e-02 -3.858440374020000174e-01
7.779957738199999584e-02 -4.165692920349999828e-01
1.580342742799999839e-02 -5.460017181349999804e-01
-1.401277515800000012e-02 -4.452739338080000109e-01
-1.845997049699999934e-02 -3.572784002359999933e-01
