-1.643612944860000091e-01 -1.054527868429999959e-01
-2.479190631119999877e-01 -2.549284301799999986e-01
-2.202148003430000056e-01 -4.150292698720000062e-01
-1.173227030709999980e-01 -4.809448600849999811e-01
-1.959345684250000108e-01 -4.853349683709999862e-01
-2.383949612869999957e-01 -6.923516325859999654e-01
-2.496286616060000019e-01 -8.099371852669999816e-01
-2.492201008069999946e-01 -9.158592872909999683e-01
-1.010213258469999931e-01 -5.028988779249999874e-01
-1.385446223379999953e-01 -7.366130700449999846e-01
-1.666403618410000065e-01 -8.648382710090000147e-01
-1.838341497429999971e-01 -1.000000000000000000e+00
-1.095452814300000056e-02 -4.727131214859999764e-01
-4.306032168400000110e-02 -6.567199328639999889e-01
-8.568142395599999406e-02 -5.093770166269999677e-01
-9.579221114300000284e-02 -4.138291142480000073e-01
7.290466167499999595e-02 -3.972137676510000270e-01
2.743608266599999873e-02 -5.506285793970000508e-01
-2.625463343200000119e-02 -4.646425889269999998e-01
-3.754812798200000273e-02 -3.754552233089999969e-01
-1.637894594429999962e-01 -1.028212638040000015e-01
-2.479488116390000108e-01 -2.538118780340000158e-01
-2.211473576200000124e-01 -4.151117957029999972e-01
-1.199414203259999978e-01 -4.887426532670000046e-01
-1.950051326989999945e-01 -4.833745881290000268e-01
-2.375831210990000109e-01 -6.903158732149999866e-01
-2.502234334690000006e-01 -8.064658156849999759e-01
-2.527539990930000036e-01 -9.116544436950000385e-01
-9.987330782200000423e-02 -5.009735217870000534e-01
-1.348140393679999882e-01 -7.375599520610000015e-01
-1.648244921719999867e-01 -8.655086219869999598e-01
-1.848028753510000122e-01 -1.000000000000000000e+00
-1.020689281100000019e-02 -4.715520708129999905e-01
-4.606650562100000207e-02 -6.571236053069999805e-01
-9.253258817600000519e-02 -5.092954034559999954e-01
-1.047833229670000060e-01 -4.156395431970000276e-01
7.257347527999999381e-02 -3.969002855730000001e-01
2.321082416399999904e-02 -5.494623218540000131e-01
-3.089430320899999929e-02 -4.606317802029999964e-01
-4.130595105599999678e-02 -3.710554587320000208e-01
-1.657269585860000061e-01 -1.016996919520000014e-01
-2.527013023410000225e-01 -2.534927596809999906e-01
-2.284761723690000024e-01 -4.162272456219999750e-01
-1.254227024260000101e-01 -4.879911415550000076e-01
-1.977503151710000018e-01 -4.844779006839999846e-01
-2.421878076179999895e-01 -6.895116910320000514e-01
-2.557422084920000227e-01 -8.051858123870000439e-01
-2.591963784369999968e-01 -9.104479100390000523e-01
-1.027416605489999968e-01 -5.027089770739999741e-01
-1.381331569379999902e-01 -7.382756717820000425e-01
-1.700006088259999881e-01 -8.666803424010000034e-01
-1.916898441940000086e-01 -1.000000000000000000e+00
-1.243999809099999992e-02 -4.733887885340000157e-01
-4.903904117900000081e-02 -6.556564708819999643e-01
-9.303195592500000666e-02 -5.061235891099999940e-01
-1.025651458499999974e-01 -4.098770046569999992e-01
7.130203242400000307e-02 -3.998192569260000107e-01
2.296087252499999856e-02 -5.520342645950000460e-01
-3.079732736800000134e-02 -4.638024447490000091e-01
-4.091045617099999671e-02 -3.742667098210000209e-01
-1.631207670329999915e-01 -9.991936026999999332e-02
-2.507677741970000262e-01 -2.515634541969999916e-01
-2.213165802169999863e-01 -4.121726739270000217e-01
-1.181087937469999932e-01 -4.866542422710000149e-01
-1.973542414929999878e-01 -4.857602898410000036e-01
-2.391644269940000067e-01 -6.919995857759999591e-01
-2.513348074530000198e-01 -8.084373648510000399e-01
-2.531203788440000158e-01 -9.136925880699999780e-01
-1.001108715030000068e-01 -5.029262966269999469e-01
-1.348462420650000104e-01 -7.384349092069999454e-01
-1.651864215169999983e-01 -8.665390725170000197e-01
-1.858681678349999866e-01 -1.000000000000000000e+00
-8.296419917999999991e-03 -4.732106538049999922e-01
-4.573268222199999844e-02 -6.556504538990000075e-01
-8.852972560199999508e-02 -5.058835700710000438e-01
-9.833623408699999902e-02 -4.103328660230000091e-01
7.643208274200000152e-02 -3.985871771380000150e-01
2.586271684800000095e-02 -5.490437014129999627e-01
-2.693157953700000065e-02 -4.593022380760000134e-01
-3.727818636599999902e-02 -3.692518566210000186e-01
-1.612344961759999973e-01 -9.792383482100000536e-02
-2.481553792929999946e-01 -2.542802437869999821e-01
-2.134851357439999930e-01 -4.123445402620000144e-01
-1.102679669609999968e-01 -4.890796510539999753e-01
-1.993333605300000033e-01 -4.865916830659999803e-01
-2.378410821949999976e-01 -6.886995662989999767e-01
-2.462561430840000121e-01 -8.077496524739999906e-01
-2.430517883080000052e-01 -9.142205018460000110e-01
-9.983431109300000550e-02 -5.035795337109999492e-01
-1.377858503290000092e-01 -7.360069865020000268e-01
-1.672530149510000064e-01 -8.665429624079999948e-01
-1.842784328319999887e-01 -1.000000000000000000e+00
-5.495253674000000199e-03 -4.734238482940000270e-01
-3.801877890099999990e-02 -6.544410569809999689e-01
-8.407607656299999344e-02 -5.033969830360000008e-01
-9.873091152400000070e-02 -4.048705001669999914e-01
8.175540487700000414e-02 -3.992064113720000251e-01
3.039500510300000014e-02 -5.411028800510000458e-01
-2.033983161199999848e-02 -4.487129700749999950e-01
-3.127627960700000292e-02 -3.582345734019999894e-01
-1.620665173660000014e-01 -1.012315542910000032e-01
-2.474790498839999908e-01 -2.528693546699999906e-01
-2.162990347519999912e-01 -4.119466287279999750e-01
-1.122158981440000008e-01 -4.854430478139999949e-01
-1.969090988330000069e-01 -4.834981212460000011e-01
-2.364744090080000138e-01 -6.874799189019999979e-01
-2.434737262839999916e-01 -8.068975730470000496e-01
-2.386735964889999950e-01 -9.136892992759999554e-01
-9.994912124200000525e-02 -4.997688929740000119e-01
-1.396836507910000080e-01 -7.320888567150000137e-01
-1.671351259559999969e-01 -8.631590287410000339e-01
-1.832629215970000003e-01 -1.000000000000000000e+00
-8.085722934000000653e-03 -4.694694564010000182e-01
-3.848395385799999874e-02 -6.527990160159999888e-01
-8.416501300699999466e-02 -5.009085824719999858e-01
-9.942591646199999689e-02 -4.028993716759999844e-01
7.696059945800000357e-02 -3.950362516129999890e-01
2.885831468399999850e-02 -5.449114000039999572e-01
-2.385800508000000125e-02 -4.539353570029999729e-01
-3.635572290999999900e-02 -3.623292757889999827e-01
-1.654396288930000125e-01 -9.982161837899999890e-02
-2.504158079459999908e-01 -2.514314882890000269e-01
-2.192234975179999934e-01 -4.093341385009999778e-01
-1.168306161419999933e-01 -4.814147113910000053e-01
-1.998131861699999900e-01 -4.849749139710000101e-01
-2.382014050809999894e-01 -6.857897574819999953e-01
-2.460874862290000076e-01 -8.047522715379999969e-01
-2.422011400830000050e-01 -9.111669264520000366e-01
-1.022713933150000004e-01 -5.019435830530000198e-01
-1.418277048630000037e-01 -7.332604137229999930e-01
-1.700164154469999966e-01 -8.642734388999999684e-01
-1.856425243279999915e-01 -1.000000000000000000e+00
-9.087507699000000119e-03 -4.712113207999999998e-01
-3.839812537600000020e-02 -6.549292801439999812e-01
-8.755721464299999479e-02 -5.058441530080000081e-01
-1.052598657219999956e-01 -4.072074950299999774e-01
7.659725130099999391e-02 -3.969339224940000022e-01
2.946798320199999974e-02 -5.431741205529999617e-01
-2.536911662099999853e-02 -4.544053051529999832e-01
-3.998864839699999701e-02 -3.645611698160000080e-01
-1.636733649530000001e-01 -9.671687135499999755e-02
-2.513674404419999897e-01 -2.482408242609999982e-01
-2.187739872689999920e-01 -4.058640402340000231e-01
-1.156673733039999957e-01 -4.779475061919999934e-01
-2.009193349579999899e-01 -4.830912648039999979e-01
-2.406759766790000088e-01 -6.835633251799999588e-01
-2.474028572149999938e-01 -8.022750653910000196e-01
-2.422151986839999882e-01 -9.081360376760000408e-01
-1.027591822649999986e-01 -5.017128032950000094e-01
-1.440333819700000129e-01 -7.329588081500000296e-01
-1.715646530090000066e-01 -8.646713329090000011e-01
-1.862821262469999961e-01 -1.000000000000000000e+00
-9.255852296999999423e-03 -4.721819834329999965e-01
-4.096148426300000311e-02 -6.527528478940000101e-01
-8.659903320600000065e-02 -5.026605369600000150e-01
-1.020495173599999944e-01 -4.046857058430000098e-01
7.636601243299999398e-02 -3.982491702920000209e-01
2.541882709799999848e-02 -5.406896747989999863e-01
-2.675910341400000031e-02 -4.488757684760000255e-01
-3.946774324700000336e-02 -3.578583177029999729e-01
-1.641210103690000088e-01 -1.014591848220000037e-01
-2.499627599120000099e-01 -2.526460957580000111e-01
-2.153103521799999975e-01 -4.135431317330000023e-01
-1.125638287210000005e-01 -4.863305652780000043e-01
-2.025606766480000098e-01 -4.836847593099999898e-01
-2.414504998639999955e-01 -6.879628730389999447e-01
-2.476827442550000036e-01 -8.077884810730000531e-01
-2.413096536269999925e-01 -9.136279267450000408e-01
-1.044296897480000014e-01 -5.017411326470000432e-01
-1.453741477640000113e-01 -7.337174047600000248e-01
-1.720706246439999976e-01 -8.644048380479999460e-01
-1.870580485230000090e-01 -1.000000000000000000e+00
-1.188672353999999966e-02 -4.722915351799999994e-01
-4.280999867799999831e-02 -6.547282681470000254e-01
-8.547807595799999936e-02 -5.029295227710000038e-01
-9.771321922100000001e-02 -4.045851497899999871e-01
7.470394361200000111e-02 -3.981480870169999964e-01
2.707291801499999914e-02 -5.488811115470000335e-01
-2.447398239599999845e-02 -4.588256336859999895e-01
-3.600025783699999787e-02 -3.673463051979999894e-01
-1.643103748720000090e-01 -1.023583326079999939e-01
-2.509484704880000083e-01 -2.508340439680000200e-01
-2.209411307770000055e-01 -4.104709228669999876e-01
-1.193521310700000060e-01 -4.824120076749999764e-01
-2.028808731139999932e-01 -4.845943352429999962e-01
-2.445225268110000072e-01 -6.881313231119999818e-01
-2.527530462029999869e-01 -8.070044336839999888e-01
-2.478125997700000027e-01 -9.123045080039999810e-01
-1.064814467500000000e-01 -5.022554595070000127e-01
-1.486472000940000093e-01 -7.333887910919999475e-01
-1.757712868609999923e-01 -8.639869277849999696e-01
-1.904260716310000046e-01 -1.000000000000000000e+00
-1.410973993400000022e-02 -4.724724078599999988e-01
-4.546388214500000219e-02 -6.544528691209999804e-01
-8.834929069699999638e-02 -5.041140429279999946e-01
-1.010299242809999942e-01 -4.064327307239999909e-01
7.244356794600000093e-02 -3.986121194200000217e-01
2.511052908799999914e-02 -5.493346050820000492e-01
-2.618719235599999834e-02 -4.599028777629999842e-01
-3.749437202900000182e-02 -3.688672323239999828e-01
-1.648438368759999884e-01 -1.044147010069999965e-01
-2.515753307179999787e-01 -2.569213174109999942e-01
-2.221410351599999999e-01 -4.182755323880000264e-01
-1.212088359510000019e-01 -4.923946743120000136e-01
-2.016613412009999884e-01 -4.853812405960000187e-01
-2.444960696540000034e-01 -6.903785841609999530e-01
-2.544265280990000155e-01 -8.096929527020000350e-01
-2.517232407380000092e-01 -9.161698800990000224e-01
-1.058243802260000060e-01 -5.029606689319999768e-01
-1.468645074019999941e-01 -7.357328543519999764e-01
-1.755519984159999991e-01 -8.654523603289999700e-01
-1.913736686380000107e-01 -1.000000000000000000e+00
-1.439603794599999924e-02 -4.736892960599999869e-01
-4.564945211000000225e-02 -6.552280902489999725e-01
-8.995857881299999803e-02 -5.043068717809999768e-01
-1.030605048369999943e-01 -4.065093305729999829e-01
7.197347265400000360e-02 -4.007203862829999963e-01
2.547968405200000050e-02 -5.530177321750000541e-01
-2.626759710300000106e-02 -4.638070326379999941e-01
-3.757451882500000007e-02 -3.726182884690000252e-01
-1.640662500910000099e-01 -1.048494937529999976e-01
-2.493385769539999963e-01 -2.545149268720000024e-01
-2.197971018069999893e-01 -4.160619759129999817e-01
-1.181548781239999957e-01 -4.910215510229999913e-01
-1.972469423260000132e-01 -4.847799299750000235e-01
-2.402042269019999954e-01 -6.903905850510000386e-01
-2.506378917539999751e-01 -8.080361584949999898e-01
-2.492179978680000019e-01 -9.129077973820000080e-01
-1.021262100950000029e-01 -5.014854775520000141e-01
-1.410150694800000049e-01 -7.353305772489999725e-01
-1.690908908110000108e-01 -8.645794994779999465e-01
-1.857911943670000066e-01 -1.000000000000000000e+00
-1.221122102300000074e-02 -4.712050630390000050e-01
-4.478213713999999734e-02 -6.559294498119999650e-01
-8.792533395599999579e-02 -5.043899972530000442e-01
-9.966432586300000285e-02 -4.076884097480000246e-01
7.227209776199999824e-02 -3.959767401939999765e-01
2.454308793400000049e-02 -5.523731918019999521e-01
-2.746410793199999950e-02 -4.623529214889999794e-01
-3.803812550400000048e-02 -3.701956958479999948e-01
-1.646793296150000085e-01 -1.055796664449999978e-01
-2.508105919609999734e-01 -2.555259265779999955e-01
-2.198736373159999868e-01 -4.177926609129999913e-01
-1.153434719959999938e-01 -4.878967614260000252e-01
-1.991928389529999954e-01 -4.857832851380000094e-01
-2.412443203369999956e-01 -6.918356172880000265e-01
-2.498402978379999917e-01 -8.101680780940000437e-01
-2.454555315630000123e-01 -9.148709980560000288e-01
-1.034256695219999966e-01 -5.026760877979999931e-01
-1.442682019150000050e-01 -7.360341754039999573e-01
-1.714266323460000019e-01 -8.651723390140000358e-01
-1.863506323930000097e-01 -1.000000000000000000e+00
-1.251023750500000059e-02 -4.723759574559999730e-01
-4.418856969599999768e-02 -6.559740547869999938e-01
-8.733033964200000165e-02 -5.041522395280000346e-01
-9.871460374500000412e-02 -4.071672499219999852e-01
7.300224305899999377e-02 -3.971667571709999733e-01
2.549418291299999917e-02 -5.534057218640000553e-01
-2.558016003000000010e-02 -4.630802236039999742e-01
-3.485154815100000025e-02 -3.708090345010000011e-01
-1.647713526450000077e-01 -1.045631697080000033e-01
-2.504165680550000106e-01 -2.522001988850000043e-01
-2.213806382700000130e-01 -4.139032598040000011e-01
-1.189715932329999948e-01 -4.890063686169999757e-01
-1.990365326630000042e-01 -4.828987206209999772e-01
-2.403780317289999913e-01 -6.895198762830000438e-01
-2.501568823409999753e-01 -8.069380389050000435e-01
-2.488069833259999863e-01 -9.122254117339999580e-01
-1.036237341340000007e-01 -5.003575012230000452e-01
-1.398169889089999895e-01 -7.362617548000000012e-01
-1.678755136689999983e-01 -8.652675673759999686e-01
-1.857578920079999973e-01 -1.000000000000000000e+00
-1.313436340600000057e-02 -4.707445291110000096e-01
-4.496129791100000189e-02 -6.553319685999999811e-01
-8.809092813600000182e-02 -5.049046347550000258e-01
-1.002224846530000019e-01 -4.082688465200000061e-01
7.330397684700000471e-02 -3.963478721159999774e-01
2.771256605000000164e-02 -5.525476293690000373e-01
-2.328230775699999949e-02 -4.633158842199999738e-01
-3.379267869299999727e-02 -3.714904488240000080e-01
-1.620967196670000110e-01 -1.045752386330000006e-01
-2.472585064120000065e-01 -2.531272472650000216e-01
-2.162353927710000123e-01 -4.136841218639999984e-01
-1.129052225729999942e-01 -4.851917281770000145e-01
-1.952688500520000092e-01 -4.841315332369999780e-01
-2.383943211510000104e-01 -6.910225901500000045e-01
-2.484968685529999888e-01 -8.076977339380000398e-01
-2.463075473180000030e-01 -9.119910079609999665e-01
-9.912956147000000218e-02 -5.014578931600000011e-01
-1.367821632210000082e-01 -7.360534994070000447e-01
-1.643753246899999909e-01 -8.651476478099999756e-01
-1.805990832100000110e-01 -1.000000000000000000e+00
-8.118552189000000779e-03 -4.712121090040000126e-01
-4.030482406199999840e-02 -6.551345109820000401e-01
-8.261666494300000385e-02 -5.037919835869999474e-01
-9.317717545400000523e-02 -4.065794544890000140e-01
7.794381303800000660e-02 -3.958939266550000058e-01
3.249022378400000244e-02 -5.506532605520000345e-01
-1.863335313699999995e-02 -4.612156278060000059e-01
-2.889972094300000127e-02 -3.699063386029999845e-01
-1.621635860170000110e-01 -1.021151306730000013e-01
-2.477230353069999891e-01 -2.494641626949999913e-01
-2.159480773390000108e-01 -4.084074066030000116e-01
-1.120849505320000022e-01 -4.792839751160000161e-01
-1.967161186459999989e-01 -4.823198946960000066e-01
-2.384353554020000043e-01 -6.867844270030000198e-01
-2.478894190379999918e-01 -8.034911274629999989e-01
-2.448112866720000003e-01 -9.071005607600000076e-01
-1.008867585989999954e-01 -4.999559366529999771e-01
-1.387604305340000010e-01 -7.342061910549999570e-01
-1.652533885849999939e-01 -8.646048888209999506e-01
-1.800480032070000125e-01 -1.000000000000000000e+00
-9.566364318000000408e-03 -4.697929002690000022e-01
-3.999064649999999749e-02 -6.515016398470000469e-01
-8.259248393000000188e-02 -5.007715837130000125e-01
-9.445627747300000543e-02 -4.041987317960000214e-01
7.693670412799999414e-02 -3.942194090589999922e-01
3.177602495799999871e-02 -5.474177128249999580e-01
-1.904810300399999851e-02 -4.578229745790000083e-01
-2.978989002399999933e-02 -3.668909312629999864e-01
-1.633190845649999945e-01 -1.039972080369999941e-01
-2.481491798029999973e-01 -2.522334326530000226e-01
-2.159243625299999969e-01 -4.111496635329999760e-01
-1.111895261100000060e-01 -4.817607351040000263e-01
-1.956770713240000015e-01 -4.853710005119999948e-01
-2.360631329289999969e-01 -6.890648549219999808e-01
-2.449940156169999883e-01 -8.061815889850000305e-01
-2.430786799999999914e-01 -9.104755804449999879e-01
-9.915910530999999528e-02 -5.020868021559999894e-01
-1.339393244450000076e-01 -7.353062602569999662e-01
-1.610095033149999966e-01 -8.656625327670000036e-01
-1.783256002270000029e-01 -1.000000000000000000e+00
-7.912625761000000382e-03 -4.709411307099999888e-01
-3.861888453600000048e-02 -6.540306211540000136e-01
-8.184087662000000263e-02 -5.040753510130000503e-01
-9.512891300900000457e-02 -4.060314985139999999e-01
7.731571219199999401e-02 -3.949542821129999881e-01
3.120442856800000053e-02 -5.473743535649999714e-01
-2.030631479999999919e-02 -4.571613864779999759e-01
-3.245997899699999689e-02 -3.645293846820000239e-01
-1.632050510209999972e-01 -1.041171339710000032e-01
-2.469424580640000033e-01 -2.533904748249999894e-01
-2.145268234449999867e-01 -4.118009064150000009e-01
-1.105793198579999997e-01 -4.823646515430000115e-01
-1.962712680539999976e-01 -4.859988328429999949e-01
-2.356086871180000097e-01 -6.889721641029999954e-01
-2.438100833519999955e-01 -8.070675401829999762e-01
-2.397396193559999944e-01 -9.120789256250000365e-01
-1.000678238820000010e-01 -5.023676659739999550e-01
-1.364480199199999966e-01 -7.340380178609999806e-01
-1.622338339209999925e-01 -8.648510827330000428e-01
-1.763857974999999967e-01 -1.000000000000000000e+00
-8.435220077000000344e-03 -4.711138664410000065e-01
-3.517601987800000191e-02 -6.523770031290000437e-01
-7.971776564099999907e-02 -5.048179269779999867e-01
-9.396638527799999752e-02 -4.070922663059999835e-01
7.811106655800000020e-02 -3.957482842760000064e-01
3.702392671500000232e-02 -5.477317199690000527e-01
-1.545465840500000014e-02 -4.617904816300000270e-01
-2.909054648700000120e-02 -3.721759472200000252e-01
-1.616200788409999922e-01 -1.032593231469999956e-01
-2.468144558919999898e-01 -2.537613481270000193e-01
-2.129721139100000105e-01 -4.114699379000000268e-01
-1.088066090310000067e-01 -4.827559669029999889e-01
-1.951408196689999874e-01 -4.876096458099999920e-01
-2.353276696720000005e-01 -6.904738033759999505e-01
-2.433757819800000111e-01 -8.089597453589999487e-01
-2.388954115999999961e-01 -9.145962548530000014e-01
-9.795901679599999801e-02 -5.041284479290000231e-01
-1.357226348370000057e-01 -7.352638120690000445e-01
-1.631602771400000040e-01 -8.654399292850000203e-01
-1.783431384439999878e-01 -1.000000000000000000e+00
-5.999391368999999578e-03 -4.734822094819999827e-01
-3.610210115100000172e-02 -6.502145029260000264e-01
-8.116387417600000320e-02 -4.985612874409999784e-01
-9.480753926200000126e-02 -4.008351542399999912e-01
8.036007170700000535e-02 -3.984248491199999798e-01
3.499520262099999751e-02 -5.471247318619999467e-01
-1.769861873300000027e-02 -4.575615494349999923e-01
-3.041843206200000108e-02 -3.671486024300000262e-01
-1.649032306210000132e-01 -1.044271564219999976e-01
-2.500243322119999889e-01 -2.514944705200000130e-01
-2.186461929659999914e-01 -4.113766216040000145e-01
-1.132721389259999933e-01 -4.795159687880000132e-01
-1.987825559109999973e-01 -4.846145840239999836e-01
-2.389457804150000031e-01 -6.880639137349999768e-01
-2.462918619070000037e-01 -8.057600471910000284e-01
-2.410430859799999881e-01 -9.105760513209999463e-01
-1.028684583830000027e-01 -5.014668227470000517e-01
-1.419181887469999903e-01 -7.334105717169999705e-01
-1.681473028609999920e-01 -8.642667948259999955e-01
-1.824978544480000131e-01 -1.000000000000000000e+00
-1.051639292899999960e-02 -4.707854357890000063e-01
-3.859847995000000032e-02 -6.511836128350000363e-01
-8.253573202300000522e-02 -4.999187478659999906e-01
-9.586766296500000284e-02 -4.017330982410000084e-01
7.649295847400000570e-02 -3.962266940040000129e-01
3.291281825600000238e-02 -5.471145370459999935e-01
-1.882744477099999869e-02 -4.576532068740000181e-01
-3.069665357299999897e-02 -3.667529397459999840e-01
-1.663620884950000045e-01 -1.016695380030000068e-01
-2.503308699910000157e-01 -2.519175516580000052e-01
-2.192595936950000046e-01 -4.104129411579999775e-01
-1.163658392270000008e-01 -4.848501586460000068e-01
-1.970274384519999922e-01 -4.853583837580000004e-01
-2.352863793639999868e-01 -6.873605045149999704e-01
-2.442719941279999918e-01 -8.062289446560000350e-01
-2.426037936469999934e-01 -9.129667248139999858e-01
-1.000622097960000012e-01 -5.013358045139999497e-01
-1.343410713169999882e-01 -7.336228985680000036e-01
-1.629867959869999994e-01 -8.656722705510000448e-01
-1.805420927770000072e-01 -1.000000000000000000e+00
-8.587026454000000128e-03 -4.700409852179999737e-01
-3.784500945299999752e-02 -6.501053724069999484e-01
-8.652595065099999427e-02 -5.010682333489999696e-01
-1.024550738440000025e-01 -4.031356858979999735e-01
7.608733973799999828e-02 -3.957984922960000040e-01
3.097154583100000108e-02 -5.438264858029999704e-01
-2.360036381899999897e-02 -4.545123515510000045e-01
-3.732841231899999834e-02 -3.640234658109999799e-01
-1.653424580020000090e-01 -1.031954838089999965e-01
-2.501908701109999966e-01 -2.514186745529999878e-01
-2.189675072230000130e-01 -4.116309367639999772e-01
-1.147791334870000013e-01 -4.835423535250000238e-01
-1.959467442670000115e-01 -4.842051397870000273e-01
-2.350707733290000045e-01 -6.878364487110000258e-01
-2.435846969909999937e-01 -8.057722315469999508e-01
-2.417598691249999987e-01 -9.108025779230000119e-01
-1.004206160120000024e-01 -4.997937100079999917e-01
-1.339149624990000065e-01 -7.328888539079999598e-01
-1.615262956550000129e-01 -8.648902467310000119e-01
-1.797733179069999909e-01 -1.000000000000000000e+00
-9.367947862999999320e-03 -4.684492363700000217e-01
-3.797825458600000148e-02 -6.501308338300000322e-01
-8.270425920500000527e-02 -5.001258966570000242e-01
-9.754748418399999954e-02 -4.021395637230000264e-01
7.572790974099999350e-02 -3.944109918570000151e-01
3.167837957700000290e-02 -5.458380132319999856e-01
-2.056164936400000157e-02 -4.551368737450000035e-01
-3.369761945599999975e-02 -3.628638734519999964e-01
-1.658271623539999962e-01 -1.029964820729999952e-01
-2.502939101130000066e-01 -2.509553921670000243e-01
-2.187200936729999934e-01 -4.111563493409999825e-01
-1.117872052729999982e-01 -4.835045692819999741e-01
-1.974032851020000034e-01 -4.828762321680000191e-01
-2.356768601030000132e-01 -6.859653240349999903e-01
-2.426888268590000064e-01 -8.044716608549999926e-01
-2.381573271990000129e-01 -9.100544366089999837e-01
-1.015809361769999947e-01 -4.992058805319999903e-01
-1.361188854279999916e-01 -7.319705326990000316e-01
-1.608547625170000106e-01 -8.642469114790000129e-01
-1.752224018009999884e-01 -1.000000000000000000e+00
-1.006736346499999962e-02 -4.680836721259999944e-01
-3.603223908699999811e-02 -6.508775839279999920e-01
-8.236411979299999853e-02 -5.003118210650000508e-01
-9.971486950699999519e-02 -4.012149432339999766e-01
7.504732502600000577e-02 -3.939124146299999851e-01
3.281711408299999716e-02 -5.460328596489999464e-01
-1.951769072399999957e-02 -4.552988849019999895e-01
-3.395392619499999765e-02 -3.624652144930000097e-01
-1.638652085529999913e-01 -9.974882592000000603e-02
-2.490388346509999906e-01 -2.477385280699999914e-01
-2.167818924090000043e-01 -4.061411365050000000e-01
-1.083739631739999987e-01 -4.748530613329999817e-01
-1.942951064439999986e-01 -4.840210290149999928e-01
-2.319200055060000043e-01 -6.884664807899999461e-01
-2.397173601560000089e-01 -8.060901280540000435e-01
-2.352470307149999995e-01 -9.100327568039999759e-01
-9.836136176500000217e-02 -5.001918752720000416e-01
-1.303319997859999912e-01 -7.333804307400000333e-01
-1.535563439419999898e-01 -8.653200805020000441e-01
-1.669489312349999866e-01 -1.000000000000000000e+00
-7.290106145000000044e-03 -4.686186731490000201e-01
-3.278918713199999863e-02 -6.494342325859999709e-01
-7.625347876000000691e-02 -5.000963086240000077e-01
-9.212453330099999727e-02 -4.016939237720000277e-01
7.657724457900000337e-02 -3.934198900709999780e-01
3.596656380899999894e-02 -5.432940161329999906e-01
-1.657636146099999985e-02 -4.531861435480000200e-01
-3.239696156099999835e-02 -3.609924250079999952e-01
-1.616506000959999911e-01 -1.012585859209999967e-01
-2.463399951199999882e-01 -2.493393720600000085e-01
-2.131956336159999965e-01 -4.091167630629999885e-01
-1.052576468460000025e-01 -4.779007474770000097e-01
-1.901686811140000100e-01 -4.821256074440000150e-01
-2.275366676460000015e-01 -6.881981392439999734e-01
-2.326942973460000008e-01 -8.064982156419999715e-01
-2.247526577539999959e-01 -9.100672931840000368e-01
-9.475981130600000246e-02 -4.976163381789999729e-01
-1.279766442930000137e-01 -7.316860987740000377e-01
-1.486853542999999889e-01 -8.641695431020000040e-01
-1.588164776359999864e-01 -1.000000000000000000e+00
-4.144978843999999781e-03 -4.653781626979999753e-01
-2.901257701999999938e-02 -6.489083259789999447e-01
-7.135522713099999581e-02 -4.955238947250000248e-01
-8.604938902299999470e-02 -3.961164514689999860e-01
7.924532422400000498e-02 -3.894727338880000223e-01
3.664509161400000131e-02 -5.421115213280000011e-01
-1.461057594900000076e-02 -4.496113253619999917e-01
-2.846478360399999977e-02 -3.564357796720000193e-01
-1.571533568679999993e-01 -1.011357016919999935e-01
-2.388761179459999995e-01 -2.538915864249999821e-01
-1.991605711480000096e-01 -4.072937069229999874e-01
-9.043984169200000589e-02 -4.716045256049999912e-01
-1.824344153449999895e-01 -4.888498919029999890e-01
-2.175234275129999950e-01 -6.941668719139999499e-01
-2.237850989160000137e-01 -8.117527043769999784e-01
-2.173777996709999882e-01 -9.149494798449999688e-01
-8.494403590500000656e-02 -5.030113687449999649e-01
-1.124836616640000064e-01 -7.367516781409999549e-01
-1.333307921759999959e-01 -8.673393891059999472e-01
-1.431858550079999903e-01 -1.000000000000000000e+00
5.430843389999999611e-03 -4.696332719549999868e-01
-1.651882345699999879e-02 -6.502699490600000187e-01
-6.298361800799999466e-02 -5.021948754639999901e-01
-8.043257007399999547e-02 -4.054897786850000241e-01
8.740179079899999814e-02 -3.919243008889999880e-01
4.717201808299999882e-02 -5.412808994910000004e-01
-5.899198167000000229e-03 -4.516583981330000164e-01
-2.234015796900000114e-02 -3.605257653769999848e-01
-1.539738265960000074e-01 -1.019551071350000004e-01
-2.353228934250000126e-01 -2.549257503880000275e-01
-1.941178913050000121e-01 -4.106119288080000151e-01
-8.424043819899999785e-02 -4.768028209979999765e-01
-1.755787387999999949e-01 -4.860293471430000012e-01
-2.060136206619999910e-01 -6.922289391220000088e-01
-2.091879387049999928e-01 -8.090917870289999758e-01
-2.003605430450000058e-01 -9.115561595660000016e-01
-7.841728369799999543e-02 -4.997677369460000185e-01
-1.031709670200000040e-01 -7.342520219920000146e-01
-1.232146854019999932e-01 -8.659074564569999577e-01
-1.318749642760000118e-01 -1.000000000000000000e+00
1.185100615099999970e-02 -4.650889445629999841e-01
-8.321926905000000610e-03 -6.461052852159999693e-01
-5.439146251399999688e-02 -4.963114696540000259e-01
-7.049239590500000485e-02 -3.992369513169999884e-01
9.425676329500000394e-02 -3.853181564650000057e-01
5.454796156100000237e-02 -5.329389068290000253e-01
2.864859196000000066e-03 -4.414031806209999798e-01
-1.196065844300000028e-02 -3.496317405939999845e-01
-1.545292310209999964e-01 -1.026608951859999952e-01
-2.343730842089999933e-01 -2.556570355750000245e-01
-1.900909114909999920e-01 -4.076130960509999901e-01
-7.971660390500000248e-02 -4.695353130000000097e-01
-1.741591985160000078e-01 -4.904418822850000192e-01
-2.018488865009999966e-01 -6.959749629650000546e-01
-2.033025586849999955e-01 -8.131151187890000021e-01
-1.923614316220000064e-01 -9.157656131760000262e-01
-7.497717802999999404e-02 -5.028360716090000126e-01
-9.658695690000000666e-02 -7.361302815660000221e-01
-1.133291617779999955e-01 -8.664820043299999996e-01
-1.182539401650000016e-01 -1.000000000000000000e+00
1.580279442799999851e-02 -4.671098081219999809e-01
-3.104766944999999816e-03 -6.463159623130000364e-01
-5.242792450799999698e-02 -4.992809243810000241e-01
-7.022651672499999331e-02 -4.041999967739999811e-01
9.707605126899999937e-02 -3.863058070889999751e-01
5.842469143299999779e-02 -5.320631838920000245e-01
4.368592444000000095e-03 -4.426122666349999735e-01
-1.225990987100000068e-02 -3.524177885449999992e-01
-1.506531555320000104e-01 -1.026014731360000015e-01
-2.287893107739999987e-01 -2.575204419089999752e-01
-1.811201035630000122e-01 -4.106216050909999860e-01
-7.057302622800000480e-02 -4.766807390450000237e-01
-1.666418155440000104e-01 -4.880840187880000069e-01
-1.917066657690000009e-01 -6.957987772670000126e-01
-1.918475928429999866e-01 -8.120163605379999705e-01
-1.800745155909999895e-01 -9.136735390389999489e-01
-6.643293325500000679e-02 -5.002892574620000365e-01
-8.486050884800000471e-02 -7.359551179600000159e-01
-1.016535608809999991e-01 -8.662655207270000268e-01
-1.072424943089999999e-01 -1.000000000000000000e+00
2.330137294900000086e-02 -4.640613630159999836e-01
3.021768447000000146e-03 -6.423256924260000167e-01
-4.731147910399999962e-02 -4.944143080230000153e-01
-6.464967112399999660e-02 -4.010249899530000106e-01
1.029261944710000015e-01 -3.813571152410000220e-01
6.308288988299999567e-02 -5.268753965669999983e-01
9.229666904000000810e-03 -4.365729961029999884e-01
-6.832754122000000291e-03 -3.465305839999999749e-01
-1.501127739449999998e-01 -1.041201904229999975e-01
-2.263105714560000037e-01 -2.608768366599999999e-01
-1.734157104279999972e-01 -4.098781362750000268e-01
-6.505888611400000021e-02 -4.761871571060000141e-01
-1.634669646620000028e-01 -4.924159326290000194e-01
-1.838475601929999981e-01 -6.976686542340000408e-01
-1.822600711690000042e-01 -8.149530097420000230e-01
-1.694342915640000002e-01 -9.184057742010000025e-01
-6.228361604399999807e-02 -5.031452110180000270e-01
-7.778187077800000071e-02 -7.366937386330000281e-01
-9.409668470000000229e-02 -8.678721838680000245e-01
-9.804214144700000577e-02 -1.000000000000000000e+00
2.855089213999999903e-02 -4.660584074090000084e-01
9.366391478000000645e-03 -6.367558844589999989e-01
-4.207058593500000165e-02 -4.909756111590000138e-01
-5.863043206199999857e-02 -3.987252396109999819e-01
1.094512198609999959e-01 -3.841076056159999919e-01
7.077441374600000612e-02 -5.250519408499999541e-01
1.541008954299999921e-02 -4.376211697380000265e-01
-1.559454040000000105e-03 -3.508768690449999839e-01
-1.476235821080000010e-01 -1.047204310649999942e-01
-2.233152589450000114e-01 -2.606947643649999979e-01
-1.703584668879999930e-01 -4.072347654199999778e-01
-6.199108831599999675e-02 -4.724663899259999855e-01
-1.566833152990000089e-01 -4.964217966030000095e-01
-1.754214464749999924e-01 -7.011427879249999551e-01
-1.726059968180000126e-01 -8.187370428619999974e-01
-1.584899169619999881e-01 -9.217286480949999916e-01
-5.608894760199999857e-02 -5.048540425690000166e-01
-7.160128956899999841e-02 -7.368386583129999945e-01
-8.719767000299999404e-02 -8.678815312619999611e-01
-9.052237345499999921e-02 -1.000000000000000000e+00
3.450490684799999846e-02 -4.665119264109999775e-01
1.294836373899999928e-02 -6.367614008809999726e-01
-3.883188977100000133e-02 -4.908240618940000188e-01
-5.517849867099999805e-02 -3.998276921630000147e-01
1.147559764389999987e-01 -3.831667278759999795e-01
7.255919930500000226e-02 -5.234315668960000112e-01
1.800483919899999868e-02 -4.333075550969999745e-01
2.911401624000000202e-03 -3.455325633610000224e-01
-1.466440242529999938e-01 -1.046122035579999943e-01
-2.237538315000000000e-01 -2.597022637020000024e-01
-1.692645267539999998e-01 -4.007932416889999905e-01
-5.870471829499999961e-02 -4.630135112570000211e-01
-1.561000915830000058e-01 -4.972568830460000200e-01
-1.728427176339999982e-01 -6.997552657019999733e-01
-1.696941751690000111e-01 -8.172558583860000114e-01
-1.561844488309999945e-01 -9.203300565959999791e-01
-5.383700217299999813e-02 -5.057117799920000101e-01
-6.526048160200000059e-02 -7.385774670929999841e-01
-8.173882264399999487e-02 -8.702336442839999631e-01
-8.652398595099999867e-02 -1.000000000000000000e+00
3.731529029100000283e-02 -4.654872924010000079e-01
1.761255614799999911e-02 -6.304497605940000415e-01
-3.531282063400000004e-02 -4.845800959270000208e-01
-5.242052217200000169e-02 -3.924430340869999867e-01
1.181621429770000065e-01 -3.792667734340000041e-01
7.877942343700000682e-02 -5.149654285920000074e-01
2.428418983899999911e-02 -4.257855748620000269e-01
7.769824578000000120e-03 -3.394252767729999953e-01
-1.476853161960000049e-01 -1.063200367319999950e-01
-2.238840003710000082e-01 -2.577248945060000018e-01
-1.706825375690000091e-01 -3.977510344260000164e-01
-6.065676334500000322e-02 -4.593421638619999969e-01
-1.561747326369999911e-01 -4.980534549239999942e-01
-1.713211937499999893e-01 -7.008354802470000422e-01
-1.674963356830000138e-01 -8.179246348059999727e-01
-1.537882024259999980e-01 -9.213241902659999871e-01
-5.515211853500000261e-02 -5.056462814909999937e-01
-6.495301969099999406e-02 -7.381959015090000520e-01
-7.964610184400000570e-02 -8.691212391170000107e-01
-8.397299103399999409e-02 -1.000000000000000000e+00
3.521444897199999674e-02 -4.651207666889999870e-01
1.810568392300000023e-02 -6.314095183419999868e-01
-3.434553162500000173e-02 -4.859502638779999995e-01
-5.300447302300000108e-02 -3.942158369259999851e-01
1.157135725489999989e-01 -3.782372693630000060e-01
8.026963466700000327e-02 -5.184664162269999599e-01
2.536663323000000123e-02 -4.296161744890000245e-01
7.042593762999999757e-03 -3.418723833469999862e-01
-1.474127605430000099e-01 -1.061413417189999986e-01
-2.223046621779999898e-01 -2.586895041250000249e-01
-1.661986947580000040e-01 -4.017207352630000061e-01
-5.545786959900000229e-02 -4.622482298239999898e-01
-1.546671137189999934e-01 -4.953416648069999817e-01
-1.706028649939999864e-01 -7.001446115099999590e-01
-1.644846524699999923e-01 -8.184292850679999454e-01
-1.471794350789999983e-01 -9.225639829670000402e-01
-5.458618155100000008e-02 -5.028988351099999976e-01
-6.763537084000000033e-02 -7.338978650290000072e-01
-7.975401232300000087e-02 -8.666415760129999590e-01
-8.007559540099999651e-02 -1.000000000000000000e+00
3.541410426199999989e-02 -4.628223526499999907e-01
1.761136499299999908e-02 -6.291284232349999561e-01
-3.399307981500000048e-02 -4.834557083120000209e-01
-5.095186365400000000e-02 -3.924313971980000204e-01
1.148101544609999997e-01 -3.775891308629999998e-01
7.851744500900000034e-02 -5.169439007739999870e-01
2.393324893499999828e-02 -4.282223256059999872e-01
6.985353191000000239e-03 -3.413097753389999767e-01
-1.478944523340000039e-01 -1.070895295270000019e-01
-2.219948735130000128e-01 -2.603896365009999991e-01
-1.662664423059999896e-01 -4.039595651230000195e-01
-5.409811241700000078e-02 -4.660544189420000039e-01
-1.536962910790000136e-01 -4.969057141600000116e-01
-1.692384127980000041e-01 -7.020398604430000411e-01
-1.629118986670000102e-01 -8.202123606090000463e-01
-1.455622288039999934e-01 -9.236637476579999673e-01
-5.348985872800000180e-02 -5.025214302079999973e-01
-6.713199253300000668e-02 -7.330421512439999621e-01
-7.846434335900000223e-02 -8.652876023590000409e-01
-7.860937817099999947e-02 -1.000000000000000000e+00
3.617200089599999918e-02 -4.608050512660000209e-01
2.246758181100000015e-02 -6.312128909109999686e-01
-2.895309234700000137e-02 -4.840975783379999897e-01
-4.732418979700000333e-02 -3.915618618819999841e-01
1.155343488100000066e-01 -3.734047146860000055e-01
8.184024377199999867e-02 -5.167956289120000379e-01
2.768628498400000151e-02 -4.277769907119999826e-01
1.002053485699999982e-02 -3.397162516619999795e-01
-1.441083316089999955e-01 -1.059912896149999978e-01
-2.174785432630000070e-01 -2.614388684810000085e-01
-1.579464158860000023e-01 -4.061314804439999926e-01
-4.760463442300000292e-02 -4.705217913609999747e-01
-1.488990403780000027e-01 -4.955816336489999863e-01
-1.621783312160000046e-01 -7.025269173970000169e-01
-1.553502680939999880e-01 -8.201577010120000288e-01
-1.377836110940000025e-01 -9.227737810430000076e-01
-4.745574222599999864e-02 -5.022124210049999649e-01
-5.920722516000000157e-02 -7.355867892330000268e-01
-7.136298110800000372e-02 -8.671518486470000120e-01
-7.208390587000000627e-02 -1.000000000000000000e+00
4.240709435500000096e-02 -4.618589900719999863e-01
2.590832954299999991e-02 -6.296331543780000484e-01
-2.499802772200000051e-02 -4.820627594040000075e-01
-4.085536648399999693e-02 -3.915632615799999883e-01
1.211873756170000066e-01 -3.756253688130000157e-01
8.414468548100000056e-02 -5.146076964029999701e-01
3.171026448300000300e-02 -4.230615401569999823e-01
1.702346910099999944e-02 -3.355178210620000101e-01
-1.455046047399999876e-01 -1.050083007699999932e-01
-2.206228017669999986e-01 -2.589377049330000014e-01
-1.623011680639999954e-01 -3.987952861430000273e-01
-5.282564190700000245e-02 -4.613220360559999733e-01
-1.511436826310000037e-01 -5.000882256580000407e-01
-1.612684934339999876e-01 -7.019733381189999788e-01
-1.545469353239999899e-01 -8.187725306090000155e-01
-1.377343515249999928e-01 -9.216822622429999834e-01
-4.873602815199999660e-02 -5.066415364849999881e-01
-5.715123467000000207e-02 -7.378817140529999596e-01
-7.057761982999999351e-02 -8.694852301719999677e-01
-7.235007863799999828e-02 -1.000000000000000000e+00
4.249734523600000313e-02 -4.653414633369999942e-01
2.418387551500000149e-02 -6.268351154979999729e-01
-2.960699999099999924e-02 -4.809654958699999816e-01
-4.751789068699999868e-02 -3.899697164579999931e-01
1.220897766079999947e-01 -3.788984379750000020e-01
8.355401052699999720e-02 -5.107229785060000138e-01
2.789080664100000023e-02 -4.204065511980000225e-01
9.678175472000000515e-03 -3.346297967069999935e-01
-1.446451333630000002e-01 -1.016471817440000036e-01
-2.224895870199999903e-01 -2.555003224230000258e-01
-1.622339638420000063e-01 -3.928642384250000119e-01
-5.004882292599999866e-02 -4.552868844049999808e-01
-1.516602177230000070e-01 -4.998086662560000115e-01
-1.619629036530000066e-01 -7.011423329529999915e-01
-1.554002778090000092e-01 -8.184695459399999873e-01
-1.393425710979999954e-01 -9.213195289079999517e-01
-4.802070145199999890e-02 -5.062283388080000002e-01
-5.556857046400000277e-02 -7.379633084600000226e-01
-6.919062536299999677e-02 -8.711050454830000511e-01
-7.139703325599999761e-02 -1.000000000000000000e+00
4.347835247899999728e-02 -4.639357530950000141e-01
2.533631544899999852e-02 -6.213353023930000552e-01
-2.689713201000000151e-02 -4.740120152730000203e-01
-4.438644625100000157e-02 -3.812314385600000244e-01
1.241958107420000068e-01 -3.765121322130000059e-01
8.542499770700000272e-02 -5.067690328939999933e-01
3.087544758400000144e-02 -4.148676675540000081e-01
1.229612259100000028e-02 -3.281697048130000072e-01
-1.440873009950000005e-01 -1.036879171010000045e-01
-2.215792559520000093e-01 -2.582547459960000125e-01
-1.632993113790000006e-01 -3.983063029830000157e-01
-5.112947684000000020e-02 -4.604279973889999766e-01
-1.506883984060000126e-01 -4.977353246539999998e-01
-1.622366701819999979e-01 -7.009244300339999567e-01
-1.550952434550000036e-01 -8.175618458150000212e-01
-1.385641499149999900e-01 -9.201523945659999537e-01
-4.838088160299999774e-02 -5.046899577210000043e-01
-5.634084234199999985e-02 -7.362358904589999531e-01
-7.011804519700000349e-02 -8.692073704099999576e-01
-7.245927849800000431e-02 -1.000000000000000000e+00
4.182234150300000175e-02 -4.629246714290000120e-01
2.308265914899999827e-02 -6.203050293640000046e-01
-2.786961395700000149e-02 -4.735839216280000041e-01
-4.305940955399999853e-02 -3.815184125589999864e-01
1.219625365219999952e-01 -3.753317484450000019e-01
8.506586470400000211e-02 -5.081947363130000506e-01
3.038792183500000146e-02 -4.180527337389999820e-01
1.280264689699999944e-02 -3.316625229790000073e-01
-1.439561418320000064e-01 -1.042438996919999999e-01
-2.226245928020000042e-01 -2.533729179509999763e-01
-1.695645021320000001e-01 -3.930678951850000158e-01
-5.736002208100000194e-02 -4.538066462179999871e-01
-1.503536635359999929e-01 -4.979901980440000209e-01
-1.627689530189999900e-01 -7.023046935529999590e-01
-1.561859296960000087e-01 -8.187689709069999600e-01
-1.404141740289999996e-01 -9.215395707919999957e-01
-5.031675141599999818e-02 -5.039370595509999884e-01
-5.862501058200000198e-02 -7.354074672899999499e-01
-7.195095023200000217e-02 -8.676042509210000198e-01
-7.510531423400000628e-02 -1.000000000000000000e+00
3.877575815499999939e-02 -4.615802450620000164e-01
2.019271675100000121e-02 -6.235203603710000042e-01
-3.111858844099999952e-02 -4.764291575149999791e-01
-4.783001308399999901e-02 -3.848613305420000019e-01
1.182131110880000058e-01 -3.723809900219999802e-01
8.258502523499999803e-02 -5.110302284159999875e-01
2.740900644499999830e-02 -4.215374715929999794e-01
9.213504499000000139e-03 -3.338567818429999945e-01
