-1.480520593540000096e-01 -1.097500993030000038e-01
-2.271718536479999939e-01 -2.661234874460000066e-01
-1.822503905669999869e-01 -4.307193112809999946e-01
-7.853694356500000306e-02 -4.998447669009999927e-01
-1.701685405679999874e-01 -4.939639438899999790e-01
-2.002954869130000037e-01 -6.908182192830000234e-01
-2.005771372369999916e-01 -8.097066891830000390e-01
-1.899031910850000060e-01 -9.128828195039999649e-01
-6.979137555799999615e-02 -5.050109810839999991e-01
-1.065131823930000055e-01 -7.299240304270000479e-01
-1.210987343619999990e-01 -8.633781047549999865e-01
-1.254642398730000108e-01 -1.000000000000000000e+00
2.859545717800000136e-02 -4.690249229980000267e-01
1.985373956799999992e-02 -6.451601255879999552e-01
-2.150153556299999949e-02 -4.956598822669999738e-01
-4.017424660800000130e-02 -3.882425273110000075e-01
1.186305554089999992e-01 -3.929974445789999882e-01
9.195152772600000135e-02 -5.244574480220000057e-01
3.138644844099999776e-02 -4.357556304599999875e-01
2.250420376000000170e-03 -3.456515728619999894e-01
-1.481085610410000086e-01 -1.116740716880000039e-01
-2.268726352200000074e-01 -2.672439907990000196e-01
-1.816218081519999916e-01 -4.312205876949999905e-01
-7.531662337399999685e-02 -4.977269685290000023e-01
-1.678832340139999879e-01 -4.934697724720000234e-01
-1.978345298630000137e-01 -6.919752527989999624e-01
-1.966235394779999868e-01 -8.115431932240000368e-01
-1.843193303220000134e-01 -9.144075652619999550e-01
-6.817238714899999386e-02 -5.037376502370000120e-01
-1.021927429610000049e-01 -7.296335521479999642e-01
-1.143431168050000057e-01 -8.635165419600000503e-01
-1.166767545519999949e-01 -1.000000000000000000e+00
2.883558267499999883e-02 -4.672262679049999923e-01
2.265440880099999985e-02 -6.433029226040000159e-01
-2.015193223499999950e-02 -4.958554042830000119e-01
-4.036052245400000016e-02 -3.903716122179999859e-01
1.169328506150000002e-01 -3.903020235779999791e-01
9.309119053200000382e-02 -5.230592320729999800e-01
3.272309525500000094e-02 -4.356852911529999761e-01
3.198436990000000195e-03 -3.458573883000000126e-01
-1.498898444700000054e-01 -1.128625784680000049e-01
-2.246627693959999950e-01 -2.674639997109999889e-01
-1.758558896930000059e-01 -4.274801639249999896e-01
-6.894482114599999323e-02 -4.932314033449999857e-01
-1.676156934739999882e-01 -4.934205431590000246e-01
-1.963357855700000043e-01 -6.912278723120000024e-01
-1.952500105770000050e-01 -8.101055671110000134e-01
-1.837200952680000110e-01 -9.128456947159999668e-01
-6.728829275400000087e-02 -5.043835615109999448e-01
-9.877178670399999749e-02 -7.320741975940000534e-01
-1.126395517249999950e-01 -8.657976883960000203e-01
-1.165546115279999934e-01 -1.000000000000000000e+00
3.087444981499999977e-02 -4.686209098840000142e-01
2.309341898299999835e-02 -6.449935254690000175e-01
-2.097424196599999985e-02 -5.019306405490000511e-01
-4.085308027500000189e-02 -3.972370509670000160e-01
1.203056854690000010e-01 -3.926894102940000075e-01
9.571743497000000100e-02 -5.260073029320000426e-01
3.420158883200000166e-02 -4.425462622810000246e-01
5.030840400999999663e-03 -3.540461458599999944e-01
-1.520894893449999952e-01 -1.141066423949999992e-01
-2.273235583550000105e-01 -2.693337098010000208e-01
-1.804215576269999899e-01 -4.294729326500000277e-01
-7.566645449499999343e-02 -4.957934019179999763e-01
-1.728236361680000055e-01 -4.982998052379999931e-01
-2.047217977640000131e-01 -6.933781878300000479e-01
-2.058363244389999902e-01 -8.130721780299999812e-01
-1.969256399379999967e-01 -9.168811473329999684e-01
-7.216012361599999370e-02 -5.086357408639999855e-01
-1.048512809439999943e-01 -7.339373787449999798e-01
-1.192742332369999964e-01 -8.674034309239999629e-01
-1.239445493580000057e-01 -1.000000000000000000e+00
2.715330578600000030e-02 -4.713534061479999759e-01
1.995203298100000147e-02 -6.494678020780000338e-01
-2.343064394199999984e-02 -5.076038964450000357e-01
-4.288050158199999823e-02 -3.999682590599999976e-01
1.180299029559999935e-01 -3.947243693329999803e-01
9.318428662600000689e-02 -5.245849975809999677e-01
3.188999389500000309e-02 -4.416554219420000260e-01
2.774932172000000100e-03 -3.534618263370000180e-01
-1.594061585559999883e-01 -1.162933466039999947e-01
-2.348381423869999873e-01 -2.711690338020000257e-01
-1.892169717370000004e-01 -4.362646909219999869e-01
-8.388720594500000127e-02 -5.037090552830000290e-01
-1.817381626300000053e-01 -4.965584913419999746e-01
-2.148589498819999943e-01 -6.933582148029999725e-01
-2.174352292239999929e-01 -8.141659316499999521e-01
-2.094045554010000032e-01 -9.187881970619999894e-01
-8.109570543600000403e-02 -5.077336759470000294e-01
-1.186067211969999979e-01 -7.322642978169999761e-01
-1.346527392669999990e-01 -8.663692450769999720e-01
-1.393089839720000056e-01 -1.000000000000000000e+00
1.901699603399999855e-02 -4.709669793740000054e-01
1.087279228699999933e-02 -6.509375230630000120e-01
-3.252693062999999912e-02 -5.078015965900000150e-01
-5.091485755200000213e-02 -3.986881829650000264e-01
1.102558211439999963e-01 -3.958690588650000119e-01
8.428746976100000288e-02 -5.287201682759999910e-01
2.288510830999999912e-02 -4.446359292240000260e-01
-4.172123558999999739e-03 -3.545180603459999746e-01
-1.537058324489999905e-01 -1.126192431990000048e-01
-2.311987476769999938e-01 -2.681709744390000094e-01
-1.865294955969999946e-01 -4.338770223730000208e-01
-8.227342754300000227e-02 -5.051960142200000448e-01
-1.804359233429999876e-01 -4.940304732790000153e-01
-2.173177487590000068e-01 -6.919753982770000533e-01
-2.213963658810000068e-01 -8.125987301179999900e-01
-2.134494014730000111e-01 -9.159362030280000511e-01
-8.045294542799999449e-02 -5.062883490559999533e-01
-1.219192912170000004e-01 -7.319219837649999505e-01
-1.393110825009999942e-01 -8.655942094940000109e-01
-1.451534752089999880e-01 -1.000000000000000000e+00
1.904633085500000156e-02 -4.709883067089999931e-01
9.171015349000000150e-03 -6.470734722200000011e-01
-3.143663156700000211e-02 -5.026082218799999835e-01
-4.835355629899999730e-02 -3.958310676039999976e-01
1.109054655580000021e-01 -3.960320213669999978e-01
8.634055146699999572e-02 -5.290453374779999773e-01
2.736401419899999951e-02 -4.446580474769999958e-01
1.653552268999999983e-03 -3.556356822189999933e-01
-1.572652625600000076e-01 -1.133718865009999965e-01
-2.357321255629999945e-01 -2.685240725809999729e-01
-1.917368494260000000e-01 -4.356472485530000216e-01
-8.910676252900000260e-02 -5.078907018599999601e-01
-1.899555884019999974e-01 -4.921928922070000212e-01
-2.263168017889999883e-01 -6.925935428260000526e-01
-2.308539033810000085e-01 -8.143487961309999745e-01
-2.243965469289999903e-01 -9.200069430999999742e-01
-8.913287775200000318e-02 -5.064324075410000514e-01
-1.292935771410000101e-01 -7.329767413769999740e-01
-1.491068162810000042e-01 -8.659061406729999799e-01
-1.574945694279999975e-01 -1.000000000000000000e+00
1.083345642999999914e-02 -4.725816023380000064e-01
-2.074081128000000111e-03 -6.496676850589999663e-01
-4.315538014899999997e-02 -5.061189488049999685e-01
-5.812051835499999763e-02 -3.997662256539999959e-01
1.045013566979999947e-01 -3.987196644429999992e-01
7.672094627000000666e-02 -5.327423280959999730e-01
1.858470807200000158e-02 -4.499413016000000098e-01
-4.512355517999999677e-03 -3.615718757609999723e-01
-1.588567719950000068e-01 -1.144663208549999978e-01
-2.398758232010000102e-01 -2.664980537380000070e-01
-1.995311056980000053e-01 -4.339452953090000009e-01
-9.582606702599999471e-02 -5.058986039530000145e-01
-1.959839674269999998e-01 -4.911421750639999861e-01
-2.356247407070000133e-01 -6.918950352480000010e-01
-2.418514857250000094e-01 -8.142017580749999484e-01
-2.374340182640000130e-01 -9.210525331919999781e-01
-9.467363113099999672e-02 -5.067050191390000125e-01
-1.368372399970000097e-01 -7.337825778309999825e-01
-1.597773574830000098e-01 -8.663164825189999529e-01
-1.724827902699999915e-01 -1.000000000000000000e+00
6.197750999999999608e-03 -4.743583776529999851e-01
-1.079040336700000033e-02 -6.505569292949999749e-01
-5.103961864599999843e-02 -5.057694279759999967e-01
-6.554598685199999886e-02 -3.992994282380000204e-01
1.013408817480000029e-01 -4.023512011759999840e-01
6.982865756499999355e-02 -5.360862593380000263e-01
1.162036983300000076e-02 -4.516400389679999794e-01
-1.128078376200000038e-02 -3.619287339260000014e-01
-1.565894022930000018e-01 -1.064370232499999985e-01
-2.412199401700000079e-01 -2.615152579219999773e-01
-1.998171604479999919e-01 -4.304372007339999917e-01
-9.849467202499999352e-02 -5.080756175420000353e-01
-1.999092177400000059e-01 -4.882975801680000116e-01
-2.460787291300000068e-01 -6.900515010819999739e-01
-2.564407590930000147e-01 -8.120741043350000465e-01
-2.549129140570000063e-01 -9.175091056390000110e-01
-9.821452205099999444e-02 -5.068948106459999492e-01
-1.459479873750000045e-01 -7.348040824479999955e-01
-1.700762800489999949e-01 -8.670500559610000435e-01
-1.825530776590000015e-01 -1.000000000000000000e+00
2.567454917000000069e-03 -4.773354692669999899e-01
-1.784822583199999896e-02 -6.533642095020000262e-01
-5.175364040699999973e-02 -5.085146619729999928e-01
-6.166650218800000249e-02 -4.040365464899999814e-01
9.773174403199999527e-02 -4.060604808759999962e-01
6.268897564200000272e-02 -5.396038884389999790e-01
8.523893201999999461e-03 -4.537671450329999745e-01
-1.095160463999999938e-02 -3.640004222909999920e-01
-1.593622736779999882e-01 -1.059982938719999934e-01
-2.467752568480000019e-01 -2.586841900080000256e-01
-2.087260165419999869e-01 -4.294268946529999909e-01
-1.081580635149999997e-01 -5.077860849880000416e-01
-2.071792070700000099e-01 -4.863326069560000020e-01
-2.558879143330000105e-01 -6.876629199189999708e-01
-2.688847174330000200e-01 -8.088024561300000137e-01
-2.696870170339999984e-01 -9.134825529210000017e-01
-1.059096897749999960e-01 -5.063387823699999624e-01
-1.578521138510000088e-01 -7.350188535160000480e-01
-1.860897429230000122e-01 -8.678771644710000510e-01
-2.015197035790000091e-01 -1.000000000000000000e+00
-4.234287915000000020e-03 -4.773047401619999741e-01
-2.911867933899999969e-02 -6.534175133670000468e-01
-6.248774479599999987e-02 -5.077360244409999668e-01
-7.042234145900000408e-02 -4.020430845479999737e-01
9.284311926799999892e-02 -4.069490949119999867e-01
5.408207736299999735e-02 -5.398984669230000311e-01
-6.700332900000000340e-04 -4.529544302760000196e-01
-1.917165381399999965e-02 -3.623455316370000068e-01
-1.604702831139999952e-01 -1.086081228650000036e-01
-2.461328689910000089e-01 -2.579347716589999728e-01
-2.111465858859999933e-01 -4.290151250299999997e-01
-1.122040066690000032e-01 -5.073941908960000191e-01
-2.096580326709999997e-01 -4.847874813210000244e-01
-2.594594309050000103e-01 -6.868535028150000166e-01
-2.740433956289999862e-01 -8.086878189799999728e-01
-2.762495562230000146e-01 -9.153922205529999578e-01
-1.088823543300000002e-01 -5.054436189509999844e-01
-1.627191657600000063e-01 -7.335140224809999498e-01
-1.937674809259999908e-01 -8.666234214879999787e-01
-2.124610198140000072e-01 -1.000000000000000000e+00
-6.665460653000000214e-03 -4.774230048170000074e-01
-3.305799535199999833e-02 -6.543309178580000163e-01
-6.597346419499999781e-02 -5.102786986889999987e-01
-7.268718589400000041e-02 -4.048545739180000047e-01
9.172880949400000206e-02 -4.089787392270000099e-01
5.560477609500000251e-02 -5.439182370709999548e-01
1.151828569000000035e-03 -4.599100921350000037e-01
-1.628125593400000029e-02 -3.705158914680000137e-01
-1.578029870300000082e-01 -1.039818055519999979e-01
-2.465905684499999917e-01 -2.531128004830000000e-01
-2.134550621899999889e-01 -4.232847488740000275e-01
-1.158041022169999934e-01 -5.049954900930000434e-01
-2.105321203240000105e-01 -4.868151862960000131e-01
-2.604048831810000242e-01 -6.877006247450000442e-01
-2.754169711610000015e-01 -8.094153756249999887e-01
-2.782855386729999880e-01 -9.154598192799999756e-01
-1.104135588629999998e-01 -5.071117082039999779e-01
-1.659429457990000134e-01 -7.336531298739999984e-01
-1.982253742950000064e-01 -8.666832557129999781e-01
-2.183359933079999926e-01 -1.000000000000000000e+00
-8.791964166999999969e-03 -4.790825227050000135e-01
-3.636263189899999887e-02 -6.542068165990000406e-01
-6.667233728200000487e-02 -5.084316059469999871e-01
-7.235796784999999620e-02 -4.019605977849999845e-01
8.967309930399999796e-02 -4.094271294030000230e-01
5.322531849800000298e-02 -5.452359205750000326e-01
3.403137630000000065e-04 -4.601464102530000155e-01
-1.658935425200000133e-02 -3.696201050640000041e-01
-1.584873772429999939e-01 -1.036674986320000047e-01
-2.485491145790000023e-01 -2.563965684939999989e-01
-2.131780661780000030e-01 -4.292376149409999897e-01
-1.146817887179999995e-01 -5.128241547949999868e-01
-2.145509368240000048e-01 -4.853916687170000133e-01
-2.638527169100000069e-01 -6.869892546720000048e-01
-2.777081561949999999e-01 -8.096713598120000022e-01
-2.789835715539999983e-01 -9.157857334440000496e-01
-1.137788941459999953e-01 -5.065405153019999496e-01
-1.705089782789999953e-01 -7.332068231649999657e-01
-2.015627165140000121e-01 -8.667745277630000134e-01
-2.203905251909999974e-01 -1.000000000000000000e+00
-1.118724250900000015e-02 -4.798162179600000132e-01
-3.760031250200000091e-02 -6.555067950690000034e-01
-6.600461307999999638e-02 -5.089576776999999996e-01
-7.122778651899999702e-02 -4.010566323349999962e-01
8.791523857100000394e-02 -4.128113062059999838e-01
5.179830405000000054e-02 -5.453242134329999713e-01
-1.170589504000000029e-03 -4.590066478300000030e-01
-1.967562872699999896e-02 -3.681923447980000041e-01
-1.584718971759999928e-01 -1.015004157380000049e-01
-2.470142283600000044e-01 -2.584358706789999793e-01
-2.049843433180000007e-01 -4.312585790210000103e-01
-1.036199386470000039e-01 -5.140317655699999655e-01
-2.140128483200000042e-01 -4.899748338439999795e-01
-2.624022266370000245e-01 -6.881821612449999792e-01
-2.745644820870000169e-01 -8.100075766590000281e-01
-2.732935901599999884e-01 -9.148983045049999818e-01
-1.116780293430000015e-01 -5.103637813210000207e-01
-1.720145005879999967e-01 -7.349043510389999811e-01
-2.015325488659999997e-01 -8.671784519640000077e-01
-2.183033605620000039e-01 -1.000000000000000000e+00
-7.480120709000000027e-03 -4.824603508220000059e-01
-3.198900159499999674e-02 -6.546028625809999779e-01
-6.137222017099999705e-02 -5.039007388359999506e-01
-6.907323045400000361e-02 -3.949519451529999725e-01
9.249466485299999430e-02 -4.146219806620000115e-01
5.718674668700000213e-02 -5.449254877139999564e-01
4.793003278000000297e-03 -4.543532889510000228e-01
-1.434909048200000078e-02 -3.629194128270000208e-01
-1.595774884070000066e-01 -1.044912314660000063e-01
-2.489424144300000086e-01 -2.570617450559999906e-01
-2.113120861989999932e-01 -4.304708507050000188e-01
-1.100204163549999975e-01 -5.110316866770000521e-01
-2.132224988320000070e-01 -4.863893485879999812e-01
-2.644211265849999992e-01 -6.889171679329999520e-01
-2.793283767129999817e-01 -8.112659337930000492e-01
-2.812424308659999816e-01 -9.170228367089999777e-01
-1.116209921460000060e-01 -5.072420964099999541e-01
-1.703970053169999999e-01 -7.339043388879999963e-01
-2.023412299669999914e-01 -8.673443764189999738e-01
-2.209540589819999901e-01 -1.000000000000000000e+00
-8.796858302999999504e-03 -4.794669493309999808e-01
-3.531683535499999943e-02 -6.552995371140000191e-01
-6.540103881299999533e-02 -5.077970177339999891e-01
-7.136651357199999546e-02 -3.994092584389999923e-01
9.007530430299999502e-02 -4.113932664259999927e-01
5.324118649199999914e-02 -5.448615770179999762e-01
-2.349036149999999927e-04 -4.577168491820000074e-01
-1.849855712499999874e-02 -3.662624606300000085e-01
-1.586108933339999971e-01 -9.992022089799999784e-02
-2.482232864539999917e-01 -2.509204485100000048e-01
-2.171386099940000036e-01 -4.216064185010000021e-01
-1.202266973109999970e-01 -5.044985910289999653e-01
-2.123743440829999884e-01 -4.857193109110000129e-01
-2.607075024289999821e-01 -6.848904819159999935e-01
-2.745989778160000117e-01 -8.081333682800000418e-01
-2.760163022189999760e-01 -9.144980315790000036e-01
-1.126005509180000030e-01 -5.068608494599999847e-01
-1.711785925310000123e-01 -7.317738473220000150e-01
-2.041499693840000129e-01 -8.669059273339999594e-01
-2.241869135200000029e-01 -1.000000000000000000e+00
-1.020515976400000052e-02 -4.798665443540000020e-01
-3.696378059399999666e-02 -6.535624319370000324e-01
-6.768448246699999837e-02 -5.092480915470000147e-01
-7.496581351799999626e-02 -4.012780750020000231e-01
8.777900652400000281e-02 -4.125145897659999727e-01
5.169900364300000078e-02 -5.443426194370000193e-01
-2.880477723999999920e-03 -4.602537603849999881e-01
-2.227004370100000089e-02 -3.705869550059999740e-01
-1.615119992740000066e-01 -1.025573433980000032e-01
-2.497156749009999954e-01 -2.557770536050000265e-01
-2.165680554430000071e-01 -4.273556873350000118e-01
-1.208783590499999949e-01 -5.124258083520000229e-01
-2.165620929840000042e-01 -4.851969054990000196e-01
-2.681366902330000190e-01 -6.849775692699999752e-01
-2.844651396580000213e-01 -8.080423258479999538e-01
-2.882213856699999965e-01 -9.147221309969999492e-01
-1.156282601969999962e-01 -5.067283709150000037e-01
-1.746036047760000098e-01 -7.339824625849999951e-01
-2.091213046619999905e-01 -8.683785630139999601e-01
-2.307831731559999988e-01 -1.000000000000000000e+00
-1.187282245800000066e-02 -4.803559803570000009e-01
-4.192417837199999969e-02 -6.567458554389999925e-01
-7.375612483599999769e-02 -5.115734594990000161e-01
-8.068445013599999383e-02 -4.029915401579999834e-01
8.765356173600000189e-02 -4.140418517550000232e-01
4.732840163500000308e-02 -5.458198418249999850e-01
-7.764457294000000342e-03 -4.600191911489999730e-01
-2.614435222399999828e-02 -3.695520172389999969e-01
-1.633098844970000130e-01 -9.995168188299999312e-02
-2.541551842140000184e-01 -2.542991935850000274e-01
-2.212679425300000113e-01 -4.266372246360000120e-01
-1.251316299299999879e-01 -5.122480551850000507e-01
-2.234640208030000130e-01 -4.865791474919999859e-01
-2.763629805060000000e-01 -6.852027927939999818e-01
-2.925309668950000219e-01 -8.083682294280000180e-01
-2.961742747109999963e-01 -9.155203540120000483e-01
-1.211869107580000049e-01 -5.089398212369999897e-01
-1.829091203780000008e-01 -7.345919829929999922e-01
-2.175538968969999987e-01 -8.681397067230000042e-01
-2.396667555929999915e-01 -1.000000000000000000e+00
-1.611348517599999960e-02 -4.834257300820000158e-01
-4.722708469300000017e-02 -6.590740892919999538e-01
-7.809641122299999794e-02 -5.121056487909999566e-01
-8.532935298700000670e-02 -4.033450145099999884e-01
8.414770051000000639e-02 -4.175674265379999972e-01
4.292934865399999911e-02 -5.489706775070000155e-01
-1.138263513499999935e-02 -4.611445588170000054e-01
-2.968255486900000031e-02 -3.701781309309999934e-01
-1.618215031090000089e-01 -1.013600351079999989e-01
-2.510814880080000089e-01 -2.578123508280000253e-01
-2.162357402470000134e-01 -4.314771184969999895e-01
-1.178610937890000043e-01 -5.160910295680000148e-01
-2.216176569589999867e-01 -4.892964238829999868e-01
-2.761318141140000071e-01 -6.858836378360000374e-01
-2.927967757759999956e-01 -8.083769506719999942e-01
-2.968719187339999843e-01 -9.146576456120000254e-01
-1.198283952610000036e-01 -5.108536889970000106e-01
-1.829371227809999945e-01 -7.341835434989999465e-01
-2.172182784599999972e-01 -8.671947706070000095e-01
-2.399271851629999897e-01 -1.000000000000000000e+00
-1.480047794000000083e-02 -4.847542285800000017e-01
-4.659543109400000188e-02 -6.589707037719999549e-01
-7.598684471000000107e-02 -5.089944315419999699e-01
-8.206090546800000329e-02 -3.985246247990000268e-01
8.555919272699999412e-02 -4.190373868000000224e-01
4.465881453699999809e-02 -5.512453858139999552e-01
-9.307153771000000256e-03 -4.619362947019999832e-01
-2.703276305400000024e-02 -3.700291020279999898e-01
-1.638199278939999892e-01 -1.042497942240000058e-01
-2.544354152130000046e-01 -2.571570743309999907e-01
-2.279419900820000011e-01 -4.298668196229999960e-01
-1.320763893590000126e-01 -5.120189463319999579e-01
-2.210357543160000049e-01 -4.885442501330000131e-01
-2.757670623949999844e-01 -6.869891263559999572e-01
-2.935189861279999812e-01 -8.097538257009999629e-01
-2.999869441229999767e-01 -9.173959331409999862e-01
-1.208237402119999998e-01 -5.094242018260000116e-01
-1.821620766810000125e-01 -7.333774469770000248e-01
-2.177929417729999872e-01 -8.667757004310000513e-01
-2.416367153460000083e-01 -1.000000000000000000e+00
-1.725629230099999870e-02 -4.822649900600000095e-01
-4.853770506800000190e-02 -6.601409300739999875e-01
-7.954733822899999474e-02 -5.140758747210000257e-01
-8.581848586300000470e-02 -4.038075774129999962e-01
8.232457399699999456e-02 -4.152597153129999885e-01
4.293188050099999709e-02 -5.489734267770000065e-01
-1.171384777899999938e-02 -4.636914435899999742e-01
-2.919316778600000023e-02 -3.732535028069999816e-01
-1.606613139280000102e-01 -1.013714611989999931e-01
-2.510265041370000061e-01 -2.601027873619999875e-01
-2.111944726930000127e-01 -4.316350031239999940e-01
-1.108456712389999932e-01 -5.147407148639999708e-01
-2.177210834109999937e-01 -4.900433383230000106e-01
-2.680593561519999946e-01 -6.866135669559999544e-01
-2.814057868200000034e-01 -8.094665523239999994e-01
-2.815312408149999723e-01 -9.166037843409999830e-01
-1.147609956439999968e-01 -5.105036524820000254e-01
-1.776672422639999915e-01 -7.338983707699999748e-01
-2.112022909150000072e-01 -8.678427732669999894e-01
-2.310972854560000012e-01 -1.000000000000000000e+00
-8.587696096000000182e-03 -4.834343256110000264e-01
-3.894096118499999759e-02 -6.555834301940000053e-01
-6.849322090199999602e-02 -5.025990412170000532e-01
-7.433296711999999584e-02 -3.901784123550000039e-01
9.362611385699999567e-02 -4.175726096699999834e-01
5.172787118100000137e-02 -5.445293852029999826e-01
9.283492010000000353e-04 -4.503186650539999780e-01
-1.474338134400000021e-02 -3.571564928029999919e-01
-1.578651480190000067e-01 -1.023136124229999944e-01
-2.477869228640000032e-01 -2.568433906429999913e-01
-2.113525606989999917e-01 -4.244220582709999912e-01
-1.111432622390000069e-01 -5.058163082090000318e-01
-2.122097987969999988e-01 -4.899491755000000004e-01
-2.583366622950000191e-01 -6.853123386380000071e-01
-2.698113596860000074e-01 -8.076102181119999557e-01
-2.682127403310000102e-01 -9.146980423399999616e-01
-1.101200822839999982e-01 -5.080217662199999484e-01
-1.678875337650000132e-01 -7.300846511090000046e-01
-1.987270870349999996e-01 -8.643831718960000021e-01
-2.165642730569999896e-01 -1.000000000000000000e+00
-5.818064004000000379e-03 -4.790283865919999773e-01
-2.666960409899999870e-02 -6.448352519559999996e-01
-6.086328982400000115e-02 -4.899589413089999734e-01
-7.350506546899999993e-02 -3.816961057109999889e-01
9.444611266300000085e-02 -4.105878286490000084e-01
5.920735721700000342e-02 -5.374431497270000246e-01
5.117694017999999817e-03 -4.425257150279999774e-01
-1.620680856300000042e-02 -3.513661943829999856e-01
-1.529148757719999974e-01 -1.017113638859999947e-01
-2.390118312829999925e-01 -2.613992155339999734e-01
-1.940329011709999996e-01 -4.255966608330000178e-01
-9.118734581800000405e-02 -5.062399857449999541e-01
-1.956375675270000114e-01 -4.874534948390000233e-01
-2.370947736840000042e-01 -6.839154650009999781e-01
-2.472162601729999964e-01 -8.055409286939999580e-01
-2.456232791480000011e-01 -9.115540761449999474e-01
-9.249492922299999698e-02 -5.035989224029999711e-01
-1.432410037849999873e-01 -7.287588146590000537e-01
-1.721040768519999931e-01 -8.630667402939999899e-01
-1.909458306980000020e-01 -1.000000000000000000e+00
9.936332679999999862e-03 -4.728499951419999903e-01
-8.680440278000000828e-03 -6.389199126340000534e-01
-4.529680682599999952e-02 -4.816133808570000063e-01
-6.136714721099999909e-02 -3.728579057020000032e-01
1.071255246009999995e-01 -4.018094096789999736e-01
7.610056329299999534e-02 -5.287538165009999513e-01
1.712924056199999906e-02 -4.342517403710000057e-01
-1.132658087100000058e-02 -3.441286016060000064e-01
-1.520462236550000068e-01 -1.058891968920000065e-01
-2.382652624970000022e-01 -2.629245121680000019e-01
-1.942794608400000012e-01 -4.287772052230000019e-01
-8.569109130799999752e-02 -5.057671225440000251e-01
-1.957950400019999870e-01 -4.905868325480000069e-01
-2.406695239970000066e-01 -6.896455893740000009e-01
-2.494356664680000002e-01 -8.119690962800000245e-01
-2.457491891799999939e-01 -9.169400945679999637e-01
-9.340335089699999815e-02 -5.039218968649999963e-01
-1.449908424749999925e-01 -7.276839576779999819e-01
-1.677601959180000102e-01 -8.594497395769999937e-01
-1.809700016009999912e-01 -1.000000000000000000e+00
6.973258803000000235e-03 -4.704315110880000206e-01
-4.781836371000000065e-03 -6.385580256280000144e-01
-4.266673769700000257e-02 -4.783155611330000001e-01
-6.204286493800000024e-02 -3.716428186679999746e-01
1.024718244469999956e-01 -3.957602367149999911e-01
7.577387733000000292e-02 -5.283695902370000308e-01
1.753308981599999844e-02 -4.320688662909999977e-01
-1.129551168999999924e-02 -3.413981406409999919e-01
-1.513025778809999888e-01 -1.069058648180000043e-01
-2.319465033360000039e-01 -2.669320755599999817e-01
-1.817081984589999921e-01 -4.294653843869999932e-01
-7.230709086500000660e-02 -4.983322091419999933e-01
-1.857411050499999938e-01 -4.929183089179999810e-01
-2.261277467510000028e-01 -6.895059978309999726e-01
-2.338102382189999884e-01 -8.112068777609999781e-01
-2.288154007190000006e-01 -9.156567799000000507e-01
-8.208782226600000453e-02 -5.058153863250000049e-01
-1.291227921689999947e-01 -7.276913159210000037e-01
-1.522238905949999943e-01 -8.611973091000000302e-01
-1.643999950330000126e-01 -1.000000000000000000e+00
1.898705548899999943e-02 -4.716053865279999924e-01
8.133118332000000353e-03 -6.373994310430000088e-01
-3.408496878799999880e-02 -4.780218108450000059e-01
-5.411841802200000051e-02 -3.692861013250000046e-01
1.123920974450000054e-01 -3.978635529519999880e-01
8.567327841600000382e-02 -5.252527685429999593e-01
2.299157436299999885e-02 -4.303678886749999766e-01
-8.231912588000000336e-03 -3.411160822129999937e-01
-1.478968605060000108e-01 -1.066344147829999950e-01
-2.346935557089999957e-01 -2.577357284030000195e-01
-1.900510704009999996e-01 -4.160618250470000112e-01
-8.121472121999999405e-02 -4.843224166819999899e-01
-1.858219876830000117e-01 -4.979987269230000124e-01
-2.243581157629999934e-01 -6.960502873649999644e-01
-2.321368966179999938e-01 -8.173755870419999736e-01
-2.296746840399999934e-01 -9.232925359920000075e-01
-8.217534430299999748e-02 -5.094677501300000078e-01
-1.237568721659999954e-01 -7.333629379130000014e-01
-1.460940226540000109e-01 -8.622369176259999657e-01
-1.607920110459999941e-01 -1.000000000000000000e+00
1.975843053299999874e-02 -4.742729425669999777e-01
6.598574632999999919e-03 -6.432686187130000066e-01
-3.122145078400000162e-02 -4.839134652839999773e-01
-4.961565947200000104e-02 -3.772434079470000090e-01
1.142979138650000032e-01 -3.973674185189999819e-01
8.129776211500000516e-02 -5.227889104690000011e-01
2.219590592900000034e-02 -4.235707730159999906e-01
-7.108600807999999882e-03 -3.321370441909999860e-01
-1.496648388140000008e-01 -1.098097153900000067e-01
-2.329883964670000085e-01 -2.600738383050000269e-01
-1.870047445959999999e-01 -4.186580125959999954e-01
-7.839489418200000503e-02 -4.833050586750000099e-01
-1.872899849749999901e-01 -4.986769165669999726e-01
-2.279943706049999963e-01 -6.967208852820000464e-01
-2.363668415719999971e-01 -8.190220494450000110e-01
-2.329522364259999923e-01 -9.250040623940000151e-01
-8.455786195099999902e-02 -5.091329789749999835e-01
-1.284208396350000059e-01 -7.310064770859999728e-01
-1.481279622560000009e-01 -8.622019265470000082e-01
-1.578624448100000022e-01 -1.000000000000000000e+00
1.821171788799999872e-02 -4.732457342620000063e-01
6.652400158999999952e-03 -6.448636083150000031e-01
-3.279788043299999845e-02 -4.893863047509999786e-01
-5.112640772299999886e-02 -3.817458177549999943e-01
1.129517237020000037e-01 -3.973400973060000063e-01
8.163184130499999414e-02 -5.241790972419999584e-01
2.058591137000000126e-02 -4.288038218520000000e-01
-8.554842263000000252e-03 -3.383120971649999920e-01
-1.510402337439999965e-01 -1.069331035929999979e-01
-2.355391484390000068e-01 -2.550621420990000221e-01
-1.906092734010000067e-01 -4.127397927259999766e-01
-8.265675403300000446e-02 -4.779543100299999958e-01
-1.907649461260000068e-01 -4.991529657059999847e-01
-2.277693954159999978e-01 -6.961514868029999858e-01
-2.348823759370000097e-01 -8.188271325679999935e-01
-2.310344629270000005e-01 -9.251349264899999536e-01
-8.771170704399999796e-02 -5.101493943179999935e-01
-1.296465611410000107e-01 -7.313718895730000336e-01
-1.493270318459999912e-01 -8.627396592820000265e-01
-1.604651998219999987e-01 -1.000000000000000000e+00
1.512045271099999970e-02 -4.745423407950000172e-01
8.317314040999999533e-03 -6.425037887900000300e-01
-3.203637930299999687e-02 -4.867906668090000166e-01
-5.460140646500000194e-02 -3.783529106449999846e-01
1.097133352670000006e-01 -3.991001104060000193e-01
8.230195454100000529e-02 -5.226264178999999732e-01
2.001665061600000142e-02 -4.269307700059999933e-01
-1.379051846600000061e-02 -3.361167852170000026e-01
-1.497138108880000096e-01 -1.045157715830000028e-01
-2.330041073820000030e-01 -2.504416977839999947e-01
-1.875794061520000000e-01 -4.036699057709999816e-01
-7.908869445800000009e-02 -4.696107993729999874e-01
-1.867675470459999876e-01 -4.912978064010000145e-01
-2.262379720280000006e-01 -6.871749476270000434e-01
-2.330151833569999997e-01 -8.099241728339999780e-01
-2.278534821519999920e-01 -9.166965137010000264e-01
-8.515931789300000554e-02 -5.023098229689999528e-01
-1.262518788060000008e-01 -7.241482099010000395e-01
-1.438375609320000081e-01 -8.585994132449999983e-01
-1.533585484839999902e-01 -1.000000000000000000e+00
1.538052465299999914e-02 -4.665378837299999915e-01
1.050516707799999984e-02 -6.324261170020000211e-01
-2.881906986300000056e-02 -4.742828831309999771e-01
-5.233245084000000269e-02 -3.685217318419999888e-01
1.079536752270000011e-01 -3.887640657779999898e-01
8.420255634999999905e-02 -5.170182238120000218e-01
2.350754631199999944e-02 -4.195483301299999801e-01
-1.058252584400000071e-02 -3.282661734890000016e-01
-1.488111652859999967e-01 -1.074364416629999958e-01
-2.273555310129999896e-01 -2.530700773969999928e-01
-1.788735217180000003e-01 -4.071324180900000034e-01
-7.030024387300000399e-02 -4.731354118480000093e-01
-1.817410765770000047e-01 -4.924771687219999805e-01
-2.195307418419999990e-01 -6.886758781159999510e-01
-2.245234369640000116e-01 -8.110878599349999885e-01
-2.170612726889999955e-01 -9.165999747690000143e-01
-7.983807049900000508e-02 -5.023828336240000469e-01
-1.228479014060000069e-01 -7.232867596659999787e-01
-1.395398603359999934e-01 -8.575485047069999478e-01
-1.481718378709999950e-01 -1.000000000000000000e+00
1.970693927699999903e-02 -4.655241990519999873e-01
1.480016653300000005e-02 -6.309335316380000336e-01
-2.529204140899999828e-02 -4.715964077859999826e-01
-4.831250072200000273e-02 -3.660550783589999746e-01
1.114592270769999977e-01 -3.866962206199999752e-01
8.978136025400000608e-02 -5.189097350250000407e-01
2.899437619099999933e-02 -4.223259979619999882e-01
-3.646094232999999834e-03 -3.310687597890000222e-01
-1.498698850880000044e-01 -1.071384494749999944e-01
-2.276764391099999896e-01 -2.520593098369999785e-01
-1.780152853239999888e-01 -4.049084849069999881e-01
-7.040755704399999371e-02 -4.710970393139999879e-01
-1.830837722389999922e-01 -4.933382098340000077e-01
-2.182950987220000083e-01 -6.893044437759999754e-01
-2.228268307650000113e-01 -8.118545130790000286e-01
-2.157169219420000117e-01 -9.180950383410000359e-01
-7.967571494899999829e-02 -5.032243155279999547e-01
-1.187186477169999976e-01 -7.242496830689999499e-01
-1.336165752050000044e-01 -8.587967261450000223e-01
-1.411852227760000134e-01 -1.000000000000000000e+00
2.203512225300000016e-02 -4.659627509209999796e-01
1.948526571999999873e-02 -6.332116633959999907e-01
-2.249255580800000112e-02 -4.767863060429999855e-01
-4.740609871100000261e-02 -3.690234320620000008e-01
1.150725513630000002e-01 -3.868223378930000234e-01
9.405289466100000273e-02 -5.150065233230000095e-01
2.925481512799999947e-02 -4.214191642690000017e-01
-7.744725628000000139e-03 -3.307460325089999764e-01
-1.492848924169999925e-01 -1.081534710309999953e-01
-2.257205254540000094e-01 -2.539980218599999784e-01
-1.736295646500000123e-01 -4.074520479989999777e-01
-6.322360331699999891e-02 -4.715119457260000257e-01
-1.794428968189999973e-01 -4.941827830900000218e-01
-2.152710599040000006e-01 -6.895519955040000371e-01
-2.192927689130000080e-01 -8.110692699220000135e-01
-2.114259478149999871e-01 -9.155113470360000116e-01
-7.733972717800000063e-02 -5.028851900609999648e-01
-1.166540424790000058e-01 -7.234799336980000106e-01
-1.308569988599999900e-01 -8.583424307129999820e-01
-1.372835337839999892e-01 -1.000000000000000000e+00
2.308440350599999871e-02 -4.646859421180000171e-01
2.238224261799999851e-02 -6.301518450099999891e-01
-2.065514525700000090e-02 -4.724219280599999959e-01
-4.677756308299999694e-02 -3.658658186889999775e-01
1.150366218720000056e-01 -3.847304891069999733e-01
9.623674600800000145e-02 -5.144438347759999752e-01
3.222473565799999912e-02 -4.197625734050000057e-01
-4.041303742999999629e-03 -3.289319702629999731e-01
-1.522433180830000121e-01 -1.090273707230000055e-01
-2.290752565870000090e-01 -2.544665530660000230e-01
-1.759174056180000112e-01 -4.065058737330000116e-01
-6.422246306499999891e-02 -4.670894315290000098e-01
-1.797422775480000123e-01 -4.960836942579999742e-01
-2.138800826660000043e-01 -6.907502556800000360e-01
-2.172926970580000006e-01 -8.127503627619999671e-01
-2.091743495510000050e-01 -9.180758675629999699e-01
-7.592775492900000200e-02 -5.048253277330000399e-01
-1.138773498790000005e-01 -7.248311022290000460e-01
-1.285621260389999965e-01 -8.599786063619999643e-01
-1.340133426850000087e-01 -1.000000000000000000e+00
2.602849748599999832e-02 -4.657803399089999741e-01
2.616943625599999976e-02 -6.326641657079999925e-01
-1.914792702200000113e-02 -4.763173074340000257e-01
-4.567719443499999865e-02 -3.685790377109999794e-01
1.190712852890000034e-01 -3.852439386620000183e-01
9.829534766500000464e-02 -5.125492769699999673e-01
3.370080428799999972e-02 -4.175834699329999955e-01
-2.106021599999999792e-03 -3.261410096430000238e-01
-1.488556651409999876e-01 -1.073267067199999980e-01
-2.237899543659999935e-01 -2.574159424310000222e-01
-1.645446009759999884e-01 -4.081409078859999928e-01
-5.117964343200000210e-02 -4.697720447989999770e-01
-1.757238053350000107e-01 -4.952170967369999843e-01
-2.085323430459999905e-01 -6.887227193849999596e-01
-2.108876936050000095e-01 -8.095252958409999700e-01
-2.010204447989999976e-01 -9.137973639040000151e-01
-7.110248916899999938e-02 -5.042746922659999687e-01
-1.092682518199999953e-01 -7.255552429010000415e-01
-1.240404464070000018e-01 -8.595158973190000218e-01
-1.288598192769999928e-01 -1.000000000000000000e+00
2.926937167499999923e-02 -4.651438708599999750e-01
2.999462160099999886e-02 -6.302942437509999607e-01
-1.402362652999999959e-02 -4.716563544849999845e-01
-3.902322175200000076e-02 -3.665907755300000237e-01
1.211772137900000018e-01 -3.828322560519999973e-01
1.011690875309999987e-01 -5.129344176090000484e-01
3.988075395099999892e-02 -4.151165378439999887e-01
6.717010683000000128e-03 -3.239151595740000222e-01
-1.526152043550000059e-01 -1.134024311360000009e-01
-2.267295517160000107e-01 -2.585616212119999924e-01
-1.690097596410000125e-01 -4.100919669620000096e-01
-5.503770372399999916e-02 -4.697538563259999744e-01
-1.784855306350000004e-01 -4.976713917069999771e-01
-2.119054588750000079e-01 -6.942253391689999775e-01
-2.158348202150000006e-01 -8.169161824330000155e-01
-2.082268391169999899e-01 -9.242320378449999652e-01
-7.419093022099999823e-02 -5.062454912760000481e-01
-1.099861994260000059e-01 -7.266489195059999684e-01
-1.247415878990000004e-01 -8.596697507289999818e-01
-1.299398758489999917e-01 -1.000000000000000000e+00
2.719462254199999859e-02 -4.665858949930000166e-01
2.919243202799999895e-02 -6.331302003550000057e-01
-1.676670394499999925e-02 -4.767230189289999864e-01
-4.303538343399999910e-02 -3.708027576879999732e-01
1.202129717960000038e-01 -3.845858374460000007e-01
1.011828895589999971e-01 -5.150547711809999596e-01
3.714655297399999806e-02 -4.195856480690000057e-01
2.201867330000000129e-03 -3.278601055759999827e-01
-1.533103466909999935e-01 -1.092823818489999932e-01
-2.299619386860000114e-01 -2.537350605459999797e-01
-1.742701166429999893e-01 -4.060154941660000238e-01
-6.036569125599999808e-02 -4.679260794740000007e-01
-1.815941113320000133e-01 -4.979434129629999872e-01
-2.121979550130000114e-01 -6.917626511179999493e-01
-2.144039686729999894e-01 -8.142687207719999654e-01
-2.056556968580000033e-01 -9.201086065700000427e-01
-7.658473198500000134e-02 -5.067844820729999755e-01
-1.131183130060000042e-01 -7.261591930740000089e-01
-1.262992446289999959e-01 -8.601055483659999501e-01
-1.313689202159999958e-01 -1.000000000000000000e+00
2.524533773699999886e-02 -4.676408671360000047e-01
2.695172255000000128e-02 -6.360176833120000373e-01
-1.735663875299999978e-02 -4.797670484780000022e-01
-4.427017653600000269e-02 -3.726868667020000192e-01
1.179198640600000042e-01 -3.866289023730000163e-01
9.776573890199999339e-02 -5.155236843949999592e-01
3.447050355100000213e-02 -4.198127601900000228e-01
-1.520374640999999942e-03 -3.276578596020000012e-01
-1.491616776680000089e-01 -1.093560719590000035e-01
-2.253212086660000002e-01 -2.554925768090000049e-01
-1.717961613339999971e-01 -4.058265655950000217e-01
-6.011288903800000166e-02 -4.639444156110000272e-01
-1.748114414370000036e-01 -4.942736529699999770e-01
-2.095701054820000020e-01 -6.882634264370000032e-01
-2.137414200190000113e-01 -8.095008808420000035e-01
-2.066839180030000112e-01 -9.148499645469999608e-01
-7.120810520400000510e-02 -5.030356503239999943e-01
-1.068130593589999983e-01 -7.237463176439999923e-01
-1.207860079000000059e-01 -8.595925468380000156e-01
-1.261125771499999881e-01 -1.000000000000000000e+00
3.029083608099999991e-02 -4.643971169800000243e-01
2.970870096000000071e-02 -6.314976498709999886e-01
-1.516601974200000071e-02 -4.767566026560000059e-01
-4.090857035599999858e-02 -3.699458337289999732e-01
1.224152844890000064e-01 -3.843746756240000173e-01
1.014065199329999972e-01 -5.117371218049999726e-01
3.681162174699999928e-02 -4.168801397649999907e-01
1.063832379000000019e-03 -3.255179421200000145e-01
-1.525343809070000001e-01 -1.108124203819999959e-01
-2.300273988940000069e-01 -2.565430288860000019e-01
-1.793610470410000046e-01 -4.104337477109999965e-01
-6.717005968700000273e-02 -4.638705660670000008e-01
-1.764871130650000064e-01 -4.959460676349999875e-01
-2.099873215180000086e-01 -6.920241678080000236e-01
-2.147374656680000049e-01 -8.134175448879999992e-01
-2.083582145790000006e-01 -9.188608443289999483e-01
-7.371034954900000657e-02 -5.054327552649999777e-01
-1.088598953290000060e-01 -7.260138907459999791e-01
-1.235329235509999984e-01 -8.606532980109999897e-01
-1.285899846440000105e-01 -1.000000000000000000e+00
2.749409836299999965e-02 -4.667565407800000066e-01
2.692031090000000099e-02 -6.408193951130000121e-01
-1.767892283400000070e-02 -4.913724397240000208e-01
-4.191629413200000098e-02 -3.831840714490000188e-01
1.189287550650000025e-01 -3.870196801349999882e-01
9.674135592299999697e-02 -5.140405909109999616e-01
3.184741002199999865e-02 -4.227004564380000273e-01
-2.786090213000000197e-03 -3.313826972619999811e-01
-1.518096244899999891e-01 -1.083270885069999995e-01
-2.317251359670000066e-01 -2.529381363700000107e-01
-1.839335255769999899e-01 -4.062450986969999844e-01
-7.414351206600000577e-02 -4.638446846259999812e-01
-1.793809895700000101e-01 -4.972648595370000035e-01
-2.112986096099999933e-01 -6.909435847910000428e-01
-2.155367519430000101e-01 -8.127042795000000153e-01
-2.089963054210000060e-01 -9.189447747160000013e-01
-7.659586110100000123e-02 -5.069002810549999571e-01
-1.119405093490000030e-01 -7.257351784150000151e-01
-1.264841804390000046e-01 -8.607005543910000167e-01
-1.319252778140000137e-01 -1.000000000000000000e+00
2.545391045900000093e-02 -4.687891840150000267e-01
2.562315791100000170e-02 -6.409755648439999787e-01
-1.877270198300000012e-02 -4.902463318279999815e-01
-4.441591975800000119e-02 -3.806341628530000021e-01
1.176670005449999973e-01 -3.904723873950000090e-01
9.595867579800000657e-02 -5.149495037000000330e-01
3.079054468099999900e-02 -4.232953220949999817e-01
-6.078971669000000216e-03 -3.321430779749999784e-01
-1.504948358829999999e-01 -1.062820646499999938e-01
-2.306603235480000069e-01 -2.532183988189999901e-01
-1.829806942349999910e-01 -4.085828174130000101e-01
-7.387420608200000183e-02 -4.714307882920000248e-01
-1.805450959840000091e-01 -4.958545254649999734e-01
-2.136171019239999913e-01 -6.905908017790000075e-01
-2.173461762049999912e-01 -8.118157788400000019e-01
-2.096324622090000034e-01 -9.168064091469999566e-01
-7.724956723900000544e-02 -5.059326354019999528e-01
-1.138268198690000066e-01 -7.261153140730000066e-01
-1.280182813890000104e-01 -8.606218081600000014e-01
-1.332073453450000056e-01 -1.000000000000000000e+00
2.426981597000000060e-02 -4.687033388149999813e-01
2.297905403800000121e-02 -6.374529603540000089e-01
-2.031361316599999967e-02 -4.837324055319999760e-01
-4.497144749499999705e-02 -3.762982425149999921e-01
1.168096880719999980e-01 -3.901659682570000065e-01
9.384440013900000044e-02 -5.162391697820000180e-01
2.992357769499999834e-02 -4.223728612400000082e-01
-5.283446138999999681e-03 -3.310919887759999902e-01
