-1.403543009200000080e-01 -9.119718473099999723e-02
-2.235952173659999931e-01 -2.504356412800000098e-01
-1.729941355869999975e-01 -3.985486511429999767e-01
-8.017370520600000661e-02 -4.980921163529999918e-01
-1.815547585199999980e-01 -4.849748460669999761e-01
-2.161688855910000040e-01 -6.897811096810000375e-01
-2.202858219219999969e-01 -8.116477722489999769e-01
-2.104706939140000010e-01 -9.180642632180000540e-01
-7.982724453599999992e-02 -4.983687449670000102e-01
-1.162046391479999996e-01 -7.334351541300000443e-01
-1.435978649340000080e-01 -8.726399420010000352e-01
-1.518558063999999874e-01 -1.000000000000000000e+00
1.578158926799999931e-02 -4.634798757560000260e-01
-2.342330431000000032e-02 -5.973298752319999849e-01
-6.645234047600000193e-02 -4.426055878490000040e-01
-7.508321829500000377e-02 -3.521218805179999745e-01
1.074192656299999965e-01 -3.872447375310000273e-01
4.573638626599999674e-02 -5.056948659529999501e-01
1.264002493999999942e-03 -4.030756027949999876e-01
-4.864305208000000227e-03 -3.150264224239999744e-01
-1.379576254850000128e-01 -9.251693365799999735e-02
-2.180750372899999956e-01 -2.547479453409999817e-01
-1.661312953880000054e-01 -3.986014528979999749e-01
-7.361459105999999808e-02 -4.970537789400000239e-01
-1.756561635739999905e-01 -4.888984377600000264e-01
-2.091716538610000065e-01 -6.896164246529999931e-01
-2.134691701789999951e-01 -8.101976704840000432e-01
-2.053909822199999902e-01 -9.171422073430000044e-01
-7.089414555100000126e-02 -5.021008772959999478e-01
-1.043498134249999931e-01 -7.381638850389999895e-01
-1.330347585580000103e-01 -8.764800518630000425e-01
-1.432313020479999977e-01 -1.000000000000000000e+00
2.817609424999999862e-02 -4.659131663589999861e-01
-2.658493601500000122e-02 -5.960887346569999634e-01
-7.250915412300000529e-02 -4.435348008700000233e-01
-7.768677410700000618e-02 -3.542395301849999845e-01
1.191440336629999985e-01 -3.901525363410000002e-01
4.101969759400000276e-02 -4.910868372769999768e-01
-3.557238530000000161e-04 -3.841670189340000152e-01
1.521900522999999937e-03 -2.983200549530000134e-01
-1.417296625660000031e-01 -9.129984955999999319e-02
-2.159863758159999980e-01 -2.601117837799999943e-01
-1.481617753030000095e-01 -4.021569263820000129e-01
-5.381057556700000188e-02 -4.972300270410000000e-01
-1.812342626079999908e-01 -4.833057515820000094e-01
-2.143791584220000046e-01 -6.877220220119999450e-01
-2.194036073800000042e-01 -8.108002387889999829e-01
-2.119272633360000102e-01 -9.194833427830000350e-01
-7.148361295800000070e-02 -4.972720226530000232e-01
-1.051008849430000031e-01 -7.379929532750000298e-01
-1.283591732100000105e-01 -8.770902124310000492e-01
-1.342866105509999963e-01 -1.000000000000000000e+00
2.911550126900000132e-02 -4.615442808979999811e-01
-2.805909156499999946e-02 -5.830632989030000157e-01
-6.955294000200000493e-02 -4.313138937670000228e-01
-7.127267518999999552e-02 -3.415291624769999923e-01
1.194836373150000020e-01 -3.891906075570000234e-01
4.270083342299999668e-02 -4.804416111579999926e-01
3.965921270000000078e-04 -3.793525150359999820e-01
-5.743040529999999871e-04 -3.005150369610000149e-01
-1.411383108550000043e-01 -9.119845672500000167e-02
-2.121211699620000057e-01 -2.590215326649999983e-01
-1.408172590460000095e-01 -3.973037014310000226e-01
-4.427262055500000293e-02 -4.902763238469999840e-01
-1.796906971230000094e-01 -4.828013353789999962e-01
-2.144885792410000103e-01 -6.876812500110000004e-01
-2.207367668649999892e-01 -8.109245993989999679e-01
-2.150620469389999956e-01 -9.187894611000000378e-01
-6.911590904500000687e-02 -4.947271910939999850e-01
-1.009624465450000008e-01 -7.351316607240000467e-01
-1.251081794209999987e-01 -8.754886085899999948e-01
-1.332730052739999893e-01 -1.000000000000000000e+00
3.188986558200000015e-02 -4.577093079249999752e-01
-2.414454036000000109e-02 -5.773763018049999918e-01
-7.023024900299999762e-02 -4.255649395519999767e-01
-7.714439056699999575e-02 -3.338979234119999751e-01
1.213701054920000022e-01 -3.840295076160000209e-01
4.353902445700000290e-02 -4.779573353550000125e-01
-6.097268097999999914e-03 -3.800789008339999775e-01
-1.388333761600000008e-02 -3.003925961450000237e-01
-1.415634766259999955e-01 -8.928726915899999617e-02
-2.118636216860000088e-01 -2.565578362270000135e-01
-1.336070519470000106e-01 -3.913881763820000192e-01
-3.379341593299999696e-02 -4.819815888610000099e-01
-1.821191366819999991e-01 -4.849252626050000181e-01
-2.126668328100000116e-01 -6.879135180680000516e-01
-2.175107727070000052e-01 -8.114491894190000165e-01
-2.111411651220000130e-01 -9.193704065109999934e-01
-6.962049974799999763e-02 -4.962549406110000061e-01
-9.807331190300000445e-02 -7.354968253410000267e-01
-1.213832389179999999e-01 -8.757081798950000495e-01
-1.301692816620000082e-01 -1.000000000000000000e+00
3.266665309600000344e-02 -4.581171160840000200e-01
-1.962422489400000164e-02 -5.717685893739999914e-01
-6.456377058699999671e-02 -4.209227395419999906e-01
-7.216890292899999504e-02 -3.292579454510000114e-01
1.248595526669999956e-01 -3.839025087740000064e-01
5.201994010799999846e-02 -4.762725882500000174e-01
1.591618357000000030e-03 -3.805836364090000035e-01
-9.182213544999999824e-03 -3.029567321769999766e-01
-1.399041436819999928e-01 -8.947226632599999951e-02
-2.114101437389999949e-01 -2.566337237260000181e-01
-1.361700926960000002e-01 -3.925051585789999797e-01
-3.776269773100000143e-02 -4.839951040380000014e-01
-1.789635423660000113e-01 -4.863372730300000168e-01
-2.082187637900000110e-01 -6.909876419139999726e-01
-2.115850066149999875e-01 -8.142422235320000423e-01
-2.045339923410000038e-01 -9.204299897979999479e-01
-6.718364147199999692e-02 -4.968929301200000204e-01
-9.360919740299999958e-02 -7.367586950440000448e-01
-1.164144294529999984e-01 -8.765485982930000253e-01
-1.253727075509999955e-01 -1.000000000000000000e+00
3.325514346499999774e-02 -4.581252345060000120e-01
-2.102441262900000066e-02 -5.726369704129999905e-01
-6.604749643299999418e-02 -4.206369191470000213e-01
-7.262432762899999339e-02 -3.308339036660000176e-01
1.235096893320000028e-01 -3.826712082659999847e-01
4.855339304600000266e-02 -4.769856859339999811e-01
-7.378683499999999875e-05 -3.794280980499999956e-01
-7.851078165000000691e-03 -3.008973793870000080e-01
-1.399938177879999912e-01 -8.744962706900000216e-02
-2.118091909619999880e-01 -2.514501509870000207e-01
-1.360867283090000102e-01 -3.866168762930000113e-01
-3.555623364800000047e-02 -4.761831262169999857e-01
-1.817041340370000035e-01 -4.843925991520000029e-01
-2.106968605260000071e-01 -6.889585657240000494e-01
-2.120554385879999948e-01 -8.127844613400000418e-01
-2.033382199129999957e-01 -9.191097298489999678e-01
-7.144534296599999723e-02 -4.973317656619999916e-01
-1.012530318370000043e-01 -7.374703856840000293e-01
-1.239597902919999939e-01 -8.766119547990000038e-01
-1.335260955539999961e-01 -1.000000000000000000e+00
2.777275329599999953e-02 -4.599435300440000152e-01
-2.612043040600000102e-02 -5.751674585149999519e-01
-6.685056515800000265e-02 -4.252462315689999883e-01
-7.056041938000000291e-02 -3.371177436680000139e-01
1.168563565560000045e-01 -3.837216880079999948e-01
4.411857587399999753e-02 -4.824121437230000087e-01
-3.497269659999999863e-03 -3.892397297219999941e-01
-1.065788449299999961e-02 -3.124953525949999977e-01
-1.375122819950000130e-01 -9.183615425600000215e-02
-2.074641460230000067e-01 -2.569336189679999882e-01
-1.339103508870000125e-01 -3.934062616130000190e-01
-3.386182651099999691e-02 -4.839296792819999804e-01
-1.825398325029999880e-01 -4.844896516319999735e-01
-2.162022078199999919e-01 -6.904099863639999723e-01
-2.197516517710000061e-01 -8.126147500460000339e-01
-2.114581561889999906e-01 -9.182970325599999484e-01
-7.334030362799999481e-02 -4.965662574240000127e-01
-1.038039804160000024e-01 -7.369964382220000054e-01
-1.259688472980000085e-01 -8.759244464440000266e-01
-1.336169476830000036e-01 -1.000000000000000000e+00
2.511831917200000111e-02 -4.586599674679999739e-01
-2.475976628499999832e-02 -5.761090011270000311e-01
-6.601316220399999768e-02 -4.291767835659999752e-01
-7.024402066300000635e-02 -3.429217526719999798e-01
1.134848427590000042e-01 -3.823786444460000045e-01
4.341862233799999998e-02 -4.839116696269999962e-01
-3.978395237000000376e-03 -3.895564271049999916e-01
-1.111258075100000041e-02 -3.108613181730000008e-01
-1.389852062230000074e-01 -9.093958772200000373e-02
-2.118391621559999882e-01 -2.527649980830000143e-01
-1.410580634649999943e-01 -3.874288874449999809e-01
-4.269904532600000274e-02 -4.748564933609999983e-01
-1.863626221930000104e-01 -4.831222588829999776e-01
-2.219507570719999878e-01 -6.887196832059999663e-01
-2.255347016779999936e-01 -8.115424388290000124e-01
-2.167271778519999914e-01 -9.179259335199999592e-01
-7.745326607600000468e-02 -4.965115786170000156e-01
-1.076960435899999985e-01 -7.357618149610000158e-01
-1.292629990610000001e-01 -8.753803431150000147e-01
-1.360645023279999921e-01 -1.000000000000000000e+00
2.020583989599999963e-02 -4.605046465300000058e-01
-2.778506715999999946e-02 -5.807178141450000108e-01
-6.903999324399999471e-02 -4.325242282980000241e-01
-7.399471418399999889e-02 -3.434803181739999878e-01
1.088355531719999991e-01 -3.859547344129999891e-01
4.180164620699999833e-02 -4.927030706430000073e-01
-4.880786556999999748e-03 -3.985135245699999995e-01
-1.249346502199999952e-02 -3.168355492289999797e-01
-1.355893022809999959e-01 -8.902952751300000078e-02
-2.059012250889999951e-01 -2.525599732350000126e-01
-1.317332084679999904e-01 -3.875250444089999857e-01
-3.286410201099999873e-02 -4.786403261619999738e-01
-1.823341848939999954e-01 -4.786979549950000079e-01
-2.139455342190000053e-01 -6.862556596440000378e-01
-2.161804798560000018e-01 -8.102590635480000358e-01
-2.062036383259999994e-01 -9.165505720319999661e-01
-7.325232598000000483e-02 -4.902021718949999829e-01
-1.030732485229999967e-01 -7.315622104240000478e-01
-1.261037197450000091e-01 -8.739292226260000351e-01
-1.344135830610000137e-01 -1.000000000000000000e+00
2.493791086299999848e-02 -4.541755698009999898e-01
-2.322614272700000010e-02 -5.753910447910000059e-01
-6.427581439399999985e-02 -4.262138841020000068e-01
-6.954730877100000208e-02 -3.370644184079999994e-01
1.144901933309999953e-01 -3.817267646340000153e-01
4.539312404499999676e-02 -4.863308989130000204e-01
3.812669040000000249e-04 -3.912696509690000157e-01
-5.882886573000000244e-03 -3.103968949470000127e-01
-1.373980887100000048e-01 -8.876961591199999946e-02
-2.069557752079999868e-01 -2.529181815289999746e-01
-1.313663457070000096e-01 -3.866288898229999771e-01
-3.355846047600000159e-02 -4.716674160850000130e-01
-1.865043791700000120e-01 -4.837363780400000257e-01
-2.192382336500000029e-01 -6.885215455200000001e-01
-2.221359623399999927e-01 -8.117875833580000533e-01
-2.126071527910000092e-01 -9.172157782530000469e-01
-7.669944072199999519e-02 -4.965216730079999863e-01
-1.049130456779999998e-01 -7.358164440429999509e-01
-1.252852863610000034e-01 -8.763017227699999578e-01
-1.313616895099999904e-01 -1.000000000000000000e+00
2.230489049299999929e-02 -4.592423534010000030e-01
-2.363938289099999993e-02 -5.770147013530000368e-01
-6.488378246100000302e-02 -4.302537866930000177e-01
-7.031736805200000662e-02 -3.413986869330000173e-01
1.104047353659999980e-01 -3.841691387960000093e-01
4.367480343699999684e-02 -4.844267412759999947e-01
-3.170017865999999809e-03 -3.901061839250000163e-01
-1.160245688499999921e-02 -3.106788017659999901e-01
-1.359488416680000034e-01 -8.655371109199999635e-02
-2.072814671819999954e-01 -2.503809609000000047e-01
-1.317223013459999925e-01 -3.857189565210000226e-01
-3.279141376699999666e-02 -4.722650503479999817e-01
-1.842742673689999888e-01 -4.842085310240000218e-01
-2.168257698449999882e-01 -6.921552718889999456e-01
-2.194629711080000045e-01 -8.154935362620000516e-01
-2.089053117989999875e-01 -9.203503141050000114e-01
-7.420667814100000148e-02 -4.957431208290000169e-01
-1.054097945270000003e-01 -7.350387640659999944e-01
-1.267444513110000115e-01 -8.750400882979999517e-01
-1.331404798120000010e-01 -1.000000000000000000e+00
2.484966644199999852e-02 -4.578282826310000053e-01
-1.949043232500000111e-02 -5.750113087089999686e-01
-6.033791749399999849e-02 -4.261431952040000137e-01
-6.690569253200000233e-02 -3.376768670310000275e-01
1.136297347809999969e-01 -3.824458764029999847e-01
4.758557443699999723e-02 -4.846560941629999841e-01
6.782620970000000516e-04 -3.894253418199999928e-01
-8.640517442999999867e-03 -3.095687690580000151e-01
-1.399861243219999996e-01 -9.063231299000000518e-02
-2.096715556390000013e-01 -2.554882971849999906e-01
-1.357348043380000036e-01 -3.903377496070000174e-01
-3.972240882499999959e-02 -4.756356419880000130e-01
-1.888489396059999936e-01 -4.825198606089999842e-01
-2.238270754580000133e-01 -6.862684461700000460e-01
-2.280074237789999902e-01 -8.098234239070000173e-01
-2.187768676540000068e-01 -9.161203503920000157e-01
-8.020913287599999719e-02 -4.957647187640000230e-01
-1.107799806880000043e-01 -7.339626752000000254e-01
-1.316710895940000070e-01 -8.751675323430000430e-01
-1.371052488710000072e-01 -1.000000000000000000e+00
1.712328337100000111e-02 -4.592704442539999876e-01
-2.565932176799999923e-02 -5.803322814300000410e-01
-6.741107656000000503e-02 -4.349466682690000252e-01
-7.439493600200000611e-02 -3.448974253189999728e-01
1.047437364449999991e-01 -3.850206479100000134e-01
4.165051580299999889e-02 -4.922790186320000205e-01
-7.168920661000000027e-03 -4.011832045889999754e-01
-1.857559319400000145e-02 -3.202878383619999769e-01
-1.386787548120000102e-01 -8.825038606599999724e-02
-2.067347468190000037e-01 -2.524853605660000166e-01
-1.285903654889999914e-01 -3.865029338450000074e-01
-2.959057254400000031e-02 -4.745897017039999999e-01
-1.892792727060000069e-01 -4.802125024430000111e-01
-2.187304197440000098e-01 -6.869982720939999954e-01
-2.200740752529999900e-01 -8.125454528940000420e-01
-2.085107451250000077e-01 -9.205427982739999848e-01
-7.940429036599999657e-02 -4.921947277429999934e-01
-1.107405145149999992e-01 -7.302881819690000276e-01
-1.325210446389999963e-01 -8.730727118340000370e-01
-1.383942382170000041e-01 -1.000000000000000000e+00
1.964519041799999907e-02 -4.560589385020000219e-01
-2.145218664100000117e-02 -5.737601134369999523e-01
-6.317662030300000287e-02 -4.247358689299999823e-01
-7.128016611000000113e-02 -3.341891623789999821e-01
1.092627734779999943e-01 -3.837040368369999954e-01
4.543200595500000022e-02 -4.848990163079999749e-01
-1.609417063000000104e-03 -3.904409066230000169e-01
-1.207707501800000041e-02 -3.100797509329999979e-01
-1.385916869640000104e-01 -8.709706393900000510e-02
-2.086787521290000003e-01 -2.530523470919999740e-01
-1.285520763359999930e-01 -3.863368738819999981e-01
-3.069222482199999991e-02 -4.679187589309999895e-01
-1.908620265590000031e-01 -4.840319300659999824e-01
-2.219447432309999968e-01 -6.883071640090000498e-01
-2.246155731689999935e-01 -8.131055049430000459e-01
-2.144045174589999936e-01 -9.189570411070000500e-01
-8.062553884199999410e-02 -4.974582723559999864e-01
-1.101553080760000053e-01 -7.356602756460000059e-01
-1.311072269319999983e-01 -8.775358206400000194e-01
-1.361285136260000084e-01 -1.000000000000000000e+00
1.870575127300000071e-02 -4.608944485420000126e-01
-2.330784026000000050e-02 -5.795147916559999501e-01
-6.406199517299999979e-02 -4.323662240750000274e-01
-6.994327251599999351e-02 -3.401523737909999956e-01
1.072855123029999996e-01 -3.877045829410000199e-01
4.249895756100000033e-02 -4.853769246279999727e-01
-5.230720950000000008e-03 -3.912355022860000142e-01
-1.566951419200000167e-02 -3.109443932789999754e-01
-1.395345361160000019e-01 -8.639077771500000558e-02
-2.111687103590000059e-01 -2.514465626540000054e-01
-1.340442230109999966e-01 -3.870222329090000080e-01
-3.372715083700000144e-02 -4.695167393979999826e-01
-1.889623010600000041e-01 -4.823044511640000032e-01
-2.198452796400000020e-01 -6.903064539309999859e-01
-2.219666437829999894e-01 -8.144663216719999488e-01
-2.114581860660000034e-01 -9.205442541449999627e-01
-7.887126274500000367e-02 -4.953421172079999768e-01
-1.101011552789999959e-01 -7.352601874240000113e-01
-1.339046741809999941e-01 -8.754424866269999717e-01
-1.419497491060000005e-01 -1.000000000000000000e+00
2.022198315699999874e-02 -4.582296344540000010e-01
-2.367128039399999870e-02 -5.774567480209999992e-01
-6.525565698200000431e-02 -4.294444572810000027e-01
-7.163378261800000535e-02 -3.399883374250000090e-01
1.098155958150000000e-01 -3.832591139809999881e-01
4.467703453099999833e-02 -4.851943455700000185e-01
-1.293535417000000022e-03 -3.916142248949999738e-01
-9.406883530000000049e-03 -3.121106519099999810e-01
-1.410365729849999972e-01 -8.945871380500000636e-02
-2.124604210619999989e-01 -2.549502408780000007e-01
-1.366617594900000066e-01 -3.914329817969999792e-01
-3.977795921399999990e-02 -4.771395910680000241e-01
-1.958127113289999943e-01 -4.843912707329999789e-01
-2.257524268670000056e-01 -6.894074399990000046e-01
-2.281341778809999887e-01 -8.139433249190000108e-01
-2.170005682979999906e-01 -9.210084084909999635e-01
-8.650407054799999496e-02 -4.982744808549999793e-01
-1.181105786059999940e-01 -7.363434017909999962e-01
-1.401330460770000008e-01 -8.758498008270000357e-01
-1.457931177389999999e-01 -1.000000000000000000e+00
1.249375691199999978e-02 -4.620735785030000153e-01
-2.389876586800000063e-02 -5.833792529910000191e-01
-6.388163653099999950e-02 -4.352679514189999876e-01
-7.154395952799999514e-02 -3.452036593039999879e-01
1.026870211600000027e-01 -3.876728041979999873e-01
4.387841977600000221e-02 -4.924426760710000073e-01
-6.500458019999999677e-04 -3.968268720429999896e-01
-1.031658917300000075e-02 -3.152601697729999763e-01
-1.356302765769999974e-01 -8.795279222000000618e-02
-2.057694838390000114e-01 -2.503764845790000249e-01
-1.314250050080000010e-01 -3.874212301309999940e-01
-3.230893710600000329e-02 -4.779586393690000157e-01
-1.863636172929999946e-01 -4.850778698279999968e-01
-2.145084872949999943e-01 -6.947224671120000306e-01
-2.158340173130000039e-01 -8.197299909259999628e-01
-2.045289747629999988e-01 -9.263488466999999504e-01
-7.733052920900000682e-02 -4.964812545719999859e-01
-1.113319185050000021e-01 -7.347634613100000323e-01
-1.369546964899999997e-01 -8.743837144930000083e-01
-1.469334254200000134e-01 -1.000000000000000000e+00
2.159766983900000131e-02 -4.594045820900000132e-01
-2.423893483400000118e-02 -5.783519150939999687e-01
-6.385314284500000215e-02 -4.279719091990000224e-01
-6.931022043600000571e-02 -3.400166682179999733e-01
1.110103147150000025e-01 -3.845127891130000197e-01
4.320996693600000216e-02 -4.874723651330000185e-01
-2.149162221000000018e-03 -3.909473463259999781e-01
-9.192317874999999736e-03 -3.104895222710000180e-01
-1.412381209290000106e-01 -8.954637149300000154e-02
-2.136229777479999870e-01 -2.562261780960000124e-01
-1.385495944210000108e-01 -3.927221835390000138e-01
-4.074771609899999897e-02 -4.775848685710000208e-01
-1.929575021499999876e-01 -4.872559273389999723e-01
-2.263820698339999993e-01 -6.880547892789999898e-01
-2.316527503699999935e-01 -8.116324736519999750e-01
-2.233693479689999872e-01 -9.178464993680000017e-01
-8.376552511500000298e-02 -5.023215150740000245e-01
-1.180206950199999966e-01 -7.381234845999999905e-01
-1.420852758429999863e-01 -8.771857343619999803e-01
-1.497032072620000098e-01 -1.000000000000000000e+00
1.557100539399999990e-02 -4.663982492659999868e-01
-2.900994490399999917e-02 -5.841981867679999496e-01
-7.013256958800000163e-02 -4.370541839850000110e-01
-7.621578287300000143e-02 -3.462373768820000142e-01
1.046034520670000023e-01 -3.921076895730000178e-01
3.837890055399999917e-02 -4.894436524760000240e-01
-9.367438869999999626e-03 -3.956306432269999784e-01
-1.956712863500000010e-02 -3.163701212300000232e-01
-1.399466902369999877e-01 -8.883433800899999400e-02
-2.132912445150000058e-01 -2.546973393359999727e-01
-1.404263482710000066e-01 -3.924069846220000213e-01
-4.283805542400000166e-02 -4.768431742340000223e-01
-1.918786105040000134e-01 -4.814893068780000118e-01
-2.249277144840000076e-01 -6.898592938950000031e-01
-2.285352622210000129e-01 -8.147099675479999581e-01
-2.183615143850000107e-01 -9.222806702150000424e-01
-8.300028187699999560e-02 -4.952515518339999923e-01
-1.151715568529999983e-01 -7.330339972310000451e-01
-1.396759365870000047e-01 -8.739914141079999643e-01
-1.469483144000000019e-01 -1.000000000000000000e+00
1.526880960700000012e-02 -4.604110373149999935e-01
-2.899080034600000008e-02 -5.810750440059999633e-01
-7.185540919999999776e-02 -4.314315238079999837e-01
-7.841939107600000292e-02 -3.411421622049999880e-01
1.045522724660000041e-01 -3.890299363179999803e-01
3.909193401100000131e-02 -4.940754371209999940e-01
-7.799009974999999983e-03 -3.999524974140000189e-01
-1.642319878600000116e-02 -3.187953954789999877e-01
-1.391343403879999885e-01 -8.921440317400000652e-02
-2.081106340689999890e-01 -2.519249127479999961e-01
-1.321623901410000079e-01 -3.880390104129999851e-01
-3.065059037600000036e-02 -4.722244851769999974e-01
-1.890082442000000085e-01 -4.797287150480000206e-01
-2.197109861350000082e-01 -6.865620939559999858e-01
-2.219511475339999984e-01 -8.109150007450000031e-01
-2.112634804749999873e-01 -9.173643982570000022e-01
-7.952746368499999385e-02 -4.934897579110000265e-01
-1.112542607069999939e-01 -7.330712406660000457e-01
-1.357009094330000054e-01 -8.741497316420000496e-01
-1.443534224149999878e-01 -1.000000000000000000e+00
1.935045331000000146e-02 -4.576609495599999744e-01
-2.155259707199999944e-02 -5.855484168340000517e-01
-6.434776099399999727e-02 -4.387063769710000116e-01
-7.198191171899999408e-02 -3.495125857679999837e-01
1.072816467539999957e-01 -3.825191244739999941e-01
4.314635265300000022e-02 -4.889923239060000038e-01
-6.355685021000000157e-03 -3.948778662169999953e-01
-1.710322494900000032e-02 -3.134315261480000170e-01
-1.378810642789999874e-01 -8.987739979499999310e-02
-2.077182573639999863e-01 -2.559987755640000251e-01
-1.330130314880000053e-01 -3.943284622189999755e-01
-3.330216782999999986e-02 -4.805742003149999775e-01
-1.901178078080000000e-01 -4.833389103010000132e-01
-2.228509595189999970e-01 -6.904980438119999731e-01
-2.256563413140000030e-01 -8.137140668700000301e-01
-2.146240321029999898e-01 -9.179496368189999922e-01
-7.977921240499999400e-02 -4.951944506529999956e-01
-1.113661585969999979e-01 -7.354299812919999901e-01
-1.357888986530000064e-01 -8.753080184079999881e-01
-1.441635938209999968e-01 -1.000000000000000000e+00
1.968204180999999844e-02 -4.568520273000000187e-01
-2.149865106799999856e-02 -5.790397736229999648e-01
-6.484935035500000167e-02 -4.285571948279999765e-01
-7.260261661099999542e-02 -3.399227177249999898e-01
1.101418528249999973e-01 -3.791823000960000134e-01
4.587818948999999868e-02 -4.880289147369999969e-01
-4.890995819999999520e-04 -3.918316218249999761e-01
-8.338888407999999267e-03 -3.103967359800000048e-01
-1.376993360830000013e-01 -9.115103455600000182e-02
-2.054613797790000029e-01 -2.575179649880000032e-01
-1.300362689719999909e-01 -3.922367378389999826e-01
-3.260976414899999926e-02 -4.747093611120000167e-01
-1.894928058170000096e-01 -4.875549623020000167e-01
-2.199582146949999872e-01 -6.923194803879999526e-01
-2.226682975650000063e-01 -8.150021378539999972e-01
-2.115226817420000072e-01 -9.197580087159999973e-01
-7.954462447700000327e-02 -4.991266987529999755e-01
-1.090601584660000067e-01 -7.365172098100000175e-01
-1.313482616659999991e-01 -8.756378550169999775e-01
-1.376743085029999980e-01 -1.000000000000000000e+00
2.012021939599999837e-02 -4.596512631520000003e-01
-1.863870395100000049e-02 -5.777593481799999653e-01
-6.303052747300000314e-02 -4.325639910499999852e-01
-7.230559236200000128e-02 -3.428253528019999941e-01
1.088056462219999937e-01 -3.822789870339999840e-01
4.958615445600000199e-02 -4.862005400380000064e-01
1.756492950000000121e-04 -3.946290225790000106e-01
-1.241315849200000029e-02 -3.150752408749999955e-01
-1.357150007700000105e-01 -9.140815356600000274e-02
-2.024147850240000102e-01 -2.587810423679999805e-01
-1.237226329159999971e-01 -3.956257056529999816e-01
-2.277048926199999948e-02 -4.810314917790000089e-01
-1.847183553579999915e-01 -4.910181236780000180e-01
-2.114691386130000128e-01 -7.013689904559999855e-01
-2.114066525999999946e-01 -8.248350076329999947e-01
-1.972910620660000003e-01 -9.291772778979999758e-01
-7.435100138399999836e-02 -4.996568150960000176e-01
-1.039102055150000065e-01 -7.384734783969999494e-01
-1.260534914130000128e-01 -8.767575167750000231e-01
-1.312784286950000046e-01 -1.000000000000000000e+00
2.545829911199999976e-02 -4.581907057519999937e-01
-1.190657976399999915e-02 -5.741366287939999591e-01
-5.638913633800000241e-02 -4.260799242980000123e-01
-6.580955382500000561e-02 -3.370839261370000006e-01
1.161436652399999991e-01 -3.789279782300000177e-01
5.663504483799999822e-02 -4.836130428620000199e-01
8.936020701000000482e-03 -3.902600121140000211e-01
-1.874320058000000051e-03 -3.106640583959999757e-01
-1.383587727389999911e-01 -9.262255528799999416e-02
-2.048227472099999891e-01 -2.631389232360000219e-01
-1.232519092310000036e-01 -3.993074664340000024e-01
-2.124281404699999987e-02 -4.800661942700000240e-01
-1.873949364649999949e-01 -4.920678369170000122e-01
-2.150660007980000066e-01 -6.965690804530000335e-01
-2.172051478810000102e-01 -8.191577479510000481e-01
-2.058141831499999963e-01 -9.230693797929999667e-01
-7.552031788499999343e-02 -5.025162017099999989e-01
-1.027568720350000020e-01 -7.397220362249999903e-01
-1.247319005270000059e-01 -8.777393639220000265e-01
-1.303525335819999964e-01 -1.000000000000000000e+00
2.517645627399999961e-02 -4.613903306770000268e-01
-1.292897319699999950e-02 -5.752096639410000378e-01
-5.744246740600000151e-02 -4.277844224580000243e-01
-6.573957378599999679e-02 -3.399873524520000134e-01
1.151073665180000066e-01 -3.823840339089999985e-01
5.384110533099999846e-02 -4.822805162380000010e-01
7.538520495000000134e-03 -3.868944293120000211e-01
-1.554417362000000066e-03 -3.080573981240000148e-01
-1.358942270669999952e-01 -9.399070227300000691e-02
-1.991492240580000073e-01 -2.634626061909999817e-01
-1.148377376379999953e-01 -3.978520299930000115e-01
-1.094245919399999996e-02 -4.768411471819999914e-01
-1.829385355650000045e-01 -4.935043816190000099e-01
-2.079650693460000088e-01 -6.995498791090000168e-01
-2.088742681740000107e-01 -8.218091061869999825e-01
-1.963237780429999968e-01 -9.248519985069999505e-01
-7.005844048699999549e-02 -5.025729016509999925e-01
-9.458653487399999726e-02 -7.406377846920000341e-01
-1.158033254370000042e-01 -8.788411890339999921e-01
-1.209247478419999966e-01 -1.000000000000000000e+00
3.079848283000000131e-02 -4.593923133289999905e-01
-4.360464643000000126e-03 -5.726448689719999541e-01
-5.092993236800000267e-02 -4.293583410929999733e-01
-6.082238328000000305e-02 -3.417929502570000166e-01
1.196348419700000026e-01 -3.779655302370000247e-01
6.103516201100000343e-02 -4.750734018180000073e-01
1.199566176500000032e-02 -3.813989341119999876e-01
4.266004969999999809e-04 -3.027821797029999762e-01
-1.362139306559999874e-01 -9.445840147200000592e-02
-1.996365313519999907e-01 -2.642013184579999896e-01
-1.169862502020000000e-01 -3.979725611839999844e-01
-1.449161043300000069e-02 -4.755915554330000239e-01
-1.838955698679999862e-01 -4.966563113890000158e-01
-2.099265566400000116e-01 -7.004228433429999789e-01
-2.103235521850000123e-01 -8.226053219440000452e-01
-1.966304374769999863e-01 -9.261321435999999574e-01
-7.148178652400000166e-02 -5.061871422699999457e-01
-9.663090915800000291e-02 -7.411884297640000119e-01
-1.150672751910000041e-01 -8.784229542939999691e-01
-1.160628650699999931e-01 -1.000000000000000000e+00
2.935201347200000130e-02 -4.632510067000000231e-01
-3.151743778000000180e-03 -5.749020376279999622e-01
-5.135761818600000084e-02 -4.311246269780000251e-01
-6.259923154499999476e-02 -3.417769311020000256e-01
1.192689256209999993e-01 -3.821596234479999743e-01
6.390485790600000660e-02 -4.801354602849999820e-01
1.416270670799999951e-02 -3.887211156729999950e-01
1.621669023999999966e-03 -3.105874177779999745e-01
-1.376191525359999890e-01 -9.207988823300000680e-02
-2.021487444750000029e-01 -2.637492167339999805e-01
-1.169704872050000011e-01 -3.985873731469999903e-01
-1.460761298000000027e-02 -4.775523057030000018e-01
-1.869814013240000128e-01 -4.938885816169999998e-01
-2.109366256509999926e-01 -6.972582114219999516e-01
-2.105375829420000067e-01 -8.203040977600000172e-01
-1.954789094200000132e-01 -9.231634257580000336e-01
-7.394364513800000260e-02 -5.039611792929999945e-01
-1.001595240779999951e-01 -7.391897093189999657e-01
-1.187634381780000026e-01 -8.781526613460000075e-01
-1.191850632839999979e-01 -1.000000000000000000e+00
2.760835132900000058e-02 -4.621232743370000118e-01
-6.909169306999999802e-03 -5.747342819540000036e-01
-5.459013903400000006e-02 -4.299041000320000250e-01
-6.488105497299999358e-02 -3.402350132470000066e-01
1.167680288340000039e-01 -3.834102399389999749e-01
5.640749988200000065e-02 -4.772128844390000069e-01
5.974153630000000360e-03 -3.838281774569999860e-01
-6.806438978999999716e-03 -3.061084422059999754e-01
-1.384123663609999888e-01 -9.264273524900000500e-02
-2.035026439260000097e-01 -2.623776906049999913e-01
-1.205529469189999953e-01 -3.974184956719999939e-01
-1.713022974999999989e-02 -4.769414135460000037e-01
-1.906119134829999950e-01 -4.942478363169999778e-01
-2.179276905549999976e-01 -7.001045374829999446e-01
-2.190121466480000056e-01 -8.226148864090000457e-01
-2.060340234190000119e-01 -9.266035127780000158e-01
-7.746417951400000335e-02 -5.037255348069999972e-01
-1.027950602190000062e-01 -7.411676088559999709e-01
-1.218026964830000031e-01 -8.781411691999999602e-01
-1.236484844830000041e-01 -1.000000000000000000e+00
2.432871130200000079e-02 -4.605018486520000009e-01
-5.624887710999999617e-03 -5.722098601249999694e-01
-5.253281803700000224e-02 -4.263731002260000014e-01
-6.370141963500000615e-02 -3.376168890780000265e-01
1.160582083079999965e-01 -3.787423628280000010e-01
6.271509222000000439e-02 -4.768719902879999806e-01
1.512922954499999924e-02 -3.828175178739999795e-01
3.758937181000000100e-03 -3.043726734739999884e-01
-1.367261714980000098e-01 -9.033833805700000608e-02
-2.014964446280000099e-01 -2.628400467609999791e-01
-1.181902003090000014e-01 -3.998425359610000007e-01
-1.869398773399999839e-02 -4.806661460119999729e-01
-1.855682989299999863e-01 -4.913916408530000224e-01
-2.096319241519999932e-01 -6.968702194060000243e-01
-2.084447525470000118e-01 -8.204645725410000257e-01
-1.933732502240000095e-01 -9.249851067290000284e-01
-7.342484772799999504e-02 -5.013672558649999722e-01
-1.011451486940000005e-01 -7.363354364290000120e-01
-1.217236348490000064e-01 -8.754105521380000088e-01
-1.247470744029999939e-01 -1.000000000000000000e+00
2.724137628399999830e-02 -4.603614750330000116e-01
-7.073109139999999607e-03 -5.716789956619999780e-01
-5.464947919899999784e-02 -4.250575499379999900e-01
-6.681538811999999938e-02 -3.347805399800000137e-01
1.179121275910000044e-01 -3.832402686740000175e-01
6.057097208099999908e-02 -4.811862160950000078e-01
1.078789545200000040e-02 -3.915863502570000043e-01
-3.432358550999999904e-03 -3.153371924210000010e-01
-1.356045036019999928e-01 -9.340041612499999646e-02
-1.982354889719999957e-01 -2.642750094299999852e-01
-1.143274412620000069e-01 -3.997673182959999849e-01
-1.243400353700000079e-02 -4.796076989970000093e-01
-1.810251859679999908e-01 -4.916764942419999951e-01
-2.017156977279999930e-01 -6.976189609039999961e-01
-1.986707825050000042e-01 -8.209641878190000464e-01
-1.820756865819999903e-01 -9.246259001690000368e-01
-6.915708185299999922e-02 -5.003450206959999536e-01
-9.562700025199999398e-02 -7.366996843680000406e-01
-1.175747673290000045e-01 -8.757689176790000030e-01
-1.222260674019999965e-01 -1.000000000000000000e+00
3.101871637399999937e-02 -4.585345710929999985e-01
-3.312548780000000147e-03 -5.731854029039999965e-01
-5.103489270900000291e-02 -4.271456866480000114e-01
-6.206096738499999876e-02 -3.367200680870000018e-01
1.215107570720000002e-01 -3.799923881980000195e-01
6.358592109400000580e-02 -4.802709478569999746e-01
1.190567362899999995e-02 -3.909611822910000201e-01
-3.034023159000000074e-03 -3.136977470890000008e-01
-1.368762245290000013e-01 -9.463454796400000424e-02
-1.998250120249999984e-01 -2.662683244440000041e-01
-1.147937505740000003e-01 -4.024201928469999801e-01
-1.015314561000000074e-02 -4.825348127179999724e-01
-1.790258244060000115e-01 -4.954656376189999767e-01
-1.984291658369999878e-01 -6.972993975460000105e-01
-1.945848990559999880e-01 -8.203930552910000396e-01
-1.775389419450000006e-01 -9.251301424500000259e-01
-6.538095161199999894e-02 -5.063687270500000226e-01
-9.166260376700000045e-02 -7.407423302629999595e-01
-1.129771217230000069e-01 -8.774335398210000303e-01
-1.171863139120000036e-01 -1.000000000000000000e+00
3.560630264299999986e-02 -4.652168847379999916e-01
1.254284780999999956e-03 -5.729372468590000489e-01
-4.612912055199999695e-02 -4.265495524010000095e-01
-5.633396176000000227e-02 -3.382526897440000235e-01
1.263796120619999908e-01 -3.865509120930000209e-01
6.903898418699999651e-02 -4.789194371400000150e-01
2.102619307099999960e-02 -3.876861669450000214e-01
8.784740356999999958e-03 -3.121793806059999787e-01
-1.349970969740000026e-01 -9.904333933099999931e-02
-1.922002937710000081e-01 -2.688344510760000139e-01
-1.022210374090000012e-01 -4.048325837710000097e-01
7.387416626999999611e-03 -4.832703144289999808e-01
-1.773437912409999984e-01 -4.996119649340000080e-01
-1.967029323589999934e-01 -7.041061756700000007e-01
-1.929297073940000051e-01 -8.270423283810000026e-01
-1.738513859539999873e-01 -9.297021750759999481e-01
-6.362336738700000160e-02 -5.073548581779999678e-01
-8.988075747399999760e-02 -7.432234273279999526e-01
-1.068611178229999931e-01 -8.786991082209999471e-01
-1.057827833039999971e-01 -1.000000000000000000e+00
3.693780067500000014e-02 -4.619977834810000128e-01
1.629543430399999979e-02 -5.819404669130000540e-01
-3.311741365899999873e-02 -4.365189259989999959e-01
-4.688312254000000234e-02 -3.481984952859999982e-01
1.257846459770000092e-01 -3.760412282430000142e-01
8.026720073899999697e-02 -4.803929401150000000e-01
3.047392528099999998e-02 -3.868911417190000201e-01
1.577965237699999884e-02 -3.078493062900000132e-01
-1.344867946290000116e-01 -9.711783582199999543e-02
-1.931494120979999896e-01 -2.682645588640000245e-01
-1.020199740139999950e-01 -4.015414656060000143e-01
3.396179986000000001e-03 -4.785850632840000229e-01
-1.763731021150000133e-01 -4.988104757810000178e-01
-1.923307235950000027e-01 -6.976146107199999724e-01
-1.880738457949999998e-01 -8.214917861439999802e-01
-1.675682397380000022e-01 -9.250974966099999586e-01
-6.160754250600000009e-02 -5.082323951160000464e-01
-8.732559027399999785e-02 -7.404687430509999668e-01
-1.030519304449999951e-01 -8.789681665080000261e-01
-9.985994595300000387e-02 -1.000000000000000000e+00
4.086322626200000058e-02 -4.657408642809999777e-01
1.386576815400000079e-02 -5.748054184909999753e-01
-3.552508532800000007e-02 -4.334155867760000058e-01
-4.928730940500000018e-02 -3.447925070380000179e-01
1.292124894410000002e-01 -3.864038146029999954e-01
7.588380540099999572e-02 -4.729920066930000111e-01
2.460785803600000141e-02 -3.801996507309999829e-01
8.061514517000000629e-03 -3.040445598479999956e-01
-1.331725118029999932e-01 -9.180608530299999570e-02
-1.922378378880000016e-01 -2.652078672090000255e-01
-9.685864810600000596e-02 -3.993423156740000257e-01
1.073263538799999924e-02 -4.784173090320000266e-01
-1.778227005309999942e-01 -4.972595337990000086e-01
-1.939428506070000058e-01 -6.988047060869999605e-01
-1.895581571859999981e-01 -8.241401214510000184e-01
-1.692519616819999906e-01 -9.263470238680000524e-01
-6.263921806800000491e-02 -5.055124817980000129e-01
-8.752094556700000527e-02 -7.397833358750000032e-01
-1.021947125049999933e-01 -8.800993003710000373e-01
-9.873415553400000100e-02 -1.000000000000000000e+00
3.974639863599999795e-02 -4.625241899209999730e-01
1.384990605200000016e-02 -5.689929186619999690e-01
-3.538618347800000230e-02 -4.259696123699999726e-01
-5.003750653899999984e-02 -3.366091220770000003e-01
1.277424718759999911e-01 -3.836781634770000116e-01
7.394036602999999597e-02 -4.689834981400000102e-01
2.335515015899999880e-02 -3.731428307610000217e-01
7.072905420999999609e-03 -2.958137347270000106e-01
-1.338134968140000103e-01 -9.235757301399999397e-02
-1.950449770809999928e-01 -2.684506947370000063e-01
-1.008885637549999936e-01 -4.007852654440000051e-01
3.090610864000000162e-03 -4.771729971270000092e-01
-1.773106669279999881e-01 -4.953787580640000021e-01
-1.930607539560000030e-01 -6.949968504289999460e-01
-1.893785069920000119e-01 -8.198858078640000047e-01
-1.696188067140000089e-01 -9.231106316830000047e-01
-6.349861982200000199e-02 -5.039922141189999705e-01
-8.818365288000000468e-02 -7.371886917990000399e-01
-1.050963301230000008e-01 -8.792837808719999870e-01
-1.028949789790000041e-01 -1.000000000000000000e+00
3.886749124100000174e-02 -4.624362945600000163e-01
8.870142475000000401e-03 -5.655658335180000496e-01
-4.136810743299999815e-02 -4.230406576319999945e-01
-5.570525373600000024e-02 -3.326398959049999826e-01
1.273768689789999964e-01 -3.874791653619999998e-01
6.920303971300000023e-02 -4.699340067389999875e-01
1.821754638600000045e-02 -3.763904695829999869e-01
1.921651911999999957e-03 -3.001330344099999992e-01
-1.352644139530000122e-01 -9.196385290000000379e-02
-1.970235903039999903e-01 -2.671243849950000193e-01
-1.044611579910000032e-01 -4.009184218619999962e-01
1.032776159000000022e-03 -4.781143481760000147e-01
-1.793873793230000013e-01 -4.965893297289999953e-01
-1.970495144520000019e-01 -6.958791553700000021e-01
-1.946633799299999912e-01 -8.207383953469999938e-01
-1.768452416580000019e-01 -9.234818821379999765e-01
-6.500198612700000544e-02 -5.049623385470000114e-01
-9.000222630199999907e-02 -7.380405596060000128e-01
-1.069700394260000020e-01 -8.791344044819999759e-01
-1.050262520459999960e-01 -1.000000000000000000e+00
3.733175510299999861e-02 -4.622048753010000177e-01
6.791210267000000016e-03 -5.673685384250000130e-01
-4.354078494500000091e-02 -4.217484747840000159e-01
-5.752581535299999826e-02 -3.316732549840000210e-01
1.256836737099999990e-01 -3.837371927709999908e-01
6.581447249300000080e-02 -4.688440103259999825e-01
1.571016462100000011e-02 -3.716827585410000245e-01
1.692990888000000041e-03 -2.936905484530000221e-01
-1.355648539959999899e-01 -9.083946549499999357e-02
-1.983224961030000122e-01 -2.656663812480000164e-01
-1.041150725409999978e-01 -3.978106153609999862e-01
1.315986932000000071e-03 -4.727868830490000174e-01
-1.777115874920000005e-01 -4.959802903539999863e-01
-1.942558080429999945e-01 -6.946270360709999592e-01
-1.918876360439999984e-01 -8.191462300709999589e-01
-1.739769021260000048e-01 -9.218350478150000304e-01
-6.339989944599999649e-02 -5.045428454960000364e-01
-8.963606249699999917e-02 -7.368831668519999489e-01
-1.069772077819999972e-01 -8.788639417079999738e-01
-1.052740267319999951e-01 -1.000000000000000000e+00
3.956725718899999772e-02 -4.625246291730000237e-01
7.599333393000000381e-03 -5.651055772509999686e-01
-4.226027013800000287e-02 -4.203905108600000107e-01
-5.732746306799999664e-02 -3.287524451769999745e-01
1.281448927299999874e-01 -3.864180214190000018e-01
6.624915668799999380e-02 -4.648715459039999831e-01
1.473183932800000047e-02 -3.690044373899999952e-01
-2.718900356000000101e-03 -2.921669374990000234e-01
-1.350622430089999937e-01 -9.164909114199999707e-02
-1.960971155979999991e-01 -2.675992365709999876e-01
-1.063905640549999976e-01 -4.008263565799999872e-01
-1.959580561000000189e-03 -4.773532198759999901e-01
-1.781180550049999978e-01 -4.925603273229999801e-01
-2.005550833249999942e-01 -6.912144002629999617e-01
-1.995213733579999926e-01 -8.151381305760000417e-01
-1.825810959960000035e-01 -9.180505009239999792e-01
-6.527716157400000052e-02 -5.008596986529999517e-01
-9.216246638699999993e-02 -7.344746062429999833e-01
-1.101177867069999955e-01 -8.765626688290000246e-01
-1.082187600989999998e-01 -1.000000000000000000e+00
3.562296058299999763e-02 -4.580926724270000250e-01
6.000630092999999915e-03 -5.661051848510000317e-01
-4.602575250399999762e-02 -4.232902796999999939e-01
-6.069847619200000044e-02 -3.331738995229999722e-01
1.250195227149999977e-01 -3.795839192179999988e-01
6.844658540499999611e-02 -4.680931480450000182e-01
1.882564518499999992e-02 -3.759847314279999853e-01
5.435676668999999891e-03 -2.999413891719999725e-01
-1.342491466519999954e-01 -9.108258428399999829e-02
-1.979947912339999894e-01 -2.664732661070000064e-01
-1.072542294779999933e-01 -3.991064132639999817e-01
-2.322694186999999834e-03 -4.753093579120000189e-01
-1.799690650219999966e-01 -4.954251639410000019e-01
-2.028625756090000065e-01 -6.950348482229999902e-01
-2.024004709560000004e-01 -8.185752402370000125e-01
-1.857436158780000068e-01 -9.201898566730000173e-01
-6.724976463600000620e-02 -5.030431543910000025e-01
-9.269435324399999399e-02 -7.355458708830000525e-01
-1.100648671270000045e-01 -8.776616007630000382e-01
-1.080880354919999953e-01 -1.000000000000000000e+00
3.443467190700000291e-02 -4.601676854119999827e-01
4.182112188999999661e-03 -5.649176656430000554e-01
-4.705273232400000033e-02 -4.185010431519999852e-01
-6.230368281100000238e-02 -3.269949497169999941e-01
1.234610857439999987e-01 -3.828300135020000217e-01
6.587913620299999662e-02 -4.700180318439999838e-01
1.598035990099999984e-02 -3.743697885089999899e-01
7.941691500000000025e-04 -2.963523346210000242e-01
