-1.458999933650000080e-01 -1.529125187089999949e-01
-1.915321397080000099e-01 -3.271868667439999934e-01
-1.220949958319999945e-01 -4.964912893410000083e-01
-1.733320519900000134e-02 -5.758751539959999777e-01
-1.517176526289999994e-01 -4.991942394259999971e-01
-1.676327042970000014e-01 -7.015514219139999952e-01
-1.633300921989999932e-01 -8.212441114849999835e-01
-1.469139415880000021e-01 -9.249114423409999786e-01
-4.735279328699999735e-02 -5.066243679470000538e-01
-6.409509340999999805e-02 -7.393634405200000259e-01
-8.111927723100000043e-02 -8.731078988039999711e-01
-8.508237303500000570e-02 -1.000000000000000000e+00
4.941454188799999925e-02 -4.690326214950000239e-01
3.740877695000000003e-02 -6.385630981569999642e-01
-2.623949287299999836e-02 -5.025268582580000309e-01
-4.584772457900000014e-02 -4.023182291949999878e-01
1.432794510529999954e-01 -3.971977875609999931e-01
1.145065175579999955e-01 -5.402621266599999528e-01
4.798249311999999711e-02 -4.616241285109999870e-01
2.414330149100000003e-02 -3.736934804800000065e-01
-1.469246755280000094e-01 -1.524633596180000050e-01
-1.917314300580000019e-01 -3.257729804730000178e-01
-1.184640756560000063e-01 -4.958029421090000000e-01
-1.382032690400000069e-02 -5.736742170790000150e-01
-1.527628290530000099e-01 -5.026139649230000339e-01
-1.675410517739999994e-01 -7.035363245329999682e-01
-1.625130912380000070e-01 -8.233406665829999804e-01
-1.445259190950000106e-01 -9.262231880679999696e-01
-4.704914915499999739e-02 -5.102586881380000161e-01
-6.586389476800000309e-02 -7.409511855749999487e-01
-8.027697109100000172e-02 -8.741225397049999790e-01
-8.173086706799999324e-02 -1.000000000000000000e+00
5.040602022300000318e-02 -4.722422311360000013e-01
3.791867616800000118e-02 -6.389227615500000512e-01
-2.388184348999999873e-02 -5.014199634020000129e-01
-4.343213355199999903e-02 -4.013643802490000079e-01
1.448285457769999951e-01 -4.009623472200000149e-01
1.139263947270000021e-01 -5.429633294669999888e-01
4.740194790800000141e-02 -4.631866880270000264e-01
2.227061664999999829e-02 -3.750541459810000089e-01
-1.468655427049999906e-01 -1.527847305629999874e-01
-1.899271570980000101e-01 -3.204793991930000030e-01
-1.228262804239999978e-01 -4.876515797689999765e-01
-1.969050690999999895e-02 -5.614618754560000147e-01
-1.509113412420000078e-01 -5.023834182130000325e-01
-1.698324577779999900e-01 -7.015642255599999766e-01
-1.657164817410000102e-01 -8.204312419920000155e-01
-1.504134746799999922e-01 -9.225471451969999848e-01
-4.533738388099999711e-02 -5.084321501130000254e-01
-6.167989907799999866e-02 -7.397216012299999699e-01
-7.242961741099999962e-02 -8.731378102550000353e-01
-7.268695574500000367e-02 -1.000000000000000000e+00
5.166210770699999899e-02 -4.682629985890000013e-01
4.301658955800000128e-02 -6.375390981399999824e-01
-1.963073417699999837e-02 -5.002192265760000423e-01
-4.217592808900000323e-02 -3.978249724069999882e-01
1.430636469159999868e-01 -3.933750127069999825e-01
1.160448716690000021e-01 -5.353507365099999804e-01
4.629312270299999754e-02 -4.565462930370000061e-01
1.812707342500000096e-02 -3.679251389170000164e-01
-1.468459351349999942e-01 -1.474601250270000108e-01
-1.908457853609999977e-01 -3.204381370939999862e-01
-1.219323820029999950e-01 -4.887048336150000005e-01
-2.026355676700000025e-02 -5.635360682409999988e-01
-1.539846606289999864e-01 -4.965751474760000117e-01
-1.736273840739999963e-01 -6.977571448820000244e-01
-1.705596783559999996e-01 -8.176372056849999792e-01
-1.554356109529999863e-01 -9.205589259009999692e-01
-4.682876670000000324e-02 -5.051070909410000365e-01
-6.434159986699999889e-02 -7.388196316389999962e-01
-7.703557499700000588e-02 -8.721939047269999801e-01
-7.842816917099999785e-02 -1.000000000000000000e+00
5.063507849300000196e-02 -4.673524714989999995e-01
4.094293618500000065e-02 -6.347518727580000464e-01
-1.953461953600000092e-02 -4.970939900949999934e-01
-4.042421832600000264e-02 -3.963668478369999915e-01
1.426576104539999945e-01 -3.932713831820000006e-01
1.150827237400000036e-01 -5.343675689769999959e-01
4.766318789500000042e-02 -4.557707252709999879e-01
2.108238305399999860e-02 -3.681794242920000126e-01
-1.468604582549999926e-01 -1.469596411230000010e-01
-1.919585724990000020e-01 -3.177501861559999807e-01
-1.226082546410000029e-01 -4.868673615210000194e-01
-1.958878895999999897e-02 -5.649162616239999934e-01
-1.587084966099999994e-01 -4.914207682239999930e-01
-1.790834376579999998e-01 -6.936646292129999836e-01
-1.773113244010000034e-01 -8.124617798069999619e-01
-1.637780244750000058e-01 -9.155227416419999820e-01
-5.099700040099999776e-02 -5.014824481390000033e-01
-6.945508584199999724e-02 -7.371650395550000123e-01
-8.530219248600000304e-02 -8.700419057810000467e-01
-9.087701642899999321e-02 -1.000000000000000000e+00
4.672335151100000250e-02 -4.647060620330000225e-01
3.390080461299999764e-02 -6.345944540079999641e-01
-2.396177760199999854e-02 -4.991528901400000273e-01
-4.253495407700000341e-02 -3.996848676959999791e-01
1.397396868599999897e-01 -3.894765314299999948e-01
1.120171810710000049e-01 -5.322945896840000080e-01
4.461930039900000033e-02 -4.561916160289999911e-01
1.738053465199999870e-02 -3.695145124129999847e-01
-1.488078461859999868e-01 -1.427458895539999995e-01
-1.946233801049999934e-01 -3.166313585659999985e-01
-1.275985931470000057e-01 -4.858066541850000197e-01
-2.844155966500000118e-02 -5.663786614839999567e-01
-1.668318538030000020e-01 -4.921218357789999831e-01
-1.867005745449999976e-01 -6.923266596339999746e-01
-1.858400824010000008e-01 -8.121475749069999583e-01
-1.719028451930000034e-01 -9.155767672040000527e-01
-5.870154874399999972e-02 -5.032243400779999876e-01
-7.967380716899999382e-02 -7.374448242979999568e-01
-9.532112439199999510e-02 -8.707567052060000146e-01
-9.928063625699999617e-02 -1.000000000000000000e+00
3.974093967500000324e-02 -4.677074827170000226e-01
3.086054351399999951e-02 -6.331218912780000041e-01
-2.669879834599999877e-02 -4.961458908579999827e-01
-4.680186642100000322e-02 -3.980720046990000038e-01
1.336651510040000046e-01 -3.939539711710000058e-01
1.067605896489999956e-01 -5.330066684040000169e-01
4.195967568199999997e-02 -4.532892598989999855e-01
1.629791786099999903e-02 -3.668593413960000160e-01
-1.513282814949999944e-01 -1.498808447230000063e-01
-1.958631189989999966e-01 -3.192828821429999908e-01
-1.288041825250000050e-01 -4.919679982840000076e-01
-2.868600083600000156e-02 -5.721124386110000293e-01
-1.756977661709999972e-01 -4.961953700969999881e-01
-1.970864808779999866e-01 -6.959667134320000059e-01
-1.964638894530000013e-01 -8.155902581530000139e-01
-1.802579078040000005e-01 -9.173896321969999823e-01
-6.885670705499999378e-02 -5.084035416000000085e-01
-9.503178254499999866e-02 -7.395024373820000552e-01
-1.082896941489999987e-01 -8.709871150160000131e-01
-1.088773467929999988e-01 -1.000000000000000000e+00
2.995477051799999915e-02 -4.730812850280000093e-01
2.364828894600000050e-02 -6.436785882490000388e-01
-2.971275323700000096e-02 -5.063914083520000275e-01
-4.644969084299999801e-02 -4.055381247929999988e-01
1.270372198770000072e-01 -4.025248440990000232e-01
1.027098320169999995e-01 -5.447484197259999661e-01
4.207149575199999741e-02 -4.661489325779999970e-01
1.974564598700000173e-02 -3.793082130750000114e-01
-1.445412356359999928e-01 -1.460660384630000086e-01
-1.978988398779999991e-01 -3.139676399190000078e-01
-1.340560724669999926e-01 -4.883492054440000119e-01
-3.407903601799999738e-02 -5.792337059500000107e-01
-1.807783399160000082e-01 -4.984818043529999909e-01
-2.047690915270000134e-01 -6.967266813010000170e-01
-2.047620524010000109e-01 -8.148260134250000508e-01
-1.912138452459999916e-01 -9.171811868329999839e-01
-7.678832933300000496e-02 -5.119953918039999996e-01
-1.095555600989999989e-01 -7.394217043859999672e-01
-1.240874532139999986e-01 -8.674149130360000459e-01
-1.297475509999999888e-01 -1.000000000000000000e+00
2.359435278999999844e-02 -4.809600421729999797e-01
8.245537025999999728e-03 -6.524877857549999938e-01
-3.386418267400000126e-02 -5.106671085959999523e-01
-4.549854726799999749e-02 -4.091139156909999741e-01
1.248379521040000051e-01 -4.156711501740000259e-01
9.785547565799999903e-02 -5.576403689050000168e-01
3.975746752999999994e-02 -4.798363095879999984e-01
1.618154445300000119e-02 -3.940775731600000276e-01
-1.533564197929999928e-01 -1.493680249019999906e-01
-2.032862960269999908e-01 -3.196162505969999956e-01
-1.358727482490000027e-01 -4.945364224150000099e-01
-3.632379222700000271e-02 -5.829972910570000444e-01
-1.857214486869999959e-01 -4.921187552449999836e-01
-2.062046695380000128e-01 -6.910151790759999635e-01
-2.056101884079999942e-01 -8.119864275350000549e-01
-1.908821241329999863e-01 -9.156739297470000150e-01
-8.234778900399999935e-02 -5.042622077070000319e-01
-1.131234309069999999e-01 -7.313083401190000332e-01
-1.268799054339999899e-01 -8.650816175579999490e-01
-1.314605806190000115e-01 -1.000000000000000000e+00
1.863461355100000036e-02 -4.726391957569999747e-01
1.320291620499999992e-02 -6.474184183260000003e-01
-3.141031222900000225e-02 -5.108124724300000530e-01
-4.869651448000000132e-02 -4.093250416009999726e-01
1.197094672030000057e-01 -4.111700127360000123e-01
9.827026978800000589e-02 -5.504810742379999677e-01
3.861642634500000310e-02 -4.724122224910000112e-01
1.017207673800000003e-02 -3.867155571420000104e-01
-1.528127340909999909e-01 -1.449524278390000032e-01
-2.004412495850000087e-01 -3.144165382770000017e-01
-1.266853593870000128e-01 -4.877397904949999918e-01
-2.479223981399999999e-02 -5.756316425530000336e-01
-1.862816706119999888e-01 -4.974349991779999924e-01
-2.022104209199999947e-01 -6.950036174500000552e-01
-1.959925920349999962e-01 -8.183681804150000350e-01
-1.745708469850000000e-01 -9.227562495100000151e-01
-8.129013308999999410e-02 -5.071786421430000136e-01
-1.144013567620000005e-01 -7.334912543720000233e-01
-1.199543223280000043e-01 -8.672394264460000501e-01
-1.163634971860000034e-01 -1.000000000000000000e+00
2.131742013599999958e-02 -4.719381661750000068e-01
2.012683605400000103e-02 -6.434063230109999809e-01
-2.382390620100000023e-02 -5.007276182740000303e-01
-4.344713453400000230e-02 -3.973853744410000277e-01
1.234456547840000057e-01 -4.054989086210000204e-01
1.023880068849999936e-01 -5.413179462410000475e-01
4.357786069200000195e-02 -4.604455608279999779e-01
1.478879261100000085e-02 -3.753474403659999847e-01
-1.543471606830000009e-01 -1.520974403300000000e-01
-1.937714050329999993e-01 -3.205775928940000075e-01
-1.174308584590000037e-01 -4.932395502529999809e-01
-1.101164233500000027e-02 -5.765513875509999941e-01
-1.813375941669999880e-01 -4.903672330930000101e-01
-1.984094470449999925e-01 -6.896235296720000241e-01
-1.938194750330000105e-01 -8.122095391250000462e-01
-1.731203493290000006e-01 -9.158259922410000309e-01
-7.627603074100000602e-02 -4.982140822630000132e-01
-1.027280295269999977e-01 -7.271308679129999675e-01
-1.103173857390000040e-01 -8.651053771550000215e-01
-1.081826911590000051e-01 -1.000000000000000000e+00
2.542221707599999839e-02 -4.607783261780000195e-01
2.594753313199999953e-02 -6.289397337669999644e-01
-2.425792175499999828e-02 -4.922592644820000252e-01
-4.491636065599999977e-02 -3.921349368309999806e-01
1.268791008930000019e-01 -3.941793536059999825e-01
1.111875414599999973e-01 -5.337016724800000000e-01
5.011460670600000056e-02 -4.583386390160000268e-01
2.144634960999999840e-02 -3.750784207230000167e-01
-1.544672286930000027e-01 -1.589017737800000052e-01
-1.924877614040000073e-01 -3.259764464970000275e-01
-1.095165857570000040e-01 -4.994385477830000086e-01
1.690396840999999935e-03 -5.830068936150000214e-01
-1.873531251149999910e-01 -4.893108629419999911e-01
-2.018763395429999941e-01 -6.917672984360000443e-01
-1.948713690220000017e-01 -8.138463200890000415e-01
-1.723543369570000039e-01 -9.166810140969999798e-01
-7.601021448299999372e-02 -4.986472354579999933e-01
-9.908094639599999975e-02 -7.311499017020000046e-01
-1.055796507840000009e-01 -8.663933013450000331e-01
-1.046961978329999932e-01 -1.000000000000000000e+00
2.695829904199999877e-02 -4.623603955360000017e-01
2.941527672600000032e-02 -6.326815985210000326e-01
-2.132056732200000165e-02 -4.935022309700000109e-01
-4.368223494500000220e-02 -3.925691977369999974e-01
1.304455078560000092e-01 -3.961543115150000238e-01
1.143034434980000069e-01 -5.403277739499999788e-01
5.408829164699999886e-02 -4.609807592869999970e-01
2.298937167699999923e-02 -3.728859813970000214e-01
-1.525835286330000096e-01 -1.578054171030000008e-01
-1.889064834109999980e-01 -3.250225761600000207e-01
-1.089597321180000022e-01 -4.991382381480000130e-01
-8.130830439999999675e-04 -5.836965047380000549e-01
-1.812442714320000037e-01 -4.865710476460000100e-01
-1.951884670940000066e-01 -6.907440965919999787e-01
-1.892365070910000113e-01 -8.109721750599999668e-01
-1.685701487069999893e-01 -9.142997958620000531e-01
-6.840808824699999569e-02 -4.970012526620000148e-01
-8.802180886499999524e-02 -7.303630538549999995e-01
-9.574096288399999710e-02 -8.649490109620000533e-01
-9.540098540699999685e-02 -1.000000000000000000e+00
3.276180209099999879e-02 -4.605277901490000270e-01
3.537222493699999915e-02 -6.303879193889999621e-01
-1.802446257899999876e-02 -4.944065820949999912e-01
-4.145247832800000309e-02 -3.941236382969999785e-01
1.350008724579999930e-01 -3.910190963130000252e-01
1.209775994060000026e-01 -5.359038209119999507e-01
5.916252730899999868e-02 -4.612367849119999863e-01
2.659585124499999967e-02 -3.743615586999999856e-01
-1.477534218259999865e-01 -1.596880717559999996e-01
-1.805960669820000086e-01 -3.336085476339999967e-01
-1.020728353139999933e-01 -5.063734601020000170e-01
8.678773415000000380e-03 -5.802237998179999856e-01
-1.666936145390000013e-01 -4.924215071140000122e-01
-1.840075834340000049e-01 -6.984540119519999646e-01
-1.800586369490000116e-01 -8.178018672119999888e-01
-1.620996647340000041e-01 -9.186665525789999842e-01
-5.507543455999999726e-02 -5.004175439529999769e-01
-7.441814650099999595e-02 -7.330473648209999693e-01
-8.310624023300000607e-02 -8.648384974589999885e-01
-8.319018542599999899e-02 -1.000000000000000000e+00
4.329511535899999847e-02 -4.619735287419999836e-01
4.527950117900000210e-02 -6.322084895620000422e-01
-1.234115912599999948e-02 -4.983609646430000040e-01
-3.731991955800000038e-02 -4.012965838549999997e-01
1.404434257559999955e-01 -3.883646912120000128e-01
1.264655223870000122e-01 -5.404060042170000244e-01
6.190788129400000284e-02 -4.657159943649999967e-01
3.033320443899999858e-02 -3.782811683940000003e-01
-1.489412044279999903e-01 -1.589657785780000110e-01
-1.814443589689999914e-01 -3.306240723459999975e-01
-1.053458256680000066e-01 -5.003407493289999675e-01
-1.970643580000000018e-04 -5.779757395829999700e-01
-1.660856789340000028e-01 -4.945417005659999976e-01
-1.821977156930000008e-01 -6.979813897579999482e-01
-1.770858836950000015e-01 -8.182378576150000082e-01
-1.574739914149999864e-01 -9.200519808660000409e-01
-5.511314233200000079e-02 -5.027887224220000117e-01
-7.062716168200000588e-02 -7.347628258470000340e-01
-7.818070334200000193e-02 -8.694576700989999907e-01
-7.398794411100000079e-02 -1.000000000000000000e+00
4.410664297900000058e-02 -4.645311733279999800e-01
5.096360389000000046e-02 -6.283680780789999698e-01
-1.038545370900000042e-02 -4.993556145070000007e-01
-3.866409560600000267e-02 -4.030531700769999781e-01
1.413565637439999911e-01 -3.913082091230000170e-01
1.302696992759999894e-01 -5.410031286299999964e-01
6.593934213200000616e-02 -4.689147334870000239e-01
3.394019121700000280e-02 -3.811593011989999891e-01
-1.497120854810000123e-01 -1.548593217960000101e-01
-1.829794194819999997e-01 -3.303774396520000045e-01
-1.074493227440000004e-01 -4.993876818770000003e-01
-3.668353135999999955e-03 -5.769746943469999945e-01
-1.654214621990000023e-01 -4.973384597209999924e-01
-1.775635166329999903e-01 -6.980483723360000337e-01
-1.717182716779999951e-01 -8.190312255560000532e-01
-1.534071242449999983e-01 -9.214092801940000355e-01
-5.471552527399999727e-02 -5.053332398240000245e-01
-6.874483102499999443e-02 -7.356121861000000095e-01
-7.425873723400000515e-02 -8.694455269549999921e-01
-6.935966165500000169e-02 -1.000000000000000000e+00
4.394330187300000273e-02 -4.675525234019999865e-01
5.405999515999999894e-02 -6.311880460369999613e-01
-8.567647193000000813e-03 -5.019044643279999551e-01
-4.067161265299999717e-02 -4.078219415039999740e-01
1.377413340529999863e-01 -3.942006605680000164e-01
1.257510911929999864e-01 -5.406831296080000238e-01
5.889951965200000000e-02 -4.666285452330000139e-01
2.447524662999999920e-02 -3.805130869130000093e-01
-1.491177690349999863e-01 -1.570145785579999953e-01
-1.803900833809999882e-01 -3.341637765800000159e-01
-1.073002864380000060e-01 -5.046746232450000091e-01
-6.686154215999999713e-03 -5.807987421600000477e-01
-1.599159894140000093e-01 -4.930938706979999808e-01
-1.779465101169999952e-01 -6.932320846539999915e-01
-1.736099313070000039e-01 -8.172956677110000401e-01
-1.551976679869999931e-01 -9.221565551329999888e-01
-5.106297585899999963e-02 -5.022464173949999777e-01
-7.064257507799999447e-02 -7.317080670800000242e-01
-7.884843347900000188e-02 -8.680689817500000238e-01
-7.401431534800000100e-02 -1.000000000000000000e+00
4.597679505200000238e-02 -4.668988939409999817e-01
5.089928353699999658e-02 -6.332765867649999825e-01
-1.217439230900000009e-02 -5.041462563380000317e-01
-4.119592176100000253e-02 -4.081430282540000065e-01
1.376684279669999900e-01 -3.979871781050000057e-01
1.200702819510000019e-01 -5.490615249219999994e-01
5.165210124999999874e-02 -4.766983561579999917e-01
1.993876998099999853e-02 -3.887227615889999877e-01
-1.491712067440000011e-01 -1.588558192800000046e-01
-1.839584764609999978e-01 -3.288394414690000156e-01
-1.187915794370000000e-01 -5.005149690729999712e-01
-1.755191087799999952e-02 -5.751801742450000088e-01
-1.594617761940000100e-01 -4.971586146020000041e-01
-1.813026920359999961e-01 -6.987645426530000314e-01
-1.801678910020000079e-01 -8.183695476690000525e-01
-1.653608740410000000e-01 -9.209619057390000529e-01
-5.169142075500000183e-02 -5.072648739609999513e-01
-6.980105440200000400e-02 -7.383721968369999500e-01
-7.947215519299999364e-02 -8.695291405899999715e-01
-7.927337485799999806e-02 -1.000000000000000000e+00
4.387748916599999716e-02 -4.710614373620000128e-01
4.168141325199999775e-02 -6.425551129609999856e-01
-1.852667348999999936e-02 -5.150818665630000348e-01
-4.247483402800000113e-02 -4.190990705700000096e-01
1.344090073429999865e-01 -3.974680041809999786e-01
1.176585717249999941e-01 -5.518075305470000469e-01
4.925349388699999664e-02 -4.814388282739999747e-01
1.949574694599999838e-02 -3.927196308199999986e-01
-1.470103851400000050e-01 -1.610587864930000113e-01
-1.837496704050000096e-01 -3.309658643999999761e-01
-1.150835147080000037e-01 -5.054098593520000016e-01
-1.156569435400000082e-02 -5.788812003519999694e-01
-1.568630225250000065e-01 -4.961009880130000105e-01
-1.782529946539999910e-01 -7.016982628090000507e-01
-1.760377181570000060e-01 -8.192191215509999624e-01
-1.600489795910000068e-01 -9.214240222780000211e-01
-5.006687469099999760e-02 -5.074309004450000549e-01
-6.895949459599999554e-02 -7.396087006789999752e-01
-7.914304581099999847e-02 -8.681217163429999495e-01
-7.850610262200000133e-02 -1.000000000000000000e+00
4.449095337700000041e-02 -4.714636853949999984e-01
4.095853744300000099e-02 -6.460965479029999736e-01
-1.795420847599999911e-02 -5.161787541590000528e-01
-3.919164685999999842e-02 -4.201976397980000111e-01
1.353750794240000110e-01 -3.976807920489999759e-01
1.188578250840000017e-01 -5.534450503390000442e-01
5.150136209899999762e-02 -4.825280290060000032e-01
2.215233057400000163e-02 -3.944028369040000204e-01
-1.458955215280000051e-01 -1.598353925150000077e-01
-1.848316760919999913e-01 -3.314026929009999956e-01
-1.132340340010000029e-01 -5.067541120580000280e-01
-8.975963105000000011e-03 -5.823053305930000478e-01
-1.599284354269999986e-01 -4.979848175639999819e-01
-1.819879508810000046e-01 -7.032001156870000269e-01
-1.797149386870000032e-01 -8.194901173669999483e-01
-1.632974109220000081e-01 -9.197393247740000000e-01
-5.214385754499999831e-02 -5.093515600289999501e-01
-7.295352145300000590e-02 -7.412054830300000008e-01
-8.426209652799999950e-02 -8.686419975900000479e-01
-8.485744038400000466e-02 -1.000000000000000000e+00
4.310462027800000123e-02 -4.729752376940000169e-01
3.874570929900000155e-02 -6.434001000300000328e-01
-1.720945124200000051e-02 -5.110282941999999551e-01
-3.601016048499999789e-02 -4.143379314839999994e-01
1.356354697019999944e-01 -3.975097755779999908e-01
1.197071645599999956e-01 -5.518680606660000265e-01
5.293372585699999966e-02 -4.798029620159999786e-01
2.289431713899999984e-02 -3.911454909029999927e-01
-1.450557225090000069e-01 -1.591934691989999873e-01
-1.837732544619999908e-01 -3.364952231989999931e-01
-1.077560030699999949e-01 -5.100195425800000404e-01
-2.685621085000000109e-03 -5.921718020580000186e-01
-1.622451862329999939e-01 -4.977627252549999826e-01
-1.793313736799999891e-01 -7.026939485559999810e-01
-1.752803914180000033e-01 -8.216131413589999877e-01
-1.560502359959999863e-01 -9.238754688889999622e-01
-5.341172571999999730e-02 -5.075732835030000167e-01
-7.137391618699999440e-02 -7.399895707220000007e-01
-8.268001001199999644e-02 -8.700667300179999453e-01
-8.122560353999999649e-02 -1.000000000000000000e+00
4.324182733000000306e-02 -4.715647364680000120e-01
4.165621432200000002e-02 -6.378882566010000144e-01
-1.625869487700000102e-02 -5.057745497950000280e-01
-3.704096576100000121e-02 -4.109404670280000227e-01
1.379019636959999962e-01 -3.995544920369999975e-01
1.195369113000000066e-01 -5.474730348280000269e-01
5.526778996000000083e-02 -4.718853558259999970e-01
2.637808109600000075e-02 -3.840633319410000079e-01
-1.473307551559999984e-01 -1.627196026190000089e-01
-1.846105469940000077e-01 -3.376403989880000234e-01
-1.099527654539999982e-01 -5.084810835049999866e-01
-4.578623635999999608e-03 -5.834926551529999728e-01
-1.595368806480000068e-01 -5.053336328590000148e-01
-1.761835097699999964e-01 -7.065315968480000430e-01
-1.705422828729999951e-01 -8.255434741389999775e-01
-1.512721539419999983e-01 -9.289714348159999746e-01
-5.058828666799999874e-02 -5.130031793820000185e-01
-6.738033977000000563e-02 -7.424089009590000288e-01
-7.506081103999999449e-02 -8.707658375190000521e-01
-7.124773120300000040e-02 -1.000000000000000000e+00
4.623945726900000053e-02 -4.740893888339999807e-01
4.341590974600000041e-02 -6.440810332759999701e-01
-1.646122056799999983e-02 -5.071950223610000030e-01
-3.828964417999999870e-02 -4.081844204560000078e-01
1.406490398069999981e-01 -4.002687862170000166e-01
1.177236936239999948e-01 -5.485451562059999731e-01
5.281496847600000016e-02 -4.706671964229999783e-01
2.538882967199999896e-02 -3.820987480329999797e-01
-1.470222721140000133e-01 -1.628811524959999923e-01
-1.826586854810000049e-01 -3.369011855030000224e-01
-1.104635574519999969e-01 -5.095192137359999540e-01
-5.695734549000000015e-03 -5.816720492900000483e-01
-1.605782688859999918e-01 -5.022105951669999513e-01
-1.775989953909999919e-01 -7.031328320109999641e-01
-1.730492703039999969e-01 -8.221827594749999690e-01
-1.543578375569999994e-01 -9.242350248730000217e-01
-5.308828986999999944e-02 -5.104575358380000205e-01
-7.188508551199999930e-02 -7.380021187980000397e-01
-8.063450253300000203e-02 -8.677293617939999537e-01
-7.885628501199999640e-02 -1.000000000000000000e+00
4.261454907799999692e-02 -4.724103285960000176e-01
4.279771416800000339e-02 -6.418697257940000345e-01
-1.658205716200000096e-02 -5.094054107609999882e-01
-4.017413819400000169e-02 -4.120513851739999733e-01
1.351853969540000033e-01 -3.995976935930000140e-01
1.185044834319999990e-01 -5.502105447109999492e-01
5.119611591800000278e-02 -4.766539089480000269e-01
1.998162947399999972e-02 -3.888817992210000241e-01
-1.458528598820000022e-01 -1.620489808570000079e-01
-1.807287916739999944e-01 -3.347638005460000232e-01
-1.121981443560000069e-01 -5.062350333389999957e-01
-8.970163540999999754e-03 -5.770806128340000285e-01
-1.530134779669999889e-01 -5.028320390310000443e-01
-1.724791029449999902e-01 -7.044031355919999626e-01
-1.683122372499999964e-01 -8.226852657050000017e-01
-1.518484327590000071e-01 -9.248605434279999482e-01
-4.506929806400000044e-02 -5.107057667350000107e-01
-6.248718540400000077e-02 -7.389329338650000301e-01
-7.174608896799999913e-02 -8.673778387199999607e-01
-7.185772818299999976e-02 -1.000000000000000000e+00
4.965726333199999704e-02 -4.717069770410000085e-01
4.749962845499999808e-02 -6.451524177840000096e-01
-1.534350053900000038e-02 -5.148087600080000215e-01
-4.037537792100000245e-02 -4.174196965499999967e-01
1.389621562620000084e-01 -3.952483868619999785e-01
1.232543689880000043e-01 -5.504880785179999680e-01
5.244943558000000200e-02 -4.795490741449999761e-01
2.051854199599999901e-02 -3.912005866969999746e-01
-1.470372744690000011e-01 -1.602571998860000124e-01
-1.819471573339999926e-01 -3.353448550479999901e-01
-1.127356924690000040e-01 -5.057045523540000254e-01
-1.215972828599999958e-02 -5.805138009510000252e-01
-1.518835079839999935e-01 -5.065201166530000076e-01
-1.721643353560000089e-01 -7.046429515919999664e-01
-1.690580574140000125e-01 -8.243766408639999765e-01
-1.528168922189999945e-01 -9.265628918520000257e-01
-4.394805125199999912e-02 -5.150867318640000025e-01
-5.996481777599999702e-02 -7.424731312900000324e-01
-6.974839929499999924e-02 -8.729379441519999894e-01
-6.843147744600000526e-02 -1.000000000000000000e+00
5.162096062799999968e-02 -4.767725273319999846e-01
5.057644041499999993e-02 -6.422976272849999502e-01
-1.392380686800000038e-02 -5.103881226569999541e-01
-4.019789556500000249e-02 -4.121068824899999927e-01
1.419206445060000044e-01 -4.023765295760000082e-01
1.246191454630000001e-01 -5.509511445720000067e-01
5.350216036899999722e-02 -4.788888200749999990e-01
2.157733276900000025e-02 -3.912428190939999939e-01
-1.482514571999999919e-01 -1.534049464049999922e-01
-1.854573141289999894e-01 -3.312969547360000155e-01
-1.161902759500000049e-01 -5.017321756899999485e-01
-1.832983033600000047e-02 -5.797116105559999566e-01
-1.583397026950000008e-01 -5.057271557970000053e-01
-1.762483616230000050e-01 -7.052411035190000455e-01
-1.718280304990000007e-01 -8.266825746250000551e-01
-1.537434645140000056e-01 -9.300149775410000430e-01
-5.054599030600000209e-02 -5.146325414239999452e-01
-6.843977830399999851e-02 -7.423968354179999452e-01
-7.659013861600000306e-02 -8.728679446820000187e-01
-7.213491683599999871e-02 -1.000000000000000000e+00
4.453192549499999930e-02 -4.774031211870000124e-01
4.595911081600000114e-02 -6.426223707979999977e-01
-1.898690740299999874e-02 -5.110668799359999737e-01
-4.713573155700000183e-02 -4.130102349559999775e-01
1.336883790729999910e-01 -4.041065756889999916e-01
1.169993636089999983e-01 -5.493629184289999801e-01
4.594342213600000058e-02 -4.780902126989999834e-01
1.278315493699999986e-02 -3.918305164579999889e-01
-1.514141968720000009e-01 -1.512051364600000003e-01
-1.943222883179999971e-01 -3.232243396419999804e-01
-1.290375926619999891e-01 -4.932761360990000066e-01
-3.046796826900000088e-02 -5.725192599549999706e-01
-1.662050848759999977e-01 -5.032245375080000027e-01
-1.856812254699999887e-01 -7.027295272300000395e-01
-1.821806888870000085e-01 -8.239964260650000094e-01
-1.645373213230000020e-01 -9.276169318600000491e-01
-5.853210485700000021e-02 -5.127914566119999851e-01
-7.931600758000000029e-02 -7.403982501010000217e-01
-8.888419738399999659e-02 -8.712780855339999908e-01
-8.602784521299999820e-02 -1.000000000000000000e+00
3.828607130899999711e-02 -4.762861503949999964e-01
3.511044062500000285e-02 -6.388677735859999984e-01
-2.503391029499999962e-02 -5.054107769340000500e-01
-4.915155509300000308e-02 -4.071384660960000179e-01
1.297270382010000112e-01 -4.038144055449999770e-01
1.092130987269999964e-01 -5.483610737740000074e-01
4.039195408500000084e-02 -4.757955694139999747e-01
9.435855470000000661e-03 -3.884659827699999957e-01
-1.534280793320000058e-01 -1.426258850769999975e-01
-2.012061375979999900e-01 -3.177155054549999913e-01
-1.351349467819999983e-01 -4.871616325720000140e-01
-3.669451407200000070e-02 -5.686203368990000451e-01
-1.670599022779999943e-01 -4.979859209390000152e-01
-1.891780549479999962e-01 -6.972659907270000179e-01
-1.865946264749999972e-01 -8.211202353300000034e-01
-1.709067730469999991e-01 -9.259842264480000473e-01
-5.964910839200000120e-02 -5.082328408870000480e-01
-8.351424788599999538e-02 -7.387809619980000297e-01
-9.760234769700000534e-02 -8.733723053969999484e-01
-9.981108926600000542e-02 -1.000000000000000000e+00
3.827911222500000182e-02 -4.723946409909999811e-01
2.752807527000000060e-02 -6.333060504540000135e-01
-3.151581881999999946e-02 -4.981403971189999891e-01
-5.469947976899999786e-02 -3.989461474309999867e-01
1.293889563229999873e-01 -4.003720392640000014e-01
1.009164034619999956e-01 -5.405056721150000021e-01
3.109484384000000060e-02 -4.638550845439999848e-01
2.311360499999999942e-04 -3.758588058499999773e-01
-1.526788085799999917e-01 -1.496676106910000137e-01
-1.985640461460000117e-01 -3.179224999820000064e-01
-1.359589122700000097e-01 -4.888696479879999779e-01
-3.931138547000000150e-02 -5.648800096439999807e-01
-1.640165719359999996e-01 -4.975923424520000138e-01
-1.888345824100000070e-01 -7.033648785970000317e-01
-1.904750419089999980e-01 -8.241530255060000032e-01
-1.794767303489999966e-01 -9.285048760959999647e-01
-5.714254008599999740e-02 -5.079214411819999997e-01
-7.842965881800000039e-02 -7.422297553369999745e-01
-9.397535272399999695e-02 -8.735207010030000552e-01
-9.883088295399999890e-02 -1.000000000000000000e+00
4.061505278299999688e-02 -4.720765054159999918e-01
2.507052054499999891e-02 -6.427443026920000024e-01
-3.617387140400000339e-02 -5.069111563339999682e-01
-5.802608077500000239e-02 -4.066000324380000253e-01
1.334954411310000089e-01 -4.010022876770000244e-01
1.010945776629999932e-01 -5.452275114979999726e-01
3.235369360899999908e-02 -4.686925647540000073e-01
5.194278909999999923e-03 -3.801695647930000144e-01
-1.542166098380000072e-01 -1.437306038629999894e-01
-1.998946076370000102e-01 -3.143682623540000054e-01
-1.374294924739999924e-01 -4.857935103120000209e-01
-4.201438895299999809e-02 -5.632543861480000524e-01
-1.640269956500000070e-01 -4.902177434700000225e-01
-1.888185639080000033e-01 -6.941027526690000116e-01
-1.916452790540000006e-01 -8.171749286330000084e-01
-1.817578934209999886e-01 -9.228793233709999821e-01
-5.832432047399999792e-02 -5.020014551139999615e-01
-8.019083903300000538e-02 -7.380086741670000006e-01
-9.804457129999999410e-02 -8.738455333989999518e-01
-1.042993001889999938e-01 -1.000000000000000000e+00
3.972137691100000034e-02 -4.676039918720000244e-01
2.534316697099999946e-02 -6.426931834569999946e-01
-3.447671523100000190e-02 -5.108694605150000401e-01
-5.561462679499999673e-02 -4.082290042830000187e-01
1.321043918520000138e-01 -3.981611712459999786e-01
1.010281165150000021e-01 -5.392245987220000147e-01
3.252475456699999851e-02 -4.651269106929999952e-01
5.434330801999999634e-03 -3.774608804010000096e-01
-1.498582217359999968e-01 -1.456943747720000071e-01
-1.957274908130000046e-01 -3.228285112090000242e-01
-1.273826594280000057e-01 -4.940568178870000104e-01
-2.731788945599999963e-02 -5.732022746239999744e-01
-1.613611931779999897e-01 -4.907388322969999939e-01
-1.865693790540000063e-01 -6.977043174889999699e-01
-1.895074900650000060e-01 -8.198343602450000045e-01
-1.793062233989999865e-01 -9.251110210190000016e-01
-5.324802284200000346e-02 -5.011676094460000286e-01
-7.588207183400000333e-02 -7.373494888620000243e-01
-9.473787504099999424e-02 -8.709028637310000098e-01
-1.020066963749999972e-01 -1.000000000000000000e+00
4.453682952000000139e-02 -4.663172923209999987e-01
2.827959262499999890e-02 -6.370665293620000336e-01
-3.151365916599999789e-02 -5.023407703429999538e-01
-5.184317835499999833e-02 -4.042210946809999816e-01
1.373834951150000039e-01 -3.952144941210000151e-01
1.028739106530000003e-01 -5.377804093739999569e-01
3.479606673400000016e-02 -4.602901073919999919e-01
7.757227155000000034e-03 -3.732668450780000091e-01
-1.532495694969999989e-01 -1.438941224810000030e-01
-1.998052273969999904e-01 -3.172025695899999831e-01
-1.351049350100000102e-01 -4.898679076449999892e-01
-3.746019761100000123e-02 -5.666662956479999735e-01
-1.669353510419999964e-01 -4.916110260400000098e-01
-1.909380651950000063e-01 -6.958803979559999853e-01
-1.917714581349999892e-01 -8.193160071289999902e-01
-1.803793622659999873e-01 -9.252640953009999558e-01
-6.021388675199999818e-02 -5.024971680940000240e-01
-8.383396515999999576e-02 -7.372160521630000130e-01
-1.013159664999999932e-01 -8.720923697650000417e-01
-1.074691580140000047e-01 -1.000000000000000000e+00
3.787072057399999692e-02 -4.671088356929999907e-01
2.342675338499999871e-02 -6.387512115889999453e-01
-3.514087515599999961e-02 -5.045707363389999589e-01
-5.510824498200000282e-02 -4.037627308039999918e-01
1.295886182200000070e-01 -3.953849786370000063e-01
9.689810807300000550e-02 -5.342326702680000317e-01
2.880743550499999944e-02 -4.564536983379999802e-01
2.451246938999999958e-03 -3.684298687249999982e-01
-1.528311627429999875e-01 -1.459786190930000005e-01
-1.994233146609999952e-01 -3.202248359470000194e-01
-1.332012260680000004e-01 -4.937800484279999957e-01
-3.260607137600000233e-02 -5.715367864270000098e-01
-1.636308389189999879e-01 -4.929435454439999864e-01
-1.873580286290000008e-01 -7.024479069360000105e-01
-1.887216105910000108e-01 -8.240055192780000315e-01
-1.787950477080000045e-01 -9.294732658390000291e-01
-5.542679105900000236e-02 -5.030389596930000540e-01
-7.664167435400000283e-02 -7.392771172919999634e-01
-9.439186628399999501e-02 -8.718648014140000235e-01
-1.008378348199999996e-01 -1.000000000000000000e+00
4.210079073399999872e-02 -4.669494660979999767e-01
2.660423088700000077e-02 -6.404099904550000222e-01
-3.459950876500000189e-02 -5.056624957669999532e-01
-5.533538691599999837e-02 -4.067264509360000169e-01
1.335604571200000035e-01 -3.937030938020000259e-01
9.894583596099999767e-02 -5.363388937220000541e-01
2.999986742400000128e-02 -4.574310290979999860e-01
3.858647477000000034e-03 -3.690031767040000132e-01
-1.505707920219999940e-01 -1.405317124519999961e-01
-1.980703785590000043e-01 -3.134529328569999884e-01
-1.354149014359999903e-01 -4.847217502989999982e-01
-4.038006325099999932e-02 -5.642421140429999538e-01
-1.626205262200000057e-01 -4.909719629190000267e-01
-1.852713448330000068e-01 -6.952459871199999641e-01
-1.862209850469999928e-01 -8.188371038620000375e-01
-1.753605509470000101e-01 -9.248744628089999864e-01
-5.661433272099999914e-02 -5.021130672510000226e-01
-7.785231765899999767e-02 -7.382774992389999902e-01
-9.689727573699999374e-02 -8.739492136359999774e-01
-1.048800094740000022e-01 -1.000000000000000000e+00
4.094043734600000262e-02 -4.677112135229999912e-01
2.553911885200000134e-02 -6.385827620909999558e-01
-3.389701573799999701e-02 -5.038587853660000393e-01
-5.458912213799999719e-02 -4.031299713820000186e-01
1.328767293110000025e-01 -3.978520482830000260e-01
9.839702235899999705e-02 -5.350486953340000129e-01
3.106401001099999906e-02 -4.568978899860000054e-01
5.274148212999999787e-03 -3.695146828449999976e-01
-1.516024358330000099e-01 -1.420201598280000088e-01
-1.991339868589999951e-01 -3.139770272360000170e-01
-1.372431202809999973e-01 -4.855875702099999858e-01
-4.424490680399999903e-02 -5.669978778580000434e-01
-1.658139814679999990e-01 -4.921041330989999740e-01
-1.900436640500000052e-01 -6.959996135060000366e-01
-1.926725210390000109e-01 -8.188189422999999634e-01
-1.835526442469999908e-01 -9.244986042299999651e-01
-5.982986827200000024e-02 -5.030771351280000081e-01
-8.189339465000000651e-02 -7.388055579640000481e-01
-1.007473282629999939e-01 -8.740281508030000035e-01
-1.087307036050000064e-01 -1.000000000000000000e+00
3.864895050099999979e-02 -4.683067227609999938e-01
2.105211668599999905e-02 -6.405360899599999991e-01
-3.751217763600000338e-02 -5.054499279599999895e-01
-5.763753568200000177e-02 -4.044599856180000064e-01
1.315236705470000100e-01 -3.986984968499999726e-01
9.415404564599999526e-02 -5.365198800220000175e-01
2.622575259600000083e-02 -4.574638185730000028e-01
3.124278260000000018e-04 -3.696658697499999868e-01
-1.508355432479999980e-01 -1.400230719979999872e-01
-2.003345900290000037e-01 -3.161439292250000088e-01
-1.363156976000000076e-01 -4.851296150519999739e-01
-4.239815914500000282e-02 -5.668370087880000296e-01
-1.667192361239999976e-01 -4.923615984370000032e-01
-1.939323713689999895e-01 -6.931046807499999796e-01
-1.979311882739999973e-01 -8.172650907049999747e-01
-1.884559363789999886e-01 -9.244705011229999991e-01
-6.040485283600000033e-02 -5.041797979740000324e-01
-8.403896429200000129e-02 -7.384674552969999750e-01
-1.061046239859999990e-01 -8.758008835510000534e-01
-1.143845193300000035e-01 -1.000000000000000000e+00
3.912131441499999696e-02 -4.699571272970000102e-01
2.027537000899999955e-02 -6.342049736649999492e-01
-3.926400076199999811e-02 -5.003615808679999777e-01
-5.921657265000000031e-02 -4.011201457779999813e-01
1.328679830720000121e-01 -4.009589144760000168e-01
9.222976454900000398e-02 -5.342144810050000192e-01
2.459073221399999884e-02 -4.553693546509999801e-01
-1.293510605000000070e-03 -3.685965345880000132e-01
-1.523408510710000108e-01 -1.389408181279999932e-01
-2.032916523899999939e-01 -3.113019862079999811e-01
-1.430981587880000017e-01 -4.833542330489999928e-01
-5.071236462099999731e-02 -5.678022571880000369e-01
-1.736823045149999967e-01 -4.928408073180000071e-01
-2.014198725920000044e-01 -6.951961743410000061e-01
-2.031603570609999965e-01 -8.217848885130000225e-01
-1.899470457890000130e-01 -9.289300451280000370e-01
-6.652812819099999941e-02 -5.048285941150000289e-01
-9.603316381300000537e-02 -7.388256183410000233e-01
-1.137444048329999957e-01 -8.748959330129999490e-01
-1.186323875730000005e-01 -1.000000000000000000e+00
3.402450315799999958e-02 -4.714009432180000236e-01
1.543030409099999979e-02 -6.403921775669999539e-01
-4.149571237500000037e-02 -5.046538277419999607e-01
-6.124695913699999827e-02 -4.020765530559999856e-01
1.296461978740000021e-01 -4.042051435980000273e-01
8.923513215400000198e-02 -5.385877991809999710e-01
2.127626208899999899e-02 -4.600304513290000008e-01
-5.500957921999999681e-03 -3.721326393719999737e-01
-1.514041671199999883e-01 -1.454587280649999870e-01
-1.998457399759999975e-01 -3.197406350249999973e-01
-1.338798997700000049e-01 -4.928719590830000219e-01
-3.567875057099999941e-02 -5.734366794859999672e-01
-1.686872538910000052e-01 -4.928747889840000007e-01
-1.940457213079999910e-01 -6.996897835330000426e-01
-1.984527593319999894e-01 -8.215214870489999655e-01
-1.913221395539999869e-01 -9.275539911989999498e-01
-6.161473075999999993e-02 -5.031435862009999704e-01
-8.579553342800000371e-02 -7.380573963219999589e-01
-1.057609097429999950e-01 -8.697329098520000246e-01
-1.158051710659999955e-01 -1.000000000000000000e+00
3.698287841500000339e-02 -4.673439714779999976e-01
1.814401563100000170e-02 -6.416334096269999954e-01
-3.795755103100000027e-02 -5.051873223180000094e-01
-5.567318662100000093e-02 -4.061962960709999959e-01
1.305634690080000049e-01 -3.947395795179999833e-01
9.227363284799999787e-02 -5.352008853030000290e-01
2.401274307400000016e-02 -4.555148034620000175e-01
-2.135540534000000042e-03 -3.685020171030000125e-01
-1.527549866569999915e-01 -1.442079905420000085e-01
-2.008867430440000046e-01 -3.162784029390000029e-01
-1.373714118640000093e-01 -4.903756972719999774e-01
-3.794479959699999932e-02 -5.718424415899999724e-01
-1.687153674709999940e-01 -4.951180282579999981e-01
-1.917818505929999862e-01 -7.003302558430000158e-01
-1.940070114930000089e-01 -8.222045438880000168e-01
-1.856214143949999895e-01 -9.280676010349999672e-01
-6.082333741300000041e-02 -5.045801440660000470e-01
-8.519992234900000683e-02 -7.390021540679999612e-01
-1.037268990460000068e-01 -8.700677766769999710e-01
-1.135826029920000008e-01 -1.000000000000000000e+00
3.731799200199999861e-02 -4.673718827880000148e-01
1.893183791700000021e-02 -6.465102447770000316e-01
-3.876937098799999870e-02 -5.085630875300000131e-01
-5.816458711599999803e-02 -4.069954382200000054e-01
1.294240103669999920e-01 -3.918964178329999992e-01
9.195074075400000435e-02 -5.353290203489999843e-01
2.280365667300000149e-02 -4.546054812270000078e-01
-3.560051374000000081e-03 -3.654817687899999945e-01
-1.523391350430000069e-01 -1.384679459840000015e-01
-2.021558076399999904e-01 -3.147498932530000126e-01
-1.331582177990000004e-01 -4.874787447999999745e-01
-3.163478111000000287e-02 -5.658183756750000404e-01
-1.679665609959999917e-01 -4.930986298310000016e-01
-1.909504825449999943e-01 -7.007952999050000020e-01
-1.932851332009999923e-01 -8.230750394410000226e-01
-1.839535291140000084e-01 -9.288121575519999729e-01
-5.840131992400000166e-02 -5.027950401990000096e-01
-8.289823360799999930e-02 -7.383600468200000044e-01
-1.019767896610000030e-01 -8.705482067130000390e-01
-1.099877700589999979e-01 -1.000000000000000000e+00
4.108064389899999946e-02 -4.654580956209999898e-01
2.241366260199999932e-02 -6.403872411519999641e-01
-3.392473242199999656e-02 -5.018877561150000277e-01
-5.095095266400000156e-02 -4.018998285889999744e-01
1.329592768139999936e-01 -3.886322480200000151e-01
9.298266713699999964e-02 -5.283879550029999539e-01
2.413192483199999919e-02 -4.457809213369999801e-01
-9.201553039999999526e-04 -3.569227651490000097e-01
