-2.283898054229999974e-01 -7.821285116100000490e-02
-3.948884385290000187e-01 -2.177381644599999944e-01
-5.217551559619999502e-01 -3.266720839650000263e-01
-5.887969786400000238e-01 -4.386875378619999877e-01
-2.620627741589999782e-01 -4.974511530819999972e-01
-4.002085011029999917e-01 -6.082597578270000360e-01
-5.015253587139999469e-01 -5.531980711820000396e-01
-5.643812642579999483e-01 -4.921302389860000015e-01
-1.990011248190000082e-01 -5.450749217210000275e-01
-3.381139368109999932e-01 -7.453436375540000158e-01
-4.626469178570000174e-01 -8.449743205469999463e-01
-5.682239777080000387e-01 -9.170409508819999944e-01
-1.228901934740000007e-01 -5.513074503260000370e-01
-2.255184751769999940e-01 -7.766078549199999514e-01
-3.289245608790000164e-01 -9.034135061029999747e-01
-4.297848408100000128e-01 -1.000000000000000000e+00
-4.493839445199999949e-02 -5.276996270339999739e-01
-8.393495349500000591e-02 -7.258490885070000287e-01
-1.510771746029999918e-01 -8.372521160310000266e-01
-2.384856056390000090e-01 -9.279143929019999515e-01
-2.246204469489999911e-01 -7.866070395099999946e-02
-3.878978781060000158e-01 -2.178692309259999960e-01
-5.129393704119999953e-01 -3.268661982439999836e-01
-5.845912260440000452e-01 -4.378307263890000023e-01
-2.613196232630000115e-01 -4.973815245229999960e-01
-3.965766594569999914e-01 -6.059247928990000309e-01
-4.965400063240000272e-01 -5.507146756190000048e-01
-5.572631725200000163e-01 -4.905398751289999915e-01
-1.993245840760000109e-01 -5.467240360170000368e-01
-3.357382642949999774e-01 -7.427273003269999618e-01
-4.569601058200000177e-01 -8.414487305079999535e-01
-5.597753897939999890e-01 -9.170797149399999570e-01
-1.230556674049999993e-01 -5.541971869209999513e-01
-2.217826211570000094e-01 -7.760279075039999697e-01
-3.183283687710000143e-01 -9.020693679190000536e-01
-4.135326544499999812e-01 -1.000000000000000000e+00
-4.395029575500000035e-02 -5.308565475550000023e-01
-8.286841589700000288e-02 -7.250955144520000450e-01
-1.487139088499999928e-01 -8.355661264089999651e-01
-2.346535113730000011e-01 -9.262447117340000258e-01
-2.288859360390000097e-01 -7.887081968799999898e-02
-3.911908296259999918e-01 -2.184261311189999999e-01
-5.154049654379999623e-01 -3.274568254069999962e-01
-5.916585467310000457e-01 -4.377847030709999809e-01
-2.679346545879999764e-01 -4.963160100490000004e-01
-4.061874860529999798e-01 -6.043135078910000235e-01
-5.045825847629999972e-01 -5.491480643460000532e-01
-5.651205374790000402e-01 -4.869566923609999765e-01
-2.046525860400000008e-01 -5.467359484889999788e-01
-3.429336659910000029e-01 -7.424982059300000437e-01
-4.621063295930000203e-01 -8.433307398089999740e-01
-5.646302817720000311e-01 -9.195723435829999959e-01
-1.267305784680000103e-01 -5.547316346559999500e-01
-2.222696909159999901e-01 -7.760622840619999518e-01
-3.159309209730000179e-01 -9.029367733249999972e-01
-4.104639218169999770e-01 -1.000000000000000000e+00
-4.644324159700000121e-02 -5.317214361300000025e-01
-8.267642058000000682e-02 -7.257954050749999553e-01
-1.498228340349999910e-01 -8.358237845720000170e-01
-2.383682790999999968e-01 -9.248153069560000050e-01
-2.233800604879999929e-01 -7.839475927399999766e-02
-3.868797314749999883e-01 -2.163612280099999896e-01
-5.115875925339999908e-01 -3.257141668279999736e-01
-5.896347550889999845e-01 -4.364688298189999816e-01
-2.654815572420000103e-01 -4.993161740120000136e-01
-4.011219502239999901e-01 -6.070875598189999778e-01
-4.976473800940000025e-01 -5.514009251360000308e-01
-5.584422311919999826e-01 -4.897665511729999976e-01
-2.016846540730000137e-01 -5.494288384059999863e-01
-3.370260961880000017e-01 -7.461810041769999513e-01
-4.551001908549999753e-01 -8.473455195210000124e-01
-5.576808633149999972e-01 -9.236984797470000341e-01
-1.237287527430000061e-01 -5.551950603149999885e-01
-2.208337516980000137e-01 -7.761490999360000087e-01
-3.142821103580000219e-01 -9.022674896660000110e-01
-4.088685407179999953e-01 -1.000000000000000000e+00
-4.348392339999999912e-02 -5.283473747970000023e-01
-8.147946908900000063e-02 -7.215546450199999962e-01
-1.465312744080000118e-01 -8.324268420170000127e-01
-2.333983720320000066e-01 -9.235990974790000418e-01
-2.220122541060000065e-01 -8.116690772399999532e-02
-3.864326352240000095e-01 -2.181668365040000113e-01
-5.127637769539999946e-01 -3.246078899520000172e-01
-5.790394429470000492e-01 -4.368644899290000105e-01
-2.608667064740000097e-01 -4.996573910939999807e-01
-3.985255486200000030e-01 -6.051948777850000294e-01
-4.972309711719999914e-01 -5.477492118429999612e-01
-5.578187062680000086e-01 -4.856456754979999735e-01
-1.996273102660000021e-01 -5.480491185960000289e-01
-3.347171716049999746e-01 -7.440906499710000510e-01
-4.532952129210000014e-01 -8.443262180110000514e-01
-5.539928016370000430e-01 -9.200551371649999810e-01
-1.230679479120000003e-01 -5.523022651369999814e-01
-2.195016118739999966e-01 -7.743594752050000363e-01
-3.133675771950000244e-01 -9.012969614760000248e-01
-4.070150132679999921e-01 -1.000000000000000000e+00
-4.394549470200000141e-02 -5.242151262990000227e-01
-7.850184456700000368e-02 -7.184054096209999685e-01
-1.429089131909999921e-01 -8.294232564760000148e-01
-2.288246450030000101e-01 -9.211385277700000485e-01
-2.246814486439999980e-01 -8.128430406099999839e-02
-3.872070478560000195e-01 -2.179977914439999997e-01
-5.135056134180000509e-01 -3.239061465829999875e-01
-5.841871337030000166e-01 -4.351253773170000172e-01
-2.634916747859999964e-01 -5.032623648049999732e-01
-4.037132073220000006e-01 -6.074469807960000134e-01
-5.037063472389999852e-01 -5.488129087619999513e-01
-5.648565613570000199e-01 -4.853097689609999765e-01
-2.013932511089999988e-01 -5.514693130519999764e-01
-3.379998605430000191e-01 -7.485220066390000371e-01
-4.578542576619999971e-01 -8.486561739019999884e-01
-5.585384396270000051e-01 -9.232449812320000504e-01
-1.264198603549999966e-01 -5.555171039249999776e-01
-2.246986844249999893e-01 -7.785727915850000347e-01
-3.194353944850000238e-01 -9.035031663799999446e-01
-4.119714014099999932e-01 -1.000000000000000000e+00
-5.055810202799999875e-02 -5.275706144999999792e-01
-8.883510627299999463e-02 -7.213989687159999553e-01
-1.539933239940000087e-01 -8.330705782870000409e-01
-2.389939925850000091e-01 -9.252397610860000343e-01
-2.283997959190000038e-01 -8.070525887299999368e-02
-3.932448259510000210e-01 -2.166924475370000103e-01
-5.191692905279999826e-01 -3.260701890400000136e-01
-5.856564914580000281e-01 -4.457090280900000145e-01
-2.635080988149999803e-01 -4.943187708699999794e-01
-4.000177355899999787e-01 -6.040742222299999575e-01
-5.012054986959999514e-01 -5.509159554950000537e-01
-5.637666997169999972e-01 -4.916821984440000182e-01
-2.007557188079999999e-01 -5.429557960640000180e-01
-3.371811236580000148e-01 -7.420751561370000360e-01
-4.580971030000000055e-01 -8.429751605149999882e-01
-5.604063955960000287e-01 -9.182759551850000479e-01
-1.244008529410000063e-01 -5.514531159000000127e-01
-2.259742074889999897e-01 -7.745232216380000256e-01
-3.248354880579999993e-01 -9.016263470990000251e-01
-4.210196161359999745e-01 -1.000000000000000000e+00
-4.585676538999999829e-02 -5.300276910429999599e-01
-8.556496401400000285e-02 -7.265587988749999671e-01
-1.527858799809999890e-01 -8.366741962089999651e-01
-2.391389621839999924e-01 -9.272623577509999659e-01
-2.266433623530000052e-01 -7.666238630299999912e-02
-3.917100454760000239e-01 -2.140813619120000011e-01
-5.176440663929999797e-01 -3.232475024940000274e-01
-5.888231445599999558e-01 -4.326199143930000157e-01
-2.676355935920000095e-01 -4.966796470579999956e-01
-4.074097336060000241e-01 -6.049885371990000316e-01
-5.056188424849999974e-01 -5.546572390239999928e-01
-5.678780162030000467e-01 -4.953416248390000165e-01
-2.030948048600000055e-01 -5.493526668729999951e-01
-3.409449642819999959e-01 -7.467417690830000510e-01
-4.588450036739999960e-01 -8.484033741019999519e-01
-5.614704062490000203e-01 -9.238904525069999707e-01
-1.245598941099999996e-01 -5.580234943399999814e-01
-2.226323010279999959e-01 -7.787130314560000155e-01
-3.180812974189999864e-01 -9.041303790679999786e-01
-4.145653461459999911e-01 -1.000000000000000000e+00
-4.273390193800000181e-02 -5.341894709879999592e-01
-8.124356709299999924e-02 -7.291816590559999645e-01
-1.484197876779999870e-01 -8.393246947520000001e-01
-2.367654805380000060e-01 -9.277350428470000354e-01
-2.263426917220000001e-01 -7.564664148100000429e-02
-3.910265652059999875e-01 -2.149134589970000120e-01
-5.165579216060000034e-01 -3.257111299720000241e-01
-5.891891031099999454e-01 -4.384419969480000123e-01
-2.665716783400000067e-01 -4.959901651709999748e-01
-4.031301413010000001e-01 -6.055508241029999850e-01
-5.027129333809999823e-01 -5.536336377810000542e-01
-5.667120983329999584e-01 -4.934061277319999883e-01
-2.006984369029999882e-01 -5.472860495529999758e-01
-3.380164985179999748e-01 -7.464816391969999465e-01
-4.573029053009999845e-01 -8.481897758330000370e-01
-5.615517223629999943e-01 -9.248558338810000112e-01
-1.214641849599999990e-01 -5.543087915619999695e-01
-2.178834548910000002e-01 -7.770658380699999590e-01
-3.132568078010000145e-01 -9.029513240140000230e-01
-4.105674492890000193e-01 -1.000000000000000000e+00
-3.928736955099999817e-02 -5.291524449590000456e-01
-7.771724274400000632e-02 -7.260830358919999616e-01
-1.446066996229999901e-01 -8.374542350520000067e-01
-2.334384923230000131e-01 -9.274719028319999836e-01
-2.241735655709999886e-01 -7.825151384499999530e-02
-3.859314969379999960e-01 -2.168950381349999956e-01
-5.098986152719999776e-01 -3.279300043260000019e-01
-5.816333589740000365e-01 -4.420992023309999741e-01
-2.610855206179999999e-01 -4.961920072029999962e-01
-3.952809867109999820e-01 -6.060415398439999990e-01
-4.929645047260000079e-01 -5.491020307709999493e-01
-5.528456362700000515e-01 -4.850189373400000115e-01
-1.963064938259999892e-01 -5.461881765149999568e-01
-3.311180847779999770e-01 -7.439249544489999755e-01
-4.498267631060000049e-01 -8.431641153969999802e-01
-5.508782320959999534e-01 -9.182842305089999879e-01
-1.180042256310000065e-01 -5.525136634389999912e-01
-2.126481086179999869e-01 -7.760296728500000185e-01
-3.061024189429999987e-01 -9.027018011340000037e-01
-3.990663048120000056e-01 -1.000000000000000000e+00
-3.680200738100000007e-02 -5.272717529560000393e-01
-7.277217386900000640e-02 -7.225937811699999491e-01
-1.376242579910000041e-01 -8.339702843530000242e-01
-2.232412608029999967e-01 -9.242917492659999956e-01
-2.227501564219999952e-01 -8.149381009999999426e-02
-3.833864413820000094e-01 -2.209476771599999945e-01
-5.065159913919999868e-01 -3.312394722279999870e-01
-5.792002502280000353e-01 -4.451664862460000260e-01
-2.585417865810000215e-01 -5.004378543249999867e-01
-3.935646857069999838e-01 -6.108350999610000498e-01
-4.927970769150000208e-01 -5.550522304960000541e-01
-5.536854612760000460e-01 -4.926272978940000047e-01
-1.942426715360000000e-01 -5.489225104260000432e-01
-3.288660528890000045e-01 -7.458029291209999911e-01
-4.469358193210000163e-01 -8.438746025609999979e-01
-5.472639184830000447e-01 -9.189907575040000554e-01
-1.170498899020000066e-01 -5.537422146039999715e-01
-2.107898736509999926e-01 -7.757938762439999802e-01
-3.031038899719999957e-01 -9.018410322469999629e-01
-3.953057623590000014e-01 -1.000000000000000000e+00
-3.802781546299999899e-02 -5.264002170089999710e-01
-7.381812298100000336e-02 -7.203697431179999500e-01
-1.373977212660000002e-01 -8.326084658889999490e-01
-2.220231046159999999e-01 -9.254623802989999648e-01
-2.249917258009999921e-01 -8.099874576099999612e-02
-3.875952047549999779e-01 -2.200232101419999919e-01
-5.123130050219999454e-01 -3.318507793489999802e-01
-5.844644230840000398e-01 -4.452784508620000192e-01
-2.660219835539999744e-01 -5.000412347560000415e-01
-4.015225010380000237e-01 -6.118876956580000526e-01
-4.974948119490000265e-01 -5.596639070659999993e-01
-5.563176551239999990e-01 -4.995999441480000192e-01
-2.000569495779999929e-01 -5.505682827579999605e-01
-3.329015693060000114e-01 -7.495994294710000005e-01
-4.477839820310000052e-01 -8.520017385200000515e-01
-5.460032743179999981e-01 -9.298367309520000346e-01
-1.220768382539999947e-01 -5.560710942909999899e-01
-2.155042199320000018e-01 -7.774675853039999529e-01
-3.053133173409999790e-01 -9.027122539399999868e-01
-3.953236032229999752e-01 -1.000000000000000000e+00
-4.300318845799999679e-02 -5.281822302540000180e-01
-7.922264390800000389e-02 -7.216004849839999791e-01
-1.428005023739999935e-01 -8.337104608040000198e-01
-2.270986341429999944e-01 -9.268328304230000203e-01
-2.234068598339999934e-01 -7.978785494199999717e-02
-3.851613524659999732e-01 -2.184229303809999967e-01
-5.100041926649999668e-01 -3.273622682369999870e-01
-5.823802411699999793e-01 -4.396085094969999774e-01
-2.584713740590000031e-01 -4.989147080770000020e-01
-3.949816712470000102e-01 -6.085367397459999772e-01
-4.940729864560000073e-01 -5.571959037170000073e-01
-5.565979251970000208e-01 -4.982476503080000008e-01
-1.961209977360000023e-01 -5.481364990710000384e-01
-3.309275272289999847e-01 -7.471949084219999815e-01
-4.493279958290000153e-01 -8.491843847619999774e-01
-5.514504587430000271e-01 -9.250471111050000417e-01
-1.195841573580000011e-01 -5.529291876559999652e-01
-2.132637168460000121e-01 -7.746002058550000013e-01
-3.067854725499999935e-01 -9.016077764069999612e-01
-4.018176702749999829e-01 -1.000000000000000000e+00
-4.125783167899999687e-02 -5.247126200030000076e-01
-7.361209796900000657e-02 -7.192584665429999635e-01
-1.394570904309999915e-01 -8.300177799879999707e-01
-2.281885230019999877e-01 -9.206846543340000411e-01
-2.267764794319999944e-01 -8.250767790999999352e-02
-3.894385204870000061e-01 -2.214080531110000083e-01
-5.139343559590000554e-01 -3.309823943529999757e-01
-5.825410395550000286e-01 -4.433128464239999844e-01
-2.665242323729999918e-01 -5.018349307660000536e-01
-4.056290458039999991e-01 -6.051834695200000169e-01
-5.031204312720000127e-01 -5.503930976309999723e-01
-5.630241749719999689e-01 -4.907301537370000188e-01
-2.025222209299999965e-01 -5.512410109290000193e-01
-3.371839960579999795e-01 -7.472087658220000206e-01
-4.531685650589999947e-01 -8.478956613629999861e-01
-5.525400413230000529e-01 -9.243308352569999942e-01
-1.253007833199999976e-01 -5.559684990359999857e-01
-2.209909218070000014e-01 -7.772678298259999563e-01
-3.130023801730000277e-01 -9.027545283150000266e-01
-4.053957357579999754e-01 -1.000000000000000000e+00
-4.726207600000000009e-02 -5.279653741149999968e-01
-8.301537087999999454e-02 -7.233600415750000012e-01
-1.474418825840000113e-01 -8.351912165889999740e-01
-2.331228026259999919e-01 -9.276582214790000114e-01
-2.233165457899999873e-01 -7.944814829599999850e-02
-3.853398219220000032e-01 -2.185773895470000117e-01
-5.079314269279999738e-01 -3.285850508040000229e-01
-5.794831256960000232e-01 -4.396281637059999969e-01
-2.617836447610000228e-01 -5.012665437069999674e-01
-3.948085658769999728e-01 -6.134064996210000231e-01
-4.945146592290000087e-01 -5.600320730690000470e-01
-5.571281448099999478e-01 -4.998937410720000196e-01
-1.980289310539999903e-01 -5.501688081679999565e-01
-3.310200808870000233e-01 -7.478025750119999815e-01
-4.501953186250000072e-01 -8.456928588690000304e-01
-5.524787236899999510e-01 -9.191879140299999973e-01
-1.210775258389999998e-01 -5.549978603480000272e-01
-2.150010911340000108e-01 -7.769778272230000171e-01
-3.073024287500000229e-01 -9.024571382120000207e-01
-4.003710177429999906e-01 -1.000000000000000000e+00
-4.252966364900000185e-02 -5.269118526110000422e-01
-7.990836242899999886e-02 -7.201465480680000475e-01
-1.445541153440000059e-01 -8.308894583910000353e-01
-2.303876894989999868e-01 -9.223513786160000283e-01
-2.233797048320000089e-01 -8.285454299899999708e-02
-3.846932607740000121e-01 -2.205891819359999950e-01
-5.103700752919999584e-01 -3.265043307259999916e-01
-5.822417858859999518e-01 -4.377530937440000103e-01
-2.611107662270000240e-01 -5.060807654519999810e-01
-3.998307474780000148e-01 -6.092609347449999824e-01
-4.996515265049999988e-01 -5.497189337090000461e-01
-5.610974876950000079e-01 -4.847475151319999842e-01
-1.980409750609999908e-01 -5.542910684459999571e-01
-3.338808239350000151e-01 -7.496707062730000315e-01
-4.531514453919999741e-01 -8.479515737170000289e-01
-5.544619619320000359e-01 -9.204338393959999864e-01
-1.219913229629999984e-01 -5.579533130179999967e-01
-2.179634793499999890e-01 -7.798136384220000217e-01
-3.112714026849999760e-01 -9.043099244450000240e-01
-4.035511497290000249e-01 -1.000000000000000000e+00
-4.498959023799999762e-02 -5.287755328950000111e-01
-8.104956351500000600e-02 -7.234109454799999561e-01
-1.452314694740000078e-01 -8.354999783719999629e-01
-2.299249775989999911e-01 -9.273782524179999820e-01
-2.265423732480000008e-01 -8.173781488799999884e-02
-3.896778256549999764e-01 -2.202617593900000059e-01
-5.154723378400000167e-01 -3.279590440240000015e-01
-5.833145125369999517e-01 -4.410609637449999787e-01
-2.606818940739999979e-01 -5.038952433290000421e-01
-4.009281318189999999e-01 -6.071864172780000457e-01
-5.024551618089999616e-01 -5.496562348550000365e-01
-5.652588951810000317e-01 -4.851714977380000016e-01
-1.961817635910000079e-01 -5.522035965160000393e-01
-3.337969382429999965e-01 -7.498684949499999641e-01
-4.539153068189999973e-01 -8.488373799049999668e-01
-5.563669008939999827e-01 -9.201019329499999788e-01
-1.184632609640000056e-01 -5.552612242300000167e-01
-2.142583063050000070e-01 -7.780756367500000215e-01
-3.090199516470000241e-01 -9.039312614019999748e-01
-4.040501791680000121e-01 -1.000000000000000000e+00
-3.991720453300000304e-02 -5.253487860290000366e-01
-7.479087670400000332e-02 -7.209085213110000279e-01
-1.422886248230000039e-01 -8.313843086269999683e-01
-2.315225282320000078e-01 -9.211647366830000294e-01
-2.301901390680000103e-01 -8.366608656799999488e-02
-3.930255227989999933e-01 -2.195956320349999880e-01
-5.191676494029999755e-01 -3.246807827970000226e-01
-5.911853794910000293e-01 -4.357711962420000029e-01
-2.651718522370000164e-01 -5.047212423050000396e-01
-4.068087186939999822e-01 -6.055358686120000389e-01
-5.079545076579999874e-01 -5.459613820209999746e-01
-5.706017520210000527e-01 -4.806056024309999786e-01
-2.007425952090000076e-01 -5.533603546599999978e-01
-3.397020534740000097e-01 -7.500715156710000553e-01
-4.599848882879999934e-01 -8.480467765639999600e-01
-5.628207181859999908e-01 -9.177854882620000154e-01
-1.236156825170000029e-01 -5.568529045869999861e-01
-2.200281488259999974e-01 -7.794854157560000552e-01
-3.138121726279999857e-01 -9.045890349559999599e-01
-4.083578222159999771e-01 -1.000000000000000000e+00
-4.647302510199999986e-02 -5.272306788699999691e-01
-7.967284640999999779e-02 -7.225047010680000215e-01
-1.463393842190000016e-01 -8.339377736349999903e-01
-2.355483379489999862e-01 -9.250163024319999483e-01
-2.257404321100000000e-01 -7.942770459600000110e-02
-3.885333259800000105e-01 -2.152478750150000064e-01
-5.142019160309999615e-01 -3.212922808779999917e-01
-5.881262819939999664e-01 -4.296968121110000260e-01
-2.657551533260000265e-01 -4.990260379540000235e-01
-4.044535921360000175e-01 -6.056096665700000381e-01
-5.030771279019999875e-01 -5.501842535490000241e-01
-5.651295821189999957e-01 -4.877217905069999859e-01
-2.013288155930000045e-01 -5.494163318000000462e-01
-3.366126597099999840e-01 -7.488201334290000011e-01
-4.535968830800000129e-01 -8.500722393149999778e-01
-5.541285368420000301e-01 -9.254847377820000220e-01
-1.242555641490000057e-01 -5.550098627199999690e-01
-2.218505779720000015e-01 -7.779737643030000260e-01
-3.146099254999999983e-01 -9.030499093020000201e-01
-4.077195827669999884e-01 -1.000000000000000000e+00
-4.562989506600000078e-02 -5.272970958670000208e-01
-8.355325748899999905e-02 -7.205878155570000221e-01
-1.480681381410000053e-01 -8.323664716169999478e-01
-2.336979503359999932e-01 -9.249299466010000303e-01
-2.269971536260000089e-01 -7.806764553599999934e-02
-3.869206630220000109e-01 -2.149022131430000093e-01
-5.115508735679999974e-01 -3.218886599760000244e-01
-5.879848053639999961e-01 -4.329211153970000114e-01
-2.634685443670000127e-01 -4.996547666519999820e-01
-4.003684012059999797e-01 -6.070607238559999619e-01
-5.002206066640000337e-01 -5.512004351170000094e-01
-5.626925022850000069e-01 -4.863706323020000055e-01
-1.991101947370000069e-01 -5.494342591840000178e-01
-3.341422745350000056e-01 -7.503146778670000128e-01
-4.523870458709999820e-01 -8.534502022609999905e-01
-5.534869209420000269e-01 -9.293390150600000510e-01
-1.226133383900000068e-01 -5.543422539710000096e-01
-2.190475783960000034e-01 -7.774664615649999888e-01
-3.134017812179999973e-01 -9.034058434580000130e-01
-4.071866972050000033e-01 -1.000000000000000000e+00
-4.440204852699999871e-02 -5.266772945030000486e-01
-8.025261041200000556e-02 -7.203025524659999457e-01
-1.454850902779999955e-01 -8.320638906239999910e-01
-2.317225870540000066e-01 -9.236241631960000475e-01
-2.262904080520000138e-01 -8.130479827799999559e-02
-3.840899105910000055e-01 -2.192296367780000033e-01
-5.061042745599999559e-01 -3.269943650029999982e-01
-5.848650208440000497e-01 -4.357572814089999969e-01
-2.635410162090000008e-01 -5.003871379109999795e-01
-4.032211687460000027e-01 -6.038362126520000484e-01
-5.021751472040000275e-01 -5.474037990719999858e-01
-5.642679721659999981e-01 -4.859939238570000208e-01
-1.995433616020000078e-01 -5.501424981629999822e-01
-3.365899212719999922e-01 -7.472785260950000064e-01
-4.537813538229999999e-01 -8.476289329909999504e-01
-5.551136213309999512e-01 -9.261027232399999809e-01
-1.229357684440000043e-01 -5.553421270739999915e-01
-2.191918867950000127e-01 -7.765893219260000535e-01
-3.099635463939999780e-01 -9.012917775419999611e-01
-4.025616472569999993e-01 -1.000000000000000000e+00
-4.503296173299999733e-02 -5.278438118320000205e-01
-8.047425853299999821e-02 -7.215676585100000429e-01
-1.437763265760000075e-01 -8.333939800249999807e-01
-2.293829380150000097e-01 -9.265734145799999766e-01
-2.262804149069999882e-01 -7.883308937199999533e-02
-3.881835377469999848e-01 -2.162981068189999967e-01
-5.123716856650000206e-01 -3.247455500870000122e-01
-5.840512939519999502e-01 -4.338119604199999757e-01
-2.633731846099999774e-01 -4.952650398740000015e-01
-4.029438414220000153e-01 -5.996935747239999781e-01
-5.011456067749999743e-01 -5.464012420120000213e-01
-5.631559284899999573e-01 -4.855144796440000188e-01
-1.983432246930000031e-01 -5.462572041419999636e-01
-3.335322199279999733e-01 -7.461968785400000526e-01
-4.492914939900000126e-01 -8.503949647909999632e-01
-5.490862710080000042e-01 -9.284643896049999956e-01
-1.199159839060000010e-01 -5.515169250489999619e-01
-2.154360383710000049e-01 -7.740699453170000188e-01
-3.091021499539999828e-01 -9.010910778670000454e-01
-4.039636599209999734e-01 -1.000000000000000000e+00
-3.910298347900000027e-02 -5.235690209440000409e-01
-7.289939276600000684e-02 -7.180660787220000119e-01
-1.389462928240000061e-01 -8.289861520960000174e-01
-2.274425522569999969e-01 -9.202780974290000193e-01
-2.230036117170000054e-01 -8.174205360800000653e-02
-3.854032333030000257e-01 -2.194804543720000056e-01
-5.104997353729999743e-01 -3.266459187840000111e-01
-5.845003691969999915e-01 -4.342666077869999919e-01
-2.610793281780000030e-01 -4.997670741490000124e-01
-3.975668119540000101e-01 -6.047659288829999591e-01
-4.963082398429999875e-01 -5.457783803139999446e-01
-5.571407028439999687e-01 -4.827484469860000016e-01
-1.976246306399999930e-01 -5.484573728280000005e-01
-3.320039038120000119e-01 -7.459878604770000532e-01
-4.499882071090000046e-01 -8.452106104190000302e-01
-5.501341747760000178e-01 -9.220037927380000387e-01
-1.212135840089999944e-01 -5.535808409410000186e-01
-2.171882806790000064e-01 -7.776146819839999669e-01
-3.095301466209999797e-01 -9.023725174510000002e-01
-4.017990837670000204e-01 -1.000000000000000000e+00
-4.299164570999999824e-02 -5.268173334779999717e-01
-8.046984237200000001e-02 -7.211396345289999843e-01
-1.450532951600000120e-01 -8.328045094970000228e-01
-2.308355720810000011e-01 -9.257777979250000344e-01
-2.225259898939999925e-01 -7.995317554599999654e-02
-3.856445449750000032e-01 -2.200891082089999895e-01
-5.103507909990000480e-01 -3.301809912900000032e-01
-5.819198907029999868e-01 -4.411239550689999844e-01
-2.619768136069999809e-01 -5.016979570459999538e-01
-3.981422776290000076e-01 -6.089808533870000318e-01
-4.955811874130000017e-01 -5.538980937470000532e-01
-5.560203698790000537e-01 -4.922892208860000229e-01
-1.964274631390000025e-01 -5.512043062160000284e-01
-3.310577385480000245e-01 -7.493613591340000379e-01
-4.468624532670000260e-01 -8.505536529199999585e-01
-5.457502223300000344e-01 -9.277064306140000438e-01
-1.184822854689999982e-01 -5.560047136779999732e-01
-2.164247162959999915e-01 -7.794878139900000003e-01
-3.096675239539999902e-01 -9.042474752870000021e-01
-4.022671060010000188e-01 -1.000000000000000000e+00
-3.820989960400000135e-02 -5.283660331709999491e-01
-7.807491191899999794e-02 -7.226095563690000390e-01
-1.436893697599999908e-01 -8.347363451699999493e-01
-2.295733625159999958e-01 -9.268361900899999561e-01
-2.242748246409999868e-01 -8.264489609099999468e-02
-3.861423760730000043e-01 -2.203831348159999981e-01
-5.112087043890000126e-01 -3.273644830449999876e-01
-5.816507373229999889e-01 -4.380081608920000091e-01
-2.614586630160000147e-01 -5.038346210030000272e-01
-4.005518869510000246e-01 -6.046068492589999899e-01
-4.993662758960000225e-01 -5.489347618680000540e-01
-5.603666886279999870e-01 -4.885192819590000179e-01
-1.980076160210000047e-01 -5.533595494299999862e-01
-3.324016880799999796e-01 -7.490856381310000423e-01
-4.476771321910000268e-01 -8.507443066240000240e-01
-5.452142081899999937e-01 -9.285552796170000178e-01
-1.212038509769999967e-01 -5.580054196599999461e-01
-2.176254680799999952e-01 -7.796495936159999474e-01
-3.079786834039999754e-01 -9.035364728239999588e-01
-3.977223341930000156e-01 -1.000000000000000000e+00
-4.214554098599999910e-02 -5.298009852160000532e-01
-7.705715422900000222e-02 -7.225971861140000341e-01
-1.410517061609999900e-01 -8.337516203739999687e-01
-2.257506378380000067e-01 -9.261543507809999465e-01
-2.243057700240000119e-01 -8.320025229899999375e-02
-3.856967674910000143e-01 -2.217062121599999991e-01
-5.101288092400000362e-01 -3.276321348410000112e-01
-5.833295681629999674e-01 -4.352495342139999779e-01
-2.605261322549999869e-01 -5.033963039879999490e-01
-3.984251845980000262e-01 -6.067158284960000314e-01
-4.977784092729999887e-01 -5.490786552259999675e-01
-5.596672153120000326e-01 -4.858201870869999772e-01
-1.972332625559999886e-01 -5.515436869909999817e-01
-3.320658558660000148e-01 -7.481720021190000347e-01
-4.494769392840000100e-01 -8.482954217139999642e-01
-5.496752422749999756e-01 -9.225712893819999483e-01
-1.206044282050000027e-01 -5.551116887639999664e-01
-2.159485111049999906e-01 -7.770682322740000147e-01
-3.083619811319999737e-01 -9.027402102410000406e-01
-4.014097999199999767e-01 -1.000000000000000000e+00
-4.274977827499999716e-02 -5.260251299789999724e-01
-7.733918655900000327e-02 -7.196801902999999667e-01
-1.419461958409999891e-01 -8.313518534930000037e-01
-2.283053113630000019e-01 -9.229436662659999957e-01
-2.258730287780000012e-01 -8.485637972699999754e-02
-3.866719262689999881e-01 -2.217595779469999917e-01
-5.111255248310000443e-01 -3.276675369100000013e-01
-5.837645705539999952e-01 -4.348638174480000118e-01
-2.636037311059999944e-01 -5.045491747739999644e-01
-4.022690166249999755e-01 -6.074462722569999862e-01
-5.001421096429999880e-01 -5.454385695490000519e-01
-5.610220491770000484e-01 -4.781485797569999807e-01
-1.984003179849999909e-01 -5.529820440780000013e-01
-3.323711472659999777e-01 -7.508720200189999971e-01
-4.504607070550000203e-01 -8.494822804589999832e-01
-5.513553815070000308e-01 -9.216696628330000030e-01
-1.205386073899999966e-01 -5.552800888910000010e-01
-2.138067778609999969e-01 -7.783160037459999625e-01
-3.056893843349999806e-01 -9.035547485479999974e-01
-3.983288114799999891e-01 -1.000000000000000000e+00
-4.139026150499999779e-02 -5.241389860009999513e-01
-7.191358191999999705e-02 -7.175187523899999587e-01
-1.363355626420000022e-01 -8.290988915689999628e-01
-2.234463846760000039e-01 -9.209569063900000518e-01
-2.272478450729999988e-01 -8.592485284100000176e-02
-3.878323871380000010e-01 -2.227960000429999865e-01
-5.128548944180000291e-01 -3.296013394839999999e-01
-5.837615518530000491e-01 -4.414988247989999892e-01
-2.614232646379999747e-01 -5.051332271230000170e-01
-3.975351572199999906e-01 -6.126911099390000004e-01
-4.976407869669999817e-01 -5.520269753400000035e-01
-5.601751883679999544e-01 -4.864387572619999767e-01
-1.969905860339999926e-01 -5.522678567350000067e-01
-3.316501976969999932e-01 -7.504137813090000497e-01
-4.504191925000000096e-01 -8.488588002820000034e-01
-5.517211114279999551e-01 -9.233778347040000334e-01
-1.204562898020000022e-01 -5.549180343189999975e-01
-2.148452261690000087e-01 -7.774479556640000455e-01
-3.064181730339999854e-01 -9.022591190580000475e-01
-3.984908865030000191e-01 -1.000000000000000000e+00
-4.381931556500000269e-02 -5.251035967820000261e-01
-7.772262837000000479e-02 -7.212617073270000123e-01
-1.417536772340000084e-01 -8.330278411510000369e-01
-2.278337727889999942e-01 -9.259261380240000339e-01
-2.247651186079999974e-01 -8.457378649199999432e-02
-3.862089966580000144e-01 -2.221811495400000114e-01
-5.108527142040000246e-01 -3.278105416650000103e-01
-5.828868985480000209e-01 -4.383420626819999888e-01
-2.604434814830000056e-01 -5.043712925540000391e-01
-3.976758958669999733e-01 -6.099118810470000041e-01
-4.971124580869999976e-01 -5.517518802480000373e-01
-5.596152131449999567e-01 -4.871740723240000071e-01
-1.959807091559999936e-01 -5.522873492969999631e-01
-3.312167665749999879e-01 -7.489876927549999897e-01
-4.482946875089999783e-01 -8.488771575039999462e-01
-5.485232625999999501e-01 -9.232299829940000535e-01
-1.200181473869999932e-01 -5.559284184980000099e-01
-2.167380565229999889e-01 -7.774552128270000306e-01
-3.068962035969999835e-01 -9.029690374950000153e-01
-3.973518869550000110e-01 -1.000000000000000000e+00
-4.388138770999999716e-02 -5.268866229119999467e-01
-8.123614975199999755e-02 -7.208087844839999869e-01
-1.458358577589999872e-01 -8.329092899790000448e-01
-2.314480129950000076e-01 -9.252796261489999452e-01
-2.280218299170000129e-01 -8.114706207300000085e-02
-3.906439654889999891e-01 -2.176201945490000011e-01
-5.170880197749999629e-01 -3.254479491600000274e-01
-5.861088088079999814e-01 -4.386747218759999845e-01
-2.641502906140000273e-01 -5.039478273340000092e-01
-4.011017462320000115e-01 -6.098049759820000082e-01
-5.001934981440000483e-01 -5.512784984340000083e-01
-5.611345087089999462e-01 -4.853243987270000059e-01
-1.989929799550000100e-01 -5.524167109659999797e-01
-3.354024756360000081e-01 -7.507574943350000529e-01
-4.531216838009999859e-01 -8.519056813299999975e-01
-5.521005005419999945e-01 -9.255393928170000395e-01
-1.216302127520000054e-01 -5.559426323970000361e-01
-2.198328217119999983e-01 -7.793497676970000398e-01
-3.130137626450000266e-01 -9.047717868769999949e-01
-4.048242570250000227e-01 -1.000000000000000000e+00
-4.307929021700000055e-02 -5.266592755350000266e-01
-7.958973278299999454e-02 -7.209110726749999865e-01
-1.447680677500000068e-01 -8.329761919649999458e-01
-2.304730547820000031e-01 -9.244244399359999864e-01
-2.282385072439999940e-01 -8.022505869599999562e-02
-3.921919285850000159e-01 -2.195493266040000058e-01
-5.175224368099999861e-01 -3.283917211310000139e-01
-5.903227215680000306e-01 -4.392918102960000071e-01
-2.700402685389999835e-01 -5.015331618230000066e-01
-4.055744453690000029e-01 -6.088079150840000064e-01
-5.035369810780000455e-01 -5.525507025320000043e-01
-5.649241891520000447e-01 -4.886404978330000093e-01
-2.045527546910000105e-01 -5.514264199659999477e-01
-3.388914837059999741e-01 -7.494475767449999548e-01
-4.553592306640000253e-01 -8.507915649680000136e-01
-5.553686297719999665e-01 -9.262555120469999625e-01
-1.266602232830000008e-01 -5.572983954479999724e-01
-2.258187283109999999e-01 -7.788635359009999926e-01
-3.200424809199999832e-01 -9.037556597729999863e-01
-4.136462855249999904e-01 -1.000000000000000000e+00
-4.701254983500000040e-02 -5.311704392870000291e-01
-8.726303706999999354e-02 -7.249679545770000288e-01
-1.537980520380000105e-01 -8.357735712720000265e-01
-2.404429864260000105e-01 -9.270081627820000447e-01
-2.258888366550000082e-01 -7.931514191100000333e-02
-3.901060859809999948e-01 -2.174638113310000120e-01
-5.155023782109999786e-01 -3.259100459320000143e-01
-5.892034224979999513e-01 -4.313498005999999996e-01
-2.697220406879999866e-01 -4.991618888509999907e-01
-4.080891739090000137e-01 -6.074402660779999463e-01
-5.049912748129999907e-01 -5.528565930659999905e-01
-5.665294123120000469e-01 -4.914075293080000240e-01
-2.038574758239999896e-01 -5.506474356620000288e-01
-3.364714743860000024e-01 -7.512072737710000503e-01
-4.525408294670000275e-01 -8.531738760629999918e-01
-5.534254430580000106e-01 -9.301943039550000236e-01
-1.256291059059999882e-01 -5.557868618929999727e-01
-2.208296411039999962e-01 -7.776270236869999852e-01
-3.153044021740000202e-01 -9.025254515849999715e-01
-4.104577475839999989e-01 -1.000000000000000000e+00
-4.543838037600000240e-02 -5.270171690239999762e-01
-8.278608352199999521e-02 -7.215396283589999848e-01
-1.481666917789999927e-01 -8.328297913559999932e-01
-2.352996220980000108e-01 -9.246276372949999711e-01
-2.283373058239999975e-01 -8.058203059299999527e-02
-3.926296818500000230e-01 -2.221814425430000128e-01
-5.170608219569999831e-01 -3.337485965440000202e-01
-5.891373055499999900e-01 -4.458223648060000155e-01
-2.665688599530000036e-01 -5.001770670070000424e-01
-4.035160013629999765e-01 -6.091359075619999786e-01
-5.035419953849999963e-01 -5.546863663969999747e-01
-5.669934558489999610e-01 -4.944545516619999748e-01
-2.023271554340000111e-01 -5.509969613430000246e-01
-3.378226800490000126e-01 -7.501872132039999475e-01
-4.576705820599999974e-01 -8.504102238820000492e-01
-5.611792467099999682e-01 -9.270422842059999891e-01
-1.257248532540000130e-01 -5.579938752659999723e-01
-2.253993947200000070e-01 -7.805199558300000007e-01
-3.213786036969999982e-01 -9.035983100519999756e-01
-4.171066023219999752e-01 -1.000000000000000000e+00
-4.674484308599999999e-02 -5.329424774469999626e-01
-8.500917956100000061e-02 -7.274961442940000023e-01
-1.507443558269999928e-01 -8.385801518380000541e-01
-2.378784604399999947e-01 -9.308778186839999913e-01
-2.258884246750000047e-01 -7.947299516700000177e-02
-3.867747556539999909e-01 -2.171813677220000016e-01
-5.110907332140000037e-01 -3.247622984410000191e-01
-5.855938273749999867e-01 -4.317857794589999854e-01
-2.660379638770000166e-01 -5.012423749400000128e-01
-4.037377899140000004e-01 -6.070717507939999980e-01
-5.017925219809999948e-01 -5.489002917369999457e-01
-5.638049390689999774e-01 -4.840028427409999723e-01
-2.008423898349999959e-01 -5.515184154610000000e-01
-3.350225748469999876e-01 -7.510247396439999612e-01
-4.508249356760000159e-01 -8.520514534140000151e-01
-5.510268903170000288e-01 -9.283181799140000079e-01
-1.225005846139999993e-01 -5.545401515450000263e-01
-2.164413515409999988e-01 -7.765335704850000464e-01
-3.072343513240000101e-01 -9.018123555220000087e-01
-4.000574101370000246e-01 -1.000000000000000000e+00
-4.224090846999999788e-02 -5.232738559820000468e-01
-7.754348813799999407e-02 -7.172592493799999636e-01
-1.428766089719999965e-01 -8.287355268920000295e-01
-2.308550354720000086e-01 -9.206654343629999682e-01
-2.244752176739999994e-01 -8.315895559100000556e-02
-3.865909180459999872e-01 -2.228658029699999987e-01
-5.105817336479999691e-01 -3.303823439529999795e-01
-5.879623475280000289e-01 -4.364174136510000079e-01
-2.632467016739999943e-01 -5.036462666740000316e-01
-4.004698207879999750e-01 -6.104296785909999468e-01
-5.000620398799999755e-01 -5.522437166360000260e-01
-5.624423243430000108e-01 -4.890540763580000228e-01
-1.996790668750000053e-01 -5.522492706439999788e-01
-3.357916258520000086e-01 -7.490648438900000539e-01
-4.548296346260000123e-01 -8.474186600419999493e-01
-5.571897620629999714e-01 -9.225231568930000181e-01
-1.230183007380000054e-01 -5.568924213989999705e-01
-2.210347108999999866e-01 -7.774487229219999573e-01
-3.142111652390000009e-01 -9.017445260119999473e-01
-4.086816229660000244e-01 -1.000000000000000000e+00
-4.388551804899999687e-02 -5.293143564950000268e-01
-7.900580518600000546e-02 -7.231381304749999739e-01
-1.424087918180000079e-01 -8.351004134480000118e-01
-2.287390055290000057e-01 -9.285137583039999587e-01
-2.250668736020000060e-01 -8.004063975200000070e-02
-3.879215947860000235e-01 -2.182814878980000040e-01
-5.127002740149999571e-01 -3.266658112659999724e-01
-5.863748710949999721e-01 -4.375371437700000254e-01
-2.634831471169999939e-01 -5.001172509150000334e-01
-4.014226966710000011e-01 -6.068219119809999951e-01
-4.998971530779999783e-01 -5.510256637570000171e-01
-5.624014032099999838e-01 -4.890165333129999903e-01
-1.992743641889999917e-01 -5.499089022759999779e-01
-3.339941692560000064e-01 -7.485773947349999569e-01
-4.510605045459999962e-01 -8.491857916839999909e-01
-5.527432143880000037e-01 -9.245777987700000144e-01
-1.214187117679999955e-01 -5.536838333139999513e-01
-2.148499625220000042e-01 -7.749215750779999690e-01
-3.058966995030000247e-01 -9.012093990459999482e-01
-3.997615566580000057e-01 -1.000000000000000000e+00
-4.234488732499999686e-02 -5.236222776379999555e-01
-7.582077197599999818e-02 -7.176336999439999476e-01
-1.412114457380000132e-01 -8.278200894239999830e-01
-2.299729902019999883e-01 -9.183798026849999685e-01
-2.239792767849999866e-01 -8.071870060300000149e-02
-3.869369334000000160e-01 -2.178188075739999896e-01
-5.117818183429999612e-01 -3.245609595080000132e-01
-5.789484047770000474e-01 -4.341991025599999943e-01
-2.628577733299999886e-01 -5.029606806959999732e-01
-4.006309901530000217e-01 -6.070213862169999697e-01
-4.992906293530000039e-01 -5.498313299299999457e-01
-5.608312963060000378e-01 -4.872450394089999914e-01
-1.983510097149999984e-01 -5.524381205839999920e-01
-3.331565997159999792e-01 -7.501331542239999539e-01
-4.494437763410000231e-01 -8.510534253770000168e-01
-5.498158269809999554e-01 -9.283595242569999684e-01
-1.214604099989999991e-01 -5.570045645109999999e-01
-2.180812302169999883e-01 -7.786839687629999451e-01
-3.095777822210000196e-01 -9.032298883970000247e-01
-4.022515919210000179e-01 -1.000000000000000000e+00
-4.350433488600000120e-02 -5.283671951959999502e-01
-8.030672483699999309e-02 -7.231278830199999730e-01
-1.452213972099999917e-01 -8.344500691289999939e-01
-2.322514892389999919e-01 -9.264493998849999690e-01
-2.223889825420000133e-01 -8.072903391300000064e-02
-3.848234810380000148e-01 -2.208755914190000114e-01
-5.089439951369999493e-01 -3.291611815839999844e-01
-5.842826314329999660e-01 -4.391647958420000220e-01
-2.633426839899999927e-01 -5.024717937399999501e-01
-4.001621861079999731e-01 -6.079514025650000209e-01
-5.000709358099999502e-01 -5.497008660519999701e-01
-5.629662948620000051e-01 -4.859284970659999980e-01
-1.994227122130000085e-01 -5.515722442160000405e-01
-3.353192745899999938e-01 -7.476762062109999496e-01
-4.539683503020000011e-01 -8.454998151239999649e-01
-5.567391462730000296e-01 -9.196872904159999473e-01
-1.222221893769999956e-01 -5.558801543360000208e-01
-2.189123134250000047e-01 -7.784928938609999571e-01
-3.105327843390000009e-01 -9.030281034310000399e-01
-4.039388066180000236e-01 -1.000000000000000000e+00
-4.322372780400000197e-02 -5.273722236929999641e-01
-8.055943146900000629e-02 -7.218330287869999529e-01
-1.450130255440000016e-01 -8.335608206050000302e-01
-2.318791582789999917e-01 -9.258756279180000437e-01
-2.238872715970000038e-01 -8.163886628500000020e-02
-3.851572845099999753e-01 -2.192954333709999926e-01
-5.086595409070000517e-01 -3.253221908039999888e-01
-5.841112712779999994e-01 -4.298531978979999724e-01
-2.647329724990000188e-01 -5.020705062550000486e-01
-4.030161355210000185e-01 -6.049529947209999481e-01
-5.034475980879999923e-01 -5.453804979730000335e-01
-5.675894754379999796e-01 -4.795643382199999971e-01
-1.998382607560000024e-01 -5.523431274979999639e-01
-3.358170376960000203e-01 -7.488102851889999467e-01
-4.547440672509999726e-01 -8.462880662020000333e-01
-5.573785541989999537e-01 -9.189455964060000426e-01
-1.216492000180000033e-01 -5.567787300090000224e-01
-2.174536662830000022e-01 -7.798792187040000101e-01
-3.098457026159999739e-01 -9.037752697409999758e-01
-4.039333903640000001e-01 -1.000000000000000000e+00
-4.104906940499999934e-02 -5.275449512830000520e-01
-7.533778917599999458e-02 -7.221583268550000323e-01
-1.402875765290000076e-01 -8.334949617010000145e-01
-2.282596944009999962e-01 -9.253155986650000164e-01
-2.219741334879999917e-01 -8.015039138000000507e-02
-3.820719784819999743e-01 -2.203135871670000023e-01
-5.036299284890000116e-01 -3.309829194050000201e-01
-5.797621118410000163e-01 -4.374573589099999826e-01
-2.628902525449999805e-01 -5.036857363740000482e-01
-3.987821318129999848e-01 -6.111208687670000028e-01
-4.976291714989999893e-01 -5.540403942789999814e-01
-5.604715081819999778e-01 -4.919849246229999751e-01
-1.987011982989999870e-01 -5.541122680710000026e-01
-3.331458574930000194e-01 -7.509240916120000220e-01
-4.513391476609999731e-01 -8.483951005030000436e-01
-5.535191985570000472e-01 -9.230400802089999690e-01
-1.210877303180000059e-01 -5.589317984149999585e-01
-2.168792681360000030e-01 -7.801468882880000510e-01
-3.086162382420000183e-01 -9.034139447240000509e-01
-4.014787881720000007e-01 -1.000000000000000000e+00
-4.018119443399999907e-02 -5.303998357170000011e-01
-7.618259567099999741e-02 -7.222532735790000435e-01
-1.402585845900000128e-01 -8.325677667180000352e-01
-2.264884518749999964e-01 -9.239633262469999497e-01
