-2.922786247699999951e-01 -6.383690856500000288e-02
-4.400921944139999931e-01 -1.827222010529999940e-01
-5.704062258209999792e-01 -2.739307453200000020e-01
-6.556927584859999492e-01 -3.974890328380000226e-01
-2.817351681029999777e-01 -5.003273050580000492e-01
-4.783924227129999762e-01 -5.786382155520000126e-01
-5.968633614210000493e-01 -5.207260170530000343e-01
-6.771932811969999522e-01 -4.503886485859999733e-01
-2.428286228850000117e-01 -5.511341224939999561e-01
-4.767845104449999760e-01 -7.304778933000000141e-01
-6.729272889599999807e-01 -7.795490168980000467e-01
-8.390268594859999762e-01 -7.861226144770000479e-01
-1.935240588990000121e-01 -5.635211882920000415e-01
-3.680142702209999728e-01 -7.899295421780000437e-01
-5.439003317709999452e-01 -8.868581087210000158e-01
-6.972733883539999900e-01 -9.393403930729999907e-01
-1.514301625920000116e-01 -5.550563397379999486e-01
-1.773157821520000010e-01 -7.857334075880000324e-01
-2.412974772619999875e-01 -9.110615152059999833e-01
-3.265386012929999970e-01 -1.000000000000000000e+00
-2.855663210439999822e-01 -5.987321919099999890e-02
-4.372947112910000045e-01 -1.804689023469999987e-01
-5.726010262809999585e-01 -2.743722246679999865e-01
-6.634295912890000313e-01 -3.947513134949999780e-01
-2.792509597010000011e-01 -4.964204130750000110e-01
-4.776164502119999988e-01 -5.877179175740000483e-01
-5.965134116689999599e-01 -5.423762974770000023e-01
-6.800438853079999735e-01 -4.861716708550000154e-01
-2.428077682379999880e-01 -5.478595465869999792e-01
-4.754304493090000250e-01 -7.207879715630000073e-01
-6.702554930920000542e-01 -7.697615512330000520e-01
-8.366788683789999626e-01 -7.834069939769999769e-01
-1.954284435480000137e-01 -5.589906843549999893e-01
-3.757845218399999965e-01 -7.801692221549999529e-01
-5.534774881189999940e-01 -8.789984288209999885e-01
-7.087514323550000439e-01 -9.397284143899999886e-01
-1.543740447099999913e-01 -5.474283079730000168e-01
-1.872695464190000103e-01 -7.789340773220000402e-01
-2.466914229570000006e-01 -9.063469799369999746e-01
-3.263718569449999829e-01 -1.000000000000000000e+00
-2.862632624700000017e-01 -6.241065987899999806e-02
-4.359592845199999900e-01 -1.820929479660000072e-01
-5.666820049820000538e-01 -2.771373358259999753e-01
-6.518889929069999756e-01 -4.067866061709999870e-01
-2.729941811830000065e-01 -4.981410295490000251e-01
-4.664852235790000190e-01 -5.785897991570000398e-01
-5.811243328690000043e-01 -5.198299924479999889e-01
-6.573118715689999503e-01 -4.500352280189999776e-01
-2.357513960600000069e-01 -5.516993099979999871e-01
-4.622058056780000146e-01 -7.230444413080000521e-01
-6.545228591470000357e-01 -7.786948986320000321e-01
-8.199625997489999873e-01 -7.975439765659999569e-01
-1.868775652590000114e-01 -5.654983658150000148e-01
-3.614868905649999964e-01 -7.844614511380000321e-01
-5.362155448119999557e-01 -8.851233927130000012e-01
-6.898345753839999484e-01 -9.473245078169999500e-01
-1.454008297169999964e-01 -5.576748505349999885e-01
-1.743441292619999916e-01 -7.869247679280000352e-01
-2.356202826909999937e-01 -9.104959871240000391e-01
-3.181103566290000018e-01 -1.000000000000000000e+00
-2.841530813109999776e-01 -6.210631568799999946e-02
-4.336669029019999955e-01 -1.838816471589999890e-01
-5.681763398510000229e-01 -2.773634799760000269e-01
-6.544739674809999519e-01 -4.072238182499999803e-01
-2.716781587120000174e-01 -5.059226665279999979e-01
-4.701578350630000180e-01 -5.930922257070000425e-01
-5.927224667699999561e-01 -5.463249376030000493e-01
-6.793946650150000099e-01 -4.858055040229999899e-01
-2.353089990130000086e-01 -5.546304950629999952e-01
-4.661671034650000101e-01 -7.315905436089999991e-01
-6.648316592859999652e-01 -7.803767932409999553e-01
-8.358242556870000284e-01 -7.871576502760000427e-01
-1.882096126030000094e-01 -5.635102615050000541e-01
-3.638821209249999966e-01 -7.873330220549999980e-01
-5.409736115559999892e-01 -8.777161805900000058e-01
-6.962641300240000053e-01 -9.278058165970000104e-01
-1.505016960699999962e-01 -5.481284840129999614e-01
-1.798783774390000090e-01 -7.808346891620000507e-01
-2.395516034409999884e-01 -9.078212065630000271e-01
-3.201697856060000125e-01 -1.000000000000000000e+00
-2.930269160469999856e-01 -6.436744251600000355e-02
-4.441292965120000047e-01 -1.843021314849999925e-01
-5.754125110750000216e-01 -2.769843310990000029e-01
-6.549001905429999715e-01 -4.067760577510000086e-01
-2.819815576310000238e-01 -5.054108523970000100e-01
-4.802735767260000177e-01 -5.846376606119999542e-01
-6.019468972329999890e-01 -5.295274605949999991e-01
-6.847088935370000407e-01 -4.627679330380000122e-01
-2.429290614999999876e-01 -5.551043912840000205e-01
-4.715864016840000117e-01 -7.322580939130000077e-01
-6.711030547880000308e-01 -7.799723504300000165e-01
-8.410120033010000107e-01 -7.858836234560000467e-01
-1.943433790559999930e-01 -5.666371267649999988e-01
-3.647136870750000148e-01 -7.908738470449999669e-01
-5.425680551070000135e-01 -8.804801311059999858e-01
-6.970472458249999947e-01 -9.269873537270000297e-01
-1.565502070149999980e-01 -5.562579291820000105e-01
-1.848590742189999969e-01 -7.868002206899999962e-01
-2.483396936060000004e-01 -9.113968528629999843e-01
-3.321234704339999788e-01 -1.000000000000000000e+00
-2.946275712199999952e-01 -6.615131936599999429e-02
-4.443370572199999979e-01 -1.859007906329999960e-01
-5.731482653270000283e-01 -2.796182342390000075e-01
-6.529973032070000016e-01 -4.098460348429999733e-01
-2.777645284029999773e-01 -5.009659977429999911e-01
-4.765593504460000074e-01 -5.763585122030000507e-01
-5.952691982860000008e-01 -5.171938131040000330e-01
-6.729358715890000342e-01 -4.475818313620000266e-01
-2.394291454780000106e-01 -5.519698710620000170e-01
-4.710637604919999943e-01 -7.262591975840000380e-01
-6.668456144359999893e-01 -7.826633860189999847e-01
-8.327085707950000470e-01 -7.991601799259999694e-01
-1.916834116950000000e-01 -5.654746267050000386e-01
-3.706340584480000144e-01 -7.859704855910000232e-01
-5.478927763159999742e-01 -8.840753284719999883e-01
-7.004641272139999764e-01 -9.403390410530000354e-01
-1.527467716889999994e-01 -5.605660466930000307e-01
-1.819460727720000059e-01 -7.891426782220000158e-01
-2.435510699810000124e-01 -9.122979580600000249e-01
-3.243818145810000164e-01 -1.000000000000000000e+00
-2.892120386170000113e-01 -6.338335930999999812e-02
-4.379789245979999746e-01 -1.828244340659999911e-01
-5.671278875559999655e-01 -2.761337158320000262e-01
-6.484234422910000184e-01 -4.015069808839999976e-01
-2.798387363320000154e-01 -5.001787376170000465e-01
-4.732118425679999740e-01 -5.759435312470000401e-01
-5.891250984779999866e-01 -5.189818379160000550e-01
-6.665881824099999520e-01 -4.511754588090000073e-01
-2.410624320089999884e-01 -5.526614235579999646e-01
-4.678761141480000108e-01 -7.235650736930000493e-01
-6.654242687320000016e-01 -7.692833082350000184e-01
-8.317201677309999930e-01 -7.722665184010000239e-01
-1.922528924440000120e-01 -5.692103303479999488e-01
-3.672775896930000061e-01 -7.846643055330000394e-01
-5.494046733520000503e-01 -8.719341336460000313e-01
-7.042799350049999685e-01 -9.153746848360000410e-01
-1.513364023500000100e-01 -5.642845308849999686e-01
-1.804420049500000123e-01 -7.925469150730000134e-01
-2.463877204980000069e-01 -9.153209145739999997e-01
-3.300111025890000160e-01 -1.000000000000000000e+00
-2.935617824169999834e-01 -6.010593331499999858e-02
-4.423161893059999739e-01 -1.805048606399999866e-01
-5.710953343839999530e-01 -2.757316122830000271e-01
-6.538133986380000318e-01 -3.982435097509999800e-01
-2.853603299840000163e-01 -4.934598921750000255e-01
-4.772857092200000206e-01 -5.769857415650000432e-01
-5.974540712189999603e-01 -5.277749531259999793e-01
-6.800668763880000078e-01 -4.656908495040000262e-01
-2.444668987939999927e-01 -5.462090726099999571e-01
-4.722858104920000244e-01 -7.160173934650000405e-01
-6.675645487860000227e-01 -7.631128614040000313e-01
-8.344577137409999734e-01 -7.715858260529999679e-01
-1.963817465909999949e-01 -5.640979094760000256e-01
-3.756006398410000058e-01 -7.759501608369999692e-01
-5.577219924599999823e-01 -8.663098780010000111e-01
-7.146914930629999496e-01 -9.138953951889999816e-01
-1.567564938209999870e-01 -5.624720160730000140e-01
-1.918351439950000126e-01 -7.902553959160000252e-01
-2.586658148239999733e-01 -9.137596966879999449e-01
-3.439107423230000071e-01 -1.000000000000000000e+00
-2.899660695069999905e-01 -6.538309991299999513e-02
-4.416388553580000154e-01 -1.876510825870000010e-01
-5.728878140290000198e-01 -2.822235959639999847e-01
-6.483085572510000061e-01 -4.103469208459999962e-01
-2.846794842340000242e-01 -5.027362986660000033e-01
-4.796399868380000209e-01 -5.836044848960000309e-01
-5.934732415060000044e-01 -5.146260336129999668e-01
-6.639689348720000384e-01 -4.420085125579999996e-01
-2.429866074099999995e-01 -5.518092318230000126e-01
-4.700301991140000135e-01 -7.279778985370000122e-01
-6.629803049060000175e-01 -7.788206612620000024e-01
-8.243143009769999807e-01 -7.929325163279999922e-01
-1.906691375450000059e-01 -5.615518919349999916e-01
-3.635716171960000076e-01 -7.844533041510000082e-01
-5.402785261420000040e-01 -8.845221536740000001e-01
-6.915416027949999878e-01 -9.418261204929999630e-01
-1.464635199629999995e-01 -5.500121826760000499e-01
-1.767433873589999982e-01 -7.801926394360000350e-01
-2.402170326339999884e-01 -9.073572225170000172e-01
-3.224314857900000275e-01 -1.000000000000000000e+00
-2.971712833849999846e-01 -5.861082120700000092e-02
-4.477207738210000065e-01 -1.769897641010000078e-01
-5.738550566240000483e-01 -2.709438481979999924e-01
-6.603838519800000473e-01 -4.006556357589999839e-01
-2.815357445439999884e-01 -4.877709608079999759e-01
-4.648290710040000051e-01 -5.733808441030000536e-01
-5.785410465529999824e-01 -5.300959318729999703e-01
-6.526960235969999635e-01 -4.726365365240000060e-01
-2.419983281109999995e-01 -5.403258862480000424e-01
-4.684051304190000042e-01 -7.069606504550000059e-01
-6.649933785789999829e-01 -7.512299115039999808e-01
-8.280801510080000316e-01 -7.576261157150000480e-01
-1.946319991250000103e-01 -5.618211271399999873e-01
-3.746323669880000096e-01 -7.694576738049999642e-01
-5.621650256310000149e-01 -8.562502443389999884e-01
-7.191544069490000135e-01 -9.025248494750000017e-01
-1.542552577690000093e-01 -5.681658584750000074e-01
-1.878317981110000090e-01 -7.920751073180000157e-01
-2.572216177030000051e-01 -9.131891062410000259e-01
-3.416156874219999917e-01 -1.000000000000000000e+00
-2.923895841270000018e-01 -5.973651003699999990e-02
-4.432933747300000227e-01 -1.773798994380000049e-01
-5.750062721259999732e-01 -2.714790017979999970e-01
-6.615428351719999656e-01 -4.075061995600000042e-01
-2.785247170199999789e-01 -4.932127673899999731e-01
-4.652528945039999808e-01 -5.828971306950000431e-01
-5.838204139310000373e-01 -5.341221745619999517e-01
-6.617975307510000071e-01 -4.701404245779999824e-01
-2.383322115719999912e-01 -5.464836132749999464e-01
-4.650095835449999937e-01 -7.227468085549999532e-01
-6.619848594910000550e-01 -7.770170076339999454e-01
-8.290848238360000177e-01 -7.919293303040000342e-01
-1.881303674420000127e-01 -5.626959701129999880e-01
-3.607738888009999756e-01 -7.870438466389999554e-01
-5.399627196049999744e-01 -8.883207634430000388e-01
-6.942723932059999825e-01 -9.447756098549999759e-01
-1.459993717760000032e-01 -5.606491378340000553e-01
-1.799491540310000082e-01 -7.901574930389999585e-01
-2.478101425579999906e-01 -9.130542963079999463e-01
-3.339166304310000055e-01 -1.000000000000000000e+00
-2.881131335379999991e-01 -5.905350312700000104e-02
-4.406237263510000002e-01 -1.776109094559999990e-01
-5.718616626629999811e-01 -2.750221433980000185e-01
-6.474676924609999995e-01 -4.090364361030000007e-01
-2.831634533199999804e-01 -4.926453513860000188e-01
-4.699763713510000107e-01 -5.722842482640000394e-01
-5.848295934320000278e-01 -5.135282813129999901e-01
-6.578632704869999959e-01 -4.421318168569999818e-01
-2.444940245509999999e-01 -5.469889526329999585e-01
-4.689676454980000186e-01 -7.201691693789999960e-01
-6.637451289100000373e-01 -7.721211656730000428e-01
-8.278140465079999455e-01 -7.855046705749999525e-01
-1.936474105590000050e-01 -5.636668064099999986e-01
-3.626161181900000030e-01 -7.825803328589999719e-01
-5.415229691659999567e-01 -8.768486934129999799e-01
-6.948299537250000046e-01 -9.256119988019999578e-01
-1.489090583150000091e-01 -5.606720069070000312e-01
-1.808304461930000107e-01 -7.907102346819999683e-01
-2.532000932180000219e-01 -9.140460609049999574e-01
-3.437678099690000266e-01 -1.000000000000000000e+00
-2.822805340960000131e-01 -5.747505357899999889e-02
-4.359891973589999914e-01 -1.811415828350000090e-01
-5.692722689100000455e-01 -2.785260683899999923e-01
-6.502337562459999942e-01 -4.068915348939999843e-01
-2.798059873070000148e-01 -4.952282080629999972e-01
-4.723301903120000200e-01 -5.730609432409999870e-01
-5.841061796980000498e-01 -5.040603954650000329e-01
-6.556555005240000122e-01 -4.331428738190000183e-01
-2.411977278559999938e-01 -5.469250930010000067e-01
-4.675959379610000188e-01 -7.232649744050000384e-01
-6.615762665729999492e-01 -7.718631665159999544e-01
-8.257518469029999642e-01 -7.869892798149999980e-01
-1.900819285030000139e-01 -5.577544739590000189e-01
-3.651677549230000208e-01 -7.825135745889999495e-01
-5.429731208960000277e-01 -8.767197008689999738e-01
-6.964463808740000150e-01 -9.305764316910000167e-01
-1.446077860170000007e-01 -5.449801805509999486e-01
-1.810655124439999875e-01 -7.779540536219999858e-01
-2.507181448379999789e-01 -9.058216739900000203e-01
-3.403715734350000188e-01 -1.000000000000000000e+00
-2.828307798990000177e-01 -5.432453693799999678e-02
-4.349745599240000260e-01 -1.774287745139999928e-01
-5.667798907809999953e-01 -2.746039656379999916e-01
-6.581364959290000316e-01 -3.939977079270000071e-01
-2.812889362370000201e-01 -4.921068341770000187e-01
-4.707885578459999887e-01 -5.791135824449999969e-01
-5.857829644669999558e-01 -5.326437572059999903e-01
-6.665780554910000211e-01 -4.742020424489999941e-01
-2.410717859740000024e-01 -5.441430231289999808e-01
-4.749341077959999824e-01 -7.198822993429999650e-01
-6.698160651329999604e-01 -7.617264556439999890e-01
-8.354100744289999492e-01 -7.657329959490000171e-01
-1.921928127689999932e-01 -5.588139437760000217e-01
-3.748331844030000082e-01 -7.810619476960000140e-01
-5.576212566579999974e-01 -8.737676315610000133e-01
-7.155993032040000035e-01 -9.224747625410000262e-01
-1.478676355040000057e-01 -5.513770887229999529e-01
-1.869508202219999915e-01 -7.813724776770000213e-01
-2.615617984210000246e-01 -9.086056189919999859e-01
-3.561336971130000251e-01 -1.000000000000000000e+00
-2.853629339020000155e-01 -5.594682119299999867e-02
-4.376830217559999903e-01 -1.755111563539999975e-01
-5.703274081389999584e-01 -2.718388493630000124e-01
-6.679542485510000516e-01 -3.945598827810000153e-01
-2.949107287650000186e-01 -4.882478837679999906e-01
-4.773320991269999758e-01 -5.748466346780000125e-01
-5.955128861339999968e-01 -5.290429113110000081e-01
-6.775750163310000351e-01 -4.694188058229999960e-01
-2.530102303669999886e-01 -5.436657201529999650e-01
-4.769211560439999831e-01 -7.172847438339999826e-01
-6.686284448749999498e-01 -7.629987655869999719e-01
-8.317328284339999822e-01 -7.712660463830000035e-01
-2.017615799930000120e-01 -5.638866532330000236e-01
-3.714009407219999725e-01 -7.823971699730000173e-01
-5.505613854719999534e-01 -8.761880214680000112e-01
-7.062681510089999781e-01 -9.259147964089999849e-01
-1.556706003430000096e-01 -5.635533184540000295e-01
-1.940080009980000020e-01 -7.902052721279999581e-01
-2.712534597019999882e-01 -9.127770552770000378e-01
-3.669897049210000262e-01 -1.000000000000000000e+00
-2.866752188639999921e-01 -5.752924449800000256e-02
-4.347799157650000246e-01 -1.752057047139999879e-01
-5.653433080449999926e-01 -2.702081933700000160e-01
-6.602555875719999801e-01 -3.990043702139999815e-01
-2.898986607390000025e-01 -4.925910870399999864e-01
-4.718729795950000194e-01 -5.733356973709999860e-01
-5.878571816509999826e-01 -5.129048808899999701e-01
-6.634033281769999846e-01 -4.410516357050000003e-01
-2.457898376529999984e-01 -5.480129253869999717e-01
-4.651451455580000172e-01 -7.278448239300000511e-01
-6.574243229109999476e-01 -7.860373147739999622e-01
-8.241762697540000460e-01 -8.071641067729999897e-01
-1.924012851730000084e-01 -5.642889307259999487e-01
-3.605826282140000005e-01 -7.863505589989999711e-01
-5.324751004200000137e-01 -8.854929491799999886e-01
-6.844322851220000503e-01 -9.428352654830000068e-01
-1.465115292849999973e-01 -5.600710494539999917e-01
-1.860415415829999863e-01 -7.852953911879999582e-01
-2.599908005289999768e-01 -9.089065425979999668e-01
-3.546641653629999946e-01 -1.000000000000000000e+00
-2.798628112989999805e-01 -5.894449854199999839e-02
-4.308684811499999823e-01 -1.800530479330000044e-01
-5.669388211760000296e-01 -2.769731893440000037e-01
-6.601254067249999746e-01 -4.053196463639999747e-01
-2.854210567300000112e-01 -5.018228225599999925e-01
-4.689447580789999903e-01 -5.890129458359999459e-01
-5.920413718000000491e-01 -5.370308674579999941e-01
-6.772362393070000541e-01 -4.675286437119999805e-01
-2.416305354440000108e-01 -5.554599001859999996e-01
-4.653403715400000196e-01 -7.337719281869999888e-01
-6.583654401159999559e-01 -7.862420563980000443e-01
-8.259204570510000343e-01 -7.985691524019999932e-01
-1.885415746130000014e-01 -5.688014041009999966e-01
-3.531488387880000190e-01 -7.960872758670000104e-01
-5.254459649270000199e-01 -8.959536948720000504e-01
-6.782791824830000094e-01 -9.493537315760000039e-01
-1.428418182410000070e-01 -5.594132559529999549e-01
-1.817511036209999986e-01 -7.883239782380000449e-01
-2.575036105869999981e-01 -9.125697932699999848e-01
-3.533112915700000189e-01 -1.000000000000000000e+00
-2.917517533230000182e-01 -5.621302311299999910e-02
-4.436285480769999734e-01 -1.748316632910000001e-01
-5.755499575360000231e-01 -2.735327422100000128e-01
-6.698982519489999898e-01 -4.051808799780000081e-01
-3.026171026819999832e-01 -4.952644910780000242e-01
-4.869860455789999931e-01 -5.849166572459999491e-01
-6.086613232549999974e-01 -5.380476580070000514e-01
-6.928837421560000154e-01 -4.765209618810000158e-01
-2.561424213430000263e-01 -5.494164759549999832e-01
-4.802173088460000017e-01 -7.338762615930000122e-01
-6.741442091099999478e-01 -7.845803114179999982e-01
-8.407852028279999557e-01 -7.962148966569999597e-01
-2.022758824789999965e-01 -5.649979807820000310e-01
-3.709682028569999956e-01 -7.915391906040000203e-01
-5.483270600730000277e-01 -8.843705971180000347e-01
-7.029795071319999700e-01 -9.303617906229999512e-01
-1.550949975760000099e-01 -5.585518170940000360e-01
-1.955463637879999994e-01 -7.865321989650000400e-01
-2.738659097030000100e-01 -9.111368413689999723e-01
-3.709225723860000157e-01 -1.000000000000000000e+00
-2.920592288750000209e-01 -5.821480611600000216e-02
-4.419497984729999773e-01 -1.752131415709999862e-01
-5.731294955310000105e-01 -2.700130520440000015e-01
-6.639613305579999958e-01 -3.978231551079999817e-01
-2.963539441079999781e-01 -4.880470720069999824e-01
-4.775390532389999776e-01 -5.697231825909999658e-01
-5.934675873310000238e-01 -5.119930105069999682e-01
-6.700782585390000490e-01 -4.418060059580000143e-01
-2.526637236379999929e-01 -5.452833602490000375e-01
-4.710880108759999962e-01 -7.232406123879999704e-01
-6.639271342879999871e-01 -7.845889320969999803e-01
-8.319987210970000158e-01 -8.096184298840000126e-01
-1.986195077669999920e-01 -5.642268328330000138e-01
-3.654419029420000187e-01 -7.853595394490000547e-01
-5.356259036380000005e-01 -8.857924446139999741e-01
-6.863385852169999746e-01 -9.442505487869999881e-01
-1.522578671629999936e-01 -5.639946065190000191e-01
-1.881227476070000126e-01 -7.867983054910000495e-01
-2.597352507910000163e-01 -9.099771964130000113e-01
-3.521757120239999983e-01 -1.000000000000000000e+00
-2.828380301089999938e-01 -5.654985861499999683e-02
-4.309053800459999861e-01 -1.764965805320000136e-01
-5.638729972589999750e-01 -2.740535695360000190e-01
-6.611034063920000481e-01 -4.035192004070000116e-01
-2.921102684999999921e-01 -4.963398387460000172e-01
-4.662670419650000175e-01 -5.823596800250000483e-01
-5.886634577420000181e-01 -5.359008773310000029e-01
-6.743803976859999993e-01 -4.720481447600000102e-01
-2.461964399300000106e-01 -5.539519210340000388e-01
-4.585377244919999762e-01 -7.286484731379999635e-01
-6.497592272319999696e-01 -7.904886222000000462e-01
-8.199215468070000234e-01 -8.144490006079999622e-01
-1.918470758380000085e-01 -5.716413038519999601e-01
-3.572193427509999797e-01 -7.880576872560000057e-01
-5.300094739430000201e-01 -8.854727429830000496e-01
-6.847306301140000384e-01 -9.378458459790000035e-01
-1.451816032129999989e-01 -5.672620622770000454e-01
-1.895977529579999932e-01 -7.901437891670000102e-01
-2.699409068829999869e-01 -9.129182798820000277e-01
-3.711053551580000276e-01 -1.000000000000000000e+00
-2.825756165000000153e-01 -5.248475373599999910e-02
-4.391775472819999804e-01 -1.763172021490000130e-01
-5.720276599520000005e-01 -2.782230225349999753e-01
-6.660997294310000427e-01 -4.026484246900000064e-01
-2.971736126680000201e-01 -4.941416601549999954e-01
-4.771360473369999911e-01 -5.864258252359999535e-01
-5.932095480950000388e-01 -5.376270678510000067e-01
-6.725071172650000095e-01 -4.771884977270000050e-01
-2.551372455340000234e-01 -5.481931084219999750e-01
-4.777315980929999761e-01 -7.281960286709999730e-01
-6.710210692660000253e-01 -7.788305496949999851e-01
-8.353036663080000146e-01 -7.930587961220000315e-01
-2.022924808559999899e-01 -5.649687464539999704e-01
-3.781920740229999800e-01 -7.864832285010000534e-01
-5.583156162550000357e-01 -8.815055960880000541e-01
-7.138510094050000143e-01 -9.326809682790000444e-01
-1.526099506370000025e-01 -5.605011419090000224e-01
-1.941684673590000076e-01 -7.859871758099999939e-01
-2.731067212159999924e-01 -9.103912917330000409e-01
-3.699695595279999805e-01 -1.000000000000000000e+00
-2.856206683740000196e-01 -5.460680301200000059e-02
-4.382807879269999818e-01 -1.736631235870000067e-01
-5.703330372829999995e-01 -2.708431712420000248e-01
-6.696610879309999875e-01 -3.966091416499999966e-01
-2.960924082640000177e-01 -4.884424045990000129e-01
-4.784275873109999910e-01 -5.693929884680000164e-01
-5.955784385029999628e-01 -5.145955507099999604e-01
-6.755934563619999667e-01 -4.496208517529999837e-01
-2.510750644299999945e-01 -5.442164468289999446e-01
-4.728882268510000153e-01 -7.135870305150000537e-01
-6.656645517989999705e-01 -7.549720314569999813e-01
-8.299391105690000492e-01 -7.605965189960000039e-01
-1.992295306119999942e-01 -5.647421938879999548e-01
-3.718358213819999980e-01 -7.776163197759999868e-01
-5.536267786680000302e-01 -8.681111188440000515e-01
-7.093240216689999933e-01 -9.159317408379999970e-01
-1.540898108250000065e-01 -5.653556911610000402e-01
-1.997949186069999938e-01 -7.886624594850000225e-01
-2.796051138730000218e-01 -9.112827486229999607e-01
-3.747621224980000054e-01 -1.000000000000000000e+00
-2.889312165190000004e-01 -6.195824301999999784e-02
-4.391062814360000011e-01 -1.819702832229999900e-01
-5.732485050550000238e-01 -2.773638629860000204e-01
-6.637628367419999842e-01 -4.050036356960000083e-01
-2.985272301829999808e-01 -5.002398308250000092e-01
-4.780505438250000072e-01 -5.836795470879999614e-01
-5.966273529490000449e-01 -5.275656684609999481e-01
-6.755958811200000191e-01 -4.571470281139999869e-01
-2.528018960310000063e-01 -5.562460984039999667e-01
-4.652069195479999753e-01 -7.330619653340000319e-01
-6.540162973740000218e-01 -7.941473631819999657e-01
-8.212907671850000479e-01 -8.186735756480000292e-01
-1.984493257159999913e-01 -5.715681599209999630e-01
-3.587202719840000276e-01 -7.914710597190000030e-01
-5.261081922039999581e-01 -8.919785278420000463e-01
-6.758193524710000011e-01 -9.478548001619999663e-01
-1.533634477430000087e-01 -5.662888230489999675e-01
-1.918872762680000066e-01 -7.868580354449999925e-01
-2.658460049749999943e-01 -9.103764023150000551e-01
-3.615471706680000175e-01 -1.000000000000000000e+00
-2.830858082730000058e-01 -5.937771635300000128e-02
-4.346717571859999851e-01 -1.791598849140000060e-01
-5.699287685320000296e-01 -2.755383288720000268e-01
-6.523408625000000072e-01 -4.068997808900000068e-01
-2.903164876229999969e-01 -4.985782648659999872e-01
-4.705330629050000213e-01 -5.789257979740000115e-01
-5.889453300660000279e-01 -5.196792188969999726e-01
-6.680389607469999769e-01 -4.484916935580000041e-01
-2.475277287469999921e-01 -5.538269515260000331e-01
-4.654069297810000116e-01 -7.296168154979999487e-01
-6.579125862839999561e-01 -7.873952782569999531e-01
-8.263207329739999940e-01 -8.079898353429999514e-01
-1.939430130769999872e-01 -5.680824016950000166e-01
-3.565421925439999917e-01 -7.906038623100000162e-01
-5.251942085549999861e-01 -8.894590062799999641e-01
-6.757715507660000398e-01 -9.425665663169999764e-01
-1.482116257470000031e-01 -5.596109336460000083e-01
-1.872343981269999902e-01 -7.847931695980000510e-01
-2.636732581780000251e-01 -9.100014535529999948e-01
-3.620779341009999763e-01 -1.000000000000000000e+00
-2.828409063610000107e-01 -5.969961030800000068e-02
-4.349042030909999745e-01 -1.799190960039999954e-01
-5.681988259360000182e-01 -2.773824965769999817e-01
-6.559062596429999781e-01 -4.010225943599999843e-01
-2.922911619979999820e-01 -4.999180982159999731e-01
-4.814533339989999772e-01 -5.774278127930000393e-01
-6.030598839240000064e-01 -5.194987222770000024e-01
-6.880668222479999763e-01 -4.488361908879999751e-01
-2.485457236459999997e-01 -5.556970936649999748e-01
-4.717465174420000240e-01 -7.319577713849999556e-01
-6.632616219229999777e-01 -7.838014623140000525e-01
-8.312950736980000421e-01 -7.977552536319999499e-01
-1.941023324220000068e-01 -5.711195738340000272e-01
-3.600990027659999870e-01 -7.951159651660000272e-01
-5.312702213800000184e-01 -8.917744832289999923e-01
-6.853243828030000095e-01 -9.441366082959999906e-01
-1.457628183449999892e-01 -5.625269541409999574e-01
-1.827834411500000034e-01 -7.892696190110000121e-01
-2.603543626440000258e-01 -9.122400900229999943e-01
-3.604057302609999791e-01 -1.000000000000000000e+00
-2.816846133970000166e-01 -5.822921081199999849e-02
-4.349004726190000003e-01 -1.810524283699999903e-01
-5.691409767130000130e-01 -2.803662781810000171e-01
-6.567938590190000037e-01 -4.105283711339999808e-01
-2.876352345370000174e-01 -4.993612695569999982e-01
-4.706767421890000191e-01 -5.873347023470000261e-01
-5.924279291899999800e-01 -5.359011249970000446e-01
-6.772997000199999507e-01 -4.708595719600000007e-01
-2.422753155830000005e-01 -5.532678819320000496e-01
-4.635835730669999877e-01 -7.356182083540000471e-01
-6.588430990529999809e-01 -7.901155652619999969e-01
-8.288293090299999610e-01 -8.059947589720000138e-01
-1.885776778200000114e-01 -5.665582530310000475e-01
-3.582430611340000071e-01 -7.921485108000000386e-01
-5.343761626799999886e-01 -8.871799460599999465e-01
-6.899293154879999612e-01 -9.373839793889999772e-01
-1.423138285910000023e-01 -5.555105845869999781e-01
-1.845797265069999971e-01 -7.821387189130000195e-01
-2.637266056029999861e-01 -9.083734240080000299e-01
-3.632989579299999994e-01 -1.000000000000000000e+00
-2.838093046240000028e-01 -6.156335263999999918e-02
-4.393350552299999934e-01 -1.848621831139999894e-01
-5.750593171140000459e-01 -2.822379369729999810e-01
-6.522984952949999471e-01 -4.087433244500000007e-01
-2.892658298660000238e-01 -5.063046032989999556e-01
-4.830660903189999966e-01 -5.859043555820000471e-01
-6.007266924959999699e-01 -5.209592816160000250e-01
-6.798891786349999800e-01 -4.461101018290000164e-01
-2.463965258889999899e-01 -5.571068158399999914e-01
-4.758103088260000058e-01 -7.393055480539999502e-01
-6.697844442749999461e-01 -7.866439137239999990e-01
-8.372819672700000382e-01 -7.935711930390000335e-01
-1.928702870890000032e-01 -5.670453190719999537e-01
-3.659310732070000238e-01 -7.977928190090000093e-01
-5.415104681169999878e-01 -8.922316694609999654e-01
-6.970484673329999659e-01 -9.390631222869999517e-01
-1.467033443449999863e-01 -5.519111491399999458e-01
-1.873681749170000022e-01 -7.832632975350000137e-01
-2.657393824700000073e-01 -9.098441797299999800e-01
-3.661394837559999726e-01 -1.000000000000000000e+00
-2.921363870950000052e-01 -6.339983930199999396e-02
-4.445112597720000114e-01 -1.815948029589999901e-01
-5.767881985589999871e-01 -2.765792548079999968e-01
-6.551308897990000268e-01 -4.073071127699999794e-01
-2.973726699359999781e-01 -4.984298474750000207e-01
-4.885534612049999836e-01 -5.745312928560000199e-01
-6.024180178460000201e-01 -5.126781854020000528e-01
-6.780903374860000055e-01 -4.406353566539999989e-01
-2.528280639120000228e-01 -5.525437686840000140e-01
-4.774301830109999867e-01 -7.314740033950000164e-01
-6.694688572939999638e-01 -7.777107014530000306e-01
-8.360808296580000132e-01 -7.842227548100000334e-01
-2.004586952079999984e-01 -5.695998242409999746e-01
-3.676891392309999951e-01 -7.933047264860000336e-01
-5.420068594720000021e-01 -8.826142587009999652e-01
-6.947245905810000011e-01 -9.255532012060000424e-01
-1.563024532760000085e-01 -5.633710297980000226e-01
-1.940290402569999906e-01 -7.925066272220000485e-01
-2.713729099000000144e-01 -9.148174119949999961e-01
-3.680012306789999799e-01 -1.000000000000000000e+00
-2.831334006469999887e-01 -6.628236007799999385e-02
-4.339390178759999772e-01 -1.858488932719999931e-01
-5.685671006039999531e-01 -2.788827592509999787e-01
-6.403412036769999816e-01 -4.085815236440000220e-01
-2.814869396240000099e-01 -5.059507502150000224e-01
-4.669129294420000242e-01 -5.926472971339999951e-01
-5.823971515879999838e-01 -5.301540319640000165e-01
-6.585268832249999704e-01 -4.572148206419999750e-01
-2.400430475089999904e-01 -5.563757543359999502e-01
-4.619778862119999774e-01 -7.438973785060000177e-01
-6.585417494809999717e-01 -7.994270720080000059e-01
-8.264957324149999618e-01 -8.109887491980000140e-01
-1.862907258100000019e-01 -5.662337446480000258e-01
-3.551208021869999842e-01 -7.982491520000000174e-01
-5.293600722810000159e-01 -8.909548984549999773e-01
-6.814406787879999650e-01 -9.364804090899999656e-01
-1.403234288050000111e-01 -5.524032781480000542e-01
-1.765824137720000131e-01 -7.814546678429999949e-01
-2.515571018919999791e-01 -9.089439232789999767e-01
-3.471992110730000025e-01 -1.000000000000000000e+00
-2.805217835680000049e-01 -6.095784055600000223e-02
-4.399266136089999835e-01 -1.815505857570000048e-01
-5.768864309619999853e-01 -2.786012584879999920e-01
-6.441761550819999904e-01 -4.120689430360000016e-01
-2.855895468690000105e-01 -5.024844062240000353e-01
-4.786977771850000063e-01 -5.834641195419999482e-01
-5.952459756360000132e-01 -5.260600480010000357e-01
-6.752883376989999853e-01 -4.562824959919999923e-01
-2.442365983320000100e-01 -5.540829295079999772e-01
-4.702912086609999931e-01 -7.382197391420000088e-01
-6.656441436960000013e-01 -7.829519517780000326e-01
-8.350730650319999615e-01 -7.841476849799999815e-01
-1.907528301099999934e-01 -5.656285519999999511e-01
-3.633314403199999765e-01 -7.968230117879999685e-01
-5.405377137300000356e-01 -8.816945453760000051e-01
-6.972206555000000083e-01 -9.196104545369999661e-01
-1.433923626030000065e-01 -5.504389949960000195e-01
-1.799202086220000052e-01 -7.822206402419999982e-01
-2.552472388779999934e-01 -9.096218514560000523e-01
-3.532091379910000106e-01 -1.000000000000000000e+00
-2.900159202150000004e-01 -6.435526390300000399e-02
-4.432656179239999883e-01 -1.834533284629999983e-01
-5.767817300880000442e-01 -2.782260522530000113e-01
-6.482683458060000126e-01 -4.104348708939999923e-01
-2.867550837410000053e-01 -5.028832604590000033e-01
-4.768747492279999944e-01 -5.859215500440000390e-01
-5.929084689489999560e-01 -5.266288353229999775e-01
-6.722493869979999648e-01 -4.554889233159999939e-01
-2.431923797120000008e-01 -5.533460572070000305e-01
-4.696835252559999896e-01 -7.361610190230000184e-01
-6.658115813049999554e-01 -7.811321982079999504e-01
-8.354396196350000192e-01 -7.837881640789999826e-01
-1.909490913519999999e-01 -5.650476195169999993e-01
-3.613896341510000054e-01 -7.932237848550000026e-01
-5.393977401939999972e-01 -8.822048136800000329e-01
-6.948067191540000520e-01 -9.238012837100000318e-01
-1.480960688749999865e-01 -5.531282982420000494e-01
-1.848640459349999987e-01 -7.839475303530000216e-01
-2.588098122560000269e-01 -9.101178374199999643e-01
-3.526855632900000037e-01 -1.000000000000000000e+00
-2.947259781820000257e-01 -6.244842449400000300e-02
-4.466149335819999955e-01 -1.815456411340000131e-01
-5.777976638749999783e-01 -2.767555994199999980e-01
-6.506811858380000535e-01 -4.102566886430000226e-01
-2.891498904400000014e-01 -4.970581126199999922e-01
-4.721143299350000211e-01 -5.784176312940000342e-01
-5.894010115790000448e-01 -5.200571778660000311e-01
-6.668613054430000409e-01 -4.487425511520000132e-01
-2.435761142360000076e-01 -5.505163135709999489e-01
-4.672661308969999761e-01 -7.301199979369999982e-01
-6.647693213840000226e-01 -7.785230424589999476e-01
-8.330027374009999486e-01 -7.847099108559999481e-01
-1.903203468899999917e-01 -5.677289698430000309e-01
-3.622346860639999999e-01 -7.911373054539999616e-01
-5.443258261460000025e-01 -8.801371500439999496e-01
-7.002697637760000315e-01 -9.197132448860000364e-01
-1.445325840270000051e-01 -5.650986320980000421e-01
-1.835471958780000024e-01 -7.928333770750000120e-01
-2.635293958259999902e-01 -9.151938438660000008e-01
-3.610512637469999730e-01 -1.000000000000000000e+00
-2.919724228059999982e-01 -5.981247623100000022e-02
-4.423204661360000123e-01 -1.814523197540000021e-01
-5.724208625090000391e-01 -2.797376681009999810e-01
-6.531394140149999750e-01 -4.159930025490000127e-01
-2.841798743980000208e-01 -4.971519163429999888e-01
-4.655093780249999758e-01 -5.821134349640000316e-01
-5.868771852220000529e-01 -5.311872307670000293e-01
-6.687168871199999920e-01 -4.652526820940000030e-01
-2.380305760089999889e-01 -5.504186463329999723e-01
-4.588959016179999795e-01 -7.319091776139999839e-01
-6.570081684809999656e-01 -7.845846748620000088e-01
-8.263774639750000039e-01 -7.954892546809999576e-01
-1.861115228999999927e-01 -5.675061720680000255e-01
-3.560125257569999868e-01 -7.897770496820000208e-01
-5.369616805779999780e-01 -8.800623824109999882e-01
-6.913236078019999731e-01 -9.217377710209999631e-01
-1.435533643269999993e-01 -5.640020076389999915e-01
-1.870045197920000013e-01 -7.913712652940000369e-01
-2.685732080570000235e-01 -9.143598781189999913e-01
-3.660913507460000216e-01 -1.000000000000000000e+00
-2.876054596129999918e-01 -6.382816955999999486e-02
-4.370136019529999860e-01 -1.879698935169999974e-01
-5.701825351339999681e-01 -2.825698146839999980e-01
-6.541770093130000463e-01 -4.163334428009999866e-01
-2.753383446059999851e-01 -5.145743731940000121e-01
-4.669212214430000230e-01 -5.963389841609999520e-01
-5.923427026340000179e-01 -5.373501394430000300e-01
-6.786155072709999514e-01 -4.653843288289999935e-01
-2.322703883960000049e-01 -5.605082789499999940e-01
-4.624397587529999742e-01 -7.463121306250000142e-01
-6.645379927000000242e-01 -7.929264276940000133e-01
-8.361506075219999889e-01 -7.933377980539999541e-01
-1.812340102610000003e-01 -5.664804331310000496e-01
-3.488977471099999894e-01 -8.020008554840000192e-01
-5.289241460339999534e-01 -8.938263506510000234e-01
-6.843959661009999529e-01 -9.335443323359999823e-01
-1.415626459250000080e-01 -5.491926110949999496e-01
-1.821827288179999893e-01 -7.815279307989999591e-01
-2.600101161500000257e-01 -9.099438136070000516e-01
-3.563086107380000200e-01 -1.000000000000000000e+00
-2.893080808390000036e-01 -6.206681540200000013e-02
-4.508940116669999942e-01 -1.840469700429999966e-01
-5.883668062960000222e-01 -2.859538658229999752e-01
-6.577496438219999630e-01 -4.305621393230000260e-01
-2.949000598200000045e-01 -5.041372547589999531e-01
-4.860487094659999840e-01 -5.877810458190000364e-01
-6.091494757890000278e-01 -5.340275880560000354e-01
-6.927711079930000126e-01 -4.671555265590000006e-01
-2.493788508020000072e-01 -5.597446233920000402e-01
-4.676076794180000218e-01 -7.466209848289999673e-01
-6.644981841889999741e-01 -7.945618801479999993e-01
-8.341516215509999777e-01 -7.987060069570000032e-01
-1.948495525870000133e-01 -5.761114629729999770e-01
-3.546174287539999859e-01 -8.088490129209999768e-01
-5.327905255089999681e-01 -8.958407546800000176e-01
-6.892203616890000273e-01 -9.337325386810000349e-01
-1.486205691399999917e-01 -5.656484158100000270e-01
-1.825359604569999905e-01 -7.941333587269999716e-01
-2.622077999549999872e-01 -9.159121202209999923e-01
-3.624713874939999858e-01 -1.000000000000000000e+00
-2.885337318039999932e-01 -6.241038287899999815e-02
-4.398053819419999733e-01 -1.815556958879999960e-01
-5.752843349609999546e-01 -2.750889195730000236e-01
-6.470619344169999954e-01 -4.141213892810000075e-01
-2.726322530899999985e-01 -5.041479353719999779e-01
-4.666666527680000121e-01 -5.810724609820000497e-01
-5.867374432719999477e-01 -5.226342278840000466e-01
-6.671502073459999460e-01 -4.518293619829999996e-01
-2.318661183940000092e-01 -5.550933032670000156e-01
-4.626391392709999772e-01 -7.369486581680000370e-01
-6.631757874220000071e-01 -7.849508074840000349e-01
-8.346043707639999587e-01 -7.885408086299999786e-01
-1.836604900450000133e-01 -5.679345814909999568e-01
-3.572407992969999779e-01 -7.987379018410000198e-01
-5.375727948899999831e-01 -8.887872420310000132e-01
-6.943250360260000420e-01 -9.294606714569999539e-01
-1.469281696539999904e-01 -5.570406698850000060e-01
-1.888795975139999916e-01 -7.880854825980000422e-01
-2.692172151880000142e-01 -9.129565621609999626e-01
-3.691955631100000135e-01 -1.000000000000000000e+00
-2.870709359440000163e-01 -6.540013525399999972e-02
-4.491023665039999835e-01 -1.873278426459999979e-01
-5.878965797699999829e-01 -2.856313765619999945e-01
-6.495871406409999826e-01 -4.303108156379999993e-01
-2.870053120700000182e-01 -5.122067427269999529e-01
-4.863878672410000270e-01 -5.871880104340000406e-01
-6.048355901949999947e-01 -5.204130035249999731e-01
-6.834006609939999866e-01 -4.434133102069999777e-01
-2.438885543729999994e-01 -5.634333849339999700e-01
-4.687324238480000127e-01 -7.520267105079999626e-01
-6.670825965859999984e-01 -7.984297873219999842e-01
-8.378439683330000110e-01 -7.990143640460000141e-01
-1.897190886279999933e-01 -5.733190926719999858e-01
-3.516778742130000079e-01 -8.116345793070000036e-01
-5.256094126920000109e-01 -9.002301797180000120e-01
-6.796553258130000330e-01 -9.399351278509999741e-01
-1.460454173379999998e-01 -5.547279239789999483e-01
-1.762288421509999869e-01 -7.858657408550000500e-01
-2.505083275850000235e-01 -9.110245581200000498e-01
-3.474537000630000261e-01 -1.000000000000000000e+00
-2.898761155969999948e-01 -6.284005989900000311e-02
-4.482715103959999947e-01 -1.847956596589999945e-01
-5.840306840800000288e-01 -2.820929037330000000e-01
-6.490050704059999731e-01 -4.190797161279999905e-01
-2.859603562879999838e-01 -5.075939603339999495e-01
-4.806748485830000250e-01 -5.802915102240000511e-01
-5.945926205960000432e-01 -5.129894317769999601e-01
-6.685493819369999757e-01 -4.342275583699999886e-01
-2.421016146659999979e-01 -5.589878158809999942e-01
-4.730121493569999780e-01 -7.429805895609999933e-01
-6.704914521079999856e-01 -7.904757433989999527e-01
-8.408473217209999628e-01 -7.934080557910000442e-01
-1.899638813410000071e-01 -5.720144138110000442e-01
-3.645179545339999883e-01 -8.032753920409999582e-01
-5.450625274300000545e-01 -8.915303052530000327e-01
-7.026406366770000522e-01 -9.271752808469999607e-01
-1.472762433489999967e-01 -5.606859485039999980e-01
-1.878227596089999951e-01 -7.939814962479999627e-01
-2.702407377459999926e-01 -9.171440252220000033e-01
-3.736475149110000116e-01 -1.000000000000000000e+00
-2.966318719859999953e-01 -6.224595698000000288e-02
-4.541414151520000164e-01 -1.812294848800000135e-01
-5.876307208059999843e-01 -2.791738337629999789e-01
-6.575062096320000160e-01 -4.175767212700000064e-01
-2.932289826280000122e-01 -5.004785009319999700e-01
-4.875628648829999912e-01 -5.784306780629999700e-01
-6.077689661380000219e-01 -5.152993901860000170e-01
-6.869246414040000026e-01 -4.393508054929999851e-01
-2.471339947060000042e-01 -5.516826842940000253e-01
-4.760818056489999894e-01 -7.368562947110000039e-01
-6.716274272750000218e-01 -7.803682109820000434e-01
-8.372351415159999810e-01 -7.813946614569999838e-01
-1.948693773480000002e-01 -5.677201743219999486e-01
-3.689863058449999733e-01 -7.945870502230000243e-01
-5.526132493880000496e-01 -8.794463778940000420e-01
-7.102346511160000375e-01 -9.143987528139999599e-01
-1.515720572860000115e-01 -5.610892209090000415e-01
-1.937078261730000028e-01 -7.910963546699999460e-01
-2.778832470689999723e-01 -9.140973458409999974e-01
-3.800315981919999975e-01 -1.000000000000000000e+00
-2.896899021959999931e-01 -6.732967614800000611e-02
-4.393914118350000231e-01 -1.873768748309999899e-01
-5.748829111619999654e-01 -2.807294749340000228e-01
-6.433716361539999484e-01 -4.210576455880000180e-01
-2.700864243800000231e-01 -5.030622987839999949e-01
-4.611759763459999939e-01 -5.853467018489999507e-01
-5.817897315209999975e-01 -5.274710591200000298e-01
-6.622022619959999634e-01 -4.546849545639999879e-01
-2.244615805940000097e-01 -5.501852363420000058e-01
-4.558443699929999871e-01 -7.351389411750000047e-01
-6.527832374059999720e-01 -7.785491099519999958e-01
-8.219338011000000277e-01 -7.778261593070000535e-01
-1.751387230570000120e-01 -5.611343850319999715e-01
-3.495334626780000065e-01 -7.900033205690000226e-01
-5.309715754199999527e-01 -8.769798231609999828e-01
-6.880583899609999943e-01 -9.130203356160000450e-01
-1.393152515939999891e-01 -5.492026063339999764e-01
-1.845525238169999915e-01 -7.818673420620000369e-01
-2.654981599399999781e-01 -9.096378366439999974e-01
-3.647722010100000190e-01 -1.000000000000000000e+00
