-2.577411792529999968e-01 -7.853701745299999926e-02
-4.045538917520000166e-01 -1.923018141220000088e-01
-5.327423128580000000e-01 -2.791770597800000142e-01
-5.925711208639999894e-01 -4.013904151620000249e-01
-2.653790594780000012e-01 -5.052650847190000016e-01
-4.136167072149999901e-01 -5.934056207129999594e-01
-5.180417755609999508e-01 -5.144888406330000441e-01
-5.758789507149999487e-01 -4.257538990240000154e-01
-2.093692751679999964e-01 -5.464063284579999680e-01
-3.523370530180000015e-01 -7.641220230349999865e-01
-4.953742053540000079e-01 -8.726230514280000072e-01
-6.063634374720000553e-01 -9.359803461240000511e-01
-1.482379820720000074e-01 -5.412327052230000435e-01
-2.509630411600000111e-01 -7.821302815249999707e-01
-3.641513609209999780e-01 -9.102342203859999925e-01
-4.601467604730000160e-01 -1.000000000000000000e+00
-9.858783217500000084e-02 -5.072634460610000451e-01
-1.262667478260000031e-01 -7.068923970370000198e-01
-1.923046559680000045e-01 -8.253873008330000483e-01
-2.734180579700000169e-01 -9.217301579040000359e-01
-2.572300327459999814e-01 -7.660281178899999710e-02
-4.073394129619999915e-01 -1.909253821169999976e-01
-5.359278620459999587e-01 -2.787713195409999845e-01
-5.911288128439999845e-01 -3.990375338500000146e-01
-2.724825945959999940e-01 -5.074009731059999639e-01
-4.263172711409999871e-01 -5.930189096769999946e-01
-5.291378841249999576e-01 -5.169233946069999863e-01
-5.861312245709999758e-01 -4.337057055770000003e-01
-2.173958873369999933e-01 -5.500060909599999714e-01
-3.608927406560000217e-01 -7.648704891880000467e-01
-5.018045505820000196e-01 -8.724387354849999499e-01
-6.133015449209999748e-01 -9.377691472560000241e-01
-1.545421302960000021e-01 -5.445387695129999539e-01
-2.557950633739999868e-01 -7.835955174309999771e-01
-3.671315627469999843e-01 -9.098068866570000468e-01
-4.642227069109999826e-01 -1.000000000000000000e+00
-1.023230114380000028e-01 -5.086087145119999597e-01
-1.240709187129999946e-01 -7.079138728780000056e-01
-1.858133824219999897e-01 -8.281328704410000352e-01
-2.640459483989999745e-01 -9.274042530960000530e-01
-2.576846170470000197e-01 -8.029862473700000169e-02
-4.074456550619999784e-01 -1.938457701300000113e-01
-5.370438526490000086e-01 -2.796808114659999900e-01
-5.877084339710000327e-01 -4.015283382709999849e-01
-2.632378809099999994e-01 -5.099525217470000094e-01
-4.167122418959999797e-01 -5.918183221349999634e-01
-5.201120558459999543e-01 -5.095944223649999660e-01
-5.771446499619999893e-01 -4.206597376269999855e-01
-2.081808502799999960e-01 -5.497181471580000478e-01
-3.534998683360000005e-01 -7.661655365380000138e-01
-4.990627706079999726e-01 -8.724126860409999740e-01
-6.138154454749999989e-01 -9.343291713619999994e-01
-1.457819589400000115e-01 -5.417948658019999808e-01
-2.498397029190000118e-01 -7.853124531120000418e-01
-3.639390923660000277e-01 -9.110305440279999889e-01
-4.631927057510000223e-01 -1.000000000000000000e+00
-9.590392110400000614e-02 -5.033654945090000332e-01
-1.178186237389999974e-01 -7.072083429679999478e-01
-1.805620606480000112e-01 -8.285815495970000333e-01
-2.609587288670000005e-01 -9.282061405999999515e-01
-2.590361118739999968e-01 -7.785152267099999801e-02
-4.102447105379999903e-01 -1.925909692929999861e-01
-5.393799062030000258e-01 -2.822020735419999982e-01
-5.924333045430000277e-01 -4.043667364560000199e-01
-2.729147333799999964e-01 -5.088844221860000516e-01
-4.259020141759999878e-01 -5.968353949460000196e-01
-5.249489215089999661e-01 -5.179532928629999589e-01
-5.771965472700000266e-01 -4.326301645180000155e-01
-2.164910492680000020e-01 -5.516686140280000483e-01
-3.664773848910000131e-01 -7.659641104619999696e-01
-5.125183416030000272e-01 -8.708107678880000480e-01
-6.272130888019999961e-01 -9.324127618199999912e-01
-1.521074880000000129e-01 -5.462523368180000061e-01
-2.571615245539999872e-01 -7.876929730160000531e-01
-3.723644425050000040e-01 -9.130221269110000426e-01
-4.710376998440000129e-01 -1.000000000000000000e+00
-9.790483285899999333e-02 -5.100326227620000097e-01
-1.216830667710000063e-01 -7.129669666410000106e-01
-1.863667648050000014e-01 -8.336145319940000409e-01
-2.659655363649999771e-01 -9.316464497899999975e-01
-2.604091559000000222e-01 -7.598929906199999862e-02
-4.134447849519999885e-01 -1.878100829190000043e-01
-5.447532841009999904e-01 -2.769148287389999741e-01
-5.906888986970000310e-01 -4.040027355490000138e-01
-2.672646665330000171e-01 -5.047931153000000393e-01
-4.192797726890000187e-01 -5.901308959750000138e-01
-5.222363382360000195e-01 -5.115954807910000346e-01
-5.781611121159999644e-01 -4.268748901009999930e-01
-2.130965332160000003e-01 -5.471693669530000026e-01
-3.586553342839999825e-01 -7.637783515670000245e-01
-5.062287149499999916e-01 -8.692706084489999485e-01
-6.219863241680000376e-01 -9.320857415390000345e-01
-1.502503810630000103e-01 -5.424579160360000207e-01
-2.521197901719999801e-01 -7.850163887240000360e-01
-3.657882719219999745e-01 -9.105745323920000356e-01
-4.638807591499999883e-01 -1.000000000000000000e+00
-9.923206545599999595e-02 -5.061081703640000207e-01
-1.200476008570000030e-01 -7.107019913790000309e-01
-1.828525644610000112e-01 -8.322109985550000255e-01
-2.621423087779999883e-01 -9.321500135470000004e-01
-2.586510667720000045e-01 -7.499561387799999479e-02
-4.084181819280000014e-01 -1.916125923110000018e-01
-5.360541567380000538e-01 -2.837665256870000041e-01
-5.846739004109999804e-01 -4.125637574009999864e-01
-2.663999142969999956e-01 -5.054629984199999759e-01
-4.134795395199999946e-01 -6.012937236099999971e-01
-5.155597405699999802e-01 -5.292471066659999446e-01
-5.708162290430000008e-01 -4.448517078270000091e-01
-2.090297115230000113e-01 -5.502842492689999920e-01
-3.549205839580000243e-01 -7.679771521899999565e-01
-5.024972501469999742e-01 -8.751901578270000481e-01
-6.188782715999999740e-01 -9.362882524579999588e-01
-1.456613452609999970e-01 -5.478976912020000478e-01
-2.470736078540000102e-01 -7.890502086459999509e-01
-3.640926184020000234e-01 -9.148625930249999483e-01
-4.636443826280000069e-01 -1.000000000000000000e+00
-9.269835186500000046e-02 -5.150789010230000242e-01
-1.170345774479999990e-01 -7.172782121249999809e-01
-1.849748745789999982e-01 -8.367692506349999615e-01
-2.670530472789999776e-01 -9.318150106579999870e-01
-2.567550625200000214e-01 -8.126061134400000552e-02
-4.059979923500000032e-01 -1.985947705689999898e-01
-5.340111202449999706e-01 -2.883514873829999825e-01
-5.877530004690000309e-01 -4.103414561639999736e-01
-2.658956112409999739e-01 -5.086080879469999649e-01
-4.137062868699999951e-01 -5.979321908439999556e-01
-5.135482894720000413e-01 -5.214995056200000256e-01
-5.685657488619999533e-01 -4.378388034849999833e-01
-2.085179830630000120e-01 -5.496564447920000429e-01
-3.475241410950000165e-01 -7.643560404999999447e-01
-4.882676176979999783e-01 -8.707884168939999947e-01
-5.998157227079999876e-01 -9.351513495900000139e-01
-1.452166660049999947e-01 -5.433313179840000284e-01
-2.443702023500000098e-01 -7.848034506669999688e-01
-3.548552270790000240e-01 -9.109729268549999759e-01
-4.494346391430000254e-01 -1.000000000000000000e+00
-9.348377484400000048e-02 -5.072819994949999689e-01
-1.176337416430000005e-01 -7.088335091740000093e-01
-1.801072420519999884e-01 -8.285476726479999998e-01
-2.579137212679999958e-01 -9.265927247549999857e-01
-2.605872634540000177e-01 -7.941825309399999644e-02
-4.119972884850000017e-01 -1.924052748379999900e-01
-5.429486544060000419e-01 -2.822163667800000053e-01
-5.893795799119999623e-01 -4.092538865540000237e-01
-2.637429255820000207e-01 -5.050924721299999698e-01
-4.162543276980000262e-01 -5.915961559100000322e-01
-5.197674731489999589e-01 -5.149255899329999719e-01
-5.764926782010000306e-01 -4.306404987099999859e-01
-2.088394291479999942e-01 -5.463450852279999603e-01
-3.528890993389999786e-01 -7.625911240289999782e-01
-4.962639786110000228e-01 -8.702972829580000180e-01
-6.092317590250000414e-01 -9.348668589249999883e-01
-1.476765348430000013e-01 -5.410971175250000043e-01
-2.480875409930000108e-01 -7.824397951710000410e-01
-3.588048420180000031e-01 -9.098809417509999831e-01
-4.539988430419999998e-01 -1.000000000000000000e+00
-1.000130719209999935e-01 -5.063068185079999672e-01
-1.240178493160000034e-01 -7.096434793729999857e-01
-1.873980338179999927e-01 -8.288810135270000545e-01
-2.664730098229999844e-01 -9.264658758270000183e-01
-2.584360635160000141e-01 -7.873735899200000332e-02
-4.095854722600000275e-01 -1.923878286990000075e-01
-5.403664219780000000e-01 -2.813140986200000082e-01
-5.875832625060000147e-01 -4.092373183460000230e-01
-2.604540487970000151e-01 -5.074545531040000057e-01
-4.098455227800000267e-01 -5.955823253790000216e-01
-5.132041747679999544e-01 -5.198783970710000313e-01
-5.702290445769999661e-01 -4.342569534040000012e-01
-2.050921358439999898e-01 -5.486634084439999670e-01
-3.482161645690000085e-01 -7.651258589049999559e-01
-4.921989588910000157e-01 -8.725941399429999468e-01
-6.055586325670000436e-01 -9.340814319560000190e-01
-1.434130112349999986e-01 -5.431942499570000527e-01
-2.452231690839999922e-01 -7.852003376949999724e-01
-3.594848798190000139e-01 -9.118409761129999680e-01
-4.579659186630000156e-01 -1.000000000000000000e+00
-9.414756643900000499e-02 -5.084323363079999991e-01
-1.171822391740000024e-01 -7.115658480619999615e-01
-1.816783949830000078e-01 -8.320792728120000037e-01
-2.625651562879999790e-01 -9.307844502359999828e-01
-2.560638211510000151e-01 -7.642366460900000547e-02
-4.049155108149999904e-01 -1.912614321489999880e-01
-5.333842941540000160e-01 -2.813131429099999803e-01
-5.808383381299999648e-01 -4.080000542069999736e-01
-2.642219860730000147e-01 -5.038798442220000506e-01
-4.106564664719999924e-01 -5.916558849649999896e-01
-5.120277617690000005e-01 -5.135757845420000356e-01
-5.675057927990000417e-01 -4.264229933020000085e-01
-2.073079005210000103e-01 -5.462088624900000022e-01
-3.448930828669999893e-01 -7.617489181600000103e-01
-4.846710360640000270e-01 -8.682576405780000339e-01
-5.952627098499999603e-01 -9.329634742160000105e-01
-1.444250748149999986e-01 -5.418088489889999471e-01
-2.413434048710000057e-01 -7.811916174130000279e-01
-3.499316960200000159e-01 -9.086450741520000207e-01
-4.430221088569999965e-01 -1.000000000000000000e+00
-9.255796762000000066e-02 -5.072297318749999784e-01
-1.173557775099999950e-01 -7.061862312679999532e-01
-1.805510435740000086e-01 -8.253738210869999703e-01
-2.587887862600000144e-01 -9.244868669019999929e-01
-2.547486353639999979e-01 -7.755358313200000353e-02
-4.036580962849999898e-01 -1.920331535060000039e-01
-5.326258427460000000e-01 -2.814823499419999986e-01
-5.819259201180000396e-01 -4.058610248710000090e-01
-2.601558465580000035e-01 -5.045102713450000387e-01
-4.069755579520000222e-01 -5.918594140170000406e-01
-5.108141187060000199e-01 -5.133886281309999466e-01
-5.695377977950000226e-01 -4.274936394900000214e-01
-2.063919402100000133e-01 -5.460137273799999802e-01
-3.455741176329999997e-01 -7.608566917510000138e-01
-4.865152199339999872e-01 -8.673279222269999478e-01
-5.982440616759999719e-01 -9.310682358509999590e-01
-1.443043885009999971e-01 -5.407531630709999648e-01
-2.421406893190000131e-01 -7.812981617049999938e-01
-3.501169457600000201e-01 -9.090671190979999761e-01
-4.439873719479999759e-01 -1.000000000000000000e+00
-9.247499793100000254e-02 -5.058040813949999936e-01
-1.153577761980000005e-01 -7.062761536770000292e-01
-1.773043357859999947e-01 -8.258512949059999553e-01
-2.559475291500000194e-01 -9.241623864810000200e-01
-2.525589815229999924e-01 -7.670469365300000564e-02
-4.006757981569999960e-01 -1.914647473699999936e-01
-5.291188792200000046e-01 -2.810466514039999808e-01
-5.866670583799999950e-01 -4.051358935709999942e-01
-2.629647548299999804e-01 -5.058499988979999751e-01
-4.112901506250000172e-01 -5.910616589339999782e-01
-5.085507307600000138e-01 -5.074051775129999609e-01
-5.599880929089999793e-01 -4.176470023259999942e-01
-2.054271218070000127e-01 -5.476658102320000054e-01
-3.469890955659999943e-01 -7.615142319809999893e-01
-4.869688976200000075e-01 -8.664329818389999716e-01
-5.965311285040000300e-01 -9.296595863790000358e-01
-1.415514276219999867e-01 -5.411870920550000408e-01
-2.416738611619999866e-01 -7.827374546009999712e-01
-3.506840101240000229e-01 -9.092904125630000278e-01
-4.434831556530000052e-01 -1.000000000000000000e+00
-8.809330837300000105e-02 -5.039284675590000040e-01
-1.139708511040000011e-01 -7.039411731439999542e-01
-1.784909477630000074e-01 -8.239024813740000175e-01
-2.578898865659999817e-01 -9.236835674169999733e-01
-2.494873209950000115e-01 -7.762225150899999815e-02
-3.961066858069999808e-01 -1.948414978019999966e-01
-5.253000276570000127e-01 -2.831265660219999813e-01
-5.817431150630000269e-01 -4.035957094970000214e-01
-2.626146649019999724e-01 -5.107870473960000046e-01
-4.101132614970000034e-01 -6.030790620549999481e-01
-5.139440392799999868e-01 -5.268772136099999504e-01
-5.718324403469999817e-01 -4.444905921219999834e-01
-2.085718944050000134e-01 -5.508479032769999506e-01
-3.539498880720000074e-01 -7.635471799949999916e-01
-4.979386273179999822e-01 -8.663056376779999512e-01
-6.119664477130000169e-01 -9.279248060950000543e-01
-1.462190486090000074e-01 -5.427186065500000378e-01
-2.434997949659999938e-01 -7.819232781480000005e-01
-3.488159762510000261e-01 -9.090557151699999450e-01
-4.410127151550000124e-01 -1.000000000000000000e+00
-9.449899372999999436e-02 -5.022417977649999976e-01
-1.187348003509999944e-01 -7.042380847550000489e-01
-1.791357199810000023e-01 -8.266382777349999822e-01
-2.559492712120000069e-01 -9.271036297260000225e-01
-2.573356800869999739e-01 -7.849051218600000546e-02
-4.067823784110000118e-01 -1.934147196590000062e-01
-5.375647880310000515e-01 -2.835504029679999927e-01
-5.942049157150000038e-01 -4.096540300900000098e-01
-2.669795838680000255e-01 -5.060911382889999865e-01
-4.144836585119999750e-01 -6.015555923019999529e-01
-5.215993661450000207e-01 -5.333593076929999954e-01
-5.824286982440000093e-01 -4.564132883009999753e-01
-2.110523248270000096e-01 -5.481980414020000136e-01
-3.538679269259999982e-01 -7.654317771619999489e-01
-4.981685811429999999e-01 -8.708149379749999808e-01
-6.116335766249999528e-01 -9.323351578309999610e-01
-1.499839715719999966e-01 -5.435391423780000508e-01
-2.480281174120000098e-01 -7.855411412959999451e-01
-3.564133470290000161e-01 -9.117990540999999505e-01
-4.492962634930000032e-01 -1.000000000000000000e+00
-1.026428491189999986e-01 -5.066132682159999456e-01
-1.330669115770000133e-01 -7.120416953910000402e-01
-1.981442595450000066e-01 -8.346204106619999896e-01
-2.773344266730000118e-01 -9.341840691099999594e-01
-2.585036125540000063e-01 -7.979920094200000646e-02
-4.075306151379999853e-01 -1.943264103590000014e-01
-5.371085880989999728e-01 -2.825259873689999757e-01
-5.927981069829999505e-01 -4.033962137670000225e-01
-2.697176303380000029e-01 -5.109521488510000431e-01
-4.222040610200000210e-01 -6.005635942350000533e-01
-5.258183718309999977e-01 -5.266595963429999694e-01
-5.830403926099999579e-01 -4.457834371059999912e-01
-2.153244149430000032e-01 -5.537982104040000131e-01
-3.632830336749999778e-01 -7.667811270119999634e-01
-5.103149369110000499e-01 -8.708100521939999838e-01
-6.263003504769999452e-01 -9.308313113170000319e-01
-1.533105063119999945e-01 -5.492209792590000417e-01
-2.557078377770000133e-01 -7.888480645509999833e-01
-3.714277393279999950e-01 -9.133208235190000135e-01
-4.716882186099999874e-01 -1.000000000000000000e+00
-1.027180916050000059e-01 -5.141566668300000531e-01
-1.254649443360000005e-01 -7.178852690310000284e-01
-1.900048073889999967e-01 -8.379447672069999520e-01
-2.703393829399999837e-01 -9.347796515330000222e-01
-2.605526805660000056e-01 -7.724996652399999941e-02
-4.113405326210000101e-01 -1.880781681990000009e-01
-5.448950432039999514e-01 -2.750837527669999782e-01
-5.895309225429999911e-01 -4.033799160350000079e-01
-2.661676840719999770e-01 -5.057489386169999879e-01
-4.180372672109999854e-01 -5.891055396709999892e-01
-5.240341427939999575e-01 -5.112742109529999635e-01
-5.824920668680000357e-01 -4.263489527950000135e-01
-2.119456928990000044e-01 -5.457537906539999817e-01
-3.577020461000000040e-01 -7.599514166209999644e-01
-5.007973828409999495e-01 -8.650530179509999806e-01
-6.148404052820000132e-01 -9.284507983019999466e-01
-1.505630200249999939e-01 -5.391431744610000187e-01
-2.522564962939999877e-01 -7.805064706950000097e-01
-3.623379884530000261e-01 -9.089372937290000065e-01
-4.591095252719999964e-01 -1.000000000000000000e+00
-1.031321155979999932e-01 -5.025965011780000324e-01
-1.309497861480000136e-01 -7.081225926890000189e-01
-1.963339818469999887e-01 -8.303244720650000410e-01
-2.789064853980000036e-01 -9.302229258730000394e-01
-2.599095579219999896e-01 -7.955703839800000454e-02
-4.081211226870000153e-01 -1.942717603580000063e-01
-5.375240563919999603e-01 -2.820506488860000105e-01
-5.923546633289999974e-01 -4.060429139580000180e-01
-2.678597167849999794e-01 -5.080707526500000126e-01
-4.193592805860000272e-01 -5.948159260090000178e-01
-5.246609716760000097e-01 -5.202794289729999466e-01
-5.841829579849999732e-01 -4.332362920169999798e-01
-2.126390667830000136e-01 -5.503207024259999525e-01
-3.573578430600000133e-01 -7.656618615879999812e-01
-5.016086013420000267e-01 -8.721333871499999946e-01
-6.155443739560000349e-01 -9.311614410099999795e-01
-1.502022832630000027e-01 -5.453749361590000122e-01
-2.518386473859999808e-01 -7.865522801380000484e-01
-3.686221048780000120e-01 -9.127904505639999888e-01
-4.704038088820000074e-01 -1.000000000000000000e+00
-9.877747982100000546e-02 -5.108803763310000301e-01
-1.219735059119999993e-01 -7.124670861690000079e-01
-1.892044003539999908e-01 -8.321977392029999976e-01
-2.731790217039999913e-01 -9.284169297640000318e-01
-2.589672327299999965e-01 -7.491371529599999413e-02
-4.092455459539999785e-01 -1.887956213739999944e-01
-5.395850893929999836e-01 -2.770334619200000015e-01
-5.889033579719999967e-01 -4.018891063819999832e-01
-2.665959208140000203e-01 -5.048097868919999565e-01
-4.185991486990000010e-01 -5.873082900939999851e-01
-5.233956981280000198e-01 -5.063050050370000443e-01
-5.800931568510000469e-01 -4.191618461789999861e-01
-2.136341902670000070e-01 -5.471630099969999605e-01
-3.627554262539999796e-01 -7.603179215480000419e-01
-5.106187241340000016e-01 -8.620021084719999838e-01
-6.269104634809999910e-01 -9.210288465879999942e-01
-1.529656613400000031e-01 -5.432018826350000218e-01
-2.573270007540000015e-01 -7.850054519219999971e-01
-3.708905252170000000e-01 -9.116146599119999694e-01
-4.687315507079999888e-01 -1.000000000000000000e+00
-1.042464911560000013e-01 -5.082492941949999787e-01
-1.325275586309999920e-01 -7.143479894619999548e-01
-2.000527729009999867e-01 -8.352366925269999465e-01
-2.833902245089999772e-01 -9.328793667350000485e-01
-2.579772092659999849e-01 -7.672079080499999426e-02
-4.119914603240000250e-01 -1.924788161129999953e-01
-5.422031461770000504e-01 -2.823806640029999926e-01
-5.875892246610000536e-01 -4.046862549899999939e-01
-2.688564102020000179e-01 -5.082327033189999455e-01
-4.156424389650000273e-01 -5.960226006169999646e-01
-5.211514696979999695e-01 -5.180084947509999704e-01
-5.799023943640000400e-01 -4.298489523169999882e-01
-2.126339881890000061e-01 -5.510345982659999864e-01
-3.517184227860000179e-01 -7.663208736180000535e-01
-4.946315086599999966e-01 -8.694423122950000193e-01
-6.071683105080000198e-01 -9.278107472579999460e-01
-1.489828083370000056e-01 -5.476813436199999829e-01
-2.489251849509999948e-01 -7.899050811779999570e-01
-3.638394761479999961e-01 -9.148072362620000009e-01
-4.636511714150000074e-01 -1.000000000000000000e+00
-9.665652958199999478e-02 -5.146465083310000077e-01
-1.229508143130000064e-01 -7.189707996159999670e-01
-1.918015762789999912e-01 -8.393960218670000195e-01
-2.775770488970000227e-01 -9.356996527600000002e-01
-2.576694633070000240e-01 -7.511495879200000281e-02
-4.060807819350000236e-01 -1.882930858690000098e-01
-5.362294477800000347e-01 -2.773200382400000108e-01
-5.851313922699999948e-01 -4.037303474969999861e-01
-2.601290404350000141e-01 -5.009032487669999867e-01
-4.086933511140000141e-01 -5.862364463310000273e-01
-5.135330351950000427e-01 -5.098465119789999944e-01
-5.710542007150000154e-01 -4.244025832830000122e-01
-2.069559424480000021e-01 -5.434366692230000462e-01
-3.508208054890000205e-01 -7.570407851099999474e-01
-4.934080594999999958e-01 -8.612254876479999988e-01
-6.055893555819999996e-01 -9.219066496429999535e-01
-1.461811459740000041e-01 -5.415504778780000361e-01
-2.477150313210000065e-01 -7.816427847539999529e-01
-3.602017262900000238e-01 -9.099932087830000516e-01
-4.574623680830000039e-01 -1.000000000000000000e+00
-9.605208819200000692e-02 -5.111838129900000416e-01
-1.232894386179999996e-01 -7.150881074329999976e-01
-1.916548144849999913e-01 -8.341610056999999578e-01
-2.763127569680000062e-01 -9.302363144059999644e-01
-2.529378100790000139e-01 -7.272581893900000038e-02
-4.031096945909999896e-01 -1.864763948479999933e-01
-5.341921935219999806e-01 -2.759252390470000038e-01
-5.779499218179999787e-01 -4.044608788069999905e-01
-2.596539806659999838e-01 -5.032510063559999525e-01
-4.064303578690000029e-01 -5.901724924119999827e-01
-5.094697136250000424e-01 -5.115806479040000410e-01
-5.651624867000000219e-01 -4.244891411600000275e-01
-2.065554679809999961e-01 -5.439471980360000014e-01
-3.493770034940000269e-01 -7.590470683500000204e-01
-4.893875635709999949e-01 -8.654168378979999465e-01
-5.996768941660000074e-01 -9.287189826849999719e-01
-1.453468562359999938e-01 -5.386098207970000384e-01
-2.471087075639999964e-01 -7.815180527230000118e-01
-3.560268123750000013e-01 -9.103496382510000151e-01
-4.507766097190000210e-01 -1.000000000000000000e+00
-9.546830002999999454e-02 -5.042231055620000069e-01
-1.268262852810000119e-01 -7.077042510719999679e-01
-1.943480740940000118e-01 -8.279776712819999496e-01
-2.781271504019999785e-01 -9.252045565290000217e-01
-2.579822118260000074e-01 -7.678901806000000552e-02
-4.071349793840000064e-01 -1.903448949999999862e-01
-5.372345073030000417e-01 -2.789841356519999760e-01
-5.992081370890000036e-01 -4.008218572400000235e-01
-2.706206643330000272e-01 -5.097620174170000018e-01
-4.234593034099999875e-01 -6.008601615769999515e-01
-5.270307944509999842e-01 -5.246120517719999876e-01
-5.838400112179999990e-01 -4.413863138849999923e-01
-2.146662754139999907e-01 -5.523942515209999682e-01
-3.669603437719999861e-01 -7.656944694309999466e-01
-5.142385183969999662e-01 -8.682476687929999715e-01
-6.316575806999999987e-01 -9.283323715150000321e-01
-1.527597487300000056e-01 -5.476954346800000373e-01
-2.599313169860000272e-01 -7.883429661440000125e-01
-3.739790588229999768e-01 -9.136449379959999950e-01
-4.729445154799999940e-01 -1.000000000000000000e+00
-1.032597184100000065e-01 -5.131655844189999538e-01
-1.349323825740000038e-01 -7.191926511749999751e-01
-2.024780956680000132e-01 -8.402292400249999904e-01
-2.853908401019999985e-01 -9.378077378670000019e-01
-2.551989554749999889e-01 -7.658974424099999900e-02
-4.067848097980000244e-01 -1.924305663779999898e-01
-5.391734901920000045e-01 -2.820458177399999822e-01
-5.955715559390000191e-01 -4.104329697219999962e-01
-2.674111715590000160e-01 -5.112285607350000038e-01
-4.173555287669999947e-01 -5.980913551290000241e-01
-5.220473159859999601e-01 -5.210875289149999867e-01
-5.802162267970000231e-01 -4.341155260899999813e-01
-2.143426990099999985e-01 -5.531427317549999501e-01
-3.624691908559999898e-01 -7.660896315570000503e-01
-5.112803420479999916e-01 -8.692790865730000149e-01
-6.297103983659999571e-01 -9.285762949189999560e-01
-1.530752517300000004e-01 -5.472821320220000452e-01
-2.579917757460000183e-01 -7.894019030829999561e-01
-3.730726892080000190e-01 -9.137104234770000444e-01
-4.735831248699999829e-01 -1.000000000000000000e+00
-1.032802513779999959e-01 -5.106001066549999967e-01
-1.314058887700000067e-01 -7.170683805309999714e-01
-1.985614906879999975e-01 -8.376069348369999945e-01
-2.826359730299999873e-01 -9.347393034200000006e-01
-2.578728579660000131e-01 -7.656676658500000121e-02
-4.112809460879999768e-01 -1.917651945030000027e-01
-5.434260242289999931e-01 -2.821593619900000238e-01
-6.003421980049999940e-01 -4.087660566190000067e-01
-2.687950607230000233e-01 -5.136890112240000139e-01
-4.209380775839999811e-01 -5.999502369150000458e-01
-5.255138557570000479e-01 -5.193547577289999717e-01
-5.824068109969999796e-01 -4.303248487169999970e-01
-2.150955863279999936e-01 -5.561241484109999966e-01
-3.678140669800000206e-01 -7.677097954149999515e-01
-5.182842476319999836e-01 -8.675797949160000133e-01
-6.367277625580000100e-01 -9.226820841139999896e-01
-1.531299741240000067e-01 -5.513210891569999550e-01
-2.641416084959999910e-01 -7.918529631120000412e-01
-3.841460191700000193e-01 -9.154500397370000098e-01
-4.880490529709999858e-01 -1.000000000000000000e+00
-1.025678832350000041e-01 -5.166144196640000130e-01
-1.324073459129999908e-01 -7.226072806000000126e-01
-2.026046918180000045e-01 -8.434096166050000232e-01
-2.895337893780000060e-01 -9.412726321140000296e-01
-2.581458863219999733e-01 -7.867946526400000640e-02
-4.082382987120000140e-01 -1.946742745689999943e-01
-5.404700798979999998e-01 -2.836855244820000177e-01
-5.963942065259999481e-01 -4.095702202259999813e-01
-2.669128304339999924e-01 -5.137733777849999850e-01
-4.153978659550000008e-01 -6.020812004690000441e-01
-5.230978381490000162e-01 -5.267493571269999952e-01
-5.836512303540000168e-01 -4.399746094699999999e-01
-2.119812182109999943e-01 -5.545076583700000450e-01
-3.596093843650000066e-01 -7.682078534690000016e-01
-5.064844344579999547e-01 -8.700949267030000378e-01
-6.232803657130000508e-01 -9.268991052099999628e-01
-1.507743400479999996e-01 -5.476719310319999590e-01
-2.558819100549999948e-01 -7.901692226540000252e-01
-3.715347878399999915e-01 -9.149886799080000355e-01
-4.728952898989999820e-01 -1.000000000000000000e+00
-1.032395897380000011e-01 -5.112287711199999807e-01
-1.342465139039999977e-01 -7.197777785910000059e-01
-2.043573275689999913e-01 -8.412593329069999459e-01
-2.918053778119999997e-01 -9.386255009220000334e-01
-2.591662727540000044e-01 -7.954970788199999809e-02
-4.075168152979999903e-01 -1.924959545449999865e-01
-5.388362282359999700e-01 -2.804802178770000043e-01
-5.944880079030000486e-01 -4.054384335769999903e-01
-2.665002576659999955e-01 -5.162740467499999930e-01
-4.200705211960000240e-01 -6.043738085659999815e-01
-5.246619975480000253e-01 -5.238969467299999794e-01
-5.816991680290000133e-01 -4.363962066600000078e-01
-2.138179203960000052e-01 -5.553006300809999463e-01
-3.694728978010000109e-01 -7.684568193020000493e-01
-5.195056825280000012e-01 -8.699000121259999885e-01
-6.389281605550000132e-01 -9.275939113810000025e-01
-1.529282675679999870e-01 -5.462170288709999877e-01
-2.645566241769999882e-01 -7.895162329510000410e-01
-3.816573969209999806e-01 -9.143281759000000397e-01
-4.841083520159999987e-01 -1.000000000000000000e+00
-1.047612625009999993e-01 -5.078151758300000207e-01
-1.369001511169999907e-01 -7.157156141099999536e-01
-2.063680992849999951e-01 -8.376910054609999490e-01
-2.926960400499999948e-01 -9.367138591529999836e-01
-2.561914559010000092e-01 -7.778287224999999583e-02
-4.046444590589999835e-01 -1.917610647959999970e-01
-5.362323614420000384e-01 -2.792681527800000008e-01
-5.989293699600000132e-01 -4.024479464629999725e-01
-2.650670276459999863e-01 -5.126013725289999545e-01
-4.155656443769999986e-01 -6.040824012150000089e-01
-5.205274204809999805e-01 -5.280696792539999462e-01
-5.800291726890000055e-01 -4.440078595379999826e-01
-2.107531392529999881e-01 -5.543151294089999626e-01
-3.609301858330000168e-01 -7.687110476380000224e-01
-5.099540559380000282e-01 -8.691853131290000478e-01
-6.282505603600000432e-01 -9.260264972289999896e-01
-1.505188095190000130e-01 -5.484329702289999497e-01
-2.583626013070000060e-01 -7.894296054799999629e-01
-3.741053069890000193e-01 -9.134755435679999813e-01
-4.739849790060000068e-01 -1.000000000000000000e+00
-1.029050564970000053e-01 -5.120517500769999897e-01
-1.340998852249999929e-01 -7.181020520790000194e-01
-2.021463840000000123e-01 -8.398623558600000205e-01
-2.857478922830000156e-01 -9.391986315350000503e-01
-2.587172741220000183e-01 -7.804919647399999327e-02
-4.073584073739999756e-01 -1.899999581850000119e-01
-5.403603970500000520e-01 -2.784961860299999814e-01
-6.006343798359999875e-01 -4.053571589220000271e-01
-2.677374006900000158e-01 -5.126830561990000090e-01
-4.208789248700000041e-01 -6.015021464390000183e-01
-5.244375028750000167e-01 -5.209881464640000459e-01
-5.803302040940000461e-01 -4.325156137799999745e-01
-2.130537861969999947e-01 -5.526186509799999591e-01
-3.697653811680000069e-01 -7.669818587569999790e-01
-5.201102006569999769e-01 -8.679872938189999720e-01
-6.392291917950000402e-01 -9.252354342240000085e-01
-1.513248952379999956e-01 -5.444078345070000324e-01
-2.630155170349999794e-01 -7.893861394969999834e-01
-3.800499254069999999e-01 -9.145141345430000124e-01
-4.822506566959999796e-01 -1.000000000000000000e+00
-1.031333322439999950e-01 -5.060117915730000249e-01
-1.380414138180000028e-01 -7.179272386260000527e-01
-2.093209326129999992e-01 -8.404943190539999609e-01
-2.966820735890000060e-01 -9.389155244729999739e-01
-2.620598294370000136e-01 -7.772697748000000073e-02
-4.090018687499999972e-01 -1.935396315890000052e-01
-5.391211198209999722e-01 -2.844677214910000251e-01
-5.987512796420000338e-01 -4.106955156300000076e-01
-2.662229593520000215e-01 -5.114397785249999995e-01
-4.156765653669999838e-01 -6.061763351890000484e-01
-5.232215656719999552e-01 -5.317426043530000257e-01
-5.837509117779999812e-01 -4.472824503539999941e-01
-2.106941282560000073e-01 -5.532133465340000056e-01
-3.623180911419999761e-01 -7.678867146360000007e-01
-5.131734490320000175e-01 -8.681141177879999615e-01
-6.338664631849999509e-01 -9.256955471609999986e-01
-1.510315123000000037e-01 -5.487442376700000235e-01
-2.585141228330000152e-01 -7.890181178380000215e-01
-3.779648069550000100e-01 -9.148594022939999792e-01
-4.810063083460000000e-01 -1.000000000000000000e+00
-1.045567656540000029e-01 -5.156769437420000157e-01
-1.388433087600000060e-01 -7.242964439090000539e-01
-2.113593108540000043e-01 -8.454672611350000366e-01
-2.988258194439999960e-01 -9.415905608140000549e-01
-2.559328650850000164e-01 -7.928268979300000241e-02
-4.078470489809999933e-01 -1.950475431439999963e-01
-5.418633247170000500e-01 -2.851694582629999974e-01
-5.961022429550000279e-01 -4.129379900949999849e-01
-2.653571087409999918e-01 -5.132751632190000191e-01
-4.168711195800000047e-01 -6.033765232300000170e-01
-5.234809213190000365e-01 -5.250768215619999735e-01
-5.827155293939999536e-01 -4.389801766159999730e-01
-2.113103744550000052e-01 -5.529138599120000386e-01
-3.633293095340000001e-01 -7.682875672179999560e-01
-5.150675349829999528e-01 -8.694647885009999522e-01
-6.352159647189999925e-01 -9.258132745010000386e-01
-1.501407278759999964e-01 -5.448974940109999610e-01
-2.595522454409999735e-01 -7.909555003989999777e-01
-3.775916118350000072e-01 -9.151281494320000487e-01
-4.794951766430000095e-01 -1.000000000000000000e+00
-1.015339091500000041e-01 -5.065918527999999643e-01
-1.358522798150000044e-01 -7.153110016170000085e-01
-2.070001911540000072e-01 -8.373848858800000405e-01
-2.939715841400000196e-01 -9.363598732769999877e-01
-2.634653278840000112e-01 -8.008387298699999601e-02
-4.117617384939999958e-01 -1.897576358660000018e-01
-5.450771543579999712e-01 -2.771133945479999916e-01
-5.985374317770000285e-01 -4.039995687660000168e-01
-2.673211266780000095e-01 -5.135535022449999598e-01
-4.222558582490000267e-01 -6.002284983410000052e-01
-5.255074654850000471e-01 -5.165479718719999669e-01
-5.804309184989999704e-01 -4.254885104230000104e-01
-2.124239931099999867e-01 -5.531398466029999739e-01
-3.694431066800000218e-01 -7.677174789720000447e-01
-5.182260896060000288e-01 -8.695322300590000442e-01
-6.369454326190000515e-01 -9.278189201890000293e-01
-1.520764566399999962e-01 -5.447874717409999512e-01
-2.624899899640000256e-01 -7.883231375010000264e-01
-3.790189139799999829e-01 -9.136397616979999858e-01
-4.817019537039999855e-01 -1.000000000000000000e+00
-1.068456456460000065e-01 -5.071476275420000457e-01
-1.399574485420000125e-01 -7.184688611849999740e-01
-2.114710098479999911e-01 -8.393235801230000126e-01
-2.999116864499999924e-01 -9.360964491269999632e-01
-2.612387651370000063e-01 -7.917914931899999731e-02
-4.104693371329999896e-01 -1.943683656019999928e-01
-5.425793933250000478e-01 -2.842756946230000081e-01
-6.027336179940000482e-01 -4.098732707439999845e-01
-2.692626902019999990e-01 -5.151160892170000283e-01
-4.201115676370000274e-01 -6.054050445619999499e-01
-5.254521934560000274e-01 -5.288536215569999976e-01
-5.842282314090000428e-01 -4.436831800959999961e-01
-2.136741056299999997e-01 -5.560248573639999803e-01
-3.668965879600000202e-01 -7.701113867869999741e-01
-5.176750711819999573e-01 -8.691480500089999728e-01
-6.385674879039999752e-01 -9.257330680609999751e-01
-1.523918813729999988e-01 -5.490242289569999823e-01
-2.617780592699999742e-01 -7.926828006899999668e-01
-3.799529378300000038e-01 -9.156007432260000467e-01
-4.837917640170000255e-01 -1.000000000000000000e+00
-1.050347663439999968e-01 -5.116870364629999557e-01
-1.399447968070000048e-01 -7.223255396909999959e-01
-2.129717710529999974e-01 -8.443645487040000175e-01
-3.025531460979999920e-01 -9.426507774569999887e-01
-2.605668034659999743e-01 -8.046018943200000662e-02
-4.105746085479999863e-01 -1.964052110510000060e-01
-5.424163713390000030e-01 -2.870402691039999898e-01
-5.972865963269999856e-01 -4.144871182000000043e-01
-2.654209388350000087e-01 -5.191070884499999760e-01
-4.178327978310000246e-01 -6.071204733599999681e-01
-5.213681282159999819e-01 -5.240909607910000378e-01
-5.770442566829999675e-01 -4.324652989950000248e-01
-2.107592708769999990e-01 -5.583899515300000393e-01
-3.666816150800000229e-01 -7.714551095220000265e-01
-5.177699715010000148e-01 -8.721796829250000327e-01
-6.391821125000000103e-01 -9.290010626169999952e-01
-1.498592693159999933e-01 -5.494709772639999601e-01
-2.625841754489999791e-01 -7.923541424819999790e-01
-3.828811180039999873e-01 -9.163199058309999812e-01
-4.885587522709999853e-01 -1.000000000000000000e+00
-1.027347377760000069e-01 -5.115215219540000247e-01
-1.381291587200000059e-01 -7.207810620939999469e-01
-2.107575005869999907e-01 -8.418230017200000193e-01
-3.005370870399999839e-01 -9.389155721480000327e-01
-2.608617844830000143e-01 -7.911011540699999789e-02
-4.090815978440000000e-01 -1.923519968830000038e-01
-5.412074360719999477e-01 -2.824704904570000119e-01
-6.061566395570000543e-01 -4.091867624200000164e-01
-2.674260948989999886e-01 -5.143968364609999844e-01
-4.186340327579999854e-01 -6.099538650510000215e-01
-5.239788304639999561e-01 -5.347492179070000295e-01
-5.841128963230000082e-01 -4.499570528790000079e-01
-2.105209272870000037e-01 -5.545351274559999766e-01
-3.647720597879999804e-01 -7.713136000060000219e-01
-5.169905727169999965e-01 -8.719076491420000297e-01
-6.399142153919999965e-01 -9.279726808239999736e-01
-1.497785598359999970e-01 -5.463331760499999801e-01
-2.601749678790000186e-01 -7.904533419689999674e-01
-3.802429748669999832e-01 -9.149101778979999988e-01
-4.858095711570000197e-01 -1.000000000000000000e+00
-1.035068211499999974e-01 -5.082377512150000332e-01
-1.385949354869999983e-01 -7.172171783430000280e-01
-2.106217064910000103e-01 -8.405649791839999718e-01
-2.994081857170000083e-01 -9.409230405299999767e-01
-2.599361661619999930e-01 -7.819303918799999642e-02
-4.117785533409999976e-01 -1.948629518620000056e-01
-5.441327313189999737e-01 -2.869380412829999893e-01
-6.097715725989999447e-01 -4.134341963659999841e-01
-2.715001049010000167e-01 -5.143378326809999734e-01
-4.213065391690000161e-01 -6.087286252360000205e-01
-5.289282792639999897e-01 -5.348583417500000214e-01
-5.920128205970000002e-01 -4.527282649950000182e-01
-2.145183520650000009e-01 -5.561038944409999463e-01
-3.674510087999999786e-01 -7.711138057999999962e-01
-5.211321167429999734e-01 -8.704824284350000108e-01
-6.445868490399999651e-01 -9.254221652049999802e-01
-1.522807935080000008e-01 -5.491380251730000328e-01
-2.619195576360000000e-01 -7.923981457900000080e-01
-3.810554636610000157e-01 -9.156178515630000181e-01
-4.846336067479999898e-01 -1.000000000000000000e+00
-1.034608516479999935e-01 -5.109586477330000376e-01
-1.394308741359999992e-01 -7.199718652650000106e-01
-2.107131406109999938e-01 -8.431099402530000120e-01
-2.978997205939999948e-01 -9.435149189449999474e-01
-2.643381558289999989e-01 -7.992339900200000347e-02
-4.132739243049999844e-01 -1.938815763879999932e-01
-5.466060580020000170e-01 -2.821236501400000152e-01
-6.133617596429999930e-01 -4.091565108379999760e-01
-2.723717480089999921e-01 -5.174106713470000285e-01
-4.236736722469999772e-01 -6.069501263480000519e-01
-5.296513962690000410e-01 -5.301387696120000159e-01
-5.890668447869999991e-01 -4.429974043500000125e-01
-2.146586002110000002e-01 -5.592035057430000400e-01
-3.666280966720000256e-01 -7.738054189170000541e-01
-5.183485418909999920e-01 -8.743171102390000504e-01
-6.402976483369999805e-01 -9.292142175650000002e-01
-1.539768596080000052e-01 -5.527416904809999698e-01
-2.634636885950000229e-01 -7.946579268940000551e-01
-3.859381005440000179e-01 -9.171491928880000088e-01
-4.925604178419999979e-01 -1.000000000000000000e+00
-1.080781012189999946e-01 -5.162311416870000169e-01
-1.457508187409999878e-01 -7.250514840370000380e-01
-2.225635271810000038e-01 -8.449014805069999801e-01
-3.148230728740000206e-01 -9.403640549609999510e-01
-2.676751978479999794e-01 -8.112814692500000535e-02
-4.170130555409999884e-01 -1.955887244030000138e-01
-5.505302521389999759e-01 -2.852604130540000171e-01
-6.100533686079999685e-01 -4.160573327370000185e-01
-2.707388262479999974e-01 -5.137898714220000551e-01
-4.218828334040000128e-01 -6.059141249210000524e-01
-5.275770429430000075e-01 -5.289968112480000206e-01
-5.854058027290000021e-01 -4.424054144490000007e-01
-2.140445311560000008e-01 -5.548671370229999456e-01
-3.649681588850000047e-01 -7.706100747149999819e-01
-5.166216880020000346e-01 -8.718392806250000460e-01
-6.377169771299999734e-01 -9.286861623150000078e-01
-1.551838185480000076e-01 -5.500117445700000163e-01
-2.638376259229999743e-01 -7.904740908209999528e-01
-3.854634456170000223e-01 -9.148511097349999455e-01
-4.901991058940000090e-01 -1.000000000000000000e+00
-1.117636715819999987e-01 -5.166938681699999592e-01
-1.470765217780000134e-01 -7.239303455890000460e-01
-2.212343677839999911e-01 -8.429764308760000491e-01
-3.104736082139999964e-01 -9.389722159929999590e-01
-2.609646223520000197e-01 -8.203000789799999581e-02
-4.112916347330000111e-01 -1.998189932559999993e-01
-5.459014844559999524e-01 -2.902268331339999952e-01
-6.010953079949999944e-01 -4.195948559400000111e-01
-2.682684120880000078e-01 -5.195432963670000293e-01
-4.151662696460000079e-01 -6.124518574620000377e-01
-5.228097022400000071e-01 -5.384326771999999872e-01
-5.832770286659999526e-01 -4.518306169090000046e-01
-2.120411285169999938e-01 -5.604216819409999495e-01
-3.596212377379999769e-01 -7.737091800619999571e-01
-5.083988162600000527e-01 -8.744756293109999801e-01
-6.275505405019999872e-01 -9.293547516660000118e-01
-1.520954053330000055e-01 -5.547643704820000021e-01
-2.579428860410000190e-01 -7.937140675710000481e-01
-3.759699873119999869e-01 -9.167782362390000106e-01
-4.789242000339999916e-01 -1.000000000000000000e+00
-1.067906180150000051e-01 -5.188982660680000469e-01
-1.438595690820000106e-01 -7.276236683019999818e-01
-2.192157777590000023e-01 -8.470775325660000465e-01
-3.102763778809999873e-01 -9.418961042460000099e-01
-2.647225323340000047e-01 -7.967415284699999600e-02
-4.165170740069999988e-01 -1.925511599289999876e-01
-5.521261250069999793e-01 -2.838156075639999831e-01
-6.201100856669999883e-01 -4.154955438999999862e-01
-2.714987439959999915e-01 -5.173365283609999699e-01
-4.216973771970000118e-01 -6.114633216029999874e-01
-5.287819824799999679e-01 -5.381118504499999844e-01
-5.900582446190000274e-01 -4.540400155609999877e-01
-2.140631883790000134e-01 -5.580427121569999649e-01
-3.669438872299999876e-01 -7.742732305809999493e-01
-5.194300652729999523e-01 -8.759205239099999707e-01
-6.421652349449999964e-01 -9.314944186289999539e-01
-1.527981620570000032e-01 -5.497883146649999997e-01
-2.620005922040000157e-01 -7.930083647700000293e-01
-3.834988082010000188e-01 -9.166182808439999885e-01
-4.897534836310000195e-01 -1.000000000000000000e+00
-1.064422206539999971e-01 -5.113843752019999744e-01
-1.431546204759999996e-01 -7.196885735539999551e-01
-2.166982832430000006e-01 -8.413460551510000274e-01
-3.065284745599999860e-01 -9.399146922669999737e-01
-2.663160922050000212e-01 -8.163759475500000085e-02
-4.173346774960000061e-01 -1.938294046029999940e-01
-5.539572406410000482e-01 -2.825738512200000052e-01
-6.164687668989999869e-01 -4.149623726239999866e-01
-2.739101172310000054e-01 -5.246150566699999684e-01
-4.253871734829999807e-01 -6.128357305720000259e-01
-5.324730485369999489e-01 -5.361728302199999519e-01
-5.924194641600000200e-01 -4.483335219569999919e-01
-2.176689180270000024e-01 -5.637319111649999881e-01
-3.718799863310000009e-01 -7.766816947739999533e-01
-5.239584301259999632e-01 -8.768940507279999741e-01
-6.466792773780000170e-01 -9.311047177950000364e-01
-1.566851471050000055e-01 -5.535566835890000092e-01
-2.667431435970000209e-01 -7.927830565129999618e-01
-3.859011815050000238e-01 -9.159044820459999459e-01
-4.907761378809999964e-01 -1.000000000000000000e+00
-1.116483362139999991e-01 -5.128136116200000538e-01
-1.488080912009999979e-01 -7.226281467840000028e-01
-2.239087596079999964e-01 -8.436714862380000346e-01
-3.154773584739999914e-01 -9.411470915420000471e-01
