-2.371163606239999888e-01 -9.952152931900000443e-02
-3.857522501910000123e-01 -2.269905080669999964e-01
-5.263185157880000409e-01 -3.112744154559999865e-01
-6.397472220169999613e-01 -4.240202674749999900e-01
-2.288501961290000108e-01 -4.939520804340000182e-01
-4.086931728800000108e-01 -6.027463508539999681e-01
-5.118526366590000487e-01 -5.406399463909999925e-01
-5.666145071329999894e-01 -4.730799804040000112e-01
-1.765753079940000081e-01 -5.191026603549999674e-01
-3.220091639939999806e-01 -7.502101156570000207e-01
-4.385995297520000058e-01 -8.807976603060000409e-01
-5.295899080089999655e-01 -9.820552550109999945e-01
-1.305958494360000000e-01 -5.005939747440000254e-01
-2.455732249160000047e-01 -7.489209207839999660e-01
-3.395031689879999814e-01 -8.830165714440000313e-01
-4.133299084759999853e-01 -1.000000000000000000e+00
-1.072470978560000066e-01 -4.592697595920000042e-01
-1.678161859850000048e-01 -6.532444162680000055e-01
-2.309935245849999985e-01 -7.722792000529999923e-01
-2.990018030150000117e-01 -8.885564844929999540e-01
-2.423059004989999987e-01 -9.408740297199999492e-02
-3.953906495489999950e-01 -2.170136009839999935e-01
-5.368734290550000177e-01 -3.002558886310000008e-01
-6.477434267530000067e-01 -4.159329803240000012e-01
-2.404513619460000029e-01 -4.962724107629999937e-01
-4.180105512489999953e-01 -6.029652441959999498e-01
-5.135785181840000213e-01 -5.379993065160000310e-01
-5.613160180990000026e-01 -4.705662672179999895e-01
-1.875641643000000025e-01 -5.237689100860000169e-01
-3.373120741660000088e-01 -7.516281806500000329e-01
-4.544503308830000199e-01 -8.818858473320000391e-01
-5.450602246519999916e-01 -9.824952289699999675e-01
-1.386543033719999929e-01 -5.072903429199999703e-01
-2.615344981859999973e-01 -7.543285129369999842e-01
-3.575458694379999858e-01 -8.861599878150000498e-01
-4.327061527080000025e-01 -1.000000000000000000e+00
-1.104540844480000061e-01 -4.672474967610000252e-01
-1.764270302819999914e-01 -6.609972251760000139e-01
-2.421074031669999960e-01 -7.793509270249999732e-01
-3.126761608399999948e-01 -8.943936179929999897e-01
-2.402479676419999877e-01 -1.017321456499999943e-01
-3.882984910560000058e-01 -2.265475241450000121e-01
-5.298292797389999587e-01 -3.099085837339999872e-01
-6.433658220779999715e-01 -4.265876620769999961e-01
-2.274950135549999863e-01 -4.980271040970000174e-01
-4.117033355709999731e-01 -6.041937565020000234e-01
-5.146758571080000122e-01 -5.356811905839999888e-01
-5.671252588330000233e-01 -4.646162808750000095e-01
-1.771958765870000063e-01 -5.221776987880000220e-01
-3.293334792429999935e-01 -7.523581863510000467e-01
-4.514841910810000192e-01 -8.809023157309999741e-01
-5.443434563669999893e-01 -9.795677156900000071e-01
-1.324513078990000037e-01 -5.040618250099999642e-01
-2.570709131630000144e-01 -7.543080744800000348e-01
-3.574032212839999834e-01 -8.863570087290000288e-01
-4.329064309460000093e-01 -1.000000000000000000e+00
-1.101612954519999993e-01 -4.643977484530000255e-01
-1.742985358749999936e-01 -6.610951578879999957e-01
-2.394502911570000059e-01 -7.827090032539999465e-01
-3.072418915830000263e-01 -9.012841099920000376e-01
-2.409325145650000055e-01 -1.019251051669999991e-01
-3.867095626779999962e-01 -2.261682472359999863e-01
-5.268988658190000285e-01 -3.081904896720000231e-01
-6.427942099510000062e-01 -4.217989985180000123e-01
-2.278589677650000034e-01 -5.000416352669999620e-01
-4.145568360469999991e-01 -6.047959663749999937e-01
-5.108496392010000164e-01 -5.383822376060000137e-01
-5.589178468259999866e-01 -4.674080227649999864e-01
-1.753887437380000081e-01 -5.243405247669999936e-01
-3.293371877360000144e-01 -7.543071135609999978e-01
-4.473815690319999927e-01 -8.837301210779999749e-01
-5.396482418920000024e-01 -9.815458802009999761e-01
-1.303593992750000097e-01 -5.025926718859999864e-01
-2.514910721210000255e-01 -7.556829399929999580e-01
-3.469164008400000276e-01 -8.876914427909999850e-01
-4.212315536590000020e-01 -1.000000000000000000e+00
-1.102148693849999972e-01 -4.580720811649999780e-01
-1.736337807230000085e-01 -6.559005171320000382e-01
-2.382676383610000115e-01 -7.766699631569999873e-01
-3.067327440259999816e-01 -8.916374251959999775e-01
-2.402060606979999902e-01 -9.874473320500000428e-02
-3.877648535650000117e-01 -2.226248877720000130e-01
-5.270571210800000239e-01 -3.036663984590000087e-01
-6.346071927980000416e-01 -4.165590375659999900e-01
-2.337260594170000039e-01 -4.978215019810000030e-01
-4.165356377630000106e-01 -5.995742362289999683e-01
-5.078429762049999630e-01 -5.285109609999999458e-01
-5.496733211309999811e-01 -4.571647080319999890e-01
-1.820732475959999930e-01 -5.235428267899999710e-01
-3.309969320639999935e-01 -7.528327341580000054e-01
-4.447932250450000180e-01 -8.817034780260000204e-01
-5.314102837659999690e-01 -9.803727795690000413e-01
-1.352798190379999876e-01 -5.033943975529999726e-01
-2.546229553259999889e-01 -7.543213104310000361e-01
-3.485581933560000234e-01 -8.860636352190000009e-01
-4.212695922710000263e-01 -1.000000000000000000e+00
-1.098229410689999935e-01 -4.596865454710000187e-01
-1.702622334870000087e-01 -6.552132625869999671e-01
-2.345143856920000047e-01 -7.741138373879999923e-01
-3.039269937779999764e-01 -8.886773096159999996e-01
-2.424053184319999998e-01 -1.032568458239999931e-01
-3.904940702499999916e-01 -2.266853351199999977e-01
-5.309314155590000306e-01 -3.100844865999999866e-01
-6.373843081810000033e-01 -4.257302902280000190e-01
-2.277791938029999907e-01 -4.955147966249999758e-01
-4.146439410869999787e-01 -6.012202698170000525e-01
-5.148440044440000252e-01 -5.284228627710000348e-01
-5.642330261479999720e-01 -4.551886521619999959e-01
-1.759924959899999974e-01 -5.198264587690000216e-01
-3.296106497869999985e-01 -7.530567046299999623e-01
-4.537137029750000217e-01 -8.765478848519999699e-01
-5.495607486889999560e-01 -9.698158298819999912e-01
-1.306107852610000064e-01 -5.006461121380000323e-01
-2.549099513429999853e-01 -7.558436761919999913e-01
-3.558823786359999741e-01 -8.869378757089999565e-01
-4.344256297799999889e-01 -1.000000000000000000e+00
-1.085555202880000014e-01 -4.587874739680000147e-01
-1.726218742839999987e-01 -6.555710503299999603e-01
-2.376552399400000126e-01 -7.780265940289999849e-01
-3.070890947220000222e-01 -8.961677822369999991e-01
-2.400031256290000026e-01 -1.022694354230000019e-01
-3.844993073390000071e-01 -2.265117920899999970e-01
-5.240551815009999448e-01 -3.074488064859999814e-01
-6.333298704840000237e-01 -4.201939231890000070e-01
-2.281712765170000046e-01 -4.975411775390000124e-01
-4.135659932970000008e-01 -5.988753172990000095e-01
-5.090917562610000058e-01 -5.260551854899999658e-01
-5.524916651390000544e-01 -4.523765571260000007e-01
-1.771517212079999903e-01 -5.213427007940000246e-01
-3.300635333140000127e-01 -7.504045278840000277e-01
-4.449045985010000037e-01 -8.771996390659999587e-01
-5.311195391909999675e-01 -9.742753987760000012e-01
-1.325916308910000119e-01 -5.002924566630000403e-01
-2.520623262119999763e-01 -7.496240270249999726e-01
-3.462495075409999790e-01 -8.841440298760000482e-01
-4.181458744320000198e-01 -1.000000000000000000e+00
-1.107328205049999958e-01 -4.570046280710000075e-01
-1.699414524639999979e-01 -6.539955389070000180e-01
-2.327000307669999934e-01 -7.741206583619999471e-01
-3.000268869400000149e-01 -8.896924391489999806e-01
-2.372735219069999901e-01 -9.754483018199999744e-02
-3.863730177970000068e-01 -2.217450297709999962e-01
-5.246382541980000314e-01 -3.041277079849999954e-01
-6.273138986540000017e-01 -4.187263728589999956e-01
-2.353343153580000069e-01 -4.976632623380000120e-01
-4.130048268190000260e-01 -5.984479935369999559e-01
-5.063282076309999491e-01 -5.254443637910000131e-01
-5.484993179849999567e-01 -4.540145164580000059e-01
-1.833636238169999988e-01 -5.246979795909999522e-01
-3.282500978460000107e-01 -7.521828027910000269e-01
-4.414072922030000123e-01 -8.761229770749999757e-01
-5.253043205699999829e-01 -9.712427181510000507e-01
-1.348810417659999927e-01 -5.079075228880000070e-01
-2.507960836040000197e-01 -7.550252184969999947e-01
-3.448062697889999750e-01 -8.853797350530000498e-01
-4.177693742069999994e-01 -1.000000000000000000e+00
-1.059530662109999938e-01 -4.663484329200000000e-01
-1.638278509730000110e-01 -6.621976683679999809e-01
-2.293564264680000020e-01 -7.803701834790000014e-01
-3.006417236939999960e-01 -8.950705830480000236e-01
-2.333823035060000051e-01 -9.636638236199999985e-02
-3.810382043710000000e-01 -2.220036224270000025e-01
-5.190160160150000257e-01 -3.052112810709999846e-01
-6.227745520170000493e-01 -4.210701271369999832e-01
-2.281345866879999906e-01 -4.976357517950000253e-01
-4.031239797880000197e-01 -6.021342007419999698e-01
-4.993209601590000157e-01 -5.298453705669999847e-01
-5.449239468040000256e-01 -4.580309320550000063e-01
-1.776290755790000120e-01 -5.243252668029999564e-01
-3.228850047590000050e-01 -7.522839529829999927e-01
-4.382234555449999736e-01 -8.765262700849999478e-01
-5.238604576980000482e-01 -9.726328219550000043e-01
-1.295172212140000001e-01 -5.088480047790000516e-01
-2.482218298149999891e-01 -7.555449963849999451e-01
-3.435850909800000075e-01 -8.857153368060000087e-01
-4.163646508930000101e-01 -1.000000000000000000e+00
-9.981680059500000479e-02 -4.696808986370000216e-01
-1.609672479200000006e-01 -6.644985855260000518e-01
-2.268435481930000108e-01 -7.836436980480000480e-01
-2.971428044830000115e-01 -8.996549288049999760e-01
-2.392568786010000059e-01 -1.010036284849999966e-01
-3.823750352120000029e-01 -2.231742832610000005e-01
-5.199516274779999447e-01 -3.022262301599999978e-01
-6.200880379309999801e-01 -4.145929510599999923e-01
-2.259059491069999870e-01 -5.007038482440000493e-01
-4.104121618079999978e-01 -6.044829164720000314e-01
-5.030140038449999462e-01 -5.343179440069999453e-01
-5.447061120420000346e-01 -4.609988493800000198e-01
-1.757773046099999903e-01 -5.231978458439999757e-01
-3.298534176649999816e-01 -7.528599446520000127e-01
-4.445360797430000233e-01 -8.801341337010000210e-01
-5.314334879740000295e-01 -9.767783841660000466e-01
-1.319813566860000009e-01 -5.017146868680000260e-01
-2.545636243680000077e-01 -7.510791875800000295e-01
-3.489506991119999957e-01 -8.845824786189999678e-01
-4.221279925099999941e-01 -1.000000000000000000e+00
-1.108237546999999990e-01 -4.580870664999999731e-01
-1.714876082300000049e-01 -6.554209960019999892e-01
-2.354814072549999970e-01 -7.760228859979999561e-01
-3.053378519780000078e-01 -8.920552068529999934e-01
-2.295554325559999997e-01 -9.737879189299999960e-02
-3.769133015030000089e-01 -2.232018994820000046e-01
-5.115275129699999868e-01 -3.046002982300000106e-01
-6.008989379529999786e-01 -4.157834969279999848e-01
-2.342980757879999931e-01 -4.974697257089999991e-01
-4.000045376160000221e-01 -6.074699135669999750e-01
-4.858586207839999949e-01 -5.406885541279999874e-01
-5.232638923869999958e-01 -4.736641236959999723e-01
-1.837981167620000023e-01 -5.236889399159999625e-01
-3.229772421329999976e-01 -7.514269666680000181e-01
-4.346631360389999754e-01 -8.774131561629999743e-01
-5.179378206900000503e-01 -9.740102983909999512e-01
-1.352732184569999940e-01 -5.068522442549999729e-01
-2.497937063819999914e-01 -7.532403067680000230e-01
-3.414730715659999860e-01 -8.836621607239999454e-01
-4.137243269649999999e-01 -1.000000000000000000e+00
-1.034932107740000051e-01 -4.660042292389999785e-01
-1.622268729759999972e-01 -6.601270187509999943e-01
-2.265370106529999983e-01 -7.776460719719999748e-01
-2.975413292840000112e-01 -8.929992668120000365e-01
-2.342634252989999888e-01 -9.337800346499999793e-02
-3.841636034359999785e-01 -2.180419373739999889e-01
-5.170469114919999942e-01 -3.034109385839999784e-01
-5.968541784740000189e-01 -4.183452818339999935e-01
-2.403177038350000072e-01 -4.997493633219999842e-01
-4.061952845610000140e-01 -6.112401242620000286e-01
-4.960958829309999873e-01 -5.432916432879999480e-01
-5.380079994169999491e-01 -4.728148726799999979e-01
-1.891439757420000090e-01 -5.271277780169999483e-01
-3.275091262750000065e-01 -7.549380127300000520e-01
-4.407253595130000146e-01 -8.773874107179999715e-01
-5.268558107520000533e-01 -9.697704119919999810e-01
-1.396341245730000069e-01 -5.118631323100000241e-01
-2.520524608160000235e-01 -7.557480101189999466e-01
-3.456133551600000242e-01 -8.863963901760000264e-01
-4.204150686270000103e-01 -1.000000000000000000e+00
-1.069464437880000007e-01 -4.713314446879999786e-01
-1.649657140649999909e-01 -6.656877375880000391e-01
-2.289123545389999959e-01 -7.839639761100000159e-01
-2.999017152869999925e-01 -8.968128056999999931e-01
-2.336804424529999868e-01 -9.181290674599999757e-02
-3.816103214009999856e-01 -2.133810905009999870e-01
-5.141436177579999933e-01 -2.963703048319999978e-01
-5.945940439939999544e-01 -4.129219925609999842e-01
-2.393996341909999936e-01 -4.989329773519999844e-01
-4.027566905780000095e-01 -6.097852614180000463e-01
-4.891263068439999917e-01 -5.393980204770000286e-01
-5.274388674450000147e-01 -4.666549398589999731e-01
-1.875048603089999877e-01 -5.276114837140000180e-01
-3.250973321369999836e-01 -7.564476448069999970e-01
-4.383118450169999902e-01 -8.804860703269999922e-01
-5.231897617230000241e-01 -9.734163826420000332e-01
-1.369252267069999973e-01 -5.133426023299999530e-01
-2.487444977649999889e-01 -7.581816935189999995e-01
-3.422719937329999906e-01 -8.878921406809999750e-01
-4.153376710839999930e-01 -1.000000000000000000e+00
-1.027989027039999947e-01 -4.732706555189999942e-01
-1.584093805110000086e-01 -6.682485078440000281e-01
-2.234887807089999956e-01 -7.855565965590000088e-01
-2.944707956859999864e-01 -8.970481413190000142e-01
-2.286272641600000100e-01 -9.745937132699999950e-02
-3.741542586930000081e-01 -2.217197470689999950e-01
-5.043315555699999786e-01 -3.056414962969999927e-01
-5.839553865359999874e-01 -4.216074039270000240e-01
-2.342083226910000038e-01 -5.007245421629999971e-01
-3.942139817800000001e-01 -6.167747891929999948e-01
-4.820978231279999804e-01 -5.494498522420000475e-01
-5.219917079020000017e-01 -4.786068356479999952e-01
-1.827264305930000055e-01 -5.272119265319999970e-01
-3.197321923270000088e-01 -7.559628009650000147e-01
-4.334495598070000066e-01 -8.793644134770000065e-01
-5.198616002500000555e-01 -9.728283835440000304e-01
-1.330535511429999929e-01 -5.116334222489999917e-01
-2.451656623790000045e-01 -7.537463484380000356e-01
-3.384764687430000252e-01 -8.857390937179999701e-01
-4.129403182979999865e-01 -1.000000000000000000e+00
-9.830637517199999897e-02 -4.704546834350000206e-01
-1.538008973960000025e-01 -6.634036471590000206e-01
-2.161346775859999958e-01 -7.829875071580000290e-01
-2.858561223819999775e-01 -8.974213037379999980e-01
-2.329067601310000069e-01 -9.597467226700000242e-02
-3.798268829909999811e-01 -2.175770280709999893e-01
-5.097451849559999637e-01 -2.995616543519999952e-01
-5.929791871370000411e-01 -4.124734264420000240e-01
-2.412961152479999871e-01 -4.960619526330000140e-01
-4.016355121210000156e-01 -6.090524632199999511e-01
-4.858611740270000201e-01 -5.413029688189999744e-01
-5.221476116859999905e-01 -4.718921906799999899e-01
-1.883931898320000131e-01 -5.230452743619999900e-01
-3.245911516289999854e-01 -7.525103919209999992e-01
-4.351562098599999762e-01 -8.799827629490000191e-01
-5.170325661439999498e-01 -9.775889319299999602e-01
-1.377441493450000110e-01 -5.074347922859999693e-01
-2.500590493100000034e-01 -7.536912503620000203e-01
-3.416442237310000074e-01 -8.848454948630000150e-01
-4.132239791760000114e-01 -1.000000000000000000e+00
-1.035336045379999931e-01 -4.678562677459999763e-01
-1.604136819180000118e-01 -6.606630843749999871e-01
-2.245368979930000009e-01 -7.782953334300000137e-01
-2.946642439159999904e-01 -8.931890925830000549e-01
-2.318084667180000114e-01 -9.062561097000000621e-02
-3.791388025160000175e-01 -2.164563186060000088e-01
-5.080131142210000394e-01 -3.052008996650000250e-01
-5.833924808370000159e-01 -4.254516665070000037e-01
-2.391257317050000109e-01 -4.997329553720000206e-01
-3.971922612250000095e-01 -6.146845647659999745e-01
-4.807389634979999937e-01 -5.451387908260000303e-01
-5.152405722389999942e-01 -4.713947049609999995e-01
-1.858970027319999940e-01 -5.281836283749999916e-01
-3.224789811720000232e-01 -7.553186729830000390e-01
-4.355182775299999975e-01 -8.780731641640000529e-01
-5.210437922420000367e-01 -9.705694805219999832e-01
-1.340853009970000009e-01 -5.131384482040000083e-01
-2.443196773390000076e-01 -7.557111141419999845e-01
-3.368871364029999982e-01 -8.866415902740000243e-01
-4.108968921130000118e-01 -1.000000000000000000e+00
-9.802660110800000270e-02 -4.716880525430000026e-01
-1.530567136650000104e-01 -6.663069653550000027e-01
-2.158242829410000063e-01 -7.851601522109999953e-01
-2.858474249879999762e-01 -8.977543286660000232e-01
-2.361821796590000133e-01 -8.945996824900000199e-02
-3.822195729399999742e-01 -2.127455592280000085e-01
-5.083991314389999516e-01 -3.012649207590000211e-01
-5.857373969750000464e-01 -4.217712381620000173e-01
-2.483246101930000060e-01 -4.960172036550000163e-01
-4.011362918990000193e-01 -6.162091127359999865e-01
-4.810212430349999901e-01 -5.476798803979999741e-01
-5.124277471779999926e-01 -4.740129847799999796e-01
-1.935923976460000029e-01 -5.257845371320000183e-01
-3.242493837659999878e-01 -7.551062442670000152e-01
-4.337957746660000002e-01 -8.818537087090000393e-01
-5.148279561730000342e-01 -9.774881676869999758e-01
-1.408845295979999912e-01 -5.134427558659999669e-01
-2.513521085209999839e-01 -7.545124467289999748e-01
-3.443744256210000132e-01 -8.859204527309999522e-01
-4.157843887650000125e-01 -1.000000000000000000e+00
-1.014855229620000021e-01 -4.758860161830000268e-01
-1.583684106259999891e-01 -6.675960003599999970e-01
-2.225437822499999885e-01 -7.838739512810000143e-01
-2.918867815849999769e-01 -8.948746534089999649e-01
-2.307593315739999984e-01 -9.136869781499999676e-02
-3.749794431469999911e-01 -2.142650222930000126e-01
-5.006139040289999675e-01 -3.017497847530000166e-01
-5.746926514019999876e-01 -4.188060710900000094e-01
-2.393657035729999938e-01 -4.951568418739999977e-01
-3.943605894639999887e-01 -6.164442742650000362e-01
-4.756852454039999789e-01 -5.471240562770000038e-01
-5.091388490610000428e-01 -4.743756101559999938e-01
-1.868887519890000126e-01 -5.244749161280000127e-01
-3.188486838080000219e-01 -7.551243322120000379e-01
-4.318887432569999962e-01 -8.790579227350000524e-01
-5.168202718369999671e-01 -9.732777650680000114e-01
-1.359850363579999943e-01 -5.115498586269999759e-01
-2.430095421640000031e-01 -7.536692344900000062e-01
-3.355186541249999821e-01 -8.850060753690000004e-01
-4.082712116159999960e-01 -1.000000000000000000e+00
-9.873907539699999791e-02 -4.718798626960000187e-01
-1.529084562960000004e-01 -6.626522225850000059e-01
-2.152456387449999953e-01 -7.792174366349999826e-01
-2.836779826140000127e-01 -8.903643190960000009e-01
-2.414537744860000001e-01 -8.799480348299999755e-02
-3.863970398609999912e-01 -2.054710723060000077e-01
-5.124676424390000040e-01 -2.933930583459999908e-01
-5.848353080010000316e-01 -4.192329620290000114e-01
-2.475109352579999977e-01 -4.920252488960000226e-01
-4.043967024360000106e-01 -6.158936755020000264e-01
-4.819268304229999966e-01 -5.438156615420000062e-01
-5.109273696580000079e-01 -4.664815522249999846e-01
-1.917140922439999895e-01 -5.218253457100000547e-01
-3.286432464810000176e-01 -7.556414899440000443e-01
-4.413426543339999952e-01 -8.824170425909999560e-01
-5.258229497220000548e-01 -9.779626838189999782e-01
-1.387257959010000097e-01 -5.085373761720000108e-01
-2.539494681889999939e-01 -7.543135645930000299e-01
-3.474347067970000036e-01 -8.862511567349999897e-01
-4.198465041419999766e-01 -1.000000000000000000e+00
-1.001043808610000002e-01 -4.697285481610000146e-01
-1.578962011270000076e-01 -6.640381408929999507e-01
-2.232892061470000133e-01 -7.819032107250000196e-01
-2.943101903500000005e-01 -8.941121305860000312e-01
-2.353555556499999923e-01 -8.709330137399999561e-02
-3.780578764290000171e-01 -2.054424351570000029e-01
-4.996661723740000172e-01 -2.952686251430000075e-01
-5.647608932359999834e-01 -4.195830762400000191e-01
-2.412290365360000022e-01 -4.932745189869999769e-01
-3.883917208100000074e-01 -6.210494064699999539e-01
-4.692529226230000017e-01 -5.525058116280000542e-01
-5.012717264820000240e-01 -4.767561134700000203e-01
-1.840446946610000134e-01 -5.234708447600000536e-01
-3.156256018829999843e-01 -7.552792091619999759e-01
-4.293557757409999787e-01 -8.808990152969999876e-01
-5.146726277130000415e-01 -9.771005829269999721e-01
-1.292789575509999955e-01 -5.113018183780000392e-01
-2.369960915569999937e-01 -7.522841779960000030e-01
-3.311000768699999819e-01 -8.857897469779999478e-01
-4.052117799039999801e-01 -1.000000000000000000e+00
-8.754979543999999447e-02 -4.730837978499999874e-01
-1.419596755960000067e-01 -6.655238297029999472e-01
-2.053369742389999919e-01 -7.840902556929999490e-01
-2.749307226900000178e-01 -8.954184319360000144e-01
-2.332848915469999951e-01 -8.561009914799999621e-02
-3.760782395310000026e-01 -2.054990560630000074e-01
-4.978120343279999749e-01 -2.942740970139999801e-01
-5.655357176130000330e-01 -4.169951399080000232e-01
-2.369284812749999913e-01 -4.893960778140000190e-01
-3.891332293940000242e-01 -6.139030096269999515e-01
-4.675524005369999792e-01 -5.478945794109999490e-01
-4.979790318840000007e-01 -4.783696084440000051e-01
-1.839814356339999901e-01 -5.191040390000000171e-01
-3.161140624179999969e-01 -7.527509668420000466e-01
-4.258785719750000087e-01 -8.841884442470000494e-01
-5.059968256500000372e-01 -9.845852141230000409e-01
-1.327648580690000135e-01 -5.075081094329999543e-01
-2.467509070839999930e-01 -7.507447910929999635e-01
-3.414981319900000090e-01 -8.838109908129999637e-01
-4.136837812329999808e-01 -1.000000000000000000e+00
-9.424862106699999353e-02 -4.705785329709999965e-01
-1.527193019879999891e-01 -6.634120886309999854e-01
-2.178474669159999877e-01 -7.814067772710000526e-01
-2.870716291250000052e-01 -8.956157408279999954e-01
-2.281982514060000022e-01 -8.607605137399999828e-02
-3.721925835739999799e-01 -2.075654646189999952e-01
-4.953781991580000210e-01 -2.972369705180000210e-01
-5.641048347499999505e-01 -4.201658496239999985e-01
-2.341914504719999901e-01 -4.941030771129999999e-01
-3.888484271270000181e-01 -6.166026845640000253e-01
-4.675170149260000074e-01 -5.489777871840000323e-01
-4.980243043250000001e-01 -4.777324184169999821e-01
-1.827210631410000063e-01 -5.240023239119999676e-01
-3.177026830349999886e-01 -7.537021774580000555e-01
-4.302029249470000205e-01 -8.815084592699999888e-01
-5.141332453089999532e-01 -9.792115957810000326e-01
-1.316333821550000061e-01 -5.122509293179999812e-01
-2.468819367719999880e-01 -7.536469411099999682e-01
-3.418860194460000002e-01 -8.848649252679999799e-01
-4.159748978289999899e-01 -1.000000000000000000e+00
-9.263807043699999466e-02 -4.741510220410000143e-01
-1.525215032939999937e-01 -6.667464402030000015e-01
-2.179168373429999916e-01 -7.831875390779999835e-01
-2.880899494220000023e-01 -8.950131927979999569e-01
-2.258447214819999938e-01 -8.409505815300000187e-02
-3.711988060429999847e-01 -2.066949937979999929e-01
-4.970264212380000046e-01 -2.954145799469999889e-01
-5.679451645399999915e-01 -4.167190581090000068e-01
-2.348061424959999866e-01 -4.969289539039999926e-01
-3.884927674140000176e-01 -6.198396629350000353e-01
-4.672784227010000069e-01 -5.548301609700000414e-01
-4.980646793669999961e-01 -4.861499027799999761e-01
-1.851255973679999944e-01 -5.253836951229999830e-01
-3.201220358499999863e-01 -7.542389764829999788e-01
-4.296764931559999834e-01 -8.863419222299999678e-01
-5.110841590829999781e-01 -9.886239339510000113e-01
-1.350757177809999987e-01 -5.119251723690000366e-01
-2.529763564709999746e-01 -7.525934726590000068e-01
-3.471900860539999800e-01 -8.843753042419999488e-01
-4.197369518719999970e-01 -1.000000000000000000e+00
-9.657377384300000478e-02 -4.727082112930000024e-01
-1.593975946689999978e-01 -6.642440643660000310e-01
-2.251309144349999958e-01 -7.812560195150000109e-01
-2.949727500329999974e-01 -8.949131622149999465e-01
-2.277854962180000109e-01 -8.729909100999999616e-02
-3.715622856179999767e-01 -2.113706545569999928e-01
-4.939087094260000144e-01 -3.016296404100000106e-01
-5.668942408260000398e-01 -4.206871456110000129e-01
-2.340742468500000006e-01 -5.020696345820000461e-01
-3.817391591570000187e-01 -6.260810725180000480e-01
-4.654551154339999774e-01 -5.568535201049999994e-01
-5.018766537180000542e-01 -4.829253979099999983e-01
-1.810438234919999889e-01 -5.306554609529999800e-01
-3.112118529599999794e-01 -7.584193031570000132e-01
-4.259958597599999841e-01 -8.853653545999999874e-01
-5.127762070679999784e-01 -9.835412457579999490e-01
-1.291266582660000051e-01 -5.166912600940000155e-01
-2.405483206659999873e-01 -7.562114730990000533e-01
-3.369158635130000135e-01 -8.869725880519999661e-01
-4.119392904260000265e-01 -1.000000000000000000e+00
-8.942668030599999762e-02 -4.760834989759999969e-01
-1.490491570480000083e-01 -6.676225942819999926e-01
-2.150489790160000081e-01 -7.844344573399999465e-01
-2.857125845890000071e-01 -8.956511760409999745e-01
-2.321429272820000056e-01 -8.686007720999999737e-02
-3.786146323910000167e-01 -2.068805067510000040e-01
-5.047477746920000508e-01 -2.957216071109999844e-01
-5.721890093899999474e-01 -4.186829347400000123e-01
-2.442667787339999896e-01 -4.931078250200000013e-01
-3.935715965000000094e-01 -6.188581280839999810e-01
-4.681960177080000118e-01 -5.545799390740000501e-01
-4.958792624869999832e-01 -4.856162625639999786e-01
-1.903907241979999887e-01 -5.218424710079999640e-01
-3.220983097760000136e-01 -7.522629870989999690e-01
-4.285079604379999907e-01 -8.863715022920000131e-01
-5.069256980759999642e-01 -9.895316962329999688e-01
-1.361161924029999915e-01 -5.072644731669999629e-01
-2.516936699319999859e-01 -7.482473403810000478e-01
-3.437400897919999920e-01 -8.823199027389999616e-01
-4.146541345459999750e-01 -1.000000000000000000e+00
-9.329987308199999552e-02 -4.676061939060000006e-01
-1.541821998719999920e-01 -6.574383703459999451e-01
-2.196825660589999951e-01 -7.742341155469999459e-01
-2.900726640049999805e-01 -8.887339762570000135e-01
-2.241692235109999931e-01 -8.337418545699999683e-02
-3.746752799859999761e-01 -2.100923731290000041e-01
-4.991918205549999987e-01 -3.047428410470000015e-01
-5.686039911219999965e-01 -4.299441914859999936e-01
-2.356565006559999953e-01 -4.967604659190000271e-01
-3.817459592579999783e-01 -6.265361211529999474e-01
-4.649201145910000221e-01 -5.612554333510000326e-01
-5.011679266590000070e-01 -4.897508226980000212e-01
-1.815005650950000105e-01 -5.259400109190000006e-01
-3.113537763170000083e-01 -7.576751097799999668e-01
-4.252776016440000251e-01 -8.877503167939999607e-01
-5.112482314620000468e-01 -9.886252009670000174e-01
-1.270409112220000081e-01 -5.141864411590000294e-01
-2.434690420579999903e-01 -7.538329086580000116e-01
-3.431972708189999777e-01 -8.852426670940000131e-01
-4.203339008220000061e-01 -1.000000000000000000e+00
-8.176882767500000260e-02 -4.766892905740000019e-01
-1.435504685360000088e-01 -6.664907585749999530e-01
-2.106967762259999988e-01 -7.838519003720000322e-01
-2.816472745629999830e-01 -8.977428685680000076e-01
-2.272920604670000122e-01 -8.856787996899999349e-02
-3.763695990929999957e-01 -2.147376290090000084e-01
-5.043280151800000333e-01 -3.049341507689999897e-01
-5.832925646490000338e-01 -4.221037861079999787e-01
-2.341720573540000128e-01 -4.945360886719999960e-01
-3.858644551229999942e-01 -6.178646996629999499e-01
-4.718161690270000208e-01 -5.552245051230000339e-01
-5.109195454880000042e-01 -4.883649150869999733e-01
-1.796754711050000120e-01 -5.243032911330000045e-01
-3.121749305479999959e-01 -7.521177570960000391e-01
-4.219632920649999952e-01 -8.810836098559999829e-01
-5.048040249690000092e-01 -9.819124266869999618e-01
-1.256177926010000057e-01 -5.122246153399999669e-01
-2.388146049329999965e-01 -7.516670870599999610e-01
-3.323386209920000112e-01 -8.838910946820000003e-01
-4.055304989690000084e-01 -1.000000000000000000e+00
-8.386652092999999364e-02 -4.744670048110000149e-01
-1.451551046969999925e-01 -6.636861236759999949e-01
-2.113596004190000099e-01 -7.796273618789999471e-01
-2.823010324820000028e-01 -8.925550028730000474e-01
-2.242745700940000086e-01 -8.942993952199999874e-02
-3.723049756510000141e-01 -2.174469310109999887e-01
-4.994605696659999983e-01 -3.057284964829999896e-01
-5.789593421900000036e-01 -4.190479408119999749e-01
-2.300071934840000054e-01 -4.970963590420000022e-01
-3.854227124330000254e-01 -6.122288721680000378e-01
-4.708993481109999824e-01 -5.472246835549999799e-01
-5.083319454039999519e-01 -4.804733775069999768e-01
-1.786855199050000065e-01 -5.260527850530000160e-01
-3.104758432179999805e-01 -7.513469567330000043e-01
-4.173887945070000050e-01 -8.803667651330000510e-01
-4.966144787380000203e-01 -9.808251540869999952e-01
-1.259855240180000058e-01 -5.134602844890000517e-01
-2.361772618630000042e-01 -7.523677456599999758e-01
-3.290921893909999896e-01 -8.846183072990000396e-01
-4.015111749060000235e-01 -1.000000000000000000e+00
-8.489858080100000370e-02 -4.757460356589999773e-01
-1.427539367619999888e-01 -6.637304098280000231e-01
-2.078886968399999979e-01 -7.797362657909999717e-01
-2.783075534750000246e-01 -8.921690366879999612e-01
-2.285647630729999991e-01 -9.290747512499999972e-02
-3.780255862149999868e-01 -2.160652784859999898e-01
-5.093405238049999451e-01 -2.993352792460000078e-01
-5.904776165830000201e-01 -4.119874347590000152e-01
-2.322355928339999986e-01 -5.002870039819999892e-01
-3.914699595259999998e-01 -6.145375926389999854e-01
-4.789817597850000164e-01 -5.465253529229999740e-01
-5.172070009439999616e-01 -4.779093740170000104e-01
-1.803091034700000095e-01 -5.288473182220000401e-01
-3.169586620229999929e-01 -7.541687735330000475e-01
-4.263134365610000143e-01 -8.816650571299999850e-01
-5.065949066289999747e-01 -9.798629542419999838e-01
-1.278290056680000120e-01 -5.159260625660000432e-01
-2.430434358009999907e-01 -7.565649583869999972e-01
-3.378932063060000046e-01 -8.862820234589999790e-01
-4.117911435669999731e-01 -1.000000000000000000e+00
-8.844381268600000345e-02 -4.785858136480000136e-01
-1.484085113770000075e-01 -6.680482644130000258e-01
-2.157701363950000062e-01 -7.835187013750000151e-01
-2.883370406940000130e-01 -8.958369773979999451e-01
-2.316252748450000065e-01 -9.486669346399999314e-02
-3.770621498599999732e-01 -2.164952666080000032e-01
-5.085998223690000319e-01 -3.002959316509999921e-01
-5.957308580510000118e-01 -4.134990771409999821e-01
-2.302178406650000064e-01 -4.979639784750000131e-01
-3.888256845010000240e-01 -6.167169184230000267e-01
-4.825032686069999910e-01 -5.496680616429999722e-01
-5.265737919920000509e-01 -4.792507336180000244e-01
-1.784629082620000085e-01 -5.254505687139999770e-01
-3.150788938590000088e-01 -7.534547969010000346e-01
-4.298615255480000008e-01 -8.785958354259999492e-01
-5.163403834709999751e-01 -9.735080752760000289e-01
-1.282068660200000043e-01 -5.126331836799999930e-01
-2.397136447129999959e-01 -7.528264093200000007e-01
-3.353893131830000263e-01 -8.851333762719999498e-01
-4.106155259929999968e-01 -1.000000000000000000e+00
-9.233382043299999398e-02 -4.755762952629999929e-01
-1.485246221619999918e-01 -6.642085056900000062e-01
-2.129888123329999883e-01 -7.817384488969999490e-01
-2.831826942910000144e-01 -8.950480508929999912e-01
-2.892677863700000018e-01 1.994848209699999833e-02
-4.653332809779999746e-01 -5.381769329700000076e-02
-6.278792965670000337e-01 -1.432355707890000107e-01
-7.759997611950000262e-01 -3.180788977890000035e-01
-2.693778673330000095e-01 -3.996399613420000274e-01
-4.494119922140000223e-01 -4.525487890559999893e-01
-5.609174037880000352e-01 -3.850344790019999963e-01
-6.234374022709999741e-01 -2.911017620599999911e-01
-2.075860787740000102e-01 -4.719250396970000039e-01
-3.941425351419999834e-01 -6.713997725039999587e-01
-5.213766809650000056e-01 -7.256264242740000370e-01
-6.133165466359999929e-01 -7.240199236500000080e-01
-1.365996828390000084e-01 -5.113959731480000048e-01
-2.503215924230000056e-01 -7.680753824539999775e-01
-3.429019268949999866e-01 -9.086108961130000550e-01
-4.037733648890000082e-01 -1.000000000000000000e+00
-6.945806561600000040e-02 -5.299654814219999510e-01
-1.205462650500000038e-01 -7.300833732070000082e-01
-1.956316613219999945e-01 -8.658279422469999931e-01
-2.673454394349999985e-01 -9.772029320230000149e-01
-2.318498621979999952e-01 -9.327414636000000425e-02
-3.808169938600000082e-01 -2.193191343839999974e-01
-5.124339588180000238e-01 -3.039585529619999726e-01
-6.060674995389999653e-01 -4.139561698650000010e-01
-2.366252474539999873e-01 -4.980538041359999779e-01
-3.987954005780000033e-01 -6.138081216480000268e-01
-4.830640074720000121e-01 -5.456962480360000312e-01
-5.186067095619999456e-01 -4.738166577130000223e-01
-1.820092963219999971e-01 -5.262395133639999889e-01
-3.164596962649999790e-01 -7.547787826280000223e-01
-4.212180183670000133e-01 -8.850219527660000418e-01
-4.988363575329999855e-01 -9.843206221360000230e-01
-1.284640603390000135e-01 -5.117075226430000123e-01
-2.385486715019999870e-01 -7.519372693479999814e-01
-3.287403559750000093e-01 -8.850529195630000290e-01
-3.981235736759999866e-01 -1.000000000000000000e+00
-8.902704568199999724e-02 -4.730053814910000209e-01
-1.442366976289999880e-01 -6.616537077349999851e-01
-2.076604315689999924e-01 -7.781032971560000178e-01
-2.764136858880000269e-01 -8.897575569079999580e-01
-2.209858439290000032e-01 -2.639758626900000002e-02
-3.629164831189999885e-01 -1.080066095740000037e-01
-5.091252132100000383e-01 -1.844258854870000075e-01
-6.481818210599999963e-01 -3.112035203330000277e-01
-1.998103580449999972e-01 -4.255406756919999922e-01
-3.834575746400000207e-01 -4.884894321059999878e-01
-4.804399558940000148e-01 -3.852627509939999806e-01
-5.299712241459999529e-01 -2.618792078409999946e-01
-1.440906645439999911e-01 -4.700174673849999984e-01
-2.919079974809999922e-01 -7.015315609359999982e-01
-4.125321017829999826e-01 -8.439844790930000062e-01
-5.177869407249999778e-01 -9.472332601859999590e-01
-7.783759491399999675e-02 -4.583349784460000187e-01
-1.942490897380000081e-01 -7.219030900359999503e-01
-2.857192275920000246e-01 -8.810391669160000383e-01
-3.599565504910000047e-01 -1.000000000000000000e+00
-1.814877943600000029e-02 -4.195146185229999825e-01
-8.228757454900000046e-02 -6.116261275269999631e-01
-1.467812617410000076e-01 -7.558880776880000374e-01
-2.167889155290000092e-01 -8.841598521289999457e-01
-2.364025060480000051e-01 -9.713620153999999451e-02
-3.847253346469999835e-01 -2.186806572870000076e-01
-5.209819859850000068e-01 -3.010377465910000216e-01
-6.165309029500000149e-01 -4.121747599450000243e-01
-2.351071884050000005e-01 -4.980660273609999744e-01
-3.958979842879999933e-01 -6.175121294580000475e-01
-4.908425115680000173e-01 -5.486947255590000072e-01
-5.344792727139999755e-01 -4.756303452730000214e-01
-1.817194570990000035e-01 -5.252523559959999533e-01
-3.207839235969999758e-01 -7.555276548810000437e-01
-4.360957739310000192e-01 -8.795534124580000057e-01
-5.218346019659999557e-01 -9.727955549069999819e-01
-1.307121448870000036e-01 -5.115096356980000092e-01
-2.425787854179999870e-01 -7.548668666150000206e-01
-3.395411124889999854e-01 -8.864749872930000052e-01
-4.150261343950000237e-01 -1.000000000000000000e+00
-9.577817447799999440e-02 -4.737887774480000203e-01
-1.518562087879999911e-01 -6.656039795710000373e-01
-2.161849747250000064e-01 -7.834871699850000093e-01
-2.859814652500000109e-01 -8.965456703109999648e-01
-2.295420273800000133e-01 -9.693012027300000610e-02
-3.804118193179999996e-01 -2.226723305649999929e-01
-5.167496520419999628e-01 -3.061339317660000114e-01
-6.105889111040000428e-01 -4.146954669749999822e-01
-2.250793735640000126e-01 -4.960174663670000039e-01
-3.895924971470000053e-01 -6.155118528940000111e-01
-4.860521016279999995e-01 -5.540525661799999835e-01
-5.342956734760000437e-01 -4.857824197139999911e-01
-1.727589860290000001e-01 -5.241162473610000427e-01
-3.101813289220000103e-01 -7.541840496659999449e-01
-4.243558041939999859e-01 -8.817434144279999719e-01
-5.116811355060000288e-01 -9.775245314499999560e-01
-1.237089705679999957e-01 -5.100841501899999741e-01
-2.359031522439999917e-01 -7.522219348430000396e-01
-3.313237838399999968e-01 -8.849274463670000479e-01
-4.061098819360000056e-01 -1.000000000000000000e+00
-9.127594366999999820e-02 -4.711789380520000070e-01
-1.484854452990000129e-01 -6.638475112489999885e-01
-2.103602055169999929e-01 -7.824606429120000151e-01
-2.773807510899999884e-01 -8.963838138159999636e-01
-2.715714406199999931e-01 8.353173059999999955e-04
-4.580090316389999749e-01 -1.005954446609999969e-01
-6.207862913989999898e-01 -1.917690835860000054e-01
-7.849875898410000330e-01 -3.562715087600000219e-01
-2.559281432939999879e-01 -4.455368211569999959e-01
-4.471901004859999973e-01 -5.222965204389999894e-01
-5.669161979040000521e-01 -4.630484524030000215e-01
-6.466763489019999867e-01 -3.702787311240000045e-01
-2.019164910579999972e-01 -4.992778315920000098e-01
-4.247742184609999971e-01 -6.443790125130000046e-01
-5.555200652599999733e-01 -5.993262075559999680e-01
-6.491982475590000190e-01 -5.349040015170000162e-01
-1.353126505149999936e-01 -5.230135199919999645e-01
-2.572945322529999745e-01 -7.779265553109999676e-01
-3.637861449859999818e-01 -8.950526804520000379e-01
-4.441585098720000069e-01 -9.697798497470000445e-01
-7.635891801300000170e-02 -5.283032592690000140e-01
-1.162474950860000050e-01 -7.338326674559999541e-01
-1.882157780800000069e-01 -8.767971866939999748e-01
-2.648206883620000118e-01 -1.000000000000000000e+00
-2.327477120499999996e-01 -9.901135085399999369e-02
-3.812981285229999906e-01 -2.256379324339999881e-01
-5.173687187590000347e-01 -3.080463601469999868e-01
-6.171677338350000097e-01 -4.183802138259999914e-01
-2.270352994039999961e-01 -4.933450317359999726e-01
-4.011426618539999933e-01 -6.047935654980000075e-01
-4.981670273150000106e-01 -5.421237980269999479e-01
-5.454945934699999555e-01 -4.733709545029999854e-01
-1.750698320350000114e-01 -5.215759187790000029e-01
-3.177650936890000222e-01 -7.493852178900000105e-01
-4.281478311820000049e-01 -8.762041248220000522e-01
-5.119833219760000498e-01 -9.712080071040000151e-01
-1.284239852830000028e-01 -5.071843875070000118e-01
-2.411801162520000041e-01 -7.504379234820000022e-01
-3.324301663059999745e-01 -8.845744469380000252e-01
-4.034803339210000228e-01 -1.000000000000000000e+00
-1.009306233769999978e-01 -4.690008921209999904e-01
-1.575390130409999867e-01 -6.638916225390000259e-01
-2.164954038540000125e-01 -7.829157846819999600e-01
-2.806645379789999839e-01 -8.965003940919999970e-01
-2.312246785510000124e-01 -9.291619361200000038e-02
-3.866848466350000235e-01 -2.195465710639999957e-01
-5.269352943299999703e-01 -3.035744333550000063e-01
-6.312181574680000296e-01 -4.132271078549999976e-01
-2.344662156639999995e-01 -4.924357515039999855e-01
-4.028207204859999835e-01 -6.086386332969999646e-01
-5.028763401069999972e-01 -5.430361327699999574e-01
-5.527552312879999707e-01 -4.730018704230000148e-01
-1.819535030409999976e-01 -5.210160508419999781e-01
-3.203638300439999864e-01 -7.506287740929999952e-01
-4.339775732389999918e-01 -8.789583689559999913e-01
-5.189594794990000093e-01 -9.771281876580000247e-01
-1.310128865930000053e-01 -5.065927774940000017e-01
-2.424991897150000075e-01 -7.528660353080000034e-01
-3.361926544270000261e-01 -8.853403083540000162e-01
-4.088006049740000036e-01 -1.000000000000000000e+00
-9.675253479499999754e-02 -4.688495214430000169e-01
-1.528173883139999911e-01 -6.616416603239999583e-01
-2.154811577769999986e-01 -7.797278586410000267e-01
-2.835268885619999790e-01 -8.946281195180000312e-01
-2.326166419329999957e-01 -9.813588857999999693e-02
-3.838988170620000195e-01 -2.241052841950000041e-01
-5.240098215299999751e-01 -3.065899767149999899e-01
-6.301122470419999733e-01 -4.189771215599999987e-01
-2.305323598150000042e-01 -4.892851726419999991e-01
-4.071274961729999808e-01 -6.017346824070000100e-01
-5.036915779989999953e-01 -5.358514877579999558e-01
-5.500944941190000215e-01 -4.647852449830000010e-01
-1.769863344869999910e-01 -5.167139618810000501e-01
-3.204328445210000154e-01 -7.493245345010000058e-01
-4.379079273550000040e-01 -8.760238831469999710e-01
-5.283715861790000412e-01 -9.718174347669999991e-01
-1.291836966330000003e-01 -5.005527254510000468e-01
-2.421945270130000105e-01 -7.521707516600000254e-01
-3.370645799279999855e-01 -8.853447128229999796e-01
-4.103614588580000166e-01 -1.000000000000000000e+00
-1.019450549800000050e-01 -4.612936817469999728e-01
-1.585756724700000120e-01 -6.571317392409999902e-01
-2.195327290259999897e-01 -7.774120804559999653e-01
-2.852458738759999779e-01 -8.934966363830000313e-01
-2.328890952980000040e-01 -1.019069258079999957e-01
-3.815366240110000251e-01 -2.293755761300000084e-01
-5.209091019980000015e-01 -3.129986048269999821e-01
-6.356256482750000103e-01 -4.250785210999999952e-01
-2.260508213609999928e-01 -4.918715602959999877e-01
-4.010531613739999890e-01 -6.050037871950000312e-01
-4.994795436130000099e-01 -5.418361369769999492e-01
-5.486227115749999772e-01 -4.716074911909999834e-01
-1.716068349509999869e-01 -5.182263352399999468e-01
-3.136654245189999801e-01 -7.508281029109999949e-01
-4.315597714630000081e-01 -8.808743034699999530e-01
-5.227441740849999574e-01 -9.789552599469999450e-01
-1.240526763929999943e-01 -5.010426306330000301e-01
-2.364383895380000045e-01 -7.514495856990000000e-01
-3.312038622240000008e-01 -8.854571118799999807e-01
-4.033682883770000061e-01 -1.000000000000000000e+00
-9.811087810700000467e-02 -4.610870026280000089e-01
-1.575390154140000054e-01 -6.570078701339999716e-01
-2.183956105879999998e-01 -7.771955300139999911e-01
-2.822416055970000115e-01 -8.922992578149999687e-01
