-2.376893894640000060e-01 -8.491509952200000655e-02
-3.967783834640000173e-01 -2.207014919949999987e-01
-5.134237821339999730e-01 -3.420275364829999942e-01
-5.696619527189999976e-01 -4.737684784319999842e-01
-2.298845079079999965e-01 -5.146641883010000251e-01
-3.667597165879999954e-01 -6.274714700000000311e-01
-4.745562644019999943e-01 -5.856763387179999558e-01
-5.533432378289999676e-01 -5.201311004840000196e-01
-1.528792910079999900e-01 -5.703078964450000177e-01
-2.715564028529999785e-01 -7.718259939239999756e-01
-3.983326809220000264e-01 -8.602967490239999959e-01
-5.188094880560000233e-01 -9.089614073270000372e-01
-6.094464970599999809e-02 -5.778794258270000261e-01
-1.174228068429999938e-01 -8.079586842120000112e-01
-2.179812861269999902e-01 -9.244866840540000297e-01
-3.314638658919999981e-01 -1.000000000000000000e+00
3.324034271399999713e-02 -5.475611741939999666e-01
4.974856358799999850e-02 -7.481213083650000151e-01
1.324651639000000089e-03 -8.733463096560000194e-01
-8.414673485699999955e-02 -9.692400989839999870e-01
-2.377758731630000011e-01 -8.498448076200000589e-02
-3.972013280910000055e-01 -2.198593586869999894e-01
-5.141102067789999897e-01 -3.418604005279999858e-01
-5.750901429250000474e-01 -4.723421845829999799e-01
-2.328130577829999881e-01 -5.154265236370000336e-01
-3.723578338160000167e-01 -6.253635203690000033e-01
-4.788852601909999729e-01 -5.825204333910000143e-01
-5.574290718250000110e-01 -5.170224903810000106e-01
-1.566446256210000110e-01 -5.711009836729999956e-01
-2.768880160009999924e-01 -7.700785116959999455e-01
-4.036891167650000223e-01 -8.577468109350000480e-01
-5.256290325439999522e-01 -9.065739139649999778e-01
-6.440916736500000572e-02 -5.793598759770000051e-01
-1.225122981550000045e-01 -8.084180787610000252e-01
-2.242809829819999989e-01 -9.250594108180000275e-01
-3.393587776299999970e-01 -1.000000000000000000e+00
3.156144807300000077e-02 -5.504045268470000307e-01
4.619696387899999840e-02 -7.483222531259999810e-01
-2.642279363999999828e-03 -8.720091214570000471e-01
-8.828942724799999919e-02 -9.661836321890000523e-01
-2.356342587390000132e-01 -8.553000189600000469e-02
-3.938750511129999743e-01 -2.198807616829999978e-01
-5.101743013189999898e-01 -3.399175831390000013e-01
-5.680159408110000419e-01 -4.703206176540000172e-01
-2.256936498690000070e-01 -5.114449718279999724e-01
-3.613186844869999970e-01 -6.238831475970000318e-01
-4.709304468159999923e-01 -5.818903357910000240e-01
-5.508075114949999573e-01 -5.164145222980000005e-01
-1.489495130890000074e-01 -5.668497220739999731e-01
-2.669912321560000135e-01 -7.685354081570000551e-01
-3.933010812739999862e-01 -8.572890528440000324e-01
-5.127311629870000553e-01 -9.065365918459999950e-01
-5.806624758000000081e-02 -5.758375027609999863e-01
-1.157519449909999998e-01 -8.057661570520000538e-01
-2.156975418010000090e-01 -9.237635760639999472e-01
-3.275472936659999945e-01 -1.000000000000000000e+00
3.532573615899999714e-02 -5.478229860250000138e-01
4.751018239299999862e-02 -7.481288605320000062e-01
-2.893019833999999849e-03 -8.722114963000000554e-01
-8.860047940399999600e-02 -9.669687639920000466e-01
-2.381047824870000107e-01 -8.457350661699999939e-02
-3.968293937330000243e-01 -2.182127126969999886e-01
-5.141870160060000305e-01 -3.386000400640000185e-01
-5.744853344110000259e-01 -4.703370024760000212e-01
-2.326094736669999941e-01 -5.132812068680000506e-01
-3.730460289699999987e-01 -6.225847707420000265e-01
-4.807928376360000033e-01 -5.784889010860000402e-01
-5.595495284170000083e-01 -5.124286609979999962e-01
-1.565245825450000128e-01 -5.688594805469999738e-01
-2.799539207869999879e-01 -7.689719116330000492e-01
-4.071581680160000216e-01 -8.546403731449999652e-01
-5.283207965430000153e-01 -9.018896728699999921e-01
-6.471420281699999388e-02 -5.765904381090000141e-01
-1.238060359370000002e-01 -8.071252018710000087e-01
-2.238446453190000018e-01 -9.238905714509999534e-01
-3.375648349159999784e-01 -1.000000000000000000e+00
3.005312223299999932e-02 -5.462662922080000483e-01
4.537544830600000190e-02 -7.456722900190000392e-01
-3.402733294999999922e-03 -8.709036836110000124e-01
-8.966876641399999792e-02 -9.683285380639999884e-01
-2.374740006230000033e-01 -8.215924840600000167e-02
-3.998198723279999811e-01 -2.170836165829999886e-01
-5.177627230310000161e-01 -3.392581034730000056e-01
-5.721773219439999503e-01 -4.721270715199999968e-01
-2.300874354409999933e-01 -5.127947347950000401e-01
-3.681316452210000034e-01 -6.255671013770000011e-01
-4.776471286569999863e-01 -5.835923583900000100e-01
-5.573954940690000193e-01 -5.182844249829999805e-01
-1.529534524670000117e-01 -5.691126760810000240e-01
-2.737255215489999838e-01 -7.717321655179999462e-01
-4.010559595409999845e-01 -8.602301706939999848e-01
-5.210167070069999795e-01 -9.082160084699999469e-01
-6.072315599400000125e-02 -5.778697310299999446e-01
-1.206869895889999961e-01 -8.090364011439999947e-01
-2.217300199460000010e-01 -9.255353164359999552e-01
-3.347030983079999911e-01 -1.000000000000000000e+00
3.413189302599999725e-02 -5.486759796560000124e-01
4.610156302300000286e-02 -7.494438471719999662e-01
-4.485462251000000254e-03 -8.732067447860000220e-01
-9.104171104899999589e-02 -9.673248470530000365e-01
-2.359313019779999965e-01 -8.433298466699999663e-02
-3.975270924959999896e-01 -2.190161112650000075e-01
-5.158694235620000512e-01 -3.394329971410000035e-01
-5.779555449290000313e-01 -4.689685975740000012e-01
-2.351316442820000074e-01 -5.159781594140000482e-01
-3.763921529989999737e-01 -6.252033415419999685e-01
-4.836411159969999929e-01 -5.814965613170000047e-01
-5.619764070039999782e-01 -5.153440843900000123e-01
-1.573544958579999875e-01 -5.723530205429999684e-01
-2.803468968169999798e-01 -7.723812128379999864e-01
-4.073795224369999857e-01 -8.586745740779999636e-01
-5.284613110889999632e-01 -9.058192822439999903e-01
-6.443943061699999864e-02 -5.808099262820000108e-01
-1.249113259499999989e-01 -8.108729216919999816e-01
-2.273904120509999960e-01 -9.265238447160000224e-01
-3.427793923829999811e-01 -1.000000000000000000e+00
3.258467189400000158e-02 -5.517008503370000039e-01
4.496836959100000003e-02 -7.516504262759999833e-01
-5.704289514000000089e-03 -8.775823110739999766e-01
-9.346817548199999603e-02 -9.743672655359999490e-01
-2.362837082560000079e-01 -8.285947506999999379e-02
-3.959685321359999732e-01 -2.160126540900000058e-01
-5.110831507969999521e-01 -3.376581357510000103e-01
-5.668706962709999519e-01 -4.691545975049999928e-01
-2.254852900769999946e-01 -5.091446895000000250e-01
-3.658672509299999986e-01 -6.205976010289999678e-01
-4.759966077860000033e-01 -5.813135211850000150e-01
-5.570254334780000427e-01 -5.196229389459999792e-01
-1.491930979430000082e-01 -5.655177383460000540e-01
-2.705638893849999782e-01 -7.667374386580000367e-01
-3.984192485560000274e-01 -8.535437432939999569e-01
-5.198181438629999596e-01 -9.006895173729999593e-01
-5.773075881100000334e-02 -5.749282265530000213e-01
-1.158661093270000053e-01 -8.063276909909999901e-01
-2.192573696629999958e-01 -9.246531669359999706e-01
-3.359082339389999894e-01 -1.000000000000000000e+00
3.704779925400000090e-02 -5.470507147049999963e-01
5.259810949700000071e-02 -7.477537419809999752e-01
1.935714023999999958e-03 -8.727839387860000242e-01
-8.694682396099999433e-02 -9.674902509849999666e-01
-2.360071132559999896e-01 -8.161462317199999483e-02
-3.934557051379999892e-01 -2.134362257469999968e-01
-5.106991053149999571e-01 -3.335777466889999765e-01
-5.746828675159999511e-01 -4.632052381880000236e-01
-2.298865792819999865e-01 -5.076277126429999953e-01
-3.670398843609999906e-01 -6.206703057100000365e-01
-4.761463912889999928e-01 -5.845854311310000329e-01
-5.574878520379999980e-01 -5.240271212739999740e-01
-1.545896794399999885e-01 -5.644988851450000178e-01
-2.759115967460000207e-01 -7.655171797149999957e-01
-4.025402624400000184e-01 -8.549433670210000447e-01
-5.249288756769999731e-01 -9.047838096950000519e-01
-6.260684291099999355e-02 -5.749432937130000143e-01
-1.207671510080000066e-01 -8.060334833519999798e-01
-2.213718570100000060e-01 -9.245198688179999680e-01
-3.372165308139999929e-01 -1.000000000000000000e+00
3.342141136900000226e-02 -5.483526090000000464e-01
4.597081445699999908e-02 -7.490371330030000108e-01
-5.804201670000000077e-03 -8.736376843299999972e-01
-9.534460774399999838e-02 -9.678038024409999496e-01
-2.362391252830000066e-01 -8.219221656000000320e-02
-3.930100332270000107e-01 -2.138413905519999936e-01
-5.088968552039999649e-01 -3.330314823659999979e-01
-5.684272637780000137e-01 -4.628161649759999774e-01
-2.302570115289999941e-01 -5.091883256410000280e-01
-3.669140495129999957e-01 -6.229912563320000318e-01
-4.765856777760000274e-01 -5.855481675839999678e-01
-5.571004749240000553e-01 -5.247397675410000462e-01
-1.552532745380000023e-01 -5.654579504029999537e-01
-2.745042036700000021e-01 -7.673086616319999553e-01
-4.012363803749999791e-01 -8.568668092060000019e-01
-5.213673559629999898e-01 -9.067023593759999667e-01
-6.386364937300000044e-02 -5.750154150859999591e-01
-1.221510636929999949e-01 -8.050294666159999446e-01
-2.231882787810000046e-01 -9.233266846040000253e-01
-3.367715871270000050e-01 -1.000000000000000000e+00
3.107215001800000057e-02 -5.472447924590000401e-01
4.483046667599999840e-02 -7.484367478750000302e-01
-5.316202790000000220e-03 -8.729593362040000137e-01
-9.142907117699999864e-02 -9.672868736430000336e-01
-2.361746684609999924e-01 -8.446303416599999780e-02
-3.921706942900000104e-01 -2.164910621560000026e-01
-5.069119900640000065e-01 -3.356114132670000028e-01
-5.637275098009999486e-01 -4.659456353740000223e-01
-2.261554264079999876e-01 -5.119356360450000309e-01
-3.638902921580000061e-01 -6.211259846840000431e-01
-4.730932353930000223e-01 -5.814481053910000030e-01
-5.529374710850000207e-01 -5.180339836730000203e-01
-1.508750039360000073e-01 -5.677815205520000408e-01
-2.706599707260000098e-01 -7.683650515579999452e-01
-3.973621939040000162e-01 -8.569146418020000544e-01
-5.179840882709999539e-01 -9.050474512520000347e-01
-5.933488462300000321e-02 -5.766436573809999855e-01
-1.167458426460000059e-01 -8.077632862529999791e-01
-2.175856030770000060e-01 -9.251656453990000362e-01
-3.316291062580000171e-01 -1.000000000000000000e+00
3.626942514300000170e-02 -5.488478313750000392e-01
5.068886213300000110e-02 -7.484188906669999586e-01
-2.917562150000000114e-04 -8.721963441679999596e-01
-8.829558066199999500e-02 -9.658543802860000138e-01
-2.380611626049999874e-01 -8.212311181999999710e-02
-3.989685836340000069e-01 -2.142665233970000027e-01
-5.173676293269999782e-01 -3.350249891050000040e-01
-5.767033956539999728e-01 -4.662126122870000056e-01
-2.349578182029999907e-01 -5.083800625959999930e-01
-3.713283130899999729e-01 -6.207715560230000484e-01
-4.799620393879999725e-01 -5.819235193999999778e-01
-5.606187009599999937e-01 -5.191691618739999736e-01
-1.584464789670000096e-01 -5.653485565789999612e-01
-2.777631678570000040e-01 -7.673719229869999658e-01
-4.044908917730000164e-01 -8.564356372079999780e-01
-5.264353195800000051e-01 -9.051601911290000357e-01
-6.570705630900000593e-02 -5.758803153310000367e-01
-1.240630306779999942e-01 -8.076936667490000055e-01
-2.259068374079999941e-01 -9.251744179849999972e-01
-3.416186748910000071e-01 -1.000000000000000000e+00
3.133670763899999712e-02 -5.497416630460000286e-01
4.257119396399999811e-02 -7.503423438430000258e-01
-9.022027660999999699e-03 -8.742036329450000309e-01
-9.742458327000000362e-02 -9.684874523049999961e-01
-2.374952127380000055e-01 -8.405765917700000478e-02
-3.964860834769999842e-01 -2.172377478839999931e-01
-5.126982461950000403e-01 -3.384689650520000259e-01
-5.725036539550000247e-01 -4.704084238349999780e-01
-2.293949210600000066e-01 -5.122569019699999560e-01
-3.676120881669999729e-01 -6.239739362480000162e-01
-4.753800861170000003e-01 -5.844221124089999941e-01
-5.539417465179999889e-01 -5.214310927030000320e-01
-1.525086670759999985e-01 -5.691888517049999985e-01
-2.752378872239999996e-01 -7.694684132510000163e-01
-4.026119129649999850e-01 -8.589014077600000130e-01
-5.229892128340000168e-01 -9.090329546099999991e-01
-5.918811544699999899e-02 -5.798360805679999563e-01
-1.199596144099999984e-01 -8.094281828980000038e-01
-2.227721455109999971e-01 -9.259974101490000553e-01
-3.375720962679999992e-01 -1.000000000000000000e+00
3.885814430900000338e-02 -5.536058591939999607e-01
5.207518547199999764e-02 -7.536394665850000285e-01
1.703505866999999912e-03 -8.790428364369999858e-01
-8.483336074199999965e-02 -9.743029964870000281e-01
-2.370030260980000025e-01 -8.382898603499999712e-02
-3.955705078489999971e-01 -2.176932759590000099e-01
-5.102583012910000271e-01 -3.396495750899999888e-01
-5.678666695020000432e-01 -4.716447604139999972e-01
-2.275504189729999904e-01 -5.101829389459999753e-01
-3.669437731949999892e-01 -6.194789193549999906e-01
-4.771723071000000260e-01 -5.802580379299999702e-01
-5.579628877100000217e-01 -5.181417355830000293e-01
-1.528508629349999981e-01 -5.662639611659999739e-01
-2.740379183269999741e-01 -7.654966644109999496e-01
-4.010789178299999924e-01 -8.527542114680000118e-01
-5.218586982309999511e-01 -9.007410735459999707e-01
-6.128483655400000091e-02 -5.756791092080000283e-01
-1.194963626289999997e-01 -8.067991344949999588e-01
-2.211344775709999932e-01 -9.246950837120000433e-01
-3.361041395079999994e-01 -1.000000000000000000e+00
3.463358733500000036e-02 -5.480880515720000234e-01
4.842719137800000073e-02 -7.486474615210000350e-01
-1.771163165000000069e-03 -8.733191925290000324e-01
-8.956648125699999408e-02 -9.680933006559999665e-01
-2.394661384879999966e-01 -8.525352308200000173e-02
-3.996980741539999937e-01 -2.168417878530000120e-01
-5.162911168310000409e-01 -3.365455794169999737e-01
-5.724859945660000227e-01 -4.684552117490000112e-01
-2.309443470289999911e-01 -5.113714268810000130e-01
-3.691382654140000219e-01 -6.214249459980000223e-01
-4.773472349769999901e-01 -5.815622239729999476e-01
-5.573146236889999772e-01 -5.182336547139999583e-01
-1.545144150059999943e-01 -5.671290887829999461e-01
-2.744879251099999751e-01 -7.685219526069999585e-01
-4.013436394480000002e-01 -8.573857088570000506e-01
-5.225124660819999711e-01 -9.059220132830000383e-01
-6.160699710200000234e-02 -5.760657804309999852e-01
-1.207076242659999993e-01 -8.073026072150000232e-01
-2.225760916610000084e-01 -9.248432107820000470e-01
-3.370004695380000026e-01 -1.000000000000000000e+00
3.570417750200000073e-02 -5.479406048139999763e-01
4.785183421900000150e-02 -7.483125557419999518e-01
-2.247048037000000040e-03 -8.727457973119999712e-01
-8.841458427999999981e-02 -9.673810253560000127e-01
-2.349568322380000129e-01 -8.320936306300000251e-02
-3.954538120080000052e-01 -2.158362581269999969e-01
-5.121898310770000018e-01 -3.358029064040000122e-01
-5.711296801930000333e-01 -4.671584136979999857e-01
-2.280582956820000062e-01 -5.099936452959999977e-01
-3.668837321899999782e-01 -6.203719806430000316e-01
-4.761096361059999893e-01 -5.802099147350000541e-01
-5.568485881150000427e-01 -5.164361701380000280e-01
-1.515495934620000040e-01 -5.664077764820000249e-01
-2.731646846040000076e-01 -7.678115655620000313e-01
-4.006611499450000169e-01 -8.550967660839999818e-01
-5.224278228969999605e-01 -9.022874979920000316e-01
-5.917005235100000066e-02 -5.760059217459999603e-01
-1.197415101849999969e-01 -8.072172121699999758e-01
-2.220951715889999956e-01 -9.249900210189999639e-01
-3.373523927909999887e-01 -1.000000000000000000e+00
3.807954786199999747e-02 -5.483361708370000365e-01
5.054337143800000098e-02 -7.479510897269999736e-01
3.751184230000000129e-04 -8.734404368679999919e-01
-8.693749345300000320e-02 -9.695238441069999880e-01
-2.377831559230000058e-01 -8.124676327299999723e-02
-3.964773294039999896e-01 -2.132509623180000036e-01
-5.136172113710000264e-01 -3.347400934759999780e-01
-5.737120597429999913e-01 -4.678537574270000277e-01
-2.290104634429999952e-01 -5.055024078249999997e-01
-3.675993702470000124e-01 -6.180244297970000078e-01
-4.768427320060000252e-01 -5.801216219910000360e-01
-5.570839836430000469e-01 -5.185981851430000455e-01
-1.540316561979999943e-01 -5.627025004150000287e-01
-2.754443696569999767e-01 -7.638253402719999974e-01
-4.020899165769999950e-01 -8.538252468810000329e-01
-5.231268788020000393e-01 -9.050779894129999947e-01
-6.219274025899999836e-02 -5.731306255670000072e-01
-1.214892423369999946e-01 -8.044664551129999674e-01
-2.223510056859999973e-01 -9.232949940329999716e-01
-3.369646934669999760e-01 -1.000000000000000000e+00
3.441631517100000176e-02 -5.466354384370000208e-01
4.682418496400000268e-02 -7.468325382849999583e-01
-3.644479370000000204e-03 -8.711647635989999694e-01
-9.134394271899999584e-02 -9.657383361650000442e-01
-2.385551674339999872e-01 -8.376654544299999561e-02
-3.959015203749999823e-01 -2.138359258989999956e-01
-5.132879752060000023e-01 -3.324292921720000127e-01
-5.751396990779999996e-01 -4.650212465240000093e-01
-2.278467857800000052e-01 -5.065226008719999617e-01
-3.674941785870000088e-01 -6.156114013440000532e-01
-4.777873108430000237e-01 -5.729431202539999601e-01
-5.583798818809999620e-01 -5.059488112190000386e-01
-1.521573707860000013e-01 -5.631764243429999706e-01
-2.725476531480000020e-01 -7.636995458269999482e-01
-3.999645554979999740e-01 -8.525231239170000253e-01
-5.209511810960000266e-01 -9.001540221689999788e-01
-6.144645959299999821e-02 -5.722501503989999572e-01
-1.190934514110000009e-01 -8.033831809870000118e-01
-2.198093820650000030e-01 -9.231571277640000517e-01
-3.330333375289999953e-01 -1.000000000000000000e+00
3.075243521100000030e-02 -5.442211338889999528e-01
4.376065571499999918e-02 -7.450652569650000334e-01
-7.066788949999999736e-03 -8.688949789700000093e-01
-9.407795457600000300e-02 -9.622053378689999770e-01
-2.382626634639999907e-01 -8.360848827800000660e-02
-3.985586021129999823e-01 -2.144168183210000134e-01
-5.152235554490000036e-01 -3.344687400420000012e-01
-5.723720129049999494e-01 -4.674019716610000041e-01
-2.334623645939999936e-01 -5.094739748059999851e-01
-3.721715272109999972e-01 -6.222704804140000157e-01
-4.799196540869999916e-01 -5.812185593619999535e-01
-5.585355862480000377e-01 -5.163858699950000242e-01
-1.562688313060000000e-01 -5.656494017209999781e-01
-2.791860661400000221e-01 -7.675011144079999514e-01
-4.053872465319999785e-01 -8.556684743229999723e-01
-5.252036131730000168e-01 -9.039794908749999580e-01
-6.368713647000000255e-02 -5.755703662640000440e-01
-1.253320274860000028e-01 -8.074418606729999448e-01
-2.281302642639999878e-01 -9.254709001759999776e-01
-3.431167111130000169e-01 -1.000000000000000000e+00
3.314934169799999691e-02 -5.487703824090000015e-01
4.166106396400000300e-02 -7.495629892049999743e-01
-1.005803098999999944e-02 -8.740944527559999511e-01
-9.773198143000000337e-02 -9.682632268940000175e-01
-2.385171678000000128e-01 -8.384268285200000004e-02
-3.988555986330000191e-01 -2.158143348709999909e-01
-5.152967989800000259e-01 -3.361202960620000013e-01
-5.730113123200000214e-01 -4.678736077610000099e-01
-2.315317976769999953e-01 -5.086410712050000171e-01
-3.673629086769999996e-01 -6.218665995150000070e-01
-4.750895532700000201e-01 -5.855553696809999709e-01
-5.548667831150000396e-01 -5.244687979109999842e-01
-1.547787054679999885e-01 -5.649548548299999640e-01
-2.723372269020000180e-01 -7.668915657239999684e-01
-3.967330741580000208e-01 -8.568643504870000482e-01
-5.161677132469999485e-01 -9.067393748459999792e-01
-6.158969252799999933e-02 -5.748464610400000341e-01
-1.198424746330000040e-01 -8.051327660420000143e-01
-2.214319728830000111e-01 -9.237489533460000457e-01
-3.359119662510000048e-01 -1.000000000000000000e+00
3.602574495199999810e-02 -5.481079470980000368e-01
4.718442204699999781e-02 -7.479046892780000233e-01
-3.401348438000000203e-03 -8.717032057650000443e-01
-9.010514593500000557e-02 -9.656958215690000236e-01
-2.381863778480000082e-01 -8.261126731800000345e-02
-3.978982178709999928e-01 -2.138544570420000124e-01
-5.147274677040000190e-01 -3.323954251990000053e-01
-5.761820928509999717e-01 -4.630836634939999863e-01
-2.347772218180000092e-01 -5.054662106759999496e-01
-3.709601766719999860e-01 -6.176008275230000510e-01
-4.801301447629999775e-01 -5.782994618860000102e-01
-5.609296556349999685e-01 -5.139650598680000071e-01
-1.576895274990000040e-01 -5.615574861819999652e-01
-2.761118595209999804e-01 -7.635793448250000059e-01
-4.012968571680000096e-01 -8.554220348600000134e-01
-5.211537454569999950e-01 -9.072304536270000552e-01
-6.501452102599999949e-02 -5.712759443670000215e-01
-1.241427708950000042e-01 -8.032486300850000260e-01
-2.247674316609999945e-01 -9.233040078830000441e-01
-3.378334989999999816e-01 -1.000000000000000000e+00
3.164942715699999715e-02 -5.447804177980000162e-01
3.929841357100000154e-02 -7.447285426249999896e-01
-1.306838840000000036e-02 -8.683754403050000237e-01
-1.006135905200000041e-01 -9.619382805010000537e-01
-2.412315149810000114e-01 -8.543365470300000319e-02
-4.025102860129999849e-01 -2.168616280579999944e-01
-5.201558372660000096e-01 -3.343397780240000006e-01
-5.784858531280000493e-01 -4.647064568420000152e-01
-2.368176763319999878e-01 -5.089120631029999675e-01
-3.728410002199999962e-01 -6.227049033429999936e-01
-4.806878726320000239e-01 -5.817528448130000474e-01
-5.598063137469999617e-01 -5.152384985040000531e-01
-1.589508190939999954e-01 -5.642529289759999900e-01
-2.771335358959999828e-01 -7.677323795610000445e-01
-4.031353742739999801e-01 -8.581084091480000176e-01
-5.226573013790000166e-01 -9.073702750200000056e-01
-6.621794973599999523e-02 -5.729466111740000311e-01
-1.243074188359999943e-01 -8.053600596159999903e-01
-2.259820724330000030e-01 -9.241748829400000531e-01
-3.392517836480000160e-01 -1.000000000000000000e+00
2.950806946399999950e-02 -5.448697486500000409e-01
4.137889477900000279e-02 -7.451745930619999569e-01
-8.565353555000000327e-03 -8.689707898459999580e-01
-9.370713003899999727e-02 -9.626686424460000335e-01
-2.418834687579999865e-01 -8.441215531300000352e-02
-4.003147012350000145e-01 -2.153610604710000098e-01
-5.175051632989999817e-01 -3.337638699509999918e-01
-5.767821702100000003e-01 -4.673439313120000271e-01
-2.365693923689999867e-01 -5.110281252339999858e-01
-3.735373748410000250e-01 -6.227656437130000278e-01
-4.805484291820000253e-01 -5.797214577470000130e-01
-5.577648334379999850e-01 -5.114466219879999498e-01
-1.588191093300000134e-01 -5.671905233780000222e-01
-2.799756660969999755e-01 -7.683674535279999551e-01
-4.069965284689999740e-01 -8.570803485900000407e-01
-5.275414304169999680e-01 -9.051264291630000125e-01
-6.643232780799999959e-02 -5.770466012970000280e-01
-1.262137827229999898e-01 -8.070901086830000182e-01
-2.271632114669999980e-01 -9.248506806030000194e-01
-3.398847658670000049e-01 -1.000000000000000000e+00
2.799952123000000112e-02 -5.505115214250000388e-01
3.987554645300000339e-02 -7.511069149960000191e-01
-1.114954577600000066e-02 -8.768284010579999732e-01
-9.758008766999999584e-02 -9.731281383769999627e-01
-2.407899363200000087e-01 -8.614017523700000234e-02
-4.010481735820000115e-01 -2.166107773540000003e-01
-5.205632295259999820e-01 -3.335070762169999870e-01
-5.798963590629999665e-01 -4.647304834250000072e-01
-2.363855309310000097e-01 -5.110107805739999565e-01
-3.756041664229999855e-01 -6.225813243860000012e-01
-4.842887710689999792e-01 -5.836111961809999915e-01
-5.638241455210000197e-01 -5.190645876920000346e-01
-1.594478967259999880e-01 -5.676558421959999601e-01
-2.822658747569999904e-01 -7.690390293219999673e-01
-4.087009839879999773e-01 -8.587043312169999609e-01
-5.292812654699999841e-01 -9.065617293190000314e-01
-6.693227994299999484e-02 -5.781164121290000013e-01
-1.276067977010000021e-01 -8.090625704110000482e-01
-2.290356386809999922e-01 -9.263055911319999502e-01
-3.436942782579999744e-01 -1.000000000000000000e+00
2.852435203499999877e-02 -5.517363733360000078e-01
3.884823802299999795e-02 -7.527638393750000212e-01
-1.305037297100000021e-02 -8.776818052520000135e-01
-1.014683407020000039e-01 -9.725424572180000338e-01
-2.379086943729999959e-01 -8.481519472300000362e-02
-3.972582885939999753e-01 -2.165651478510000061e-01
-5.157622277460000015e-01 -3.346065067819999905e-01
-5.783295661809999544e-01 -4.657532398409999774e-01
-2.355865758600000082e-01 -5.146062603650000122e-01
-3.745668072450000219e-01 -6.252674837789999884e-01
-4.807647596529999734e-01 -5.862547554450000531e-01
-5.580769819940000209e-01 -5.219729042690000043e-01
-1.569963297789999934e-01 -5.712747160640000432e-01
-2.785108313960000248e-01 -7.707960536919999939e-01
-4.030065335649999914e-01 -8.617752432130000306e-01
-5.227185482010000550e-01 -9.128757323730000151e-01
-6.331982109200000319e-02 -5.809030449740000268e-01
-1.227983605719999982e-01 -8.091213787490000309e-01
-2.238819880029999931e-01 -9.261773481499999683e-01
-3.377599019479999853e-01 -1.000000000000000000e+00
3.409877053999999658e-02 -5.534896476120000353e-01
4.416864315999999985e-02 -7.526415268849999674e-01
-6.275941737999999812e-03 -8.772298305819999920e-01
-9.224338714400000250e-02 -9.713588100710000006e-01
-2.373595097099999995e-01 -8.403427061399999787e-02
-3.958680948519999743e-01 -2.159523420820000095e-01
-5.135896965180000162e-01 -3.345450757810000120e-01
-5.703682119720000498e-01 -4.671041251670000061e-01
-2.337022647439999934e-01 -5.088940518619999853e-01
-3.704929686830000235e-01 -6.208778536660000125e-01
-4.781678333430000039e-01 -5.809015089879999705e-01
-5.562021176529999833e-01 -5.160242270429999945e-01
-1.566500105929999886e-01 -5.650429663970000238e-01
-2.756162338659999822e-01 -7.652785917790000392e-01
-4.000647715749999778e-01 -8.561187931010000307e-01
-5.194583134600000429e-01 -9.079589729949999466e-01
-6.539171375999999758e-02 -5.744161776949999743e-01
-1.224740576810000037e-01 -8.035076282230000366e-01
-2.209904749109999900e-01 -9.225717894160000432e-01
-3.327163980699999746e-01 -1.000000000000000000e+00
2.774283063099999835e-02 -5.471156877330000112e-01
4.023142509799999822e-02 -7.472620644240000054e-01
-8.815959256999999355e-03 -8.713810925760000492e-01
-9.377920418599999808e-02 -9.658227216120000014e-01
-2.408119996589999923e-01 -8.684194069200000532e-02
-4.016654112799999954e-01 -2.180779666909999914e-01
-5.200081703240000408e-01 -3.354866082010000139e-01
-5.779048039890000155e-01 -4.650487360100000189e-01
-2.337628103949999925e-01 -5.093897595470000539e-01
-3.755680870020000062e-01 -6.198874399329999951e-01
-4.864355276640000003e-01 -5.786574413499999681e-01
-5.670102713539999506e-01 -5.146004030690000119e-01
-1.579216373519999883e-01 -5.653205438120000315e-01
-2.805194450019999897e-01 -7.672187951919999804e-01
-4.080057725860000151e-01 -8.563844735460000024e-01
-5.282424057850000354e-01 -9.046518451170000308e-01
-6.654373280099999677e-02 -5.751730889430000104e-01
-1.259226403239999958e-01 -8.065175014100000039e-01
-2.281094652429999925e-01 -9.245394188200000141e-01
-3.426831664989999915e-01 -1.000000000000000000e+00
2.717282839000000061e-02 -5.486797707689999859e-01
4.075129075199999951e-02 -7.503685619269999663e-01
-9.760021456999999276e-03 -8.742255461879999690e-01
-9.701449139999999971e-02 -9.682214619919999876e-01
-2.376713116420000049e-01 -8.359831454400000472e-02
-3.984376038199999859e-01 -2.149796623159999920e-01
-5.168113196439999557e-01 -3.348439322480000202e-01
-5.738668577900000178e-01 -4.681780896450000173e-01
-2.340114639960000076e-01 -5.085917610050000315e-01
-3.722886336369999882e-01 -6.193501206360000344e-01
-4.795879648899999959e-01 -5.824282546250000303e-01
-5.577979012789999747e-01 -5.215532898979999832e-01
-1.572873303529999933e-01 -5.659324922089999932e-01
-2.779335704709999799e-01 -7.655294356870000483e-01
-4.021654182089999807e-01 -8.563433238880000520e-01
-5.211653486459999485e-01 -9.087510281320000383e-01
-6.422181642600000018e-02 -5.759292828119999541e-01
-1.229841327539999973e-01 -8.046631904519999656e-01
-2.223192539349999886e-01 -9.231655827989999619e-01
-3.351361781070000267e-01 -1.000000000000000000e+00
3.288788575800000169e-02 -5.484955147519999796e-01
4.589421850599999936e-02 -7.485457492649999489e-01
-2.324306711000000136e-03 -8.737295768470000334e-01
-8.740905504099999446e-02 -9.692968682660000335e-01
-2.361578349510000119e-01 -8.376646692299999364e-02
-3.977718704239999736e-01 -2.160823734379999916e-01
-5.169158805919999988e-01 -3.348914311930000220e-01
-5.760431360490000374e-01 -4.651947122230000176e-01
-2.332547771959999905e-01 -5.117974718350000174e-01
-3.743186330839999854e-01 -6.195947497520000180e-01
-4.818126437799999939e-01 -5.810246901540000453e-01
-5.595890792600000108e-01 -5.189128687449999777e-01
-1.557258519559999999e-01 -5.692515700119999966e-01
-2.784757414769999939e-01 -7.693944444770000057e-01
-4.035583552970000154e-01 -8.600208114609999566e-01
-5.224853834789999762e-01 -9.113917446299999447e-01
-6.237228189800000239e-02 -5.796682728330000423e-01
-1.246869781060000043e-01 -8.087940851020000155e-01
-2.274204846300000027e-01 -9.257264949900000373e-01
-3.419044950089999979e-01 -1.000000000000000000e+00
3.629951142500000005e-02 -5.529021228739999794e-01
4.475680793999999713e-02 -7.530500916019999824e-01
-6.408917891999999991e-03 -8.789744343049999964e-01
-9.321888000000000396e-02 -9.758622654780000349e-01
-2.373508151690000012e-01 -8.271295892299999897e-02
-3.995002217629999852e-01 -2.143412625710000019e-01
-5.172763290399999825e-01 -3.344210357410000167e-01
-5.741780138099999986e-01 -4.663719309129999990e-01
-2.344938742379999996e-01 -5.076920573080000443e-01
-3.758182306380000171e-01 -6.174114300869999461e-01
-4.845819092490000202e-01 -5.775299903020000292e-01
-5.634595636729999857e-01 -5.154614347929999951e-01
-1.575114263750000132e-01 -5.655828064979999681e-01
-2.815869049620000064e-01 -7.657449188060000411e-01
-4.074535271249999924e-01 -8.566821159740000136e-01
-5.266446076259999609e-01 -9.093026212179999845e-01
-6.446252614899999900e-02 -5.768577382009999477e-01
-1.278911710719999872e-01 -8.065525228829999449e-01
-2.305450735990000055e-01 -9.245448470170000155e-01
-3.449710686449999897e-01 -1.000000000000000000e+00
3.399358519400000334e-02 -5.509471735690000260e-01
4.222384499799999857e-02 -7.520224189919999525e-01
-8.804451838000000585e-03 -8.768127666599999648e-01
-9.564473292200000032e-02 -9.717958364780000524e-01
-2.389419441089999929e-01 -8.318183054500000173e-02
-4.003202321470000213e-01 -2.153932045389999883e-01
-5.164724130140000424e-01 -3.364988856719999810e-01
-5.736298522760000518e-01 -4.682975145200000133e-01
-2.354667305160000057e-01 -5.075920811240000052e-01
-3.738102649100000230e-01 -6.198831121390000476e-01
-4.798288356870000215e-01 -5.820792313179999899e-01
-5.573984120539999809e-01 -5.206830837210000285e-01
-1.571737237989999925e-01 -5.652908364819999587e-01
-2.769895251539999936e-01 -7.655770660249999748e-01
-4.010407209669999973e-01 -8.553658907519999799e-01
-5.203042220289999520e-01 -9.065984544340000006e-01
-6.286423199900000036e-02 -5.759233525000000409e-01
-1.218365956300000025e-01 -8.050042807649999688e-01
-2.230963284430000082e-01 -9.236514753179999593e-01
-3.377108335060000077e-01 -1.000000000000000000e+00
3.568530857899999964e-02 -5.491136842549999564e-01
4.743467535499999721e-02 -7.489038376979999523e-01
-2.052071308999999996e-03 -8.730302659480000393e-01
-8.803974968500000164e-02 -9.669883751640000469e-01
-2.378773366359999974e-01 -8.322994093400000459e-02
-3.983386531309999756e-01 -2.148645068910000067e-01
-5.158901408699999580e-01 -3.356301063320000222e-01
-5.725495852440000144e-01 -4.682734394809999756e-01
-2.338907566250000014e-01 -5.068103795880000151e-01
-3.705354547570000046e-01 -6.198218004769999734e-01
-4.774296208270000230e-01 -5.817266219679999573e-01
-5.549837706050000374e-01 -5.196264935850000155e-01
-1.555501356400000035e-01 -5.642513420160000237e-01
-2.748878492729999734e-01 -7.657788718410000195e-01
-3.984214042920000143e-01 -8.574214998910000274e-01
-5.163154416159999593e-01 -9.112960809360000081e-01
-6.164198041599999733e-02 -5.751677917580000354e-01
-1.211970450760000012e-01 -8.048151120450000029e-01
-2.215942022350000096e-01 -9.233736910969999601e-01
-3.343208354869999788e-01 -1.000000000000000000e+00
3.691688688599999851e-02 -5.489654298649999653e-01
4.548695762399999898e-02 -7.500906371009999907e-01
-4.690746957000000057e-03 -8.749077289169999716e-01
-9.035767606599999502e-02 -9.701759527290000351e-01
-2.392684096930000059e-01 -8.448835936899999621e-02
-3.993420963350000075e-01 -2.166621704870000109e-01
-5.154619365960000366e-01 -3.380253539790000206e-01
-5.747520054970000070e-01 -4.704219608619999993e-01
-2.340001249679999895e-01 -5.093368425900000052e-01
-3.719968241909999973e-01 -6.214525478569999928e-01
-4.788120332979999838e-01 -5.834836533670000325e-01
-5.570856733229999636e-01 -5.215792014340000504e-01
-1.557739446170000042e-01 -5.662909113199999789e-01
-2.767777319959999760e-01 -7.665426414539999733e-01
-4.008612532659999728e-01 -8.568566291360000253e-01
-5.201871007220000287e-01 -9.087110571569999573e-01
-6.169052922599999739e-02 -5.767311074340000232e-01
-1.220219148120000041e-01 -8.055276501620000085e-01
-2.227481559330000138e-01 -9.238958971130000197e-01
-3.366808620669999863e-01 -1.000000000000000000e+00
3.651382489499999801e-02 -5.501212178959999921e-01
4.605362935599999902e-02 -7.508088090219999788e-01
-3.544823778999999821e-03 -8.751966798960000293e-01
-8.920427761900000252e-02 -9.692718000960000024e-01
-2.382425851270000006e-01 -8.332102217600000083e-02
-3.971339143609999844e-01 -2.161853685800000091e-01
-5.121669938609999528e-01 -3.377338000049999733e-01
-5.728383059189999793e-01 -4.699105021989999909e-01
-2.329548433799999985e-01 -5.060708611849999983e-01
-3.696900958520000224e-01 -6.205782565880000323e-01
-4.759278434679999892e-01 -5.833459783529999498e-01
-5.542214990770000238e-01 -5.220560573039999541e-01
-1.560910440640000119e-01 -5.623722178379999548e-01
-2.745605269260000258e-01 -7.629575556369999623e-01
-3.978709330360000185e-01 -8.523457386949999659e-01
-5.164582320499999657e-01 -9.031023170399999911e-01
-6.287821335800000688e-02 -5.727726835090000135e-01
-1.210658155120000051e-01 -8.032691533920000015e-01
-2.217299985060000034e-01 -9.231639668650000186e-01
-3.358689216660000199e-01 -1.000000000000000000e+00
3.490036420400000061e-02 -5.466783718650000123e-01
4.683325596099999905e-02 -7.463778627749999561e-01
-2.409221607000000195e-03 -8.705387635079999686e-01
-8.820801836500000159e-02 -9.642967535880000440e-01
-2.387483029209999941e-01 -8.338160414799999920e-02
-3.977570013069999799e-01 -2.140936320340000032e-01
-5.135922754830000159e-01 -3.329836479830000084e-01
-5.730051214519999991e-01 -4.632081851290000274e-01
-2.333543915690000081e-01 -5.053966548549999604e-01
-3.709527591110000078e-01 -6.188181658429999787e-01
-4.773110116040000239e-01 -5.801702602839999834e-01
-5.552559947380000249e-01 -5.179451759219999563e-01
-1.564031495409999861e-01 -5.620047514499999508e-01
-2.748429715540000040e-01 -7.628601125130000105e-01
-3.982469760299999773e-01 -8.524630350109999588e-01
-5.165746851829999819e-01 -9.035678138210000432e-01
-6.339459500300000105e-02 -5.720572042520000178e-01
-1.206826724090000053e-01 -8.024579743609999705e-01
-2.205573240020000103e-01 -9.223165208529999770e-01
-3.340397481610000163e-01 -1.000000000000000000e+00
3.372105697499999666e-02 -5.453567702599999567e-01
4.752554608699999933e-02 -7.453412546409999839e-01
-1.675872230000000074e-03 -8.686697942600000166e-01
-8.770762567699999512e-02 -9.618549895779999748e-01
-2.357114834540000037e-01 -8.360680813199999895e-02
-3.940806919609999848e-01 -2.160020415460000009e-01
-5.102550670290000312e-01 -3.341991497510000131e-01
-5.690270942639999996e-01 -4.645037167680000079e-01
-2.316205188969999995e-01 -5.078620643619999875e-01
-3.677968037109999866e-01 -6.204995855539999772e-01
-4.755506331659999919e-01 -5.822151649989999456e-01
-5.544916682239999783e-01 -5.204187032089999665e-01
-1.542977590540000055e-01 -5.644940091129999615e-01
-2.714082307869999933e-01 -7.640384423149999549e-01
-3.949350691280000270e-01 -8.544301864059999918e-01
-5.136912037499999917e-01 -9.078999081399999893e-01
-6.107628792300000276e-02 -5.748621842800000215e-01
-1.187801958579999956e-01 -8.032402945209999867e-01
-2.181710270820000075e-01 -9.219514483059999543e-01
-3.306920859770000054e-01 -1.000000000000000000e+00
3.644844844100000175e-02 -5.486311124760000490e-01
4.732383151100000296e-02 -7.476454777540000318e-01
-2.255990375000000055e-03 -8.708069068610000407e-01
-8.769274607099999952e-02 -9.647501781170000346e-01
-2.354932356299999918e-01 -8.387891167300000339e-02
-3.973423405170000144e-01 -2.156474941110000099e-01
-5.165513005470000474e-01 -3.342955837220000226e-01
-5.771150616139999467e-01 -4.645544815959999907e-01
-2.343844485190000049e-01 -5.102218272020000445e-01
-3.726361303140000025e-01 -6.235158702830000399e-01
-4.805367460500000187e-01 -5.860951125769999770e-01
-5.602797440969999876e-01 -5.249506607739999886e-01
-1.571465677520000048e-01 -5.666382426999999611e-01
-2.778205609580000068e-01 -7.660894203600000507e-01
-4.012526588549999995e-01 -8.551950497310000232e-01
-5.199079862219999626e-01 -9.060379476659999876e-01
-6.424031844300000238e-02 -5.762388477309999812e-01
-1.249402606749999978e-01 -8.045087657020000282e-01
-2.252785348349999883e-01 -9.229772476130000403e-01
-3.391198265079999885e-01 -1.000000000000000000e+00
3.322902056600000181e-02 -5.488324720030000048e-01
4.291150503300000113e-02 -7.486476531189999450e-01
-6.733933999999999580e-03 -8.727583556000000353e-01
-9.302491139099999806e-02 -9.674748048139999446e-01
-2.358441103530000138e-01 -8.227545070500000279e-02
-3.981486914560000145e-01 -2.145597699319999885e-01
-5.175961137650000321e-01 -3.332269482579999775e-01
-5.785305547529999703e-01 -4.614568471120000237e-01
-2.366133848860000055e-01 -5.111482337139999776e-01
-3.781730622280000120e-01 -6.227564034629999856e-01
-4.855126656250000061e-01 -5.827383986909999702e-01
-5.631021530990000246e-01 -5.193937277800000363e-01
-1.595052517639999889e-01 -5.676548839899999699e-01
-2.820282476359999846e-01 -7.688308834270000114e-01
-4.065805918070000136e-01 -8.585811034670000064e-01
-5.245374331559999881e-01 -9.086316373080000064e-01
-6.671087912900000583e-02 -5.765751665780000090e-01
-1.284505893200000026e-01 -8.076249206569999783e-01
-2.305232204669999951e-01 -9.250941234609999508e-01
-3.442226508360000103e-01 -1.000000000000000000e+00
3.098676340600000148e-02 -5.490773948630000012e-01
4.097773870899999726e-02 -7.489516738079999847e-01
-9.328903907000000648e-03 -8.733614151259999625e-01
-9.554945232700000346e-02 -9.682032821339999762e-01
-2.423511009390000026e-01 -8.217857024899999363e-02
-4.040880943530000269e-01 -2.122648980219999926e-01
-5.231101046360000506e-01 -3.314632718839999881e-01
-5.822913411910000114e-01 -4.636211263069999755e-01
-2.420704920229999890e-01 -5.092272496709999707e-01
-3.792185188910000004e-01 -6.217258946589999669e-01
-4.857849818250000173e-01 -5.830032060190000198e-01
-5.637555737199999584e-01 -5.182274945939999711e-01
-1.634127455820000019e-01 -5.669124519749999536e-01
-2.838003064110000140e-01 -7.686546833730000250e-01
-4.092302182590000226e-01 -8.593320810850000324e-01
-5.292006113910000531e-01 -9.088578589119999940e-01
-6.979327762199999396e-02 -5.770705021790000222e-01
-1.288826798870000012e-01 -8.083804864579999805e-01
-2.295442427069999958e-01 -9.257806562210000312e-01
-3.430411756219999830e-01 -1.000000000000000000e+00
2.655330349700000050e-02 -5.503755711250000182e-01
3.701794009300000271e-02 -7.505431090709999697e-01
-1.395314695800000011e-02 -8.749321515479999700e-01
-1.007103870559999947e-01 -9.685913311299999551e-01
-2.401479292179999891e-01 -8.283701537099999457e-02
-4.023313823529999778e-01 -2.146923190970000117e-01
-5.225171485430000207e-01 -3.329299436650000055e-01
-5.845876084919999771e-01 -4.637308460410000110e-01
-2.391694692699999902e-01 -5.145708315310000280e-01
-3.771291468140000047e-01 -6.253062823560000538e-01
-4.842533654689999967e-01 -5.853936780970000475e-01
-5.628871195129999672e-01 -5.199594959269999705e-01
-1.614061463829999932e-01 -5.720409160170000229e-01
-2.818323625499999929e-01 -7.724471558230000534e-01
-4.076091790260000236e-01 -8.624752018450000390e-01
-5.278829520740000447e-01 -9.111474954970000262e-01
-6.791492217200000014e-02 -5.812919459040000181e-01
-1.272568333350000136e-01 -8.115583410950000243e-01
-2.282865770749999967e-01 -9.274308187090000155e-01
-3.417704118479999997e-01 -1.000000000000000000e+00
2.884379944399999979e-02 -5.531885471099999840e-01
3.985272522999999678e-02 -7.542621224500000165e-01
-1.019142574899999966e-02 -8.786135714870000335e-01
-9.631652077400000567e-02 -9.721141156089999624e-01
-2.409637946079999926e-01 -8.351976547099999870e-02
-4.040200620239999818e-01 -2.154233115310000002e-01
-5.247366329420000142e-01 -3.349264891870000205e-01
-5.849714591050000356e-01 -4.654615887729999790e-01
-2.420840512540000100e-01 -5.120254477200000265e-01
-3.802992014739999815e-01 -6.264206184949999701e-01
-4.871909484220000031e-01 -5.859326618900000394e-01
-5.640421545820000215e-01 -5.203427980849999468e-01
-1.634360673960000010e-01 -5.693782732650000122e-01
-2.884928943789999978e-01 -7.688166718059999960e-01
-4.145425928400000015e-01 -8.566915742620000440e-01
-5.343122436660000529e-01 -9.057880686949999482e-01
-6.930979485799999840e-02 -5.798507024900000362e-01
-1.311140720900000056e-01 -8.098006341739999447e-01
-2.321606457450000049e-01 -9.260358046169999691e-01
-3.459974828810000180e-01 -1.000000000000000000e+00
2.799863918099999849e-02 -5.539206608390000453e-01
3.749793844999999709e-02 -7.542475961610000113e-01
-1.260885085000000051e-02 -8.788647816729999729e-01
-9.873453473200000108e-02 -9.735498926050000223e-01
