-2.271299199930000012e-01 -9.043151746100000499e-02
-3.843001336579999760e-01 -2.195879927549999888e-01
-4.991334277380000128e-01 -3.428295539580000217e-01
-5.413237822899999996e-01 -4.851655049940000186e-01
-2.069541018140000077e-01 -5.190792481260000368e-01
-3.282340636880000107e-01 -6.313403667820000065e-01
-4.288744937639999977e-01 -5.821276435319999720e-01
-5.011149929279999915e-01 -4.995429323730000148e-01
-1.317743082170000080e-01 -5.729489247069999847e-01
-2.460610136249999913e-01 -7.721251154520000215e-01
-3.693996527839999988e-01 -8.453611191190000262e-01
-4.874754472430000152e-01 -8.691580826010000260e-01
-4.489113688899999677e-02 -5.867216876709999696e-01
-1.021954248399999932e-01 -8.198109523009999844e-01
-2.028430679079999965e-01 -9.351905376100000389e-01
-3.170456713109999769e-01 -1.000000000000000000e+00
4.508715181799999999e-02 -5.635162267509999934e-01
4.604346820699999759e-02 -7.652807849730000056e-01
-9.891020421000000853e-03 -8.907634861440000273e-01
-1.019781427369999965e-01 -9.834577825500000481e-01
-2.329030487880000000e-01 -8.955505806899999310e-02
-3.950837697960000172e-01 -2.206534557929999973e-01
-5.117763358379999739e-01 -3.433800646430000270e-01
-5.515641172470000519e-01 -4.866562844299999746e-01
-2.156180970840000100e-01 -5.209465622869999812e-01
-3.378096658090000148e-01 -6.354984806110000051e-01
-4.436520408749999866e-01 -5.892458059259999548e-01
-5.220225266279999721e-01 -5.079807965720000151e-01
-1.397836925269999864e-01 -5.746427634609999613e-01
-2.530916313179999988e-01 -7.773850614739999942e-01
-3.797282381439999743e-01 -8.552955199080000126e-01
-5.008619820220000518e-01 -8.822260352640000081e-01
-5.089038869499999673e-02 -5.869289727490000219e-01
-1.070555099630000062e-01 -8.220065871099999644e-01
-2.088632717249999937e-01 -9.365134190470000286e-01
-3.240191527569999952e-01 -1.000000000000000000e+00
4.008622106399999802e-02 -5.622350120650000393e-01
4.236490133799999946e-02 -7.640412334689999918e-01
-1.362294759999999917e-02 -8.899045506560000485e-01
-1.055209612160000060e-01 -9.824336800039999984e-01
-2.332113239180000075e-01 -8.859798983899999647e-02
-3.994927593570000157e-01 -2.211680702709999946e-01
-5.180877782080000049e-01 -3.421945419860000226e-01
-5.537866530389999875e-01 -4.804725418079999755e-01
-2.188283583199999993e-01 -5.204978236089999877e-01
-3.445979514479999839e-01 -6.365206852050000474e-01
-4.492068113300000110e-01 -5.950015299209999720e-01
-5.268707615169999636e-01 -5.165500025560000319e-01
-1.400139538419999941e-01 -5.760368049399999801e-01
-2.525118948730000201e-01 -7.801217199840000394e-01
-3.797992433640000054e-01 -8.619598817029999749e-01
-5.018927140079999516e-01 -8.902357282189999887e-01
-4.889651934300000280e-02 -5.869307665220000469e-01
-1.045708063359999940e-01 -8.210048374299999674e-01
-2.047368491400000101e-01 -9.355853946590000358e-01
-3.171631070390000251e-01 -1.000000000000000000e+00
4.318202025100000008e-02 -5.597360156170000378e-01
4.581976832199999988e-02 -7.585239895640000229e-01
-5.226982558000000181e-03 -8.863819912779999921e-01
-9.094411278200000004e-02 -9.816868904390000372e-01
-2.378048635209999984e-01 -8.789341112600000672e-02
-4.086998310130000034e-01 -2.185938511009999918e-01
-5.286611391119999670e-01 -3.420266821629999732e-01
-5.610494389750000366e-01 -4.834709435760000118e-01
-2.292779562770000112e-01 -5.209535435100000056e-01
-3.596435464889999878e-01 -6.366463302349999465e-01
-4.610357825210000260e-01 -5.947631826670000121e-01
-5.352287176290000392e-01 -5.169481670040000365e-01
-1.494863285880000114e-01 -5.784750524259999471e-01
-2.671632155090000182e-01 -7.833411032549999486e-01
-3.972282578260000196e-01 -8.657763762550000353e-01
-5.209512743669999502e-01 -8.934110121249999592e-01
-5.607863697499999855e-02 -5.918437042020000538e-01
-1.178010090040000069e-01 -8.250452722250000148e-01
-2.224052915789999918e-01 -9.386889100099999883e-01
-3.370797250659999800e-01 -1.000000000000000000e+00
4.167272243999999709e-02 -5.670731797250000428e-01
4.414028230900000210e-02 -7.669706031480000297e-01
-8.546573143000000747e-03 -8.955458211869999907e-01
-9.484496633700000012e-02 -9.907312345050000024e-01
-2.412512024260000110e-01 -8.525400903099999983e-02
-4.125061394480000199e-01 -2.171412242680000049e-01
-5.314566805870000188e-01 -3.423535869089999739e-01
-5.668021683280000111e-01 -4.873189004449999806e-01
-2.370432571699999935e-01 -5.207042540430000255e-01
-3.624065125300000023e-01 -6.406164344800000521e-01
-4.609221808519999852e-01 -6.035880402429999458e-01
-5.340530161569999601e-01 -5.293733802610000039e-01
-1.573878961409999888e-01 -5.788349195930000413e-01
-2.749546001529999950e-01 -7.808717449609999806e-01
-4.048990339090000057e-01 -8.634277921749999862e-01
-5.292677553579999694e-01 -8.942888991999999870e-01
-6.285545609199999495e-02 -5.937123003969999591e-01
-1.254523575100000010e-01 -8.245756708120000056e-01
-2.319900863480000019e-01 -9.377142582299999862e-01
-3.488905990060000017e-01 -1.000000000000000000e+00
3.769398202100000123e-02 -5.718256510079999799e-01
3.901672645800000061e-02 -7.715146611140000221e-01
-1.528833712500000074e-02 -8.980505981009999639e-01
-1.032880277939999952e-01 -9.910963864970000481e-01
-2.442927339740000037e-01 -8.744018779300000155e-02
-4.185688501470000156e-01 -2.179642281710000018e-01
-5.398783256710000256e-01 -3.404847032169999732e-01
-5.706923117219999675e-01 -4.814507950579999807e-01
-2.425720849749999908e-01 -5.263541810080000216e-01
-3.758739325489999783e-01 -6.504010856290000087e-01
-4.705390524070000025e-01 -6.130024161029999918e-01
-5.388226177279999973e-01 -5.418063608669999587e-01
-1.631198150469999886e-01 -5.838938895590000122e-01
-2.878782214819999852e-01 -7.897330666009999556e-01
-4.180515677569999755e-01 -8.669633388409999641e-01
-5.421488877560000086e-01 -8.898913827200000126e-01
-6.729693522400000127e-02 -5.995723089050000176e-01
-1.336629224379999870e-01 -8.329781835180000149e-01
-2.444694358679999902e-01 -9.427931817879999787e-01
-3.659844275249999890e-01 -9.984107134009999607e-01
3.444673654400000340e-02 -5.787651457229999741e-01
3.697536735499999672e-02 -7.831511118909999514e-01
-2.195477137599999989e-02 -9.096604318190000260e-01
-1.164232292769999955e-01 -1.000000000000000000e+00
-2.438067562519999898e-01 -8.907468973399999823e-02
-4.183129941829999976e-01 -2.197742289559999895e-01
-5.391617766870000494e-01 -3.423213820739999802e-01
-5.668620356800000426e-01 -4.833431492570000043e-01
-2.407524358789999985e-01 -5.290269863580000509e-01
-3.705446327229999781e-01 -6.543890414580000314e-01
-4.674877133120000083e-01 -6.185357825670000365e-01
-5.387097934340000505e-01 -5.494400032220000396e-01
-1.611730772270000001e-01 -5.853044255099999482e-01
-2.837116372160000122e-01 -7.904280212740000255e-01
-4.134133760300000016e-01 -8.679187891740000049e-01
-5.370605264150000169e-01 -8.919856314440000045e-01
-6.473012443299999696e-02 -6.008451380970000200e-01
-1.306278019379999988e-01 -8.342190298489999822e-01
-2.400304979360000091e-01 -9.443754468599999674e-01
-3.604279109819999993e-01 -1.000000000000000000e+00
3.795289795100000030e-02 -5.810464532479999722e-01
3.955292710700000075e-02 -7.865048357930000122e-01
-2.171437723499999861e-02 -9.112219458550000484e-01
-1.183214818159999959e-01 -9.992014144140000109e-01
-2.461807072659999984e-01 -9.006909770399999793e-02
-4.171136815220000127e-01 -2.198822232969999957e-01
-5.373818510210000010e-01 -3.431500581560000263e-01
-5.670054306639999986e-01 -4.834663577330000073e-01
-2.378471071630000044e-01 -5.313434901970000013e-01
-3.688688585630000016e-01 -6.551193701120000545e-01
-4.669062499789999876e-01 -6.172441728099999914e-01
-5.385632134350000211e-01 -5.465739980489999761e-01
-1.587680022749999864e-01 -5.870331420380000553e-01
-2.796351973480000197e-01 -7.936605690300000404e-01
-4.097537190830000120e-01 -8.746161759399999625e-01
-5.340547942279999516e-01 -9.007297379690000216e-01
-6.403159631099999971e-02 -6.011048595650000381e-01
-1.284170399279999930e-01 -8.356217567639999677e-01
-2.391208344140000053e-01 -9.455072072550000373e-01
-3.603223809669999778e-01 -1.000000000000000000e+00
3.555757819900000338e-02 -5.804562426870000236e-01
3.460924280899999733e-02 -7.873655516269999488e-01
-3.009655528599999852e-02 -9.092903087000000495e-01
-1.291784153530000090e-01 -9.936712975020000060e-01
-2.493304779799999926e-01 -9.103449175699999951e-02
-4.258795719699999816e-01 -2.235133547350000027e-01
-5.500472248590000390e-01 -3.484229988229999853e-01
-5.776121124899999959e-01 -4.948702305620000241e-01
-2.439965134019999871e-01 -5.360931460679999594e-01
-3.752175871330000190e-01 -6.612152758079999915e-01
-4.723832529770000122e-01 -6.217401246889999733e-01
-5.430435082619999854e-01 -5.464032434819999784e-01
-1.647919817110000129e-01 -5.901768022750000231e-01
-2.865152341380000078e-01 -7.989108712389999534e-01
-4.183637463129999956e-01 -8.769798938949999734e-01
-5.446872432149999499e-01 -8.979398444259999446e-01
-7.016515439600000403e-02 -6.034774255549999467e-01
-1.369782233659999904e-01 -8.406465947719999887e-01
-2.501154944169999839e-01 -9.491827282250000497e-01
-3.739533906970000099e-01 -1.000000000000000000e+00
2.789078051099999969e-02 -5.821271607800000414e-01
2.292707373599999973e-02 -7.911034796970000116e-01
-4.642578513400000273e-02 -9.120205719659999488e-01
-1.499819026060000005e-01 -9.937262562719999526e-01
-2.474102264499999926e-01 -8.853337149999999933e-02
-4.225602726720000257e-01 -2.223611104590000054e-01
-5.475097097929999546e-01 -3.480280477330000011e-01
-5.797627259690000256e-01 -4.984888620890000066e-01
-2.422395170989999902e-01 -5.384577031549999671e-01
-3.700605190340000017e-01 -6.614974824139999710e-01
-4.703208024989999902e-01 -6.267694661220000185e-01
-5.427767427959999669e-01 -5.541806467359999822e-01
-1.643643937229999907e-01 -5.947848672700000172e-01
-2.849290946549999926e-01 -8.031877490019999621e-01
-4.197205393999999812e-01 -8.825199084000000527e-01
-5.469160163490000004e-01 -9.033120445229999573e-01
-7.258964059299999327e-02 -6.092487834409999747e-01
-1.420306959300000060e-01 -8.457123030859999835e-01
-2.575377794250000019e-01 -9.520101970430000504e-01
-3.810413841320000050e-01 -9.991088732570000408e-01
2.270327997800000025e-02 -5.880874561829999569e-01
1.165063749099999948e-02 -7.980408937549999804e-01
-6.045349388299999654e-02 -9.194519265510000539e-01
-1.651629978270000021e-01 -1.000000000000000000e+00
-2.499633070020000070e-01 -8.858102108500000293e-02
-4.270823934310000181e-01 -2.223859566289999867e-01
-5.553838111200000149e-01 -3.464489305319999879e-01
-5.832459101539999580e-01 -4.967387404320000033e-01
-2.513765665989999842e-01 -5.451518242020000349e-01
-3.816923101449999911e-01 -6.695585225639999472e-01
-4.758658232260000176e-01 -6.308180194539999563e-01
-5.418247174870000071e-01 -5.538268029220000388e-01
-1.714779452890000111e-01 -6.009030364840000082e-01
-2.910151745280000202e-01 -8.115400481400000254e-01
-4.235346575480000153e-01 -8.892058150920000292e-01
-5.487671348839999741e-01 -9.034224967309999466e-01
-7.973661455500000161e-02 -6.146176189059999739e-01
-1.486923589120000000e-01 -8.518327298719999829e-01
-2.659957718040000252e-01 -9.564054195850000273e-01
-3.903769872819999875e-01 -1.000000000000000000e+00
1.312949695399999971e-02 -5.918528821609999602e-01
3.030460800000000176e-04 -8.028823852169999498e-01
-7.506833850100000372e-02 -9.223466603719999712e-01
-1.819200776630000016e-01 -9.991447527600000322e-01
-2.460215611880000042e-01 -8.717429075200000543e-02
-4.249698336280000044e-01 -2.188041634179999917e-01
-5.544203382500000332e-01 -3.392309285410000097e-01
-5.689550481689999994e-01 -4.848616883910000230e-01
-2.397375762700000024e-01 -5.467926088690000519e-01
-3.672437907500000209e-01 -6.683683172350000090e-01
-4.659738450759999817e-01 -6.232232518370000030e-01
-5.347577173530000394e-01 -5.412546436699999797e-01
-1.641204987379999980e-01 -5.989883657600000300e-01
-2.842684614709999891e-01 -8.102975404500000201e-01
-4.190739231450000268e-01 -8.859192803609999833e-01
-5.437893319609999887e-01 -8.985610646580000083e-01
-7.400659800999999371e-02 -6.102268525259999521e-01
-1.443267435510000030e-01 -8.491192453810000318e-01
-2.609992362319999981e-01 -9.547086573780000363e-01
-3.836946990010000058e-01 -9.991563054119999565e-01
1.723787070500000171e-02 -5.861468827850000451e-01
4.082715451000000148e-03 -7.982175923369999593e-01
-6.995886998700000248e-02 -9.201200589860000223e-01
-1.747902145219999981e-01 -1.000000000000000000e+00
-2.485740709689999994e-01 -8.521222222200000584e-02
-4.294046783900000164e-01 -2.158637909649999964e-01
-5.578187188469999613e-01 -3.385998030790000057e-01
-5.757719830790000159e-01 -4.833610872179999740e-01
-2.496415980849999994e-01 -5.391760801099999556e-01
-3.727553274240000269e-01 -6.715980870240000344e-01
-4.634926387289999838e-01 -6.263964613089999522e-01
-5.261972602969999802e-01 -5.413458464879999932e-01
-1.715125534480000102e-01 -5.939480462480000167e-01
-2.852368254939999792e-01 -8.112087141179999961e-01
-4.157862764090000107e-01 -8.889558855729999820e-01
-5.354424068900000000e-01 -8.997594768909999985e-01
-8.058533464500000632e-02 -6.077793124479999864e-01
-1.494349559300000019e-01 -8.488152075770000193e-01
-2.659138761979999988e-01 -9.549007295960000308e-01
-3.860422818470000128e-01 -9.997292690119999881e-01
1.301859826900000038e-02 -5.858244542280000022e-01
-1.945780023999999940e-03 -7.966192824109999959e-01
-7.490987903699999895e-02 -9.190395604469999702e-01
-1.764423510029999864e-01 -1.000000000000000000e+00
-2.451260231000000067e-01 -8.408524282099999470e-02
-4.220004887950000172e-01 -2.157815177029999976e-01
-5.497880595730000319e-01 -3.366417527780000141e-01
-5.719588063480000040e-01 -4.799994760810000205e-01
-2.487477910189999919e-01 -5.453869422949999546e-01
-3.773916863590000004e-01 -6.687031072469999948e-01
-4.703778902360000180e-01 -6.170672199440000449e-01
-5.337012252489999886e-01 -5.265972438429999958e-01
-1.728129518469999903e-01 -5.991312500590000312e-01
-2.934946532220000237e-01 -8.100708818909999609e-01
-4.262111150580000229e-01 -8.847313625360000433e-01
-5.488372171690000245e-01 -8.952093319439999863e-01
-8.159245767299999619e-02 -6.100062297999999661e-01
-1.511148729450000061e-01 -8.493853478820000413e-01
-2.661252678420000239e-01 -9.525388866870000415e-01
-3.873992495570000028e-01 -9.947187418670000447e-01
1.155048927299999993e-02 -5.849354018929999732e-01
-1.629813263999999951e-03 -7.957952658600000451e-01
-7.463739201699999548e-02 -9.190094199830000088e-01
-1.783397872340000134e-01 -1.000000000000000000e+00
-2.455550612600000127e-01 -8.360074435299999496e-02
-4.265886440880000130e-01 -2.145631526219999863e-01
-5.571632601610000401e-01 -3.340613631289999774e-01
-5.743424662549999615e-01 -4.743502543520000114e-01
-2.489738394650000131e-01 -5.425064930309999589e-01
-3.783308376019999808e-01 -6.646993853299999477e-01
-4.735010763699999958e-01 -6.144089246880000132e-01
-5.389468210600000253e-01 -5.273424768750000213e-01
-1.737742104620000061e-01 -5.968612786400000481e-01
-2.924034974070000015e-01 -8.095483847369999708e-01
-4.268270857450000011e-01 -8.839329185190000215e-01
-5.501486228640000142e-01 -8.921278852839999995e-01
-8.337032679700000226e-02 -6.090664076930000226e-01
-1.516323734699999981e-01 -8.506963857329999934e-01
-2.684077785000000271e-01 -9.531286322330000393e-01
-3.908706188509999957e-01 -9.943312679139999499e-01
9.249545988999999593e-03 -5.850277362479999743e-01
-2.760054610999999793e-03 -7.964636136539999800e-01
-7.583113358899999656e-02 -9.190664430930000073e-01
-1.799400237809999914e-01 -1.000000000000000000e+00
-2.437036508019999881e-01 -8.236531979300000528e-02
-4.208096657050000022e-01 -2.137830306890000087e-01
-5.493723752229999757e-01 -3.334539320900000159e-01
-5.738851076750000058e-01 -4.746929544869999962e-01
-2.487037596259999983e-01 -5.406014602440000205e-01
-3.760684495380000048e-01 -6.661806212969999530e-01
-4.704192642750000264e-01 -6.174326218479999628e-01
-5.358215103869999885e-01 -5.310582814640000260e-01
-1.730785463329999885e-01 -5.942683581580000540e-01
-2.931924347350000071e-01 -8.071386260230000165e-01
-4.265588409769999756e-01 -8.794798046739999986e-01
-5.494422420369999838e-01 -8.869548865080000288e-01
-8.248448588800000314e-02 -6.063785535889999467e-01
-1.515785258540000013e-01 -8.487899430880000429e-01
-2.680151040279999952e-01 -9.514084354880000260e-01
-3.912747653570000095e-01 -9.933988224809999767e-01
1.109834340900000063e-02 -5.826113942449999694e-01
-1.702983965999999971e-03 -7.937561676840000358e-01
-7.542809467399999579e-02 -9.173456553269999647e-01
-1.807240560920000128e-01 -1.000000000000000000e+00
-2.451497160149999910e-01 -8.136540615899999496e-02
-4.189203503469999812e-01 -2.125813301139999889e-01
-5.469230441169999901e-01 -3.320062939499999755e-01
-5.803010652890000509e-01 -4.723206235599999858e-01
-2.484376642849999983e-01 -5.407513775000000189e-01
-3.751534987410000133e-01 -6.639165553779999840e-01
-4.708337846489999978e-01 -6.153618301519999667e-01
-5.379238838230000486e-01 -5.295431949169999708e-01
-1.724206544989999867e-01 -5.961394573249999551e-01
-2.921233329510000143e-01 -8.073567024619999755e-01
-4.252114796989999723e-01 -8.805194971590000197e-01
-5.470821187969999722e-01 -8.878109163120000424e-01
-8.266938754899999520e-02 -6.088035258630000168e-01
-1.529447417070000093e-01 -8.494880038390000276e-01
-2.700695483519999773e-01 -9.510347563090000289e-01
-3.919376015070000219e-01 -9.917995043099999686e-01
9.589656477999999179e-03 -5.843399165760000402e-01
-6.510111713000000036e-03 -7.959598635769999930e-01
-8.042400533299999543e-02 -9.189286273240000469e-01
-1.838222734599999908e-01 -1.000000000000000000e+00
-2.444132184199999946e-01 -8.146301473099999690e-02
-4.259247073879999790e-01 -2.147752634220000123e-01
-5.576084386999999865e-01 -3.368939020339999924e-01
-5.820624569240000490e-01 -4.802916378639999762e-01
-2.530126785360000130e-01 -5.385946826609999682e-01
-3.820460105879999735e-01 -6.658340119810000068e-01
-4.762872854030000269e-01 -6.188428540870000161e-01
-5.433492615930000103e-01 -5.335917970839999525e-01
-1.770533685940000046e-01 -5.936793714610000272e-01
-2.995481424409999760e-01 -8.058365072319999545e-01
-4.322261223309999956e-01 -8.799875850610000549e-01
-5.556929752210000295e-01 -8.897165908070000517e-01
-8.592907525800000390e-02 -6.067389959510000041e-01
-1.582072991379999960e-01 -8.475626365989999966e-01
-2.733147046350000164e-01 -9.492674973639999569e-01
-3.957198176530000167e-01 -9.911111370540000021e-01
7.659574066999999889e-03 -5.828428323890000318e-01
-8.763726931000000511e-03 -7.946120602739999983e-01
-8.085354907899999777e-02 -9.177053329290000283e-01
-1.841844115309999863e-01 -1.000000000000000000e+00
-2.474566659349999864e-01 -8.186469685800000506e-02
-4.293003527190000224e-01 -2.136949115039999958e-01
-5.613994190790000394e-01 -3.366177926319999791e-01
-5.841600434889999693e-01 -4.847005130600000045e-01
-2.573399118660000262e-01 -5.373404414529999729e-01
-3.816788057769999742e-01 -6.648262756110000504e-01
-4.733936888290000145e-01 -6.170421094369999970e-01
-5.367295258759999799e-01 -5.289064256540000342e-01
-1.802180461089999963e-01 -5.921198746870000029e-01
-3.015246646529999852e-01 -8.034768047129999813e-01
-4.344927410830000114e-01 -8.740388541360000207e-01
-5.567787789739999660e-01 -8.789914313419999736e-01
-8.840776660299999590e-02 -6.073581282150000149e-01
-1.624257209960000004e-01 -8.485861465439999973e-01
-2.814930644299999951e-01 -9.491241376200000301e-01
-4.055993974700000115e-01 -9.866501706850000497e-01
6.885133606999999621e-03 -5.871170577130000456e-01
-1.250422506599999962e-02 -8.004728212310000535e-01
-8.765330320399999930e-02 -9.218538143329999546e-01
-1.923757152860000041e-01 -1.000000000000000000e+00
-2.486345629670000112e-01 -8.386881402599999369e-02
-4.306279070780000273e-01 -2.163382004620000021e-01
-5.628143003669999755e-01 -3.402703720060000214e-01
-5.843143272149999845e-01 -4.919651714859999969e-01
-2.550557421979999795e-01 -5.370993425969999846e-01
-3.772654013280000163e-01 -6.736853673949999566e-01
-4.715531483679999969e-01 -6.332398220430000002e-01
-5.372912601949999534e-01 -5.473972337739999583e-01
-1.768573028529999980e-01 -5.905882244960000138e-01
-2.998459285680000197e-01 -8.061491057359999601e-01
-4.334270878059999776e-01 -8.724559886820000276e-01
-5.563331885619999806e-01 -8.703912565589999595e-01
-8.504981522700000296e-02 -6.054458942399999488e-01
-1.594031562740000074e-01 -8.477422736099999856e-01
-2.801325827799999724e-01 -9.481653042400000064e-01
-4.071698735889999754e-01 -9.828243163240000246e-01
8.001979343999999703e-03 -5.848911782500000323e-01
-1.315186628199999964e-02 -7.986980314860000485e-01
-8.786323386399999547e-02 -9.218765940430000416e-01
-1.929913638649999874e-01 -1.000000000000000000e+00
-2.492771690599999979e-01 -8.502814119800000681e-02
-4.279951582289999723e-01 -2.181746094370000111e-01
-5.600752186790000087e-01 -3.413507926900000156e-01
-5.852710818080000266e-01 -4.918474263159999804e-01
-2.495868040279999867e-01 -5.390320518400000260e-01
-3.735121947139999898e-01 -6.643449503580000082e-01
-4.703288879070000039e-01 -6.225616611809999812e-01
-5.382436135789999687e-01 -5.370311625949999446e-01
-1.735251299680000137e-01 -5.931607679939999711e-01
-2.976694879519999892e-01 -8.044095958220000009e-01
-4.331401682989999835e-01 -8.747513877860000342e-01
-5.580818558260000062e-01 -8.774939385740000430e-01
-8.421182018999999463e-02 -6.070249661909999928e-01
-1.575538931069999926e-01 -8.482828625410000489e-01
-2.775276162509999756e-01 -9.502520531989999686e-01
-4.039392509449999946e-01 -9.884507521590000234e-01
5.599674314000000278e-03 -5.853799610059999825e-01
-1.389559066000000016e-02 -7.984794622230000360e-01
-8.771124129200000286e-02 -9.211357395050000507e-01
-1.924160607969999937e-01 -1.000000000000000000e+00
-2.467676249300000124e-01 -8.480361109999999536e-02
-4.245786149990000147e-01 -2.171100025400000133e-01
-5.562679826730000388e-01 -3.387483808810000108e-01
-5.877523329520000228e-01 -4.858025619610000234e-01
-2.520072910460000037e-01 -5.398389811789999770e-01
-3.781893317610000027e-01 -6.638215598529999539e-01
-4.746021437210000138e-01 -6.183257108520000545e-01
-5.416792029389999596e-01 -5.315708160469999610e-01
-1.741222635680000075e-01 -5.941649547530000186e-01
-2.991153270579999801e-01 -8.055390511650000196e-01
-4.343040792830000218e-01 -8.753410750819999864e-01
-5.589023595569999614e-01 -8.781529721959999701e-01
-8.343345824299999713e-02 -6.075439525900000470e-01
-1.573151225960000010e-01 -8.484600596400000416e-01
-2.774197494810000109e-01 -9.496601236170000293e-01
-4.034044374769999997e-01 -9.871700704860000286e-01
8.510043736999999345e-03 -5.843741210270000375e-01
-1.139932645000000036e-02 -7.971851396779999765e-01
-8.501542987200000345e-02 -9.203306706080000010e-01
-1.891739180670000131e-01 -1.000000000000000000e+00
-2.458134741169999971e-01 -8.521148409100000320e-02
-4.242960360749999937e-01 -2.192959670440000064e-01
-5.552860376729999992e-01 -3.416211878300000060e-01
-5.873309300229999641e-01 -4.860112490690000064e-01
-2.529419272689999998e-01 -5.389680079449999939e-01
-3.801866277509999836e-01 -6.645946302240000048e-01
-4.729075108729999810e-01 -6.143835244969999554e-01
-5.372501202910000551e-01 -5.254556335440000447e-01
-1.757370641559999891e-01 -5.927699237379999708e-01
-3.013071018560000147e-01 -8.029464915120000379e-01
-4.346004881070000270e-01 -8.721745599729999743e-01
-5.575164876379999912e-01 -8.774250419860000205e-01
-8.515097703799999473e-02 -6.061798866519999551e-01
-1.615852878850000118e-01 -8.467057900300000162e-01
-2.801047005030000148e-01 -9.478771549159999976e-01
-4.041960437050000077e-01 -9.879475427160000489e-01
7.670414589000000213e-03 -5.834536241109999910e-01
-1.328529818999999931e-02 -7.966556998599999551e-01
-8.676730760499999640e-02 -9.191332562780000215e-01
-1.899256572989999892e-01 -1.000000000000000000e+00
-2.458760146010000036e-01 -8.465668162099999894e-02
-4.234740859919999822e-01 -2.181575775519999927e-01
-5.542827558209999506e-01 -3.403127326459999824e-01
-5.882060673679999629e-01 -4.877944657400000161e-01
-2.513378921730000104e-01 -5.391815166319999797e-01
-3.787888418070000096e-01 -6.699946793779999465e-01
-4.727675920880000104e-01 -6.263842883279999718e-01
-5.389168992620000376e-01 -5.421947152360000466e-01
-1.732339375960000039e-01 -5.931096611639999905e-01
-2.983254081749999731e-01 -8.053346118009999666e-01
-4.315983659879999990e-01 -8.704312399400000455e-01
-5.543651001610000462e-01 -8.702951161480000364e-01
-8.415901350399999925e-02 -6.063524203719999894e-01
-1.591595625309999984e-01 -8.473954109719999961e-01
-2.798310476970000127e-01 -9.485513070500000143e-01
-4.059109602059999822e-01 -9.883362302970000179e-01
5.370624860999999653e-03 -5.820696324030000257e-01
-1.296942712699999944e-02 -7.959102905289999752e-01
-8.522096886600000198e-02 -9.189721241949999619e-01
-1.879971621800000103e-01 -1.000000000000000000e+00
-2.470639946290000000e-01 -8.394529600399999736e-02
-4.225775489310000244e-01 -2.185586497220000091e-01
-5.520927014669999577e-01 -3.412513513059999837e-01
-5.897431071540000236e-01 -4.876516352470000037e-01
-2.499093707770000117e-01 -5.417077020220000261e-01
-3.775225198270000249e-01 -6.703555016229999497e-01
-4.759213228749999969e-01 -6.310378900049999906e-01
-5.465405118730000122e-01 -5.503891702680000497e-01
-1.724407773219999995e-01 -5.964608421920000181e-01
-2.961095365640000199e-01 -8.092716570539999488e-01
-4.317097525799999946e-01 -8.800289053099999981e-01
-5.561901763380000530e-01 -8.836729726640000226e-01
-8.393143198800000204e-02 -6.091107492780000188e-01
-1.583332510400000115e-01 -8.501191124160000223e-01
-2.817663220220000264e-01 -9.515861614670000357e-01
-4.089843079100000112e-01 -9.901730078079999942e-01
5.465481410000000428e-03 -5.845986280430000015e-01
-1.205491621700000016e-02 -7.971418248099999548e-01
-8.620904185500000150e-02 -9.200574737009999948e-01
-1.898429048289999865e-01 -1.000000000000000000e+00
-2.458696928559999939e-01 -8.679650501400000551e-02
-4.227533171150000268e-01 -2.225054352249999923e-01
-5.522754081749999822e-01 -3.461723917940000006e-01
-5.897978577219999963e-01 -4.915236573619999882e-01
-2.458773780329999992e-01 -5.418103319289999664e-01
-3.737871733079999870e-01 -6.675620674100000151e-01
-4.730678601509999970e-01 -6.273164258660000048e-01
-5.451347143600000500e-01 -5.477098696650000154e-01
-1.691295135910000080e-01 -5.952957867410000325e-01
-2.925347471890000217e-01 -8.072447580980000037e-01
-4.268982668490000076e-01 -8.775349585310000533e-01
-5.509869377999999651e-01 -8.828216616259999538e-01
-7.907554152500000100e-02 -6.080147546080000298e-01
-1.522950558349999983e-01 -8.487981605879999503e-01
-2.726031631179999803e-01 -9.520698801500000474e-01
-3.988250140710000169e-01 -9.932146291769999857e-01
1.358541334799999965e-02 -5.853592022600000444e-01
-3.939623500000000313e-05 -7.959436471590000117e-01
-7.485956212399999532e-02 -9.184816978090000195e-01
-1.812308726909999945e-01 -1.000000000000000000e+00
-2.469102951300000126e-01 -8.774609644200000169e-02
-4.216355005579999760e-01 -2.230368301479999926e-01
-5.504948561700000464e-01 -3.475383858589999875e-01
-5.914583469419999462e-01 -4.961428589160000180e-01
-2.452294394879999950e-01 -5.414964602289999984e-01
-3.764392380089999768e-01 -6.648464226150000433e-01
-4.781580469450000259e-01 -6.305924623959999753e-01
-5.534094475220000531e-01 -5.570464235990000290e-01
-1.697256022870000103e-01 -5.955127077980000294e-01
-2.950202515129999870e-01 -8.040874831630000497e-01
-4.310566273609999777e-01 -8.765117808569999891e-01
-5.581721449980000527e-01 -8.848365702120000176e-01
-8.046270083999999823e-02 -6.090802495599999533e-01
-1.553611818260000055e-01 -8.474846518609999713e-01
-2.772331275830000052e-01 -9.498098120860000160e-01
-4.056205059240000077e-01 -9.902802924529999773e-01
1.193854703699999929e-02 -5.873920842209999771e-01
-1.545603618999999906e-03 -7.976397546360000090e-01
-7.660676945399999549e-02 -9.194946475549999887e-01
-1.836498488230000059e-01 -1.000000000000000000e+00
-2.507892810699999808e-01 -8.656643237099999333e-02
-4.220512311890000090e-01 -2.222593830959999905e-01
-5.510007193789999702e-01 -3.481067819870000135e-01
-6.006699356069999940e-01 -5.004723296190000115e-01
-2.485057904940000117e-01 -5.429547427059999709e-01
-3.771232244969999758e-01 -6.694244194620000421e-01
-4.805607328659999844e-01 -6.407965768829999575e-01
-5.579859434189999856e-01 -5.689724557280000372e-01
-1.711193496810000103e-01 -5.982995662829999617e-01
-2.961096155530000273e-01 -8.087535636620000190e-01
-4.331832477449999996e-01 -8.839132166059999740e-01
-5.622080779379999838e-01 -8.930994081830000431e-01
-8.181972914700000321e-02 -6.107799692690000226e-01
-1.533161910649999959e-01 -8.499273214529999843e-01
-2.755151141650000191e-01 -9.529420316850000239e-01
-4.051474677479999786e-01 -9.942313923640000439e-01
8.263840635000000226e-03 -5.861339516089999480e-01
-3.495084179000000017e-03 -7.964756423130000540e-01
-7.701122193600000443e-02 -9.192363734709999568e-01
-1.830579180870000044e-01 -1.000000000000000000e+00
-2.513415301440000138e-01 -8.578014851500000149e-02
-4.256000224209999794e-01 -2.217269606850000019e-01
-5.542426913000000344e-01 -3.490283060739999832e-01
-5.987602559029999716e-01 -4.997794704529999743e-01
-2.481116628579999872e-01 -5.434185775980000521e-01
-3.772515220479999987e-01 -6.683574522399999829e-01
-4.826372098239999908e-01 -6.365293998659999897e-01
-5.619798243310000219e-01 -5.649698940270000413e-01
-1.728241547180000004e-01 -5.985475398530000213e-01
-2.969099608460000206e-01 -8.086464232940000496e-01
-4.354496730319999953e-01 -8.833108788789999499e-01
-5.652163832769999674e-01 -8.925967374850000136e-01
-8.330588768799999932e-02 -6.104319273410000468e-01
-1.566127433049999962e-01 -8.514029989420000000e-01
-2.802388717800000095e-01 -9.538340434559999803e-01
-4.106059026180000071e-01 -9.946773555300000291e-01
8.360126541999999411e-03 -5.864230792350000332e-01
-2.095276715999999824e-03 -7.959250863190000524e-01
-7.392260639000000633e-02 -9.186227667030000266e-01
-1.790137036920000091e-01 -1.000000000000000000e+00
-2.463323031559999932e-01 -8.657702234700000166e-02
-4.149319466949999979e-01 -2.242745404600000048e-01
-5.431728770860000388e-01 -3.493012022940000239e-01
-5.977316697160000025e-01 -4.950768993369999982e-01
-2.478909128490000002e-01 -5.460282966270000315e-01
-3.771473657700000204e-01 -6.686446064200000095e-01
-4.807592350780000023e-01 -6.336073322590000112e-01
-5.573184537540000205e-01 -5.601638578209999775e-01
-1.712036669060000016e-01 -5.994454804440000339e-01
-2.951697753940000224e-01 -8.067423359059999743e-01
-4.307379182270000273e-01 -8.878474736400000511e-01
-5.586300927159999485e-01 -9.088142289609999480e-01
-8.255235438899999334e-02 -6.074964079679999740e-01
-1.548167202140000032e-01 -8.441372644069999875e-01
-2.728646149499999729e-01 -9.503718681630000109e-01
-3.982855293379999884e-01 -1.000000000000000000e+00
6.517162418000000020e-03 -5.788379429259999931e-01
-4.149046176000000148e-03 -7.879290240590000050e-01
-7.035307944299999672e-02 -9.117214533499999884e-01
-1.682794589119999962e-01 -9.964078801989999512e-01
-2.434133592359999931e-01 -8.822105381299999438e-02
-4.115761419499999740e-01 -2.265070999159999876e-01
-5.374588246670000125e-01 -3.514651429039999941e-01
-5.953135136730000054e-01 -4.927138643030000154e-01
-2.457999651849999967e-01 -5.397212843669999538e-01
-3.720405196450000118e-01 -6.624440030270000168e-01
-4.744817768490000032e-01 -6.269576239649999883e-01
-5.516478569720000280e-01 -5.563529229579999846e-01
-1.681298436010000008e-01 -5.933869406830000193e-01
-2.898814541679999857e-01 -7.985941186730000085e-01
-4.238936022829999928e-01 -8.804326331520000437e-01
-5.518856181800000371e-01 -9.060556119079999915e-01
-7.904295617800000118e-02 -6.028915083620000059e-01
-1.513185580849999989e-01 -8.378839852149999601e-01
-2.681509407770000242e-01 -9.459489906510000212e-01
-3.932938194650000274e-01 -1.000000000000000000e+00
1.136591584300000041e-02 -5.771927734889999995e-01
2.733907969999999966e-04 -7.854094410569999463e-01
-6.515840888500000483e-02 -9.088146566060000264e-01
-1.630855854640000102e-01 -9.957716671430000277e-01
-2.398924826909999974e-01 -8.726129587299999435e-02
-4.089204298269999982e-01 -2.251791533170000026e-01
-5.358947440810000185e-01 -3.490740757199999877e-01
-5.865782105850000372e-01 -4.898623531790000096e-01
-2.414915681990000007e-01 -5.361142256559999764e-01
-3.724192260129999821e-01 -6.576381508580000368e-01
-4.758769474619999884e-01 -6.228351680570000104e-01
-5.528932347489999843e-01 -5.550522791699999958e-01
-1.644486052820000044e-01 -5.899080017540000442e-01
-2.874086194880000056e-01 -7.948932068120000416e-01
-4.208938892569999979e-01 -8.795400999200000403e-01
-5.487712003179999742e-01 -9.109295002670000363e-01
-7.498939806200000113e-02 -5.991089155059999838e-01
-1.439849962199999944e-01 -8.328140280029999731e-01
-2.566130958499999726e-01 -9.426457726169999995e-01
-3.787577835850000074e-01 -1.000000000000000000e+00
1.501493978599999918e-02 -5.716578584539999675e-01
8.533526192999999274e-03 -7.807803848359999854e-01
-5.167405721099999766e-02 -9.051254298219999495e-01
-1.452093235299999896e-01 -9.935250451199999500e-01
-2.389662164739999872e-01 -8.622112886299999890e-02
-4.038053399439999747e-01 -2.260873893379999888e-01
-5.268519604400000444e-01 -3.519501370029999854e-01
-5.891117653690000067e-01 -4.878240303859999738e-01
-2.351535505990000052e-01 -5.297045657440000443e-01
-3.667235543749999827e-01 -6.506170827670000323e-01
-4.729181098829999819e-01 -6.175505057390000552e-01
-5.526259029760000052e-01 -5.548519783190000165e-01
-1.604200417459999972e-01 -5.840434637550000474e-01
-2.851678388159999966e-01 -7.889186471679999757e-01
-4.177717306650000073e-01 -8.750248301320000532e-01
-5.439938050050000529e-01 -9.109993736220000082e-01
-7.205871078200000446e-02 -5.939081287380000296e-01
-1.411573137179999993e-01 -8.280371854239999552e-01
-2.527096852590000053e-01 -9.384104760660000322e-01
-3.740295603959999937e-01 -1.000000000000000000e+00
1.766655393699999993e-02 -5.677878522579999920e-01
1.181115038500000006e-02 -7.754412831579999832e-01
-4.848050196300000142e-02 -8.999287142240000037e-01
-1.416181958240000094e-01 -9.914816736579999956e-01
-2.316074383360000044e-01 -8.761074679199999660e-02
-3.978465067040000136e-01 -2.290532546780000012e-01
-5.208714949470000244e-01 -3.547101238140000223e-01
-5.815947447760000388e-01 -4.894615220260000177e-01
-2.316493737620000104e-01 -5.308401555570000374e-01
-3.635309809439999928e-01 -6.497532886939999530e-01
-4.699469053840000243e-01 -6.139774388909999825e-01
-5.486679817980000262e-01 -5.488366646019999795e-01
-1.567899703710000092e-01 -5.842170264460000428e-01
-2.791225723569999984e-01 -7.887926030430000290e-01
-4.105388619429999886e-01 -8.758742632879999990e-01
-5.342068098609999982e-01 -9.146793453189999701e-01
-6.848066370300000261e-02 -5.920645600780000128e-01
-1.346335724630000064e-01 -8.262190673529999918e-01
-2.448014376400000081e-01 -9.367158282369999478e-01
-3.636136471879999887e-01 -1.000000000000000000e+00
2.168769235100000137e-02 -5.632740078810000162e-01
1.943530071499999928e-02 -7.680893956369999609e-01
-3.871422821599999897e-02 -8.921170508839999513e-01
-1.293052135599999930e-01 -9.842078111919999595e-01
-2.383165705739999918e-01 -8.358147304000000666e-02
-4.054071151729999878e-01 -2.216542383450000042e-01
-5.268890035529999460e-01 -3.464707201769999800e-01
-5.937956926720000528e-01 -4.788207785740000166e-01
-2.414398258819999976e-01 -5.253856414919999551e-01
-3.727832274119999845e-01 -6.423831040149999838e-01
-4.739361576000000187e-01 -6.047525762659999859e-01
-5.486251921989999669e-01 -5.394205909699999468e-01
-1.657549965300000039e-01 -5.801796347730000525e-01
-2.938184936509999901e-01 -7.827781288409999538e-01
-4.258966207150000072e-01 -8.702077424809999684e-01
-5.497477368530000463e-01 -9.139790928519999635e-01
-7.472177233099999705e-02 -5.912675071409999594e-01
-1.500038329639999946e-01 -8.228852186930000201e-01
-2.650184108110000269e-01 -9.339705874760000359e-01
-3.868967095990000216e-01 -1.000000000000000000e+00
2.158126158800000027e-02 -5.669724011269999808e-01
1.577337980699999864e-02 -7.714640822710000512e-01
-4.210537829299999812e-02 -8.965104851670000485e-01
-1.310614785650000003e-01 -9.917971544400000505e-01
-2.408981967509999933e-01 -8.610521174299999581e-02
-4.106964020119999725e-01 -2.262399800050000076e-01
-5.312153127500000016e-01 -3.535552951020000112e-01
-5.879861894269999834e-01 -4.916733037509999904e-01
-2.442821607589999999e-01 -5.250332269640000105e-01
-3.756460263590000181e-01 -6.425458440329999688e-01
-4.796784937720000030e-01 -6.084270300399999831e-01
-5.561118702599999741e-01 -5.457319786519999605e-01
-1.674821041379999931e-01 -5.810469123779999912e-01
-2.895260854730000166e-01 -7.836363070890000060e-01
-4.180809146239999885e-01 -8.727374265659999519e-01
-5.391717693230000386e-01 -9.181525870129999545e-01
-7.520179351099999521e-02 -5.926978912800000554e-01
-1.450229932310000136e-01 -8.216307552220000199e-01
-2.562591446970000075e-01 -9.331607908619999892e-01
-3.751795279560000140e-01 -1.000000000000000000e+00
2.127501997500000006e-02 -5.682276858150000498e-01
2.060423968599999975e-02 -7.704948521929999572e-01
-3.622432613599999712e-02 -8.941906502909999777e-01
-1.242322788149999996e-01 -9.869601195420000250e-01
-2.417844864389999959e-01 -8.608999354599999876e-02
-4.111649128459999858e-01 -2.232395812300000115e-01
-5.311074988030000110e-01 -3.498614408399999820e-01
-5.820045484950000514e-01 -4.868878773800000004e-01
-2.418618419290000099e-01 -5.195066610359999615e-01
-3.730645098270000126e-01 -6.375578789189999540e-01
-4.758195647440000009e-01 -6.047145986359999670e-01
-5.500008426629999780e-01 -5.444291760880000108e-01
-1.645310582379999886e-01 -5.772142702800000524e-01
-2.854066553399999817e-01 -7.805001461710000532e-01
-4.115786554959999788e-01 -8.728380265880000266e-01
-5.301115939549999601e-01 -9.237553190139999870e-01
-7.162342489200000661e-02 -5.904092939570000365e-01
-1.407845047990000098e-01 -8.184204735950000309e-01
-2.497538718940000013e-01 -9.310042326140000046e-01
-3.665524129100000139e-01 -1.000000000000000000e+00
2.632734195499999985e-02 -5.673585633119999638e-01
2.363272336799999984e-02 -7.707451632809999564e-01
-3.180722891599999796e-02 -8.950237051830000068e-01
-1.184271113289999955e-01 -9.883974110009999814e-01
-2.404735250370000077e-01 -8.710516323200000188e-02
-4.095347533140000218e-01 -2.259429619489999874e-01
-5.300984301429999546e-01 -3.528851412360000106e-01
-5.862431466719999484e-01 -4.890831737710000238e-01
-2.397572673489999917e-01 -5.205161146960000096e-01
-3.723410449810000133e-01 -6.387513041300000305e-01
-4.747341334610000185e-01 -6.061688696460000303e-01
-5.490800312189999532e-01 -5.458353774899999955e-01
-1.616728970459999914e-01 -5.779194720420000042e-01
-2.844469094570000189e-01 -7.799473730879999955e-01
-4.112722179139999823e-01 -8.708355230130000457e-01
-5.313509297780000251e-01 -9.209725438889999616e-01
-6.837885446499999964e-02 -5.905981486369999978e-01
-1.377383388329999903e-01 -8.187656688429999496e-01
-2.471086761390000053e-01 -9.310995030219999524e-01
-3.654591540120000204e-01 -1.000000000000000000e+00
3.015482163699999968e-02 -5.671083551400000200e-01
3.027598752600000123e-02 -7.691828801869999843e-01
-2.409456801800000103e-02 -8.948138230159999873e-01
-1.111446113189999974e-01 -9.903177490679999639e-01
-2.392776909150000075e-01 -8.330819614499999914e-02
-4.080170471890000039e-01 -2.185761063699999951e-01
-5.273654603470000479e-01 -3.443780345199999871e-01
-5.814101428569999896e-01 -4.822219529610000111e-01
-2.388218950219999914e-01 -5.179069039899999449e-01
-3.720504842580000249e-01 -6.337546750220000025e-01
-4.736921391619999810e-01 -5.982290565469999821e-01
-5.469935573599999934e-01 -5.361532519080000059e-01
-1.606472829399999969e-01 -5.761439135949999457e-01
-2.821223917890000044e-01 -7.779816206680000290e-01
-4.092873351140000060e-01 -8.694921639539999747e-01
-5.284156152910000070e-01 -9.207767218869999937e-01
-6.735017580600000109e-02 -5.889123427260000154e-01
-1.350571253570000130e-01 -8.169875642020000273e-01
-2.434494370839999922e-01 -9.302326396640000494e-01
-3.593050107749999889e-01 -1.000000000000000000e+00
3.249372013199999798e-02 -5.645580961380000096e-01
3.522257753199999758e-02 -7.657987301909999767e-01
-1.694907108499999968e-02 -8.908752372389999730e-01
-1.007740143270000055e-01 -9.855625934659999476e-01
-2.360512360289999945e-01 -8.455425031900000443e-02
-4.020266052209999774e-01 -2.192304239550000033e-01
-5.211980913639999713e-01 -3.438062532239999913e-01
-5.729501240530000539e-01 -4.825727466420000056e-01
-2.311867981550000117e-01 -5.160019957999999463e-01
-3.631590554529999793e-01 -6.320905550440000242e-01
-4.678560979340000148e-01 -5.969562649170000457e-01
-5.436002757500000282e-01 -5.340364596450000167e-01
-1.530959892740000050e-01 -5.735521658729999528e-01
-2.736596197380000151e-01 -7.758380486870000148e-01
-4.008950892879999950e-01 -8.675149846780000340e-01
-5.208488358160000553e-01 -9.182014840169999692e-01
-6.067707285400000122e-02 -5.867166760990000229e-01
-1.262387329390000090e-01 -8.146071029870000091e-01
-2.329539381719999969e-01 -9.295649905459999474e-01
-3.488975871330000089e-01 -1.000000000000000000e+00
3.786186413999999972e-02 -5.628876394659999560e-01
4.150865413999999670e-02 -7.670299085709999520e-01
-1.066895401299999997e-02 -8.937379114400000324e-01
-9.582783517600000633e-02 -9.886765670560000441e-01
