-2.389840188890000050e-01 -1.031270433809999970e-01
-3.848384284379999798e-01 -2.306882819520000016e-01
-5.200624067379999715e-01 -3.163690300459999771e-01
-6.328300190919999846e-01 -4.278990047430000221e-01
-2.259577695699999944e-01 -4.952537784109999897e-01
-4.009146694829999746e-01 -6.052402415209999775e-01
-5.030640972090000274e-01 -5.422392508569999769e-01
-5.551150052450000150e-01 -4.739893804299999958e-01
-1.720410013950000039e-01 -5.209690576009999852e-01
-3.114818265250000051e-01 -7.514421489320000092e-01
-4.281444474330000083e-01 -8.792288018649999648e-01
-5.171170944599999819e-01 -9.746880392069999788e-01
-1.260706134319999894e-01 -5.046845511069999457e-01
-2.361924454390000039e-01 -7.544416962440000374e-01
-3.309337610900000004e-01 -8.869295206980000179e-01
-4.018225231390000207e-01 -1.000000000000000000e+00
-1.021950974150000052e-01 -4.667139036319999934e-01
-1.607034006970000095e-01 -6.625268714909999801e-01
-2.228105338430000082e-01 -7.833712759890000266e-01
-2.871936431289999758e-01 -8.993577631550000451e-01
-2.793596591970000098e-01 -5.917324236399999771e-02
-4.264919927460000260e-01 -1.740683097169999916e-01
-5.771659493799999874e-01 -2.610968922760000255e-01
-7.331728816720000097e-01 -4.140679478459999840e-01
-1.967406674730000082e-01 -4.898200297720000096e-01
-4.017351575600000002e-01 -5.605584834900000368e-01
-5.360683320500000404e-01 -4.878251461929999921e-01
-6.182945093680000115e-01 -3.838773548459999962e-01
-1.372789329080000009e-01 -5.173057625520000036e-01
-2.965840552360000104e-01 -7.473360961889999876e-01
-4.376677112219999888e-01 -8.616757690740000086e-01
-5.550494668409999832e-01 -9.212912554280000554e-01
-9.124613662000000125e-02 -4.999875770480000092e-01
-1.959284664339999982e-01 -7.707634897359999515e-01
-2.981810110029999850e-01 -9.119238905040000231e-01
-3.679063549330000016e-01 -1.000000000000000000e+00
-7.901233661400000607e-02 -4.693016393119999741e-01
-1.492085508630000001e-01 -6.825463682600000359e-01
-2.110833756230000025e-01 -8.324087357149999589e-01
-2.656296855809999746e-01 -9.619967794729999966e-01
-2.377506311410000073e-01 -9.750932258800000529e-02
-3.854066625809999813e-01 -2.224726279400000006e-01
-5.199412239649999767e-01 -3.068813282439999957e-01
-6.301475368910000041e-01 -4.152726371009999862e-01
-2.346725016940000019e-01 -4.918778476199999750e-01
-4.061034347510000253e-01 -6.033854211970000048e-01
-5.026008696310000357e-01 -5.391220548209999519e-01
-5.513777550899999769e-01 -4.696148498969999752e-01
-1.809600530999999901e-01 -5.190031476459999737e-01
-3.202512097760000231e-01 -7.497909533740000354e-01
-4.330232667739999930e-01 -8.796664415249999536e-01
-5.196889952909999888e-01 -9.781930839870000005e-01
-1.316009715939999991e-01 -5.023418507489999518e-01
-2.411416973859999979e-01 -7.514441669879999841e-01
-3.322201063690000122e-01 -8.851528556419999694e-01
-4.032509604110000034e-01 -1.000000000000000000e+00
-1.016199672909999935e-01 -4.618201690300000051e-01
-1.570445024319999938e-01 -6.563043331290000504e-01
-2.179433394270000046e-01 -7.761972254990000541e-01
-2.836706378000000139e-01 -8.910497653190000422e-01
-2.416048546079999915e-01 -9.764660918900000541e-02
-3.896176498539999922e-01 -2.189233306499999976e-01
-5.277278449669999816e-01 -2.986643385369999737e-01
-6.379052558390000405e-01 -4.069651813049999789e-01
-2.330966278659999946e-01 -4.930070307300000176e-01
-4.129093798719999930e-01 -5.998173518430000017e-01
-5.111405555850000448e-01 -5.294098805419999998e-01
-5.607768347239999729e-01 -4.561976750119999813e-01
-1.838149792919999970e-01 -5.172315852179999451e-01
-3.252986367799999834e-01 -7.531959654180000463e-01
-4.463942417480000202e-01 -8.835200146860000547e-01
-5.385869339690000368e-01 -9.800108323309999481e-01
-1.397134114730000098e-01 -4.977556368459999936e-01
-2.541372214939999763e-01 -7.530896433289999692e-01
-3.511630408620000088e-01 -8.859409943710000457e-01
-4.246953679289999783e-01 -1.000000000000000000e+00
-1.169499751590000053e-01 -4.559349442969999888e-01
-1.692563436939999999e-01 -6.511824363510000380e-01
-2.306148101830000074e-01 -7.745120349949999872e-01
-2.971540282290000001e-01 -8.947318522810000507e-01
-2.027732043490000080e-01 -1.736172578990000104e-01
-3.295607722409999996e-01 -3.339666861039999879e-01
-4.284982217130000048e-01 -4.311934286949999917e-01
-5.290072208580000046e-01 -5.263107404500000364e-01
-3.311085512879999859e-01 -4.890271499819999756e-01
-5.613768710750000057e-01 -5.428075550269999550e-01
-7.164199314579999811e-01 -4.753221105559999882e-01
-8.004547547179999833e-01 -4.004796572789999787e-01
-2.797995131620000242e-01 -4.518494661429999781e-01
-5.460032185850000053e-01 -6.834566522999999671e-01
-7.371306554940000311e-01 -7.317774538789999506e-01
-8.745731235929999903e-01 -7.530946118679999746e-01
-2.212162389460000100e-01 -4.044058431170000079e-01
-4.098016337709999846e-01 -6.737334049990000295e-01
-5.440318130210000103e-01 -8.388146734800000504e-01
-6.236416210220000478e-01 -9.610358050359999460e-01
-1.614679210620000027e-01 -3.608334363569999925e-01
-2.656315124929999882e-01 -6.204235310100000289e-01
-3.294252230749999955e-01 -8.221122005390000265e-01
-3.737498003640000177e-01 -1.000000000000000000e+00
-2.516970914830000128e-01 -1.100183842870000039e-01
-3.908488173720000014e-01 -2.246642942310000113e-01
-5.305634295960000024e-01 -3.020952311449999761e-01
-6.417255335479999934e-01 -4.128042574890000149e-01
-2.140793745100000034e-01 -4.955074685609999752e-01
-4.184100994480000058e-01 -5.971530771740000132e-01
-5.165414182999999992e-01 -5.208563827190000328e-01
-5.638717043019999542e-01 -4.392968166890000026e-01
-1.642432257010000007e-01 -5.132148816910000466e-01
-3.255193770059999769e-01 -7.577334000769999633e-01
-4.500521022460000076e-01 -8.859471243550000041e-01
-5.453269762919999986e-01 -9.775804379720000048e-01
-1.288307127739999891e-01 -4.853953270959999733e-01
-2.550234415329999949e-01 -7.528419305019999896e-01
-3.566852061710000243e-01 -8.876587301410000519e-01
-4.330979777430000177e-01 -1.000000000000000000e+00
-1.249378198279999935e-01 -4.391899182830000248e-01
-1.799027787910000009e-01 -6.462211245579999597e-01
-2.405331667139999907e-01 -7.721867361799999996e-01
-3.052472603040000121e-01 -8.917063739210000506e-01
-2.379706403930000047e-01 -1.114331127549999939e-01
-3.691957033930000076e-01 -2.311764166920000085e-01
-4.997208806399999759e-01 -3.067666047270000140e-01
-6.038743686030000335e-01 -4.149035675939999890e-01
-2.120048496899999968e-01 -4.975303319839999849e-01
-4.044340281870000275e-01 -5.960261415680000452e-01
-4.998267863329999838e-01 -5.205593270730000111e-01
-5.432014660980000187e-01 -4.430727240330000205e-01
-1.636917127770000091e-01 -5.180925154340000338e-01
-3.181474750680000074e-01 -7.496978282080000167e-01
-4.374635674530000240e-01 -8.740594003499999598e-01
-5.264729075880000275e-01 -9.657637327489999590e-01
-1.266696167920000060e-01 -4.935593079569999819e-01
-2.437244102439999893e-01 -7.523319576579999834e-01
-3.394345925050000212e-01 -8.861915346199999988e-01
-4.111027909960000004e-01 -1.000000000000000000e+00
-1.160997745879999987e-01 -4.481795975980000235e-01
-1.686685479210000005e-01 -6.495632269069999687e-01
-2.289402392340000036e-01 -7.749182142189999789e-01
-2.931000463830000236e-01 -8.948171907349999898e-01
-2.847288030940000048e-01 -4.937624041900000316e-02
-4.375220431679999744e-01 -1.679221307069999891e-01
-5.923142586070000437e-01 -2.596366967050000030e-01
-7.617499252660000497e-01 -4.168195737040000237e-01
-1.997790922669999969e-01 -4.889155267090000145e-01
-4.074535905619999787e-01 -5.523332935179999792e-01
-5.501660361329999693e-01 -5.015186381680000194e-01
-6.377357349100000183e-01 -4.164377274980000099e-01
-1.433798336550000108e-01 -5.231816453609999806e-01
-3.026350303759999805e-01 -7.492885825249999687e-01
-4.385050397590000149e-01 -8.690916679629999697e-01
-5.463387363070000280e-01 -9.448281432409999514e-01
-1.024427497189999980e-01 -5.195418064200000297e-01
-2.344995814820000080e-01 -7.899747467640000353e-01
-3.439910426950000266e-01 -9.142398568170000406e-01
-4.075311260239999900e-01 -9.956937751959999972e-01
-9.491770990999999491e-02 -5.107124670739999761e-01
-1.920949726500000010e-01 -7.272016358430000160e-01
-2.545359839710000238e-01 -8.709679623649999591e-01
-2.962467825289999968e-01 -1.000000000000000000e+00
-2.372785428860000045e-01 -1.131183345039999955e-01
-3.702776189040000165e-01 -2.352588882530000092e-01
-5.031977803889999823e-01 -3.102645840709999936e-01
-6.087190510279999467e-01 -4.163016227829999805e-01
-2.101529926150000060e-01 -5.008237070990000372e-01
-4.030681471359999768e-01 -6.017046419020000148e-01
-5.013132192220000061e-01 -5.272950955020000441e-01
-5.477613887109999968e-01 -4.534717975340000207e-01
-1.670256874499999877e-01 -5.174570349429999938e-01
-3.191272140759999765e-01 -7.515847904560000181e-01
-4.400541268609999834e-01 -8.819628002320000215e-01
-5.296175003099999889e-01 -9.793785546609999892e-01
-1.338471872160000020e-01 -4.896102894580000031e-01
-2.508123117959999981e-01 -7.508038226169999607e-01
-3.469712092869999820e-01 -8.847942074389999467e-01
-4.195455894419999887e-01 -1.000000000000000000e+00
-1.281153225880000135e-01 -4.411356079859999890e-01
-1.825226386980000060e-01 -6.414286111900000531e-01
-2.430684199629999931e-01 -7.656386912079999885e-01
-3.083973312950000212e-01 -8.862037779310000252e-01
-2.305588946290000052e-01 -1.160738165880000061e-01
-3.599553639420000062e-01 -2.368642745070000111e-01
-4.903236224859999770e-01 -3.094298854959999789e-01
-5.884312523670000017e-01 -4.117919795630000102e-01
-1.972076311829999984e-01 -5.024567500119999641e-01
-3.931577569199999900e-01 -6.055157614759999474e-01
-4.953483327339999742e-01 -5.325850932490000522e-01
-5.461514494379999807e-01 -4.580320836510000104e-01
-1.530997018639999874e-01 -5.192496043180000465e-01
-3.050521125940000022e-01 -7.545424396469999628e-01
-4.282134322989999964e-01 -8.800662480959999812e-01
-5.208315927919999755e-01 -9.738735096030000093e-01
-1.211776096600000047e-01 -4.910136053809999734e-01
-2.340240797610000090e-01 -7.517272164830000047e-01
-3.292125796140000227e-01 -8.849548503090000073e-01
-4.016952347839999882e-01 -1.000000000000000000e+00
-1.176465467640000068e-01 -4.398638742609999874e-01
-1.665448887060000105e-01 -6.411000450480000001e-01
-2.241096607309999988e-01 -7.673593901649999882e-01
-2.866317160419999954e-01 -8.886329762769999974e-01
-2.819181023389999985e-01 -7.362901377199999875e-02
-4.369342920920000206e-01 -1.894862794889999869e-01
-5.848302202940000027e-01 -2.763425193590000051e-01
-7.383316452639999694e-01 -4.235349966920000098e-01
-1.971602929169999907e-01 -4.994522850720000129e-01
-3.823014865309999899e-01 -5.947318570449999786e-01
-5.217545302860000511e-01 -5.428348189970000348e-01
-6.102239036080000512e-01 -4.563822851859999918e-01
-1.473038953490000136e-01 -5.168100848479999510e-01
-3.004532914110000230e-01 -7.535502624769999658e-01
-4.477023881709999986e-01 -8.796336211449999887e-01
-5.631248635050000173e-01 -9.488487256559999805e-01
-1.131083621500000025e-01 -4.994560568099999931e-01
-2.350011461529999957e-01 -7.691275416559999467e-01
-3.487490563880000227e-01 -9.098920665059999635e-01
-4.220585562370000043e-01 -1.000000000000000000e+00
-1.142841040199999991e-01 -4.796618441520000276e-01
-2.036804578979999891e-01 -7.029931019459999542e-01
-2.643277553880000186e-01 -8.483370373320000546e-01
-3.092325108669999878e-01 -9.719306585420000033e-01
-2.453447170389999876e-01 -1.183612109579999933e-01
-3.694932903229999899e-01 -2.346586504460000111e-01
-4.985966682719999987e-01 -3.108606316010000259e-01
-5.968681295500000150e-01 -4.196696541220000243e-01
-2.032640131840000031e-01 -5.063910077200000082e-01
-4.039912365039999842e-01 -6.090407105899999785e-01
-5.027079216430000441e-01 -5.352583878040000354e-01
-5.479759754430000296e-01 -4.582058062820000277e-01
-1.553135860659999867e-01 -5.193478986180000145e-01
-3.197407840209999796e-01 -7.541397875090000147e-01
-4.429259352389999793e-01 -8.842743024570000054e-01
-5.357842194620000553e-01 -9.797266091749999850e-01
-1.251754735339999924e-01 -4.872647166299999832e-01
-2.498399075069999975e-01 -7.503211254699999611e-01
-3.483950848599999817e-01 -8.867993682129999833e-01
-4.219146561739999801e-01 -1.000000000000000000e+00
-1.290665620629999899e-01 -4.368296920120000038e-01
-1.906892697210000043e-01 -6.395854049119999996e-01
-2.518115296910000134e-01 -7.651841150410000347e-01
-3.150373354359999878e-01 -8.840248090860000074e-01
-2.539189194450000020e-01 -1.198589316789999970e-01
-3.784102557660000143e-01 -2.332947278280000092e-01
-5.045002186770000119e-01 -3.100599561749999844e-01
-6.080051659749999837e-01 -4.203093584870000177e-01
-2.270624168760000117e-01 -5.030483211599999782e-01
-4.169786853260000203e-01 -6.051987393729999498e-01
-5.072935190049999710e-01 -5.285662363019999477e-01
-5.454157283799999645e-01 -4.499617208239999888e-01
-1.762557662139999926e-01 -5.191822302140000067e-01
-3.281265353789999950e-01 -7.545548215990000029e-01
-4.438887167669999800e-01 -8.815520696340000129e-01
-5.293991879589999838e-01 -9.760054090490000167e-01
-1.405025019170000056e-01 -4.910885671929999807e-01
-2.520405825629999930e-01 -7.516637140780000337e-01
-3.504166303089999990e-01 -8.869289789790000267e-01
-4.255524456520000109e-01 -1.000000000000000000e+00
-1.340298229309999922e-01 -4.457775839179999866e-01
-1.862381695110000013e-01 -6.427580180740000149e-01
-2.482691371699999872e-01 -7.632850734360000500e-01
-3.137972513180000145e-01 -8.761547578909999467e-01
-2.399478626519999935e-01 -9.890035532700000576e-02
-3.937086088960000119e-01 -1.437792210000000126e-01
-5.829294389000000409e-01 -1.531148098400000046e-01
-7.600053270769999703e-01 -2.405542426770000131e-01
-2.650126659750000058e-01 -4.587158911240000192e-01
-5.375337901019999753e-01 -4.519633111749999932e-01
-6.747896654710000552e-01 -3.229368061339999985e-01
-7.547698306100000254e-01 -2.154635406929999997e-01
-2.254879092360000115e-01 -4.664569271830000252e-01
-4.711271301220000263e-01 -6.877293051559999482e-01
-6.304284896599999799e-01 -8.193275982250000089e-01
-7.517868942580000491e-01 -9.256472398370000354e-01
-1.907376868020000116e-01 -4.247073224640000033e-01
-3.755852133950000060e-01 -6.937555891800000207e-01
-4.676369880480000241e-01 -8.524056002309999824e-01
-5.212665975279999753e-01 -1.000000000000000000e+00
-1.847386048730000063e-01 -3.679494721089999754e-01
-2.790122239410000038e-01 -5.611074652749999947e-01
-3.370665941279999966e-01 -7.090729186149999919e-01
-3.858665850599999891e-01 -8.576657202599999863e-01
-2.456439330359999895e-01 -1.215065838250000002e-01
-3.680698219910000235e-01 -2.393624595699999913e-01
-4.964019511109999949e-01 -3.162778992229999808e-01
-6.014293898400000504e-01 -4.278537276889999852e-01
-2.044839739429999970e-01 -5.066719194209999833e-01
-3.989274493120000264e-01 -6.121544213199999751e-01
-4.991630479929999864e-01 -5.436321983740000086e-01
-5.491252101710000222e-01 -4.684300474220000066e-01
-1.527836927940000034e-01 -5.210827651080000011e-01
-3.103581285709999804e-01 -7.610848144280000227e-01
-4.320468619989999981e-01 -8.853235325799999611e-01
-5.234702377200000090e-01 -9.778338817570000341e-01
-1.205338881269999995e-01 -4.898738571039999989e-01
-2.382252770399999886e-01 -7.521634699250000500e-01
-3.372998868489999746e-01 -8.866767092130000139e-01
-4.109085853280000089e-01 -1.000000000000000000e+00
-1.225571712419999959e-01 -4.371717714269999777e-01
-1.840327534310000068e-01 -6.393236014759999808e-01
-2.457105615390000053e-01 -7.641489210680000310e-01
-3.076280421009999766e-01 -8.815432060979999651e-01
-2.728044001380000028e-01 5.098826788000000200e-03
-4.367603652929999969e-01 -1.660382475499999969e-02
-6.159005238760000278e-01 -6.099063095400000106e-02
-7.829905240229999563e-01 -1.997694776249999971e-01
-2.025450208879999991e-01 -4.136395108800000053e-01
-4.533364881829999860e-01 -4.402192212380000025e-01
-5.931850962129999738e-01 -3.257352166929999848e-01
-6.719423670599999898e-01 -2.152228331940000128e-01
-1.683121472730000068e-01 -4.515665787550000032e-01
-3.884241301510000244e-01 -6.892094040639999974e-01
-5.407763297300000049e-01 -8.347945684749999984e-01
-6.523358743549999561e-01 -9.523517200259999926e-01
-1.350276671739999990e-01 -4.376622319189999999e-01
-2.988196658550000273e-01 -7.082164039120000254e-01
-3.849380825040000231e-01 -8.633837354240000428e-01
-4.355549515220000223e-01 -1.000000000000000000e+00
-1.286061400799999865e-01 -4.106112837500000001e-01
-2.172532319859999950e-01 -5.883005379979999727e-01
-2.683843455789999832e-01 -7.241007454100000240e-01
-3.079250598730000066e-01 -8.570712302199999799e-01
-2.507721602410000195e-01 -1.259146798989999871e-01
-3.685458120419999872e-01 -2.415918239919999932e-01
-4.925869330659999878e-01 -3.166015455980000226e-01
-5.969300537289999875e-01 -4.268087390390000180e-01
-2.096536187199999901e-01 -5.104629675270000444e-01
-4.063911755199999809e-01 -6.144358456149999759e-01
-4.989438593220000273e-01 -5.370743168860000472e-01
-5.386576698449999645e-01 -4.583003894120000199e-01
-1.611249678230000093e-01 -5.204728808270000506e-01
-3.175636285960000138e-01 -7.594007109100000541e-01
-4.360343149870000157e-01 -8.861493129149999870e-01
-5.225379507770000487e-01 -9.787498288449999473e-01
-1.312639913539999925e-01 -4.859752550890000244e-01
-2.482889790760000048e-01 -7.487784733519999847e-01
-3.471564530469999910e-01 -8.852835696640000140e-01
-4.205805943959999849e-01 -1.000000000000000000e+00
-1.348687081130000021e-01 -4.318153387770000129e-01
-1.902442176980000121e-01 -6.326945005830000301e-01
-2.501879510510000015e-01 -7.573390731889999561e-01
-3.124672797210000241e-01 -8.759161586789999676e-01
-2.526388101440000256e-01 -1.285201983299999982e-02
-3.986045398299999931e-01 -6.463455029200000646e-02
-5.616050700910000248e-01 -1.277384470160000118e-01
-7.072992663170000194e-01 -2.803715496940000218e-01
-1.677924520040000034e-01 -4.347596100600000235e-01
-4.007753976780000227e-01 -4.778907122939999863e-01
-5.268782996949999964e-01 -3.717624375470000020e-01
-5.981713880379999626e-01 -2.608503240880000185e-01
-1.405366582979999945e-01 -4.592399163770000126e-01
-3.431314476419999870e-01 -7.201966827100000357e-01
-4.863502625139999869e-01 -8.645646508690000287e-01
-5.937964003300000293e-01 -9.744150205660000452e-01
-1.152963590570000030e-01 -4.352475525860000083e-01
-2.741448428930000070e-01 -7.327952149209999710e-01
-3.650496210010000242e-01 -8.772967645720000096e-01
-4.247945012639999796e-01 -1.000000000000000000e+00
-1.150427774459999997e-01 -4.013178536700000021e-01
-1.941404085050000006e-01 -5.891117197349999834e-01
-2.475932128009999955e-01 -7.268685671610000121e-01
-2.963787244180000058e-01 -8.581831916140000294e-01
-2.501330982609999976e-01 -1.304958398390000107e-01
-3.604581412169999832e-01 -2.452838571269999879e-01
-4.808586616869999775e-01 -3.208958272849999904e-01
-5.805639830829999459e-01 -4.278433536049999764e-01
-1.950244744769999983e-01 -5.108332469759999661e-01
-3.954721608399999755e-01 -6.175665894909999620e-01
-4.858662408239999841e-01 -5.396966523089999912e-01
-5.240477420279999743e-01 -4.590010906709999783e-01
-1.452941478339999926e-01 -5.168405669969999838e-01
-3.085768131869999764e-01 -7.577442083650000049e-01
-4.292264030510000161e-01 -8.832984522540000549e-01
-5.171393853339999458e-01 -9.769011586110000200e-01
-1.189146541390000006e-01 -4.771548728030000075e-01
-2.393759989129999877e-01 -7.433829623219999627e-01
-3.389041866579999840e-01 -8.825319794329999912e-01
-4.113579107179999861e-01 -1.000000000000000000e+00
-1.303745159149999888e-01 -4.192935343599999976e-01
-1.887720534329999922e-01 -6.210526230349999732e-01
-2.475162822710000043e-01 -7.471076392679999456e-01
-3.065372869490000096e-01 -8.674581582629999899e-01
-2.596363676199999748e-01 -1.363959588900000020e-01
-3.713950965169999785e-01 -2.476253463570000091e-01
-4.930761569509999886e-01 -3.194532593719999758e-01
-5.954898588960000350e-01 -4.274497193419999896e-01
-1.988717851250000057e-01 -5.219813796350000201e-01
-4.115329036050000000e-01 -6.187559905039999864e-01
-5.004038202610000541e-01 -5.347262953450000467e-01
-5.346155943529999899e-01 -4.512662626880000194e-01
-1.469083318090000090e-01 -5.241913600930000472e-01
-3.184525835390000226e-01 -7.642047577520000301e-01
-4.373583315239999991e-01 -8.900484775370000046e-01
-5.220809814150000339e-01 -9.832850235590000487e-01
-1.232047092970000035e-01 -4.808808523800000012e-01
-2.554088415629999775e-01 -7.502589437040000364e-01
-3.545151967040000018e-01 -8.851469563860000500e-01
-4.248591632829999964e-01 -1.000000000000000000e+00
-1.403579044590000102e-01 -4.224972145979999927e-01
-2.034615457889999979e-01 -6.246661570849999512e-01
-2.682364009139999728e-01 -7.489683055089999542e-01
-3.320088334440000066e-01 -8.700052113530000186e-01
-2.568923277660000171e-01 -1.348278686130000015e-01
-3.660378636439999833e-01 -2.475443483599999994e-01
-4.859508005629999960e-01 -3.206267776080000131e-01
-5.915724926990000299e-01 -4.274854373040000155e-01
-1.867741245750000056e-01 -5.175527382739999460e-01
-4.011776772369999855e-01 -6.150198717939999726e-01
-4.953367428889999813e-01 -5.337106927410000257e-01
-5.339085930470000019e-01 -4.512186804550000208e-01
-1.369765626649999957e-01 -5.191820981229999799e-01
-3.090915248309999974e-01 -7.637364041890000177e-01
-4.318930520350000024e-01 -8.874556587109999617e-01
-5.169827868430000306e-01 -9.778059955529999625e-01
-1.163914499959999987e-01 -4.766080424179999775e-01
-2.470190677200000129e-01 -7.508625142920000162e-01
-3.499376693810000161e-01 -8.859445930629999966e-01
-4.221804182900000257e-01 -1.000000000000000000e+00
-1.380949278240000133e-01 -4.183351769099999951e-01
-1.975840933989999881e-01 -6.226683669120000042e-01
-2.647986951779999765e-01 -7.498682991230000150e-01
-3.307840525130000264e-01 -8.721793903550000282e-01
-2.561389497339999766e-01 -1.394028297959999940e-01
-3.680132226619999836e-01 -2.556961618729999830e-01
-4.890089255330000162e-01 -3.279284360449999935e-01
-5.842732095470000164e-01 -4.249172698970000162e-01
-1.796827697180000127e-01 -5.232583125480000374e-01
-4.112304793389999769e-01 -6.165483071120000380e-01
-4.990639845700000077e-01 -5.307274178869999526e-01
-5.329569999450000095e-01 -4.459454831960000254e-01
-1.347964931560000079e-01 -5.181927831199999446e-01
-3.215229652200000121e-01 -7.646046634819999577e-01
-4.427579187119999871e-01 -8.877555636789999927e-01
-5.280402399800000479e-01 -9.762626871649999760e-01
-1.182662786469999977e-01 -4.664288496619999891e-01
-2.603447811240000020e-01 -7.495361207370000445e-01
-3.570352049919999771e-01 -8.847325021440000103e-01
-4.260949404320000244e-01 -1.000000000000000000e+00
-1.457595576619999944e-01 -4.002548933730000202e-01
-2.070365342630000050e-01 -6.028001795470000479e-01
-2.702073363229999803e-01 -7.326048202720000235e-01
-3.349434297680000117e-01 -8.596897998829999832e-01
-2.695044846599999877e-01 -2.808493094400000070e-02
-3.978965546320000213e-01 -9.083762547099999418e-02
-5.350285875350000442e-01 -1.526086413169999989e-01
-6.734555058279999562e-01 -3.095912377839999952e-01
-1.600391189150000004e-01 -4.382092273509999858e-01
-3.782090460799999998e-01 -4.956543740959999944e-01
-4.965614457320000064e-01 -4.014579582610000030e-01
-5.585219929379999781e-01 -3.054630706520000127e-01
-1.324171891950000068e-01 -4.703844191559999888e-01
-3.262040520960000078e-01 -7.040500641389999537e-01
-4.611913668889999762e-01 -8.501724467479999658e-01
-5.553425095089999930e-01 -9.580173975050000346e-01
-1.117871583819999987e-01 -4.627045816900000053e-01
-2.597916387340000188e-01 -7.293923490679999899e-01
-3.528507771170000251e-01 -8.763043340530000114e-01
-4.122558433140000034e-01 -1.000000000000000000e+00
-1.145431095440000019e-01 -4.431883434059999960e-01
-1.847148963920000053e-01 -6.304285833110000459e-01
-2.436206177789999872e-01 -7.579423350499999712e-01
-2.969354989290000080e-01 -8.756309284640000357e-01
-2.612151494600000179e-01 -1.432736253480000055e-01
-3.658118849140000184e-01 -2.624845214140000271e-01
-4.813698757639999770e-01 -3.365520851539999803e-01
-5.750307532770000396e-01 -4.376104185649999923e-01
-1.745110283440000076e-01 -5.264639155639999624e-01
-4.022877097390000212e-01 -6.162916017020000359e-01
-4.940322598469999993e-01 -5.345269994079999698e-01
-5.286030609230000232e-01 -4.521611213110000027e-01
-1.298278192060000058e-01 -5.229372822009999977e-01
-3.138728732900000207e-01 -7.633239788429999617e-01
-4.336889799759999775e-01 -8.893238829049999739e-01
-5.131164798470000399e-01 -9.807386774659999640e-01
-1.189589962380000060e-01 -4.749753689399999756e-01
-2.576620097389999975e-01 -7.501488165659999652e-01
-3.575464799359999724e-01 -8.870018400989999607e-01
-4.236912539430000013e-01 -1.000000000000000000e+00
-1.529842170559999881e-01 -4.123046806039999956e-01
-2.176067892330000031e-01 -6.137640541379999481e-01
-2.843113088390000209e-01 -7.410701206919999562e-01
-3.481524979089999916e-01 -8.622134053709999968e-01
-2.685324473490000030e-01 -1.452670170170000108e-01
-3.680320960410000120e-01 -2.585111845609999737e-01
-4.822546466020000144e-01 -3.309255493309999907e-01
-5.827634107920000028e-01 -4.322468774170000194e-01
-1.812428092900000010e-01 -5.236996368799999857e-01
-4.113085197790000147e-01 -6.126198176730000000e-01
-5.042086822160000148e-01 -5.271707575109999544e-01
-5.392952766259999642e-01 -4.443343167370000235e-01
-1.349229735399999908e-01 -5.187938079039999817e-01
-3.232748473090000241e-01 -7.637715487309999496e-01
-4.478170561820000173e-01 -8.860949586290000068e-01
-5.298658919930000488e-01 -9.729155229400000549e-01
-1.234711980899999978e-01 -4.691351051809999895e-01
-2.639846141089999820e-01 -7.524089942960000554e-01
-3.679607335730000206e-01 -8.878440204369999478e-01
-4.345642928680000239e-01 -1.000000000000000000e+00
-1.578745775579999955e-01 -4.063121788080000241e-01
-2.209928513099999881e-01 -6.100124697840000332e-01
-2.884881904259999907e-01 -7.389077174639999690e-01
-3.506431784460000145e-01 -8.636208376539999954e-01
-2.712049002379999796e-01 -1.162045379199999964e-02
-4.068651071130000019e-01 -5.197981940699999970e-02
-5.624474259439999901e-01 -1.051398936789999933e-01
-7.026932484079999597e-01 -2.592425750119999872e-01
-1.463558989019999867e-01 -4.108949598380000068e-01
-3.652623137220000205e-01 -4.656504652660000132e-01
-4.883803866459999754e-01 -3.700428175059999880e-01
-5.598884795020000471e-01 -2.758734390270000114e-01
-1.356814979669999921e-01 -4.427090336980000207e-01
-3.406922070119999812e-01 -6.847374808380000122e-01
-4.891998135350000276e-01 -8.387143066050000151e-01
-5.945526181319999992e-01 -9.517641910730000321e-01
-1.279743094959999994e-01 -4.316139936260000032e-01
-2.806515148800000081e-01 -7.087290394799999893e-01
-3.704166255790000140e-01 -8.654192888330000111e-01
-4.248827869369999899e-01 -1.000000000000000000e+00
-1.430179599699999970e-01 -4.137516080379999850e-01
-2.069904070559999976e-01 -6.047974152609999487e-01
-2.587106712450000234e-01 -7.364262286079999997e-01
-3.040757312929999734e-01 -8.631306365359999733e-01
-2.618475057010000162e-01 -1.479306010239999913e-01
-3.595444550440000109e-01 -2.597367141490000142e-01
-4.741022529810000052e-01 -3.308246498899999888e-01
-5.731435981210000197e-01 -4.314900384970000169e-01
-1.673990692050000006e-01 -5.242873150360000123e-01
-4.006164955179999931e-01 -6.105311678400000552e-01
-4.940924296420000084e-01 -5.253377240750000121e-01
-5.301883813400000145e-01 -4.423636088049999748e-01
-1.199592677669999996e-01 -5.192792117660000040e-01
-3.033534809910000130e-01 -7.643464020079999699e-01
-4.233219413909999895e-01 -8.897844606439999637e-01
-5.017732107789999452e-01 -9.820285288540000490e-01
-1.113551772629999964e-01 -4.676040915160000200e-01
-2.447297603130000054e-01 -7.478401263599999682e-01
-3.428763322860000073e-01 -8.853927606110000292e-01
-4.039676535060000018e-01 -1.000000000000000000e+00
-1.512713596259999960e-01 -4.024013213109999820e-01
-2.110399356500000101e-01 -6.038475210689999706e-01
-2.732549585149999793e-01 -7.306631435110000350e-01
-3.297577012119999873e-01 -8.526158991679999577e-01
-2.572926567600000158e-01 -1.458055176259999974e-01
-3.600009612189999930e-01 -2.575408001400000257e-01
-4.763324649560000124e-01 -3.304811209649999859e-01
-5.719100168120000438e-01 -4.334105057120000160e-01
-1.715571325219999999e-01 -5.231156146509999827e-01
-3.968957248910000013e-01 -6.138102112809999955e-01
-4.913337892910000226e-01 -5.322638268510000437e-01
-5.295203456910000384e-01 -4.519844420910000271e-01
-1.272674407309999922e-01 -5.188304593870000092e-01
-3.106391563049999971e-01 -7.628657474609999989e-01
-4.338383721499999846e-01 -8.852898167310000455e-01
-5.165107656930000291e-01 -9.727521117330000244e-01
-1.180323641610000057e-01 -4.691089955430000069e-01
-2.509656390050000185e-01 -7.513148433530000281e-01
-3.493875467740000240e-01 -8.879941220239999655e-01
-4.142620727149999849e-01 -1.000000000000000000e+00
-1.543520282380000108e-01 -4.058759543800000147e-01
-2.105267806239999873e-01 -6.087821155870000167e-01
-2.713042451189999760e-01 -7.379398938629999627e-01
-3.299974612830000043e-01 -8.606588196109999922e-01
-2.636996715339999797e-01 -1.425703484680000133e-01
-3.664136462970000174e-01 -2.549499628379999772e-01
-4.823885864079999752e-01 -3.294217567250000145e-01
-5.783607888130000152e-01 -4.381547827010000007e-01
-1.766738575690000035e-01 -5.215772935560000212e-01
-4.011325218849999819e-01 -6.119549267120000247e-01
-4.953634396070000223e-01 -5.291021718180000111e-01
-5.315329803360000493e-01 -4.479194060930000165e-01
-1.290616911340000117e-01 -5.190338359809999469e-01
-3.136810096750000110e-01 -7.622321662709999890e-01
-4.364357130279999941e-01 -8.842866854449999980e-01
-5.177023663469999537e-01 -9.743044783800000053e-01
-1.171991624050000014e-01 -4.716020010459999745e-01
-2.533139222090000087e-01 -7.489823620879999533e-01
-3.525639295469999990e-01 -8.859521135619999876e-01
-4.167558620749999831e-01 -1.000000000000000000e+00
-1.516659817040000025e-01 -4.094980647450000011e-01
-2.127036691089999876e-01 -6.108299028400000497e-01
-2.771490888440000244e-01 -7.385869182890000273e-01
-3.376043924330000001e-01 -8.612459647429999698e-01
-2.450880285310000073e-01 -6.077749770899999737e-02
-3.670729950300000155e-01 -1.559317077640000049e-01
-4.981579999019999927e-01 -2.279010137309999962e-01
-6.159929203139999920e-01 -3.758017982080000263e-01
-1.425506158540000012e-01 -4.674229531999999909e-01
-3.515183501170000002e-01 -5.491169709740000293e-01
-4.702785741500000172e-01 -4.711697743739999833e-01
-5.302421022130000550e-01 -3.740035045199999741e-01
-1.077150725780000040e-01 -4.857833037200000037e-01
-2.892054678679999991e-01 -7.259119097049999692e-01
-4.220247463440000013e-01 -8.722467019440000024e-01
-5.144058502239999831e-01 -9.690529960089999673e-01
-8.783307643000000386e-02 -4.611253279729999877e-01
-2.261968600529999929e-01 -7.328715635770000070e-01
-3.300861330279999950e-01 -8.834773490539999941e-01
-3.971695074409999915e-01 -1.000000000000000000e+00
-9.533639292399999354e-02 -4.230271586000000084e-01
-1.675019458550000007e-01 -6.309012265819999854e-01
-2.274375083190000035e-01 -7.636454694540000254e-01
-2.781921435410000254e-01 -8.789860047830000411e-01
-2.587583628710000139e-01 -1.368894447160000083e-01
-3.658180916800000126e-01 -2.517376610490000277e-01
-4.828011757289999983e-01 -3.273019827349999966e-01
-5.782629732490000007e-01 -4.359460420510000156e-01
-1.859643535849999918e-01 -5.241560962679999713e-01
-4.019432490970000216e-01 -6.155442695489999894e-01
-4.941797806170000196e-01 -5.319032048330000206e-01
-5.291947638309999480e-01 -4.508143083710000054e-01
-1.389678149259999940e-01 -5.250718072729999575e-01
-3.146172357550000021e-01 -7.629960967819999773e-01
-4.370680029890000040e-01 -8.867658317919999700e-01
-5.195297852650000436e-01 -9.763244101850000467e-01
-1.229493926539999976e-01 -4.804882889209999841e-01
-2.538740692800000032e-01 -7.538335053610000225e-01
-3.543574453910000033e-01 -8.886695326339999479e-01
-4.213183469130000192e-01 -1.000000000000000000e+00
-1.488357832630000099e-01 -4.206917154109999779e-01
-2.088172902719999946e-01 -6.199962157060000534e-01
-2.736483397100000214e-01 -7.460398589009999970e-01
-3.358433881969999923e-01 -8.660282018570000240e-01
-2.585305388360000234e-01 -1.404226020880000037e-01
-3.593971456430000155e-01 -2.546325656289999961e-01
-4.752916947729999841e-01 -3.309496080370000204e-01
-5.696039339380000177e-01 -4.433187864459999794e-01
-1.844529411649999950e-01 -5.245942337460000049e-01
-3.914663006640000109e-01 -6.205301392459999787e-01
-4.823865328790000184e-01 -5.433541783130000358e-01
-5.174481046350000168e-01 -4.669993387649999939e-01
-1.376708915709999870e-01 -5.247293155690000432e-01
-3.077706194670000173e-01 -7.627568031089999590e-01
-4.229744401850000224e-01 -8.881771083770000352e-01
-4.999046481250000173e-01 -9.814141692460000010e-01
-1.210752985600000026e-01 -4.818746608189999892e-01
-2.501509559060000054e-01 -7.480093685369999523e-01
-3.465041690319999867e-01 -8.851123187110000456e-01
-4.093499314319999915e-01 -1.000000000000000000e+00
-1.463834902089999890e-01 -4.235706399549999945e-01
-2.110328490789999956e-01 -6.246937304209999597e-01
-2.769270080680000246e-01 -7.485504474769999472e-01
-3.377131842789999894e-01 -8.667281442869999575e-01
-2.430342630719999897e-01 -9.855079904600000384e-02
-3.769687489660000224e-01 -1.508414880839999972e-01
-5.425202770620000114e-01 -1.676668001549999898e-01
-7.061284702610000075e-01 -2.621660659699999729e-01
-2.261066101679999885e-01 -4.566927139490000176e-01
-4.989918800479999916e-01 -4.449935138500000220e-01
-6.247335088069999598e-01 -3.144439196200000119e-01
-6.885892823929999906e-01 -2.067269416520000069e-01
-1.959534868330000124e-01 -4.569437741519999929e-01
-4.425053309649999989e-01 -6.831455943809999765e-01
-6.052710662960000265e-01 -8.108508664739999539e-01
-7.205292059290000495e-01 -9.081769982990000045e-01
-1.720093829540000063e-01 -4.083719250689999969e-01
-3.569908372439999922e-01 -7.057880757529999549e-01
-4.525141959399999747e-01 -8.602332275699999808e-01
-4.998742702369999846e-01 -1.000000000000000000e+00
-1.859562592769999911e-01 -3.532105585620000099e-01
-2.863871860609999986e-01 -5.382342270190000333e-01
-3.373888597949999957e-01 -6.875027810010000406e-01
-3.711778779509999904e-01 -8.416588798640000091e-01
-2.621941113510000143e-01 -1.338117576919999885e-01
-3.659473786870000023e-01 -2.502034270619999945e-01
-4.799132130980000022e-01 -3.289205288359999813e-01
-5.726023678489999824e-01 -4.454974044919999820e-01
-1.960871372159999904e-01 -5.237432783709999873e-01
-3.976455317729999939e-01 -6.219835431139999482e-01
-4.808249092299999861e-01 -5.396471388029999705e-01
-5.090861926530000359e-01 -4.609658032369999825e-01
-1.497983882620000096e-01 -5.267129541909999491e-01
-3.180017142209999870e-01 -7.626647899670000452e-01
-4.352983803109999883e-01 -8.890059484819999858e-01
-5.152956818170000286e-01 -9.822852456670000398e-01
-1.309783752570000126e-01 -4.858380133310000182e-01
-2.625439214349999939e-01 -7.517676583900000375e-01
-3.617071560490000004e-01 -8.870075791399999465e-01
-4.277578695429999911e-01 -1.000000000000000000e+00
-1.500946030610000037e-01 -4.290785538849999914e-01
-2.139985516669999921e-01 -6.269434841509999856e-01
-2.784978113370000230e-01 -7.490647703880000119e-01
-3.391666650010000117e-01 -8.657490527219999787e-01
-2.614591751509999784e-01 -3.291066397800000015e-02
-4.073117578630000013e-01 -4.660756650399999756e-02
-5.736272392860000124e-01 -6.770723857999999540e-02
-7.327642098269999682e-01 -1.946626384129999943e-01
-2.029870648160000124e-01 -4.605141351959999851e-01
-4.500989500820000155e-01 -4.561555294740000099e-01
-5.756864624530000363e-01 -3.133920474110000187e-01
-6.378224393050000440e-01 -1.873099641119999881e-01
-1.710336348910000137e-01 -4.730395427799999886e-01
-4.133025540040000112e-01 -6.959713767870000511e-01
-5.789881754210000064e-01 -8.167653800990000157e-01
-6.936094017610000551e-01 -9.159337112230000466e-01
-1.470927857869999966e-01 -4.349929990290000159e-01
-3.316411296560000110e-01 -7.215714847630000373e-01
-4.298070771879999863e-01 -8.685956953660000091e-01
-4.842200897000000226e-01 -1.000000000000000000e+00
-1.587992264589999925e-01 -3.935064751699999808e-01
-2.542769416910000135e-01 -5.611731988189999631e-01
-3.194745784829999824e-01 -7.012525965970000108e-01
-3.723215560840000271e-01 -8.463482198920000421e-01
-2.528982301100000107e-01 -1.297423410569999991e-01
-3.585493276169999799e-01 -2.495656110599999977e-01
-4.716232918800000173e-01 -3.311323856639999952e-01
-5.583349114229999577e-01 -4.466350961350000204e-01
-1.952493186529999925e-01 -5.240140783429999560e-01
-3.817073402160000017e-01 -6.381824517690000143e-01
-4.679397596339999743e-01 -5.609874859050000273e-01
-5.017460244439999606e-01 -4.866784295800000160e-01
-1.502960051520000062e-01 -5.296741107689999506e-01
-3.107929337870000142e-01 -7.697196078269999964e-01
-4.308830493449999910e-01 -8.976945068610000522e-01
-5.140200457610000218e-01 -9.917295908230000512e-01
-1.277921029090000049e-01 -4.930866567280000057e-01
-2.574955790730000249e-01 -7.520859465600000515e-01
-3.596328094440000012e-01 -8.871631225130000020e-01
-4.294397667550000075e-01 -1.000000000000000000e+00
-1.398783925869999945e-01 -4.369776255139999899e-01
-2.035781344439999974e-01 -6.341953945430000017e-01
-2.680088422549999905e-01 -7.547852171929999576e-01
-3.302412613819999954e-01 -8.691776556510000251e-01
-2.640060036469999982e-01 -6.053696683000000210e-03
-4.041364015150000211e-01 -2.370273538799999927e-02
-5.555291648879999711e-01 -7.010039197499999541e-02
-6.701308366710000408e-01 -2.337107182360000091e-01
-1.874722447590000118e-01 -4.414411239420000244e-01
-4.143628181419999890e-01 -4.810141933579999973e-01
-5.295875005369999888e-01 -3.724984003949999845e-01
-5.840491514009999996e-01 -2.581212631759999820e-01
-1.653183980579999990e-01 -4.658028033700000181e-01
-3.853912945449999850e-01 -7.037458673469999537e-01
-5.412209477870000285e-01 -8.425580563019999802e-01
-6.505496851950000048e-01 -9.439220112330000134e-01
-1.454004200560000126e-01 -4.402748670300000167e-01
-3.104089910169999800e-01 -7.218723073070000273e-01
-4.015245151619999953e-01 -8.731156606709999934e-01
-4.610426113689999883e-01 -1.000000000000000000e+00
-1.514681347250000087e-01 -4.031986772550000264e-01
-2.345402966990000060e-01 -5.866467729730000524e-01
-2.937902742530000277e-01 -7.216267951229999866e-01
-3.458863406920000272e-01 -8.489988270799999626e-01
-2.562139951090000034e-01 -1.273437422900000060e-01
-3.612802015270000222e-01 -2.452849926150000026e-01
-4.745041234860000179e-01 -3.257379894760000227e-01
-5.572865803850000077e-01 -4.423404910900000098e-01
-1.994351428570000084e-01 -5.229407514049999595e-01
-3.862317259360000254e-01 -6.405278238010000402e-01
-4.701606374180000159e-01 -5.646942720769999591e-01
-5.013786622600000520e-01 -4.898186455490000091e-01
-1.523098870469999921e-01 -5.287968586719999919e-01
-3.112132586090000097e-01 -7.730701963110000463e-01
-4.303364909629999735e-01 -8.999741768100000261e-01
-5.123863222260000017e-01 -9.915663984929999897e-01
-1.303171555529999970e-01 -4.915788988900000045e-01
-2.582569694280000272e-01 -7.523055009419999939e-01
-3.601602828739999818e-01 -8.872760208379999458e-01
-4.291046535470000034e-01 -1.000000000000000000e+00
-1.441564845080000046e-01 -4.338828756620000116e-01
-2.070769063200000037e-01 -6.324530056329999983e-01
-2.719415420010000140e-01 -7.540816539119999939e-01
-3.341718833899999797e-01 -8.691954020469999653e-01
-2.478347777100000093e-01 -1.256854819569999948e-01
-3.538668011969999805e-01 -2.447258224589999864e-01
-4.655648513580000203e-01 -3.251346577670000126e-01
-5.488289089000000232e-01 -4.374442872400000071e-01
-1.993012979429999998e-01 -5.181161455630000079e-01
-3.787749499899999983e-01 -6.364733447510000364e-01
-4.597587489630000079e-01 -5.584088544690000155e-01
-4.899270677249999983e-01 -4.837954525759999846e-01
-1.559545391140000070e-01 -5.254737135929999914e-01
-3.126733618509999757e-01 -7.648921540319999490e-01
-4.302189564980000158e-01 -8.950070045119999929e-01
-5.117265515779999552e-01 -9.908997956349999692e-01
-1.320997162049999951e-01 -4.902881800330000095e-01
-2.606405292630000203e-01 -7.480348392269999813e-01
-3.602329887469999936e-01 -8.847166101210000022e-01
-4.293035289939999832e-01 -1.000000000000000000e+00
-1.396848528500000131e-01 -4.354830456850000142e-01
-2.007000229779999922e-01 -6.305602259560000311e-01
-2.620946313840000208e-01 -7.506042126359999678e-01
-3.228038122660000231e-01 -8.650843807439999589e-01
-2.485320321939999966e-01 -1.201991108219999937e-01
-3.586189242660000054e-01 -2.418358333889999989e-01
-4.712214626419999886e-01 -3.266041922399999797e-01
-5.549942160240000089e-01 -4.427870584790000175e-01
-2.106193465729999936e-01 -5.140395778490000067e-01
-3.792314057839999974e-01 -6.404797483059999630e-01
-4.614016525579999750e-01 -5.670961783500000353e-01
-4.930875853280000110e-01 -4.952568607080000129e-01
-1.629972698990000135e-01 -5.241066018329999521e-01
-3.095437918569999836e-01 -7.668769984100000103e-01
-4.243273445130000265e-01 -8.999795633089999747e-01
-5.042297825139999690e-01 -1.000000000000000000e+00
-1.326236727979999974e-01 -4.920975925200000156e-01
-2.556430910670000056e-01 -7.475640498240000431e-01
-3.565865538090000064e-01 -8.842208602159999931e-01
-4.275416021119999854e-01 -9.993424931969999703e-01
-1.305490423000000011e-01 -4.405553101390000115e-01
-1.919787068090000048e-01 -6.319551057500000235e-01
-2.548787419299999857e-01 -7.518839283970000231e-01
-3.170881628819999798e-01 -8.673646616700000367e-01
