-1.996955313359999873e-01 -6.811849904500000275e-02
-3.707243370419999740e-01 -2.126260670039999967e-01
-4.959014615749999799e-01 -3.204155477510000072e-01
-5.982219602739999864e-01 -4.216500017540000256e-01
-2.453883659240000126e-01 -4.630229293140000202e-01
-3.724647025939999967e-01 -5.784296756939999451e-01
-4.756193364840000104e-01 -5.278146725450000298e-01
-5.469983840850000112e-01 -4.769537748809999922e-01
-1.942212120429999966e-01 -5.124523015470000553e-01
-3.375554755819999975e-01 -6.655661775210000020e-01
-4.718312478259999998e-01 -7.031625592750000431e-01
-5.796136122460000539e-01 -7.248738376879999556e-01
-1.204885663500000065e-01 -5.346201685860000330e-01
-2.231578074330000105e-01 -7.577066009520000422e-01
-3.462910211779999803e-01 -8.941748796709999558e-01
-4.604447856889999913e-01 -1.000000000000000000e+00
-3.549543445299999794e-02 -5.364119580730000170e-01
-5.495566612999999712e-02 -7.299290349699999458e-01
-1.096102862100000047e-01 -8.506256903469999742e-01
-1.838648382449999952e-01 -9.509366102999999848e-01
-1.952012531329999911e-01 -6.612981095599999859e-02
-3.594527319079999783e-01 -2.075585683800000025e-01
-4.826645919579999888e-01 -3.151663785780000060e-01
-5.856564039020000223e-01 -4.120040609300000267e-01
-2.345313398170000008e-01 -4.598864094610000119e-01
-3.644312890890000212e-01 -5.686637128329999902e-01
-4.744672477740000116e-01 -5.224816508370000445e-01
-5.521669017300000482e-01 -4.757801940490000159e-01
-1.868814376579999992e-01 -5.123978434920000158e-01
-3.286005208550000223e-01 -6.762606310650000063e-01
-4.662624734120000003e-01 -7.363179810650000157e-01
-5.809314015550000043e-01 -7.781479427859999687e-01
-1.151659479660000068e-01 -5.350613648290000190e-01
-2.145183234949999962e-01 -7.590914985929999581e-01
-3.310993404700000031e-01 -8.944072034900000245e-01
-4.426294404600000232e-01 -1.000000000000000000e+00
-3.146735382299999800e-02 -5.356671354430000420e-01
-5.034735239100000120e-02 -7.305577142479999786e-01
-1.056487761480000009e-01 -8.502911954409999584e-01
-1.830844899079999977e-01 -9.494853419469999611e-01
-2.008442710070000026e-01 -7.095078103999999386e-02
-3.617535410589999834e-01 -2.118451117890000068e-01
-4.840700636010000224e-01 -3.240158385820000042e-01
-5.940851786509999677e-01 -4.242286701669999993e-01
-2.420680373369999971e-01 -4.664199338330000111e-01
-3.792749598480000262e-01 -5.656992712120000322e-01
-4.875492504160000018e-01 -5.228517598470000527e-01
-5.626646721560000231e-01 -4.779942431549999982e-01
-1.929105890850000005e-01 -5.228414442900000125e-01
-3.326618033270000163e-01 -6.975067426809999915e-01
-4.660470455610000173e-01 -7.813168202920000027e-01
-5.817363960089999564e-01 -8.455873869009999932e-01
-1.193019602870000057e-01 -5.437017922829999739e-01
-2.178763163899999911e-01 -7.654041189379999777e-01
-3.237916980910000020e-01 -8.963358505840000046e-01
-4.290935800980000270e-01 -1.000000000000000000e+00
-3.451419713500000069e-02 -5.381679418479999866e-01
-4.924880248300000235e-02 -7.334160870220000072e-01
-1.027799194229999935e-01 -8.526041941269999480e-01
-1.819586941340000097e-01 -9.522725935529999797e-01
-2.006324561969999865e-01 -6.964937232500000019e-02
-3.629041447420000011e-01 -2.086412848139999887e-01
-4.852607464359999789e-01 -3.180999017500000248e-01
-5.932323095879999952e-01 -4.143755577250000099e-01
-2.398182755770000008e-01 -4.653554026710000069e-01
-3.771018586429999986e-01 -5.609336202360000190e-01
-4.862589907020000157e-01 -5.174420077670000007e-01
-5.618352739090000103e-01 -4.737213533669999976e-01
-1.931468973600000139e-01 -5.221536001790000325e-01
-3.305250763989999729e-01 -6.961232329619999604e-01
-4.623074941190000176e-01 -7.818094236179999879e-01
-5.763718187859999675e-01 -8.493151086060000132e-01
-1.215885027660000006e-01 -5.429088223410000191e-01
-2.199145020459999933e-01 -7.618882501999999501e-01
-3.250209403400000086e-01 -8.934641821830000552e-01
-4.302154814779999836e-01 -1.000000000000000000e+00
-3.921561138299999721e-02 -5.365832418460000364e-01
-5.392976242699999700e-02 -7.306373947940000280e-01
-1.073404989459999931e-01 -8.476125084140000432e-01
-1.871622697789999956e-01 -9.461626691700000258e-01
-2.018448459380000060e-01 -7.133797217600000573e-02
-3.648410202760000165e-01 -2.149662089870000015e-01
-4.872107918690000150e-01 -3.290797307080000067e-01
-5.962761600710000387e-01 -4.286886074149999781e-01
-2.395789318490000042e-01 -4.666046328010000077e-01
-3.761373572319999803e-01 -5.630008403220000401e-01
-4.838878665999999940e-01 -5.180769484570000305e-01
-5.584535813740000298e-01 -4.712672710979999846e-01
-1.914095141469999983e-01 -5.233434547490000144e-01
-3.280645194549999810e-01 -6.975544171880000421e-01
-4.616346831929999950e-01 -7.837659095690000521e-01
-5.784017182499999743e-01 -8.497172750770000116e-01
-1.184622011639999972e-01 -5.439021495050000432e-01
-2.161246176580000067e-01 -7.635900625479999926e-01
-3.239478689420000057e-01 -8.953441764939999992e-01
-4.316795788860000038e-01 -1.000000000000000000e+00
-3.530887549399999714e-02 -5.378574994749999449e-01
-4.953572090700000125e-02 -7.328767571350000010e-01
-1.014626100299999972e-01 -8.511753101569999869e-01
-1.795961083410000103e-01 -9.498760984559999621e-01
-1.989196936000000027e-01 -7.223068190900000518e-02
-3.594627214580000119e-01 -2.151275529040000134e-01
-4.788267655480000218e-01 -3.263774563469999945e-01
-5.840304126790000216e-01 -4.201275254290000039e-01
-2.324613585960000062e-01 -4.680690931059999782e-01
-3.702105829230000200e-01 -5.631498337579999847e-01
-4.807514854209999910e-01 -5.151040507730000328e-01
-5.585274322369999656e-01 -4.672714986229999923e-01
-1.860429765820000025e-01 -5.229751486920000136e-01
-3.233995934259999983e-01 -6.944871428940000424e-01
-4.580964672039999908e-01 -7.777733635400000400e-01
-5.766155041089999767e-01 -8.417213918089999636e-01
-1.147687174950000055e-01 -5.421028893089999690e-01
-2.157372229769999872e-01 -7.598974698229999936e-01
-3.244595999470000214e-01 -8.930303771199999963e-01
-4.337356023130000127e-01 -1.000000000000000000e+00
-3.249841713800000198e-02 -5.353810651649999475e-01
-4.965975176000000241e-02 -7.311927846119999908e-01
-1.016324517289999979e-01 -8.488359497590000080e-01
-1.802608165959999897e-01 -9.470200327719999756e-01
-2.023992676120000000e-01 -6.145044163999999892e-03
-3.775575378120000214e-01 -1.381476276930000135e-01
-5.088901884109999774e-01 -2.586209254149999803e-01
-6.070127663540000329e-01 -3.904853134560000161e-01
-2.003854926739999931e-01 -4.327910251489999749e-01
-3.414077319650000164e-01 -5.397761524049999871e-01
-4.597517524160000257e-01 -4.892348625030000231e-01
-5.370355176950000198e-01 -4.097119424180000191e-01
-1.399528971590000004e-01 -4.952916070239999913e-01
-2.825521651599999795e-01 -6.916821591080000164e-01
-4.253457311659999962e-01 -8.070917559850000478e-01
-5.449651262479999758e-01 -8.946352511959999587e-01
-5.087737162900000248e-02 -5.095101770069999647e-01
-1.535142384990000053e-01 -7.457856195230000429e-01
-2.720626912920000029e-01 -8.951740681259999777e-01
-3.807304092139999763e-01 -1.000000000000000000e+00
5.524240943099999884e-02 -4.914926858220000083e-01
4.465949601799999724e-02 -7.017395902430000332e-01
-7.019942821000000124e-03 -8.472462730859999791e-01
-8.326229600399999431e-02 -9.632849503660000368e-01
-2.058850473330000042e-01 -7.222569092199999929e-02
-3.686366410119999992e-01 -2.138433189950000035e-01
-4.884692933679999904e-01 -3.261471489639999888e-01
-5.871954098439999825e-01 -4.243116354659999812e-01
-2.260964230810000031e-01 -4.767344242420000211e-01
-3.631235212069999774e-01 -5.713655716240000348e-01
-4.712721301030000087e-01 -5.241132434040000065e-01
-5.460773190850000125e-01 -4.723471120350000163e-01
-1.773189002879999865e-01 -5.311684572099999446e-01
-3.147771461230000067e-01 -7.101276634990000280e-01
-4.490820776539999892e-01 -8.033858809999999684e-01
-5.669188141940000314e-01 -8.711408240979999773e-01
-1.062793538649999953e-01 -5.472045278920000255e-01
-2.100740672610000026e-01 -7.669757245030000004e-01
-3.210250088809999958e-01 -8.979914244750000218e-01
-4.312632872020000230e-01 -1.000000000000000000e+00
-2.658127105599999984e-02 -5.371013027480000535e-01
-4.474441919199999979e-02 -7.349507147089999748e-01
-9.809047719999999804e-02 -8.539995818029999519e-01
-1.782651833130000085e-01 -9.523791538600000495e-01
-2.117134750030000012e-01 -7.267331656599999856e-02
-3.736117473419999779e-01 -2.165872895500000062e-01
-4.915185069840000143e-01 -3.334972202889999737e-01
-5.914132239789999801e-01 -4.346577946449999841e-01
-2.329795870689999882e-01 -4.877472631590000218e-01
-3.716569387190000184e-01 -5.902100570249999567e-01
-4.755248209629999723e-01 -5.415590434920000140e-01
-5.465287803630000107e-01 -4.886746266329999866e-01
-1.807850648300000085e-01 -5.415384611429999717e-01
-3.208458076310000129e-01 -7.244195809669999875e-01
-4.565641892940000002e-01 -8.160296879809999515e-01
-5.761622177280000257e-01 -8.808930964360000004e-01
-1.078857712199999958e-01 -5.558684072639999973e-01
-2.197381041850000050e-01 -7.746934484199999860e-01
-3.381655972639999730e-01 -9.024231985720000404e-01
-4.532415120430000055e-01 -1.000000000000000000e+00
-2.415608830400000143e-02 -5.430836810139999526e-01
-4.753107645299999712e-02 -7.422930357949999447e-01
-1.038819039690000029e-01 -8.627394000579999833e-01
-1.858666753459999876e-01 -9.614987217720000201e-01
-2.022386846080000133e-01 3.888020800000000009e-04
-3.839377576929999814e-01 -1.195780733009999958e-01
-5.196526661450000528e-01 -2.399297038640000046e-01
-6.192988122850000554e-01 -3.684019619969999826e-01
-2.128449575509999969e-01 -4.122961280920000027e-01
-3.561771292750000040e-01 -5.363304368029999658e-01
-4.765331065069999816e-01 -5.000963012089999493e-01
-5.574071367809999566e-01 -4.321115445290000245e-01
-1.555443641310000069e-01 -4.809772511809999873e-01
-3.013576347119999999e-01 -6.920010791730000221e-01
-4.428581099730000137e-01 -8.143387629230000035e-01
-5.621402100639999455e-01 -9.089765467210000338e-01
-6.401030210600000547e-02 -5.006747080050000243e-01
-1.700954143889999992e-01 -7.433211551649999693e-01
-2.838276670500000098e-01 -8.940091654770000451e-01
-3.913080102370000146e-01 -1.000000000000000000e+00
4.975962168999999852e-02 -4.851461567570000133e-01
3.368408956599999726e-02 -6.990602950490000245e-01
-2.205540004999999998e-02 -8.409273394259999534e-01
-1.026695294729999958e-01 -9.517134495689999474e-01
-2.175101356809999997e-01 -7.572368339700000228e-02
-3.809560551849999754e-01 -2.152691618629999915e-01
-4.968407684969999849e-01 -3.312516615539999876e-01
-5.915318160779999834e-01 -4.403270164670000097e-01
-2.418631731639999949e-01 -4.929889949540000038e-01
-3.834836561569999747e-01 -5.908752750479999705e-01
-4.882114010329999809e-01 -5.376507875349999521e-01
-5.568714210309999579e-01 -4.799588520440000172e-01
-1.866919340460000132e-01 -5.470393156270000334e-01
-3.281971533940000185e-01 -7.300398785889999909e-01
-4.593914334170000058e-01 -8.237348514990000536e-01
-5.725652286610000141e-01 -8.933228495630000099e-01
-1.105008524699999939e-01 -5.614609077909999968e-01
-2.235395765019999870e-01 -7.791401198330000222e-01
-3.387803496760000144e-01 -9.038749104209999885e-01
-4.496875377799999796e-01 -1.000000000000000000e+00
-2.290734397500000102e-02 -5.488229029340000453e-01
-5.287015213799999697e-02 -7.438548801800000110e-01
-1.129231583109999992e-01 -8.608407043700000427e-01
-1.957683742749999900e-01 -9.574732172230000504e-01
-2.148414253790000006e-01 -7.228172033299999633e-02
-3.778344333599999993e-01 -2.123782108950000025e-01
-4.927219571750000027e-01 -3.316178796209999780e-01
-5.922000344369999780e-01 -4.462305850070000246e-01
-2.369415758560000085e-01 -4.903608156490000258e-01
-3.731457874990000145e-01 -5.924385487879999523e-01
-4.796742543479999843e-01 -5.442549506349999566e-01
-5.519118850130000364e-01 -4.890238018399999942e-01
-1.833513369729999898e-01 -5.433027428459999975e-01
-3.196618799909999864e-01 -7.272909927130000174e-01
-4.514178957680000104e-01 -8.218995919529999972e-01
-5.665976588090000376e-01 -8.945494717690000153e-01
-1.086713967780000012e-01 -5.583641176000000428e-01
-2.202572711709999964e-01 -7.754633641310000325e-01
-3.385313116440000214e-01 -9.010546549719999909e-01
-4.516445811840000268e-01 -1.000000000000000000e+00
-2.186193722600000139e-02 -5.477205275950000063e-01
-5.304714020000000224e-02 -7.432800570990000244e-01
-1.132926392150000044e-01 -8.594205017470000207e-01
-1.958007967710000130e-01 -9.563418084000000485e-01
-2.115261983360000042e-01 3.270577833999999910e-03
-3.980273851650000250e-01 -1.103601884499999936e-01
-5.383579816610000179e-01 -2.281823262540000063e-01
-6.399565683210000078e-01 -3.585691703769999794e-01
-2.166379083030000041e-01 -4.251632823050000010e-01
-3.740415290899999912e-01 -5.319220870149999891e-01
-4.884340088499999899e-01 -4.858925697200000005e-01
-5.640696936219999902e-01 -4.200939094230000115e-01
-1.567101423520000092e-01 -4.933557330409999997e-01
-3.155728498590000264e-01 -6.920338144330000496e-01
-4.644928672129999825e-01 -8.153401982129999670e-01
-5.900860100410000308e-01 -9.136565479010000379e-01
-6.712982528300000251e-02 -5.103403400960000447e-01
-1.784704941109999943e-01 -7.422747336970000331e-01
-2.985923905230000175e-01 -8.912616709609999521e-01
-4.103148518549999957e-01 -1.000000000000000000e+00
3.798855644199999881e-02 -4.941367688180000051e-01
2.574317392899999959e-02 -7.085094659809999529e-01
-3.655228217900000076e-02 -8.492177578430000207e-01
-1.235755302969999969e-01 -9.632471604179999591e-01
-2.133681463359999864e-01 -7.322604406400000376e-02
-3.801581392000000226e-01 -2.166105464639999922e-01
-4.981123361040000197e-01 -3.386285429149999970e-01
-5.943815366710000214e-01 -4.544375918410000215e-01
-2.352659002830000123e-01 -4.958781658620000088e-01
-3.777213324090000213e-01 -6.008785683359999519e-01
-4.828939651820000067e-01 -5.482989706109999695e-01
-5.506253932410000163e-01 -4.925966166110000155e-01
-1.822224565139999863e-01 -5.484302429170000437e-01
-3.294803963890000076e-01 -7.283919129539999648e-01
-4.652382706489999742e-01 -8.202861452030000278e-01
-5.811305276120000141e-01 -8.921665189209999625e-01
-1.079847370959999969e-01 -5.641202552520000468e-01
-2.301932248240000090e-01 -7.785304401229999893e-01
-3.530319746689999927e-01 -9.025947857760000526e-01
-4.669296505769999772e-01 -1.000000000000000000e+00
-2.041301592499999984e-02 -5.559957140110000084e-01
-5.387268162600000049e-02 -7.533664046519999991e-01
-1.151848594449999957e-01 -8.695531844710000513e-01
-1.973601604309999924e-01 -9.665920378440000515e-01
-2.241981725659999980e-01 -7.265304818600000492e-02
-3.980808934300000268e-01 -2.195872795319999959e-01
-5.182984339459999479e-01 -3.482146946899999929e-01
-6.110546061470000234e-01 -4.713155063949999724e-01
-2.485585954129999886e-01 -4.993747639610000011e-01
-3.892282780140000065e-01 -6.214941273490000029e-01
-4.913903375940000262e-01 -5.717102109830000112e-01
-5.609500085299999883e-01 -5.179986532970000113e-01
-1.924146475469999951e-01 -5.518342655219999893e-01
-3.453183551249999761e-01 -7.386734462059999506e-01
-4.866518408789999861e-01 -8.167397065739999684e-01
-6.084313384609999487e-01 -8.713050648939999476e-01
-1.167237957149999950e-01 -5.726594503699999894e-01
-2.499630279329999871e-01 -7.896833479439999692e-01
-3.888977404780000202e-01 -9.094205706019999891e-01
-5.163694182900000484e-01 -1.000000000000000000e+00
-2.790982925399999870e-02 -5.710520399930000268e-01
-6.433372815700000302e-02 -7.753140733619999780e-01
-1.288248048529999912e-01 -8.930264235979999965e-01
-2.134822793910000072e-01 -9.882350945590000491e-01
-2.250912606230000002e-01 -7.550113055399999828e-02
-3.917727656980000139e-01 -2.171289156270000131e-01
-5.126034350129999861e-01 -3.435332220269999848e-01
-6.057210326749999929e-01 -4.679850807470000151e-01
-2.450778572929999954e-01 -4.982793955540000264e-01
-3.843901446229999741e-01 -6.183190508410000286e-01
-4.858137205429999828e-01 -5.764285365819999951e-01
-5.554977096669999614e-01 -5.211120982050000405e-01
-1.904416247869999967e-01 -5.511976382640000338e-01
-3.459394933180000020e-01 -7.379447310890000500e-01
-4.884501691939999724e-01 -8.219449929509999864e-01
-6.137352293579999563e-01 -8.784376923550000216e-01
-1.154203981400000051e-01 -5.697919619869999952e-01
-2.450187243059999964e-01 -7.889646725190000431e-01
-3.773437872509999846e-01 -9.096904249110000507e-01
-5.027353750499999885e-01 -1.000000000000000000e+00
-2.730280345700000083e-02 -5.639133045980000425e-01
-6.273078827200000152e-02 -7.692993356609999500e-01
-1.269872517439999959e-01 -8.888302266119999517e-01
-2.136554704309999997e-01 -9.848427811629999473e-01
-2.273282238959999924e-01 -7.828423853299999735e-02
-3.908624048489999780e-01 -2.193842795110000077e-01
-5.146253313680000385e-01 -3.399423226250000152e-01
-6.117536264580000216e-01 -4.600222317820000240e-01
-2.497563115429999869e-01 -4.939432966549999748e-01
-3.931549216520000001e-01 -6.111270350209999647e-01
-4.939223327919999851e-01 -5.642845118079999889e-01
-5.613950950660000494e-01 -5.067693650340000522e-01
-1.987397429199999899e-01 -5.457205728059999483e-01
-3.569395418210000170e-01 -7.317263260699999883e-01
-4.999298390390000124e-01 -8.139620772929999637e-01
-6.240927455320000039e-01 -8.689380090899999631e-01
-1.261957433139999918e-01 -5.644016112090000092e-01
-2.546127350690000068e-01 -7.853551542579999545e-01
-3.880681587809999833e-01 -9.081757156759999727e-01
-5.139779953559999726e-01 -1.000000000000000000e+00
-4.133288677699999830e-02 -5.594794892179999479e-01
-7.492445060300000070e-02 -7.656171950860000130e-01
-1.392553087750000029e-01 -8.837290448810000143e-01
-2.257384789269999970e-01 -9.784204882899999456e-01
-2.280645159930000110e-01 -7.779088927299999956e-02
-3.963550059100000023e-01 -2.195153815279999865e-01
-5.226666323069999454e-01 -3.407196131810000250e-01
-6.240559541069999883e-01 -4.580808123410000099e-01
-2.521792758959999770e-01 -4.887214614390000267e-01
-3.953127870809999833e-01 -6.130407929840000492e-01
-4.982027835580000175e-01 -5.735969414610000428e-01
-5.693658996389999727e-01 -5.207922058609999461e-01
-2.018102364280000005e-01 -5.401843037669999958e-01
-3.623323925779999843e-01 -7.292654608799999938e-01
-5.074109538400000119e-01 -8.092795333579999584e-01
-6.338698493259999900e-01 -8.577211233089999665e-01
-1.302385216839999915e-01 -5.607299357430000075e-01
-2.599046598690000209e-01 -7.828438905369999867e-01
-3.952939245939999791e-01 -9.077560620810000147e-01
-5.245097541090000259e-01 -1.000000000000000000e+00
-4.812223387500000338e-02 -5.582995972659999806e-01
-8.278670310699999535e-02 -7.639800086860000228e-01
-1.457480467199999963e-01 -8.834765210849999661e-01
-2.310877387480000100e-01 -9.781925074880000182e-01
-2.193255057129999963e-01 -8.145912875300000133e-02
-3.883761175259999865e-01 -2.231151139199999967e-01
-5.167337325540000137e-01 -3.393040817679999765e-01
-6.190468615449999934e-01 -4.506851373929999793e-01
-2.443815666689999888e-01 -4.866250073350000260e-01
-3.885656001360000000e-01 -6.050947631969999518e-01
-4.959960797429999735e-01 -5.664190565469999772e-01
-5.710143838910000103e-01 -5.163246243719999962e-01
-1.967072841960000040e-01 -5.377268304540000488e-01
-3.546744394140000090e-01 -7.206215540079999871e-01
-4.979463512949999782e-01 -7.992350112639999837e-01
-6.216522694430000051e-01 -8.451743353330000152e-01
-1.269605218089999987e-01 -5.591306206909999466e-01
-2.517963829370000184e-01 -7.788229024280000079e-01
-3.827344114080000193e-01 -9.057636662960000251e-01
-5.078905359930000474e-01 -1.000000000000000000e+00
-4.647740891800000024e-02 -5.585491035759999612e-01
-7.969957193299999354e-02 -7.619266289099999589e-01
-1.432564223589999908e-01 -8.804427873300000318e-01
-2.291642560549999874e-01 -9.742340393189999892e-01
-2.195012462329999914e-01 -8.149085699999999988e-02
-3.846705845739999963e-01 -2.192022850049999971e-01
-5.112445833930000516e-01 -3.334588697349999964e-01
-6.146649910560000318e-01 -4.399671777049999899e-01
-2.424160560949999987e-01 -4.822835404069999998e-01
-3.852263017770000131e-01 -5.979833862410000034e-01
-4.940619343609999881e-01 -5.627355666119999711e-01
-5.716044413409999692e-01 -5.161712318279999545e-01
-1.954454406660000032e-01 -5.356527455630000212e-01
-3.478572055260000240e-01 -7.183331232980000314e-01
-4.908906368240000262e-01 -8.001469958789999559e-01
-6.158240054979999822e-01 -8.524413547970000060e-01
-1.257010813730000121e-01 -5.577152119389999774e-01
-2.434499526630000132e-01 -7.779376922239999992e-01
-3.710405782599999758e-01 -9.040691306210000278e-01
-4.951124839420000256e-01 -1.000000000000000000e+00
-4.496128405799999783e-02 -5.562815990089999829e-01
-7.688590247800000665e-02 -7.583854692679999898e-01
-1.385815258920000126e-01 -8.758517239540000165e-01
-2.237721712780000038e-01 -9.697784164660000483e-01
-2.243904591120000069e-01 1.095744265000000084e-03
-4.032652406910000042e-01 -9.797683446799999862e-02
-5.389794870599999843e-01 -2.092819037260000015e-01
-6.296950659800000238e-01 -3.370005888759999846e-01
-2.330008417439999868e-01 -4.202745275670000114e-01
-3.839200133969999928e-01 -5.429583488989999651e-01
-4.960582292449999819e-01 -5.014355871479999616e-01
-5.682348550870000015e-01 -4.338738026930000213e-01
-1.756037133920000104e-01 -4.881776220760000173e-01
-3.405529418480000015e-01 -6.873779835869999744e-01
-4.869525094600000159e-01 -8.084731687830000180e-01
-6.085592736389999757e-01 -9.033572862980000506e-01
-8.672286905499999865e-02 -5.074699797730000128e-01
-2.065588363710000042e-01 -7.341096618389999495e-01
-3.240235482320000249e-01 -8.898285125479999946e-01
-4.328362819070000200e-01 -1.000000000000000000e+00
2.032076658500000035e-02 -4.972036513690000215e-01
-1.847758934000000080e-03 -7.133678174890000223e-01
-6.514821273199999929e-02 -8.534548994289999913e-01
-1.527725418689999948e-01 -9.635290903500000059e-01
-2.155615660200000117e-01 -8.105992842900000550e-02
-3.790518893340000250e-01 -2.192485710690000034e-01
-5.055872745299999638e-01 -3.282406014879999945e-01
-6.100612509330000099e-01 -4.291434720430000183e-01
-2.372674805099999895e-01 -4.807715733160000116e-01
-3.767967168729999816e-01 -5.983959918319999849e-01
-4.859403010480000118e-01 -5.596574061629999708e-01
-5.631074442110000078e-01 -5.110378221669999999e-01
-1.919509799809999973e-01 -5.319969182899999538e-01
-3.374443384879999841e-01 -7.169610072769999620e-01
-4.781111040589999805e-01 -7.998669787269999665e-01
-6.001517377239999895e-01 -8.530206262470000356e-01
-1.248762657749999949e-01 -5.527911011489999860e-01
-2.362951711780000019e-01 -7.758328086989999539e-01
-3.594011489089999900e-01 -9.036137818080000050e-01
-4.785310744110000125e-01 -1.000000000000000000e+00
-4.764718705899999990e-02 -5.521054299040000224e-01
-7.621314292599999651e-02 -7.515433187719999797e-01
-1.363773562389999916e-01 -8.682145254809999768e-01
-2.202706828940000083e-01 -9.620047066639999533e-01
-2.115175180099999885e-01 -8.301533114400000413e-02
-3.688711485300000259e-01 -2.235393441459999908e-01
-4.903830694929999789e-01 -3.325907268139999817e-01
-5.978643747730000291e-01 -4.285669567970000204e-01
-2.327423870549999996e-01 -4.854643284099999789e-01
-3.717522757510000053e-01 -6.025076110539999696e-01
-4.783249412410000012e-01 -5.599878337910000337e-01
-5.533625019750000318e-01 -5.106870386320000454e-01
-1.853954282979999868e-01 -5.360624785940000248e-01
-3.263325463380000180e-01 -7.240696593700000072e-01
-4.645007476499999899e-01 -8.128947855120000066e-01
-5.865323757920000158e-01 -8.723153933060000531e-01
-1.174470839049999993e-01 -5.519465020720000226e-01
-2.209511119620000130e-01 -7.750363303749999710e-01
-3.372609179589999839e-01 -9.026477676549999885e-01
-4.530813627370000041e-01 -1.000000000000000000e+00
-4.131015597599999728e-02 -5.438402178229999606e-01
-6.454064084900000553e-02 -7.436996047289999856e-01
-1.221712717309999946e-01 -8.614429530289999803e-01
-2.059042109320000091e-01 -9.568467399440000465e-01
-2.192977679289999926e-01 7.145946170000000430e-03
-3.985428240050000182e-01 -9.643919991299999828e-02
-5.329164631680000097e-01 -2.074378340049999880e-01
-6.298239907710000418e-01 -3.271909280010000254e-01
-2.278990878380000029e-01 -4.222848057440000136e-01
-3.787562251320000239e-01 -5.442417795170000350e-01
-4.962808395889999891e-01 -5.047475081669999808e-01
-5.745723027029999708e-01 -4.373151570609999927e-01
-1.688161550729999905e-01 -4.890919603600000221e-01
-3.312134293780000238e-01 -6.927898795229999740e-01
-4.782664593970000211e-01 -8.162327048459999679e-01
-6.040231383809999688e-01 -9.122026966570000450e-01
-8.142609432500000355e-02 -5.065451034440000555e-01
-2.064246863120000053e-01 -7.339600161670000178e-01
-3.264029587660000065e-01 -8.905304871460000271e-01
-4.360237472119999902e-01 -1.000000000000000000e+00
2.388621403199999924e-02 -4.954018771279999900e-01
-3.865477209000000008e-03 -7.112459937670000398e-01
-6.699670225899999332e-02 -8.558504928979999704e-01
-1.532710213579999980e-01 -9.687688406669999752e-01
-2.135673763039999951e-01 -7.837277636099999889e-02
-3.772855236800000123e-01 -2.166471389790000091e-01
-5.010818539079999745e-01 -3.298474096999999827e-01
-5.987566511140000047e-01 -4.361883808690000253e-01
-2.345465339399999960e-01 -4.849673953449999964e-01
-3.716693927609999726e-01 -5.957764667870000252e-01
-4.782042449519999794e-01 -5.488906279559999657e-01
-5.515821010179999817e-01 -4.954398721859999966e-01
-1.839930904500000075e-01 -5.390360644420000291e-01
-3.256386088070000184e-01 -7.265465786960000338e-01
-4.648991707669999918e-01 -8.139553977369999860e-01
-5.858062780830000094e-01 -8.731538025839999939e-01
-1.127353519429999951e-01 -5.572647054299999514e-01
-2.213052954120000027e-01 -7.791967509230000033e-01
-3.414680930419999871e-01 -9.049773281199999797e-01
-4.582593832210000162e-01 -1.000000000000000000e+00
-3.034743589200000063e-02 -5.506575830990000364e-01
-5.581795073200000040e-02 -7.501448007669999640e-01
-1.171506075479999964e-01 -8.665823569980000141e-01
-2.030792482959999923e-01 -9.608250204649999571e-01
-2.171758628509999900e-01 -7.697951491399999957e-02
-3.782949256049999986e-01 -2.126867255580000005e-01
-5.019938120889999578e-01 -3.225320710449999795e-01
-6.048136473380000266e-01 -4.263669411139999754e-01
-2.434750260749999895e-01 -4.877706096359999965e-01
-3.793138897059999959e-01 -6.006397355070000055e-01
-4.873679687090000101e-01 -5.540582861149999649e-01
-5.617312447310000012e-01 -4.998306325379999748e-01
-1.910915297530000057e-01 -5.401004205010000447e-01
-3.321256092229999957e-01 -7.274161319809999693e-01
-4.701320231789999915e-01 -8.158834958480000177e-01
-5.903857690799999558e-01 -8.776152372569999693e-01
-1.185758104769999988e-01 -5.575935794140000068e-01
-2.244827360970000074e-01 -7.787607970519999645e-01
-3.419982587989999767e-01 -9.044158252980000201e-01
-4.569782032410000250e-01 -1.000000000000000000e+00
-3.556069923499999980e-02 -5.501941252440000207e-01
-6.064584708399999718e-02 -7.493980749919999518e-01
-1.210775262810000058e-01 -8.663202321170000442e-01
-2.063829668409999929e-01 -9.617463967439999761e-01
-2.162736200960000132e-01 -7.606733793000000632e-02
-3.788860053009999729e-01 -2.108096980589999891e-01
-5.013607148069999520e-01 -3.216738547360000200e-01
-5.943157883670000530e-01 -4.356922662800000179e-01
-2.368892961329999991e-01 -4.848360366369999785e-01
-3.662863836279999785e-01 -5.992342410790000296e-01
-4.709454900269999800e-01 -5.513191345279999656e-01
-5.417378088400000014e-01 -4.938364792200000131e-01
-1.837340985179999886e-01 -5.363535457250000471e-01
-3.213781806000000074e-01 -7.255404829160000402e-01
-4.588315051740000095e-01 -8.133075483939999906e-01
-5.773287440259999848e-01 -8.729228461389999527e-01
-1.113722693249999951e-01 -5.537620228559999580e-01
-2.156690247739999899e-01 -7.777301472769999613e-01
-3.337455373450000096e-01 -9.047808732750000082e-01
-4.486368411119999733e-01 -1.000000000000000000e+00
-2.965696368900000088e-02 -5.459977948959999772e-01
-5.632265537299999819e-02 -7.454409286919999600e-01
-1.189203937570000036e-01 -8.624138958370000108e-01
-2.056549621479999979e-01 -9.568524401929999756e-01
-2.166872998980000076e-01 -7.899766427200000107e-02
-3.772350094149999888e-01 -2.132144068819999960e-01
-5.015669434999999732e-01 -3.193461815110000268e-01
-5.941355223080000414e-01 -4.242886563450000148e-01
-2.451229622370000027e-01 -4.893587572850000011e-01
-3.800160408159999892e-01 -5.998727338070000137e-01
-4.857553076980000162e-01 -5.539603100969999749e-01
-5.565194394319999960e-01 -4.992455065160000260e-01
-1.919402135590000114e-01 -5.410610120850000149e-01
-3.310774392779999853e-01 -7.278557088770000183e-01
-4.665319993270000132e-01 -8.168541167930000180e-01
-5.836833219799999473e-01 -8.781326961109999774e-01
-1.193003014620000052e-01 -5.565985231929999610e-01
-2.215694981740000125e-01 -7.780335613309999898e-01
-3.363590700910000231e-01 -9.046771847629999641e-01
-4.480400723990000111e-01 -1.000000000000000000e+00
-3.730786351100000287e-02 -5.464497786799999979e-01
-6.061723971300000263e-02 -7.448134196629999648e-01
-1.208798595490000044e-01 -8.626988583889999562e-01
-2.054219438429999989e-01 -9.591794810589999720e-01
-2.145899208579999939e-01 -7.834135846699999406e-02
-3.709186840250000006e-01 -2.122897904319999973e-01
-4.936347088129999783e-01 -3.196667389150000260e-01
-5.873550651579999560e-01 -4.282184847259999927e-01
-2.378979908830000101e-01 -4.911678445389999759e-01
-3.720909424800000198e-01 -6.106364332539999662e-01
-4.750065676899999922e-01 -5.607801673300000234e-01
-5.421925606109999629e-01 -5.016812694479999557e-01
-1.843563334780000118e-01 -5.396489173470000456e-01
-3.270434750960000136e-01 -7.269244282660000112e-01
-4.650369428850000264e-01 -8.103148807459999992e-01
-5.840605724070000448e-01 -8.662541306190000290e-01
-1.134311074800000013e-01 -5.541466202479999881e-01
-2.175418409930000019e-01 -7.782560195400000103e-01
-3.352999741759999930e-01 -9.057494352710000474e-01
-4.498224463989999866e-01 -1.000000000000000000e+00
-3.498066506800000253e-02 -5.442865171259999579e-01
-6.337462086299999742e-02 -7.462580912590000004e-01
-1.258434772760000098e-01 -8.660497295410000129e-01
-2.127929248119999894e-01 -9.621085839190000044e-01
-2.112327247559999954e-01 -8.131149142700000443e-02
-3.637477161580000007e-01 -2.147003388079999908e-01
-4.852029923449999727e-01 -3.211208709669999828e-01
-5.749399898910000362e-01 -4.304949340620000120e-01
-2.303011805959999936e-01 -4.925305174049999790e-01
-3.631311628930000146e-01 -6.085991380159999631e-01
-4.676151132029999768e-01 -5.590018541419999876e-01
-5.373535412609999895e-01 -5.018996497200000073e-01
-1.795482274820000002e-01 -5.404441898999999827e-01
-3.187993547669999983e-01 -7.255750481989999834e-01
-4.561232983529999729e-01 -8.073145885289999546e-01
-5.753291685670000044e-01 -8.612861047300000017e-01
-1.103729088329999941e-01 -5.548494744499999909e-01
-2.106444092499999976e-01 -7.765204035239999802e-01
-3.262475399420000088e-01 -9.042224825260000154e-01
-4.385515303249999941e-01 -1.000000000000000000e+00
-3.252963779000000305e-02 -5.446658213959999495e-01
-5.644190861900000300e-02 -7.425362180110000043e-01
-1.166642987230000067e-01 -8.600439898370000336e-01
-2.014190642939999998e-01 -9.548745895970000008e-01
-2.070427922460000014e-01 -7.999501437700000384e-02
-3.609615384739999766e-01 -2.142948346659999947e-01
-4.833666928229999882e-01 -3.216608912439999912e-01
-5.737415540739999598e-01 -4.306641184880000139e-01
-2.339503840290000081e-01 -4.965452084090000162e-01
-3.622468997009999914e-01 -6.158496803690000077e-01
-4.666201143229999904e-01 -5.633324689259999740e-01
-5.363455839759999622e-01 -5.018928328239999903e-01
-1.822304662349999993e-01 -5.431466573100000028e-01
-3.173678313889999880e-01 -7.301814861209999785e-01
-4.539288889299999963e-01 -8.086006136019999735e-01
-5.710626888709999793e-01 -8.586915448540000106e-01
-1.121600972209999963e-01 -5.563199471480000380e-01
-2.115632801029999899e-01 -7.801198557670000477e-01
-3.285864323909999940e-01 -9.070658179270000288e-01
-4.412953627039999938e-01 -1.000000000000000000e+00
-3.205948818599999722e-02 -5.444323208529999736e-01
-5.923726409099999701e-02 -7.420144364090000000e-01
-1.202811253700000055e-01 -8.609300220319999752e-01
-2.045091250949999939e-01 -9.559537474670000146e-01
-2.024317896739999956e-01 -7.877020119199999726e-02
-3.608754947059999996e-01 -2.103957813819999911e-01
-4.842111879630000004e-01 -3.140273546060000087e-01
-5.683519041590000542e-01 -4.229197030469999952e-01
-2.324865043700000133e-01 -4.973214663259999946e-01
-3.601244117649999854e-01 -6.151323958519999691e-01
-4.642340567500000126e-01 -5.552114926829999630e-01
-5.314931499080000066e-01 -4.890494088719999910e-01
-1.808518186270000050e-01 -5.414241690400000140e-01
-3.160917318429999900e-01 -7.285665987010000455e-01
-4.495495606920000276e-01 -8.012109496389999697e-01
-5.603554049529999581e-01 -8.457236871709999937e-01
-1.104116098999999990e-01 -5.532329386950000094e-01
-2.096683991259999935e-01 -7.785920121820000261e-01
-3.266220890870000226e-01 -9.068361649930000157e-01
-4.375989754569999945e-01 -1.000000000000000000e+00
-2.958799681599999856e-02 -5.405525536490000116e-01
-5.507646568699999662e-02 -7.367059064119999556e-01
-1.147988270449999959e-01 -8.549671489710000127e-01
-1.969679397280000022e-01 -9.491664967359999538e-01
-2.041748764880000067e-01 -7.764718547399999948e-02
-3.652844837950000034e-01 -2.128843606849999959e-01
-4.898474245530000104e-01 -3.188473436409999806e-01
-5.677671924920000279e-01 -4.289703576919999817e-01
-2.310107064530000087e-01 -5.005524970539999563e-01
-3.646057879610000163e-01 -6.170353085730000409e-01
-4.670111384439999958e-01 -5.539070210859999843e-01
-5.318428075579999526e-01 -4.869775021130000048e-01
-1.776043831259999928e-01 -5.428481520719999898e-01
-3.229860684479999855e-01 -7.274563087400000017e-01
-4.596243261560000182e-01 -7.977250060430000067e-01
-5.740961087820000142e-01 -8.416733000820000310e-01
-1.058289344910000040e-01 -5.523573121370000116e-01
-2.151435603859999934e-01 -7.772159789910000338e-01
-3.370301036280000107e-01 -9.059172563849999804e-01
-4.527580946209999735e-01 -1.000000000000000000e+00
-2.317157979300000017e-02 -5.380722226220000515e-01
-4.962665690899999843e-02 -7.390899299580000470e-01
-1.101855096199999967e-01 -8.605320171400000495e-01
-1.949381263680000087e-01 -9.588081745759999830e-01
-2.057600735339999987e-01 -7.482061607600000441e-02
-3.724071984099999733e-01 -2.100335285309999911e-01
-4.997726026509999864e-01 -3.153191273800000083e-01
-5.748465062500000000e-01 -4.274649961179999846e-01
-2.416210954259999932e-01 -5.005456370349999906e-01
-3.745248807589999784e-01 -6.279471881910000386e-01
-4.753011843450000162e-01 -5.580345199149999713e-01
-5.376016232510000270e-01 -4.865229660529999944e-01
-1.877214241469999934e-01 -5.410871877840000010e-01
-3.322850727969999807e-01 -7.293114297710000526e-01
-4.662192827339999845e-01 -7.935932767259999965e-01
-5.759574300759999765e-01 -8.329757941340000249e-01
-1.151044743010000010e-01 -5.499461618259999796e-01
-2.238398362579999967e-01 -7.770653913239999877e-01
-3.442286699620000223e-01 -9.055560140499999688e-01
-4.570794251370000061e-01 -1.000000000000000000e+00
-3.205048061400000287e-02 -5.353403465260000438e-01
-5.922017759699999689e-02 -7.358711231619999849e-01
-1.200375133290000063e-01 -8.554122102210000023e-01
-2.032389449710000073e-01 -9.514876010249999627e-01
-2.107662046369999931e-01 -7.285794241199999854e-02
-3.797093183029999763e-01 -2.084698680410000116e-01
-5.098280235919999681e-01 -3.128553419990000029e-01
-5.894369645660000323e-01 -4.243905184460000091e-01
-2.469432988380000082e-01 -5.053846526649999893e-01
-3.890248590440000265e-01 -6.237529482639999623e-01
-4.878886679319999753e-01 -5.508387243700000324e-01
-5.454966736599999866e-01 -4.771283520049999782e-01
-1.914641749260000136e-01 -5.458021830960000376e-01
-3.499119212169999882e-01 -7.284441270789999701e-01
-4.868895847640000163e-01 -7.869632544450000378e-01
-5.977380489570000011e-01 -8.200262803260000011e-01
-1.185418301700000010e-01 -5.560293883139999505e-01
-2.360288602410000047e-01 -7.809597660360000360e-01
-3.639782965400000236e-01 -9.089653535360000536e-01
-4.823897586459999776e-01 -1.000000000000000000e+00
-3.714686409699999997e-02 -5.429211444320000135e-01
-6.859844169800000113e-02 -7.472698269759999734e-01
-1.338878275310000088e-01 -8.694065716969999746e-01
-2.206292738750000038e-01 -9.658328408699999867e-01
-2.085507209490000124e-01 -7.548218361000000320e-02
-3.738211543450000174e-01 -2.101903383010000070e-01
-5.036853077570000448e-01 -3.144134028000000192e-01
-5.851785414029999632e-01 -4.286685929590000055e-01
-2.408987253809999896e-01 -5.055167924629999643e-01
-3.790665099170000274e-01 -6.254542347010000336e-01
-4.768921056109999834e-01 -5.541184119409999775e-01
-5.349249665309999680e-01 -4.815657986399999868e-01
-1.852020399590000033e-01 -5.467536407609999705e-01
-3.394845175339999965e-01 -7.294146937490000315e-01
-4.769812858329999794e-01 -7.908560574059999571e-01
-5.906079718810000045e-01 -8.276729001039999645e-01
-1.122810603890000009e-01 -5.560228858960000187e-01
-2.255620648459999988e-01 -7.796640260660000488e-01
-3.503611279509999954e-01 -9.069088351280000238e-01
-4.682314938480000022e-01 -1.000000000000000000e+00
-3.142122278000000074e-02 -5.404342262960000198e-01
-6.076515245599999754e-02 -7.447526963160000513e-01
-1.256868392330000028e-01 -8.662760313170000392e-01
-2.139733113900000039e-01 -9.634082291350000160e-01
-2.137795523869999992e-01 -7.252961554900000385e-02
-3.826657939559999777e-01 -2.052868173350000103e-01
-5.143351109170000157e-01 -3.131438343810000191e-01
-5.846964861829999638e-01 -4.350041696590000173e-01
-2.422797323739999953e-01 -5.078659478339999644e-01
-3.829124786740000230e-01 -6.245196600710000157e-01
-4.864820213280000027e-01 -5.575938525889999609e-01
-5.496139849869999816e-01 -4.856310286900000217e-01
-1.852429877110000067e-01 -5.505242985970000280e-01
-3.355764320690000080e-01 -7.394269071829999707e-01
-4.742167248840000182e-01 -8.112895208570000127e-01
-5.905202997630000228e-01 -8.554024540600000392e-01
-1.124146782279999979e-01 -5.588509523369999954e-01
-2.244994569930000017e-01 -7.831455931199999831e-01
-3.485749061319999842e-01 -9.092809553959999569e-01
-4.657420516099999852e-01 -1.000000000000000000e+00
-3.345685413399999975e-02 -5.416179270680000490e-01
-6.335083759000000037e-02 -7.475535321720000459e-01
-1.272439637430000103e-01 -8.689399742700000262e-01
-2.146109164430000105e-01 -9.662473679309999675e-01
-2.132292044709999945e-01 -7.184645926400000382e-02
-3.784267195709999920e-01 -2.031144940279999977e-01
-5.084521539270000501e-01 -3.104183693550000012e-01
-5.798250220589999948e-01 -4.357673982849999961e-01
-2.374397036860000088e-01 -5.023979348310000370e-01
-3.755613014729999866e-01 -6.194255310690000016e-01
-4.735225780399999751e-01 -5.537919014879999491e-01
-5.308012947810000215e-01 -4.809336695570000098e-01
-1.819019546569999868e-01 -5.454839125629999952e-01
-3.313980127139999898e-01 -7.333522709459999733e-01
-4.665240636410000197e-01 -8.058197934249999861e-01
-5.782139245749999823e-01 -8.459688899620000369e-01
-1.111195780979999936e-01 -5.554266117410000536e-01
-2.234268181369999939e-01 -7.790080116440000202e-01
-3.502270412949999856e-01 -9.085931195709999741e-01
-4.682110839329999830e-01 -1.000000000000000000e+00
-3.429164333100000184e-02 -5.395126828680000264e-01
-6.378631823199999717e-02 -7.434080141000000141e-01
-1.277018603570000133e-01 -8.651168848210000206e-01
-2.133436488379999996e-01 -9.603361070799999455e-01
-2.158934874779999957e-01 -6.866978261299999664e-02
-3.847226093510000000e-01 -1.988015669659999873e-01
-5.160283701540000489e-01 -3.045111510490000062e-01
-5.905259206299999786e-01 -4.318325448870000138e-01
-2.462950674200000134e-01 -4.999462879530000015e-01
-3.841726601920000261e-01 -6.218819638579999864e-01
-4.837771261489999808e-01 -5.555674771680000346e-01
-5.411854773509999772e-01 -4.829369980370000204e-01
-1.909780089020000071e-01 -5.427582230940000141e-01
-3.434473959509999896e-01 -7.277070061629999920e-01
-4.766926648520000143e-01 -7.895806922750000512e-01
-5.834375718509999809e-01 -8.212636079699999758e-01
-1.200010487559999978e-01 -5.551349299740000465e-01
-2.302952270660000023e-01 -7.779794085250000268e-01
-3.561077162590000067e-01 -9.076227955219999810e-01
-4.721031896749999790e-01 -1.000000000000000000e+00
-4.300700036200000298e-02 -5.423151796980000272e-01
-7.153956521800000634e-02 -7.441072571910000155e-01
-1.367121687829999932e-01 -8.643608195180000342e-01
-2.225608651219999901e-01 -9.588596822349999549e-01
-2.176860635650000042e-01 -7.276117549199999368e-02
-3.839426573249999919e-01 -2.020952495249999925e-01
-5.169187173000000524e-01 -3.076650104170000066e-01
-5.892553457120000004e-01 -4.316694055759999760e-01
-2.416921147580000095e-01 -5.001331064780000224e-01
-3.785155089800000261e-01 -6.198529312139999803e-01
-4.771600338179999845e-01 -5.599330789919999551e-01
-5.328879675309999842e-01 -4.928576083289999965e-01
-1.862065212929999991e-01 -5.445564741170000334e-01
-3.264272384590000131e-01 -7.350321668610000359e-01
-4.575201503940000136e-01 -8.141095447599999702e-01
-5.649076782159999643e-01 -8.640546697919999630e-01
-1.158275409759999958e-01 -5.567254903099999597e-01
-2.201074874060000020e-01 -7.776061093489999854e-01
-3.392518293269999874e-01 -9.045785918590000252e-01
-4.486454388830000140e-01 -1.000000000000000000e+00
-3.996368767499999808e-02 -5.442610977449999776e-01
-7.212095677499999469e-02 -7.449190166770000010e-01
-1.369049055400000103e-01 -8.612479490440000385e-01
-2.204861816810000097e-01 -9.565675433110000236e-01
