-2.205820438530000094e-01 -7.287161526400000311e-02
-3.913086262420000239e-01 -2.083799232209999908e-01
-5.185773873540000523e-01 -3.154196590309999992e-01
-5.911755998700000125e-01 -4.250096721830000090e-01
-2.743447159399999835e-01 -4.830713435319999860e-01
-4.115431283309999855e-01 -5.963872380650000471e-01
-5.017546054960000390e-01 -5.420406135830000416e-01
-5.515793096469999712e-01 -4.846161543879999867e-01
-2.115905898419999931e-01 -5.326751903319999482e-01
-3.524582107829999922e-01 -7.281568060999999981e-01
-4.677863082689999730e-01 -8.284622976559999907e-01
-5.625257381660000444e-01 -9.071321029969999783e-01
-1.323518138950000034e-01 -5.425615035640000139e-01
-2.440534058870000023e-01 -7.645229037709999620e-01
-3.434440558899999885e-01 -8.959566019469999976e-01
-4.377468510020000036e-01 -1.000000000000000000e+00
-4.655041950100000103e-02 -5.223160875890000554e-01
-9.887214123399999666e-02 -7.166531741280000034e-01
-1.669570057810000063e-01 -8.285545100650000272e-01
-2.513859493330000139e-01 -9.227779116219999578e-01
-2.199944297260000015e-01 -7.415099878700000258e-02
-3.886451993230000124e-01 -2.106799497490000062e-01
-5.146084981140000014e-01 -3.193714782179999934e-01
-5.857997641150000101e-01 -4.307059549239999896e-01
-2.736694434840000190e-01 -4.887423027419999788e-01
-4.081512990899999749e-01 -6.052416829200000237e-01
-5.033258019749999868e-01 -5.539848651780000521e-01
-5.581376111129999762e-01 -4.969773144069999926e-01
-2.114928293620000066e-01 -5.372206791060000208e-01
-3.486836762059999928e-01 -7.335055522469999811e-01
-4.634725941350000267e-01 -8.328161417499999608e-01
-5.584519393550000377e-01 -9.105480222159999526e-01
-1.335212805450000095e-01 -5.461154472879999888e-01
-2.410708236909999969e-01 -7.668027540759999594e-01
-3.373524877849999881e-01 -8.964527538980000543e-01
-4.288168556640000184e-01 -1.000000000000000000e+00
-5.039615896800000300e-02 -5.253543323930000009e-01
-1.037276064899999989e-01 -7.179665688499999865e-01
-1.689311056989999948e-01 -8.304998627240000042e-01
-2.498454704680000138e-01 -9.257987855539999700e-01
-2.223478701909999966e-01 -7.526500786400000531e-02
-3.910548442690000015e-01 -2.097326266810000117e-01
-5.164727199769999499e-01 -3.172536081719999901e-01
-5.889079750490000542e-01 -4.297697598349999870e-01
-2.754157260149999731e-01 -4.870999691719999913e-01
-4.074756091999999774e-01 -6.013338158309999848e-01
-5.040374922339999619e-01 -5.507881215019999610e-01
-5.613488880420000049e-01 -4.943134326399999945e-01
-2.132435480440000031e-01 -5.363625016109999644e-01
-3.475738875109999904e-01 -7.302005084520000189e-01
-4.608735533409999974e-01 -8.286419224400000116e-01
-5.550166106630000096e-01 -9.063880585029999715e-01
-1.354478234800000069e-01 -5.464733277529999489e-01
-2.385217224070000086e-01 -7.653138610540000109e-01
-3.309097745330000229e-01 -8.958169742270000180e-01
-4.198516634439999895e-01 -1.000000000000000000e+00
-5.212472371600000015e-02 -5.263706165789999725e-01
-1.006006526079999963e-01 -7.166634416320000200e-01
-1.642350576569999998e-01 -8.289468204309999866e-01
-2.443356177509999894e-01 -9.242409884729999581e-01
-2.214698358970000058e-01 -7.467693682900000685e-02
-3.917681987719999759e-01 -2.092873478870000137e-01
-5.208042795559999494e-01 -3.153453011210000101e-01
-5.904332335120000552e-01 -4.312433441449999849e-01
-2.724308016029999835e-01 -4.883175262000000183e-01
-4.074913787230000084e-01 -6.026965702559999860e-01
-5.034290008399999738e-01 -5.510254488989999588e-01
-5.611913068710000507e-01 -4.921723969490000017e-01
-2.120785673270000060e-01 -5.360362362120000279e-01
-3.496041606090000142e-01 -7.299502608229999634e-01
-4.663533699160000157e-01 -8.290733388390000291e-01
-5.656689976540000275e-01 -9.052003317090000500e-01
-1.351313790919999869e-01 -5.446412864540000065e-01
-2.416715768230000005e-01 -7.647479866080000299e-01
-3.387830877349999881e-01 -8.957381820580000431e-01
-4.331409952260000251e-01 -1.000000000000000000e+00
-5.376507980700000189e-02 -5.236420542599999894e-01
-1.045440567550000033e-01 -7.160914273389999973e-01
-1.712122225250000129e-01 -8.284551070900000314e-01
-2.553157893560000224e-01 -9.242580670200000181e-01
-2.209981935139999909e-01 -7.377436301600000246e-02
-3.899875747809999904e-01 -2.085403742170000019e-01
-5.187381187099999735e-01 -3.129260845669999958e-01
-5.909182728490000036e-01 -4.247516339219999937e-01
-2.728992868099999747e-01 -4.906893839059999762e-01
-4.101070724800000011e-01 -6.038520154980000498e-01
-5.029085697659999576e-01 -5.463785805090000114e-01
-5.550526827080000114e-01 -4.819091433709999928e-01
-2.105659726030000012e-01 -5.382144244130000477e-01
-3.498846703840000072e-01 -7.345509447420000004e-01
-4.660795153960000103e-01 -8.334710839810000049e-01
-5.619063109080000284e-01 -9.078232410240000272e-01
-1.326225779240000069e-01 -5.448659313960000361e-01
-2.396053582240000035e-01 -7.672057909330000092e-01
-3.387548447839999755e-01 -8.980293122000000405e-01
-4.336151728980000009e-01 -1.000000000000000000e+00
-5.025006128799999749e-02 -5.206719623609999958e-01
-9.864689032100000532e-02 -7.158489826130000067e-01
-1.668237008250000042e-01 -8.278888041680000365e-01
-2.521318947830000212e-01 -9.212576041440000418e-01
-2.206682130450000057e-01 -7.483209679100000233e-02
-3.902915728549999907e-01 -2.079922802470000054e-01
-5.200982630079999947e-01 -3.138017419329999780e-01
-5.919463595539999901e-01 -4.281636459020000118e-01
-2.719690752789999943e-01 -4.904941734209999904e-01
-4.050578977539999737e-01 -6.064758258860000195e-01
-5.006214040230000384e-01 -5.522649644689999748e-01
-5.561252744210000154e-01 -4.922691350080000139e-01
-2.110136356610000097e-01 -5.381331257839999660e-01
-3.479901539970000068e-01 -7.313005462130000023e-01
-4.649208168930000218e-01 -8.258800511339999817e-01
-5.614079572969999932e-01 -8.987314373770000087e-01
-1.343588588140000040e-01 -5.464721943960000328e-01
-2.396123274259999991e-01 -7.673763597099999556e-01
-3.360588027099999930e-01 -8.973714018759999522e-01
-4.277413118300000261e-01 -1.000000000000000000e+00
-5.217039442100000063e-02 -5.245282786899999605e-01
-9.951594320999999910e-02 -7.184235929569999790e-01
-1.645826580439999909e-01 -8.308105196880000154e-01
-2.465116852719999863e-01 -9.248762137179999954e-01
-2.203028372589999895e-01 -7.269327351700000106e-02
-3.885053550940000267e-01 -2.059004282759999971e-01
-5.151838159430000008e-01 -3.125517386000000175e-01
-5.881411153469999764e-01 -4.280451350539999922e-01
-2.756472865039999998e-01 -4.897074283110000037e-01
-4.061930776780000030e-01 -6.049389290729999535e-01
-4.998075920719999843e-01 -5.502672270970000445e-01
-5.540100987830000046e-01 -4.895176042309999920e-01
-2.134664090080000132e-01 -5.374363500569999674e-01
-3.482778770489999842e-01 -7.310201067960000465e-01
-4.639629516409999876e-01 -8.257818497650000200e-01
-5.599115290399999667e-01 -8.999637748440000307e-01
-1.352730892769999915e-01 -5.450364139150000176e-01
-2.374534350130000082e-01 -7.671144929150000014e-01
-3.321226328249999860e-01 -8.976344061590000312e-01
-4.230381896309999834e-01 -1.000000000000000000e+00
-5.057722970200000112e-02 -5.214865118989999715e-01
-9.598802546199999841e-02 -7.168286266069999746e-01
-1.605342088280000135e-01 -8.301815317030000196e-01
-2.424021945429999936e-01 -9.244738624430000051e-01
-2.181644705119999972e-01 -7.231356337000000023e-02
-3.874072127109999819e-01 -2.058140122969999986e-01
-5.151635621440000534e-01 -3.128534118010000142e-01
-5.905147571769999715e-01 -4.287452972060000200e-01
-2.755081480309999886e-01 -4.875640728189999940e-01
-4.064367607819999728e-01 -6.044380657129999612e-01
-4.997727053209999881e-01 -5.507630810360000240e-01
-5.538946307290000259e-01 -4.925225179450000157e-01
-2.118865877320000035e-01 -5.364302645870000497e-01
-3.466862360849999880e-01 -7.294848246189999941e-01
-4.615579487390000235e-01 -8.243135757030000121e-01
-5.580003823520000017e-01 -9.010619200270000295e-01
-1.331246977480000093e-01 -5.461401082700000353e-01
-2.379573002229999901e-01 -7.658564200830000335e-01
-3.326518939850000023e-01 -8.960071259120000464e-01
-4.231034165790000245e-01 -1.000000000000000000e+00
-4.784586090600000119e-02 -5.250908482039999825e-01
-9.766815087600000389e-02 -7.189531981669999849e-01
-1.621147747510000015e-01 -8.321502764389999696e-01
-2.429664199759999921e-01 -9.281044430170000137e-01
-2.218506478939999971e-01 -7.713979834900000498e-02
-3.885557152960000260e-01 -2.128517739490000116e-01
-5.147148784749999706e-01 -3.168039414259999909e-01
-5.890538231949999926e-01 -4.259332440990000190e-01
-2.730451232250000193e-01 -4.904945196330000035e-01
-4.057073879709999775e-01 -6.017944868190000518e-01
-5.008715707869999534e-01 -5.503699218369999535e-01
-5.580118648830000305e-01 -4.924006676059999865e-01
-2.103668607949999991e-01 -5.384369326939999478e-01
-3.399709948540000082e-01 -7.321376383080000494e-01
-4.523089622440000235e-01 -8.317615786480000439e-01
-5.477033134009999804e-01 -9.097718854680000300e-01
-1.338744059889999949e-01 -5.470269332370000237e-01
-2.375343580350000039e-01 -7.651502704179999892e-01
-3.337758073789999780e-01 -8.957971260829999949e-01
-4.251816756099999761e-01 -1.000000000000000000e+00
-5.257642966000000001e-02 -5.262424959220000087e-01
-1.035568681050000051e-01 -7.182864616159999605e-01
-1.690917360520000079e-01 -8.296480430970000208e-01
-2.501465601830000218e-01 -9.239336123679999790e-01
-2.221886219310000021e-01 -7.123041429800000546e-02
-3.884073616440000265e-01 -2.032575218200000089e-01
-5.144091642710000301e-01 -3.085085866080000128e-01
-5.936301839900000044e-01 -4.193246665950000063e-01
-2.767942110230000030e-01 -4.889443240940000157e-01
-4.095440544710000075e-01 -6.006874318839999782e-01
-5.036981616779999671e-01 -5.465113146410000011e-01
-5.604207273339999462e-01 -4.868110089270000218e-01
-2.136255324340000095e-01 -5.377126802470000300e-01
-3.456053648219999941e-01 -7.328604000089999904e-01
-4.574136292189999731e-01 -8.319119144380000552e-01
-5.516068224779999696e-01 -9.094847132979999582e-01
-1.357239439140000004e-01 -5.453993797420000345e-01
-2.388436320139999958e-01 -7.647959203659999705e-01
-3.332470512680000274e-01 -8.958716108619999563e-01
-4.242045681709999960e-01 -1.000000000000000000e+00
-5.262980495899999972e-02 -5.215029267659999634e-01
-1.006841681189999949e-01 -7.155517666880000238e-01
-1.657499444470000027e-01 -8.284047917760000157e-01
-2.480673074480000129e-01 -9.236408468079999601e-01
-2.181888202479999872e-01 -7.133738125600000424e-02
-3.880080465110000154e-01 -2.060981413619999980e-01
-5.154884114279999485e-01 -3.145221801859999777e-01
-5.932608116349999960e-01 -4.270252532480000029e-01
-2.793002126899999937e-01 -4.883539095580000100e-01
-4.099998462230000085e-01 -6.003190410790000264e-01
-5.037536325779999880e-01 -5.516337898919999594e-01
-5.608571866010000351e-01 -4.953278187999999860e-01
-2.163650055109999915e-01 -5.386567803699999768e-01
-3.477323222179999895e-01 -7.323756250339999996e-01
-4.599261026129999874e-01 -8.319206635850000531e-01
-5.556489415959999789e-01 -9.098649062279999811e-01
-1.379828749739999971e-01 -5.482726040109999754e-01
-2.433788579410000041e-01 -7.671442479090000433e-01
-3.373062656390000136e-01 -8.969831275390000025e-01
-4.271300111169999969e-01 -1.000000000000000000e+00
-5.321308394999999664e-02 -5.268727060250000260e-01
-1.069093586290000009e-01 -7.176112881389999920e-01
-1.709876915830000066e-01 -8.302601129990000439e-01
-2.505201821170000009e-01 -9.255149610249999714e-01
-2.191359880229999946e-01 -7.295465056699999840e-02
-3.843713081210000104e-01 -2.081840013290000013e-01
-5.108427145630000110e-01 -3.119575348779999868e-01
-5.980579699310000219e-01 -4.150508198249999725e-01
-2.759612042119999886e-01 -4.909430366349999963e-01
-4.091968316919999960e-01 -6.008450798900000223e-01
-5.036129232399999545e-01 -5.480719662309999629e-01
-5.608450104609999931e-01 -4.899397054529999740e-01
-2.134461053280000131e-01 -5.391267207990000365e-01
-3.488341965439999970e-01 -7.329858558470000451e-01
-4.627749693129999953e-01 -8.314683499780000098e-01
-5.587581100039999971e-01 -9.074548287949999459e-01
-1.356695162630000007e-01 -5.469609408540000439e-01
-2.444811262180000000e-01 -7.673556294240000408e-01
-3.405654915610000222e-01 -8.971289674660000157e-01
-4.322325014289999934e-01 -1.000000000000000000e+00
-5.105020379800000174e-02 -5.245734481499999546e-01
-1.035516756189999998e-01 -7.171742179629999603e-01
-1.688598411739999916e-01 -8.297689711019999859e-01
-2.501885240119999798e-01 -9.247337704850000506e-01
-2.232069122460000055e-01 -7.230437796600000522e-02
-3.910733784470000196e-01 -2.079462453769999886e-01
-5.167688307590000418e-01 -3.161744879519999829e-01
-6.044140143670000409e-01 -4.209304455319999860e-01
-2.894582838270000069e-01 -4.896705448809999806e-01
-4.217937945999999938e-01 -6.012925933580000049e-01
-5.140251447250000494e-01 -5.481186207949999556e-01
-5.697592902739999632e-01 -4.910059935150000165e-01
-2.267688989249999898e-01 -5.407911392119999494e-01
-3.582939332519999853e-01 -7.317044574529999457e-01
-4.717588968909999791e-01 -8.263070933189999856e-01
-5.691287704220000521e-01 -9.011538619979999609e-01
-1.477718269730000089e-01 -5.516985478110000285e-01
-2.515490878139999831e-01 -7.689005843549999719e-01
-3.445996869729999745e-01 -8.970442603720000241e-01
-4.346138643829999815e-01 -1.000000000000000000e+00
-6.178493902800000215e-02 -5.317844184029999477e-01
-1.121868134379999937e-01 -7.218042367450000496e-01
-1.749802048740000116e-01 -8.333136048899999482e-01
-2.542075770059999962e-01 -9.280497856199999562e-01
-2.189188514809999875e-01 -7.307934648000000144e-02
-3.837002344500000106e-01 -2.058216535809999914e-01
-5.081181525919999942e-01 -3.100983910730000237e-01
-5.929292578029999872e-01 -4.177085070880000028e-01
-2.800250147800000255e-01 -4.939409889329999803e-01
-4.125886504969999979e-01 -6.018785840129999842e-01
-5.086947577999999526e-01 -5.451151923529999888e-01
-5.698575049549999827e-01 -4.819163301600000171e-01
-2.172247937100000026e-01 -5.425981538340000077e-01
-3.478401372470000252e-01 -7.348494663140000549e-01
-4.586288120670000135e-01 -8.324351628580000106e-01
-5.543310520999999991e-01 -9.090333768130000047e-01
-1.380539200919999876e-01 -5.485125813610000067e-01
-2.388483927929999917e-01 -7.654280892870000130e-01
-3.301144585310000212e-01 -8.955300522160000165e-01
-4.206957024369999965e-01 -1.000000000000000000e+00
-5.225892379500000212e-02 -5.221053673909999970e-01
-9.800276671499999481e-02 -7.141087718530000350e-01
-1.603188814629999959e-01 -8.273327136620000077e-01
-2.416430065600000121e-01 -9.224683881909999661e-01
-2.208669850069999996e-01 -7.346315481899999555e-02
-3.850493933849999939e-01 -2.076456446009999901e-01
-5.092420057630000496e-01 -3.133576781719999982e-01
-5.988740095260000063e-01 -4.203609238559999906e-01
-2.853681163819999922e-01 -4.898558170010000046e-01
-4.159074523429999726e-01 -6.033227733110000379e-01
-5.119763326820000460e-01 -5.511962189879999752e-01
-5.711686375860000053e-01 -4.948095238519999994e-01
-2.243856978830000015e-01 -5.387467498289999490e-01
-3.589003963419999943e-01 -7.289767429410000110e-01
-4.748954418499999885e-01 -8.223824811319999650e-01
-5.736558087819999541e-01 -8.962873973830000063e-01
-1.456214058829999880e-01 -5.483815860749999826e-01
-2.490863623890000045e-01 -7.655377829010000523e-01
-3.417227597370000036e-01 -8.952689981100000471e-01
-4.323701419800000112e-01 -1.000000000000000000e+00
-5.932019818400000033e-02 -5.277024198019999446e-01
-1.072279612369999996e-01 -7.181566184619999627e-01
-1.700249342859999901e-01 -8.301670625570000128e-01
-2.502823607019999952e-01 -9.254214078639999563e-01
-2.189964216230000094e-01 -7.182493422199999478e-02
-3.861326900739999735e-01 -2.052471787210000120e-01
-5.115677205530000382e-01 -3.118923003449999842e-01
-6.002871173549999551e-01 -4.209933059859999882e-01
-2.836858226010000039e-01 -4.905921478920000078e-01
-4.127154800089999909e-01 -6.035166649859999843e-01
-5.064727029069999720e-01 -5.507230274000000092e-01
-5.653452894439999765e-01 -4.910104350519999827e-01
-2.211403553200000094e-01 -5.405297183859999466e-01
-3.509182359629999803e-01 -7.335710766320000520e-01
-4.623248498940000228e-01 -8.305728747339999885e-01
-5.588719948999999465e-01 -9.070386665359999601e-01
-1.423418385449999879e-01 -5.495285128669999963e-01
-2.457974860649999871e-01 -7.659802260810000263e-01
-3.380940762329999738e-01 -8.950879598140000226e-01
-4.289159132759999826e-01 -1.000000000000000000e+00
-5.636041814699999791e-02 -5.273931350260000483e-01
-1.049700403049999980e-01 -7.191680948780000415e-01
-1.668640761179999987e-01 -8.306953435349999637e-01
-2.471127339310000004e-01 -9.254840653300000497e-01
-2.171173060159999890e-01 -7.171424716400000288e-02
-3.853402838480000092e-01 -2.101239392869999889e-01
-5.105207309339999666e-01 -3.190921661369999773e-01
-6.006260240459999622e-01 -4.240104030369999943e-01
-2.825789705289999953e-01 -4.946015707520000082e-01
-4.110175185120000241e-01 -6.082185251930000147e-01
-5.043396476350000546e-01 -5.565792487890000029e-01
-5.624681449459999483e-01 -4.985451449070000263e-01
-2.203558854469999939e-01 -5.451618100370000386e-01
-3.511894633439999747e-01 -7.360577602079999560e-01
-4.649889752320000014e-01 -8.302557960749999966e-01
-5.629653868339999923e-01 -9.041009778769999450e-01
-1.413405307230000130e-01 -5.553139245129999901e-01
-2.475328606880000115e-01 -7.720162406689999868e-01
-3.432166110370000189e-01 -8.984533225980000370e-01
-4.363693160570000229e-01 -1.000000000000000000e+00
-5.350151314200000258e-02 -5.347905552049999622e-01
-1.031845164780000046e-01 -7.251254417850000467e-01
-1.665671845629999870e-01 -8.370828335669999731e-01
-2.475311148659999905e-01 -9.320588117489999602e-01
-2.200044728549999939e-01 -7.044906431300000660e-02
-3.864705446860000060e-01 -2.057061559610000034e-01
-5.135743873720000074e-01 -3.097969450749999965e-01
-6.074694858260000219e-01 -4.094240076130000183e-01
-2.828056627159999947e-01 -4.898705486100000117e-01
-4.168792398939999977e-01 -6.051313828500000103e-01
-5.083899222179999455e-01 -5.521985302649999872e-01
-5.634320781539999823e-01 -4.936244036019999948e-01
-2.225898691039999988e-01 -5.390373356530000493e-01
-3.564630984239999800e-01 -7.334608841849999950e-01
-4.704592121100000246e-01 -8.316749015759999919e-01
-5.678558537069999801e-01 -9.071200961530000439e-01
-1.452072277529999900e-01 -5.473945679770000350e-01
-2.496014233470000010e-01 -7.660187744909999763e-01
-3.442125579340000185e-01 -8.957724645819999942e-01
-4.368661319280000011e-01 -1.000000000000000000e+00
-6.215900977299999852e-02 -5.255647127439999622e-01
-1.123325151670000049e-01 -7.167420924980000274e-01
-1.758591065339999981e-01 -8.279506838410000125e-01
-2.568389205789999852e-01 -9.222647938369999965e-01
-2.185659918510000077e-01 -7.167874487000000516e-02
-3.865903066449999925e-01 -2.094580376500000118e-01
-5.129315332360000479e-01 -3.169066813049999931e-01
-6.023770770399999863e-01 -4.246750099980000082e-01
-2.825617104959999848e-01 -4.906027296589999809e-01
-4.116129406719999939e-01 -6.073942511590000315e-01
-5.045342525660000410e-01 -5.600277422389999815e-01
-5.624554832979999919e-01 -5.052542915619999686e-01
-2.220494726760000037e-01 -5.400097688099999571e-01
-3.543592551110000266e-01 -7.322953013799999855e-01
-4.690322139540000212e-01 -8.275201241909999617e-01
-5.677791599710000359e-01 -9.016888825929999518e-01
-1.446058905039999953e-01 -5.494760110790000152e-01
-2.508034968990000002e-01 -7.678614422720000388e-01
-3.456268639319999836e-01 -8.964637794080000388e-01
-4.379806601180000203e-01 -1.000000000000000000e+00
-5.994495821700000088e-02 -5.284901286319999558e-01
-1.105183519340000031e-01 -7.202160943350000011e-01
-1.743221178940000116e-01 -8.322059064410000095e-01
-2.551312075100000132e-01 -9.273015802749999814e-01
-2.189727564750000022e-01 -7.310503292599999925e-02
-3.846767129459999768e-01 -2.097678923890000102e-01
-5.113410894819999664e-01 -3.181939865949999779e-01
-6.013563175139999828e-01 -4.285212107429999806e-01
-2.762807954050000014e-01 -4.935985049950000203e-01
-4.054962578190000055e-01 -6.134777622299999456e-01
-5.002507527880000193e-01 -5.613067022100000081e-01
-5.582192251180000397e-01 -5.039488266539999817e-01
-2.171258974420000043e-01 -5.409759486870000522e-01
-3.484946945180000255e-01 -7.342952233830000175e-01
-4.673298548150000009e-01 -8.262366762559999467e-01
-5.690124256440000083e-01 -8.961863444030000458e-01
-1.411690714999999929e-01 -5.504541686299999625e-01
-2.462998659589999972e-01 -7.709398002599999744e-01
-3.461099923379999943e-01 -8.988777576630000432e-01
-4.421715411200000112e-01 -1.000000000000000000e+00
-5.944657957099999668e-02 -5.316654858920000226e-01
-1.100796891579999964e-01 -7.245172773379999764e-01
-1.763075816109999916e-01 -8.360032030430000205e-01
-2.596089920340000079e-01 -9.297729145080000368e-01
-2.179467692039999960e-01 -7.206888231600000472e-02
-3.886551143140000164e-01 -2.100066589980000009e-01
-5.175601641449999457e-01 -3.176036230320000153e-01
-6.065843334930000053e-01 -4.223576008359999912e-01
-2.799054238190000210e-01 -4.949773654740000084e-01
-4.127221268260000131e-01 -6.127270777390000367e-01
-5.051924614439999850e-01 -5.594633414430000284e-01
-5.608928635969999688e-01 -5.024191649100000490e-01
-2.203334940520000063e-01 -5.435561874350000044e-01
-3.509714812290000152e-01 -7.367738331249999995e-01
-4.663240642700000049e-01 -8.327083934410000055e-01
-5.645549687680000428e-01 -9.073504745249999504e-01
-1.441624603049999898e-01 -5.521200106029999777e-01
-2.491228373940000129e-01 -7.708430248630000481e-01
-3.467335624930000249e-01 -8.981795265059999700e-01
-4.404528149820000071e-01 -1.000000000000000000e+00
-6.246501405499999687e-02 -5.313384255499999931e-01
-1.138227469880000037e-01 -7.214266898069999767e-01
-1.780150054280000005e-01 -8.318000324259999800e-01
-2.591210904399999793e-01 -9.260697549880000379e-01
-2.190163766060000128e-01 -7.527573699100000015e-02
-3.903494024129999795e-01 -2.153719099999999997e-01
-5.190276281879999676e-01 -3.236803489869999884e-01
-6.081039031980000065e-01 -4.331226360100000061e-01
-2.834286650789999973e-01 -4.961592549250000150e-01
-4.138730923400000261e-01 -6.113721112429999494e-01
-5.079100508080000020e-01 -5.629827988810000017e-01
-5.669135585769999874e-01 -5.087796252749999804e-01
-2.237525395930000105e-01 -5.452414744200000385e-01
-3.526980666210000059e-01 -7.363954897810000011e-01
-4.675480333729999938e-01 -8.316278723009999929e-01
-5.660623468180000506e-01 -9.050818085159999526e-01
-1.477009683809999974e-01 -5.555651301149999721e-01
-2.550576922259999990e-01 -7.720593279020000477e-01
-3.538178378919999978e-01 -8.981639435499999546e-01
-4.485993707250000018e-01 -1.000000000000000000e+00
-6.466016536400000236e-02 -5.364293801830000152e-01
-1.162902006899999979e-01 -7.255756281180000267e-01
-1.812244304460000066e-01 -8.354629257229999606e-01
-2.623268078680000004e-01 -9.299752109350000184e-01
-2.207030312870000011e-01 -7.280051840399999474e-02
-3.924958524350000144e-01 -2.115488829140000082e-01
-5.209771401349999609e-01 -3.176747013339999981e-01
-6.144479501940000032e-01 -4.221925652549999852e-01
-2.839630900840000027e-01 -4.957414907709999929e-01
-4.151900628779999769e-01 -6.103368553769999982e-01
-5.069629030310000006e-01 -5.559168494699999741e-01
-5.643198132029999536e-01 -4.970971204629999751e-01
-2.235897053120000089e-01 -5.431645884779999767e-01
-3.529734942960000010e-01 -7.351994337130000057e-01
-4.663566044679999800e-01 -8.313240943730000332e-01
-5.634889799879999606e-01 -9.054092394420000245e-01
-1.471497634379999864e-01 -5.513944847780000158e-01
-2.525030767490000216e-01 -7.677712801210000437e-01
-3.514454622129999928e-01 -8.963902119800000179e-01
-4.468793983859999930e-01 -1.000000000000000000e+00
-6.377585764500000309e-02 -5.304025865760000347e-01
-1.109275399239999932e-01 -7.205769764649999631e-01
-1.737447197860000070e-01 -8.295134585060000010e-01
-2.547689143899999897e-01 -9.219427930369999968e-01
-2.211024051970000015e-01 -7.497573289200000490e-02
-3.891457227999999824e-01 -2.134819264920000126e-01
-5.175379084850000311e-01 -3.182206743539999771e-01
-6.118257408430000099e-01 -4.226401666210000130e-01
-2.814129162369999881e-01 -4.971011860799999793e-01
-4.136874494730000129e-01 -6.112691380200000468e-01
-5.051171395850000412e-01 -5.555001771340000172e-01
-5.598617003310000229e-01 -4.949845834380000031e-01
-2.204265637410000034e-01 -5.442946681220000027e-01
-3.480482964000000123e-01 -7.370342160520000352e-01
-4.609402390969999930e-01 -8.317286287690000002e-01
-5.569876595999999624e-01 -9.043396374529999449e-01
-1.442418056610000054e-01 -5.514223327759999460e-01
-2.472800391589999869e-01 -7.702885849639999893e-01
-3.450086464570000233e-01 -8.980583917429999508e-01
-4.387009091190000043e-01 -1.000000000000000000e+00
-6.334875817500000561e-02 -5.290024303050000487e-01
-1.123983103419999990e-01 -7.209493335759999955e-01
-1.764032706689999952e-01 -8.315401849679999735e-01
-2.570027417290000060e-01 -9.253975892400000403e-01
-2.192872357639999992e-01 -7.339159967699999954e-02
-3.893164623889999731e-01 -2.148686939630000126e-01
-5.164321568680000363e-01 -3.237233407590000001e-01
-6.086170929830000409e-01 -4.308657076940000108e-01
-2.795484750639999905e-01 -4.990177870690000184e-01
-4.113191067379999843e-01 -6.105216898999999975e-01
-5.040304129620000184e-01 -5.595203280080000008e-01
-5.609738617989999954e-01 -5.036045430200000173e-01
-2.182564568389999959e-01 -5.474160350019999788e-01
-3.461516992970000151e-01 -7.397439161529999474e-01
-4.588076743580000172e-01 -8.344566008370000176e-01
-5.554706113039999948e-01 -9.084271959520000550e-01
-1.422295800339999916e-01 -5.546728401260000441e-01
-2.470925673699999880e-01 -7.726435665419999488e-01
-3.456099874349999879e-01 -8.985841566919999801e-01
-4.409977676779999745e-01 -1.000000000000000000e+00
-6.055888489100000327e-02 -5.306922777379999845e-01
-1.106654409619999974e-01 -7.226192485000000332e-01
-1.759032491399999953e-01 -8.334573036569999926e-01
-2.588245697559999892e-01 -9.282500068779999669e-01
-2.198538711830000103e-01 -7.288191367299999557e-02
-3.930398597220000068e-01 -2.122866366700000007e-01
-5.239842186580000449e-01 -3.201576321460000152e-01
-6.136655373460000451e-01 -4.291851601519999782e-01
-2.866695510330000141e-01 -4.988596236130000139e-01
-4.177932264629999892e-01 -6.111293272340000415e-01
-5.105890803829999935e-01 -5.605716107579999941e-01
-5.677168040879999600e-01 -5.054135433669999511e-01
-2.241878370489999994e-01 -5.482698714799999484e-01
-3.495176670790000051e-01 -7.422871787389999643e-01
-4.617034019260000122e-01 -8.378448990410000130e-01
-5.577942847050000319e-01 -9.126230552080000225e-01
-1.471260833709999993e-01 -5.551212525769999573e-01
-2.477647777239999904e-01 -7.730039764120000267e-01
-3.438947412969999839e-01 -8.986594404869999719e-01
-4.371418292820000162e-01 -1.000000000000000000e+00
-6.361819602500000392e-02 -5.299043703569999986e-01
-1.092132402510000017e-01 -7.210422353319999589e-01
-1.717791584360000012e-01 -8.328863467539999732e-01
-2.524673429650000078e-01 -9.294120818390000371e-01
-2.178236048830000104e-01 -7.305248629199999344e-02
-3.913277065929999798e-01 -2.120380528199999892e-01
-5.210890835849999458e-01 -3.185884605489999744e-01
-6.044823724479999605e-01 -4.299805903760000048e-01
-2.845887050670000140e-01 -4.981816098390000058e-01
-4.142534957360000103e-01 -6.116973864400000460e-01
-5.071894193989999744e-01 -5.610304242220000015e-01
-5.641993009469999931e-01 -5.053147524419999703e-01
-2.230474847789999937e-01 -5.459749332659999954e-01
-3.491872660090000191e-01 -7.398381834699999660e-01
-4.613973270169999807e-01 -8.376539080360000389e-01
-5.571617271450000075e-01 -9.144692691119999939e-01
-1.458311026119999965e-01 -5.522741382839999602e-01
-2.483091914489999885e-01 -7.703960728030000427e-01
-3.456841724290000140e-01 -8.975149646179999552e-01
-4.396390270109999943e-01 -1.000000000000000000e+00
-6.158567817399999977e-02 -5.269204632759999507e-01
-1.090698314419999981e-01 -7.193890429779999929e-01
-1.723477270440000042e-01 -8.305841648839999980e-01
-2.527754870489999917e-01 -9.255521387689999990e-01
-2.195903197000000084e-01 -6.997478993300000616e-02
-3.923540600350000074e-01 -2.075986845230000100e-01
-5.232000500850000346e-01 -3.141595508969999839e-01
-6.053474543160000110e-01 -4.287485276149999858e-01
-2.853230621919999876e-01 -4.946848765040000040e-01
-4.141008645770000163e-01 -6.114127755470000203e-01
-5.065731062060000456e-01 -5.622194379079999971e-01
-5.634852756820000197e-01 -5.064796661110000375e-01
-2.225338194719999885e-01 -5.424224479450000524e-01
-3.468568233170000181e-01 -7.399744464199999872e-01
-4.571540429329999933e-01 -8.393662182279999495e-01
-5.515969287399999921e-01 -9.154783927690000045e-01
-1.452252912600000001e-01 -5.490429776370000514e-01
-2.476747152940000085e-01 -7.675334710740000510e-01
-3.443504715599999821e-01 -8.962745774120000064e-01
-4.377978354179999920e-01 -1.000000000000000000e+00
-6.176816250199999858e-02 -5.242985867099999586e-01
-1.105678090000000030e-01 -7.165055655480000452e-01
-1.752825195080000009e-01 -8.267887359309999962e-01
-2.570546001619999910e-01 -9.205960844970000334e-01
-2.208457323920000048e-01 -6.805292916699999528e-02
-3.960040894579999748e-01 -2.038571736720000138e-01
-5.261898594909999449e-01 -3.116454593590000099e-01
-6.069935730640000360e-01 -4.274741130490000152e-01
-2.900071286620000133e-01 -4.902969901809999809e-01
-4.157005825510000085e-01 -6.079299135610000127e-01
-5.066494100720000393e-01 -5.643363007130000053e-01
-5.635945244750000249e-01 -5.110016085680000320e-01
-2.263231085500000128e-01 -5.403115766170000223e-01
-3.478772862819999867e-01 -7.385748317089999571e-01
-4.550967853239999972e-01 -8.409905548860000524e-01
-5.473622950859999836e-01 -9.199439466650000119e-01
-1.475799716960000119e-01 -5.495538104139999769e-01
-2.488434508119999888e-01 -7.669097033159999466e-01
-3.441381221090000220e-01 -8.959957734050000289e-01
-4.364551757089999984e-01 -1.000000000000000000e+00
-6.145751459900000019e-02 -5.272578054490000277e-01
-1.101966852449999951e-01 -7.172201490280000202e-01
-1.739049866619999940e-01 -8.271577421489999526e-01
-2.542111492149999874e-01 -9.210859133400000065e-01
-2.202012907429999888e-01 -7.079019168099999482e-02
-3.892643166870000115e-01 -2.065039819820000122e-01
-5.174966016230000410e-01 -3.107965744739999980e-01
-5.985019181180000203e-01 -4.235387527400000240e-01
-2.787338169010000199e-01 -4.896888833490000148e-01
-4.048478767609999807e-01 -6.059522593310000538e-01
-4.969721565870000024e-01 -5.611025923889999545e-01
-5.547067554819999913e-01 -5.054639194100000177e-01
-2.176448930000000059e-01 -5.377486922769999511e-01
-3.410538419699999935e-01 -7.355808388729999647e-01
-4.503723764700000021e-01 -8.386781806880000412e-01
-5.437782137109999914e-01 -9.168543935830000269e-01
-1.413851973559999975e-01 -5.458535978430000268e-01
-2.410133988669999894e-01 -7.648289814430000444e-01
-3.350518137219999915e-01 -8.952044462110000378e-01
-4.264165161569999918e-01 -1.000000000000000000e+00
-5.863761730300000308e-02 -5.235379560630000206e-01
-1.038093528699999962e-01 -7.144884486439999627e-01
-1.669027019240000020e-01 -8.250012184480000066e-01
-2.473089481259999889e-01 -9.180329491790000240e-01
-2.231013848750000028e-01 -7.116531428599999487e-02
-3.970178892210000088e-01 -2.084160617630000101e-01
-5.280827186280000474e-01 -3.143650950349999862e-01
-6.086854393570000354e-01 -4.262737111359999886e-01
-2.865240853259999887e-01 -4.922193907960000225e-01
-4.154515495550000215e-01 -6.084940918040000479e-01
-5.115541714839999532e-01 -5.647688685459999469e-01
-5.722309497509999732e-01 -5.119668842119999841e-01
-2.245833324210000093e-01 -5.409674577219999447e-01
-3.528420466189999827e-01 -7.363984521080000345e-01
-4.674358396489999845e-01 -8.351776322399999675e-01
-5.654504381930000045e-01 -9.103178753820000413e-01
-1.471825177370000015e-01 -5.500703708140000092e-01
-2.513080100169999831e-01 -7.687135273309999572e-01
-3.494472546690000070e-01 -8.971874927330000249e-01
-4.447744673649999814e-01 -1.000000000000000000e+00
-6.376610836500000434e-02 -5.285285651309999944e-01
-1.133538798239999978e-01 -7.192310739430000099e-01
-1.791505363860000088e-01 -8.294863146559999789e-01
-2.619663566350000083e-01 -9.232931801279999906e-01
-2.198815477530000062e-01 -7.091840179800000532e-02
-3.920631566869999807e-01 -2.072797555829999916e-01
-5.215275285170000164e-01 -3.133920278539999993e-01
-6.048727978929999693e-01 -4.267039561789999769e-01
-2.802764907490000179e-01 -4.906046125110000156e-01
-4.078730902259999902e-01 -6.106518244899999948e-01
-5.017403662599999592e-01 -5.636264658590000032e-01
-5.608027896720000349e-01 -5.052915670550000016e-01
-2.162679047259999932e-01 -5.387374475070000335e-01
-3.401465422239999814e-01 -7.378920989989999901e-01
-4.507697653459999954e-01 -8.404267963829999966e-01
-5.460246639750000464e-01 -9.181369977459999943e-01
-1.387173215630000123e-01 -5.470296267590000205e-01
-2.397074862049999866e-01 -7.648634931769999756e-01
-3.362394089329999725e-01 -8.950649659220000220e-01
-4.298283441069999933e-01 -1.000000000000000000e+00
-5.627218580599999825e-02 -5.256767382929999899e-01
-1.055376545989999970e-01 -7.166748487180000238e-01
-1.694090717969999882e-01 -8.261519958919999462e-01
-2.500274484830000143e-01 -9.188300241010000091e-01
-2.203795071319999965e-01 -7.054767384700000310e-02
-3.939807904050000031e-01 -2.098060658769999864e-01
-5.220335526060000397e-01 -3.182547778459999810e-01
-6.015053776869999647e-01 -4.291490334979999877e-01
-2.873270164739999966e-01 -4.922789076660000207e-01
-4.151901888610000091e-01 -6.070915229909999988e-01
-5.100198099370000238e-01 -5.608912574790000383e-01
-5.687690912680000155e-01 -5.082999931320000275e-01
-2.236714114779999873e-01 -5.412167590009999696e-01
-3.493200585910000155e-01 -7.348481198270000458e-01
-4.608968061620000167e-01 -8.306979642220000404e-01
-5.565900269079999685e-01 -9.064979199510000418e-01
-1.442604530530000040e-01 -5.495064440710000220e-01
-2.456656363710000013e-01 -7.673800120889999743e-01
-3.405258871190000036e-01 -8.960628030789999920e-01
-4.330390410900000209e-01 -1.000000000000000000e+00
-5.859986350899999696e-02 -5.260495345410000079e-01
-1.091469506809999990e-01 -7.168502424629999981e-01
-1.724077863300000069e-01 -8.277679415950000008e-01
-2.523297890480000194e-01 -9.221394330990000388e-01
-2.186764672879999982e-01 -7.188123311699999574e-02
-3.906330061330000047e-01 -2.092221834509999934e-01
-5.180395189959999813e-01 -3.175268521019999901e-01
-5.985256539719999713e-01 -4.313980496159999789e-01
-2.813447084669999931e-01 -4.910878096149999816e-01
-4.058929549409999726e-01 -6.092243000460000335e-01
-4.987017527670000172e-01 -5.622224724250000083e-01
-5.563596985690000274e-01 -5.059038612880000230e-01
-2.178265365629999950e-01 -5.395105784210000310e-01
-3.415668706539999877e-01 -7.364864924449999739e-01
-4.528352043159999951e-01 -8.347838970580000462e-01
-5.476123576650000491e-01 -9.099865390400000420e-01
-1.392850825970000095e-01 -5.478279760440000201e-01
-2.381827772419999878e-01 -7.684228628779999903e-01
-3.321453548519999743e-01 -8.978637376900000522e-01
-4.232374368540000042e-01 -1.000000000000000000e+00
-5.461247829100000090e-02 -5.247268636259999619e-01
-1.022101667730000024e-01 -7.158819045480000476e-01
-1.647986828499999890e-01 -8.277068832570000367e-01
-2.438168411830000104e-01 -9.209587354989999808e-01
-2.232938664720000022e-01 -6.981686199700000428e-02
-3.998502125980000210e-01 -2.055853986760000085e-01
-5.302716286540000157e-01 -3.137732380430000023e-01
-5.992638747430000246e-01 -4.303100619340000099e-01
-2.902749793580000071e-01 -4.895088745250000262e-01
-4.189792183100000122e-01 -6.056944899270000349e-01
-5.115445339249999890e-01 -5.580174937809999625e-01
-5.680396606359999767e-01 -5.011153266519999816e-01
-2.262806182650000109e-01 -5.390750811419999788e-01
-3.534669389449999755e-01 -7.355988983629999645e-01
-4.658089106619999753e-01 -8.343128680510000228e-01
-5.616553287400000150e-01 -9.093398552920000100e-01
-1.469752874259999953e-01 -5.470062139750000441e-01
-2.489976244990000087e-01 -7.676904999760000292e-01
-3.435459797939999782e-01 -8.975957961989999845e-01
-4.352950838840000114e-01 -1.000000000000000000e+00
-6.256135470399999676e-02 -5.225153701060000211e-01
-1.123938973849999967e-01 -7.166534080630000414e-01
-1.763284413710000109e-01 -8.287850334759999660e-01
-2.568322450350000175e-01 -9.221650612420000392e-01
-2.196605258190000021e-01 -6.981011864899999697e-02
-3.956096748790000062e-01 -2.057557850910000097e-01
-5.254190176890000119e-01 -3.126468122839999864e-01
-5.936993339510000522e-01 -4.316306511590000117e-01
-2.848437830359999978e-01 -4.865063120279999875e-01
-4.106209689940000240e-01 -6.036253058989999865e-01
-5.012252110360000401e-01 -5.571353100849999462e-01
-5.550925572929999996e-01 -4.999235177490000126e-01
-2.216109805850000058e-01 -5.354623883189999489e-01
-3.453472235169999793e-01 -7.341498207029999445e-01
-4.539161391000000045e-01 -8.371317550760000170e-01
-5.448057732450000135e-01 -9.171400382929999484e-01
-1.427250468590000043e-01 -5.437042950689999765e-01
-2.442901711419999955e-01 -7.638490117620000408e-01
-3.392516196020000097e-01 -8.952310011830000303e-01
-4.296737835289999863e-01 -1.000000000000000000e+00
-5.747936218500000055e-02 -5.205271043420000021e-01
-1.062134274980000015e-01 -7.108085708279999748e-01
-1.699042579130000119e-01 -8.236806752719999514e-01
-2.492737136879999982e-01 -9.194027562409999854e-01
-2.202258973389999985e-01 -7.057124787900000140e-02
-3.955385289330000109e-01 -2.071996713250000011e-01
-5.258748853389999534e-01 -3.135536154540000120e-01
-5.962458997009999484e-01 -4.317618967410000175e-01
-2.787106555439999855e-01 -4.876517863770000183e-01
-4.074946991380000161e-01 -6.050474944039999636e-01
-5.019138576070000246e-01 -5.576184276700000275e-01
-5.591191729529999543e-01 -4.995655425850000220e-01
-2.141844871539999862e-01 -5.358039427030000246e-01
-3.417924596749999933e-01 -7.351562750600000307e-01
-4.540174478160000082e-01 -8.368472441569999587e-01
-5.488120589260000459e-01 -9.148673564410000347e-01
-1.352584710910000043e-01 -5.433749002329999467e-01
-2.375087131170000032e-01 -7.644174938679999531e-01
-3.355834451579999822e-01 -8.956549405579999901e-01
-4.299801143459999753e-01 -1.000000000000000000e+00
-5.101662009199999653e-02 -5.200138628670000207e-01
-1.007116200579999954e-01 -7.119050800799999745e-01
-1.661710541870000113e-01 -8.235524685009999457e-01
-2.477052745689999891e-01 -9.174686561549999508e-01
-2.185902287320000137e-01 -7.266414721199999927e-02
-3.914616095860000144e-01 -2.109546919130000087e-01
-5.186811497609999932e-01 -3.186338928749999910e-01
-5.856699748439999631e-01 -4.358894156029999856e-01
-2.752113121290000186e-01 -4.888462920139999834e-01
-4.025493072710000231e-01 -6.033548323230000232e-01
-4.966578302390000088e-01 -5.544467701490000122e-01
-5.535900240750000201e-01 -4.962954675019999873e-01
-2.099985296730000062e-01 -5.361299964689999475e-01
-3.355521942490000131e-01 -7.333345296109999856e-01
-4.451783961129999745e-01 -8.357369722699999892e-01
-5.393413379960000364e-01 -9.156980627449999854e-01
-1.306863222159999893e-01 -5.427768447980000355e-01
-2.309285450319999988e-01 -7.623654377959999673e-01
-3.240055324330000097e-01 -8.949351353500000217e-01
-4.153888092740000149e-01 -1.000000000000000000e+00
-4.715414677799999871e-02 -5.188186826239999938e-01
-9.919856809400000308e-02 -7.101434513109999846e-01
-1.635577710929999873e-01 -8.213692057200000507e-01
-2.450396982470000040e-01 -9.143961722860000085e-01
-2.234452217809999863e-01 -7.047023655200000680e-02
-3.992678820119999750e-01 -2.062592586960000085e-01
-5.303005066110000332e-01 -3.137119409899999933e-01
-5.954928861110000415e-01 -4.323293420520000208e-01
-2.796613935639999937e-01 -4.897276878019999891e-01
-4.097148326530000162e-01 -6.031476649079999808e-01
-5.067640618330000457e-01 -5.540684273849999508e-01
-5.648076798319999758e-01 -4.954136043049999771e-01
-2.142981674099999900e-01 -5.377384657589999728e-01
-3.422199526490000143e-01 -7.364238502709999912e-01
-4.530056771150000050e-01 -8.386477526690000461e-01
-5.470160520019999861e-01 -9.175408313870000443e-01
-1.352540064970000067e-01 -5.443085962079999840e-01
-2.349918307559999975e-01 -7.650733958869999629e-01
-3.280528829330000007e-01 -8.966797595400000098e-01
-4.187321410140000255e-01 -1.000000000000000000e+00
-5.319932165900000121e-02 -5.197299004000000000e-01
-1.035641134479999975e-01 -7.138861197039999551e-01
-1.682965665280000134e-01 -8.246177374900000023e-01
-2.502382049499999872e-01 -9.164044732430000062e-01
-2.213036120949999908e-01 -7.028563955000000085e-02
-3.969517179970000198e-01 -2.055805064260000092e-01
-5.282445305449999795e-01 -3.129235085259999827e-01
-5.906464165879999895e-01 -4.330814460749999872e-01
-2.779466829830000152e-01 -4.874284566140000274e-01
-4.066283820980000074e-01 -6.017685605820000116e-01
-5.038773867470000001e-01 -5.534634728899999745e-01
-5.631243411140000044e-01 -4.941768323640000071e-01
-2.118361451269999973e-01 -5.369556029180000412e-01
-3.407265698570000056e-01 -7.362672681199999847e-01
-4.531247633200000124e-01 -8.378211992809999620e-01
-5.488495837439999470e-01 -9.163081405409999602e-01
-1.314816557909999906e-01 -5.437177705910000158e-01
-2.303545708699999972e-01 -7.665891038040000272e-01
-3.240271061169999745e-01 -8.973073511589999551e-01
-4.162632382070000081e-01 -1.000000000000000000e+00
-4.697709454500000048e-02 -5.184046423849999474e-01
-9.536976683700000568e-02 -7.121223275129999752e-01
-1.598872001509999974e-01 -8.235829256709999990e-01
-2.423114994430000113e-01 -9.159354050019999915e-01
