-2.126343350880000038e-01 -8.124727563799999386e-02
-3.742755062409999778e-01 -2.156170772519999945e-01
-5.005516769179999548e-01 -3.145136313390000105e-01
-6.023373481239999716e-01 -4.052585084340000199e-01
-2.737074025849999814e-01 -4.989609719470000093e-01
-4.203855827010000157e-01 -5.886647768549999604e-01
-5.199327240340000378e-01 -5.461337405399999678e-01
-5.859282147840000343e-01 -4.859323214679999725e-01
-2.071835306840000002e-01 -5.577232098219999656e-01
-3.340285232269999960e-01 -7.527367370199999907e-01
-4.478237609829999744e-01 -8.548378863209999956e-01
-5.486730344219999944e-01 -9.301662875809999509e-01
-1.244307039319999947e-01 -5.617552375419999633e-01
-1.965113805810000114e-01 -7.857445373270000033e-01
-2.751290889369999992e-01 -9.079447774300000162e-01
-3.583890083760000178e-01 -1.000000000000000000e+00
-3.838715208000000045e-02 -5.231532487650000229e-01
-4.025457025200000066e-02 -7.162445160570000136e-01
-7.779438253400000614e-02 -8.452667512679999939e-01
-1.427886525120000139e-01 -9.532610851480000091e-01
-2.106943728640000013e-01 -8.047852075500000479e-02
-3.705446542220000028e-01 -2.132432281649999928e-01
-4.984181328369999830e-01 -3.107502558929999825e-01
-6.011981984119999511e-01 -4.029399076080000253e-01
-2.691089483369999980e-01 -5.009086193730000192e-01
-4.167463483159999926e-01 -5.883917232719999557e-01
-5.198151275269999871e-01 -5.438160687919999514e-01
-5.878777467150000380e-01 -4.842429193810000032e-01
-2.039471646680000028e-01 -5.594085936870000220e-01
-3.330260227099999804e-01 -7.520207652860000369e-01
-4.486682807380000249e-01 -8.530737783020000409e-01
-5.504956649679999536e-01 -9.292452366390000495e-01
-1.221509828690000021e-01 -5.634974637209999582e-01
-1.937948295589999870e-01 -7.867910197540000095e-01
-2.725263013890000252e-01 -9.083087107370000357e-01
-3.557155264779999770e-01 -1.000000000000000000e+00
-3.711538989100000158e-02 -5.249668982820000496e-01
-3.867591655100000025e-02 -7.187758689169999604e-01
-7.654778035699999483e-02 -8.477747414970000506e-01
-1.422607713850000122e-01 -9.555695677419999701e-01
-2.113674033179999967e-01 -8.094289630300000038e-02
-3.719177685689999957e-01 -2.133422984610000017e-01
-4.981821122760000109e-01 -3.109261054460000229e-01
-5.958179976180000281e-01 -4.027699286329999850e-01
-2.679695891819999787e-01 -4.965666901979999825e-01
-4.168416036040000217e-01 -5.837650577620000503e-01
-5.191921249290000206e-01 -5.399911025450000457e-01
-5.866249171840000054e-01 -4.806982383610000076e-01
-2.035396143800000113e-01 -5.557175525909999747e-01
-3.337668415189999904e-01 -7.482025795119999767e-01
-4.483026685229999919e-01 -8.511547051579999579e-01
-5.486514831780000545e-01 -9.292146451399999618e-01
-1.221129704599999977e-01 -5.608436296580000535e-01
-1.952698949799999972e-01 -7.835128087379999995e-01
-2.735304984610000267e-01 -9.065137777039999900e-01
-3.560457124399999951e-01 -1.000000000000000000e+00
-3.693050606699999766e-02 -5.241010249509999719e-01
-3.977815502700000200e-02 -7.158557411860000386e-01
-7.818355252200000216e-02 -8.426067931799999799e-01
-1.437274009910000094e-01 -9.483007008730000020e-01
-2.122706477949999893e-01 -8.139163309300000149e-02
-3.698851338629999819e-01 -2.139844628800000037e-01
-4.951882036229999784e-01 -3.112271633459999798e-01
-5.910042149549999957e-01 -4.056043204320000095e-01
-2.694065136630000024e-01 -4.981914472739999988e-01
-4.182369096160000188e-01 -5.847713539759999968e-01
-5.196330430669999778e-01 -5.398360326140000387e-01
-5.865347821980000376e-01 -4.786887577769999846e-01
-2.033402832029999885e-01 -5.563130169740000408e-01
-3.309653503539999875e-01 -7.494797491010000146e-01
-4.431542830410000189e-01 -8.518438333819999819e-01
-5.434425851980000388e-01 -9.294958488200000257e-01
-1.210244680339999934e-01 -5.593139888270000082e-01
-1.892222312730000022e-01 -7.811460480659999650e-01
-2.638458117520000035e-01 -9.049406439649999578e-01
-3.449094998130000089e-01 -1.000000000000000000e+00
-3.682437964600000085e-02 -5.198010828339999501e-01
-3.645140171599999673e-02 -7.118143644979999518e-01
-7.485083356100000196e-02 -8.388024671289999734e-01
-1.415443733990000008e-01 -9.451727938709999499e-01
-2.121491376100000104e-01 -8.061045837100000444e-02
-3.708387825989999942e-01 -2.127232880519999980e-01
-4.962890061949999931e-01 -3.117936828949999795e-01
-5.908071036159999734e-01 -4.095019810719999764e-01
-2.672839864250000086e-01 -4.961571691239999859e-01
-4.169712835420000263e-01 -5.841882967349999456e-01
-5.188100005160000139e-01 -5.352841044920000346e-01
-5.845597843030000407e-01 -4.714594715270000180e-01
-2.009144951640000065e-01 -5.556634788459999807e-01
-3.300888230290000003e-01 -7.487294202330000426e-01
-4.441752038489999999e-01 -8.502371529169999720e-01
-5.442686177379999490e-01 -9.282817323040000179e-01
-1.186995064019999990e-01 -5.602356983149999747e-01
-1.881520807990000044e-01 -7.837240324919999557e-01
-2.642513675900000081e-01 -9.063057560939999924e-01
-3.453060436459999827e-01 -1.000000000000000000e+00
-3.435234599700000280e-02 -5.224906351729999843e-01
-3.518269981199999979e-02 -7.141492158329999507e-01
-7.428784544199999729e-02 -8.403604139860000322e-01
-1.411518722039999951e-01 -9.458297957050000315e-01
-2.149083016810000024e-01 -8.383406318500000176e-02
-3.742447749030000104e-01 -2.152894684660000002e-01
-5.002359433070000527e-01 -3.120282295230000225e-01
-5.895977895639999966e-01 -4.104155120860000228e-01
-2.658086936819999968e-01 -4.999522851600000095e-01
-4.141378767350000212e-01 -5.874312212240000441e-01
-5.175341228259999760e-01 -5.378469750590000320e-01
-5.849147256610000012e-01 -4.727843549190000050e-01
-1.982144549419999902e-01 -5.576588168720000294e-01
-3.277688465379999805e-01 -7.511257418219999815e-01
-4.442712102310000244e-01 -8.524336472579999713e-01
-5.461541222629999748e-01 -9.285103095790000483e-01
-1.154865076650000016e-01 -5.611382194320000405e-01
-1.846271230139999997e-01 -7.851972836149999635e-01
-2.623580653690000264e-01 -9.075052380079999814e-01
-3.447435917459999999e-01 -1.000000000000000000e+00
-3.120258010100000062e-02 -5.226763604230000304e-01
-3.131999521900000194e-02 -7.150333427110000528e-01
-7.070090073500000238e-02 -8.428153952300000418e-01
-1.376563659089999891e-01 -9.493826406180000399e-01
-2.134762819799999878e-01 -8.226113276200000546e-02
-3.697940440329999801e-01 -2.119663679340000051e-01
-4.930854275680000010e-01 -3.080767451609999763e-01
-5.802501331370000237e-01 -4.068327185450000272e-01
-2.663412209489999793e-01 -4.983124543720000021e-01
-4.137066722759999982e-01 -5.848040239759999537e-01
-5.144897140209999664e-01 -5.325259495499999884e-01
-5.797438858640000525e-01 -4.647467061919999809e-01
-1.994389548699999903e-01 -5.560855989070000449e-01
-3.273531004690000135e-01 -7.487939966469999709e-01
-4.416015609250000251e-01 -8.512617934220000349e-01
-5.425221262489999807e-01 -9.286510348690000249e-01
-1.159279261179999992e-01 -5.589751261430000451e-01
-1.826619538029999879e-01 -7.825031049499999725e-01
-2.574280150700000158e-01 -9.066579505170000441e-01
-3.378973286899999984e-01 -1.000000000000000000e+00
-3.040540528199999967e-02 -5.193251086939999484e-01
-3.089976059600000116e-02 -7.109855548810000148e-01
-7.013104246000000097e-02 -8.374655155979999765e-01
-1.366903385969999996e-01 -9.420810330509999941e-01
-2.146813763900000116e-01 -8.316890862600000156e-02
-3.731583085199999816e-01 -2.123419090349999983e-01
-4.967391787159999850e-01 -3.072782456340000246e-01
-5.818763052219999565e-01 -4.026842444279999933e-01
-2.715099904530000052e-01 -4.962133485469999994e-01
-4.181386595039999765e-01 -5.876521050740000085e-01
-5.140699768530000435e-01 -5.396198268709999635e-01
-5.769688249659999935e-01 -4.732318037830000046e-01
-2.014973606990000110e-01 -5.548247567449999806e-01
-3.282164017170000059e-01 -7.507976665329999522e-01
-4.382576109929999797e-01 -8.544501616770000529e-01
-5.364987220510000210e-01 -9.313237989199999456e-01
-1.161419940260000061e-01 -5.575067866130000160e-01
-1.821611795360000008e-01 -7.812069781229999954e-01
-2.537265595779999994e-01 -9.054741244799999755e-01
-3.325087019699999868e-01 -1.000000000000000000e+00
-2.825662010600000010e-02 -5.163919396799999673e-01
-2.870698712200000016e-02 -7.065817773810000313e-01
-6.720116139399999466e-02 -8.342961828599999574e-01
-1.332560868390000042e-01 -9.414277851340000502e-01
-2.115582222559999892e-01 -8.138492717199999338e-02
-3.698987815149999969e-01 -2.122289401169999978e-01
-4.925057142529999932e-01 -3.092381960230000115e-01
-5.794197895960000455e-01 -4.032948686139999905e-01
-2.701060464849999732e-01 -4.988379703460000258e-01
-4.154666077490000164e-01 -5.927629104420000239e-01
-5.102068207479999451e-01 -5.451993697879999878e-01
-5.713893679379999924e-01 -4.792838048379999827e-01
-1.991774134959999887e-01 -5.571187495010000434e-01
-3.265951029709999731e-01 -7.527584915949999678e-01
-4.370226614959999978e-01 -8.555395377219999764e-01
-5.345531484719999726e-01 -9.341032304930000363e-01
-1.134251851490000046e-01 -5.583430287870000397e-01
-1.808073426510000137e-01 -7.807313717980000067e-01
-2.524043554870000206e-01 -9.046269340129999836e-01
-3.301976908020000101e-01 -1.000000000000000000e+00
-2.396523138899999891e-02 -5.159128908469999830e-01
-2.330240432600000008e-02 -7.056498773860000462e-01
-6.013767397400000131e-02 -8.334231642280000019e-01
-1.245005782200000050e-01 -9.414758664319999859e-01
-2.120806035070000040e-01 -8.058690821700000007e-02
-3.702005311420000222e-01 -2.081637434259999975e-01
-4.940914582109999786e-01 -3.031214048579999876e-01
-5.763938527230000330e-01 -3.988037296420000044e-01
-2.749689958809999890e-01 -5.005504348470000142e-01
-4.185240712280000053e-01 -5.951451613560000409e-01
-5.108642651539999635e-01 -5.427361081420000177e-01
-5.675495304530000507e-01 -4.737721113080000102e-01
-2.051555551070000094e-01 -5.591095294600000321e-01
-3.314088678889999806e-01 -7.522577041960000210e-01
-4.410514093460000118e-01 -8.535961761639999645e-01
-5.370056702590000342e-01 -9.322396440979999754e-01
-1.193068765579999996e-01 -5.614852231520000014e-01
-1.856361859460000097e-01 -7.822791896359999608e-01
-2.571717670049999960e-01 -9.055722630410000251e-01
-3.340260794720000259e-01 -1.000000000000000000e+00
-2.937411073700000111e-02 -5.203025839670000208e-01
-2.921167295500000025e-02 -7.108509864230000419e-01
-6.589522795999999683e-02 -8.377198298139999499e-01
-1.294107771449999889e-01 -9.440461068840000358e-01
-2.097665011079999919e-01 -8.029477263100000262e-02
-3.695525172999999941e-01 -2.100557876099999888e-01
-4.923568060519999956e-01 -3.074603059789999815e-01
-5.733644619750000171e-01 -4.034418277990000079e-01
-2.724068514870000013e-01 -4.994266299249999763e-01
-4.198429546429999770e-01 -5.953452792219999790e-01
-5.121008193889999838e-01 -5.426901425010000057e-01
-5.689953136640000242e-01 -4.749957889079999829e-01
-2.027407426720000128e-01 -5.576531469419999665e-01
-3.325173573269999960e-01 -7.525336943420000146e-01
-4.433289947649999840e-01 -8.546753566329999829e-01
-5.399228402879999722e-01 -9.351065899749999577e-01
-1.170551523419999934e-01 -5.589474461700000285e-01
-1.865740118850000018e-01 -7.806754356889999968e-01
-2.584417159960000210e-01 -9.041933731379999672e-01
-3.347719477819999789e-01 -1.000000000000000000e+00
-2.622651672499999934e-02 -5.169175471689999579e-01
-2.635178795000000032e-02 -7.069878545050000129e-01
-6.251300162799999782e-02 -8.339767926040000390e-01
-1.251503632840000046e-01 -9.416793928850000217e-01
-2.110271684699999983e-01 -7.946417178799999870e-02
-3.701569250280000167e-01 -2.081857937870000008e-01
-4.928013185399999774e-01 -3.037288184310000250e-01
-5.730654446309999539e-01 -3.973719198510000106e-01
-2.746389772080000125e-01 -5.001282510779999635e-01
-4.171548118980000219e-01 -5.979595449500000326e-01
-5.059593565290000372e-01 -5.423713036359999462e-01
-5.594728626670000260e-01 -4.724141512539999921e-01
-2.042794343479999997e-01 -5.571433672850000240e-01
-3.292054921950000046e-01 -7.527450956479999622e-01
-4.373729737309999810e-01 -8.545780844379999852e-01
-5.308458721080000497e-01 -9.348124703600000363e-01
-1.183028005770000030e-01 -5.570994919170000337e-01
-1.842392417519999881e-01 -7.789839814619999858e-01
-2.552941130360000255e-01 -9.032847517959999850e-01
-3.306560285769999941e-01 -1.000000000000000000e+00
-2.744870646400000141e-02 -5.131353926380000097e-01
-2.658589679399999892e-02 -7.030233068569999855e-01
-6.191413318200000154e-02 -8.300161522329999597e-01
-1.232213419080000066e-01 -9.378710625939999934e-01
-2.103512157509999925e-01 -7.866366923400000544e-02
-3.693660252639999753e-01 -2.051546569059999880e-01
-4.917662037280000065e-01 -2.986719248010000216e-01
-5.725973947939999587e-01 -3.899649573810000103e-01
-2.750869534170000130e-01 -4.969541267390000239e-01
-4.224225590630000249e-01 -5.917262756940000479e-01
-5.120715900500000251e-01 -5.338230069079999973e-01
-5.655763163910000335e-01 -4.631701987949999877e-01
-2.052162325820000022e-01 -5.555075867619999608e-01
-3.324127824279999865e-01 -7.507039656330000144e-01
-4.404353128119999905e-01 -8.531378231249999722e-01
-5.325265432160000145e-01 -9.342731007840000546e-01
-1.197270611919999950e-01 -5.560319415559999978e-01
-1.871304733770000062e-01 -7.773428655530000286e-01
-2.571059127740000227e-01 -9.022455491349999912e-01
-3.307272707739999928e-01 -1.000000000000000000e+00
-2.932939771500000029e-02 -5.122555550909999589e-01
-2.842611847800000091e-02 -6.991730716980000260e-01
-6.348223543599999796e-02 -8.259797390269999484e-01
-1.244346068500000041e-01 -9.343631239140000044e-01
-2.103899322359999990e-01 -7.969433719500000624e-02
-3.699783124079999985e-01 -2.059443063080000080e-01
-4.928385691380000044e-01 -2.977252602739999809e-01
-5.712785541749999529e-01 -3.885273807540000068e-01
-2.779971457930000001e-01 -4.969785901900000136e-01
-4.256577035299999867e-01 -5.918092208790000086e-01
-5.139897140300000444e-01 -5.327658590010000417e-01
-5.665264544539999614e-01 -4.613707524619999889e-01
-2.070082573239999946e-01 -5.559030192380000068e-01
-3.344379966680000038e-01 -7.511192584020000007e-01
-4.416936867760000163e-01 -8.540538309540000039e-01
-5.329971715889999517e-01 -9.364164995139999670e-01
-1.207091474099999950e-01 -5.570385833850000079e-01
-1.884400366279999905e-01 -7.775977251790000544e-01
-2.579837011339999875e-01 -9.015884592789999985e-01
-3.309003513950000142e-01 -1.000000000000000000e+00
-2.921102549000000048e-02 -5.139922845719999689e-01
-2.897728717800000103e-02 -7.012488218729999723e-01
-6.470651966399999788e-02 -8.277898777300000122e-01
-1.256712350810000045e-01 -9.373134376989999961e-01
-2.094847806919999944e-01 -7.968402137999999746e-02
-3.676770218040000260e-01 -2.073831726039999934e-01
-4.878175772369999774e-01 -2.996683840280000011e-01
-5.641643649830000440e-01 -3.864421336639999871e-01
-2.741846689610000221e-01 -4.983833450269999910e-01
-4.216001500839999805e-01 -5.936142779220000554e-01
-5.098410130230000004e-01 -5.336981687380000228e-01
-5.627854151150000206e-01 -4.623331753689999823e-01
-2.036430765320000058e-01 -5.562817803159999519e-01
-3.300071246469999942e-01 -7.529946830829999938e-01
-4.369355271900000059e-01 -8.554925386410000554e-01
-5.280455514699999853e-01 -9.383358040060000294e-01
-1.181634388869999969e-01 -5.556748298270000053e-01
-1.862070311700000091e-01 -7.772142523299999661e-01
-2.549205788059999978e-01 -9.009431210289999825e-01
-3.271500365269999766e-01 -1.000000000000000000e+00
-2.715853115900000031e-02 -5.104498070270000465e-01
-2.686074912499999967e-02 -6.969811885469999746e-01
-6.150735255599999729e-02 -8.236755694020000407e-01
-1.215231200389999960e-01 -9.340630222169999941e-01
-2.098704635020000042e-01 -7.902746292699999731e-02
-3.693069021550000053e-01 -2.042151120690000043e-01
-4.934038737979999922e-01 -2.942634171879999760e-01
-5.691105729859999851e-01 -3.823447126030000143e-01
-2.779861339390000130e-01 -4.973783942869999808e-01
-4.297518411790000048e-01 -5.894865150620000049e-01
-5.168445420339999874e-01 -5.209565207359999617e-01
-5.650437880030000359e-01 -4.434922479139999929e-01
-2.077098283109999888e-01 -5.559816170579999772e-01
-3.372498997350000249e-01 -7.523076817279999995e-01
-4.450120130649999894e-01 -8.536567088330000441e-01
-5.349229682620000315e-01 -9.349718330690000023e-01
-1.219799418939999935e-01 -5.561310595480000174e-01
-1.911702265649999899e-01 -7.777361877639999976e-01
-2.606959987979999838e-01 -9.014415948159999470e-01
-3.320223003569999776e-01 -1.000000000000000000e+00
-3.079771480800000058e-02 -5.119154666640000073e-01
-3.129585644200000294e-02 -6.982580149499999500e-01
-6.695269020800000137e-02 -8.248451713529999507e-01
-1.272903482949999943e-01 -9.349015517819999621e-01
-2.109771186259999931e-01 -7.654995248000000252e-02
-3.754275233209999896e-01 -2.016007742790000001e-01
-4.993480329169999732e-01 -2.956170673710000196e-01
-5.658685725790000287e-01 -3.922047566279999731e-01
-2.812477193610000148e-01 -4.944997623710000179e-01
-4.301147584119999756e-01 -5.927723574480000535e-01
-5.122275470379999973e-01 -5.222300210070000004e-01
-5.545991782779999824e-01 -4.429057643320000182e-01
-2.101508254139999865e-01 -5.524738258929999812e-01
-3.407332472949999858e-01 -7.526012690359999979e-01
-4.501620285080000228e-01 -8.552680200590000448e-01
-5.397956670269999924e-01 -9.384979042409999916e-01
-1.238560874700000008e-01 -5.521958429750000175e-01
-1.949196148000000017e-01 -7.763057586770000240e-01
-2.659142422329999755e-01 -9.008972478279999585e-01
-3.362288262359999780e-01 -1.000000000000000000e+00
-3.159623620199999983e-02 -5.078967840539999612e-01
-3.270325677299999734e-02 -6.967618023299999575e-01
-6.767956015600000430e-02 -8.244353702169999742e-01
-1.256798403050000124e-01 -9.360879245019999573e-01
-2.136645176310000005e-01 -7.545773826500000447e-02
-3.774785048129999931e-01 -1.995696658549999947e-01
-5.007194703689999971e-01 -2.924263605140000055e-01
-5.654604161899999815e-01 -3.872808069700000022e-01
-2.842690003300000212e-01 -4.955520245700000270e-01
-4.296919768099999870e-01 -5.957551401639999966e-01
-5.106493254589999919e-01 -5.262824280729999638e-01
-5.542701186730000229e-01 -4.462659176559999885e-01
-2.121748841670000052e-01 -5.534378845099999777e-01
-3.392151513539999885e-01 -7.532079752200000478e-01
-4.481187918439999973e-01 -8.549782702529999945e-01
-5.393556653109999877e-01 -9.356004405450000228e-01
-1.251515886669999911e-01 -5.539368352029999665e-01
-1.960199839429999924e-01 -7.781718600360000293e-01
-2.683863140900000221e-01 -9.023372775669999957e-01
-3.409282731489999829e-01 -1.000000000000000000e+00
-3.230759877099999983e-02 -5.108217781799999635e-01
-3.398350860399999840e-02 -7.001105476800000282e-01
-6.819729103799999914e-02 -8.297385440979999638e-01
-1.254158621750000036e-01 -9.429312151319999558e-01
-2.108587282040000066e-01 -7.303587768600000585e-02
-3.776860483810000058e-01 -1.954124884089999958e-01
-5.033436062539999867e-01 -2.861404567140000132e-01
-5.659518842599999822e-01 -3.760308675349999796e-01
-2.833988122330000081e-01 -4.937295926470000040e-01
-4.294589603949999779e-01 -5.979080095850000109e-01
-5.074400139329999782e-01 -5.209539417459999600e-01
-5.453183753889999652e-01 -4.366500231179999969e-01
-2.140277126450000067e-01 -5.507604984099999657e-01
-3.417303742949999723e-01 -7.527623851579999803e-01
-4.519831466920000151e-01 -8.534135441969999958e-01
-5.421286998359999831e-01 -9.336527947360000468e-01
-1.279816672419999968e-01 -5.513764735459999455e-01
-1.999354790560000095e-01 -7.776314079839999893e-01
-2.747037147160000248e-01 -9.020939640009999483e-01
-3.479836321770000129e-01 -1.000000000000000000e+00
-3.494033164399999725e-02 -5.095492096920000158e-01
-3.763241117800000118e-02 -6.989174420829999956e-01
-7.181676022999999853e-02 -8.277705512090000051e-01
-1.285809164610000055e-01 -9.405725659750000522e-01
-2.124030642309999994e-01 -7.070164387499999759e-02
-3.836977853640000102e-01 -1.914626893980000133e-01
-5.107498876760000472e-01 -2.837801935800000064e-01
-5.593042127530000185e-01 -3.766010877879999996e-01
-2.898963011130000211e-01 -4.925408598000000082e-01
-4.382045033270000056e-01 -5.961264977410000165e-01
-5.098925893560000144e-01 -5.158836350829999473e-01
-5.409083507749999908e-01 -4.282201857230000241e-01
-2.193094236620000137e-01 -5.506359701699999887e-01
-3.490766170640000055e-01 -7.534012557660000331e-01
-4.579980809049999935e-01 -8.531107905089999610e-01
-5.468265702150000296e-01 -9.310523100259999740e-01
-1.314270258309999939e-01 -5.517983730590000357e-01
-2.048866401609999999e-01 -7.774566882729999628e-01
-2.790348530310000075e-01 -9.017484539990000547e-01
-3.519019590579999801e-01 -1.000000000000000000e+00
-3.626207167500000023e-02 -5.097305725449999825e-01
-4.094694039700000343e-02 -6.999139251820000185e-01
-7.579894201400000364e-02 -8.284752402820000361e-01
-1.327954808690000044e-01 -9.412655463660000166e-01
-2.131577199720000038e-01 -6.968268421100000387e-02
-3.806242526129999804e-01 -1.879176920489999958e-01
-5.047746684389999849e-01 -2.789991398200000194e-01
-5.484718923810000257e-01 -3.697298887100000098e-01
-2.842118949890000135e-01 -4.905559803630000215e-01
-4.340558447449999746e-01 -5.874364385170000036e-01
-5.049193944800000056e-01 -4.941575287730000099e-01
-5.329522835800000191e-01 -3.975763480069999800e-01
-2.146087096959999885e-01 -5.489120589210000345e-01
-3.439907065510000028e-01 -7.492775172760000046e-01
-4.555921984490000076e-01 -8.451759109890000232e-01
-5.455934362940000337e-01 -9.209527412819999981e-01
-1.271317866149999920e-01 -5.501363852889999961e-01
-2.038657774260000111e-01 -7.754768751739999910e-01
-2.831884136550000264e-01 -9.010066886669999553e-01
-3.592260986520000032e-01 -1.000000000000000000e+00
-3.164203957299999842e-02 -5.091518422880000339e-01
-3.742516451700000218e-02 -6.999070755540000022e-01
-7.447209060899999400e-02 -8.285287945299999457e-01
-1.334624392890000066e-01 -9.410301984009999954e-01
-2.158290354450000115e-01 -6.852237708500000246e-02
-3.847605303309999947e-01 -1.866090195969999921e-01
-5.081975437839999499e-01 -2.794356399979999739e-01
-5.486385837489999862e-01 -3.717938554999999923e-01
-2.902175390119999809e-01 -4.925576055309999757e-01
-4.381584013659999832e-01 -5.926376040430000325e-01
-5.028665370270000157e-01 -5.008889831349999655e-01
-5.245917152369999892e-01 -4.048560633030000022e-01
-2.189270894439999948e-01 -5.509698304029999605e-01
-3.475975342820000202e-01 -7.520897018009999879e-01
-4.564447302970000009e-01 -8.505441865820000391e-01
-5.441992635679999690e-01 -9.293405929269999977e-01
-1.303384232579999913e-01 -5.516721144149999700e-01
-2.050013306139999991e-01 -7.760866689169999555e-01
-2.807970607399999929e-01 -9.011876370639999578e-01
-3.532863653059999942e-01 -1.000000000000000000e+00
-3.379887312299999919e-02 -5.092275818920000141e-01
-3.973652853199999974e-02 -7.005757252340000241e-01
-7.523463580799999439e-02 -8.285867100079999936e-01
-1.323127797239999903e-01 -9.401390179609999675e-01
-2.133188792669999945e-01 -6.719274648400000438e-02
-3.797220305619999903e-01 -1.830883887130000109e-01
-5.059187688420000439e-01 -2.718792250379999942e-01
-5.524199505369999930e-01 -3.626430885790000169e-01
-2.850461099620000271e-01 -4.911269811980000233e-01
-4.319512150959999852e-01 -5.877838653089999532e-01
-5.017269752670000527e-01 -4.918308447420000062e-01
-5.276555650950000009e-01 -3.930235465040000098e-01
-2.175767371329999922e-01 -5.482806366050000380e-01
-3.461667330079999938e-01 -7.480394268690000459e-01
-4.581850305290000036e-01 -8.421502618359999470e-01
-5.468812748010000169e-01 -9.157768766510000491e-01
-1.318070551620000030e-01 -5.496204761980000297e-01
-2.086982397849999893e-01 -7.754911775480000102e-01
-2.882407188300000200e-01 -9.009049574549999884e-01
-3.629749472450000125e-01 -1.000000000000000000e+00
-3.735302907199999911e-02 -5.090205373609999473e-01
-4.270627435399999838e-02 -7.004118990580000537e-01
-7.938797154099999642e-02 -8.284644969590000407e-01
-1.374624873779999867e-01 -9.401355100870000259e-01
-2.142471617410000029e-01 -6.491724113199999480e-02
-3.827788084159999826e-01 -1.829400284290000067e-01
-5.064181637729999741e-01 -2.769025037539999956e-01
-5.471237681939999931e-01 -3.692018011400000077e-01
-2.900194952599999820e-01 -4.902599846979999731e-01
-4.380673560610000017e-01 -5.896892405429999817e-01
-5.028165420069999891e-01 -4.934446680180000211e-01
-5.228541826510000323e-01 -3.940776151140000239e-01
-2.208500396489999906e-01 -5.491041811319999910e-01
-3.519826329390000064e-01 -7.499120042879999781e-01
-4.639656576849999770e-01 -8.450703311489999869e-01
-5.521840846700000194e-01 -9.205187446420000086e-01
-1.331222294219999991e-01 -5.511355361330000369e-01
-2.112977413830000040e-01 -7.768327935619999680e-01
-2.913419154799999911e-01 -9.015356404619999653e-01
-3.660274134789999745e-01 -1.000000000000000000e+00
-3.582496149699999910e-02 -5.105289201849999570e-01
-4.287191120400000305e-02 -7.022427806519999649e-01
-8.047687777299999956e-02 -8.297803657060000004e-01
-1.386800979260000011e-01 -9.407342713970000547e-01
-2.151460556030000137e-01 -6.322250249300000180e-02
-3.828393912440000157e-01 -1.798398242170000105e-01
-5.051255265080000223e-01 -2.737462985940000149e-01
-5.447227900950000201e-01 -3.693750621190000083e-01
-2.920070689429999922e-01 -4.882197607109999837e-01
-4.385634045740000042e-01 -5.898156494080000201e-01
-4.949216692769999870e-01 -4.918212417880000187e-01
-5.064164490379999828e-01 -3.896871712000000154e-01
-2.219896586250000026e-01 -5.468699127089999834e-01
-3.513213177580000179e-01 -7.484662083890000206e-01
-4.599842218990000120e-01 -8.442155674979999747e-01
-5.456412157860000001e-01 -9.206481594930000512e-01
-1.344889589000000107e-01 -5.491714033810000117e-01
-2.115234756549999873e-01 -7.740332218340000292e-01
-2.915047658459999913e-01 -9.004032026589999793e-01
-3.662240473160000009e-01 -1.000000000000000000e+00
-3.813737157899999702e-02 -5.091240305230000374e-01
-4.458327335699999866e-02 -7.028170314380000061e-01
-8.185666218800000116e-02 -8.301134883699999856e-01
-1.397649621350000038e-01 -9.397649692749999728e-01
-2.104634540099999951e-01 -6.171313281500000192e-02
-3.774151465510000025e-01 -1.807045357039999967e-01
-4.971074015249999922e-01 -2.787698775449999888e-01
-5.250776416810000180e-01 -3.790099462529999963e-01
-2.838799696679999984e-01 -4.868643347839999858e-01
-4.292596955369999967e-01 -5.937610748130000005e-01
-4.842919222240000265e-01 -4.963454820000000045e-01
-4.944533877760000085e-01 -3.913725798759999930e-01
-2.152054333079999882e-01 -5.450178336680000513e-01
-3.458922475330000190e-01 -7.481194938209999590e-01
-4.557097976999999744e-01 -8.419015205309999805e-01
-5.420146038369999530e-01 -9.147757957490000313e-01
-1.292810531270000007e-01 -5.473363679510000468e-01
-2.063004766129999945e-01 -7.729659350980000454e-01
-2.852636667710000129e-01 -9.003088976919999542e-01
-3.601843062339999957e-01 -1.000000000000000000e+00
-3.401780290300000092e-02 -5.081314980569999751e-01
-3.730878991600000000e-02 -6.996428355429999968e-01
-7.423188698700000643e-02 -8.267591973619999868e-01
-1.331655259850000050e-01 -9.361592754159999696e-01
-2.140363292520000016e-01 -5.905981238699999775e-02
-3.834900069209999929e-01 -1.726981486190000137e-01
-5.049507793719999471e-01 -2.693873359499999731e-01
-5.270720615430000144e-01 -3.697562543399999790e-01
-2.906561442280000129e-01 -4.838671249290000254e-01
-4.342397027109999863e-01 -5.928072944950000256e-01
-4.812714980400000231e-01 -4.989532058860000063e-01
-4.838680200839999834e-01 -3.987420853990000236e-01
-2.213173758009999992e-01 -5.430975180289999704e-01
-3.508611819599999904e-01 -7.473405306649999469e-01
-4.570734565519999903e-01 -8.455874486109999921e-01
-5.416144612340000331e-01 -9.240713341039999973e-01
-1.334355098920000093e-01 -5.464414585900000398e-01
-2.080755287290000088e-01 -7.691086921399999943e-01
-2.828752431959999925e-01 -8.975849186880000552e-01
-3.543605930190000253e-01 -1.000000000000000000e+00
-3.687114295700000266e-02 -5.067724195480000082e-01
-3.950826922600000207e-02 -6.995395824600000312e-01
-7.442410748000000131e-02 -8.248907338149999990e-01
-1.302854240709999945e-01 -9.333471437829999884e-01
-2.138815712269999947e-01 -5.973845099700000189e-02
-3.841781446249999954e-01 -1.789875482930000095e-01
-5.015131636630000278e-01 -2.805885505490000043e-01
-5.176372307000000061e-01 -3.842284954679999753e-01
-2.905527941650000168e-01 -4.857024302449999831e-01
-4.358256734400000054e-01 -5.940532526799999768e-01
-4.828635238960000131e-01 -4.944701928420000003e-01
-4.851827185740000270e-01 -3.876091086699999799e-01
-2.219411174070000103e-01 -5.419355457679999599e-01
-3.513835777539999761e-01 -7.457247043639999573e-01
-4.575757454620000275e-01 -8.419911111400000259e-01
-5.412439234539999644e-01 -9.182537176170000315e-01
-1.353133616019999985e-01 -5.436914648120000360e-01
-2.126835978040000075e-01 -7.684850267980000149e-01
-2.894779795449999860e-01 -8.985867207559999903e-01
-3.626704815339999999e-01 -1.000000000000000000e+00
-3.906905660800000235e-02 -5.049271427379999899e-01
-4.468326450099999875e-02 -6.983546520479999575e-01
-8.423479376499999616e-02 -8.240603655799999538e-01
-1.447845791390000025e-01 -9.313778586519999569e-01
-2.144704025299999928e-01 -5.571986505499999798e-02
-3.911883940459999764e-01 -1.728833361190000029e-01
-5.112082844049999908e-01 -2.798470362509999920e-01
-5.106184091469999631e-01 -3.855251540390000065e-01
-2.984181728199999939e-01 -4.812982950729999820e-01
-4.379707236750000066e-01 -5.968457776190000397e-01
-4.738411500140000121e-01 -5.063201881129999471e-01
-4.677981562920000003e-01 -4.095813271770000208e-01
-2.278156129849999989e-01 -5.411027809039999914e-01
-3.562400064280000223e-01 -7.470763330249999834e-01
-4.581010775709999927e-01 -8.449000150140000276e-01
-5.411959530779999472e-01 -9.263914002730000430e-01
-1.374858715320000091e-01 -5.455339462220000213e-01
-2.157764626679999909e-01 -7.674514521599999917e-01
-2.904635356909999744e-01 -8.962838773250000335e-01
-3.630639536779999843e-01 -1.000000000000000000e+00
-3.718785506100000249e-02 -5.081485575449999903e-01
-4.168300003900000245e-02 -6.995474425230000515e-01
-7.772284337300000567e-02 -8.239005562410000039e-01
-1.344149195400000107e-01 -9.326720224890000521e-01
-2.116197391780000048e-01 -5.536432028200000133e-02
-3.844694675129999850e-01 -1.717678274999999977e-01
-5.028656738179999586e-01 -2.736204412550000131e-01
-5.061640919100000024e-01 -3.755888008759999952e-01
-2.962362125049999850e-01 -4.825462248669999954e-01
-4.385512322410000108e-01 -5.903645154229999470e-01
-4.743083171829999833e-01 -4.954897391179999833e-01
-4.677002740299999739e-01 -3.948631107059999978e-01
-2.255265888109999894e-01 -5.423000009689999956e-01
-3.539239088539999911e-01 -7.447685358410000012e-01
-4.561362520489999905e-01 -8.449687997439999654e-01
-5.391841779579999994e-01 -9.278765136169999650e-01
-1.357948120980000117e-01 -5.458370489880000065e-01
-2.109728043790000118e-01 -7.670818973730000323e-01
-2.839939904229999978e-01 -8.965244279189999999e-01
-3.556275109609999818e-01 -1.000000000000000000e+00
-3.748981089299999875e-02 -5.077043006870000097e-01
-4.265622377000000132e-02 -6.999570048550000090e-01
-8.087787831499999858e-02 -8.239160081190000096e-01
-1.401797351619999965e-01 -9.310024014859999975e-01
-2.149857731589999987e-01 -5.610733984800000268e-02
-3.868270974049999866e-01 -1.706598656080000054e-01
-5.044364158140000054e-01 -2.732733787959999994e-01
-5.055359727670000192e-01 -3.762392480569999864e-01
-3.012191638139999905e-01 -4.796795748550000127e-01
-4.415811281350000006e-01 -5.866393851790000502e-01
-4.700131731170000271e-01 -4.917121484790000219e-01
-4.559411759920000140e-01 -3.927709065900000240e-01
-2.306974491830000029e-01 -5.388369835470000480e-01
-3.589599952290000173e-01 -7.425126346310000347e-01
-4.602361146910000089e-01 -8.426278960540000140e-01
-5.432609621070000339e-01 -9.274198528079999893e-01
-1.400664029539999966e-01 -5.429504509999999451e-01
-2.148775484859999918e-01 -7.643854275439999624e-01
-2.884184668270000085e-01 -8.945010618159999760e-01
-3.606711324540000096e-01 -1.000000000000000000e+00
-4.044462601099999693e-02 -5.051379448809999451e-01
-4.571752090799999918e-02 -7.011877264420000033e-01
-8.495164715799999322e-02 -8.251634166629999712e-01
-1.447016807100000024e-01 -9.328644193599999745e-01
-2.180651783289999923e-01 -5.438093406800000029e-02
-3.890139972630000109e-01 -1.684994211320000046e-01
-5.059101179289999806e-01 -2.694821653560000030e-01
-5.118576616959999992e-01 -3.713263403040000243e-01
-3.032581813549999894e-01 -4.766193577189999919e-01
-4.459650958120000008e-01 -5.845394806729999893e-01
-4.762222404500000006e-01 -4.902479921149999753e-01
-4.635033004210000196e-01 -3.908840879230000009e-01
-2.331013469269999916e-01 -5.367156608980000465e-01
-3.628472142849999971e-01 -7.414346511260000439e-01
-4.656637617939999862e-01 -8.451534705850000107e-01
-5.487457145180000273e-01 -9.319274485570000488e-01
-1.428468288209999992e-01 -5.416516761620000509e-01
-2.187980255289999898e-01 -7.642433100759999931e-01
-2.928072022550000097e-01 -8.948600565019999564e-01
-3.643180721079999906e-01 -1.000000000000000000e+00
-4.366694321399999801e-02 -5.051668363160000119e-01
-5.025643645999999798e-02 -7.010750941579999562e-01
-8.971372147700000521e-02 -8.252088966820000371e-01
-1.489623989109999935e-01 -9.325142498320000417e-01
-2.164329666149999998e-01 -5.406141161999999944e-02
-3.885107437209999737e-01 -1.679206168819999956e-01
-5.065708244390000337e-01 -2.700495199249999811e-01
-5.090882313119999836e-01 -3.748873270479999853e-01
-3.038271354209999831e-01 -4.771373292080000050e-01
-4.462475477699999749e-01 -5.847410790679999915e-01
-4.737181426140000262e-01 -4.924667922670000197e-01
-4.579701440080000130e-01 -3.954864922090000068e-01
-2.342216095849999902e-01 -5.376888325219999487e-01
-3.656198056650000194e-01 -7.429450311549999908e-01
-4.687078871790000267e-01 -8.490390930850000295e-01
-5.528659044229999875e-01 -9.375397542150000207e-01
-1.432144883950000058e-01 -5.427003482810000001e-01
-2.198999374879999913e-01 -7.647603728249999788e-01
-2.939768762980000116e-01 -8.953526458160000479e-01
-3.658738869540000271e-01 -1.000000000000000000e+00
-4.232916490199999798e-02 -5.057578795449999554e-01
-4.831908807299999803e-02 -7.000651407389999470e-01
-8.941068697000000010e-02 -8.227443803959999524e-01
-1.503827783589999911e-01 -9.283610676600000389e-01
-2.185188530709999966e-01 -5.404732177299999968e-02
-3.929499438290000035e-01 -1.675504706710000125e-01
-5.112024637430000462e-01 -2.691494156090000200e-01
-5.075556381550000440e-01 -3.763643364500000033e-01
-3.069008031470000231e-01 -4.799327920829999927e-01
-4.503584182600000041e-01 -5.821499322319999559e-01
-4.799896239499999995e-01 -4.885900116499999890e-01
-4.658639678989999755e-01 -3.902647552349999827e-01
-2.375769529879999953e-01 -5.400315724990000232e-01
-3.689496697960000238e-01 -7.432480579639999529e-01
-4.725162874919999756e-01 -8.504425452799999618e-01
-5.564100697060000433e-01 -9.399306265619999934e-01
-1.467694317999999887e-01 -5.442418516320000066e-01
-2.259581696919999994e-01 -7.656376873339999500e-01
-3.014123655939999757e-01 -8.958720009409999463e-01
-3.735649075149999887e-01 -1.000000000000000000e+00
-4.716756659799999779e-02 -5.068113100750000211e-01
-5.418545528399999756e-02 -7.020670456380000424e-01
-9.520256695499999811e-02 -8.257833891770000045e-01
-1.555057546949999980e-01 -9.322869206360000494e-01
-2.165286363320000074e-01 -5.423436009799999930e-02
-3.873602666900000102e-01 -1.678393632290000048e-01
-5.032460097540000232e-01 -2.692286398839999761e-01
-5.016998784409999468e-01 -3.754752779319999734e-01
-3.029321636060000045e-01 -4.777876314930000201e-01
-4.478380618830000159e-01 -5.800434877790000554e-01
-4.751552329270000152e-01 -4.853154884040000172e-01
-4.572762396849999744e-01 -3.870194105950000019e-01
-2.339531307749999900e-01 -5.379651161189999975e-01
-3.677072805919999743e-01 -7.422971824770000504e-01
-4.709641360949999855e-01 -8.509437124550000009e-01
-5.536485654470000295e-01 -9.423028322040000182e-01
-1.433746384590000034e-01 -5.421001117679999926e-01
-2.226381199509999964e-01 -7.627968355259999722e-01
-2.964839123829999812e-01 -8.944594698750000239e-01
-3.667784783399999915e-01 -1.000000000000000000e+00
-4.261561790300000263e-02 -5.043112120570000245e-01
-4.884738625699999726e-02 -6.996566467179999860e-01
-8.987456290499999667e-02 -8.232169451640000135e-01
-1.504327289840000081e-01 -9.291534963469999520e-01
-2.171741223370000085e-01 -5.418713887400000012e-02
-3.890047680639999728e-01 -1.690138774709999958e-01
-5.050206582940000022e-01 -2.721596493890000024e-01
-5.045094160449999920e-01 -3.787661962730000109e-01
-3.058959453769999892e-01 -4.775118261249999829e-01
-4.468244290350000258e-01 -5.856217278599999965e-01
-4.771296734439999798e-01 -4.965526275800000167e-01
-4.649618196790000213e-01 -4.010657617500000272e-01
-2.351507544950000028e-01 -5.379102881180000129e-01
-3.638471818730000251e-01 -7.424017836630000255e-01
-4.662271352399999791e-01 -8.480623162149999450e-01
-5.497314050670000229e-01 -9.365117649490000140e-01
-1.444975958639999891e-01 -5.428465319940000144e-01
-2.199702823780000094e-01 -7.631248207140000073e-01
-2.941146757800000011e-01 -8.942099275249999479e-01
-3.665165941879999778e-01 -1.000000000000000000e+00
-4.563984579600000036e-02 -5.065369833509999475e-01
-5.235023358299999846e-02 -7.020864952709999773e-01
-9.295825229699999914e-02 -8.246994641360000378e-01
-1.538252629469999966e-01 -9.302264035759999494e-01
-2.181739615849999925e-01 -5.600702917099999872e-02
-3.861108859010000116e-01 -1.709418809719999988e-01
-5.045755428799999498e-01 -2.699907024550000090e-01
-5.178870584389999587e-01 -3.763130112449999953e-01
-3.035261219020000123e-01 -4.813018219349999849e-01
-4.489730564439999849e-01 -5.865866022939999480e-01
-4.784870588460000129e-01 -4.925377720940000148e-01
-4.622253635399999894e-01 -3.955278285589999832e-01
-2.346219274440000113e-01 -5.405110119020000159e-01
-3.686655298639999745e-01 -7.460716455829999871e-01
-4.747123195160000142e-01 -8.520476393479999855e-01
-5.592779880220000166e-01 -9.403300737440000168e-01
-1.449543782440000095e-01 -5.434106646720000544e-01
-2.235799485709999979e-01 -7.655614008479999510e-01
-3.014871713060000014e-01 -8.955379085279999707e-01
-3.750965860759999937e-01 -1.000000000000000000e+00
-4.542509642599999731e-02 -5.036449166009999701e-01
-4.948298297900000087e-02 -6.997702638970000333e-01
-9.223465381999999824e-02 -8.227853818879999892e-01
-1.550743033520000091e-01 -9.283300619750000093e-01
-2.181019200529999980e-01 -5.636338749300000284e-02
-3.858354373369999868e-01 -1.721793410570000016e-01
-5.033230290239999460e-01 -2.718703744109999820e-01
-5.119650240759999749e-01 -3.803565625259999750e-01
-2.981596350260000139e-01 -4.824594818390000039e-01
-4.427583022870000273e-01 -5.853833487599999774e-01
-4.751980202719999768e-01 -4.925603249309999931e-01
-4.629918636159999767e-01 -3.952830206579999728e-01
-2.304360832419999894e-01 -5.411731733789999499e-01
-3.634128992239999967e-01 -7.438056375099999507e-01
-4.689888721589999809e-01 -8.490106914549999662e-01
-5.543923597230000500e-01 -9.356907568860000080e-01
-1.418267222669999938e-01 -5.441275873140000163e-01
-2.196625734029999943e-01 -7.636558297500000148e-01
-2.969785922439999726e-01 -8.944635638090000507e-01
-3.722096441289999835e-01 -1.000000000000000000e+00
-4.430601765299999745e-02 -5.049573710589999598e-01
-4.592214532000000321e-02 -7.011135430060000395e-01
-8.732593465000000610e-02 -8.237333221299999453e-01
-1.503801029709999904e-01 -9.287116180300000190e-01
-2.156648767140000034e-01 -5.475940279699999941e-02
-3.872291762999999776e-01 -1.703494132470000089e-01
-5.028860801860000063e-01 -2.781777183510000251e-01
-5.015106495979999579e-01 -3.928275225050000263e-01
-2.982190646589999994e-01 -4.804093051710000006e-01
-4.378097515109999893e-01 -5.880703222969999588e-01
-4.741369849250000046e-01 -5.002084573539999912e-01
-4.672669382790000103e-01 -4.061684668250000185e-01
-2.292938797650000138e-01 -5.405333440940000012e-01
-3.581451425159999924e-01 -7.435767888259999792e-01
-4.629446433059999921e-01 -8.466295007449999854e-01
-5.492276781039999722e-01 -9.328928300790000350e-01
-1.397623981370000046e-01 -5.458588230869999558e-01
-2.148148043410000041e-01 -7.663066349479999984e-01
-2.899034671499999827e-01 -8.964182860770000261e-01
-3.634549949109999734e-01 -1.000000000000000000e+00
-4.214424320699999837e-02 -5.092502746710000361e-01
-4.753538291199999738e-02 -7.060636018450000551e-01
-8.700664413200000225e-02 -8.292531962279999780e-01
-1.471950022730000029e-01 -9.341883873649999837e-01
-2.119964821349999973e-01 -5.374530389800000196e-02
-3.818940275420000252e-01 -1.662257136489999898e-01
-5.026592375709999505e-01 -2.654138957909999985e-01
-5.152815552620000350e-01 -3.778248236910000113e-01
-2.994654649799999846e-01 -4.815574029060000205e-01
-4.409713715660000255e-01 -5.839803147869999655e-01
-4.861154195869999972e-01 -4.951840392319999951e-01
-4.854194357669999738e-01 -4.024967800459999800e-01
-2.327749785659999904e-01 -5.410449010619999832e-01
-3.634284610149999817e-01 -7.406267099050000136e-01
-4.710599261480000188e-01 -8.446056437940000494e-01
-5.563996617169999492e-01 -9.307187837360000326e-01
-1.456280593929999978e-01 -5.453937438689999695e-01
-2.205935865810000063e-01 -7.651016917680000251e-01
-2.967486080919999880e-01 -8.953358068219999799e-01
-3.690328933020000091e-01 -1.000000000000000000e+00
-4.976415409099999715e-02 -5.072027606579999626e-01
-5.409336864000000022e-02 -7.024485087320000432e-01
-9.116026078099999375e-02 -8.254874285650000143e-01
-1.484232108200000122e-01 -9.302706476490000265e-01
