0.263970995961 -0.055514466091
0.491722698887 -0.245561676755
0.421625464977 -0.381413602001
0.165231499116 -0.417261422772
0.349723871517 -0.950451739475
0.368019560757 -0.673607407279
0.305477704019 -0.408269172642
0.268998920764 -0.434674170767
0.090775779947 -1.000000000000
0.102181239298 -0.646056720170
0.099029722725 -0.365739449975
0.105253962208 -0.449878320127
-0.145002759120 -0.949553813638
-0.117743294309 -0.587992995489
-0.078417361831 -0.352344948845
-0.044914304035 -0.430771699999
-0.355303581904 -0.845687880749
-0.319949754477 -0.589097179835
-0.240693102171 -0.411066194380
-0.192029814050 -0.440269134012
0.265912229271 -0.046244344245
0.492407880232 -0.231558237381
0.425220646483 -0.357597311360
0.170742123720 -0.390871666372
0.353933241101 -0.946588446937
0.387248952863 -0.659326742728
0.319918175614 -0.396646384643
0.284462472059 -0.427084913861
0.097508693908 -1.000000000000
0.119826570988 -0.622554318322
0.102255270384 -0.343239594684
0.108987123857 -0.433205444951
-0.134651492680 -0.951671711731
-0.099908839165 -0.568241390891
-0.074569929978 -0.328162821484
-0.039676884806 -0.408504332588
-0.338024053330 -0.853981771200
-0.304642691076 -0.570789479302
-0.225966429950 -0.386197052936
-0.169311968307 -0.416351517525
0.268155950537 -0.038040539599
0.500369735220 -0.219546982670
0.441336705241 -0.347895490599
0.191144154920 -0.376538355273
0.391260951231 -0.944654957719
0.395865608601 -0.634211763365
0.325420733988 -0.386564407115
0.299371300104 -0.433182406295
0.133947789637 -1.000000000000
0.122221144986 -0.594849568229
0.106021098825 -0.327851528295
0.127822643597 -0.427057795368
-0.102360688618 -0.954718161773
-0.100171307244 -0.554411449624
-0.075145317418 -0.323822691986
-0.030288073167 -0.404810041830
-0.309259636494 -0.858953404992
-0.300084798395 -0.574424337084
-0.228792723395 -0.390536712434
-0.169521261834 -0.413604107980
0.271287264399 -0.063238847838
0.498184753705 -0.228240159000
0.448199846025 -0.326873613845
0.196630256205 -0.337646708479
0.342348958454 -0.953508063933
0.441502863182 -0.656849164057
0.343339537741 -0.402814903152
0.279043271559 -0.445414248053
0.075786695311 -1.000000000000
0.181514305355 -0.602265362219
0.136794999949 -0.337250950908
0.115648009622 -0.429940356466
-0.150797017510 -0.938290038220
-0.047278996545 -0.547358530434
-0.041290094735 -0.328757305169
-0.037155403177 -0.403906046923
-0.343684745408 -0.821756697881
-0.274738308652 -0.550392901233
-0.203164806377 -0.381024032465
-0.167723167312 -0.404782105059
0.259845156627 -0.036761099280
0.494073218063 -0.197499895310
0.452543693489 -0.307877093467
0.198892225104 -0.318164718886
0.343620103346 -0.944758501799
0.407027974090 -0.616637549792
0.315153570955 -0.372622703510
0.260817287363 -0.415103790178
0.088025539953 -1.000000000000
0.132226032799 -0.558083645003
0.094470834387 -0.302095866741
0.092087516029 -0.392313191735
-0.141659923535 -0.945318112695
-0.093203705015 -0.514560206492
-0.082081980381 -0.294655228947
-0.055026363437 -0.368764508620
-0.341074024439 -0.835263266744
-0.309163936073 -0.542573995491
-0.244135303086 -0.362637775386
-0.194814540653 -0.373752656767
0.265786513232 -0.025489278663
0.506518342928 -0.191190554721
0.463923582269 -0.318478573678
0.211064434538 -0.338178545367
0.374931908369 -0.937288191813
0.390046615320 -0.606750274936
0.319110864232 -0.364015640286
0.283664206492 -0.408090663948
0.117196247478 -1.000000000000
0.113941942483 -0.565274879958
0.100392330819 -0.305746489836
0.114525646213 -0.393452248028
-0.118309617668 -0.953814135776
-0.115157819971 -0.525210254810
-0.082888265566 -0.302261786743
-0.039230356674 -0.374875029082
-0.321279829896 -0.850121093316
-0.311616151942 -0.549188319727
-0.239595489772 -0.364567497844
-0.183509884927 -0.376474306446
0.263242674679 -0.032953131970
0.503175452195 -0.187499295348
0.470868878931 -0.307228842025
0.226509405424 -0.332907357798
0.389475824998 -0.941464778275
0.388070912742 -0.615294602552
0.316051140325 -0.374679465079
0.282612614612 -0.424451668253
0.123844712454 -1.000000000000
0.105717649506 -0.567653028685
0.095603143658 -0.298619096339
0.114261370566 -0.392871642787
-0.120903432082 -0.949431288243
-0.128151859962 -0.534422071103
-0.095312856838 -0.301709832095
-0.050782826967 -0.372273146369
-0.334833781521 -0.840372986521
-0.334163408061 -0.554758170073
-0.256024391055 -0.365284900611
-0.193947634520 -0.376020528476
0.264474837972 -0.025783442325
0.505872745917 -0.177708208386
0.491213675681 -0.293752908737
0.256865679153 -0.327688415129
0.394411391519 -0.932333165944
0.397126389167 -0.595786458160
0.325019379792 -0.351691230379
0.292220281722 -0.400966363484
0.131648708563 -1.000000000000
0.120655427271 -0.554915710425
0.105658475122 -0.280709865504
0.125476638005 -0.382603830923
-0.112335581126 -0.954762243446
-0.107919820830 -0.524979160806
-0.083423008945 -0.286780779693
-0.042275426675 -0.365675558174
-0.323577538164 -0.853924468366
-0.316336902798 -0.558420277723
-0.241177838828 -0.364451310769
-0.178991008633 -0.380413078611
0.267335023562 -0.044095913459
0.498121563933 -0.183207895197
0.485896452030 -0.289460952775
0.253952887933 -0.325075886249
0.355893470348 -0.938345966859
0.400137712128 -0.599054825080
0.320328908827 -0.357572862607
0.280459213962 -0.402278657523
0.092713485060 -1.000000000000
0.143353119538 -0.557421994094
0.117931459084 -0.292201179139
0.126070789240 -0.390308467747
-0.143657314307 -0.950688469359
-0.077019814689 -0.533655226992
-0.068154351048 -0.304814111889
-0.044683062757 -0.371448431360
-0.346958946486 -0.839115262001
-0.307120856782 -0.555755479466
-0.239214046778 -0.369994162075
-0.190595022517 -0.375886502686
0.281502937477 -0.032017552920
0.526159061027 -0.174421097694
0.522662469807 -0.286905400429
0.307742409022 -0.340694932072
0.420107955869 -0.939009017929
0.432277090529 -0.606528186459
0.348155738078 -0.355708034791
0.315409979278 -0.396769159211
0.155574843000 -1.000000000000
0.158625140016 -0.572542317024
0.128036852394 -0.288161300333
0.144391291193 -0.386128615832
-0.094202781555 -0.959673967008
-0.070455561199 -0.554016398522
-0.061344479687 -0.308410742307
-0.023357949557 -0.376457153738
-0.317679162509 -0.864187347642
-0.297895959079 -0.582119755796
-0.235143226882 -0.382754935571
-0.180316193784 -0.392278595852
0.313224273613 -0.051877844435
0.565082187492 -0.206097187004
0.536531413779 -0.302545718288
0.301114769712 -0.332335172536
0.419300009802 -0.933452842793
0.517017821206 -0.614819771749
0.402333997931 -0.368400652226
0.333487886511 -0.428972433662
0.152184684010 -1.000000000000
0.258004736754 -0.584784198856
0.195618598218 -0.316941209488
0.167582457425 -0.422099191413
-0.086731666095 -0.948449924945
0.021809222435 -0.547277933621
0.012501660718 -0.318223009387
0.008512244675 -0.399741470443
-0.289525692045 -0.838534504609
-0.210835612458 -0.538573965243
-0.150800043065 -0.358616327977
-0.124058921814 -0.393929104533
0.307918728352 -0.052520928144
0.572228529187 -0.215259327875
0.551911639188 -0.318743806689
0.306349009455 -0.355900371233
0.424377029358 -0.935141147356
0.516645434703 -0.626729351660
0.407898400379 -0.365431644005
0.349567727919 -0.413140832296
0.159126922177 -1.000000000000
0.256044192040 -0.603122725778
0.193915584355 -0.327878660391
0.168357284340 -0.427465450699
-0.085357680366 -0.954535850103
0.021660886636 -0.572388102994
0.005701265570 -0.335980961508
-0.002111365853 -0.410848393406
-0.303454277702 -0.851143931958
-0.219781633857 -0.564545089662
-0.172868349408 -0.374863399318
-0.159532734877 -0.403656252550
0.304373390627 -0.073784970507
0.570201425474 -0.228891124276
0.566343302444 -0.335745903980
0.315691935188 -0.371837334313
0.397068776414 -0.938245894943
0.543334952933 -0.670262940739
0.436009606907 -0.409468026074
0.355242515782 -0.423720390556
0.134768026194 -1.000000000000
0.296638410533 -0.632403126283
0.227546510255 -0.362913442576
0.170654975696 -0.439633632227
-0.100358033848 -0.946521305321
0.056261379129 -0.592995771666
0.033966011251 -0.366190771637
-0.000754219832 -0.421453999800
-0.308352157735 -0.823822312260
-0.193229177537 -0.559206995273
-0.153393000070 -0.388278899106
-0.161807147252 -0.411150824416
0.311276288259 -0.058814840635
0.583601252267 -0.214464000233
0.580378463277 -0.327403091121
0.326001970554 -0.374268892372
0.426588252210 -0.940719334405
0.528009435827 -0.671487208218
0.440793894624 -0.398599632091
0.378402829180 -0.408359846900
0.159415469842 -1.000000000000
0.268773514203 -0.628879806811
0.211595940694 -0.337755671575
0.170257983843 -0.410592302140
-0.085099355999 -0.952979903787
0.049731430331 -0.577591667319
0.031453435811 -0.335146416746
0.006715084551 -0.396285442858
-0.300676937788 -0.848436364030
-0.179985152246 -0.563390062605
-0.137885677625 -0.370461029114
-0.140920654835 -0.384702618804
0.299250170017 -0.070670919328
0.574759967111 -0.236681670440
0.580692467636 -0.351878625816
0.328635857447 -0.382323696695
0.403322624484 -0.944090367919
0.536966739407 -0.666923714918
0.441408574511 -0.398738213960
0.370565250001 -0.407537077349
0.139512051227 -1.000000000000
0.277584975345 -0.635307715764
0.219062110351 -0.361451441098
0.172492437389 -0.435133836833
-0.104192810595 -0.947894101111
0.035999621192 -0.594581143715
0.019354216662 -0.367098354115
-0.009272217373 -0.424701217960
-0.324040413303 -0.833290563436
-0.224622430897 -0.577422500420
-0.170745148687 -0.405578980229
-0.165560244129 -0.426077886205
0.314029182320 -0.074745058815
0.604598968302 -0.238356297370
0.632854200884 -0.359572085265
0.388506453127 -0.393920827163
0.418207935424 -0.939661469285
0.592652783852 -0.691911588651
0.492654946381 -0.415055660233
0.403567301875 -0.407415359153
0.165053093202 -1.000000000000
0.342604671467 -0.657178025468
0.269751397826 -0.372924963817
0.202742009183 -0.423572135672
-0.068684259697 -0.957677359673
0.103395108546 -0.619918970499
0.070955537623 -0.373956443551
0.024523158431 -0.406190301944
-0.282075908196 -0.850519450394
-0.148982234434 -0.602021513587
-0.109283683220 -0.410846662836
-0.122637145188 -0.405157422010
0.316493982155 -0.056734649391
0.617645730130 -0.209865958925
0.671708988837 -0.332288631464
0.449926573707 -0.385213753055
0.469750596171 -0.926741103348
0.611734151762 -0.654524778777
0.493622224949 -0.397904963378
0.409650920141 -0.422792062780
0.213891336303 -1.000000000000
0.348847832080 -0.630739699317
0.265113092823 -0.362725284026
0.206462371093 -0.442790076141
-0.028954257871 -0.965712096738
0.099868214988 -0.601350134453
0.068426100644 -0.368054991831
0.034159243104 -0.420069076132
-0.254280578575 -0.867580299272
-0.163664140462 -0.602025498453
-0.117491223498 -0.417843040076
-0.117065731375 -0.423611507537
0.357443199757 -0.061810641759
0.685516255937 -0.197765239488
0.761462472896 -0.306376583565
0.549515031835 -0.365230482582
0.550224088022 -0.915708400903
0.714257103167 -0.645661406070
0.570541529787 -0.394145939188
0.485119939756 -0.437876965538
0.289214924862 -1.000000000000
0.447790738286 -0.609706245471
0.336557459160 -0.343403112813
0.280509445812 -0.447959160088
0.037915065033 -0.970045270295
0.193875490261 -0.594505050079
0.132966118715 -0.363777919387
0.087342373021 -0.434592321235
-0.191097229120 -0.876774641449
-0.068548112648 -0.578490328281
-0.045533207498 -0.398576322801
-0.064781755643 -0.431415101220
0.380303066709 -0.026270282033
0.730607162591 -0.162338456678
0.811877590529 -0.290828320969
0.582319195472 -0.363316994311
0.601465738654 -0.904667852418
0.685355288643 -0.605433458623
0.565623945770 -0.348923203419
0.517889342695 -0.400396372610
0.326440745273 -1.000000000000
0.370209045561 -0.585754227209
0.303369727612 -0.311410425440
0.287986701518 -0.414671635646
0.049399318220 -0.972338239592
0.093882908350 -0.562767553283
0.077975611219 -0.332899010337
0.078775073016 -0.418038084417
-0.203445505992 -0.883361439681
-0.185069307983 -0.571352190900
-0.134572662310 -0.382364034217
-0.111191239091 -0.421215275123
0.368563678821 -0.026861457180
0.722129470724 -0.158450063248
0.809130243582 -0.282013671748
0.574887474662 -0.365905908752
0.594762250812 -0.909529822948
0.668094587706 -0.600864461712
0.545356342133 -0.352263966230
0.506472186361 -0.406198786202
0.320163598678 -1.000000000000
0.373434447733 -0.590153607674
0.300656628629 -0.317025634983
0.292737017946 -0.420798516937
0.041694053528 -0.970487207472
0.107933358347 -0.574019604853
0.082383200760 -0.340116555632
0.084641598966 -0.419934671449
-0.212511020507 -0.879873475372
-0.175850720860 -0.579475451238
-0.129301241140 -0.382165671580
-0.105615685258 -0.414795111482
0.382615267126 -0.042576439214
0.733578083022 -0.172359895501
0.814298900631 -0.288444377228
0.565054820199 -0.356083759026
0.577676650175 -0.921013075203
0.674621178955 -0.611721932447
0.548097963386 -0.363414499480
0.498622087975 -0.417637417112
0.293140249186 -1.000000000000
0.370643362676 -0.595766538766
0.296435614184 -0.324362238468
0.283956050176 -0.431074981114
0.013752713867 -0.961512886125
0.108292956205 -0.588759118573
0.081259895287 -0.354728947322
0.070475309421 -0.426421898447
-0.239001520325 -0.859936500861
-0.187976807362 -0.584025300600
-0.142000725312 -0.399383783676
-0.130643200952 -0.433661290504
0.406187805353 -0.066252215527
0.752607657056 -0.192202284350
0.846538628224 -0.304846713858
0.620566113527 -0.361480627062
0.586631203644 -0.927492360010
0.742179426672 -0.638023145002
0.595321312228 -0.410358797256
0.528222804863 -0.490233167080
0.299707828314 -1.000000000000
0.461689437292 -0.621475541555
0.366161879482 -0.355440320193
0.331107198808 -0.475032941641
0.028623796818 -0.957311699388
0.193782565675 -0.620322451202
0.154019109540 -0.382206978905
0.117481937743 -0.453577104082
-0.214429100696 -0.852943698803
-0.115804867054 -0.591081095705
-0.066401757388 -0.408157704528
-0.072423381950 -0.445841377829
0.385666753294 -0.068334488815
0.738597970710 -0.190505605403
0.840686256125 -0.312710759264
0.626814021163 -0.381676828578
0.583635597970 -0.935143931334
0.773353303547 -0.668431268126
0.628003224632 -0.437473498989
0.539076858325 -0.483112943045
0.306327383975 -1.000000000000
0.501581567077 -0.638997347677
0.398614363649 -0.367693056415
0.345167105464 -0.463721530737
0.041321416842 -0.952128026032
0.238792392871 -0.617183742210
0.186462481692 -0.373855945817
0.133881282994 -0.430224946661
-0.199680793416 -0.840359834481
-0.057541479827 -0.587157195029
-0.026366195711 -0.397043144323
-0.052603049786 -0.422368009603
0.395276616780 -0.076738714322
0.736590549477 -0.196485525732
0.838040298058 -0.313849743152
0.638490056430 -0.384502183593
0.579685870088 -0.945160563184
0.814506756146 -0.675040351805
0.660652798900 -0.459057116069
0.554911464720 -0.505067566503
0.300703305841 -1.000000000000
0.550647446394 -0.645752435890
0.420019756826 -0.384634809069
0.345771342164 -0.491480515086
0.040632563009 -0.945030648210
0.284627971881 -0.612845180810
0.206354483273 -0.378325139424
0.129867740546 -0.442788559061
-0.195595094421 -0.824166731908
-0.021091569025 -0.578585700578
-0.005619689387 -0.402646659887
-0.050466683249 -0.441539963321
0.399607477697 -0.079013760985
0.737147811724 -0.196542782396
0.837522965320 -0.313655206402
0.643989822462 -0.380667012448
0.575394141251 -0.943127221389
0.815501834364 -0.677905237046
0.665451800537 -0.466751482980
0.558785254624 -0.513208257257
0.299525485239 -1.000000000000
0.559456103910 -0.648963037860
0.425269643154 -0.389242856226
0.340820954749 -0.492620144233
0.039814234286 -0.946691820999
0.286811717280 -0.618318348971
0.205528431232 -0.379360114182
0.121909918819 -0.439085364922
-0.198608285421 -0.823899986937
-0.026010671661 -0.582299025241
-0.013120889620 -0.403854456816
-0.061856329282 -0.438706880140
0.400710889746 -0.082528229771
0.738144985232 -0.196299166730
0.843761515682 -0.314265163650
0.667225568339 -0.382765562856
0.590842809827 -0.942580536746
0.843275737842 -0.682050253742
0.688389588187 -0.469156497923
0.574931428779 -0.509215873811
0.321231795230 -1.000000000000
0.598407538781 -0.645673407353
0.451053600164 -0.389054171011
0.356199836112 -0.492810792829
0.065953881425 -0.947347916167
0.329432614428 -0.615030332185
0.237188330141 -0.384049066548
0.144319237335 -0.444308911653
-0.170637263835 -0.823007391625
0.012947190553 -0.578805789093
0.018444211441 -0.409552527560
-0.036360172663 -0.447780655378
0.391795365999 -0.085580803738
0.728324407715 -0.217959335324
0.842495834499 -0.353220713903
0.669158149668 -0.440521352482
0.571235161090 -0.942724329187
0.832377411293 -0.712188162981
0.690506097206 -0.489719954996
0.578282749630 -0.515598360334
0.308548629695 -1.000000000000
0.590752885914 -0.683752903683
0.448123711894 -0.413444110230
0.345767316564 -0.515608701503
0.059679951498 -0.953295958216
0.322232950501 -0.654458342510
0.234100586496 -0.414489306924
0.134114206472 -0.480690021868
-0.172978124037 -0.836769330260
0.016724214039 -0.624715171590
0.017513179553 -0.452109616881
-0.049597229946 -0.495306032730
0.384607716828 -0.086377668502
0.726627570201 -0.223552239108
0.839251062697 -0.368978068726
0.651535465968 -0.450880214204
0.560873316427 -0.946171573002
0.830906836510 -0.734082285465
0.689346620761 -0.495053544892
0.573702209950 -0.507418508731
0.300070938445 -1.000000000000
0.582272160602 -0.707273633166
0.444765099505 -0.419649421894
0.342164597128 -0.516417747776
0.053328805663 -0.953991875402
0.316701723983 -0.676266382221
0.234934436516 -0.423192842920
0.133860951916 -0.484253494178
-0.177776223519 -0.840877844097
0.006618752118 -0.645178933185
0.011251623218 -0.469361857986
-0.054185158155 -0.513175224054
0.385710686458 -0.085360230377
0.725904869013 -0.217342713168
0.843064101241 -0.363827175914
0.664726124727 -0.462622269200
0.578828509708 -0.943672733987
0.839262995600 -0.736442577847
0.689830075866 -0.499605662854
0.573596846817 -0.515090585228
0.320036375288 -1.000000000000
0.598461192370 -0.713158666457
0.450708144763 -0.423336909315
0.347950919692 -0.520226595134
0.072991332564 -0.958282585825
0.335264824238 -0.689478443150
0.247099348934 -0.431187365808
0.146609161326 -0.485811391567
-0.160866351921 -0.848807682453
0.023254413244 -0.654683096106
0.029275902376 -0.473911419658
-0.032683123423 -0.509341285408
0.379120430525 -0.080393386800
0.728948761477 -0.217129899289
0.851224085773 -0.371172792489
0.664078106513 -0.470525486506
0.580356381293 -0.936812805233
0.840126416124 -0.751163557706
0.698933312093 -0.489868124319
0.582363141851 -0.477975914891
0.324645668115 -1.000000000000
0.597368294411 -0.735241772083
0.455947349294 -0.428182141773
0.352264554532 -0.503804805074
0.076482336093 -0.963560319807
0.336695026493 -0.710619626526
0.251259265897 -0.439577141549
0.149997427868 -0.480117214531
-0.157441342951 -0.858000532680
0.031646346826 -0.674497314197
0.031081141628 -0.485167346207
-0.035358679617 -0.515091650861
0.382461664743 -0.081731586150
0.726110108285 -0.213055375510
0.856778474102 -0.361476421507
0.694957126335 -0.467736157308
0.580904527338 -0.940894254390
0.846357260578 -0.736603541122
0.698500199154 -0.487669186792
0.582416972803 -0.491983625103
0.329462174334 -1.000000000000
0.613085885673 -0.721836106133
0.459906394036 -0.421016918227
0.355563465290 -0.507633541819
0.083898456734 -0.963067746603
0.354219420618 -0.699538434975
0.258369416469 -0.428307407911
0.152980971730 -0.473014199270
-0.151988122586 -0.857540104963
0.041026310482 -0.672309299674
0.042527690085 -0.480107500277
-0.022344056258 -0.506571343830
0.392687458000 -0.080008849442
0.741569927165 -0.208788445100
0.884742547534 -0.358164212897
0.728510889702 -0.471206668120
0.609944941270 -0.938163394248
0.879483608443 -0.730132575891
0.724797170991 -0.479626445066
0.606312082954 -0.484211631240
0.356629748790 -1.000000000000
0.640603084615 -0.718470221778
0.478916614685 -0.414548517744
0.372966896792 -0.508174684569
0.108977881083 -0.965538090771
0.377471975930 -0.701605179284
0.274743113390 -0.430741062917
0.167498289878 -0.486650124605
-0.128218971958 -0.863080248668
0.059219692168 -0.675152278706
0.053447130527 -0.486559219441
-0.016003661653 -0.527995149381
0.380433799052 -0.073682901175
0.731243760103 -0.202785417097
0.873530434064 -0.355127005936
0.711763895852 -0.476326386993
0.597174531615 -0.939665847745
0.867062743405 -0.740625692359
0.722979936800 -0.482644736003
0.601440451666 -0.469338710137
0.348977868786 -1.000000000000
0.618346514467 -0.724224828623
0.462606069329 -0.415630412059
0.356318000336 -0.494600637746
0.101464774821 -0.965348263465
0.357604144901 -0.701885712428
0.258932794073 -0.431846898722
0.154581335495 -0.481119308728
-0.138972003503 -0.864969943890
0.046585184519 -0.687991771968
0.039557683222 -0.496864077423
-0.028187973708 -0.530453471822
0.391257839443 -0.079505426456
0.741224062316 -0.212829326991
0.888691716026 -0.367204621033
0.731793273928 -0.478291033178
0.602025940700 -0.940599503798
0.875191923111 -0.723304131868
0.721513366092 -0.480632436497
0.605678092584 -0.493082725814
0.353974827328 -1.000000000000
0.633583260619 -0.709683078061
0.470101126977 -0.414327232005
0.366628013972 -0.513663777851
0.108211042038 -0.965203401638
0.371575961006 -0.698510991640
0.269388087799 -0.435858140087
0.164430523666 -0.497195417771
-0.127812833834 -0.866062381127
0.054982662415 -0.680771339906
0.053817971442 -0.495356273297
-0.011195123896 -0.537406032233
0.389594588285 -0.078811112585
0.741612814975 -0.211671346136
0.885058444860 -0.367080449227
0.718254422507 -0.480292649288
0.590419512879 -0.942049187064
0.867728691962 -0.738906276204
0.721298427182 -0.483263619042
0.602555503229 -0.478580806612
0.345118045476 -1.000000000000
0.625152179736 -0.724893662606
0.467855563332 -0.423266503858
0.363340867871 -0.508321534536
0.100697033594 -0.965928137296
0.367458405992 -0.707157781729
0.265734931129 -0.438813481490
0.158609310834 -0.489447620749
-0.136525266309 -0.868252256057
0.054404835088 -0.696092675890
0.048016108552 -0.504365665540
-0.022889993495 -0.535878657083
0.391281870207 -0.077640547014
0.741867343595 -0.210705526449
0.885871635901 -0.364212863555
0.731799937015 -0.484582884009
0.586088732381 -0.948824504312
0.881181317021 -0.770408034075
0.741629655078 -0.502339157847
0.614279506682 -0.480071255658
0.341822299840 -1.000000000000
0.638799426986 -0.745417911255
0.494481270471 -0.429897474560
0.384652549139 -0.503823565900
0.099302479209 -0.962768600431
0.379494148447 -0.720812568989
0.290831750758 -0.437989318013
0.180746848369 -0.478413670907
-0.138430827403 -0.863825983503
0.071417255957 -0.703922305884
0.074136168291 -0.497828420192
-0.000080671585 -0.515528071230
0.393210528632 -0.076012616803
0.748581458478 -0.215345916858
0.891616155448 -0.374012253442
0.729625508755 -0.493227767610
0.585209159649 -0.944747323123
0.874748985362 -0.770147875970
0.731444005545 -0.496312159459
0.609012125480 -0.476369846266
0.341499000502 -1.000000000000
0.634710280859 -0.746693828404
0.486218404252 -0.430510533049
0.377154713872 -0.505893348584
0.100244867814 -0.964177154697
0.376941021495 -0.719178569881
0.287676563327 -0.438538947209
0.180604519687 -0.481824829855
-0.133758843000 -0.865071254583
0.072684294683 -0.697908745584
0.076923512234 -0.491242582319
0.007172631091 -0.510135100037
0.395950806962 -0.073803435394
0.752777359363 -0.210679076253
0.904233364949 -0.367092991557
0.761193251311 -0.486659876672
0.585011446178 -0.946144199565
0.868532034890 -0.765524408646
0.726333816035 -0.495358310139
0.603288321503 -0.473954039319
0.347949052887 -1.000000000000
0.629509464716 -0.743725165409
0.482322352922 -0.431302748140
0.372806425020 -0.498144380881
0.106570569445 -0.963464414857
0.378625328767 -0.720261613838
0.285795181634 -0.438968549016
0.178111932534 -0.474448709801
-0.130332748345 -0.865310331559
0.075519099480 -0.703272579479
0.074784500019 -0.498562272393
0.004092756297 -0.515502030696
0.404831676026 -0.082219388914
0.765193129239 -0.227863630008
0.922499938881 -0.383208088870
0.783094234880 -0.500547402604
0.583463585715 -0.944341945683
0.875155323691 -0.765883494352
0.734066214990 -0.497912789655
0.614629074463 -0.486272807490
0.348296855476 -1.000000000000
0.646552856666 -0.749387947042
0.501035632264 -0.440997764963
0.391376450657 -0.515462156766
0.112008250206 -0.964801276613
0.398958877638 -0.725168363733
0.309019047936 -0.445498800003
0.198565366985 -0.489109555893
-0.115163999570 -0.868884894962
0.103604592430 -0.700488678004
0.099534813528 -0.492375064936
0.019942254989 -0.513805864187
0.409313636472 -0.083494714383
0.776405527388 -0.234338698359
0.939815319251 -0.390479625366
0.798691572267 -0.499697106024
0.584549812993 -0.949610388624
0.892506912188 -0.773096535670
0.744353814585 -0.509616235168
0.617601090680 -0.495617307034
0.359123296894 -1.000000000000
0.668120962706 -0.751685911539
0.510876447900 -0.449046551520
0.393560534398 -0.520127738115
0.129522703128 -0.963674552540
0.419408668112 -0.726248259166
0.319017865071 -0.447864461431
0.206276766338 -0.489955524509
-0.094394341761 -0.868677396719
0.128913245268 -0.706155764825
0.118716974781 -0.496820657281
0.038009365859 -0.515052508161
