0.318543053977 -0.057522735913
0.622050940572 -0.186134928767
0.678556584964 -0.332099151433
0.453525820696 -0.436885780143
0.551467929872 -0.928065528206
0.676816334737 -0.687120275544
0.570245533838 -0.447819954897
0.499781775880 -0.459011866740
0.272466565772 -1.000000000000
0.416260346540 -0.673166319028
0.332062199879 -0.377323696368
0.289285989323 -0.472095614161
0.012184774902 -0.954355593033
0.136580921426 -0.635227066879
0.111893588259 -0.386674287085
0.083711729842 -0.442183625204
-0.229719664517 -0.835627101042
-0.158242090289 -0.606975378424
-0.108099503480 -0.442096075216
-0.096723799648 -0.487503404372
0.309947545710 -0.054227851675
0.610684992592 -0.171564338876
0.684726025978 -0.312772949938
0.482774818793 -0.416050908071
0.547961571780 -0.924835909380
0.667825416352 -0.697771425457
0.569994747381 -0.464955904933
0.495970730659 -0.468120749051
0.271192945946 -1.000000000000
0.398582835266 -0.677857717808
0.328857227685 -0.391993983248
0.287074597776 -0.473798656543
0.009500743437 -0.954701046793
0.109871659900 -0.634353299367
0.097066790956 -0.397205166208
0.075877471686 -0.449269519315
-0.236070638041 -0.834752586863
-0.181662409736 -0.608151126348
-0.125323981316 -0.448660110061
-0.107705353583 -0.489687327746
0.318683704879 -0.055672365283
0.617358598943 -0.178322536320
0.680420453767 -0.314483318682
0.466803656680 -0.407140562957
0.543985614815 -0.925653929947
0.671830142933 -0.690708741478
0.567719434449 -0.456166152050
0.489571749040 -0.467921916458
0.265045772725 -1.000000000000
0.409091073433 -0.670773006749
0.332236298797 -0.384833896313
0.283329936869 -0.479785125682
0.006435799830 -0.955595048402
0.125407666090 -0.617675871659
0.104725347274 -0.380077740535
0.072688501954 -0.447348275989
-0.234458028742 -0.838438854904
-0.160193584422 -0.593249530631
-0.111104744956 -0.432853689638
-0.108278512445 -0.486644622189
0.317906539673 -0.062978297016
0.614420302960 -0.183190039951
0.684971204825 -0.320281568580
0.479161569339 -0.421371620207
0.542493736776 -0.928375652741
0.671478586653 -0.696666402214
0.571389523069 -0.464677746575
0.501598227153 -0.480691889087
0.260481098864 -1.000000000000
0.413750354436 -0.676886314545
0.332743122074 -0.384273029550
0.287474623372 -0.482671692199
-0.000754393806 -0.955345679878
0.130239353202 -0.635633559425
0.104647980958 -0.390734080541
0.071791135877 -0.450736713101
-0.247905049085 -0.837231525971
-0.170727888343 -0.613094025844
-0.119543434956 -0.452960290766
-0.114158520875 -0.502506379216
0.304616177710 -0.059530151773
0.596549338408 -0.181394417288
0.657958745358 -0.316246534661
0.447750824911 -0.418697058671
0.532832181616 -0.933155533553
0.654276411834 -0.707312191330
0.559771233159 -0.474004114952
0.492064995074 -0.479089045846
0.248449879100 -1.000000000000
0.394685076294 -0.682204699426
0.319750796344 -0.388280951455
0.278437364123 -0.474810985711
-0.014714030716 -0.948179882826
0.106086437279 -0.631771514912
0.087845062280 -0.390453138848
0.066629730256 -0.447217714633
-0.261062415540 -0.823202399519
-0.190201215441 -0.600552617838
-0.137510484676 -0.442521362085
-0.123190941113 -0.492180960694
0.313683671322 -0.061226295132
0.613724392488 -0.188822141981
0.677632998964 -0.325386885065
0.463207339055 -0.416277980081
0.538722837402 -0.934282309849
0.666021858224 -0.712322426995
0.578872105288 -0.482079160519
0.509750645743 -0.489260472359
0.256373729206 -1.000000000000
0.405628783406 -0.682344825336
0.338030288661 -0.395570094621
0.290695417577 -0.486314348704
-0.005004658461 -0.949119489769
0.120563882773 -0.624669735370
0.106558843954 -0.390610771598
0.078075187316 -0.451292786541
-0.250016400636 -0.826090242930
-0.171678208296 -0.597841693239
-0.116802528519 -0.442890859458
-0.109137567859 -0.492094935721
0.311670507118 -0.063484105182
0.608587630544 -0.189392189138
0.671160365731 -0.327906146711
0.459159350598 -0.426263709098
0.533798080212 -0.936017680907
0.665176069285 -0.720950413181
0.574896135923 -0.494148956607
0.503399027131 -0.500935130577
0.254581916545 -1.000000000000
0.404274511905 -0.687047221882
0.330957359360 -0.400320944802
0.281348465285 -0.489564428083
-0.004879682141 -0.948102211959
0.119677587435 -0.622351453389
0.102169324313 -0.389331043555
0.074226036947 -0.454488753156
-0.249185062581 -0.825028462144
-0.170357645633 -0.596393901922
-0.120846911411 -0.440843227678
-0.114921932163 -0.492796751979
0.314680835465 -0.067597167517
0.609431390109 -0.195271270573
0.669030923624 -0.332100352152
0.454781813930 -0.420566648311
0.528670501052 -0.936539308207
0.668532757782 -0.713366688893
0.570303737350 -0.492538640283
0.495039582012 -0.510200567287
0.250025125877 -1.000000000000
0.409855958372 -0.679726693454
0.330188961930 -0.393522708467
0.277011871972 -0.495525894656
-0.005140308907 -0.948093937500
0.133830885793 -0.619349242065
0.112368309839 -0.383757124507
0.076133666101 -0.456164783645
-0.242345082960 -0.824977057225
-0.152515752008 -0.585409352446
-0.105097823898 -0.427037996667
-0.107743407788 -0.482811351268
0.295644608750 -0.066982943126
0.577627146731 -0.198461183228
0.629516956451 -0.335619240023
0.420909500946 -0.429624141963
0.505177214529 -0.935536139774
0.631583496356 -0.718848951895
0.543670094450 -0.494567595411
0.469525826976 -0.494857593346
0.227305742507 -1.000000000000
0.369925670767 -0.688830022828
0.304477685898 -0.407574307401
0.257433359876 -0.487513091031
-0.028439130794 -0.946455719570
0.093577378374 -0.626329009968
0.084713676794 -0.398899713718
0.058590955273 -0.456431648523
-0.266448802672 -0.819602398210
-0.186142932021 -0.590493550897
-0.133580278353 -0.435317727464
-0.128419533595 -0.479768684000
0.299304797431 -0.055746715955
0.599801644533 -0.190457097499
0.661512850435 -0.333463170822
0.445636521306 -0.425233947599
0.530160950972 -0.928159695829
0.657621844999 -0.702471510745
0.566079216774 -0.472930657666
0.493642500315 -0.480120151168
0.253257616890 -1.000000000000
0.388207689002 -0.680511865998
0.324910862903 -0.397196391183
0.280666031448 -0.485642822512
-0.005542125556 -0.953215680217
0.102663585397 -0.619669737230
0.094414347175 -0.388329186058
0.070978017659 -0.456719793590
-0.247828545997 -0.835232800535
-0.174561293766 -0.592695800062
-0.119404484971 -0.433908445911
-0.110329197274 -0.486346355318
0.299418442790 -0.068000758794
0.585379461640 -0.198924889284
0.646245115023 -0.336016630796
0.438081524067 -0.427787549272
0.515476575853 -0.936825464623
0.647386841160 -0.714177538977
0.561519554732 -0.486599742714
0.485827209511 -0.490262948127
0.235507490037 -1.000000000000
0.384417181749 -0.690182850534
0.321134700625 -0.404681213752
0.272364514830 -0.496349449187
-0.019414968600 -0.945459879012
0.110740204114 -0.637044859231
0.102773269660 -0.405695630596
0.071626161100 -0.467436098488
-0.255073550544 -0.816825869570
-0.168387652099 -0.597810657776
-0.114733594155 -0.444529705649
-0.113880794632 -0.493902531619
0.295838544314 -0.071605455130
0.578971815230 -0.208473610198
0.629425613633 -0.351529150375
0.412080285714 -0.441597633313
0.495153990286 -0.937258548767
0.626224943034 -0.717425815325
0.541617378749 -0.492242070575
0.468032732157 -0.502067646564
0.216915150417 -1.000000000000
0.366739248868 -0.693695202679
0.304226263524 -0.406777393043
0.253339866063 -0.498409184926
-0.034648934792 -0.945358298236
0.096324608959 -0.636638644395
0.089140090053 -0.400184709955
0.056100786207 -0.460824505448
-0.264049348632 -0.816024069005
-0.175126456426 -0.592474639437
-0.119137452316 -0.434251182690
-0.118862410554 -0.480698518588
0.287182532373 -0.073764466661
0.565504133618 -0.207284282975
0.613784218720 -0.341534682400
0.398320064004 -0.419900843197
0.484032060377 -0.942495403321
0.605216732379 -0.728184730494
0.533634141774 -0.501203261297
0.468041915716 -0.495962793719
0.204201067266 -1.000000000000
0.331345421921 -0.690694287609
0.284296388831 -0.407370947527
0.241833826938 -0.483576748930
-0.050530169369 -0.939400780241
0.055042768004 -0.624238130208
0.059489518573 -0.400208731288
0.040429453690 -0.459597196288
-0.286062879239 -0.804555152062
-0.219787784350 -0.599104348297
-0.159193953590 -0.454631331666
-0.147809633320 -0.501159952622
0.281534450545 -0.065853465558
0.560989955474 -0.193029935391
0.609129179947 -0.328834430139
0.393998998507 -0.419503276454
0.479869444163 -0.935761888381
0.599855696855 -0.703777880379
0.520219810048 -0.478051446834
0.452071774839 -0.484316326587
0.199863449894 -1.000000000000
0.331793703099 -0.675866468395
0.279692966299 -0.390425373788
0.237220765647 -0.481008323971
-0.053222138886 -0.946251231811
0.060282745951 -0.619772877195
0.061371077830 -0.385555334106
0.037835459105 -0.447943968857
-0.288737314487 -0.816744961953
-0.215695045716 -0.594065307807
-0.152809336686 -0.441896127068
-0.143477725438 -0.490061705590
0.272645092506 -0.066043347674
0.549855916044 -0.190345743281
0.598525946696 -0.319075740041
0.392193491762 -0.401096968243
0.474633584561 -0.937258819710
0.585564548650 -0.714676224240
0.514849021232 -0.486513625257
0.451044898269 -0.482576210922
0.189941333215 -1.000000000000
0.317832967158 -0.680644475674
0.277155698311 -0.396158745920
0.240378776835 -0.472272426968
-0.069293676752 -0.943729855977
0.038299359839 -0.621792950363
0.047673182809 -0.392445277817
0.033937021884 -0.445259521606
-0.310306868908 -0.811612271493
-0.240247220800 -0.600703274332
-0.172306250571 -0.451574686544
-0.153978696872 -0.491276611139
0.278597838538 -0.065073877691
0.558638202941 -0.183720546725
0.609271695365 -0.310816897679
0.399062791523 -0.394269017111
0.474866739290 -0.937933350587
0.587154730881 -0.708041383544
0.514069321649 -0.481393294133
0.446096950802 -0.482010436164
0.185746952106 -1.000000000000
0.314104871213 -0.671286946369
0.275947911463 -0.386779053041
0.239880832726 -0.473465781539
-0.075807799638 -0.941436627687
0.034674627201 -0.610005597251
0.048481419736 -0.381027245972
0.034243217597 -0.440500984033
-0.317040639250 -0.805721955066
-0.243704216395 -0.577891702226
-0.171444953346 -0.427489362214
-0.153538726355 -0.471740624605
0.272107209665 -0.059450282604
0.553283120870 -0.176959769622
0.597541948333 -0.298023642397
0.378474553010 -0.379918089694
0.469552908769 -0.936252156195
0.584108861543 -0.706016186189
0.520502696024 -0.471787116008
0.453238801514 -0.460656916731
0.178595021923 -1.000000000000
0.305596954050 -0.671840526825
0.269702189500 -0.381540873015
0.230095784770 -0.453110278205
-0.085421393227 -0.940816529365
0.024023891696 -0.604133236987
0.038062430208 -0.371225878727
0.024666064362 -0.424970331695
-0.328855476326 -0.802512656923
-0.252656003792 -0.577558329103
-0.182095133317 -0.418990910840
-0.163766700615 -0.452400635845
0.274950511864 -0.060139475564
0.553970342002 -0.171230118202
0.601644066562 -0.289092122517
0.398626928916 -0.373135563613
0.468618448984 -0.932022971202
0.581936124345 -0.695670684295
0.511830483659 -0.464684157045
0.437162477714 -0.448825449193
0.167582849458 -1.000000000000
0.292322506673 -0.663793770269
0.263726191514 -0.371850476902
0.234572472557 -0.437293732823
-0.101677208272 -0.943858927239
0.003763930842 -0.602560064891
0.024601683582 -0.367833258954
0.020991799179 -0.413323237922
-0.350179774818 -0.804212305179
-0.281335199763 -0.595976608716
-0.206115282895 -0.444085508317
-0.180097339477 -0.470469137813
0.281972526198 -0.061750548111
0.564850181693 -0.178051915310
0.608057771046 -0.293329415646
0.402769977810 -0.370881397685
0.462197151416 -0.939016067615
0.597780447470 -0.680815316070
0.516570149580 -0.447093056042
0.432515532419 -0.437124360435
0.161185676156 -1.000000000000
0.308576999171 -0.646905750792
0.270381505189 -0.362202260556
0.229712746833 -0.434750995457
-0.104249952691 -0.936315236497
0.024446890688 -0.589012501818
0.036651171659 -0.363582829422
0.020405246586 -0.416283960239
-0.346347696461 -0.791304984984
-0.265475588604 -0.585013182439
-0.195504258100 -0.440131739983
-0.178338524636 -0.473685826514
0.290364891620 -0.059352594372
0.578566687479 -0.180357445350
0.622991594144 -0.298388588852
0.408603874892 -0.374892784946
0.479916307575 -0.936176226645
0.612626536546 -0.671892032671
0.522341493800 -0.430428474561
0.438920655408 -0.428389252768
0.178717386568 -1.000000000000
0.324044453709 -0.645944647009
0.277464262055 -0.360213414709
0.237785538648 -0.444214365670
-0.089008713730 -0.941230284512
0.040533514804 -0.587445867686
0.047358095760 -0.353919884908
0.030367550537 -0.413171183327
-0.332810621804 -0.804050422441
-0.244647708946 -0.567433326515
-0.172531092162 -0.409603735111
-0.153126367394 -0.447066273915
0.285448155638 -0.054460340781
0.584119150580 -0.167671613873
0.643200307214 -0.283646665114
0.432148424679 -0.370209239136
0.501618290863 -0.934599800911
0.627036811549 -0.690755260587
0.550880728701 -0.446816877338
0.474513060847 -0.433818959256
0.204608409501 -1.000000000000
0.336096989131 -0.662975674739
0.293180388533 -0.369291364787
0.254188795815 -0.442790563146
-0.065363942522 -0.944417214634
0.050176804802 -0.597854190362
0.056995323270 -0.360434158727
0.043882762657 -0.419406912712
-0.315627241056 -0.812149587825
-0.235819726313 -0.590052992500
-0.166463890906 -0.425663189299
-0.144362882802 -0.457262561493
0.268075207793 -0.056437904219
0.548197464215 -0.167491184272
0.588712937288 -0.280992393907
0.376002696228 -0.362302685922
0.455759847883 -0.937015541766
0.578164422792 -0.696398806322
0.508601998807 -0.473705097712
0.438847380330 -0.462204637587
0.158057948339 -1.000000000000
0.291392593193 -0.648759264742
0.252620876289 -0.376534388444
0.217306798188 -0.447976699616
-0.113206441252 -0.937599290030
0.001045492695 -0.581145137524
0.008225503237 -0.366188066762
-0.003623198086 -0.429737571942
-0.366283840175 -0.799073896191
-0.291474927565 -0.578077392852
-0.229635823823 -0.429110713499
-0.214039410881 -0.466138593277
0.264011569675 -0.046343450084
0.544093517942 -0.171192051352
0.579409596606 -0.289368496569
0.376669293050 -0.376914704583
0.466929736639 -0.931903095699
0.574170420084 -0.665994582800
0.501136747024 -0.431137303796
0.431001168343 -0.423889349935
0.173488927443 -1.000000000000
0.288700289726 -0.634754374031
0.256365281718 -0.362003675657
0.221836918120 -0.434310906596
-0.094399824711 -0.944997159981
0.000611290553 -0.574601968672
0.015773726409 -0.355511381479
0.008751359306 -0.422139293908
-0.343660042834 -0.815907175925
-0.274644364114 -0.582240342706
-0.208467265479 -0.424985308283
-0.188621226443 -0.458999226954
0.261099836829 -0.039568517907
0.542317989933 -0.164297968713
0.569556134306 -0.278597213183
0.366197061590 -0.360152084997
0.465226073465 -0.931569198149
0.553239942968 -0.669137242134
0.495922722356 -0.444133826887
0.440911307069 -0.436483918308
0.162925643821 -1.000000000000
0.259832543238 -0.622664493117
0.242765953923 -0.353263358315
0.219836249651 -0.426832473692
-0.112417837220 -0.941044966622
-0.035097464448 -0.548041687131
-0.009477314847 -0.336421644229
-0.004626341891 -0.414637570596
-0.365018196134 -0.808469787549
-0.311359572602 -0.563531830283
-0.244816648352 -0.415537559840
-0.218351487145 -0.463692233955
0.269216425472 -0.033120152788
0.553451574767 -0.150936533103
0.571175419620 -0.259001419561
0.347014361049 -0.328748478234
0.460388073676 -0.925432951012
0.546493664273 -0.620259382906
0.466729040859 -0.394665105803
0.402010979346 -0.409576017415
0.156873124035 -1.000000000000
0.255690498496 -0.594457587410
0.222730857172 -0.337479095041
0.193625582872 -0.426790690938
-0.118484574657 -0.943165123152
-0.036901545426 -0.523995951008
-0.014241751788 -0.312041286445
-0.009977376533 -0.396789046601
-0.369245400004 -0.811536067560
-0.306814767658 -0.524750716946
-0.232346901882 -0.362841475318
-0.201012489421 -0.405122608734
0.273769274468 -0.020526888435
0.581038603425 -0.129954730787
0.635677168474 -0.228928977946
0.429523005572 -0.300726002464
0.507688055492 -0.931065622973
0.606770195724 -0.639502845142
0.528708088914 -0.415174554974
0.466592344799 -0.427467845772
0.212689963844 -1.000000000000
0.319594975604 -0.589874285455
0.275497817268 -0.324855618062
0.242293553186 -0.409369698410
-0.060294560563 -0.942015180205
0.022229111925 -0.507038121468
0.030575150161 -0.286399846817
0.034544456212 -0.366659374528
-0.311212033993 -0.815350725326
-0.247872441976 -0.516908828462
-0.179029297175 -0.344344221801
-0.142698629094 -0.379529637716
0.265077963681 -0.023717410602
0.572753398046 -0.120383329474
0.630447969535 -0.211794901484
0.423703017555 -0.267852766360
0.494928983577 -0.933593493699
0.593752613263 -0.640220285995
0.516613918962 -0.398595109902
0.463156290807 -0.401611739902
0.195287844870 -1.000000000000
0.308441884251 -0.578241692236
0.265782579749 -0.305733177020
0.239706156686 -0.393251389452
-0.081629646783 -0.936360456589
0.009592926018 -0.502844516490
0.012683893295 -0.280727146413
0.016863827296 -0.359504356510
-0.335580457940 -0.803345539281
-0.274250476016 -0.516879064629
-0.210332801032 -0.345651450240
-0.173413226809 -0.380397875297
0.269545394758 -0.022321908215
0.574987595548 -0.122693699906
0.622576085520 -0.215688017300
0.403934929698 -0.267370871613
0.496289734128 -0.934146036534
0.589716660839 -0.615831083602
0.506456093776 -0.380042726987
0.453008860881 -0.393596299567
0.193471432971 -1.000000000000
0.298840004714 -0.561982456003
0.256128238587 -0.298756087460
0.230742251776 -0.394745664791
-0.086590397196 -0.936503004417
-0.008524316306 -0.492722029915
-0.002413089073 -0.276118207586
0.002105012636 -0.360823274658
-0.344542676197 -0.804044827930
-0.296106385916 -0.521269117018
-0.234435994658 -0.361989122175
-0.201804147710 -0.409125793836
0.276589670572 -0.013643687760
0.590797054910 -0.092803558179
0.648649120374 -0.169181252215
0.447148649183 -0.221711397992
0.541421044502 -0.930622216649
0.643216548317 -0.590768410561
0.544420433576 -0.348918740532
0.481483954342 -0.363925581980
0.229503871935 -1.000000000000
0.343252504074 -0.538779542774
0.291426608438 -0.273381461686
0.264675124433 -0.370782813741
-0.060097181175 -0.935483196143
0.021834426725 -0.486249898064
0.019850450608 -0.264191135142
0.022223923067 -0.342391461612
-0.329021398373 -0.799150791079
-0.283790258725 -0.517390606666
-0.222814163687 -0.355974896025
-0.186604198602 -0.398558354114
0.255970660553 -0.004784438635
0.554922985752 -0.083045606195
0.604615867995 -0.154084054893
0.418565338237 -0.202631146460
0.507401230469 -0.924306574525
0.590978727558 -0.593977763513
0.506126592080 -0.343853153403
0.456615660660 -0.351987878243
0.200442741542 -1.000000000000
0.303319144936 -0.536246495379
0.264303795312 -0.268580294726
0.248158484898 -0.359839850522
-0.086476263565 -0.936520207719
-0.009858753919 -0.474034667773
-0.004468440335 -0.257035343087
0.004658334105 -0.341877324694
-0.350121531194 -0.800530597094
-0.298288311150 -0.489738857989
-0.235090370683 -0.317683065087
-0.197092373452 -0.356830046550
0.262285955586 -0.002527314195
0.571526885954 -0.076903057646
0.623839659117 -0.147480062057
0.439005640544 -0.206241018154
0.521989124905 -0.927664626214
0.630131409981 -0.590611391295
0.532231116949 -0.341344386982
0.470722491207 -0.349567759052
0.212650755918 -1.000000000000
0.333152665893 -0.534797829157
0.284482821120 -0.265093198672
0.263353720459 -0.353061878122
-0.077165918208 -0.934220977615
0.008645026096 -0.470448196522
0.008983244162 -0.246688857981
0.020127040572 -0.324113535380
-0.344144794452 -0.796362109253
-0.292167587963 -0.491507863881
-0.230561772170 -0.317140335599
-0.188242837423 -0.352288210511
0.276723965015 -0.007991386964
0.595689054076 -0.087176392361
0.654083103293 -0.165475442126
0.449967449868 -0.215403513424
0.549293320925 -0.925571766635
0.642929904902 -0.579898322194
0.547015350677 -0.343582002078
0.486246812670 -0.363011209335
0.239773118409 -1.000000000000
0.350484197203 -0.523304998840
0.297741126161 -0.266685953791
0.267921540376 -0.365931890248
-0.051427715697 -0.936651995683
0.030044878634 -0.451676300693
0.030148859949 -0.241117495652
0.032842340860 -0.333155014499
-0.320417635065 -0.802674558633
-0.263078822066 -0.468272887768
-0.196659596103 -0.301537978180
-0.156991595010 -0.348524224039
0.267600222539 -0.025598046847
0.563796319996 -0.126641235377
0.612465373972 -0.224156721164
0.398211812674 -0.276953851923
0.478037782668 -0.933324361407
0.567108324002 -0.614439435515
0.488192465571 -0.378782876572
0.437055497823 -0.389530998500
0.177573838180 -1.000000000000
0.286883602612 -0.563843359203
0.251400743964 -0.309228771398
0.230623284550 -0.401572837319
-0.099009882157 -0.932050498471
-0.011466708229 -0.486669140287
0.000574932446 -0.279892831451
0.006573441854 -0.363669381507
-0.349551873288 -0.792880705203
-0.291254801159 -0.484501136134
-0.227427947289 -0.327596293754
-0.194682001686 -0.375394032615
0.260764923758 -0.032829053884
0.553148084033 -0.153705861254
0.598180825131 -0.267790750364
0.382714936922 -0.323918179777
0.461833994155 -0.935556077440
0.537090372073 -0.642285765038
0.475716550392 -0.410296736996
0.437594306907 -0.423357187442
0.167966320644 -1.000000000000
0.256831128161 -0.603308011472
0.236030555408 -0.349852987841
0.219779310041 -0.439412275618
-0.104962150356 -0.936149365810
-0.036670390481 -0.522882192549
-0.013712284433 -0.312890417523
-0.001611786318 -0.393191117216
-0.354117184361 -0.805343260790
-0.305316494282 -0.509601931700
-0.235800563158 -0.348100496236
-0.202164010517 -0.391550234314
0.261946890780 -0.039539587568
0.555119391672 -0.167157663102
0.601593470087 -0.285900705986
0.392313134254 -0.346092921319
0.452552900604 -0.940621691128
0.545240950640 -0.668659089398
0.482726693136 -0.435526788815
0.436984642933 -0.441336945806
0.164692850855 -1.000000000000
0.266731638754 -0.626512543638
0.239508817886 -0.372404276174
0.213455775447 -0.452226791905
-0.103324732802 -0.934916271201
-0.019109189618 -0.534625488344
-0.002452212593 -0.326635700383
0.000798030116 -0.404969428480
-0.346834545553 -0.804756069133
-0.282958472164 -0.521677880749
-0.220509943507 -0.354570772297
-0.196746761460 -0.389700285821
0.261473766644 -0.054905532004
0.546216879988 -0.194132807639
0.591512050073 -0.323540529067
0.384137362882 -0.388289341312
0.444370552580 -0.943855131627
0.557336481297 -0.719478841379
0.500799823218 -0.488425417096
0.443207589229 -0.481187813658
0.161375412153 -1.000000000000
0.277053474682 -0.675815146281
0.250899011221 -0.397627163983
0.212869280020 -0.468955182219
-0.100337243089 -0.934133389159
-0.002344690428 -0.580347749225
0.015215288560 -0.361900525113
0.005479860978 -0.434937631932
-0.339647792451 -0.800574542198
-0.267955238433 -0.556324092973
-0.207671727833 -0.396016119747
-0.195428163810 -0.438077493414
0.273935889674 -0.058152780025
0.568711688053 -0.205127879776
0.618046972449 -0.336624364310
0.400153379717 -0.397173065009
0.466800625876 -0.941159477847
0.589015744111 -0.737542982401
0.536583930283 -0.490363872448
0.478624960049 -0.469601756455
0.180475456172 -1.000000000000
0.301801492248 -0.698653029857
0.280941344789 -0.404041355128
0.246622346561 -0.466658203547
-0.084806784821 -0.937515079009
0.014816428469 -0.596169906636
0.039156930175 -0.365254335624
0.035559333456 -0.431646027979
-0.326298923360 -0.805656668623
-0.255788723531 -0.566040409638
-0.182022495494 -0.401407431445
-0.155869399871 -0.443021789134
0.288843895190 -0.059652531779
0.587092449963 -0.206964894453
0.655859344395 -0.338300502889
0.440169423054 -0.417062066429
0.476826191262 -0.947724757128
0.601609621305 -0.716625481855
0.554516732720 -0.476571503365
0.503837832355 -0.473654391198
0.200387491380 -1.000000000000
0.339342231794 -0.670583001635
0.308549601059 -0.383727128946
0.269136174446 -0.474101925840
-0.053278553543 -0.936198996453
0.068278829814 -0.578430852875
0.081990748781 -0.347362556299
0.066455755795 -0.427588778667
-0.285714136259 -0.808692540911
-0.201990827826 -0.552411421270
-0.134510392064 -0.387959411747
-0.119882557610 -0.439321160856
0.289678077702 -0.069526148398
0.584606336200 -0.212205062633
0.641766129730 -0.348186387664
0.412688052587 -0.426117660054
0.458163710944 -0.951502854421
0.583150831372 -0.729413567690
0.524062547922 -0.496908006462
0.466831583013 -0.495559374367
0.178094000775 -1.000000000000
0.327022849348 -0.675097352211
0.292296613856 -0.391716784947
0.252893501149 -0.480416641727
-0.074699490321 -0.931708729010
0.060266196766 -0.587480564980
0.065896755042 -0.360063024840
0.041829185413 -0.432554313237
-0.302253821389 -0.797547478992
-0.209062456837 -0.543173027127
-0.147190354620 -0.381247189747
-0.140781075044 -0.430774026341
0.290805161722 -0.081213866817
0.577963497471 -0.229531769487
0.632166027794 -0.365416861349
0.410473538835 -0.444219903882
0.450608940895 -0.956288860081
0.587049282865 -0.736192528308
0.527883119412 -0.506583709962
0.466043705563 -0.503926099335
0.169050868845 -1.000000000000
0.326887563827 -0.686359166589
0.291280181351 -0.398445177035
0.248374393667 -0.489393304638
-0.081863300529 -0.931904793830
0.059079301407 -0.610065616878
0.067917457136 -0.378546331836
0.042990733092 -0.444769710737
-0.308417572460 -0.796974762819
-0.216625510693 -0.572357445524
-0.149483985395 -0.415287022523
-0.141124222578 -0.459632780540
