0.253494673116 -0.124776976330
0.492029053863 -0.409493406656
0.402165185861 -0.566537405556
0.112538109768 -0.542132833225
0.270372815982 -0.924747587484
0.375849508354 -0.997908068328
0.397624235586 -0.791021645321
0.376642135490 -0.686665869681
0.011206157876 -0.921006424763
0.102813639538 -1.000000000000
0.155721656497 -0.670709656571
0.133771654686 -0.597209211535
-0.217464176377 -0.855928499180
-0.130797175558 -0.853494424058
-0.042767204746 -0.551292875727
-0.048017970366 -0.484857739618
-0.448012200522 -0.732176707908
-0.351323208917 -0.738393351645
-0.237956669924 -0.544286718078
-0.207620469622 -0.490950321332
0.248701893899 -0.140689258549
0.479989886167 -0.424049864423
0.386615360502 -0.583200645415
0.096026599749 -0.555409601823
0.276301695399 -0.910953915249
0.419494709505 -0.985296407634
0.413269210324 -0.705473703906
0.354086749597 -0.620074693128
0.016784185876 -0.904863260373
0.149910730723 -1.000000000000
0.176292952466 -0.642648303343
0.120325216696 -0.611890480906
-0.205848761956 -0.832111644959
-0.098092340992 -0.881671979542
-0.020912810194 -0.567172904441
-0.048631940226 -0.517712248482
-0.428982093422 -0.709000275456
-0.326110282327 -0.735729305317
-0.225144155043 -0.537030762110
-0.218672547144 -0.499005433940
0.262473279080 -0.154502524229
0.502378740431 -0.444995695126
0.428109115656 -0.614144292510
0.140482948929 -0.595508586607
0.281808380134 -0.925796784815
0.421011258673 -1.000000000000
0.415524804850 -0.728829874262
0.360257313663 -0.659185319843
0.034658449859 -0.913523373060
0.184388883116 -0.999171668075
0.199325728107 -0.647616718175
0.132020732461 -0.636787868255
-0.182280634054 -0.842829802540
-0.044440071628 -0.886187500019
0.015981518926 -0.577691864202
-0.034526652365 -0.544673220374
-0.404110528852 -0.728888876629
-0.266097914504 -0.764645077011
-0.177928456029 -0.562762426435
-0.198182257135 -0.524094574204
0.301776872665 -0.174247296634
0.551526574013 -0.476823080243
0.484397607273 -0.646508666327
0.210780206747 -0.627233714000
0.317146049746 -0.996779840153
0.510872251553 -1.000000000000
0.455869455156 -0.708053498031
0.369577266779 -0.686724829219
0.054196582794 -0.994948959105
0.282218890123 -0.993961848195
0.258133676016 -0.643291949162
0.154499966564 -0.674957428103
-0.169838889770 -0.919329346707
0.041659064077 -0.877068543492
0.080686979953 -0.572938075847
-0.003903480124 -0.586233714939
-0.383847080642 -0.800377630953
-0.184025036020 -0.760517629194
-0.108381064037 -0.555646421504
-0.165092995717 -0.549413288691
0.292296465864 -0.164255107250
0.548176203704 -0.445740668341
0.518158573115 -0.632955924165
0.253051487709 -0.653199540768
0.311387127747 -0.971217416840
0.517276911211 -1.000000000000
0.471035768837 -0.726288496459
0.378983821589 -0.668576580811
0.056754308714 -0.968508516469
0.298775271132 -0.984210217537
0.264447693881 -0.633526863315
0.160012414071 -0.647710193768
-0.166917317062 -0.904374290599
0.062170519539 -0.885855574813
0.088186965321 -0.579920907995
-0.002438084530 -0.571165235768
-0.384585098737 -0.797099896226
-0.167060621570 -0.782393006146
-0.096878086923 -0.577212802583
-0.158967308712 -0.553786649373
0.305601706611 -0.177946164827
0.562229891703 -0.477794594209
0.536162142431 -0.664718378864
0.284144343000 -0.677970586041
0.325336380337 -0.998347153195
0.540311150121 -0.986673813252
0.454965983451 -0.707318520555
0.349381915267 -0.697234229982
0.062390286838 -1.000000000000
0.329225743597 -0.984923917977
0.279339966464 -0.642197088260
0.168364139859 -0.690078734946
-0.158798872986 -0.931912384642
0.078391086984 -0.894848142214
0.101289859013 -0.595303108622
0.009001749365 -0.608075482709
-0.367412566356 -0.822483871260
-0.148279561322 -0.778970360284
-0.078167610344 -0.578416515804
-0.145152479321 -0.575196097570
0.296452728513 -0.175904071425
0.559278832084 -0.465580248680
0.554122261928 -0.658685454860
0.293985403252 -0.688206835114
0.337003224548 -0.994061662615
0.545457299188 -0.986517898877
0.472826418834 -0.724557883402
0.368420213098 -0.703691046622
0.077548881532 -1.000000000000
0.329987513530 -0.987667670300
0.283289650290 -0.651116717106
0.180329789118 -0.690096159625
-0.145756085080 -0.938788850504
0.077051334705 -0.907629819361
0.099387878838 -0.606594171129
0.013960957720 -0.603908417226
-0.361122322564 -0.832804125901
-0.158063172227 -0.805708125304
-0.083222870311 -0.604483302938
-0.138091049673 -0.585461643055
0.296431849027 -0.171073644413
0.560735474698 -0.465369191495
0.544644218962 -0.663919084857
0.271482151705 -0.686529923092
0.332693293694 -0.991463840238
0.540345332730 -1.000000000000
0.477640405868 -0.734999515285
0.374605226308 -0.703766237963
0.076539563541 -0.993452950301
0.328379973718 -0.994395075292
0.285611495293 -0.649028307374
0.180224261617 -0.682172494022
-0.145758525604 -0.930916273509
0.081208341412 -0.911441866477
0.103163144402 -0.600965552899
0.012627264698 -0.595266270277
-0.361245072061 -0.825113423383
-0.147063594649 -0.806519420927
-0.076904823456 -0.597826859691
-0.139950559038 -0.575320719964
0.292750642750 -0.174369617872
0.548046205690 -0.470685268985
0.537726685315 -0.667095450299
0.284915557699 -0.696438734986
0.316062987805 -0.986705474138
0.531920665670 -1.000000000000
0.463999934491 -0.732374248991
0.359738301608 -0.707798789452
0.058369767181 -0.985146666973
0.324113953504 -0.995135507113
0.280094081425 -0.643818465006
0.170172972509 -0.688975698432
-0.157735056805 -0.922342626198
0.080640886902 -0.913053909333
0.106688641828 -0.599033067385
0.009917748410 -0.604976059581
-0.363544075384 -0.818546359678
-0.141488921388 -0.804594780325
-0.068462134322 -0.595533248598
-0.138155745445 -0.581536206694
0.297900996740 -0.177273575506
0.551749423926 -0.476075015515
0.547005180306 -0.673983218983
0.297334215959 -0.704596221988
0.325649921975 -0.986999253714
0.530181209170 -1.000000000000
0.465631199331 -0.733180045859
0.367130978276 -0.710965028597
0.069228602766 -0.984260856188
0.323154135047 -0.996913197746
0.281826228343 -0.648607741299
0.177833621523 -0.694827526137
-0.147017143793 -0.925239663476
0.085598215956 -0.923842703697
0.110869914637 -0.612399421998
0.016034465871 -0.618121213982
-0.353186516536 -0.827525341671
-0.133380996373 -0.817892507755
-0.061027993339 -0.610352743083
-0.129932160774 -0.595364658047
0.289375415305 -0.174650197137
0.547858153145 -0.475729684417
0.532995345220 -0.675150140956
0.264757180064 -0.692740493808
0.319135328648 -0.967147631137
0.520796800191 -1.000000000000
0.465115557301 -0.724902757140
0.365966555947 -0.684107309911
0.066192687943 -0.967633372007
0.313929053427 -0.999190431883
0.282043958023 -0.651243420878
0.179251637127 -0.679410078918
-0.147192529291 -0.909134579574
0.076743059597 -0.914032229964
0.108983228737 -0.600503226279
0.021329042570 -0.593115167614
-0.352145823681 -0.810948643397
-0.134419133035 -0.808019679607
-0.064549669713 -0.596550861077
-0.129066830453 -0.573542083023
0.299186496676 -0.184383187693
0.552409947589 -0.477387337111
0.549987071077 -0.676597322252
0.299246310387 -0.699768132361
0.317140087449 -0.976720198358
0.526344438202 -1.000000000000
0.462277635553 -0.727721775260
0.357954520624 -0.699631813965
0.062533023250 -0.977181753806
0.323114297736 -0.998745965536
0.284258763591 -0.655091239340
0.174674253530 -0.696015506494
-0.148583365438 -0.916766957305
0.088875908190 -0.916695875871
0.116433495868 -0.607582146050
0.016823764535 -0.609142620476
-0.346937108884 -0.814464503274
-0.122298188092 -0.803368059510
-0.053192290918 -0.599405727616
-0.128745221551 -0.583337058527
0.305407405544 -0.193311009742
0.559887220970 -0.487308219983
0.565572870118 -0.685077686289
0.322666638648 -0.711386496254
0.321696389180 -0.995334588014
0.543535195529 -1.000000000000
0.467956773699 -0.730743514415
0.360225757587 -0.718184504261
0.065244872308 -0.995469109038
0.348217248853 -0.999913397116
0.297811186397 -0.657203815749
0.180619654249 -0.710325292531
-0.147133205743 -0.932963636659
0.108107887241 -0.920133037313
0.129407633089 -0.612559710619
0.023002192985 -0.622455841285
-0.343016618308 -0.829039220600
-0.111607981008 -0.802935614895
-0.041386520664 -0.601081166961
-0.120403055766 -0.593194095848
0.304751216065 -0.192918175210
0.562349235320 -0.485542767192
0.570961817499 -0.684088923795
0.325952660654 -0.709702749572
0.314456255313 -0.984480458411
0.546932224471 -1.000000000000
0.472673831175 -0.727543257746
0.364381182092 -0.713246275704
0.062837106332 -0.983094540302
0.356331722113 -0.995564934551
0.307377278009 -0.651202852926
0.190293866383 -0.701597614869
-0.144226007926 -0.922026965797
0.121583501752 -0.919805289343
0.143732691629 -0.607452720446
0.036780273383 -0.611483294156
-0.337000799474 -0.820004682414
-0.091833012168 -0.803967493399
-0.023157178615 -0.597567375845
-0.104827747560 -0.583015076322
0.309022813818 -0.182582824124
0.574698113921 -0.477045075595
0.589333318319 -0.679725111340
0.346355422179 -0.720512005868
0.323086405950 -0.982523303522
0.568523200031 -1.000000000000
0.492281920671 -0.726790464156
0.374910296823 -0.705103569869
0.075000569735 -0.982198674943
0.381068909575 -0.997632688714
0.324589756933 -0.654962449739
0.193589952922 -0.692782805302
-0.131168928315 -0.922640913014
0.145550285391 -0.915702580379
0.160510869079 -0.604716283791
0.041322955300 -0.609324626166
-0.322412160863 -0.823037046749
-0.066327399237 -0.803586840156
-0.006525817329 -0.593427156033
-0.101384282968 -0.579275569930
0.298596120352 -0.177312723307
0.559251584441 -0.470207369003
0.574183728310 -0.679589165885
0.331689418282 -0.731445427748
0.317635196254 -0.964598367571
0.544408257568 -0.993803893675
0.477629619571 -0.722474324069
0.371533021374 -0.699622949436
0.072662657198 -0.964810695701
0.360535726610 -1.000000000000
0.310599651895 -0.650195650924
0.189844619897 -0.689547931634
-0.132405323832 -0.910833074061
0.132302095425 -0.925069787260
0.150896979598 -0.605552460660
0.037281254122 -0.604160798687
-0.326804910534 -0.818585308591
-0.079825769237 -0.815251148469
-0.016590843961 -0.602980023702
-0.105143843768 -0.585386732630
0.281655340857 -0.170874240705
0.539118543338 -0.471244403377
0.549955459294 -0.693670878892
0.310610399754 -0.749245099274
0.312658468192 -0.916232151069
0.514303344833 -0.985277524257
0.468687733730 -0.722115024278
0.371291075079 -0.676932286512
0.086308963095 -0.914472699892
0.328842896513 -1.000000000000
0.298981835874 -0.662753096500
0.191740448789 -0.675190965880
-0.110716460817 -0.867928752317
0.108854532644 -0.924129658939
0.135440218311 -0.611508135018
0.037193263362 -0.585576252580
-0.311815424112 -0.789537319520
-0.095980374026 -0.832145835169
-0.033534676980 -0.620527844813
-0.107461686348 -0.582320637274
0.272763226379 -0.177363330476
0.500606181344 -0.474828700463
0.469919799264 -0.708797640828
0.223338733120 -0.763164035109
0.272806075379 -0.848881123269
0.415077547551 -1.000000000000
0.416838418047 -0.735246185779
0.342213940790 -0.632582521385
0.062717126136 -0.836474510227
0.221288885721 -0.991192855224
0.226080967551 -0.661454725564
0.137855791388 -0.604060623008
-0.126266355473 -0.786827953550
0.014699034517 -0.902466792533
0.059495125063 -0.599358453001
-0.013484133381 -0.519468168778
-0.342965930578 -0.708715852038
-0.173410510271 -0.825869687460
-0.104824086580 -0.621628763579
-0.151381758389 -0.539214449901
0.270531712966 -0.184362953968
0.479807681864 -0.476694596086
0.441111240506 -0.717457949890
0.204289557111 -0.773828833956
0.247613837480 -0.815557558017
0.375814368598 -1.000000000000
0.391097692963 -0.750078282545
0.323440143893 -0.619449957546
0.056139579786 -0.795375784707
0.190334637239 -0.963986230455
0.205779665164 -0.651119502487
0.129966606754 -0.574814222335
-0.123457064320 -0.745377530813
0.001917356135 -0.881677705614
0.052818422439 -0.598932990288
-0.010289606694 -0.507788145152
-0.331859152107 -0.668323543693
-0.173364140784 -0.815622288147
-0.103560707535 -0.621483331115
-0.144494307913 -0.523001625267
0.273720295118 -0.202009197685
0.466480148600 -0.498030713232
0.406959029038 -0.739515370711
0.175423528189 -0.781141211806
0.245257662960 -0.799439987876
0.349100172680 -1.000000000000
0.369125941385 -0.753235052403
0.305186048456 -0.619516023253
0.062489514858 -0.782074088342
0.164040497822 -0.970348364060
0.189125083732 -0.673069633173
0.122830317929 -0.586651122063
-0.113917404580 -0.734447013428
-0.019240524878 -0.890995687932
0.038325164880 -0.618946623692
-0.014202982047 -0.516770527112
-0.318208064238 -0.660260361133
-0.187765622605 -0.828695734426
-0.119055881437 -0.644598224143
-0.151485278062 -0.538773620100
0.266239291304 -0.192976384847
0.458142522658 -0.488331330011
0.394332325602 -0.734423437559
0.162243456610 -0.777493340236
0.258734100879 -0.786587891731
0.355167315404 -1.000000000000
0.372739685190 -0.753825213425
0.307238658421 -0.616243069266
0.072884850890 -0.771907802630
0.159632807990 -0.969520012533
0.190139695021 -0.665995898583
0.127555608836 -0.582322460228
-0.102952480542 -0.730040954055
-0.031235839272 -0.897390094006
0.033868743096 -0.618419882856
-0.014270678214 -0.511310724262
-0.306173992083 -0.661078865819
-0.199710470166 -0.842862250305
-0.126748951984 -0.658429034837
-0.153548178568 -0.550066323573
0.268821420477 -0.200815560123
0.455893998160 -0.497517495487
0.387394209545 -0.746937063936
0.155270784106 -0.779644126146
0.271059288934 -0.778917907684
0.348943432327 -1.000000000000
0.372282130581 -0.759117696069
0.313500810852 -0.629365300303
0.084542721526 -0.767300528727
0.148547113922 -0.971660830722
0.188191088626 -0.674866901102
0.135012106228 -0.600775968730
-0.093289042520 -0.727341017488
-0.048819414099 -0.912731666441
0.025695369110 -0.636792425543
-0.013007122453 -0.527626425435
-0.299071822164 -0.659784640317
-0.219874550123 -0.862720301199
-0.143338338931 -0.681801885290
-0.162988989332 -0.569630974635
0.270169702084 -0.200430310417
0.449491846211 -0.499782765930
0.364195639581 -0.751564727103
0.130444431795 -0.777827447225
0.273628983741 -0.770836472554
0.333398350081 -1.000000000000
0.362775874712 -0.762827413740
0.315533905630 -0.628414355921
0.085796714673 -0.760236510280
0.133251220622 -0.966985862624
0.180929053055 -0.672208437555
0.139256852058 -0.586091382853
-0.090384999604 -0.719977749204
-0.065865686374 -0.909628673446
0.019051116372 -0.632532176314
-0.004813750735 -0.508819396310
-0.292232982075 -0.651514973943
-0.230932885229 -0.863789773228
-0.151520368752 -0.683402340380
-0.161060623141 -0.560402791311
0.266073444733 -0.196932615805
0.445575260001 -0.492741667635
0.363398322214 -0.742070953747
0.131400565871 -0.763658975612
0.273930003838 -0.759817128114
0.335913112355 -1.000000000000
0.361329822037 -0.760328017212
0.308543542623 -0.628146949257
0.086638482481 -0.747435151715
0.140847291365 -0.956116222180
0.186457280086 -0.657718404230
0.140629216643 -0.581932532239
-0.086998424988 -0.707629407871
-0.058214029014 -0.901372887209
0.025647439707 -0.621766750515
-0.002388917787 -0.503417929222
-0.284433722284 -0.640694545062
-0.219213057008 -0.854274799873
-0.140773193646 -0.670542628461
-0.154287957261 -0.548657062529
0.265279631640 -0.205312276752
0.438505107224 -0.505368013709
0.353480984042 -0.760475507247
0.121800735065 -0.773127720689
0.278941533633 -0.760140933991
0.339146721576 -1.000000000000
0.356191178933 -0.759510630483
0.306126219058 -0.633027614553
0.092011272644 -0.754109248981
0.136250700098 -0.967423873393
0.178566526462 -0.670050783096
0.144102129370 -0.602365056888
-0.084745243264 -0.716634013979
-0.067792980651 -0.921351386699
0.018815349424 -0.644790020158
0.004203859934 -0.518500392803
-0.284410408300 -0.651064405076
-0.238108169366 -0.870182064188
-0.153889923746 -0.697748737964
-0.151398737286 -0.576340794749
0.261702806656 -0.190821243019
0.436068147206 -0.492863290266
0.350178482818 -0.742277795768
0.129284003403 -0.774845871035
0.294840263372 -0.763794139789
0.341413261055 -1.000000000000
0.355001662903 -0.755193296456
0.308527439703 -0.637280613191
0.101128023938 -0.754883013742
0.142449665210 -0.954200060066
0.180586197989 -0.645375329442
0.146760544809 -0.591929581165
-0.077200274154 -0.718876812511
-0.065215114836 -0.906284392835
0.016047259904 -0.617434682033
0.001285358236 -0.508705952466
-0.274668984550 -0.657254941961
-0.228784644032 -0.861689096168
-0.154694015404 -0.672845093463
-0.159216541446 -0.559987046906
0.265745724524 -0.192923092849
0.446354106430 -0.502775647517
0.346982609588 -0.761623141692
0.104704456657 -0.778352223399
0.312868184913 -0.759595902664
0.357444098627 -1.000000000000
0.363207683391 -0.758328581810
0.315316515615 -0.631471215257
0.113900019955 -0.760603174413
0.148283143437 -0.967944762445
0.181115366051 -0.668418696359
0.150577267625 -0.607523957233
-0.069983064721 -0.728979863912
-0.067957081295 -0.917486028290
0.011121563609 -0.639406340259
0.004146183498 -0.521372227788
-0.274428816231 -0.670034795519
-0.241739918249 -0.869613694543
-0.161650932347 -0.696029661223
-0.149833393253 -0.584948374533
0.266175986171 -0.200047444288
0.447378679605 -0.496900969000
0.347269634796 -0.748930354012
0.100604442482 -0.759934581572
0.316443627301 -0.762201505165
0.355971888813 -1.000000000000
0.346624076750 -0.763264420717
0.302927032536 -0.636263983626
0.115361034915 -0.765065076621
0.144761928388 -0.961002655950
0.161736722165 -0.677105537605
0.142826099959 -0.606712788829
-0.069980371559 -0.728791902954
-0.081836839103 -0.903763857122
-0.014402052330 -0.641171493341
0.000295904263 -0.516603034095
-0.271325321742 -0.664499677714
-0.256855142835 -0.850539499061
-0.183187948869 -0.686604543686
-0.150991704485 -0.571117310160
0.253833594671 -0.205275414268
0.424878004207 -0.497845506394
0.320627127224 -0.734548377440
0.064913565229 -0.734577732725
0.285661814914 -0.770086566894
0.325556735282 -1.000000000000
0.322825701030 -0.764023920445
0.282562728724 -0.627343441668
0.083486904966 -0.766049009713
0.104323768852 -0.963603132989
0.124640462749 -0.678749510213
0.106280598808 -0.598130394477
-0.102833692664 -0.722819026366
-0.121032835234 -0.897030025068
-0.052309700816 -0.640942454990
-0.039044515234 -0.516296508806
-0.303751383326 -0.650018201695
-0.298918302633 -0.835237999751
-0.223626674888 -0.682735589285
-0.193259600987 -0.574880724653
0.250535917620 -0.187030399187
0.427189146639 -0.481445293693
0.312210616625 -0.711326788121
0.052488385816 -0.704753007446
0.278614483196 -0.755054539056
0.324685620461 -1.000000000000
0.318604082148 -0.775386896456
0.278707815001 -0.622312123965
0.070244453763 -0.756254966099
0.092673081404 -0.968967624926
0.110202310426 -0.699954568257
0.089354354025 -0.609076726490
-0.116375001223 -0.714473965010
-0.137792234258 -0.891096636154
-0.072509052889 -0.655423500527
-0.057940574029 -0.534295920616
-0.315081730354 -0.636300097949
-0.325774807363 -0.811022211382
-0.248758254683 -0.680047036387
-0.208645097687 -0.583966112311
0.233124399732 -0.172180435816
0.402169983008 -0.459305040513
0.288053827013 -0.676445939597
0.035869621888 -0.670188679459
0.256124443383 -0.759851939134
0.308547251982 -1.000000000000
0.305547738184 -0.795990918587
0.260447175041 -0.629565278386
0.042886023472 -0.755966288916
0.059841502353 -0.961194691780
0.087342938000 -0.712078494773
0.067437442248 -0.611268668473
-0.143414848645 -0.705249050154
-0.174870004570 -0.869326980379
-0.099728106307 -0.649051228754
-0.079480091817 -0.527098153538
-0.335334234837 -0.613194947467
-0.362348620719 -0.777035575280
-0.274302166391 -0.662941056513
-0.225066865635 -0.573169327857
0.225683651370 -0.163104356701
0.394788967485 -0.449992770985
0.271227253658 -0.658245989247
0.009412173245 -0.637461539435
0.251926375026 -0.776154286095
0.300494269412 -1.000000000000
0.294557425748 -0.785990580529
0.250914739368 -0.627628230435
0.031426953608 -0.772138450784
0.048689586365 -0.951835281376
0.076266941213 -0.683622463145
0.055597312143 -0.603925589904
-0.158838455746 -0.717641484341
-0.193244209123 -0.859096468331
-0.121485842005 -0.632399380565
-0.104207002606 -0.538513734347
-0.353872219347 -0.619607364241
-0.385180703348 -0.764003853769
-0.299311563643 -0.639476423103
-0.253256362209 -0.564686039670
0.216254348310 -0.165867886743
0.384111463146 -0.449139532861
0.269527487570 -0.653801563084
0.013341704789 -0.627412989168
0.258669248174 -0.780626409865
0.293235896761 -1.000000000000
0.273027778056 -0.808053379904
0.238467861526 -0.652320984583
0.039456113304 -0.776849441309
0.038423548471 -0.950492569693
0.059974475547 -0.699500663878
0.058812294908 -0.621752798716
-0.149450911842 -0.721859674866
-0.198444548697 -0.859885005559
-0.130520366927 -0.649415580394
-0.092079561633 -0.555518742581
-0.341327627583 -0.621130841965
-0.392098717180 -0.766129114268
-0.312756871540 -0.651136521783
-0.252794627477 -0.573182428107
0.206974819532 -0.162337040540
0.376172995185 -0.439354390254
0.278928423588 -0.646693478120
0.026853224598 -0.635458807638
0.242418804109 -0.784275061953
0.272149791070 -1.000000000000
0.254792208873 -0.805048421723
0.226234686667 -0.649990321538
0.029719646398 -0.777329534150
0.015329417012 -0.962101823088
0.039226629362 -0.713728112979
0.046099955580 -0.630403042900
-0.156862856280 -0.718869498968
-0.214475278884 -0.863980507840
-0.145554708400 -0.646864578864
-0.100132445963 -0.543927422665
-0.349090502205 -0.613982616476
-0.411466150274 -0.771150203134
-0.329326358037 -0.655089747444
-0.260525714006 -0.572288044346
0.210082820180 -0.168094679134
0.380682683974 -0.448862379675
0.263049196941 -0.644369619352
-0.001684802549 -0.624501603084
0.234513803287 -0.813527564471
0.270944653606 -1.000000000000
0.258782286891 -0.815534385268
0.235421108210 -0.666167148961
0.018556097197 -0.809642864792
0.011156408248 -0.951999209041
0.036297196881 -0.709258555869
0.042788042450 -0.628857070557
-0.169271790925 -0.750388141844
-0.218239718355 -0.856902239746
-0.152839629552 -0.648241915223
-0.110952930504 -0.559408003730
-0.365216577344 -0.643076738684
-0.416340363576 -0.771536923433
-0.337558104089 -0.651138060228
-0.272329360918 -0.571837917706
0.215880808681 -0.167968953359
0.386564143068 -0.456781302021
0.252017083136 -0.648486712973
-0.022364745459 -0.616236665796
0.221992377263 -0.826905423382
0.282250609890 -1.000000000000
0.265092348905 -0.773207816203
0.225061085795 -0.627074876154
0.000494219101 -0.821026926785
0.017259525075 -0.945778815848
0.042385507986 -0.665681471627
0.036893334860 -0.595542487389
-0.188889765833 -0.759848943215
-0.220322391076 -0.850742225361
-0.140544682211 -0.612639660763
-0.098693666616 -0.533284240580
-0.386681864993 -0.651507790594
-0.425085254610 -0.777837017916
-0.333480461537 -0.640254261932
-0.263515591511 -0.568342623660
0.210158409729 -0.174364282553
0.382991942876 -0.452383351377
0.255500313839 -0.622383237451
-0.019842236837 -0.582229103147
0.197001796626 -0.879721653949
0.278470432267 -1.000000000000
0.263964364777 -0.776318392325
0.222784059236 -0.655271120636
-0.028632283445 -0.869637587015
0.019138461013 -0.944233139082
0.044710823840 -0.658127404927
0.034617287743 -0.615806459774
-0.219747022429 -0.801911616903
-0.222729808822 -0.855068835638
-0.149964024578 -0.616894229891
-0.120330475767 -0.554696623548
-0.418709429013 -0.682278801458
-0.446686071547 -0.781142487085
-0.352454878081 -0.643890518127
-0.288599181815 -0.583196733257
0.209443148365 -0.148006403926
0.376465300585 -0.402623801949
0.248656748632 -0.565162613341
-0.017724443009 -0.540483346755
0.212128687993 -0.847465211435
0.277983924002 -1.000000000000
0.268235692725 -0.827469019416
0.235122269003 -0.687159328403
-0.018228617587 -0.843166490961
0.004575008933 -0.903088390328
0.041666808663 -0.624619702074
0.045019214000 -0.560140969346
-0.213703739649 -0.779759919455
-0.239659148746 -0.828235356872
-0.153809103641 -0.618075755095
-0.107676438259 -0.556736753749
-0.411320714646 -0.657278242580
-0.458562534465 -0.743104926148
-0.363116033991 -0.617368093128
-0.294498703632 -0.557624739127
0.217083076812 -0.144441799564
0.390265504733 -0.402212353683
0.279854468874 -0.563184535304
0.008255707292 -0.551512791387
0.220097831256 -0.904822349429
0.276167723988 -1.000000000000
0.255757701433 -0.840511422355
0.226174477635 -0.724609635619
-0.022587140708 -0.897594975655
-0.003769158808 -0.922574369618
0.023592161107 -0.639829943064
0.033780812301 -0.592781307295
-0.231124118741 -0.826852388383
-0.245533058054 -0.827519726427
-0.175844418057 -0.612954364262
-0.130662570102 -0.574165781433
-0.436168730133 -0.700733013555
-0.470734673081 -0.742493098857
-0.376287755878 -0.608967974216
-0.304820570270 -0.566195148601
0.230496254630 -0.144906214705
0.419802696962 -0.415418636439
0.308622727919 -0.578692190007
0.030158507793 -0.552478054502
0.241038746965 -0.965866727452
0.298773141608 -1.000000000000
0.276306988183 -0.809419290193
0.245690799393 -0.720349418388
-0.010490993989 -0.963995058058
0.005983727895 -0.929447529860
0.036926424640 -0.643339815477
0.044171650952 -0.624877500156
-0.228136195185 -0.886603016611
-0.243848889290 -0.829513617645
-0.167296175905 -0.604110897678
-0.119611240253 -0.587170263504
-0.441359081451 -0.751012884348
-0.476828989348 -0.751677086376
-0.378446042687 -0.609898604717
-0.307201352465 -0.583453834714
