0.283068845561 -0.035333427921
0.553360689624 -0.156368387010
0.548551246553 -0.284070595539
0.324452745050 -0.407747598726
0.573593792340 -0.904015711436
0.676020044428 -0.726132419070
0.549096005152 -0.459686183539
0.459686885676 -0.445325109093
0.306236984435 -1.000000000000
0.402639897564 -0.727484134570
0.314971578216 -0.413499611592
0.272933085719 -0.475710120819
0.052894645683 -0.981368022149
0.112814781525 -0.662856817008
0.102305584698 -0.397874388256
0.106609388274 -0.448497066594
-0.188249303241 -0.894840626514
-0.150709557855 -0.646112636840
-0.085638739990 -0.444588767190
-0.043134328935 -0.460351358764
0.334007005326 -0.011202605961
0.601509840777 -0.179608531336
0.539512041744 -0.334367635235
0.264975904875 -0.426163753276
0.458468251368 -0.893406516284
0.567962725859 -0.664076075553
0.511127393922 -0.365603382978
0.426177571443 -0.363507385265
0.216191764154 -1.000000000000
0.307491349403 -0.662633168037
0.295788089443 -0.363475094391
0.260894357812 -0.383108818427
-0.007568767501 -0.997672075267
0.071009958898 -0.656494992915
0.107776658183 -0.394052806488
0.118677494776 -0.397199275783
-0.202447003391 -0.948955619321
-0.104139716696 -0.674414682457
-0.050778029454 -0.453388159940
-0.034133296097 -0.424322446194
0.278085547737 -0.020255676368
0.558147753112 -0.133679606510
0.560233372467 -0.265782490926
0.352799216294 -0.396554047314
0.623132623803 -0.894695405959
0.690714466586 -0.698063550771
0.557602126032 -0.438570452958
0.475488268711 -0.432658435709
0.356472709694 -1.000000000000
0.397563247673 -0.697559104058
0.310195287022 -0.382191972130
0.277719068045 -0.450103820566
0.090667096375 -0.986538623860
0.099078429417 -0.644869054105
0.089314334093 -0.382535892143
0.104681619488 -0.444078851451
-0.168303905996 -0.906719408230
-0.160724160598 -0.635684041712
-0.095459468032 -0.431238710569
-0.042587150191 -0.454975023212
0.290822731792 -0.030398359131
0.572765750826 -0.155597674132
0.552729414149 -0.278884648607
0.321327482546 -0.376074374818
0.599762136219 -0.896772285810
0.705697494655 -0.691120437726
0.566278420007 -0.429595832217
0.475561026456 -0.427414578211
0.335876900728 -1.000000000000
0.423519922471 -0.695712733588
0.325100297054 -0.391604241219
0.281040621435 -0.463930229968
0.079004583718 -0.983851497157
0.127410013554 -0.643071151467
0.105073691624 -0.383834041106
0.105544704045 -0.447780974710
-0.171305160872 -0.898687635999
-0.136499299250 -0.634796531663
-0.078736522975 -0.432468406052
-0.038213804526 -0.456604256267
0.295370330656 -0.033594584637
0.587000705403 -0.154756728321
0.590111997105 -0.275029830480
0.362903739557 -0.384242352780
0.619134216626 -0.902245443662
0.722060753596 -0.680860160558
0.586889562583 -0.411308559700
0.507468216563 -0.419872063499
0.349155978895 -1.000000000000
0.443818440928 -0.682310271249
0.344122926789 -0.369579836187
0.303499821742 -0.455423721647
0.081547912331 -0.980211930161
0.152790561307 -0.629640395889
0.123181305616 -0.374010191089
0.115948939170 -0.450919860924
-0.172105667925 -0.898892062690
-0.119883900210 -0.618652412499
-0.072540089847 -0.418320863361
-0.048016628583 -0.455886884091
0.290588960513 -0.050738544481
0.573266013784 -0.165857600591
0.596624234342 -0.274739830074
0.368661673306 -0.383109224965
0.585383353681 -0.908120542539
0.702092987839 -0.679536273386
0.578224757730 -0.414361696255
0.491637926344 -0.414776947540
0.316526424236 -1.000000000000
0.426517333372 -0.671996843911
0.331663375593 -0.368164207339
0.279777008717 -0.444965551899
0.056357094819 -0.973463085310
0.151013797046 -0.613405678274
0.122584626660 -0.366850115324
0.101661015091 -0.441975086117
-0.185873717255 -0.879001027460
-0.111235916943 -0.603344749884
-0.063939347549 -0.406705733810
-0.051823897644 -0.438522218704
0.297118071944 -0.054272782729
0.588696109564 -0.167497871853
0.638101533556 -0.271983529325
0.419862088252 -0.375501056047
0.584037739846 -0.917453538576
0.741477033762 -0.691582018363
0.608609427380 -0.425041955333
0.502416801217 -0.416487208162
0.320449527927 -1.000000000000
0.477709188305 -0.678139658674
0.371774410282 -0.384407768930
0.302921755492 -0.454459597607
0.065758277070 -0.970322359184
0.199998439709 -0.622900545532
0.156125848696 -0.381710415335
0.117734981121 -0.445732768308
-0.174187720847 -0.874016978970
-0.070130693400 -0.609670475478
-0.031089604429 -0.413637576135
-0.033015363968 -0.434618693310
0.304695011922 -0.054339585225
0.604036484048 -0.182703205104
0.657734059370 -0.305326401889
0.436047846189 -0.414098620850
0.577819532986 -0.918495907317
0.746546107559 -0.699214737574
0.612528661732 -0.434898163617
0.504118562758 -0.419518063805
0.321186880140 -1.000000000000
0.490958972580 -0.680839071263
0.390385692027 -0.389207325702
0.321446026443 -0.449485787882
0.073923591889 -0.968037166999
0.208920056914 -0.627964739528
0.170043545958 -0.383827335315
0.132291557257 -0.435427423540
-0.160935213449 -0.867120698730
-0.066334208064 -0.614795770059
-0.026744474079 -0.424404673775
-0.027827012846 -0.442366311437
0.316343251991 -0.059216226024
0.623405056089 -0.184561690912
0.685603348601 -0.308040850378
0.461164926872 -0.422481676504
0.586611144613 -0.920607792327
0.751481646486 -0.685344828867
0.627281415596 -0.430976419969
0.528523310911 -0.430698680910
0.324359691845 -1.000000000000
0.490009963338 -0.669328840370
0.391680528852 -0.376338058811
0.323642533634 -0.453616685623
0.071509361941 -0.964179314518
0.215125469994 -0.612721637700
0.180280239552 -0.366328307480
0.140862989297 -0.432830539943
-0.163896755768 -0.861742418051
-0.058064849767 -0.594880506820
-0.018306605097 -0.402750612319
-0.025930931096 -0.430865116301
0.322513304991 -0.074766403773
0.624228767446 -0.201921461474
0.690929511225 -0.335088929072
0.476157271325 -0.451339905518
0.573096843327 -0.925885328435
0.767945965872 -0.713017189316
0.641508182819 -0.471415963492
0.534520521251 -0.471333000888
0.308749838808 -1.000000000000
0.512764098860 -0.691812364164
0.403787317189 -0.404351254742
0.327997361056 -0.485001164153
0.060483801824 -0.960818903341
0.244213754882 -0.639462961361
0.199868905210 -0.394523903191
0.143372165184 -0.451122983585
-0.168605880354 -0.848738061488
-0.031280668038 -0.600821418982
0.003768504402 -0.419339980452
-0.016175923539 -0.449214992383
0.330131240014 -0.079876939955
0.636925669310 -0.213475877637
0.701006087964 -0.354847310329
0.471272003258 -0.465248879575
0.576009510221 -0.925887690242
0.769883638289 -0.718367246821
0.643135855757 -0.470704373069
0.544506455957 -0.476926204483
0.310982355769 -1.000000000000
0.513373662083 -0.701837241273
0.399927107463 -0.405803653224
0.327224755415 -0.495979699106
0.059911124127 -0.961060742500
0.242430468089 -0.647902512302
0.191031071373 -0.396855115677
0.128260042514 -0.459402115197
-0.171804686158 -0.847706951190
-0.044713798307 -0.597584363139
-0.012914416803 -0.420372844582
-0.037156759959 -0.463693904863
0.321297551937 -0.078140489533
0.628771631365 -0.226303501666
0.687645399452 -0.380700728759
0.460743752835 -0.502973166051
0.578822381771 -0.923139922309
0.751955323058 -0.733393197782
0.625732251757 -0.483375551657
0.538174900601 -0.489082405981
0.308996366821 -1.000000000000
0.489898598595 -0.721918196010
0.379663491263 -0.414861079661
0.315164443155 -0.501523860933
0.052196464291 -0.963310670863
0.211843519806 -0.659378979276
0.167068269000 -0.401268243134
0.114227102960 -0.463849420930
-0.184825491185 -0.855449086021
-0.071174653480 -0.606703909108
-0.035249590143 -0.422330598321
-0.050313611484 -0.466205234852
0.320862927386 -0.077403164756
0.624937011028 -0.237954147889
0.672905927857 -0.394946866557
0.435099855399 -0.502218607440
0.556883879267 -0.925065468443
0.742929373464 -0.754147176090
0.612996350871 -0.492787558576
0.514473531962 -0.491435429957
0.284637896680 -1.000000000000
0.477611658129 -0.741253923727
0.372171360885 -0.431163483886
0.298952217860 -0.512958876701
0.033331719945 -0.958615540259
0.196124422558 -0.666534675633
0.161444285778 -0.409014824271
0.106593424758 -0.474971738478
-0.192612481155 -0.846393319027
-0.076040989575 -0.608175040599
-0.040247317642 -0.428626405393
-0.061342523512 -0.481175020110
0.320147175716 -0.080604368159
0.616838063110 -0.249728808034
0.651642324499 -0.412189987420
0.410964807423 -0.519035671510
0.538171957897 -0.930163277023
0.730208156233 -0.755710540508
0.596378176550 -0.497910644040
0.496130448383 -0.510918786968
0.267983994870 -1.000000000000
0.468394101695 -0.744412948037
0.362862897574 -0.431645724824
0.287639059954 -0.528838818478
0.020926041188 -0.955282368850
0.190642416482 -0.674236046306
0.158406443722 -0.418083346575
0.098678857893 -0.497362700197
-0.201874801928 -0.840595162117
-0.084202410797 -0.608606420058
-0.044872479544 -0.433801214460
-0.070079261894 -0.496236964570
0.311561014904 -0.080629443137
0.615453269133 -0.248343410554
0.662047837338 -0.411548527837
0.422286168140 -0.520155876585
0.545954136054 -0.927947598253
0.734625794183 -0.766452872654
0.607392679749 -0.501686644489
0.508194513666 -0.500493644805
0.272166497122 -1.000000000000
0.462962143905 -0.752396017714
0.365706597277 -0.436516031286
0.294107420632 -0.523454807159
0.018027781645 -0.958144679189
0.177870246715 -0.679840323864
0.150894324292 -0.421485096112
0.096461895598 -0.490431513240
-0.213751466018 -0.847596294132
-0.104548409002 -0.621888115687
-0.062851402821 -0.447661183341
-0.082684663874 -0.505517809060
0.302405302738 -0.074441859723
0.588556562726 -0.243545477404
0.616433235351 -0.408517247420
0.377467851893 -0.520603995857
0.511443567257 -0.925885984459
0.680663928277 -0.745746727227
0.560570897556 -0.480774827228
0.465772995200 -0.475796361681
0.241533544357 -1.000000000000
0.419772557016 -0.735228850404
0.329383557136 -0.423108191035
0.260876158521 -0.503967131238
-0.004428736809 -0.955850437195
0.146988289030 -0.655764908859
0.125340752144 -0.399233335659
0.077871803104 -0.469395890047
-0.227010480375 -0.838141305464
-0.117207809354 -0.601679573184
-0.070696011272 -0.428130272857
-0.081920125122 -0.484507051611
0.293893338145 -0.077025012181
0.581168968892 -0.245351974186
0.610501283397 -0.406184997659
0.386641760897 -0.531529491348
0.522279924971 -0.930452708868
0.690290329485 -0.752909979085
0.573872562233 -0.488104767867
0.482843874576 -0.487152757739
0.255382512244 -1.000000000000
0.436925116377 -0.745310992167
0.349785118340 -0.426738393724
0.281764413532 -0.509156668929
0.009824386079 -0.957994233297
0.165779794330 -0.668535524690
0.142385611342 -0.402680706235
0.091375829472 -0.469988085263
-0.218976355347 -0.847219176371
-0.101519792514 -0.616660761652
-0.054045324702 -0.431173071964
-0.069245246585 -0.477758159330
0.288811347350 -0.064024446743
0.577004677639 -0.234571327637
0.597724057085 -0.396808101909
0.373582119978 -0.515771765220
0.528903241516 -0.925539182919
0.683807909247 -0.752279150709
0.572587407268 -0.491201428375
0.482257496764 -0.479530653349
0.260607181090 -1.000000000000
0.417629333057 -0.737466002617
0.342427561868 -0.426729592924
0.284029375899 -0.494011251257
0.011093955860 -0.958462161874
0.139965834445 -0.652905451124
0.131231199813 -0.396767390412
0.100038702674 -0.457750148436
-0.220643958601 -0.849907363105
-0.118914245293 -0.608559395229
-0.063318099840 -0.422454885752
-0.059120973119 -0.462138672697
0.293197542849 -0.054859539513
0.585952052276 -0.216036728212
0.604758796331 -0.369717317265
0.382527799051 -0.484479716885
0.546945947626 -0.919372214233
0.694875646766 -0.753778841717
0.596226278851 -0.493556716020
0.503966667884 -0.463863697434
0.273128968486 -1.000000000000
0.419946688312 -0.745638435979
0.352177490746 -0.430000978674
0.293776301559 -0.482487251861
0.019557184391 -0.964911975260
0.140080648382 -0.649384313194
0.136937926350 -0.388792054559
0.110356217392 -0.445127680676
-0.216584667206 -0.861861882775
-0.115184837174 -0.614622043965
-0.050621285227 -0.424456985863
-0.036780367959 -0.457248126795
0.294500833615 -0.062056195998
0.586235261230 -0.221816291962
0.611070318733 -0.375883645885
0.374649159385 -0.493569930122
0.526713774512 -0.929253308107
0.697579863228 -0.773286379986
0.600296147181 -0.505865654876
0.501422500238 -0.465857975842
0.248582122233 -1.000000000000
0.416592096605 -0.753664324232
0.346090109142 -0.429485278935
0.284569222771 -0.479576474943
-0.006591669494 -0.957205082695
0.132370842535 -0.642123510150
0.124960434882 -0.377018306931
0.093900515340 -0.434774183912
-0.242310910882 -0.845557814711
-0.135062890284 -0.607296488023
-0.081318122586 -0.421506170215
-0.077174892847 -0.461737073513
0.329276820366 -0.071139177285
0.651344217446 -0.248766711866
0.650960720975 -0.421783850710
0.408836722765 -0.524796443899
0.501141239039 -0.956042444447
0.660578005512 -0.809058838412
0.609903515091 -0.548866666817
0.536316419893 -0.510951581170
0.241738852918 -1.000000000000
0.396526233877 -0.723450380016
0.371859768027 -0.429586316276
0.312603064980 -0.461495812272
0.002028826297 -0.939306737019
0.150909643881 -0.647304798878
0.170091450669 -0.414563467611
0.133418073057 -0.451302458618
-0.223377383296 -0.818436170933
-0.083385847084 -0.591842712909
-0.007065393883 -0.411433810524
-0.006453875105 -0.411784427556
0.285793078307 -0.067637794498
0.569844503240 -0.232792693255
0.599617681768 -0.391873188758
0.372350252343 -0.510210940621
0.507717962660 -0.932647712779
0.665258400061 -0.751388492965
0.557205300623 -0.494442415055
0.468730980622 -0.490504597242
0.231427931116 -1.000000000000
0.388592607908 -0.733002030847
0.317987169771 -0.419885640768
0.266135155153 -0.502042866499
-0.022919824120 -0.952340267454
0.103637469861 -0.639997003353
0.100940094645 -0.387176771034
0.075046924605 -0.461440664406
-0.254701493245 -0.840274311144
-0.162189860471 -0.589982794352
-0.100186410493 -0.413074168626
-0.091799240997 -0.469053651035
0.292666492896 -0.070572512336
0.578979263615 -0.247390365227
0.598403622199 -0.405466108414
0.354024854012 -0.513241842670
0.489842640676 -0.937211934738
0.670974371313 -0.736829810232
0.551945564939 -0.503411742618
0.457289900483 -0.525912831720
0.224386387346 -1.000000000000
0.403761069501 -0.718355428286
0.324144239059 -0.423654243306
0.260411714062 -0.519252884982
-0.019480062290 -0.951436357240
0.119931148081 -0.639136155095
0.111202970378 -0.392965438548
0.075882737866 -0.472667088333
-0.243166993853 -0.842416257608
-0.149450904122 -0.602328108681
-0.087394642650 -0.424904660264
-0.085326217258 -0.475279912945
0.279623392575 -0.066666884731
0.561720123410 -0.240532775669
0.584883440179 -0.402806347282
0.359090917351 -0.532826405600
0.497429998506 -0.932583336150
0.667290186325 -0.757677858110
0.562426459195 -0.499485185593
0.469196047553 -0.487554139104
0.231946793183 -1.000000000000
0.402416399144 -0.741659697682
0.325910386797 -0.428221933165
0.259234537184 -0.504620899975
-0.010492691743 -0.958733073182
0.129118045811 -0.650560262724
0.119253186561 -0.392985004054
0.082154372603 -0.465512595599
-0.235675990265 -0.853832396200
-0.129767684774 -0.617610686915
-0.072804533710 -0.431729431138
-0.073621743279 -0.474560972161
0.286344104779 -0.052221154277
0.585147233980 -0.224565225247
0.621882250986 -0.401231576141
0.399311405565 -0.546060671045
0.562682799768 -0.923181973725
0.704630771300 -0.758887301429
0.603434733310 -0.516805421112
0.514792699654 -0.505200968022
0.295509467826 -1.000000000000
0.425206418956 -0.751129237270
0.354679572434 -0.435043779740
0.299582499842 -0.509042895475
0.040998405418 -0.968892270028
0.133925143438 -0.671513864266
0.128578309870 -0.411027494751
0.104514088778 -0.479252119462
-0.201497103485 -0.875559859725
-0.129049937671 -0.652061373876
-0.070023195224 -0.465224786366
-0.059398433139 -0.507888711107
0.298513186905 -0.068100179543
0.588975993433 -0.237735345652
0.614435560589 -0.405899807488
0.379849607750 -0.538308509400
0.527424112638 -0.923628584295
0.701398436781 -0.755473229663
0.577041329539 -0.503901781493
0.481262679202 -0.504380601887
0.258086718123 -1.000000000000
0.440423253331 -0.749502109119
0.348564441038 -0.436305339656
0.286636906265 -0.522972559555
0.012223957286 -0.964419316979
0.155278957201 -0.674879713862
0.138265338822 -0.410993722076
0.103391787745 -0.477917687918
-0.213679113738 -0.861461493609
-0.116644786304 -0.635888054823
-0.059618336237 -0.448709789597
-0.055485268174 -0.492248493796
0.287925934219 -0.052501683618
0.595207987738 -0.224973137178
0.613700732541 -0.393764942410
0.379491629263 -0.525599688647
0.552345775810 -0.918286682605
0.713457232553 -0.742405721335
0.593021967329 -0.487654977029
0.500434562674 -0.482908209773
0.286936688285 -1.000000000000
0.449940697773 -0.753550720974
0.368143980593 -0.435139252373
0.305113957840 -0.504469867521
0.034765810539 -0.968678102694
0.155218104256 -0.673547273451
0.143070415136 -0.399392710147
0.114793356866 -0.460418200382
-0.207034117159 -0.873989745411
-0.114355794290 -0.635859184217
-0.052207967000 -0.431075865449
-0.040041456913 -0.462246074727
0.273981651374 -0.046003143468
0.563927329841 -0.207703839315
0.586008441859 -0.366605430834
0.366813080553 -0.505267871486
0.540770566481 -0.916196298631
0.708724167830 -0.750909106197
0.593646340234 -0.490790033022
0.488551473803 -0.443741894574
0.267147366342 -1.000000000000
0.422514894564 -0.758525574883
0.339938464548 -0.433529159519
0.280394981911 -0.474031569653
0.014234671020 -0.972397444242
0.130759498691 -0.672006925361
0.119734419680 -0.402366819877
0.099165886554 -0.444961749865
-0.225851958499 -0.876127765295
-0.135069048864 -0.655320936010
-0.073987093126 -0.455652486041
-0.056170786884 -0.468893355226
0.281829718355 -0.042671808757
0.569739058902 -0.202626160810
0.563583964165 -0.356794018870
0.324459658767 -0.471797151902
0.523185641378 -0.915095253347
0.702076483210 -0.738279806945
0.578997688255 -0.480966319406
0.466157968767 -0.456814756396
0.255065939034 -1.000000000000
0.431024801916 -0.749921347502
0.350204956998 -0.433877723872
0.281112530038 -0.483510680124
0.007455253704 -0.970781595622
0.130345068592 -0.661841900002
0.120746514081 -0.387129650905
0.095135035244 -0.436607579778
-0.229452966677 -0.871363344075
-0.136598934787 -0.629817395521
-0.070730718862 -0.422322956829
-0.052571904962 -0.439327279748
0.283914743586 -0.046105892353
0.553942280795 -0.212965793598
0.529863128396 -0.368062872550
0.292611788828 -0.477697702410
0.521582971803 -0.918571656875
0.674148201717 -0.727343691293
0.557551018933 -0.474633292528
0.462754505076 -0.474795008996
0.257853880871 -1.000000000000
0.404485698420 -0.729390781546
0.327946837078 -0.424332000393
0.268470234966 -0.499335190045
0.016789216207 -0.966381651157
0.113171352221 -0.644578990072
0.111142181636 -0.385674586916
0.096540922836 -0.456331060563
-0.210688335502 -0.865616984213
-0.137777157344 -0.614794888881
-0.066593103252 -0.421624274931
-0.040937312945 -0.456386137910
0.267408246606 -0.024781465509
0.549465709586 -0.162506398524
0.531828149149 -0.314838361801
0.296194034131 -0.430282768571
0.580029420360 -0.899980978084
0.655878522725 -0.720582247728
0.555977942516 -0.490663612982
0.489986955891 -0.486523521912
0.309331980121 -1.000000000000
0.356564853615 -0.723725138500
0.290391484573 -0.419819187984
0.262900082983 -0.483080341338
0.043656366487 -0.981574770405
0.047787857494 -0.640928965661
0.056320138546 -0.390300105079
0.083810217049 -0.451914626098
-0.211858755198 -0.893677029540
-0.200907057380 -0.631564870154
-0.127564593731 -0.437484380579
-0.069083447437 -0.462865967700
0.278886605294 -0.034572937591
0.543471047033 -0.155205329652
0.522662033985 -0.280060028386
0.286439737654 -0.390670006747
0.574453552972 -0.903682671651
0.639668266907 -0.716300421129
0.559363626728 -0.472040422215
0.501888696722 -0.460428729865
0.292064723112 -1.000000000000
0.329122970293 -0.708101970699
0.281641292911 -0.402549267483
0.269763428184 -0.469074988948
0.020143271883 -0.975149644405
0.029013512850 -0.614115822211
0.056183363192 -0.366206190524
0.096426268752 -0.430253065403
-0.233918778130 -0.878808971684
-0.216616539604 -0.615652362745
-0.135595178082 -0.422325285600
-0.071706672664 -0.444038498825
0.280051991635 -0.022937099564
0.531723611523 -0.133590907973
0.500351393250 -0.244536241125
0.274010849263 -0.353294680330
0.588999565412 -0.903361151944
0.617862755916 -0.649912550217
0.539102182224 -0.408200646030
0.491550442566 -0.409727789535
0.297236468686 -1.000000000000
0.324778630401 -0.640435704203
0.274155389309 -0.345636502565
0.262145832961 -0.424762093349
0.022269556795 -0.969235888896
0.037219520118 -0.557809371848
0.057367017174 -0.322706584166
0.088050149182 -0.402445629795
-0.228446815349 -0.868479253843
-0.201397964023 -0.553916110852
-0.126057662107 -0.366699165258
-0.073635360912 -0.402288866490
0.278898415698 -0.021174439636
0.543157423692 -0.116077145935
0.538223773640 -0.215115411837
0.326059034041 -0.321866679732
0.619022877241 -0.898010905832
0.653933314277 -0.631679775218
0.570931699477 -0.405287025468
0.518471282058 -0.406567246805
0.331149753702 -1.000000000000
0.339715872519 -0.616856044767
0.280119917966 -0.326684399930
0.270747335122 -0.400259757767
0.047684877172 -0.971474234551
0.042430118587 -0.542308311624
0.056451337755 -0.312627710075
0.098143957314 -0.388611693968
-0.210393181639 -0.871469834521
-0.206048594633 -0.556404945009
-0.130273846183 -0.369245167145
-0.062721119684 -0.395762053896
0.282819107724 -0.024946880951
0.539866250328 -0.126470764368
0.525912032390 -0.234836563856
0.310619946353 -0.342870906050
0.587818928997 -0.900335109204
0.626247549081 -0.658684560202
0.544746192999 -0.418797682770
0.493997017503 -0.417964242536
0.300592770053 -1.000000000000
0.325992735484 -0.639718301534
0.280658909865 -0.347546125099
0.274756535437 -0.423371236347
0.025625269735 -0.968949012677
0.030567831322 -0.557584669775
0.055479534266 -0.321088498324
0.095596389210 -0.394089413932
-0.225655568212 -0.865809004157
-0.210984482321 -0.553005854972
-0.127759197566 -0.364601939443
-0.060240841429 -0.395073727584
0.289721770415 -0.016503608356
0.557058843876 -0.097981121146
0.545536706760 -0.179981136815
0.320353315125 -0.270485574332
0.636727848641 -0.895573291021
0.656604489144 -0.636326484996
0.574409307671 -0.411867690376
0.527513874919 -0.428086544256
0.337213252963 -1.000000000000
0.351467711331 -0.606812906716
0.297287296587 -0.319986966207
0.287885975418 -0.408049965857
0.048293996658 -0.969994936455
0.038023542794 -0.530793534459
0.055287668905 -0.303044154851
0.093862280627 -0.388727432089
-0.215336418786 -0.867792621997
-0.214429340146 -0.545116956386
-0.142026237809 -0.359513637437
-0.085444676117 -0.395172860037
0.285615459292 -0.004767190270
0.562335815192 -0.082041989715
0.561200522939 -0.174203400658
0.350153496202 -0.276858756106
0.672926764088 -0.881868292594
0.694972264047 -0.611946887381
0.604782434820 -0.393309079264
0.551732695504 -0.403359624511
0.375846884210 -1.000000000000
0.362275020659 -0.593959722299
0.304568724805 -0.304995971971
0.301984173866 -0.383688158080
0.083897535661 -0.977772667450
0.038433877951 -0.523766508155
0.059044488644 -0.289664016481
0.111342480388 -0.367570206098
-0.183876181405 -0.878944871827
-0.204724697841 -0.545548172591
-0.125280710139 -0.353058604061
-0.052136038652 -0.377381711174
0.281821795761 -0.019721024058
0.547021737694 -0.105503349929
0.540164057651 -0.207248875540
0.316762047857 -0.313519134848
0.628199179822 -0.895242757349
0.657718863276 -0.638912709799
0.580470249806 -0.413891721824
0.526427183605 -0.404771384915
0.337337513580 -1.000000000000
0.354729756986 -0.609419760603
0.300462692501 -0.323695237679
0.290959217284 -0.396460352541
0.056327869790 -0.969993088641
0.056852114361 -0.533126830961
0.072056156074 -0.308687352655
0.104737969729 -0.383880697502
-0.202239972293 -0.864899927659
-0.187237887601 -0.545119597841
-0.110903195566 -0.360031049706
-0.052934464525 -0.384000447997
0.291039787810 -0.028676018037
0.549846969963 -0.123344512272
0.545850813509 -0.217572443289
0.328238228620 -0.313307646896
0.617515554216 -0.902798581280
0.671103072324 -0.630282362399
0.567224776212 -0.401373502148
0.498518267306 -0.407824942849
0.323883990253 -1.000000000000
0.378557477328 -0.614436217248
0.306576104705 -0.336205158640
0.282413269023 -0.411447735323
0.044421835356 -0.968643234858
0.083634578508 -0.547221437184
0.080607891409 -0.327814360540
0.095820144698 -0.403056466199
-0.212341422363 -0.863197584596
-0.170817841921 -0.561201861482
-0.102894277388 -0.383475111161
-0.056834957838 -0.413672061446
0.277603938942 -0.032059705888
0.524327555797 -0.137807467236
0.528877632037 -0.244264555674
0.325995136014 -0.348978323558
0.572729256930 -0.909698813233
0.639314698928 -0.645748537032
0.538353506685 -0.423759306320
0.462348346363 -0.423530691501
0.290525650461 -1.000000000000
0.350786738987 -0.626120538337
0.277882801550 -0.347843733515
0.253532167120 -0.414347011539
0.019836110395 -0.967353228226
0.071647591192 -0.562868166061
0.066438587151 -0.344660548657
0.079832577394 -0.410205280654
-0.229470899359 -0.864722294353
-0.184847024013 -0.575297752242
-0.118965152072 -0.393692291423
-0.074664579591 -0.413629351900
