0.297306697698 -0.181031974221
0.547824162810 -0.412500814971
0.591899649447 -0.561754725347
0.388756408161 -0.563201915399
0.229428145191 -1.000000000000
0.550963622069 -0.899313957121
0.487856633681 -0.646384790830
0.375634089391 -0.631061934089
0.010647630837 -0.979137742858
0.364834989288 -0.820778742069
0.302884623978 -0.524383917577
0.174746423044 -0.579989884487
-0.173710693137 -0.879476798813
0.160208101837 -0.721316495596
0.149515688782 -0.467626266803
0.038079279390 -0.498140879400
-0.327794450373 -0.729970847341
-0.055482439491 -0.614425387227
-0.000841265948 -0.447324116664
-0.077189020190 -0.453656613905
0.305336923453 -0.196667916439
0.547867281071 -0.435395420881
0.592591144577 -0.593953612523
0.382632883987 -0.586543153866
0.221043079283 -1.000000000000
0.544563868216 -0.921404107036
0.479536307117 -0.662375998963
0.361629763680 -0.639765050222
0.000254829884 -0.979040804565
0.361541070130 -0.847090818727
0.303314785506 -0.548818205317
0.171558734772 -0.606021467027
-0.180190886147 -0.881025946239
0.155915011327 -0.747191597477
0.152457087932 -0.491612271550
0.034369594651 -0.522753833488
-0.323091197128 -0.734413257004
-0.053442364521 -0.629178359261
0.000867340419 -0.460388860278
-0.088149669710 -0.468022365401
0.302293163063 -0.198537257227
0.538716910303 -0.448883788666
0.578184526233 -0.605864981547
0.376773278280 -0.592793197568
0.209427237113 -1.000000000000
0.536663180157 -0.924004216778
0.464835105031 -0.659319560742
0.344810492477 -0.635146266462
-0.011891646978 -0.977352651848
0.355686926080 -0.848914139918
0.289417752820 -0.552724003535
0.155764632484 -0.604135841177
-0.192259833997 -0.878592861403
0.149498766223 -0.740969969738
0.139828425435 -0.489379690608
0.021963923975 -0.520637217143
-0.336086117983 -0.732932003391
-0.059841604168 -0.627090822569
-0.007947499913 -0.456633304446
-0.095404859317 -0.462570270750
0.306407090215 -0.197834168786
0.548488018753 -0.449674198225
0.598941830637 -0.611628880507
0.410677921097 -0.607284096152
0.216081160073 -1.000000000000
0.553828072795 -0.919609793807
0.484909806953 -0.668037765478
0.365957630912 -0.647923704548
0.003788148380 -0.980294145124
0.378628848891 -0.845061270131
0.307362138342 -0.557472973464
0.172357660959 -0.602150569841
-0.173680313234 -0.881682145549
0.171376939496 -0.738212693611
0.155137317883 -0.492609145556
0.038434221227 -0.523000385813
-0.316255192016 -0.736007353985
-0.036726278728 -0.629867218929
0.008882023648 -0.461926085037
-0.078587224805 -0.467266566969
0.304040394301 -0.191572358884
0.550326209157 -0.448189349582
0.605444617404 -0.616378232909
0.415657751721 -0.617881190111
0.226326493324 -1.000000000000
0.550863075524 -0.937870477727
0.494126968800 -0.676465149424
0.380328951531 -0.630915357635
0.015271910199 -0.984483593029
0.368520002086 -0.858782031919
0.306851939288 -0.571839814465
0.180247318294 -0.597768272608
-0.162781700743 -0.887974716242
0.170272310498 -0.746595860939
0.159897818865 -0.503767538398
0.051734020323 -0.523885060902
-0.308736727823 -0.744241410270
-0.028898491915 -0.643565007576
0.012249302666 -0.469810836632
-0.072886228989 -0.463902476440
0.311787102605 -0.188190120948
0.559092470886 -0.424174993539
0.625084233171 -0.584309678105
0.455416005921 -0.619401088623
0.239565705337 -1.000000000000
0.570184288157 -0.920591635421
0.503298207578 -0.670089483299
0.384899354799 -0.637260372892
0.034074912337 -0.979436259114
0.405419418781 -0.847858621900
0.333196867058 -0.570177986753
0.206359328451 -0.605893957767
-0.138040183618 -0.882944981675
0.211104044881 -0.738890565255
0.190311914189 -0.497407886346
0.080854608868 -0.518004096297
-0.280159539996 -0.739382507659
0.009066998303 -0.636045885571
0.048661170592 -0.464549770242
-0.033495375612 -0.456844500455
0.322298231474 -0.190954900592
0.565222455447 -0.426848771959
0.641626560961 -0.592581534984
0.504243907621 -0.643588282771
0.229715223038 -1.000000000000
0.584221789397 -0.932343279046
0.521065236151 -0.684128343477
0.393890280296 -0.642460149008
0.035092245177 -0.976509339061
0.434531502019 -0.859179659505
0.364146815266 -0.579645098741
0.227766593221 -0.609598180609
-0.126257066959 -0.880986960519
0.248157736598 -0.753354364583
0.225318341985 -0.511432571906
0.102410120199 -0.531052302131
-0.257091984013 -0.739016891716
0.049090437322 -0.651007095619
0.083377355768 -0.480976293683
-0.011626270618 -0.475730268783
0.317540556946 -0.187055241473
0.566643290624 -0.431261023929
0.646661170732 -0.610315356741
0.511536016082 -0.676940010039
0.263141842750 -1.000000000000
0.588018715490 -0.945236160320
0.518479946555 -0.704206002294
0.396501068043 -0.670185872516
0.067441227083 -0.985850532556
0.433183819479 -0.869426554159
0.355729536497 -0.590138680756
0.220583179752 -0.623919627449
-0.099980776441 -0.896995042667
0.238145940275 -0.764804033283
0.214108919658 -0.525513228715
0.098619152478 -0.548939834169
-0.242003549153 -0.760205035009
0.039037063363 -0.667966101074
0.074403917014 -0.500137984604
-0.011723097704 -0.499315059961
0.319266036964 -0.199195930904
0.563983760173 -0.456603252970
0.634092912268 -0.637934282669
0.474993002823 -0.675330074972
0.260686841143 -1.000000000000
0.593835934003 -0.939377589885
0.515115689395 -0.691146834634
0.389863276565 -0.663209766619
0.057648042341 -0.983646315099
0.443781101449 -0.875189735323
0.352240347736 -0.593097474611
0.205863948216 -0.638153835095
-0.111458916935 -0.896058809327
0.244860323597 -0.780897257870
0.215369867823 -0.539168297731
0.086529548085 -0.568295586257
-0.247539587790 -0.762931782815
0.043603063512 -0.673249906310
0.076369946756 -0.506832935241
-0.023731564238 -0.513185318768
0.320794230950 -0.193635490215
0.565433419885 -0.455445369894
0.624370923621 -0.641094716094
0.470605067018 -0.687264711414
0.269898369035 -1.000000000000
0.587708548071 -0.946242161907
0.509394826069 -0.686338063282
0.385580872987 -0.655845129047
0.068090559590 -0.988033905175
0.435731839655 -0.891641359764
0.357251915816 -0.602180451457
0.217521950063 -0.638824457329
-0.103344982041 -0.901199423250
0.237493579118 -0.794390542241
0.217379074800 -0.545292624575
0.094009881720 -0.567690071481
-0.245359785668 -0.768817328145
0.042534257260 -0.681526957500
0.078607442440 -0.509362703433
-0.018312818098 -0.512029368156
0.315967814743 -0.193699224362
0.569519236549 -0.453566036468
0.632647112092 -0.642798654744
0.464601481345 -0.688291210106
0.287739320002 -1.000000000000
0.586857450865 -0.944327271784
0.513138659749 -0.689294347544
0.398402366004 -0.669283899239
0.080836170817 -0.990892207439
0.431943604691 -0.885803358544
0.351509337080 -0.594141553609
0.215858951225 -0.645981763495
-0.098228600815 -0.909954971519
0.233736670505 -0.797899554842
0.213903945527 -0.549056205162
0.094496361853 -0.579082853348
-0.248783977616 -0.785444680558
0.033787566458 -0.688473893381
0.075302439038 -0.513978806383
-0.015197873488 -0.516984240916
0.321060378884 -0.190757572602
0.579283019765 -0.458630373604
0.642619862674 -0.652522802220
0.473639213061 -0.696155415635
0.309122344948 -1.000000000000
0.611576006862 -0.939650648079
0.525273688732 -0.682262717128
0.407117251614 -0.669105914775
0.096746948825 -0.996262287060
0.455458260739 -0.891799209627
0.365621137719 -0.596313801258
0.227182989910 -0.652299114431
-0.084938482680 -0.919589740461
0.249524583997 -0.810743115770
0.226984188916 -0.556778414730
0.105649087202 -0.587475566693
-0.235187541309 -0.799341345805
0.048689228673 -0.697462925766
0.088667297002 -0.519717235166
-0.004745994815 -0.525250610998
0.326088099175 -0.194337816183
0.586938743775 -0.455468527324
0.657666652981 -0.654202961763
0.479592729298 -0.713366522805
0.318828385656 -0.999555652217
0.617544344034 -0.939233841480
0.526307511079 -0.673541982907
0.409160952774 -0.663640480247
0.100079160451 -1.000000000000
0.461204536047 -0.901702296803
0.370530017996 -0.591990701870
0.234814770297 -0.654063721882
-0.084777153711 -0.929356735551
0.252646797413 -0.825677619212
0.230823921253 -0.556398548573
0.106480029689 -0.589279243201
-0.235897052934 -0.813504245329
0.046671641220 -0.711874156900
0.088945027817 -0.526416899675
-0.006915481590 -0.533566480795
0.313826055467 -0.185133082413
0.574604597945 -0.453377968938
0.643902629398 -0.658825485194
0.459827703864 -0.727468534380
0.317819279148 -0.999695501316
0.611023023812 -0.954634839066
0.526277495263 -0.687549709826
0.413776853643 -0.673111056857
0.092406148705 -1.000000000000
0.443849766934 -0.918807914122
0.362337299430 -0.594810120187
0.234547687600 -0.654710139337
-0.097520556813 -0.932941765875
0.232221819854 -0.839251166186
0.217872212203 -0.554610999527
0.098842521792 -0.586971812770
-0.256762225504 -0.823369888302
0.021231913237 -0.730671443045
0.063140391390 -0.532897656676
-0.033541445251 -0.539110004650
0.315431150141 -0.176442483199
0.583479694319 -0.452347756496
0.641190357478 -0.672995268572
0.436819853604 -0.756020339350
0.336076912769 -0.998746919121
0.613188632253 -0.974927357799
0.531164991001 -0.703374172590
0.423402105787 -0.682796162250
0.103002109534 -1.000000000000
0.436845940046 -0.942425203727
0.358960312429 -0.606524684995
0.239577677065 -0.661949213113
-0.095042018064 -0.938114885001
0.220073713867 -0.866080435991
0.209431584191 -0.567499522913
0.098279014270 -0.591514732551
-0.266808299484 -0.835144865932
0.002603571845 -0.760485468687
0.042081571787 -0.554191089710
-0.051470206514 -0.554269193760
0.312774753357 -0.172807202410
0.581000916495 -0.440712384848
0.646301494770 -0.652749901917
0.458216367683 -0.739670991893
0.355188341166 -0.993809680461
0.629394654781 -0.953140863659
0.539594458830 -0.690209752401
0.423949563208 -0.681494093960
0.117148024750 -1.000000000000
0.448717987114 -0.933123679186
0.361035874966 -0.604773033964
0.231890664590 -0.660166715557
-0.087727508666 -0.939956643173
0.222285518138 -0.860569798800
0.208192841883 -0.565557851477
0.089334671480 -0.588851466536
-0.270014596767 -0.837636203344
-0.001734735434 -0.762111057851
0.043585595580 -0.557244298993
-0.051160824151 -0.556630973130
0.304134689095 -0.160327629021
0.575176124264 -0.430711870410
0.630511010974 -0.648965510090
0.416782319052 -0.744458138197
0.339781415796 -0.992036936439
0.608304264022 -0.962226779716
0.533333546052 -0.686543614337
0.422588257567 -0.652810556368
0.103589012984 -1.000000000000
0.430448631276 -0.942486078239
0.353129501157 -0.600524882879
0.228249068891 -0.643929187078
-0.101041496326 -0.941624727887
0.209059308309 -0.872109813794
0.198632592355 -0.564864595374
0.081058083050 -0.577398287988
-0.287303232071 -0.838896852537
-0.015823596809 -0.771491999525
0.024532185504 -0.557591856498
-0.073444994588 -0.550952646471
0.310379244216 -0.154099127780
0.575843991871 -0.427522607159
0.627379498335 -0.642696733941
0.427005088921 -0.748194902639
0.359464213542 -0.991028552787
0.616697234758 -0.950410343027
0.534677724941 -0.683014485156
0.422742151057 -0.663313216343
0.121701775568 -1.000000000000
0.444620962293 -0.935944115029
0.362424581167 -0.600729562337
0.233305768767 -0.649322091401
-0.084643737125 -0.943147167268
0.216644979254 -0.869829556182
0.206163869677 -0.566333659771
0.087931549955 -0.581420050749
-0.275449811679 -0.842342132416
-0.006619843487 -0.770689529298
0.037735302861 -0.560131870921
-0.058871530299 -0.555097559955
0.317099968988 -0.158157501186
0.593612005044 -0.435013642461
0.647067653601 -0.656417575696
0.436957970732 -0.759076952469
0.376923972280 -0.990241646953
0.641615271636 -0.965633842614
0.552444819410 -0.691088771922
0.435456965575 -0.673431036739
0.138678470064 -1.000000000000
0.463708485619 -0.957099176957
0.378094251115 -0.617726930836
0.246026775453 -0.665840386019
-0.068507335248 -0.944964410797
0.232758763244 -0.891129711345
0.219397098760 -0.581905095995
0.096576795267 -0.597356115989
-0.260795899850 -0.847534202480
0.007868289580 -0.789124241517
0.048579950546 -0.574097225511
-0.053099983972 -0.568358963285
0.310727845585 -0.154411155626
0.604399473361 -0.441989653295
0.657372307632 -0.679554528122
0.425615021075 -0.782352583067
0.384467499961 -0.983830237117
0.644817116276 -1.000000000000
0.568126678113 -0.714760505805
0.453918593187 -0.674904798134
0.140833003713 -0.995270928193
0.450183816864 -0.999862440914
0.377798129795 -0.637537795482
0.252270833825 -0.667383792512
-0.075446917329 -0.947502329522
0.213702393107 -0.923087504545
0.207756136849 -0.591964819472
0.089465191785 -0.594201360554
-0.279806603346 -0.862244471938
-0.017134284393 -0.825763702432
0.023099059287 -0.592521376549
-0.076003141736 -0.577574508954
0.306587587533 -0.152698119410
0.590145641123 -0.444708088945
0.634866601533 -0.685253795333
0.406347458700 -0.788205286859
0.385436631381 -0.965991445123
0.622909371105 -0.991964629607
0.548441437239 -0.708118635760
0.437931869376 -0.667606163343
0.139164489891 -0.978063775103
0.424092364848 -1.000000000000
0.362776290870 -0.637527287616
0.249468901687 -0.666649169348
-0.076303730713 -0.931570336270
0.190889627130 -0.922997251390
0.194899575231 -0.591454440590
0.087153052768 -0.589230914088
-0.281490964056 -0.848563327938
-0.034309508765 -0.821327547845
0.010077034134 -0.592217050306
-0.080611242596 -0.576648755973
0.304689198709 -0.151155364334
0.583045521791 -0.443866927329
0.616326785506 -0.682324891691
0.389768206319 -0.785497577643
0.386634937859 -0.944511926064
0.613581198138 -0.986753904653
0.539887156879 -0.704097373542
0.432386718275 -0.663074447433
0.143209525396 -0.956516078213
0.414950593389 -1.000000000000
0.357257759115 -0.638896979107
0.250367090269 -0.666652704952
-0.071166754496 -0.914034639987
0.184022105831 -0.926329065919
0.189590881723 -0.597587188471
0.088037267604 -0.591752165933
-0.278519642671 -0.838825482142
-0.039135443024 -0.824213736314
0.003170391468 -0.595422960396
-0.082888966598 -0.575863410275
0.310695521198 -0.148152512442
0.591222967971 -0.444519564858
0.614829216986 -0.683673830110
0.389140654110 -0.796621054337
0.405520068388 -0.946911634499
0.621821689124 -0.990499804425
0.549445980130 -0.705889996874
0.444717976582 -0.659575070497
0.157020867327 -0.958207518915
0.412723117721 -1.000000000000
0.355349669978 -0.639754737578
0.251192079679 -0.664400943342
-0.061481448749 -0.917665244452
0.181871703935 -0.922542015878
0.184893868549 -0.596324664208
0.084718696691 -0.597696961960
-0.276241818994 -0.847100662991
-0.040312767143 -0.833805331749
-0.000152313867 -0.603735890373
-0.084840133176 -0.585727939720
0.300643105897 -0.139223158804
0.581173696854 -0.431974768618
0.607187085489 -0.673808037971
0.378340388444 -0.786467878476
0.405877223590 -0.913961901753
0.614045184215 -0.986252082062
0.549240661176 -0.707058876460
0.444510618703 -0.639643293415
0.165052050729 -0.929385664800
0.403453951024 -1.000000000000
0.349294564425 -0.639519648252
0.249367694173 -0.644901125948
-0.050353467643 -0.896038208297
0.177435664055 -0.921063568503
0.179788266829 -0.592690499326
0.084763830186 -0.577679102608
-0.267522278247 -0.832893076712
-0.042030184525 -0.836877396434
-0.007679918278 -0.608402983538
-0.088897743292 -0.582182278865
0.309669827107 -0.149553479488
0.592444484204 -0.437803612066
0.616496609585 -0.676111088228
0.388202217543 -0.785122783487
0.430339131621 -0.920109158755
0.632924591365 -0.974404714402
0.552613756110 -0.691278980713
0.452396567022 -0.647457156428
0.184972527425 -0.943652689678
0.433300059896 -1.000000000000
0.363271596198 -0.643771978489
0.259810086120 -0.669123183798
-0.031033111253 -0.911721774858
0.202367927410 -0.927564146295
0.193963863889 -0.606052000525
0.095019582201 -0.603975467759
-0.247381674424 -0.848704170185
-0.021187949653 -0.839157203796
0.008609153177 -0.617117188144
-0.074046054212 -0.600912960036
0.310240720884 -0.139200303263
0.600314588702 -0.427468323222
0.613409421918 -0.671419712803
0.369440870393 -0.777453722036
0.430192199686 -0.914717703362
0.629929064330 -0.976348352145
0.562167433215 -0.695659955751
0.467311804136 -0.638033507692
0.184039371338 -0.938444062515
0.415660744010 -1.000000000000
0.356416200831 -0.638493794252
0.262843873636 -0.650649647217
-0.035201797922 -0.909454292440
0.184567222898 -0.922535266169
0.180356970580 -0.592327896841
0.090311558022 -0.581254870446
-0.258706600180 -0.850514712116
-0.037973587066 -0.846065816755
-0.010604023517 -0.612889258042
-0.088673431612 -0.586101522259
0.311839976299 -0.132047117797
0.601930278824 -0.422864316888
0.615971771904 -0.674868154513
0.389828716933 -0.803611928251
0.471955234616 -0.891917147719
0.657523371358 -0.958109542044
0.567184137125 -0.675738648915
0.471067735207 -0.627629216999
0.224258576300 -0.930317206541
0.451568876540 -1.000000000000
0.374068584486 -0.639630055265
0.281069335297 -0.664805725084
0.002341292540 -0.913541038426
0.213908303388 -0.932403316009
0.192678496969 -0.601289918849
0.099751694508 -0.595081957655
-0.228505725235 -0.865196775462
-0.016135214314 -0.855213216874
0.002660770734 -0.628536636559
-0.074874718986 -0.614281906090
0.309717998919 -0.127374234555
0.603092071325 -0.416058364453
0.616591013505 -0.671580947581
0.376026223390 -0.788512701493
0.459286920789 -0.883056036087
0.645616083512 -0.954801834951
0.561069700217 -0.670680012360
0.468958326346 -0.615062809869
0.211074003564 -0.924024657037
0.432651971904 -1.000000000000
0.355768259187 -0.637192865583
0.266379661113 -0.655547752009
-0.010972177588 -0.909414170698
0.198682535543 -0.925814317479
0.181470667943 -0.595701168220
0.094698374464 -0.589030763666
-0.238844319675 -0.864201190849
-0.033358480507 -0.853873158610
-0.011896881609 -0.625557549313
-0.083984289148 -0.609445232939
0.308924950693 -0.114328720826
0.596223005046 -0.402283882085
0.575937985663 -0.669337125114
0.327869701442 -0.788706810714
0.484713941372 -0.823208702825
0.644736011844 -0.948728773965
0.562413281269 -0.672152171742
0.471366581324 -0.589229644147
0.239873024022 -0.869708358081
0.421703087931 -1.000000000000
0.349106847663 -0.643375746402
0.265888817640 -0.629372566106
0.018510932598 -0.864836588819
0.179188662485 -0.928112493786
0.164045556910 -0.598710543631
0.089129794134 -0.558635653708
-0.222481805451 -0.827605212830
-0.048704611602 -0.865855461034
-0.028221339682 -0.642806239454
-0.085993136645 -0.603361490233
0.302218710317 -0.123997156122
0.586006401647 -0.389608243230
0.577945878877 -0.653684713646
0.338498712759 -0.783751486765
0.480397020909 -0.814849587961
0.645486438216 -0.954600750239
0.566314730668 -0.681957902511
0.467082665886 -0.586151060533
0.241661621137 -0.856808102470
0.411599953314 -1.000000000000
0.338836161619 -0.640205777930
0.256272221780 -0.616279208757
0.025375708028 -0.851543167131
0.169057416403 -0.938946034373
0.155781842499 -0.607907905786
0.083344024703 -0.559776659004
-0.220832547750 -0.814672841683
-0.054179348225 -0.887088293930
-0.028089430110 -0.660640771398
-0.081693224030 -0.602821788593
0.305874819035 -0.121744160009
0.597429346322 -0.390542391415
0.593900809893 -0.655336916624
0.355257976620 -0.788010403306
0.499550070988 -0.820579366354
0.663798873635 -0.954628197327
0.582415922829 -0.685588477555
0.485457869168 -0.592706133504
0.259788309969 -0.866349482406
0.430363917903 -1.000000000000
0.352622809995 -0.646753635183
0.268926677053 -0.623280522919
0.041021372353 -0.861836213602
0.187492136990 -0.937264930620
0.167684816010 -0.615466965863
0.092895373240 -0.570721355500
-0.206160696318 -0.826059221619
-0.040760999576 -0.882958533156
-0.017990936010 -0.662428698819
-0.070944935325 -0.611068586019
0.307565045786 -0.126612118097
0.597084620202 -0.397076703032
0.593969691956 -0.665017571545
0.362807866093 -0.802034460510
0.490300178000 -0.823900676413
0.666418847661 -0.958166900581
0.586813957583 -0.687389413923
0.483655852895 -0.596464021270
0.253963277261 -0.867315159694
0.434491800445 -1.000000000000
0.357595571053 -0.646905545473
0.268263916412 -0.625922993056
0.039573551540 -0.863797538706
0.197937782079 -0.936278131781
0.177790002254 -0.612750524434
0.095349860874 -0.572477517680
-0.204086574313 -0.833516095908
-0.024782531462 -0.891623712336
-0.005767968968 -0.666276590929
-0.068859722930 -0.614163155854
0.311078032399 -0.133567856481
0.599188694114 -0.408640067470
0.586771587710 -0.682359980598
0.344240048659 -0.807456194289
0.489377633977 -0.816539453388
0.654898892130 -0.960860769972
0.584151995054 -0.693044616309
0.483685445790 -0.597605785119
0.258583176801 -0.858847258542
0.414072824634 -1.000000000000
0.349999240487 -0.653401142266
0.271601339157 -0.623606267046
0.047840287458 -0.854748227577
0.177786982108 -0.947482150917
0.168909936078 -0.629554973054
0.101516446377 -0.574299286536
-0.195201998290 -0.824071900733
-0.038203832150 -0.905423892708
-0.012503982243 -0.684134588674
-0.060802058552 -0.616939196693
0.310227796507 -0.137350228577
0.591312723608 -0.424882473254
0.572918765740 -0.696788488820
0.325753334813 -0.804872792959
0.469947638970 -0.839327529350
0.626329516582 -0.973638862881
0.564814010237 -0.699336302651
0.471663472387 -0.612392718673
0.231897081264 -0.876142157917
0.389885973748 -1.000000000000
0.337310671846 -0.648372726604
0.259543825103 -0.635326770519
0.019058465403 -0.864950569228
0.157623195910 -0.939614793224
0.160717224995 -0.624299962719
0.089701580155 -0.589634319215
-0.217039260173 -0.828735892190
-0.054718333525 -0.896228497822
-0.021538306470 -0.675673549647
-0.076001729190 -0.625450322794
0.301435397869 -0.126887750583
0.578376123372 -0.406145654683
0.563605481095 -0.675428700083
0.333050465507 -0.795726163439
0.484771786462 -0.805719015362
0.636456813393 -0.958462259137
0.571195648162 -0.693811469157
0.479725891951 -0.606643990079
0.250924164766 -0.846462439992
0.393073808510 -1.000000000000
0.335437258911 -0.647670385061
0.262085089595 -0.629736370056
0.036524603247 -0.841575203677
0.152009110005 -0.942407382573
0.150139762748 -0.620206574509
0.085335348574 -0.571627485525
-0.205125413280 -0.809452224762
-0.070624171081 -0.892210287572
-0.038749406377 -0.673898199570
-0.081760284742 -0.620551213943
0.306110379939 -0.127481283849
0.589640821681 -0.407859069510
0.574213867727 -0.681536055143
0.337025708894 -0.800430460885
0.492422807391 -0.814395789063
0.644497212108 -0.970211536706
0.587184596053 -0.710710949907
0.492182875006 -0.612812065846
0.261910746642 -0.854988373781
0.402583432931 -1.000000000000
0.347260530134 -0.661165271790
0.269815265672 -0.635561168700
0.048808882326 -0.847797951459
0.159946569851 -0.936271683369
0.159153334486 -0.628258432138
0.093766521190 -0.580468492120
-0.190131419729 -0.812967749713
-0.054919249426 -0.889466380258
-0.020346800386 -0.678922322532
-0.062370711199 -0.623544161335
0.299640222761 -0.129115986775
0.574244971497 -0.405156402106
0.547569111704 -0.675333617834
0.304206310757 -0.785262953271
0.476781028952 -0.790851422176
0.628156378313 -0.966778543365
0.571940615241 -0.703838788208
0.476313272981 -0.590251995936
0.248491613551 -0.828184575291
0.376912091745 -1.000000000000
0.327454997471 -0.665472927104
0.255324293089 -0.629101407368
0.037761271324 -0.817559225044
0.130046082063 -0.928510182045
0.136271691297 -0.621026238376
0.078487224542 -0.560838498139
-0.199610507095 -0.778570701771
-0.082421436993 -0.882817865241
-0.041727781212 -0.678282758485
-0.074496516889 -0.612421350934
0.295098036099 -0.121892391439
0.568189769616 -0.401559865571
0.530642541505 -0.667265970584
0.295462180345 -0.774134686844
0.475868706823 -0.814425259419
0.633773884287 -0.974151915065
0.571206676435 -0.711202931038
0.474634370867 -0.601310949564
0.240874152082 -0.854413051301
0.382492554244 -1.000000000000
0.328206701112 -0.661543718277
0.250960281582 -0.630641315243
0.025804888223 -0.840648186851
0.131646925618 -0.912575102858
0.135125976701 -0.608747243371
0.073898068779 -0.567270981604
-0.206921738205 -0.796247366376
-0.079785841198 -0.859858107884
-0.038476361129 -0.654979584255
-0.073101957412 -0.607205029914
0.285742740452 -0.145498980002
0.539510388156 -0.423532133456
0.490470167593 -0.673198448556
0.242911533016 -0.724920688919
0.436374264615 -0.828558739882
0.560477463138 -0.998768265252
0.513893582133 -0.747635610097
0.429184455167 -0.618381511615
0.202808917530 -0.857600950254
0.296158113712 -1.000000000000
0.269770869828 -0.693597201727
0.221786689189 -0.638014175682
-0.013341783069 -0.828512016032
0.037024504864 -0.916165959172
0.061939745196 -0.645259861596
0.042551167736 -0.575730221343
-0.241317966547 -0.765294949994
-0.169480855800 -0.854273999732
-0.109121833072 -0.668674730323
-0.100569446925 -0.593884105889
0.274017171178 -0.156689547289
0.508936580023 -0.440211958869
0.424231429809 -0.673360485809
0.157780021999 -0.699055720411
0.390401189049 -0.853811614771
0.508407650157 -1.000000000000
0.455597315220 -0.733899152563
0.375597027560 -0.616143077251
0.149837363182 -0.875939915309
0.244254889297 -0.993548463553
0.223500317464 -0.680504837323
0.185826067258 -0.641873864205
-0.065192986220 -0.834877708265
-0.017331518441 -0.906555352353
0.017916663565 -0.634663725646
0.012279438044 -0.576367895740
-0.290427367127 -0.757235777274
-0.231651934977 -0.831345718821
-0.159576074158 -0.644446244008
-0.133105069001 -0.576794068166
