-1.823397708610000056e-01 -7.727849580399999418e-02
-3.250881086269999942e-01 -2.211168640660000073e-01
-4.287743060970000131e-01 -3.362313861099999746e-01
-5.269835252140000481e-01 -4.011833940039999935e-01
-1.995722842800000119e-01 -5.134336768970000353e-01
-2.679141822019999730e-01 -6.854249089230000092e-01
-3.053125262870000078e-01 -7.917677263269999877e-01
-3.358783860669999899e-01 -8.828878388109999698e-01
-9.922777317400000019e-02 -5.424569602430000526e-01
-1.299820654540000120e-01 -7.570101908999999907e-01
-1.505766363180000011e-01 -8.884791676230000546e-01
-1.664881088110000129e-01 -1.000000000000000000e+00
-1.697313744000000053e-03 -5.154360238940000061e-01
-2.609511808999999925e-03 -7.182092327369999918e-01
-1.450705225799999928e-02 -8.394982798129999590e-01
-2.923948921099999917e-02 -9.427142398919999833e-01
9.505833398299999570e-02 -4.457815828669999814e-01
1.397996829869999902e-01 -5.992348941699999765e-01
1.581042245510000110e-01 -7.062587511629999648e-01
1.632171882660000128e-01 -8.098019513419999482e-01
-1.793596134529999997e-01 -7.885646676200000482e-02
-3.189631037690000004e-01 -2.221340064650000057e-01
-4.195889212200000218e-01 -3.368593034749999826e-01
-5.143476670640000359e-01 -4.019473051479999781e-01
-1.945110512530000002e-01 -5.124890040820000436e-01
-2.604984722340000225e-01 -6.857125416579999966e-01
-2.955193456279999742e-01 -7.936954065979999751e-01
-3.229755319809999858e-01 -8.862245725170000421e-01
-9.457930208299999975e-02 -5.405786128270000379e-01
-1.235841737639999938e-01 -7.563324341780000015e-01
-1.415943889140000023e-01 -8.880847465119999784e-01
-1.543257418289999960e-01 -1.000000000000000000e+00
3.104412269000000196e-03 -5.137155649739999497e-01
5.824352490000000299e-03 -7.183038973390000193e-01
-4.502289726999999728e-03 -8.411997534730000226e-01
-1.752422652100000047e-02 -9.444629335669999515e-01
1.009328317590000024e-01 -4.442812159530000193e-01
1.465419432769999863e-01 -5.995344261799999686e-01
1.650165527770000029e-01 -7.067484350460000453e-01
1.707173249660000058e-01 -8.092398103900000361e-01
-1.805378688110000074e-01 -7.921634494500000290e-02
-3.188118974090000113e-01 -2.224287065860000023e-01
-4.184552180419999767e-01 -3.374005311570000276e-01
-5.151716110880000254e-01 -4.008239874999999786e-01
-1.967544333169999882e-01 -5.134522008599999854e-01
-2.598969142249999975e-01 -6.874468912250000230e-01
-2.941076297699999897e-01 -7.959756533480000229e-01
-3.209516131260000127e-01 -8.885253920010000028e-01
-9.655390970299999875e-02 -5.410112398819999502e-01
-1.244365672459999961e-01 -7.574803774770000331e-01
-1.426206338809999918e-01 -8.888526007470000101e-01
-1.554440397359999892e-01 -1.000000000000000000e+00
1.861172842000000018e-03 -5.138409123649999577e-01
5.496063566999999719e-03 -7.196717871629999541e-01
-3.095975913000000197e-03 -8.421797879069999881e-01
-1.461810823799999937e-02 -9.446198648110000207e-01
1.010310526510000001e-01 -4.432935989169999869e-01
1.469072750729999988e-01 -5.997764007629999838e-01
1.665872787240000041e-01 -7.071642625270000426e-01
1.738799203839999918e-01 -8.091568947689999902e-01
-1.820199805880000077e-01 -8.174392789999999909e-02
-3.205296130279999822e-01 -2.236894034909999995e-01
-4.207648347440000047e-01 -3.374672868829999839e-01
-5.146689500490000402e-01 -4.043592768929999970e-01
-1.941909375639999935e-01 -5.127789050559999895e-01
-2.585928511560000032e-01 -6.867843407120000077e-01
-2.938566854169999965e-01 -7.945295135909999917e-01
-3.222200561470000002e-01 -8.873790573969999596e-01
-9.385601706200000227e-02 -5.397086971329999594e-01
-1.210960836690000014e-01 -7.562014009459999686e-01
-1.399843339229999983e-01 -8.883614523459999468e-01
-1.534907176149999941e-01 -1.000000000000000000e+00
4.026476739999999832e-03 -5.113910314080000186e-01
8.366526009999999958e-03 -7.158183141970000385e-01
-1.557005517000000080e-03 -8.368149179739999832e-01
-1.445282170100000048e-02 -9.377025013030000355e-01
1.022919469689999999e-01 -4.400498079490000047e-01
1.502819693849999916e-01 -5.941603449800000325e-01
1.699502400610000130e-01 -7.008027751519999571e-01
1.763631835320000063e-01 -8.022554106910000371e-01
-1.810305226070000051e-01 -8.303789849499999820e-02
-3.188466300510000018e-01 -2.313984402050000000e-01
-4.177254607700000011e-01 -3.506836074879999821e-01
-5.161481484829999467e-01 -4.156539611660000078e-01
-1.934319033309999936e-01 -5.126127791029999603e-01
-2.581056944319999880e-01 -6.874524310130000204e-01
-2.936039708350000055e-01 -7.959052607450000094e-01
-3.219470332509999921e-01 -8.882993705649999683e-01
-9.441139094999999315e-02 -5.388747108110000239e-01
-1.198142978119999952e-01 -7.562261279349999921e-01
-1.366327580739999936e-01 -8.883800890790000127e-01
-1.482318562369999981e-01 -1.000000000000000000e+00
2.191598308999999963e-03 -5.099675616009999857e-01
8.772775293999999710e-03 -7.145714584469999853e-01
3.157377561000000200e-03 -8.364107248669999661e-01
-5.779358574999999935e-03 -9.385276081469999809e-01
9.849451486099999875e-02 -4.386930702219999922e-01
1.468396395519999953e-01 -5.928053826150000427e-01
1.681738111399999902e-01 -6.988460994699999818e-01
1.773930983360000047e-01 -7.993424334790000252e-01
-1.811162637500000061e-01 -8.795155977900000199e-02
-3.168399605319999757e-01 -2.397545020290000051e-01
-4.131497535640000218e-01 -3.625860392260000231e-01
-5.075714201630000533e-01 -4.374955084530000038e-01
-1.859353992799999966e-01 -5.158084510449999494e-01
-2.470106647850000003e-01 -6.908965697409999995e-01
-2.820108638800000178e-01 -7.983348143990000034e-01
-3.110943566089999779e-01 -8.920389294980000106e-01
-8.624359279799999334e-02 -5.387671858339999620e-01
-1.095579449230000002e-01 -7.542988515609999611e-01
-1.288250262189999940e-01 -8.860510506290000254e-01
-1.452552451430000058e-01 -1.000000000000000000e+00
1.074541809500000056e-02 -5.057576823360000473e-01
1.987545836099999935e-02 -7.087921057279999992e-01
1.288564084599999951e-02 -8.310875776989999908e-01
7.988626589999999784e-04 -9.361617703810000135e-01
1.062521949359999940e-01 -4.302559021369999903e-01
1.583126806890000071e-01 -5.830405489859999957e-01
1.798371489510000032e-01 -6.885080724979999456e-01
1.875174334770000062e-01 -7.898442161569999564e-01
-1.790354112679999887e-01 -8.570805080700000245e-02
-3.124153748140000020e-01 -2.338428610939999874e-01
-4.049646217669999881e-01 -3.578363142679999997e-01
-4.973439577909999909e-01 -4.341279961200000259e-01
-1.848791459430000061e-01 -5.148634667220000072e-01
-2.442715053049999974e-01 -6.910989861390000044e-01
-2.786989708809999855e-01 -8.002804743150000455e-01
-3.074455667789999791e-01 -8.957220909819999521e-01
-8.383238893300000438e-02 -5.384771585740000255e-01
-1.058741448039999949e-01 -7.538463644239999928e-01
-1.234533997760000057e-01 -8.849995967360000382e-01
-1.371921595289999907e-01 -1.000000000000000000e+00
1.404450701800000027e-02 -5.068514618389999837e-01
2.621514252300000125e-02 -7.080684791869999994e-01
2.494849177899999965e-02 -8.305545215259999559e-01
1.896395396199999916e-02 -9.366924700840000284e-01
1.095656358790000062e-01 -4.321554237990000158e-01
1.599988033470000071e-01 -5.857631910030000055e-01
1.823634015320000079e-01 -6.886260371060000107e-01
1.918129210220000103e-01 -7.874874288580000492e-01
-1.786858201560000137e-01 -8.893973247799999426e-02
-3.111852620980000150e-01 -2.368742390930000108e-01
-4.011865484759999934e-01 -3.631595191340000195e-01
-4.874401898779999742e-01 -4.450481868189999912e-01
-1.813771323189999896e-01 -5.141220548139999735e-01
-2.391515564849999997e-01 -6.915448620749999886e-01
-2.718306052930000161e-01 -8.011793572199999991e-01
-2.994492949359999767e-01 -8.979378707559999562e-01
-7.960572536399999899e-02 -5.366633085840000206e-01
-1.011438379569999935e-01 -7.510865091139999894e-01
-1.186346555129999952e-01 -8.830335830329999469e-01
-1.319179108250000121e-01 -1.000000000000000000e+00
1.889018449799999971e-02 -5.040406244480000186e-01
3.420418339200000102e-02 -7.035933300979999583e-01
3.430295137600000016e-02 -8.256409184680000291e-01
2.982458485999999950e-02 -9.322313318670000237e-01
1.144777464759999946e-01 -4.284832037240000058e-01
1.685924476329999921e-01 -5.806714546929999665e-01
1.923455707120000080e-01 -6.830425656109999633e-01
2.030880888830000064e-01 -7.823711091880000135e-01
-1.784343447029999863e-01 -8.684886467900000684e-02
-3.104348480990000159e-01 -2.392130037690000099e-01
-3.997043975369999891e-01 -3.688193562920000224e-01
-4.894757309760000008e-01 -4.482218396389999748e-01
-1.766554807050000064e-01 -5.102565703100000460e-01
-2.328877510969999953e-01 -6.877250182230000286e-01
-2.634475363900000144e-01 -7.982675501589999723e-01
-2.884658259219999854e-01 -8.947949665850000178e-01
-7.359176360499999903e-02 -5.335378975129999590e-01
-9.409491804399999770e-02 -7.489909712550000265e-01
-1.081617918999999983e-01 -8.828726754179999636e-01
-1.170129439609999961e-01 -1.000000000000000000e+00
2.441175135800000007e-02 -5.006176898890000171e-01
4.187663187400000181e-02 -7.015629293859999560e-01
4.664766644699999687e-02 -8.245008298170000138e-01
4.756558927900000205e-02 -9.324446524559999450e-01
1.181587934549999941e-01 -4.250560298130000025e-01
1.737376740819999987e-01 -5.744309625250000328e-01
1.997477899389999978e-01 -6.757837331680000004e-01
2.141114289130000015e-01 -7.756074094470000180e-01
-1.798195172909999862e-01 -8.934445680100000509e-02
-3.133840763840000099e-01 -2.423765693349999861e-01
-4.036890848510000240e-01 -3.717367824819999833e-01
-4.904026960860000117e-01 -4.539905371069999918e-01
-1.772454326460000118e-01 -5.117335247859999825e-01
-2.329156661219999869e-01 -6.907999504209999531e-01
-2.624899512910000010e-01 -8.017299966969999581e-01
-2.865389300810000095e-01 -8.987873193859999832e-01
-7.346466650800000109e-02 -5.336943766239999887e-01
-9.233213473500000157e-02 -7.497702199419999936e-01
-1.048227674159999956e-01 -8.834712157890000084e-01
-1.125191789829999983e-01 -1.000000000000000000e+00
2.516908401699999992e-02 -4.996892209839999821e-01
4.403799434100000298e-02 -7.000878020480000297e-01
4.967474594000000077e-02 -8.224510204530000035e-01
5.071888152100000047e-02 -9.294531851120000354e-01
1.193621578149999946e-01 -4.232228305230000265e-01
1.767773857920000025e-01 -5.708032989689999503e-01
2.035724625030000123e-01 -6.723915015229999792e-01
2.181144486749999889e-01 -7.727296659519999888e-01
-1.784398814539999989e-01 -8.901240950600000645e-02
-3.108359326199999773e-01 -2.418550941750000072e-01
-3.991070687050000121e-01 -3.732235663619999921e-01
-4.848149293260000103e-01 -4.573921315230000118e-01
-1.735633584279999975e-01 -5.084392838810000148e-01
-2.305912565350000110e-01 -6.892707409610000502e-01
-2.618162981020000224e-01 -8.002750537270000297e-01
-2.871195595050000104e-01 -8.977854175830000116e-01
-7.048575650699999418e-02 -5.296883157749999738e-01
-9.045021390599999878e-02 -7.471590385190000072e-01
-1.037902563029999975e-01 -8.812328304659999834e-01
-1.117282679249999994e-01 -1.000000000000000000e+00
2.765151978100000019e-02 -4.957073816690000245e-01
4.517449098700000026e-02 -6.970986815709999673e-01
4.904272553300000059e-02 -8.201940776809999445e-01
4.909460833899999960e-02 -9.278299669759999535e-01
1.222202840550000030e-01 -4.201511318480000146e-01
1.799043470520000076e-01 -5.690738431240000006e-01
2.075276508789999919e-01 -6.706964951339999814e-01
2.232412884290000121e-01 -7.707362321220000423e-01
-1.769233743720000085e-01 -8.973751359999999899e-02
-3.069358273139999871e-01 -2.434242988910000072e-01
-3.929209559460000167e-01 -3.749814456480000113e-01
-4.783083203560000163e-01 -4.591162134199999745e-01
-1.723098489790000076e-01 -5.096551197719999537e-01
-2.285569551399999899e-01 -6.900500805779999913e-01
-2.575072352269999754e-01 -8.017855302359999659e-01
-2.806022319270000120e-01 -8.995211877550000068e-01
-6.774159002400000074e-02 -5.308522323219999617e-01
-8.687016007400000239e-02 -7.473402266540000172e-01
-9.909960183100000042e-02 -8.820344280799999881e-01
-1.060931442120000012e-01 -1.000000000000000000e+00
3.094758077599999921e-02 -4.969355240050000178e-01
4.961575277799999684e-02 -6.974798856160000504e-01
5.392240363800000075e-02 -8.203746405030000188e-01
5.445473349100000277e-02 -9.277013777870000144e-01
1.253539629840000058e-01 -4.213813407690000234e-01
1.845580930540000053e-01 -5.698448765620000023e-01
2.129277437550000096e-01 -6.719083447360000294e-01
2.292562058790000024e-01 -7.730888370720000458e-01
-1.771266646790000121e-01 -9.029011902399999845e-02
-3.060502652179999949e-01 -2.440718977949999924e-01
-3.906615150009999926e-01 -3.765001453910000184e-01
-4.771028812390000207e-01 -4.603627662259999753e-01
-1.747103111090000105e-01 -5.139427275060000078e-01
-2.289227094179999977e-01 -6.943756276250000470e-01
-2.561902333669999754e-01 -8.068218066710000080e-01
-2.779173436240000017e-01 -9.047057986859999845e-01
-6.835164848499999946e-02 -5.349693120959999604e-01
-8.421269621499999358e-02 -7.503142070010000442e-01
-9.480095522499999705e-02 -8.844026666869999609e-01
-1.006525983029999960e-01 -1.000000000000000000e+00
3.157709348300000163e-02 -5.010898075290000087e-01
5.280915522000000084e-02 -7.001966437929999509e-01
5.978193928799999807e-02 -8.218739377370000154e-01
6.265458190000000593e-02 -9.270672925980000256e-01
1.268910350219999983e-01 -4.252633762810000273e-01
1.860428443930000064e-01 -5.724010190630000050e-01
2.147974749469999944e-01 -6.722322855560000088e-01
2.319644056479999994e-01 -7.705953637610000184e-01
-1.766757254519999987e-01 -9.048435824900000202e-02
-3.055291836440000020e-01 -2.445661628749999927e-01
-3.901350584550000167e-01 -3.772234166930000243e-01
-4.759816508720000061e-01 -4.613737999829999881e-01
-1.741309085049999872e-01 -5.130366150740000020e-01
-2.275643573729999869e-01 -6.929830854020000430e-01
-2.543167412230000202e-01 -8.056285483189999930e-01
-2.759211707779999911e-01 -9.033645650860000487e-01
-6.818057278200000126e-02 -5.342063160909999997e-01
-8.417244036500000359e-02 -7.494653999350000539e-01
-9.495044124899999771e-02 -8.843389583330000248e-01
-1.012718203809999939e-01 -1.000000000000000000e+00
3.165532345000000164e-02 -5.009359949580000082e-01
5.284276790200000129e-02 -6.999685492580000057e-01
6.090812252299999952e-02 -8.210673211090000478e-01
6.427092045500000517e-02 -9.261193990260000453e-01
1.263577016980000078e-01 -4.260827115260000242e-01
1.852718877310000067e-01 -5.733331786169999500e-01
2.138560727599999878e-01 -6.736362419529999812e-01
2.307402884639999929e-01 -7.728238413789999539e-01
-1.790719796799999930e-01 -9.175005934200000657e-02
-3.091860111729999860e-01 -2.453407933819999887e-01
-3.956259888920000134e-01 -3.750052442690000043e-01
-4.793396224309999787e-01 -4.600746335429999889e-01
-1.768314355149999961e-01 -5.131105422839999930e-01
-2.281074259059999998e-01 -6.928797168500000492e-01
-2.556909782980000267e-01 -8.063084293990000484e-01
-2.781081481379999998e-01 -9.047464458089999884e-01
-7.338385797200000504e-02 -5.336906694270000528e-01
-8.870098872499999898e-02 -7.491073748109999819e-01
-9.966926073800000396e-02 -8.846149219219999749e-01
-1.064828790350000054e-01 -1.000000000000000000e+00
2.486629180999999980e-02 -5.011615004060000489e-01
4.458413829900000069e-02 -7.007561879679999883e-01
5.140505796900000229e-02 -8.214941498109999962e-01
5.309207757199999739e-02 -9.272943217239999480e-01
1.185360085970000033e-01 -4.279402560839999925e-01
1.761190054810000127e-01 -5.729705327080000243e-01
2.039731111130000107e-01 -6.732808769929999881e-01
2.197320036790000042e-01 -7.735346500090000132e-01
-1.783235815970000138e-01 -8.854190240499999753e-02
-3.081796087790000249e-01 -2.404724581890000101e-01
-3.972262350410000198e-01 -3.684427381300000026e-01
-4.859107673990000209e-01 -4.497389582219999959e-01
-1.825204586009999963e-01 -5.128799905549999982e-01
-2.346290107450000051e-01 -6.901470038129999818e-01
-2.635165188699999939e-01 -8.019174722459999627e-01
-2.870513545500000263e-01 -8.984677626410000340e-01
-7.979161674500000190e-02 -5.350996564469999717e-01
-9.684196274100000112e-02 -7.497143474220000492e-01
-1.100092233940000025e-01 -8.850547686480000342e-01
-1.194423402280000018e-01 -1.000000000000000000e+00
1.860235816700000003e-02 -5.027226859140000448e-01
3.716044888399999691e-02 -7.034533927949999654e-01
4.206353004399999984e-02 -8.249582906819999950e-01
4.124331414900000298e-02 -9.300635683169999890e-01
1.126706885200000063e-01 -4.277577486299999898e-01
1.683500329840000032e-01 -5.771933321640000392e-01
1.948695783959999983e-01 -6.785123595019999510e-01
2.084813580219999907e-01 -7.774140555459999602e-01
-1.769299222110000125e-01 -8.435767540199999581e-02
-3.079017889740000014e-01 -2.346781568150000108e-01
-3.992795910770000067e-01 -3.614292063830000235e-01
-4.897497178360000203e-01 -4.415118935189999982e-01
-1.831918557389999869e-01 -5.127706063329999786e-01
-2.392592303649999919e-01 -6.879433274320000402e-01
-2.692609506359999738e-01 -7.983535829060000033e-01
-2.932190361229999875e-01 -8.940154402250000132e-01
-8.080420888700000359e-02 -5.373209122150000017e-01
-1.021202222389999970e-01 -7.514277853649999894e-01
-1.178690986509999955e-01 -8.860684231640000297e-01
-1.291123489250000089e-01 -1.000000000000000000e+00
1.670971378400000137e-02 -5.059754957059999780e-01
3.581356399200000262e-02 -7.086370365619999445e-01
3.774769318199999724e-02 -8.289104773619999644e-01
3.449027920500000177e-02 -9.319198085959999878e-01
1.089798538110000048e-01 -4.307422581140000206e-01
1.643580824779999894e-01 -5.838985474740000514e-01
1.881685020680000098e-01 -6.870451370710000116e-01
1.987272767999999912e-01 -7.865587477469999644e-01
-1.790857636550000076e-01 -8.332133873699999749e-02
-3.113370158259999854e-01 -2.348528995670000064e-01
-4.054738928859999980e-01 -3.603417063830000044e-01
-5.018990939919999450e-01 -4.369205691460000263e-01
-1.849587790749999960e-01 -5.126640028719999798e-01
-2.410741833149999958e-01 -6.861763206530000492e-01
-2.735658950850000104e-01 -7.961663800499999555e-01
-3.010086093970000265e-01 -8.918956208180000012e-01
-8.514345119400000550e-02 -5.379982328389999457e-01
-1.054423712310000039e-01 -7.515906563690000208e-01
-1.215963045640000018e-01 -8.859727107589999706e-01
-1.343069746999999980e-01 -1.000000000000000000e+00
1.126422987799999970e-02 -5.075067154610000131e-01
2.920970205399999950e-02 -7.101554421879999746e-01
3.075653672399999983e-02 -8.309387364429999812e-01
2.627129249800000052e-02 -9.355231446430000153e-01
1.035187981760000014e-01 -4.332819921389999829e-01
1.578339035559999937e-01 -5.855248433380000339e-01
1.813105775739999870e-01 -6.883825483509999899e-01
1.908848156540000063e-01 -7.881839869929999631e-01
-1.795591749459999886e-01 -8.310542685300000010e-02
-3.138386470890000002e-01 -2.327083253099999915e-01
-4.098694002909999967e-01 -3.567056609020000102e-01
-5.052911195839999703e-01 -4.309023168800000247e-01
-1.895211634429999903e-01 -5.126051131669999705e-01
-2.478355813389999940e-01 -6.869906405760000112e-01
-2.809284692999999833e-01 -7.966888209989999581e-01
-3.088985252679999904e-01 -8.913589160279999923e-01
-8.920216311799999964e-02 -5.387263286010000041e-01
-1.100872789879999980e-01 -7.541614217459999825e-01
-1.262242460830000079e-01 -8.874833154310000083e-01
-1.395500469629999962e-01 -1.000000000000000000e+00
7.891157419999999395e-03 -5.088079719989999639e-01
2.324263287199999917e-02 -7.137307606689999862e-01
2.420296124500000146e-02 -8.349121104579999564e-01
1.871135111400000148e-02 -9.392024084400000250e-01
1.008318740329999935e-01 -4.350199824050000053e-01
1.532753092490000135e-01 -5.885076430210000042e-01
1.761357907099999898e-01 -6.934663875590000304e-01
1.847103744889999899e-01 -7.944558317480000520e-01
-1.801084692480000027e-01 -8.210762296399999605e-02
-3.134918751879999799e-01 -2.295579149289999898e-01
-4.087080183230000219e-01 -3.518366592030000017e-01
-5.050963393070000418e-01 -4.262757649019999762e-01
-1.916536229490000132e-01 -5.092980023619999574e-01
-2.504783515640000013e-01 -6.847559884349999626e-01
-2.840101101790000193e-01 -7.945910134250000478e-01
-3.127270794570000123e-01 -8.896296353489999698e-01
-9.180105028099999620e-02 -5.355063097819999784e-01
-1.141966566620000040e-01 -7.528288810330000524e-01
-1.318087040220000117e-01 -8.871713323750000102e-01
-1.468540821040000000e-01 -1.000000000000000000e+00
5.091119796000000142e-03 -5.063823921400000261e-01
1.694198358700000143e-02 -7.129581780100000543e-01
1.463209690499999924e-02 -8.336485137279999735e-01
5.848744121000000289e-03 -9.366708622280000007e-01
9.858693520800000665e-02 -4.337961116699999842e-01
1.483678849060000027e-01 -5.891240772629999789e-01
1.687155344190000017e-01 -6.940192904449999922e-01
1.742981268490000069e-01 -7.941143173560000212e-01
-1.795266721990000092e-01 -8.260794716899999557e-02
-3.145240209769999962e-01 -2.311635381490000085e-01
-4.107708930880000220e-01 -3.519457728379999928e-01
-5.071531751640000474e-01 -4.210627763240000210e-01
-1.978474315529999972e-01 -5.104548673050000041e-01
-2.583552470880000063e-01 -6.855909932979999954e-01
-2.925860967789999934e-01 -7.950637231780000036e-01
-3.222174206460000079e-01 -8.898846534419999621e-01
-9.776529861499999585e-02 -5.368339422500000291e-01
-1.213676273009999945e-01 -7.538400113540000280e-01
-1.395591316869999876e-01 -8.870964391429999596e-01
-1.556775629159999896e-01 -1.000000000000000000e+00
-5.675373099999999650e-04 -5.084779805150000387e-01
7.741826731999999940e-03 -7.149198947999999554e-01
3.329273501999999944e-03 -8.349635296740000046e-01
-7.511885280000000012e-03 -9.382215256820000127e-01
9.460453271200000569e-02 -4.373016945509999864e-01
1.424523874220000041e-01 -5.925842052780000424e-01
1.615471668640000025e-01 -6.988199866330000454e-01
1.660195861629999992e-01 -8.020290329829999898e-01
-1.825684311799999904e-01 -8.248532170200000013e-02
-3.214267098299999903e-01 -2.319351487999999906e-01
-4.197021469819999795e-01 -3.531603552179999883e-01
-5.142465297920000289e-01 -4.213799666720000059e-01
-2.079513116479999868e-01 -5.103939919379999468e-01
-2.702201556220000245e-01 -6.865366276940000345e-01
-3.065245379559999872e-01 -7.957433209690000231e-01
-3.384447827179999924e-01 -8.903352065740000043e-01
-1.086946749730000050e-01 -5.373274639239999928e-01
-1.326057561579999933e-01 -7.542196237889999821e-01
-1.520119744370000137e-01 -8.870914568319999693e-01
-1.689082722059999930e-01 -1.000000000000000000e+00
-1.117916588700000081e-02 -5.100151068510000441e-01
-3.084503112000000144e-03 -7.152515856900000246e-01
-5.425874724999999940e-03 -8.362650853630000380e-01
-1.385833514899999924e-02 -9.412647632099999662e-01
8.444970367500000130e-02 -4.403712863890000273e-01
1.324849141810000019e-01 -5.949594636260000513e-01
1.524850777729999940e-01 -7.015425242080000068e-01
1.584809860299999928e-01 -8.057930488710000061e-01
-1.812612276020000024e-01 -8.186970635800000506e-02
-3.214357466880000125e-01 -2.284909397880000026e-01
-4.221923798580000109e-01 -3.495956300909999759e-01
-5.187781314220000217e-01 -4.206784673239999939e-01
-2.065019932109999901e-01 -5.127710045009999940e-01
-2.687880592949999925e-01 -6.861924286160000497e-01
-3.063223515779999739e-01 -7.945495976569999508e-01
-3.397723521070000197e-01 -8.893253922099999542e-01
-1.076489269090000062e-01 -5.407369419099999908e-01
-1.331876462009999873e-01 -7.546897304670000528e-01
-1.552560745069999915e-01 -8.872662690820000142e-01
-1.745431709739999893e-01 -1.000000000000000000e+00
-1.036916414399999958e-02 -5.132374970480000353e-01
-1.308364438999999992e-03 -7.171632071850000401e-01
-3.850722385000000195e-03 -8.372496589860000116e-01
-1.219495288100000061e-02 -9.405593416590000144e-01
8.477299242499999887e-02 -4.428252318359999773e-01
1.344209347710000058e-01 -5.971345162190000444e-01
1.550857732990000015e-01 -7.034411976190000360e-01
1.615341324979999993e-01 -8.066636001879999851e-01
-1.812119086279999902e-01 -7.894075294100000306e-02
-3.209972200460000091e-01 -2.235819789300000082e-01
-4.219629364670000049e-01 -3.431123960920000049e-01
-5.175829710039999698e-01 -4.124751998030000144e-01
-2.075835790280000093e-01 -5.096248835509999964e-01
-2.716494191659999946e-01 -6.821014876400000038e-01
-3.102467717480000275e-01 -7.896409456159999563e-01
-3.443892915389999976e-01 -8.832714582899999778e-01
-1.097402980779999954e-01 -5.392079098800000025e-01
-1.379629705900000114e-01 -7.532683664829999959e-01
-1.618232547000000021e-01 -8.861458385689999773e-01
-1.824078124550000124e-01 -1.000000000000000000e+00
-1.266429380000000035e-02 -5.131827297380000541e-01
-3.701886760000000151e-03 -7.167567243269999944e-01
-6.653881561000000305e-03 -8.377982460259999486e-01
-1.510296970100000018e-02 -9.424982106150000538e-01
8.230722045100000162e-02 -4.434264794230000084e-01
1.299421572120000035e-01 -5.980895815190000464e-01
1.485931354670000093e-01 -7.042010556190000381e-01
1.537400090569999989e-01 -8.072893515650000351e-01
-1.845436784979999911e-01 -7.775942783000000524e-02
-3.258454071119999962e-01 -2.209758887519999992e-01
-4.278631939909999793e-01 -3.380307027610000015e-01
-5.222262990599999544e-01 -4.067306431780000064e-01
-2.154319991070000051e-01 -5.083098836510000496e-01
-2.796806404080000030e-01 -6.812466239069999707e-01
-3.196294217980000241e-01 -7.885844848459999668e-01
-3.556539384529999737e-01 -8.822060901760000462e-01
-1.165755926300000023e-01 -5.384643734799999804e-01
-1.427905682969999868e-01 -7.539785631690000267e-01
-1.675467901920000002e-01 -8.864544421209999969e-01
-1.899753063980000045e-01 -1.000000000000000000e+00
-1.915575893799999901e-02 -5.134289130300000448e-01
-1.037869564700000073e-02 -7.173947582640000098e-01
-1.482385959699999978e-02 -8.363954670969999672e-01
-2.505129979799999851e-02 -9.403747669280000387e-01
7.540827282600000292e-02 -4.446423428860000193e-01
1.231088958240000031e-01 -5.987214991849999501e-01
1.410616312409999906e-01 -7.047353145470000024e-01
1.450107315999999980e-01 -8.087974391229999505e-01
-1.878297283660000094e-01 -7.588138367600000267e-02
-3.311537980140000226e-01 -2.176429830230000029e-01
-4.342975352299999758e-01 -3.341422192829999749e-01
-5.299427908670000242e-01 -4.040722910790000011e-01
-2.221950013819999903e-01 -5.076645791130000029e-01
-2.875862204549999857e-01 -6.787529421410000152e-01
-3.291016194590000166e-01 -7.854914166730000424e-01
-3.673390125259999861e-01 -8.790926333199999831e-01
-1.231620261810000005e-01 -5.390894379849999751e-01
-1.513801336670000108e-01 -7.534036502790000256e-01
-1.789560902640000006e-01 -8.862135072829999682e-01
-2.055770045699999993e-01 -1.000000000000000000e+00
-2.557062872499999903e-02 -5.148242828040000552e-01
-1.902778248499999852e-02 -7.195423927670000497e-01
-2.515608913099999858e-02 -8.391828339329999720e-01
-3.808889419099999868e-02 -9.435051920189999608e-01
6.881309812300000217e-02 -4.463621793290000195e-01
1.143794800410000007e-01 -6.004488592019999738e-01
1.307843358949999923e-01 -7.071004672289999959e-01
1.323976599449999958e-01 -8.112961060769999788e-01
-1.858855549760000114e-01 -7.325952317200000452e-02
-3.286826027599999978e-01 -2.145217656969999886e-01
-4.324937016029999914e-01 -3.304420303310000029e-01
-5.297318423710000168e-01 -3.991602375550000192e-01
-2.241128800059999926e-01 -5.091938587109999803e-01
-2.908986401690000223e-01 -6.792005679699999465e-01
-3.346920591779999898e-01 -7.853851442329999877e-01
-3.761544683770000064e-01 -8.784777986639999980e-01
-1.252263008160000024e-01 -5.418824211370000254e-01
-1.544282115879999917e-01 -7.546830231879999573e-01
-1.842240450269999885e-01 -8.869698500470000191e-01
-2.142199916649999980e-01 -1.000000000000000000e+00
-2.716108886800000163e-02 -5.186231831619999566e-01
-2.308609965500000097e-02 -7.220743159110000198e-01
-3.041922645799999964e-02 -8.407295748180000361e-01
-4.557994029199999991e-02 -9.445777195579999619e-01
6.831215805300000499e-02 -4.511643878839999844e-01
1.110377521160000047e-01 -6.054102219579999833e-01
1.244380877209999986e-01 -7.119053509720000283e-01
1.226911375159999984e-01 -8.162708608209999772e-01
-1.852280038419999997e-01 -7.221686629399999557e-02
-3.264191643150000099e-01 -2.100647492190000076e-01
-4.293646390340000174e-01 -3.247549356039999835e-01
-5.250814634489999744e-01 -3.970218867809999774e-01
-2.252069896180000086e-01 -5.102761279599999922e-01
-2.957236482200000238e-01 -6.794721481850000133e-01
-3.420323157010000115e-01 -7.844322077219999523e-01
-3.856607425890000163e-01 -8.770493343690000110e-01
-1.261204614049999950e-01 -5.435848964880000134e-01
-1.593475406859999888e-01 -7.560689419760000529e-01
-1.906030075600000095e-01 -8.870224309299999943e-01
-2.228061292290000051e-01 -1.000000000000000000e+00
-2.846321231900000165e-02 -5.207692234549999855e-01
-2.519849929299999847e-02 -7.239182859330000053e-01
-3.384416789400000042e-02 -8.423667133900000215e-01
-5.106741584499999848e-02 -9.462586971709999739e-01
6.660956156700000019e-02 -4.533024753320000211e-01
1.092882505100000040e-01 -6.087512218230000105e-01
1.228839601850000018e-01 -7.154583152939999469e-01
1.201764600840000002e-01 -8.195347917849999941e-01
-1.853094939880000069e-01 -7.052479974500000526e-02
-3.270924624880000020e-01 -2.069133946989999973e-01
-4.317716151839999794e-01 -3.192149527970000178e-01
-5.258423115510000301e-01 -3.887084691170000217e-01
-2.254971869159999864e-01 -5.079215106409999958e-01
-2.936241135209999853e-01 -6.764549875640000209e-01
-3.403495497380000234e-01 -7.812074205960000128e-01
-3.852253979909999737e-01 -8.729310473560000228e-01
-1.288064394050000006e-01 -5.426665718769999591e-01
-1.620775879049999868e-01 -7.551267656050000276e-01
-1.949749367259999977e-01 -8.869167403190000298e-01
-2.280954459790000000e-01 -1.000000000000000000e+00
-3.202102137900000173e-02 -5.214949403080000323e-01
-2.797876903599999868e-02 -7.272935450430000337e-01
-3.695698719599999765e-02 -8.461556358249999743e-01
-5.444531057000000229e-02 -9.510635607120000445e-01
6.288259689200000058e-02 -4.552092361269999832e-01
1.061370786179999942e-01 -6.120747954220000508e-01
1.195383746630000049e-01 -7.190562278550000075e-01
1.168618189169999960e-01 -8.237125167280000548e-01
-1.857163850440000097e-01 -6.533390800100000173e-02
-3.304254913549999895e-01 -1.998833278259999902e-01
-4.354218441180000010e-01 -3.123362854489999951e-01
-5.286261037420000308e-01 -3.806450739789999926e-01
-2.319842183359999976e-01 -5.088426806850000483e-01
-3.034787421619999925e-01 -6.754098650099999990e-01
-3.505729062619999947e-01 -7.796750673679999633e-01
-3.942110597660000160e-01 -8.700149375869999924e-01
-1.344630822969999917e-01 -5.457257142760000290e-01
-1.723115427270000000e-01 -7.573793267989999967e-01
-2.064825621939999911e-01 -8.878915560019999820e-01
-2.404112390910000119e-01 -1.000000000000000000e+00
-3.637038584499999866e-02 -5.263325726969999563e-01
-3.799400937099999681e-02 -7.334998900760000273e-01
-5.026971216500000089e-02 -8.538495050840000378e-01
-7.061895971499999869e-02 -9.580128948830000102e-01
6.102473922699999664e-02 -4.618099387160000124e-01
9.930560428800000450e-02 -6.231788121610000175e-01
1.098034709899999989e-01 -7.330263182780000220e-01
1.041519777099999960e-01 -8.386127088779999905e-01
-1.842821270789999910e-01 -6.610157004399999647e-02
-3.274364893630000162e-01 -2.000462202590000127e-01
-4.322164418650000228e-01 -3.107117188419999954e-01
-5.246983448769999558e-01 -3.792376672100000179e-01
-2.321295194749999902e-01 -5.078256017419999768e-01
-3.038340099879999756e-01 -6.742559938719999701e-01
-3.520127278449999841e-01 -7.787417850219999771e-01
-3.976296791019999777e-01 -8.698522432349999889e-01
-1.346243371630000130e-01 -5.438835577720000369e-01
-1.739676301209999998e-01 -7.553758477649999969e-01
-2.092977939800000076e-01 -8.867506444699999602e-01
-2.454051336779999870e-01 -1.000000000000000000e+00
-3.696371968400000152e-02 -5.242412858039999790e-01
-3.833397523200000184e-02 -7.296654052869999685e-01
-5.210788580200000075e-02 -8.493587496590000452e-01
-7.482960553499999612e-02 -9.537744344349999848e-01
5.969322901500000167e-02 -4.601990236130000245e-01
9.691103227599999481e-02 -6.214765526290000341e-01
1.051877468330000009e-01 -7.297223555670000472e-01
9.704845028300000676e-02 -8.340608430570000120e-01
-1.846800746070000054e-01 -6.734537686899999542e-02
-3.287451247109999808e-01 -1.991433206440000048e-01
-4.338059286309999818e-01 -3.078590683290000074e-01
-5.253840405199999841e-01 -3.763175040899999768e-01
-2.351133806129999948e-01 -5.098238409930000437e-01
-3.105342916370000261e-01 -6.762138207300000259e-01
-3.603942334390000113e-01 -7.801388068300000311e-01
-4.073482963830000192e-01 -8.704942180639999583e-01
-1.390727923810000100e-01 -5.449627610220000307e-01
-1.804944563700000004e-01 -7.563101209100000499e-01
-2.160167206820000074e-01 -8.870829752229999476e-01
-2.518602594739999812e-01 -1.000000000000000000e+00
-4.140332586099999823e-02 -5.244392696790000086e-01
-4.669518573099999681e-02 -7.302599612760000136e-01
-6.333203582099999895e-02 -8.512808907219999721e-01
-8.832833358899999654e-02 -9.574262788270000435e-01
5.639099473499999821e-02 -4.596617070810000150e-01
9.463474445099999410e-02 -6.218648331399999618e-01
1.041037679660000020e-01 -7.317642385329999888e-01
9.681733894999999812e-02 -8.387005477279999566e-01
-1.863926129390000019e-01 -6.663942383500000288e-02
-3.311306441640000098e-01 -1.992705477379999868e-01
-4.363153436039999833e-01 -3.083302559459999981e-01
-5.275786524479999517e-01 -3.749305022209999949e-01
-2.401266152119999886e-01 -5.110930503649999679e-01
-3.181163167189999808e-01 -6.735584219529999750e-01
-3.704068475119999815e-01 -7.756947234519999679e-01
-4.179301504260000133e-01 -8.637721261740000100e-01
-1.443816552399999897e-01 -5.486614749999999541e-01
-1.893898599190000087e-01 -7.572992078639999569e-01
-2.287692278679999969e-01 -8.888839160849999477e-01
-2.667461759929999898e-01 -1.000000000000000000e+00
-4.575034725800000007e-02 -5.297978812700000484e-01
-5.066214836699999696e-02 -7.350720108549999576e-01
-6.904638962299999849e-02 -8.558254622730000483e-01
-9.602030355500000558e-02 -9.602388813819999758e-01
5.271568317900000161e-02 -4.654210284799999986e-01
8.939426850999999952e-02 -6.315520453809999601e-01
9.603565330499999608e-02 -7.427737480720000285e-01
8.554992949499999610e-02 -8.494901205620000173e-01
-1.847004363539999916e-01 -6.625791829799999866e-02
-3.304194905119999803e-01 -1.988774731719999966e-01
-4.344740779190000013e-01 -3.079114916499999799e-01
-5.221362895429999540e-01 -3.684736670689999771e-01
-2.453317572919999912e-01 -5.090949976719999492e-01
-3.240751507469999959e-01 -6.744460739840000274e-01
-3.770520627749999742e-01 -7.776675771069999632e-01
-4.262790225829999891e-01 -8.681391532700000191e-01
-1.485814401949999974e-01 -5.470705510059999943e-01
-1.967861192760000100e-01 -7.576443612019999607e-01
-2.375115183540000008e-01 -8.878366848419999569e-01
-2.772278697269999759e-01 -1.000000000000000000e+00
-4.850510443699999896e-02 -5.286980204340000489e-01
-5.916948930100000142e-02 -7.353804728439999883e-01
-8.006884151700000007e-02 -8.563944888940000499e-01
-1.095750225519999954e-01 -9.614010193449999964e-01
5.391979462600000189e-02 -4.648916088110000011e-01
8.753017944799999783e-02 -6.336166138800000125e-01
9.378826614000000672e-02 -7.483412340280000130e-01
8.301974573999999774e-02 -8.587181359679999515e-01
-1.862046189029999965e-01 -6.568885629899999523e-02
-3.342003359690000064e-01 -1.979886271150000099e-01
-4.394300552009999805e-01 -3.070858410299999730e-01
-5.249610982969999950e-01 -3.688234657700000252e-01
-2.480547660009999877e-01 -5.055411680239999539e-01
-3.253656042699999973e-01 -6.698007715729999978e-01
-3.772543672259999759e-01 -7.715691184890000054e-01
-4.243732538100000173e-01 -8.602548211699999614e-01
-1.520109196699999943e-01 -5.432010619610000424e-01
-1.998341128710000025e-01 -7.540884574880000191e-01
-2.394827055440000019e-01 -8.859505967009999594e-01
-2.767830935219999788e-01 -1.000000000000000000e+00
-5.237933662600000040e-02 -5.252809832879999918e-01
-6.261732335000000371e-02 -7.318068871630000194e-01
-8.372187407999999442e-02 -8.524707297870000033e-01
-1.123363694569999988e-01 -9.579772302079999635e-01
4.963081428999999850e-02 -4.627763311359999743e-01
8.237005784800000008e-02 -6.295817977050000014e-01
8.791610035300000126e-02 -7.424573516819999996e-01
7.698434482100000031e-02 -8.519778639939999954e-01
-1.865293225759999951e-01 -6.270124582300000415e-02
-3.390526235910000241e-01 -1.948164110429999873e-01
-4.490444372790000083e-01 -3.042561789270000205e-01
-5.355499400740000304e-01 -3.673416881150000091e-01
-2.537687707910000201e-01 -5.031804030350000012e-01
-3.323681281329999848e-01 -6.687065589230000162e-01
-3.857903679119999985e-01 -7.710440952529999947e-01
-4.337321733400000268e-01 -8.604085701320000057e-01
-1.566304859050000053e-01 -5.410092557929999657e-01
-2.034700543340000056e-01 -7.537151815170000102e-01
-2.425252833540000041e-01 -8.843907052060000495e-01
-2.807115973620000204e-01 -1.000000000000000000e+00
-5.623550468499999982e-02 -5.237083406960000298e-01
-6.463102804900000553e-02 -7.287189483210000374e-01
-8.460733868799999446e-02 -8.508298051610000412e-01
-1.129500971830000033e-01 -9.591459481980000312e-01
4.571734949700000106e-02 -4.621647308869999971e-01
7.617747511300000662e-02 -6.315278668560000419e-01
8.087867385300000211e-02 -7.430733208059999706e-01
6.923746216600000503e-02 -8.514991700470000424e-01
-1.901886381679999960e-01 -6.415593653499999938e-02
-3.449382263319999975e-01 -1.978218808309999965e-01
-4.565710173340000178e-01 -3.061567082969999798e-01
-5.445709589970000319e-01 -3.686946959290000048e-01
-2.569564473140000249e-01 -5.072420917500000126e-01
-3.375805506940000034e-01 -6.752391797129999595e-01
-3.932980139039999878e-01 -7.771100148870000446e-01
-4.448264012700000047e-01 -8.658085718819999999e-01
-1.590120362859999970e-01 -5.438034068039999669e-01
-2.063490624400000084e-01 -7.565333313490000267e-01
-2.474771100679999947e-01 -8.856342871650000337e-01
-2.881171719169999812e-01 -1.000000000000000000e+00
-5.774446255400000200e-02 -5.248150826940000124e-01
-6.601448034899999595e-02 -7.301460145889999698e-01
-8.579793139800000190e-02 -8.523553290040000174e-01
-1.140400030759999989e-01 -9.614314720609999920e-01
4.431348696000000226e-02 -4.610036650809999914e-01
7.773022863400000371e-02 -6.304801817049999757e-01
8.398569631499999688e-02 -7.439154949840000031e-01
7.375718001500000676e-02 -8.553290261699999508e-01
-1.897145605270000035e-01 -6.179517081500000147e-02
-3.450450782960000073e-01 -1.950644393980000002e-01
-4.579047999259999724e-01 -3.032465739960000239e-01
-5.506538812700000340e-01 -3.661396109210000027e-01
-2.582989163530000076e-01 -5.072758671499999483e-01
-3.399538287409999970e-01 -6.741853560039999804e-01
-3.953346736460000010e-01 -7.756415040309999620e-01
-4.464475031369999902e-01 -8.636923332649999452e-01
-1.600286796389999988e-01 -5.448410986349999652e-01
-2.079441071910000105e-01 -7.567252872059999635e-01
-2.482343315170000009e-01 -8.858854088040000185e-01
-2.882278450290000071e-01 -1.000000000000000000e+00
-5.809876890599999927e-02 -5.264834706000000031e-01
-6.839701651599999765e-02 -7.307910655029999925e-01
-8.845206864500000654e-02 -8.536070081509999907e-01
-1.166235933650000001e-01 -9.626622197340000131e-01
4.498249048200000239e-02 -4.633319848390000106e-01
7.536707360000000078e-02 -6.331245227970000444e-01
8.056456632200000023e-02 -7.460800196939999518e-01
6.983226183200000325e-02 -8.561366302770000436e-01
-1.880092483780000101e-01 -6.111104285999999913e-02
-3.420888777469999753e-01 -1.946850223000000102e-01
-4.525146421619999915e-01 -3.047813810939999923e-01
-5.472604589999999769e-01 -3.689289857729999844e-01
-2.582722474160000226e-01 -5.085020175869999770e-01
-3.391555476890000254e-01 -6.751006655929999711e-01
-3.943921303019999880e-01 -7.763563085200000380e-01
-4.453299995560000002e-01 -8.639703286540000304e-01
-1.597133655090000048e-01 -5.457754336579999643e-01
-2.084099565160000000e-01 -7.572793579719999668e-01
-2.488722470049999913e-01 -8.864037964809999837e-01
-2.894939002129999772e-01 -1.000000000000000000e+00
-5.771486490399999753e-02 -5.274676812359999634e-01
-7.175246445600000356e-02 -7.316396754309999473e-01
-9.372471941200000156e-02 -8.541529611200000538e-01
-1.236240696450000009e-01 -9.610534103760000058e-01
4.648711330299999667e-02 -4.652117288379999938e-01
7.336931204699999320e-02 -6.342510834950000342e-01
7.610013864900000424e-02 -7.462803152739999613e-01
6.269542989800000465e-02 -8.537970500470000168e-01
-1.906745163599999904e-01 -5.847784387200000156e-02
-3.461485745460000096e-01 -1.952333170209999968e-01
-4.583385119480000158e-01 -3.057574909310000200e-01
-5.597903369729999579e-01 -3.679640276410000022e-01
-2.609865472060000080e-01 -5.095085220999999720e-01
-3.406021671900000269e-01 -6.747002037299999477e-01
-3.955016198890000112e-01 -7.759715138160000469e-01
-4.468628058419999993e-01 -8.632342258480000252e-01
-1.639602845539999965e-01 -5.482937289789999724e-01
-2.140234542870000090e-01 -7.596497335440000054e-01
-2.563444688659999859e-01 -8.882759167929999977e-01
-2.996408249010000246e-01 -1.000000000000000000e+00
-6.225799673799999739e-02 -5.316831158079999842e-01
-8.244364238599999339e-02 -7.398815708639999711e-01
-1.102615658320000025e-01 -8.620067872359999939e-01
-1.469743970319999926e-01 -9.689937140050000064e-01
4.280682602900000300e-02 -4.711926630600000165e-01
6.519217793800000105e-02 -6.463945345849999580e-01
6.270908166499999936e-02 -7.612282159109999835e-01
4.285744638200000151e-02 -8.725416085139999778e-01
