-1.622752877599999977e-01 -1.241908110260000059e-01
-2.605985609120000102e-01 -2.990691015020000010e-01
-3.172160219799999847e-01 -4.435248463759999815e-01
-3.849044054129999726e-01 -5.437676131890000208e-01
-7.390558888499999812e-02 -5.395710804769999758e-01
-1.003776822459999940e-01 -7.269717662689999527e-01
-1.142901353550000026e-01 -8.426166187089999537e-01
-1.247449868900000064e-01 -9.444749071239999516e-01
3.491667795000000241e-02 -5.415796980910000391e-01
5.139807205000000018e-02 -7.558797294429999702e-01
5.545615076000000310e-02 -8.854213963160000311e-01
5.965253353299999894e-02 -1.000000000000000000e+00
1.270154286100000085e-01 -4.913140580290000226e-01
1.715845426319999867e-01 -6.871156810630000278e-01
1.870710591099999931e-01 -8.048892975239999581e-01
1.944848406059999923e-01 -9.095926402570000402e-01
2.084173256129999985e-01 -4.005752273489999737e-01
2.759132468869999744e-01 -5.454480435390000048e-01
3.079687220499999767e-01 -6.468470227220000091e-01
3.275455841880000052e-01 -7.484806719919999685e-01
-1.638671599139999990e-01 -1.226681405319999946e-01
-2.638951043569999766e-01 -2.980034580679999934e-01
-3.210932108649999783e-01 -4.431364246119999795e-01
-3.886771198289999951e-01 -5.432460001159999941e-01
-7.697325364399999759e-02 -5.425957758130000030e-01
-1.024074132660000025e-01 -7.298412664929999627e-01
-1.159941628229999994e-01 -8.452773066040000227e-01
-1.265486955119999868e-01 -9.464906139750000058e-01
3.348694214000000335e-02 -5.449168079739999948e-01
5.148489364199999863e-02 -7.583178731549999885e-01
5.676864960999999932e-02 -8.870569670939999485e-01
6.104681425700000247e-02 -1.000000000000000000e+00
1.272365956890000038e-01 -4.956261284169999892e-01
1.716063974360000077e-01 -6.907872932799999921e-01
1.891299453829999866e-01 -8.075440170040000254e-01
1.974653270039999908e-01 -9.110141813609999861e-01
2.102692956739999897e-01 -4.064419255689999955e-01
2.760642916259999913e-01 -5.509486433670000016e-01
3.068388712510000116e-01 -6.509945394320000300e-01
3.248923450949999792e-01 -7.508231682829999976e-01
-1.661326759990000013e-01 -1.215649563500000030e-01
-2.675652125310000184e-01 -2.953509871830000133e-01
-3.253546084889999968e-01 -4.402243609120000123e-01
-3.907614410310000230e-01 -5.408469017979999904e-01
-8.268820365899999525e-02 -5.415666205019999957e-01
-1.089881239339999947e-01 -7.284129963419999632e-01
-1.239202489709999994e-01 -8.442598665539999825e-01
-1.355044561790000046e-01 -9.461536698250000432e-01
2.805943321199999910e-02 -5.453585227959999449e-01
4.389426750099999913e-02 -7.586987594130000234e-01
4.754276753500000230e-02 -8.870857466099999478e-01
5.007286832300000129e-02 -1.000000000000000000e+00
1.223152386579999945e-01 -4.978743254720000011e-01
1.647316837530000133e-01 -6.935307802260000098e-01
1.807011061919999995e-01 -8.103584984289999849e-01
1.872701750920000019e-01 -9.135264519860000210e-01
2.060944065180000118e-01 -4.108149850939999959e-01
2.706807747780000106e-01 -5.568509188660000220e-01
2.999868179419999947e-01 -6.576008883180000097e-01
3.161751190970000236e-01 -7.577749925590000490e-01
-1.639587564820000065e-01 -1.207325497929999936e-01
-2.650144912410000164e-01 -2.947979052019999990e-01
-3.230637716570000095e-01 -4.388960750409999778e-01
-3.888911276900000047e-01 -5.383946834859999475e-01
-8.029580962400000022e-02 -5.401776189029999786e-01
-1.072768639669999940e-01 -7.268833666449999731e-01
-1.239902756059999972e-01 -8.422043687810000234e-01
-1.375611297709999903e-01 -9.436298355859999987e-01
2.944885308399999846e-02 -5.439242929340000199e-01
4.415681843899999653e-02 -7.573969196890000255e-01
4.591315809500000344e-02 -8.859778574550000174e-01
4.661694128999999825e-02 -1.000000000000000000e+00
1.225845082539999964e-01 -4.962848990650000069e-01
1.634910069149999867e-01 -6.917984611040000065e-01
1.782218800049999996e-01 -8.088273788209999760e-01
1.839451557640000012e-01 -9.128266376179999808e-01
2.054831643139999886e-01 -4.089366253310000032e-01
2.697176531680000044e-01 -5.539594101320000075e-01
3.005358730939999834e-01 -6.557290776519999476e-01
3.182872090280000066e-01 -7.576593991579999576e-01
-1.649910379060000043e-01 -1.207254195489999987e-01
-2.665469202140000049e-01 -2.935916397689999902e-01
-3.242267139539999898e-01 -4.369894561589999782e-01
-3.874047217209999894e-01 -5.376228925860000452e-01
-8.261581712200000149e-02 -5.428298663049999639e-01
-1.096433255239999960e-01 -7.273942139219999881e-01
-1.257053499640000127e-01 -8.427010435180000147e-01
-1.386213913769999972e-01 -9.439433769830000154e-01
2.622344167500000045e-02 -5.466623464869999616e-01
4.050042359199999831e-02 -7.585953971379999494e-01
4.300479639500000284e-02 -8.866787648480000117e-01
4.423866221199999893e-02 -1.000000000000000000e+00
1.191634323789999977e-01 -4.992229793729999754e-01
1.598836430049999924e-01 -6.946842361959999490e-01
1.759461471990000081e-01 -8.110743340139999757e-01
1.826837442089999930e-01 -9.147730349549999529e-01
2.027876312130000025e-01 -4.121132820150000264e-01
2.662154106030000245e-01 -5.587606332100000239e-01
2.961137034790000122e-01 -6.604920003219999503e-01
3.128943985370000180e-01 -7.622896183820000449e-01
-1.659534305450000025e-01 -1.197585143260000012e-01
-2.673434074580000042e-01 -2.919198655649999918e-01
-3.254966478849999900e-01 -4.342812203799999993e-01
-3.930239429199999801e-01 -5.348656219649999821e-01
-8.965934786000000212e-02 -5.387010915619999674e-01
-1.168479645519999999e-01 -7.224022824269999976e-01
-1.336030446979999953e-01 -8.364847888340000148e-01
-1.464063363060000011e-01 -9.364258265439999729e-01
1.672470481600000017e-02 -5.440516430940000037e-01
3.153929862299999914e-02 -7.584668312629999631e-01
3.421963694400000089e-02 -8.865613517420000145e-01
3.665116116900000304e-02 -1.000000000000000000e+00
1.087653108219999998e-01 -4.989928960369999777e-01
1.485469882840000089e-01 -6.966863300500000244e-01
1.640895116049999880e-01 -8.138950241160000099e-01
1.716363732660000085e-01 -9.177734864890000344e-01
1.921358868860000013e-01 -4.144069472870000048e-01
2.539937193760000156e-01 -5.616929699349999527e-01
2.836481898089999731e-01 -6.628889221799999509e-01
3.011778109230000000e-01 -7.634391739850000524e-01
-1.632796987809999878e-01 -1.174643720289999943e-01
-2.639121857789999970e-01 -2.898229654030000102e-01
-3.216069695920000249e-01 -4.327111469930000065e-01
-3.864320520119999824e-01 -5.333572926540000037e-01
-8.634361814200000595e-02 -5.364851560240000428e-01
-1.157693857830000006e-01 -7.211071102860000526e-01
-1.339179896669999981e-01 -8.349298981860000524e-01
-1.475945448919999958e-01 -9.344972034109999548e-01
2.001035702300000066e-02 -5.422633067609999857e-01
3.043030555199999904e-02 -7.560151605780000006e-01
3.176694577300000211e-02 -8.853821169440000416e-01
3.426785270999999772e-02 -1.000000000000000000e+00
1.112727634609999988e-01 -4.971816708330000223e-01
1.494679287690000025e-01 -6.933614475120000176e-01
1.663831972450000030e-01 -8.093149866490000344e-01
1.762344324990000044e-01 -9.119690450590000053e-01
1.935610115939999931e-01 -4.122186809610000058e-01
2.562583250179999994e-01 -5.580626804639999827e-01
2.877541254789999781e-01 -6.590721524920000185e-01
3.073436883580000223e-01 -7.597887088529999833e-01
-1.625195827479999910e-01 -1.193465468599999996e-01
-2.627269443990000175e-01 -2.918312989349999831e-01
-3.225955010309999871e-01 -4.333489607609999905e-01
-3.884197777619999847e-01 -5.322036552079999483e-01
-8.550905004000000642e-02 -5.354978513779999894e-01
-1.146595710990000044e-01 -7.197294784879999519e-01
-1.336693230309999869e-01 -8.335584100459999535e-01
-1.488733787659999863e-01 -9.334934100870000417e-01
1.874527859300000043e-02 -5.413763886860000207e-01
3.155398366699999763e-02 -7.553759395469999971e-01
3.223974144399999880e-02 -8.850594930809999594e-01
3.310348488699999675e-02 -1.000000000000000000e+00
1.084308481849999978e-01 -4.964352465299999850e-01
1.494629264629999954e-01 -6.929518212959999701e-01
1.661953684960000011e-01 -8.091289379099999568e-01
1.748670401140000052e-01 -9.130105494079999717e-01
1.884352262500000041e-01 -4.116176803470000256e-01
2.526706946060000014e-01 -5.571634608069999661e-01
2.842855178779999936e-01 -6.586685252570000371e-01
3.035701813169999763e-01 -7.605929356270000330e-01
-1.619978292829999944e-01 -1.194521675160000046e-01
-2.613574189660000102e-01 -2.891748827649999742e-01
-3.205524932459999921e-01 -4.294254534410000268e-01
-3.852703285799999877e-01 -5.283944590029999722e-01
-8.626203195600000428e-02 -5.342061538789999453e-01
-1.156932539320000008e-01 -7.182361042089999703e-01
-1.341241714799999984e-01 -8.324238420239999936e-01
-1.481243528570000134e-01 -9.325747112929999583e-01
1.784267012099999966e-02 -5.397394736799999704e-01
3.027944123999999973e-02 -7.542044277920000317e-01
3.142479674100000231e-02 -8.846584954799999734e-01
3.339749262899999876e-02 -1.000000000000000000e+00
1.072379055639999940e-01 -4.940609066950000239e-01
1.502793511630000078e-01 -6.906134403260000276e-01
1.676011827999999981e-01 -8.077002250310000298e-01
1.768480791960000131e-01 -9.115369019900000369e-01
1.867276651989999980e-01 -4.078889223500000161e-01
2.523827234639999806e-01 -5.540489010429999750e-01
2.843191719820000185e-01 -6.571283011570000498e-01
3.033648233019999862e-01 -7.600230126970000111e-01
-1.610910052260000058e-01 -1.184405222719999984e-01
-2.608878180099999944e-01 -2.886948608209999878e-01
-3.194425163599999840e-01 -4.300351072790000173e-01
-3.826647932259999996e-01 -5.289880767260000116e-01
-8.652585253300000556e-02 -5.353014322350000409e-01
-1.159481219140000019e-01 -7.186333396830000275e-01
-1.337269136550000015e-01 -8.316846417940000347e-01
-1.469451430389999980e-01 -9.298914425690000263e-01
1.783379445900000124e-02 -5.419091120729999655e-01
3.113135928599999880e-02 -7.560198382849999676e-01
3.386469546499999705e-02 -8.861950410740000450e-01
3.784264750599999894e-02 -1.000000000000000000e+00
1.076827677559999974e-01 -4.970236653980000252e-01
1.507698048949999980e-01 -6.934543955120000547e-01
1.708791574730000040e-01 -8.087362671069999731e-01
1.836564085400000101e-01 -9.096323869400000373e-01
1.879902640409999992e-01 -4.115408318059999848e-01
2.551895363780000148e-01 -5.548304164549999751e-01
2.909659350229999997e-01 -6.563170681919999749e-01
3.145326269550000053e-01 -7.573076193229999475e-01
-1.617748269010000073e-01 -1.171621396839999940e-01
-2.620808463020000145e-01 -2.868483587769999898e-01
-3.200467059709999895e-01 -4.290858696129999927e-01
-3.820492465579999886e-01 -5.284431926229999910e-01
-8.733717057300000031e-02 -5.331706238019999766e-01
-1.163121048530000035e-01 -7.187003023529999757e-01
-1.331690008239999889e-01 -8.322281493249999995e-01
-1.452160338369999915e-01 -9.303715502780000035e-01
1.796750233799999930e-02 -5.400614192829999993e-01
3.043340693000000027e-02 -7.551620887569999718e-01
3.375018961500000220e-02 -8.865010175759999722e-01
3.912600655000000177e-02 -1.000000000000000000e+00
1.086350599720000004e-01 -4.957217146110000083e-01
1.508270036059999875e-01 -6.926437155769999965e-01
1.708939356449999947e-01 -8.081740461530000363e-01
1.841584409789999988e-01 -9.076497809360000169e-01
1.901284946740000037e-01 -4.113833542670000121e-01
2.580766249479999885e-01 -5.540340532749999936e-01
2.947095102480000173e-01 -6.555765344380000137e-01
3.194100450390000012e-01 -7.558464694250000004e-01
-1.615337971370000014e-01 -1.179978390860000059e-01
-2.614823222759999899e-01 -2.880461854620000040e-01
-3.191653238359999922e-01 -4.301331847659999874e-01
-3.822341223480000272e-01 -5.293808042119999557e-01
-8.777470201999999777e-02 -5.345812349620000514e-01
-1.150557363279999940e-01 -7.192292066819999663e-01
-1.315356900449999866e-01 -8.330309679590000016e-01
-1.439709538229999863e-01 -9.319104664230000168e-01
1.682585522800000150e-02 -5.410194797909999576e-01
3.068441866599999970e-02 -7.547180302060000345e-01
3.329995935900000037e-02 -8.856470645120000373e-01
3.701856474899999777e-02 -1.000000000000000000e+00
1.075294685929999994e-01 -4.960637736140000031e-01
1.519221521640000128e-01 -6.919815836539999765e-01
1.714851358970000128e-01 -8.097156541850000222e-01
1.834046811160000012e-01 -9.124717714600000251e-01
1.892030529169999864e-01 -4.108545326709999723e-01
2.597003475210000190e-01 -5.527535095829999578e-01
2.975112326589999800e-01 -6.549438137609999711e-01
3.225398184050000117e-01 -7.569743884399999789e-01
-1.620257415380000066e-01 -1.177932252089999993e-01
-2.613946926240000024e-01 -2.875200107040000175e-01
-3.201922320519999809e-01 -4.282312703100000228e-01
-3.832923269290000046e-01 -5.263219375940000333e-01
-8.894557703800000381e-02 -5.345908163860000339e-01
-1.157129417350000050e-01 -7.184451150909999528e-01
-1.330450722479999959e-01 -8.320390586949999445e-01
-1.464223791160000065e-01 -9.312048732740000334e-01
1.379922066299999958e-02 -5.414704363090000472e-01
2.815346561699999875e-02 -7.555614484060000358e-01
2.995581985799999902e-02 -8.857520036179999945e-01
3.276806209699999889e-02 -1.000000000000000000e+00
1.034665378219999932e-01 -4.973089142309999877e-01
1.476355674760000125e-01 -6.941104281150000110e-01
1.672309934979999968e-01 -8.125677162029999456e-01
1.793733042879999962e-01 -9.173666251380000469e-01
1.845130139270000080e-01 -4.125096039980000184e-01
2.542468854400000144e-01 -5.544865156129999972e-01
2.914268990780000124e-01 -6.565967295839999496e-01
3.163615217299999838e-01 -7.592561137240000368e-01
-1.625104859540000002e-01 -1.168717790809999935e-01
-2.622142998640000222e-01 -2.856758558379999813e-01
-3.225795574549999989e-01 -4.265721718289999798e-01
-3.872235532680000092e-01 -5.258621871819999516e-01
-9.168738330799999781e-02 -5.335687957239999557e-01
-1.207491555580000042e-01 -7.149547706690000393e-01
-1.393629372200000105e-01 -8.279321950950000453e-01
-1.538423545339999976e-01 -9.269411800529999690e-01
9.063081824999999481e-03 -5.413379148289999554e-01
2.078847250600000113e-02 -7.538904811369999681e-01
2.206931572500000008e-02 -8.847699246189999478e-01
2.458446058600000095e-02 -1.000000000000000000e+00
9.787812553600000465e-02 -4.979744618529999833e-01
1.415179784950000019e-01 -6.943758836740000495e-01
1.604072103109999980e-01 -8.126632776800000180e-01
1.718236100320000015e-01 -9.175593863709999853e-01
1.783047028420000069e-01 -4.137430808729999909e-01
2.467837484169999873e-01 -5.563913399900000112e-01
2.826819679229999882e-01 -6.581110305139999950e-01
3.062926172289999749e-01 -7.603010195279999994e-01
-1.614911216150000106e-01 -1.161347822689999948e-01
-2.616931956829999795e-01 -2.851024008099999896e-01
-3.231060554080000258e-01 -4.262462328330000050e-01
-3.888397462279999939e-01 -5.241028266070000274e-01
-9.273674637900000683e-02 -5.313051128310000149e-01
-1.260606393310000073e-01 -7.133903760509999747e-01
-1.469189512059999869e-01 -8.265010429269999959e-01
-1.628422427900000080e-01 -9.255742517489999877e-01
7.826604967000000065e-03 -5.401667436329999905e-01
1.758994369499999877e-02 -7.540542101280000020e-01
1.869427226699999986e-02 -8.850688218069999724e-01
2.155312157299999962e-02 -1.000000000000000000e+00
9.653773268199999924e-02 -4.978352771669999899e-01
1.392653505860000085e-01 -6.941883193910000083e-01
1.579764955300000107e-01 -8.120575266780000190e-01
1.694194973400000026e-01 -9.165307792379999707e-01
1.770486801080000117e-01 -4.147529100469999896e-01
2.451955795730000054e-01 -5.585890776630000332e-01
2.798517604649999879e-01 -6.597559836659999677e-01
3.021951055339999748e-01 -7.611984816729999714e-01
-1.620483097050000043e-01 -1.149068342350000049e-01
-2.631420458370000159e-01 -2.838333943990000163e-01
-3.237429612450000160e-01 -4.249617100449999962e-01
-3.863634399770000116e-01 -5.217410244100000316e-01
-9.536281096399999713e-02 -5.295961553350000406e-01
-1.273938478390000129e-01 -7.111286693039999829e-01
-1.472046439860000000e-01 -8.240337715929999529e-01
-1.621611477430000003e-01 -9.223696718439999831e-01
4.641147275000000183e-03 -5.396634759930000191e-01
1.355149201999999997e-02 -7.535638632259999969e-01
1.432680811699999987e-02 -8.849484955230000338e-01
1.655648774599999956e-02 -1.000000000000000000e+00
9.361661263399999322e-02 -4.988618353750000067e-01
1.344832835939999971e-01 -6.957911738499999998e-01
1.515492647760000033e-01 -8.147416482560000395e-01
1.610660842799999937e-01 -9.203636639309999978e-01
1.749105394799999880e-01 -4.174259404610000113e-01
2.417031155799999886e-01 -5.616148245659999816e-01
2.751250891309999780e-01 -6.632091904089999490e-01
2.961199720150000103e-01 -7.650753919930000091e-01
-1.640383971180000011e-01 -1.131879220439999945e-01
-2.662351228739999742e-01 -2.819546462359999728e-01
-3.284396784779999856e-01 -4.228092867029999979e-01
-3.927744132539999766e-01 -5.213889812819999525e-01
-1.003566640480000050e-01 -5.301044351650000541e-01
-1.320132988709999955e-01 -7.089080781090000283e-01
-1.509910645249999961e-01 -8.213175262049999814e-01
-1.652208275850000074e-01 -9.190952430469999657e-01
-7.597183999999999936e-05 -5.409700405049999716e-01
7.888013709000000345e-03 -7.532967623890000075e-01
8.497509667000000683e-03 -8.848228028050000304e-01
1.018212586800000020e-02 -1.000000000000000000e+00
8.911852960299999904e-02 -5.013567205519999792e-01
1.294163677060000128e-01 -6.984721291369999641e-01
1.450910795529999908e-01 -8.172310721500000152e-01
1.530337573749999958e-01 -9.224258811609999942e-01
1.705849143189999972e-01 -4.212742400619999827e-01
2.357180656519999862e-01 -5.678683453120000335e-01
2.679543418740000238e-01 -6.703863933720000112e-01
2.874689554129999935e-01 -7.727794440140000054e-01
-1.638264741200000096e-01 -1.121685198980000020e-01
-2.667225493850000073e-01 -2.801572111319999836e-01
-3.299707624029999953e-01 -4.220509358680000211e-01
-3.945330033769999800e-01 -5.216658912849999608e-01
-1.021441414480000059e-01 -5.306812564039999902e-01
-1.374089405489999915e-01 -7.094925021419999922e-01
-1.576808006490000025e-01 -8.213603584009999681e-01
-1.729525592520000099e-01 -9.188663470610000106e-01
-2.445819327000000112e-03 -5.431477714339999485e-01
2.365749275000000092e-03 -7.538410347820000412e-01
1.795042258999999998e-03 -8.852685553550000419e-01
2.988133549999999992e-03 -1.000000000000000000e+00
8.687357082900000471e-02 -5.039805967930000019e-01
1.274484161830000128e-01 -6.992132716469999787e-01
1.447350532920000099e-01 -8.173179939189999521e-01
1.545369225329999985e-01 -9.220359450080000130e-01
1.681261408630000120e-01 -4.233348484569999792e-01
2.344537245220000010e-01 -5.688261123050000201e-01
2.670855969789999729e-01 -6.708047677259999508e-01
2.872650914039999726e-01 -7.724441352119999493e-01
-1.649657498400000089e-01 -1.132138645780000064e-01
-2.674097235940000039e-01 -2.806364052299999967e-01
-3.316306058530000267e-01 -4.208997539229999973e-01
-3.996106440120000269e-01 -5.191308396049999496e-01
-1.032079511589999998e-01 -5.308878338810000264e-01
-1.387675404170000126e-01 -7.077393719190000487e-01
-1.602307402919999901e-01 -8.187125072109999735e-01
-1.768207272310000078e-01 -9.157477595820000538e-01
-4.367060837000000424e-03 -5.430044953499999494e-01
1.325042790000000004e-04 -7.532368711679999773e-01
-2.178068772999999965e-03 -8.847758193229999790e-01
-2.679234150999999786e-03 -1.000000000000000000e+00
8.456159516599999482e-02 -5.029390482100000170e-01
1.264850705020000021e-01 -6.984718195989999545e-01
1.431440404029999947e-01 -8.169722309139999528e-01
1.523421645180000061e-01 -9.230726281960000001e-01
1.647428909410000031e-01 -4.209007334570000203e-01
2.322923495579999886e-01 -5.655632153159999564e-01
2.651027718510000075e-01 -6.674983209889999713e-01
2.852746486600000186e-01 -7.698800497890000427e-01
-1.635501731369999878e-01 -1.116285041680000062e-01
-2.651884588569999868e-01 -2.801992112250000222e-01
-3.289466113350000276e-01 -4.211765460110000192e-01
-3.956149591690000245e-01 -5.204331977510000540e-01
-1.029619682070000014e-01 -5.321402491350000208e-01
-1.387600585900000127e-01 -7.076276130309999690e-01
-1.591863600029999881e-01 -8.178816297190000251e-01
-1.746729892770000070e-01 -9.139783676389999778e-01
-3.510620715000000065e-03 -5.445190274990000523e-01
1.774105099999999922e-04 -7.537959899899999705e-01
-2.137035973999999814e-03 -8.849947025469999673e-01
-3.058185438000000141e-03 -1.000000000000000000e+00
8.510246596499999872e-02 -5.045469656590000351e-01
1.265070125989999905e-01 -6.996155484060000429e-01
1.420624868579999922e-01 -8.178107720680000137e-01
1.499813177319999913e-01 -9.233810802609999646e-01
1.638183903600000102e-01 -4.223869864859999823e-01
2.306881822930000048e-01 -5.685101583939999870e-01
2.623407745110000189e-01 -6.710451308179999907e-01
2.810542979160000066e-01 -7.735751307760000417e-01
-1.677152710760000109e-01 -1.115729886059999981e-01
-2.717229968470000201e-01 -2.775754619079999763e-01
-3.366035008620000268e-01 -4.166295326789999920e-01
-4.012828277819999734e-01 -5.156263089729999916e-01
-1.092379737270000040e-01 -5.325185898690000252e-01
-1.435260129829999953e-01 -7.070237066940000537e-01
-1.645880545489999958e-01 -8.165185584980000355e-01
-1.804696374089999888e-01 -9.111859870940000050e-01
-1.075376529699999945e-02 -5.451329462130000136e-01
-6.006675086999999601e-03 -7.550754289329999480e-01
-9.704626157999999420e-03 -8.860294183179999727e-01
-1.283219917200000004e-02 -1.000000000000000000e+00
7.756820741200000369e-02 -5.060479680820000326e-01
1.187462353559999989e-01 -7.018553685230000116e-01
1.312015096960000016e-01 -8.217343093450000246e-01
1.352343796319999958e-01 -9.295418669970000325e-01
1.563016496640000086e-01 -4.254731553350000195e-01
2.230035609419999953e-01 -5.714797335760000152e-01
2.538829971609999903e-01 -6.751440293720000208e-01
2.706332776859999845e-01 -7.798420017129999993e-01
-1.637128082709999877e-01 -1.107276860710000033e-01
-2.659806332569999987e-01 -2.764142057930000229e-01
-3.315638998209999855e-01 -4.142560643459999858e-01
-3.993640785229999879e-01 -5.115596576249999972e-01
-1.090422157559999966e-01 -5.299743739359999983e-01
-1.480447613389999917e-01 -7.048911710170000511e-01
-1.689144480629999889e-01 -8.152162415860000344e-01
-1.844656971920000110e-01 -9.108963838279999781e-01
-1.177039313400000085e-02 -5.427652405839999972e-01
-1.075544623699999959e-02 -7.517875871179999780e-01
-1.349913065100000024e-02 -8.845846051569999924e-01
-1.383533809100000005e-02 -1.000000000000000000e+00
7.608407467599999363e-02 -5.034959988030000000e-01
1.152688508390000005e-01 -6.988021989310000404e-01
1.280471569949999944e-01 -8.173647950910000182e-01
1.345635995810000041e-01 -9.226584131520000343e-01
1.549495447969999884e-01 -4.223214964140000194e-01
2.211762632229999914e-01 -5.677221263239999871e-01
2.517979753849999836e-01 -6.709981894269999581e-01
2.702342366339999802e-01 -7.742849806689999781e-01
-1.637902621810000126e-01 -1.096686171790000053e-01
-2.653017075379999756e-01 -2.750728198399999824e-01
-3.305771182560000021e-01 -4.129899339290000193e-01
-3.985928445390000130e-01 -5.116925735149999710e-01
-1.095230312830000052e-01 -5.293649918999999704e-01
-1.459173832170000129e-01 -7.034603188620000003e-01
-1.660514999499999866e-01 -8.143475695559999616e-01
-1.811578932519999907e-01 -9.102106652960000321e-01
-1.278444562700000071e-02 -5.426609921759999455e-01
-1.083082437100000087e-02 -7.516701450349999591e-01
-1.362831334500000033e-02 -8.846536213160000051e-01
-1.469604147999999978e-02 -1.000000000000000000e+00
7.485372485600000347e-02 -5.049344114179999954e-01
1.153261322250000026e-01 -7.004138897960000554e-01
1.288178777479999926e-01 -8.205822855240000324e-01
1.353558632809999940e-01 -9.271832104330000046e-01
1.528287052120000100e-01 -4.258298141849999885e-01
2.181602873300000078e-01 -5.734481652399999740e-01
2.483143091030000082e-01 -6.776283120480000033e-01
2.659793008390000102e-01 -7.813896489049999561e-01
-1.647615533740000027e-01 -1.107880542879999958e-01
-2.666572596860000144e-01 -2.762140718230000069e-01
-3.312582509829999911e-01 -4.133005834319999905e-01
-3.972253252190000028e-01 -5.096618789419999906e-01
-1.104257671999999968e-01 -5.299743903820000046e-01
-1.440124751949999893e-01 -7.035004839940000032e-01
-1.635413673830000136e-01 -8.132825681769999537e-01
-1.780091855619999885e-01 -9.080789325560000291e-01
-1.434682902299999965e-02 -5.434526415089999674e-01
-1.163542950000000069e-02 -7.520782660799999464e-01
-1.492254808199999956e-02 -8.846579907980000046e-01
-1.657847252399999999e-02 -1.000000000000000000e+00
7.299255066199999975e-02 -5.059250889280000330e-01
1.127333765079999994e-01 -7.006924558449999507e-01
1.250057591869999929e-01 -8.206813360839999572e-01
1.301967560260000045e-01 -9.277352627110000416e-01
1.514893092100000060e-01 -4.270682323369999756e-01
2.171742331850000096e-01 -5.733931534480000147e-01
2.475103855799999919e-01 -6.772443580860000312e-01
2.647723137169999963e-01 -7.811809798829999485e-01
-1.638333162389999931e-01 -1.102024107100000039e-01
-2.654200639879999990e-01 -2.764693195269999904e-01
-3.298008018909999728e-01 -4.140486937769999876e-01
-3.977072453459999934e-01 -5.110849363320000283e-01
-1.095554876509999970e-01 -5.293372795849999868e-01
-1.443305348070000049e-01 -7.017193000470000053e-01
-1.631781489230000048e-01 -8.106464216069999562e-01
-1.769768496219999987e-01 -9.040047944350000364e-01
-1.326421276799999958e-02 -5.430502281839999501e-01
-1.161347007700000086e-02 -7.514409499730000386e-01
-1.405075631899999934e-02 -8.847900449079999508e-01
-1.491400988099999929e-02 -1.000000000000000000e+00
7.429500442000000482e-02 -5.059520437740000487e-01
1.129648280170000019e-01 -7.004933434710000073e-01
1.251974743489999986e-01 -8.195683927219999942e-01
1.300505349359999951e-01 -9.244131883659999493e-01
1.529147868500000118e-01 -4.278285715649999821e-01
2.177600990159999916e-01 -5.747790960019999451e-01
2.470627320340000044e-01 -6.785846719389999615e-01
2.632386156770000207e-01 -7.811040107069999738e-01
-1.640426272499999893e-01 -1.104023257839999994e-01
-2.650246301479999844e-01 -2.755161718970000062e-01
-3.296399317770000170e-01 -4.125249254119999764e-01
-3.957733975759999967e-01 -5.107054496840000013e-01
-1.075037648970000037e-01 -5.292898527299999545e-01
-1.422545391839999951e-01 -7.016513142210000220e-01
-1.622277422900000043e-01 -8.113058610059999953e-01
-1.771860444829999881e-01 -9.062588809299999548e-01
-1.196564755600000064e-02 -5.435297876179999710e-01
-1.002471247999999968e-02 -7.512687232689999606e-01
-1.392510548900000034e-02 -8.843123129529999460e-01
-1.634290058200000076e-02 -1.000000000000000000e+00
7.515539930299999782e-02 -5.067787222609999587e-01
1.146037004319999941e-01 -7.010907462750000096e-01
1.259953169420000019e-01 -8.214745990599999770e-01
1.301650311149999961e-01 -9.288558497529999514e-01
1.533313854739999926e-01 -4.285202413190000170e-01
2.185392410060000012e-01 -5.747201787279999641e-01
2.472000785060000094e-01 -6.785810804720000533e-01
2.628118884139999945e-01 -7.822545936279999834e-01
-1.643104933529999923e-01 -1.095007984570000037e-01
-2.660136681449999929e-01 -2.761538909719999935e-01
-3.318669268359999980e-01 -4.136843017530000277e-01
-3.985607359069999744e-01 -5.125013509639999576e-01
-1.086007017180000006e-01 -5.301113238200000355e-01
-1.434919774850000052e-01 -7.026269455589999602e-01
-1.641627924300000096e-01 -8.122020221250000338e-01
-1.800425291949999951e-01 -9.067437666659999840e-01
-1.410720771799999981e-02 -5.441950551130000369e-01
-1.195327524999999919e-02 -7.521185519330000346e-01
-1.600921101700000099e-02 -8.850963206590000132e-01
-1.924170234099999849e-02 -1.000000000000000000e+00
7.192745914600000290e-02 -5.071151926069999982e-01
1.120693139669999977e-01 -7.014529621149999672e-01
1.233661341160000036e-01 -8.221170216890000271e-01
1.267998856439999933e-01 -9.295887757680000307e-01
1.487410229039999865e-01 -4.289282580079999962e-01
2.147761354059999905e-01 -5.751774324430000140e-01
2.432875453099999918e-01 -6.787221351469999719e-01
2.582147172970000182e-01 -7.818531543440000453e-01
-1.643825953680000118e-01 -1.112371763150000054e-01
-2.654946212459999844e-01 -2.763608362500000193e-01
-3.296108197909999871e-01 -4.127864261449999961e-01
-3.970073962949999813e-01 -5.089950757940000514e-01
-1.096838285280000019e-01 -5.307613546339999822e-01
-1.439142298980000123e-01 -7.033503687050000064e-01
-1.642397438260000120e-01 -8.125717050090000004e-01
-1.798981428260000015e-01 -9.072249800830000099e-01
-1.403732396000000049e-02 -5.442235443189999966e-01
-1.058456549399999953e-02 -7.527288624169999887e-01
-1.407052185299999952e-02 -8.847936781980000331e-01
-1.690707770499999887e-02 -1.000000000000000000e+00
7.263645865499999965e-02 -5.066856030769999464e-01
1.123333873320000037e-01 -7.015457436349999965e-01
1.247015851110000045e-01 -8.214342111389999479e-01
1.290538230469999992e-01 -9.285923072309999471e-01
1.501267334030000067e-01 -4.277876133690000082e-01
2.143413421029999877e-01 -5.743887570979999690e-01
2.428550780279999932e-01 -6.776630546940000110e-01
2.578825986969999762e-01 -7.806628483169999466e-01
-1.648107129080000066e-01 -1.097624682059999968e-01
-2.669874478109999782e-01 -2.750087232019999828e-01
-3.315171929949999874e-01 -4.120784457159999969e-01
-3.980627895600000188e-01 -5.100490360110000454e-01
-1.115538426580000020e-01 -5.295036538859999586e-01
-1.473873714320000083e-01 -7.027822275199999691e-01
-1.692399725429999946e-01 -8.120268770120000479e-01
-1.866487475929999862e-01 -9.072649743649999765e-01
-1.680231429699999973e-02 -5.435681608639999496e-01
-1.477088986599999973e-02 -7.526247213669999825e-01
-1.945802262899999982e-02 -8.844610108929999992e-01
-2.356113641199999997e-02 -1.000000000000000000e+00
6.980504184600000439e-02 -5.063313996249999560e-01
1.082158215699999954e-01 -7.017776325669999871e-01
1.185853411799999979e-01 -8.222469131049999769e-01
1.210768515359999936e-01 -9.307251376070000415e-01
1.477483938109999950e-01 -4.277728825800000134e-01
2.116842314240000023e-01 -5.748517832749999723e-01
2.392706163680000109e-01 -6.784416392330000489e-01
2.532750516380000150e-01 -7.825697424309999706e-01
-1.657371911739999870e-01 -1.089899132130000003e-01
-2.677072086580000176e-01 -2.751564909700000006e-01
-3.325658347439999774e-01 -4.125659908090000272e-01
-3.986504013480000053e-01 -5.114559051579999904e-01
-1.137954546210000056e-01 -5.306120385960000352e-01
-1.502615394950000127e-01 -7.028797069659999952e-01
-1.719020084660000114e-01 -8.119651215249999998e-01
-1.889157313389999981e-01 -9.068349346580000248e-01
-1.912645737799999884e-02 -5.452768599089999890e-01
-1.722559339100000059e-02 -7.533101369400000413e-01
-2.175414838199999853e-02 -8.852464431290000269e-01
-2.575154918500000001e-02 -1.000000000000000000e+00
6.674092775600000416e-02 -5.087933950309999620e-01
1.041698884699999994e-01 -7.043719044089999937e-01
1.134451352309999994e-01 -8.240017936869999948e-01
1.150035422100000038e-01 -9.311595796449999574e-01
1.435172705209999955e-01 -4.308032009000000162e-01
2.064228334940000076e-01 -5.775550289930000414e-01
2.337492829270000072e-01 -6.814463053660000380e-01
2.474243898909999906e-01 -7.856231547049999930e-01
-1.678455220819999871e-01 -1.088393987789999934e-01
-2.711777923420000125e-01 -2.753462493489999829e-01
-3.354225466140000056e-01 -4.129514804719999765e-01
-3.990533893439999757e-01 -5.130682884439999869e-01
-1.186457422590000005e-01 -5.298280558079999647e-01
-1.537985680550000012e-01 -7.011657322869999653e-01
-1.749885745800000003e-01 -8.100184435270000316e-01
-1.916160160800000067e-01 -9.040643698320000032e-01
-2.425376592099999853e-02 -5.450548488930000435e-01
-2.155849544999999950e-02 -7.535010996309999820e-01
-2.637281390700000130e-02 -8.856634422550000441e-01
-3.083521005799999895e-02 -1.000000000000000000e+00
6.187330202300000276e-02 -5.098500453309999791e-01
9.773346325699999726e-02 -7.067689471929999856e-01
1.058864286430000051e-01 -8.269634316010000541e-01
1.064937135379999955e-01 -9.342062669120000384e-01
1.393647834900000049e-01 -4.336078052199999755e-01
2.004556086289999983e-01 -5.822219092310000343e-01
2.269235030929999952e-01 -6.874542966569999747e-01
2.396432343240000040e-01 -7.927369608100000020e-01
-1.682573365620000094e-01 -1.093444607129999968e-01
-2.696716763090000191e-01 -2.736326354729999855e-01
-3.339794090489999756e-01 -4.091573476370000129e-01
-3.969424993790000022e-01 -5.094006871359999522e-01
-1.171611610370000001e-01 -5.312274625720000421e-01
-1.545616467070000111e-01 -7.036358942510000380e-01
-1.779251183889999921e-01 -8.119632426839999972e-01
-1.970750309850000104e-01 -9.067449092049999493e-01
-2.325276558300000060e-02 -5.458925389300000042e-01
-1.923317821599999922e-02 -7.536324442749999797e-01
-2.383308742400000110e-02 -8.856846082689999733e-01
-2.801714062100000083e-02 -1.000000000000000000e+00
6.159130250199999768e-02 -5.096795177949999811e-01
9.901940568400000031e-02 -7.050779798620000483e-01
1.087236567910000035e-01 -8.245972368589999935e-01
1.113950020299999955e-01 -9.312403595960000446e-01
1.362971468530000119e-01 -4.321131659460000218e-01
1.996906100910000037e-01 -5.781347016750000289e-01
2.278834287800000080e-01 -6.820164271980000414e-01
2.427184000510000106e-01 -7.859529008990000509e-01
-1.682200635939999911e-01 -1.089751412479999931e-01
-2.713282341359999905e-01 -2.736431733690000145e-01
-3.357944326139999935e-01 -4.110950280230000198e-01
-3.982256825239999798e-01 -5.143699718769999540e-01
-1.193352997290000050e-01 -5.324549326390000115e-01
-1.577828461809999971e-01 -7.050904730400000542e-01
-1.818093469850000088e-01 -8.130765777139999928e-01
-2.009033648240000081e-01 -9.073052178780000032e-01
-2.476798555799999968e-02 -5.475298826019999732e-01
-2.180394337499999904e-02 -7.555316939609999505e-01
-2.683944820399999931e-02 -8.863533536440000304e-01
-3.119671587900000112e-02 -1.000000000000000000e+00
5.990632508799999950e-02 -5.117766127949999744e-01
9.581311999699999860e-02 -7.076607144419999607e-01
1.049683138860000031e-01 -8.259843341270000083e-01
1.074421427090000020e-01 -9.309781219170000233e-01
1.349112216639999917e-01 -4.349246432550000208e-01
1.966283723789999938e-01 -5.824497156010000065e-01
2.247248888689999946e-01 -6.862581888269999597e-01
2.396139786150000006e-01 -7.897315890689999840e-01
-1.690574401319999975e-01 -1.087910812250000026e-01
-2.723190855190000259e-01 -2.733810391759999847e-01
-3.362085072320000201e-01 -4.097429462980000103e-01
-3.995061835500000047e-01 -5.115416128980000421e-01
-1.205193848760000019e-01 -5.313114259540000495e-01
-1.577071400720000127e-01 -7.026291841649999759e-01
-1.807238196959999876e-01 -8.103198536150000297e-01
-1.993635033410000035e-01 -9.047902933370000067e-01
-2.669082239399999876e-02 -5.459362362040000027e-01
-2.283019627100000074e-02 -7.540564573460000197e-01
-2.698817652899999919e-02 -8.851513652839999580e-01
-3.085129146700000061e-02 -1.000000000000000000e+00
5.769701296600000112e-02 -5.093000794469999537e-01
9.360000630499999696e-02 -7.061097474969999510e-01
1.026837069899999982e-01 -8.251403469439999583e-01
1.045302892039999959e-01 -9.317830030649999484e-01
1.328396116949999983e-01 -4.313994588960000098e-01
1.942779061790000095e-01 -5.785852668909999830e-01
2.217732676499999944e-01 -6.823498751240000271e-01
2.357010319279999877e-01 -7.864970053330000432e-01
-1.686006456580000090e-01 -1.086267808259999967e-01
-2.711529077259999809e-01 -2.719731666169999951e-01
-3.353101611159999829e-01 -4.073158836210000189e-01
-3.994706176000000220e-01 -5.097717266400000335e-01
-1.184993975000000060e-01 -5.299211429489999459e-01
-1.545339634469999890e-01 -7.010844562810000236e-01
-1.778811942029999982e-01 -8.082494252559999648e-01
-1.968884703709999906e-01 -9.013243857880000043e-01
-2.577398938800000081e-02 -5.441493737799999453e-01
-2.194664841300000141e-02 -7.531098146389999526e-01
-2.699798636599999926e-02 -8.850584535669999697e-01
-3.211658928600000240e-02 -1.000000000000000000e+00
5.828811818199999828e-02 -5.078158820860000366e-01
9.352641878299999822e-02 -7.048632614900000037e-01
1.014967834039999933e-01 -8.245096186010000272e-01
1.020290901110000037e-01 -9.310936709579999970e-01
1.334497183330000114e-01 -4.304346566899999726e-01
1.947511764959999891e-01 -5.775640019259999924e-01
2.219366031549999951e-01 -6.820191536990000136e-01
2.352876312080000032e-01 -7.864376033579999481e-01
-1.676597889900000027e-01 -1.088749547149999997e-01
-2.692281564760000134e-01 -2.716973552329999819e-01
-3.329005135859999798e-01 -4.056954885649999842e-01
-3.956265661069999773e-01 -5.073669083720000472e-01
-1.184038593210000045e-01 -5.293399729829999512e-01
-1.542358620060000074e-01 -6.995840062089999645e-01
-1.783103055820000060e-01 -8.061902996140000166e-01
-1.977346020140000049e-01 -8.984196393559999994e-01
-2.666129373200000138e-02 -5.432169452130000131e-01
-2.230223978299999965e-02 -7.526760289110000501e-01
-2.794239991199999953e-02 -8.850184845659999633e-01
-3.354625482700000078e-02 -1.000000000000000000e+00
5.650246226899999918e-02 -5.068475602099999922e-01
9.276396807600000016e-02 -7.043840234079999929e-01
9.973255553700000053e-02 -8.254161759100000495e-01
9.917648758199999748e-02 -9.331479605679999789e-01
1.309084293070000016e-01 -4.292494290810000002e-01
1.925721545400000123e-01 -5.779378484349999567e-01
2.199557029009999998e-01 -6.839254281419999693e-01
2.333006823309999866e-01 -7.895938121700000201e-01
-1.688786469830000081e-01 -1.082760943970000056e-01
-2.718112236079999744e-01 -2.722064856520000076e-01
-3.353536638010000126e-01 -4.074667837850000085e-01
-3.994990299960000102e-01 -5.092847250069999498e-01
-1.188267651299999977e-01 -5.298290307620000528e-01
-1.522126941989999926e-01 -6.998608419949999826e-01
-1.750681965049999955e-01 -8.056053862969999591e-01
-1.940858931489999883e-01 -8.965987991999999629e-01
-2.727082511699999851e-02 -5.440898098530000393e-01
-2.255967912199999953e-02 -7.535141915430000337e-01
-2.850938805200000162e-02 -8.852201589699999484e-01
-3.513308466500000143e-02 -1.000000000000000000e+00
5.615897133100000022e-02 -5.077601937219999861e-01
9.191481040299999405e-02 -7.064183301380000390e-01
9.838961587599999448e-02 -8.280531299150000191e-01
9.660571242700000116e-02 -9.363140413339999801e-01
1.315343982909999987e-01 -4.301525573169999728e-01
1.933288517579999921e-01 -5.787581588469999927e-01
2.210036064249999987e-01 -6.843336867720000161e-01
2.337627696929999999e-01 -7.894987399909999537e-01
-1.687879220490000054e-01 -1.075308972570000049e-01
-2.725516155100000115e-01 -2.698068671230000048e-01
-3.374709799250000253e-01 -4.046838617160000151e-01
-4.004674778239999955e-01 -5.068575016270000511e-01
-1.199694883299999987e-01 -5.283263900950000425e-01
-1.548280276610000117e-01 -6.995867049709999508e-01
-1.782816964969999862e-01 -8.066720186629999789e-01
-1.976820440410000101e-01 -8.993097066149999819e-01
-2.834108831800000172e-02 -5.431869631010000088e-01
-2.514391998400000022e-02 -7.531237886780000057e-01
-3.184476440500000338e-02 -8.852623213839999616e-01
-3.904139522100000259e-02 -1.000000000000000000e+00
5.541340337100000152e-02 -5.077880819910000065e-01
9.094184880399999726e-02 -7.067748943399999595e-01
9.738338623999999444e-02 -8.289141020639999580e-01
9.582486922199999479e-02 -9.376733190320000189e-01
1.310850312010000129e-01 -4.313961371639999931e-01
1.930155883509999948e-01 -5.804724184489999939e-01
2.204382234549999986e-01 -6.862793879390000074e-01
2.332037719829999911e-01 -7.917137151009999707e-01
-1.683652289769999866e-01 -1.067754888879999947e-01
-2.720144079039999996e-01 -2.686924345369999800e-01
-3.359201959290000206e-01 -4.038007327179999884e-01
-3.987901642669999802e-01 -5.054084633909999846e-01
-1.204664946899999950e-01 -5.278720829780000345e-01
-1.556827016410000097e-01 -6.982620467360000083e-01
-1.794300821639999988e-01 -8.054515725719999519e-01
-1.988127230020000080e-01 -8.986293008040000529e-01
-2.788970930900000131e-02 -5.431326708770000122e-01
-2.531452833100000105e-02 -7.526227201189999994e-01
-3.270817672799999909e-02 -8.850026403870000502e-01
-4.037909658799999912e-02 -1.000000000000000000e+00
5.661325168499999755e-02 -5.078660563310000153e-01
9.160384159899999379e-02 -7.060417377559999874e-01
9.715016145200000564e-02 -8.276708132850000288e-01
9.493691769900000632e-02 -9.352500628650000092e-01
1.332246037339999967e-01 -4.311276165810000172e-01
1.942971761399999997e-01 -5.799791538759999643e-01
2.209552539219999945e-01 -6.854527285629999911e-01
2.331050875619999907e-01 -7.898002812759999935e-01
-1.697721784170000137e-01 -1.074257787429999944e-01
-2.737005672980000193e-01 -2.715071679480000055e-01
-3.379669719769999858e-01 -4.076373902479999978e-01
-4.048057932240000101e-01 -5.084139235569999915e-01
-1.228794282470000027e-01 -5.291455350289999693e-01
-1.579556193019999999e-01 -6.997197871520000056e-01
-1.807181814290000077e-01 -8.062982188720000387e-01
-1.994781361690000088e-01 -8.988114571919999518e-01
-3.108565655299999966e-02 -5.447978816190000018e-01
-3.049343099800000054e-02 -7.538550788140000458e-01
-3.832772226700000007e-02 -8.853328543430000197e-01
-4.616504662499999745e-02 -1.000000000000000000e+00
5.320639319300000253e-02 -5.096348312130000169e-01
8.620878377299999451e-02 -7.085505374680000079e-01
9.160173551000000414e-02 -8.288611026190000342e-01
8.937259328499999600e-02 -9.364297933940000096e-01
1.300741539780000122e-01 -4.329930355809999964e-01
1.907391516730000125e-01 -5.810019953270000315e-01
2.183276562520000130e-01 -6.862978317069999834e-01
2.314267958389999991e-01 -7.917529944840000500e-01
