-1.792441707180000010e-01 -1.047362318689999960e-01
-2.940533245649999960e-01 -2.689976400640000098e-01
-3.551904736729999956e-01 -4.129001417729999956e-01
-3.978421851110000018e-01 -5.254533467699999960e-01
-1.441347181669999922e-01 -5.256878327689999963e-01
-1.837188080399999868e-01 -6.947161004159999598e-01
-2.183946036499999910e-01 -8.013970921270000547e-01
-2.524617631880000101e-01 -8.966447215749999700e-01
-4.514431606899999699e-02 -5.446202952269999509e-01
-4.925143736499999758e-02 -7.516985925639999566e-01
-6.873437578299999851e-02 -8.816375053699999631e-01
-9.178812546400000327e-02 -1.000000000000000000e+00
4.883543795200000204e-02 -5.125682138960000467e-01
7.824639687600000448e-02 -7.091008513140000247e-01
7.824220695399999870e-02 -8.359618173889999948e-01
6.534482853400000457e-02 -9.508141673390000381e-01
1.383986648809999997e-01 -4.373914337859999835e-01
2.014393355200000124e-01 -5.838699145900000387e-01
2.239055483809999914e-01 -6.863126878290000121e-01
2.288422742590000003e-01 -7.879792031719999867e-01
-1.786057259190000079e-01 -1.014808143929999962e-01
-2.955645212590000126e-01 -2.659422653149999816e-01
-3.564605211990000133e-01 -4.120264418380000238e-01
-4.038001155589999724e-01 -5.213852857370000482e-01
-1.464339715609999926e-01 -5.239377307400000516e-01
-1.860890623660000076e-01 -6.975535834970000293e-01
-2.184929479830000076e-01 -8.051032344220000470e-01
-2.490098182209999900e-01 -9.010287427619999567e-01
-4.623527284699999879e-02 -5.436931846039999572e-01
-4.931880300500000175e-02 -7.536878961020000434e-01
-6.615021706700000004e-02 -8.826203044410000365e-01
-8.483178917700000266e-02 -1.000000000000000000e+00
4.865497153099999916e-02 -5.114548573180000002e-01
7.738630890299999510e-02 -7.093685676419999586e-01
7.864345349100000659e-02 -8.370320949809999522e-01
6.853175992500000480e-02 -9.522439502759999508e-01
1.398436013150000101e-01 -4.358858694800000211e-01
2.015491640129999928e-01 -5.824437226219999486e-01
2.261065336399999959e-01 -6.858826950299999892e-01
2.339311749549999875e-01 -7.888211344119999691e-01
-1.808446352739999929e-01 -1.027205835670000067e-01
-2.996190672790000065e-01 -2.672446457880000015e-01
-3.625919615870000223e-01 -4.127718689009999831e-01
-4.105855016300000160e-01 -5.211712506200000261e-01
-1.490960359279999980e-01 -5.246149589709999672e-01
-1.916331524379999984e-01 -6.979899932919999550e-01
-2.219878377070000075e-01 -8.060479799980000415e-01
-2.494120752370000138e-01 -9.026430547799999538e-01
-4.746363881400000179e-02 -5.450556340069999672e-01
-5.077077416800000048e-02 -7.539152862139999467e-01
-6.455180407900000528e-02 -8.836059258889999990e-01
-7.858529164800000244e-02 -1.000000000000000000e+00
4.772249286500000048e-02 -5.136387476329999924e-01
7.723455322800000522e-02 -7.110420092389999613e-01
8.118692478200000007e-02 -8.367763045999999649e-01
7.550173023700000596e-02 -9.493960317820000494e-01
1.375275585240000042e-01 -4.390475540129999965e-01
2.017244627049999961e-01 -5.826743361420000378e-01
2.295396797900000063e-01 -6.863893465270000105e-01
2.416903289500000052e-01 -7.899968300370000529e-01
-1.786482642430000101e-01 -1.016206613589999974e-01
-2.975607516439999767e-01 -2.662465308070000036e-01
-3.617090765459999857e-01 -4.122956880850000005e-01
-4.129943707340000270e-01 -5.180369473420000093e-01
-1.508821065590000010e-01 -5.260292519939999689e-01
-1.933653361980000041e-01 -6.998392346470000414e-01
-2.218352584970000041e-01 -8.087869012659999468e-01
-2.468312192110000136e-01 -9.055835881449999514e-01
-4.854303551200000316e-02 -5.469811697399999950e-01
-5.309187037199999959e-02 -7.543426772910000189e-01
-6.575873220599999514e-02 -8.843888625950000471e-01
-7.765804199499999616e-02 -1.000000000000000000e+00
4.696146773599999685e-02 -5.157248282359999658e-01
7.781405583599999842e-02 -7.122793607059999532e-01
8.556087401199999332e-02 -8.360519721360000212e-01
8.467305712599999812e-02 -9.467278325040000553e-01
1.360028122549999940e-01 -4.412244392779999802e-01
2.015083974849999904e-01 -5.850832568660000454e-01
2.316236249209999987e-01 -6.880470967530000204e-01
2.468582562689999871e-01 -7.910788672490000062e-01
-1.780848462500000118e-01 -1.019118307180000016e-01
-2.977499223669999862e-01 -2.673461474919999747e-01
-3.641605097110000022e-01 -4.137034048639999795e-01
-4.215809483599999852e-01 -5.179839176049999550e-01
-1.507628227799999998e-01 -5.285009656900000463e-01
-1.936295317339999933e-01 -7.040016323519999730e-01
-2.202839214469999862e-01 -8.133224343329999995e-01
-2.430567312849999939e-01 -9.106560266069999576e-01
-4.743338036099999794e-02 -5.492582098029999971e-01
-5.221459066899999946e-02 -7.567898194130000533e-01
-6.336768705600000218e-02 -8.857811568500000288e-01
-7.351630544800000222e-02 -1.000000000000000000e+00
4.881900296000000333e-02 -5.175306461530000401e-01
8.040617279700000564e-02 -7.145816495219999842e-01
8.977363143800000389e-02 -8.386489483369999887e-01
9.084461043800000357e-02 -9.491784994180000323e-01
1.385708374069999915e-01 -4.427985277650000051e-01
2.050280460920000103e-01 -5.864277555010000142e-01
2.365844377709999946e-01 -6.888800456339999601e-01
2.535020309420000229e-01 -7.913067545769999489e-01
-1.789623666559999882e-01 -1.012450473039999965e-01
-2.996220104299999742e-01 -2.677022928339999885e-01
-3.663785891949999929e-01 -4.142528436249999779e-01
-4.251992996089999921e-01 -5.169554514159999670e-01
-1.529646917090000113e-01 -5.295198852489999553e-01
-1.937104486350000043e-01 -7.058438224359999680e-01
-2.180280519530000127e-01 -8.157255432640000414e-01
-2.385537883140000093e-01 -9.125492908890000532e-01
-4.826699253800000033e-02 -5.503049693320000157e-01
-5.330215092900000146e-02 -7.585319755980000078e-01
-6.416643884000000631e-02 -8.870460781240000481e-01
-7.400294321000000508e-02 -1.000000000000000000e+00
4.900129700400000093e-02 -5.185330784199999599e-01
8.070472294899999621e-02 -7.165728996219999924e-01
9.076260074899999974e-02 -8.399330540049999572e-01
9.296986273500000564e-02 -9.499156519450000502e-01
1.395286695219999928e-01 -4.435679597150000153e-01
2.069004216879999913e-01 -5.875111026449999496e-01
2.395920388040000126e-01 -6.898386447850000103e-01
2.581556521439999918e-01 -7.921198820560000353e-01
-1.782047702510000109e-01 -1.013141092790000031e-01
-2.986180009580000072e-01 -2.679070738420000208e-01
-3.660678238119999817e-01 -4.148482395649999988e-01
-4.271639647359999903e-01 -5.172506100310000354e-01
-1.516876670950000061e-01 -5.306743159300000290e-01
-1.936985230949999914e-01 -7.076038302070000174e-01
-2.180765230339999916e-01 -8.174434853319999528e-01
-2.383941657220000065e-01 -9.140305097930000455e-01
-4.699149221699999712e-02 -5.509412584380000144e-01
-5.246307181200000197e-02 -7.588389502210000082e-01
-6.274894659499999361e-02 -8.874108700680000128e-01
-7.203788616400000344e-02 -1.000000000000000000e+00
5.027054151399999726e-02 -5.180758009100000505e-01
8.209359020999999756e-02 -7.155797916560000527e-01
9.307482503300000543e-02 -8.386418921549999572e-01
9.607956817599999644e-02 -9.483296361090000071e-01
1.405908924200000021e-01 -4.419471323370000038e-01
2.090725447360000100e-01 -5.838058827459999822e-01
2.424413934449999863e-01 -6.853163289779999889e-01
2.615364245189999992e-01 -7.871015105980000426e-01
-1.777804784079999867e-01 -1.008004435329999948e-01
-2.974579468219999967e-01 -2.695631222109999836e-01
-3.649873943249999919e-01 -4.169132164029999976e-01
-4.291747622729999989e-01 -5.153136260409999503e-01
-1.525050971040000092e-01 -5.328495922470000146e-01
-1.951286737819999950e-01 -7.085979263589999855e-01
-2.185959064150000131e-01 -8.186180509089999724e-01
-2.380521007770000086e-01 -9.150760803580000324e-01
-4.733021139199999894e-02 -5.535275786400000175e-01
-5.471237941499999813e-02 -7.605147267920000509e-01
-6.471328710800000605e-02 -8.880243774389999789e-01
-7.329224288300000001e-02 -1.000000000000000000e+00
5.035505071899999685e-02 -5.203627816900000536e-01
8.250929782299999682e-02 -7.175455256310000474e-01
9.500661269000000575e-02 -8.403215645849999582e-01
1.001342239779999949e-01 -9.502079476520000068e-01
1.413204692220000058e-01 -4.430373610680000129e-01
2.116249645540000113e-01 -5.860333934539999623e-01
2.469998633940000132e-01 -6.861314303340000365e-01
2.686742263529999786e-01 -7.864907305239999813e-01
-1.785734052519999948e-01 -1.021472160520000005e-01
-2.976459661820000102e-01 -2.698822235650000234e-01
-3.647928978550000201e-01 -4.156224375600000021e-01
-4.256560539049999980e-01 -5.132904899329999715e-01
-1.530873496060000116e-01 -5.302557067380000433e-01
-1.935024973149999938e-01 -7.051019514030000268e-01
-2.160112151639999867e-01 -8.156167462240000443e-01
-2.339407010719999902e-01 -9.119557552429999880e-01
-4.929593657300000015e-02 -5.515677655540000002e-01
-5.509663786099999738e-02 -7.591355801279999760e-01
-6.395066166000000496e-02 -8.881792053410000332e-01
-7.131055328099999979e-02 -1.000000000000000000e+00
4.709729174999999907e-02 -5.196762885700000334e-01
8.079851816800000253e-02 -7.165118384099999904e-01
9.438705138200000067e-02 -8.371290543389999783e-01
1.000331769020000039e-01 -9.448032562860000372e-01
1.371721603780000076e-01 -4.441861749339999776e-01
2.079312230060000044e-01 -5.840788237180000175e-01
2.447277239200000010e-01 -6.841916692909999487e-01
2.674990802330000084e-01 -7.850731082859999654e-01
-1.789087881470000085e-01 -1.015695530479999997e-01
-3.002047540830000139e-01 -2.666796545039999966e-01
-3.700720949130000270e-01 -4.128342105960000064e-01
-4.352032144419999971e-01 -5.141492742709999897e-01
-1.535272732480000013e-01 -5.292448133210000405e-01
-1.971364076209999872e-01 -7.065540381879999998e-01
-2.214307366949999911e-01 -8.171832097360000047e-01
-2.411538888280000126e-01 -9.142675945220000155e-01
-4.901365991599999916e-02 -5.504186000280000268e-01
-5.583696496800000242e-02 -7.588708302019999685e-01
-6.529987613300000659e-02 -8.874630987589999798e-01
-7.268995053799999495e-02 -1.000000000000000000e+00
4.790299665799999801e-02 -5.177199513010000143e-01
8.097166580900000410e-02 -7.145097657660000046e-01
9.453249297700000442e-02 -8.373315517570000255e-01
1.011458054169999954e-01 -9.469161279550000199e-01
1.379629379850000059e-01 -4.413249806339999970e-01
2.096443621380000011e-01 -5.824246644299999609e-01
2.464974131740000074e-01 -6.822545922370000238e-01
2.698807375160000022e-01 -7.822633097400000235e-01
-1.785968979270000090e-01 -1.007202483930000059e-01
-2.994931529570000195e-01 -2.664367895509999751e-01
-3.687715374020000270e-01 -4.129084811029999913e-01
-4.354450430180000220e-01 -5.122401690440000488e-01
-1.544896379800000108e-01 -5.294927821270000168e-01
-1.974060941319999984e-01 -7.060778283269999456e-01
-2.202887224729999927e-01 -8.166079635890000077e-01
-2.384254261450000079e-01 -9.135161317019999672e-01
-4.902976890800000292e-02 -5.510666670630000041e-01
-5.750584710699999796e-02 -7.594436370020000160e-01
-6.739080419500000085e-02 -8.878406476000000325e-01
-7.539641891399999352e-02 -1.000000000000000000e+00
4.876615665799999971e-02 -5.182695458120000209e-01
8.203052660500000093e-02 -7.160548337090000270e-01
9.576036481100000386e-02 -8.387509405599999912e-01
1.022176594059999999e-01 -9.486551348609999490e-01
1.396809385099999912e-01 -4.413669254609999815e-01
2.114336514319999916e-01 -5.833777281130000381e-01
2.482327261170000077e-01 -6.830983923060000018e-01
2.712787558779999886e-01 -7.834949521809999595e-01
-1.774584511489999961e-01 -1.011485196430000066e-01
-2.972718845719999892e-01 -2.674414380929999724e-01
-3.658264982419999756e-01 -4.140180669169999939e-01
-4.303636150130000226e-01 -5.121583572729999645e-01
-1.534490288420000126e-01 -5.295018805479999591e-01
-1.953128441639999935e-01 -7.048918337220000385e-01
-2.172189627030000070e-01 -8.150127948930000477e-01
-2.339599718579999932e-01 -9.104531770679999969e-01
-4.856098185100000270e-02 -5.516174361060000031e-01
-5.810514679400000104e-02 -7.592763491739999981e-01
-6.868570628900000363e-02 -8.884151252519999487e-01
-7.699533209700000491e-02 -1.000000000000000000e+00
4.896901515299999924e-02 -5.193938717989999843e-01
8.264556446899999631e-02 -7.171020420899999470e-01
9.631894613199999677e-02 -8.392990575069999570e-01
1.027399749940000051e-01 -9.477809594420000261e-01
1.398063626019999950e-01 -4.428837881630000028e-01
2.113255163839999895e-01 -5.852004966110000428e-01
2.482122789990000022e-01 -6.856333393919999963e-01
2.712824216929999865e-01 -7.857342598800000077e-01
-1.761969177859999958e-01 -9.981230660699999535e-02
-2.958734732080000041e-01 -2.642664891679999961e-01
-3.648719326659999873e-01 -4.094181580249999786e-01
-4.294130166019999861e-01 -5.047281613630000274e-01
-1.533961492120000103e-01 -5.278171262209999659e-01
-1.952054526750000019e-01 -7.027497063169999558e-01
-2.170526568529999867e-01 -8.135331574690000123e-01
-2.335618312770000038e-01 -9.096293838019999800e-01
-4.857486396900000114e-02 -5.503152170430000156e-01
-5.763080932200000117e-02 -7.582983521670000338e-01
-6.752366280600000104e-02 -8.880117586500000382e-01
-7.495506911100000003e-02 -1.000000000000000000e+00
4.882527267500000323e-02 -5.181373966919999852e-01
8.306961852300000226e-02 -7.152080673840000014e-01
9.747696887300000279e-02 -8.368909722759999559e-01
1.047652701230000066e-01 -9.451558926180000375e-01
1.399156127689999973e-01 -4.415264371629999962e-01
2.121927166520000130e-01 -5.826740934470000521e-01
2.498753047610000055e-01 -6.820429428299999985e-01
2.740551313990000071e-01 -7.815188193080000456e-01
-1.757686046820000070e-01 -9.987095842399999757e-02
-2.960519601280000024e-01 -2.650982813409999972e-01
-3.639292655010000210e-01 -4.102762235279999725e-01
-4.226981621029999858e-01 -5.035854210069999892e-01
-1.523336291769999962e-01 -5.277689918460000129e-01
-1.940100727209999876e-01 -7.032039596039999507e-01
-2.160906795180000117e-01 -8.144285845750000030e-01
-2.328091493289999869e-01 -9.105987614410000486e-01
-4.686200248300000093e-02 -5.503469098330000531e-01
-5.596145658400000084e-02 -7.585251824249999997e-01
-6.608445966900000634e-02 -8.882634496160000115e-01
-7.350607017799999643e-02 -1.000000000000000000e+00
5.082771399500000259e-02 -5.180370512809999717e-01
8.485515877600000034e-02 -7.158348740209999894e-01
9.913644908799999766e-02 -8.376874222210000109e-01
1.063000846049999976e-01 -9.457383209190000084e-01
1.418449435219999999e-01 -4.412900444960000113e-01
2.144846242089999966e-01 -5.821729898149999860e-01
2.522518511549999842e-01 -6.816468740159999928e-01
2.765508517170000014e-01 -7.812069720709999832e-01
-1.739787269970000105e-01 -9.976538030699999560e-02
-2.924252202839999759e-01 -2.637218250030000100e-01
-3.602681602800000271e-01 -4.076331250960000263e-01
-4.220478408919999813e-01 -4.993050224710000040e-01
-1.512237008579999931e-01 -5.272665485640000149e-01
-1.943273119599999987e-01 -7.035986090010000193e-01
-2.174577739899999917e-01 -8.149911415239999846e-01
-2.352612223570000050e-01 -9.123246489570000506e-01
-4.540736723299999833e-02 -5.495350311719999770e-01
-5.508094403399999700e-02 -7.586059688099999754e-01
-6.516122623799999736e-02 -8.877794558239999745e-01
-7.290618019000000283e-02 -1.000000000000000000e+00
5.257655867399999711e-02 -5.166992436989999993e-01
8.799735137099999605e-02 -7.148262805830000177e-01
1.039249315829999937e-01 -8.364373242079999882e-01
1.125851744329999932e-01 -9.445632013460000254e-01
1.443852601670000124e-01 -4.391361504590000076e-01
2.181979031819999970e-01 -5.799449222839999640e-01
2.570013006349999851e-01 -6.778486948470000550e-01
2.828691058949999726e-01 -7.760432360529999629e-01
-1.744455462170000082e-01 -9.929415679299999353e-02
-2.959157485689999922e-01 -2.646626612229999731e-01
-3.665194121979999942e-01 -4.079704966009999878e-01
-4.256423189829999787e-01 -4.945367710790000149e-01
-1.517418706499999992e-01 -5.274836107670000107e-01
-1.955240144350000042e-01 -7.043560229999999978e-01
-2.191949864609999965e-01 -8.158326527700000552e-01
-2.372502119109999863e-01 -9.122820410109999667e-01
-4.569857908999999663e-02 -5.496102524849999504e-01
-5.595581536199999845e-02 -7.588383227489999827e-01
-6.600968635600000523e-02 -8.882168848339999645e-01
-7.389523558499999645e-02 -1.000000000000000000e+00
5.228827991699999678e-02 -5.167228033270000465e-01
8.700715143899999393e-02 -7.155502678230000191e-01
1.021996272570000058e-01 -8.381835788510000329e-01
1.094453223360000033e-01 -9.468449083650000153e-01
1.438711501399999870e-01 -4.394035208600000075e-01
2.180473243659999949e-01 -5.805823003129999549e-01
2.577295797360000251e-01 -6.787939606720000407e-01
2.839195172319999849e-01 -7.768071356090000545e-01
-1.750333633670000111e-01 -9.813862454999999763e-02
-2.996130646299999811e-01 -2.622586321350000027e-01
-3.763088953739999742e-01 -4.033447072240000097e-01
-4.452670510200000265e-01 -4.865037410640000171e-01
-1.519444164229999950e-01 -5.263294175260000429e-01
-1.963460360429999940e-01 -7.040102473410000394e-01
-2.196559471960000121e-01 -8.156403532560000391e-01
-2.370512890379999904e-01 -9.115490420630000257e-01
-4.470476559400000244e-02 -5.495317924279999877e-01
-5.758121816299999890e-02 -7.594061959540000517e-01
-6.864403196000000429e-02 -8.886946933429999973e-01
-7.714410407699999472e-02 -1.000000000000000000e+00
5.412615976199999790e-02 -5.174374713270000203e-01
8.839686249500000592e-02 -7.169532711689999838e-01
1.036609169269999964e-01 -8.400263948489999910e-01
1.115803788969999960e-01 -9.492435444160000069e-01
1.454167066840000022e-01 -4.410102420159999759e-01
2.191774599790000111e-01 -5.828358774620000515e-01
2.592107561829999907e-01 -6.805478064290000351e-01
2.864099999699999954e-01 -7.782225345500000113e-01
-1.734661728749999909e-01 -9.646195477499999726e-02
-2.985128146880000055e-01 -2.597671085770000277e-01
-3.771523677749999970e-01 -3.993488638150000103e-01
-4.499557177710000189e-01 -4.769322155369999927e-01
-1.549273800150000047e-01 -5.259519601330000516e-01
-1.997046230539999967e-01 -7.032374196070000361e-01
-2.219670157520000076e-01 -8.148095357850000386e-01
-2.378531986630000039e-01 -9.093298952770000332e-01
-4.702068712699999931e-02 -5.495239141890000401e-01
-6.031261209299999815e-02 -7.607211375360000138e-01
-7.086349675200000198e-02 -8.900816668640000318e-01
-7.828813766299999588e-02 -1.000000000000000000e+00
5.240080212499999973e-02 -5.174045945659999646e-01
8.624867456300000512e-02 -7.171915571119999999e-01
1.008761786629999990e-01 -8.402352563339999802e-01
1.086148375790000065e-01 -9.480933350839999552e-01
1.448586012239999887e-01 -4.401823334719999758e-01
2.165348652040000044e-01 -5.847538618819999590e-01
2.558764986839999755e-01 -6.841155578740000243e-01
2.826358558059999804e-01 -7.822085113390000455e-01
-1.717256304750000018e-01 -9.311343581099999767e-02
-2.970703914749999730e-01 -2.537081489349999885e-01
-3.767185251579999727e-01 -3.901409117460000187e-01
-4.507355985490000272e-01 -4.638665505189999982e-01
-1.571817745970000013e-01 -5.264224424010000014e-01
-2.021436236980000134e-01 -7.022053461210000513e-01
-2.240165112530000113e-01 -8.140633346890000510e-01
-2.392782999939999933e-01 -9.085183824720000079e-01
-4.916777255000000235e-02 -5.508707636990000100e-01
-6.203862426199999863e-02 -7.618338316560000489e-01
-7.142850428399999396e-02 -8.903213788610000456e-01
-7.764885108999999841e-02 -1.000000000000000000e+00
5.032609104800000316e-02 -5.192609868830000419e-01
8.193870049099999386e-02 -7.187337950440000345e-01
9.568541024200000189e-02 -8.399459173950000190e-01
1.034358765319999957e-01 -9.466053099779999647e-01
1.437996463960000137e-01 -4.426743455400000138e-01
2.146214171930000136e-01 -5.854047507580000254e-01
2.540676668519999959e-01 -6.827652081659999483e-01
2.816772992300000111e-01 -7.797459307290000030e-01
-1.703159241789999889e-01 -9.591596237100000200e-02
-2.916584147469999944e-01 -2.582505118439999969e-01
-3.667964618269999866e-01 -3.970715015449999830e-01
-4.411945961329999943e-01 -4.717719746849999840e-01
-1.551959283069999918e-01 -5.265755384329999789e-01
-2.005331848099999870e-01 -7.031434201349999746e-01
-2.229778064469999932e-01 -8.151740773979999632e-01
-2.389303418790000022e-01 -9.102680396360000037e-01
-4.796224952800000330e-02 -5.505717838929999886e-01
-6.186818362299999902e-02 -7.616393378850000451e-01
-7.311517822799999677e-02 -8.901244926519999989e-01
-8.141794284499999368e-02 -1.000000000000000000e+00
5.049221247800000228e-02 -5.188138143789999823e-01
8.343770744799999806e-02 -7.187477164059999923e-01
9.676174505800000381e-02 -8.396717842459999748e-01
1.034271685230000043e-01 -9.456844917900000258e-01
1.433325900659999930e-01 -4.421510553110000186e-01
2.163644542560000106e-01 -5.844976332479999703e-01
2.575344066570000034e-01 -6.822033328669999674e-01
2.858870149989999887e-01 -7.789030304959999595e-01
-1.691723850899999881e-01 -9.454235938400000483e-02
-2.886871371599999958e-01 -2.560156972620000193e-01
-3.627457116600000253e-01 -3.942896180039999754e-01
-4.363180895659999892e-01 -4.693982059360000125e-01
-1.531203882859999976e-01 -5.264383477549999801e-01
-1.994318153019999929e-01 -7.025953534109999898e-01
-2.215899046619999868e-01 -8.144731469560000381e-01
-2.370997361949999938e-01 -9.093866492550000125e-01
-4.576445584799999911e-02 -5.515611750340000397e-01
-6.093937642399999827e-02 -7.617682247220000091e-01
-7.174874018900000150e-02 -8.901986168400000121e-01
-7.900544461800000640e-02 -1.000000000000000000e+00
5.258122044400000139e-02 -5.205085465180000481e-01
8.618054892000000244e-02 -7.195294576149999788e-01
1.010621095249999990e-01 -8.395844100449999514e-01
1.098480904729999957e-01 -9.451300586530000380e-01
1.454832670610000100e-01 -4.444772263369999865e-01
2.208673180029999961e-01 -5.864444790289999876e-01
2.635397797810000164e-01 -6.834982575810000238e-01
2.937501998550000049e-01 -7.801933960589999550e-01
-1.707644872480000020e-01 -9.367571480099999570e-02
-2.905481702550000156e-01 -2.558774035099999900e-01
-3.617455383839999761e-01 -3.967615078360000047e-01
-4.300909570740000243e-01 -4.744079540239999893e-01
-1.557011238079999971e-01 -5.238747641319999593e-01
-2.026407630650000069e-01 -7.005206192749999783e-01
-2.245659272939999895e-01 -8.129490608470000268e-01
-2.394221390000000060e-01 -9.082498102360000436e-01
-4.736588606400000262e-02 -5.497257497730000386e-01
-6.193555794600000275e-02 -7.615561987900000274e-01
-7.094545395800000431e-02 -8.901104467999999548e-01
-7.632778590199999769e-02 -1.000000000000000000e+00
5.144539017599999986e-02 -5.198664684270000169e-01
8.469595314399999686e-02 -7.198436907690000108e-01
1.009690064270000048e-01 -8.389875895639999914e-01
1.111091038269999970e-01 -9.433469743350000325e-01
1.446470597149999981e-01 -4.454762638140000175e-01
2.199500768340000023e-01 -5.881857422399999757e-01
2.637819382759999942e-01 -6.858135989689999601e-01
2.951834913720000064e-01 -7.831299377310000365e-01
-1.719996576470000094e-01 -9.374214123999999315e-02
-2.920715095990000232e-01 -2.529743342849999910e-01
-3.605769345709999851e-01 -3.933539585959999751e-01
-4.223876930720000256e-01 -4.737791936310000174e-01
-1.553027531950000040e-01 -5.253593862219999577e-01
-2.037321310999999913e-01 -7.019850185370000162e-01
-2.265766008239999962e-01 -8.144425883100000485e-01
-2.428612919539999970e-01 -9.104558664109999588e-01
-4.579604444799999924e-02 -5.506529768560000093e-01
-6.019834507199999657e-02 -7.611833436529999997e-01
-6.969143165299999942e-02 -8.896896011039999719e-01
-7.569686134299999369e-02 -1.000000000000000000e+00
5.343925454100000028e-02 -5.193319365899999873e-01
8.665891715699999831e-02 -7.183803504400000373e-01
1.016956941099999984e-01 -8.373822219340000261e-01
1.106287946809999950e-01 -9.416471274280000525e-01
1.466511052360000011e-01 -4.431931161279999976e-01
2.234150907369999994e-01 -5.830178756380000049e-01
2.673808375719999852e-01 -6.798766440310000103e-01
2.984210040349999926e-01 -7.772109299339999833e-01
-1.735507318489999951e-01 -9.728689758500000395e-02
-2.924034802270000233e-01 -2.549471591929999836e-01
-3.596265910770000129e-01 -3.932234152130000271e-01
-4.197952305379999971e-01 -4.748914128669999846e-01
-1.533260842270000035e-01 -5.279887559899999472e-01
-2.004463328409999967e-01 -7.046496565180000449e-01
-2.247202688340000087e-01 -8.167319648719999492e-01
-2.429065499730000133e-01 -9.128488222370000349e-01
-4.388814320099999888e-02 -5.525499521250000212e-01
-5.668973450400000003e-02 -7.632448984270000514e-01
-6.753953087300000602e-02 -8.911573518880000488e-01
-7.492101670400000413e-02 -1.000000000000000000e+00
5.569063021100000010e-02 -5.215273703449999632e-01
8.963888640599999846e-02 -7.212527781030000362e-01
1.036356292269999951e-01 -8.408236768339999445e-01
1.117718413880000039e-01 -9.440895734030000375e-01
1.495396888299999894e-01 -4.460863946229999821e-01
2.266734763559999921e-01 -5.874575835349999942e-01
2.711771553819999903e-01 -6.867076650560000051e-01
3.028129018549999829e-01 -7.851425059269999673e-01
-1.745832061860000117e-01 -9.633903353299999583e-02
-2.923989701390000140e-01 -2.522225246620000139e-01
-3.568730056889999891e-01 -3.901395055279999746e-01
-4.144639931629999774e-01 -4.704822183440000027e-01
-1.533423661149999895e-01 -5.275051242699999587e-01
-1.992166243090000011e-01 -7.057582564619999665e-01
-2.214386066000000042e-01 -8.187516159850000141e-01
-2.374651081489999871e-01 -9.150961426810000354e-01
-4.249642960100000200e-02 -5.527498873430000126e-01
-5.524481295400000130e-02 -7.645515523020000037e-01
-6.531071387299999809e-02 -8.928215522960000206e-01
-7.164772882599999837e-02 -1.000000000000000000e+00
5.795174312299999908e-02 -5.221968337019999851e-01
9.323396894299999793e-02 -7.231530609520000485e-01
1.101642285540000016e-01 -8.412140346930000456e-01
1.211708117009999974e-01 -9.411390814179999564e-01
1.522091327070000111e-01 -4.473982765480000179e-01
2.282684656969999892e-01 -5.895834079170000352e-01
2.737933334079999947e-01 -6.892050804570000189e-01
3.070095234419999985e-01 -7.867507537469999868e-01
-1.747387668519999882e-01 -9.768588010600000315e-02
-2.919975728909999790e-01 -2.543997264410000070e-01
-3.587040707170000009e-01 -3.909107207090000147e-01
-4.198265570670000058e-01 -4.671856795029999954e-01
-1.527585090670000034e-01 -5.276798752379999735e-01
-1.980707175430000133e-01 -7.054415955809999472e-01
-2.193235974709999980e-01 -8.185625908420000041e-01
-2.340201125970000073e-01 -9.140251600569999635e-01
-4.245181291499999787e-02 -5.528689191279999582e-01
-5.392469646399999927e-02 -7.641738475349999504e-01
-6.205327235099999950e-02 -8.932283884189999856e-01
-6.660715896499999622e-02 -1.000000000000000000e+00
5.719794714800000013e-02 -5.226708113210000173e-01
9.356834975300000468e-02 -7.220309211080000455e-01
1.112056776130000008e-01 -8.391481541730000382e-01
1.225988988430000010e-01 -9.381641635059999595e-01
1.501987469159999922e-01 -4.483866304690000137e-01
2.274480468199999994e-01 -5.884327218889999767e-01
2.737144921129999742e-01 -6.861826136609999738e-01
3.071371876460000094e-01 -7.814095927669999497e-01
-1.730147832670000108e-01 -9.730031726099999667e-02
-2.901258220180000236e-01 -2.504653309909999903e-01
-3.562583832780000237e-01 -3.864147113599999961e-01
-4.166995968489999869e-01 -4.662711805599999981e-01
-1.518428969789999972e-01 -5.279986261569999950e-01
-1.984605453149999865e-01 -7.050452530919999461e-01
-2.201632623379999876e-01 -8.174901515029999732e-01
-2.350259155789999888e-01 -9.138703596249999617e-01
-4.021275643200000055e-02 -5.534281666899999452e-01
-5.352239572499999792e-02 -7.643601215840000185e-01
-6.239275547599999749e-02 -8.926369403989999896e-01
-6.716881492899999528e-02 -1.000000000000000000e+00
6.060368178799999811e-02 -5.231740793039999504e-01
9.759896016300000088e-02 -7.228773546410000028e-01
1.160007380410000011e-01 -8.395695822140000208e-01
1.285281510730000021e-01 -9.380490846850000342e-01
1.548056896570000063e-01 -4.487252963850000276e-01
2.327799063559999881e-01 -5.901908523259999928e-01
2.794709437610000125e-01 -6.878170550179999454e-01
3.136902426020000134e-01 -7.828149546979999984e-01
-1.736574425559999912e-01 -9.677008055899999350e-02
-2.906296123739999793e-01 -2.513836812010000199e-01
-3.572604729589999861e-01 -3.875840280369999835e-01
-4.191154338199999940e-01 -4.650497414229999849e-01
-1.532974277420000031e-01 -5.281904902759999576e-01
-1.995311026430000023e-01 -7.042143220700000095e-01
-2.198527311909999893e-01 -8.166817774610000136e-01
-2.328856281829999875e-01 -9.113762270230000295e-01
-4.103886858900000073e-02 -5.548868217279999682e-01
-5.315920553200000065e-02 -7.656204345489999730e-01
-6.097177288999999778e-02 -8.940991028820000075e-01
-6.437721201299999307e-02 -1.000000000000000000e+00
6.064128638199999671e-02 -5.254273627709999950e-01
9.906249520899999828e-02 -7.247412259879999485e-01
1.178832106210000036e-01 -8.398532317819999982e-01
1.313059966150000035e-01 -9.356968005569999969e-01
1.560116102250000136e-01 -4.512503598240000247e-01
2.367653757089999977e-01 -5.913613961500000515e-01
2.865176228729999774e-01 -6.881276785959999920e-01
3.239544619879999865e-01 -7.816428519260000263e-01
-1.724578980060000044e-01 -9.580479894900000015e-02
-2.883857812010000021e-01 -2.521099822449999750e-01
-3.541507590729999766e-01 -3.897826382349999785e-01
-4.182059235289999899e-01 -4.672108389660000194e-01
-1.539453421739999939e-01 -5.287074163480000033e-01
-2.004240952590000124e-01 -7.036463711529999943e-01
-2.209533180019999932e-01 -8.155897461259999925e-01
-2.335207381739999866e-01 -9.093462452099999593e-01
-4.198906015000000019e-02 -5.553735079160000421e-01
-5.495271545500000215e-02 -7.648876226990000138e-01
-6.214386532499999866e-02 -8.931340726069999514e-01
-6.424689762000000692e-02 -1.000000000000000000e+00
5.892984642400000278e-02 -5.257320333480000052e-01
9.758494133600000009e-02 -7.233710083469999663e-01
1.177404000330000006e-01 -8.384513620869999961e-01
1.328051270670000117e-01 -9.353860494969999939e-01
1.533753708549999983e-01 -4.511243310140000129e-01
2.339186322460000134e-01 -5.919133798429999649e-01
2.847380250850000127e-01 -6.878545888449999479e-01
3.233714532440000178e-01 -7.805750426459999725e-01
-1.702528249889999901e-01 -9.639011015300000262e-02
-2.867123222679999750e-01 -2.542808520600000066e-01
-3.549905058860000073e-01 -3.904254281980000241e-01
-4.221679720509999845e-01 -4.653153639750000070e-01
-1.536219010479999980e-01 -5.295074575260000360e-01
-1.985301500190000124e-01 -7.040479802079999683e-01
-2.186136797690000078e-01 -8.166546404209999999e-01
-2.312501648720000080e-01 -9.103032630039999962e-01
-4.372257546999999689e-02 -5.545039444379999960e-01
-5.407838685000000006e-02 -7.647491775460000252e-01
-5.955860367600000066e-02 -8.928976793159999481e-01
-6.122773426800000307e-02 -1.000000000000000000e+00
5.527980781300000090e-02 -5.243544268069999514e-01
9.052533430499999645e-02 -7.221169131650000406e-01
1.083441383990000062e-01 -8.360571551600000095e-01
1.204437554349999939e-01 -9.338287665190000419e-01
1.489747951350000044e-01 -4.493299856440000073e-01
2.267017062729999866e-01 -5.892754673310000024e-01
2.757039441169999994e-01 -6.856265348129999548e-01
3.120569584669999896e-01 -7.805349417610000229e-01
-1.710258657429999940e-01 -9.370657538899999917e-02
-2.870000697769999887e-01 -2.524274556889999910e-01
-3.536981581079999826e-01 -3.917785976939999748e-01
-4.201599736450000178e-01 -4.704279166320000094e-01
-1.533415467579999913e-01 -5.300331399769999674e-01
-1.963454100370000122e-01 -7.064308393379999940e-01
-2.163431285999999898e-01 -8.193211523729999612e-01
-2.296236327660000076e-01 -9.142885078820000011e-01
-4.465777283800000108e-02 -5.543355384500000538e-01
-5.478196643100000096e-02 -7.649667193989999614e-01
-6.066432344400000259e-02 -8.923681408489999578e-01
-6.356050240199999368e-02 -1.000000000000000000e+00
5.287316010399999849e-02 -5.241591134180000333e-01
8.446304408999999458e-02 -7.232864921510000489e-01
1.006082174640000049e-01 -8.375585027159999640e-01
1.106736197009999950e-01 -9.355823921150000499e-01
1.452164102630000009e-01 -4.500230377300000195e-01
2.169951690290000124e-01 -5.916018838650000111e-01
2.622567109699999732e-01 -6.888271067910000101e-01
2.949723386800000013e-01 -7.846900363559999869e-01
-1.720394808459999869e-01 -9.253217337600000425e-02
-2.892089657229999777e-01 -2.494032327880000011e-01
-3.551740602219999876e-01 -3.869845721829999752e-01
-4.193386734519999881e-01 -4.657840990170000195e-01
-1.562586728739999986e-01 -5.313237956209999613e-01
-1.990228893529999987e-01 -7.107834225069999956e-01
-2.180874225609999995e-01 -8.236299412180000390e-01
-2.302929023080000082e-01 -9.182506146059999930e-01
-4.696297527400000033e-02 -5.544341936319999720e-01
-5.716725605999999765e-02 -7.672784364110000199e-01
-6.214142752500000089e-02 -8.937497323690000162e-01
-6.455318079699999545e-02 -1.000000000000000000e+00
5.099951850799999686e-02 -5.231362919609999773e-01
7.954276995999999544e-02 -7.236705926299999980e-01
9.658280028500000614e-02 -8.390776677539999451e-01
1.075285510720000032e-01 -9.380816948619999929e-01
1.436751123249999929e-01 -4.490896253259999971e-01
2.055533575140000013e-01 -5.941825279929999759e-01
2.442095485109999908e-01 -6.930129155530000418e-01
2.711145849150000120e-01 -7.906905568850000066e-01
-1.731757272099999911e-01 -9.251572083600000107e-02
-2.898308165469999920e-01 -2.528393669049999737e-01
-3.558639660139999994e-01 -3.905402036130000143e-01
-4.204001397609999913e-01 -4.679805793460000141e-01
-1.551742233260000048e-01 -5.329197244479999540e-01
-1.952688699050000032e-01 -7.097711651020000012e-01
-2.127246797079999918e-01 -8.221280880460000162e-01
-2.234733595929999928e-01 -9.158824790749999778e-01
-4.796448792400000161e-02 -5.556143904739999639e-01
-5.885307113200000106e-02 -7.674580450050000335e-01
-6.402563329600000075e-02 -8.938787571590000036e-01
-6.647602425800000492e-02 -1.000000000000000000e+00
4.895935600199999987e-02 -5.247279886200000298e-01
7.261663207700000400e-02 -7.260025795250000247e-01
8.640589784499999593e-02 -8.406219205649999582e-01
9.412130705299999456e-02 -9.396619292579999616e-01
1.414121863820000102e-01 -4.513301788540000081e-01
1.961306418659999884e-01 -5.972630993249999909e-01
2.295210541290000072e-01 -6.968795615270000354e-01
2.516368028439999738e-01 -7.952429136219999473e-01
-1.761967967760000031e-01 -8.973569531699999990e-02
-2.927945367059999748e-01 -2.493981598660000021e-01
-3.585673644219999900e-01 -3.861773862969999915e-01
-4.277236364790000245e-01 -4.602623306840000206e-01
-1.615670674549999908e-01 -5.319283612840000064e-01
-2.019860979470000095e-01 -7.049199857140000525e-01
-2.181695225380000103e-01 -8.158641570460000159e-01
-2.265719228799999985e-01 -9.083631447979999551e-01
-5.429537573200000217e-02 -5.566675409389999496e-01
-6.938621487700000201e-02 -7.667712631049999894e-01
-7.539441467499999328e-02 -8.930604833270000542e-01
-7.757938153500000544e-02 -1.000000000000000000e+00
4.440314179000000305e-02 -5.281616959129999955e-01
6.399041381200000489e-02 -7.293847948220000266e-01
7.502705704699999534e-02 -8.453929237189999890e-01
8.090528916399999937e-02 -9.469556652089999860e-01
1.388718948160000133e-01 -4.563918390910000067e-01
1.842705033450000029e-01 -6.081294631120000016e-01
2.084566317540000047e-01 -7.052209440369999749e-01
2.225721012030000001e-01 -7.997245735929999766e-01
-1.749297492999999926e-01 -8.753093554200000459e-02
-2.909674465070000160e-01 -2.458383258680000016e-01
-3.557336564649999922e-01 -3.822208713499999910e-01
-4.222314294010000024e-01 -4.595990434309999983e-01
-1.595455681690000072e-01 -5.291091574389999996e-01
-1.994916920679999928e-01 -7.026321579719999599e-01
-2.173678354199999885e-01 -8.134861594490000458e-01
-2.282216475340000106e-01 -9.068402265989999878e-01
-5.381865695600000082e-02 -5.533058970940000210e-01
-6.666126029799999964e-02 -7.654330373419999667e-01
-7.305038301999999817e-02 -8.917842910829999470e-01
-7.654309530800000594e-02 -1.000000000000000000e+00
4.277482128400000166e-02 -5.241486428010000420e-01
6.155248356700000062e-02 -7.265305179400000091e-01
7.131119469900000507e-02 -8.437672368499999909e-01
7.626461776699999806e-02 -9.477322743460000476e-01
1.339133322019999961e-01 -4.514634883120000053e-01
1.781850592299999980e-01 -6.035845519239999568e-01
2.020491305700000129e-01 -7.017566160429999922e-01
2.160210472690000105e-01 -7.982423735989999658e-01
-1.750784090820000083e-01 -8.993320401700000133e-02
-2.910370826149999979e-01 -2.489251341529999939e-01
-3.566894164919999777e-01 -3.847579036989999812e-01
-4.232692036130000224e-01 -4.603451652689999896e-01
-1.581770439780000037e-01 -5.290339664390000252e-01
-1.987830616930000016e-01 -7.019756323369999995e-01
-2.167670819410000005e-01 -8.124620295579999540e-01
-2.276622960009999919e-01 -9.058714692110000355e-01
-5.184332601700000070e-02 -5.529709902199999583e-01
-6.374684457300000551e-02 -7.649747805800000133e-01
-6.967427737499999607e-02 -8.920116626920000513e-01
-7.280939639800000640e-02 -1.000000000000000000e+00
4.517726217999999683e-02 -5.242014789840000466e-01
6.548321662299999568e-02 -7.270336292710000148e-01
7.482986512200000273e-02 -8.437681091630000463e-01
7.884236242999999311e-02 -9.460312560679999816e-01
1.358512302429999985e-01 -4.523926168280000271e-01
1.784012838079999941e-01 -6.055882816059999785e-01
1.990443554690000116e-01 -7.029645873800000055e-01
2.097593301490000006e-01 -7.972570552559999912e-01
-1.743316840580000082e-01 -8.957380240199999677e-02
-2.899929637040000174e-01 -2.485685092640000093e-01
-3.551599390149999813e-01 -3.843389687520000209e-01
-4.223373355139999896e-01 -4.592798184290000085e-01
-1.586198674590000024e-01 -5.300082151049999579e-01
-1.998213748719999960e-01 -7.037669525630000367e-01
-2.178988604419999919e-01 -8.141713598980000466e-01
-2.288306275560000047e-01 -9.066250921799999807e-01
-5.205959577100000013e-02 -5.540154903470000392e-01
-6.461708516899999921e-02 -7.669857718600000540e-01
-7.064182668400000031e-02 -8.933167138309999755e-01
-7.426808517600000381e-02 -1.000000000000000000e+00
4.533139027299999679e-02 -5.259199612530000012e-01
6.373599729399999358e-02 -7.299579927899999543e-01
7.257011083400000118e-02 -8.471936972870000027e-01
7.600692422400000259e-02 -9.491118633459999510e-01
1.369089389539999979e-01 -4.551833865409999902e-01
1.774908518409999969e-01 -6.102174398459999649e-01
1.967868902970000000e-01 -7.089170136060000127e-01
2.064712648450000021e-01 -8.038318380200000224e-01
-1.759050186439999885e-01 -9.034187986000000170e-02
-2.904693183779999965e-01 -2.474817494809999907e-01
-3.549721029940000050e-01 -3.817151758260000083e-01
-4.234839333859999888e-01 -4.596061740969999976e-01
-1.576551353210000062e-01 -5.308150395959999601e-01
-1.965403574210000115e-01 -7.043172645580000335e-01
-2.134813824800000093e-01 -8.144848616680000486e-01
-2.236193139319999912e-01 -9.084686083749999863e-01
-5.150307946800000009e-02 -5.531125602340000169e-01
-6.236626747599999937e-02 -7.648527473439999946e-01
-6.824011340900000555e-02 -8.912359222869999931e-01
-7.177762039500000524e-02 -1.000000000000000000e+00
4.499631193999999862e-02 -5.229740928739999850e-01
6.659628668000000529e-02 -7.253868725609999846e-01
7.530190761699999402e-02 -8.441610313609999583e-01
7.798704493699999685e-02 -9.485966407670000100e-01
1.345133294109999988e-01 -4.497583910290000042e-01
1.764697567659999911e-01 -6.070769181249999757e-01
1.957982202440000097e-01 -7.038318577280000543e-01
2.042481404500000042e-01 -7.962323979490000259e-01
-1.733254544080000126e-01 -9.149110846400000663e-02
-2.870571495640000248e-01 -2.489191651850000131e-01
-3.527938530529999839e-01 -3.830330024640000164e-01
-4.210425654050000133e-01 -4.620369338170000062e-01
-1.540458424049999941e-01 -5.302880648909999994e-01
-1.915676126580000138e-01 -7.053938263989999458e-01
-2.080420157060000053e-01 -8.151155978159999593e-01
-2.174357230529999907e-01 -9.078807365590000344e-01
-4.995359680800000313e-02 -5.522861682819999452e-01
-6.051216093600000206e-02 -7.661772152439999539e-01
-6.548301768400000000e-02 -8.921289332389999993e-01
-6.893848110299999332e-02 -1.000000000000000000e+00
4.477254033999999994e-02 -5.227242357260000194e-01
6.613021691900000665e-02 -7.274284397700000460e-01
7.455592603999999790e-02 -8.454951095149999540e-01
7.648835805799999998e-02 -9.499838091990000510e-01
1.324288787679999968e-01 -4.508562487880000136e-01
1.707431752909999989e-01 -6.068763798409999577e-01
1.875461172419999878e-01 -7.032415325009999663e-01
1.938128491530000108e-01 -7.961871588669999777e-01
-1.712899586219999992e-01 -9.250613222700000693e-02
-2.840003830260000028e-01 -2.500668282990000102e-01
-3.501668032049999879e-01 -3.827783274389999768e-01
-4.199963167469999981e-01 -4.601823876519999801e-01
-1.523129433809999878e-01 -5.294310913309999700e-01
-1.906473083520000000e-01 -7.032221427489999677e-01
-2.087088803159999895e-01 -8.121346556230000235e-01
-2.199131585670000000e-01 -9.051450991939999913e-01
-4.869164999600000127e-02 -5.499943654390000436e-01
-5.975923125799999930e-02 -7.636833678829999528e-01
-6.553980768500000664e-02 -8.903323911420000236e-01
-6.956119746300000461e-02 -1.000000000000000000e+00
4.627396166000000144e-02 -5.187133517859999765e-01
6.817564247799999533e-02 -7.228824017320000239e-01
7.637421191500000373e-02 -8.412510760219999995e-01
7.789859660499999505e-02 -9.465102450950000357e-01
1.345006961609999940e-01 -4.452375273299999936e-01
1.706127702739999863e-01 -6.035522149430000427e-01
1.827986567999999867e-01 -7.002171448409999499e-01
1.849168507689999963e-01 -7.932797638049999822e-01
