-1.408363030279999872e-01 -1.177848508869999977e-01
-2.070677442580000083e-01 -2.876638450710000128e-01
-2.131415411060000042e-01 -4.443000942420000099e-01
-2.384883076269999902e-01 -5.600758866749999676e-01
-9.451944392599999356e-02 -5.246111739680000552e-01
-1.091668565229999971e-01 -7.182981988140000329e-01
-1.148062923230000060e-01 -8.375715477590000013e-01
-1.156735023719999977e-01 -9.400720861419999963e-01
9.036201698000000462e-03 -5.297291547429999747e-01
2.394993638600000085e-02 -7.537200071540000046e-01
3.080979669600000109e-02 -8.838317176529999486e-01
3.372069110300000144e-02 -1.000000000000000000e+00
1.010468552360000022e-01 -4.846079729619999776e-01
1.544497770599999875e-01 -6.892390515330000245e-01
1.889327420670000035e-01 -8.118063974989999654e-01
2.108487720070000015e-01 -9.217507492099999977e-01
1.862257725620000137e-01 -3.955912756780000095e-01
2.460659372219999863e-01 -5.534316444400000368e-01
2.790466823339999847e-01 -6.569122924720000034e-01
3.004848042370000250e-01 -7.581363219569999812e-01
-1.421563483690000129e-01 -1.176350167330000029e-01
-2.089346631389999986e-01 -2.895921309860000070e-01
-2.143563808720000130e-01 -4.481454896600000071e-01
-2.414987984729999870e-01 -5.632712831170000323e-01
-1.000124649520000020e-01 -5.267689802560000523e-01
-1.166198457820000062e-01 -7.196483558099999733e-01
-1.194148225640000033e-01 -8.379284574859999779e-01
-1.159059038119999996e-01 -9.366666698219999754e-01
5.621661877999999980e-03 -5.340564141650000485e-01
1.655779872100000133e-02 -7.558231743969999750e-01
2.387666324300000142e-02 -8.860152514210000163e-01
2.827381870900000024e-02 -1.000000000000000000e+00
9.915002911100000149e-02 -4.901903350860000175e-01
1.522370676120000099e-01 -6.931144045929999997e-01
1.863448121340000041e-01 -8.155768227630000311e-01
2.084012767900000063e-01 -9.241041186409999497e-01
1.867538392839999950e-01 -4.016343161709999832e-01
2.572253142670000159e-01 -5.543639986939999931e-01
2.976414480169999877e-01 -6.552089331110000359e-01
3.243379800780000211e-01 -7.548951760640000286e-01
-1.449900527119999949e-01 -1.153539786079999935e-01
-2.132562341129999872e-01 -2.853318980310000086e-01
-2.200150488410000105e-01 -4.439560304619999953e-01
-2.437339133970000127e-01 -5.620609286269999672e-01
-1.043720795370000065e-01 -5.250696143409999683e-01
-1.216082344809999993e-01 -7.187837180549999649e-01
-1.271142677240000018e-01 -8.358946453819999789e-01
-1.256357106800000123e-01 -9.345090817940000516e-01
9.066394560000000120e-04 -5.343435930590000327e-01
1.409358957800000041e-02 -7.557411129490000379e-01
1.991241393899999962e-02 -8.853343766100000289e-01
2.406217680999999872e-02 -1.000000000000000000e+00
9.555561467800000042e-02 -4.906684530629999985e-01
1.541143060529999997e-01 -6.937861113619999687e-01
1.897241346569999987e-01 -8.184047834909999874e-01
2.140664591180000131e-01 -9.286201826219999678e-01
1.852846231149999912e-01 -4.006502518030000126e-01
2.651402965440000092e-01 -5.492087003729999584e-01
3.113656189860000145e-01 -6.477492720969999507e-01
3.434588972379999938e-01 -7.454136623370000159e-01
-1.435796400300000109e-01 -1.184372518640000038e-01
-2.133308052439999991e-01 -2.876593842940000090e-01
-2.207455805730000054e-01 -4.455793192709999739e-01
-2.411737869109999988e-01 -5.675725389169999913e-01
-9.769563802300000599e-02 -5.298811642370000463e-01
-1.143675489940000067e-01 -7.250673903990000335e-01
-1.221998266120000037e-01 -8.419444074109999621e-01
-1.234043447139999972e-01 -9.415680197529999740e-01
9.886911657999999936e-03 -5.375779246349999818e-01
2.612712791600000153e-02 -7.576622812329999457e-01
3.227949230800000041e-02 -8.856904459440000377e-01
3.747514443399999756e-02 -1.000000000000000000e+00
1.047339057220000036e-01 -4.920673416179999760e-01
1.648895634199999960e-01 -6.949393775490000369e-01
2.011551356160000137e-01 -8.183436201599999515e-01
2.277772625789999950e-01 -9.292157871920000423e-01
1.944264975810000018e-01 -4.009620165580000117e-01
2.789172089840000202e-01 -5.452622794260000294e-01
3.285364219310000222e-01 -6.421799378200000463e-01
3.649998201699999889e-01 -7.409822147240000545e-01
-1.445030731999999984e-01 -1.174428693640000021e-01
-2.129124199830000064e-01 -2.878801774699999982e-01
-2.207212183210000012e-01 -4.464184986220000040e-01
-2.472658062510000032e-01 -5.642610783150000531e-01
-9.794384625099999964e-02 -5.270087311890000459e-01
-1.129118024630000050e-01 -7.228817353730000450e-01
-1.207391009689999933e-01 -8.411848243639999945e-01
-1.229823986420000015e-01 -9.418227446689999560e-01
8.290005968999999628e-03 -5.360412850529999718e-01
2.295677540300000014e-02 -7.560755703339999689e-01
2.595217600200000127e-02 -8.852218788760000123e-01
2.688094535399999929e-02 -1.000000000000000000e+00
1.030132984939999968e-01 -4.918908661959999762e-01
1.633162178839999978e-01 -6.935231145479999748e-01
2.003141114820000124e-01 -8.173424043110000259e-01
2.265069421239999936e-01 -9.280876670040000276e-01
1.920888560969999936e-01 -4.016345507080000266e-01
2.808580428090000081e-01 -5.436178656410000087e-01
3.344703566209999979e-01 -6.387005899750000104e-01
3.745396336460000142e-01 -7.350118727609999958e-01
-1.412283727239999898e-01 -1.195107347210000032e-01
-2.061734147129999917e-01 -2.899752840220000127e-01
-2.105939017890000042e-01 -4.477471698020000224e-01
-2.371188602060000095e-01 -5.655953355530000115e-01
-9.363871025900000200e-02 -5.284845301339999857e-01
-1.078669494369999954e-01 -7.240397769020000540e-01
-1.158606567780000041e-01 -8.424491818379999941e-01
-1.185800951470000059e-01 -9.433742034209999794e-01
1.372902057400000007e-02 -5.367456105710000092e-01
2.796682878699999902e-02 -7.560797316949999791e-01
3.029322412399999831e-02 -8.846384345769999769e-01
3.090676215900000148e-02 -1.000000000000000000e+00
1.097553069180000063e-01 -4.923940485439999848e-01
1.703389048149999974e-01 -6.932152168270000470e-01
2.062889557239999949e-01 -8.164905906930000068e-01
2.321163925530000116e-01 -9.274544718470000282e-01
2.005326720520000106e-01 -4.019905629209999942e-01
2.916623100199999818e-01 -5.432786148670000204e-01
3.471109498459999942e-01 -6.372249085300000226e-01
3.894805000050000077e-01 -7.337579719960000135e-01
-1.433063264530000103e-01 -1.188261688370000069e-01
-2.064013507809999981e-01 -2.907072047929999958e-01
-2.099325958580000040e-01 -4.493466037509999955e-01
-2.400183580149999885e-01 -5.649696459999999920e-01
-1.015739920679999964e-01 -5.302048954410000237e-01
-1.134267942779999955e-01 -7.247964888210000067e-01
-1.164238682320000023e-01 -8.420382337470000422e-01
-1.136796413569999969e-01 -9.388481612119999875e-01
6.472783880999999698e-03 -5.392443811989999780e-01
1.794788626599999951e-02 -7.566580330030000523e-01
2.085436090599999959e-02 -8.858965104249999500e-01
2.257503848299999977e-02 -1.000000000000000000e+00
1.042135838290000061e-01 -4.946266512099999901e-01
1.638717120300000052e-01 -6.941575793409999751e-01
2.006600499520000136e-01 -8.178774792490000056e-01
2.279146342149999949e-01 -9.288769542370000076e-01
1.974255835010000071e-01 -4.028832167620000071e-01
2.903260086850000254e-01 -5.420396588620000067e-01
3.475985576319999826e-01 -6.333687078559999684e-01
3.913174390570000050e-01 -7.272506509449999657e-01
-1.422035744279999958e-01 -1.208332035609999966e-01
-2.046526680400000131e-01 -2.952269816479999864e-01
-2.085662192069999976e-01 -4.551403021429999973e-01
-2.357732455129999960e-01 -5.718634585609999599e-01
-9.488580764800000344e-02 -5.298136228469999542e-01
-1.076045205639999947e-01 -7.254804963159999787e-01
-1.123986283219999965e-01 -8.433207547109999869e-01
-1.108189815369999970e-01 -9.414371138229999936e-01
1.139964621600000026e-02 -5.387578650490000287e-01
2.442582140499999915e-02 -7.567607157179999655e-01
2.795744441300000022e-02 -8.859683383069999474e-01
3.082837211900000055e-02 -1.000000000000000000e+00
1.072118822500000013e-01 -4.941407749310000042e-01
1.688565017850000016e-01 -6.937403717540000514e-01
2.065392719019999990e-01 -8.171280608909999854e-01
2.350656175059999964e-01 -9.273919709760000130e-01
1.984121841950000076e-01 -4.025296223559999831e-01
2.930935895510000111e-01 -5.389468588639999558e-01
3.518417689819999805e-01 -6.299879988169999612e-01
3.976033300699999828e-01 -7.228633790680000226e-01
-1.425195524660000101e-01 -1.205668804869999972e-01
-2.055625686929999918e-01 -2.938778437080000194e-01
-2.088889523939999882e-01 -4.527243894349999853e-01
-2.374850176230000054e-01 -5.682076243770000090e-01
-9.826920939699999857e-02 -5.315230557329999606e-01
-1.104975505480000064e-01 -7.256979248770000224e-01
-1.137619789379999968e-01 -8.428767316580000335e-01
-1.109538771890000025e-01 -9.399327463979999520e-01
9.311084857999999895e-03 -5.405505156430000513e-01
2.125006539500000000e-02 -7.575856060629999611e-01
2.446315072000000007e-02 -8.863572319760000262e-01
2.689699387500000052e-02 -1.000000000000000000e+00
1.061500665030000040e-01 -4.961796477639999758e-01
1.661910800599999960e-01 -6.958709905459999900e-01
2.029874310439999940e-01 -8.195945219429999762e-01
2.305450120560000038e-01 -9.301047061189999798e-01
1.988837254830000123e-01 -4.048653516149999798e-01
2.926160474839999970e-01 -5.419301078139999728e-01
3.511247030419999970e-01 -6.332325030850000092e-01
3.963181211690000039e-01 -7.265482691060000109e-01
-1.441794425290000015e-01 -1.223410763599999951e-01
-2.088278766559999999e-01 -2.946054266579999914e-01
-2.124449543259999962e-01 -4.521306795880000173e-01
-2.400559727190000048e-01 -5.687196293859999585e-01
-9.935697283899999621e-02 -5.311436050910000040e-01
-1.137872730329999998e-01 -7.269267904009999448e-01
-1.175944031229999992e-01 -8.437885794539999873e-01
-1.142766453460000026e-01 -9.402492294230000436e-01
8.755081511000000621e-03 -5.405434457740000420e-01
1.582594380999999967e-02 -7.589721372130000532e-01
1.754391633100000139e-02 -8.874035574240000113e-01
1.873055296500000105e-02 -1.000000000000000000e+00
1.062389483730000056e-01 -4.975344309420000055e-01
1.613449771609999916e-01 -6.981904082750000073e-01
1.980060891019999880e-01 -8.221611841420000122e-01
2.250033648779999895e-01 -9.321637152599999698e-01
2.000446167059999891e-01 -4.088613689610000046e-01
2.852178000110000000e-01 -5.484528953749999713e-01
3.387912967600000269e-01 -6.410709894820000310e-01
3.792015601329999930e-01 -7.346463396229999665e-01
-1.444826885940000138e-01 -1.174580856450000016e-01
-2.109241230230000097e-01 -2.879133888229999938e-01
-2.175246437310000003e-01 -4.453859920900000158e-01
-2.492848904290000112e-01 -5.618532249909999887e-01
-1.035550857769999972e-01 -5.287850810249999922e-01
-1.184281294950000063e-01 -7.256354041629999863e-01
-1.238633520880000061e-01 -8.429791548030000081e-01
-1.222800533979999937e-01 -9.408382992420000202e-01
3.716235733000000131e-03 -5.386055124130000316e-01
1.235410420500000078e-02 -7.580348915040000524e-01
1.389902542000000067e-02 -8.866330266320000542e-01
1.451286250399999936e-02 -1.000000000000000000e+00
1.005989063230000036e-01 -4.953580975379999751e-01
1.572761591980000040e-01 -6.970294770910000492e-01
1.942518440300000093e-01 -8.211772047519999562e-01
2.207030378810000137e-01 -9.306685973880000073e-01
1.937564809460000093e-01 -4.063965024039999929e-01
2.786311027969999854e-01 -5.485244443000000247e-01
3.301359023359999867e-01 -6.424635422850000221e-01
3.673247897379999793e-01 -7.367458351450000276e-01
-1.422319391109999887e-01 -1.179113970400000044e-01
-2.070445921430000003e-01 -2.876214967330000261e-01
-2.146797716880000095e-01 -4.445790635629999765e-01
-2.460691686600000039e-01 -5.620527611569999804e-01
-9.725903443899999723e-02 -5.272640272840000142e-01
-1.137692262690000039e-01 -7.219733797359999539e-01
-1.209549626560000035e-01 -8.394404099329999536e-01
-1.221670145769999938e-01 -9.397348399020000187e-01
8.091694183000000540e-03 -5.374130174629999646e-01
1.790206142099999911e-02 -7.567030162279999583e-01
1.967478079999999963e-02 -8.856469471710000096e-01
1.931494341500000073e-02 -1.000000000000000000e+00
1.028381807520000052e-01 -4.944224005739999983e-01
1.592496107559999985e-01 -6.963136758650000369e-01
1.945264031249999970e-01 -8.202933131809999612e-01
2.183916428119999920e-01 -9.302883130119999899e-01
1.938826457599999997e-01 -4.056292679629999731e-01
2.771099415980000091e-01 -5.468646585499999935e-01
3.256080807939999988e-01 -6.419663607860000010e-01
3.595510907400000233e-01 -7.376445655469999751e-01
-1.454543928629999927e-01 -1.198793707629999955e-01
-2.116281485050000022e-01 -2.913305348090000080e-01
-2.180026164170000003e-01 -4.487230759099999911e-01
-2.445395419020000016e-01 -5.668526076059999808e-01
-9.790726482400000097e-02 -5.291005539780000433e-01
-1.138706344350000066e-01 -7.241555105960000294e-01
-1.213082214670000020e-01 -8.414527425719999787e-01
-1.224431319679999963e-01 -9.414159583369999806e-01
8.072586849000000161e-03 -5.380860541790000173e-01
1.683790996399999948e-02 -7.574422288250000079e-01
1.763701881100000063e-02 -8.858678957960000044e-01
1.724732306299999948e-02 -1.000000000000000000e+00
1.032561776959999983e-01 -4.947030284450000259e-01
1.592630604670000061e-01 -6.959675855850000481e-01
1.952031906520000082e-01 -8.190304364229999967e-01
2.205446379780000021e-01 -9.286087425750000346e-01
1.937746432920000039e-01 -4.060487372720000265e-01
2.760189500429999776e-01 -5.491396769940000144e-01
3.256081889599999890e-01 -6.446379365400000117e-01
3.618300750349999761e-01 -7.406796366140000476e-01
-1.451610318179999970e-01 -1.205179175729999969e-01
-2.121117984600000006e-01 -2.901595607910000263e-01
-2.185549488369999960e-01 -4.465883011710000128e-01
-2.434160343070000121e-01 -5.668869045200000123e-01
-9.569620983799999314e-02 -5.283925069339999725e-01
-1.120460282660000056e-01 -7.239639331870000305e-01
-1.200995608029999939e-01 -8.409391088309999818e-01
-1.219675959999999976e-01 -9.411527102429999569e-01
9.966368144999999609e-03 -5.368249678259999769e-01
2.063210920600000095e-02 -7.574032329200000024e-01
2.233168675400000122e-02 -8.855824767250000118e-01
2.174198361800000132e-02 -1.000000000000000000e+00
1.042197919269999967e-01 -4.932535789740000176e-01
1.607659674090000101e-01 -6.955242375860000159e-01
1.975921071910000104e-01 -8.198558660829999845e-01
2.227870672110000005e-01 -9.306428457209999783e-01
1.935965593079999880e-01 -4.046153595290000182e-01
2.729301795619999971e-01 -5.514233132079999766e-01
3.205074041739999768e-01 -6.496566250020000544e-01
3.543711421810000206e-01 -7.481040437320000125e-01
-1.446332310489999995e-01 -1.143609422049999963e-01
-2.139007338009999981e-01 -2.818441411320000145e-01
-2.207583770640000054e-01 -4.383202636910000227e-01
-2.429387410249999879e-01 -5.599173935779999667e-01
-1.003305226400000028e-01 -5.277948594029999718e-01
-1.168426939979999996e-01 -7.241846862890000125e-01
-1.238384500300000052e-01 -8.420417978199999931e-01
-1.251452560419999971e-01 -9.430104844829999555e-01
3.997676131000000264e-03 -5.355755495899999774e-01
2.146003093999999944e-02 -7.585898782450000155e-01
2.880906809599999979e-02 -8.867214179000000307e-01
3.277439303199999876e-02 -1.000000000000000000e+00
9.619113916200000558e-02 -4.913873107450000277e-01
1.549945745300000122e-01 -6.955530434860000000e-01
1.930617546720000133e-01 -8.192426729570000399e-01
2.190780387900000126e-01 -9.292282299720000527e-01
1.830628559539999867e-01 -4.028817320429999849e-01
2.562544725750000030e-01 -5.521935078370000527e-01
3.000035148379999739e-01 -6.506072095249999521e-01
3.308388612929999972e-01 -7.486908303010000321e-01
-1.458152760080000110e-01 -1.155296782790000004e-01
-2.150468411539999958e-01 -2.841800310190000234e-01
-2.225757684150000137e-01 -4.420551736309999979e-01
-2.510372928219999911e-01 -5.591958041350000297e-01
-1.069465491530000034e-01 -5.241345199079999739e-01
-1.249505937910000003e-01 -7.191827082110000546e-01
-1.306341609599999953e-01 -8.374036042000000402e-01
-1.295842164490000059e-01 -9.358303143499999699e-01
1.116136223999999967e-03 -5.334862534230000453e-01
1.358562107200000056e-02 -7.576948436829999967e-01
2.035542162500000168e-02 -8.874375832040000134e-01
2.389024157000000162e-02 -1.000000000000000000e+00
9.694795129199999806e-02 -4.915378633449999923e-01
1.509308919229999935e-01 -6.961451410940000528e-01
1.858984130030000015e-01 -8.184177073680000136e-01
2.082464282010000056e-01 -9.252160093829999710e-01
1.860025661199999902e-01 -4.051933328930000244e-01
2.522652859460000063e-01 -5.580888921769999733e-01
2.893010699920000039e-01 -6.589976015130000198e-01
3.132476708160000234e-01 -7.572051719850000362e-01
-1.452511491769999941e-01 -1.167014667440000042e-01
-2.143393833489999900e-01 -2.862630543129999761e-01
-2.215138791919999961e-01 -4.425403859540000262e-01
-2.487716020200000100e-01 -5.584195973519999745e-01
-1.080050204509999945e-01 -5.258426127719999510e-01
-1.266533685760000139e-01 -7.215549208810000392e-01
-1.318069912269999866e-01 -8.396201876369999706e-01
-1.313731056299999866e-01 -9.381432389830000051e-01
-1.179705795999999932e-03 -5.341935650920000000e-01
7.859797479999999781e-03 -7.585463588619999475e-01
1.313598037299999917e-02 -8.870458989759999469e-01
1.429679950400000038e-02 -1.000000000000000000e+00
9.441449084500000422e-02 -4.913592173299999866e-01
1.443720053670000114e-01 -6.992587555020000067e-01
1.789517634189999873e-01 -8.225159894089999479e-01
2.006929045349999940e-01 -9.312610295169999608e-01
1.840710651399999898e-01 -4.044513128610000008e-01
2.446597922000000036e-01 -5.610373044009999699e-01
2.798188428630000169e-01 -6.635484122160000275e-01
3.027857387149999746e-01 -7.636978491479999853e-01
-1.412857100659999920e-01 -1.185570764279999939e-01
-2.096791682499999920e-01 -2.875526934500000076e-01
-2.175432825689999905e-01 -4.441439567459999904e-01
-2.406679136290000021e-01 -5.615093236910000396e-01
-1.013082783789999997e-01 -5.240360573100000252e-01
-1.195381183169999945e-01 -7.183762679499999804e-01
-1.268402500880000117e-01 -8.370628021570000188e-01
-1.290604655189999950e-01 -9.382442020519999870e-01
4.101076749000000417e-03 -5.322160592279999713e-01
1.604067717899999856e-02 -7.566482049939999843e-01
2.182851076200000018e-02 -8.858540086470000352e-01
2.241881496499999876e-02 -1.000000000000000000e+00
9.730840097199999761e-02 -4.899249000750000027e-01
1.489389797810000138e-01 -6.961098336019999611e-01
1.821280648580000106e-01 -8.196212019140000082e-01
2.017320107929999884e-01 -9.291125546049999739e-01
1.827078495889999932e-01 -4.038446191080000136e-01
2.415530664870000066e-01 -5.604716132050000521e-01
2.732998207239999977e-01 -6.631146759980000027e-01
2.928972425629999821e-01 -7.629829499589999564e-01
-1.409788191559999959e-01 -1.177973553259999973e-01
-2.049191735989999985e-01 -2.898990110679999788e-01
-2.097352189699999980e-01 -4.478201277939999891e-01
-2.355798608699999908e-01 -5.651842557639999987e-01
-9.650964012399999847e-02 -5.265942862679999781e-01
-1.164040343400000038e-01 -7.189105848310000102e-01
-1.238126711460000029e-01 -8.371825562660000219e-01
-1.264252295199999876e-01 -9.388632443759999946e-01
7.069901225000000365e-03 -5.339833073140000108e-01
1.648335901899999900e-02 -7.574253020500000266e-01
2.166081598999999858e-02 -8.860744119340000502e-01
2.038704578699999936e-02 -1.000000000000000000e+00
9.878597132499999933e-02 -4.907553895019999834e-01
1.490271003139999884e-01 -6.953814554839999884e-01
1.837140853960000098e-01 -8.175009629470000316e-01
2.040446418079999991e-01 -9.274303541120000327e-01
1.815226889309999869e-01 -4.037008467650000099e-01
2.338443426980000017e-01 -5.601704223260000060e-01
2.629979777079999859e-01 -6.610637834910000343e-01
2.810014327159999770e-01 -7.591306691439999588e-01
-1.478796662179999999e-01 -1.150734328330000056e-01
-2.160423038389999995e-01 -2.865749344660000197e-01
-2.221057040340000122e-01 -4.443608403839999776e-01
-2.555196640019999910e-01 -5.623750680279999692e-01
-1.107217849610000054e-01 -5.255024369599999856e-01
-1.314828543690000073e-01 -7.181758526720000146e-01
-1.390218390219999933e-01 -8.369050269090000382e-01
-1.415511109510000087e-01 -9.389943890919999481e-01
-4.265691008999999805e-03 -5.338494713950000525e-01
4.810670587999999782e-03 -7.585786808990000463e-01
1.095897265300000041e-02 -8.863212310989999621e-01
1.115329243700000084e-02 -1.000000000000000000e+00
8.937534478799999405e-02 -4.926283825550000217e-01
1.337739991590000121e-01 -7.002638689839999486e-01
1.644797401779999890e-01 -8.205528136609999690e-01
1.820475949839999996e-01 -9.281381652850000386e-01
1.735349516630000088e-01 -4.091061927979999790e-01
2.185492701879999944e-01 -5.692875371640000459e-01
2.433641275929999959e-01 -6.720336705749999640e-01
2.577880510719999796e-01 -7.719523833139999569e-01
-1.477897914959999948e-01 -1.161732387320000004e-01
-2.162691723429999990e-01 -2.885944177479999873e-01
-2.217612925509999944e-01 -4.474396192790000004e-01
-2.493578111310000012e-01 -5.665441866620000155e-01
-1.050301750329999950e-01 -5.260055679159999498e-01
-1.245502187610000033e-01 -7.186928707380000336e-01
-1.358095303830000045e-01 -8.371300617810000233e-01
-1.424038568619999945e-01 -9.401579055350000047e-01
5.042297890000000185e-04 -5.330332326719999791e-01
1.256246145200000039e-02 -7.569719742139999763e-01
1.795840786899999958e-02 -8.842974667530000277e-01
1.871920223299999853e-02 -1.000000000000000000e+00
9.353710345200000331e-02 -4.915934776270000084e-01
1.383646587100000047e-01 -6.972957947100000275e-01
1.668527316049999987e-01 -8.185970003329999800e-01
1.831074677660000094e-01 -9.275464723070000472e-01
1.768660313479999968e-01 -4.083142546929999783e-01
2.219691634560000126e-01 -5.702558275969999979e-01
2.448964494699999994e-01 -6.731914415940000174e-01
2.578829958839999881e-01 -7.723953910909999721e-01
-1.472578445269999980e-01 -1.143206465149999990e-01
-2.137283733869999869e-01 -2.904450111410000201e-01
-2.185656377109999882e-01 -4.493265618710000076e-01
-2.460569601890000013e-01 -5.670111405100000113e-01
-1.036489088800000014e-01 -5.273229402119999909e-01
-1.230077670050000044e-01 -7.191991551480000355e-01
-1.336418674400000062e-01 -8.374193439849999532e-01
-1.404227268869999989e-01 -9.396024102159999947e-01
1.223284786999999938e-03 -5.341806149119999736e-01
1.530252781499999958e-02 -7.575189653599999628e-01
2.384420199699999882e-02 -8.851556027950000516e-01
2.681905640700000051e-02 -1.000000000000000000e+00
9.247601550499999490e-02 -4.935957146330000045e-01
1.343791524060000131e-01 -6.998953635310000143e-01
1.626177627579999951e-01 -8.201389812980000027e-01
1.781967345459999907e-01 -9.270935477920000389e-01
1.735733202470000069e-01 -4.130752694500000044e-01
2.165169615449999974e-01 -5.747164100110000451e-01
2.394189705429999870e-01 -6.777971234670000511e-01
2.519708505189999781e-01 -7.769344561040000263e-01
-1.504041429419999965e-01 -1.140906610339999933e-01
-2.170741386399999973e-01 -2.912780569899999783e-01
-2.203372459809999906e-01 -4.507621376059999796e-01
-2.472285345099999865e-01 -5.674333662080000007e-01
-1.069508127110000012e-01 -5.269496982319999967e-01
-1.249303086879999941e-01 -7.211484412909999753e-01
-1.342780854650000022e-01 -8.404971130139999858e-01
-1.398379965229999966e-01 -9.433437262539999812e-01
-1.361641822999999987e-03 -5.340453869739999471e-01
1.242999919800000068e-02 -7.589131480520000528e-01
2.128041827599999949e-02 -8.863295248289999595e-01
2.484174812799999979e-02 -1.000000000000000000e+00
9.026208078899999876e-02 -4.944383384830000061e-01
1.306792439820000096e-01 -7.026599600220000408e-01
1.583272361139999862e-01 -8.239727598839999834e-01
1.741277715110000068e-01 -9.305810262010000278e-01
1.717856707319999898e-01 -4.153903897099999742e-01
2.118125006469999960e-01 -5.772137400400000340e-01
2.348360469419999985e-01 -6.811229510770000495e-01
2.487546815130000089e-01 -7.803073271699999536e-01
-1.538350560099999986e-01 -1.137487353280000058e-01
-2.208166787080000082e-01 -2.930954145799999910e-01
-2.235935008519999989e-01 -4.541744061590000103e-01
-2.500800030629999893e-01 -5.696676137970000386e-01
-1.118064680889999940e-01 -5.263439195500000389e-01
-1.286688400069999905e-01 -7.193563657879999962e-01
-1.375288178369999947e-01 -8.384665558470000279e-01
-1.421050272090000066e-01 -9.405689000700000468e-01
-5.923927732000000383e-03 -5.349869454969999882e-01
6.462043308999999847e-03 -7.597134397899999447e-01
1.563865498500000006e-02 -8.877444063370000249e-01
2.056606676399999958e-02 -1.000000000000000000e+00
8.647793674900000616e-02 -4.973780720859999893e-01
1.230398838309999937e-01 -7.063086573410000124e-01
1.497045431930000003e-01 -8.280057196040000456e-01
1.660381122940000065e-01 -9.341117788589999860e-01
1.680951188120000106e-01 -4.211545471659999818e-01
2.026383732869999899e-01 -5.831643086340000393e-01
2.236646118739999967e-01 -6.860985758950000069e-01
2.371657353340000107e-01 -7.835409212110000521e-01
-1.516749380509999912e-01 -1.126089381809999984e-01
-2.203804930280000018e-01 -2.884791930639999946e-01
-2.245392038210000107e-01 -4.471309322640000250e-01
-2.499171776830000080e-01 -5.638395278469999772e-01
-1.116762427249999995e-01 -5.245243483989999733e-01
-1.302723345110000097e-01 -7.165825099089999650e-01
-1.402531395100000133e-01 -8.349448022330000496e-01
-1.455255150130000119e-01 -9.365741612079999667e-01
-6.851303234999999922e-03 -5.322920765059999670e-01
5.205174207000000386e-03 -7.572536344129999764e-01
1.368504937400000059e-02 -8.852612423869999914e-01
1.896236911600000102e-02 -1.000000000000000000e+00
8.461884189599999662e-02 -4.942507702610000053e-01
1.195969647720000056e-01 -7.035841674660000544e-01
1.432934431590000002e-01 -8.257202514510000313e-01
1.573347804820000029e-01 -9.331103052510000273e-01
1.665823749520000119e-01 -4.171914686739999767e-01
2.003427013809999935e-01 -5.818786863749999538e-01
2.197904131850000053e-01 -6.873206215420000209e-01
2.310149971140000036e-01 -7.877695685740000453e-01
-1.487835876630000109e-01 -1.128098291070000064e-01
-2.146773525429999940e-01 -2.889975443680000144e-01
-2.182572013740000094e-01 -4.474310554350000024e-01
-2.437654225210000025e-01 -5.646018164499999603e-01
-1.085242968529999963e-01 -5.242671762859999474e-01
-1.254677409889999873e-01 -7.181861966800000552e-01
-1.332922030479999909e-01 -8.375052819680000038e-01
-1.366705502020000018e-01 -9.394970966290000502e-01
-5.560259231000000066e-03 -5.307337655180000002e-01
6.524006647999999742e-03 -7.558741656230000272e-01
1.509119805700000032e-02 -8.849565504459999676e-01
2.036686006100000071e-02 -1.000000000000000000e+00
8.530065002299999644e-02 -4.920790185860000054e-01
1.199766945149999958e-01 -7.012840110950000483e-01
1.426940218520000025e-01 -8.241620707269999846e-01
1.561142549220000120e-01 -9.318463580889999598e-01
1.675207287119999944e-01 -4.144662913559999939e-01
2.023982748819999899e-01 -5.778431325280000141e-01
2.219482131380000056e-01 -6.824974251759999833e-01
2.335002047399999947e-01 -7.820336078990000050e-01
-1.512441204570000031e-01 -1.142383014949999998e-01
-2.178898504729999963e-01 -2.900845997520000163e-01
-2.219675291269999906e-01 -4.471268760239999751e-01
-2.453165089619999961e-01 -5.645729335720000019e-01
-1.092201128120000031e-01 -5.264604126709999665e-01
-1.284278626110000043e-01 -7.183397413050000013e-01
-1.374636587599999960e-01 -8.369026765799999490e-01
-1.416492738890000047e-01 -9.387613578240000534e-01
-6.321345096000000399e-03 -5.334310915000000097e-01
5.361416588999999740e-03 -7.573288930079999925e-01
1.460693230100000052e-02 -8.860154122700000245e-01
2.120114484300000129e-02 -1.000000000000000000e+00
8.414899137499999571e-02 -4.948697767860000263e-01
1.185294825329999968e-01 -7.033832259600000247e-01
1.423259952419999863e-01 -8.254421682039999597e-01
1.573758705939999891e-01 -9.323153183569999891e-01
1.660309132589999903e-01 -4.176456921130000111e-01
2.004411626039999950e-01 -5.797799472839999524e-01
2.203090397830000102e-01 -6.842577398960000279e-01
2.325989693630000077e-01 -7.834940187179999516e-01
-1.494586766669999955e-01 -1.128884020650000042e-01
-2.167281139089999864e-01 -2.875324876870000157e-01
-2.217593045990000067e-01 -4.454263363829999989e-01
-2.441234891190000034e-01 -5.634613906909999859e-01
-1.083900219919999991e-01 -5.231283702440000516e-01
-1.267227451219999912e-01 -7.166671061139999743e-01
-1.351307969960000022e-01 -8.354637094650000373e-01
-1.385247338330000133e-01 -9.370175437269999685e-01
-6.413314189000000366e-03 -5.302346044150000326e-01
4.382717629999999601e-03 -7.546584894369999796e-01
1.320179053299999974e-02 -8.844093004049999873e-01
1.956252175299999854e-02 -1.000000000000000000e+00
8.339920015599999736e-02 -4.922877810140000032e-01
1.173289258060000034e-01 -7.001142059899999603e-01
1.401878020569999883e-01 -8.234011538119999640e-01
1.539336530500000078e-01 -9.309691463029999836e-01
1.650531178390000075e-01 -4.156975982089999855e-01
1.995614570350000005e-01 -5.781046175080000182e-01
2.189270563229999966e-01 -6.826599750189999982e-01
2.300700252469999874e-01 -7.815265785060000470e-01
-1.480101094500000103e-01 -1.141647621689999975e-01
-2.135155457510000132e-01 -2.889773558050000024e-01
-2.174603548019999888e-01 -4.452373262770000228e-01
-2.399240400780000004e-01 -5.623349152809999918e-01
-1.052080694109999992e-01 -5.236346939860000438e-01
-1.239893049019999971e-01 -7.155798336419999517e-01
-1.327770374910000051e-01 -8.340439481329999794e-01
-1.366145177520000087e-01 -9.351471422849999549e-01
-3.679343164000000062e-03 -5.303803986359999501e-01
6.946708123999999727e-03 -7.543467596289999966e-01
1.529981423199999920e-02 -8.841808862910000011e-01
2.112212550699999955e-02 -1.000000000000000000e+00
8.647453560600000533e-02 -4.923155066580000017e-01
1.203587657719999982e-01 -7.005504959789999875e-01
1.422028803250000029e-01 -8.244231396960000069e-01
1.548295963799999897e-01 -9.326118002590000344e-01
1.692174666429999974e-01 -4.153742178359999815e-01
2.047463025750000110e-01 -5.781925936970000457e-01
2.237802267150000024e-01 -6.836016415290000481e-01
2.342598659000000028e-01 -7.835378605689999887e-01
-1.545518793629999943e-01 -1.126453183869999958e-01
-2.237994399350000108e-01 -2.855748526690000122e-01
-2.277030600880000089e-01 -4.427246078620000191e-01
-2.519238709719999747e-01 -5.624440697010000267e-01
-1.143692716470000037e-01 -5.253373017089999486e-01
-1.332009228130000000e-01 -7.168456019529999557e-01
-1.419828306279999897e-01 -8.347471088610000090e-01
-1.461134489039999929e-01 -9.367315846449999484e-01
-1.044070140000000028e-02 -5.332153337080000055e-01
1.353704870000000055e-04 -7.567620399740000448e-01
8.890002160000000375e-03 -8.851420560470000254e-01
1.434533177999999971e-02 -1.000000000000000000e+00
8.083527429600000092e-02 -4.958212570100000161e-01
1.129370720940000017e-01 -7.040872618369999891e-01
1.351486414680000137e-01 -8.269290843769999677e-01
1.482979648889999891e-01 -9.335989196220000341e-01
1.633658113900000042e-01 -4.198061317830000250e-01
1.943525200539999997e-01 -5.806714280200000466e-01
2.124689806479999887e-01 -6.836404589150000266e-01
2.234099972270000012e-01 -7.811147865709999749e-01
-1.506522531060000003e-01 -1.096274686700000056e-01
-2.181520305490000089e-01 -2.835639574389999806e-01
-2.225461409299999971e-01 -4.409696816370000105e-01
-2.492842610630000011e-01 -5.576734307099999732e-01
-1.122677735770000046e-01 -5.190511733460000388e-01
-1.298002729989999882e-01 -7.146796971519999708e-01
-1.367019861340000031e-01 -8.342810726949999589e-01
-1.388601540640000132e-01 -9.360826677110000160e-01
-1.090865253500000048e-02 -5.263870524939999740e-01
-2.641230793999999917e-03 -7.527997983569999496e-01
5.207489751999999639e-03 -8.840028279599999594e-01
1.040857336499999980e-02 -1.000000000000000000e+00
7.990936815799999648e-02 -4.895388199779999727e-01
1.102416321539999994e-01 -6.994697481689999830e-01
1.315302306230000107e-01 -8.240261340410000024e-01
1.440877630930000042e-01 -9.316766208919999848e-01
1.636744808420000086e-01 -4.147591420250000271e-01
1.941195028809999945e-01 -5.776719180110000407e-01
2.102205306849999900e-01 -6.815117160070000013e-01
2.192065910150000074e-01 -7.791555646229999521e-01
-1.517653256110000071e-01 -1.094185243189999962e-01
-2.217392392130000112e-01 -2.840627398750000254e-01
-2.289850075740000046e-01 -4.411779140279999956e-01
-2.583818596740000140e-01 -5.589390695329999881e-01
-1.144653511230000059e-01 -5.201399834650000109e-01
-1.311056418959999914e-01 -7.145841440289999458e-01
-1.377423720010000074e-01 -8.335237077010000384e-01
-1.396603284040000004e-01 -9.354754240000000554e-01
-1.296489813099999978e-02 -5.270909407739999830e-01
-5.654642191999999755e-03 -7.523319503069999525e-01
1.327385951000000040e-03 -8.831589903930000540e-01
5.784316129000000202e-03 -1.000000000000000000e+00
7.737071865899999845e-02 -4.903145285530000064e-01
1.041858215550000022e-01 -6.990072119900000436e-01
1.219853414289999993e-01 -8.224231469480000056e-01
1.309838542100000003e-01 -9.291455090200000377e-01
1.609492651340000136e-01 -4.158127334639999950e-01
1.888970933359999937e-01 -5.782624328719999651e-01
2.033286346500000064e-01 -6.817953177000000142e-01
2.103545862200000005e-01 -7.791820921190000249e-01
-1.512554774010000103e-01 -1.094088153520000051e-01
-2.208629893600000116e-01 -2.818284577399999824e-01
-2.266993608419999862e-01 -4.372311830919999864e-01
-2.505948692209999940e-01 -5.553884321359999765e-01
-1.141990588660000000e-01 -5.195614491960000025e-01
-1.265762567260000082e-01 -7.130730312749999911e-01
-1.325337048369999993e-01 -8.306420480339999912e-01
-1.347815880530000010e-01 -9.324183683950000301e-01
-1.454950775200000018e-02 -5.256138120259999935e-01
-8.330589879999999309e-03 -7.507017882990000279e-01
-2.280143765000000079e-03 -8.815807460079999602e-01
1.640309535999999978e-03 -1.000000000000000000e+00
7.507642184399999918e-02 -4.887059513279999878e-01
9.739818296199999337e-02 -6.970011168349999897e-01
1.135043120049999965e-01 -8.217889915880000062e-01
1.211543934749999968e-01 -9.306607285350000369e-01
1.590906089680000080e-01 -4.144032599290000118e-01
1.823733660490000075e-01 -5.782209852859999666e-01
1.943655780640000108e-01 -6.818585974569999486e-01
1.989918304509999958e-01 -7.798135362650000513e-01
-1.512208278019999963e-01 -1.094280582709999949e-01
-2.216130614609999883e-01 -2.828222876050000001e-01
-2.267409027239999930e-01 -4.389552974500000038e-01
-2.517518516200000223e-01 -5.551787290849999890e-01
-1.140005657479999934e-01 -5.235213908589999576e-01
-1.234131848360000006e-01 -7.174391308190000149e-01
-1.265719374629999949e-01 -8.347603692680000131e-01
-1.257340936109999918e-01 -9.349934626570000074e-01
-1.389212760399999996e-02 -5.295395478650000154e-01
-6.147868725000000048e-03 -7.546132447109999974e-01
2.518048504999999878e-03 -8.841064185660000296e-01
8.757159598999999378e-03 -1.000000000000000000e+00
7.666512149399999643e-02 -4.928167524600000071e-01
9.680082695300000484e-02 -7.018704121209999869e-01
1.120837231549999952e-01 -8.274212305260000289e-01
1.188231114459999960e-01 -9.363552474999999875e-01
1.624188462670000110e-01 -4.188294289010000004e-01
1.825686546449999947e-01 -5.807518875670000247e-01
1.940273512550000079e-01 -6.834341083480000023e-01
1.983366711700000062e-01 -7.806350115119999877e-01
-1.471415448199999976e-01 -1.083553841120000055e-01
-2.143134682070000074e-01 -2.822947848869999943e-01
-2.180791070910000073e-01 -4.380305063969999746e-01
-2.466132033969999915e-01 -5.545946454019999861e-01
-1.087329104900000010e-01 -5.255999578910000025e-01
-1.167581658059999999e-01 -7.196339909090000431e-01
-1.187118184400000054e-01 -8.375217030039999733e-01
-1.174587777640000025e-01 -9.384032829909999540e-01
-8.403633897999999644e-03 -5.305415129880000080e-01
5.093172199999999910e-05 -7.549785131799999771e-01
8.994963224000000757e-03 -8.836274941070000333e-01
1.409525384999999950e-02 -1.000000000000000000e+00
8.263762154900000656e-02 -4.931348199280000122e-01
1.039695412259999951e-01 -7.020873233400000135e-01
1.193657095659999973e-01 -8.271352034200000203e-01
1.251297668599999913e-01 -9.359805547099999679e-01
1.696179744870000006e-01 -4.181563819429999773e-01
1.908315380650000004e-01 -5.824502118600000111e-01
2.010545272710000109e-01 -6.854307703299999943e-01
2.033399880439999974e-01 -7.826524849889999746e-01
-1.490933042489999971e-01 -1.102869473569999953e-01
-2.153965938859999929e-01 -2.840410410679999886e-01
-2.176288295690000096e-01 -4.395991590489999878e-01
-2.447801472720000093e-01 -5.558146105919999913e-01
-1.050959719220000005e-01 -5.208122190980000177e-01
-1.174561157960000018e-01 -7.139763535559999763e-01
-1.227579630360000063e-01 -8.317900465490000173e-01
-1.244480143419999935e-01 -9.329526068029999619e-01
-3.348403523999999871e-03 -5.268046214420000206e-01
2.607324875999999809e-03 -7.520193824419999507e-01
9.232034001999999198e-03 -8.820621855829999802e-01
1.294352706499999998e-02 -1.000000000000000000e+00
8.838340345299999790e-02 -4.904532438159999730e-01
1.054689111769999965e-01 -7.007996082109999580e-01
1.165296424900000016e-01 -8.285268155710000526e-01
1.191975656200000011e-01 -9.401494744430000106e-01
1.749523091869999991e-01 -4.167635919989999826e-01
1.933809282120000084e-01 -5.805072741340000508e-01
2.033358913849999949e-01 -6.844008807000000472e-01
2.064771508769999986e-01 -7.831887468739999747e-01
-1.478848871669999898e-01 -1.110975212900000009e-01
-2.127857753559999898e-01 -2.863025432990000119e-01
-2.144538145110000127e-01 -4.423287861460000192e-01
-2.451503101389999884e-01 -5.594358635239999877e-01
-1.034692739540000045e-01 -5.238413883860000286e-01
-1.204668306960000046e-01 -7.187457400440000477e-01
-1.273809319110000005e-01 -8.375338553550000231e-01
-1.302845667260000007e-01 -9.394403040859999887e-01
-1.927365401000000027e-03 -5.292723302799999807e-01
2.377690020999999928e-03 -7.536197007830000016e-01
8.890914417000000264e-03 -8.830387561750000502e-01
1.264704929999999929e-02 -1.000000000000000000e+00
8.952614284599999528e-02 -4.914157680869999933e-01
1.078154859299999963e-01 -7.008440627259999722e-01
1.202310795640000041e-01 -8.286111120369999972e-01
1.239898117049999943e-01 -9.401312621849999829e-01
1.759387224869999877e-01 -4.156561178150000035e-01
1.956882241719999915e-01 -5.784776872600000397e-01
2.059369052799999988e-01 -6.830134853520000160e-01
2.091499135079999960e-01 -7.823356121900000293e-01
-1.490582476519999866e-01 -1.124426120569999993e-01
-2.145258337600000065e-01 -2.863460037430000105e-01
-2.162796345490000105e-01 -4.403509158619999808e-01
-2.445036612969999912e-01 -5.584397351080000460e-01
-1.056633183869999937e-01 -5.261097467999999999e-01
-1.256155935269999968e-01 -7.178027013909999976e-01
-1.339982906830000098e-01 -8.349654432280000371e-01
-1.375665718659999925e-01 -9.364163353850000204e-01
-3.491079904000000088e-03 -5.314426429599999890e-01
2.650877652999999827e-03 -7.546544467350000396e-01
1.006740730600000008e-02 -8.831412945250000091e-01
1.494009972999999977e-02 -1.000000000000000000e+00
8.792439691700000559e-02 -4.925172021609999784e-01
1.092745559239999970e-01 -7.022267424860000329e-01
1.225211339439999936e-01 -8.287304636360000032e-01
1.273908224280000112e-01 -9.399021083270000521e-01
1.739918577429999946e-01 -4.150477459499999910e-01
1.933577636330000016e-01 -5.787665766370000409e-01
2.036613808199999875e-01 -6.833121286400000161e-01
2.069514970820000022e-01 -7.831705566640000393e-01
-1.461504405169999909e-01 -1.112050801249999943e-01
-2.122442254230000047e-01 -2.841694916990000208e-01
-2.146262444160000060e-01 -4.394806312560000094e-01
-2.428839261580000020e-01 -5.581841865019999682e-01
-1.039168022479999981e-01 -5.255225765809999894e-01
-1.227487970749999990e-01 -7.195246430670000359e-01
-1.311339114889999991e-01 -8.377382666729999983e-01
-1.351113018379999919e-01 -9.397507323410000390e-01
-2.989360915000000181e-03 -5.315099390490000131e-01
-1.975759191000000213e-03 -7.543553776600000482e-01
2.384915854000000095e-03 -8.825362763490000040e-01
4.572545475999999741e-03 -1.000000000000000000e+00
8.812960826500000622e-02 -4.938002988590000086e-01
1.053100925660000048e-01 -7.026679828899999869e-01
1.169471833410000022e-01 -8.295251034430000114e-01
1.203453512989999946e-01 -9.414832301150000138e-01
1.755505843590000059e-01 -4.171593921549999751e-01
1.941339985330000073e-01 -5.809141826989999702e-01
2.037871889389999969e-01 -6.858660134540000008e-01
2.062866806460000035e-01 -7.861650107300000023e-01
-1.488176346439999964e-01 -1.103142552699999945e-01
-2.162656573049999975e-01 -2.820119322679999763e-01
-2.186566354689999936e-01 -4.364229506280000170e-01
-2.459332783150000035e-01 -5.521442330850000468e-01
-1.084912563679999997e-01 -5.213777108260000404e-01
-1.262467928129999972e-01 -7.160954215610000340e-01
-1.331505456510000129e-01 -8.345214122049999794e-01
-1.353626334930000119e-01 -9.359409882939999648e-01
-6.914105979000000242e-03 -5.283559266359999507e-01
-6.883146106000000153e-03 -7.526070408649999655e-01
-3.668894171999999981e-03 -8.822769900870000015e-01
-2.366688103000000060e-03 -1.000000000000000000e+00
8.524118879000000537e-02 -4.919336778319999826e-01
1.024631403000000052e-01 -7.012626065510000339e-01
1.139981814060000015e-01 -8.285269811740000323e-01
1.175589151249999964e-01 -9.398806444670000371e-01
1.737635267300000064e-01 -4.167974279509999991e-01
1.925514902930000050e-01 -5.798408003060000482e-01
2.018784753089999939e-01 -6.846060957920000467e-01
2.045530697940000087e-01 -7.842791020529999990e-01
