-1.687367617730000102e-01 -1.005195432640000053e-01
-2.621637190130000072e-01 -2.621672966299999907e-01
-2.908732932179999842e-01 -4.104616094279999738e-01
-3.318959422709999996e-01 -5.211145840159999709e-01
-1.453345172409999941e-01 -5.163478090259999709e-01
-1.821680090639999916e-01 -7.007626384420000409e-01
-2.012899829689999975e-01 -8.162269023189999695e-01
-2.162331978950000066e-01 -9.155035970679999968e-01
-3.906901308400000106e-02 -5.357915625060000187e-01
-5.241244147299999739e-02 -7.545199291059999647e-01
-6.292970728800000024e-02 -8.859123977880000167e-01
-7.478227340500000209e-02 -1.000000000000000000e+00
6.075358990299999790e-02 -5.070356337160000226e-01
6.939474335199999344e-02 -7.144216177500000153e-01
6.387337440899999719e-02 -8.331558102030000024e-01
5.023194858599999701e-02 -9.353066307499999787e-01
1.637643896590000037e-01 -4.378450461469999833e-01
2.062085621449999961e-01 -5.900641071550000172e-01
2.242494266839999972e-01 -6.921471717649999578e-01
2.289667327609999914e-01 -7.917644993560000177e-01
-1.689140759580000095e-01 -1.000883889159999984e-01
-2.638081951299999783e-01 -2.628481907310000198e-01
-2.926045891979999758e-01 -4.120319066479999903e-01
-3.326652192230000193e-01 -5.217341647280000494e-01
-1.454278782389999969e-01 -5.121684532369999987e-01
-1.823307371710000124e-01 -6.979265779050000118e-01
-2.019708751809999869e-01 -8.139136043660000208e-01
-2.177855376229999862e-01 -9.140927017550000144e-01
-3.905497696400000301e-02 -5.320299987740000347e-01
-5.324758860900000168e-02 -7.514801379940000414e-01
-6.498782002599999552e-02 -8.838616647410000304e-01
-7.858410603200000066e-02 -1.000000000000000000e+00
6.058803668200000297e-02 -5.041596094300000441e-01
6.789448507799999977e-02 -7.113138734349999659e-01
6.075619170499999694e-02 -8.314068599880000132e-01
4.511972033400000331e-02 -9.346658594819999832e-01
1.636787403409999953e-01 -4.365448536109999833e-01
2.046921805559999974e-01 -5.892687345639999741e-01
2.211623608430000054e-01 -6.923099492369999552e-01
2.240672849489999952e-01 -7.930372529939999637e-01
-1.678456092639999953e-01 -1.009709853119999945e-01
-2.600730007550000056e-01 -2.636493958900000267e-01
-2.879971901089999897e-01 -4.123486452860000151e-01
-3.280578457500000211e-01 -5.207154581609999555e-01
-1.420127211670000056e-01 -5.159369651599999829e-01
-1.784829948380000086e-01 -6.995764953269999475e-01
-1.979811043509999979e-01 -8.149759271819999595e-01
-2.131871804059999875e-01 -9.137640423809999524e-01
-3.556372147200000111e-02 -5.361158100670000426e-01
-5.025446607700000123e-02 -7.545996122929999883e-01
-6.228848200699999699e-02 -8.858188856069999506e-01
-7.577322783100000347e-02 -1.000000000000000000e+00
6.425218226999999949e-02 -5.077201745599999594e-01
7.359369402700000062e-02 -7.144974965939999700e-01
6.946359988500000471e-02 -8.326185098410000540e-01
5.716406507099999756e-02 -9.348645170389999759e-01
1.672411726939999899e-01 -4.382114061819999962e-01
2.107722058289999978e-01 -5.888180492069999827e-01
2.301345018940000042e-01 -6.903414503300000504e-01
2.365924672789999905e-01 -7.902315099600000226e-01
-1.688228239529999952e-01 -1.013782158599999955e-01
-2.621368182130000002e-01 -2.628629797420000136e-01
-2.899596512709999852e-01 -4.115515923279999821e-01
-3.295235236640000065e-01 -5.218655617290000048e-01
-1.450441732699999930e-01 -5.141867354050000394e-01
-1.823771571420000071e-01 -6.976067283279999698e-01
-2.009493782579999943e-01 -8.132447612180000451e-01
-2.154242202249999905e-01 -9.129988386740000017e-01
-3.865553749299999869e-02 -5.348908172040000020e-01
-5.383206535800000303e-02 -7.522990213119999936e-01
-6.464441179700000650e-02 -8.843848314929999566e-01
-7.686841645200000184e-02 -1.000000000000000000e+00
6.104534318999999681e-02 -5.074752719399999723e-01
6.892388759199999382e-02 -7.140771014590000521e-01
6.312451860800000203e-02 -8.340720651570000532e-01
4.894256579700000109e-02 -9.367794075090000172e-01
1.646637058569999923e-01 -4.393767015930000186e-01
2.069071099429999894e-01 -5.915654060980000128e-01
2.251428103179999862e-01 -6.942208815949999501e-01
2.298379882040000044e-01 -7.941268383959999566e-01
-1.668499893160000080e-01 -9.941943567699999817e-02
-2.584228731050000061e-01 -2.615031639259999818e-01
-2.859770954040000146e-01 -4.109041957680000245e-01
-3.254940151749999844e-01 -5.200403197359999563e-01
-1.441133798950000044e-01 -5.151645302880000221e-01
-1.807508151370000038e-01 -7.005505047250000228e-01
-2.005881047829999875e-01 -8.160373321799999635e-01
-2.161449690560000025e-01 -9.148069591040000059e-01
-3.892370281100000079e-02 -5.354743895289999500e-01
-5.402997984800000236e-02 -7.540111925989999575e-01
-6.645849884000000485e-02 -8.854469754829999983e-01
-7.991906402199999704e-02 -1.000000000000000000e+00
6.003847424000000044e-02 -5.075963364100000152e-01
6.705028439000000617e-02 -7.152200485249999851e-01
6.121008284800000254e-02 -8.347933325969999485e-01
4.779706090699999826e-02 -9.376578128879999863e-01
1.627697567730000128e-01 -4.390809277989999870e-01
2.045807657429999926e-01 -5.916681236370000541e-01
2.232023286990000022e-01 -6.940890331550000347e-01
2.291493236079999996e-01 -7.944004030439999475e-01
-1.721663773309999868e-01 -9.885388016099999620e-02
-2.672143430889999949e-01 -2.599440486630000269e-01
-2.959905775510000003e-01 -4.099120769649999829e-01
-3.360755772730000257e-01 -5.213790450030000301e-01
-1.510491347240000004e-01 -5.145223638500000529e-01
-1.878021342769999880e-01 -6.999310760010000187e-01
-2.060610600090000133e-01 -8.156105023899999917e-01
-2.196104550219999951e-01 -9.142234353060000318e-01
-4.425577342900000044e-02 -5.357819937050000147e-01
-6.011487487000000129e-02 -7.544227579519999782e-01
-7.136410896799999515e-02 -8.860936143169999557e-01
-8.326387496600000382e-02 -1.000000000000000000e+00
5.631114156599999893e-02 -5.092733319779999546e-01
6.069730517400000191e-02 -7.171413680210000363e-01
5.307167129700000180e-02 -8.374951324620000248e-01
3.839349361399999744e-02 -9.397696936939999857e-01
1.608167613779999949e-01 -4.425281739879999843e-01
1.977929514669999889e-01 -5.963453537649999747e-01
2.131671305410000050e-01 -6.989883410399999608e-01
2.165175032580000103e-01 -7.981136140160000059e-01
-1.690275177760000025e-01 -1.005896226419999984e-01
-2.634382646110000059e-01 -2.638144890140000087e-01
-2.940068886810000004e-01 -4.113070533029999920e-01
-3.345751843279999860e-01 -5.216169823640000036e-01
-1.432749150200000043e-01 -5.168578963250000102e-01
-1.813406243329999945e-01 -7.004063469879999726e-01
-1.993511585140000097e-01 -8.157124812179999962e-01
-2.134142486489999935e-01 -9.157846060769999630e-01
-3.796307699899999916e-02 -5.354320101980000191e-01
-5.348241703199999725e-02 -7.544702017340000344e-01
-6.223233492599999916e-02 -8.858702630060000249e-01
-7.170817117399999607e-02 -1.000000000000000000e+00
6.108162142600000177e-02 -5.074885924180000396e-01
6.227605629199999687e-02 -7.174846975219999479e-01
5.489181527800000154e-02 -8.381779120890000545e-01
4.105667151100000217e-02 -9.435455949180000523e-01
1.627775177759999969e-01 -4.406360073160000002e-01
1.899680505609999959e-01 -5.962304177549999640e-01
1.983407433859999958e-01 -6.990094185670000515e-01
1.967325976650000086e-01 -7.994393196710000149e-01
-1.698806944759999882e-01 -1.000841142549999951e-01
-2.659948678510000164e-01 -2.631201703130000014e-01
-2.978592053399999884e-01 -4.111024001410000239e-01
-3.432217858480000050e-01 -5.229532165670000010e-01
-1.456533727010000112e-01 -5.155454930639999933e-01
-1.851480139049999918e-01 -7.014197968909999803e-01
-2.046372839620000106e-01 -8.172251295069999921e-01
-2.198978913920000000e-01 -9.176755640149999449e-01
-3.882220216699999726e-02 -5.340462921919999495e-01
-5.580077155500000330e-02 -7.548852832889999531e-01
-6.614571744599999359e-02 -8.857180717239999668e-01
-7.763707276600000096e-02 -1.000000000000000000e+00
6.154464213799999694e-02 -5.058387808300000010e-01
6.201494674400000184e-02 -7.170951284130000492e-01
5.342482717299999739e-02 -8.388312478770000302e-01
3.768999119900000305e-02 -9.449455123790000410e-01
1.646355770490000037e-01 -4.386457333870000252e-01
1.897639588729999882e-01 -5.970320779600000183e-01
1.962026246140000096e-01 -7.018623241479999830e-01
1.921369603009999982e-01 -8.039219345979999876e-01
-1.676290553550000006e-01 -9.867326075500000571e-02
-2.610458096500000158e-01 -2.632740237289999952e-01
-2.908084238720000103e-01 -4.116570041700000071e-01
-3.360187809779999757e-01 -5.225520575030000447e-01
-1.404946042720000010e-01 -5.161198480380000397e-01
-1.802812217439999920e-01 -7.008594413159999759e-01
-2.001132176559999865e-01 -8.164813350130000202e-01
-2.160661864470000137e-01 -9.164851767170000274e-01
-3.393991716499999978e-02 -5.345819579289999846e-01
-5.083085376100000136e-02 -7.549919082899999578e-01
-6.173907957000000085e-02 -8.856258686060000107e-01
-7.435798980199999353e-02 -1.000000000000000000e+00
6.608204554200000636e-02 -5.060389077750000464e-01
6.712570203600000396e-02 -7.176426300189999719e-01
5.754015497699999787e-02 -8.395527175420000043e-01
4.077215290999999797e-02 -9.455220885430000166e-01
1.683280009579999903e-01 -4.381989705389999767e-01
1.918680585089999890e-01 -5.970323898120000194e-01
1.968159673830000012e-01 -7.015196352579999850e-01
1.918128718190000026e-01 -8.023078023459999653e-01
-1.672281683469999947e-01 -1.003063458069999997e-01
-2.600827467679999727e-01 -2.642624590579999988e-01
-2.906501172620000184e-01 -4.111151755090000082e-01
-3.347422548460000091e-01 -5.226137444030000134e-01
-1.379948780409999964e-01 -5.174280266440000053e-01
-1.769593046869999964e-01 -7.033481836160000444e-01
-1.974705574800000030e-01 -8.188126013980000506e-01
-2.143115047330000078e-01 -9.188237106369999685e-01
-3.215740673700000218e-02 -5.347488531540000034e-01
-4.763339137000000001e-02 -7.551905207700000400e-01
-5.893462330899999768e-02 -8.860457791929999827e-01
-7.218451629699999816e-02 -1.000000000000000000e+00
6.705404434700000527e-02 -5.056301448540000409e-01
6.642023865899999990e-02 -7.163732202829999895e-01
5.543867057600000009e-02 -8.370804550899999530e-01
3.763883401499999726e-02 -9.415514043139999734e-01
1.688550692159999922e-01 -4.378504400339999769e-01
1.897805249679999917e-01 -5.956251838520000286e-01
1.928198880920000136e-01 -6.988215041280000372e-01
1.865414486280000117e-01 -7.979304142859999782e-01
-1.690825934029999977e-01 -1.019889028089999983e-01
-2.624993427260000067e-01 -2.681978806609999766e-01
-2.928972263469999948e-01 -4.168662297190000032e-01
-3.421160841240000194e-01 -5.301493033370000552e-01
-1.392390469610000070e-01 -5.192638779089999712e-01
-1.792332576840000025e-01 -7.046713367189999522e-01
-2.004769286480000134e-01 -8.197845238819999603e-01
-2.180420965390000021e-01 -9.203869805359999878e-01
-3.355500788400000295e-02 -5.376166840810000513e-01
-4.906320392300000249e-02 -7.574323721029999623e-01
-6.063723851399999837e-02 -8.867526569510000289e-01
-7.527383457000000333e-02 -1.000000000000000000e+00
6.577473978999999471e-02 -5.102305896090000292e-01
6.537764791399999775e-02 -7.192477144469999750e-01
5.418150515200000072e-02 -8.400158415789999999e-01
3.467215284900000000e-02 -9.449395023340000366e-01
1.678050202399999913e-01 -4.445534928379999973e-01
1.854608493140000036e-01 -6.033861104890000382e-01
1.858516267360000029e-01 -7.053606132630000358e-01
1.756848426300000043e-01 -8.016833332949999669e-01
-1.693491308760000091e-01 -1.005724246860000004e-01
-2.656893718080000077e-01 -2.652485941650000179e-01
-2.976792582450000224e-01 -4.122608433320000265e-01
-3.448480078489999934e-01 -5.234586518310000436e-01
-1.423801071659999973e-01 -5.172182871870000254e-01
-1.829621301830000046e-01 -7.027433289819999818e-01
-2.034973396900000009e-01 -8.180687327569999834e-01
-2.197457685380000136e-01 -9.188431249409999557e-01
-3.703804761599999856e-02 -5.355174353020000222e-01
-5.397509531900000074e-02 -7.562859208600000160e-01
-6.503887072599999486e-02 -8.864748701519999941e-01
-7.812909440699999930e-02 -1.000000000000000000e+00
6.181282993099999901e-02 -5.077778460670000493e-01
5.781771168500000196e-02 -7.171860832230000371e-01
4.527058352999999841e-02 -8.386900452769999736e-01
2.563232317400000043e-02 -9.443594938329999966e-01
1.637804005240000027e-01 -4.418853342619999958e-01
1.780602107139999946e-01 -5.970568702070000455e-01
1.769936211800000048e-01 -6.991988532799999767e-01
1.664784830920000014e-01 -7.969154852609999784e-01
-1.679587596119999915e-01 -1.002212923180000048e-01
-2.632518066710000104e-01 -2.659942101119999736e-01
-2.950829171720000255e-01 -4.138430255330000085e-01
-3.457966159040000154e-01 -5.256345803669999484e-01
-1.401468403099999926e-01 -5.162214672339999755e-01
-1.810240974250000023e-01 -7.012567516409999868e-01
-2.011648565760000007e-01 -8.162819591719999712e-01
-2.175790771289999870e-01 -9.170767549470000279e-01
-3.548103364900000167e-02 -5.332136792330000041e-01
-5.246081737399999750e-02 -7.546186188579999676e-01
-6.302014467199999748e-02 -8.850782079810000091e-01
-7.580479785099999979e-02 -1.000000000000000000e+00
6.304326228400000676e-02 -5.050232857519999508e-01
5.757604933600000280e-02 -7.147420423570000070e-01
4.479584578600000200e-02 -8.364936694440000542e-01
2.513897098800000132e-02 -9.420107872809999616e-01
1.643352273660000085e-01 -4.395313466760000232e-01
1.762246356770000022e-01 -5.976245886490000325e-01
1.731360817969999910e-01 -6.989468955980000509e-01
1.611485770709999987e-01 -7.951603765150000447e-01
-1.679433607130000061e-01 -9.916816267399999885e-02
-2.630793142330000167e-01 -2.644220829910000070e-01
-2.948543570109999901e-01 -4.123765327260000002e-01
-3.451042490089999970e-01 -5.248189207879999651e-01
-1.412524676299999893e-01 -5.142153356569999501e-01
-1.814394634660000116e-01 -6.994617127050000160e-01
-2.026240837630000069e-01 -8.144325920660000495e-01
-2.200211263069999923e-01 -9.150450493570000399e-01
-3.575883583299999807e-02 -5.313642010460000176e-01
-5.124423319399999677e-02 -7.538644332099999623e-01
-6.213433552099999896e-02 -8.844727308750000017e-01
-7.575502427699999652e-02 -1.000000000000000000e+00
6.318183749300000651e-02 -5.032976070729999751e-01
5.977592554299999972e-02 -7.133398894039999494e-01
4.818672329800000043e-02 -8.356875534569999653e-01
2.932832060900000121e-02 -9.418357464409999880e-01
1.633417394449999949e-01 -4.378008014449999985e-01
1.740168518380000029e-01 -5.982437735600000250e-01
1.702091729859999958e-01 -7.000952799770000512e-01
1.575430823900000055e-01 -7.963577496260000332e-01
-1.684226678919999998e-01 -1.009173348869999987e-01
-2.645734565050000264e-01 -2.661089503080000251e-01
-2.970960218329999902e-01 -4.134832543720000086e-01
-3.476651792409999886e-01 -5.250761265900000252e-01
-1.432594595789999925e-01 -5.161532573970000204e-01
-1.846002785439999905e-01 -7.020084884180000095e-01
-2.057284321660000082e-01 -8.173902776029999817e-01
-2.230744882429999965e-01 -9.182569648709999477e-01
-3.812634254200000100e-02 -5.332703136990000203e-01
-5.476736741499999700e-02 -7.549436405399999606e-01
-6.526233053100000125e-02 -8.850859159089999872e-01
-7.824313906700000598e-02 -1.000000000000000000e+00
6.111407853899999965e-02 -5.049591374859999648e-01
5.727354339799999722e-02 -7.141199355539999960e-01
4.627746768100000213e-02 -8.358938603669999745e-01
2.783774995599999982e-02 -9.417787229280000227e-01
1.631065323760000074e-01 -4.389496587949999751e-01
1.759365984780000003e-01 -5.988861814679999895e-01
1.733771441620000076e-01 -7.005122765310000110e-01
1.613851773910000009e-01 -7.968276124380000436e-01
-1.668233973480000021e-01 -1.019140586160000028e-01
-2.608773197959999846e-01 -2.674731745580000153e-01
-2.926169094150000149e-01 -4.154884818830000270e-01
-3.431695901499999812e-01 -5.279431094040000216e-01
-1.396236774500000111e-01 -5.167218049920000444e-01
-1.808232937029999876e-01 -7.014664403829999895e-01
-2.028234078610000046e-01 -8.165903885170000542e-01
-2.215812828279999924e-01 -9.172388516639999878e-01
-3.441303103199999658e-02 -5.346550864829999750e-01
-4.945540011300000177e-02 -7.557791903139999823e-01
-6.066887117900000154e-02 -8.856562989159999510e-01
-7.509528931999999435e-02 -1.000000000000000000e+00
6.500859511800000101e-02 -5.069077469049999563e-01
6.505799366900000269e-02 -7.165420565250000262e-01
5.349954925099999897e-02 -8.391884649890000158e-01
3.360448698099999937e-02 -9.459239344480000478e-01
1.673520843190000051e-01 -4.406022867289999811e-01
1.875102142860000098e-01 -6.024006317910000075e-01
1.883556031239999873e-01 -7.058774809279999563e-01
1.782598253040000025e-01 -8.043484401299999531e-01
-1.711151267259999886e-01 -1.010851505879999945e-01
-2.677904053580000276e-01 -2.663723755560000184e-01
-3.002757146810000055e-01 -4.142123636899999739e-01
-3.460332885340000053e-01 -5.251216980930000222e-01
-1.445431186430000126e-01 -5.165100132679999456e-01
-1.850312584069999933e-01 -7.054714610710000056e-01
-2.072641351339999938e-01 -8.215581263250000266e-01
-2.258224846109999906e-01 -9.224454969219999523e-01
-3.838114248700000286e-02 -5.341087933220000084e-01
-5.406584024299999902e-02 -7.560787755060000004e-01
-6.606079002799999933e-02 -8.857400894329999774e-01
-8.030626134000000416e-02 -1.000000000000000000e+00
6.181369806700000302e-02 -5.059412910230000060e-01
6.094775140099999849e-02 -7.167007523989999962e-01
5.140456354999999727e-02 -8.383086704019999669e-01
3.414201842000000320e-02 -9.445365221460000349e-01
1.642364844470000085e-01 -4.397910664890000154e-01
1.852335203390000073e-01 -5.996198241819999941e-01
1.894603861070000006e-01 -7.045829642440000207e-01
1.837894927279999924e-01 -8.060366299419999825e-01
-1.693850034709999952e-01 -1.013596967590000009e-01
-2.666147514539999874e-01 -2.661083775840000221e-01
-2.998476867509999866e-01 -4.140425148879999795e-01
-3.474459563839999987e-01 -5.240414975120000207e-01
-1.421998613830000036e-01 -5.179306871740000373e-01
-1.843169006210000072e-01 -7.043608084669999991e-01
-2.072210945040000030e-01 -8.195316307809999978e-01
-2.261739524209999963e-01 -9.196453701419999849e-01
-3.490804422800000001e-02 -5.353057514739999467e-01
-5.181524940999999995e-02 -7.566944129720000189e-01
-6.456183285199999788e-02 -8.860322494979999686e-01
-7.959934989799999361e-02 -1.000000000000000000e+00
6.530811403800000636e-02 -5.060954995669999512e-01
6.553076941799999833e-02 -7.174114476280000208e-01
5.392775017999999754e-02 -8.404714437150000439e-01
3.475018002000000023e-02 -9.479409480910000463e-01
1.666627457719999927e-01 -4.381941188280000232e-01
1.896831009730000073e-01 -5.987152527450000372e-01
1.940370163800000103e-01 -7.038438674650000504e-01
1.879362589580000076e-01 -8.051874049970000335e-01
-1.701508095750000060e-01 -9.992787744000000694e-02
-2.676044535070000174e-01 -2.626111308760000207e-01
-3.008080333359999803e-01 -4.103518133040000015e-01
-3.444765462309999915e-01 -5.229406647740000302e-01
-1.435494184059999956e-01 -5.180758955409999755e-01
-1.854130736040000005e-01 -7.059691386680000402e-01
-2.076315191460000043e-01 -8.219421757479999924e-01
-2.254841560710000026e-01 -9.221518847680000297e-01
-3.662107163400000337e-02 -5.362093575049999838e-01
-5.383323855100000110e-02 -7.575276711770000393e-01
-6.594156975800000153e-02 -8.869785680249999693e-01
-7.937822585199999503e-02 -1.000000000000000000e+00
6.379722372700000199e-02 -5.076661673960000121e-01
6.309104463400000418e-02 -7.190896375409999708e-01
5.136917368999999872e-02 -8.423494533509999771e-01
3.299628392699999885e-02 -9.490686588960000059e-01
1.671416122390000092e-01 -4.406089110649999974e-01
1.902893793500000097e-01 -6.004090429220000358e-01
1.953121755760000022e-01 -7.058166089390000009e-01
1.904258044169999942e-01 -8.070636749680000221e-01
-1.679046039709999882e-01 -9.936789379499999519e-02
-2.637069440049999991e-01 -2.616879770369999747e-01
-2.968355489250000256e-01 -4.088480793440000260e-01
-3.437668333510000007e-01 -5.213119667769999799e-01
-1.422122500649999899e-01 -5.164185440130000249e-01
-1.839640429080000028e-01 -7.040076464829999603e-01
-2.063907307550000014e-01 -8.199308566180000257e-01
-2.251273923440000047e-01 -9.200825425709999728e-01
-3.566697215600000276e-02 -5.342789756300000414e-01
-5.231495705199999680e-02 -7.559322136880000098e-01
-6.479133147399999959e-02 -8.862400346850000110e-01
-7.909036268699999594e-02 -1.000000000000000000e+00
6.400250144899999327e-02 -5.052979327400000109e-01
6.307717470399999693e-02 -7.170884111480000378e-01
5.102880107700000223e-02 -8.396003056099999862e-01
3.208083107999999684e-02 -9.452258843159999646e-01
1.663593503540000129e-01 -4.375459248710000248e-01
1.896969051129999972e-01 -5.966836911970000434e-01
1.945459228589999923e-01 -7.024481381370000221e-01
1.892193204229999925e-01 -8.041889443270000548e-01
-1.708259983819999939e-01 -9.987321622799999465e-02
-2.679895711940000202e-01 -2.629925511510000091e-01
-3.011866155260000122e-01 -4.100655687909999791e-01
-3.462167606900000139e-01 -5.217025240610000392e-01
-1.458850561160000003e-01 -5.143093461800000155e-01
-1.849696562020000101e-01 -7.010557066739999676e-01
-2.055298430699999956e-01 -8.167736478779999976e-01
-2.228656800359999912e-01 -9.176372674749999625e-01
-3.918346881100000234e-02 -5.323539899429999833e-01
-5.282427927000000328e-02 -7.546011513310000307e-01
-6.325016565299999838e-02 -8.858478474090000221e-01
-7.567186837799999566e-02 -1.000000000000000000e+00
6.109067802800000058e-02 -5.038101022759999825e-01
6.205933539999999859e-02 -7.159438383120000360e-01
5.257049913200000091e-02 -8.369913160859999701e-01
3.606797696200000208e-02 -9.415240155530000266e-01
1.640085643370000068e-01 -4.368366582489999761e-01
1.872374896070000128e-01 -5.946644160459999551e-01
1.922897326989999878e-01 -6.991857046270000264e-01
1.875181128589999968e-01 -8.003558044659999648e-01
-1.678792809759999949e-01 -1.008903214839999979e-01
-2.651075852600000005e-01 -2.624171838730000039e-01
-2.998780918689999964e-01 -4.083700412719999950e-01
-3.448467535949999996e-01 -5.209497008860000111e-01
-1.430064704929999986e-01 -5.149520179200000047e-01
-1.848912958460000033e-01 -6.998574025929999998e-01
-2.064168679139999907e-01 -8.154248558940000446e-01
-2.241352231759999869e-01 -9.160561508279999599e-01
-3.697308556699999832e-02 -5.328700033940000358e-01
-5.300098688499999683e-02 -7.537319994059999972e-01
-6.405052802600000317e-02 -8.846923431309999808e-01
-7.669115710299999333e-02 -1.000000000000000000e+00
6.260443439299999413e-02 -5.043395896960000124e-01
6.407639603600000233e-02 -7.157491760730000374e-01
5.402739258099999858e-02 -8.394406858840000041e-01
3.668027406100000248e-02 -9.477190958879999627e-01
1.645997921119999874e-01 -4.366811157980000080e-01
1.892673009259999983e-01 -5.971039684610000009e-01
1.950162609190000118e-01 -7.031394833909999642e-01
1.900463181100000010e-01 -8.059440376390000216e-01
-1.670857548690000138e-01 -1.002173209960000033e-01
-2.632892313469999968e-01 -2.629873366230000009e-01
-2.977831530250000247e-01 -4.100209451519999937e-01
-3.427719732239999928e-01 -5.220576027169999689e-01
-1.355316227460000023e-01 -5.185346232280000356e-01
-1.739457781750000098e-01 -7.046131025859999619e-01
-1.942498506339999931e-01 -8.202474996669999463e-01
-2.111993658330000023e-01 -9.203416865000000335e-01
-3.044479310199999997e-02 -5.361647195630000473e-01
-4.840540745199999745e-02 -7.559966568610000381e-01
-6.209037574299999807e-02 -8.860501723879999902e-01
-7.744079273300000232e-02 -1.000000000000000000e+00
6.883045382499999865e-02 -5.072162328479999927e-01
6.791342835100000475e-02 -7.178102919169999652e-01
5.689245789399999947e-02 -8.388625149980000195e-01
3.886791047600000187e-02 -9.446450989519999952e-01
1.706982046480000070e-01 -4.392734096870000160e-01
1.933407460719999971e-01 -5.977259373009999877e-01
1.970864626080000015e-01 -7.023507052290000052e-01
1.911778744469999902e-01 -8.038204688479999582e-01
-1.672121497079999963e-01 -1.001236774300000021e-01
-2.635137688379999843e-01 -2.641736464400000206e-01
-2.969938798969999905e-01 -4.102157663870000248e-01
-3.394490592020000252e-01 -5.213110158720000165e-01
-1.359796735709999926e-01 -5.141919869759999928e-01
-1.733315144199999991e-01 -6.999488297129999870e-01
-1.920307946950000066e-01 -8.166725053569999782e-01
-2.068453165930000115e-01 -9.174737329550000098e-01
-3.145080676300000128e-02 -5.312700223880000294e-01
-4.993460641499999908e-02 -7.515407386250000377e-01
-6.327995149500000027e-02 -8.839854790279999541e-01
-7.734726354000000248e-02 -1.000000000000000000e+00
6.705620616599999861e-02 -5.025625984830000004e-01
6.574942865699999472e-02 -7.132016514650000305e-01
5.304665758600000253e-02 -8.362747787130000443e-01
3.449771499700000216e-02 -9.430066219070000200e-01
1.681661883879999875e-01 -4.355973125179999905e-01
1.899170081519999942e-01 -5.945730792690000488e-01
1.930538441749999889e-01 -6.998956211660000148e-01
1.874198961340000080e-01 -8.010963327400000278e-01
-1.656440076559999863e-01 -9.966860905699999329e-02
-2.625684309099999836e-01 -2.626436374889999925e-01
-2.965161043199999735e-01 -4.085909171420000208e-01
-3.405371239080000056e-01 -5.192186472530000430e-01
-1.358977017109999907e-01 -5.136915374999999617e-01
-1.715942277359999990e-01 -6.988658955000000006e-01
-1.894687582210000110e-01 -8.151692740960000405e-01
-2.035870911440000042e-01 -9.159127328260000533e-01
-3.136744253899999973e-02 -5.316236014009999566e-01
-4.956636355800000254e-02 -7.522087055249999654e-01
-6.277650499499999592e-02 -8.839965296330000166e-01
-7.699827565500000359e-02 -1.000000000000000000e+00
6.745007490700000163e-02 -5.040820034790000070e-01
6.523524243000000666e-02 -7.147841368439999954e-01
5.160604554800000271e-02 -8.375648446350000276e-01
3.246919724399999901e-02 -9.441348240510000212e-01
1.695744376180000068e-01 -4.381370802480000215e-01
1.898986266830000047e-01 -5.975501629030000039e-01
1.922636172939999888e-01 -7.019639016069999515e-01
1.865214457970000017e-01 -8.026233936829999527e-01
-1.682412807689999956e-01 -9.827002177999999422e-02
-2.656613220549999821e-01 -2.617778309189999764e-01
-2.992809260350000056e-01 -4.087874177090000116e-01
-3.439208085530000014e-01 -5.194874865390000096e-01
-1.384206898979999933e-01 -5.142277733850000310e-01
-1.730292527089999921e-01 -7.007993459350000398e-01
-1.893397829269999888e-01 -8.170724027300000358e-01
-2.020209698479999982e-01 -9.168859711429999670e-01
-3.342536059699999923e-02 -5.317297904769999750e-01
-5.118226477400000113e-02 -7.530899323540000134e-01
-6.288071272900000452e-02 -8.848073646690000071e-01
-7.561696076599999650e-02 -1.000000000000000000e+00
6.572273304400000349e-02 -5.034786963380000202e-01
6.322326424999999417e-02 -7.149804894369999886e-01
5.196362280300000080e-02 -8.371160256640000075e-01
3.498119401600000011e-02 -9.424283642449999832e-01
1.674622679359999977e-01 -4.368784522410000259e-01
1.859427669519999882e-01 -5.953696583499999972e-01
1.884851120409999914e-01 -6.996410359339999552e-01
1.831314890940000106e-01 -7.997488754239999720e-01
-1.665739835979999917e-01 -9.897171260600000353e-02
-2.624922550009999855e-01 -2.625739326739999768e-01
-2.952098511610000142e-01 -4.092968672050000256e-01
-3.406495310229999962e-01 -5.188642830740000100e-01
-1.345724922840000060e-01 -5.160819503919999995e-01
-1.630302718420000019e-01 -7.021549637899999752e-01
-1.759618798669999873e-01 -8.180464939989999795e-01
-1.856315960630000039e-01 -9.172012336170000113e-01
-3.184033448999999683e-02 -5.331139309979999741e-01
-4.773186981299999687e-02 -7.535528445729999802e-01
-6.053933799999999810e-02 -8.843382409729999560e-01
-7.470549318999999966e-02 -1.000000000000000000e+00
6.621387836900000101e-02 -5.052945921939999696e-01
6.399459756500000540e-02 -7.152848990100000304e-01
5.059240343399999673e-02 -8.372728430789999621e-01
3.180679423800000100e-02 -9.430936695660000479e-01
1.681176532750000008e-01 -4.386078013759999727e-01
1.889192566219999869e-01 -5.977969729259999809e-01
1.923810094989999997e-01 -7.015516227050000442e-01
1.880501755020000110e-01 -8.015929677130000375e-01
-1.681463780199999869e-01 -9.849731763400000617e-02
-2.637838250810000118e-01 -2.621606407839999764e-01
-2.965878829210000234e-01 -4.090598551990000109e-01
-3.446425042249999793e-01 -5.176207467210000024e-01
-1.333646244339999898e-01 -5.152463765710000310e-01
-1.624717402410000011e-01 -7.016885880159999811e-01
-1.744802818060000038e-01 -8.181308328270000541e-01
-1.827677443880000030e-01 -9.171138554359999917e-01
-2.921747075900000060e-02 -5.327490913069999889e-01
-4.640502443300000002e-02 -7.535624469360000521e-01
-5.847360154700000090e-02 -8.851737674359999586e-01
-7.122987717699999499e-02 -1.000000000000000000e+00
6.952668809600000277e-02 -5.052830579589999704e-01
6.750895160599999778e-02 -7.159480791200000249e-01
5.520212438899999713e-02 -8.382250735530000219e-01
3.776931475999999871e-02 -9.431667266319999632e-01
1.712245550300000030e-01 -4.391888282029999813e-01
1.930763696799999984e-01 -5.981790435720000243e-01
1.972661248149999991e-01 -7.030428012930000081e-01
1.938118818560000123e-01 -8.033368131200000484e-01
-1.643998496140000043e-01 -9.958684696899999800e-02
-2.599783257239999812e-01 -2.648514304369999905e-01
-2.934599215840000275e-01 -4.124572087949999744e-01
-3.403262490660000084e-01 -5.223557388149999703e-01
-1.291426124260000030e-01 -5.189787564700000244e-01
-1.577938550340000079e-01 -7.047068477540000542e-01
-1.703480744020000048e-01 -8.210189013940000224e-01
-1.794668537820000020e-01 -9.204042112329999803e-01
-2.627800021200000016e-02 -5.354065799939999870e-01
-4.251068400300000300e-02 -7.547688469490000385e-01
-5.344106292899999944e-02 -8.853057980209999567e-01
-6.491908960400000206e-02 -1.000000000000000000e+00
7.147405824600000512e-02 -5.064673651779999508e-01
7.039030615499999866e-02 -7.165146404029999472e-01
5.758167217799999710e-02 -8.398552487629999952e-01
3.980263177599999841e-02 -9.463663767269999694e-01
1.726829068840000092e-01 -4.384915461089999855e-01
1.958664572559999928e-01 -5.990305608210000354e-01
2.005496065519999926e-01 -7.044240215560000351e-01
1.974033135419999974e-01 -8.056268814139999623e-01
-1.632475416749999964e-01 -9.785764270900000616e-02
-2.608507608899999775e-01 -2.624222481330000245e-01
-2.965650443269999825e-01 -4.102461753919999787e-01
-3.437998602860000141e-01 -5.197441903649999695e-01
-1.321448179849999960e-01 -5.176906912569999575e-01
-1.561986793419999908e-01 -7.082535565559999746e-01
-1.651425298960000065e-01 -8.252331374639999551e-01
-1.691418815159999867e-01 -9.236385916570000187e-01
-3.002615569899999906e-02 -5.329538051090000339e-01
-4.626120096900000062e-02 -7.547927765409999656e-01
-5.678475255899999991e-02 -8.858500833160000143e-01
-6.626571370900000146e-02 -1.000000000000000000e+00
6.751084300300000396e-02 -5.041217868689999992e-01
6.419359327000000170e-02 -7.169510443559999890e-01
5.017387412299999933e-02 -8.408586785270000252e-01
3.286312815700000167e-02 -9.466282312199999494e-01
1.694325783420000120e-01 -4.376574116229999811e-01
1.889578341529999927e-01 -5.987527101209999536e-01
1.935063364630000005e-01 -7.046469619570000509e-01
1.914442154229999971e-01 -8.061966022980000535e-01
-1.618997996000000050e-01 -1.007677359289999991e-01
-2.567446625140000216e-01 -2.646181087450000247e-01
-2.916976509579999877e-01 -4.115714849170000189e-01
-3.407305757299999849e-01 -5.203123584440000338e-01
-1.273203344169999973e-01 -5.200510710029999650e-01
-1.489393089080000010e-01 -7.103681600600000312e-01
-1.560498428210000121e-01 -8.275440038250000407e-01
-1.589928586540000077e-01 -9.266466742300000226e-01
-2.499539994100000162e-02 -5.343251525609999941e-01
-3.919306507800000144e-02 -7.552114542769999828e-01
-4.961247344900000106e-02 -8.861212527020000396e-01
-5.948452461400000058e-02 -1.000000000000000000e+00
7.316917011600000686e-02 -5.046476053299999709e-01
7.347314957900000221e-02 -7.157728014869999544e-01
6.056646463200000136e-02 -8.388570832039999869e-01
4.401810673199999663e-02 -9.446476850420000293e-01
1.753856244439999934e-01 -4.369528503780000239e-01
1.976693272660000056e-01 -5.991048931500000396e-01
2.012896925309999863e-01 -7.046589259969999741e-01
1.981746822659999907e-01 -8.058477187050000490e-01
-1.621326169489999969e-01 -9.822086246599999459e-02
-2.590099536330000007e-01 -2.610946674719999971e-01
-2.956966636680000149e-01 -4.067838741040000206e-01
-3.401212396419999728e-01 -5.144378841610000030e-01
-1.270829060239999919e-01 -5.174940924059999725e-01
-1.467760450110000003e-01 -7.081449724149999625e-01
-1.532634947709999862e-01 -8.251728680909999891e-01
-1.552395552999999984e-01 -9.235257248670000196e-01
-2.617641662200000108e-02 -5.315494449200000027e-01
-3.967680028599999964e-02 -7.535733385989999977e-01
-4.955476246999999945e-02 -8.856701840349999744e-01
-5.849796529399999695e-02 -1.000000000000000000e+00
7.042006486500000662e-02 -5.018869386119999554e-01
6.968948519699999511e-02 -7.139806931130000534e-01
5.769696830900000045e-02 -8.375807911839999731e-01
4.230900367999999856e-02 -9.431075902450000159e-01
1.709255724189999992e-01 -4.346716503199999915e-01
1.914469798369999864e-01 -5.964890429270000016e-01
1.964387739169999869e-01 -7.025572514350000297e-01
1.952386267479999937e-01 -8.039733759960000503e-01
-1.617966436970000033e-01 -1.019458388869999982e-01
-2.577931474799999845e-01 -2.655313883989999790e-01
-2.939324263520000091e-01 -4.115489359130000135e-01
-3.410304830559999778e-01 -5.203218219540000078e-01
-1.252158870460000073e-01 -5.198494458460000134e-01
-1.469392538729999975e-01 -7.069204365860000117e-01
-1.542722867399999864e-01 -8.229967360700000123e-01
-1.568683602400000043e-01 -9.209533142239999526e-01
-2.393607596200000159e-02 -5.342972026100000216e-01
-3.812229678799999855e-02 -7.542198567779999641e-01
-4.853124806399999880e-02 -8.852352041290000306e-01
-5.777608945400000001e-02 -1.000000000000000000e+00
7.313041034900000237e-02 -5.045730358029999474e-01
7.354334298299999850e-02 -7.162523969390000023e-01
6.083747950900000173e-02 -8.403717514020000445e-01
4.522139247299999942e-02 -9.478741099259999636e-01
1.743033050299999942e-01 -4.368495260720000051e-01
1.959079895339999877e-01 -5.985452642170000503e-01
2.006935984229999970e-01 -7.049225066459999800e-01
1.993271658680000058e-01 -8.073262188650000004e-01
-1.625306889689999978e-01 -9.754902455099999370e-02
-2.607537931450000235e-01 -2.610646590790000054e-01
-2.976825803470000142e-01 -4.068495098700000145e-01
-3.430555107720000274e-01 -5.130432758890000056e-01
-1.293699179239999886e-01 -5.182072237379999891e-01
-1.492471386600000005e-01 -7.087193485249999592e-01
-1.555147602589999900e-01 -8.264434111470000399e-01
-1.570715948499999959e-01 -9.250267895660000406e-01
-2.818916542199999958e-02 -5.325327449219999787e-01
-4.195887508499999974e-02 -7.545671661549999687e-01
-5.244120689199999880e-02 -8.863036986110000015e-01
-6.196410244799999828e-02 -1.000000000000000000e+00
6.923854933400000466e-02 -5.029161317989999658e-01
6.993537774100000437e-02 -7.157627163549999949e-01
5.701626802399999833e-02 -8.409472163219999796e-01
4.066398376699999900e-02 -9.481632972460000142e-01
1.708960038300000039e-01 -4.355644277510000162e-01
1.939707319539999975e-01 -5.963328785239999652e-01
1.992508008309999967e-01 -7.027359844530000066e-01
1.982026187710000109e-01 -8.047256606220000164e-01
-1.656280936470000131e-01 -1.006812564059999943e-01
-2.617907243379999915e-01 -2.648118744569999961e-01
-2.965275414190000070e-01 -4.110675458170000018e-01
-3.431260893399999956e-01 -5.190785269979999450e-01
-1.306896520639999892e-01 -5.203924568840000431e-01
-1.513669903769999936e-01 -7.071164333239999822e-01
-1.574972332169999878e-01 -8.232921726720000555e-01
-1.589287263259999972e-01 -9.207566679530000409e-01
-2.935852945099999903e-02 -5.352850922199999806e-01
-4.319677282300000282e-02 -7.545767114970000078e-01
-5.290355242400000130e-02 -8.858874262689999668e-01
-6.158280290100000276e-02 -1.000000000000000000e+00
6.847756418000000567e-02 -5.055830912419999601e-01
6.994633841500000337e-02 -7.169389631610000313e-01
5.780331381699999743e-02 -8.412080647659999633e-01
4.185357980700000341e-02 -9.479350686369999446e-01
1.709414201920000098e-01 -4.373257665929999871e-01
1.962624036670000127e-01 -5.985459288279999512e-01
2.032106352739999899e-01 -7.053111969240000168e-01
2.029419047440000068e-01 -8.079276119010000423e-01
-1.621566395690000051e-01 -9.842293402700000304e-02
-2.602525184460000029e-01 -2.625474291670000238e-01
-2.962716058109999828e-01 -4.101112756110000257e-01
-3.404558435710000053e-01 -5.189211968069999958e-01
-1.290400483730000103e-01 -5.179054254570000237e-01
-1.472030038640000094e-01 -7.067266768240000330e-01
-1.523765472630000117e-01 -8.239246917339999587e-01
-1.534446494839999953e-01 -9.228320699690000239e-01
-2.806090735300000027e-02 -5.326257463050000363e-01
-4.263835418200000171e-02 -7.536045860260000007e-01
-5.383010112799999775e-02 -8.858557445850000489e-01
-6.353663352100000217e-02 -1.000000000000000000e+00
6.929456388299999603e-02 -5.029445514150000518e-01
6.769307555799999876e-02 -7.173802291590000157e-01
5.139096079899999753e-02 -8.420103786229999887e-01
3.274469928399999924e-02 -9.477429837599999907e-01
1.727590375839999914e-01 -4.351829034890000170e-01
1.980201154900000093e-01 -5.949339343859999518e-01
2.044196233449999955e-01 -7.018597907889999599e-01
2.043647347589999941e-01 -8.052798241740000140e-01
-1.638618359010000081e-01 -9.800357970299999888e-02
-2.619372614850000169e-01 -2.629217518279999832e-01
-2.979755437180000022e-01 -4.108326783110000102e-01
-3.450385036329999822e-01 -5.191564731650000208e-01
-1.314883321249999959e-01 -5.160453140890000068e-01
-1.524859230410000044e-01 -7.021957447290000376e-01
-1.576271560680000128e-01 -8.192516874749999900e-01
-1.588738468439999940e-01 -9.177848400260000261e-01
-3.037397645599999862e-02 -5.321334023999999552e-01
-4.564340993999999735e-02 -7.520767718580000372e-01
-5.589379692299999841e-02 -8.849559973349999664e-01
-6.512511150600000520e-02 -1.000000000000000000e+00
6.684404911600000387e-02 -5.038395851320000007e-01
6.478899639799999555e-02 -7.164736386469999774e-01
4.854666803100000233e-02 -8.416227019290000166e-01
3.026394728600000084e-02 -9.482539554469999743e-01
1.696176794089999940e-01 -4.373511641889999968e-01
1.956678261739999980e-01 -5.970047929730000202e-01
2.021967344299999969e-01 -7.025057572799999761e-01
2.027536230160000008e-01 -8.041301088810000053e-01
-1.633849776190000047e-01 -9.840789033999999824e-02
-2.614695647310000259e-01 -2.622333007600000099e-01
-2.977456819700000090e-01 -4.105497570659999984e-01
-3.428472502089999763e-01 -5.208540182240000149e-01
-1.320161671070000098e-01 -5.177872203419999764e-01
-1.505674435029999980e-01 -7.073322883070000122e-01
-1.544410401340000072e-01 -8.251256224280000273e-01
-1.541061647610000029e-01 -9.234536726419999564e-01
-3.094565912299999944e-02 -5.328280401899999630e-01
-4.553844234900000093e-02 -7.533484657060000034e-01
-5.537404951899999733e-02 -8.860462117259999548e-01
-6.342734140200000093e-02 -1.000000000000000000e+00
6.704855260200000278e-02 -5.038828261850000212e-01
6.570265058700000549e-02 -7.170218995439999743e-01
5.112435814599999850e-02 -8.410260197400000193e-01
3.488100800099999677e-02 -9.463912531779999915e-01
1.705934004409999927e-01 -4.366970719680000057e-01
1.965004141009999983e-01 -5.974963918329999624e-01
2.038723830920000091e-01 -7.036372534720000127e-01
2.055408202710000132e-01 -8.058989372239999671e-01
-1.636450464979999908e-01 -9.795317937899999938e-02
-2.622216886120000146e-01 -2.617339017049999939e-01
-2.986681335649999935e-01 -4.103647718480000206e-01
-3.461888231679999817e-01 -5.197664837480000521e-01
-1.324733454810000099e-01 -5.169335970649999723e-01
-1.508490622560000050e-01 -7.061101578509999532e-01
-1.545120019650000065e-01 -8.244620903349999530e-01
-1.541543018219999894e-01 -9.229565885810000481e-01
-3.102156540599999845e-02 -5.324650182869999915e-01
-4.533439105099999755e-02 -7.530168451080000436e-01
-5.498737243099999922e-02 -8.859014739670000305e-01
-6.328010877199999329e-02 -1.000000000000000000e+00
6.720506793800000434e-02 -5.043145144139999925e-01
6.630866399599999461e-02 -7.169973739339999819e-01
5.273769696200000107e-02 -8.420616065170000164e-01
3.713272057199999698e-02 -9.480726917859999547e-01
1.706251217639999929e-01 -4.380596387560000138e-01
1.970903175170000132e-01 -5.993277431919999954e-01
2.053147544620000098e-01 -7.056505982849999858e-01
2.076960036930000086e-01 -8.074381965450000420e-01
-1.624778570569999914e-01 -9.816113667199999337e-02
-2.587767259689999766e-01 -2.630548574589999800e-01
-2.941375405400000198e-01 -4.116275583269999871e-01
-3.420578972700000220e-01 -5.198411314740000178e-01
-1.294354688200000103e-01 -5.186574437540000249e-01
-1.479506222299999951e-01 -7.063931809390000538e-01
-1.515018901980000054e-01 -8.241067466360000315e-01
-1.510777328719999923e-01 -9.221930387919999861e-01
-2.778906355099999836e-02 -5.342549794840000255e-01
-4.190647760999999943e-02 -7.541197509189999648e-01
-5.121336183599999731e-02 -8.864913981419999534e-01
-5.950572973399999993e-02 -1.000000000000000000e+00
7.075296476200000628e-02 -5.057223605609999506e-01
7.080160665699999911e-02 -7.175275795709999960e-01
5.862377536999999889e-02 -8.413398404919999463e-01
4.405097076700000003e-02 -9.464014956309999560e-01
1.742693692919999870e-01 -4.386697383770000180e-01
2.002346177809999905e-01 -6.000216123620000230e-01
2.078351955240000104e-01 -7.055385940409999446e-01
2.098109269050000003e-01 -8.067099856030000016e-01
