-1.809166064490000114e-01 -9.581787508399999820e-02
-3.059361464020000088e-01 -2.546410735479999743e-01
-3.824259758690000122e-01 -3.925236737339999893e-01
-4.544515531889999904e-01 -5.045908028759999997e-01
-1.484653189709999876e-01 -5.283307600429999473e-01
-2.001531364759999987e-01 -7.064148010199999828e-01
-2.305255455319999980e-01 -8.167706208280000046e-01
-2.554605008570000058e-01 -9.150068860510000013e-01
-4.450115212200000253e-02 -5.438277313830000015e-01
-5.298372271799999672e-02 -7.573872872729999761e-01
-5.897138174699999985e-02 -8.854598434539999730e-01
-6.339169002800000563e-02 -1.000000000000000000e+00
4.985282461800000231e-02 -5.054518334990000250e-01
6.649063959100000309e-02 -7.062452280159999818e-01
6.897051311000000628e-02 -8.259764512949999693e-01
6.571878400500000272e-02 -9.329552054299999897e-01
1.367906448360000082e-01 -4.253776532099999841e-01
1.758676843739999940e-01 -5.818957296300000248e-01
1.887856012980000109e-01 -6.864251105669999520e-01
1.910516653769999962e-01 -7.877386606170000416e-01
-1.813203609129999949e-01 -9.618077202300000239e-02
-3.048313806910000201e-01 -2.565954909420000152e-01
-3.798579637219999805e-01 -3.953937999120000213e-01
-4.527022825149999985e-01 -5.071122174379999459e-01
-1.456854275149999933e-01 -5.324531553689999530e-01
-1.980670064850000023e-01 -7.095966018310000401e-01
-2.279077044049999945e-01 -8.190835680839999577e-01
-2.528460995060000105e-01 -9.166958272380000272e-01
-4.171136324900000247e-02 -5.470788198649999545e-01
-4.837640328599999984e-02 -7.599754762289999688e-01
-5.315339663000000214e-02 -8.869066947220000108e-01
-5.670501854499999939e-02 -1.000000000000000000e+00
5.242050837000000046e-02 -5.066806088780000383e-01
7.028414171800000110e-02 -7.092150703699999781e-01
7.247901277799999320e-02 -8.297157152880000330e-01
6.873286059500000045e-02 -9.369746446169999743e-01
1.391057169869999999e-01 -4.241274612739999728e-01
1.799571899169999933e-01 -5.815208327299999924e-01
1.933020946790000028e-01 -6.865095710730000356e-01
1.958905203730000044e-01 -7.881206003609999566e-01
-1.812389735870000018e-01 -9.811836225900000263e-02
-3.064625952889999949e-01 -2.568460700179999723e-01
-3.851828950300000276e-01 -3.946409565680000231e-01
-4.574754378479999883e-01 -5.072477394709999921e-01
-1.485069433610000100e-01 -5.342549669939999912e-01
-2.020980747929999877e-01 -7.120494039050000445e-01
-2.333125999450000043e-01 -8.225290248550000127e-01
-2.600852189299999728e-01 -9.226427505959999831e-01
-4.557180087300000126e-02 -5.491310712039999542e-01
-5.432409068099999794e-02 -7.608541377399999917e-01
-6.104893515300000018e-02 -8.868659360780000167e-01
-6.657479841299999979e-02 -1.000000000000000000e+00
4.823484160699999940e-02 -5.086600090939999985e-01
6.491630165400000263e-02 -7.110378887710000484e-01
6.500326685900000012e-02 -8.315260459050000108e-01
5.909939251600000026e-02 -9.400186687629999982e-01
1.343406773910000018e-01 -4.254160953950000268e-01
1.751970122079999914e-01 -5.821524916579999820e-01
1.882605570499999992e-01 -6.871594044330000539e-01
1.903460953760000018e-01 -7.897296793770000045e-01
-1.838914244840000045e-01 -9.834815296899999948e-02
-3.077854127779999782e-01 -2.609248031829999870e-01
-3.832619565250000027e-01 -4.009091482159999886e-01
-4.536844882450000171e-01 -5.142232674029999506e-01
-1.491519161859999887e-01 -5.368179348720000243e-01
-2.045957953289999909e-01 -7.161068942089999778e-01
-2.385645562940000020e-01 -8.261161294409999911e-01
-2.666469634390000176e-01 -9.248876130790000261e-01
-4.410402423399999855e-02 -5.509034677899999899e-01
-5.117029691200000036e-02 -7.641190752130000430e-01
-5.731883547899999792e-02 -8.886238314819999706e-01
-6.206872486400000222e-02 -1.000000000000000000e+00
5.012429933899999884e-02 -5.107003093149999895e-01
6.657608606499999804e-02 -7.119774844249999735e-01
6.410385012500000035e-02 -8.301189381129999711e-01
5.617962962499999796e-02 -9.351875365359999526e-01
1.359224062630000063e-01 -4.300032560200000020e-01
1.753115962929999994e-01 -5.881252444579999628e-01
1.860471722270000128e-01 -6.948315205620000379e-01
1.858359662269999935e-01 -7.988989028009999549e-01
-1.831206678889999995e-01 -9.532159568400000449e-02
-3.101211292380000040e-01 -2.548768198260000228e-01
-3.864446147830000178e-01 -3.959361698869999779e-01
-4.566878957839999864e-01 -5.097673314499999719e-01
-1.547396358650000026e-01 -5.355249162590000056e-01
-2.089801999020000078e-01 -7.117460229140000205e-01
-2.408997039939999862e-01 -8.212521026610000163e-01
-2.672849312600000249e-01 -9.202336814810000432e-01
-5.083494019399999869e-02 -5.517416729340000048e-01
-6.430650603000000187e-02 -7.626354686709999608e-01
-7.276571123899999716e-02 -8.875706343039999613e-01
-7.931980894800000348e-02 -1.000000000000000000e+00
4.485531658200000299e-02 -5.128938577420000255e-01
5.649706526800000322e-02 -7.134823521230000409e-01
5.509021128500000281e-02 -8.314486981219999517e-01
4.803070892800000158e-02 -9.372542861979999973e-01
1.353754227610000083e-01 -4.319783875409999863e-01
1.731260627769999894e-01 -5.879799361969999527e-01
1.849926360080000054e-01 -6.920208521709999561e-01
1.857554813299999996e-01 -7.939369232849999847e-01
-1.823724786929999953e-01 -9.639714961799999982e-02
-3.120988980859999984e-01 -2.570057031399999858e-01
-3.928129352010000241e-01 -3.980238746959999796e-01
-4.680698522239999937e-01 -5.105547080919999869e-01
-1.543374652310000039e-01 -5.403248505500000132e-01
-2.115420737589999989e-01 -7.171399425779999559e-01
-2.461672692820000008e-01 -8.268337374899999981e-01
-2.748996775349999977e-01 -9.257838272239999888e-01
-4.886065273799999886e-02 -5.566604409919999608e-01
-6.114899211100000009e-02 -7.666857161469999848e-01
-6.932567134200000314e-02 -8.899306657079999461e-01
-7.582420782599999520e-02 -1.000000000000000000e+00
4.796512114300000018e-02 -5.174653866620000375e-01
5.925798380600000304e-02 -7.172820136799999968e-01
5.775565094300000313e-02 -8.356851485199999763e-01
5.058315708899999846e-02 -9.418991000599999941e-01
1.385958176210000115e-01 -4.363978886859999906e-01
1.748120692139999988e-01 -5.936704671970000069e-01
1.849958333550000000e-01 -6.997917064930000430e-01
1.844793333739999930e-01 -8.038614408290000179e-01
-1.827718724429999997e-01 -9.599574901599999821e-02
-3.103689511780000077e-01 -2.569937008539999734e-01
-3.888822587619999993e-01 -3.977782116169999993e-01
-4.653004170360000025e-01 -5.092838189320000319e-01
-1.598680731640000074e-01 -5.399780247390000287e-01
-2.171305472589999952e-01 -7.145439735190000086e-01
-2.512749573770000078e-01 -8.239390122840000164e-01
-2.795251043520000089e-01 -9.226668550240000322e-01
-5.562806390800000000e-02 -5.566983735530000033e-01
-7.036879829799999597e-02 -7.651756495699999494e-01
-8.123765521799999889e-02 -8.886501897290000063e-01
-9.077710238000000209e-02 -1.000000000000000000e+00
4.089211429600000253e-02 -5.182655185119999786e-01
5.173722237799999873e-02 -7.177985562599999980e-01
4.718759858999999751e-02 -8.378451675850000502e-01
3.680620552999999684e-02 -9.458541378189999627e-01
1.318775295780000023e-01 -4.376963901609999819e-01
1.676866340269999867e-01 -5.957419004899999759e-01
1.765516025259999955e-01 -7.015239357870000081e-01
1.744977073400000023e-01 -8.049767177509999927e-01
-1.846272859720000104e-01 -9.398207562700000572e-02
-3.166899976509999770e-01 -2.510930115409999996e-01
-3.984554576189999753e-01 -3.909593313160000250e-01
-4.736568867190000254e-01 -5.041636094110000244e-01
-1.608629294829999890e-01 -5.394911644150000019e-01
-2.182979356030000095e-01 -7.166232040290000382e-01
-2.538677392129999877e-01 -8.257052080850000308e-01
-2.838307737890000126e-01 -9.244392457350000258e-01
-5.463502405299999753e-02 -5.568624045079999529e-01
-7.111837123599999699e-02 -7.662116607810000035e-01
-8.385133808200000149e-02 -8.890483787540000016e-01
-9.483749860000000032e-02 -1.000000000000000000e+00
4.315832404099999992e-02 -5.195820775980000139e-01
5.093732303500000252e-02 -7.183766685989999567e-01
4.656482223200000131e-02 -8.360919360299999825e-01
3.693940724099999823e-02 -9.421918535919999727e-01
1.352856535339999888e-01 -4.412025544600000071e-01
1.686345956089999876e-01 -5.992647099260000054e-01
1.778124710400000030e-01 -7.059949754309999825e-01
1.763743490959999993e-01 -8.104973105170000247e-01
-1.817500239969999931e-01 -9.473677366200000671e-02
-3.070678585000000127e-01 -2.514366946459999919e-01
-3.851465338860000087e-01 -3.887892019160000268e-01
-4.595873996459999833e-01 -5.017508362529999877e-01
-1.516073249769999964e-01 -5.355915949209999471e-01
-2.038493014580000096e-01 -7.157921663999999851e-01
-2.390639409979999908e-01 -8.253252661140000335e-01
-2.701969397499999759e-01 -9.236974202009999857e-01
-4.879629198499999682e-02 -5.504292464950000241e-01
-5.973008542899999745e-02 -7.639210824790000354e-01
-7.322265744700000301e-02 -8.886986741489999453e-01
-8.644356615999999882e-02 -1.000000000000000000e+00
4.647193865399999735e-02 -5.115945145019999973e-01
5.896367955000000188e-02 -7.149208830080000521e-01
5.350539413000000161e-02 -8.359688354069999550e-01
4.124976582599999830e-02 -9.432358389939999865e-01
1.351465884339999868e-01 -4.317741160060000194e-01
1.709602953079999987e-01 -5.940187263530000150e-01
1.788839732220000034e-01 -7.042431885219999632e-01
1.747081317730000138e-01 -8.101970267360000255e-01
-1.838198224170000117e-01 -9.557796095600000486e-02
-3.124803010189999841e-01 -2.521054039580000183e-01
-3.947205050409999805e-01 -3.883952689010000126e-01
-4.703250177830000101e-01 -5.008828067930000127e-01
-1.565197900170000045e-01 -5.335049522600000538e-01
-2.090002979280000117e-01 -7.098053381669999773e-01
-2.439068741079999936e-01 -8.178251766259999611e-01
-2.737742357940000093e-01 -9.145829049439999636e-01
-5.401162878400000283e-02 -5.497942008909999512e-01
-6.643582876400000448e-02 -7.611420011889999948e-01
-7.735020819500000588e-02 -8.864497592340000454e-01
-8.710860853599999842e-02 -1.000000000000000000e+00
3.965253292600000312e-02 -5.133260373900000451e-01
5.188625213499999805e-02 -7.130820526479999533e-01
5.094106478100000196e-02 -8.322461074420000049e-01
4.347186735599999768e-02 -9.394542638599999718e-01
1.264180083650000008e-01 -4.365223920319999951e-01
1.607982453769999931e-01 -5.968248810840000029e-01
1.707173875119999962e-01 -7.035452687990000342e-01
1.693749432849999959e-01 -8.067744983960000171e-01
-1.819918027730000054e-01 -9.394900896499999710e-02
-3.063166375720000056e-01 -2.522448430320000101e-01
-3.826303190409999777e-01 -3.892478475810000060e-01
-4.586991049760000272e-01 -4.995971826019999784e-01
-1.544829175699999890e-01 -5.337608946570000512e-01
-2.044427695569999981e-01 -7.116691719469999677e-01
-2.387858216590000027e-01 -8.207818630090000234e-01
-2.696178904329999959e-01 -9.191099058980000125e-01
-5.235078128299999745e-02 -5.498104479780000498e-01
-6.240574309099999883e-02 -7.620890025200000029e-01
-7.522002405899999578e-02 -8.868327528770000301e-01
-8.778272312300000602e-02 -1.000000000000000000e+00
4.235599679600000195e-02 -5.125830997570000047e-01
5.481433036000000342e-02 -7.144433900819999739e-01
5.242636632400000246e-02 -8.341508218980000500e-01
4.309638134999999731e-02 -9.413887277500000428e-01
1.313299401749999928e-01 -4.342888285559999839e-01
1.671156200109999990e-01 -5.973872489579999945e-01
1.757221979939999901e-01 -7.059869937620000258e-01
1.726474566410000078e-01 -8.105794958340000189e-01
-1.837061218209999902e-01 -9.524240269000000536e-02
-3.121255012779999838e-01 -2.507619782130000030e-01
-3.954438712000000189e-01 -3.859301507510000118e-01
-4.713099750590000192e-01 -4.991752277950000094e-01
-1.561472174079999997e-01 -5.327159205050000512e-01
-2.085339437269999874e-01 -7.094925107120000352e-01
-2.426432824270000066e-01 -8.177437262819999830e-01
-2.710498203180000121e-01 -9.139076163539999742e-01
-5.346179493199999799e-02 -5.483543394630000511e-01
-6.589722237600000032e-02 -7.603560147829999671e-01
-7.530638430500000147e-02 -8.861571424709999700e-01
-8.377539184099999647e-02 -1.000000000000000000e+00
4.018600309499999884e-02 -5.114562017199999477e-01
5.329693208099999663e-02 -7.117440662130000151e-01
5.381972468300000312e-02 -8.314429132499999708e-01
4.784442041099999654e-02 -9.399891373700000052e-01
1.262060884200000010e-01 -4.345110457890000166e-01
1.604403972310000093e-01 -5.971000101229999579e-01
1.699371952500000060e-01 -7.037822372840000229e-01
1.683980100910000000e-01 -8.072763309410000421e-01
-1.817370419719999963e-01 -9.287228384699999784e-02
-3.066045120509999777e-01 -2.495458900430000126e-01
-3.839350361919999788e-01 -3.865879785110000189e-01
-4.593459745540000028e-01 -4.980166065419999732e-01
-1.542403950869999929e-01 -5.325552178069999920e-01
-2.062278123540000063e-01 -7.099891128559999709e-01
-2.407978884320000068e-01 -8.185473314300000247e-01
-2.712942581869999814e-01 -9.159758449510000400e-01
-5.225318463300000077e-02 -5.489172396329999870e-01
-6.306645642699999776e-02 -7.616304026719999953e-01
-7.603628699799999668e-02 -8.874264910939999584e-01
-8.862517273499999348e-02 -1.000000000000000000e+00
4.230682067299999793e-02 -5.113912708219999770e-01
5.487823240899999955e-02 -7.143266853030000307e-01
5.071779466500000305e-02 -8.355121627539999762e-01
3.951852741200000130e-02 -9.427122857099999864e-01
1.309029087749999931e-01 -4.325151393569999780e-01
1.670010601230000058e-01 -5.940928152469999723e-01
1.753833558540000004e-01 -7.031706386279999998e-01
1.716069397620000048e-01 -8.075942240879999678e-01
-1.836849728019999961e-01 -9.469148813300000411e-02
-3.099502844650000033e-01 -2.487285454919999916e-01
-3.925170931609999747e-01 -3.830750592969999757e-01
-4.697319168769999997e-01 -4.960005013350000103e-01
-1.583958153089999876e-01 -5.330333692990000261e-01
-2.096125939569999930e-01 -7.089553549429999935e-01
-2.411145118830000100e-01 -8.182818125320000524e-01
-2.673059321849999836e-01 -9.150368171949999629e-01
-5.476348263900000096e-02 -5.479524312610000170e-01
-6.811997044800000012e-02 -7.597805022589999568e-01
-7.707920538899999674e-02 -8.861772195989999767e-01
-8.614244924399999670e-02 -1.000000000000000000e+00
3.993797059399999821e-02 -5.104552709880000316e-01
5.426726133600000279e-02 -7.106040415050000059e-01
5.556545528699999986e-02 -8.290865229680000059e-01
4.933282275999999883e-02 -9.370807658130000384e-01
1.270358492149999963e-01 -4.323482657739999846e-01
1.618096319310000086e-01 -5.940094961590000056e-01
1.702611406729999943e-01 -7.002351661900000357e-01
1.671617331209999946e-01 -8.038728445699999670e-01
-1.825939681560000138e-01 -9.362600616300000012e-02
-3.091919555870000225e-01 -2.511566822869999993e-01
-3.886136128420000224e-01 -3.878077826190000077e-01
-4.657398060640000059e-01 -4.972292321749999799e-01
-1.585957656089999890e-01 -5.349388705980000491e-01
-2.090572893350000072e-01 -7.145627180339999551e-01
-2.437031824020000070e-01 -8.243076881940000211e-01
-2.745994291459999959e-01 -9.231372025359999567e-01
-5.626019212999999741e-02 -5.512719419630000006e-01
-6.686523595799999387e-02 -7.632469321250000549e-01
-7.918488654800000248e-02 -8.874545491569999500e-01
-9.183953506200000227e-02 -1.000000000000000000e+00
3.858599299099999685e-02 -5.153324908280000338e-01
4.982263899099999976e-02 -7.164649527649999960e-01
4.600803220199999738e-02 -8.372618394170000533e-01
3.518742449299999686e-02 -9.460182015729999838e-01
1.276790694259999914e-01 -4.392916908780000185e-01
1.620065688139999960e-01 -6.020007066420000053e-01
1.701739929689999875e-01 -7.106134420799999907e-01
1.667768809830000032e-01 -8.156134433909999482e-01
-1.828411858690000003e-01 -9.310629972900000273e-02
-3.095183359790000255e-01 -2.471949077570000097e-01
-3.910404282309999924e-01 -3.822597980890000136e-01
-4.660654415839999842e-01 -4.955673545270000147e-01
-1.596263814320000030e-01 -5.316198102460000241e-01
-2.103064265930000010e-01 -7.104962320580000545e-01
-2.440141839320000006e-01 -8.206070458030000347e-01
-2.731732206160000231e-01 -9.186719172599999705e-01
-5.787395206499999778e-02 -5.470866434040000392e-01
-7.125488216700000266e-02 -7.589726028650000123e-01
-8.309550750600000479e-02 -8.853811723710000026e-01
-9.491119849899999628e-02 -1.000000000000000000e+00
3.692585369000000312e-02 -5.111033370069999471e-01
4.906656099099999946e-02 -7.117523577530000534e-01
4.822749123600000160e-02 -8.337905161749999960e-01
4.048102761499999813e-02 -9.443715887970000056e-01
1.256087423530000136e-01 -4.349069602399999734e-01
1.601818954779999915e-01 -5.981575489439999727e-01
1.693879461630000138e-01 -7.047879773080000243e-01
1.675553876639999940e-01 -8.078703496319999955e-01
-1.815110343609999954e-01 -9.370202871100000164e-02
-3.077172684180000117e-01 -2.504262408510000149e-01
-3.868441345640000195e-01 -3.864386824969999745e-01
-4.642582401520000124e-01 -4.962271570030000190e-01
-1.557736271260000138e-01 -5.325773200100000215e-01
-2.068302701480000116e-01 -7.108837090899999822e-01
-2.414513813330000092e-01 -8.199371165969999709e-01
-2.722734049070000273e-01 -9.177461552079999585e-01
-5.396943947900000038e-02 -5.492215019749999705e-01
-6.657574051200000620e-02 -7.614994425909999975e-01
-8.000473579200000074e-02 -8.869124576800000437e-01
-9.401795143199999372e-02 -1.000000000000000000e+00
4.068494566699999704e-02 -5.137062879610000410e-01
5.045041058000000050e-02 -7.153982183539999706e-01
4.585418364499999760e-02 -8.374532731520000217e-01
3.393711046999999675e-02 -9.469122634050000098e-01
1.300937184650000078e-01 -4.380205662819999790e-01
1.636870571569999933e-01 -6.005111013410000531e-01
1.717334889400000120e-01 -7.093653982550000014e-01
1.680116468879999936e-01 -8.141580742959999561e-01
-1.840616543739999889e-01 -9.385988227300000319e-02
-3.109477223329999984e-01 -2.489270610450000087e-01
-3.936008841499999966e-01 -3.827462309690000120e-01
-4.736221892690000157e-01 -4.931329033949999885e-01
-1.613294608249999929e-01 -5.355304571710000072e-01
-2.128769622080000090e-01 -7.118923085049999600e-01
-2.484253100390000080e-01 -8.207416466079999751e-01
-2.791147115689999736e-01 -9.180413236790000431e-01
-6.005486526800000308e-02 -5.504999329209999681e-01
-7.450610680899999450e-02 -7.629398000649999512e-01
-8.981313997400000582e-02 -8.869549323419999576e-01
-1.062848506919999991e-01 -1.000000000000000000e+00
3.355782700700000315e-02 -5.136604105659999808e-01
4.460859547399999986e-02 -7.178834592889999922e-01
3.815942640500000205e-02 -8.391809090390000003e-01
2.351502959000000004e-02 -9.500259915150000012e-01
1.205808947550000010e-01 -4.356694123100000038e-01
1.532008623620000065e-01 -5.993970630239999764e-01
1.606723962630000058e-01 -7.088537694140000234e-01
1.555873282830000093e-01 -8.155114800139999787e-01
-1.857044930189999943e-01 -9.123423005799999319e-02
-3.160772644020000133e-01 -2.436928274500000102e-01
-4.001367788599999864e-01 -3.763584072250000245e-01
-4.836364693649999880e-01 -4.842762143320000212e-01
-1.692451122439999900e-01 -5.316303286950000428e-01
-2.193208313910000040e-01 -7.122753895540000491e-01
-2.541182730720000227e-01 -8.225737819239999915e-01
-2.861612371250000231e-01 -9.224368291340000470e-01
-6.773429199100000631e-02 -5.481174513669999637e-01
-8.410543208100000612e-02 -7.615217796069999601e-01
-1.020804422839999975e-01 -8.868089712950000258e-01
-1.219012597750000065e-01 -1.000000000000000000e+00
2.880617745100000002e-02 -5.132517130189999666e-01
3.445392915900000186e-02 -7.184723554599999895e-01
2.545923493399999959e-02 -8.416262474179999620e-01
7.944676452999999833e-03 -9.515427756140000248e-01
1.212123794720000036e-01 -4.383318927550000077e-01
1.513472111810000020e-01 -6.013640664860000484e-01
1.559448871409999937e-01 -7.100349921859999691e-01
1.479833974170000066e-01 -8.141517245239999756e-01
-1.849864518930000035e-01 -9.265024994100000411e-02
-3.142431962800000256e-01 -2.448936301699999873e-01
-3.951734560979999755e-01 -3.769766613950000234e-01
-4.751048204800000230e-01 -4.847471730890000052e-01
-1.658778038810000133e-01 -5.322308287539999627e-01
-2.153871329110000066e-01 -7.132707036219999575e-01
-2.487212496229999903e-01 -8.229892180919999856e-01
-2.792816239279999890e-01 -9.222076668449999959e-01
-6.301292836699999567e-02 -5.468552115170000061e-01
-8.119539013300000607e-02 -7.603539655090000293e-01
-9.812270444500000022e-02 -8.864928899639999971e-01
-1.163199633730000043e-01 -1.000000000000000000e+00
3.496586642999999911e-02 -5.096520142849999546e-01
3.703549606900000124e-02 -7.147958557500000421e-01
2.702959751400000124e-02 -8.372096383489999738e-01
8.464556591000000491e-03 -9.461513453669999629e-01
1.295728813869999885e-01 -4.324722836109999857e-01
1.575855906979999888e-01 -5.968166083339999650e-01
1.586450674529999993e-01 -7.057674982960000509e-01
1.470744416180000125e-01 -8.098936432269999708e-01
-1.847420422280000030e-01 -9.186356154300000243e-02
-3.108527818929999742e-01 -2.469473211969999971e-01
-3.900682582389999875e-01 -3.785584822160000251e-01
-4.747552011819999862e-01 -4.835944643530000198e-01
-1.677869224630000045e-01 -5.328272608170000479e-01
-2.160890055359999951e-01 -7.106310554939999635e-01
-2.482571049510000072e-01 -8.207430059420000035e-01
-2.776205807059999864e-01 -9.202537875790000044e-01
-6.421373349799999741e-02 -5.465381185259999830e-01
-8.175476808899999337e-02 -7.596322572470000090e-01
-9.807814244500000223e-02 -8.854998000689999760e-01
-1.170770288289999933e-01 -1.000000000000000000e+00
3.373437261299999657e-02 -5.083607511330000550e-01
3.636382288000000046e-02 -7.134391901340000341e-01
2.606309579699999865e-02 -8.367203969580000456e-01
6.176610291999999613e-03 -9.476208010450000163e-01
1.279243708679999869e-01 -4.295829192939999985e-01
1.538227539750000039e-01 -5.955855698680000421e-01
1.541810763179999877e-01 -7.051132670649999934e-01
1.413230835800000085e-01 -8.106954884979999942e-01
-1.834763097469999937e-01 -9.363199863299999370e-02
-3.080193489670000062e-01 -2.486302416900000034e-01
-3.853925072609999947e-01 -3.800010617749999819e-01
-4.687610601509999975e-01 -4.871502801770000168e-01
-1.608007947279999905e-01 -5.328523241100000529e-01
-2.094443633610000022e-01 -7.106619887489999954e-01
-2.422784436250000062e-01 -8.197726799529999608e-01
-2.724297274729999829e-01 -9.186434291370000338e-01
-5.803543122000000276e-02 -5.462071650069999507e-01
-7.566717138400000375e-02 -7.600300080999999874e-01
-9.191503083099999971e-02 -8.862744372419999461e-01
-1.115969411670000022e-01 -1.000000000000000000e+00
3.940019307900000101e-02 -5.079965974800000339e-01
4.076176615600000247e-02 -7.136956117239999786e-01
2.869725222899999900e-02 -8.374629848800000387e-01
5.514713935000000247e-03 -9.478115772159999564e-01
1.335961945820000052e-01 -4.293544687570000074e-01
1.590534781590000057e-01 -5.954518006240000494e-01
1.573559070520000047e-01 -7.047100421740000176e-01
1.409543727470000118e-01 -8.090919026380000156e-01
-1.864718882879999873e-01 -9.251447897900000328e-02
-3.134357550460000197e-01 -2.458622958460000008e-01
-3.938936971979999924e-01 -3.768371462399999761e-01
-4.771272028390000086e-01 -4.849152333669999870e-01
-1.633623926499999934e-01 -5.299874955890000461e-01
-2.134957284160000079e-01 -7.078323459459999745e-01
-2.462050950949999928e-01 -8.166910925839999669e-01
-2.758524240479999778e-01 -9.157458007700000069e-01
-6.142553958900000277e-02 -5.445116877490000507e-01
-7.930498664400000008e-02 -7.581287172299999710e-01
-9.481436439300000574e-02 -8.854173207850000171e-01
-1.135265493600000064e-01 -1.000000000000000000e+00
3.497108996099999867e-02 -5.068859480039999976e-01
3.525429315700000232e-02 -7.113126894269999889e-01
2.250257425800000072e-02 -8.340203306319999843e-01
-1.054422601999999935e-03 -9.433975801449999699e-01
1.268092670800000099e-01 -4.285140685489999823e-01
1.512924847300000097e-01 -5.924934539389999921e-01
1.496570795209999916e-01 -7.000237279519999634e-01
1.335564469520000019e-01 -8.023623450619999931e-01
-1.872249391680000097e-01 -9.098040899900000644e-02
-3.143947138900000104e-01 -2.443959772260000107e-01
-3.930343201309999812e-01 -3.766304594070000178e-01
-4.733609692390000068e-01 -4.863216007780000183e-01
-1.659205115179999968e-01 -5.277677295499999532e-01
-2.162524752240000125e-01 -7.066319517889999569e-01
-2.494211741429999962e-01 -8.154744324920000231e-01
-2.797403040809999797e-01 -9.148048791220000364e-01
-6.346480967100000259e-02 -5.433439875800000207e-01
-8.323485402399999344e-02 -7.572079360360000067e-01
-1.006735473700000050e-01 -8.846823427600000178e-01
-1.215183357190000035e-01 -1.000000000000000000e+00
3.334317517999999675e-02 -5.072738692520000203e-01
3.243844103699999870e-02 -7.114185680219999863e-01
1.808426124099999852e-02 -8.358170790760000024e-01
-7.122147340999999618e-03 -9.458194518560000263e-01
1.255185776490000127e-01 -4.313034291499999728e-01
1.487996203549999952e-01 -5.966822740460000496e-01
1.458098748439999870e-01 -7.040754050099999883e-01
1.278031458839999912e-01 -8.054266440630000190e-01
-1.868147569830000132e-01 -9.125200434999999888e-02
-3.152552507770000068e-01 -2.450203623609999992e-01
-3.925007003679999995e-01 -3.783267184579999776e-01
-4.708492802329999893e-01 -4.872408275999999816e-01
-1.677590858959999986e-01 -5.269753259170000259e-01
-2.137124296160000103e-01 -7.053143481250000457e-01
-2.462646179820000003e-01 -8.137024355030000322e-01
-2.757252711639999743e-01 -9.127515222669999595e-01
-6.506018741300000074e-02 -5.433317565130000304e-01
-8.268010628699999642e-02 -7.580147913729999853e-01
-9.965195329699999549e-02 -8.845442544949999597e-01
-1.189700700210000045e-01 -1.000000000000000000e+00
3.250078680000000053e-02 -5.090065289290000017e-01
3.012721358200000019e-02 -7.143162620749999858e-01
1.416187563899999960e-02 -8.391890120739999848e-01
-1.134297481900000022e-02 -9.503146192279999793e-01
1.275312355740000070e-01 -4.350559311860000000e-01
1.476153386680000013e-01 -6.026694842509999761e-01
1.450496678369999903e-01 -7.112750981350000057e-01
1.278529819039999904e-01 -8.148299500379999616e-01
-1.844760242400000083e-01 -9.068074561099999376e-02
-3.123171996329999756e-01 -2.467808692490000011e-01
-3.879934077150000160e-01 -3.820920703310000111e-01
-4.676128414369999930e-01 -4.892485719840000136e-01
-1.658299559989999949e-01 -5.230767995030000117e-01
-2.163042695899999868e-01 -7.038298878099999989e-01
-2.479750593539999937e-01 -8.137984585020000550e-01
-2.761880925469999970e-01 -9.150031219099999946e-01
-6.067634181099999802e-02 -5.400880697400000097e-01
-8.318930049400000137e-02 -7.548178119520000395e-01
-1.003004616030000046e-01 -8.833093888619999445e-01
-1.199684530559999990e-01 -1.000000000000000000e+00
3.864640263400000164e-02 -5.057169793379999723e-01
3.303998115799999802e-02 -7.095884812239999784e-01
1.621735570100000037e-02 -8.357242058310000443e-01
-1.084706063800000043e-02 -9.468522027819999964e-01
1.360447595419999878e-01 -4.329080693790000045e-01
1.547951905290000096e-01 -5.990204371259999494e-01
1.502516512260000103e-01 -7.076392420220000146e-01
1.302598048499999939e-01 -8.101202698060000484e-01
-1.911471436099999865e-01 -9.169702374299999736e-02
-3.241755795180000232e-01 -2.464140999180000069e-01
-4.009137524360000260e-01 -3.841068005180000022e-01
-4.767887637470000217e-01 -4.967925425859999744e-01
-1.688927949500000081e-01 -5.236815280950000151e-01
-2.134339281650000086e-01 -7.065935500819999771e-01
-2.436906594300000117e-01 -8.169626470849999933e-01
-2.712224315660000107e-01 -9.183993366570000205e-01
-6.284781553099999529e-02 -5.403719457460000042e-01
-8.124916940300000445e-02 -7.569913253459999991e-01
-9.964450601499999505e-02 -8.850705076729999954e-01
-1.198979724870000013e-01 -1.000000000000000000e+00
3.768162884100000054e-02 -5.074372472860000371e-01
3.357997795199999663e-02 -7.128854979049999985e-01
1.606963700399999945e-02 -8.377220648280000459e-01
-1.071301492600000051e-02 -9.464825333559999665e-01
1.364409672709999966e-01 -4.359438613719999744e-01
1.544325743959999997e-01 -5.991712341970000244e-01
1.507871464220000013e-01 -7.070485408919999770e-01
1.328355397479999978e-01 -8.085160044500000476e-01
-1.880885041789999990e-01 -9.324691019299999328e-02
-3.173065268949999962e-01 -2.490977181890000058e-01
-3.914298619389999789e-01 -3.868975320510000260e-01
-4.693010439440000181e-01 -4.981734904010000076e-01
-1.640816635500000065e-01 -5.197309543320000058e-01
-2.110817150279999943e-01 -7.035052739139999733e-01
-2.411855364989999861e-01 -8.151654583020000455e-01
-2.683499687690000246e-01 -9.187526524310000164e-01
-5.730997395600000155e-02 -5.359633471329999788e-01
-7.884692068599999382e-02 -7.523640895759999836e-01
-9.684027805599999816e-02 -8.816087875120000028e-01
-1.160863849059999980e-01 -1.000000000000000000e+00
4.416707740399999915e-02 -5.022082067059999710e-01
3.685803858000000210e-02 -7.087717938649999994e-01
1.757546940499999863e-02 -8.338225385780000387e-01
-1.056538735800000017e-02 -9.441263587589999728e-01
1.452294984040000125e-01 -4.298221471509999780e-01
1.621367014010000052e-01 -5.955064670549999883e-01
1.569495641599999991e-01 -7.050678960070000389e-01
1.375838403090000051e-01 -8.089759214489999906e-01
-1.890229311319999994e-01 -9.376220053000000609e-02
-3.203889353109999893e-01 -2.497658510849999902e-01
-3.955878676340000011e-01 -3.887510970649999953e-01
-4.669369495799999825e-01 -5.031661431589999900e-01
-1.698967374960000110e-01 -5.225824601230000255e-01
-2.171928146559999884e-01 -7.052502828590000439e-01
-2.482423301910000046e-01 -8.172055858279999585e-01
-2.759339985520000149e-01 -9.207568633949999581e-01
-6.247487004200000249e-02 -5.385654691219999846e-01
-8.447242286599999928e-02 -7.549211774420000465e-01
-1.025305030569999970e-01 -8.825603751310000522e-01
-1.217941749349999991e-01 -1.000000000000000000e+00
3.996285100099999932e-02 -5.045460673689999842e-01
3.374007905700000115e-02 -7.119407565869999566e-01
1.650152545300000162e-02 -8.377262816530000045e-01
-9.487492402999999838e-03 -9.493818671170000112e-01
1.418065947990000131e-01 -4.315505499039999915e-01
1.571163740540000020e-01 -5.956255463239999992e-01
1.531524851009999910e-01 -7.050641874159999656e-01
1.360514671889999916e-01 -8.104469905690000475e-01
-1.875972832030000093e-01 -9.263273832000000485e-02
-3.193761742119999858e-01 -2.501639444179999949e-01
-3.950521793510000101e-01 -3.904811368419999762e-01
-4.688879894129999726e-01 -5.039425209450000276e-01
-1.673761982489999911e-01 -5.185369436160000012e-01
-2.159893058759999873e-01 -7.029449044600000196e-01
-2.459488766980000019e-01 -8.146906989709999936e-01
-2.721314519890000172e-01 -9.180760363869999718e-01
-5.950662294800000002e-02 -5.355096441550000197e-01
-8.287087372199999913e-02 -7.524832890010000330e-01
-1.011920720060000001e-01 -8.813252735380000535e-01
-1.196502805230000022e-01 -1.000000000000000000e+00
4.355345824199999966e-02 -5.032142033940000259e-01
3.432793090100000333e-02 -7.098941389920000455e-01
1.408143552799999941e-02 -8.351374158550000093e-01
-1.366313653600000066e-02 -9.457633491619999999e-01
1.470824303409999922e-01 -4.325787325950000151e-01
1.609312231810000049e-01 -5.966815366259999864e-01
1.556233643649999887e-01 -7.050053374760000269e-01
1.375882049870000012e-01 -8.086270518810000363e-01
-1.887105318669999865e-01 -9.340706524899999863e-02
-3.218017270810000219e-01 -2.505717162000000164e-01
-3.979366002920000089e-01 -3.919721648780000178e-01
-4.716647276939999744e-01 -5.064053693950000268e-01
-1.689758360780000135e-01 -5.179074896530000416e-01
-2.175358097350000020e-01 -7.049916860260000417e-01
-2.472167123110000087e-01 -8.183773844749999693e-01
-2.732116791449999971e-01 -9.233360289700000001e-01
-6.080841239600000281e-02 -5.347429159250000064e-01
-8.476464157900000240e-02 -7.526672233560000036e-01
-1.030115214759999981e-01 -8.813939893079999477e-01
-1.211244445670000003e-01 -1.000000000000000000e+00
4.307669800499999702e-02 -5.021355392359999614e-01
3.392791875500000137e-02 -7.100871670539999903e-01
1.484091043699999925e-02 -8.357470883440000220e-01
-1.154473505200000021e-02 -9.469508232600000186e-01
1.472261636119999995e-01 -4.310816981989999963e-01
1.614251259439999919e-01 -5.945227765099999617e-01
1.568771947960000135e-01 -7.036944314390000121e-01
1.402112233099999938e-01 -8.085697403370000202e-01
-1.871964349180000042e-01 -9.167900274500000168e-02
-3.204912414339999849e-01 -2.493218114319999956e-01
-3.963524715780000207e-01 -3.919099156590000188e-01
-4.683362780009999726e-01 -5.059819040830000336e-01
-1.679546897720000098e-01 -5.158350606410000427e-01
-2.168916149929999981e-01 -7.044108616549999979e-01
-2.447590801189999943e-01 -8.186573837449999669e-01
-2.686853852380000074e-01 -9.239385107890000226e-01
-5.972266677500000231e-02 -5.323364020530000351e-01
-8.348199194800000333e-02 -7.508007298429999476e-01
-9.880463964800000054e-02 -8.806363748850000173e-01
-1.132230074190000019e-01 -1.000000000000000000e+00
4.379532249200000088e-02 -4.990282639360000272e-01
3.450333599299999776e-02 -7.066605587009999745e-01
1.792551673899999906e-02 -8.334489194859999728e-01
-5.123758848999999602e-03 -9.454622914500000475e-01
1.474103984269999890e-01 -4.272988610669999909e-01
1.635663496009999995e-01 -5.893019328940000134e-01
1.613213273100000122e-01 -6.980559036200000289e-01
1.475548597390000105e-01 -8.028297628039999800e-01
-1.870454880019999933e-01 -9.101957217099999886e-02
-3.207652556310000014e-01 -2.482596416410000062e-01
-3.973796555279999754e-01 -3.898348265680000035e-01
-4.700219283879999987e-01 -5.036126954899999841e-01
-1.680387296570000077e-01 -5.114229285670000014e-01
-2.173476776930000076e-01 -6.999023135849999910e-01
-2.457330125909999996e-01 -8.139739650389999914e-01
-2.699627606000000180e-01 -9.192699216890000136e-01
-6.094333195200000303e-02 -5.285677452729999892e-01
-8.473286708199999351e-02 -7.482884029720000552e-01
-9.931168518400000644e-02 -8.791510557030000061e-01
-1.124827864569999947e-01 -1.000000000000000000e+00
4.138369799799999915e-02 -4.966055672749999927e-01
3.300501734900000012e-02 -7.040310111819999550e-01
1.852762973999999910e-02 -8.300628239370000383e-01
-2.275378684000000078e-03 -9.419489120470000421e-01
1.438459686059999909e-01 -4.270030607840000214e-01
1.613955996299999973e-01 -5.893215474280000254e-01
1.609919198810000063e-01 -6.985201529290000488e-01
1.489582243079999868e-01 -8.043876772160000188e-01
-1.882220288289999932e-01 -8.975981821200000599e-02
-3.234190260200000000e-01 -2.478759813209999996e-01
-4.006980806350000091e-01 -3.904450955539999768e-01
-4.741013606139999892e-01 -5.040021530570000241e-01
-1.724988957970000070e-01 -5.092499756699999658e-01
-2.226756969049999979e-01 -6.982327638540000159e-01
-2.503563752719999980e-01 -8.124470824830000160e-01
-2.731365631059999854e-01 -9.168898333970000314e-01
-6.471287917000000112e-02 -5.262629124259999847e-01
-8.925023190599999656e-02 -7.474908219739999637e-01
-1.025779868839999942e-01 -8.794673541919999504e-01
-1.133751189579999957e-01 -1.000000000000000000e+00
3.817524887399999928e-02 -4.941135824269999866e-01
2.927267599000000012e-02 -7.016622898750000115e-01
1.658483108800000091e-02 -8.267406135279999901e-01
-1.262794347999999936e-03 -9.374263057680000122e-01
1.407951497840000121e-01 -4.246592427929999913e-01
1.568308562340000045e-01 -5.861483819280000063e-01
1.565064043469999999e-01 -6.948784539939999449e-01
1.458205339299999959e-01 -8.003606981859999747e-01
-1.873260417469999883e-01 -8.569352812300000399e-02
-3.228321820739999959e-01 -2.445191859989999938e-01
-3.997921610819999971e-01 -3.871426925029999855e-01
-4.754000548330000187e-01 -4.987168334229999944e-01
-1.728555331040000087e-01 -5.107945374390000515e-01
-2.225549162159999872e-01 -7.000833250350000370e-01
-2.489873867169999921e-01 -8.146814451249999589e-01
-2.699481530760000081e-01 -9.186128764100000010e-01
-6.407292699000000091e-02 -5.281277373260000463e-01
-8.790762279300000370e-02 -7.495517885660000212e-01
-9.979758111299999457e-02 -8.813578223860000227e-01
-1.093437254490000066e-01 -1.000000000000000000e+00
3.918810900300000177e-02 -4.960606652680000228e-01
2.961412329900000098e-02 -7.035380124250000256e-01
1.696793017499999973e-02 -8.287321307870000320e-01
-8.255840940000000331e-04 -9.381232091500000259e-01
1.415532515650000100e-01 -4.271718310639999738e-01
1.546698678029999885e-01 -5.895907196080000245e-01
1.527580185719999983e-01 -6.989502858349999626e-01
1.405574002810000001e-01 -8.042939182720000302e-01
-1.870405582100000130e-01 -8.560154716699999722e-02
-3.222325358209999768e-01 -2.448546088799999909e-01
-4.001700582209999912e-01 -3.880004621059999770e-01
-4.753797780390000005e-01 -5.007787154349999659e-01
-1.716314078869999871e-01 -5.130105733040000171e-01
-2.207299395050000002e-01 -6.999060793700000449e-01
-2.467016793990000068e-01 -8.139015626479999543e-01
-2.673657104309999921e-01 -9.171092467789999647e-01
-6.383617865500000599e-02 -5.310279588640000048e-01
-8.706062924799999603e-02 -7.511852225909999570e-01
-9.782062039699999934e-02 -8.825082700630000332e-01
-1.070132824370000069e-01 -1.000000000000000000e+00
3.897259095999999756e-02 -4.992506413619999805e-01
3.065435314500000036e-02 -7.061349580529999725e-01
1.903041328900000051e-02 -8.313954257040000462e-01
1.413012325999999947e-03 -9.409307878670000180e-01
1.403292621720000077e-01 -4.303887198940000158e-01
1.536415628039999870e-01 -5.931549665049999920e-01
1.514438440030000110e-01 -7.014211435249999571e-01
1.385929730809999927e-01 -8.054313453289999591e-01
-1.873489039850000093e-01 -8.759689021100000583e-02
-3.226759087330000053e-01 -2.452485609310000036e-01
-4.004661061409999778e-01 -3.882948866240000241e-01
-4.749964076559999859e-01 -5.033058370170000462e-01
-1.732824492570000097e-01 -5.141133542789999566e-01
-2.218519776850000069e-01 -6.992446247510000212e-01
-2.483244386269999882e-01 -8.131598803970000455e-01
-2.696393160180000081e-01 -9.169299912660000551e-01
-6.625951794899999359e-02 -5.323789362590000129e-01
-8.945077206700000061e-02 -7.514557712560000491e-01
-1.004625472720000051e-01 -8.818375688459999528e-01
-1.096973967610000017e-01 -1.000000000000000000e+00
3.631269872799999798e-02 -5.009673006179999888e-01
2.719658156900000082e-02 -7.072185915880000451e-01
1.528061400900000005e-02 -8.315965840779999674e-01
-2.341101605000000131e-03 -9.418918990339999464e-01
1.386518482409999919e-01 -4.317531179390000085e-01
1.511270867919999872e-01 -5.931602482640000451e-01
1.490041121500000065e-01 -6.998232757229999601e-01
1.367999396189999994e-01 -8.032237857049999707e-01
-1.887377108259999936e-01 -8.618982158200000354e-02
-3.252247174790000028e-01 -2.445774128150000060e-01
-4.035267924420000152e-01 -3.882694510779999830e-01
-4.812000263910000131e-01 -5.010032864829999655e-01
-1.781580461629999890e-01 -5.145093695360000163e-01
-2.265772205649999871e-01 -6.993577032129999482e-01
-2.522246353809999841e-01 -8.131139143119999746e-01
-2.725390621100000077e-01 -9.162070196880000017e-01
-7.036741130699999958e-02 -5.336352313179999474e-01
-9.387547709200000368e-02 -7.522355798619999590e-01
-1.045838171740000044e-01 -8.826484845750000030e-01
-1.137714117660000024e-01 -1.000000000000000000e+00
3.293570366500000318e-02 -5.028633391540000552e-01
2.357288425999999951e-02 -7.082273564000000077e-01
1.249316712300000028e-02 -8.321352096420000510e-01
-4.371514045000000209e-03 -9.412191879989999510e-01
1.360031870779999930e-01 -4.345645195380000159e-01
1.483740701329999967e-01 -5.962468236610000138e-01
1.458432084650000127e-01 -7.014405057610000327e-01
1.332046805390000033e-01 -8.024925503299999985e-01
-1.890586673430000031e-01 -8.670514468300000166e-02
-3.252439060449999753e-01 -2.452036618560000103e-01
-4.016387852589999863e-01 -3.893881729570000116e-01
-4.782833940860000133e-01 -5.021008730960000443e-01
-1.750710821879999934e-01 -5.113235138349999653e-01
-2.227162657170000115e-01 -6.960467932849999650e-01
-2.487546113130000014e-01 -8.098696000689999952e-01
-2.701161506859999784e-01 -9.134486639909999983e-01
-6.661776033699999544e-02 -5.316209755490000077e-01
-9.129940833800000155e-02 -7.500637602990000152e-01
-1.041858199649999955e-01 -8.815651059329999706e-01
-1.161065460370000052e-01 -1.000000000000000000e+00
3.715926656600000016e-02 -5.020380714390000332e-01
2.577526601400000061e-02 -7.077261121710000102e-01
1.244535140900000086e-02 -8.332991346920000097e-01
-7.444055752000000234e-03 -9.433442982020000533e-01
1.407138318760000062e-01 -4.349385476829999986e-01
1.522856409139999867e-01 -5.972752942619999894e-01
1.492335541960000123e-01 -7.036705055209999671e-01
1.351228652939999997e-01 -8.050117597599999453e-01
-1.889297786830000103e-01 -8.637157924499999639e-02
-3.265493674139999802e-01 -2.462474067379999965e-01
-4.070395538989999840e-01 -3.890164116600000055e-01
-4.831920676229999878e-01 -5.020884200230000260e-01
-1.756940755330000103e-01 -5.182367555500000389e-01
-2.279028274630000017e-01 -7.031790191460000061e-01
-2.558107224330000151e-01 -8.164976081720000112e-01
-2.774868671240000029e-01 -9.190084870770000025e-01
-6.805928927399999828e-02 -5.368315412549999888e-01
-9.231155525299999942e-02 -7.548169412649999854e-01
-1.023756549490000001e-01 -8.847273084660000064e-01
-1.102724028289999991e-01 -1.000000000000000000e+00
3.496854683399999719e-02 -5.049002446750000539e-01
2.413978157300000066e-02 -7.105745547859999567e-01
1.234776152800000013e-02 -8.351732884370000054e-01
-4.280973769999999942e-03 -9.445712963060000078e-01
1.367711593979999973e-01 -4.359976934990000275e-01
1.469965628730000029e-01 -5.975280695339999504e-01
1.439570286730000037e-01 -7.048894958479999806e-01
1.315895680989999927e-01 -8.084050260830000223e-01
