-1.813813939499999972e-01 -1.091997077190000054e-01
-3.172690967519999905e-01 -2.791243071269999820e-01
-4.187522066489999806e-01 -4.069347714700000118e-01
-5.252906996980000187e-01 -4.774101897179999776e-01
-1.368953264339999865e-01 -5.389045496559999870e-01
-1.884590265770000050e-01 -7.237761319640000357e-01
-2.091004780919999972e-01 -8.362055297239999740e-01
-2.242513937310000038e-01 -9.339898147480000246e-01
-1.969422864199999942e-02 -5.537612922189999454e-01
-2.387091438500000065e-02 -7.632061481770000544e-01
-2.269636016100000028e-02 -8.903999635349999497e-01
-1.895151311699999966e-02 -1.000000000000000000e+00
8.728759528599999706e-02 -5.147247896219999674e-01
1.209053213160000001e-01 -6.984164324170000215e-01
1.335722691139999974e-01 -8.112197402719999451e-01
1.398455026100000054e-01 -9.105555898320000230e-01
1.860705507319999896e-01 -4.351191018109999975e-01
2.677612673909999796e-01 -5.699506732929999764e-01
3.143699939610000160e-01 -6.651035965889999790e-01
3.478592481119999746e-01 -7.632257116089999904e-01
-1.808952201609999866e-01 -1.078688164239999941e-01
-3.179604354309999992e-01 -2.774308992899999771e-01
-4.187763757460000180e-01 -4.057911342430000068e-01
-5.221388147640000366e-01 -4.769925009420000195e-01
-1.363664320069999936e-01 -5.373229797480000292e-01
-1.875476047769999988e-01 -7.231020431519999958e-01
-2.085795919950000077e-01 -8.356895698620000479e-01
-2.239007890170000015e-01 -9.333626816960000072e-01
-1.964216714099999844e-02 -5.527465367660000517e-01
-2.395549765699999875e-02 -7.626876342249999663e-01
-2.297517098300000046e-02 -8.902530032150000050e-01
-1.920911384299999955e-02 -1.000000000000000000e+00
8.716338216499999736e-02 -5.143536052470000230e-01
1.192231095429999999e-01 -6.974530512009999850e-01
1.305662637989999930e-01 -8.108524326410000427e-01
1.358355063130000095e-01 -9.103678641119999915e-01
1.863616499090000045e-01 -4.357756676539999985e-01
2.684104514519999873e-01 -5.705759276299999794e-01
3.155370518669999846e-01 -6.655820834540000508e-01
3.494172485490000257e-01 -7.631109109679999891e-01
-1.814243489969999956e-01 -1.095320947729999939e-01
-3.172246456030000106e-01 -2.795467152450000214e-01
-4.164400156020000021e-01 -4.083442340349999755e-01
-5.187476899699999811e-01 -4.797933367289999862e-01
-1.347019736470000117e-01 -5.386958169969999766e-01
-1.858103168989999887e-01 -7.237990534079999927e-01
-2.065476914799999897e-01 -8.362517142919999591e-01
-2.214838679970000113e-01 -9.339279352860000438e-01
-1.779064010500000168e-02 -5.537748904370000114e-01
-2.226513673900000143e-02 -7.636371035629999637e-01
-2.167590745500000068e-02 -8.908370957040000482e-01
-1.841611484899999956e-02 -1.000000000000000000e+00
8.883345151200000567e-02 -5.152111648849999614e-01
1.213040373259999943e-01 -6.990624093489999913e-01
1.321229862440000125e-01 -8.120211033569999515e-01
1.369254561740000098e-01 -9.108863678780000361e-01
1.876849235130000071e-01 -4.364257245729999957e-01
2.704182321079999785e-01 -5.713397849450000399e-01
3.177209357560000225e-01 -6.665607369049999509e-01
3.516758747109999805e-01 -7.641938562740000496e-01
-1.826723340849999988e-01 -1.075062952039999992e-01
-3.203051892670000234e-01 -2.783534936109999802e-01
-4.206431193619999953e-01 -4.085664406019999806e-01
-5.232343341340000009e-01 -4.801027676840000091e-01
-1.386706768629999975e-01 -5.362517552500000173e-01
-1.903216201559999876e-01 -7.229851700810000503e-01
-2.113737674320000093e-01 -8.357860981739999584e-01
-2.263260082799999906e-01 -9.326431057220000431e-01
-2.155843034500000074e-02 -5.523440121520000190e-01
-2.728190129800000044e-02 -7.630239980809999656e-01
-2.643109851500000107e-02 -8.910793943579999876e-01
-2.250460743800000024e-02 -1.000000000000000000e+00
8.535057658200000119e-02 -5.148758148559999803e-01
1.161130008150000059e-01 -6.975553952570000549e-01
1.267785127590000116e-01 -8.089974792009999582e-01
1.315933169619999954e-01 -9.062193334460000305e-01
1.847347902189999946e-01 -4.377080610219999945e-01
2.663020703940000011e-01 -5.704075201739999823e-01
3.132850006699999801e-01 -6.641834712940000163e-01
3.471160267239999930e-01 -7.607481219489999891e-01
-1.818543629820000007e-01 -1.081844564259999975e-01
-3.185551828980000000e-01 -2.782430208989999931e-01
-4.192777957670000277e-01 -4.070486766429999848e-01
-5.241671114070000081e-01 -4.775910422579999759e-01
-1.368922479820000038e-01 -5.394012874620000009e-01
-1.908476845550000078e-01 -7.238586763450000072e-01
-2.128313179100000119e-01 -8.357914242789999948e-01
-2.285789105640000096e-01 -9.330687331060000256e-01
-1.872903531100000157e-02 -5.545011589980000100e-01
-2.381875404599999996e-02 -7.638800591650000138e-01
-2.247319499000000054e-02 -8.910899461589999460e-01
-1.833895850499999911e-02 -1.000000000000000000e+00
8.877742665700000257e-02 -5.148899906389999837e-01
1.222537507119999950e-01 -6.982394875830000291e-01
1.352257166359999985e-01 -8.107629266900000520e-01
1.419060159330000070e-01 -9.103231315390000189e-01
1.877264282730000122e-01 -4.347013674030000274e-01
2.681194232999999927e-01 -5.696711512930000554e-01
3.135678907469999777e-01 -6.642583582500000139e-01
3.459515130199999899e-01 -7.619413886729999863e-01
-1.805068659940000098e-01 -1.075432058729999946e-01
-3.176255968919999839e-01 -2.764563950880000176e-01
-4.192797478629999852e-01 -4.030677820460000227e-01
-5.233955910330000405e-01 -4.711003022310000232e-01
-1.382131645530000064e-01 -5.319268668340000339e-01
-1.895413220480000049e-01 -7.184250705039999518e-01
-2.108344124350000071e-01 -8.314587578050000038e-01
-2.261825124419999944e-01 -9.296011780549999770e-01
-2.220271917299999898e-02 -5.476580026840000004e-01
-2.660908552799999896e-02 -7.596323063080000493e-01
-2.587979951999999986e-02 -8.885011120760000214e-01
-2.189616301099999926e-02 -1.000000000000000000e+00
8.410863131800000447e-02 -5.099221528749999788e-01
1.174519127199999957e-01 -6.933623910970000415e-01
1.292274196400000075e-01 -8.052746995670000407e-01
1.346207576640000014e-01 -9.043482622490000011e-01
1.831731768619999923e-01 -4.317303317180000155e-01
2.650695945830000011e-01 -5.664300125869999869e-01
3.114137310730000219e-01 -6.610101716120000415e-01
3.444200184890000016e-01 -7.591297634950000539e-01
-1.821512379730000075e-01 -1.078069972880000005e-01
-3.198280677140000194e-01 -2.783161502629999950e-01
-4.213933677639999931e-01 -4.076896864119999853e-01
-5.267613973639999614e-01 -4.793072599400000078e-01
-1.414748481720000117e-01 -5.381152743079999912e-01
-1.946144495880000047e-01 -7.235592096709999588e-01
-2.149935187989999996e-01 -8.361618717450000071e-01
-2.289501551170000093e-01 -9.335137183299999641e-01
-2.346758242300000033e-02 -5.538885020279999960e-01
-2.961393303800000099e-02 -7.641403331510000507e-01
-2.818630339299999996e-02 -8.915188978039999546e-01
-2.366036355099999933e-02 -1.000000000000000000e+00
8.467085279000000075e-02 -5.157136628489999985e-01
1.174088465739999976e-01 -7.001440116789999779e-01
1.300262402629999980e-01 -8.131022963130000170e-01
1.367570373039999898e-01 -9.121329608389999732e-01
1.847405331839999942e-01 -4.371869657199999870e-01
2.662879408859999963e-01 -5.725043412889999628e-01
3.127041866870000075e-01 -6.673086101570000483e-01
3.460538764359999964e-01 -7.647031780259999634e-01
-1.826963220270000077e-01 -1.072467796939999968e-01
-3.206197578319999741e-01 -2.784060257109999825e-01
-4.223108440000000185e-01 -4.079105884950000038e-01
-5.270743891520000002e-01 -4.781475841000000226e-01
-1.417476666689999887e-01 -5.404747122170000528e-01
-1.948119408679999942e-01 -7.257593224439999879e-01
-2.157944729600000111e-01 -8.380164726490000326e-01
-2.306977789990000138e-01 -9.344177973820000371e-01
-2.386592653800000130e-02 -5.560539506880000094e-01
-2.968745869199999887e-02 -7.655868090630000289e-01
-2.909810072900000100e-02 -8.925617924600000030e-01
-2.603194389600000172e-02 -1.000000000000000000e+00
8.387538510599999719e-02 -5.174429661980000095e-01
1.163331199679999983e-01 -7.008590820279999578e-01
1.279564232940000046e-01 -8.137688253399999461e-01
1.331206090229999917e-01 -9.121134691660000016e-01
1.835214231750000036e-01 -4.381405662799999767e-01
2.649995340149999823e-01 -5.722574626419999477e-01
3.108262948180000040e-01 -6.672060346839999712e-01
3.429722601199999832e-01 -7.642736917489999504e-01
-1.820189299999999955e-01 -1.073986565769999985e-01
-3.192845837559999955e-01 -2.773506827930000140e-01
-4.209170143989999779e-01 -4.064962325979999958e-01
-5.259002568039999881e-01 -4.774128620620000096e-01
-1.405551428459999863e-01 -5.391973766700000059e-01
-1.945498366739999985e-01 -7.242968236739999455e-01
-2.159521968149999971e-01 -8.366863933270000109e-01
-2.310856612230000051e-01 -9.337807593550000451e-01
-2.218301004599999848e-02 -5.544106032510000004e-01
-2.853591090299999883e-02 -7.647924437659999741e-01
-2.776561486900000139e-02 -8.920906680539999467e-01
-2.408251854299999981e-02 -1.000000000000000000e+00
8.580253493499999384e-02 -5.153451784029999816e-01
1.187716641590000066e-01 -7.009707515269999467e-01
1.314478986300000041e-01 -8.140676934270000276e-01
1.379939472280000134e-01 -9.124284607170000116e-01
1.854849419279999967e-01 -4.355081013780000010e-01
2.657520248520000017e-01 -5.720939087090000097e-01
3.112164092749999944e-01 -6.679129872900000375e-01
3.435315100410000211e-01 -7.659167061170000235e-01
-1.813192524230000102e-01 -1.085348897589999972e-01
-3.185934542139999825e-01 -2.783095416229999786e-01
-4.204959692979999830e-01 -4.071635088989999929e-01
-5.239451136049999569e-01 -4.796468268490000075e-01
-1.396895493729999882e-01 -5.382082407710000460e-01
-1.940968450489999886e-01 -7.236872540269999599e-01
-2.154216103999999909e-01 -8.363237846350000115e-01
-2.303611010530000058e-01 -9.336568176699999722e-01
-2.199739379200000081e-02 -5.532678264949999480e-01
-2.829083971399999967e-02 -7.636057590570000109e-01
-2.705475289400000038e-02 -8.911930254740000334e-01
-2.258512997100000155e-02 -1.000000000000000000e+00
8.569812439900000023e-02 -5.145336245389999785e-01
1.184155272909999945e-01 -6.986554554460000510e-01
1.307471020579999976e-01 -8.120173986980000480e-01
1.373249984179999994e-01 -9.108475982749999478e-01
1.853788740029999882e-01 -4.354134231790000031e-01
2.666039338999999786e-01 -5.697164491749999726e-01
3.124517311989999935e-01 -6.637957501790000547e-01
3.454794363840000271e-01 -7.603192920150000367e-01
-1.818737732200000068e-01 -1.074788723970000054e-01
-3.191711030280000028e-01 -2.786114663470000141e-01
-4.201765316159999930e-01 -4.084727654110000272e-01
-5.234636833139999501e-01 -4.795716128070000028e-01
-1.403572840510000086e-01 -5.389136170239999801e-01
-1.942645528430000101e-01 -7.239685146859999865e-01
-2.153789999350000095e-01 -8.363166526940000178e-01
-2.300616379700000103e-01 -9.333228112900000539e-01
-2.221652778300000144e-02 -5.543919029080000005e-01
-2.874302189499999827e-02 -7.643544376319999500e-01
-2.787592016999999867e-02 -8.914444785180000164e-01
-2.403784148199999970e-02 -1.000000000000000000e+00
8.584355081800000564e-02 -5.154947490800000365e-01
1.183308198450000043e-01 -7.005291227559999889e-01
1.303220552100000096e-01 -8.137660333639999966e-01
1.362691834749999997e-01 -9.126710807240000500e-01
1.859509116670000073e-01 -4.358806480219999946e-01
2.670752260090000219e-01 -5.719934811339999481e-01
3.131072320909999984e-01 -6.671810065509999887e-01
3.459231249379999817e-01 -7.647674778440000098e-01
-1.817725116420000064e-01 -1.082427728509999937e-01
-3.185819098220000201e-01 -2.788503433819999877e-01
-4.193644353859999896e-01 -4.082884986459999754e-01
-5.236382943289999981e-01 -4.800347452200000031e-01
-1.403795214409999936e-01 -5.401976822690000013e-01
-1.937589476519999965e-01 -7.245806074749999715e-01
-2.149968372330000044e-01 -8.364370747620000213e-01
-2.301265160139999988e-01 -9.331960495469999728e-01
-2.240095803399999932e-02 -5.553808807119999802e-01
-2.807787270499999960e-02 -7.648504694669999715e-01
-2.728497305099999992e-02 -8.917119402580000465e-01
-2.392589601499999982e-02 -1.000000000000000000e+00
8.529491408900000127e-02 -5.162777447049999857e-01
1.178881758249999967e-01 -6.993632303960000129e-01
1.294071393950000093e-01 -8.112327849960000448e-01
1.346672284640000050e-01 -9.092981369729999930e-01
1.848642829669999987e-01 -4.362390094499999926e-01
2.656618695810000208e-01 -5.709539055260000051e-01
3.112389695500000220e-01 -6.660170358510000277e-01
3.435942922290000090e-01 -7.636569304510000267e-01
-1.802002312559999875e-01 -1.086628401649999964e-01
-3.166306659679999913e-01 -2.784318517600000154e-01
-4.182764317759999906e-01 -4.059078780789999730e-01
-5.223935678100000146e-01 -4.772046217550000025e-01
-1.367459785809999884e-01 -5.392097102189999935e-01
-1.899591648089999918e-01 -7.224057464619999536e-01
-2.116570613160000114e-01 -8.339038536180000127e-01
-2.275484612439999943e-01 -9.307517913809999488e-01
-1.928918823000000046e-02 -5.538277241379999660e-01
-2.279272521899999848e-02 -7.633809956439999711e-01
-2.071892324799999921e-02 -8.908241882730000283e-01
-1.613226011699999893e-02 -1.000000000000000000e+00
8.766544892100000541e-02 -5.144936408560000229e-01
1.215532753359999940e-01 -6.977592542039999790e-01
1.337833131470000103e-01 -8.099238493760000379e-01
1.399506744610000131e-01 -9.085985850709999978e-01
1.856282028560000130e-01 -4.349007052139999829e-01
2.666320164179999952e-01 -5.699035060520000195e-01
3.123452908480000012e-01 -6.645035528010000414e-01
3.452518034889999754e-01 -7.618490227109999680e-01
-1.800307450589999914e-01 -1.095381504839999937e-01
-3.163461017320000068e-01 -2.812695132629999817e-01
-4.174627241769999775e-01 -4.101182393239999890e-01
-5.211437174640000114e-01 -4.802269586039999982e-01
-1.352717828059999960e-01 -5.383753467499999834e-01
-1.875680567130000032e-01 -7.230692490010000029e-01
-2.097578695229999901e-01 -8.348123533789999495e-01
-2.261074057749999922e-01 -9.321744270099999730e-01
-1.894055514700000026e-02 -5.532842159809999716e-01
-2.349907095400000090e-02 -7.630566570000000270e-01
-2.247715526599999847e-02 -8.900946956090000084e-01
-1.890562602500000036e-02 -1.000000000000000000e+00
8.749166385699999604e-02 -5.144695744789999914e-01
1.199852490820000062e-01 -6.978848081089999988e-01
1.311952145620000065e-01 -8.102619317849999447e-01
1.361539820069999907e-01 -9.097727435960000220e-01
1.862075727289999871e-01 -4.354257416689999993e-01
2.672062419719999915e-01 -5.704259080869999998e-01
3.129634445510000029e-01 -6.645191096000000464e-01
3.455694612029999724e-01 -7.618237333189999960e-01
-1.820680679920000100e-01 -1.104354197930000059e-01
-3.190819411710000275e-01 -2.824374376400000108e-01
-4.205711937300000147e-01 -4.112628999119999906e-01
-5.247333600719999991e-01 -4.813541369859999919e-01
-1.374436176430000045e-01 -5.389399218199999453e-01
-1.902657055620000093e-01 -7.245036587040000198e-01
-2.123142927979999872e-01 -8.364686571580000063e-01
-2.287215865309999985e-01 -9.336813779560000359e-01
-2.079780270299999914e-02 -5.540421878140000533e-01
-2.470193092000000021e-02 -7.639710558250000227e-01
-2.337462092199999938e-02 -8.907457659190000099e-01
-1.971378944200000150e-02 -1.000000000000000000e+00
8.589433061699999761e-02 -5.156241973199999773e-01
1.179859944039999969e-01 -6.990278181500000354e-01
1.286623338039999953e-01 -8.117501474939999850e-01
1.330702856880000007e-01 -9.114914393049999841e-01
1.848530578120000101e-01 -4.372268096729999831e-01
2.669182966479999863e-01 -5.709559774900000440e-01
3.133774968759999724e-01 -6.652380495040000064e-01
3.467415627079999951e-01 -7.629420302849999613e-01
-1.823837391260000051e-01 -1.103615993670000045e-01
-3.195354992769999791e-01 -2.831571119960000216e-01
-4.212813431390000085e-01 -4.115129191890000149e-01
-5.269304642050000043e-01 -4.809282148590000028e-01
-1.381011915929999945e-01 -5.398063840679999670e-01
-1.904651737059999961e-01 -7.244886306000000165e-01
-2.123888871509999887e-01 -8.364378463280000009e-01
-2.284381795650000102e-01 -9.336386405950000134e-01
-2.157373549700000032e-02 -5.541829838570000444e-01
-2.539915124399999904e-02 -7.632951260789999637e-01
-2.425647457499999909e-02 -8.902924368689999479e-01
-2.051763651700000066e-02 -1.000000000000000000e+00
8.515327512699999435e-02 -5.152307572419999593e-01
1.190443741879999989e-01 -6.982636430109999681e-01
1.308245202730000112e-01 -8.099157760930000283e-01
1.361151663949999868e-01 -9.086080822980000526e-01
1.839820780470000083e-01 -4.362655280289999826e-01
2.653298412599999767e-01 -5.717283589160000457e-01
3.115110922350000089e-01 -6.668753646020000314e-01
3.444520157850000097e-01 -7.651218674630000383e-01
-1.815408840069999974e-01 -1.107180247280000057e-01
-3.171272925579999846e-01 -2.824201498860000048e-01
-4.170593777009999892e-01 -4.107774361109999828e-01
-5.209754468160000540e-01 -4.802478178130000219e-01
-1.379630233069999989e-01 -5.400537353140000274e-01
-1.891456473070000088e-01 -7.252641076129999753e-01
-2.105675464510000094e-01 -8.369830576910000097e-01
-2.265083718360000054e-01 -9.338414690659999629e-01
-2.167094464499999887e-02 -5.547993575359999596e-01
-2.424600923000000061e-02 -7.648487102390000292e-01
-2.309458567200000159e-02 -8.913007266289999508e-01
-1.960470669999999846e-02 -1.000000000000000000e+00
8.494046006899999557e-02 -5.161609922919999649e-01
1.176947798830000058e-01 -6.991506822940000143e-01
1.283960833259999990e-01 -8.115427089319999787e-01
1.326819406339999896e-01 -9.104415156620000449e-01
1.843378361219999984e-01 -4.368752362950000245e-01
2.668095250340000169e-01 -5.712298634569999978e-01
3.135211817219999975e-01 -6.662854452869999555e-01
3.466541718739999944e-01 -7.639306539019999898e-01
-1.802096651070000111e-01 -1.092387511290000002e-01
-3.162675644960000199e-01 -2.819926981120000065e-01
-4.166964130090000107e-01 -4.111860672079999945e-01
-5.219356965100000467e-01 -4.801894930169999798e-01
-1.368377878860000119e-01 -5.390420640990000178e-01
-1.890484721250000055e-01 -7.245521998780000139e-01
-2.110841274820000057e-01 -8.367421037090000402e-01
-2.273399631549999911e-01 -9.346888463670000036e-01
-1.939490676299999994e-02 -5.532187981820000378e-01
-2.412589442199999934e-02 -7.627852058999999851e-01
-2.362279872099999969e-02 -8.894386735970000180e-01
-2.055728800799999992e-02 -1.000000000000000000e+00
8.782393050600000028e-02 -5.136857702749999532e-01
1.201504545720000067e-01 -6.971255685980000116e-01
1.315214993459999926e-01 -8.094088283429999864e-01
1.365824214720000040e-01 -9.090937730129999839e-01
1.878389687500000016e-01 -4.335809857190000005e-01
2.691163704219999842e-01 -5.687500084530000555e-01
3.155725859940000100e-01 -6.631687567070000400e-01
3.485365184179999853e-01 -7.609515398080000104e-01
-1.796529106009999988e-01 -1.090080854950000039e-01
-3.158933093369999945e-01 -2.797999971819999931e-01
-4.169875771279999976e-01 -4.087558888719999839e-01
-5.209276490549999972e-01 -4.807272916359999759e-01
-1.367412327420000073e-01 -5.360198581770000414e-01
-1.888333149089999885e-01 -7.211954123910000458e-01
-2.112927800949999935e-01 -8.334862020240000335e-01
-2.280201490019999888e-01 -9.314325669259999607e-01
-2.065962770700000006e-02 -5.510937021499999755e-01
-2.528198210200000018e-02 -7.606213638940000354e-01
-2.484190656999999899e-02 -8.885268299540000081e-01
-2.120264333799999970e-02 -1.000000000000000000e+00
8.555020721299999575e-02 -5.125208567819999894e-01
1.182054524249999961e-01 -6.943629777659999780e-01
1.294535501659999921e-01 -8.057803378719999854e-01
1.347498049530000130e-01 -9.044430229540000310e-01
1.846608272639999881e-01 -4.335478866949999954e-01
2.662791196929999993e-01 -5.671467207989999704e-01
3.130237416519999760e-01 -6.615476064540000145e-01
3.466897051369999816e-01 -7.595536316250000031e-01
-1.815875683859999867e-01 -1.095509620359999964e-01
-3.168313314680000214e-01 -2.800607277530000050e-01
-4.157233972209999906e-01 -4.091106284800000159e-01
-5.191035143190000367e-01 -4.792242317820000208e-01
-1.387185701739999943e-01 -5.387955391450000020e-01
-1.912278576489999937e-01 -7.250434443809999907e-01
-2.136556366510000138e-01 -8.375377686760000495e-01
-2.305160146670000021e-01 -9.351981238180000489e-01
-2.129708485600000090e-02 -5.537968425360000335e-01
-2.533025680499999960e-02 -7.638025060950000000e-01
-2.508298549000000099e-02 -8.907099551289999750e-01
-2.283492446900000153e-02 -1.000000000000000000e+00
8.587976460200000273e-02 -5.150528735570000238e-01
1.189184404749999979e-01 -6.992217643779999880e-01
1.305709352349999908e-01 -8.122524582240000512e-01
1.350543671670000057e-01 -9.112012710710000185e-01
1.853191510999999958e-01 -4.356239858700000078e-01
2.673649094609999999e-01 -5.701687973179999647e-01
3.138718543630000246e-01 -6.650732348129999583e-01
3.462862458289999723e-01 -7.622620912919999547e-01
-1.808557068449999916e-01 -1.093022923680000008e-01
-3.171860394159999874e-01 -2.809261321339999729e-01
-4.175323100159999967e-01 -4.101947876059999776e-01
-5.220843928320000327e-01 -4.797035096519999819e-01
-1.395283984019999868e-01 -5.386812581169999614e-01
-1.926191660830000041e-01 -7.251721019739999496e-01
-2.150903881379999938e-01 -8.380284785820000248e-01
-2.319717711139999972e-01 -9.362935770650000489e-01
-2.188351586399999923e-02 -5.534830204559999522e-01
-2.644449781400000019e-02 -7.630645912839999490e-01
-2.611240138200000144e-02 -8.899802472640000461e-01
-2.343860341999999888e-02 -1.000000000000000000e+00
8.558991227800000212e-02 -5.144259658669999569e-01
1.178571038809999999e-01 -6.986699474249999930e-01
1.293970438139999957e-01 -8.118325624529999507e-01
1.344223030470000080e-01 -9.117810572719999840e-01
1.854920881050000081e-01 -4.348052495899999981e-01
2.668465376470000039e-01 -5.704139712510000182e-01
3.133508321790000051e-01 -6.653409595639999674e-01
3.463496331229999892e-01 -7.632089983330000438e-01
-1.823778019610000078e-01 -1.086413180400000039e-01
-3.194974108060000262e-01 -2.809694491549999951e-01
-4.195057927479999837e-01 -4.105140920870000154e-01
-5.235462975289999488e-01 -4.792595410850000182e-01
-1.417093273850000001e-01 -5.381547858709999632e-01
-1.950185796170000041e-01 -7.236692423760000548e-01
-2.174734440680000103e-01 -8.362116384690000404e-01
-2.339317054360000037e-01 -9.333155473599999974e-01
-2.471056121600000155e-02 -5.537805858269999604e-01
-2.916550142299999954e-02 -7.636384318900000245e-01
-2.837287773299999871e-02 -8.909252729750000155e-01
-2.514164004500000008e-02 -1.000000000000000000e+00
8.264226008500000220e-02 -5.156723302560000111e-01
1.146237548349999941e-01 -6.988835865929999835e-01
1.263157354009999955e-01 -8.121336880839999939e-01
1.313045990429999865e-01 -9.113303284649999503e-01
1.828094898089999976e-01 -4.369564092320000204e-01
2.640856165980000059e-01 -5.717375875410000141e-01
3.106284140339999889e-01 -6.670543993019999451e-01
3.435070717379999916e-01 -7.645557718759999899e-01
-1.829846728329999894e-01 -1.090811583739999951e-01
-3.190355618210000133e-01 -2.815905925380000063e-01
-4.193834328789999844e-01 -4.119905902759999905e-01
-5.253123471620000373e-01 -4.839823669059999944e-01
-1.395564631729999949e-01 -5.406073917989999700e-01
-1.940530620049999988e-01 -7.253498977800000302e-01
-2.161887780220000110e-01 -8.376173212799999934e-01
-2.316783082480000089e-01 -9.348125498739999761e-01
-2.162792352000000168e-02 -5.546257313679999745e-01
-2.743550806199999970e-02 -7.637086545329999643e-01
-2.566784838599999938e-02 -8.904062155399999900e-01
-2.033278707099999902e-02 -1.000000000000000000e+00
8.592125251200000147e-02 -5.147744311759999691e-01
1.171340249909999937e-01 -6.985461823799999914e-01
1.283921989529999974e-01 -8.112646435360000297e-01
1.342567773599999958e-01 -9.108663225499999960e-01
1.859147842659999994e-01 -4.342487926420000033e-01
2.660869599169999877e-01 -5.696591646040000123e-01
3.121781322270000270e-01 -6.651446967599999871e-01
3.453840699310000151e-01 -7.637257048879999566e-01
-1.809328309259999878e-01 -1.090242971709999981e-01
-3.170513432109999807e-01 -2.811250349730000098e-01
-4.172722880499999953e-01 -4.106179992790000011e-01
-5.229276818439999586e-01 -4.794729299320000249e-01
-1.388628337080000108e-01 -5.401060320470000287e-01
-1.923405921730000079e-01 -7.261348652389999492e-01
-2.149161131450000040e-01 -8.385580659779999779e-01
-2.317015311170000091e-01 -9.357908168790000092e-01
-2.143288889199999880e-02 -5.548740001949999945e-01
-2.660304982499999901e-02 -7.640475758210000246e-01
-2.610390392899999967e-02 -8.906596469140000139e-01
-2.309964272200000154e-02 -1.000000000000000000e+00
8.579985471800000152e-02 -5.157161557789999851e-01
1.168541214569999986e-01 -6.992460513389999743e-01
1.278827905959999955e-01 -8.124625933889999541e-01
1.323810957440000047e-01 -9.115891742399999664e-01
1.858029634430000132e-01 -4.358358967059999811e-01
2.668045111110000089e-01 -5.713519791869999809e-01
3.133497996330000257e-01 -6.665112569319999736e-01
3.462686119989999978e-01 -7.637540299909999497e-01
-1.811836859819999923e-01 -1.089727658820000000e-01
-3.169224829300000268e-01 -2.793931691229999958e-01
-4.158893525899999832e-01 -4.094674588239999857e-01
-5.177277539560000141e-01 -4.824978728350000079e-01
-1.371087146390000122e-01 -5.398901176699999471e-01
-1.912084187059999996e-01 -7.247947023690000101e-01
-2.136696460570000067e-01 -8.369767304609999625e-01
-2.299891128999999867e-01 -9.340893853780000144e-01
-1.912928911299999896e-02 -5.545324859400000417e-01
-2.401245299600000133e-02 -7.640052932690000187e-01
-2.295803343000000010e-02 -8.913362853840000044e-01
-1.953148820299999838e-02 -1.000000000000000000e+00
8.810717586999999851e-02 -5.149097338289999604e-01
1.202800255450000022e-01 -6.983305859239999913e-01
1.321957307180000041e-01 -8.108805625099999581e-01
1.375891250040000013e-01 -9.093387007280000489e-01
1.873023386140000024e-01 -4.348680027560000161e-01
2.673219699619999723e-01 -5.704983704370000241e-01
3.129211591220000255e-01 -6.658869681800000384e-01
3.448546791150000068e-01 -7.634761733049999499e-01
-1.812748264719999947e-01 -1.094434668239999964e-01
-3.181359676369999723e-01 -2.793603753589999905e-01
-4.177796498269999992e-01 -4.086899241349999934e-01
-5.184223715219999917e-01 -4.818851181259999894e-01
-1.364054063460000132e-01 -5.386749731729999491e-01
-1.903306122060000050e-01 -7.258472056279999807e-01
-2.141153311869999909e-01 -8.386702324589999646e-01
-2.320105254729999955e-01 -9.369797479160000275e-01
-1.859156048600000069e-02 -5.529183713099999897e-01
-2.258071291499999869e-02 -7.625761574239999785e-01
-2.151575718300000051e-02 -8.894581682130000555e-01
-1.775301266500000155e-02 -1.000000000000000000e+00
8.806779489299999819e-02 -5.130526668670000179e-01
1.192964833229999966e-01 -6.970212353350000445e-01
1.307016359150000029e-01 -8.098636867540000006e-01
1.360190374770000044e-01 -9.094776349940000282e-01
1.868795102709999989e-01 -4.329492452609999820e-01
2.679302786230000066e-01 -5.681996315939999986e-01
3.152667807380000187e-01 -6.632424327589999669e-01
3.492160261189999892e-01 -7.612573552219999984e-01
-1.819733415160000034e-01 -1.079416522540000006e-01
-3.189544144420000116e-01 -2.776782036550000110e-01
-4.183107716769999818e-01 -4.078578725550000006e-01
-5.180255265059999781e-01 -4.815016262530000257e-01
-1.381980160019999904e-01 -5.382436147439999541e-01
-1.919672967519999995e-01 -7.260630373319999498e-01
-2.150424445190000089e-01 -8.389092578369999886e-01
-2.319003422439999962e-01 -9.364579125869999521e-01
-1.956899866099999843e-02 -5.534811723400000494e-01
-2.352058781899999881e-02 -7.636116041870000259e-01
-2.206590270099999945e-02 -8.907851520159999481e-01
-1.826282907399999836e-02 -1.000000000000000000e+00
8.821380376699999859e-02 -5.146416310389999582e-01
1.202326441449999977e-01 -6.983453809099999798e-01
1.326784906440000023e-01 -8.118634370930000177e-01
1.385106017739999862e-01 -9.111784971030000291e-01
1.878585890310000006e-01 -4.360470045259999816e-01
2.690688574310000081e-01 -5.704880517039999654e-01
3.159258002990000258e-01 -6.644879949719999512e-01
3.490720642580000255e-01 -7.606149118280000065e-01
-1.819438825149999883e-01 -1.079248830639999990e-01
-3.202720662149999842e-01 -2.802575158460000049e-01
-4.218631874859999908e-01 -4.111873084039999737e-01
-5.247693656390000072e-01 -4.834758299490000133e-01
-1.372415711670000038e-01 -5.382252003280000308e-01
-1.916448725469999947e-01 -7.261972066180000240e-01
-2.150787863860000038e-01 -8.394481338489999667e-01
-2.329126504329999958e-01 -9.380159959160000449e-01
-1.820016182800000132e-02 -5.523270801009999564e-01
-2.374332647900000148e-02 -7.624041473729999963e-01
-2.275969200199999889e-02 -8.898275291680000088e-01
-1.940804072300000155e-02 -1.000000000000000000e+00
8.933662634500000310e-02 -5.122374891930000507e-01
1.199097317860000067e-01 -6.973272529499999761e-01
1.316170660790000058e-01 -8.108655830550000054e-01
1.369147740030000060e-01 -9.110834996659999963e-01
1.878628080839999936e-01 -4.321524868420000276e-01
2.676882919119999982e-01 -5.690734012510000328e-01
3.139363107839999723e-01 -6.644838987200000213e-01
3.467931685890000004e-01 -7.628183456339999724e-01
-1.816177073570000022e-01 -1.082270051430000019e-01
-3.182181217250000249e-01 -2.793479048190000147e-01
-4.168660702479999869e-01 -4.100573114450000167e-01
-5.175431011150000149e-01 -4.829020536199999936e-01
-1.386502374499999912e-01 -5.384684049960000163e-01
-1.913528247340000044e-01 -7.256715132979999483e-01
-2.142671919709999984e-01 -8.384779935980000154e-01
-2.314918429870000127e-01 -9.362402195450000297e-01
-2.040175979300000095e-02 -5.536457590459999967e-01
-2.399501286300000091e-02 -7.632581178449999726e-01
-2.298637482400000057e-02 -8.904747044370000530e-01
-2.010330589299999873e-02 -1.000000000000000000e+00
8.726569746800000305e-02 -5.149233597829999676e-01
1.193878355249999995e-01 -6.976066624360000024e-01
1.318087189169999951e-01 -8.098552168860000400e-01
1.374556241279999980e-01 -9.090632318089999497e-01
1.866483733360000119e-01 -4.363935813479999926e-01
2.684958455240000208e-01 -5.703286513509999711e-01
3.158266348730000006e-01 -6.640296413859999580e-01
3.493766131909999961e-01 -7.605973204879999949e-01
-1.807022857760000045e-01 -1.070233399359999948e-01
-3.173224043910000125e-01 -2.783483517029999854e-01
-4.162798753670000074e-01 -4.096026920090000134e-01
-5.155123577889999531e-01 -4.831601780020000070e-01
-1.359015608849999945e-01 -5.376904689050000519e-01
-1.894208287349999908e-01 -7.253307100979999866e-01
-2.128040808170000020e-01 -8.382501126829999816e-01
-2.304224532609999987e-01 -9.364436644479999794e-01
-1.728130277200000051e-02 -5.522537755259999681e-01
-2.144786433700000133e-02 -7.622689687660000324e-01
-2.084587830600000136e-02 -8.894958073440000224e-01
-1.780529096600000014e-02 -1.000000000000000000e+00
9.013494861099999311e-02 -5.121069924169999732e-01
1.219884576220000016e-01 -6.964113915149999778e-01
1.334278392959999948e-01 -8.093180822590000378e-01
1.383036604829999960e-01 -9.086274865939999446e-01
1.896276452070000118e-01 -4.315328890189999989e-01
2.705167684790000249e-01 -5.672586891109999696e-01
3.169326277350000276e-01 -6.629880963369999547e-01
3.496042373550000137e-01 -7.614837834569999631e-01
-1.796029385759999875e-01 -1.079071096390000067e-01
-3.165461663909999723e-01 -2.786440873129999996e-01
-4.162969264599999941e-01 -4.094306079789999941e-01
-5.175582750020000233e-01 -4.846336417489999771e-01
-1.346871134429999950e-01 -5.358470982280000294e-01
-1.886450215430000021e-01 -7.231519197750000405e-01
-2.126399342570000073e-01 -8.361508948560000265e-01
-2.307204901540000075e-01 -9.344707261829999778e-01
-1.704813816899999890e-02 -5.505547904800000003e-01
-2.188203190100000001e-02 -7.610138371819999970e-01
-2.096943557500000055e-02 -8.890198854819999497e-01
-1.735923848699999841e-02 -1.000000000000000000e+00
8.964833466900000436e-02 -5.112371784100000482e-01
1.196852827419999932e-01 -6.951663491489999958e-01
1.305083353979999972e-01 -8.089376865130000205e-01
1.354470264050000039e-01 -9.090033162049999671e-01
1.886199105449999913e-01 -4.320269230250000092e-01
2.696992099230000051e-01 -5.664799148979999810e-01
3.169911300969999735e-01 -6.615472481420000550e-01
3.510972013170000072e-01 -7.598419950150000490e-01
-1.803416401309999861e-01 -1.090689695189999975e-01
-3.166031941219999979e-01 -2.812245911319999903e-01
-4.154941751380000214e-01 -4.123538535469999933e-01
-5.154579705820000468e-01 -4.857622412590000271e-01
-1.325265270050000055e-01 -5.409729636060000013e-01
-1.862672186129999963e-01 -7.272641889190000208e-01
-2.103746889120000074e-01 -8.397584297090000538e-01
-2.290143866480000012e-01 -9.377544084140000402e-01
-1.510162694600000050e-02 -5.556484383069999478e-01
-1.963684176499999948e-02 -7.636911733250000278e-01
-1.939128598900000111e-02 -8.902754557090000187e-01
-1.700420461000000036e-02 -1.000000000000000000e+00
9.143499534299999454e-02 -5.161728693479999963e-01
1.225814114919999975e-01 -6.999471479559999931e-01
1.339365010240000098e-01 -8.128587616250000369e-01
1.387745040199999946e-01 -9.120033050910000272e-01
1.898785085090000102e-01 -4.369503571269999775e-01
2.707696063339999903e-01 -5.729193544309999497e-01
3.183008222390000252e-01 -6.684581367370000526e-01
3.521298872820000092e-01 -7.663951245029999582e-01
-1.790383088459999994e-01 -1.097459693169999945e-01
-3.155837379079999838e-01 -2.814358351549999804e-01
-4.146741146380000242e-01 -4.125282519869999942e-01
-5.130167379600000244e-01 -4.846018954169999948e-01
-1.305434801789999988e-01 -5.399257932780000546e-01
-1.855129435629999934e-01 -7.262046807159999728e-01
-2.108032336690000008e-01 -8.384366850869999777e-01
-2.300882191089999862e-01 -9.359914986859999564e-01
-1.270871847399999977e-02 -5.548732443320000263e-01
-1.699218748700000170e-02 -7.641493842240000278e-01
-1.631160298200000011e-02 -8.907565989550000340e-01
-1.323467068600000032e-02 -1.000000000000000000e+00
9.405505279900000515e-02 -5.152128574380000492e-01
1.252882193750000095e-01 -6.996567314889999833e-01
1.374625695499999967e-01 -8.136769281010000077e-01
1.429379270260000001e-01 -9.130133022790000163e-01
1.929029609779999987e-01 -4.351442237109999778e-01
2.740529288019999954e-01 -5.706057485740000379e-01
3.220426057779999796e-01 -6.661043068859999750e-01
3.565414540590000070e-01 -7.631405723009999642e-01
-1.781735328709999899e-01 -1.095467599909999978e-01
-3.154767898160000250e-01 -2.801478710440000186e-01
-4.162974764330000244e-01 -4.109040793989999774e-01
-5.169059837589999873e-01 -4.824140210830000219e-01
-1.313664505040000041e-01 -5.384985602890000056e-01
-1.867545797259999862e-01 -7.243838609810000495e-01
-2.112507269159999979e-01 -8.373472916159999668e-01
-2.295504707290000057e-01 -9.355023758760000474e-01
-1.342863426499999943e-02 -5.542654738169999762e-01
-1.960199554700000138e-02 -7.638070453369999457e-01
-1.906680021999999919e-02 -8.909473249310000398e-01
-1.599878794300000143e-02 -1.000000000000000000e+00
9.334656706999999720e-02 -5.152726085859999916e-01
1.240047678469999998e-01 -6.987884938499999699e-01
1.361386710609999995e-01 -8.120532318800000038e-01
1.415958605619999922e-01 -9.100152585870000532e-01
1.923528220519999943e-01 -4.357200156639999822e-01
2.726143327619999779e-01 -5.697992861509999507e-01
3.207913530159999804e-01 -6.644006473069999918e-01
3.557758138039999740e-01 -7.599834176919999518e-01
-1.772543901549999967e-01 -1.086515618860000032e-01
-3.124433564749999892e-01 -2.799173369499999842e-01
-4.107720355750000274e-01 -4.107596006770000141e-01
-5.114851264040000123e-01 -4.804176112829999790e-01
-1.288664462490000107e-01 -5.388239826690000012e-01
-1.822816571310000022e-01 -7.251662065949999736e-01
-2.063950285760000058e-01 -8.383510877450000010e-01
-2.249906601799999961e-01 -9.371066406629999790e-01
-1.147786383700000017e-02 -5.539988456309999920e-01
-1.580371733999999875e-02 -7.631025252440000184e-01
-1.515353458200000003e-02 -8.899339750829999840e-01
-1.235762623900000037e-02 -1.000000000000000000e+00
9.431020989400000498e-02 -5.145942237709999478e-01
1.250078467000000082e-01 -6.975554600790000448e-01
1.367466037579999905e-01 -8.102987159479999590e-01
1.418787286139999992e-01 -9.090755972459999557e-01
1.923268449390000134e-01 -4.352010457459999926e-01
2.730829623800000161e-01 -5.696047495670000238e-01
3.215848174100000012e-01 -6.640300421820000132e-01
3.566890413620000255e-01 -7.601722294660000490e-01
-1.776223290249999975e-01 -1.096066518920000010e-01
-3.129714911029999880e-01 -2.809236063680000117e-01
-4.129577449440000048e-01 -4.118755654349999795e-01
-5.147397561050000014e-01 -4.824921833249999903e-01
-1.277811606129999888e-01 -5.376976093440000160e-01
-1.813975332789999895e-01 -7.236095567229999803e-01
-2.056534385300000101e-01 -8.364285046580000049e-01
-2.239776999960000070e-01 -9.341349955219999668e-01
-1.076699648800000068e-02 -5.529435283989999617e-01
-1.582568939900000013e-02 -7.623499275189999924e-01
-1.571428504999999864e-02 -8.900852454550000070e-01
-1.272911621900000081e-02 -1.000000000000000000e+00
9.515754500400000482e-02 -5.139676059700000188e-01
1.260403082040000011e-01 -6.965925138109999581e-01
1.374230582150000046e-01 -8.091438601010000342e-01
1.423510529900000043e-01 -9.064768328050000212e-01
1.935123310490000081e-01 -4.346051620049999897e-01
2.747292375359999816e-01 -5.686290986590000207e-01
3.233803832009999879e-01 -6.635271873979999846e-01
3.588228318059999977e-01 -7.593246297360000119e-01
-1.774068536410000063e-01 -1.094698171460000008e-01
-3.129388826699999737e-01 -2.820510403570000157e-01
-4.127734010069999959e-01 -4.129112526779999959e-01
-5.139742921619999683e-01 -4.819278488489999734e-01
-1.285288247799999950e-01 -5.376849120469999743e-01
-1.814853964260000063e-01 -7.232550557779999778e-01
-2.056476469150000097e-01 -8.360182789879999632e-01
-2.241926340669999906e-01 -9.336122105240000080e-01
-1.149729067400000020e-02 -5.527065282309999716e-01
-1.582661266700000069e-02 -7.617922339870000226e-01
-1.565251494300000032e-02 -8.896962319519999829e-01
-1.294368586900000034e-02 -1.000000000000000000e+00
9.408287680099999828e-02 -5.135941195800000081e-01
1.255209591349999987e-01 -6.957687213290000283e-01
1.373351044849999980e-01 -8.081358894519999891e-01
1.423536052849999900e-01 -9.061019329980000148e-01
1.915326593449999948e-01 -4.345216696179999838e-01
2.722072538220000060e-01 -5.686860265930000491e-01
3.210644683789999898e-01 -6.636204867949999642e-01
3.566371462840000062e-01 -7.599568101889999650e-01
-1.771625352950000065e-01 -1.105740847939999938e-01
-3.136265532049999916e-01 -2.841143062029999888e-01
-4.147050001240000228e-01 -4.151765897920000059e-01
-5.189852256470000036e-01 -4.832990069549999990e-01
-1.283666970020000131e-01 -5.391564308459999566e-01
-1.823904618099999875e-01 -7.253429612770000423e-01
-2.065003907090000035e-01 -8.384180475229999763e-01
-2.247350319900000004e-01 -9.365025687469999971e-01
-1.129416389999999930e-02 -5.540064105630000402e-01
-1.627239095599999907e-02 -7.629487346050000118e-01
-1.575117982299999858e-02 -8.901666946880000264e-01
-1.266700674599999937e-02 -1.000000000000000000e+00
9.472902222000000039e-02 -5.147102700829999655e-01
1.252534940410000019e-01 -6.962212245919999765e-01
1.363657833299999900e-01 -8.089080295070000259e-01
1.410356673779999959e-01 -9.073349786429999453e-01
1.931902685459999935e-01 -4.352758306000000244e-01
2.739281869660000202e-01 -5.689785864540000127e-01
3.222002932499999917e-01 -6.634993577340000392e-01
3.575438319400000009e-01 -7.595559796999999946e-01
-1.768742247510000087e-01 -1.097741793739999971e-01
-3.119783546300000099e-01 -2.831575767139999922e-01
-4.111694641679999873e-01 -4.144406222240000215e-01
-5.144140082839999684e-01 -4.836774441230000110e-01
-1.284597329030000012e-01 -5.391916416059999717e-01
-1.811144905579999964e-01 -7.241405314290000339e-01
-2.047207433179999980e-01 -8.367797117130000295e-01
-2.227782776149999922e-01 -9.342185915880000247e-01
-1.211481117299999938e-02 -5.542122305559999962e-01
-1.695319053400000039e-02 -7.625956532569999613e-01
-1.656304296500000009e-02 -8.898941370709999577e-01
-1.341993510400000048e-02 -1.000000000000000000e+00
9.332959670899999838e-02 -5.154157956510000416e-01
1.232167286649999971e-01 -6.966945296700000068e-01
1.338172346740000018e-01 -8.074569437499999891e-01
1.380982377209999945e-01 -9.039308899869999969e-01
1.917907910799999949e-01 -4.365681554620000071e-01
2.721856273950000182e-01 -5.702701925140000183e-01
3.206243977920000265e-01 -6.652437957340000541e-01
3.559293976619999911e-01 -7.619131856140000103e-01
-1.767232234249999923e-01 -1.116950519340000059e-01
-3.099414348100000272e-01 -2.856520759760000083e-01
-4.086699337340000127e-01 -4.158708353900000265e-01
-5.128196682760000069e-01 -4.833213711550000125e-01
-1.266191531310000007e-01 -5.383867171120000350e-01
-1.800012166720000029e-01 -7.229936694799999897e-01
-2.036200600920000103e-01 -8.354990089139999743e-01
-2.216476505630000093e-01 -9.337569778830000500e-01
-1.101660572099999978e-02 -5.524905018450000371e-01
-1.568244922100000063e-02 -7.615080183550000381e-01
-1.546640422500000084e-02 -8.890061705839999995e-01
-1.248785472699999975e-02 -1.000000000000000000e+00
9.377909966599999592e-02 -5.125316258759999855e-01
1.252685156120000032e-01 -6.948161473180000103e-01
1.352930456660000058e-01 -8.072168952149999521e-01
1.389078537479999931e-01 -9.065026878280000311e-01
1.914332854190000099e-01 -4.321573449430000102e-01
2.736201168349999824e-01 -5.656965887399999504e-01
3.219692504050000181e-01 -6.611895327700000324e-01
3.567726055159999854e-01 -7.595149993049999937e-01
