-1.758801478739999979e-01 -1.094982907870000050e-01
-3.007246173459999783e-01 -2.765206730870000129e-01
-3.884859444450000088e-01 -4.116652791509999854e-01
-4.752824156480000006e-01 -5.020899284249999983e-01
-1.220994573059999977e-01 -5.242766440649999637e-01
-1.659861761970000127e-01 -7.110895832279999773e-01
-1.863079036539999900e-01 -8.254872168800000409e-01
-2.002402171269999920e-01 -9.281176788289999813e-01
-1.393814031200000039e-02 -5.346180826590000157e-01
-1.370895133299999957e-02 -7.521955720059999573e-01
-1.332266621999999949e-02 -8.838627980059999834e-01
-7.839154237999999136e-03 -1.000000000000000000e+00
8.040717147299999978e-02 -4.899609357610000271e-01
1.205358651970000056e-01 -6.872740520219999816e-01
1.350860520499999884e-01 -8.097128512590000549e-01
1.461843512569999948e-01 -9.199319562369999703e-01
1.633872348740000036e-01 -4.036630591250000011e-01
2.406741343600000138e-01 -5.371255083429999910e-01
2.814712578549999900e-01 -6.337161523350000047e-01
3.112321208350000146e-01 -7.330635335759999593e-01
-1.738990405059999966e-01 -1.093805082940000062e-01
-2.976007202400000051e-01 -2.751340195479999862e-01
-3.841319898600000227e-01 -4.090772054440000027e-01
-4.705075466309999732e-01 -4.972077757910000062e-01
-1.215498146589999995e-01 -5.231364409509999813e-01
-1.669357849679999894e-01 -7.094337187210000284e-01
-1.873233548769999979e-01 -8.235995372840000384e-01
-2.016491646930000103e-01 -9.261909141130000300e-01
-1.396646371500000032e-02 -5.337008407000000121e-01
-1.640949360600000087e-02 -7.504034000039999652e-01
-1.608554713700000027e-02 -8.825495708310000520e-01
-1.053998424700000082e-02 -1.000000000000000000e+00
8.041897114599999563e-02 -4.897274978180000127e-01
1.157250385960000016e-01 -6.852841838469999614e-01
1.281121779040000075e-01 -8.075811327759999658e-01
1.375813517470000080e-01 -9.172976956930000147e-01
1.643798404959999904e-01 -4.042850229809999973e-01
2.384754243680000108e-01 -5.388168273519999829e-01
2.783220921719999907e-01 -6.347059782420000351e-01
3.080605715590000182e-01 -7.328638073009999809e-01
-1.738577838049999991e-01 -1.046915797589999947e-01
-3.002181491840000271e-01 -2.684458912020000199e-01
-3.876992185459999796e-01 -4.037216943429999816e-01
-4.720751527390000257e-01 -4.934462806420000236e-01
-1.262009374749999968e-01 -5.230627241530000360e-01
-1.756795072319999873e-01 -7.095343136039999887e-01
-1.985608921299999996e-01 -8.239959594100000340e-01
-2.149453331760000085e-01 -9.265898696630000542e-01
-1.924284527299999908e-02 -5.356794684310000054e-01
-2.323219475899999942e-02 -7.523235019270000379e-01
-2.354625745800000003e-02 -8.838186982910000156e-01
-1.834573521499999887e-02 -1.000000000000000000e+00
7.458772280700000368e-02 -4.931348998010000040e-01
1.092191268060000026e-01 -6.890375284949999957e-01
1.196718113259999938e-01 -8.110752807259999919e-01
1.277256023239999871e-01 -9.202006138260000467e-01
1.585795236260000018e-01 -4.090101187649999859e-01
2.346443796269999937e-01 -5.440419013509999457e-01
2.754050276169999756e-01 -6.399880275010000341e-01
3.058471981120000072e-01 -7.387470661470000310e-01
-1.713431905829999879e-01 -1.037499604590000069e-01
-2.973527244199999919e-01 -2.664124723849999876e-01
-3.848976926930000042e-01 -4.006196423180000132e-01
-4.682036800339999805e-01 -4.885971375950000084e-01
-1.249540290649999996e-01 -5.264032079739999759e-01
-1.773681739269999946e-01 -7.105101287180000114e-01
-2.016883835889999865e-01 -8.241272288509999822e-01
-2.189695421220000104e-01 -9.253988676350000109e-01
-1.697630070499999907e-02 -5.403013610129999700e-01
-2.492491645099999958e-02 -7.549541993949999696e-01
-2.738529443199999927e-02 -8.857275779119999637e-01
-2.369774416400000083e-02 -1.000000000000000000e+00
7.743149766800000444e-02 -4.978367032970000272e-01
1.124082984340000063e-01 -6.923883913199999629e-01
1.247601062450000020e-01 -8.135467952849999573e-01
1.345168658710000076e-01 -9.213577369290000263e-01
1.610686393859999954e-01 -4.127085415589999973e-01
2.359075933010000015e-01 -5.471132771229999525e-01
2.769468300710000164e-01 -6.430456492299999605e-01
3.077153861320000017e-01 -7.410571562750000174e-01
-1.725821190519999937e-01 -1.024755462710000009e-01
-2.997796494339999840e-01 -2.623594431729999732e-01
-3.894074850759999817e-01 -3.943532233150000010e-01
-4.729205029929999804e-01 -4.809596580609999950e-01
-1.299045791729999955e-01 -5.254033503270000294e-01
-1.823101244800000020e-01 -7.095367369070000318e-01
-2.086871677330000008e-01 -8.230248379939999470e-01
-2.289728112290000117e-01 -9.248033871249999871e-01
-2.401478423999999987e-02 -5.398556180019999928e-01
-3.208488853900000326e-02 -7.544777909850000075e-01
-3.708610235200000133e-02 -8.856603261380000536e-01
-3.611493879299999821e-02 -1.000000000000000000e+00
6.961183980599999765e-02 -4.983476691650000068e-01
1.030841860569999963e-01 -6.922216227530000321e-01
1.119898343290000042e-01 -8.110523454660000242e-01
1.181966187299999943e-01 -9.163127256930000408e-01
1.539828533869999905e-01 -4.147418603949999949e-01
2.295533721899999935e-01 -5.491204365020000422e-01
2.696905173549999923e-01 -6.457834955510000086e-01
2.987819417229999885e-01 -7.452431543799999947e-01
-1.730020419730000092e-01 -1.044037663630000001e-01
-3.003406991049999974e-01 -2.636563642909999783e-01
-3.892212059030000226e-01 -3.953704783900000019e-01
-4.704516000589999969e-01 -4.805007838090000205e-01
-1.324206302369999866e-01 -5.262767203229999913e-01
-1.864424861789999999e-01 -7.094955973050000031e-01
-2.134078379500000122e-01 -8.224990655180000054e-01
-2.341004533469999982e-01 -9.237362637920000230e-01
-2.596584982099999980e-02 -5.420096927649999952e-01
-3.651957458099999720e-02 -7.556188822880000044e-01
-4.267383550800000341e-02 -8.859561019560000528e-01
-4.244096606600000071e-02 -1.000000000000000000e+00
6.816158871800000185e-02 -5.015300338660000357e-01
9.833212647099999482e-02 -6.937510607519999928e-01
1.063259879690000020e-01 -8.114433506529999951e-01
1.126335867349999992e-01 -9.167120444630000309e-01
1.526402508370000022e-01 -4.185323715170000125e-01
2.234162922219999903e-01 -5.525068440829999927e-01
2.608404183349999905e-01 -6.482878228899999762e-01
2.884595958480000166e-01 -7.466789319929999502e-01
-1.736384552470000009e-01 -1.040388874200000036e-01
-3.014249220160000187e-01 -2.641365044130000173e-01
-3.900647826950000008e-01 -3.957894851070000164e-01
-4.717581602029999877e-01 -4.812081692469999950e-01
-1.335082303050000030e-01 -5.256303950430000205e-01
-1.885575410950000030e-01 -7.084771933829999702e-01
-2.153372481970000085e-01 -8.214594023669999912e-01
-2.356791235690000041e-01 -9.229157816480000331e-01
-2.675902194400000059e-02 -5.409601321539999619e-01
-3.649619298400000322e-02 -7.552340445159999582e-01
-4.100849642900000064e-02 -8.856689745600000441e-01
-4.017057795600000036e-02 -1.000000000000000000e+00
6.747159626800000587e-02 -5.000547224169999971e-01
9.894807773699999809e-02 -6.933799099809999644e-01
1.086002474699999942e-01 -8.122124582809999715e-01
1.148404398580000069e-01 -9.178251980330000004e-01
1.519885544379999953e-01 -4.166359709649999910e-01
2.219743017420000020e-01 -5.511863150379999743e-01
2.592006356109999854e-01 -6.475399454569999991e-01
2.854217869149999753e-01 -7.455047293140000253e-01
-1.747526165989999880e-01 -1.033792042200000066e-01
-3.033540652360000034e-01 -2.636993919239999928e-01
-3.927522419119999775e-01 -3.953133993319999928e-01
-4.753789751190000135e-01 -4.803513024869999759e-01
-1.352413568170000024e-01 -5.262031162179999777e-01
-1.900327173580000084e-01 -7.096664894809999735e-01
-2.179020600990000112e-01 -8.222120697589999638e-01
-2.398976270600000071e-01 -9.237485949250000550e-01
-2.761490575300000125e-02 -5.409988894830000117e-01
-3.477164435499999900e-02 -7.553934547230000129e-01
-3.916631116600000073e-02 -8.853813423030000296e-01
-3.964618079300000208e-02 -1.000000000000000000e+00
6.725939368500000182e-02 -4.997861916720000020e-01
9.904607290099999573e-02 -6.955713066850000015e-01
1.090177005530000021e-01 -8.146970371549999701e-01
1.145792563600000064e-01 -9.199271731250000528e-01
1.517738360449999990e-01 -4.169709301930000223e-01
2.212788660989999934e-01 -5.543215352220000058e-01
2.588724530909999877e-01 -6.530691144310000196e-01
2.846779727200000054e-01 -7.531797428880000478e-01
-1.744430245709999994e-01 -1.032815457320000047e-01
-3.037520932559999998e-01 -2.609691464280000095e-01
-3.914560716139999785e-01 -3.920376605770000134e-01
-4.700810960119999882e-01 -4.749883874899999969e-01
-1.364815080550000059e-01 -5.248048656249999500e-01
-1.925127476909999913e-01 -7.103222803090000204e-01
-2.182810719369999986e-01 -8.230071963559999482e-01
-2.374631930470000041e-01 -9.233365631869999701e-01
-2.688208241300000037e-02 -5.401676384000000386e-01
-3.758758122199999663e-02 -7.560209079590000103e-01
-4.118252870900000057e-02 -8.864192374579999978e-01
-4.043771852099999758e-02 -1.000000000000000000e+00
6.995945085999999424e-02 -4.997584835930000136e-01
9.851273726299999978e-02 -6.958907186289999824e-01
1.086110304450000064e-01 -8.149323363010000376e-01
1.142397824080000068e-01 -9.189733707970000331e-01
1.568442626949999863e-01 -4.183554679450000036e-01
2.242444274120000136e-01 -5.572029186679999802e-01
2.603037365649999990e-01 -6.562079832860000517e-01
2.846478989460000109e-01 -7.564299811550000419e-01
-1.737377335460000005e-01 -1.025715913300000032e-01
-3.014420336420000068e-01 -2.606401170079999940e-01
-3.871664681049999945e-01 -3.929612915749999824e-01
-4.662638186870000090e-01 -4.762394036879999959e-01
-1.323546629729999979e-01 -5.254125448390000175e-01
-1.894828277239999914e-01 -7.116140462419999757e-01
-2.154904210789999885e-01 -8.249134389069999740e-01
-2.350126905920000009e-01 -9.252548976050000151e-01
-2.256156856699999963e-02 -5.420173915979999979e-01
-3.322977524799999860e-02 -7.568836385820000290e-01
-3.552701197000000116e-02 -8.868838884719999482e-01
-3.427843750699999942e-02 -1.000000000000000000e+00
7.517807579700000464e-02 -5.023051209219999702e-01
1.027227982690000069e-01 -6.965994179040000400e-01
1.143342805550000008e-01 -8.170981954570000205e-01
1.209437717090000031e-01 -9.222000847079999675e-01
1.632649136079999952e-01 -4.208797604889999988e-01
2.296148348319999866e-01 -5.597776731929999805e-01
2.653550525439999919e-01 -6.577820004090000339e-01
2.894859941319999908e-01 -7.557363495750000215e-01
-1.774649997240000110e-01 -1.051855311199999948e-01
-2.998268568860000260e-01 -2.661042494759999766e-01
-3.797724942719999941e-01 -4.004229933280000209e-01
-4.575701636210000034e-01 -4.836674168000000273e-01
-1.356953817350000091e-01 -5.306526944939999879e-01
-1.890697586550000031e-01 -7.167866824630000355e-01
-2.161089056349999871e-01 -8.291061008119999798e-01
-2.375959196619999991e-01 -9.279185115889999613e-01
-2.658857914900000091e-02 -5.455584960179999943e-01
-3.074455544199999890e-02 -7.595559467019999955e-01
-3.332498285100000263e-02 -8.885506762520000157e-01
-3.451433073799999723e-02 -1.000000000000000000e+00
7.251795307899999710e-02 -5.048395918300000451e-01
1.074386241299999933e-01 -6.984972220230000195e-01
1.222950081729999999e-01 -8.176436145819999668e-01
1.293428661119999934e-01 -9.214835347769999574e-01
1.617746110730000075e-01 -4.229013468419999811e-01
2.342339514089999963e-01 -5.619257518429999765e-01
2.720539505760000143e-01 -6.591143668169999748e-01
2.955781381970000177e-01 -7.558505241359999571e-01
-1.712656982069999945e-01 -1.075890882999999965e-01
-2.929143230080000215e-01 -2.679564237489999723e-01
-3.714791961460000014e-01 -4.033141737859999854e-01
-4.410863764330000270e-01 -4.864544418480000187e-01
-1.267100331269999935e-01 -5.258924162410000269e-01
-1.777248603290000062e-01 -7.125517205210000204e-01
-2.023576979420000088e-01 -8.262863011180000550e-01
-2.201860095329999933e-01 -9.270015114609999607e-01
-1.592627236399999854e-02 -5.410474567299999871e-01
-2.067434923700000107e-02 -7.557874430140000266e-01
-2.288368563699999872e-02 -8.870304337130000549e-01
-2.049416673199999997e-02 -1.000000000000000000e+00
8.151349356199999452e-02 -5.014599223989999466e-01
1.176475580859999981e-01 -6.933860120429999885e-01
1.315588317380000094e-01 -8.087455765940000374e-01
1.405860598099999970e-01 -9.094729259930000032e-01
1.684390040980000003e-01 -4.206973020629999893e-01
2.396052847050000045e-01 -5.559149242499999977e-01
2.782556444320000155e-01 -6.519348999770000486e-01
3.052708387659999745e-01 -7.488628517180000443e-01
-1.699460079690000014e-01 -1.098730576880000004e-01
-2.905661511059999813e-01 -2.715282468329999754e-01
-3.690367272910000107e-01 -4.064984691810000217e-01
-4.381847554000000144e-01 -4.862273772869999955e-01
-1.268159476079999959e-01 -5.294090976280000360e-01
-1.775565098180000023e-01 -7.145387003440000218e-01
-2.008827296550000086e-01 -8.286454587889999779e-01
-2.175037272869999871e-01 -9.286448013750000507e-01
-1.594237720899999849e-02 -5.450321273749999529e-01
-1.901087255999999934e-02 -7.584340748890000539e-01
-1.852203964699999927e-02 -8.891115140890000212e-01
-1.417004686800000038e-02 -1.000000000000000000e+00
8.155795980400000478e-02 -5.058060854860000344e-01
1.201490674590000030e-01 -6.977772000080000314e-01
1.371654745919999863e-01 -8.128303370470000289e-01
1.480494151600000030e-01 -9.136278220800000405e-01
1.679740501210000014e-01 -4.249031640470000148e-01
2.388992720170000084e-01 -5.605503526809999526e-01
2.766773924040000221e-01 -6.566574678250000074e-01
3.024481726630000034e-01 -7.538966066650000242e-01
-1.698211975220000058e-01 -1.107161287500000035e-01
-2.905878283839999909e-01 -2.721825262500000009e-01
-3.697688421609999776e-01 -4.059146550980000101e-01
-4.388652336469999748e-01 -4.851075613859999747e-01
-1.243793489949999997e-01 -5.305353371080000491e-01
-1.733226923679999920e-01 -7.153194222109999778e-01
-1.963190698239999921e-01 -8.293941657890000485e-01
-2.133395174390000093e-01 -9.297950708090000349e-01
-1.453406347700000011e-02 -5.452476466629999630e-01
-1.648936207900000145e-02 -7.580306937199999817e-01
-1.667822647000000158e-02 -8.884866058479999884e-01
-1.310526329900000078e-02 -1.000000000000000000e+00
8.179091013000000521e-02 -5.047810015450000520e-01
1.218701425640000002e-01 -6.963380412099999806e-01
1.386052831909999894e-01 -8.120375990210000339e-01
1.491498624790000005e-01 -9.142066230240000202e-01
1.670099779579999888e-01 -4.221826749059999773e-01
2.415530259429999882e-01 -5.561110301760000540e-01
2.817847656660000255e-01 -6.518059838859999733e-01
3.096275110009999998e-01 -7.492248419250000513e-01
-1.710454026000000072e-01 -1.129817620150000007e-01
-2.919363360189999868e-01 -2.742869165219999905e-01
-3.710068379450000009e-01 -4.070152620490000150e-01
-4.395022473999999901e-01 -4.858560321800000081e-01
-1.202296711079999941e-01 -5.307986154670000234e-01
-1.690641679240000028e-01 -7.151715248729999530e-01
-1.932939669850000097e-01 -8.286612292460000528e-01
-2.120741796339999929e-01 -9.293811666069999866e-01
-1.076605826600000003e-02 -5.448036339759999569e-01
-1.053425630399999931e-02 -7.576845689440000475e-01
-1.153706777499999975e-02 -8.878476375410000454e-01
-9.074136486000000668e-03 -1.000000000000000000e+00
8.494915167000000045e-02 -5.033704938190000089e-01
1.265592201899999880e-01 -6.945360741380000036e-01
1.419183262779999954e-01 -8.094383270310000489e-01
1.509820268550000066e-01 -9.108922944830000201e-01
1.692980684110000078e-01 -4.200061824249999853e-01
2.453109623739999912e-01 -5.538951258330000460e-01
2.860569489550000011e-01 -6.507726776950000236e-01
3.141555210520000085e-01 -7.492299085950000492e-01
-1.703912454010000077e-01 -1.104847509489999963e-01
-2.930851955800000130e-01 -2.716503363500000212e-01
-3.732689489220000212e-01 -4.053409909669999922e-01
-4.412966873799999967e-01 -4.840923866819999977e-01
-1.241271343589999965e-01 -5.317106749319999714e-01
-1.718524753439999997e-01 -7.164421416520000419e-01
-1.973477855670000003e-01 -8.304620697919999905e-01
-2.177016002749999901e-01 -9.313703036649999545e-01
-1.511450103799999965e-02 -5.468808684749999482e-01
-1.560068463000000016e-02 -7.593126581610000203e-01
-1.735707914600000124e-02 -8.891867373799999807e-01
-1.614580993099999986e-02 -1.000000000000000000e+00
8.096139627300000252e-02 -5.066780343219999816e-01
1.205414377379999957e-01 -6.973334847919999691e-01
1.373117789659999977e-01 -8.113019814459999646e-01
1.474089383019999977e-01 -9.118180448930000015e-01
1.669137985920000067e-01 -4.245548194439999756e-01
2.414439361959999919e-01 -5.571731083359999781e-01
2.819384862040000272e-01 -6.527538012379999754e-01
3.100072803560000034e-01 -7.502177928919999683e-01
-1.707762176419999889e-01 -1.087084167599999956e-01
-2.932252267759999920e-01 -2.691310504189999842e-01
-3.749508863630000022e-01 -4.009281311860000141e-01
-4.460040648240000127e-01 -4.801729214430000003e-01
-1.253650375279999896e-01 -5.324289654489999801e-01
-1.755473843900000053e-01 -7.150327048390000551e-01
-2.011322736099999953e-01 -8.279899470339999734e-01
-2.214501798580000014e-01 -9.279981770490000059e-01
-1.635728037999999857e-02 -5.473918407550000254e-01
-1.852004732599999912e-02 -7.588028490589999731e-01
-2.091465689399999925e-02 -8.886101223569999874e-01
-2.002435624799999911e-02 -1.000000000000000000e+00
7.978917194800000390e-02 -5.066843863909999968e-01
1.206105607240000044e-01 -6.974071874139999849e-01
1.367248718530000018e-01 -8.109368265609999682e-01
1.459311924989999953e-01 -9.106345044070000005e-01
1.650283485650000104e-01 -4.237707036730000154e-01
2.398303495590000112e-01 -5.589061138290000175e-01
2.803136818190000157e-01 -6.562507224679999807e-01
3.080532768550000022e-01 -7.549806390259999889e-01
-1.714283765029999962e-01 -1.073719040679999986e-01
-2.953936988010000264e-01 -2.672894382820000247e-01
-3.778908685699999825e-01 -4.002499557609999759e-01
-4.523824041719999856e-01 -4.821917819900000124e-01
-1.269671224170000057e-01 -5.324857635649999921e-01
-1.792288837769999976e-01 -7.161022763369999655e-01
-2.067083828140000024e-01 -8.291965555400000465e-01
-2.292640404680000021e-01 -9.299168306530000150e-01
-1.724606628099999844e-02 -5.478972716790000419e-01
-2.080923639599999847e-02 -7.603667893990000426e-01
-2.477020941200000145e-02 -8.890349925270000231e-01
-2.633975989399999981e-02 -1.000000000000000000e+00
7.947205977599999804e-02 -5.071846291279999974e-01
1.172421860400000015e-01 -6.989391164560000425e-01
1.321271894759999954e-01 -8.128742140910000247e-01
1.394367680580000102e-01 -9.134298134710000516e-01
1.655945972260000065e-01 -4.242982413129999797e-01
2.383793383549999978e-01 -5.598251333029999888e-01
2.771754970579999866e-01 -6.575917346599999824e-01
3.027852030620000190e-01 -7.573619049850000007e-01
-1.710369341450000136e-01 -1.072605387299999935e-01
-2.943835228209999988e-01 -2.691461680080000085e-01
-3.760516587330000049e-01 -4.026910998500000116e-01
-4.499975643840000150e-01 -4.837488914679999863e-01
-1.278152385920000023e-01 -5.336946190129999712e-01
-1.795731838269999936e-01 -7.155192828230000357e-01
-2.060042389229999882e-01 -8.283106357030000089e-01
-2.270403578849999882e-01 -9.275259359080000321e-01
-1.787965109899999905e-02 -5.497884589589999704e-01
-2.315136619300000101e-02 -7.606644979819999763e-01
-2.757245312799999973e-02 -8.898504784190000017e-01
-2.960682058799999836e-02 -1.000000000000000000e+00
7.972486461399999613e-02 -5.100580593310000133e-01
1.160012297700000056e-01 -7.006861456659999599e-01
1.298210001539999991e-01 -8.148728874359999486e-01
1.358536661879999885e-01 -9.148116784769999565e-01
1.675810692349999909e-01 -4.280907534030000128e-01
2.381838875950000045e-01 -5.637203400579999801e-01
2.752660990579999800e-01 -6.621998897569999487e-01
2.991258585300000106e-01 -7.621150128220000042e-01
-1.699299321859999989e-01 -1.060118007000000057e-01
-2.932684517310000238e-01 -2.693905783380000085e-01
-3.737043045269999864e-01 -4.032687517110000175e-01
-4.502737148400000056e-01 -4.794404237600000118e-01
-1.284447648940000020e-01 -5.322901394979999701e-01
-1.804205370020000032e-01 -7.139697142719999556e-01
-2.067091099020000045e-01 -8.270088890300000273e-01
-2.278372968479999983e-01 -9.270908933760000359e-01
-1.696032216400000098e-02 -5.485173854349999489e-01
-2.056137951300000127e-02 -7.603365593809999767e-01
-2.295833171900000039e-02 -8.891970104030000321e-01
-2.359800550399999974e-02 -1.000000000000000000e+00
8.225536179700000672e-02 -5.084331416359999523e-01
1.175673121659999987e-01 -6.990455766719999575e-01
1.316586914639999994e-01 -8.140420870219999827e-01
1.374519058389999937e-01 -9.141375840890000326e-01
1.724314317660000095e-01 -4.261209237179999776e-01
2.412551715559999865e-01 -5.642731074410000103e-01
2.762346409099999955e-01 -6.622551691650000460e-01
2.978693282009999832e-01 -7.605979278150000189e-01
-1.699785885969999910e-01 -1.062883943059999975e-01
-2.936677719949999932e-01 -2.701736740410000115e-01
-3.764077859180000041e-01 -4.049304416119999805e-01
-4.565747504020000180e-01 -4.852464350080000210e-01
-1.302009228580000011e-01 -5.344491671379999476e-01
-1.814535033620000015e-01 -7.137504019150000545e-01
-2.072837845469999996e-01 -8.258201722510000176e-01
-2.270099683440000016e-01 -9.243476657920000061e-01
-1.885562615299999842e-02 -5.509499637479999823e-01
-2.333940577300000138e-02 -7.610548630560000083e-01
-2.586584651199999932e-02 -8.900201031879999558e-01
-2.617868546800000001e-02 -1.000000000000000000e+00
7.968060298000000097e-02 -5.123750771439999907e-01
1.146055271519999946e-01 -7.020836722450000122e-01
1.303008229150000030e-01 -8.160649656189999934e-01
1.387384134830000060e-01 -9.156281577149999462e-01
1.692256570419999884e-01 -4.323123168019999962e-01
2.367182831119999942e-01 -5.684556224150000281e-01
2.733121725300000082e-01 -6.647223674609999966e-01
2.974178751730000014e-01 -7.620210308310000347e-01
-1.697298405400000099e-01 -1.054795823800000060e-01
-2.936714000419999859e-01 -2.673125259610000248e-01
-3.756430348989999723e-01 -4.015726574719999942e-01
-4.531489817029999978e-01 -4.808800731880000234e-01
-1.290731536879999863e-01 -5.325033149490000506e-01
-1.808306922759999880e-01 -7.123047663060000367e-01
-2.082126346610000123e-01 -8.242166230759999657e-01
-2.300653872370000130e-01 -9.231233908379999908e-01
-1.743831420799999907e-02 -5.499662346689999648e-01
-2.271890057199999965e-02 -7.609636243320000437e-01
-2.708684613100000027e-02 -8.896586346229999887e-01
-2.974174972100000064e-02 -1.000000000000000000e+00
8.130640827799999470e-02 -5.116200308689999865e-01
1.164696951549999970e-01 -7.018670741720000050e-01
1.316816210979999957e-01 -8.159678588019999568e-01
1.389358583289999893e-01 -9.156513566020000328e-01
1.706925984409999875e-01 -4.312199775239999866e-01
2.371997964739999964e-01 -5.685068418330000428e-01
2.721918357840000247e-01 -6.654824025290000389e-01
2.945263354009999834e-01 -7.630263250659999885e-01
-1.736766917489999951e-01 -1.027287785090000016e-01
-2.994228781309999921e-01 -2.661423024380000224e-01
-3.818095118370000152e-01 -4.014966113580000218e-01
-4.632678961019999764e-01 -4.812628377250000034e-01
-1.394863026660000116e-01 -5.335809532309999659e-01
-1.916816996819999952e-01 -7.138248231449999537e-01
-2.175323211940000112e-01 -8.257376385019999931e-01
-2.371616242659999874e-01 -9.230936375439999786e-01
-2.669783150800000143e-02 -5.512709931320000090e-01
-3.178250528599999708e-02 -7.626235335490000322e-01
-3.456075009199999909e-02 -8.912953965809999879e-01
-3.565305775199999888e-02 -1.000000000000000000e+00
7.294664115299999418e-02 -5.140416531439999659e-01
1.053257731960000054e-01 -7.050351961719999450e-01
1.209724371450000002e-01 -8.194193611429999580e-01
1.289680839750000085e-01 -9.184798182090000429e-01
1.638362523649999902e-01 -4.354541180729999961e-01
2.279674080050000107e-01 -5.737149041379999703e-01
2.627069199150000034e-01 -6.715354661810000181e-01
2.846595610959999911e-01 -7.692640741849999797e-01
-1.700393081019999919e-01 -1.016543068299999991e-01
-2.934203869790000252e-01 -2.645721048890000149e-01
-3.752006522710000236e-01 -3.997874858630000028e-01
-4.554845936019999986e-01 -4.780321611739999921e-01
-1.337503660259999894e-01 -5.312746534810000032e-01
-1.872786793260000082e-01 -7.113831198550000234e-01
-2.152111447180000137e-01 -8.232377265200000460e-01
-2.374948581050000118e-01 -9.214705978280000043e-01
-2.239032113800000154e-02 -5.495948870360000127e-01
-3.026089091099999975e-02 -7.604658057390000225e-01
-3.566315457199999844e-02 -8.898104100370000102e-01
-3.867942452900000050e-02 -1.000000000000000000e+00
7.621915608000000286e-02 -5.121744720019999475e-01
1.077083927300000049e-01 -7.018159438209999879e-01
1.214657864509999935e-01 -8.164125719999999475e-01
1.281826920209999943e-01 -9.161554719760000021e-01
1.659350779830000011e-01 -4.331431156469999766e-01
2.302177007439999978e-01 -5.698976881199999678e-01
2.627625785750000165e-01 -6.661051524159999904e-01
2.832360362260000208e-01 -7.626184687410000329e-01
-1.745045757660000085e-01 -1.013657023559999953e-01
-2.998368385929999769e-01 -2.622753494250000261e-01
-3.823632944650000032e-01 -3.959317338610000014e-01
-4.658647820149999785e-01 -4.753805275999999913e-01
-1.426351299149999918e-01 -5.359238234240000232e-01
-1.952691434749999899e-01 -7.138871127200000499e-01
-2.218920171300000077e-01 -8.252538925429999672e-01
-2.425118518130000012e-01 -9.224776265099999817e-01
-2.929474225600000106e-02 -5.539837913380000201e-01
-3.453579115100000041e-02 -7.638053812530000153e-01
-3.795815234500000274e-02 -8.921923676070000475e-01
-4.066197718700000074e-02 -1.000000000000000000e+00
7.108110568500000670e-02 -5.173482863739999882e-01
1.024894686360000029e-01 -7.082913890059999718e-01
1.184279676960000027e-01 -8.236075966410000282e-01
1.257061001180000137e-01 -9.233991582570000300e-01
1.631264633139999920e-01 -4.392017517089999989e-01
2.239318059460000121e-01 -5.782394233400000028e-01
2.562356763160000273e-01 -6.753611594130000118e-01
2.751269432769999912e-01 -7.721285024680000220e-01
-1.713831427270000041e-01 -1.015051589899999968e-01
-2.976047744070000056e-01 -2.624132766919999860e-01
-3.827386391609999827e-01 -3.956858872780000258e-01
-4.658542548449999821e-01 -4.731621636109999973e-01
-1.406532417090000098e-01 -5.324551539840000070e-01
-1.945300315529999990e-01 -7.106398455150000348e-01
-2.222793551979999893e-01 -8.217370666279999458e-01
-2.443636942580000027e-01 -9.197766639940000433e-01
-2.890810624199999929e-02 -5.509999029250000069e-01
-3.746923274100000256e-02 -7.614506955900000040e-01
-4.347145356700000268e-02 -8.899811848809999759e-01
-4.778260571100000076e-02 -1.000000000000000000e+00
7.066405371799999724e-02 -5.140558076260000053e-01
1.006092049369999991e-01 -7.053204957730000446e-01
1.134891799579999944e-01 -8.193174260969999789e-01
1.186348555650000025e-01 -9.188807380300000327e-01
1.615196427889999953e-01 -4.352744051340000087e-01
2.220985745519999943e-01 -5.746685444710000201e-01
2.525971909449999941e-01 -6.720632891810000009e-01
2.703618388119999882e-01 -7.699201958500000442e-01
-1.706699491760000076e-01 -1.004205182020000003e-01
-2.975917853689999948e-01 -2.609604474650000228e-01
-3.839804001909999931e-01 -3.940992159450000254e-01
-4.678230032669999927e-01 -4.711172787340000001e-01
-1.428507244349999927e-01 -5.311179088630000322e-01
-1.975054543760000059e-01 -7.093826491550000446e-01
-2.249954621749999939e-01 -8.206321133770000387e-01
-2.466734599250000048e-01 -9.184676720419999718e-01
-3.167946467999999821e-02 -5.503676227770000207e-01
-4.181931280299999720e-02 -7.620309922200000363e-01
-4.807510863799999840e-02 -8.904910555430000096e-01
-5.277686796600000035e-02 -1.000000000000000000e+00
6.769940370299999677e-02 -5.138993067910000434e-01
9.674928877499999746e-02 -7.062771595550000336e-01
1.095941971550000033e-01 -8.203437537069999674e-01
1.149082820239999969e-01 -9.201352384109999782e-01
1.582873036159999913e-01 -4.353258034649999941e-01
2.169841796149999946e-01 -5.759839104909999508e-01
2.459942463979999938e-01 -6.728149278489999885e-01
2.627970028789999857e-01 -7.695351251230000411e-01
-1.736486695449999951e-01 -9.887193470600000311e-02
-3.031558062549999932e-01 -2.576849229700000077e-01
-3.913331887629999950e-01 -3.889390327050000207e-01
-4.772083404740000145e-01 -4.648273219510000165e-01
-1.546423218029999991e-01 -5.297386569630000430e-01
-2.087384000689999908e-01 -7.083980253139999794e-01
-2.364782652280000008e-01 -8.197916882069999911e-01
-2.585408892130000025e-01 -9.180175208590000135e-01
-4.317438026699999681e-02 -5.491126215139999767e-01
-5.315262298400000307e-02 -7.615117330839999976e-01
-6.084593055499999681e-02 -8.900694901900000344e-01
-6.706119000499999316e-02 -1.000000000000000000e+00
5.736428238400000101e-02 -5.133625958330000350e-01
8.429018502299999438e-02 -7.076600260769999595e-01
9.396800004199999667e-02 -8.242393096979999667e-01
9.637305011400000565e-02 -9.256597697589999951e-01
1.505551573949999999e-01 -4.360959330779999865e-01
2.082798407080000136e-01 -5.781202494430000005e-01
2.358952670299999943e-01 -6.771414854839999942e-01
2.506533986560000038e-01 -7.759906775320000172e-01
-1.764073168570000072e-01 -9.719602842900000594e-02
-3.068869946839999918e-01 -2.545632167729999784e-01
-3.949333854539999744e-01 -3.835693565059999921e-01
-4.857936980090000190e-01 -4.535083150029999843e-01
-1.610332423599999951e-01 -5.256360129849999563e-01
-2.211818835150000107e-01 -7.071946009359999508e-01
-2.496255661819999916e-01 -8.186938459420000092e-01
-2.733662129600000212e-01 -9.168088915140000239e-01
-4.913151299500000124e-02 -5.458394522120000314e-01
-6.416307856099999485e-02 -7.613304676040000274e-01
-7.285593507599999463e-02 -8.899697054149999786e-01
-8.193035168699999704e-02 -1.000000000000000000e+00
5.244834441400000186e-02 -5.100679414750000085e-01
7.479266027200000277e-02 -7.058284955069999977e-01
8.105958902899999818e-02 -8.227476002629999785e-01
7.738866760399999711e-02 -9.223922710249999879e-01
1.466590007770000037e-01 -4.322724815749999783e-01
2.039244574790000097e-01 -5.766740676460000437e-01
2.294288965700000127e-01 -6.768379566579999507e-01
2.397674408000000090e-01 -7.744444419270000157e-01
-1.746657574990000128e-01 -9.936496275599999983e-02
-3.062681512859999899e-01 -2.578761851220000012e-01
-3.971109601059999994e-01 -3.854103336820000059e-01
-4.885078238469999778e-01 -4.532452047430000075e-01
-1.597773533329999995e-01 -5.292339155099999859e-01
-2.178732965690000078e-01 -7.084288645740000057e-01
-2.441174722560000010e-01 -8.203852214819999933e-01
-2.642931657950000068e-01 -9.186173678310000090e-01
-4.833058513099999787e-02 -5.492342106430000426e-01
-6.507062245299999326e-02 -7.615986295040000353e-01
-7.290216968899999872e-02 -8.898397109979999664e-01
-7.822073816499999777e-02 -1.000000000000000000e+00
5.437395430599999829e-02 -5.132633272829999482e-01
7.528201606999999906e-02 -7.078465015060000365e-01
8.292000284099999841e-02 -8.250801978940000003e-01
8.409807024300000600e-02 -9.268178739379999698e-01
1.509632611110000022e-01 -4.348090328829999907e-01
2.082132111409999986e-01 -5.794950602770000403e-01
2.338321411189999977e-01 -6.780496252200000074e-01
2.471654469850000091e-01 -7.753855664350000065e-01
-1.744710696160000074e-01 -1.002806827419999991e-01
-3.062221829699999787e-01 -2.575910125649999993e-01
-3.996803762039999874e-01 -3.852033082770000005e-01
-4.946834766920000237e-01 -4.558640493960000040e-01
-1.585075515980000072e-01 -5.259611866040000416e-01
-2.213233077619999878e-01 -7.060889124189999588e-01
-2.490792400730000022e-01 -8.176824026529999623e-01
-2.696247449840000199e-01 -9.153418959329999716e-01
-4.756421497599999659e-02 -5.464257939819999743e-01
-6.676733696999999357e-02 -7.603480013269999782e-01
-7.408873199899999873e-02 -8.894250360730000526e-01
-7.805882611099999868e-02 -1.000000000000000000e+00
5.478861150699999849e-02 -5.105545403860000109e-01
7.408458053100000495e-02 -7.080958809120000419e-01
8.182852772099999394e-02 -8.266815098490000180e-01
8.404198969100000471e-02 -9.292898620170000346e-01
1.513747678769999938e-01 -4.326332176409999897e-01
2.090051717059999981e-01 -5.772948787860000541e-01
2.350194508219999867e-01 -6.773118731589999886e-01
2.487847102200000104e-01 -7.768117151860000069e-01
-1.733991501019999937e-01 -1.035525903400000003e-01
-3.015003164830000193e-01 -2.631113519789999855e-01
-3.917016671060000177e-01 -3.921820104450000066e-01
-4.859886141890000233e-01 -4.649765305770000023e-01
-1.506956712829999878e-01 -5.241770874379999556e-01
-2.125381165090000080e-01 -6.990841774289999755e-01
-2.424907444030000025e-01 -8.103470228939999576e-01
-2.648739756340000029e-01 -9.086619246749999546e-01
-4.267857157600000312e-02 -5.441074100310000494e-01
-6.061866197400000295e-02 -7.561726986440000520e-01
-6.978346369599999766e-02 -8.868806579560000181e-01
-7.528297288599999915e-02 -1.000000000000000000e+00
5.790081996700000011e-02 -5.086325303209999760e-01
7.893721659600000384e-02 -7.058095450300000406e-01
8.435562630899999526e-02 -8.262303638210000134e-01
8.455422468199999542e-02 -9.313412587320000213e-01
1.543368470969999906e-01 -4.307749294759999903e-01
2.143979081050000068e-01 -5.762045049499999738e-01
2.419616348159999986e-01 -6.769840652569999451e-01
2.571452403710000056e-01 -7.771550429760000211e-01
-1.742242742150000023e-01 -1.034439153060000005e-01
-3.004950259949999980e-01 -2.673747871370000251e-01
-3.876869766239999793e-01 -4.008039305869999791e-01
-4.851298527999999832e-01 -4.737486593429999782e-01
-1.514569166059999972e-01 -5.272802318389999687e-01
-2.125828896670000079e-01 -7.025422512829999633e-01
-2.409173109749999930e-01 -8.144133136410000029e-01
-2.617010229839999980e-01 -9.127322180539999552e-01
-4.146445158400000053e-02 -5.470103545329999539e-01
-5.950772991600000034e-02 -7.593185569020000081e-01
-6.688644192400000632e-02 -8.893224971650000032e-01
-7.118332399000000532e-02 -1.000000000000000000e+00
6.081423150200000044e-02 -5.114569894720000232e-01
7.938830081500000690e-02 -7.083425421779999676e-01
8.572226343500000123e-02 -8.278629086700000084e-01
8.667674954899999562e-02 -9.323034762559999633e-01
1.583788331830000007e-01 -4.337231105430000011e-01
2.130468587129999980e-01 -5.801902417130000433e-01
2.359883600480000010e-01 -6.803319361309999591e-01
2.476171844160000024e-01 -7.794925258070000140e-01
-1.753261884619999877e-01 -1.055138685530000037e-01
-3.016230055429999779e-01 -2.697929399949999807e-01
-3.890900366239999908e-01 -4.034746986000000146e-01
-4.863481127250000036e-01 -4.765582563099999835e-01
-1.466546696849999887e-01 -5.276123023290000269e-01
-2.063304285539999949e-01 -7.046188238620000321e-01
-2.353868288010000087e-01 -8.153926495679999498e-01
-2.573898232919999973e-01 -9.120818934950000179e-01
-3.601511384299999757e-02 -5.471948168689999559e-01
-5.040260582899999675e-02 -7.603241341569999534e-01
-5.702075592199999654e-02 -8.897712768279999462e-01
-6.105035172199999721e-02 -1.000000000000000000e+00
6.522541007800000679e-02 -5.115678390100000250e-01
8.631980129699999560e-02 -7.059088418419999789e-01
9.656053503500000579e-02 -8.230542246490000213e-01
1.004231035970000047e-01 -9.265003457989999802e-01
1.594629590359999960e-01 -4.335703354189999748e-01
2.129393528119999934e-01 -5.787920008269999972e-01
2.363747289769999871e-01 -6.779318501700000166e-01
2.488669627200000012e-01 -7.760806580250000364e-01
-1.745891629730000061e-01 -1.062726884199999972e-01
-3.010479784940000014e-01 -2.718404616580000210e-01
-3.887506058790000107e-01 -4.045854257209999805e-01
-4.850610154180000078e-01 -4.759773405130000024e-01
-1.453513406430000099e-01 -5.286474823519999866e-01
-1.994564675399999876e-01 -7.089951008529999932e-01
-2.273861026629999949e-01 -8.209111236449999627e-01
-2.500209024210000019e-01 -9.191926105330000540e-01
-3.425241699400000117e-02 -5.463353356669999883e-01
-4.374206635499999773e-02 -7.605785438200000081e-01
-5.051415272999999762e-02 -8.896102760149999789e-01
-5.657655705100000237e-02 -1.000000000000000000e+00
6.703791182000000404e-02 -5.094978570989999733e-01
8.878465841600000075e-02 -7.032042825750000059e-01
9.802840195299999948e-02 -8.204277680229999925e-01
9.958703513300000421e-02 -9.234779437500000299e-01
1.609833576999999960e-01 -4.309384373240000010e-01
2.127115462960000036e-01 -5.768175135459999714e-01
2.334737615630000096e-01 -6.756598223490000166e-01
2.424427125760000024e-01 -7.727249181699999969e-01
-1.736425351049999954e-01 -1.061714455359999976e-01
-3.015814990680000252e-01 -2.709996549570000135e-01
-3.914273057830000013e-01 -4.016363934230000043e-01
-4.889786950330000104e-01 -4.729150834020000027e-01
-1.436744432410000105e-01 -5.301829122740000511e-01
-1.955178163459999896e-01 -7.129463642509999977e-01
-2.227628313860000042e-01 -8.249551236409999877e-01
-2.455689986959999904e-01 -9.241853988249999485e-01
-3.241158943800000192e-02 -5.466053581169999509e-01
-4.118226291899999836e-02 -7.608548132729999747e-01
-4.764381466700000345e-02 -8.891406583809999820e-01
-5.373768493899999665e-02 -1.000000000000000000e+00
6.848443613099999827e-02 -5.085397684319999945e-01
8.848164689199999877e-02 -7.006725587740000316e-01
9.758957068000000123e-02 -8.163587455399999859e-01
9.877900771799999480e-02 -9.182155469680000071e-01
1.622221273389999885e-01 -4.294542438939999984e-01
2.128295048540000123e-01 -5.736765336739999555e-01
2.325402978999999981e-01 -6.715705727680000292e-01
2.403574044029999912e-01 -7.682519810290000528e-01
-1.747700181980000045e-01 -1.048826088300000015e-01
-3.031319035009999996e-01 -2.683835819400000045e-01
-3.919839568210000125e-01 -3.992724242080000208e-01
-4.908265110250000229e-01 -4.713872183189999898e-01
-1.471012431729999959e-01 -5.308833929039999955e-01
-1.969712074359999954e-01 -7.145004880219999466e-01
-2.213491720190000067e-01 -8.273004402800000490e-01
-2.414978816810000040e-01 -9.266391350970000218e-01
-3.439736880299999744e-02 -5.469978309220000501e-01
-4.246899663800000196e-02 -7.611438746509999742e-01
-4.722667993799999769e-02 -8.894173648700000046e-01
-5.216555173899999759e-02 -1.000000000000000000e+00
6.781676524599999922e-02 -5.086797188930000102e-01
8.828066978500000161e-02 -7.003670994980000231e-01
9.888562360199999735e-02 -8.160179859859999496e-01
1.013303545759999952e-01 -9.174695946259999735e-01
1.624969534759999890e-01 -4.296289809859999975e-01
2.109438568550000004e-01 -5.740408572930000286e-01
2.291983698349999987e-01 -6.710164473549999897e-01
2.359700330099999965e-01 -7.661517203219999628e-01
-1.739161117830000103e-01 -1.060479409330000039e-01
-3.006767571219999824e-01 -2.691983230689999895e-01
-3.890007356610000189e-01 -3.997971012259999846e-01
-4.875923677199999751e-01 -4.725933475560000208e-01
-1.411328272419999919e-01 -5.320387946560000136e-01
-1.925246649089999984e-01 -7.139302716240000235e-01
-2.179530471760000032e-01 -8.262626833130000126e-01
-2.389420168190000138e-01 -9.248840670119999885e-01
-3.013353437799999937e-02 -5.484418897399999659e-01
-4.194621941599999820e-02 -7.615984760770000417e-01
-4.823251577599999701e-02 -8.903932864550000437e-01
-5.410725252600000201e-02 -1.000000000000000000e+00
7.048868282400000407e-02 -5.101027501299999489e-01
8.731750021199999323e-02 -7.022220453669999474e-01
9.537834074800000117e-02 -8.183743195699999529e-01
9.612929155999999642e-02 -9.201906957519999652e-01
1.643318617250000002e-01 -4.310605418790000032e-01
2.130064589300000033e-01 -5.734927855839999644e-01
2.311784074400000111e-01 -6.708915565530000347e-01
2.378758640599999974e-01 -7.671455026390000542e-01
-1.714158728430000000e-01 -1.065609217579999990e-01
-2.976243098629999806e-01 -2.704013329750000194e-01
-3.878986487630000091e-01 -4.004905481900000175e-01
-4.875410396509999855e-01 -4.721890907440000063e-01
-1.400782099500000044e-01 -5.336329741109999691e-01
-1.903941764050000041e-01 -7.148594830669999789e-01
-2.156880193519999933e-01 -8.271673308210000242e-01
-2.363145338300000065e-01 -9.259621941269999823e-01
-3.029688853599999884e-02 -5.501132169079999690e-01
-4.171218237999999717e-02 -7.623922058690000281e-01
-4.915164181500000090e-02 -8.901193767559999470e-01
-5.558127145300000016e-02 -1.000000000000000000e+00
6.949173391299999503e-02 -5.121801458860000267e-01
8.956694514799999618e-02 -7.048235301059999625e-01
9.775528569999999973e-02 -8.207627902109999596e-01
9.899597444299999827e-02 -9.230188280540000401e-01
1.623033556640000041e-01 -4.330331967580000052e-01
2.125356635329999910e-01 -5.767230584229999790e-01
2.323401811130000050e-01 -6.745544090399999693e-01
2.405726874720000019e-01 -7.710821560080000081e-01
-1.728568080350000036e-01 -1.068077854839999952e-01
-2.998361431070000194e-01 -2.719733568330000018e-01
-3.901623805839999903e-01 -4.025599493109999760e-01
-4.907402097799999918e-01 -4.731040148269999857e-01
-1.416943121070000089e-01 -5.357743264659999838e-01
-1.892794122470000118e-01 -7.176445922299999891e-01
-2.137668876619999991e-01 -8.301920690570000483e-01
-2.340108669729999979e-01 -9.286417215269999748e-01
-3.161084592099999702e-02 -5.518703111930000071e-01
-4.090853674400000278e-02 -7.644401083749999826e-01
-4.864460271599999747e-02 -8.909074210120000448e-01
-5.637118282100000294e-02 -1.000000000000000000e+00
6.857377701700000106e-02 -5.137144182549999716e-01
8.868878284700000558e-02 -7.079474950499999863e-01
9.596061285899999682e-02 -8.249223137640000481e-01
9.590558341200000614e-02 -9.284772331949999735e-01
1.620014924239999987e-01 -4.341102514119999922e-01
2.111701606220000027e-01 -5.787200099160000333e-01
2.307155002440000047e-01 -6.765905674559999916e-01
2.388589441270000113e-01 -7.730665742310000033e-01
