-1.925416993959999934e-01 -1.037245627750000010e-01
-3.074729159089999997e-01 -2.725683414250000269e-01
-3.591806624239999857e-01 -4.263067560189999772e-01
-3.833065584379999891e-01 -5.494334635750000029e-01
-1.286354150329999946e-01 -5.400064529450000483e-01
-1.285266893249999987e-01 -7.178676963879999651e-01
-1.363882560109999920e-01 -8.256017311500000178e-01
-1.473933494209999917e-01 -9.211711123039999505e-01
-3.367577832799999865e-02 -5.543673684859999895e-01
-2.584118154099999953e-02 -7.636858252760000410e-01
-3.767906310300000311e-02 -8.898169398330000313e-01
-5.563942885400000038e-02 -1.000000000000000000e+00
5.537649878800000175e-02 -5.269429481549999794e-01
6.343446979099999494e-02 -7.264422995879999956e-01
4.826977195999999914e-02 -8.468005074309999936e-01
2.631860162099999845e-02 -9.511857533890000216e-01
1.414671637849999886e-01 -4.663925123630000003e-01
1.576793513099999933e-01 -6.209620757620000209e-01
1.475873740420000080e-01 -7.248881592029999821e-01
1.275232504649999876e-01 -8.248514920399999673e-01
-1.931793096290000122e-01 -1.016981198189999963e-01
-3.076113990800000142e-01 -2.720734251640000156e-01
-3.577754626149999839e-01 -4.270723620949999910e-01
-3.840764695100000181e-01 -5.503152661300000359e-01
-1.296348999049999895e-01 -5.392757591269999873e-01
-1.293375682740000032e-01 -7.178594469090000540e-01
-1.364599979289999876e-01 -8.264319601799999804e-01
-1.470265277839999940e-01 -9.227623350479999820e-01
-3.469446849499999846e-02 -5.539798018489999754e-01
-2.472397599099999954e-02 -7.641483692239999792e-01
-3.625321345199999934e-02 -8.903569263820000357e-01
-5.498595179400000282e-02 -1.000000000000000000e+00
5.380983765999999835e-02 -5.270523691059999516e-01
6.396583212499999671e-02 -7.273466830270000072e-01
4.970088998100000155e-02 -8.480774228099999812e-01
2.790456827900000131e-02 -9.512695865100000425e-01
1.389387480460000102e-01 -4.667352971070000134e-01
1.563631426529999979e-01 -6.223201903349999675e-01
1.460446357880000046e-01 -7.256327717589999837e-01
1.253439911869999868e-01 -8.230882477219999549e-01
-1.911272135619999923e-01 -1.029350669900000043e-01
-3.034913763920000229e-01 -2.722354255509999987e-01
-3.530041139969999908e-01 -4.259994684860000103e-01
-3.812676490590000133e-01 -5.515657685699999480e-01
-1.254287512720000108e-01 -5.387064129390000122e-01
-1.253909154960000105e-01 -7.168695656150000373e-01
-1.316784858139999903e-01 -8.256867557949999492e-01
-1.411250281520000094e-01 -9.231655491379999745e-01
-3.096175140699999884e-02 -5.521238462699999960e-01
-2.142072472799999919e-02 -7.619221220699999852e-01
-3.194190821000000152e-02 -8.888325775180000443e-01
-4.957327484699999842e-02 -1.000000000000000000e+00
5.699013798699999883e-02 -5.237548177059999643e-01
6.789304241200000423e-02 -7.236036243679999647e-01
5.369842545200000095e-02 -8.446407061480000200e-01
3.198615504900000073e-02 -9.493385261890000537e-01
1.415894623049999967e-01 -4.617617653789999888e-01
1.604639443900000018e-01 -6.160413207670000224e-01
1.509949107859999973e-01 -7.185523117640000290e-01
1.308716904349999932e-01 -8.162238705050000043e-01
-1.930477697749999888e-01 -1.018777477960000066e-01
-3.051989651409999782e-01 -2.706436394110000032e-01
-3.554545267199999969e-01 -4.251249239739999797e-01
-3.878970761080000051e-01 -5.490660291579999575e-01
-1.338968970159999938e-01 -5.398966009579999614e-01
-1.353732529510000004e-01 -7.170160648760000033e-01
-1.426328390630000054e-01 -8.263470127419999534e-01
-1.521477782760000119e-01 -9.236476505309999530e-01
-3.717451359599999866e-02 -5.543078636980000029e-01
-2.611266935599999839e-02 -7.642171702259999977e-01
-3.633848572699999863e-02 -8.903861956869999483e-01
-5.417124744000000047e-02 -1.000000000000000000e+00
5.222333207700000091e-02 -5.267224292290000331e-01
6.653920040400000679e-02 -7.245724350729999541e-01
5.394481442500000112e-02 -8.441258989219999620e-01
3.253665004899999880e-02 -9.462493143939999518e-01
1.374465302500000041e-01 -4.656190205629999745e-01
1.590431071719999867e-01 -6.198025573280000478e-01
1.509614340300000079e-01 -7.197690636710000200e-01
1.312269623850000067e-01 -8.137952677740000196e-01
-1.954746789240000004e-01 -1.040245134740000049e-01
-3.104652266660000159e-01 -2.713586676270000053e-01
-3.617207205269999948e-01 -4.243833369169999759e-01
-3.864109145090000030e-01 -5.482344555210000303e-01
-1.352998393150000034e-01 -5.384842789499999505e-01
-1.389518383020000025e-01 -7.162750938099999853e-01
-1.485900765100000021e-01 -8.261109708039999777e-01
-1.600514689910000066e-01 -9.228632579369999700e-01
-3.790571778599999969e-02 -5.533213151729999835e-01
-3.005722885100000144e-02 -7.625247114340000243e-01
-4.350300478400000170e-02 -8.899530234279999785e-01
-6.411726187699999524e-02 -1.000000000000000000e+00
5.260591996399999887e-02 -5.261244026169999977e-01
6.594484204900000202e-02 -7.226338462019999964e-01
5.163569966499999969e-02 -8.441685994080000421e-01
2.784775681799999889e-02 -9.476404287380000291e-01
1.392732955650000104e-01 -4.655626920100000010e-01
1.640809339400000066e-01 -6.194231449149999458e-01
1.575453563429999870e-01 -7.212232884639999675e-01
1.379418376010000113e-01 -8.162645704450000039e-01
-1.950538508830000073e-01 -1.044865583279999954e-01
-3.095935742709999827e-01 -2.727929428690000213e-01
-3.597923476379999985e-01 -4.265027635859999777e-01
-3.850189017730000218e-01 -5.493268946670000208e-01
-1.333114258499999982e-01 -5.384525799470000207e-01
-1.382687494120000138e-01 -7.168405583029999750e-01
-1.495104572039999968e-01 -8.272714593000000116e-01
-1.629624614159999874e-01 -9.241177235859999728e-01
-3.585029117199999699e-02 -5.545627385939999598e-01
-2.791609318200000134e-02 -7.631020933800000128e-01
-4.422558155399999857e-02 -8.904507714370000215e-01
-6.743280063999999852e-02 -1.000000000000000000e+00
5.496997002400000332e-02 -5.288193302200000501e-01
7.011298604700000325e-02 -7.256619331870000078e-01
5.502493578999999996e-02 -8.500350899399999882e-01
2.993700468700000172e-02 -9.544466483739999507e-01
1.429788846720000117e-01 -4.688897244979999823e-01
1.755415819370000075e-01 -6.229421879290000241e-01
1.720780555389999911e-01 -7.274019465050000077e-01
1.539896416590000039e-01 -8.237034270059999663e-01
-1.921991035149999971e-01 -1.058162127119999935e-01
-3.055326153669999933e-01 -2.783529478860000128e-01
-3.534839162880000218e-01 -4.343823838940000237e-01
-3.802913273660000204e-01 -5.597854630899999906e-01
-1.279376113219999889e-01 -5.427758231549999479e-01
-1.293374302080000093e-01 -7.210063592969999657e-01
-1.404643631370000034e-01 -8.298897772959999974e-01
-1.550840500879999972e-01 -9.244243144779999977e-01
-2.934532663499999847e-02 -5.572790516200000210e-01
-2.028794762099999857e-02 -7.645910462720000300e-01
-3.823629877000000316e-02 -8.905079988649999834e-01
-6.364705058700000084e-02 -1.000000000000000000e+00
6.351982304799999590e-02 -5.303945193789999513e-01
8.047657877100000690e-02 -7.283994852020000410e-01
6.744123276499999764e-02 -8.526733541690000306e-01
4.387075146100000156e-02 -9.592430977810000314e-01
1.541085687460000131e-01 -4.686557765480000026e-01
1.926896878469999963e-01 -6.223340966200000546e-01
1.943856688499999985e-01 -7.274415661059999705e-01
1.812066652590000049e-01 -8.267655802850000235e-01
-1.926696387450000103e-01 -1.067667066609999937e-01
-3.032294171230000002e-01 -2.766507836880000015e-01
-3.483238736329999918e-01 -4.313989753879999833e-01
-3.727459117210000228e-01 -5.580190658410000282e-01
-1.301228115860000034e-01 -5.386192650729999531e-01
-1.321159655899999952e-01 -7.145283190919999861e-01
-1.423823486059999921e-01 -8.244445292250000001e-01
-1.547020500069999915e-01 -9.211529344079999460e-01
-3.063066789500000150e-02 -5.543463359420000014e-01
-2.429648672400000139e-02 -7.595033085710000131e-01
-4.224542241499999740e-02 -8.871626055189999471e-01
-6.646597249900000615e-02 -1.000000000000000000e+00
6.308945555500000690e-02 -5.277151761830000121e-01
8.037083819899999704e-02 -7.241483919969999850e-01
6.756595702999999842e-02 -8.473915215849999738e-01
4.394475280400000211e-02 -9.519538069170000449e-01
1.568005439029999948e-01 -4.639944385549999994e-01
2.025937323969999870e-01 -6.156485908219999637e-01
2.067520729289999970e-01 -7.177896515389999843e-01
1.948281403430000003e-01 -8.129154906669999736e-01
-1.939503458809999914e-01 -1.073714751089999975e-01
-3.072967973390000052e-01 -2.768725487209999780e-01
-3.534532963920000159e-01 -4.321370094120000060e-01
-3.770988710589999737e-01 -5.558615575180000379e-01
-1.359527368550000059e-01 -5.322736445110000103e-01
-1.393014074610000042e-01 -7.101413194740000545e-01
-1.472557233950000100e-01 -8.208679457819999525e-01
-1.560020770689999892e-01 -9.178391236580000223e-01
-3.583585585199999812e-02 -5.484956611850000385e-01
-3.253871767000000165e-02 -7.549575851059999732e-01
-4.784853236000000121e-02 -8.835639715119999460e-01
-6.746125240000000467e-02 -1.000000000000000000e+00
5.978677314400000081e-02 -5.213300315619999736e-01
7.760460324000000021e-02 -7.184600581360000016e-01
6.940053723599999558e-02 -8.414881377239999960e-01
5.073851233900000118e-02 -9.488123747779999562e-01
1.549107868980000025e-01 -4.564423552640000104e-01
2.037556648420000005e-01 -6.056615160660000496e-01
2.132416909850000097e-01 -7.070269652389999937e-01
2.073884404680000071e-01 -8.037737037929999495e-01
-1.889903719830000051e-01 -1.043971699279999943e-01
-3.006465174410000163e-01 -2.731505868899999911e-01
-3.459449930240000026e-01 -4.282751931479999996e-01
-3.708117316969999910e-01 -5.512633592129999593e-01
-1.315773979980000008e-01 -5.304883127359999451e-01
-1.348357094000000034e-01 -7.084401095169999829e-01
-1.418771525180000104e-01 -8.193659008129999810e-01
-1.491002881809999903e-01 -9.156562875710000382e-01
-3.348087671700000073e-02 -5.467783114890000240e-01
-2.976651599100000115e-02 -7.535173907890000411e-01
-4.432155352199999843e-02 -8.839835061809999672e-01
-6.192100597200000250e-02 -1.000000000000000000e+00
6.058017940600000234e-02 -5.178662127369999535e-01
8.225405339199999555e-02 -7.160395637849999995e-01
7.657005822699999853e-02 -8.435150760009999527e-01
6.091821687699999766e-02 -9.530951581979999476e-01
1.539065701929999974e-01 -4.499792713119999954e-01
2.103183133379999958e-01 -6.002305905889999682e-01
2.243407392779999954e-01 -7.028720355459999736e-01
2.220545193460000122e-01 -8.000523417889999767e-01
-1.881594183220000049e-01 -1.050018244439999970e-01
-2.975986567259999993e-01 -2.706672146810000235e-01
-3.442011475910000118e-01 -4.234046571919999891e-01
-3.690829171219999760e-01 -5.479761616289999804e-01
-1.333302378250000031e-01 -5.300179348939999535e-01
-1.372072454959999965e-01 -7.058787477669999921e-01
-1.439576316670000133e-01 -8.168129819399999603e-01
-1.501146342739999862e-01 -9.127157226200000029e-01
-3.456225926300000167e-02 -5.457571176180000538e-01
-3.081996065300000170e-02 -7.524826774999999746e-01
-4.454784064899999785e-02 -8.836172431800000115e-01
-6.112597356999999870e-02 -1.000000000000000000e+00
6.015366243999999835e-02 -5.163845534590000286e-01
8.472857738000000305e-02 -7.139063811689999595e-01
7.953787117999999712e-02 -8.383451598479999545e-01
6.451755159100000525e-02 -9.458175189209999667e-01
1.536943279509999927e-01 -4.472364945510000078e-01
2.101784906730000124e-01 -5.958030116420000022e-01
2.248363713319999901e-01 -6.979043524439999535e-01
2.237987278630000076e-01 -7.951166176420000342e-01
-1.889017586760000089e-01 -1.053427333349999939e-01
-2.983527790380000044e-01 -2.709047234390000169e-01
-3.456607726009999770e-01 -4.241548341040000114e-01
-3.696999690660000004e-01 -5.490449614389999455e-01
-1.343857166940000125e-01 -5.282579375429999891e-01
-1.378156677519999929e-01 -7.056013866570000070e-01
-1.432378987260000125e-01 -8.172147567649999944e-01
-1.476931142160000099e-01 -9.126713114760000023e-01
-3.453758502499999772e-02 -5.441902949660000210e-01
-3.176070626599999946e-02 -7.511375938269999608e-01
-4.481334236799999760e-02 -8.837183704219999658e-01
-6.058440098600000046e-02 -1.000000000000000000e+00
6.112688319799999825e-02 -5.155290132430000449e-01
8.616356701499999771e-02 -7.125185012639999593e-01
8.084093967300000350e-02 -8.379897707019999809e-01
6.565630909399999826e-02 -9.446318727910000268e-01
1.547837837459999921e-01 -4.475018060609999848e-01
2.137461276790000031e-01 -5.978379275049999775e-01
2.285356085770000045e-01 -7.003991698439999691e-01
2.272036561680000066e-01 -7.964350398989999968e-01
-1.888857891129999966e-01 -1.058242747979999954e-01
-2.978309090290000016e-01 -2.701274293590000264e-01
-3.441512745390000183e-01 -4.237009616590000083e-01
-3.674347558400000158e-01 -5.499705789619999674e-01
-1.335517493839999958e-01 -5.279804469490000374e-01
-1.369920592670000048e-01 -7.058143963720000524e-01
-1.431195918769999909e-01 -8.176155084430000164e-01
-1.483185939889999916e-01 -9.132532406960000015e-01
-3.312253904399999754e-02 -5.437316284059999782e-01
-3.038483351000000054e-02 -7.508114059670000229e-01
-4.498111685899999768e-02 -8.836341280299999656e-01
-6.282980186099999809e-02 -1.000000000000000000e+00
6.310984640899999776e-02 -5.149293166680000144e-01
8.919335769899999766e-02 -7.123899768879999872e-01
8.316273961600000042e-02 -8.373578311029999943e-01
6.643828389700000281e-02 -9.429280947970000160e-01
1.574584752290000000e-01 -4.466002126979999876e-01
2.172100203489999992e-01 -5.984425274650000404e-01
2.308113457200000052e-01 -7.012980547839999801e-01
2.274351780880000118e-01 -7.965965861939999781e-01
-1.906869093780000080e-01 -1.063850044689999969e-01
-3.019673131999999760e-01 -2.714340974650000238e-01
-3.514251314290000039e-01 -4.251924914429999758e-01
-3.710437441080000065e-01 -5.499812258309999535e-01
-1.354419888070000078e-01 -5.266839733889999708e-01
-1.394975065459999886e-01 -7.041984266449999863e-01
-1.471588326009999892e-01 -8.154934541039999818e-01
-1.538689184360000073e-01 -9.106998610719999609e-01
-3.495627943099999940e-02 -5.428683513330000432e-01
-3.314889173399999944e-02 -7.500403225289999920e-01
-4.953268291000000045e-02 -8.832545005899999913e-01
-6.888989481799999426e-02 -1.000000000000000000e+00
6.169110319400000070e-02 -5.140611157759999994e-01
8.955817704500000642e-02 -7.126346229929999554e-01
8.544312207399999692e-02 -8.400759443790000169e-01
7.032316765099999589e-02 -9.485135366200000417e-01
1.548481547090000132e-01 -4.457014776870000250e-01
2.155400021049999892e-01 -5.969361212549999518e-01
2.309548274419999936e-01 -7.010699458339999524e-01
2.298266438209999873e-01 -7.986749811819999767e-01
-1.883505977430000033e-01 -1.059324743680000042e-01
-2.998782326039999835e-01 -2.735555646939999974e-01
-3.492792175950000244e-01 -4.288775577060000010e-01
-3.718293530249999757e-01 -5.535788137549999544e-01
-1.340526485669999990e-01 -5.295946682740000355e-01
-1.381193449729999911e-01 -7.058673976360000379e-01
-1.452601690729999895e-01 -8.167048626330000172e-01
-1.517358407939999876e-01 -9.120155774499999479e-01
-3.361641138700000031e-02 -5.459374184490000115e-01
-3.229778145500000058e-02 -7.504630189190000245e-01
-4.805254255599999968e-02 -8.826862117849999523e-01
-6.653973420299999497e-02 -1.000000000000000000e+00
6.323867707300000196e-02 -5.162153955410000439e-01
9.115980590800000505e-02 -7.134379230980000264e-01
8.858227528900000647e-02 -8.420986652080000301e-01
7.503869501300000633e-02 -9.525109893209999790e-01
1.570350131690000095e-01 -4.463767411189999978e-01
2.186947221080000059e-01 -5.978892748009999591e-01
2.351986526419999890e-01 -7.012210643470000448e-01
2.349947601400000086e-01 -7.983430841590000160e-01
-1.859746829579999872e-01 -1.050686076180000067e-01
-2.968815777539999812e-01 -2.752242890409999920e-01
-3.461705778479999829e-01 -4.322115300670000271e-01
-3.693768132410000238e-01 -5.556919395639999815e-01
-1.321467519139999935e-01 -5.333097895320000337e-01
-1.368057039310000000e-01 -7.099172572730000352e-01
-1.445384299910000003e-01 -8.193300101260000412e-01
-1.509534356589999904e-01 -9.125903812190000464e-01
-3.172856822500000340e-02 -5.505520138480000103e-01
-3.080115173700000153e-02 -7.544952473889999789e-01
-4.806273428900000033e-02 -8.851968153870000133e-01
-6.693534067799999931e-02 -1.000000000000000000e+00
6.537757815299999331e-02 -5.207812696500000449e-01
9.601120266399999770e-02 -7.183602213349999932e-01
9.579365794100000442e-02 -8.481699109039999573e-01
8.532974630400000371e-02 -9.591218397599999834e-01
1.586666988429999980e-01 -4.500191980079999987e-01
2.213022612710000003e-01 -6.019563721589999972e-01
2.411530864389999917e-01 -7.062027125209999756e-01
2.450785705699999872e-01 -8.037123080910000272e-01
-1.842764215640000092e-01 -1.076758968079999934e-01
-2.932339360449999766e-01 -2.753671944469999744e-01
-3.438061358360000042e-01 -4.297190784689999821e-01
-3.672312009590000259e-01 -5.521539295159999527e-01
-1.287491059470000088e-01 -5.293347299689999952e-01
-1.344726086860000003e-01 -7.059804138730000345e-01
-1.437466176399999906e-01 -8.146116609719999957e-01
-1.516885613810000089e-01 -9.077467057670000061e-01
-2.862512251799999990e-02 -5.468259813539999570e-01
-2.962448411999999906e-02 -7.532004058889999465e-01
-5.000497765600000338e-02 -8.851825842010000445e-01
-7.365121980399999546e-02 -1.000000000000000000e+00
6.806279973499999858e-02 -5.169930363239999549e-01
1.048027322030000014e-01 -7.174322660669999463e-01
1.069793246780000040e-01 -8.507687888520000241e-01
9.672893693700000683e-02 -9.643448590200000003e-01
1.581717999059999991e-01 -4.463051665250000188e-01
2.229498810849999957e-01 -5.985217593910000522e-01
2.421351639950000134e-01 -7.021361080629999751e-01
2.447709437389999909e-01 -7.981715216110000233e-01
-1.827808339180000130e-01 -1.082214136360000051e-01
-2.923239034330000208e-01 -2.750578022769999964e-01
-3.442335332729999919e-01 -4.282937148850000098e-01
-3.635004384350000173e-01 -5.502073746460000025e-01
-1.297528398370000058e-01 -5.302847550629999906e-01
-1.347864157470000102e-01 -7.054818636380000285e-01
-1.431938209330000100e-01 -8.137746713610000127e-01
-1.496206680040000070e-01 -9.068119015229999524e-01
-2.941681010499999985e-02 -5.475262124430000377e-01
-3.088887889600000144e-02 -7.537499656499999645e-01
-5.052499831400000113e-02 -8.853866101070000383e-01
-7.337266761100000312e-02 -1.000000000000000000e+00
6.777116585499999568e-02 -5.170095144230000273e-01
1.079190264320000064e-01 -7.180807926559999999e-01
1.133921827759999945e-01 -8.511987961139999559e-01
1.065805076520000005e-01 -9.661435498160000357e-01
1.568312235969999968e-01 -4.457443971450000264e-01
2.206183729839999996e-01 -5.967683421520000309e-01
2.407044299880000127e-01 -6.988813651209999644e-01
2.458671319990000104e-01 -7.949510679210000097e-01
-1.810202556630000070e-01 -1.071476229179999934e-01
-2.888502768530000209e-01 -2.734530793769999746e-01
-3.395464081110000087e-01 -4.265476515969999771e-01
-3.610587246149999929e-01 -5.492600906350000312e-01
-1.263578885770000049e-01 -5.279708120380000036e-01
-1.322768109730000086e-01 -7.027771504880000464e-01
-1.419424695179999918e-01 -8.110099204109999516e-01
-1.497306126159999862e-01 -9.040468218630000052e-01
-2.675169194600000161e-02 -5.461428348800000387e-01
-2.816967853999999966e-02 -7.522904770839999866e-01
-4.886734743699999717e-02 -8.855541034570000303e-01
-7.346935262900000652e-02 -1.000000000000000000e+00
6.929916976899999637e-02 -5.163844016909999723e-01
1.114803309310000018e-01 -7.169638466300000124e-01
1.172627529370000032e-01 -8.516188904929999914e-01
1.095599938660000022e-01 -9.663199281969999666e-01
1.567444931449999967e-01 -4.454172106200000036e-01
2.223170933639999902e-01 -5.973554435969999910e-01
2.419325054560000077e-01 -6.998298851559999756e-01
2.450674005029999936e-01 -7.944375261089999807e-01
-1.807384491069999877e-01 -1.078191893969999982e-01
-2.893919806340000123e-01 -2.760174861460000240e-01
-3.408560387630000243e-01 -4.308706172999999806e-01
-3.613754669620000137e-01 -5.534974199269999673e-01
-1.280153768529999903e-01 -5.308945761509999972e-01
-1.333816818839999863e-01 -7.044158334600000293e-01
-1.418587183599999968e-01 -8.128669696679999834e-01
-1.482203370229999984e-01 -9.063290687820000358e-01
-2.775530743300000033e-02 -5.488518789399999820e-01
-2.995388433799999958e-02 -7.538313332720000259e-01
-4.935922986400000101e-02 -8.855524547390000167e-01
-7.133970414000000149e-02 -1.000000000000000000e+00
6.948227677000000380e-02 -5.184239047199999950e-01
1.094453597399999978e-01 -7.199698540500000243e-01
1.153438414349999969e-01 -8.527647244739999799e-01
1.092623785900000005e-01 -9.673830651179999851e-01
1.593478230010000052e-01 -4.465964065770000047e-01
2.230130641530000124e-01 -5.969839411849999777e-01
2.436778909900000067e-01 -6.993918718839999826e-01
2.494100545000000058e-01 -7.958745615169999787e-01
-1.811977816199999980e-01 -1.063326459639999944e-01
-2.910973908769999841e-01 -2.738361713079999760e-01
-3.421860659870000210e-01 -4.291303325390000145e-01
-3.614309034889999772e-01 -5.519845927359999793e-01
-1.289865065549999912e-01 -5.294907996650000115e-01
-1.348000966160000091e-01 -7.036318606850000545e-01
-1.433861495179999945e-01 -8.123836146009999482e-01
-1.496622491010000111e-01 -9.061543328219999749e-01
-2.852180096900000170e-02 -5.482363276820000353e-01
-3.217372716800000199e-02 -7.539261131700000229e-01
-5.236890395499999712e-02 -8.859425525970000548e-01
-7.494740050300000012e-02 -1.000000000000000000e+00
6.895304050900000203e-02 -5.182504018189999506e-01
1.084227334430000050e-01 -7.204959986560000029e-01
1.138270487570000045e-01 -8.538600794809999561e-01
1.072656813539999976e-01 -9.685178579119999576e-01
1.591184259289999958e-01 -4.466880791350000268e-01
2.228029880010000130e-01 -5.970533541229999797e-01
2.429827547220000106e-01 -6.991430952649999586e-01
2.481758431730000103e-01 -7.951088139390000142e-01
-1.807554908959999873e-01 -1.065665552360000046e-01
-2.903596742139999964e-01 -2.746729581260000108e-01
-3.418239421509999820e-01 -4.296729305770000118e-01
-3.631529652900000182e-01 -5.528434994109999723e-01
-1.296317464769999872e-01 -5.286305545670000328e-01
-1.350893316779999964e-01 -7.018012747280000241e-01
-1.432836250220000107e-01 -8.100807299929999594e-01
-1.495762223119999901e-01 -9.039101691509999759e-01
-3.018946367400000136e-02 -5.476357711420000163e-01
-3.329070063700000082e-02 -7.523890774520000102e-01
-5.308266001399999934e-02 -8.849014992270000102e-01
-7.584268900000000480e-02 -1.000000000000000000e+00
6.687049963600000257e-02 -5.179891946639999523e-01
1.067106646640000045e-01 -7.191556351560000060e-01
1.126613415759999959e-01 -8.527370819320000406e-01
1.060233058909999942e-01 -9.680066592989999830e-01
1.568797843599999964e-01 -4.468163650879999893e-01
2.207815418250000106e-01 -5.973497989029999955e-01
2.405190753829999917e-01 -6.985782522340000522e-01
2.448271479709999976e-01 -7.935885816290000339e-01
-1.805424592740000056e-01 -1.064354165969999960e-01
-2.904171830260000031e-01 -2.749857534849999841e-01
-3.429082054779999944e-01 -4.289890134159999868e-01
-3.645057132280000167e-01 -5.518764794849999600e-01
-1.293799852360000002e-01 -5.297987607230000284e-01
-1.354512485040000047e-01 -7.010834031139999700e-01
-1.448170591400000096e-01 -8.085789631299999947e-01
-1.523657991529999978e-01 -9.017577517329999903e-01
-2.979270856799999881e-02 -5.487236237529999894e-01
-3.262120761400000291e-02 -7.528460697150000103e-01
-5.278339010000000081e-02 -8.849089397889999820e-01
-7.622303151499999763e-02 -1.000000000000000000e+00
6.719671118999999415e-02 -5.188676750170000407e-01
1.070385090159999969e-01 -7.196321263110000421e-01
1.119621023999999992e-01 -8.533203010690000312e-01
1.042268394919999980e-01 -9.686579396790000462e-01
1.572818839809999869e-01 -4.475169974620000213e-01
2.204896358039999948e-01 -5.987821846659999725e-01
2.398886382709999876e-01 -7.011279884040000354e-01
2.438398995080000020e-01 -7.974289900619999649e-01
-1.803080724489999898e-01 -1.075348733139999957e-01
-2.882927147309999882e-01 -2.767795407559999754e-01
-3.387496088609999734e-01 -4.310677001739999792e-01
-3.627817279639999892e-01 -5.549926084130000215e-01
-1.274453662589999925e-01 -5.323633789859999466e-01
-1.325739807730000053e-01 -7.038697107329999758e-01
-1.423019601540000123e-01 -8.110292068190000370e-01
-1.510195067579999939e-01 -9.048959282859999620e-01
-2.728220296399999981e-02 -5.508597684610000433e-01
-2.963207554299999991e-02 -7.546866893750000527e-01
-5.121653156699999820e-02 -8.854397882379999585e-01
-7.690477009000000475e-02 -1.000000000000000000e+00
6.929855451499999930e-02 -5.206369098409999729e-01
1.096377575440000002e-01 -7.216269221179999471e-01
1.144776621799999949e-01 -8.542647153369999913e-01
1.061479108510000047e-01 -9.683489753459999516e-01
1.589061966770000112e-01 -4.486265594830000092e-01
2.218580544729999993e-01 -6.009067246050000533e-01
2.411927074340000088e-01 -7.032497536620000433e-01
2.446312244730000085e-01 -7.986614925239999829e-01
-1.796143453169999904e-01 -1.076168402090000031e-01
-2.878241413509999846e-01 -2.785779040779999827e-01
-3.382438519229999940e-01 -4.329787577679999888e-01
-3.604385350880000005e-01 -5.521436138390000137e-01
-1.254126329220000002e-01 -5.334710758990000024e-01
-1.309099565040000024e-01 -7.067057431569999659e-01
-1.401344015150000066e-01 -8.145773594009999563e-01
-1.479961209769999897e-01 -9.073989304899999775e-01
-2.631205370599999996e-02 -5.509527892579999531e-01
-2.696659523600000025e-02 -7.552080055230000477e-01
-4.535534377500000103e-02 -8.853124091520000460e-01
-6.715431042199999923e-02 -1.000000000000000000e+00
6.966323154900000425e-02 -5.194603281880000312e-01
1.074530242979999939e-01 -7.197851618299999643e-01
1.125459660360000058e-01 -8.506908372500000537e-01
1.052113356119999954e-01 -9.651983131239999514e-01
1.596554192159999885e-01 -4.461053328310000121e-01
2.245538566399999936e-01 -5.949762777049999452e-01
2.461249458660000056e-01 -6.970903656089999512e-01
2.517893864340000065e-01 -7.948963555539999559e-01
-1.820332642780000121e-01 -1.077215927680000018e-01
-2.878332599910000122e-01 -2.789311916539999880e-01
-3.358422986490000040e-01 -4.331691564649999826e-01
-3.610638611659999775e-01 -5.556996125390000207e-01
-1.261473159510000108e-01 -5.321856576469999878e-01
-1.300507424089999975e-01 -7.083922395789999937e-01
-1.397728913880000035e-01 -8.168294450999999956e-01
-1.487976619149999902e-01 -9.105625638240000264e-01
-2.668966811900000055e-02 -5.489412962609999669e-01
-2.484381156900000026e-02 -7.546271115539999741e-01
-4.404141922899999784e-02 -8.853501956129999906e-01
-6.717969349999999840e-02 -1.000000000000000000e+00
6.806131812400000036e-02 -5.179325804829999491e-01
1.079985021129999945e-01 -7.186798962310000372e-01
1.130316837190000062e-01 -8.500519696880000087e-01
1.053295044389999935e-01 -9.643571612060000131e-01
1.558445893819999928e-01 -4.460011925849999836e-01
2.232803860910000104e-01 -5.951586540479999465e-01
2.453183269920000131e-01 -6.967073442040000453e-01
2.507802332919999988e-01 -7.933827693799999636e-01
-1.800586833420000088e-01 -1.077112945439999969e-01
-2.876292835950000071e-01 -2.799474677939999823e-01
-3.371167790749999837e-01 -4.327924169680000266e-01
-3.606964845300000277e-01 -5.521754283099999938e-01
-1.215911100940000045e-01 -5.327117502720000175e-01
-1.241377898119999934e-01 -7.106835410920000484e-01
-1.343300583500000034e-01 -8.190641869270000042e-01
-1.441002440140000118e-01 -9.132329879349999624e-01
-2.372574386799999879e-02 -5.484951523869999734e-01
-1.975290295300000110e-02 -7.540759882519999513e-01
-3.860809616799999733e-02 -8.842203785940000449e-01
-6.071241284000000044e-02 -1.000000000000000000e+00
6.939291145600000321e-02 -5.163891056830000048e-01
1.080894425669999964e-01 -7.165935106449999870e-01
1.131068024210000050e-01 -8.487525065509999855e-01
1.053863958919999955e-01 -9.649974134319999619e-01
1.565415657789999970e-01 -4.428841749019999940e-01
2.253723166999999916e-01 -5.917309371210000002e-01
2.494760030479999946e-01 -6.949058813389999978e-01
2.560053383670000127e-01 -7.944776283169999731e-01
-1.803776850499999862e-01 -1.088223553349999956e-01
-2.869985390040000195e-01 -2.810688976580000276e-01
-3.346483643450000045e-01 -4.351661168029999915e-01
-3.596294904510000112e-01 -5.549872062909999570e-01
-1.228079443570000012e-01 -5.325091034929999578e-01
-1.247386668240000052e-01 -7.099421861310000192e-01
-1.320989835430000092e-01 -8.195295360219999603e-01
-1.389599437369999912e-01 -9.138033369339999545e-01
-2.524169997899999851e-02 -5.472838185430000113e-01
-1.715347469899999866e-02 -7.524728142069999626e-01
-3.024559816399999962e-02 -8.835404745999999587e-01
-4.742659322900000252e-02 -1.000000000000000000e+00
6.761395806900000194e-02 -5.161479646790000375e-01
1.053690353809999952e-01 -7.127259759959999608e-01
1.106507460329999998e-01 -8.422743894290000144e-01
1.035059373080000067e-01 -9.561501207820000126e-01
1.549088141709999977e-01 -4.454260212089999893e-01
2.192919938310000094e-01 -5.924587803549999920e-01
2.406024760530000028e-01 -6.932221827700000283e-01
2.457891954049999939e-01 -7.900805450260000029e-01
-1.799161365739999907e-01 -1.087412150000000022e-01
-2.845878748590000007e-01 -2.793597968279999955e-01
-3.316578338819999860e-01 -4.317074712669999870e-01
-3.575620415290000076e-01 -5.544627179129999472e-01
-1.192008938890000008e-01 -5.342592341220000485e-01
-1.209200329849999950e-01 -7.081683651989999495e-01
-1.299374464799999962e-01 -8.161553125149999532e-01
-1.382444744509999934e-01 -9.094444553149999555e-01
-2.223852848199999940e-02 -5.488963464730000075e-01
-1.312839829099999960e-02 -7.530872304950000373e-01
-2.625536702899999852e-02 -8.831529154999999687e-01
-4.522297708100000285e-02 -1.000000000000000000e+00
6.841940790700000441e-02 -5.177432301719999685e-01
1.070425491390000067e-01 -7.129972406700000320e-01
1.116251841780000059e-01 -8.430802717650000000e-01
1.019684032879999980e-01 -9.572143590239999833e-01
1.527438647269999950e-01 -4.472949042280000009e-01
2.151967796370000130e-01 -5.991706348559999729e-01
2.327212563530000056e-01 -7.008031315780000048e-01
2.319053902700000114e-01 -7.967624616239999957e-01
-1.821227236569999963e-01 -1.084632148200000007e-01
-2.864062690370000053e-01 -2.800222779889999791e-01
-3.322211401729999736e-01 -4.321464863580000149e-01
-3.574649087869999908e-01 -5.533519994169999734e-01
-1.188152208190000059e-01 -5.346286978159999759e-01
-1.194078226029999940e-01 -7.113297412110000106e-01
-1.279101289729999980e-01 -8.188263090099999753e-01
-1.362765495180000008e-01 -9.132564000430000162e-01
-2.253908645100000108e-02 -5.484703857739999799e-01
-1.036632327399999998e-02 -7.557328083869999658e-01
-2.114245931599999934e-02 -8.839801887389999724e-01
-3.786596082000000252e-02 -1.000000000000000000e+00
6.669746420399999542e-02 -5.171187468290000533e-01
1.038662404170000025e-01 -7.175101087859999671e-01
1.086032572750000036e-01 -8.463413029880000327e-01
1.000072984750000060e-01 -9.618335303430000094e-01
1.493961515860000033e-01 -4.465205691329999782e-01
2.057643942730000008e-01 -5.991249450550000244e-01
2.184858323949999959e-01 -7.013871631079999780e-01
2.140078607229999874e-01 -8.002201627499999637e-01
-1.801549156139999885e-01 -1.053079573109999972e-01
-2.856368886610000102e-01 -2.759624867309999896e-01
-3.326664219159999880e-01 -4.284049432209999786e-01
-3.584403554360000022e-01 -5.490470896229999731e-01
-1.227063911640000060e-01 -5.331135073230000021e-01
-1.266549682760000073e-01 -7.075762551149999968e-01
-1.359501705929999915e-01 -8.161574032449999683e-01
-1.447285076270000137e-01 -9.112821470269999447e-01
-2.519468090300000171e-02 -5.481822694479999702e-01
-1.616168918399999918e-02 -7.551903377849999988e-01
-2.718811450799999904e-02 -8.836458086199999729e-01
-4.423170125099999683e-02 -1.000000000000000000e+00
6.506447618699999491e-02 -5.172907365679999536e-01
1.010221975869999983e-01 -7.163088099540000364e-01
1.044782108659999958e-01 -8.443750619340000263e-01
9.452732889400000671e-02 -9.591829076669999843e-01
1.480971173729999923e-01 -4.464219663869999910e-01
2.011966013300000022e-01 -6.015032233370000148e-01
2.105802282489999955e-01 -7.042966698489999677e-01
2.028110140090000069e-01 -8.032729763949999491e-01
-1.812811806980000051e-01 -1.052575708510000013e-01
-2.871156379959999838e-01 -2.740950184670000178e-01
-3.350435343540000277e-01 -4.260962993499999851e-01
-3.593519471430000056e-01 -5.473814169680000230e-01
-1.252829414649999917e-01 -5.320452467730000246e-01
-1.331693251459999949e-01 -7.071759419919999567e-01
-1.457243362039999934e-01 -8.162201379719999927e-01
-1.568964921450000105e-01 -9.117018429350000064e-01
-2.732589422800000070e-02 -5.471218830740000039e-01
-2.274792080000000161e-02 -7.547360346810000342e-01
-3.528824775400000308e-02 -8.826617325019999738e-01
-5.323752567199999813e-02 -1.000000000000000000e+00
6.286448556500000284e-02 -5.168985932970000530e-01
9.587017090100000138e-02 -7.142564717229999971e-01
1.009298645249999959e-01 -8.392598033699999460e-01
9.322713411899999358e-02 -9.532031748100000534e-01
1.452587277340000038e-01 -4.468286483969999834e-01
1.959798670219999872e-01 -6.029874427579999807e-01
2.067208303620000076e-01 -7.052558041690000223e-01
2.015211278830000008e-01 -8.046586620710000082e-01
-1.818327460330000089e-01 -1.026586473659999998e-01
-2.886023530740000065e-01 -2.692695684429999847e-01
-3.362389174539999748e-01 -4.218966019739999740e-01
-3.625049018220000141e-01 -5.445008654280000249e-01
-1.288766565879999881e-01 -5.287669057839999853e-01
-1.397889609029999980e-01 -7.023428228939999629e-01
-1.549064399160000050e-01 -8.105140059740000291e-01
-1.685388329589999901e-01 -9.059328209639999629e-01
-3.065132105100000157e-02 -5.455886125579999524e-01
-2.818856284200000131e-02 -7.538142346699999718e-01
-4.237256799499999893e-02 -8.818208696329999929e-01
-6.152904396199999904e-02 -1.000000000000000000e+00
5.982796776000000316e-02 -5.166989873699999736e-01
9.023247199299999632e-02 -7.147315113040000334e-01
9.453502602900000495e-02 -8.397594255660000284e-01
8.658289032200000568e-02 -9.532575341329999619e-01
1.434271101990000075e-01 -4.480169256320000182e-01
1.911234904000000123e-01 -6.062813961290000053e-01
2.016325993370000069e-01 -7.097082838049999509e-01
1.964685341600000135e-01 -8.095081738549999573e-01
-1.819740152069999894e-01 -1.028977798710000030e-01
-2.886166763169999983e-01 -2.712061230439999915e-01
-3.372217889069999974e-01 -4.237832324599999922e-01
-3.627184824820000042e-01 -5.466805602309999790e-01
-1.257571473709999943e-01 -5.296206594140000501e-01
-1.382679562230000048e-01 -7.024074011740000234e-01
-1.556617508420000129e-01 -8.096976499519999981e-01
-1.710761308950000115e-01 -9.044232063249999509e-01
-2.861528726800000033e-02 -5.461583042709999836e-01
-2.880318888299999991e-02 -7.539913070170000120e-01
-4.490613215400000163e-02 -8.815575447350000315e-01
-6.499696994600000222e-02 -1.000000000000000000e+00
6.035766269099999970e-02 -5.175587266429999556e-01
8.879497560700000403e-02 -7.171253631909999537e-01
9.184991199900000014e-02 -8.436097849920000113e-01
8.326794579700000365e-02 -9.589610360900000519e-01
1.415063423129999942e-01 -4.493281807250000259e-01
1.883835480830000075e-01 -6.105146074889999941e-01
1.986937281320000082e-01 -7.168698384860000550e-01
1.933427281579999935e-01 -8.201661033389999744e-01
-1.806859635439999889e-01 -1.018547188480000004e-01
-2.877564324710000232e-01 -2.694075109380000277e-01
-3.346478810569999962e-01 -4.241496766280000164e-01
-3.636437952159999876e-01 -5.477144137520000289e-01
-1.275554068760000048e-01 -5.287525410059999986e-01
-1.392115249320000081e-01 -7.016671340419999847e-01
-1.566727860309999887e-01 -8.088445399500000521e-01
-1.726265247210000131e-01 -9.029140924559999615e-01
-3.005714005800000019e-02 -5.463712082030000028e-01
-3.080514657599999970e-02 -7.544714205229999804e-01
-4.828254134999999947e-02 -8.819584904939999914e-01
-7.073763741999999910e-02 -1.000000000000000000e+00
5.973960890100000337e-02 -5.181300571800000476e-01
8.717024825899999385e-02 -7.192965912769999637e-01
8.956584215200000254e-02 -8.467502892020000171e-01
7.987834078399999593e-02 -9.622104748680000430e-01
1.429493995139999862e-01 -4.498789068749999842e-01
1.878846656469999876e-01 -6.098153196419999755e-01
1.964269329670000064e-01 -7.153132561820000346e-01
1.890310814610000056e-01 -8.173606928100000113e-01
-1.824277438730000089e-01 -1.021107398649999942e-01
-2.879379345399999957e-01 -2.690830875329999761e-01
-3.329066801539999898e-01 -4.231293964089999915e-01
-3.630768864769999826e-01 -5.472769751029999963e-01
-1.282002818319999959e-01 -5.285034885480000000e-01
-1.405366890710000038e-01 -7.008086276270000248e-01
-1.587942834190000096e-01 -8.073997665619999653e-01
-1.768171683120000059e-01 -9.016965816949999990e-01
-3.098288394899999937e-02 -5.463750327020000519e-01
-3.022592278399999915e-02 -7.544432268699999833e-01
-4.643230685500000093e-02 -8.816599741259999456e-01
-6.883815137800000650e-02 -1.000000000000000000e+00
5.866809490299999819e-02 -5.178457070609999713e-01
8.675866628499999400e-02 -7.192026680869999522e-01
9.058065074899999958e-02 -8.456923464200000184e-01
8.122306592500000422e-02 -9.614483540460000421e-01
1.417619877740000089e-01 -4.489474879820000153e-01
1.858031212500000084e-01 -6.078896749179999448e-01
1.939120291139999896e-01 -7.115049523409999743e-01
1.857843259549999959e-01 -8.117206631009999951e-01
-1.810944115120000086e-01 -1.019207833809999963e-01
-2.874557197750000070e-01 -2.701352161269999774e-01
-3.322318337860000192e-01 -4.246907035410000253e-01
-3.646007369929999964e-01 -5.468247751779999888e-01
-1.268725376179999920e-01 -5.280421770640000290e-01
-1.408036709559999933e-01 -7.005744591350000494e-01
-1.591330610729999873e-01 -8.074259793389999551e-01
-1.770685682049999987e-01 -9.015458978189999639e-01
-2.847125766400000063e-02 -5.460731615970000341e-01
-2.626929075700000157e-02 -7.557960330220000467e-01
-4.076792112100000032e-02 -8.832781809419999464e-01
-6.162668821500000282e-02 -1.000000000000000000e+00
6.071309851400000235e-02 -5.171251620469999866e-01
8.873710906699999734e-02 -7.190145772310000405e-01
9.311885083599999446e-02 -8.427378056909999859e-01
8.416059340100000286e-02 -9.548877797339999640e-01
1.419107443200000040e-01 -4.484302818600000018e-01
1.840711388179999963e-01 -6.054603886710000493e-01
1.925579959410000097e-01 -7.092255631920000303e-01
1.846223788809999988e-01 -8.092323988570000459e-01
-1.823758229530000052e-01 -1.016484871760000019e-01
-2.914662092940000226e-01 -2.703819616600000031e-01
-3.364893540669999794e-01 -4.241522615559999987e-01
-3.666601924599999784e-01 -5.459195276770000271e-01
-1.293556881700000105e-01 -5.300294348890000062e-01
-1.416865701989999948e-01 -7.025224352990000476e-01
-1.588766237489999955e-01 -8.093936993139999592e-01
-1.762425978409999927e-01 -9.038722996820000022e-01
-3.098145873999999869e-02 -5.473552037419999738e-01
-2.597408372900000123e-02 -7.568329772520000498e-01
-3.744480635200000268e-02 -8.835655774070000357e-01
-5.509912052100000152e-02 -1.000000000000000000e+00
5.785789798399999795e-02 -5.180472912889999559e-01
8.446699178399999508e-02 -7.198959462570000412e-01
9.003863632899999914e-02 -8.424664122080000039e-01
8.290180572499999956e-02 -9.549607343489999733e-01
1.387276714840000036e-01 -4.491215762979999804e-01
1.785707267799999942e-01 -6.059118455030000350e-01
1.881470716420000078e-01 -7.093768596539999916e-01
1.822018674260000026e-01 -8.104584529670000315e-01
-1.834014260469999935e-01 -1.025949762170000057e-01
-2.923992816150000063e-01 -2.725076143999999867e-01
-3.385489045499999738e-01 -4.250035539829999931e-01
-3.695335154780000075e-01 -5.476777968760000448e-01
-1.284373014269999946e-01 -5.319649082870000489e-01
-1.397746512409999975e-01 -7.033868800170000046e-01
-1.571022083070000019e-01 -8.095236167449999520e-01
-1.749587496580000123e-01 -9.047423840820000285e-01
-3.185895053400000093e-02 -5.490507711250000034e-01
-2.657180657999999931e-02 -7.570679115239999923e-01
-3.759712210099999674e-02 -8.827359475179999970e-01
-5.418206661299999893e-02 -1.000000000000000000e+00
5.573030064199999828e-02 -5.205909157229999806e-01
8.106621889800000313e-02 -7.216860408719999453e-01
8.480274133399999525e-02 -8.453026538019999814e-01
7.673095600800000637e-02 -9.600027388640000048e-01
1.359587188799999957e-01 -4.530970727170000045e-01
1.730496935370000045e-01 -6.121990227600000445e-01
1.800878003880000133e-01 -7.169809249570000542e-01
1.719794761160000074e-01 -8.202691031080000528e-01
-1.809889000509999901e-01 -1.019589939579999965e-01
-2.901564227799999784e-01 -2.726701689109999882e-01
-3.368648784550000164e-01 -4.247468801759999857e-01
-3.669944310189999781e-01 -5.472321925449999958e-01
-1.225925697169999995e-01 -5.318287122570000136e-01
-1.316881173589999898e-01 -7.030285544400000086e-01
-1.489445062689999932e-01 -8.084550087770000504e-01
-1.679451203310000085e-01 -9.027953212410000372e-01
-2.726932202299999983e-02 -5.477630989189999910e-01
-1.703982578299999967e-02 -7.558715911340000426e-01
-2.611846739500000084e-02 -8.819773738199999658e-01
-4.196118033300000327e-02 -1.000000000000000000e+00
5.852950421099999828e-02 -5.187125633219999976e-01
8.423735215100000562e-02 -7.189232300829999645e-01
8.659838808799999454e-02 -8.435671338689999521e-01
7.665712409500000102e-02 -9.584789987439999992e-01
1.363720210190000059e-01 -4.511081513460000192e-01
1.734828822039999885e-01 -6.095737082409999896e-01
1.806020838700000131e-01 -7.143352266529999772e-01
1.721756727319999902e-01 -8.173666125930000304e-01
