-1.796432370330000028e-01 -9.534238774400000116e-02
-2.926985111020000141e-01 -2.536976232379999918e-01
-3.503359742239999797e-01 -3.968139942239999884e-01
-4.112106749039999842e-01 -4.885799448329999906e-01
-1.706560972810000076e-01 -5.250824688399999829e-01
-2.177320795490000072e-01 -7.087824543109999542e-01
-2.404733929819999894e-01 -8.243713434610000501e-01
-2.568914911060000139e-01 -9.201344225369999519e-01
-5.705528379000000122e-02 -5.513584921059999644e-01
-7.465258882299999343e-02 -7.626597866959999861e-01
-8.789455151300000491e-02 -8.921518794249999607e-01
-1.000240709789999988e-01 -1.000000000000000000e+00
4.938360227500000060e-02 -5.247643265289999581e-01
7.453444380599999475e-02 -7.209518984610000514e-01
8.418900676399999894e-02 -8.356140409000000213e-01
8.643178588100000614e-02 -9.328714514779999911e-01
1.525786278250000072e-01 -4.556148813209999759e-01
2.194015989610000050e-01 -5.946449542620000361e-01
2.554724690399999831e-01 -6.885582653289999966e-01
2.777563711150000114e-01 -7.804543650649999886e-01
-1.798848984610000035e-01 -9.358045397299999402e-02
-2.926641018819999829e-01 -2.514161089540000171e-01
-3.499164316389999918e-01 -3.954240023380000135e-01
-4.123884430249999955e-01 -4.901142553439999938e-01
-1.722868911709999895e-01 -5.226333795099999957e-01
-2.185450241780000080e-01 -7.061831818899999558e-01
-2.397412058839999971e-01 -8.227617587040000346e-01
-2.536919087380000160e-01 -9.196066793630000014e-01
-5.890679420699999891e-02 -5.488170146049999865e-01
-7.822370459499999873e-02 -7.610544128749999748e-01
-9.065463696400000160e-02 -8.916299110609999801e-01
-1.005969530849999960e-01 -1.000000000000000000e+00
4.699894981000000277e-02 -5.221179374009999874e-01
7.012954812699999374e-02 -7.189875070560000081e-01
7.912335463399999824e-02 -8.329608649059999648e-01
8.221349827899999962e-02 -9.283932816550000133e-01
1.501077076319999870e-01 -4.528006995209999941e-01
2.153557880320000062e-01 -5.921682669890000472e-01
2.505354217129999728e-01 -6.858787798690000326e-01
2.726154071090000075e-01 -7.768032669469999707e-01
-1.774507366370000061e-01 -9.896497104000000211e-02
-2.901441460220000046e-01 -2.558153076079999755e-01
-3.489469775099999782e-01 -3.960679849700000088e-01
-4.050614056719999967e-01 -4.870046416589999816e-01
-1.672791314210000102e-01 -5.305982060830000124e-01
-2.146794500920000126e-01 -7.081063798069999748e-01
-2.340090710570000010e-01 -8.211407116209999968e-01
-2.454863758620000058e-01 -9.160114927900000481e-01
-5.250439791400000195e-02 -5.557001885150000264e-01
-7.150756764599999760e-02 -7.645558181439999768e-01
-8.028867390400000470e-02 -8.920780430179999776e-01
-8.567928020399999400e-02 -1.000000000000000000e+00
5.206344119899999900e-02 -5.255297583760000224e-01
7.572125352099999540e-02 -7.187541650780000513e-01
8.556466938100000530e-02 -8.312768959830000304e-01
9.142046078700000189e-02 -9.264803303259999678e-01
1.526303302429999897e-01 -4.514729689770000109e-01
2.181256226799999920e-01 -5.898817341130000447e-01
2.570826104650000277e-01 -6.838625169440000207e-01
2.831437211560000056e-01 -7.749893796689999448e-01
-1.771500298510000071e-01 -1.040002689650000034e-01
-2.893342640079999972e-01 -2.637075674439999795e-01
-3.445103840109999815e-01 -4.069529089969999847e-01
-3.980417681310000066e-01 -5.021541854050000087e-01
-1.629562347119999921e-01 -5.344093026980000216e-01
-2.092498271680000022e-01 -7.148847829129999498e-01
-2.267736825939999923e-01 -8.283346000029999656e-01
-2.367985173640000107e-01 -9.240274293619999968e-01
-4.677821727499999888e-02 -5.566102168300000042e-01
-6.227900517400000030e-02 -7.656744945819999870e-01
-6.924507629699999667e-02 -8.919957343900000168e-01
-7.320272201699999648e-02 -1.000000000000000000e+00
5.891826505199999897e-02 -5.244292557180000314e-01
8.636034414599999542e-02 -7.181047349160000204e-01
9.627342801499999547e-02 -8.322371783330000383e-01
1.025705303710000016e-01 -9.312434696060000183e-01
1.602728354010000134e-01 -4.485747944969999956e-01
2.321242670020000065e-01 -5.841765254120000472e-01
2.729989210129999955e-01 -6.767568616719999985e-01
3.018592668810000101e-01 -7.701266075720000215e-01
-1.792122894529999955e-01 -1.033247656789999941e-01
-2.921760642890000037e-01 -2.650224475090000031e-01
-3.442380693579999984e-01 -4.100111338119999949e-01
-3.920638983790000198e-01 -5.053578882120000060e-01
-1.608508923549999969e-01 -5.335332452690000338e-01
-2.047836547880000080e-01 -7.168159399760000161e-01
-2.222760818110000036e-01 -8.317389170500000262e-01
-2.336711788799999967e-01 -9.280659690279999818e-01
-4.264591623899999934e-02 -5.559814708160000229e-01
-5.651197449900000058e-02 -7.664577126880000035e-01
-6.491237230599999908e-02 -8.932958502429999559e-01
-7.257221403499999890e-02 -1.000000000000000000e+00
6.421766320699999475e-02 -5.244241428289999618e-01
9.152452776300000481e-02 -7.190460453320000056e-01
1.014363901280000008e-01 -8.337828884429999698e-01
1.048094861649999932e-01 -9.342528836639999446e-01
1.664216188039999988e-01 -4.497599082809999871e-01
2.391294104239999885e-01 -5.819411690919999991e-01
2.796234371040000055e-01 -6.751385279239999759e-01
3.063814114269999833e-01 -7.712850176209999908e-01
-1.766647753989999958e-01 -1.024507058239999963e-01
-2.860212526520000131e-01 -2.622393426379999726e-01
-3.385624559950000112e-01 -4.078635963669999809e-01
-3.863276359319999798e-01 -5.059031548289999458e-01
-1.547639520730000051e-01 -5.280322114819999690e-01
-1.972432634209999869e-01 -7.159176585830000494e-01
-2.141898016809999916e-01 -8.325282883179999649e-01
-2.244367953639999913e-01 -9.298683881229999892e-01
-3.981832990200000200e-02 -5.509038978929999830e-01
-5.381881538700000051e-02 -7.625605214249999708e-01
-6.285017820499999575e-02 -8.917204062689999544e-01
-7.074788526700000191e-02 -1.000000000000000000e+00
6.576234653399999630e-02 -5.203502020789999571e-01
9.566474011999999416e-02 -7.164351593340000379e-01
1.061447683030000005e-01 -8.355910293449999582e-01
1.095457881879999956e-01 -9.394163835359999881e-01
1.664230958919999948e-01 -4.465452977320000238e-01
2.409251569639999924e-01 -5.811948182370000326e-01
2.830912476340000095e-01 -6.732624006620000490e-01
3.109283210029999966e-01 -7.663008593260000056e-01
-1.769198677100000117e-01 -1.015603642490000014e-01
-2.854640321929999836e-01 -2.592906058750000242e-01
-3.361405235409999914e-01 -4.033490576300000074e-01
-3.816366121790000232e-01 -5.012926661300000086e-01
-1.520699974780000130e-01 -5.286991121680000294e-01
-1.928739541360000032e-01 -7.155928362419999855e-01
-2.099828013620000100e-01 -8.310637330740000550e-01
-2.196866454789999923e-01 -9.263682922029999878e-01
-3.659444097500000326e-02 -5.510201421100000552e-01
-4.921953253599999772e-02 -7.631876487090000216e-01
-5.920442289700000166e-02 -8.924054137110000173e-01
-6.775130726700000217e-02 -1.000000000000000000e+00
6.899381648499999797e-02 -5.195538526990000072e-01
9.950419264399999741e-02 -7.176026336459999655e-01
1.073907649349999938e-01 -8.380936457290000252e-01
1.085858397460000013e-01 -9.410680500760000289e-01
1.697796281729999912e-01 -4.443848460259999800e-01
2.432665720230000050e-01 -5.809928366979999481e-01
2.836190117629999730e-01 -6.756556962559999713e-01
3.092319686230000086e-01 -7.698104422139999681e-01
-1.766597383990000103e-01 -9.939488772299999442e-02
-2.862897166210000011e-01 -2.553987152639999869e-01
-3.382823648139999806e-01 -3.974106841730000172e-01
-3.919394704709999733e-01 -4.928356353480000118e-01
-1.580165807820000101e-01 -5.295472834650000182e-01
-1.975157585410000083e-01 -7.146065397619999482e-01
-2.137584413749999968e-01 -8.299515282710000497e-01
-2.228697668700000134e-01 -9.254675796289999479e-01
-4.157629852699999684e-02 -5.522260131609999512e-01
-5.409507674700000240e-02 -7.629532459590000482e-01
-6.408464512900000076e-02 -8.919116136069999978e-01
-7.330044367099999847e-02 -1.000000000000000000e+00
6.477198156300000009e-02 -5.206194655560000273e-01
9.678972838600000128e-02 -7.180953277329999995e-01
1.062808798120000037e-01 -8.357993129249999820e-01
1.088104033820000011e-01 -9.361466936479999612e-01
1.660221547700000133e-01 -4.454912664610000128e-01
2.379470366620000110e-01 -5.828344980670000508e-01
2.769315879329999897e-01 -6.773910758679999589e-01
3.011409941670000201e-01 -7.714785445930000263e-01
-1.801825235020000082e-01 -9.961162421199999673e-02
-2.905057477140000066e-01 -2.589694017070000021e-01
-3.434994731709999916e-01 -4.042314475739999802e-01
-4.021552810149999768e-01 -5.019929913309999492e-01
-1.592113911860000008e-01 -5.303356751479999520e-01
-2.004476985649999987e-01 -7.163386092510000136e-01
-2.193779935440000051e-01 -8.316847365699999717e-01
-2.313931685939999983e-01 -9.280490384209999499e-01
-4.407231347800000254e-02 -5.532513517739999775e-01
-5.340089994399999790e-02 -7.645318724180000247e-01
-6.309521700400000377e-02 -8.929839383230000482e-01
-7.269493955399999874e-02 -1.000000000000000000e+00
6.173613953999999848e-02 -5.231621841669999995e-01
9.606490500299999513e-02 -7.210110423150000170e-01
1.080665964159999992e-01 -8.376677870109999757e-01
1.123273212510000063e-01 -9.364588691840000090e-01
1.618055802710000046e-01 -4.503198522569999973e-01
2.324181340710000099e-01 -5.902856508539999769e-01
2.716740714309999749e-01 -6.855442160610000224e-01
2.969347772950000075e-01 -7.794177295090000124e-01
-1.786122273250000114e-01 -9.911786152200000033e-02
-2.869505628310000112e-01 -2.589612235279999952e-01
-3.401761611879999814e-01 -4.030557207450000123e-01
-3.982913383230000104e-01 -4.986882660340000162e-01
-1.584211128159999926e-01 -5.281408248269999772e-01
-2.015785277090000049e-01 -7.100960634109999559e-01
-2.211894211559999879e-01 -8.248816367629999702e-01
-2.343371044089999911e-01 -9.206130375890000384e-01
-4.624300922499999938e-02 -5.520519341749999809e-01
-5.717248576600000159e-02 -7.622857058299999933e-01
-6.638340474800000224e-02 -8.922513759979999737e-01
-7.510025263399999762e-02 -1.000000000000000000e+00
5.799328629400000296e-02 -5.229139932030000271e-01
8.993958449500000230e-02 -7.209065285250000343e-01
1.004343859020000035e-01 -8.373161682109999671e-01
1.029900649670000001e-01 -9.361361073420000345e-01
1.576956557170000051e-01 -4.503725056410000094e-01
2.288313054520000056e-01 -5.885040615990000390e-01
2.684289913030000196e-01 -6.836555383429999688e-01
2.936538360029999906e-01 -7.776628939390000106e-01
-1.781124361879999896e-01 -9.926758612500000134e-02
-2.884101672630000057e-01 -2.568675275599999752e-01
-3.442229269159999827e-01 -3.991472407919999799e-01
-4.020250448950000166e-01 -4.942800912720000106e-01
-1.619715718530000126e-01 -5.300133979559999986e-01
-2.034054850149999982e-01 -7.114547298969999822e-01
-2.235006896520000119e-01 -8.257737329559999839e-01
-2.372071206320000014e-01 -9.221510943990000042e-01
-5.125345197199999980e-02 -5.539902399039999814e-01
-6.317224927799999779e-02 -7.624630239249999830e-01
-7.407663909999999408e-02 -8.915499526090000515e-01
-8.342497060400000386e-02 -1.000000000000000000e+00
5.178534193599999835e-02 -5.243987284529999515e-01
8.270643627399999753e-02 -7.215280255120000152e-01
9.197766206799999622e-02 -8.365247893180000061e-01
9.454430615299999618e-02 -9.340794589069999487e-01
1.512683902349999943e-01 -4.517391972920000165e-01
2.225940648999999993e-01 -5.912366364200000168e-01
2.597623744529999890e-01 -6.873334890419999788e-01
2.821452895209999867e-01 -7.825045695979999660e-01
-1.753801056310000106e-01 -1.017431571909999943e-01
-2.875070292379999781e-01 -2.613789949309999749e-01
-3.455972481999999846e-01 -4.050915936730000166e-01
-4.055918678529999988e-01 -5.030420133299999819e-01
-1.591163964650000040e-01 -5.321215062299999854e-01
-2.017466203069999964e-01 -7.149275045759999614e-01
-2.218292489950000057e-01 -8.298496814820000012e-01
-2.357161342490000089e-01 -9.268374827609999755e-01
-4.750059535299999691e-02 -5.550820805360000554e-01
-5.915846497599999698e-02 -7.650485936669999543e-01
-6.949680407599999332e-02 -8.929039429759999535e-01
-7.851822042200000407e-02 -1.000000000000000000e+00
5.606314887100000144e-02 -5.248337860939999988e-01
8.702590650399999461e-02 -7.212766629919999950e-01
9.866677348100000300e-02 -8.357063238270000527e-01
1.033910056840000036e-01 -9.341362728719999620e-01
1.557024111320000070e-01 -4.513708931179999939e-01
2.273667918289999923e-01 -5.885874900369999496e-01
2.663028517609999923e-01 -6.834831052630000459e-01
2.912808343769999753e-01 -7.788050905300000215e-01
-1.779558115769999949e-01 -9.839491024499999461e-02
-2.901258316029999840e-01 -2.598628215989999823e-01
-3.479660727180000079e-01 -4.049890846729999883e-01
-4.095841903490000102e-01 -5.025787910919999879e-01
-1.624608454320000117e-01 -5.302868723689999619e-01
-2.055461328980000002e-01 -7.134497829689999682e-01
-2.264455901409999916e-01 -8.284951691859999690e-01
-2.412558135700000050e-01 -9.244913371830000282e-01
-5.141284351000000030e-02 -5.533319554850000266e-01
-6.247251364100000343e-02 -7.634377933489999712e-01
-7.264630892100000514e-02 -8.923031311119999920e-01
-8.157798860199999558e-02 -1.000000000000000000e+00
5.223357897599999883e-02 -5.239208221429999535e-01
8.208466288900000130e-02 -7.205752991999999635e-01
9.213971125299999509e-02 -8.341063895229999803e-01
9.475292258799999923e-02 -9.304375266750000151e-01
1.527211568790000085e-01 -4.518586638989999793e-01
2.236618943889999989e-01 -5.895482065529999982e-01
2.625788326480000268e-01 -6.854841050359999910e-01
2.870982527490000269e-01 -7.807771806450000129e-01
-1.757658812929999981e-01 -9.827543795599999465e-02
-2.864013912400000250e-01 -2.596488805459999938e-01
-3.450907028499999862e-01 -4.037393970220000128e-01
-4.096117095330000235e-01 -5.008604080070000464e-01
-1.585471802149999998e-01 -5.301995227269999944e-01
-2.024163844870000006e-01 -7.119260130679999632e-01
-2.246277315790000118e-01 -8.263908376649999887e-01
-2.414728346979999885e-01 -9.230494129299999795e-01
-4.985027667499999926e-02 -5.535641241430000470e-01
-6.175726835999999914e-02 -7.626839967049999780e-01
-7.348168775299999955e-02 -8.916216057300000442e-01
-8.467962679899999900e-02 -1.000000000000000000e+00
5.212882217400000018e-02 -5.238841167479999505e-01
8.261246723100000577e-02 -7.199817963779999719e-01
9.283563930700000633e-02 -8.340688092129999731e-01
9.488955181699999797e-02 -9.314778277299999854e-01
1.508121354960000049e-01 -4.507145466879999840e-01
2.217745627290000077e-01 -5.901164551690000204e-01
2.592703858140000261e-01 -6.859392287100000152e-01
2.818516711719999956e-01 -7.802328948750000270e-01
-1.752978042359999988e-01 -9.738706278000000549e-02
-2.861304977520000015e-01 -2.592109308760000008e-01
-3.446374873040000120e-01 -4.031540571469999779e-01
-4.076992647329999997e-01 -4.972455255109999861e-01
-1.605116756459999960e-01 -5.282271100659999830e-01
-2.035088404179999921e-01 -7.073768059780000117e-01
-2.253275172260000014e-01 -8.207953583029999889e-01
-2.407550642150000086e-01 -9.164649234170000325e-01
-5.161512303699999915e-02 -5.521793227560000128e-01
-6.505724441500000677e-02 -7.611673466499999652e-01
-7.702113204699999327e-02 -8.905777353379999983e-01
-8.766826762500000425e-02 -1.000000000000000000e+00
5.089281009700000191e-02 -5.231429726990000084e-01
8.011433641600000655e-02 -7.197174372639999484e-01
8.860098834299999504e-02 -8.342193053049999918e-01
8.930250129399999737e-02 -9.326975990689999607e-01
1.505774776430000017e-01 -4.508232530869999977e-01
2.192284581969999868e-01 -5.917856665580000231e-01
2.554394982739999764e-01 -6.882442608359999880e-01
2.768918186139999738e-01 -7.839188210219999453e-01
-1.753792767319999890e-01 -9.956255447200000608e-02
-2.860920404989999999e-01 -2.601290556290000167e-01
-3.456237658649999878e-01 -4.029204411719999879e-01
-4.090124197089999858e-01 -4.976364867949999993e-01
-1.574135627509999913e-01 -5.275622098900000223e-01
-2.016834900320000068e-01 -7.056100173829999989e-01
-2.249014641139999993e-01 -8.190135236379999517e-01
-2.421396064670000015e-01 -9.163261135500000432e-01
-4.925907765399999833e-02 -5.516647099220000072e-01
-6.333652350000000542e-02 -7.604050251139999883e-01
-7.544827646399999976e-02 -8.897049958980000062e-01
-8.604886397800000364e-02 -1.000000000000000000e+00
5.231244095899999919e-02 -5.227159698859999981e-01
8.121006202199999857e-02 -7.192520237989999954e-01
9.072815117999999401e-02 -8.345781565130000468e-01
9.265963672599999978e-02 -9.348683978320000421e-01
1.506177221630000118e-01 -4.502574556600000277e-01
2.191698916239999961e-01 -5.904141593180000092e-01
2.565190805700000021e-01 -6.861922198609999857e-01
2.796278267319999844e-01 -7.816745892109999705e-01
-1.759886690780000096e-01 -9.912457480200000115e-02
-2.876887484919999904e-01 -2.590991507220000156e-01
-3.463077817929999802e-01 -4.020294263670000090e-01
-4.064295705659999869e-01 -4.979971088829999726e-01
-1.589228672259999919e-01 -5.299257224169999780e-01
-2.049910203399999964e-01 -7.071629932049999789e-01
-2.288380100990000110e-01 -8.202040031249999696e-01
-2.467339776099999882e-01 -9.159173910940000551e-01
-5.113054589200000111e-02 -5.538135907710000083e-01
-6.349620534899999558e-02 -7.613132948359999652e-01
-7.386754232400000175e-02 -8.905271384270000423e-01
-8.265963964399999919e-02 -1.000000000000000000e+00
5.052041304100000213e-02 -5.249549417169999677e-01
7.948242324800000591e-02 -7.198156347259999643e-01
8.990756535900000512e-02 -8.344450352690000461e-01
9.276067107600000083e-02 -9.341399394060000416e-01
1.493739143860000063e-01 -4.525046093050000273e-01
2.176635380209999970e-01 -5.917232519709999528e-01
2.545083336080000147e-01 -6.866157020409999756e-01
2.776972727159999765e-01 -7.809829376920000010e-01
-1.771416543669999955e-01 -9.876815824399999555e-02
-2.886224103009999986e-01 -2.614300316809999858e-01
-3.459403804789999981e-01 -4.056008958849999790e-01
-4.073937168580000212e-01 -5.000399179490000456e-01
-1.608556439290000084e-01 -5.330392941830000009e-01
-2.057640287749999963e-01 -7.098996898089999785e-01
-2.294609846269999864e-01 -8.226364382419999455e-01
-2.476009107549999866e-01 -9.177589878840000104e-01
-5.151533097899999719e-02 -5.566827184510000359e-01
-6.232994171799999955e-02 -7.639585530169999972e-01
-7.273752781999999473e-02 -8.919083471580000477e-01
-8.242715487099999683e-02 -1.000000000000000000e+00
5.034184070199999861e-02 -5.272904557649999990e-01
7.855411394599999542e-02 -7.233258112229999925e-01
8.758069796700000686e-02 -8.369925171150000009e-01
8.905558542399999444e-02 -9.347774170549999484e-01
1.489563007420000029e-01 -4.544248546529999766e-01
2.182376571630000039e-01 -5.931000402260000470e-01
2.560291613819999923e-01 -6.891130139440000413e-01
2.798594334419999829e-01 -7.845750584349999723e-01
-1.768070974100000026e-01 -9.832183116400000644e-02
-2.882491330940000207e-01 -2.607966053440000098e-01
-3.458620173990000213e-01 -4.046306487260000195e-01
-4.069805478940000110e-01 -4.978393486409999902e-01
-1.606270978190000032e-01 -5.286914943689999813e-01
-2.047073111630000053e-01 -7.069127769949999918e-01
-2.289116625070000133e-01 -8.207516415319999759e-01
-2.477487767700000121e-01 -9.174619483460000335e-01
-5.225421001200000054e-02 -5.524266635429999628e-01
-6.316391551399999638e-02 -7.607709934330000312e-01
-7.374262848399999737e-02 -8.900854917930000054e-01
-8.318330615199999445e-02 -1.000000000000000000e+00
4.946967289800000001e-02 -5.238138780159999897e-01
7.824741951699999698e-02 -7.199835670919999542e-01
8.855548722299999564e-02 -8.341994618900000491e-01
9.108946084900000628e-02 -9.330383096080000493e-01
1.481964780639999923e-01 -4.522074867509999763e-01
2.169050026969999989e-01 -5.920880832599999533e-01
2.543231630860000037e-01 -6.876785761799999452e-01
2.778510032070000135e-01 -7.827307984829999787e-01
-1.793995921490000034e-01 -9.859640650100000292e-02
-2.937048516040000057e-01 -2.615249378080000131e-01
-3.550167626010000133e-01 -4.050191503780000146e-01
-4.215674994560000277e-01 -4.969482838009999792e-01
-1.670731224729999909e-01 -5.253799214919999683e-01
-2.113813166450000114e-01 -7.041848186639999563e-01
-2.351660658849999974e-01 -8.178360763030000369e-01
-2.532877553860000130e-01 -9.144843541649999574e-01
-5.924289399999999733e-02 -5.499665393529999946e-01
-6.936269686500000364e-02 -7.601157935850000325e-01
-7.942302769100000048e-02 -8.900805365780000145e-01
-8.922361311399999717e-02 -1.000000000000000000e+00
4.320536907499999968e-02 -5.223599237139999740e-01
7.243821458700000493e-02 -7.183048913389999957e-01
8.242179090100000549e-02 -8.341096086460000336e-01
8.349421917799999815e-02 -9.331945627000000076e-01
1.433871883149999971e-01 -4.518794574960000032e-01
2.117377422349999982e-01 -5.922177253060000313e-01
2.488328421680000013e-01 -6.875704276659999614e-01
2.713410266260000148e-01 -7.813074348359999588e-01
-1.783853429320000072e-01 -9.796166092199999620e-02
-2.951206027180000024e-01 -2.605151760369999736e-01
-3.597949127630000188e-01 -4.046936965569999933e-01
-4.266710223649999856e-01 -4.988072317180000104e-01
-1.644147339519999862e-01 -5.250954001509999802e-01
-2.081732674990000032e-01 -7.034437140629999918e-01
-2.318646347920000073e-01 -8.177775296489999679e-01
-2.502913101779999927e-01 -9.150714884620000378e-01
-5.738653212300000306e-02 -5.500289077529999515e-01
-7.013983903400000663e-02 -7.585444177739999461e-01
-8.187526018000000627e-02 -8.891655980389999714e-01
-9.198054183999999911e-02 -1.000000000000000000e+00
4.408216641800000168e-02 -5.228430234430000434e-01
7.062929696500000465e-02 -7.170181417080000452e-01
8.136621581300000627e-02 -8.321885543570000099e-01
8.477176930900000296e-02 -9.318228385560000104e-01
1.423579714459999868e-01 -4.530233033930000097e-01
2.088622432170000043e-01 -5.927752005880000397e-01
2.448505433160000078e-01 -6.887427365279999991e-01
2.677345029179999947e-01 -7.838573491450000486e-01
-1.770878776800000054e-01 -9.609487332299999907e-02
-2.927160460379999996e-01 -2.583514498319999797e-01
-3.557858176709999820e-01 -4.034598885339999996e-01
-4.267967096929999871e-01 -4.982672244749999924e-01
-1.645119170079999971e-01 -5.273191275220000529e-01
-2.096585066570000044e-01 -7.058658641320000315e-01
-2.342052085609999945e-01 -8.197287076460000321e-01
-2.539704333460000019e-01 -9.168548971169999673e-01
-5.626937420199999706e-02 -5.522403241759999970e-01
-6.806881925499999597e-02 -7.612203817689999763e-01
-7.884393751099999514e-02 -8.901638978689999648e-01
-8.927118651099999469e-02 -1.000000000000000000e+00
4.579402426000000331e-02 -5.257105239679999986e-01
7.072705587600000565e-02 -7.196538619729999642e-01
8.144554897300000651e-02 -8.368508542029999830e-01
8.436712302700000166e-02 -9.383723052439999490e-01
1.449635016349999916e-01 -4.570977657720000087e-01
2.101329706889999982e-01 -5.989610653319999978e-01
2.455485065009999912e-01 -6.953722860640000336e-01
2.677092393489999833e-01 -7.904406761650000224e-01
-1.776949129369999880e-01 -9.600716708999999793e-02
-2.940563105980000258e-01 -2.589716507190000239e-01
-3.597688411459999958e-01 -4.034815725259999764e-01
-4.317134618699999815e-01 -4.975791728239999934e-01
-1.651276720400000064e-01 -5.225044860430000382e-01
-2.103677244000000113e-01 -7.000972954990000163e-01
-2.351075941240000078e-01 -8.137590585039999880e-01
-2.543031491619999751e-01 -9.110755629469999839e-01
-5.887728937299999826e-02 -5.479194501769999448e-01
-7.061228867999999603e-02 -7.578506028629999891e-01
-8.112053507300000244e-02 -8.889030769239999463e-01
-9.065217452099999518e-02 -1.000000000000000000e+00
4.221573417700000275e-02 -5.220844992180000421e-01
7.006560438200000462e-02 -7.165276696779999677e-01
8.158052963699999327e-02 -8.344570382979999978e-01
8.464111545999999930e-02 -9.361150436730000246e-01
1.404267900289999926e-01 -4.540748544439999757e-01
2.051363188499999990e-01 -5.950401811450000134e-01
2.398664121790000103e-01 -6.910420214250000415e-01
2.610632357279999982e-01 -7.851522398400000435e-01
-1.771012766439999941e-01 -9.781002280999999410e-02
-2.904508782210000195e-01 -2.644580314960000011e-01
-3.521097276680000276e-01 -4.101187856090000028e-01
-4.266000146760000056e-01 -5.005247154599999915e-01
-1.658294568620000131e-01 -5.305881211509999584e-01
-2.095252231470000059e-01 -7.063799800660000017e-01
-2.328770595140000066e-01 -8.198826339129999807e-01
-2.514479066709999766e-01 -9.165937111199999876e-01
-5.842222330099999805e-02 -5.553747088930000020e-01
-6.957392483299999764e-02 -7.629687078950000423e-01
-7.957202645500000004e-02 -8.912307527770000348e-01
-8.997291315800000355e-02 -1.000000000000000000e+00
4.332303602200000131e-02 -5.291835635049999542e-01
6.790934249400000511e-02 -7.240622527229999550e-01
7.880282514799999416e-02 -8.400552261079999861e-01
8.067183076599999947e-02 -9.409067460479999534e-01
1.430708874590000124e-01 -4.607179416769999758e-01
2.056014276700000032e-01 -6.036753532540000133e-01
2.396077224869999911e-01 -7.007904278380000518e-01
2.595848320810000276e-01 -7.964573400329999497e-01
-1.746338827159999996e-01 -9.652074742100000271e-02
-2.827642604989999975e-01 -2.629979784600000037e-01
-3.329160953670000089e-01 -4.140653867669999988e-01
-3.959033568270000081e-01 -5.122567853659999448e-01
-1.708604513779999889e-01 -5.252040015719999788e-01
-2.169075518259999946e-01 -7.030759187680000188e-01
-2.407746661600000115e-01 -8.171726219839999805e-01
-2.584059314430000032e-01 -9.145099836710000041e-01
-6.266814308000000222e-02 -5.504778449060000467e-01
-7.640151179399999604e-02 -7.609443965550000133e-01
-8.740691683000000045e-02 -8.894125667819999803e-01
-9.839067136100000666e-02 -1.000000000000000000e+00
3.954807188199999796e-02 -5.245356051559999511e-01
6.461759486500000260e-02 -7.216864540330000244e-01
7.509361986899999730e-02 -8.378633806030000297e-01
7.711059102099999951e-02 -9.385205200149999705e-01
1.408512397170000041e-01 -4.560721756350000211e-01
2.020395959300000099e-01 -5.989308829389999866e-01
2.354585104380000071e-01 -6.951227566659999857e-01
2.555847195420000162e-01 -7.903953776269999620e-01
-1.782102047000000133e-01 -9.673986415999999422e-02
-2.825557111240000197e-01 -2.608696605010000225e-01
-3.246852441049999927e-01 -4.137162125270000268e-01
-3.804831287689999786e-01 -5.207187136969999575e-01
-1.746938936930000075e-01 -5.241376026970000490e-01
-2.171273178420000116e-01 -7.042780226339999672e-01
-2.384687200099999960e-01 -8.186078804519999474e-01
-2.526367389029999799e-01 -9.151574977569999492e-01
-6.539897145799999922e-02 -5.496740959920000114e-01
-8.028641440299999488e-02 -7.612174513989999891e-01
-9.229595961900000090e-02 -8.893658431890000271e-01
-1.043103412990000062e-01 -1.000000000000000000e+00
3.822952914600000196e-02 -5.236857711410000116e-01
6.337339978700000376e-02 -7.224184285910000280e-01
7.308743817200000215e-02 -8.382371994759999501e-01
7.448311075800000125e-02 -9.384798350609999673e-01
1.409810679500000108e-01 -4.543839997670000019e-01
2.016020157979999949e-01 -5.992550711559999632e-01
2.323362848989999896e-01 -6.964093598430000087e-01
2.490042519950000088e-01 -7.923059033389999728e-01
-1.785169642290000136e-01 -9.840336257100000539e-02
-2.828405897399999813e-01 -2.639265528210000267e-01
-3.245976507910000031e-01 -4.185432561840000121e-01
-3.789100676070000229e-01 -5.276156670080000000e-01
-1.768088715009999978e-01 -5.249615465010000204e-01
-2.189368396180000065e-01 -7.074311470599999874e-01
-2.369729283950000043e-01 -8.229197447939999854e-01
-2.475304392350000104e-01 -9.191102475139999450e-01
-6.682108073600000198e-02 -5.499354670980000082e-01
-8.366430409199999974e-02 -7.618182000790000297e-01
-9.492461812899999352e-02 -8.902599564580000457e-01
-1.055074961820000046e-01 -1.000000000000000000e+00
3.804485739400000066e-02 -5.239171955029999772e-01
6.300781248299999748e-02 -7.236708884510000273e-01
7.306798444800000070e-02 -8.407112698840000231e-01
7.583361710399999511e-02 -9.424555626870000369e-01
1.414575877060000042e-01 -4.546941125260000049e-01
2.024641190679999925e-01 -5.994711542380000147e-01
2.342818814110000092e-01 -6.943550433349999773e-01
2.531175932679999852e-01 -7.883868441939999583e-01
-1.791994813409999998e-01 -9.607220088199999730e-02
-2.841345595149999959e-01 -2.597874751459999798e-01
-3.240699736089999727e-01 -4.152328194689999807e-01
-3.738673261070000198e-01 -5.259844155430000168e-01
-1.792872541520000029e-01 -5.230078087049999658e-01
-2.216662349530000020e-01 -7.070881973620000149e-01
-2.391028555739999895e-01 -8.235614645619999674e-01
-2.486163349069999973e-01 -9.201735897149999621e-01
-6.882481735199999506e-02 -5.491713574690000321e-01
-8.814890773800000690e-02 -7.615518339260000102e-01
-9.921688708400000500e-02 -8.901193744399999996e-01
-1.090670819529999946e-01 -1.000000000000000000e+00
3.674309570200000319e-02 -5.246013104190000442e-01
5.905201846299999724e-02 -7.246162226860000111e-01
6.909046424499999672e-02 -8.417433062129999755e-01
7.231482426700000521e-02 -9.428983197160000218e-01
1.412149116139999883e-01 -4.569716762989999848e-01
1.999275317499999982e-01 -6.015333818939999633e-01
2.316011655109999900e-01 -6.954374956409999919e-01
2.510892604559999963e-01 -7.879287404739999667e-01
-1.800265767729999911e-01 -9.642392283499999495e-02
-2.857144207460000085e-01 -2.621561183130000083e-01
-3.209665235949999973e-01 -4.200871842710000026e-01
-3.634935495070000244e-01 -5.303894383789999889e-01
-1.867704395460000055e-01 -5.224367926680000274e-01
-2.257660218310000022e-01 -7.071908227630000487e-01
-2.401252911929999956e-01 -8.234874696989999965e-01
-2.462563449319999931e-01 -9.188147203380000461e-01
-7.368821715600000488e-02 -5.498101813289999473e-01
-9.501626052799999611e-02 -7.630524741490000151e-01
-1.063314109730000012e-01 -8.908870368629999703e-01
-1.162881016369999992e-01 -1.000000000000000000e+00
3.416913634100000180e-02 -5.260537531469999806e-01
5.437114183399999884e-02 -7.263994277180000347e-01
6.608859829400000330e-02 -8.424573810900000126e-01
7.117587382999999990e-02 -9.430641700959999651e-01
1.408243234400000099e-01 -4.591645663939999955e-01
1.957749616949999993e-01 -6.038432920999999842e-01
2.262682656870000086e-01 -6.963400562860000420e-01
2.455106941859999947e-01 -7.881576033560000472e-01
-1.784508861820000014e-01 -9.593415406100000431e-02
-2.830426037950000140e-01 -2.624398836760000187e-01
-3.154898781020000209e-01 -4.211545858379999729e-01
-3.527476177680000102e-01 -5.291122531830000364e-01
-1.871502909470000031e-01 -5.177906631890000222e-01
-2.239133767639999995e-01 -7.054027109049999522e-01
-2.369982094789999938e-01 -8.228401649500000081e-01
-2.413933205350000111e-01 -9.175988918140000061e-01
-7.538012977399999315e-02 -5.443374983559999825e-01
-9.579639913000000118e-02 -7.602082652730000056e-01
-1.071040250649999970e-01 -8.902011409269999787e-01
-1.166518738100000008e-01 -1.000000000000000000e+00
3.179962737599999895e-02 -5.205978976780000211e-01
5.177200274799999974e-02 -7.217785766850000062e-01
6.167241849599999770e-02 -8.382389033610000428e-01
6.502593307899999509e-02 -9.377324017220000085e-01
1.379419161150000073e-01 -4.542163042130000217e-01
1.932291413239999867e-01 -5.988060423959999934e-01
2.231604387920000099e-01 -6.922289974659999734e-01
2.418636137259999874e-01 -7.838179084699999910e-01
-1.775346642919999884e-01 -9.503145353399999884e-02
-2.804555385410000268e-01 -2.613405308980000230e-01
-3.116571869429999864e-01 -4.219868557829999922e-01
-3.516217486689999783e-01 -5.355902930450000543e-01
-1.880905964950000120e-01 -5.182408778020000106e-01
-2.262125881529999938e-01 -7.067593630709999575e-01
-2.371746157830000035e-01 -8.249637198139999628e-01
-2.393798475220000055e-01 -9.200812761819999741e-01
-7.593800983399999482e-02 -5.445040392629999504e-01
-9.996136332900000532e-02 -7.605194952570000222e-01
-1.114220635019999989e-01 -8.909111882150000383e-01
-1.213997965649999955e-01 -1.000000000000000000e+00
3.102689380500000052e-02 -5.206173083830000214e-01
4.846121388499999988e-02 -7.229200851000000538e-01
5.653759856900000130e-02 -8.389714886450000408e-01
5.816865847700000008e-02 -9.372755380930000157e-01
1.372102447180000018e-01 -4.550451443429999743e-01
1.904632419149999978e-01 -5.989665289379999535e-01
2.176251431289999982e-01 -6.923567905699999914e-01
2.330293429180000098e-01 -7.839446660059999905e-01
-1.777605403180000099e-01 -9.345000875299999676e-02
-2.777029925169999802e-01 -2.607894887730000111e-01
-3.045828635310000032e-01 -4.223747220949999881e-01
-3.428973676279999938e-01 -5.365689128720000367e-01
-1.884630724149999881e-01 -5.190455408649999880e-01
-2.235575919630000130e-01 -7.067242157369999500e-01
-2.318466087909999973e-01 -8.243739033579999820e-01
-2.314057836210000052e-01 -9.183863223299999490e-01
-7.742826415499999559e-02 -5.447017258049999811e-01
-1.008190227389999943e-01 -7.605821376269999989e-01
-1.112265199670000038e-01 -8.910879391729999988e-01
-1.202348366819999959e-01 -1.000000000000000000e+00
2.907190693900000081e-02 -5.206383634100000268e-01
4.459928525899999746e-02 -7.240631909520000020e-01
5.263161971900000291e-02 -8.384356065639999578e-01
5.395699071800000302e-02 -9.355969817599999461e-01
1.359035858759999882e-01 -4.552208961190000180e-01
1.872835425159999900e-01 -5.989225360119999619e-01
2.136489820359999958e-01 -6.923889271249999977e-01
2.281535423330000034e-01 -7.849848815579999473e-01
-1.753532362949999923e-01 -9.454435951299999807e-02
-2.748263861879999825e-01 -2.616904585209999801e-01
-3.017815421089999894e-01 -4.231913790940000086e-01
-3.388498509589999985e-01 -5.380485536160000137e-01
-1.869791330520000072e-01 -5.189960288570000246e-01
-2.215575402040000086e-01 -7.088768314440000440e-01
-2.285675196499999950e-01 -8.269936920449999507e-01
-2.259044982339999952e-01 -9.200420416219999842e-01
-7.696586244200000204e-02 -5.438313302799999693e-01
-1.010673319960000011e-01 -7.611209167069999948e-01
-1.108080797669999951e-01 -8.919108860929999549e-01
-1.188839574189999998e-01 -1.000000000000000000e+00
2.822743879299999953e-02 -5.197691726950000035e-01
4.180552152300000268e-02 -7.228263178329999983e-01
4.834827042400000052e-02 -8.376590760850000095e-01
4.881347261900000067e-02 -9.333225146189999544e-01
1.342772110419999942e-01 -4.550365839009999913e-01
1.852115269790000074e-01 -6.001914585419999559e-01
2.114447929449999874e-01 -6.959187140550000539e-01
2.256189064780000086e-01 -7.892857301769999889e-01
-1.758077604889999868e-01 -9.422094041299999834e-02
-2.736454112219999790e-01 -2.613600332880000043e-01
-2.983316995260000271e-01 -4.238088575669999858e-01
-3.338559295899999890e-01 -5.390322470260000554e-01
-1.861771119800000041e-01 -5.169786118119999996e-01
-2.185443640009999966e-01 -7.058470768479999657e-01
-2.240024008940000033e-01 -8.237826394270000296e-01
-2.201539443199999890e-01 -9.165306170039999589e-01
-7.670515829900000082e-02 -5.422343730649999971e-01
-1.013486455949999948e-01 -7.593476414880000469e-01
-1.113780117300000039e-01 -8.913432212740000082e-01
-1.200021117859999958e-01 -1.000000000000000000e+00
2.923197731899999929e-02 -5.187135289240000224e-01
4.209645590500000339e-02 -7.220752956520000154e-01
4.785869287899999908e-02 -8.371314053499999686e-01
4.749791269399999960e-02 -9.328914028420000060e-01
1.365837669709999980e-01 -4.544269969770000084e-01
1.860548161779999876e-01 -5.998108629559999461e-01
2.106588841519999866e-01 -6.949552300460000165e-01
2.236757403790000098e-01 -7.877459076839999907e-01
-1.744920456100000072e-01 -9.413102465200000324e-02
-2.723232631929999870e-01 -2.618446236429999852e-01
-2.967929408139999836e-01 -4.242843844340000170e-01
-3.339596269360000091e-01 -5.388433297150000412e-01
-1.874940618060000064e-01 -5.182971198720000006e-01
-2.198776359160000138e-01 -7.070702241480000261e-01
-2.251316263379999905e-01 -8.245693114409999858e-01
-2.210195920099999878e-01 -9.171856265729999569e-01
-7.751397869600000490e-02 -5.433486487799999987e-01
-1.012074664200000029e-01 -7.606736933369999676e-01
-1.106432621870000049e-01 -8.918751525129999802e-01
-1.190697579279999946e-01 -1.000000000000000000e+00
2.824126179400000131e-02 -5.191694980759999911e-01
4.255713001900000153e-02 -7.235860185870000016e-01
4.936405718800000036e-02 -8.394437528520000136e-01
5.004293221299999789e-02 -9.360917745060000072e-01
1.352796206380000033e-01 -4.542949085660000219e-01
1.858791007529999872e-01 -5.997662620329999861e-01
2.116070870039999940e-01 -6.952651884680000061e-01
2.255955175209999886e-01 -7.889688150139999578e-01
-1.750523720740000122e-01 -9.459359861400000458e-02
-2.711516384989999806e-01 -2.620287169369999725e-01
-2.939653188069999978e-01 -4.243261783500000273e-01
-3.320608669389999990e-01 -5.390305088450000337e-01
-1.840636115050000021e-01 -5.168232840590000210e-01
-2.169046991910000000e-01 -7.067594107529999725e-01
-2.233356630660000008e-01 -8.250340579789999795e-01
-2.207192841370000103e-01 -9.180964071089999790e-01
-7.453531042899999570e-02 -5.414553167910000075e-01
-9.839608994399999531e-02 -7.595791513070000445e-01
-1.082555557930000023e-01 -8.915449502579999574e-01
-1.171507776460000011e-01 -1.000000000000000000e+00
3.044082192099999834e-02 -5.174981306239999634e-01
4.215159973299999890e-02 -7.225176580100000079e-01
4.770873016300000019e-02 -8.388519264560000410e-01
4.709426293800000191e-02 -9.352077702159999895e-01
1.368453192849999889e-01 -4.529517663259999827e-01
1.868707501050000108e-01 -5.979928933660000334e-01
2.126123530479999968e-01 -6.940700515450000108e-01
2.263296061929999936e-01 -7.878431097539999595e-01
-1.740608762299999945e-01 -9.691169184700000605e-02
-2.703944169179999801e-01 -2.651436866329999753e-01
-2.940039764740000061e-01 -4.273607786049999913e-01
-3.293928891580000240e-01 -5.438578050219999849e-01
-1.826263008429999946e-01 -5.196020780179999576e-01
-2.162364668250000010e-01 -7.091790713760000031e-01
-2.238967027100000062e-01 -8.270512345720000269e-01
-2.229562217930000090e-01 -9.203777688190000195e-01
-7.397303986900000128e-02 -5.435662630569999543e-01
-9.903629183800000124e-02 -7.596903186629999638e-01
-1.106516939300000030e-01 -8.911586199580000534e-01
-1.214952446439999945e-01 -1.000000000000000000e+00
3.032239847600000024e-02 -5.182740059670000177e-01
4.255358316800000179e-02 -7.230548899069999536e-01
4.740300464200000036e-02 -8.394292581660000030e-01
4.554716433699999845e-02 -9.364205862800000224e-01
1.359764844169999987e-01 -4.520899752509999758e-01
1.876951543039999948e-01 -5.968893036819999942e-01
2.146918487120000052e-01 -6.931163829880000460e-01
2.288764611899999912e-01 -7.873371852160000461e-01
-1.749985839640000040e-01 -9.617474537200000617e-02
-2.711616367670000027e-01 -2.644209597020000246e-01
-2.938888327820000090e-01 -4.283400827350000162e-01
-3.296302915289999746e-01 -5.464729765810000250e-01
-1.858469446999999886e-01 -5.195827036639999452e-01
-2.196613457449999862e-01 -7.094352576900000429e-01
-2.260720325189999880e-01 -8.272035420690000418e-01
-2.234065342940000087e-01 -9.200480067859999611e-01
-7.656905778599999712e-02 -5.441197132630000155e-01
-1.027251570759999955e-01 -7.606143979010000500e-01
-1.139811019290000033e-01 -8.922001659349999558e-01
-1.243665490059999990e-01 -1.000000000000000000e+00
2.846985242299999996e-02 -5.191454932769999919e-01
4.033156916899999916e-02 -7.238115391670000287e-01
4.558558316900000046e-02 -8.402894377089999978e-01
4.404466046899999793e-02 -9.366112190509999769e-01
1.353024384319999884e-01 -4.532506049660000036e-01
1.858230500820000075e-01 -5.985248180709999977e-01
2.115682536350000087e-01 -6.950106774940000287e-01
2.241948019749999965e-01 -7.888863809730000121e-01
-1.752321828489999955e-01 -9.584745353800000478e-02
-2.710179009159999763e-01 -2.661227266999999785e-01
-2.937086177029999967e-01 -4.303141756850000221e-01
-3.310266137230000183e-01 -5.466881124779999768e-01
-1.855794759690000129e-01 -5.214736205890000420e-01
-2.193579036939999893e-01 -7.103335007740000373e-01
-2.250986397470000067e-01 -8.279195760649999958e-01
-2.210052364779999945e-01 -9.200889770760000141e-01
-7.566097418200000424e-02 -5.457565364599999969e-01
-1.015503122549999970e-01 -7.614387708900000051e-01
-1.116977680130000067e-01 -8.926039478639999913e-01
-1.202866962629999953e-01 -1.000000000000000000e+00
2.939087609399999856e-02 -5.208720820909999993e-01
4.199939013899999657e-02 -7.250676573090000243e-01
4.774588681099999760e-02 -8.411068155419999526e-01
4.744628370400000295e-02 -9.366386840829999949e-01
1.356583186900000015e-01 -4.550336495280000171e-01
1.866479941080000093e-01 -6.000407117649999567e-01
2.135534949710000130e-01 -6.961822626860000307e-01
2.280405311969999904e-01 -7.891912864890000545e-01
-1.754574534499999949e-01 -9.505060107700000205e-02
-2.715554077840000025e-01 -2.661433678499999789e-01
-2.947628035759999876e-01 -4.310995145270000162e-01
-3.328691236399999864e-01 -5.467122730450000301e-01
-1.860175762000000066e-01 -5.210584363920000017e-01
-2.201166493900000021e-01 -7.107200120940000421e-01
-2.260729923889999993e-01 -8.284505669899999702e-01
-2.219162549070000101e-01 -9.201393525100000081e-01
-7.717922352700000432e-02 -5.458912234499999627e-01
-1.041947496040000060e-01 -7.615219292649999527e-01
-1.149509256109999961e-01 -8.927340174190000477e-01
-1.236331236519999932e-01 -1.000000000000000000e+00
2.771304680400000012e-02 -5.219477600020000496e-01
3.938893722799999969e-02 -7.251009013739999620e-01
4.491983444900000261e-02 -8.416623738530000232e-01
4.479536105299999904e-02 -9.373566193040000494e-01
1.341034907700000001e-01 -4.571499378159999960e-01
1.864062109369999942e-01 -6.011722299909999512e-01
2.148117750250000124e-01 -6.960718470860000062e-01
2.312335838110000097e-01 -7.876963792140000420e-01
