-1.716307364090000065e-01 -1.154266862819999934e-01
-2.718689989929999884e-01 -2.991751516739999950e-01
-3.147875878629999846e-01 -4.582485140020000070e-01
-3.738885590139999771e-01 -5.779676680809999745e-01
-1.101615717690000024e-01 -5.483639028369999835e-01
-1.456219436829999936e-01 -7.450942817419999864e-01
-1.567306376919999911e-01 -8.650374739039999872e-01
-1.622868875429999969e-01 -9.704370288320000038e-01
4.996988966999999990e-03 -5.515713096709999874e-01
1.197873344900000046e-02 -7.666531828120000114e-01
2.150109848300000084e-02 -8.915339951659999596e-01
3.054939155600000164e-02 -1.000000000000000000e+00
1.066880300579999968e-01 -5.038458407210000267e-01
1.266491118939999938e-01 -6.943466259960000553e-01
1.342271202829999899e-01 -8.052327866339999973e-01
1.365372330769999976e-01 -9.044644440319999923e-01
2.029122843039999902e-01 -4.196911295590000091e-01
2.467906098150000060e-01 -5.622015698119999794e-01
2.628341722099999944e-01 -6.550208726030000150e-01
2.691914321259999965e-01 -7.484194161539999834e-01
-1.714882258400000081e-01 -1.175067517710000065e-01
-2.726259005560000004e-01 -3.020779115400000214e-01
-3.184423101450000182e-01 -4.606357793950000001e-01
-3.802390176129999966e-01 -5.792434288800000219e-01
-1.090563018540000040e-01 -5.487442638730000155e-01
-1.444316981050000059e-01 -7.463274205769999670e-01
-1.579893192450000095e-01 -8.662430768990000418e-01
-1.667791322130000031e-01 -9.728038351590000410e-01
5.292554795000000388e-03 -5.515265964390000386e-01
1.283719835400000051e-02 -7.673453562180000409e-01
1.973101106800000115e-02 -8.914621434830000135e-01
2.510631594400000027e-02 -1.000000000000000000e+00
1.063671289190000063e-01 -5.038814977909999993e-01
1.279571220079999960e-01 -6.975990999829999595e-01
1.348433322400000023e-01 -8.105332665190000396e-01
1.352052103309999975e-01 -9.128379805330000263e-01
2.017007188359999925e-01 -4.193277286970000239e-01
2.465472273060000108e-01 -5.622256555219999896e-01
2.631868357200000119e-01 -6.567082500440000192e-01
2.694286479760000241e-01 -7.530283349580000340e-01
-1.716914999789999896e-01 -1.144344988449999961e-01
-2.740084712079999818e-01 -2.961038093869999832e-01
-3.186945800300000076e-01 -4.533230646029999811e-01
-3.767787488659999906e-01 -5.702374933860000494e-01
-1.114464345400000000e-01 -5.446995026290000208e-01
-1.464581218200000090e-01 -7.412285533579999752e-01
-1.607535304619999994e-01 -8.604219831299999566e-01
-1.705705862130000028e-01 -9.663138116020000279e-01
3.489002869000000159e-03 -5.483324798149999957e-01
1.413278933099999975e-02 -7.644835227990000037e-01
2.194690654300000127e-02 -8.899444674859999793e-01
2.839178196800000095e-02 -1.000000000000000000e+00
1.050781201240000018e-01 -5.012953537130000470e-01
1.305538832110000047e-01 -6.935185468829999644e-01
1.405672357949999951e-01 -8.065586040659999956e-01
1.438728185300000018e-01 -9.076684721279999479e-01
2.010471698990000111e-01 -4.177650207170000018e-01
2.484357541480000098e-01 -5.593493118310000067e-01
2.670149668180000213e-01 -6.526375901180000438e-01
2.751687142590000246e-01 -7.468603322250000343e-01
-1.755695775420000049e-01 -1.158755701090000007e-01
-2.835467986090000059e-01 -2.967809567220000000e-01
-3.349611961310000052e-01 -4.523080961720000182e-01
-3.962531523610000050e-01 -5.659766713810000516e-01
-1.136090690240000034e-01 -5.456210797939999857e-01
-1.477539172310000093e-01 -7.384979173050000290e-01
-1.621169667800000103e-01 -8.569699933040000328e-01
-1.723238281560000029e-01 -9.627065607370000055e-01
2.413364925000000081e-03 -5.494559813739999798e-01
1.317011728700000044e-02 -7.629149377070000293e-01
2.074559992500000019e-02 -8.887177281520000083e-01
2.750075147000000109e-02 -1.000000000000000000e+00
1.042986036770000013e-01 -5.015134801480000126e-01
1.334711454460000002e-01 -6.913272850299999606e-01
1.456539398470000080e-01 -8.027480974589999985e-01
1.506686086050000040e-01 -9.033130244339999670e-01
1.996950351869999918e-01 -4.160297727530000156e-01
2.508990253899999745e-01 -5.528627543809999656e-01
2.714346860879999768e-01 -6.446893121050000230e-01
2.811555510270000169e-01 -7.385425030609999997e-01
-1.761426263189999897e-01 -1.147126163809999988e-01
-2.851868890550000035e-01 -2.941129361009999776e-01
-3.359171836500000063e-01 -4.498270880340000111e-01
-3.899142119899999814e-01 -5.658852772569999967e-01
-1.125864334190000010e-01 -5.401979650160000368e-01
-1.488362121619999923e-01 -7.325571171720000052e-01
-1.634903730399999977e-01 -8.509705651869999832e-01
-1.731541472810000093e-01 -9.563124699980000143e-01
2.255682937999999894e-03 -5.446031949189999999e-01
1.213055505400000011e-02 -7.589224991520000518e-01
2.116091826300000103e-02 -8.867094324780000481e-01
3.080473330600000045e-02 -1.000000000000000000e+00
1.031723839720000008e-01 -4.965317003659999728e-01
1.322820530009999884e-01 -6.850760333190000217e-01
1.444866331999999920e-01 -7.972504560490000225e-01
1.506553169859999874e-01 -8.983920356110000061e-01
1.971091185080000030e-01 -4.105908848779999953e-01
2.502488992760000253e-01 -5.465359204149999872e-01
2.722185172959999955e-01 -6.388475359249999874e-01
2.837924455290000147e-01 -7.331530753549999613e-01
-1.781686926100000123e-01 -1.176912478889999975e-01
-2.874311392610000016e-01 -2.989898808629999905e-01
-3.373418666970000035e-01 -4.556787891590000084e-01
-3.887296739209999963e-01 -5.726412101090000428e-01
-1.125287829559999953e-01 -5.423051657209999599e-01
-1.499581861750000078e-01 -7.361818378800000229e-01
-1.656567488959999890e-01 -8.555912570789999672e-01
-1.762063204479999978e-01 -9.625144955850000184e-01
3.732143543999999827e-03 -5.457257840160000262e-01
1.398748364399999937e-02 -7.602374799609999956e-01
2.288289166300000108e-02 -8.871516223440000237e-01
3.258808765099999866e-02 -1.000000000000000000e+00
1.059782242959999982e-01 -4.963481141850000222e-01
1.360520189120000001e-01 -6.852943662629999988e-01
1.488167363450000058e-01 -7.971211069360000234e-01
1.556520504020000029e-01 -8.990582683550000231e-01
2.010483268790000111e-01 -4.086358707669999757e-01
2.543815678210000208e-01 -5.454216027089999752e-01
2.770157723130000083e-01 -6.386338954539999557e-01
2.893623588990000273e-01 -7.345926149239999647e-01
-1.784258973950000049e-01 -1.175945560030000059e-01
-2.869036390879999843e-01 -3.005634024689999850e-01
-3.337045209369999821e-01 -4.585023949529999920e-01
-3.808074162110000049e-01 -5.755166026739999552e-01
-1.110619520229999962e-01 -5.435283772660000068e-01
-1.490969984770000034e-01 -7.356443883069999634e-01
-1.651813875800000053e-01 -8.540869497540000133e-01
-1.757156396479999938e-01 -9.595203723020000464e-01
6.064334250000000086e-03 -5.466933528590000035e-01
1.668984560100000153e-02 -7.597463551869999554e-01
2.674540341299999971e-02 -8.865182771059999522e-01
3.839966660599999915e-02 -1.000000000000000000e+00
1.089747831150000013e-01 -4.965196303589999860e-01
1.368422825579999891e-01 -6.842006904220000463e-01
1.502975465149999912e-01 -7.973556490869999624e-01
1.586503919549999975e-01 -9.004926973729999728e-01
2.046088529279999901e-01 -4.082186788070000238e-01
2.576177487870000005e-01 -5.481365838730000162e-01
2.805543280680000140e-01 -6.438332008449999533e-01
2.935372120520000072e-01 -7.421975434959999784e-01
-1.788988772729999954e-01 -1.166019742470000009e-01
-2.887100314580000049e-01 -2.986337790019999994e-01
-3.370692588459999750e-01 -4.574068452210000024e-01
-3.863575392560000266e-01 -5.747352465270000321e-01
-1.120831675559999935e-01 -5.428105993880000257e-01
-1.508950678809999890e-01 -7.356659255699999900e-01
-1.674564348579999917e-01 -8.544158872360000379e-01
-1.787882075030000073e-01 -9.599156062420000080e-01
5.959453705999999754e-03 -5.464483756189999486e-01
1.528824677299999921e-02 -7.604641468670000348e-01
2.392192146199999953e-02 -8.874285632680000147e-01
3.378597657299999696e-02 -1.000000000000000000e+00
1.093086035940000061e-01 -4.966416962769999999e-01
1.374528692800000007e-01 -6.847690236390000518e-01
1.507371217050000045e-01 -7.984571416319999893e-01
1.587473686270000073e-01 -9.012834604249999604e-01
2.048588177710000124e-01 -4.084162211260000119e-01
2.593036289760000113e-01 -5.478299569729999652e-01
2.830016441239999736e-01 -6.430788437500000176e-01
2.967495276720000241e-01 -7.400577067639999562e-01
-1.757983522580000013e-01 -1.166735989969999998e-01
-2.833808464299999996e-01 -2.978979282349999980e-01
-3.317109818019999823e-01 -4.543112351799999948e-01
-3.831942434469999825e-01 -5.708473348899999467e-01
-1.067424194169999951e-01 -5.405921275399999670e-01
-1.448494499769999999e-01 -7.331352050249999586e-01
-1.622449872850000030e-01 -8.516121188009999621e-01
-1.748149373279999919e-01 -9.575158044839999771e-01
9.996442571000000235e-03 -5.440371194440000169e-01
1.974726981299999851e-02 -7.579469872299999800e-01
2.713515957999999839e-02 -8.857768475070000314e-01
3.543029431999999979e-02 -1.000000000000000000e+00
1.118568922670000049e-01 -4.945536469610000152e-01
1.407352591129999997e-01 -6.818227148729999465e-01
1.527765491299999945e-01 -7.958154800690000474e-01
1.591065228350000138e-01 -8.994573561109999726e-01
2.060523675900000073e-01 -4.064659531690000271e-01
2.604635236869999870e-01 -5.443495771870000555e-01
2.844493714529999773e-01 -6.392996297670000549e-01
2.979675718929999939e-01 -7.362190154450000135e-01
-1.773558636510000064e-01 -1.180762175330000024e-01
-2.865525615230000156e-01 -3.027891310790000179e-01
-3.376434265300000126e-01 -4.607295456000000122e-01
-3.943959927840000046e-01 -5.768592395480000024e-01
-1.079040359929999970e-01 -5.452091354100000453e-01
-1.482462871720000019e-01 -7.375031988939999561e-01
-1.673542898100000009e-01 -8.556686201380000467e-01
-1.817266960570000089e-01 -9.624551443169999665e-01
9.540882247000000843e-03 -5.495927581649999727e-01
1.645508129200000044e-02 -7.602782958539999747e-01
2.317850094299999872e-02 -8.865817402510000056e-01
3.013154917500000113e-02 -1.000000000000000000e+00
1.117119137920000033e-01 -5.008325754379999717e-01
1.381732308270000043e-01 -6.873909747990000207e-01
1.499698164230000019e-01 -8.008423161250000089e-01
1.549734124380000022e-01 -9.040324515030000452e-01
2.065974078299999961e-01 -4.139649260869999736e-01
2.607823416460000043e-01 -5.514455057889999789e-01
2.834959074699999748e-01 -6.453168567360000329e-01
2.944118118740000067e-01 -7.416201966880000551e-01
-1.766238899289999942e-01 -1.183916577579999935e-01
-2.856612241129999896e-01 -3.005564790040000100e-01
-3.355548540859999984e-01 -4.567334560090000051e-01
-3.839848700119999902e-01 -5.720735573620000514e-01
-1.080798776990000015e-01 -5.452250062329999647e-01
-1.488524528150000081e-01 -7.358086559490000234e-01
-1.681523541430000046e-01 -8.535754899859999689e-01
-1.825287825939999886e-01 -9.597159237000000287e-01
9.060280093999999174e-03 -5.492468075209999689e-01
1.723714493099999870e-02 -7.601567468969999686e-01
2.419953041799999954e-02 -8.869603309769999999e-01
3.165074339500000000e-02 -1.000000000000000000e+00
1.109386221360000035e-01 -4.999856354639999889e-01
1.401889715649999868e-01 -6.859987182619999846e-01
1.527890080859999888e-01 -7.985927056930000045e-01
1.587762484640000138e-01 -9.004279914749999669e-01
2.049451085719999899e-01 -4.123121243010000048e-01
2.601148484649999926e-01 -5.492204538630000021e-01
2.830980470069999755e-01 -6.433307115630000350e-01
2.947045326900000206e-01 -7.396622509800000467e-01
-1.763126251640000086e-01 -1.183306552639999953e-01
-2.864523923769999869e-01 -3.024653203770000243e-01
-3.404178267240000055e-01 -4.588198333249999816e-01
-3.974979384730000231e-01 -5.763407826040000126e-01
-1.060170726030000010e-01 -5.439439235959999674e-01
-1.457106832579999900e-01 -7.349345124020000286e-01
-1.651587112319999884e-01 -8.515698401489999458e-01
-1.794592670060000117e-01 -9.566099321780000553e-01
1.125531423800000055e-02 -5.486776238860000543e-01
1.769375479499999890e-02 -7.609954086129999684e-01
2.386768062199999887e-02 -8.871206287730000195e-01
2.953466477799999990e-02 -1.000000000000000000e+00
1.136547782890000025e-01 -5.015120258130000286e-01
1.411986689380000104e-01 -6.900226319019999721e-01
1.540665712759999861e-01 -8.028595335199999461e-01
1.586816619399999961e-01 -9.053812136719999737e-01
2.086902097349999929e-01 -4.164576108410000255e-01
2.623484502389999973e-01 -5.584815489750000195e-01
2.854567060200000062e-01 -6.550877872849999450e-01
2.955809339650000145e-01 -7.536838120579999467e-01
-1.767090107850000091e-01 -1.156336503150000028e-01
-2.860376993040000260e-01 -2.979264349879999774e-01
-3.371956306480000110e-01 -4.541771377889999850e-01
-3.931849695260000166e-01 -5.696416912249999687e-01
-1.116129420429999991e-01 -5.425011503009999903e-01
-1.527690895669999993e-01 -7.332569163280000524e-01
-1.719206450080000004e-01 -8.508630356859999688e-01
-1.854451761489999961e-01 -9.571192759400000138e-01
7.056821425000000050e-03 -5.477571033770000097e-01
1.329310717400000036e-02 -7.591709459909999902e-01
2.036220921100000136e-02 -8.861384241719999499e-01
2.823259140099999842e-02 -1.000000000000000000e+00
1.102084811309999995e-01 -5.000166101240000049e-01
1.378946448939999958e-01 -6.863790764830000057e-01
1.514008743470000029e-01 -8.006877172759999661e-01
1.585654790109999879e-01 -9.040855853760000338e-01
2.051315939899999996e-01 -4.143797267600000112e-01
2.578430824180000247e-01 -5.556230144699999540e-01
2.809760600940000019e-01 -6.501100761660000282e-01
2.930302561650000026e-01 -7.458577635919999560e-01
-1.789847815479999882e-01 -1.151795291389999948e-01
-2.919398196749999896e-01 -2.961367183499999944e-01
-3.470054573899999939e-01 -4.521631384609999804e-01
-4.040434133549999918e-01 -5.700850352130000243e-01
-1.188727081759999998e-01 -5.412480173360000313e-01
-1.608344227119999914e-01 -7.352080043049999958e-01
-1.812343974439999950e-01 -8.524469244660000111e-01
-1.957379226690000029e-01 -9.573439833029999679e-01
-4.923642599999999953e-05 -5.463595452180000089e-01
6.221433763999999721e-03 -7.607839732569999791e-01
1.153086108399999955e-02 -8.870928869180000342e-01
1.689977745099999901e-02 -1.000000000000000000e+00
1.039432222940000067e-01 -4.987324228080000088e-01
1.308457433640000112e-01 -6.879421079769999503e-01
1.433513187859999927e-01 -8.027802605860000495e-01
1.483877998629999917e-01 -9.061867700679999693e-01
2.000059936109999936e-01 -4.133794385380000214e-01
2.521053452679999918e-01 -5.554666448620000363e-01
2.743620578259999832e-01 -6.518118997440000006e-01
2.842895758160000064e-01 -7.496441274849999781e-01
-1.765367306020000082e-01 -1.126390927200000003e-01
-2.882824860509999865e-01 -2.911562807359999727e-01
-3.436319191119999727e-01 -4.455210356989999787e-01
-3.998224397069999880e-01 -5.610082570859999951e-01
-1.198765840510000041e-01 -5.398258884859999940e-01
-1.656024742399999916e-01 -7.353264313359999527e-01
-1.885503214539999972e-01 -8.547022764160000508e-01
-2.050801841029999961e-01 -9.619644272549999764e-01
-1.993009193000000109e-03 -5.446687729379999787e-01
3.726397884000000153e-03 -7.597344588490000383e-01
9.806372544000000260e-03 -8.867343544969999991e-01
1.667124777000000141e-02 -1.000000000000000000e+00
1.010567324080000051e-01 -4.963177257599999948e-01
1.275349447859999985e-01 -6.852690824399999547e-01
1.400760655499999896e-01 -7.999007551050000275e-01
1.463056550350000096e-01 -9.033782784670000288e-01
1.959577650429999984e-01 -4.101274197879999917e-01
2.489649297700000097e-01 -5.521699108130000422e-01
2.713005817779999829e-01 -6.482077082420000247e-01
2.818932758439999797e-01 -7.454875988289999533e-01
-1.813634914679999877e-01 -1.124767652930000056e-01
-2.963714325430000240e-01 -2.927034230059999964e-01
-3.532890674240000140e-01 -4.489657913019999835e-01
-4.115480000019999807e-01 -5.667097874359999787e-01
-1.256837356380000048e-01 -5.426718945590000009e-01
-1.728076901230000129e-01 -7.372639983409999820e-01
-1.965548181860000132e-01 -8.552897702320000350e-01
-2.139824321799999873e-01 -9.619318371449999683e-01
-6.974439485999999605e-03 -5.485343611120000462e-01
-3.685987648999999953e-03 -7.625717956349999938e-01
9.996542329999999303e-04 -8.877396395569999710e-01
5.632904454000000130e-03 -1.000000000000000000e+00
9.655871937700000185e-02 -5.013271317749999900e-01
1.218589664570000064e-01 -6.926060118979999736e-01
1.338942741639999878e-01 -8.070617490300000529e-01
1.382813488509999911e-01 -9.103839617440000476e-01
1.920202399129999904e-01 -4.170458312809999790e-01
2.435463991780000004e-01 -5.632804180529999982e-01
2.647888142920000187e-01 -6.609222148500000227e-01
2.732155648319999908e-01 -7.595429287499999571e-01
-1.789473490300000080e-01 -1.116178083190000059e-01
-2.933227746979999995e-01 -2.914726960230000219e-01
-3.482384913229999990e-01 -4.470492900110000223e-01
-4.020012440030000245e-01 -5.623706726189999783e-01
-1.294062675429999976e-01 -5.421990330010000303e-01
-1.753219483339999996e-01 -7.379788712020000085e-01
-1.972727131729999916e-01 -8.569528414449999465e-01
-2.124775514620000083e-01 -9.640223638870000222e-01
-1.168931442700000059e-02 -5.472017864579999946e-01
-8.551614747000000835e-03 -7.619225427150000396e-01
-4.313958225999999646e-03 -8.871077036019999751e-01
1.676260536999999969e-03 -1.000000000000000000e+00
9.157773566099999818e-02 -4.998554189630000089e-01
1.150736694760000067e-01 -6.909970315429999621e-01
1.261163804250000076e-01 -8.048463082190000506e-01
1.319277299240000090e-01 -9.080683438659999940e-01
1.873339405380000100e-01 -4.159743505040000011e-01
2.367504077890000003e-01 -5.620541453309999547e-01
2.583340449479999967e-01 -6.589110498600000421e-01
2.692031160330000117e-01 -7.572641720170000257e-01
-1.817096617739999975e-01 -1.120994317009999935e-01
-2.968613059449999869e-01 -2.900780065890000148e-01
-3.522352268160000022e-01 -4.452969574230000172e-01
-4.044496161130000100e-01 -5.641760586130000199e-01
-1.341256738259999914e-01 -5.405881107779999528e-01
-1.795717295289999960e-01 -7.350943336270000517e-01
-1.994150826130000054e-01 -8.535339233619999577e-01
-2.115696630040000137e-01 -9.580691433460000184e-01
-1.777659003800000082e-02 -5.457399633689999918e-01
-1.775403725700000143e-02 -7.601522437690000356e-01
-1.288567133899999953e-02 -8.866862884789999955e-01
-5.010585302999999782e-03 -1.000000000000000000e+00
8.547028000900000477e-02 -4.994125640200000049e-01
1.070795337070000047e-01 -6.914237292539999746e-01
1.187603271769999969e-01 -8.063511993759999719e-01
1.257646616399999973e-01 -9.090616524160000100e-01
1.815096025379999978e-01 -4.167745027299999960e-01
2.287717819360000071e-01 -5.666955732030000137e-01
2.497533066419999892e-01 -6.641033258940000072e-01
2.600933104959999853e-01 -7.610717456479999532e-01
-1.809443698260000122e-01 -1.114478838560000046e-01
-2.962367689359999834e-01 -2.878811397919999737e-01
-3.522638722099999953e-01 -4.426728167890000010e-01
-4.030429859399999870e-01 -5.607133258159999745e-01
-1.338427773430000134e-01 -5.434506010349999805e-01
-1.795086465590000069e-01 -7.415701712590000438e-01
-2.005101866039999958e-01 -8.616619038789999907e-01
-2.145738547690000109e-01 -9.683665381020000185e-01
-1.815458716400000089e-02 -5.486565201859999741e-01
-1.905097099100000121e-02 -7.633314037849999734e-01
-1.648237139800000015e-02 -8.878820291090000483e-01
-1.138415844000000010e-02 -1.000000000000000000e+00
8.479043614499999493e-02 -5.024846085240000093e-01
1.061062614879999949e-01 -6.979055052870000164e-01
1.172136835789999998e-01 -8.144991221809999571e-01
1.236174261619999992e-01 -9.194354524590000466e-01
1.803398137910000032e-01 -4.197508007449999856e-01
2.269219492110000069e-01 -5.711984654159999453e-01
2.484882805360000002e-01 -6.704802205080000466e-01
2.596699621110000189e-01 -7.699006731499999923e-01
-1.789445571109999911e-01 -1.093488890279999959e-01
-2.944339025080000005e-01 -2.854030218049999901e-01
-3.524485666709999965e-01 -4.392756927120000099e-01
-4.066596531439999884e-01 -5.557228191480000357e-01
-1.318747418829999962e-01 -5.473071328540000113e-01
-1.793388685489999967e-01 -7.442988962500000083e-01
-2.031551350570000025e-01 -8.640707248929999640e-01
-2.205740052229999970e-01 -9.709636178230000025e-01
-1.712957211600000043e-02 -5.530009515260000397e-01
-1.993167333400000171e-02 -7.654650482699999481e-01
-1.963936802799999895e-02 -8.885646014119999991e-01
-1.700573330400000083e-02 -1.000000000000000000e+00
8.523412226599999530e-02 -5.065487665840000542e-01
1.047393065200000056e-01 -7.017067652709999548e-01
1.134190299110000022e-01 -8.178869375709999501e-01
1.170813868490000048e-01 -9.224164428590000409e-01
1.810255182830000087e-01 -4.231536115810000109e-01
2.270619801219999900e-01 -5.741971460360000279e-01
2.474319911260000060e-01 -6.729852428220000071e-01
2.572968140560000228e-01 -7.721583886980000200e-01
-1.781261905419999902e-01 -1.101054665369999991e-01
-2.921576602179999926e-01 -2.851818931899999798e-01
-3.496425941040000041e-01 -4.362745811009999808e-01
-4.012938736869999801e-01 -5.498537905379999868e-01
-1.270668714890000051e-01 -5.470088785100000184e-01
-1.713249291700000010e-01 -7.409171018829999733e-01
-1.953524215169999967e-01 -8.600981942209999787e-01
-2.139257367859999925e-01 -9.666661728669999620e-01
-1.454265662199999941e-02 -5.528624643449999709e-01
-1.348281384200000071e-02 -7.655033654659999520e-01
-1.370122273699999997e-02 -8.888061999640000099e-01
-1.259050367200000020e-02 -1.000000000000000000e+00
8.597894499899999543e-02 -5.070081782130000381e-01
1.090529559269999976e-01 -7.024355524669999573e-01
1.189951395189999955e-01 -8.183705433500000348e-01
1.230004198789999975e-01 -9.231164477340000341e-01
1.798808836549999901e-01 -4.234800635300000060e-01
2.267714598410000004e-01 -5.747250211659999941e-01
2.463898338409999944e-01 -6.743596995189999888e-01
2.553515416559999918e-01 -7.738475848279999791e-01
-1.776676785540000081e-01 -1.100868889089999941e-01
-2.935273160699999884e-01 -2.840495813569999806e-01
-3.527681790359999958e-01 -4.347207372429999772e-01
-4.064454301950000126e-01 -5.501578933590000053e-01
-1.247757647219999988e-01 -5.489229477279999880e-01
-1.693874370350000047e-01 -7.397193618730000253e-01
-1.936031386039999969e-01 -8.581658138779999501e-01
-2.125986567710000108e-01 -9.652984216929999528e-01
-1.268429005299999933e-02 -5.545241611869999865e-01
-1.275191333799999965e-02 -7.658076554720000262e-01
-1.281362779300000004e-02 -8.881871953400000130e-01
-1.101537362899999983e-02 -1.000000000000000000e+00
8.737119476299999576e-02 -5.079827184609999602e-01
1.102281636809999965e-01 -7.039189200990000339e-01
1.200722160580000031e-01 -8.209904050880000304e-01
1.245682394229999934e-01 -9.273747848259999982e-01
1.804008410529999995e-01 -4.232408638619999941e-01
2.266859061779999962e-01 -5.761867405389999863e-01
2.459636157779999943e-01 -6.759886827990000402e-01
2.553507782609999999e-01 -7.756932188780000237e-01
-1.785123705739999900e-01 -1.101516057520000036e-01
-2.955555907060000154e-01 -2.837194330319999791e-01
-3.570095993649999855e-01 -4.342063157189999800e-01
-4.141753588839999778e-01 -5.493708431349999533e-01
-1.291690244960000122e-01 -5.529028443250000313e-01
-1.712635423009999935e-01 -7.443227438639999916e-01
-1.950521249130000023e-01 -8.620775977629999698e-01
-2.137140121839999907e-01 -9.679714782880000090e-01
-1.713995780000000108e-02 -5.589640640869999455e-01
-1.287736557100000075e-02 -7.691823072050000265e-01
-1.261184358700000001e-02 -8.901852087939999825e-01
-1.145590062999999985e-02 -1.000000000000000000e+00
8.264180974700000015e-02 -5.125637819449999633e-01
1.086702947159999960e-01 -7.089701951569999938e-01
1.204497608330000052e-01 -8.256215014759999971e-01
1.257779860969999997e-01 -9.315194829009999511e-01
1.751139415430000013e-01 -4.273756590339999883e-01
2.239414455229999934e-01 -5.799758119029999603e-01
2.463796454540000125e-01 -6.797552060360000370e-01
2.579646718460000265e-01 -7.798158948440000460e-01
-1.783077549019999875e-01 -1.115225897939999961e-01
-2.945791076570000167e-01 -2.841841826570000173e-01
-3.561675432140000153e-01 -4.335522607739999978e-01
-4.122511413070000241e-01 -5.504640914720000389e-01
-1.260627763520000000e-01 -5.471864622790000299e-01
-1.727457174819999886e-01 -7.365425140460000186e-01
-1.988225544929999866e-01 -8.535900899280000065e-01
-2.195040476750000080e-01 -9.603072104250000018e-01
-1.416021970499999928e-02 -5.532209079000000029e-01
-1.325076436100000067e-02 -7.646443251779999617e-01
-1.223331119500000071e-02 -8.877252248210000252e-01
-9.132247970000000048e-03 -1.000000000000000000e+00
8.505573405600000414e-02 -5.057758790899999912e-01
1.076352964410000057e-01 -7.015103839459999602e-01
1.176393052239999987e-01 -8.176456624369999870e-01
1.226095385109999963e-01 -9.233956040999999892e-01
1.768991162730000066e-01 -4.193453716500000206e-01
2.255180604669999866e-01 -5.723698192459999445e-01
2.461814842070000064e-01 -6.734738202509999994e-01
2.565185211780000030e-01 -7.750242321979999849e-01
-1.807983139790000082e-01 -1.101604700119999947e-01
-2.970154601159999963e-01 -2.846844865140000236e-01
-3.582827032590000238e-01 -4.353734567509999764e-01
-4.160788406939999740e-01 -5.532946111809999845e-01
-1.268772211939999950e-01 -5.546346530310000134e-01
-1.740144273629999905e-01 -7.450651649530000142e-01
-2.008698051520000083e-01 -8.619494574860000480e-01
-2.220342792459999992e-01 -9.677521276549999607e-01
-1.317141943600000017e-02 -5.612256001090000224e-01
-8.485667526999999752e-03 -7.707976707470000077e-01
-5.134419109999999870e-03 -8.911857121920000457e-01
-3.806417169999999845e-04 -1.000000000000000000e+00
8.730649571399999587e-02 -5.132101126929999868e-01
1.106075720250000033e-01 -7.108240706549999732e-01
1.218788530530000025e-01 -8.272942053759999581e-01
1.277711242229999933e-01 -9.324975589839999968e-01
1.799382430939999999e-01 -4.261634683100000154e-01
2.273378590750000094e-01 -5.820582844160000491e-01
2.475906712740000015e-01 -6.846243110499999895e-01
2.576771048759999849e-01 -7.868990320909999836e-01
-1.798652477940000105e-01 -1.123208237690000028e-01
-2.976164916149999784e-01 -2.861657731519999803e-01
-3.611093143590000110e-01 -4.363251164070000021e-01
-4.195516622500000126e-01 -5.548021576249999587e-01
-1.275595191610000012e-01 -5.559737912100000123e-01
-1.745867212689999892e-01 -7.475289520229999596e-01
-2.022317054509999990e-01 -8.649378163609999781e-01
-2.246824745850000138e-01 -9.721669758590000265e-01
-1.478259204800000046e-02 -5.618031507009999537e-01
-8.563775138999999911e-03 -7.709734913489999508e-01
-6.242733343999999802e-03 -8.906340337770000115e-01
-3.004955232000000066e-03 -1.000000000000000000e+00
8.466702191000000099e-02 -5.129441368220000186e-01
1.103417386919999937e-01 -7.096773872089999768e-01
1.210046038539999980e-01 -8.260138168149999682e-01
1.259392410190000033e-01 -9.324980336879999943e-01
1.762239704169999976e-01 -4.245969129320000257e-01
2.254725021079999892e-01 -5.770180806439999532e-01
2.458583044179999955e-01 -6.776398717429999996e-01
2.554260867079999886e-01 -7.791264594240000507e-01
-1.793935235749999912e-01 -1.123693499589999978e-01
-2.971515853480000136e-01 -2.858814695329999767e-01
-3.609039702199999811e-01 -4.361492795999999950e-01
-4.167883103830000158e-01 -5.523708271339999865e-01
-1.278799853539999976e-01 -5.524356677099999668e-01
-1.722120615109999919e-01 -7.394100075699999719e-01
-1.978466044809999991e-01 -8.549370214479999897e-01
-2.185189946439999864e-01 -9.597318828640000188e-01
-1.832953210299999997e-02 -5.592691790689999776e-01
-1.761096504900000123e-02 -7.684958307460000304e-01
-1.750178518299999944e-02 -8.899127407269999956e-01
-1.503573904600000004e-02 -1.000000000000000000e+00
8.023295352300000016e-02 -5.118690043600000461e-01
1.033899071119999957e-01 -7.086783700450000056e-01
1.136076035600000061e-01 -8.248021156239999652e-01
1.187335261690000004e-01 -9.304165925859999575e-01
1.721138838000000060e-01 -4.238780878130000151e-01
2.199087533469999967e-01 -5.753015751890000473e-01
2.391293398600000120e-01 -6.753556796440000065e-01
2.481185223210000124e-01 -7.756586853389999536e-01
-1.787768961969999904e-01 -1.116385508100000007e-01
-2.950978009799999913e-01 -2.840245783559999793e-01
-3.588723320169999731e-01 -4.331970582029999739e-01
-4.177794639629999751e-01 -5.500821612840000041e-01
-1.277919729180000130e-01 -5.488482886729999510e-01
-1.724386761170000060e-01 -7.376062924999999826e-01
-1.987820412090000044e-01 -8.545274834029999989e-01
-2.207017338939999962e-01 -9.618178317129999488e-01
-1.977427834700000095e-02 -5.555267270349999453e-01
-2.094339858300000093e-02 -7.649656468080000549e-01
-2.312232197699999950e-02 -8.875970760189999531e-01
-2.293766442099999872e-02 -1.000000000000000000e+00
7.794480730500000232e-02 -5.082302147280000071e-01
1.019501107990000016e-01 -7.052757623900000050e-01
1.111758932990000032e-01 -8.226193641619999886e-01
1.152043734919999951e-01 -9.296138549329999723e-01
1.690288613439999976e-01 -4.199720115910000051e-01
2.190142369070000039e-01 -5.723215613690000314e-01
2.390651736530000071e-01 -6.732436834909999446e-01
2.483628038629999979e-01 -7.743224097690000196e-01
-1.783680767870000072e-01 -1.113458103650000058e-01
-2.972317900199999974e-01 -2.811495787120000256e-01
-3.640649545379999741e-01 -4.284451265779999907e-01
-4.234593959069999913e-01 -5.460048469429999995e-01
-1.311296586669999931e-01 -5.437239169399999961e-01
-1.762065717259999886e-01 -7.338485883580000424e-01
-2.030291336679999892e-01 -8.510777378620000277e-01
-2.254774480489999955e-01 -9.589849499550000544e-01
-2.318839750799999919e-02 -5.509448213869999611e-01
-2.177501866100000141e-02 -7.628861418869999911e-01
-2.312607848100000155e-02 -8.867331430760000410e-01
-2.238474420699999856e-02 -1.000000000000000000e+00
7.380896334700000339e-02 -5.044370134269999806e-01
9.961767932399999415e-02 -7.020655718889999841e-01
1.094364411760000017e-01 -8.199299465029999956e-01
1.137229893040000023e-01 -9.279368035020000294e-01
1.634258091690000136e-01 -4.173467394309999801e-01
2.130389039330000123e-01 -5.685077947340000382e-01
2.323648325029999961e-01 -6.686226410740000459e-01
2.409412651510000059e-01 -7.689419605509999478e-01
-1.762118696330000067e-01 -1.096029091009999984e-01
-2.921598427309999857e-01 -2.786106202129999820e-01
-3.574500771470000005e-01 -4.247515706380000089e-01
-4.154727207969999836e-01 -5.408953292300000548e-01
-1.261999649609999996e-01 -5.438448396249999650e-01
-1.703267339170000116e-01 -7.305130312769999579e-01
-1.972996198960000058e-01 -8.451499921899999768e-01
-2.203270083549999925e-01 -9.506337958280000056e-01
-2.118458976200000149e-02 -5.505568493700000454e-01
-2.040091374499999888e-02 -7.613928154529999714e-01
-2.354267902699999984e-02 -8.856520889700000287e-01
-2.409303831100000071e-02 -1.000000000000000000e+00
7.357659807100000449e-02 -5.022776418690000355e-01
9.912145746999999341e-02 -6.991155385120000343e-01
1.074822308869999993e-01 -8.175503790139999616e-01
1.113885060360000068e-01 -9.267545372380000535e-01
1.617083745550000062e-01 -4.123971469730000061e-01
2.131617161769999991e-01 -5.610642020060000457e-01
2.343885545440000107e-01 -6.612519620460000080e-01
2.450330668019999880e-01 -7.629554204530000217e-01
-1.777189495990000034e-01 -1.086028251950000023e-01
-2.965384360630000105e-01 -2.767123045109999846e-01
-3.649673606150000138e-01 -4.224588882909999787e-01
-4.242571501660000188e-01 -5.386170067969999753e-01
-1.323480795870000115e-01 -5.432001376489999922e-01
-1.775028898880000039e-01 -7.308763457010000186e-01
-2.067092263760000048e-01 -8.469815671379999911e-01
-2.325353969179999869e-01 -9.543777310400000102e-01
-2.688095211300000134e-02 -5.506488319629999628e-01
-2.508927815000000158e-02 -7.627688517020000392e-01
-2.816860598699999843e-02 -8.865054255490000257e-01
-2.989255262300000160e-02 -1.000000000000000000e+00
6.846195354799999855e-02 -5.035000600069999832e-01
9.569191602200000091e-02 -7.020247728199999759e-01
1.052064726579999970e-01 -8.194720505839999669e-01
1.088388275039999936e-01 -9.281675239000000133e-01
1.561352760339999868e-01 -4.152570171559999967e-01
2.072230240000000057e-01 -5.653147791460000349e-01
2.270312400039999901e-01 -6.654206269419999931e-01
2.358636346050000110e-01 -7.669931946560000213e-01
-1.782150075199999961e-01 -1.070408509280000031e-01
-2.986826196990000071e-01 -2.738654729100000185e-01
-3.679331181819999741e-01 -4.187568838330000265e-01
-4.290187805640000018e-01 -5.322278296100000361e-01
-1.358725703900000026e-01 -5.433988663290000298e-01
-1.794819319239999988e-01 -7.292499993400000102e-01
-2.085382512099999974e-01 -8.436671106599999970e-01
-2.335079755089999876e-01 -9.469016390159999963e-01
-3.073508959500000082e-02 -5.528347441009999752e-01
-3.168170266700000293e-02 -7.639159438739999697e-01
-3.621606520899999654e-02 -8.876706556260000047e-01
-3.924350852999999861e-02 -1.000000000000000000e+00
6.551661591900000137e-02 -5.080395205590000351e-01
9.056790981399999441e-02 -7.066290706610000028e-01
1.012517367659999945e-01 -8.255054044259999557e-01
1.057130625970000015e-01 -9.339337291189999668e-01
1.551512788559999967e-01 -4.220404926810000235e-01
2.037039846519999864e-01 -5.760881653360000465e-01
2.246046570959999988e-01 -6.774265138570000344e-01
2.343901444239999965e-01 -7.783200186780000474e-01
-1.799025716279999965e-01 -1.070802535970000052e-01
-3.002991390970000118e-01 -2.732535611119999985e-01
-3.709140492929999811e-01 -4.178407788690000069e-01
-4.354013068820000165e-01 -5.327633471089999739e-01
-1.361288885860000020e-01 -5.438555580120000288e-01
-1.823115776889999984e-01 -7.275695269290000100e-01
-2.129200408119999999e-01 -8.409282278899999907e-01
-2.396924528990000136e-01 -9.445322584540000177e-01
-3.096624163199999946e-02 -5.542485479950000071e-01
-3.265861356799999726e-02 -7.642573524339999480e-01
-3.844631974499999882e-02 -8.868312735040000394e-01
-4.332135861400000093e-02 -1.000000000000000000e+00
6.481936508600000257e-02 -5.095161813099999826e-01
9.094826653800000549e-02 -7.086114397030000012e-01
1.013618412019999943e-01 -8.275852257400000411e-01
1.052619201679999977e-01 -9.371004107270000105e-01
1.536064794829999913e-01 -4.227894498599999995e-01
2.016744620669999877e-01 -5.779768208709999966e-01
2.212247627850000009e-01 -6.797030079339999586e-01
2.298763126960000069e-01 -7.812723864020000297e-01
-1.807270050610000067e-01 -1.063152870519999960e-01
-3.018503680710000192e-01 -2.720129024030000231e-01
-3.723474551750000083e-01 -4.168781385209999746e-01
-4.339953413470000188e-01 -5.320449888610000455e-01
-1.387604632689999895e-01 -5.435728606899999926e-01
-1.848055654319999963e-01 -7.272233543330000050e-01
-2.161696205289999895e-01 -8.391276883020000188e-01
-2.436450605269999958e-01 -9.405342865639999550e-01
-3.369010718999999876e-02 -5.549663474360000404e-01
-3.701707995800000012e-02 -7.645464339709999724e-01
-4.506702755099999819e-02 -8.871584242690000455e-01
-5.238596095700000232e-02 -1.000000000000000000e+00
6.247973402499999718e-02 -5.116461764549999902e-01
8.780925894400000431e-02 -7.094895021970000215e-01
9.727237304199999601e-02 -8.282169741370000171e-01
9.992287510300000564e-02 -9.366930082659999934e-01
1.514925976890000026e-01 -4.264750994440000276e-01
1.995301515919999935e-01 -5.810830746970000460e-01
2.192861344150000003e-01 -6.827755776730000115e-01
2.274235788379999901e-01 -7.835535802880000400e-01
-1.796640447450000011e-01 -1.069456813580000054e-01
-2.980394280840000243e-01 -2.723455233339999726e-01
-3.667273925630000209e-01 -4.153320621520000255e-01
-4.279853089419999868e-01 -5.293512446350000511e-01
-1.355269373580000047e-01 -5.437844258830000221e-01
-1.792524427209999938e-01 -7.284679239329999723e-01
-2.115152964919999878e-01 -8.397249696490000082e-01
-2.402933564120000032e-01 -9.400840206170000268e-01
-3.137553800299999751e-02 -5.541552417389999929e-01
-3.144417806199999860e-02 -7.653987337250000023e-01
-4.038442663700000240e-02 -8.877472265460000234e-01
-4.905970789900000045e-02 -1.000000000000000000e+00
6.388911865700000470e-02 -5.097646964240000189e-01
9.057222676300000219e-02 -7.086995868150000044e-01
9.814646665500000033e-02 -8.280987467689999715e-01
9.838098685799999410e-02 -9.365810538330000545e-01
1.516690296690000050e-01 -4.230391432000000229e-01
2.001242641279999956e-01 -5.783077839029999723e-01
2.194119420800000053e-01 -6.805147092829999522e-01
2.264763269479999896e-01 -7.806460772409999915e-01
-1.803345994830000132e-01 -1.041683007760000057e-01
-3.018786951129999729e-01 -2.661195870609999736e-01
-3.754459760380000066e-01 -4.074109173020000196e-01
-4.380771379150000255e-01 -5.204785866809999995e-01
-1.474650868809999904e-01 -5.396289606669999461e-01
-1.936130678029999996e-01 -7.246324492950000362e-01
-2.238339779200000101e-01 -8.377905579600000152e-01
-2.501537884300000236e-01 -9.398518062830000241e-01
-4.234319521600000275e-02 -5.515373206400000505e-01
-4.696816605500000325e-02 -7.621866158240000466e-01
-5.598234986799999896e-02 -8.865007027669999928e-01
-6.521331431700000403e-02 -1.000000000000000000e+00
5.382108738400000203e-02 -5.102686292220000031e-01
7.917686655500000281e-02 -7.091390438669999963e-01
8.843602914400000570e-02 -8.272531986819999794e-01
8.994034635900000074e-02 -9.343979201909999865e-01
1.423991185519999925e-01 -4.277769345110000176e-01
1.894073806969999996e-01 -5.841922834720000290e-01
2.080656257569999945e-01 -6.864625638910000216e-01
2.155143368949999916e-01 -7.869245047459999531e-01
-1.804214510580000042e-01 -1.052798315240000004e-01
-2.984566184090000074e-01 -2.679899630550000023e-01
-3.687288613660000269e-01 -4.085536785350000200e-01
-4.311844781779999858e-01 -5.232658345920000453e-01
-1.373555186229999947e-01 -5.368143233659999902e-01
-1.840252317980000107e-01 -7.173484407210000136e-01
-2.182552821829999989e-01 -8.270511465869999634e-01
-2.481348876159999994e-01 -9.251205129370000391e-01
-3.473997463299999949e-02 -5.485478847760000276e-01
-3.796763809200000284e-02 -7.610802524469999497e-01
-4.687931248599999656e-02 -8.857153980919999503e-01
-5.607092670000000251e-02 -1.000000000000000000e+00
5.906747980799999936e-02 -5.068459774839999543e-01
8.324820028000000371e-02 -7.068305642019999668e-01
8.861606410700000047e-02 -8.274250120239999839e-01
8.588072495500000125e-02 -9.370364737470000538e-01
1.451207671580000136e-01 -4.233759408969999805e-01
1.918276950260000002e-01 -5.812771993549999960e-01
2.093346004109999936e-01 -6.855024121249999602e-01
2.140733107510000011e-01 -7.872496774899999661e-01
-1.813022461699999865e-01 -1.008283499529999960e-01
-3.028778659079999769e-01 -2.595972445690000185e-01
-3.760763779779999760e-01 -3.990219022470000154e-01
-4.413197139339999908e-01 -5.123130161429999552e-01
-1.483532906789999939e-01 -5.358426441420000019e-01
-1.970796470939999989e-01 -7.141791765049999574e-01
-2.278490536259999977e-01 -8.236707452110000327e-01
-2.536974861219999933e-01 -9.209948279520000503e-01
-4.367189832400000110e-02 -5.498669051500000293e-01
-4.985656087600000286e-02 -7.612151689859999459e-01
-5.780528476699999668e-02 -8.868013186330000464e-01
-6.607419280500000103e-02 -1.000000000000000000e+00
5.142261593400000025e-02 -5.099176728950000070e-01
7.455999023499999823e-02 -7.088425076690000326e-01
8.273833037800000512e-02 -8.278106747410000077e-01
8.270535892899999464e-02 -9.351099232309999509e-01
1.385253125579999911e-01 -4.278407841260000177e-01
1.832430036970000009e-01 -5.855666384809999903e-01
1.999602981130000068e-01 -6.895057292630000223e-01
2.043796562369999958e-01 -7.906924439470000010e-01
-1.806342135070000132e-01 -9.832348973900000011e-02
-3.032304264189999987e-01 -2.564365422020000174e-01
-3.767858318869999890e-01 -3.949268560959999785e-01
-4.434780788200000101e-01 -5.078512417780000066e-01
-1.466718061770000137e-01 -5.282511524749999854e-01
-1.950269545749999944e-01 -7.072650332009999818e-01
-2.246601862150000017e-01 -8.193631182170000304e-01
-2.495956095300000122e-01 -9.201812557170000462e-01
-4.445547722899999971e-02 -5.426847386969999576e-01
-5.554583051900000013e-02 -7.553381653180000210e-01
-6.437289906199999967e-02 -8.834894509549999775e-01
-7.137633269399999703e-02 -1.000000000000000000e+00
4.982786099199999763e-02 -5.036531048440000546e-01
6.745314550799999531e-02 -7.054661898020000432e-01
7.165594459400000116e-02 -8.250222683789999456e-01
6.982908429400000450e-02 -9.334132819289999716e-01
1.375034914840000122e-01 -4.224729678690000156e-01
1.795720049610000091e-01 -5.783420292750000025e-01
1.954419155240000039e-01 -6.818767066340000182e-01
2.004687135219999916e-01 -7.833819839269999807e-01
-1.798089446449999962e-01 -9.656404124400000399e-02
-3.025780764020000180e-01 -2.566519252069999757e-01
-3.768517181120000226e-01 -3.961015611259999791e-01
-4.480736533299999880e-01 -5.076416202250000342e-01
-1.502430715799999983e-01 -5.257242771569999862e-01
-1.996541436279999915e-01 -7.019929013500000314e-01
-2.274473462640000110e-01 -8.120777577450000173e-01
-2.496359074399999989e-01 -9.095107962890000008e-01
-4.880891517899999671e-02 -5.412446004550000023e-01
-5.974709615800000151e-02 -7.549710012429999839e-01
-6.729551049699999954e-02 -8.841073362279999737e-01
-7.319191928800000690e-02 -1.000000000000000000e+00
4.487653602399999803e-02 -5.029175638639999946e-01
6.182513571800000302e-02 -7.050539189440000465e-01
6.433814094199999389e-02 -8.258265927450000321e-01
6.109069698100000334e-02 -9.339049795589999814e-01
1.324148500060000067e-01 -4.222436338660000010e-01
1.739545671620000011e-01 -5.786976485279999860e-01
1.894469571530000007e-01 -6.827644534400000298e-01
1.939758890030000016e-01 -7.840999238310000230e-01
