-1.883613452369999886e-01 -1.094294653169999992e-01
-3.097978774640000044e-01 -2.810188546390000042e-01
-3.734673227820000108e-01 -4.323559875740000114e-01
-4.178420983430000124e-01 -5.561462240150000236e-01
-1.489217084820000092e-01 -5.383623157450000418e-01
-1.917718210819999991e-01 -7.065716567219999522e-01
-2.208492064669999866e-01 -8.134345695229999729e-01
-2.457118493719999963e-01 -9.062412313640000328e-01
-3.682298701700000010e-02 -5.555111400559999968e-01
-4.399730149899999665e-02 -7.617426288509999699e-01
-5.468315150800000246e-02 -8.866055428639999514e-01
-7.044915404500000367e-02 -1.000000000000000000e+00
6.650799950499999835e-02 -5.240607268320000012e-01
8.421115232199999356e-02 -7.181737061920000498e-01
8.042706714000000257e-02 -8.390203198310000055e-01
6.456196612499999488e-02 -9.489545211530000524e-01
1.664391237560000070e-01 -4.539353444729999909e-01
2.084775863670000062e-01 -6.090612637119999784e-01
2.152173211450000012e-01 -7.131307588549999910e-01
2.069400025339999949e-01 -8.163747746380000114e-01
-1.881376665089999900e-01 -1.066685264969999963e-01
-3.173379278039999973e-01 -2.753153962989999815e-01
-3.866303999669999936e-01 -4.254198395720000248e-01
-4.281585838649999975e-01 -5.444783691350000288e-01
-1.513744378890000131e-01 -5.336377945160000191e-01
-1.965305546080000076e-01 -7.044463301059999960e-01
-2.269492920589999962e-01 -8.118935315780000384e-01
-2.530610288540000030e-01 -9.054812484290000185e-01
-3.845274709600000201e-02 -5.523585409279999636e-01
-4.729073172900000177e-02 -7.606351752550000178e-01
-5.975963409599999859e-02 -8.861063323790000501e-01
-7.719198849199999934e-02 -1.000000000000000000e+00
6.602703413200000648e-02 -5.198044422399999975e-01
8.395006239600000253e-02 -7.157310684730000538e-01
8.254916210000000365e-02 -8.396897785079999732e-01
6.750651801800000573e-02 -9.518761042750000234e-01
1.662055549239999930e-01 -4.475891943829999886e-01
2.097165824580000115e-01 -6.023060609820000133e-01
2.204810417810000034e-01 -7.081885937270000486e-01
2.143809117069999937e-01 -8.128863884500000525e-01
-1.895847644510000041e-01 -1.033816824519999955e-01
-3.240501638189999811e-01 -2.718129016029999789e-01
-4.019735669630000174e-01 -4.210133333430000069e-01
-4.571907916519999948e-01 -5.334995686129999637e-01
-1.553151100759999903e-01 -5.323919445620000079e-01
-1.995930289470000119e-01 -7.060494853909999868e-01
-2.263633603330000021e-01 -8.130984966380000456e-01
-2.484583746179999941e-01 -9.056630975130000039e-01
-4.065562382900000243e-02 -5.539075933179999911e-01
-5.175781890699999999e-02 -7.614088586030000050e-01
-6.376848113399999352e-02 -8.874362018260000262e-01
-7.798184389199999678e-02 -1.000000000000000000e+00
6.514728171299999371e-02 -5.238856359260000151e-01
8.329582669200000233e-02 -7.197547860609999626e-01
8.380890207900000555e-02 -8.432364761020000321e-01
7.318672325899999720e-02 -9.526734364540000444e-01
1.652864766880000058e-01 -4.547936323990000029e-01
2.108291220899999874e-01 -6.109748973780000370e-01
2.252954416129999970e-01 -7.182867201050000538e-01
2.243618793180000015e-01 -8.228524722629999566e-01
-1.899400539980000135e-01 -1.029433184939999996e-01
-3.249530333239999957e-01 -2.710645794709999890e-01
-4.031910509239999829e-01 -4.204179442120000165e-01
-4.603641635090000017e-01 -5.318223691379999618e-01
-1.519104651669999917e-01 -5.288877523230000044e-01
-1.942911514510000104e-01 -7.021369513890000080e-01
-2.196914133370000133e-01 -8.090959212299999592e-01
-2.401468430279999899e-01 -9.008109819580000233e-01
-3.845784713000000021e-02 -5.512930108000000384e-01
-4.959015889699999735e-02 -7.591821502829999568e-01
-6.132009762199999714e-02 -8.872746111470000141e-01
-7.442914025800000111e-02 -1.000000000000000000e+00
6.619172180200000311e-02 -5.224509991760000194e-01
8.492913854799999385e-02 -7.182852427800000550e-01
8.657525996400000645e-02 -8.431679557700000327e-01
7.782006222699999753e-02 -9.524636722039999670e-01
1.650107503159999878e-01 -4.551836232579999919e-01
2.113476457859999880e-01 -6.106529337820000292e-01
2.274041838950000005e-01 -7.172096602120000552e-01
2.285924547179999933e-01 -8.198770749289999715e-01
-1.916404745020000022e-01 -1.026137131710000011e-01
-3.269879304070000270e-01 -2.694384404579999726e-01
-4.057850129689999918e-01 -4.177431907549999934e-01
-4.629983045609999959e-01 -5.268896358300000360e-01
-1.541767468730000090e-01 -5.289562001759999799e-01
-1.967699337050000108e-01 -7.025111130719999819e-01
-2.212379935109999862e-01 -8.095582930900000473e-01
-2.407044672529999874e-01 -9.010326531469999845e-01
-4.013412777800000331e-02 -5.521631068419999844e-01
-5.070451435799999684e-02 -7.599672113969999643e-01
-6.133797582899999656e-02 -8.885726048859999837e-01
-7.292589022100000318e-02 -1.000000000000000000e+00
6.485086809499999994e-02 -5.237789752429999890e-01
8.379545169100000024e-02 -7.189108862090000107e-01
8.616811308100000288e-02 -8.422712837260000196e-01
7.831368073699999932e-02 -9.489563001299999856e-01
1.635704822840000072e-01 -4.568628927660000061e-01
2.100795972950000035e-01 -6.112226171389999463e-01
2.263534935160000094e-01 -7.171098051119999539e-01
2.280541603060000089e-01 -8.183661587010000460e-01
-1.905534503830000059e-01 -1.008969850680000030e-01
-3.264555469229999951e-01 -2.698092818160000017e-01
-4.064436151499999927e-01 -4.183424416059999817e-01
-4.661696333800000036e-01 -5.265338813600000112e-01
-1.548412412079999967e-01 -5.282523484240000400e-01
-1.980106942659999869e-01 -7.015902405420000321e-01
-2.213922794959999885e-01 -8.090042560569999930e-01
-2.395840009559999928e-01 -9.001713404929999607e-01
-4.074957962100000247e-02 -5.510499002369999566e-01
-5.170307330400000095e-02 -7.592736861929999526e-01
-6.222574188599999667e-02 -8.884123806160000303e-01
-7.338194987500000488e-02 -1.000000000000000000e+00
6.399686090299999686e-02 -5.212159769649999941e-01
8.359408347600000289e-02 -7.170486793179999818e-01
8.559794643099999378e-02 -8.412903989690000417e-01
7.818486040399999504e-02 -9.484718993440000023e-01
1.617177978329999988e-01 -4.527594013119999872e-01
2.098368204169999973e-01 -6.054420983680000035e-01
2.277022484900000088e-01 -7.115679714260000344e-01
2.312283277230000045e-01 -8.136550307569999640e-01
-1.885039019410000016e-01 -1.011857958730000007e-01
-3.235879034210000227e-01 -2.687008338560000209e-01
-4.025781463670000115e-01 -4.170732445770000130e-01
-4.624166575590000217e-01 -5.247020157220000369e-01
-1.524076768919999936e-01 -5.296625904730000167e-01
-1.967956906539999884e-01 -7.022227633380000444e-01
-2.206843358259999999e-01 -8.093234309079999633e-01
-2.387743347469999944e-01 -9.002587694629999859e-01
-3.848675586099999796e-02 -5.526997078190000190e-01
-5.105960344100000242e-02 -7.602101849650000354e-01
-6.193231567699999940e-02 -8.890197445120000541e-01
-7.312231092700000046e-02 -1.000000000000000000e+00
6.649051761999999477e-02 -5.229744810059999693e-01
8.506631857700000521e-02 -7.187774382920000260e-01
8.692466596999999517e-02 -8.439779679840000437e-01
7.926784410999999919e-02 -9.516697405070000393e-01
1.655133377609999956e-01 -4.540306172949999941e-01
2.149577525009999934e-01 -6.064778042539999969e-01
2.335693129320000061e-01 -7.122878239640000331e-01
2.372438636460000028e-01 -8.137861358750000385e-01
-1.886003566920000096e-01 -1.026180808310000053e-01
-3.228898719880000101e-01 -2.689298606070000264e-01
-4.018411294929999933e-01 -4.157637245579999807e-01
-4.616578336630000057e-01 -5.229919099580000452e-01
-1.500523092870000019e-01 -5.304460209819999994e-01
-1.930296322979999923e-01 -7.021086118889999783e-01
-2.167924994700000108e-01 -8.093708750460000267e-01
-2.351418713929999960e-01 -9.006806116640000415e-01
-3.513648041499999736e-02 -5.528157641380000431e-01
-4.660786077799999871e-02 -7.599520085219999554e-01
-5.787135676599999834e-02 -8.885167046280000314e-01
-7.027152476799999881e-02 -1.000000000000000000e+00
7.074031293799999676e-02 -5.226653493949999785e-01
9.140111326100000544e-02 -7.185899252790000080e-01
9.403519613399999311e-02 -8.450327962879999877e-01
8.614328716399999308e-02 -9.546658977409999691e-01
1.703324382209999988e-01 -4.527521796089999939e-01
2.214428425030000036e-01 -6.066517284600000393e-01
2.409497093430000014e-01 -7.125877162999999515e-01
2.448981051340000104e-01 -8.144264030500000251e-01
-1.868368092040000039e-01 -9.989238741299999447e-02
-3.204681202519999994e-01 -2.672345665120000047e-01
-4.014518449710000048e-01 -4.136568519130000010e-01
-4.665574813100000218e-01 -5.171548673729999823e-01
-1.514538627160000039e-01 -5.319842426480000386e-01
-1.969616746889999992e-01 -7.053131887970000014e-01
-2.220625644349999983e-01 -8.131080795749999757e-01
-2.416968439169999983e-01 -9.045390947039999574e-01
-3.601931109699999661e-02 -5.546324687970000111e-01
-4.598938519000000252e-02 -7.622101245140000536e-01
-5.563090612700000159e-02 -8.901152111640000530e-01
-6.668377714400000600e-02 -1.000000000000000000e+00
6.985142954799999915e-02 -5.243591809959999850e-01
9.118155757399999672e-02 -7.192155727679999666e-01
9.596334878100000465e-02 -8.430867837590000358e-01
9.048725333000000315e-02 -9.502485383209999803e-01
1.686758763539999983e-01 -4.542325953219999990e-01
2.192266650080000046e-01 -6.063098662239999603e-01
2.398584890129999980e-01 -7.114085069529999528e-01
2.458714117509999963e-01 -8.128336805500000484e-01
-1.880458123119999880e-01 -1.017649675160000045e-01
-3.206630461769999774e-01 -2.686799037090000231e-01
-4.022716475970000150e-01 -4.137752308079999941e-01
-4.711807099920000130e-01 -5.166643099490000335e-01
-1.505180066110000103e-01 -5.303577840680000488e-01
-1.950200406729999947e-01 -7.030729031419999941e-01
-2.193831340690000076e-01 -8.108862373670000512e-01
-2.385038011720000128e-01 -9.027232090440000523e-01
-3.504111115999999915e-02 -5.526894437029999940e-01
-4.525766926000000107e-02 -7.604599285099999939e-01
-5.568396097699999936e-02 -8.891543410319999730e-01
-6.727632818199999476e-02 -1.000000000000000000e+00
7.024996350699999614e-02 -5.221385801590000542e-01
9.249618140300000513e-02 -7.180613723640000279e-01
9.617963161499999691e-02 -8.435800002909999984e-01
8.990150632799999431e-02 -9.527583455670000090e-01
1.680800404270000048e-01 -4.518135159059999961e-01
2.196076935840000077e-01 -6.050655724639999455e-01
2.407224868889999980e-01 -7.110129859449999534e-01
2.471302459470000046e-01 -8.135945776630000292e-01
-1.867756602660000098e-01 -9.876430342200000212e-02
-3.199296371879999934e-01 -2.651272107500000086e-01
-4.024070180139999731e-01 -4.087518266399999822e-01
-4.780518876420000174e-01 -5.063315669939999486e-01
-1.525014127500000094e-01 -5.320805694450000400e-01
-1.988569891460000016e-01 -7.051673324680000077e-01
-2.241237339169999954e-01 -8.126204414829999445e-01
-2.439050505689999981e-01 -9.039779545210000489e-01
-3.635351161400000169e-02 -5.549215726199999699e-01
-4.614798637200000220e-02 -7.630949979209999956e-01
-5.603853067000000299e-02 -8.908222574709999675e-01
-6.715648447899999485e-02 -1.000000000000000000e+00
6.966170437599999987e-02 -5.240767510660000461e-01
9.224152383700000291e-02 -7.190325615020000116e-01
9.755163217399999420e-02 -8.439181439640000004e-01
9.300415063200000165e-02 -9.526101224170000492e-01
1.680587484899999928e-01 -4.526530971439999829e-01
2.202911009649999863e-01 -6.053163457300000383e-01
2.424619264589999990e-01 -7.105224110419999795e-01
2.500373659189999986e-01 -8.124697947540000520e-01
-1.865640662209999967e-01 -1.003559262119999990e-01
-3.195656509099999987e-01 -2.663912612800000135e-01
-4.029758450320000129e-01 -4.084991614610000155e-01
-4.805111032750000177e-01 -5.043483377819999447e-01
-1.530001434169999952e-01 -5.335431565329999959e-01
-1.986219212510000054e-01 -7.067941098840000436e-01
-2.237669333589999976e-01 -8.140458452750000129e-01
-2.435684896779999886e-01 -9.057563080210000450e-01
-3.842473690699999694e-02 -5.557182080970000104e-01
-4.958900265999999918e-02 -7.632253217169999715e-01
-6.046086339600000026e-02 -8.904623970589999882e-01
-7.166924859199999553e-02 -1.000000000000000000e+00
6.649300321600000452e-02 -5.245555826090000373e-01
8.721606459399999789e-02 -7.198113211569999725e-01
9.115110951700000630e-02 -8.443955160210000477e-01
8.670943011899999442e-02 -9.537779475850000077e-01
1.649167707470000077e-01 -4.530765422579999813e-01
2.179473457760000010e-01 -6.058499481269999931e-01
2.417551862729999945e-01 -7.100582948029999786e-01
2.514863092569999958e-01 -8.120406848350000262e-01
-1.864105709659999999e-01 -1.007399870420000038e-01
-3.198450233979999724e-01 -2.655307291930000257e-01
-4.025218108329999822e-01 -4.063625819810000039e-01
-4.782199722539999809e-01 -5.001577856550000201e-01
-1.516923892060000056e-01 -5.331449956049999495e-01
-1.967571647960000003e-01 -7.061377810750000261e-01
-2.210435215000000064e-01 -8.137337571270000236e-01
-2.393574462749999965e-01 -9.051499960269999701e-01
-3.647118535800000089e-02 -5.551247716149999567e-01
-4.695894163099999935e-02 -7.628275053149999874e-01
-5.744789034699999963e-02 -8.906086744550000267e-01
-6.709985820399999579e-02 -1.000000000000000000e+00
6.856355261200000606e-02 -5.234594690170000231e-01
9.118452182800000638e-02 -7.183621022789999921e-01
9.721583768800000358e-02 -8.432284742250000242e-01
9.583703380800000227e-02 -9.531846340880000268e-01
1.661501262579999916e-01 -4.511454301650000276e-01
2.198176625280000018e-01 -6.028815706440000532e-01
2.451545324169999984e-01 -7.062335171479999785e-01
2.575643919500000267e-01 -8.075891450619999690e-01
-1.835621917489999866e-01 -1.007146814610000024e-01
-3.173819880170000163e-01 -2.654980127520000233e-01
-4.019608122419999763e-01 -4.049471870590000133e-01
-4.804650715139999750e-01 -4.938381678109999839e-01
-1.483571643399999862e-01 -5.314288539879999940e-01
-1.930803367220000066e-01 -7.036212480350000353e-01
-2.177418663360000117e-01 -8.112937536769999625e-01
-2.364221994980000019e-01 -9.029177614400000218e-01
-3.395591898400000114e-02 -5.543608554000000188e-01
-4.483366127800000184e-02 -7.617824693320000007e-01
-5.635647958099999910e-02 -8.901698996360000171e-01
-6.694788046300000073e-02 -1.000000000000000000e+00
7.104832802100000122e-02 -5.228427783689999497e-01
9.583945107499999838e-02 -7.180001249170000488e-01
1.019235966450000030e-01 -8.434060557470000052e-01
1.003106515189999964e-01 -9.541944162659999895e-01
1.689621244889999985e-01 -4.496249507169999826e-01
2.274653143029999880e-01 -6.007372795300000012e-01
2.557446607859999999e-01 -7.040854969759999804e-01
2.699011284539999944e-01 -8.061038085120000307e-01
-1.818328658189999891e-01 -1.014112556579999935e-01
-3.160938730539999963e-01 -2.648317968419999779e-01
-4.043266114960000213e-01 -4.010996911820000066e-01
-4.831899966659999879e-01 -4.854309904620000005e-01
-1.492748011230000116e-01 -5.357755413520000065e-01
-1.959901332189999956e-01 -7.096268833479999483e-01
-2.210861106769999862e-01 -8.177145024819999497e-01
-2.399737120169999904e-01 -9.095392925240000093e-01
-3.475198852599999805e-02 -5.582580054929999758e-01
-4.542585232100000009e-02 -7.650435057450000187e-01
-5.669693398399999751e-02 -8.928327032639999938e-01
-6.702497760999999443e-02 -1.000000000000000000e+00
7.036389393299999351e-02 -5.253506737280000394e-01
9.888490371600000550e-02 -7.187172072109999643e-01
1.070990933139999990e-01 -8.430301068240000362e-01
1.074137218589999998e-01 -9.519333275669999983e-01
1.676649186789999912e-01 -4.503463477979999796e-01
2.290505412640000127e-01 -5.967073173469999992e-01
2.586717338360000062e-01 -6.987027378569999891e-01
2.746317866340000080e-01 -8.000606371930000238e-01
-1.811174852499999877e-01 -1.009925804949999978e-01
-3.181913717350000059e-01 -2.636894573690000132e-01
-4.111775035470000006e-01 -3.980621259229999986e-01
-4.958554358150000230e-01 -4.823285386760000071e-01
-1.534396358590000009e-01 -5.395762786050000148e-01
-2.013740929070000074e-01 -7.127029984249999561e-01
-2.261927625329999969e-01 -8.207644344819999827e-01
-2.448112537490000074e-01 -9.125814652160000318e-01
-3.816657158600000183e-02 -5.623605579210000371e-01
-5.048516657200000091e-02 -7.678108848750000437e-01
-6.122950743399999812e-02 -8.939500575500000101e-01
-7.128824594400000325e-02 -1.000000000000000000e+00
6.783900320999999844e-02 -5.294593525449999838e-01
9.224863779799999386e-02 -7.219647284350000360e-01
9.905435068600000614e-02 -8.436793605160000098e-01
9.790375612799999405e-02 -9.508773424669999530e-01
1.672967423989999980e-01 -4.540329582920000218e-01
2.261600690920000101e-01 -6.013627744259999464e-01
2.545561860430000101e-01 -7.033913812719999603e-01
2.688665117619999934e-01 -8.052973030159999990e-01
-1.802392541850000030e-01 -1.002320217799999996e-01
-3.194427348980000136e-01 -2.607862380379999956e-01
-4.152471649089999883e-01 -3.923553700310000170e-01
-5.020239480899999496e-01 -4.737387839289999847e-01
-1.539102343229999947e-01 -5.371094842150000437e-01
-2.020543942340000121e-01 -7.111230701830000278e-01
-2.277984037219999980e-01 -8.180981641540000515e-01
-2.470524808110000081e-01 -9.095114210260000220e-01
-3.864412834300000321e-02 -5.595801596039999826e-01
-5.181106336199999690e-02 -7.672555148849999895e-01
-6.395771276799999683e-02 -8.934208158740000183e-01
-7.504713625400000199e-02 -1.000000000000000000e+00
6.770859196799999813e-02 -5.270504132819999743e-01
9.109626110799999565e-02 -7.193531306870000197e-01
9.650426551999999325e-02 -8.405606760179999970e-01
9.397574386700000004e-02 -9.470107241659999620e-01
1.674200092220000102e-01 -4.521688034379999777e-01
2.247006911699999943e-01 -6.007774129709999578e-01
2.524448631389999975e-01 -7.031907880240000353e-01
2.662023636779999869e-01 -8.049217684680000096e-01
-1.802418357439999896e-01 -9.814828654200000169e-02
-3.198416475990000230e-01 -2.601911605050000187e-01
-4.158322367239999928e-01 -3.922483221410000276e-01
-5.043428530450000391e-01 -4.735352609940000068e-01
-1.575789956839999950e-01 -5.394275542190000161e-01
-2.066357363580000051e-01 -7.138058657560000242e-01
-2.328653227789999891e-01 -8.207013148149999715e-01
-2.527164646180000140e-01 -9.113050705340000057e-01
-4.246357050599999794e-02 -5.620987868210000071e-01
-5.616536452399999851e-02 -7.689609113119999506e-01
-6.853692651999999941e-02 -8.944333233900000346e-01
-8.007905831200000379e-02 -1.000000000000000000e+00
6.371045672200000010e-02 -5.296084478939999673e-01
8.684215641499999638e-02 -7.214135511629999886e-01
9.306190054500000641e-02 -8.417653474590000018e-01
9.162871251599999378e-02 -9.469863579780000151e-01
1.632173808150000072e-01 -4.552606821240000046e-01
2.211642659849999970e-01 -6.037984114100000133e-01
2.505781065370000227e-01 -7.065420360070000516e-01
2.664466922329999932e-01 -8.085065014490000479e-01
-1.798103644110000121e-01 -1.013642690900000004e-01
-3.191863183609999766e-01 -2.628637687820000179e-01
-4.160174354749999748e-01 -3.932769028779999898e-01
-5.028665067169999503e-01 -4.722521718859999940e-01
-1.550602030909999929e-01 -5.377455169320000117e-01
-2.036030879450000108e-01 -7.124682023559999466e-01
-2.292047963449999892e-01 -8.199358644849999989e-01
-2.484957657290000066e-01 -9.118158495720000145e-01
-4.099559761600000268e-02 -5.601419886899999812e-01
-5.539886025900000316e-02 -7.672909041259999841e-01
-6.762089750800000243e-02 -8.938975975880000258e-01
-7.784673826000000629e-02 -1.000000000000000000e+00
6.423625671400000348e-02 -5.278521797099999802e-01
8.750590703100000201e-02 -7.184101148679999937e-01
9.336459571699999571e-02 -8.367845335989999578e-01
9.193227281999999390e-02 -9.390389394320000083e-01
1.629478293230000041e-01 -4.537199832800000165e-01
2.211249493809999966e-01 -6.010165423719999733e-01
2.499863509009999929e-01 -7.032793853209999835e-01
2.654747414149999929e-01 -8.038243306790000542e-01
-1.795859220350000118e-01 -1.006549799419999974e-01
-3.196775860639999856e-01 -2.626654745020000070e-01
-4.170497380400000065e-01 -3.919459496289999789e-01
-5.045302117459999902e-01 -4.683217356450000146e-01
-1.525866531339999943e-01 -5.407559377280000135e-01
-2.029093777909999896e-01 -7.151636906439999830e-01
-2.296742823919999954e-01 -8.220543354539999736e-01
-2.499103716789999874e-01 -9.131639723829999555e-01
-3.975409305000000143e-02 -5.624822606989999807e-01
-5.476600424599999822e-02 -7.696072419399999642e-01
-6.780100659599999635e-02 -8.950318669960000140e-01
-7.835737657499999842e-02 -1.000000000000000000e+00
6.399616768400000211e-02 -5.283577597499999889e-01
8.698320895399999642e-02 -7.195925070859999773e-01
9.113616663300000420e-02 -8.375327876629999890e-01
8.848347487900000419e-02 -9.396616292280000060e-01
1.614032652990000094e-01 -4.517183765989999933e-01
2.226133960239999876e-01 -5.986130426660000170e-01
2.530314854919999967e-01 -7.021977714210000387e-01
2.697719239649999934e-01 -8.046807510969999910e-01
-1.811934567659999884e-01 -1.016946146739999973e-01
-3.221230330659999863e-01 -2.636258582009999851e-01
-4.201066127429999852e-01 -3.930069486989999916e-01
-5.078945875229999851e-01 -4.721157208149999729e-01
-1.542248706650000134e-01 -5.412252967999999775e-01
-2.050641295990000001e-01 -7.162966948000000222e-01
-2.313454931649999990e-01 -8.234732704860000529e-01
-2.511586611639999855e-01 -9.149589171390000164e-01
-4.107799022499999952e-02 -5.617744495509999769e-01
-5.519583129399999871e-02 -7.689054365890000131e-01
-6.638055706999999861e-02 -8.944700025159999512e-01
-7.500339316500000131e-02 -1.000000000000000000e+00
6.310724414099999624e-02 -5.272785259069999730e-01
8.490326091100000583e-02 -7.174317276589999848e-01
8.901777063599999873e-02 -8.355794273019999663e-01
8.669910922100000639e-02 -9.379419899750000011e-01
1.610947092539999903e-01 -4.508344687479999835e-01
2.217562104839999881e-01 -5.971358123329999490e-01
2.526237756490000153e-01 -7.008074615020000175e-01
2.698552659990000047e-01 -8.033902867409999926e-01
-1.795117832589999962e-01 -1.025819281700000030e-01
-3.188753112570000270e-01 -2.631399633470000166e-01
-4.167329547729999861e-01 -3.912693396570000037e-01
-5.045741046139999852e-01 -4.702641650880000079e-01
-1.520872960130000007e-01 -5.408595537810000353e-01
-2.036385056330000110e-01 -7.184011778540000392e-01
-2.306643424629999939e-01 -8.261318507970000224e-01
-2.517884897839999803e-01 -9.198487695529999897e-01
-3.913161353399999959e-02 -5.608832540749999485e-01
-5.344294168299999759e-02 -7.689508684019999984e-01
-6.533647446599999409e-02 -8.936601401799999511e-01
-7.484065522900000544e-02 -1.000000000000000000e+00
6.453534792100000528e-02 -5.256153337579999585e-01
8.680793002200000441e-02 -7.164849529079999613e-01
9.108302603199999736e-02 -8.328471420030000294e-01
8.881687306999999643e-02 -9.344620379670000032e-01
1.610267127799999975e-01 -4.481834785489999806e-01
2.217489611560000129e-01 -5.942728323250000555e-01
2.526536554430000026e-01 -6.981322992370000424e-01
2.698932899050000001e-01 -8.017425126110000466e-01
-1.801412007900000112e-01 -1.017016334320000048e-01
-3.199177916329999927e-01 -2.626917137550000003e-01
-4.172980410029999976e-01 -3.909997556909999838e-01
-5.046792584789999703e-01 -4.689900565119999865e-01
-1.549809981680000115e-01 -5.399021823340000026e-01
-2.038334682259999864e-01 -7.174669343059999482e-01
-2.291421405480000006e-01 -8.258355926739999742e-01
-2.483978003339999963e-01 -9.194867688310000009e-01
-4.207314930099999989e-02 -5.600171902939999891e-01
-5.527424247599999757e-02 -7.683272836090000446e-01
-6.683578614299999499e-02 -8.936611999429999731e-01
-7.566182415399999583e-02 -1.000000000000000000e+00
6.195859812800000310e-02 -5.256329398589999480e-01
8.380490154500000455e-02 -7.172150492159999891e-01
8.693458731700000330e-02 -8.348626198070000504e-01
8.414074833199999826e-02 -9.370801368810000032e-01
1.596300146179999990e-01 -4.496538900720000176e-01
2.199575273980000079e-01 -5.965809481710000473e-01
2.503695889540000219e-01 -7.009848827739999511e-01
2.675331857880000053e-01 -8.048905835899999861e-01
-1.799246472580000034e-01 -1.031920257330000007e-01
-3.180942783690000053e-01 -2.653888616360000063e-01
-4.141389996320000155e-01 -3.935492944769999890e-01
-5.010920209139999582e-01 -4.707971389489999936e-01
-1.500182618030000137e-01 -5.403011692160000212e-01
-1.996633085689999976e-01 -7.170388864129999540e-01
-2.251315795240000084e-01 -8.247569256090000467e-01
-2.447455936990000080e-01 -9.178131098070000382e-01
-3.766422800799999748e-02 -5.605594615910000078e-01
-5.177441685200000199e-02 -7.681864357409999844e-01
-6.314192512499999799e-02 -8.932910869369999896e-01
-7.200362674400000162e-02 -1.000000000000000000e+00
6.556943918400000293e-02 -5.259668872220000235e-01
8.726768876200000080e-02 -7.171900931479999741e-01
9.142202032500000575e-02 -8.344047553100000236e-01
8.896012849699999614e-02 -9.367190667029999807e-01
1.622367307500000022e-01 -4.496006661749999966e-01
2.221370540729999954e-01 -5.973298121629999624e-01
2.521620151050000258e-01 -7.020467969039999589e-01
2.683801988269999828e-01 -8.064229427029999675e-01
-1.806859764189999995e-01 -1.028250462320000058e-01
-3.195790079720000065e-01 -2.645725031889999967e-01
-4.166837695030000122e-01 -3.935453751069999950e-01
-5.065727968980000551e-01 -4.697476815170000264e-01
-1.517613207940000097e-01 -5.372546932620000382e-01
-2.014267598270000070e-01 -7.127946534800000400e-01
-2.270176946349999891e-01 -8.211012890679999510e-01
-2.461586793949999963e-01 -9.142708191809999496e-01
-4.009703363699999856e-02 -5.582146100170000125e-01
-5.480492993000000285e-02 -7.665388806209999517e-01
-6.657207062700000455e-02 -8.930722766469999518e-01
-7.489268205200000361e-02 -1.000000000000000000e+00
6.301128592400000172e-02 -5.248554189490000077e-01
8.512964589700000584e-02 -7.165099863239999811e-01
8.854256080899999826e-02 -8.345145872889999650e-01
8.610034401199999354e-02 -9.363811651340000486e-01
1.601665802999999999e-01 -4.498717443829999829e-01
2.204586648769999990e-01 -5.970007949319999785e-01
2.508641053940000032e-01 -7.011291210900000292e-01
2.681300321969999900e-01 -8.039433150029999808e-01
-1.805333033410000121e-01 -1.021204584670000054e-01
-3.190302214869999986e-01 -2.653038441850000262e-01
-4.156927962640000196e-01 -3.953745163960000197e-01
-5.047702612350000173e-01 -4.734225619820000008e-01
-1.527499646840000114e-01 -5.393323229850000011e-01
-2.044893098599999959e-01 -7.157937128460000187e-01
-2.308583557280000087e-01 -8.246263307769999829e-01
-2.511827842109999875e-01 -9.181387140119999790e-01
-3.988069738899999855e-02 -5.601117768169999733e-01
-5.393253675399999753e-02 -7.676053390289999667e-01
-6.512952677000000135e-02 -8.935015327369999483e-01
-7.431594742800000375e-02 -1.000000000000000000e+00
6.409333208400000426e-02 -5.263996985229999481e-01
8.654423549600000209e-02 -7.183044762269999994e-01
9.108208046599999830e-02 -8.379079239309999982e-01
8.876029658299999792e-02 -9.422299065999999446e-01
1.611705071519999866e-01 -4.510643607689999723e-01
2.206702950449999923e-01 -5.989174959469999449e-01
2.501187955590000178e-01 -7.028074201539999954e-01
2.659743492850000224e-01 -8.059213668619999993e-01
-1.804470265239999927e-01 -1.026295565789999975e-01
-3.169960027689999738e-01 -2.638737842219999741e-01
-4.114430583140000208e-01 -3.928110520070000056e-01
-4.990083265069999996e-01 -4.688584361379999899e-01
-1.505076566100000124e-01 -5.400597595949999663e-01
-2.026097719419999998e-01 -7.161305288589999707e-01
-2.284743495530000001e-01 -8.249147202250000088e-01
-2.479042244899999914e-01 -9.182357167150000388e-01
-3.798249783700000104e-02 -5.607522007709999645e-01
-5.196616463800000224e-02 -7.680377611259999737e-01
-6.221544453600000302e-02 -8.938350019640000088e-01
-6.981070869399999546e-02 -1.000000000000000000e+00
6.528610490800000610e-02 -5.264490529019999476e-01
8.742291785599999587e-02 -7.188563597320000165e-01
9.256183179299999619e-02 -8.398428909720000446e-01
9.137305622800000193e-02 -9.458976621000000362e-01
1.618314645189999901e-01 -4.501117649090000117e-01
2.214944250549999993e-01 -5.978583926060000442e-01
2.514777577389999963e-01 -7.013056567109999806e-01
2.683904858389999926e-01 -8.042195244199999982e-01
-1.793186029609999954e-01 -1.041075065860000010e-01
-3.129728453480000172e-01 -2.655284623090000129e-01
-4.054121451250000119e-01 -3.954119705909999727e-01
-4.906190318779999893e-01 -4.783278588279999965e-01
-1.455266453819999972e-01 -5.394212265969999809e-01
-1.973735525729999885e-01 -7.145898799100000032e-01
-2.245259569870000083e-01 -8.222458467140000282e-01
-2.453668984250000074e-01 -9.162735286569999582e-01
-3.346037116399999678e-02 -5.585258483820000341e-01
-4.433607257000000273e-02 -7.656876654099999957e-01
-5.333285829099999875e-02 -8.917193743389999483e-01
-6.097033394899999820e-02 -1.000000000000000000e+00
6.849659635600000018e-02 -5.221064222569999913e-01
9.069562695199999414e-02 -7.144933591290000274e-01
9.373234805300000028e-02 -8.369878873289999799e-01
8.947588840900000395e-02 -9.456338684970000408e-01
1.638173404490000096e-01 -4.439793632819999947e-01
2.232206719239999970e-01 -5.912794410239999854e-01
2.523365396210000000e-01 -6.951132847640000278e-01
2.668329426859999964e-01 -7.996480799859999600e-01
-1.815127829210000099e-01 -1.040369473119999999e-01
-3.168900395009999760e-01 -2.675554475740000160e-01
-4.101060851309999977e-01 -4.001344862169999850e-01
-4.946614286150000095e-01 -4.837538662379999854e-01
-1.477780106899999890e-01 -5.432344966709999889e-01
-1.980377474699999973e-01 -7.175248095239999957e-01
-2.256187157800000065e-01 -8.253311196839999697e-01
-2.484017007250000075e-01 -9.194377157769999531e-01
-3.581977264700000191e-02 -5.636575990650000145e-01
-4.477802848299999861e-02 -7.688664072409999717e-01
-5.386476578899999923e-02 -8.936306359869999882e-01
-6.370947667300000394e-02 -1.000000000000000000e+00
6.634418544700000642e-02 -5.292103081889999450e-01
8.775496817000000283e-02 -7.206332308180000146e-01
9.149211280699999504e-02 -8.428356715720000114e-01
8.622951629500000270e-02 -9.504740416900000488e-01
1.619483202860000082e-01 -4.537552881720000042e-01
2.202394907449999883e-01 -6.018944223650000147e-01
2.483599638160000067e-01 -7.059203833380000015e-01
2.609865109689999962e-01 -8.093285513960000177e-01
-1.814620830989999989e-01 -1.036468088320000036e-01
-3.160565414950000096e-01 -2.656805220769999920e-01
-4.070255243020000080e-01 -3.986433232830000062e-01
-4.889689212150000186e-01 -4.827660986199999726e-01
-1.458730252050000065e-01 -5.437402047660000459e-01
-1.971144688110000043e-01 -7.181178031799999584e-01
-2.266059705089999987e-01 -8.250017217780000189e-01
-2.511543748549999733e-01 -9.180513257689999485e-01
-3.350136762300000293e-02 -5.646531668109999735e-01
-4.325497145800000220e-02 -7.695204639560000448e-01
-5.340394021099999916e-02 -8.937653595160000020e-01
-6.451951207900000207e-02 -1.000000000000000000e+00
6.926719467799999363e-02 -5.298294180389999664e-01
9.070161735100000511e-02 -7.219858814239999978e-01
9.470420421700000146e-02 -8.456889629860000479e-01
8.923830241100000338e-02 -9.546299018170000261e-01
1.656519657659999978e-01 -4.533706525119999831e-01
2.250446122360000023e-01 -6.021376498160000423e-01
2.534600449619999751e-01 -7.061356592730000381e-01
2.657432619710000110e-01 -8.093633622539999628e-01
-1.816112529549999965e-01 -1.045959644020000023e-01
-3.149498337619999755e-01 -2.667835096639999959e-01
-4.039210263069999973e-01 -4.012682550400000214e-01
-4.810459076170000015e-01 -4.899609342940000056e-01
-1.449098752019999936e-01 -5.394578397670000136e-01
-1.967072495520000019e-01 -7.129101945260000184e-01
-2.288880799499999896e-01 -8.193695714450000001e-01
-2.563441702609999817e-01 -9.124965196330000472e-01
-3.408933314499999756e-02 -5.602755964119999765e-01
-4.157515056100000161e-02 -7.657792590419999490e-01
-5.267383668500000282e-02 -8.917491255659999450e-01
-6.510676846299999487e-02 -1.000000000000000000e+00
6.724693206000000034e-02 -5.257496824239999977e-01
9.158704129200000155e-02 -7.177251430450000136e-01
9.420971510999999465e-02 -8.428231345779999550e-01
8.727482646600000227e-02 -9.526291184759999586e-01
1.623106203319999996e-01 -4.500570872529999766e-01
2.255819478860000005e-01 -5.958168797349999712e-01
2.551109860219999970e-01 -6.990052569279999739e-01
2.680241063780000044e-01 -8.012897456259999718e-01
-1.826418154849999975e-01 -1.057821603149999984e-01
-3.159032281260000241e-01 -2.671692224900000245e-01
-4.036130497959999897e-01 -4.022344760859999924e-01
-4.795039531620000073e-01 -4.931763681949999922e-01
-1.423217768449999976e-01 -5.405826656390000373e-01
-1.922234949859999986e-01 -7.123676469640000120e-01
-2.232229900440000081e-01 -8.176106552909999658e-01
-2.496307467199999908e-01 -9.095881023980000313e-01
-3.164454185400000091e-02 -5.616190460759999947e-01
-4.075065126400000126e-02 -7.658929143549999541e-01
-5.302966618800000059e-02 -8.915233035530000238e-01
-6.614160397700000193e-02 -1.000000000000000000e+00
7.008919583799999575e-02 -5.273594313959999447e-01
9.251610675799999683e-02 -7.195793534159999894e-01
9.369889886299999360e-02 -8.443610508769999745e-01
8.578942328100000458e-02 -9.539511198119999813e-01
1.666713368409999951e-01 -4.512632935399999989e-01
2.307309431269999878e-01 -5.971009946119999467e-01
2.603136028010000214e-01 -7.006403316070000109e-01
2.728369578950000096e-01 -8.034394318280000391e-01
-1.830886305030000050e-01 -1.042995859109999979e-01
-3.156865510469999969e-01 -2.681556463970000137e-01
-4.024281035880000190e-01 -4.059476053380000060e-01
-4.783224093840000024e-01 -4.993940627869999926e-01
-1.427087647860000030e-01 -5.392053529300000481e-01
-1.913526150500000078e-01 -7.104246608030000409e-01
-2.230995880320000013e-01 -8.142610613599999825e-01
-2.509060356539999925e-01 -9.029887119780000138e-01
-3.100893038599999985e-02 -5.605095038890000048e-01
-3.965550942800000200e-02 -7.652056180309999567e-01
-5.275421025399999742e-02 -8.916670961310000365e-01
-6.764361167200000358e-02 -1.000000000000000000e+00
7.149964388000000504e-02 -5.265271384409999644e-01
9.518837936400000033e-02 -7.185291744209999498e-01
9.627038939899999759e-02 -8.443178036870000458e-01
8.742818665300000625e-02 -9.544483926900000359e-01
1.681086279940000039e-01 -4.509773656330000047e-01
2.331235920899999980e-01 -5.974162570850000131e-01
2.637209152719999783e-01 -7.024350951979999591e-01
2.763959909579999930e-01 -8.068766058520000506e-01
-1.824431856260000095e-01 -1.073948271440000046e-01
-3.134757819740000007e-01 -2.718453786880000167e-01
-3.995029452159999939e-01 -4.089070811889999879e-01
-4.743240272479999908e-01 -5.022712793089999517e-01
-1.386130043040000037e-01 -5.415581947800000018e-01
-1.890954773540000078e-01 -7.116259881709999791e-01
-2.221193622310000115e-01 -8.156873283700000199e-01
-2.521445219089999967e-01 -9.055841178739999497e-01
-2.724341361499999989e-02 -5.619163257729999916e-01
-3.423483779099999874e-02 -7.654087789310000112e-01
-4.705640928500000320e-02 -8.914622982059999812e-01
-6.306120896500000406e-02 -1.000000000000000000e+00
7.464529215699999831e-02 -5.263504468770000555e-01
1.005201247299999934e-01 -7.168413801330000279e-01
1.023800347959999968e-01 -8.419630065569999600e-01
9.352321242500000187e-02 -9.525434381899999803e-01
1.701444008870000024e-01 -4.487551437419999845e-01
2.366629616139999948e-01 -5.932298945420000358e-01
2.665800277750000058e-01 -6.970611152140000488e-01
2.786053395929999899e-01 -8.007330386890000318e-01
-1.833441447860000018e-01 -1.066687902659999992e-01
-3.144971149779999808e-01 -2.700468749480000041e-01
-3.995590157680000143e-01 -4.081199965319999845e-01
-4.717078887210000016e-01 -5.039013703039999514e-01
-1.395040003080000035e-01 -5.386866808850000465e-01
-1.893375597839999924e-01 -7.085594600600000348e-01
-2.224354986719999927e-01 -8.127469805989999685e-01
-2.518733744469999758e-01 -9.027018199509999619e-01
-2.745611398600000114e-02 -5.588997667630000166e-01
-3.410781086300000015e-02 -7.635763515640000554e-01
-4.652128824300000298e-02 -8.908205605210000044e-01
-6.191591177499999876e-02 -1.000000000000000000e+00
7.534521355800000153e-02 -5.242596954320000169e-01
1.018885651850000018e-01 -7.155968459439999707e-01
1.044998671259999984e-01 -8.413583050170000410e-01
9.569186058900000513e-02 -9.514496565090000413e-01
1.717523292669999868e-01 -4.480012659959999866e-01
2.369260900730000008e-01 -5.947442269210000410e-01
2.661446897270000056e-01 -6.997033947509999630e-01
2.771618975030000209e-01 -8.034734799970000285e-01
-1.852675323269999952e-01 -1.060719418559999960e-01
-3.173701075370000124e-01 -2.703999214669999818e-01
-4.010176371799999973e-01 -4.113679487710000249e-01
-4.702443689479999800e-01 -5.092863458070000515e-01
-1.434749285259999951e-01 -5.390821555610000315e-01
-1.950797345370000047e-01 -7.110800882059999939e-01
-2.275242026119999872e-01 -8.168356520549999722e-01
-2.560710457629999937e-01 -9.076621925769999821e-01
-3.082460587099999927e-02 -5.604469511940000093e-01
-3.743460176700000308e-02 -7.652478171640000326e-01
-4.916136202100000047e-02 -8.920420076089999872e-01
-6.387333664000000022e-02 -1.000000000000000000e+00
7.231700815199999799e-02 -5.264372520290000468e-01
9.772322915400000198e-02 -7.174526870780000287e-01
1.000200063399999950e-01 -8.432372519609999673e-01
9.147365671300000667e-02 -9.526355049939999597e-01
1.696805517249999895e-01 -4.508748435080000005e-01
2.343818974000000110e-01 -5.973355539960000238e-01
2.638586046859999756e-01 -7.020393057099999501e-01
2.754553570780000071e-01 -8.048520688039999538e-01
-1.849285720330000049e-01 -1.071214321700000027e-01
-3.162889640050000062e-01 -2.706387556020000140e-01
-3.992669071370000267e-01 -4.115385329249999780e-01
-4.680723800070000218e-01 -5.119711653320000444e-01
-1.394150707240000009e-01 -5.404784685900000385e-01
-1.924847253870000108e-01 -7.123817804319999558e-01
-2.266538365770000008e-01 -8.179776669930000077e-01
-2.567986450640000196e-01 -9.093490625110000058e-01
-2.683682031499999912e-02 -5.616772351440000310e-01
-3.423563421800000089e-02 -7.658495232049999935e-01
-4.576761700899999868e-02 -8.919520700440000116e-01
-5.991261530400000118e-02 -1.000000000000000000e+00
7.558656482299999646e-02 -5.278032773259999644e-01
1.008175805150000048e-01 -7.189307796660000527e-01
1.043547666330000012e-01 -8.441462061519999782e-01
9.730326878400000212e-02 -9.536150867420000177e-01
1.714169047619999997e-01 -4.529479266009999727e-01
2.361254501729999900e-01 -5.987651577570000105e-01
2.660948126850000151e-01 -7.035099809229999890e-01
2.785074025879999970e-01 -8.067756599959999830e-01
-1.858766926809999886e-01 -1.074695412729999994e-01
-3.181010744689999892e-01 -2.695589683949999871e-01
-4.018855094300000097e-01 -4.094116853599999994e-01
-4.699252145489999921e-01 -5.080178119860000452e-01
-1.422072051820000016e-01 -5.405370675420000381e-01
-1.934566306599999896e-01 -7.139573148629999588e-01
-2.277290569850000113e-01 -8.202052455639999851e-01
-2.588519469239999871e-01 -9.111404020609999987e-01
-2.885250782100000008e-02 -5.609055323020000206e-01
-3.425460025999999686e-02 -7.664206158780000333e-01
-4.631478468800000192e-02 -8.930526801089999633e-01
-6.226428719399999812e-02 -1.000000000000000000e+00
7.471988099000000105e-02 -5.262895568330000495e-01
1.015214262489999991e-01 -7.169952254529999847e-01
1.054526980260000052e-01 -8.422031347080000119e-01
9.742165841899999568e-02 -9.510841426589999870e-01
1.717534534880000019e-01 -4.505162348899999780e-01
2.361609559679999915e-01 -5.956077711649999662e-01
2.648088614390000095e-01 -7.000497057679999635e-01
2.753346985599999797e-01 -8.027897905019999447e-01
-1.838067768870000063e-01 -1.074278225390000036e-01
-3.138438410300000148e-01 -2.713142931520000078e-01
-3.959854218719999763e-01 -4.118662161200000171e-01
-4.641070023960000013e-01 -5.115986108569999802e-01
-1.378556624570000111e-01 -5.381202909819999824e-01
-1.888635840179999914e-01 -7.106268591450000116e-01
-2.226009350179999902e-01 -8.164995514320000369e-01
-2.523078526920000120e-01 -9.074118626949999600e-01
-2.578480651999999831e-02 -5.581872705689999714e-01
-3.123638150899999896e-02 -7.635523235760000027e-01
-4.221985393600000136e-02 -8.909835748090000340e-01
-5.583654506499999975e-02 -1.000000000000000000e+00
7.645356372000000622e-02 -5.238049642580000498e-01
1.039274607979999987e-01 -7.151471179859999472e-01
1.084668669269999997e-01 -8.417676498709999455e-01
1.024119119770000030e-01 -9.524587132370000431e-01
1.719221092300000087e-01 -4.484628765420000107e-01
2.373559140100000020e-01 -5.941248768279999704e-01
2.674522541380000007e-01 -6.983858454770000002e-01
2.802878943170000192e-01 -8.012829304890000115e-01
-1.855364164999999954e-01 -1.081814587839999980e-01
-3.170377045889999912e-01 -2.712948991760000261e-01
-4.005412396510000250e-01 -4.120540203129999801e-01
-4.680694973100000267e-01 -5.124286925929999459e-01
-1.412763890729999972e-01 -5.402193914259999508e-01
-1.922337945489999977e-01 -7.153328093390000086e-01
-2.268618814570000086e-01 -8.217646252929999839e-01
-2.582755561369999842e-01 -9.128979546590000327e-01
-2.804384081999999889e-02 -5.596719865649999459e-01
-3.329672864399999682e-02 -7.657222844219999658e-01
-4.553797014899999690e-02 -8.922213290299999544e-01
-6.153896194100000328e-02 -1.000000000000000000e+00
7.532136388099999746e-02 -5.248128107389999908e-01
1.024860336950000061e-01 -7.160958114750000103e-01
1.059951112569999937e-01 -8.420189218739999593e-01
9.769901340999999351e-02 -9.518165555880000461e-01
1.722060882879999921e-01 -4.490532804710000159e-01
2.374522364439999866e-01 -5.947699571119999806e-01
2.668546541810000172e-01 -6.994390601750000158e-01
2.780521355560000019e-01 -8.024612928190000272e-01
