-1.548913689380000125e-01 -9.839972527399999669e-02
-2.368848795619999947e-01 -2.650654757790000260e-01
-2.474621687609999954e-01 -4.181839447869999948e-01
-2.801922453130000212e-01 -5.386083474839999941e-01
-1.409242818399999986e-01 -5.066371326709999678e-01
-1.565901361260000069e-01 -6.991110025969999864e-01
-1.583691183510000100e-01 -8.152028771139999686e-01
-1.552582407589999935e-01 -9.167104515559999500e-01
-4.134688173500000036e-02 -5.204038348689999927e-01
-5.984062147500000123e-02 -7.455454314610000521e-01
-6.518652617400000349e-02 -8.786044278400000351e-01
-7.369593685899999969e-02 -1.000000000000000000e+00
5.681657564300000157e-02 -4.936519926590000051e-01
4.189271045299999829e-02 -7.048759494299999817e-01
2.667261968100000102e-02 -8.344280319179999683e-01
3.380330895999999856e-03 -9.463767946650000207e-01
1.608452995490000093e-01 -4.308441528199999926e-01
1.501814839770000132e-01 -5.963783674089999653e-01
1.349579321499999873e-01 -6.983266155780000206e-01
1.120109344900000053e-01 -7.950127369370000308e-01
-1.552470641049999989e-01 -1.000101784530000038e-01
-2.359836117580000059e-01 -2.681041334290000244e-01
-2.453847176279999875e-01 -4.216925093519999779e-01
-2.781512920629999885e-01 -5.401978220869999570e-01
-1.409370094209999869e-01 -5.078435190590000481e-01
-1.567771393400000102e-01 -7.000172347990000210e-01
-1.579007404549999938e-01 -8.164085935260000371e-01
-1.550208932830000053e-01 -9.177834202150000342e-01
-4.133327954899999879e-02 -5.217283542089999893e-01
-5.849355650000000184e-02 -7.471156995150000091e-01
-6.255962570699999392e-02 -8.793124682830000260e-01
-7.001314949900000473e-02 -1.000000000000000000e+00
5.634804941499999692e-02 -4.950739083260000117e-01
4.011784122999999952e-02 -7.055256282299999793e-01
2.661440118399999860e-02 -8.346507413399999464e-01
5.835391082999999771e-03 -9.454379364699999622e-01
1.595477319080000067e-01 -4.319376185320000228e-01
1.471435290479999880e-01 -5.977802084669999738e-01
1.334732701449999892e-01 -7.006265628969999826e-01
1.135411236899999954e-01 -7.978161184480000445e-01
-1.567683223830000083e-01 -9.848660805599999957e-02
-2.400961448820000121e-01 -2.647112916730000043e-01
-2.515540617750000041e-01 -4.176451509569999998e-01
-2.824503539239999750e-01 -5.360780805329999898e-01
-1.457452161139999869e-01 -5.073835047410000243e-01
-1.618606158399999995e-01 -7.026918457530000328e-01
-1.620993716259999939e-01 -8.198992529619999470e-01
-1.571431874449999988e-01 -9.210516550859999541e-01
-4.521435145000000239e-02 -5.200315052939999960e-01
-6.290588836600000122e-02 -7.474923521290000039e-01
-6.546291562400000097e-02 -8.801349976129999586e-01
-7.027293117300000003e-02 -1.000000000000000000e+00
5.282913161399999807e-02 -4.925074076779999976e-01
3.669633330500000207e-02 -7.044981035930000246e-01
2.406444825499999898e-02 -8.327678536989999714e-01
4.651324041000000353e-03 -9.431310737710000280e-01
1.550107061600000113e-01 -4.291925756089999822e-01
1.418895051869999979e-01 -5.961919581129999646e-01
1.278008608400000023e-01 -6.984544437720000554e-01
1.079033990600000020e-01 -7.951609303559999953e-01
-1.543095514239999910e-01 -9.900251646999999600e-02
-2.351321234569999918e-01 -2.637032033669999831e-01
-2.448310651750000011e-01 -4.156362697520000204e-01
-2.757282841140000218e-01 -5.343151316530000416e-01
-1.417021947859999909e-01 -5.093764525189999892e-01
-1.567640855580000048e-01 -7.027881659019999949e-01
-1.550021285250000047e-01 -8.199646977350000254e-01
-1.483480726389999893e-01 -9.204278363090000470e-01
-3.933623257399999906e-02 -5.215435243499999540e-01
-5.668296331299999685e-02 -7.484178286979999983e-01
-5.821562876900000100e-02 -8.813248565469999907e-01
-6.228747099299999923e-02 -1.000000000000000000e+00
6.041659279299999713e-02 -4.929909727940000042e-01
4.434537951099999653e-02 -7.061701144419999521e-01
2.972244461600000165e-02 -8.377128931849999738e-01
7.972559124000000094e-03 -9.488152810619999711e-01
1.655053797080000000e-01 -4.287212234689999901e-01
1.523725845020000025e-01 -5.970374695069999849e-01
1.368182739659999925e-01 -7.005254321789999850e-01
1.140225203840000007e-01 -7.961606822319999832e-01
-1.537827673749999902e-01 -9.808165699099999357e-02
-2.370622432339999919e-01 -2.622299857689999736e-01
-2.477805973760000002e-01 -4.150393235070000131e-01
-2.783533173389999837e-01 -5.354207082070000512e-01
-1.425224550779999877e-01 -5.082533735419999532e-01
-1.563468737619999882e-01 -7.044730395510000465e-01
-1.541526364839999885e-01 -8.221625254359999913e-01
-1.466735935569999927e-01 -9.236109292499999901e-01
-4.249702275399999674e-02 -5.201435745629999774e-01
-5.959592487899999930e-02 -7.472664010680000191e-01
-5.992430095500000248e-02 -8.804862224080000077e-01
-6.206063149200000129e-02 -1.000000000000000000e+00
5.563441058600000072e-02 -4.916255498859999906e-01
3.948831901600000083e-02 -7.026940894330000464e-01
2.735614326200000099e-02 -8.341105694799999526e-01
8.140382760000000259e-03 -9.458962439920000076e-01
1.599489176910000032e-01 -4.271115025760000017e-01
1.469533911779999924e-01 -5.938550830040000283e-01
1.325118273310000039e-01 -6.973280308399999461e-01
1.111994452269999961e-01 -7.935327524740000138e-01
-1.526977188130000107e-01 -9.983804528299999870e-02
-2.332888636110000136e-01 -2.645134549350000031e-01
-2.442222687539999937e-01 -4.161401765389999841e-01
-2.779251455899999779e-01 -5.353202487760000405e-01
-1.402459430180000022e-01 -5.074105992880000304e-01
-1.521739397890000123e-01 -7.005273773410000127e-01
-1.471802821250000060e-01 -8.177066355240000251e-01
-1.370144841719999895e-01 -9.186771043489999622e-01
-4.118717377100000049e-02 -5.187393246699999461e-01
-5.910727562899999871e-02 -7.453468602160000511e-01
-5.884609639499999850e-02 -8.795883824400000384e-01
-6.025122849799999930e-02 -1.000000000000000000e+00
5.735715152999999733e-02 -4.900628036369999996e-01
4.139345869000000261e-02 -7.032477660599999458e-01
2.767079326599999889e-02 -8.353871074640000227e-01
7.092528082999999955e-03 -9.485732228200000060e-01
1.620173731629999947e-01 -4.253933945630000157e-01
1.489171138850000076e-01 -5.932287533219999798e-01
1.328648900109999920e-01 -6.959126020620000075e-01
1.101351938649999945e-01 -7.918896922589999665e-01
-1.500935183400000095e-01 -1.000597414520000006e-01
-2.306867740670000000e-01 -2.635358219289999915e-01
-2.405448112000000138e-01 -4.147638774460000177e-01
-2.718613752779999726e-01 -5.350617491939999582e-01
-1.372021687720000049e-01 -5.071144528580000532e-01
-1.502310964140000094e-01 -7.015438116540000379e-01
-1.469504275309999886e-01 -8.190938505420000126e-01
-1.384231234449999903e-01 -9.212903894939999949e-01
-3.907541954399999795e-02 -5.174247423969999815e-01
-5.643775212299999983e-02 -7.439125697430000184e-01
-5.622367414800000240e-02 -8.780396250719999518e-01
-5.766783808400000044e-02 -1.000000000000000000e+00
5.802877760899999987e-02 -4.882825409239999748e-01
4.097980039900000343e-02 -7.002287539849999520e-01
2.604943420600000156e-02 -8.325561085310000387e-01
4.291502471999999839e-03 -9.470908058660000295e-01
1.623852973880000050e-01 -4.232415174709999728e-01
1.489104077839999984e-01 -5.926153447190000145e-01
1.327387444379999892e-01 -6.968987634640000373e-01
1.094459953679999958e-01 -7.949935278190000121e-01
-1.517159159410000069e-01 -1.001876521469999975e-01
-2.335704377950000021e-01 -2.649518702470000098e-01
-2.447586296529999927e-01 -4.169304920690000138e-01
-2.759127738109999894e-01 -5.366326240550000071e-01
-1.405651771639999936e-01 -5.086491426960000339e-01
-1.536527897909999996e-01 -7.029642230470000142e-01
-1.507738895440000060e-01 -8.206395759779999688e-01
-1.427223931870000018e-01 -9.229434671189999939e-01
-4.215089785099999931e-02 -5.193192251239999724e-01
-5.946083644300000082e-02 -7.456298590409999871e-01
-5.996126252299999876e-02 -8.789452062450000547e-01
-6.225750275300000192e-02 -1.000000000000000000e+00
5.525133408800000229e-02 -4.903890866200000254e-01
3.704516770300000233e-02 -7.024810096089999512e-01
2.199951209200000021e-02 -8.345515507559999602e-01
4.017046439999999896e-04 -9.485939294259999599e-01
1.595147057790000100e-01 -4.256057399700000077e-01
1.438783499519999953e-01 -5.943739010240000065e-01
1.274939502590000107e-01 -6.985438562850000421e-01
1.047889870030000031e-01 -7.964916132070000154e-01
-1.528096966810000013e-01 -9.987903552099999804e-02
-2.337369310430000013e-01 -2.657174564750000023e-01
-2.443546317220000041e-01 -4.178139127809999964e-01
-2.760331560759999858e-01 -5.371279918789999552e-01
-1.408464456390000064e-01 -5.080099147609999921e-01
-1.547442941180000031e-01 -6.998339337429999585e-01
-1.513509149900000017e-01 -8.173265068470000339e-01
-1.424156100729999930e-01 -9.189385005479999702e-01
-4.335579761999999726e-02 -5.190088428400000398e-01
-6.158807625300000144e-02 -7.441325246040000341e-01
-6.177313266500000094e-02 -8.785865250829999473e-01
-6.282934798900000062e-02 -1.000000000000000000e+00
5.422732773800000017e-02 -4.905957146750000164e-01
3.765608046599999703e-02 -7.016188150490000330e-01
2.408988888899999889e-02 -8.340940904270000011e-01
4.769348330000000059e-03 -9.485413969810000401e-01
1.575577314770000015e-01 -4.261299298210000086e-01
1.431095461859999973e-01 -5.940884624329999530e-01
1.260041380049999882e-01 -6.966159970459999684e-01
1.037540801719999961e-01 -7.927207058099999815e-01
-1.520034704160000139e-01 -1.003209101669999964e-01
-2.344854261140000007e-01 -2.658943558190000056e-01
-2.461663337599999946e-01 -4.181743968050000149e-01
-2.757036024139999930e-01 -5.373684999890000480e-01
-1.413128014549999978e-01 -5.076641641839999552e-01
-1.546696229279999890e-01 -7.000618886449999634e-01
-1.527277249640000001e-01 -8.176256174789999775e-01
-1.455413690139999994e-01 -9.198399086980000305e-01
-4.356296948599999719e-02 -5.190217784439999926e-01
-6.149628572100000051e-02 -7.442592679609999484e-01
-6.316436151500000318e-02 -8.782230488459999984e-01
-6.596264085899999907e-02 -1.000000000000000000e+00
5.375902806800000183e-02 -4.907495122259999953e-01
3.554079426699999905e-02 -7.018857962300000253e-01
2.066644829599999927e-02 -8.341188097849999705e-01
-2.306620949999999947e-04 -9.482734526110000450e-01
1.580736702009999939e-01 -4.264654826989999759e-01
1.423090459049999867e-01 -5.948095455480000293e-01
1.254095864960000084e-01 -6.981589645339999484e-01
1.026791399789999948e-01 -7.949853210580000162e-01
-1.518484271449999923e-01 -9.935728571999999370e-02
-2.364282423709999914e-01 -2.632725496509999985e-01
-2.496050380310000094e-01 -4.145756798429999779e-01
-2.781372522689999904e-01 -5.343224291639999679e-01
-1.427866485139999975e-01 -5.077482054640000131e-01
-1.564408226740000019e-01 -7.021163549300000195e-01
-1.535845541530000136e-01 -8.200144552429999845e-01
-1.446981118339999983e-01 -9.222303563629999923e-01
-4.424712868200000176e-02 -5.183851125620000388e-01
-6.275111136300000336e-02 -7.445551034749999797e-01
-6.359485965000000185e-02 -8.785899667259999823e-01
-6.503663915900000092e-02 -1.000000000000000000e+00
5.322693322699999924e-02 -4.897253203820000067e-01
3.440828906800000309e-02 -7.020127459439999829e-01
1.915300404099999979e-02 -8.337946427579999709e-01
-1.653332156000000006e-03 -9.476454136540000128e-01
1.570864070730000062e-01 -4.257961521479999845e-01
1.413530766739999889e-01 -5.948948663109999702e-01
1.240171990660000056e-01 -6.989389485679999847e-01
1.008786026629999999e-01 -7.968595973969999635e-01
-1.509934481219999958e-01 -1.001805302889999943e-01
-2.332554933740000058e-01 -2.656572374660000069e-01
-2.440453759650000054e-01 -4.168107327530000128e-01
-2.736766149539999748e-01 -5.362370943769999565e-01
-1.402155249860000119e-01 -5.074254614440000255e-01
-1.544316384140000109e-01 -7.002822699949999841e-01
-1.520160327239999942e-01 -8.181477309439999512e-01
-1.444100231029999959e-01 -9.207594423260000438e-01
-4.153917739600000020e-02 -5.175052129999999639e-01
-5.997227680500000213e-02 -7.433118562710000488e-01
-5.981138634500000190e-02 -8.777405888949999513e-01
-6.115728513100000124e-02 -1.000000000000000000e+00
5.676663149200000119e-02 -4.879990116580000259e-01
3.856229501100000290e-02 -7.003149285099999899e-01
2.383202719099999922e-02 -8.342098937440000084e-01
2.302450835999999851e-03 -9.498104560369999838e-01
1.620896767799999971e-01 -4.227275203140000159e-01
1.462802980390000007e-01 -5.915736509110000041e-01
1.286232344450000120e-01 -6.953132693269999942e-01
1.046262280910000009e-01 -7.921799953339999645e-01
-1.513603999420000124e-01 -9.738256515700000060e-02
-2.333831642989999955e-01 -2.633744622490000187e-01
-2.451581818509999955e-01 -4.160583977980000236e-01
-2.766650199460000126e-01 -5.354108260119999629e-01
-1.404482655550000070e-01 -5.098974787000000175e-01
-1.557170347880000028e-01 -7.044679466209999852e-01
-1.541620868169999992e-01 -8.219025784100000287e-01
-1.476052583480000069e-01 -9.230471725859999976e-01
-4.183731092299999843e-02 -5.211689603260000192e-01
-6.237640410700000249e-02 -7.482098669150000214e-01
-6.461155875799999559e-02 -8.810224828160000410e-01
-6.859047137899999813e-02 -1.000000000000000000e+00
5.531683195800000258e-02 -4.927917220870000059e-01
3.332256262799999924e-02 -7.058621709750000361e-01
1.644691500700000072e-02 -8.339698451160000303e-01
-6.112250944000000193e-03 -9.437796375700000517e-01
1.588440534570000062e-01 -4.290042520199999765e-01
1.413687015250000012e-01 -5.968342865260000130e-01
1.235515595370000053e-01 -6.992530798580000040e-01
1.005442381790000034e-01 -7.955219522480000416e-01
-1.531074601659999923e-01 -9.872332668800000433e-02
-2.357162679279999895e-01 -2.638308317870000086e-01
-2.473369641950000086e-01 -4.158204401000000217e-01
-2.799044262959999863e-01 -5.376113518149999715e-01
-1.385928995750000114e-01 -5.098155031290000361e-01
-1.552476820769999877e-01 -7.030324916379999678e-01
-1.571228015889999940e-01 -8.197734247610000136e-01
-1.543971281940000051e-01 -9.219951380869999547e-01
-3.824541221500000338e-02 -5.217233596210000268e-01
-5.682096167499999656e-02 -7.484026840090000077e-01
-6.091901994800000275e-02 -8.802199885270000079e-01
-6.736797280100000063e-02 -1.000000000000000000e+00
5.932253367800000010e-02 -4.932453266890000076e-01
3.957991073199999821e-02 -7.065764491339999731e-01
2.167212112799999854e-02 -8.375755844369999759e-01
-2.667669480999999929e-03 -9.501042385489999464e-01
1.631249302710000015e-01 -4.287274089179999859e-01
1.469267243590000049e-01 -5.981475255020000104e-01
1.288991485019999883e-01 -7.034950932819999947e-01
1.041480713320000057e-01 -8.026607636450000527e-01
-1.549452208029999944e-01 -9.784560480100000512e-02
-2.388580087000000129e-01 -2.616601771989999770e-01
-2.519798939330000209e-01 -4.127083513900000056e-01
-2.852278374519999771e-01 -5.324611215229999583e-01
-1.388121633430000057e-01 -5.081945994280000489e-01
-1.557679331930000022e-01 -7.018017692039999478e-01
-1.581532483380000131e-01 -8.181152960630000415e-01
-1.557396798669999916e-01 -9.193677471600000262e-01
-3.841412037999999973e-02 -5.205085874179999905e-01
-5.829752644899999919e-02 -7.476076916470000278e-01
-6.421287545400000685e-02 -8.801211226230000184e-01
-7.204771670699999797e-02 -1.000000000000000000e+00
5.932204102900000275e-02 -4.920954816579999891e-01
3.745258929899999978e-02 -7.063524927350000038e-01
1.842851274700000111e-02 -8.368951011869999457e-01
-6.213589896000000154e-03 -9.479123150360000416e-01
1.628496753969999877e-01 -4.276359760830000245e-01
1.452205175959999928e-01 -5.946764765890000248e-01
1.270363400249999997e-01 -6.992984428720000478e-01
1.033138474629999998e-01 -7.975058840490000245e-01
-1.545804305579999982e-01 -9.700874061799999448e-02
-2.384543190450000016e-01 -2.597476065759999897e-01
-2.530203213769999793e-01 -4.103218360020000066e-01
-2.888093981009999811e-01 -5.288937068779999695e-01
-1.379507990920000038e-01 -5.086346295710000298e-01
-1.575867252360000081e-01 -7.001505097000000344e-01
-1.624124959200000107e-01 -8.157798893800000117e-01
-1.625403322550000029e-01 -9.164222172670000166e-01
-3.819706880899999962e-02 -5.223343725260000125e-01
-6.001752830899999974e-02 -7.481980868359999759e-01
-6.837623043899999919e-02 -8.801610049710000272e-01
-7.912732739800000525e-02 -1.000000000000000000e+00
5.877035946899999974e-02 -4.950544655799999916e-01
3.702044442199999702e-02 -7.085449682850000208e-01
1.694351350399999831e-02 -8.382524772970000315e-01
-9.348159442999999513e-03 -9.487015800289999579e-01
1.618203098980000032e-01 -4.311625227599999999e-01
1.455357549830000041e-01 -5.981200642380000154e-01
1.287740565540000104e-01 -7.025561953279999550e-01
1.057938442089999959e-01 -8.003726673840000361e-01
-1.578079432289999917e-01 -9.639053476900000250e-02
-2.455247436909999970e-01 -2.588097975940000239e-01
-2.620191397850000214e-01 -4.099055903420000257e-01
-2.982294754400000025e-01 -5.294017569679999591e-01
-1.463225774770000043e-01 -5.079188185080000251e-01
-1.674857916780000122e-01 -7.002548846470000310e-01
-1.712097226679999973e-01 -8.164254029640000132e-01
-1.697867489010000119e-01 -9.172853031140000279e-01
-4.631787235999999808e-02 -5.205874792189999489e-01
-6.848189619199999967e-02 -7.465999429740000082e-01
-7.500662999500000427e-02 -8.794978382010000262e-01
-8.256247326399999975e-02 -1.000000000000000000e+00
5.132146296600000046e-02 -4.912211440790000272e-01
2.917233485799999859e-02 -7.041934945390000422e-01
1.016478102300000068e-02 -8.359615516449999673e-01
-1.407803513899999991e-02 -9.478786671600000213e-01
1.548614876880000102e-01 -4.245504764099999884e-01
1.391106576639999926e-01 -5.911900842060000549e-01
1.236959219449999953e-01 -6.949448132490000374e-01
1.024122709860000036e-01 -7.913036247019999969e-01
-1.641164531869999943e-01 -9.549738646199999736e-02
-2.541802375650000223e-01 -2.561589852889999963e-01
-2.741304473639999961e-01 -4.083853733139999886e-01
-3.143789481020000109e-01 -5.278486241800000034e-01
-1.539689525190000019e-01 -5.107677964710000129e-01
-1.875226995469999880e-01 -7.007814323900000142e-01
-2.013531165959999980e-01 -8.164327013490000340e-01
-2.103354809300000128e-01 -9.151031028460000494e-01
-5.028312689500000210e-02 -5.290210850200000037e-01
-7.292073690799999452e-02 -7.536878507859999798e-01
-8.330837860900000558e-02 -8.840062525080000233e-01
-9.666437319600000577e-02 -1.000000000000000000e+00
5.053945894499999730e-02 -5.039019576940000356e-01
3.513553216600000251e-02 -7.163805508580000092e-01
1.400682202000000029e-02 -8.446852528220000211e-01
-1.399613081000000009e-02 -9.524190379820000052e-01
1.580115664500000017e-01 -4.406757328129999873e-01
1.598549778430000123e-01 -6.065871528449999772e-01
1.531737423460000080e-01 -7.095407333569999642e-01
1.373112243210000138e-01 -8.042468031999999711e-01
-1.636473819279999908e-01 -9.555680296200000368e-02
-2.534720592320000021e-01 -2.628032370400000262e-01
-2.756678544710000067e-01 -4.192071497559999860e-01
-3.246012670980000236e-01 -5.342919323539999654e-01
-1.617136577309999934e-01 -5.097281400040000188e-01
-1.998344334519999987e-01 -7.016342863079999548e-01
-2.154249950849999873e-01 -8.185624605439999479e-01
-2.254363390030000025e-01 -9.189118357169999696e-01
-5.417482834600000074e-02 -5.294524189939999737e-01
-7.684057330999999325e-02 -7.532077701789999802e-01
-8.704475654700000176e-02 -8.832976123100000354e-01
-1.011874342430000018e-01 -1.000000000000000000e+00
4.849529522900000028e-02 -5.050151870569999923e-01
3.560022948500000256e-02 -7.174343466889999688e-01
1.948528023299999842e-02 -8.448493121810000117e-01
-4.549101039000000117e-03 -9.525300030259999939e-01
1.564743949229999986e-01 -4.428405769759999888e-01
1.644034125230000032e-01 -6.097252451079999691e-01
1.632401741810000084e-01 -7.133963697999999853e-01
1.516909853990000001e-01 -8.102770977209999836e-01
-1.676861391209999996e-01 -9.648258045299999697e-02
-2.621667677019999809e-01 -2.574797293100000162e-01
-2.867277742179999978e-01 -4.113410604469999732e-01
-3.313245805130000110e-01 -5.256561910420000094e-01
-1.652892170240000125e-01 -5.040080770539999699e-01
-2.036563546769999955e-01 -6.998563376959999749e-01
-2.194648498650000057e-01 -8.175276203510000173e-01
-2.302244652990000084e-01 -9.190268662189999826e-01
-5.535745217500000204e-02 -5.241020970719999506e-01
-7.689461281399999348e-02 -7.512176015960000397e-01
-8.686439084300000280e-02 -8.831872211419999896e-01
-1.001348957790000049e-01 -1.000000000000000000e+00
4.915570863899999809e-02 -4.990667244129999847e-01
3.782161916400000184e-02 -7.130482453090000172e-01
2.327047505299999902e-02 -8.399375951169999466e-01
4.573122510000000016e-04 -9.460699097300000471e-01
1.593717737360000053e-01 -4.369317923620000266e-01
1.723484983149999872e-01 -6.006767561829999824e-01
1.730236985230000080e-01 -7.048137266630000175e-01
1.626084068579999875e-01 -8.026910425019999629e-01
-1.705098399359999961e-01 -9.418679938799999485e-02
-2.673515181989999934e-01 -2.510387762929999766e-01
-2.929265189099999889e-01 -4.048857033420000251e-01
-3.366288547199999814e-01 -5.230024894160000271e-01
-1.686796628099999917e-01 -5.044068051760000060e-01
-2.069435175790000081e-01 -7.004916458230000531e-01
-2.206896895650000134e-01 -8.193160593480000031e-01
-2.288515148939999910e-01 -9.208589427679999551e-01
-5.655315888100000132e-02 -5.260122144529999488e-01
-7.840889807299999958e-02 -7.525881893810000278e-01
-8.769141599200000470e-02 -8.843258785900000030e-01
-9.962548821399999643e-02 -1.000000000000000000e+00
5.020390083299999806e-02 -5.017555106050000102e-01
4.283036279500000015e-02 -7.158445473040000451e-01
3.112568607100000065e-02 -8.424735894210000353e-01
1.086511829100000014e-02 -9.477265398399999929e-01
1.630430060849999974e-01 -4.398023629999999740e-01
1.827389679620000096e-01 -6.041694579759999684e-01
1.863160001170000024e-01 -7.097649042889999649e-01
1.770929608759999885e-01 -8.092054371879999763e-01
-1.695788108800000138e-01 -9.415355297800000189e-02
-2.672188320330000089e-01 -2.506070037879999934e-01
-2.955658149350000041e-01 -4.038375436150000164e-01
-3.400432938099999802e-01 -5.212947869120000410e-01
-1.659554097450000043e-01 -5.018666352289999910e-01
-2.056333108700000023e-01 -6.971450756779999924e-01
-2.211561345389999877e-01 -8.166469347560000314e-01
-2.313908656650000006e-01 -9.191569507889999491e-01
-5.500292125799999959e-02 -5.234904681680000449e-01
-7.772666173700000514e-02 -7.489651065489999482e-01
-8.823722235000000524e-02 -8.827287788369999610e-01
-1.010484633779999974e-01 -1.000000000000000000e+00
5.069583710799999837e-02 -4.991119574599999775e-01
4.402854545800000130e-02 -7.115083097059999862e-01
3.306564102299999752e-02 -8.381951574489999723e-01
1.352132885199999919e-02 -9.435615433499999760e-01
1.618993004569999894e-01 -4.375198738489999850e-01
1.833763309289999921e-01 -6.005997431109999507e-01
1.880857912899999984e-01 -7.048422840400000444e-01
1.799570890859999994e-01 -8.026312133280000261e-01
-1.696354709750000078e-01 -9.328061908699999960e-02
-2.701718396350000218e-01 -2.485396892629999910e-01
-3.028298068020000011e-01 -3.996588935020000122e-01
-3.453026766749999754e-01 -5.164649557460000429e-01
-1.668974639920000058e-01 -5.061865554129999500e-01
-2.072744194499999970e-01 -7.008695784549999752e-01
-2.233174129330000035e-01 -8.198082942019999653e-01
-2.336151278249999907e-01 -9.220581826739999709e-01
-5.542543040499999657e-02 -5.266607125529999545e-01
-7.865892857100000024e-02 -7.509479441699999924e-01
-8.908029806400000195e-02 -8.835567071109999837e-01
-1.015570887159999991e-01 -1.000000000000000000e+00
5.025523891500000007e-02 -5.004969679959999640e-01
4.490039403099999743e-02 -7.121191567419999924e-01
3.607162123200000070e-02 -8.379145278740000036e-01
1.877002275399999864e-02 -9.439146770830000310e-01
1.596098169169999914e-01 -4.368729475770000148e-01
1.783845000200000031e-01 -6.001559741230000355e-01
1.821837203149999918e-01 -7.040137219319999584e-01
1.736791006989999997e-01 -8.016886231900000048e-01
-1.694794405850000019e-01 -8.987715996400000296e-02
-2.676485729199999941e-01 -2.421264913460000057e-01
-2.993765381219999910e-01 -3.927926639870000236e-01
-3.444323170179999782e-01 -5.103917667649999768e-01
-1.661951714150000092e-01 -5.038865651580000105e-01
-2.064711036019999946e-01 -6.991674438399999580e-01
-2.222886738759999870e-01 -8.179517741659999563e-01
-2.320734722710000031e-01 -9.189688660500000550e-01
-5.318987667200000130e-02 -5.255678190010000250e-01
-7.558418791200000042e-02 -7.516186688449999487e-01
-8.675554160100000523e-02 -8.840549593600000033e-01
-1.009814909300000008e-01 -1.000000000000000000e+00
5.338009453200000254e-02 -5.006996113199999598e-01
5.121927363800000271e-02 -7.133965989420000264e-01
4.228993645799999923e-02 -8.391903587579999657e-01
2.410076894900000169e-02 -9.441328355070000011e-01
1.621597908930000054e-01 -4.376976806919999907e-01
1.820092114450000131e-01 -6.035611649059999806e-01
1.840219697469999971e-01 -7.066589073979999691e-01
1.729494628940000112e-01 -8.019511243929999811e-01
-1.703875578600000107e-01 -9.058210473199999890e-02
-2.685685677199999843e-01 -2.447420734309999901e-01
-3.003068195260000239e-01 -3.963885168490000055e-01
-3.454843864739999826e-01 -5.126809118859999570e-01
-1.660490560129999904e-01 -5.028786508739999661e-01
-2.065732822799999924e-01 -6.960908633550000335e-01
-2.228620385070000098e-01 -8.154719759580000282e-01
-2.329599962359999998e-01 -9.172025331209999743e-01
-5.514405805099999863e-02 -5.252942007549999959e-01
-8.049947101799999338e-02 -7.489255099289999773e-01
-9.285248382999999883e-02 -8.832936630979999482e-01
-1.068337634309999978e-01 -1.000000000000000000e+00
5.000189679800000342e-02 -5.009226720449999615e-01
4.678406022400000142e-02 -7.115344511890000501e-01
3.858524832199999866e-02 -8.394435324210000049e-01
2.160324814400000140e-02 -9.470082822809999801e-01
1.581269019010000110e-01 -4.383867636429999992e-01
1.805631159830000110e-01 -6.017957035719999626e-01
1.856844324489999865e-01 -7.048229973830000272e-01
1.777037168689999946e-01 -8.003000410999999703e-01
-1.685657838079999971e-01 -9.097996708800000498e-02
-2.669660112530000129e-01 -2.440725917859999927e-01
-2.990507425619999826e-01 -3.955928354259999891e-01
-3.440834300000000234e-01 -5.128273864939999482e-01
-1.680485066019999918e-01 -5.051210365849999606e-01
-2.114144923490000050e-01 -6.976267879080000345e-01
-2.292758064829999998e-01 -8.170948303889999931e-01
-2.404134474809999922e-01 -9.190171800290000137e-01
-5.818463875399999818e-02 -5.274944906180000226e-01
-8.654338192100000104e-02 -7.496443202239999604e-01
-1.006588563810000003e-01 -8.827424180520000441e-01
-1.158379387990000065e-01 -1.000000000000000000e+00
4.667209326999999935e-02 -5.023753213180000010e-01
4.259622184499999714e-02 -7.131777505559999675e-01
3.393464611400000275e-02 -8.412702376109999491e-01
1.695414039800000050e-02 -9.496038184430000140e-01
1.553117832010000032e-01 -4.379688034700000010e-01
1.788669721579999872e-01 -6.025971079259999641e-01
1.854335907130000016e-01 -7.061871414949999481e-01
1.790121364989999964e-01 -8.025641667870000440e-01
-1.700807640180000135e-01 -9.271478829899999774e-02
-2.705014846200000100e-01 -2.440835156739999956e-01
-3.030352926059999841e-01 -3.941057504570000258e-01
-3.455324613249999843e-01 -5.116355292199999960e-01
-1.688168198020000010e-01 -5.032571284019999869e-01
-2.122726281940000015e-01 -6.950768670169999996e-01
-2.310223093850000131e-01 -8.141756612049999564e-01
-2.430818388450000089e-01 -9.167680211119999534e-01
-5.787460359999999776e-02 -5.259949798199999860e-01
-8.716859526900000432e-02 -7.480703571929999685e-01
-1.024632743670000068e-01 -8.818133083200000444e-01
-1.180569320640000031e-01 -1.000000000000000000e+00
4.779291661599999880e-02 -5.003897649609999609e-01
4.302906647799999845e-02 -7.116606904000000178e-01
3.355518857300000130e-02 -8.398639040700000002e-01
1.605482933599999829e-02 -9.486951478009999494e-01
1.576656335799999920e-01 -4.353713306040000175e-01
1.829975625030000053e-01 -5.989608471420000413e-01
1.892806242249999993e-01 -7.029756109610000303e-01
1.821561601889999937e-01 -8.004051844480000177e-01
-1.673030297110000009e-01 -8.987940467600000205e-02
-2.653787048599999809e-01 -2.447417255869999975e-01
-2.980801113870000241e-01 -3.977155541819999973e-01
-3.423367568360000113e-01 -5.148334559999999671e-01
-1.652185649369999898e-01 -5.072692076520000093e-01
-2.098488641959999901e-01 -6.969658841760000278e-01
-2.289630187059999988e-01 -8.159213852379999521e-01
-2.418354233760000027e-01 -9.173159944980000535e-01
-5.679373034500000139e-02 -5.302583459030000279e-01
-8.665532669599999849e-02 -7.506258843009999682e-01
-1.023997957170000028e-01 -8.836374951090000263e-01
-1.191972141670000068e-01 -1.000000000000000000e+00
4.749721118599999764e-02 -5.046425532689999827e-01
4.303449040599999914e-02 -7.156501332839999563e-01
3.256672215599999698e-02 -8.440091435950000109e-01
1.362867750699999977e-02 -9.526953349100000246e-01
1.561128915739999901e-01 -4.388533083939999968e-01
1.817356915049999910e-01 -6.030686705579999529e-01
1.880221643899999961e-01 -7.077581134649999495e-01
1.807234977520000008e-01 -8.056363477150000341e-01
-1.674743303000000016e-01 -9.193340331600000082e-02
-2.675934023770000225e-01 -2.457678911570000124e-01
-3.030707175280000221e-01 -3.954590434859999726e-01
-3.491787914169999785e-01 -5.059644890429999542e-01
-1.678745240500000013e-01 -5.078486529829999707e-01
-2.149162114959999870e-01 -6.977037491519999524e-01
-2.352906207969999997e-01 -8.162203522880000506e-01
-2.489980558869999971e-01 -9.181432350510000395e-01
-5.861719628499999918e-02 -5.310652525269999868e-01
-8.983158697800000536e-02 -7.518085572499999536e-01
-1.060977460349999957e-01 -8.834772248209999956e-01
-1.228949532270000033e-01 -1.000000000000000000e+00
4.671965573200000110e-02 -5.053358930369999946e-01
4.164922875999999691e-02 -7.170921618960000021e-01
3.208015382800000204e-02 -8.452257116339999543e-01
1.461227924299999918e-02 -9.556516546450000149e-01
1.571440004430000037e-01 -4.392030766869999825e-01
1.814798741589999931e-01 -6.032546470799999838e-01
1.883424081339999945e-01 -7.089235459670000239e-01
1.828365732489999895e-01 -8.098986238130000404e-01
-1.718546911180000025e-01 -9.288009887100000250e-02
-2.724872894120000111e-01 -2.477668226470000068e-01
-3.080075613819999725e-01 -3.987912102869999864e-01
-3.562248761199999780e-01 -5.126159987780000149e-01
-1.722083752409999946e-01 -5.110041705429999581e-01
-2.194709807749999908e-01 -7.009349495990000456e-01
-2.400568656619999908e-01 -8.197481816110000485e-01
-2.548655650550000207e-01 -9.228002937829999919e-01
-6.093142620599999865e-02 -5.341194555189999749e-01
-8.708263783200000108e-02 -7.551892043900000351e-01
-1.013111049220000032e-01 -8.853355091269999866e-01
-1.172507866250000058e-01 -1.000000000000000000e+00
4.523536138300000148e-02 -5.088237218910000026e-01
4.493236612300000044e-02 -7.213634662590000524e-01
3.669159847499999655e-02 -8.488924800399999526e-01
1.976007021899999980e-02 -9.578968353119999835e-01
1.547961303660000121e-01 -4.434456411020000210e-01
1.816370208589999924e-01 -6.077284506610000081e-01
1.887334615790000059e-01 -7.129858774749999739e-01
1.826059539780000018e-01 -8.128079324139999562e-01
-1.691395701049999978e-01 -9.256007467099999775e-02
-2.694953663269999966e-01 -2.459311897879999931e-01
-3.049482888230000133e-01 -3.970383342730000042e-01
-3.510379788249999855e-01 -5.114583411419999504e-01
-1.685940337650000120e-01 -5.073417272339999506e-01
-2.131074997250000103e-01 -6.997473036210000163e-01
-2.329287915180000001e-01 -8.187442303959999723e-01
-2.475814190910000101e-01 -9.223187894219999627e-01
-5.564522457400000038e-02 -5.308766434689999869e-01
-8.114280800299999985e-02 -7.536880896490000259e-01
-9.562204886099999468e-02 -8.842025708390000016e-01
-1.129034427739999957e-01 -1.000000000000000000e+00
5.143878412499999775e-02 -5.055688635989999957e-01
5.470599474099999832e-02 -7.173405398609999928e-01
5.077517080999999904e-02 -8.441323725229999964e-01
3.699279125800000040e-02 -9.537113010969999749e-01
1.602829683629999891e-01 -4.402958340929999936e-01
1.893850068210000126e-01 -6.047666509610000185e-01
1.983418704150000100e-01 -7.099022342070000491e-01
1.937132012040000129e-01 -8.111653587629999995e-01
-1.691077203090000092e-01 -9.377357490799999307e-02
-2.695488426759999889e-01 -2.473717647919999874e-01
-3.052284078129999800e-01 -3.978787762680000006e-01
-3.504924391079999868e-01 -5.136725979220000404e-01
-1.631909541240000039e-01 -5.075308210640000484e-01
-2.078191286699999918e-01 -7.023947716780000183e-01
-2.285710956080000134e-01 -8.211468333550000498e-01
-2.440662929819999993e-01 -9.245572902009999705e-01
-5.087707209100000155e-02 -5.296044460650000119e-01
-7.232264418200000378e-02 -7.539752167259999860e-01
-8.483115654400000261e-02 -8.841570141640000546e-01
-9.919906345600000563e-02 -1.000000000000000000e+00
5.492050086800000230e-02 -5.037537633030000350e-01
6.021852672300000153e-02 -7.161698730169999694e-01
5.752521400700000287e-02 -8.418815538099999607e-01
4.598729103299999815e-02 -9.509748047620000255e-01
1.623927775369999882e-01 -4.390330981850000258e-01
1.957417003380000076e-01 -6.026153627770000076e-01
2.085754766829999995e-01 -7.087264549420000392e-01
2.082308591810000109e-01 -8.124629951740000022e-01
-1.713349469309999873e-01 -9.440149794699999319e-02
-2.735085114860000277e-01 -2.510138584070000234e-01
-3.108343273270000040e-01 -4.022960533209999912e-01
-3.568570573240000265e-01 -5.162325518610000330e-01
-1.658050924849999996e-01 -5.104253315090000465e-01
-2.083125286159999978e-01 -7.049276471430000468e-01
-2.284723756300000019e-01 -8.233026108950000088e-01
-2.434962366220000118e-01 -9.245870608840000004e-01
-5.388512958399999803e-02 -5.319052718379999600e-01
-7.448738990200000354e-02 -7.553304091800000508e-01
-8.774741890600000482e-02 -8.853299877910000282e-01
-1.021945625549999931e-01 -1.000000000000000000e+00
5.240570614900000312e-02 -5.052177235960000345e-01
5.808982312799999825e-02 -7.168146070609999754e-01
5.620270585499999999e-02 -8.414908808579999455e-01
4.562595096000000156e-02 -9.492316310799999712e-01
1.607839717589999995e-01 -4.387075206139999795e-01
1.960537507740000018e-01 -6.016987251940000281e-01
2.117626455219999981e-01 -7.082529974679999674e-01
2.143794952660000031e-01 -8.119013596609999661e-01
-1.704079544469999929e-01 -9.292694721800000279e-02
-2.748468122070000241e-01 -2.498345144670000018e-01
-3.142690050090000131e-01 -4.028322424119999967e-01
-3.604351295150000078e-01 -5.177145130579999810e-01
-1.649669127670000124e-01 -5.088185938699999467e-01
-2.075215084420000133e-01 -7.034722964899999820e-01
-2.276473969689999932e-01 -8.217110081630000229e-01
-2.428395353120000044e-01 -9.231606551950000128e-01
-5.380522147499999797e-02 -5.312036496299999966e-01
-7.169272914400000307e-02 -7.555361653319999649e-01
-8.299885456699999942e-02 -8.855400565409999869e-01
-9.624434883400000140e-02 -1.000000000000000000e+00
5.111109933199999705e-02 -5.057304140120000291e-01
5.985374498300000123e-02 -7.165081601589999849e-01
6.133144842499999722e-02 -8.401449116979999854e-01
5.351644675199999923e-02 -9.467783949950000499e-01
1.570055230440000060e-01 -4.407869690630000226e-01
1.947082668560000118e-01 -6.015127076990000043e-01
2.133549968940000041e-01 -7.056447325710000218e-01
2.193223496049999943e-01 -8.066992955599999737e-01
-1.687626978679999945e-01 -9.431412876500000486e-02
-2.700643818299999777e-01 -2.521467274240000167e-01
-3.082307481689999795e-01 -4.043102952920000215e-01
-3.574941487880000102e-01 -5.148833123460000438e-01
-1.656770906939999954e-01 -5.150301444720000177e-01
-2.089115839790000040e-01 -7.073668104079999797e-01
-2.273212014260000136e-01 -8.257099151900000322e-01
-2.405068615869999926e-01 -9.278753886770000348e-01
-5.335878423499999801e-02 -5.376890253949999643e-01
-7.375477040200000001e-02 -7.594320233769999984e-01
-8.555012849699999977e-02 -8.877188696879999563e-01
-9.915896477400000519e-02 -1.000000000000000000e+00
5.253323711999999951e-02 -5.102301694999999970e-01
6.297699066999999651e-02 -7.205286487069999524e-01
6.520490682000000537e-02 -8.435138956280000544e-01
5.833308009600000205e-02 -9.509665739629999948e-01
1.595881605920000113e-01 -4.417478063049999903e-01
2.001004081040000104e-01 -5.987855453989999743e-01
2.194048537119999975e-01 -7.000174802009999642e-01
2.259212249800000016e-01 -8.000756552140000366e-01
-1.723885964540000093e-01 -9.351647736300000568e-02
-2.766653491680000077e-01 -2.487454671450000099e-01
-3.167816607930000194e-01 -3.990074791279999977e-01
-3.667310265159999805e-01 -5.102231102390000217e-01
-1.684573949279999927e-01 -5.083330814700000033e-01
-2.104611581159999967e-01 -7.030292394889999796e-01
-2.301044619469999886e-01 -8.218405198710000414e-01
-2.442504563669999906e-01 -9.232119680420000085e-01
-5.804095783399999819e-02 -5.310744986530000489e-01
-7.828321462699999733e-02 -7.545596817140000079e-01
-9.061194077600000230e-02 -8.854320103130000064e-01
-1.039735275700000017e-01 -1.000000000000000000e+00
4.643843091299999781e-02 -5.057478320039999753e-01
5.224089186300000243e-02 -7.165253225669999670e-01
5.123213719999999971e-02 -8.400321151039999990e-01
4.133098240099999932e-02 -9.456076492080000007e-01
1.532307444159999865e-01 -4.406996347480000020e-01
1.937225991319999896e-01 -6.004392807659999498e-01
2.140436299019999877e-01 -7.046499112390000041e-01
2.207627950250000137e-01 -8.053392590319999877e-01
-1.701281726770000058e-01 -9.369017113199999691e-02
-2.731822898540000044e-01 -2.522034592269999931e-01
-3.130477703860000127e-01 -4.049680501199999783e-01
-3.601462006619999823e-01 -5.138049846479999516e-01
-1.672695929049999863e-01 -5.133536752549999749e-01
-2.101517327959999959e-01 -7.055908171720000066e-01
-2.291233700439999910e-01 -8.239536119370000078e-01
-2.421642577070000080e-01 -9.260193404109999804e-01
-5.522257325399999861e-02 -5.371526352709999896e-01
-7.580171816599999557e-02 -7.589358692640000292e-01
-8.767083437200000329e-02 -8.875474644719999473e-01
-1.005040795419999966e-01 -1.000000000000000000e+00
5.092113901099999673e-02 -5.107736911900000454e-01
6.241947250399999814e-02 -7.224373274109999743e-01
6.566297346100000154e-02 -8.486335917480000157e-01
6.014672629000000076e-02 -9.589106156590000429e-01
1.585231485059999945e-01 -4.434506472990000225e-01
2.014442604920000102e-01 -6.015522241540000037e-01
2.224804797469999984e-01 -7.036290651540000329e-01
2.306474033389999956e-01 -8.039140505640000045e-01
-1.710956341469999920e-01 -9.466711625599999458e-02
-2.744798784729999830e-01 -2.525662790179999950e-01
-3.155989894439999999e-01 -4.044224565489999978e-01
-3.670906788409999955e-01 -5.134615108179999554e-01
-1.646902457960000010e-01 -5.110361072339999478e-01
-2.084517478809999880e-01 -7.040051550600000541e-01
-2.286100200479999900e-01 -8.229583461099999608e-01
-2.430921490819999975e-01 -9.253083093180000107e-01
-5.428469231400000206e-02 -5.344579136429999933e-01
-7.596516726099999950e-02 -7.566225162320000530e-01
-8.852506355500000534e-02 -8.862676307750000371e-01
-1.019040290260000009e-01 -1.000000000000000000e+00
5.097593275400000290e-02 -5.083022210159999776e-01
6.016325269699999978e-02 -7.197733334150000495e-01
6.250149570599999871e-02 -8.455950023310000452e-01
5.609830073000000167e-02 -9.547819136270000451e-01
1.586406543270000025e-01 -4.408129104919999985e-01
2.003812739870000081e-01 -5.996267892809999944e-01
2.212264383299999970e-01 -7.029816319270000280e-01
2.291507393970000084e-01 -8.038513406680000140e-01
-1.692098501139999989e-01 -9.348726008799999876e-02
-2.721713324009999990e-01 -2.515694640669999815e-01
-3.133768474490000178e-01 -4.029446857349999744e-01
-3.639829910899999854e-01 -5.111595327750000362e-01
-1.645178523660000003e-01 -5.138264771830000077e-01
-2.087002732369999947e-01 -7.054662670800000424e-01
-2.282253316439999957e-01 -8.234148492359999461e-01
-2.416316073820000132e-01 -9.248884278169999806e-01
-5.337884943599999904e-02 -5.369950467499999824e-01
-7.548203779199999519e-02 -7.582820757399999501e-01
-8.807381485800000465e-02 -8.870229876059999574e-01
-1.007799313849999934e-01 -1.000000000000000000e+00
5.207838189800000073e-02 -5.101785723739999945e-01
6.224109921800000111e-02 -7.223890304729999601e-01
6.434481978099999833e-02 -8.478648733520000036e-01
5.841737002599999701e-02 -9.565357967580000453e-01
1.596248975219999866e-01 -4.419850737570000243e-01
2.017599829800000022e-01 -6.024590699309999575e-01
2.228799356539999943e-01 -7.077682248619999728e-01
2.309917084929999920e-01 -8.107439995809999633e-01
-1.717782056090000065e-01 -9.692750058299999527e-02
-2.753795664390000231e-01 -2.543352619420000127e-01
-3.153813945839999966e-01 -4.056496463870000180e-01
-3.603430130229999806e-01 -5.157202805909999466e-01
-1.619044339459999871e-01 -5.148281122740000493e-01
-2.023104337149999876e-01 -7.076941935130000028e-01
-2.201632777539999919e-01 -8.254611616129999829e-01
-2.319243771510000052e-01 -9.259617583929999896e-01
-5.181821417600000063e-02 -5.371524603180000135e-01
-7.187388834400000592e-02 -7.576921479079999910e-01
-8.336898004899999381e-02 -8.864695282190000469e-01
-9.413186610000000287e-02 -1.000000000000000000e+00
5.343363697800000006e-02 -5.096984603780000400e-01
6.486959831199999582e-02 -7.209208494429999448e-01
6.915357531799999624e-02 -8.459796902180000133e-01
6.615772423799999580e-02 -9.551298019599999689e-01
1.611837068499999970e-01 -4.403807890629999888e-01
2.061086781479999908e-01 -5.990168614759999732e-01
2.308150113430000039e-01 -7.024306689810000393e-01
2.436443011699999939e-01 -8.040425271109999938e-01
