-3.326879224500000065e-01 -1.518047815870000039e-01
-6.314607095580000440e-01 -4.153057075759999939e-01
-7.485952032379999954e-01 -6.371849772140000256e-01
-6.013985692159999896e-01 -7.560518554220000409e-01
-3.656033464840000025e-01 -9.866743509440000226e-01
-5.721178368399999492e-01 -9.609190405530000367e-01
-5.163808633399999959e-01 -6.742548318640000371e-01
-4.448335357359999853e-01 -6.256284702490000349e-01
-1.233317125789999968e-01 -1.000000000000000000e+00
-3.700161420570000081e-01 -9.398401417720000373e-01
-3.164728221479999881e-01 -5.705416867050000507e-01
-2.294193490979999916e-01 -6.053303304229999959e-01
1.000634082710000067e-01 -9.482334332990000059e-01
-1.326420551480000098e-01 -8.988282597569999810e-01
-1.321122270350000016e-01 -5.692499209239999525e-01
-4.743342234799999974e-02 -5.611115133009999534e-01
3.158282962789999981e-01 -8.575533517140000450e-01
1.310686190539999962e-01 -8.209555632930000124e-01
8.072126008499999616e-02 -5.984059843910000120e-01
1.441469953229999879e-01 -5.841160245690000252e-01
-3.329861877649999968e-01 -1.552911081910000046e-01
-6.345940137250000168e-01 -4.205340341659999925e-01
-7.453946561540000237e-01 -6.431479632059999840e-01
-5.827448094610000462e-01 -7.538882172580000374e-01
-3.599039859829999966e-01 -9.908306614099999798e-01
-5.776647101770000514e-01 -9.567919404289999541e-01
-5.154765951230000365e-01 -6.684017520809999446e-01
-4.397460651189999958e-01 -6.229033727549999622e-01
-1.202305738059999962e-01 -1.000000000000000000e+00
-3.739014746680000001e-01 -9.233286027160000353e-01
-3.173868301939999914e-01 -5.618999561980000390e-01
-2.270458169079999922e-01 -6.023441086290000079e-01
9.946246167300000496e-02 -9.447346473940000378e-01
-1.392506935320000083e-01 -8.795428821730000291e-01
-1.347071981309999888e-01 -5.566090232150000539e-01
-4.752320046700000272e-02 -5.526731493650000049e-01
3.098925974589999965e-01 -8.529373631190000360e-01
1.240269820410000029e-01 -8.099893123079999757e-01
7.821731639699999739e-02 -5.928061322819999646e-01
1.452878960429999922e-01 -5.820977660970000356e-01
-3.362027646990000118e-01 -1.512918720879999901e-01
-6.421265132629999650e-01 -4.189670989040000237e-01
-7.513738807609999792e-01 -6.418025836570000475e-01
-5.878707754040000122e-01 -7.386681765939999700e-01
-3.534255163380000120e-01 -9.892211856589999686e-01
-5.699653934330000116e-01 -9.496278123829999807e-01
-5.065661304530000297e-01 -6.565815884829999671e-01
-4.336444650749999852e-01 -6.178122558430000355e-01
-1.178182739209999996e-01 -1.000000000000000000e+00
-3.693797617319999893e-01 -9.242622228479999702e-01
-3.178794315519999913e-01 -5.594744002289999685e-01
-2.276889631529999958e-01 -6.057762736649999757e-01
9.831295530599999666e-02 -9.437880087429999509e-01
-1.372510267220000135e-01 -8.821517229059999687e-01
-1.380485529250000121e-01 -5.543531028079999867e-01
-5.080072130899999927e-02 -5.549461887859999942e-01
3.015181663689999736e-01 -8.503804559330000457e-01
1.213113177490000028e-01 -8.018665462349999773e-01
6.945292644599999898e-02 -5.837951118199999900e-01
1.336611121840000083e-01 -5.803716102299999458e-01
-3.365845109219999798e-01 -1.536675509640000048e-01
-6.349813007340000537e-01 -4.022094877299999816e-01
-7.493455684940000250e-01 -6.120900990080000437e-01
-6.088609004080000053e-01 -7.160399800650000257e-01
-3.479393699619999780e-01 -9.864598015729999503e-01
-5.786221515089999823e-01 -9.183614750009999605e-01
-5.070718107770000316e-01 -6.392263282019999826e-01
-4.248984827649999740e-01 -6.066320597509999857e-01
-1.205352825560000035e-01 -1.000000000000000000e+00
-3.829591481969999989e-01 -8.866855286350000531e-01
-3.195747151439999878e-01 -5.385561688740000408e-01
-2.241945842630000130e-01 -5.884212978110000547e-01
8.914768909499999616e-02 -9.453475049280000153e-01
-1.572323144789999905e-01 -8.535963047900000378e-01
-1.449491999929999886e-01 -5.363346926049999963e-01
-5.326336593599999975e-02 -5.367073649019999948e-01
2.898298940499999810e-01 -8.499593246000000102e-01
1.026570598510000015e-01 -7.855988532109999811e-01
5.614449728899999909e-02 -5.715104360230000013e-01
1.221812518659999985e-01 -5.627529795800000345e-01
-3.362476248710000171e-01 -1.597076462850000045e-01
-6.351805488620000384e-01 -4.052641933580000133e-01
-7.509865333759999650e-01 -6.048687482419999872e-01
-5.968706716010000468e-01 -6.900605542309999896e-01
-3.333843143390000097e-01 -9.879831942619999863e-01
-5.730174457450000203e-01 -9.126299867099999519e-01
-5.107029273450000018e-01 -6.303788284769999972e-01
-4.305836465039999950e-01 -5.967322137539999849e-01
-1.117071343249999987e-01 -1.000000000000000000e+00
-3.891286769060000039e-01 -8.774272913830000187e-01
-3.277620317580000053e-01 -5.397578000510000473e-01
-2.287477531719999957e-01 -5.863692635120000274e-01
9.436261549900000489e-02 -9.385902388410000130e-01
-1.645895443450000051e-01 -8.397360892730000304e-01
-1.504678624740000137e-01 -5.317351665220000356e-01
-5.511267339700000323e-02 -5.278516700580000442e-01
2.900736587819999768e-01 -8.320339401090000031e-01
9.447317807800000022e-02 -7.605727164259999951e-01
4.935708199399999746e-02 -5.492565628429999514e-01
1.172092352689999978e-01 -5.381713345409999683e-01
-3.334816467450000266e-01 -1.587154632280000088e-01
-6.309983498319999828e-01 -4.098262259339999769e-01
-7.350907413989999917e-01 -6.037576556629999924e-01
-5.781599977450000427e-01 -6.723640299749999993e-01
-3.345032375449999984e-01 -9.847719121369999939e-01
-5.728982702599999532e-01 -9.019498477809999581e-01
-5.066593390260000218e-01 -6.197698211509999888e-01
-4.274080509779999981e-01 -5.979512023249999864e-01
-1.198053673410000020e-01 -1.000000000000000000e+00
-3.919625942659999973e-01 -8.683087223330000493e-01
-3.321415888300000008e-01 -5.370933401709999666e-01
-2.298906904530000073e-01 -5.915390151739999824e-01
8.055546548299999388e-02 -9.402595027829999674e-01
-1.716711578550000061e-01 -8.277324127430000233e-01
-1.581261653499999864e-01 -5.285189641149999895e-01
-6.225174078799999844e-02 -5.413177652170000353e-01
2.725224946650000035e-01 -8.384607875940000010e-01
7.472154463499999788e-02 -7.521609353170000123e-01
3.400667176299999872e-02 -5.400765457659999491e-01
1.057189361680000023e-01 -5.373865126610000154e-01
-3.335005109559999736e-01 -1.555262403459999887e-01
-6.306944323419999554e-01 -3.982460318039999780e-01
-7.427672951789999756e-01 -5.851362020920000129e-01
-5.958545270880000189e-01 -6.538119491199999578e-01
-3.397016034640000237e-01 -9.847514718390000255e-01
-5.699938782840000551e-01 -8.831731066639999517e-01
-5.062803577600000215e-01 -6.115006009750000304e-01
-4.299433746779999788e-01 -5.839207830829999946e-01
-1.262080190719999939e-01 -1.000000000000000000e+00
-3.881831140399999991e-01 -8.421172535950000038e-01
-3.277852091260000100e-01 -5.205626812979999851e-01
-2.324990637830000040e-01 -5.732652051259999881e-01
7.652999119999999433e-02 -9.373943638080000085e-01
-1.691961705239999891e-01 -8.061204636719999650e-01
-1.536067463490000118e-01 -5.173422948520000064e-01
-6.416782682199999310e-02 -5.286133148330000031e-01
2.719866843250000055e-01 -8.293642505510000484e-01
8.322164138700000047e-02 -7.377373883440000446e-01
4.062881845099999834e-02 -5.329997319389999655e-01
1.042465555089999996e-01 -5.298255743180000366e-01
-3.316525241900000198e-01 -1.609820683450000067e-01
-6.323288092009999861e-01 -4.035933685609999766e-01
-7.353780116529999855e-01 -5.860117287060000457e-01
-5.667055499009999719e-01 -6.296093064819999752e-01
-3.433462641669999815e-01 -9.840760208180000523e-01
-5.737348508640000011e-01 -8.848449329080000370e-01
-5.033119353830000087e-01 -6.033712561059999535e-01
-4.265296082439999914e-01 -5.742815287820000059e-01
-1.284578581639999884e-01 -1.000000000000000000e+00
-3.881779475630000031e-01 -8.400403593370000532e-01
-3.198649510239999771e-01 -5.230087722970000463e-01
-2.241338521600000078e-01 -5.749031183380000076e-01
7.706437996999999929e-02 -9.350612361150000273e-01
-1.705502320710000075e-01 -7.979472108640000005e-01
-1.461321361629999982e-01 -5.186105075029999734e-01
-5.498956880300000238e-02 -5.346949879129999639e-01
2.731453172919999783e-01 -8.244071745209999857e-01
7.932047066200000052e-02 -7.239707506010000237e-01
4.121578601800000158e-02 -5.225432025489999965e-01
1.059593591639999971e-01 -5.206077270300000226e-01
-3.400067894730000040e-01 -1.538744693809999953e-01
-6.488967384630000002e-01 -3.870191845779999973e-01
-7.696381890319999863e-01 -5.640991151680000426e-01
-6.134611469749999824e-01 -6.212513294200000535e-01
-3.518486554590000148e-01 -9.820353548310000180e-01
-5.920024016579999993e-01 -8.722811543659999556e-01
-5.196766339360000542e-01 -5.921938324959999944e-01
-4.398513667919999870e-01 -5.629867889330000263e-01
-1.370041045959999870e-01 -1.000000000000000000e+00
-4.085698857630000180e-01 -8.361841044450000204e-01
-3.362757539780000249e-01 -5.153387231389999767e-01
-2.343937777460000094e-01 -5.657566600469999818e-01
6.866591308500000213e-02 -9.373088789769999929e-01
-1.894542605890000009e-01 -7.953570363359999673e-01
-1.618864375680000023e-01 -5.088410469599999875e-01
-6.565370400799999673e-02 -5.262355768950000012e-01
2.634056030699999940e-01 -8.281575436250000477e-01
6.331754599800000494e-02 -7.269186457930000289e-01
3.085528703099999978e-02 -5.204590664110000375e-01
1.041559763099999952e-01 -5.210455565849999582e-01
-3.376109916269999789e-01 -1.589156899989999927e-01
-6.404210183749999841e-01 -3.878986344450000012e-01
-7.521681480520000518e-01 -5.624688127339999566e-01
-5.901580680419999947e-01 -6.078984964739999608e-01
-3.502754444019999802e-01 -9.834968238669999918e-01
-5.854473331180000129e-01 -8.464929498300000077e-01
-5.092858528050000499e-01 -5.800218848789999715e-01
-4.335531785799999760e-01 -5.694790695870000086e-01
-1.371027534800000058e-01 -1.000000000000000000e+00
-4.004221046249999971e-01 -8.081181993689999787e-01
-3.257480864969999890e-01 -5.021581013310000285e-01
-2.342141925840000027e-01 -5.665084157580000390e-01
6.905048249999999610e-02 -9.364720931659999970e-01
-1.837475703089999912e-01 -7.719268449799999710e-01
-1.512215991249999947e-01 -4.974979558889999764e-01
-6.268212076800000476e-02 -5.225187255000000031e-01
2.638909465959999867e-01 -8.264269929709999740e-01
7.060703984400000521e-02 -7.090745048390000305e-01
3.515706227499999781e-02 -5.089334784440000536e-01
9.679717110600000174e-02 -5.107435307059999818e-01
-3.486918759989999783e-01 -1.556768437509999936e-01
-6.478748301460000025e-01 -3.765025159170000135e-01
-7.625951784259999977e-01 -5.423217101689999931e-01
-6.265585705839999964e-01 -5.900511689690000061e-01
-3.430196671180000267e-01 -9.822014434620000012e-01
-6.030745003609999655e-01 -8.285682503750000372e-01
-5.212030596690000461e-01 -5.752265633690000213e-01
-4.275627561450000003e-01 -5.582557401509999906e-01
-1.355155393570000033e-01 -1.000000000000000000e+00
-4.220844484290000032e-01 -7.759185222509999980e-01
-3.366678226579999933e-01 -4.889190064580000161e-01
-2.340336895089999980e-01 -5.384730774010000331e-01
6.528133117800000162e-02 -9.325680344440000491e-01
-2.046795832320000008e-01 -7.325271385289999770e-01
-1.605944412089999884e-01 -4.754752105319999811e-01
-6.763878983000000400e-02 -4.950857832710000017e-01
2.544611445189999821e-01 -8.140868432929999621e-01
4.397205118599999824e-02 -6.770999234429999625e-01
2.142182554999999891e-02 -4.834773960100000045e-01
8.934437850199999920e-02 -4.822086411429999941e-01
-3.424062335129999801e-01 -1.503877277710000127e-01
-6.280184516319999855e-01 -3.661387119030000137e-01
-7.364309348919999554e-01 -5.270717909180000493e-01
-6.187458842309999651e-01 -5.892471896430000466e-01
-3.303285851489999869e-01 -9.858002516130000004e-01
-5.921212072020000106e-01 -8.270075078120000533e-01
-5.223454675809999781e-01 -5.838431881819999836e-01
-4.260933133129999884e-01 -5.506385292800000109e-01
-1.286296281269999897e-01 -1.000000000000000000e+00
-4.124823938419999725e-01 -7.619669656259999702e-01
-3.301199356089999926e-01 -4.854595186880000246e-01
-2.250542862169999936e-01 -5.224748995579999722e-01
6.698093962600000506e-02 -9.295604886170000247e-01
-2.028434993169999923e-01 -7.137218457039999908e-01
-1.565297945159999926e-01 -4.709528022400000236e-01
-6.314375769400000504e-02 -4.889267481030000195e-01
2.561796463889999820e-01 -8.070805567959999927e-01
4.344931888600000319e-02 -6.779715108960000514e-01
2.581799981100000099e-02 -4.945977841809999775e-01
9.430894308899999412e-02 -4.894600056819999878e-01
-3.528782521200000133e-01 -1.489919295540000077e-01
-6.485086303660000384e-01 -3.581260197949999724e-01
-7.687892060900000102e-01 -5.164720525389999706e-01
-6.614009418990000055e-01 -5.800861015070000182e-01
-3.516906603180000035e-01 -9.854635127840000175e-01
-6.142568523110000234e-01 -8.089878115399999903e-01
-5.374073240479999569e-01 -5.628350636590000455e-01
-4.417511008080000079e-01 -5.411931860430000407e-01
-1.420143870470000069e-01 -1.000000000000000000e+00
-4.281094386779999983e-01 -7.462243008379999543e-01
-3.468407028470000264e-01 -4.677497768309999970e-01
-2.451511166500000005e-01 -5.179895370739999727e-01
6.144002887200000068e-02 -9.278283495789999558e-01
-2.074592883499999929e-01 -6.970074339059999513e-01
-1.631861303380000017e-01 -4.502140143989999954e-01
-7.318275594699999442e-02 -4.772302957530000223e-01
2.550140775899999990e-01 -8.043864441350000449e-01
4.845782170799999705e-02 -6.551125992359999595e-01
2.288460760900000099e-02 -4.684129223649999840e-01
8.343085797600000020e-02 -4.712434780220000063e-01
-3.565935456389999758e-01 -1.514196702910000081e-01
-6.461843634030000061e-01 -3.564134641849999730e-01
-7.626421241370000548e-01 -5.122958733929999786e-01
-6.616676621839999717e-01 -5.820094703010000314e-01
-3.635569858880000060e-01 -9.859951786789999950e-01
-6.203012516370000062e-01 -8.018941582149999858e-01
-5.373089911609999492e-01 -5.606533032489999790e-01
-4.406335923970000068e-01 -5.405234778199999868e-01
-1.519322810890000042e-01 -1.000000000000000000e+00
-4.365782714179999857e-01 -7.425402047929999805e-01
-3.462358097970000270e-01 -4.687079313729999863e-01
-2.410952745899999916e-01 -5.195427348169999737e-01
5.083769216000000313e-02 -9.263364384850000244e-01
-2.142467866989999914e-01 -6.968351065960000090e-01
-1.638459991800000071e-01 -4.540919013870000076e-01
-7.284578241799999354e-02 -4.819857773799999801e-01
2.415418809559999880e-01 -8.003501123570000431e-01
4.275441124599999726e-02 -6.549651874320000511e-01
2.665521645100000017e-02 -4.746619017029999887e-01
9.184448483899999849e-02 -4.822447807310000223e-01
-3.544395201889999902e-01 -1.468969864119999968e-01
-6.504837295169999534e-01 -3.572852106459999955e-01
-7.741858311260000347e-01 -5.120423867519999783e-01
-6.810039818930000433e-01 -5.756333790240000248e-01
-3.590475392499999918e-01 -9.848774888610000167e-01
-6.211589941609999554e-01 -8.106611168509999521e-01
-5.385721868020000302e-01 -5.606557258309999847e-01
-4.376393400379999798e-01 -5.278055650799999832e-01
-1.525114938469999959e-01 -1.000000000000000000e+00
-4.393872925890000003e-01 -7.498411912460000162e-01
-3.501484327550000164e-01 -4.747622066280000053e-01
-2.436583084180000136e-01 -5.153416910879999868e-01
4.797903685999999751e-02 -9.268179301869999831e-01
-2.197275562229999979e-01 -7.006698198509999642e-01
-1.684210664939999880e-01 -4.583608302800000200e-01
-7.725076737699999863e-02 -4.811346393700000057e-01
2.398873927000000073e-01 -8.012967090739999687e-01
3.515987680700000118e-02 -6.636544993130000236e-01
2.225764291599999917e-02 -4.815539043579999956e-01
8.924862677099999753e-02 -4.837117939219999774e-01
-3.557378021070000118e-01 -1.443976139639999989e-01
-6.505757808250000052e-01 -3.502538887269999734e-01
-7.709228222459999502e-01 -5.033476099939999671e-01
-6.649462918859999627e-01 -5.649849478139999936e-01
-3.536781214659999728e-01 -9.862351422430000181e-01
-6.155364893810000293e-01 -8.104894733149999864e-01
-5.414113942449999550e-01 -5.673794496159999534e-01
-4.392553909929999834e-01 -5.295634177089999506e-01
-1.503520927249999972e-01 -1.000000000000000000e+00
-4.327842966359999877e-01 -7.434767299840000510e-01
-3.485314356709999783e-01 -4.755227246329999935e-01
-2.427999230819999910e-01 -5.103312727779999447e-01
4.958448705000000067e-02 -9.249284143389999713e-01
-2.176716004929999948e-01 -6.919537585839999894e-01
-1.685733205840000137e-01 -4.552050634670000151e-01
-7.905520272299999818e-02 -4.739064277130000113e-01
2.412315905790000103e-01 -7.967690797199999952e-01
3.231182799199999733e-02 -6.585291780069999490e-01
1.709152091900000003e-02 -4.769339285520000082e-01
8.158610504200000668e-02 -4.722765126180000217e-01
-3.624223399709999849e-01 -1.421158902109999900e-01
-6.572834645130000153e-01 -3.433594424759999764e-01
-7.852450972690000475e-01 -4.964687777139999980e-01
-7.074714244430000409e-01 -5.750661406820000154e-01
-3.754206541860000135e-01 -9.869789845780000404e-01
-6.410375553449999542e-01 -8.071472434980000443e-01
-5.538794681640000217e-01 -5.630683325609999734e-01
-4.501071833060000249e-01 -5.343862946420000481e-01
-1.691383156419999922e-01 -1.000000000000000000e+00
-4.579765676159999743e-01 -7.410125123870000552e-01
-3.628245700889999870e-01 -4.685967100330000190e-01
-2.539531093349999824e-01 -5.112201540430000302e-01
3.252520894600000045e-02 -9.260624453989999560e-01
-2.386952536570000061e-01 -6.906439346039999760e-01
-1.813967468400000116e-01 -4.500716988960000164e-01
-8.821710949199999818e-02 -4.770046970010000109e-01
2.256513166290000094e-01 -8.013141353860000482e-01
1.652758045100000128e-02 -6.533955522719999687e-01
5.471431605999999871e-03 -4.697147995609999849e-01
7.254655469199999818e-02 -4.734717390639999746e-01
-3.696552698319999775e-01 -1.460349726580000007e-01
-6.714611227769999857e-01 -3.445582316190000105e-01
-8.007952319190000390e-01 -4.972493815180000221e-01
-7.089425241879999673e-01 -5.670844503519999469e-01
-3.759522353209999723e-01 -9.883221417630000394e-01
-6.528615685640000166e-01 -8.028392626720000091e-01
-5.605179932810000487e-01 -5.634093995950000267e-01
-4.562810327090000007e-01 -5.443069489270000449e-01
-1.695139578039999984e-01 -1.000000000000000000e+00
-4.719091166669999726e-01 -7.427236031089999857e-01
-3.708149002800000260e-01 -4.700252689739999878e-01
-2.598351322890000148e-01 -5.232008581349999465e-01
3.195053361700000288e-02 -9.258691227699999970e-01
-2.506571892150000203e-01 -6.988100489899999879e-01
-1.907543529590000064e-01 -4.539847260509999871e-01
-9.389519348699999768e-02 -4.829014377570000072e-01
2.226985962320000012e-01 -8.008897526160000391e-01
6.905473510000000210e-03 -6.564738814149999602e-01
-2.863320480000000178e-03 -4.734265242290000009e-01
6.912227352899999455e-02 -4.807443463459999955e-01
-3.733452690169999921e-01 -1.498464634099999915e-01
-6.757156926399999763e-01 -3.495293558059999750e-01
-8.062701506799999640e-01 -5.018897064959999543e-01
-7.135531730399999883e-01 -5.706918570319999828e-01
-3.790391444860000125e-01 -9.901104809890000080e-01
-6.573137472819999827e-01 -8.059867222119999619e-01
-5.644962053480000463e-01 -5.635436502399999714e-01
-4.590192252740000201e-01 -5.428327971190000101e-01
-1.713036818299999986e-01 -1.000000000000000000e+00
-4.739504922200000192e-01 -7.436381256620000491e-01
-3.758081039639999954e-01 -4.713139253049999922e-01
-2.657956082449999813e-01 -5.221061001710000093e-01
3.051719203800000099e-02 -9.240856213639999650e-01
-2.518598617869999834e-01 -6.967200966740000334e-01
-1.937955351869999898e-01 -4.528344112089999762e-01
-9.729518359800000404e-02 -4.791226216519999803e-01
2.208005687930000016e-01 -7.980230534290000399e-01
5.600572929999999595e-03 -6.533948205870000470e-01
-5.689694458999999815e-03 -4.698018300280000226e-01
6.489048559500000535e-02 -4.746880003799999748e-01
-3.791677774430000092e-01 -1.573258526219999953e-01
-6.889896579730000470e-01 -3.562028209249999966e-01
-8.260689408970000036e-01 -5.084207556709999798e-01
-7.220738801749999602e-01 -5.726208003999999629e-01
-3.824474158369999821e-01 -9.887006414919999875e-01
-6.687066405079999942e-01 -7.992268668719999525e-01
-5.703036143080000286e-01 -5.629708410149999454e-01
-4.660220366949999748e-01 -5.602517935109999625e-01
-1.775347632969999923e-01 -1.000000000000000000e+00
-4.945862952649999755e-01 -7.458334751049999767e-01
-3.896471162380000242e-01 -4.783895019859999986e-01
-2.770933268760000234e-01 -5.408549192760000457e-01
2.399320199599999995e-02 -9.250765485699999902e-01
-2.722540323509999860e-01 -7.014656957689999750e-01
-2.118278181029999985e-01 -4.576436749519999792e-01
-1.110049244130000001e-01 -4.938315181569999934e-01
2.094949407529999863e-01 -8.003972696550000210e-01
-1.585819241799999932e-02 -6.448797108049999505e-01
-2.548040304799999850e-02 -4.613317816049999909e-01
5.198728974999999863e-02 -4.747664727670000140e-01
-3.730325052880000269e-01 -1.564479335320000108e-01
-6.735452349899999636e-01 -3.611123046670000059e-01
-8.020186711129999590e-01 -5.147726895430000393e-01
-6.979642935959999850e-01 -5.798473920050000174e-01
-3.657416178230000203e-01 -9.939623457139999951e-01
-6.605886485070000536e-01 -8.195427228820000298e-01
-5.706297263439999989e-01 -5.822399280740000460e-01
-4.611724490090000073e-01 -5.639546049650000503e-01
-1.667353503550000060e-01 -1.000000000000000000e+00
-4.946104463009999841e-01 -7.572684269220000264e-01
-3.925733944350000004e-01 -4.929968678939999904e-01
-2.755151222389999877e-01 -5.456357537989999784e-01
2.613734437400000096e-02 -9.241408191390000360e-01
-2.780016236689999976e-01 -7.070235419039999636e-01
-2.169868541809999996e-01 -4.684313817399999857e-01
-1.140535507079999955e-01 -4.967468019769999965e-01
2.075737166949999934e-01 -7.994973395650000203e-01
-2.561586916499999922e-02 -6.603217261149999517e-01
-3.324420729600000013e-02 -4.806959773489999921e-01
4.465969673700000142e-02 -4.864318791269999775e-01
-3.847576524540000098e-01 -1.528567301029999936e-01
-7.045423070570000501e-01 -3.648091066729999832e-01
-8.490691825830000150e-01 -5.311754190659999653e-01
-7.618700234980000374e-01 -6.113423399420000459e-01
-4.081622134439999994e-01 -9.825688244650000458e-01
-7.073167226319999612e-01 -8.380417837429999794e-01
-5.984574747190000155e-01 -5.831497865579999829e-01
-4.878707147890000151e-01 -5.619106727829999981e-01
-2.086857863680000036e-01 -1.000000000000000000e+00
-5.333551832880000232e-01 -7.901829498660000173e-01
-4.178008626659999725e-01 -5.096199545149999732e-01
-2.964596080629999797e-01 -5.559561747619999883e-01
-1.240601642499999935e-02 -9.336966769290000467e-01
-3.144415478200000003e-01 -7.402669273680000384e-01
-2.494183303170000032e-01 -4.886273135110000276e-01
-1.441623425180000029e-01 -5.178394580109999534e-01
1.722436087089999901e-01 -8.179096498879999677e-01
-6.537034984299999740e-02 -6.839931628590000257e-01
-7.197841920500000490e-02 -4.949536682399999776e-01
8.182059017999999267e-03 -5.025166819280000308e-01
-4.015016649520000147e-01 -1.612636487340000091e-01
-7.016715896140000019e-01 -3.702382927880000230e-01
-8.430462535820000269e-01 -5.317941654769999804e-01
-8.019101036579999731e-01 -6.285405396440000292e-01
-3.912623765109999874e-01 -9.865849125490000482e-01
-7.087393935369999953e-01 -8.540272476850000460e-01
-6.020709568219999586e-01 -6.021610633570000370e-01
-4.913995552750000106e-01 -5.856275928449999890e-01
-1.928912637040000044e-01 -1.000000000000000000e+00
-5.438894604670000410e-01 -8.041210049450000508e-01
-4.319765911080000187e-01 -5.205198964520000304e-01
-3.096284004289999725e-01 -5.751214695830000334e-01
-6.781277310999999676e-03 -9.327543061959999715e-01
-3.303001338600000114e-01 -7.542257143809999453e-01
-2.690854380320000239e-01 -5.048692376619999811e-01
-1.551852466449999968e-01 -5.384135939730000375e-01
1.650820306880000088e-01 -8.170898742159999895e-01
-7.977011494300000061e-02 -6.990204440609999459e-01
-9.106855619400000545e-02 -5.156553051669999777e-01
-5.537154425999999893e-03 -5.246652948790000437e-01
-4.113278208310000017e-01 -1.627808252259999866e-01
-7.143508417160000512e-01 -3.791950669699999943e-01
-8.557153327590000247e-01 -5.428053193520000486e-01
-8.312669477280000274e-01 -6.434169627319999973e-01
-3.860687107510000216e-01 -9.879053702700000272e-01
-7.249632731749999781e-01 -8.679147393499999641e-01
-6.146093532730000364e-01 -6.017303053720000072e-01
-4.967509314860000247e-01 -5.732644600099999765e-01
-1.896463448559999876e-01 -1.000000000000000000e+00
-5.583142101479999786e-01 -8.243165802449999857e-01
-4.440463674790000037e-01 -5.240404594159999707e-01
-3.101888569130000217e-01 -5.679250649410000351e-01
-6.810496004999999631e-03 -9.352142695270000416e-01
-3.422003287400000038e-01 -7.755375433240000449e-01
-2.798747702439999818e-01 -5.121345970320000385e-01
-1.541154971120000106e-01 -5.446578418640000141e-01
1.635235579790000060e-01 -8.228426063949999536e-01
-9.180323288399999671e-02 -7.223572022349999955e-01
-9.894157906999999363e-02 -5.282175073010000332e-01
-8.810269399999999616e-05 -5.351878725180000407e-01
-4.094639911040000024e-01 -1.589698460529999913e-01
-7.048825110799999960e-01 -3.766115666159999820e-01
-8.482253221129999465e-01 -5.422878507249999647e-01
-8.368532137399999904e-01 -6.552515215409999705e-01
-3.812728258079999821e-01 -9.892892777239999935e-01
-7.259086509019999633e-01 -8.823598572630000358e-01
-6.130611962830000428e-01 -6.196693454080000052e-01
-4.917733353220000159e-01 -5.965306156730000309e-01
-1.838335521649999971e-01 -1.000000000000000000e+00
-5.658474470979999449e-01 -8.365377616960000262e-01
-4.441711808600000144e-01 -5.334834134039999620e-01
-3.028240083550000072e-01 -5.815282073680000385e-01
-5.800064821000000363e-03 -9.393768809850000512e-01
-3.515146929230000272e-01 -7.871175447949999571e-01
-2.871837399569999727e-01 -5.194002158399999569e-01
-1.551996908140000075e-01 -5.601033696420000263e-01
1.591104365480000005e-01 -8.339487702040000450e-01
-1.105577410420000017e-01 -7.377921670960000400e-01
-1.153821553339999945e-01 -5.395977426570000013e-01
-7.891617057000000282e-03 -5.496050600359999594e-01
-4.098042701030000234e-01 -1.616507220210000040e-01
-6.987091647149999973e-01 -3.663019827799999795e-01
-8.432125289420000502e-01 -5.318733648219999832e-01
-8.582179511369999458e-01 -6.596459538690000457e-01
-4.001700122849999874e-01 -9.868872373999999503e-01
-7.348789016379999595e-01 -8.770445398620000388e-01
-6.180085844099999504e-01 -6.089705454739999801e-01
-4.911788717150000205e-01 -5.750287092660000265e-01
-1.961162262070000051e-01 -1.000000000000000000e+00
-5.673871182699999904e-01 -8.411313283250000383e-01
-4.476398808270000140e-01 -5.282758445899999877e-01
-3.047811559899999967e-01 -5.705590369720000554e-01
-1.074164377399999988e-02 -9.393593167179999925e-01
-3.485002968820000158e-01 -7.972577812990000456e-01
-2.883690111400000200e-01 -5.233369603080000321e-01
-1.519235351140000023e-01 -5.574911406270000036e-01
1.648646528909999964e-01 -8.319755297390000193e-01
-1.004344263690000044e-01 -7.359269796549999798e-01
-1.114436693880000023e-01 -5.401659160989999986e-01
-2.355193018000000145e-03 -5.520104363710000017e-01
-3.959180874420000218e-01 -1.494951639500000096e-01
-6.720403628709999966e-01 -3.562173177879999764e-01
-8.041987009200000092e-01 -5.197128848869999596e-01
-8.404284918350000133e-01 -6.477104355180000050e-01
-3.659793516879999986e-01 -9.864978176649999986e-01
-7.044298532110000455e-01 -8.780268169910000475e-01
-6.019144701890000171e-01 -6.071124527839999452e-01
-4.750051432599999846e-01 -5.609980209710000443e-01
-1.640391594289999921e-01 -1.000000000000000000e+00
-5.367584325790000221e-01 -8.405302025369999486e-01
-4.343672728440000075e-01 -5.215002109259999630e-01
-2.950968052679999731e-01 -5.494956488369999725e-01
1.612917005199999976e-02 -9.367145272669999967e-01
-3.219117178809999813e-01 -7.846501579000000337e-01
-2.703419673140000090e-01 -5.070298142820000020e-01
-1.367393603790000023e-01 -5.335948372059999834e-01
1.885933467579999911e-01 -8.238658679429999854e-01
-7.885823560000000676e-02 -7.321402471669999912e-01
-9.072941004800000320e-02 -5.322795827480000241e-01
1.606013146000000169e-02 -5.372172852319999636e-01
-3.983040241810000270e-01 -1.566571570230000099e-01
-6.851573524099999757e-01 -3.724174676540000228e-01
-8.225096501530000381e-01 -5.409960067800000383e-01
-8.167202791059999800e-01 -6.622641114620000380e-01
-3.597219750710000108e-01 -9.915639308670000096e-01
-7.021749858610000228e-01 -8.854699249520000537e-01
-6.024934900420000350e-01 -6.202790083479999828e-01
-4.776263394249999905e-01 -5.829888919269999858e-01
-1.545297222629999911e-01 -1.000000000000000000e+00
-5.349270013639999544e-01 -8.387965795720000450e-01
-4.323579679630000228e-01 -5.242914416149999646e-01
-2.927273216729999739e-01 -5.602077698930000293e-01
2.881911460899999958e-02 -9.345282039019999765e-01
-3.195653037330000168e-01 -7.801442650480000518e-01
-2.671817334600000149e-01 -5.023661702249999639e-01
-1.330485455290000008e-01 -5.301359209799999528e-01
2.010537102630000073e-01 -8.230564676389999779e-01
-7.397427190899999450e-02 -7.224394562189999647e-01
-8.556454293800000444e-02 -5.214411424989999766e-01
2.335970174199999971e-02 -5.286182517020000526e-01
-3.874847860990000004e-01 -1.649241013230000052e-01
-6.805424662069999853e-01 -3.854693458919999927e-01
-8.174302539740000428e-01 -5.561647505660000101e-01
-8.077993499259999988e-01 -6.691127868480000185e-01
-3.792266004729999973e-01 -9.853806164580000138e-01
-6.921371672030000033e-01 -8.841869467940000060e-01
-5.809145006379999865e-01 -6.147329423330000209e-01
-4.627669014970000050e-01 -5.895511028090000272e-01
-1.744991900579999922e-01 -1.000000000000000000e+00
-5.270203621029999619e-01 -8.442274112050000001e-01
-4.223570660040000257e-01 -5.339404460759999971e-01
-2.857306517629999987e-01 -5.760815147129999536e-01
1.200897465100000082e-02 -9.351640868720000332e-01
-3.061274839790000257e-01 -7.846807600899999846e-01
-2.587512208889999887e-01 -5.122595797679999619e-01
-1.335399965769999975e-01 -5.481078947209999663e-01
1.883571738010000052e-01 -8.227085784409999825e-01
-6.465082052999999995e-02 -7.167151301440000122e-01
-7.849234157499999920e-02 -5.189609691969999661e-01
2.426827252400000010e-02 -5.327114943690000048e-01
-3.961921363090000203e-01 -1.633629017569999953e-01
-6.806799772799999593e-01 -3.815874004809999831e-01
-8.144411477159999579e-01 -5.522591671480000519e-01
-8.283021619389999701e-01 -6.781913725570000162e-01
-3.696564763130000264e-01 -9.864109517219999956e-01
-7.000856241630000198e-01 -8.831487221910000462e-01
-5.857918362549999758e-01 -6.195241815909999783e-01
-4.617392769779999906e-01 -5.908392359530000304e-01
-1.654821707119999985e-01 -1.000000000000000000e+00
-5.311149355440000219e-01 -8.477987100199999571e-01
-4.194560340640000051e-01 -5.390493845439999765e-01
-2.799171335139999939e-01 -5.784681616000000304e-01
1.732501944799999874e-02 -9.370216409539999791e-01
-3.117922459349999897e-01 -7.918224668950000211e-01
-2.584687630679999848e-01 -5.219710239660000362e-01
-1.270982601099999998e-01 -5.570246709939999930e-01
1.883318495219999944e-01 -8.269772287390000365e-01
-7.265922320900000675e-02 -7.338511637569999913e-01
-8.386969012499999321e-02 -5.386774386289999716e-01
2.337987905899999858e-02 -5.493508394739999856e-01
-4.008775310889999832e-01 -1.640660612100000026e-01
-6.994722874109999822e-01 -3.871851728390000025e-01
-8.501968670809999518e-01 -5.619990690060000516e-01
-8.590694871609999561e-01 -6.940852573469999953e-01
-4.042364236129999955e-01 -9.830871790309999581e-01
-7.227857758800000365e-01 -8.942770116689999771e-01
-6.039855131229999730e-01 -6.253737518459999700e-01
-4.818919207719999931e-01 -5.972790002960000066e-01
-1.986773081060000112e-01 -1.000000000000000000e+00
-5.587427192080000049e-01 -8.636610203179999612e-01
-4.400892253989999725e-01 -5.485750586869999612e-01
-2.982179419980000024e-01 -5.888836668589999546e-01
-1.004033040500000064e-02 -9.439937280429999689e-01
-3.323341312459999752e-01 -8.128157588440000358e-01
-2.737825222340000142e-01 -5.338687754469999547e-01
-1.430198999600000020e-01 -5.686811395109999667e-01
1.694493530379999890e-01 -8.429772955569999615e-01
-8.819755652699999560e-02 -7.562827404890000160e-01
-9.515550894799999770e-02 -5.553144104910000545e-01
1.335505421799999988e-02 -5.681005624949999611e-01
-3.994444799849999894e-01 -1.597341534180000133e-01
-7.031251417460000486e-01 -3.868619846390000117e-01
-8.523287789689999450e-01 -5.688511049200000169e-01
-8.360606854250000053e-01 -7.054867969160000252e-01
-4.001410006689999910e-01 -9.836194522960000075e-01
-7.238661893290000426e-01 -9.291091686600000399e-01
-6.212681742479999603e-01 -6.540171936459999724e-01
-4.941500863050000136e-01 -5.995116815069999605e-01
-1.882992772179999941e-01 -1.000000000000000000e+00
-5.415754633389999739e-01 -8.914332550689999524e-01
-4.328831279059999759e-01 -5.610408719330000071e-01
-2.908911659330000177e-01 -5.815602511009999587e-01
6.748898992000000076e-03 -9.477303758070000361e-01
-3.177635276929999808e-01 -8.366771509989999744e-01
-2.640463728199999860e-01 -5.489440678100000470e-01
-1.300080832690000132e-01 -5.692427210820000250e-01
1.935845638199999996e-01 -8.518561651799999579e-01
-7.487526660000000389e-02 -7.784539361490000475e-01
-8.337701314400000618e-02 -5.678323020419999700e-01
2.837921215599999852e-02 -5.682265690359999954e-01
-3.863097473029999951e-01 -1.536404051949999960e-01
-6.894879303169999529e-01 -3.862568601179999783e-01
-8.422183213739999896e-01 -5.759526163910000385e-01
-8.325482984090000205e-01 -7.246076804959999951e-01
-4.070318328850000000e-01 -9.796345926870000387e-01
-7.086065000769999900e-01 -9.390223753569999499e-01
-6.089767340110000537e-01 -6.572288154909999847e-01
-4.893900033410000239e-01 -5.994862911099999581e-01
-1.962763403299999931e-01 -1.000000000000000000e+00
-5.336360725819999651e-01 -9.057614176930000038e-01
-4.268684865290000019e-01 -5.653893022760000386e-01
-2.880544571370000084e-01 -5.820349381610000483e-01
1.784100446000000005e-03 -9.526667373399999583e-01
-3.123064521069999766e-01 -8.616513778380000543e-01
-2.623837855810000064e-01 -5.619927040500000137e-01
-1.314284964659999944e-01 -5.738476473239999542e-01
1.964874163360000037e-01 -8.636760411120000258e-01
-6.926034878100000014e-02 -8.001454722599999902e-01
-7.989451399699999679e-02 -5.832035381350000325e-01
3.022901510400000102e-02 -5.788767754579999814e-01
-3.908927276540000162e-01 -1.593871556010000023e-01
-6.992826520349999520e-01 -3.864380462390000215e-01
-8.542681863419999688e-01 -5.800985461469999604e-01
-8.024170780160000405e-01 -7.271730295880000083e-01
-3.828529349320000108e-01 -9.838195647940000121e-01
-6.917369816899999746e-01 -9.328619510079999566e-01
-6.012164151200000139e-01 -6.567811989509999560e-01
-4.853342950480000195e-01 -6.081317004320000441e-01
-1.735070696990000105e-01 -1.000000000000000000e+00
-5.208703636420000116e-01 -9.011921649859999661e-01
-4.153150696369999895e-01 -5.636757872630000499e-01
-2.765801449149999924e-01 -5.910169688749999928e-01
2.071073913799999916e-02 -9.510809963340000062e-01
-3.091846418190000167e-01 -8.600250318230000524e-01
-2.587713680240000258e-01 -5.567477106720000180e-01
-1.241303632689999964e-01 -5.685195959729999471e-01
2.079539845570000101e-01 -8.580953252320000502e-01
-6.337510337399999971e-02 -7.930404781809999859e-01
-8.006109020200000148e-02 -5.783496940310000056e-01
2.833836841900000056e-02 -5.730779104380000488e-01
-3.680343497860000257e-01 -1.499682630789999915e-01
-6.676703020959999790e-01 -3.821321766590000113e-01
-8.264588632960000458e-01 -5.840202755750000252e-01
-7.883284085970000410e-01 -7.628259614319999882e-01
-3.858060640079999937e-01 -9.858203295480000294e-01
-6.702667025049999783e-01 -9.821737834829999958e-01
-6.028184597050000315e-01 -6.955310701839999554e-01
-4.915914736299999976e-01 -6.119467829250000435e-01
-1.728697429399999874e-01 -1.000000000000000000e+00
-4.922289161300000271e-01 -9.353603379889999792e-01
-4.025389296310000198e-01 -5.789593138259999661e-01
-2.711635206460000225e-01 -5.804301547079999679e-01
2.808929314700000027e-02 -9.528698162500000013e-01
-2.844375636550000030e-01 -8.847655028230000385e-01
-2.435241869110000013e-01 -5.750758900889999525e-01
-1.154016095059999941e-01 -5.740203963569999734e-01
2.275775484429999884e-01 -8.656802652599999703e-01
-4.074127688399999808e-02 -8.171508086919999636e-01
-5.525967879899999768e-02 -5.959779108870000286e-01
5.165135044000000036e-02 -5.825290639350000355e-01
-3.569947989059999993e-01 -1.464432070049999923e-01
-6.644226587449999499e-01 -3.932388600119999800e-01
-8.154995852530000366e-01 -6.160196946249999472e-01
-7.394709498889999733e-01 -7.970455856389999649e-01
-3.962551340930000054e-01 -9.796634943950000007e-01
-6.613777095949999740e-01 -1.000000000000000000e+00
-5.998988529850000084e-01 -7.160635160120000231e-01
-4.923595035000000175e-01 -6.319143218360000480e-01
-1.743897571680000091e-01 -9.965646900350000337e-01
-4.808022254789999783e-01 -9.651092428199999906e-01
-3.955870295069999765e-01 -5.957092906850000036e-01
-2.664810875060000250e-01 -6.004370006910000335e-01
3.872286146799999718e-02 -9.576296453150000554e-01
-2.609842974589999809e-01 -9.201702637330000378e-01
-2.326079888990000011e-01 -5.921631405520000335e-01
-1.109416341040000004e-01 -5.833867314580000185e-01
2.528569987820000198e-01 -8.829000273149999467e-01
-1.097715932800000065e-02 -8.486009691439999614e-01
-3.876575152799999896e-02 -6.137514231840000001e-01
6.146782773699999841e-02 -5.929186183179999681e-01
-3.526660273910000032e-01 -1.500745002580000098e-01
-6.470175309190000501e-01 -3.951711293060000130e-01
-7.906107545920000312e-01 -6.149531607289999702e-01
-7.337496004519999948e-01 -8.158008777749999885e-01
-3.921246096730000019e-01 -9.739728553509999776e-01
-6.396884758180000352e-01 -1.000000000000000000e+00
-5.797492070519999485e-01 -7.111595485730000110e-01
-4.732844041209999797e-01 -6.184432396550000322e-01
-1.699132059700000086e-01 -9.883464262000000167e-01
-4.567138747510000041e-01 -9.696525780039999542e-01
-3.784357404540000247e-01 -5.981835951909999505e-01
-2.529492758970000033e-01 -5.900649111160000126e-01
4.523272110300000093e-02 -9.478651250280000218e-01
-2.335135600300000114e-01 -9.237613410049999585e-01
-2.109633399720000080e-01 -5.953916795750000546e-01
-9.243441272699999545e-02 -5.775438887660000464e-01
2.676223844999999768e-01 -8.726141476730000512e-01
1.471072754499999982e-02 -8.575234196359999839e-01
-1.569250817500000145e-02 -6.218730176290000466e-01
8.318359519100000654e-02 -5.931216345800000012e-01
-3.424253481230000173e-01 -1.497979130590000041e-01
-6.283468704650000403e-01 -4.018707456039999903e-01
-7.575263351219999608e-01 -6.226101285930000229e-01
-6.919518080890000311e-01 -8.036970424639999777e-01
-3.706648736579999937e-01 -9.530218678709999613e-01
-6.052702000870000543e-01 -1.000000000000000000e+00
-5.572998044069999990e-01 -7.188602394880000412e-01
-4.538364882529999922e-01 -6.212651897659999811e-01
-1.524181422039999900e-01 -9.621391431479999756e-01
-4.206789399850000000e-01 -9.608809158040000353e-01
-3.561638961190000119e-01 -5.966965110830000363e-01
-2.350451989679999965e-01 -5.765479320499999893e-01
6.099776377899999991e-02 -9.174903802170000233e-01
-2.009493692980000024e-01 -9.069669580060000236e-01
-1.884702023700000062e-01 -5.874112778490000464e-01
-7.648584346999999506e-02 -5.628972492599999544e-01
2.823663515240000255e-01 -8.414327505990000233e-01
3.908501897000000308e-02 -8.352496389000000354e-01
2.220979843000000196e-03 -6.023885006000000431e-01
9.248168326200000011e-02 -5.672408387770000449e-01
-3.307688079139999848e-01 -1.476648597880000080e-01
-6.091211541080000513e-01 -4.092952096190000111e-01
-7.324597694559999983e-01 -6.359274953929999752e-01
-6.683040910509999710e-01 -8.275106297550000045e-01
-3.622412470329999801e-01 -9.323741458550000027e-01
-5.743478146560000441e-01 -1.000000000000000000e+00
-5.322609171579999465e-01 -7.222986441240000222e-01
-4.368302179010000175e-01 -6.270261065340000384e-01
-1.470981187900000098e-01 -9.432521671789999562e-01
-3.927270728319999793e-01 -9.765767170729999780e-01
-3.459571081330000131e-01 -6.099959130119999573e-01
-2.326242050089999958e-01 -5.902925064709999559e-01
6.528856288600000390e-02 -9.032321265960000511e-01
-1.761422654339999949e-01 -9.264702402719999785e-01
-1.772517274100000040e-01 -6.029946152139999960e-01
-6.660428631900000562e-02 -5.762171338020000144e-01
2.876431939690000106e-01 -8.345029648589999960e-01
6.102016964600000259e-02 -8.439367377230000411e-01
1.825473648499999907e-02 -6.126323789859999813e-01
1.102708884540000017e-01 -5.817281148949999814e-01
-3.293086138260000184e-01 -1.520782902270000070e-01
-6.012981480200000339e-01 -4.208589443219999948e-01
-7.122925481580000273e-01 -6.509150682490000284e-01
-6.342600015930000001e-01 -8.254866996109999633e-01
-3.473551521770000261e-01 -9.209571186160000478e-01
-5.497353324000000541e-01 -1.000000000000000000e+00
-5.182950847759999480e-01 -7.309373981579999624e-01
-4.325410822279999734e-01 -6.357202467689999636e-01
-1.381743393659999875e-01 -9.313020858749999631e-01
-3.729546544189999979e-01 -9.758464764080000409e-01
-3.335957491750000115e-01 -6.222891209559999748e-01
-2.257069218330000071e-01 -5.907100909139999523e-01
6.748920104800000541e-02 -8.918678769029999565e-01
-1.646308921599999864e-01 -9.236648759379999518e-01
-1.666415016899999990e-01 -6.087104469009999574e-01
-5.932498267900000039e-02 -5.721553700629999906e-01
2.818796198729999758e-01 -8.226389832510000444e-01
6.335490873400000111e-02 -8.439925318700000068e-01
1.917609426699999967e-02 -6.217308732430000262e-01
1.047259531150000061e-01 -5.848258105639999593e-01
