-3.363196920009999813e-01 -1.185327249389999948e-01
-6.787846380530000445e-01 -3.912968772279999952e-01
-8.184497837349999916e-01 -6.586945672320000389e-01
-6.791164028709999467e-01 -8.286143590469999820e-01
-4.721051380769999972e-01 -8.672597319260000326e-01
-6.559033224010000218e-01 -9.666515756450000385e-01
-5.767519844099999737e-01 -6.640743975470000393e-01
-4.817591140260000238e-01 -5.965893697420000530e-01
-2.367479442940000067e-01 -8.889125552550000142e-01
-4.339866438519999758e-01 -1.000000000000000000e+00
-3.529231427349999728e-01 -6.233541280479999447e-01
-2.609239982889999809e-01 -6.291271567089999905e-01
-3.978325966000000047e-03 -8.723750534719999505e-01
-1.814865250250000117e-01 -9.882163482100000396e-01
-1.601915490280000076e-01 -6.463818979040000245e-01
-6.265934692699999531e-02 -6.025229930130000522e-01
2.509016588240000067e-01 -8.336658705260000524e-01
1.102702124630000058e-01 -9.503079994299999944e-01
5.912483958399999961e-02 -7.223575859120000553e-01
1.092399828889999980e-01 -6.747903892769999690e-01
-3.432703576119999767e-01 -1.166317330949999953e-01
-6.835642593980000292e-01 -3.823986972589999978e-01
-8.289712972960000537e-01 -6.481290334339999681e-01
-7.041211965929999872e-01 -8.295345940630000081e-01
-4.878921867379999999e-01 -8.659962375020000547e-01
-6.666715503979999680e-01 -9.618105875610000188e-01
-5.808365105880000101e-01 -6.627829087729999458e-01
-4.835027839359999913e-01 -6.047748959990000284e-01
-2.513461381209999845e-01 -8.888270878439999967e-01
-4.509113787910000171e-01 -1.000000000000000000e+00
-3.612915659920000189e-01 -6.270381018630000192e-01
-2.633255747509999911e-01 -6.404280436029999857e-01
-1.936983303400000023e-02 -8.751878971119999573e-01
-1.958597985440000133e-01 -9.934196479319999940e-01
-1.685056596789999972e-01 -6.515561624090000503e-01
-6.500389894499999932e-02 -6.157254137309999820e-01
2.352255351989999965e-01 -8.402165661060000401e-01
9.548291143499999800e-02 -9.581695868699999785e-01
4.865650028599999982e-02 -7.305621967359999802e-01
1.052170226159999944e-01 -6.883288757369999677e-01
-3.529159504580000051e-01 -1.020688956960000005e-01
-7.106454111990000433e-01 -3.698022221089999895e-01
-8.577097851680000051e-01 -6.404187205710000219e-01
-7.362324285860000206e-01 -8.433502104679999611e-01
-5.189422167999999669e-01 -8.782344541340000310e-01
-7.097760310580000231e-01 -9.682195019170000139e-01
-6.166276018199999820e-01 -6.582011140879999722e-01
-5.183498784800000259e-01 -5.940653840630000238e-01
-2.716089270820000179e-01 -9.058081562140000154e-01
-4.796661170909999883e-01 -1.000000000000000000e+00
-3.835725651599999897e-01 -6.126321202579999570e-01
-2.843172764820000031e-01 -6.271011593730000389e-01
-2.834671455100000112e-02 -8.917687512180000331e-01
-2.184775686890000068e-01 -9.908091923790000033e-01
-1.855890251479999919e-01 -6.388630101290000418e-01
-7.865867899299999744e-02 -6.099602017359999628e-01
2.340319928479999978e-01 -8.583278296549999853e-01
7.789078338900000398e-02 -9.553006908869999814e-01
3.606843298500000267e-02 -7.172080982470000476e-01
9.811605469499999621e-02 -6.826036375809999557e-01
-3.453819652510000116e-01 -1.014620714129999962e-01
-7.003365516039999905e-01 -3.662657255049999727e-01
-8.499312956779999650e-01 -6.386692181099999921e-01
-7.307144223560000373e-01 -8.484266800880000403e-01
-5.083219429590000171e-01 -8.645188796580000057e-01
-7.020882855059999983e-01 -9.600986300770000259e-01
-6.077280745109999716e-01 -6.512925283370000207e-01
-5.046029179869999659e-01 -5.866219379510000387e-01
-2.679571130549999736e-01 -8.950297537689999583e-01
-4.771129822499999840e-01 -1.000000000000000000e+00
-3.813314939770000023e-01 -6.139579301440000192e-01
-2.811220317890000264e-01 -6.254459444540000357e-01
-3.047201106000000173e-02 -8.837738315290000202e-01
-2.226618655110000067e-01 -9.926297190089999889e-01
-1.884375182920000058e-01 -6.411423926479999924e-01
-7.974504873300000685e-02 -6.099848470309999771e-01
2.287786924269999966e-01 -8.534378411449999868e-01
6.932250961199999673e-02 -9.518756551350000539e-01
3.090264262700000153e-02 -7.122882069349999457e-01
9.600501116100000620e-02 -6.750758101049999516e-01
-3.570179158469999892e-01 -1.078256331080000019e-01
-7.137243673149999967e-01 -3.700550197349999904e-01
-8.697924255440000474e-01 -6.389623451889999695e-01
-7.522016955360000257e-01 -8.362350988219999781e-01
-5.122293866279999941e-01 -8.750557265110000538e-01
-7.026298080349999697e-01 -9.526308349730000513e-01
-6.085388116269999648e-01 -6.472006263120000380e-01
-5.097028765150000140e-01 -5.929440270239999533e-01
-2.711946193259999749e-01 -9.044146269859999476e-01
-4.818559314149999939e-01 -1.000000000000000000e+00
-3.811995365490000176e-01 -6.146809906450000360e-01
-2.781057939859999939e-01 -6.343400350129999588e-01
-3.185587100699999868e-02 -8.938988985179999736e-01
-2.277674479859999879e-01 -9.972430328269999977e-01
-1.893123499609999927e-01 -6.423505170329999459e-01
-7.605554166200000077e-02 -6.146398527009999668e-01
2.291243356609999893e-01 -8.612051061790000350e-01
7.217649325899999635e-02 -9.610090213519999480e-01
2.930954702400000167e-02 -7.217661407530000517e-01
9.409957436400000208e-02 -6.860652915360000437e-01
-3.570201124990000086e-01 -9.908822777400000392e-02
-7.229034943750000108e-01 -3.661091425579999781e-01
-8.775223928590000222e-01 -6.418349409189999522e-01
-7.484708612470000189e-01 -8.394346284839999672e-01
-5.081747480280000007e-01 -8.817130374599999598e-01
-7.029500512709999649e-01 -9.610994118829999655e-01
-6.107668352070000362e-01 -6.479829294219999758e-01
-5.159955951689999543e-01 -5.830120995180000376e-01
-2.728195407630000235e-01 -9.115086960199999533e-01
-4.848549974949999952e-01 -1.000000000000000000e+00
-3.861630997270000254e-01 -6.089485662219999984e-01
-2.857423600319999868e-01 -6.229134422209999800e-01
-3.480174636200000088e-02 -8.985370817400000210e-01
-2.340759373409999899e-01 -9.931239241570000154e-01
-1.919199727720000137e-01 -6.345933593829999886e-01
-8.153408587299999788e-02 -6.051664960670000148e-01
2.232852346120000053e-01 -8.633889578169999801e-01
6.198221169100000261e-02 -9.541368939440000307e-01
2.790757798699999848e-02 -7.118961686050000459e-01
9.611337694200000614e-02 -6.762246405299999763e-01
-3.591474784049999980e-01 -9.321992418400000535e-02
-7.262804979460000254e-01 -3.606360160980000007e-01
-8.818257772280000406e-01 -6.402092195709999656e-01
-7.476914302939999812e-01 -8.353383024720000272e-01
-5.258656481950000350e-01 -8.647836613099999514e-01
-7.098715782379999562e-01 -9.534342356239999816e-01
-6.197072625739999951e-01 -6.500622055460000270e-01
-5.265387197569999511e-01 -5.892550967999999889e-01
-2.825471131830000204e-01 -8.937627525019999908e-01
-4.758903282979999871e-01 -9.972124390640000335e-01
-3.806706705169999871e-01 -6.133580109999999808e-01
-2.898425368079999842e-01 -6.281461651359999676e-01
-4.063316455399999805e-02 -8.826693083019999664e-01
-2.199524320550000078e-01 -1.000000000000000000e+00
-1.852904642269999902e-01 -6.466341429919999495e-01
-8.425959814899999789e-02 -6.115126650200000125e-01
2.181893936679999979e-01 -8.481591103179999536e-01
7.978113972599999715e-02 -9.647364318490000423e-01
3.471968054900000100e-02 -7.279913635470000033e-01
8.972672174500000153e-02 -6.854877711129999662e-01
-3.595351109759999941e-01 -1.045696862019999951e-01
-7.185767184450000400e-01 -3.660006246929999874e-01
-8.751910372790000503e-01 -6.364932396739999554e-01
-7.532406760509999799e-01 -8.459496826300000327e-01
-5.098341839119999719e-01 -8.785051059259999517e-01
-6.993063392730000105e-01 -9.523233094819999467e-01
-6.038130474499999734e-01 -6.433550461550000543e-01
-5.060763376269999947e-01 -5.844262576569999590e-01
-2.705004887490000121e-01 -9.038113333920000381e-01
-4.809473910609999847e-01 -1.000000000000000000e+00
-3.795335107839999944e-01 -6.141487600539999869e-01
-2.812831890649999944e-01 -6.293912227240000545e-01
-3.493796470700000212e-02 -8.895377075020000079e-01
-2.288390535950000082e-01 -9.987240862959999577e-01
-1.860132699629999942e-01 -6.401056635340000023e-01
-7.751639091199999387e-02 -6.079574351409999800e-01
2.214352896560000117e-01 -8.530811353560000532e-01
6.301581882199999707e-02 -9.632121845219999701e-01
2.917582067800000151e-02 -7.175855322799999936e-01
9.678689121899999859e-02 -6.737582054499999806e-01
-3.693594904240000143e-01 -9.939458229299999448e-02
-7.359127189009999626e-01 -3.622656641199999972e-01
-8.905930468449999582e-01 -6.382070722470000179e-01
-7.671528682949999567e-01 -8.447958307249999743e-01
-5.109482961750000385e-01 -8.981970576519999749e-01
-7.005802174599999876e-01 -9.567425831839999617e-01
-6.078959579560000437e-01 -6.418159972870000063e-01
-5.093762160220000057e-01 -5.801950899559999986e-01
-2.685716026580000082e-01 -9.240281142809999571e-01
-4.802158594590000273e-01 -1.000000000000000000e+00
-3.802320560860000254e-01 -6.110213941940000337e-01
-2.783377798359999988e-01 -6.247776516940000135e-01
-2.857997225499999891e-02 -9.080147723629999890e-01
-2.235001141059999863e-01 -9.991446252560000074e-01
-1.837168461179999879e-01 -6.363027789299999792e-01
-7.618779955799999393e-02 -5.990733996439999709e-01
2.301379506510000117e-01 -8.660066772619999798e-01
7.398392115499999311e-02 -9.678109173179999525e-01
2.918062552099999832e-02 -7.228050062599999936e-01
8.854049351600000450e-02 -6.767975614960000108e-01
-3.645563135889999806e-01 -9.457473669299999719e-02
-7.414277432900000520e-01 -3.651464561680000109e-01
-8.961323719229999929e-01 -6.397808140740000038e-01
-7.672501278029999483e-01 -8.358380707600000514e-01
-5.153670395730000076e-01 -9.115666894799999698e-01
-7.013964462020000346e-01 -9.629676878399999751e-01
-6.191891151699999707e-01 -6.417926637759999720e-01
-5.328352104729999761e-01 -5.700914529389999874e-01
-2.745646385059999917e-01 -9.414835435330000113e-01
-4.809956226970000248e-01 -1.000000000000000000e+00
-3.898142676429999787e-01 -6.061067148130000470e-01
-2.938143625799999881e-01 -6.077825763430000361e-01
-2.939290781899999913e-02 -9.237514525650000197e-01
-2.228014453920000026e-01 -9.957235677719999956e-01
-1.881798298189999996e-01 -6.327031824500000123e-01
-8.807142480599999823e-02 -5.864558569579999547e-01
2.356336470519999893e-01 -8.759784589310000147e-01
7.936886142500000629e-02 -9.651202743090000480e-01
2.928115899399999847e-02 -7.219054460310000421e-01
7.845855351699999869e-02 -6.731463679069999984e-01
-3.687522647720000157e-01 -1.057094312020000065e-01
-7.457373872600000508e-01 -3.685234363229999976e-01
-9.074715468339999980e-01 -6.280361285729999521e-01
-7.875212384899999973e-01 -8.329784505809999517e-01
-5.297831772850000176e-01 -9.332453529540000181e-01
-7.280586203109999932e-01 -9.715173765900000369e-01
-6.393975914160000551e-01 -6.517170793869999645e-01
-5.526717335470000547e-01 -5.865965133030000001e-01
-2.789894324839999884e-01 -9.688720054960000549e-01
-5.093703883939999510e-01 -1.000000000000000000e+00
-4.106878405619999728e-01 -6.049889568230000236e-01
-3.101806248610000094e-01 -6.181860136900000358e-01
-2.797492968899999849e-02 -9.509442339610000294e-01
-2.475024889590000110e-01 -9.859050739389999540e-01
-2.080183450139999890e-01 -6.265380037429999494e-01
-1.032452107899999999e-01 -5.968680921950000329e-01
2.403416360320000111e-01 -9.045820755060000051e-01
5.691980394800000287e-02 -9.518326048509999637e-01
1.645627920799999991e-02 -7.086352071629999916e-01
7.834649034799999467e-02 -6.754606072690000351e-01
-3.690097361199999870e-01 -1.135689872759999969e-01
-7.318695554390000080e-01 -3.657817293789999979e-01
-9.080477100889999820e-01 -6.072393583380000237e-01
-8.167690415239999835e-01 -8.264577256120000381e-01
-5.257020264180000124e-01 -9.540507029389999616e-01
-7.281610480929999740e-01 -9.674789458810000298e-01
-6.487052717910000155e-01 -6.541347445199999777e-01
-5.527013737839999719e-01 -5.904004816050000271e-01
-2.794100581719999865e-01 -9.910761280490000269e-01
-5.145480302699999564e-01 -1.000000000000000000e+00
-4.217315143040000214e-01 -6.111748607979999859e-01
-3.198226750259999807e-01 -6.288909733080000342e-01
-3.091331014300000013e-02 -9.731552965069999450e-01
-2.588203311280000141e-01 -9.902449172330000104e-01
-2.250286812220000099e-01 -6.309895274800000342e-01
-1.229664254040000043e-01 -6.056901581139999546e-01
2.357668571790000056e-01 -9.227437873199999530e-01
3.567143209100000212e-02 -9.508834491469999595e-01
-9.881743461999999145e-03 -6.981673780589999767e-01
5.121657782300000072e-02 -6.588353659490000513e-01
-3.753303953950000160e-01 -1.276682386349999865e-01
-7.426101542790000121e-01 -3.741355399749999866e-01
-9.235699624050000001e-01 -6.071082524659999757e-01
-8.300577042390000493e-01 -8.145860156119999473e-01
-5.350529343819999673e-01 -9.620182014820000127e-01
-7.488144022720000237e-01 -9.755201474360000180e-01
-6.620177110079999983e-01 -6.613779492800000437e-01
-5.609207664140000160e-01 -5.891896514940000440e-01
-2.904666612710000151e-01 -1.000000000000000000e+00
-5.300071854410000061e-01 -9.955410416190000333e-01
-4.340096966659999778e-01 -6.071439344329999654e-01
-3.268198416259999739e-01 -6.094516748449999577e-01
-4.258783772199999790e-02 -9.794030443710000089e-01
-2.751418082300000068e-01 -9.808306909059999468e-01
-2.393943629849999977e-01 -6.327852902010000502e-01
-1.339505945770000095e-01 -6.028900553989999800e-01
2.205342976050000126e-01 -9.246470428109999640e-01
2.029482378499999906e-02 -9.434718553890000248e-01
-1.993579698299999953e-02 -7.000899406280000070e-01
4.490189298399999834e-02 -6.632696453140000115e-01
-3.709001562179999878e-01 -1.204633974769999949e-01
-7.352603019990000544e-01 -3.580272125369999836e-01
-9.240596603949999821e-01 -5.822532714210000293e-01
-8.543726136420000117e-01 -7.919732715160000547e-01
-5.340575007269999785e-01 -9.604470383180000459e-01
-7.466927166240000524e-01 -9.526090356409999682e-01
-6.563395973419999807e-01 -6.343143409879999917e-01
-5.659202328419999928e-01 -5.715319578069999462e-01
-2.912363847960000030e-01 -1.000000000000000000e+00
-5.348000803950000437e-01 -9.751927489249999637e-01
-4.334609710640000002e-01 -5.806149809049999666e-01
-3.286868523400000019e-01 -6.004437942510000292e-01
-4.557208255999999763e-02 -9.800908156180000441e-01
-2.829523228659999723e-01 -9.645328095580000261e-01
-2.408824691099999971e-01 -6.104156479490000509e-01
-1.335700869229999865e-01 -6.019196987399999532e-01
2.141922220689999878e-01 -9.263207655559999587e-01
6.950633369000000158e-03 -9.295211767629999455e-01
-2.821680963900000116e-02 -6.793433101800000484e-01
4.245490408500000173e-02 -6.566757552909999740e-01
-3.710173218450000254e-01 -1.202261569220000048e-01
-7.349987778659999860e-01 -3.553913670530000068e-01
-9.257472205990000536e-01 -5.780863309039999676e-01
-8.564295248569999686e-01 -7.905678198650000210e-01
-5.372782017060000470e-01 -9.553488310479999468e-01
-7.520855054859999500e-01 -9.339667904080000138e-01
-6.474042056700000103e-01 -6.186477059199999573e-01
-5.564485252280000349e-01 -5.693567825590000187e-01
-2.955610265160000250e-01 -1.000000000000000000e+00
-5.516502155920000039e-01 -9.612394232859999832e-01
-4.360616051210000066e-01 -5.730443104869999971e-01
-3.272720719380000087e-01 -6.068853189199999720e-01
-5.337218383999999677e-02 -9.837627393190000458e-01
-3.037151930399999977e-01 -9.524620756420000278e-01
-2.495741625519999896e-01 -5.995577043159999731e-01
-1.389266031920000088e-01 -6.047962926359999880e-01
1.979463845830000124e-01 -9.345423512530000032e-01
-2.010602015800000072e-02 -9.123210480179999582e-01
-4.435989757000000089e-02 -6.624583591129999949e-01
3.439783147500000138e-02 -6.527896530090000482e-01
-3.687449099149999743e-01 -1.241960395029999970e-01
-7.310464768550000159e-01 -3.611270263360000232e-01
-9.210874543899999489e-01 -5.819121338760000484e-01
-8.428774670549999959e-01 -7.860362947610000095e-01
-5.160192578259999996e-01 -9.615197984900000217e-01
-7.314228790640000533e-01 -9.349901895740000413e-01
-6.348951243429999947e-01 -6.178235678560000110e-01
-5.441298743860000231e-01 -5.598505257110000244e-01
-2.763421919829999740e-01 -1.000000000000000000e+00
-5.239634750189999801e-01 -9.564442277569999984e-01
-4.202144794239999759e-01 -5.699027728240000368e-01
-3.155997587470000254e-01 -5.936448748129999897e-01
-3.755996912799999810e-02 -9.774352202029999992e-01
-2.804497106819999752e-01 -9.457206708550000007e-01
-2.371568281579999882e-01 -5.985104060120000069e-01
-1.304586383980000097e-01 -5.964149820149999837e-01
2.062215379120000136e-01 -9.197893994129999751e-01
1.486670359999999966e-04 -9.058701522459999822e-01
-3.448601775300000338e-02 -6.589639742249999710e-01
3.670181943700000227e-02 -6.408608034449999602e-01
-3.717443728870000186e-01 -1.258020363129999930e-01
-7.347809062110000067e-01 -3.604813588729999796e-01
-9.224332084570000534e-01 -5.815676290519999903e-01
-8.377644660630000351e-01 -7.812424207699999457e-01
-5.198420872190000486e-01 -9.603127792229999571e-01
-7.294908233760000194e-01 -9.241751864530000082e-01
-6.378635423430000229e-01 -6.086227998700000086e-01
-5.502410239070000264e-01 -5.489397689799999647e-01
-2.841045137589999769e-01 -1.000000000000000000e+00
-5.273285796400000169e-01 -9.492159077890000018e-01
-4.254475597549999821e-01 -5.629530402329999683e-01
-3.197019088120000019e-01 -5.802479203470000124e-01
-4.314903223699999985e-02 -9.765536850260000401e-01
-2.852593101359999772e-01 -9.387810875850000070e-01
-2.413735328080000020e-01 -5.922913826839999452e-01
-1.350207232990000006e-01 -5.839031742610000242e-01
2.034224902690000003e-01 -9.145124371430000121e-01
-9.206970300000000404e-04 -8.921768638139999652e-01
-3.839955720299999958e-02 -6.492204069950000545e-01
2.873774522700000070e-02 -6.304007176229999843e-01
-3.723380280270000009e-01 -1.291370140529999877e-01
-7.329512112789999811e-01 -3.669306018829999738e-01
-9.203587125650000145e-01 -5.874978461149999998e-01
-8.327133593200000128e-01 -7.844849845100000385e-01
-5.068619592109999683e-01 -9.629531856370000531e-01
-7.287084750190000459e-01 -9.414078543210000483e-01
-6.395418321629999792e-01 -6.245344936179999529e-01
-5.503796300050000090e-01 -5.632265690229999455e-01
-2.692430193540000238e-01 -1.000000000000000000e+00
-5.246390077800000551e-01 -9.635220039790000079e-01
-4.251568574280000234e-01 -5.753424873650000437e-01
-3.180715311119999833e-01 -5.923441082779999922e-01
-3.056368758400000024e-02 -9.755004944070000406e-01
-2.836858049639999768e-01 -9.511005539360000149e-01
-2.437162517919999882e-01 -6.039457236869999468e-01
-1.347134788680000028e-01 -5.969528515330000396e-01
2.115917757570000002e-01 -9.141305169019999788e-01
-2.360815234999999977e-03 -8.984807379179999831e-01
-3.834706239400000050e-02 -6.525485778749999799e-01
3.533907387000000122e-02 -6.327554524609999564e-01
-3.662386266670000223e-01 -1.319494394000000070e-01
-7.270375807450000227e-01 -3.719883668330000170e-01
-9.112286983809999574e-01 -5.918529700800000404e-01
-8.246385578020000162e-01 -7.870348769699999636e-01
-5.035234006559999864e-01 -9.630132190350000343e-01
-7.235092693860000201e-01 -9.334160642390000318e-01
-6.290858061609999607e-01 -6.195744673480000353e-01
-5.403049142269999994e-01 -5.639470614639999768e-01
-2.651093382510000263e-01 -1.000000000000000000e+00
-5.185919800710000471e-01 -9.481268555959999622e-01
-4.172759693870000119e-01 -5.689322340289999502e-01
-3.137990182059999800e-01 -5.888195420570000449e-01
-2.831523017000000045e-02 -9.753018782569999878e-01
-2.757069823839999878e-01 -9.348715966659999488e-01
-2.327964490420000032e-01 -5.941804700759999447e-01
-1.296323963129999979e-01 -5.879993968500000223e-01
2.109575697909999992e-01 -9.149439053260000065e-01
2.869699400999999993e-03 -8.921117352520000487e-01
-2.944226544000000043e-02 -6.494090690870000238e-01
3.926089872800000297e-02 -6.290401077349999648e-01
-3.705873664059999850e-01 -1.367254986650000004e-01
-7.344915094199999661e-01 -3.813454979920000154e-01
-9.221006566599999621e-01 -6.060786715539999703e-01
-8.328883304540000143e-01 -7.999162814960000256e-01
-5.087810941089999650e-01 -9.641619595460000358e-01
-7.351307336190000541e-01 -9.526303316209999705e-01
-6.419722789380000183e-01 -6.404807363300000222e-01
-5.495626631369999737e-01 -5.862365447399999763e-01
-2.730438570909999862e-01 -1.000000000000000000e+00
-5.347733289949999635e-01 -9.729455661450000514e-01
-4.332486332050000111e-01 -5.916512528330000187e-01
-3.263687110619999943e-01 -6.095457324599999893e-01
-3.645307463300000161e-02 -9.780847183580000381e-01
-2.913677387870000079e-01 -9.603951527409999578e-01
-2.483807878419999893e-01 -6.141851328840000068e-01
-1.421232620579999939e-01 -6.023120400389999629e-01
2.055076585370000097e-01 -9.229674072789999517e-01
-1.165935590500000001e-02 -9.149305360789999897e-01
-4.490462354299999681e-02 -6.683394007049999752e-01
2.592585840699999922e-02 -6.425528394180000102e-01
-3.747440541859999863e-01 -1.294410889450000046e-01
-7.392230288829999552e-01 -3.678698514420000176e-01
-9.356751906779999794e-01 -5.964875709300000439e-01
-8.679116737230000433e-01 -8.194894445439999675e-01
-5.266249681279999706e-01 -9.615098783279999450e-01
-7.530642405699999875e-01 -9.634074081479999663e-01
-6.542315878750000202e-01 -6.483698055750000133e-01
-5.599964114940000348e-01 -5.934651228949999746e-01
-2.883569507259999831e-01 -1.000000000000000000e+00
-5.592675258849999498e-01 -9.846038085520000260e-01
-4.475429023429999820e-01 -5.960024800669999623e-01
-3.358827672099999884e-01 -6.207087395239999639e-01
-4.991617101600000217e-02 -9.833216552200000349e-01
-3.119454309069999987e-01 -9.751479277269999857e-01
-2.625715812430000073e-01 -6.233264097530000214e-01
-1.507125076939999919e-01 -6.185424286739999999e-01
1.958883046459999888e-01 -9.358168391140000431e-01
-2.665346438999999928e-02 -9.297426733970000079e-01
-5.748558737599999968e-02 -6.794486383719999800e-01
1.810125418100000036e-02 -6.582818645619999964e-01
-3.610334258119999862e-01 -1.206388690290000065e-01
-7.263202229090000017e-01 -3.676750617149999734e-01
-9.211268340279999967e-01 -5.995685115990000424e-01
-8.530004691389999616e-01 -8.215560741570000491e-01
-5.382308495919999602e-01 -9.337051076250000303e-01
-7.572526113680000392e-01 -9.751553331260000013e-01
-6.693625548770000266e-01 -6.621908063650000509e-01
-5.692299068170000309e-01 -5.901331426799999447e-01
-3.015267566870000193e-01 -9.732230780649999691e-01
-5.476956558879999548e-01 -1.000000000000000000e+00
-4.481695017380000201e-01 -6.075813537299999956e-01
-3.400517102610000064e-01 -6.121037982310000292e-01
-6.025609319200000286e-02 -9.634540655509999940e-01
-3.013600847749999811e-01 -9.907986312519999617e-01
-2.586983103480000046e-01 -6.324344741070000442e-01
-1.492401889149999883e-01 -6.103943919100000004e-01
1.962313562030000014e-01 -9.281876677770000139e-01
-2.069729412899999968e-02 -9.535557324200000240e-01
-5.064523913400000021e-02 -6.948837418440000357e-01
2.494083297000000005e-02 -6.596380281749999464e-01
-3.653399033599999957e-01 -1.216563094140000051e-01
-7.329624679370000395e-01 -3.588200431160000203e-01
-9.292330525299999922e-01 -5.851734424490000475e-01
-8.596401687660000235e-01 -8.104563414530000509e-01
-5.223375967429999545e-01 -9.353499360239999616e-01
-7.565068919630000277e-01 -9.774726792919999907e-01
-6.680319477480000101e-01 -6.554000194939999524e-01
-5.630183159670000270e-01 -5.736354823860000396e-01
-2.800019725199999754e-01 -9.670838521410000110e-01
-5.406032752730000057e-01 -1.000000000000000000e+00
-4.400930351460000112e-01 -6.010590528870000115e-01
-3.267577597710000226e-01 -6.014741597789999838e-01
-3.734084597600000055e-02 -9.504250822580000424e-01
-2.933224539970000211e-01 -9.855546458959999478e-01
-2.498221775950000001e-01 -6.226561318509999943e-01
-1.322534214770000049e-01 -6.001129017599999838e-01
2.240433691000000005e-01 -9.076114694579999753e-01
-7.047673838000000079e-03 -9.468465682640000436e-01
-3.610466862399999699e-02 -6.860861107250000313e-01
4.784128263000000242e-02 -6.495316515350000319e-01
-3.766864702909999973e-01 -1.261432827479999907e-01
-7.523180668729999576e-01 -3.730833041250000148e-01
-9.436137414559999659e-01 -6.036828006819999759e-01
-8.487202474920000350e-01 -8.154236536960000059e-01
-5.227077859819999617e-01 -9.669798579470000321e-01
-7.509402135239999776e-01 -9.673205797410000528e-01
-6.581301554840000012e-01 -6.412414946279999528e-01
-5.640158680040000538e-01 -5.744082448159999466e-01
-2.772060861139999943e-01 -1.000000000000000000e+00
-5.382967434580000488e-01 -9.929994525280000373e-01
-4.337708283239999907e-01 -5.913567100109999863e-01
-3.219909063609999733e-01 -6.071832554610000487e-01
-3.393338025999999980e-02 -9.781429322500000412e-01
-2.888541126559999728e-01 -9.777308797499999482e-01
-2.423411823659999964e-01 -6.123020482409999854e-01
-1.259425067280000032e-01 -6.037745891789999542e-01
2.218010773709999939e-01 -9.245978324160000206e-01
-3.865375907000000166e-03 -9.348602207849999735e-01
-3.392662134300000049e-02 -6.749472442449999665e-01
4.890124161300000299e-02 -6.508925028169999516e-01
-3.689982249830000005e-01 -1.319092176059999955e-01
-7.342051253610000217e-01 -3.712663981029999949e-01
-9.270653058209999964e-01 -5.914007030729999670e-01
-8.395304064049999848e-01 -7.932854448639999889e-01
-4.994933806669999976e-01 -9.647591593630000517e-01
-7.365477775309999808e-01 -9.389990570220000388e-01
-6.411875508469999652e-01 -6.213119869090000247e-01
-5.535860883069999572e-01 -5.696125471490000036e-01
-2.636348088159999881e-01 -1.000000000000000000e+00
-5.490359903110000328e-01 -9.602732554909999552e-01
-4.382592356330000105e-01 -5.738387855000000037e-01
-3.258962909550000009e-01 -6.051841233079999771e-01
-3.013506767300000097e-02 -9.760521827160000274e-01
-3.059282782339999840e-01 -9.420923355339999583e-01
-2.529676059459999848e-01 -5.892400016640000349e-01
-1.392636916649999945e-01 -5.922098610489999748e-01
2.088947285699999934e-01 -9.189143277119999897e-01
-2.435332076000000165e-02 -8.937877884399999528e-01
-5.026555912999999820e-02 -6.454674672729999729e-01
2.930603320800000133e-02 -6.348218743069999892e-01
-3.681251578240000155e-01 -1.396987219889999909e-01
-7.241192963289999618e-01 -3.758657254409999982e-01
-9.134221225769999508e-01 -5.918441177150000065e-01
-8.240916865320000451e-01 -7.731571134410000212e-01
-4.785760216489999830e-01 -9.640520784320000258e-01
-7.193446765919999653e-01 -9.230540567030000032e-01
-6.231119036619999774e-01 -6.217278769909999614e-01
-5.363026159470000165e-01 -5.833083789730000301e-01
-2.466097157069999934e-01 -1.000000000000000000e+00
-5.363102510270000289e-01 -9.347737922290000334e-01
-4.248533531309999778e-01 -5.692523089659999869e-01
-3.098652307329999855e-01 -6.098681837120000226e-01
-1.745536481699999989e-02 -9.715688708359999648e-01
-2.942948324319999975e-01 -9.168585261220000282e-01
-2.443930723330000054e-01 -5.868364596180000170e-01
-1.322332979539999898e-01 -5.990276051930000234e-01
2.080566037880000052e-01 -9.047647278170000140e-01
-1.679470583599999844e-02 -8.577170279910000250e-01
-4.853328428900000047e-02 -6.248411370030000356e-01
2.600373512599999867e-02 -6.215042140590000264e-01
-3.746585372210000098e-01 -1.465003980650000093e-01
-7.263711550270000039e-01 -3.811823333000000091e-01
-9.172336118930000115e-01 -5.953091394680000148e-01
-8.368315154990000337e-01 -7.721545447140000240e-01
-4.811584956880000097e-01 -9.668595822929999528e-01
-7.213639733400000198e-01 -9.223775265260000245e-01
-6.228122658879999829e-01 -6.235087615359999891e-01
-5.352172689859999721e-01 -5.881541738440000389e-01
-2.485542764249999981e-01 -1.000000000000000000e+00
-5.322889190020000383e-01 -9.283146149780000522e-01
-4.249905427769999910e-01 -5.661734741099999635e-01
-3.161785646370000036e-01 -6.105999664279999628e-01
-2.038821557299999934e-02 -9.685095824360000494e-01
-2.926169843520000091e-01 -9.135976647279999696e-01
-2.468902738469999913e-01 -5.900960494550000490e-01
-1.399406754180000101e-01 -6.041792081910000167e-01
2.003317852000000010e-01 -8.996057170769999889e-01
-1.699705999099999920e-02 -8.513989018850000035e-01
-5.220866663700000215e-02 -6.248536647860000182e-01
1.742996397399999842e-02 -6.228774804179999514e-01
-3.819911309149999767e-01 -1.483403750689999967e-01
-7.365088816279999895e-01 -3.846729169820000127e-01
-9.283521567779999817e-01 -6.038198208930000144e-01
-8.360100196899999947e-01 -7.792249377490000350e-01
-4.788146178100000094e-01 -9.677343806210000343e-01
-7.284896008640000531e-01 -9.224777314940000306e-01
-6.239077178470000540e-01 -6.289120498439999540e-01
-5.378429107269999676e-01 -6.026521250490000092e-01
-2.531174253799999829e-01 -1.000000000000000000e+00
-5.553512914810000423e-01 -9.273885044809999645e-01
-4.376314519260000035e-01 -5.721492963640000262e-01
-3.247074351299999995e-01 -6.243489392740000365e-01
-3.112797047799999856e-02 -9.685762463210000339e-01
-3.185710225639999948e-01 -9.145299569389999661e-01
-2.650160144690000275e-01 -5.907687523929999740e-01
-1.542456742739999886e-01 -6.091019079260000524e-01
1.797164395639999912e-01 -9.003851246130000208e-01
-4.724570156400000054e-02 -8.462255389639999903e-01
-7.601203752200000330e-02 -6.213453477000000502e-01
1.034276390000000057e-04 -6.243003128470000496e-01
-3.810925619200000170e-01 -1.442086709210000095e-01
-7.360200772060000451e-01 -3.816039060179999831e-01
-9.318632052090000117e-01 -6.006003890729999517e-01
-8.535213467059999948e-01 -7.822689191499999639e-01
-5.033351441360000011e-01 -9.636404111349999857e-01
-7.458617621049999924e-01 -9.235116946289999573e-01
-6.386287959709999740e-01 -6.300714519479999609e-01
-5.487618152109999814e-01 -6.017078028979999660e-01
-2.757036242079999866e-01 -1.000000000000000000e+00
-5.672864927959999637e-01 -9.289738397160000050e-01
-4.457361134419999815e-01 -5.735694243469999787e-01
-3.308931244319999743e-01 -6.236020686340000285e-01
-5.015668704000000172e-02 -9.728495887479999826e-01
-3.281247559980000061e-01 -9.183553924539999969e-01
-2.718051376960000098e-01 -5.978873414919999574e-01
-1.601418517479999970e-01 -6.174644443079999601e-01
1.677656079289999991e-01 -9.098617310940000369e-01
-5.420269582599999969e-02 -8.553796621939999678e-01
-8.125819222100000294e-02 -6.310388192900000526e-01
-5.282449223999999798e-03 -6.342841431829999710e-01
-3.707534874789999990e-01 -1.403018895739999994e-01
-7.229116516250000402e-01 -3.801761412419999986e-01
-9.153202667219999533e-01 -5.959569881330000207e-01
-8.339755447459999971e-01 -7.821317065509999500e-01
-4.765084703179999770e-01 -9.677756012620000181e-01
-7.224172932960000182e-01 -9.324046330780000336e-01
-6.310404408340000160e-01 -6.350172988950000263e-01
-5.423330784680000516e-01 -5.926029026329999727e-01
-2.494480964989999883e-01 -1.000000000000000000e+00
-5.404124189410000056e-01 -9.324828933900000116e-01
-4.325929346810000187e-01 -5.700688135350000518e-01
-3.198359259940000143e-01 -6.110171332860000470e-01
-2.505429554599999942e-02 -9.704250073510000130e-01
-3.021150985350000151e-01 -9.164590524379999659e-01
-2.538535630070000160e-01 -5.899009863999999936e-01
-1.451481383550000115e-01 -6.038595966240000168e-01
1.948697476319999899e-01 -9.065060237719999581e-01
-2.987378434899999949e-02 -8.632066969280000057e-01
-5.610843614199999968e-02 -6.313683487360000068e-01
2.090801372700000146e-02 -6.278104498219999607e-01
-3.796802009749999929e-01 -1.391730451419999903e-01
-7.442724573040000458e-01 -3.856218955660000169e-01
-9.431219281360000428e-01 -6.099030594659999860e-01
-8.608659820749999803e-01 -7.934579006990000183e-01
-5.212525096750000309e-01 -9.638903808550000063e-01
-7.491336782859999710e-01 -9.431385971950000391e-01
-6.441579755730000301e-01 -6.404315022000000024e-01
-5.581629263399999763e-01 -6.074916212380000458e-01
-2.848825232430000076e-01 -1.000000000000000000e+00
-5.592379384140000464e-01 -9.565738018030000012e-01
-4.476064454529999903e-01 -5.864517416240000447e-01
-3.427939060879999777e-01 -6.324692673470000415e-01
-4.995256145100000073e-02 -9.755671419739999628e-01
-3.120247575919999905e-01 -9.476016950560000041e-01
-2.673230065950000234e-01 -6.126804205179999796e-01
-1.651135711910000081e-01 -6.253574958449999999e-01
1.787821995159999955e-01 -9.180384079009999976e-01
-3.359822345400000076e-02 -8.858211562440000408e-01
-6.986554441200000520e-02 -6.493532604249999673e-01
-1.884912151999999915e-03 -6.430185629029999683e-01
-3.698048048640000252e-01 -1.337306334199999946e-01
-7.279311422690000200e-01 -3.733716955479999822e-01
-9.222106449200000444e-01 -5.934003437999999520e-01
-8.446360574540000554e-01 -7.916567324500000113e-01
-5.071589490019999813e-01 -9.629831821359999822e-01
-7.395780716269999555e-01 -9.401216582250000453e-01
-6.439952283769999619e-01 -6.378469555360000154e-01
-5.533588392010000412e-01 -5.898085997199999930e-01
-2.767660351099999749e-01 -1.000000000000000000e+00
-5.563629576090000084e-01 -9.497253528450000370e-01
-4.444415496429999779e-01 -5.795210082320000344e-01
-3.332404901909999939e-01 -6.138814266809999864e-01
-4.559061065000000190e-02 -9.773493014399999845e-01
-3.154175778860000001e-01 -9.384907613070000432e-01
-2.639956180320000012e-01 -6.050677272150000174e-01
-1.551377480849999990e-01 -6.115745174200000189e-01
1.854028983859999924e-01 -9.213568308180000166e-01
-3.941782721999999989e-02 -8.849123266499999696e-01
-6.544361681700000544e-02 -6.450376426089999837e-01
1.069895802600000050e-02 -6.332956990089999572e-01
-3.739220766660000250e-01 -1.331965150249999896e-01
-7.365207870940000401e-01 -3.755393634229999833e-01
-9.331461517339999512e-01 -6.044546743649999998e-01
-8.640321475840000431e-01 -8.145373580329999808e-01
-5.158441792800000369e-01 -9.680616531600000352e-01
-7.547303603070000255e-01 -9.649735106190000522e-01
-6.604814176259999892e-01 -6.534399926399999670e-01
-5.616990710799999453e-01 -5.969037191289999766e-01
-2.802588578799999897e-01 -1.000000000000000000e+00
-5.615797089009999521e-01 -9.804911836230000288e-01
-4.491181263910000165e-01 -5.970558705230000207e-01
-3.290150054889999787e-01 -6.170165411569999980e-01
-4.237475301199999933e-02 -9.775636846470000529e-01
-3.137817022619999729e-01 -9.732378082060000324e-01
-2.636038237180000077e-01 -6.231928262389999640e-01
-1.458478444780000050e-01 -6.141113341289999861e-01
2.030329434310000070e-01 -9.230315634529999702e-01
-2.577232313099999880e-02 -9.260800758630000074e-01
-5.771680320500000017e-02 -6.762701324159999805e-01
2.107167067800000057e-02 -6.507973352279999846e-01
-3.695476524860000223e-01 -1.280990533930000119e-01
-7.361484070520000200e-01 -3.743812663159999943e-01
-9.356708434930000040e-01 -6.022545815369999556e-01
-8.677265734419999932e-01 -8.226653977269999807e-01
-5.317395241879999679e-01 -9.573472246549999953e-01
-7.592513878879999512e-01 -9.828842144110000456e-01
-6.721284678050000183e-01 -6.708491172949999637e-01
-5.723960891199999512e-01 -6.046995399079999611e-01
-2.922359184089999840e-01 -9.873991573589999682e-01
-5.526203051389999565e-01 -1.000000000000000000e+00
-4.519344267939999771e-01 -6.106745292099999833e-01
-3.407200837089999768e-01 -6.228364963479999794e-01
-5.003982488500000048e-02 -9.685802835229999630e-01
-3.029575242709999783e-01 -9.878825486590000482e-01
-2.609779306950000266e-01 -6.318563302899999901e-01
-1.492949750760000083e-01 -6.165601279179999672e-01
2.046570704010000075e-01 -9.229593096889999737e-01
-1.832806323700000156e-02 -9.488913771460000257e-01
-5.220793568300000076e-02 -6.909113819709999937e-01
2.416178668199999921e-02 -6.564780537119999648e-01
-3.662201041479999919e-01 -1.174974997510000035e-01
-7.343301244559999885e-01 -3.630811123580000022e-01
-9.274717402630000551e-01 -5.998269155180000478e-01
-8.507713042019999783e-01 -8.189222730920000526e-01
-5.445984131940000417e-01 -9.224205359539999760e-01
-7.595765561689999945e-01 -9.722694421559999745e-01
-6.677869988010000091e-01 -6.619772987099999950e-01
-5.666006047110000443e-01 -5.912027195800000356e-01
-3.051774664360000222e-01 -9.520750538619999759e-01
-5.453847794260000548e-01 -1.000000000000000000e+00
-4.425340699759999774e-01 -6.104656954320000217e-01
-3.386896141760000201e-01 -6.153982255690000347e-01
-6.309749898399999446e-02 -9.378846796319999513e-01
-2.967758145389999824e-01 -9.965552124390000266e-01
-2.544060183869999991e-01 -6.388759326259999538e-01
-1.478800057870000018e-01 -6.083166140600000382e-01
1.973184671759999897e-01 -9.000515333599999890e-01
-9.441429440999999853e-03 -9.598257359690000046e-01
-4.527503578500000070e-02 -7.040476523549999976e-01
2.288517530600000030e-02 -6.597057671689999792e-01
-3.709960176370000196e-01 -1.089545254740000024e-01
-7.364289839530000492e-01 -3.487925514960000251e-01
-9.321583321220000551e-01 -5.844413758190000197e-01
-8.725188429210000152e-01 -8.239256793610000296e-01
-5.416043408870000464e-01 -9.120625912380000422e-01
-7.605735287189999694e-01 -9.697004416169999752e-01
-6.787669458680000156e-01 -6.591508369040000037e-01
-5.750583035880000304e-01 -5.794674376180000142e-01
-3.067956604950000110e-01 -9.424223460949999742e-01
-5.527095899649999700e-01 -1.000000000000000000e+00
-4.534936778240000188e-01 -6.081178672410000319e-01
-3.414693140749999745e-01 -6.034852848720000384e-01
-6.868654023200000680e-02 -9.324953838759999503e-01
-3.132100705970000121e-01 -9.943107967559999816e-01
-2.672272395040000137e-01 -6.320922493680000143e-01
-1.477659136770000103e-01 -6.008473699320000527e-01
1.933149421889999997e-01 -8.995726414119999959e-01
-3.301628038800000220e-02 -9.677476025529999637e-01
-6.233590323200000061e-02 -7.062415740849999901e-01
2.187635620100000095e-02 -6.584157488520000490e-01
-3.730608551019999886e-01 -1.048554535759999989e-01
-7.454619417419999783e-01 -3.440323942629999743e-01
-9.449238311440000260e-01 -5.802409297499999674e-01
-8.870111493500000277e-01 -8.231831579909999475e-01
-5.600886276680000497e-01 -9.177720245639999774e-01
-7.765573085079999771e-01 -9.656632902980000210e-01
-6.862277572330000019e-01 -6.543273992260000282e-01
-5.837889360150000373e-01 -5.778911957029999602e-01
-3.236027928479999760e-01 -9.518000437139999548e-01
-5.684855021100000405e-01 -1.000000000000000000e+00
-4.607650930639999864e-01 -6.064011178470000152e-01
-3.499942684919999936e-01 -6.039935158400000503e-01
-8.157588584399999565e-02 -9.441437808710000379e-01
-3.265121628989999802e-01 -9.972719126979999738e-01
-2.720369116499999906e-01 -6.316851776559999632e-01
-1.524561508910000085e-01 -6.016301441210000212e-01
1.831269068939999911e-01 -9.128434804370000322e-01
-3.925167758700000287e-02 -9.698716179030000273e-01
-6.418625669100000430e-02 -7.077292059590000184e-01
1.969845018299999986e-02 -6.655744242779999542e-01
-3.703374153430000204e-01 -9.967191926500000576e-02
-7.451254866859999826e-01 -3.383397352999999996e-01
-9.374016232790000069e-01 -5.794170792970000372e-01
-8.728672346389999559e-01 -8.192178546389999871e-01
-5.612430943520000381e-01 -8.996857250090000147e-01
-7.723747434090000308e-01 -9.519674850670000188e-01
-6.832483644700000358e-01 -6.424819396440000219e-01
-5.794928319940000350e-01 -5.653885188030000064e-01
-3.243730477330000195e-01 -9.355179226690000238e-01
-5.610814721489999490e-01 -9.967861856690000133e-01
-4.519243035630000072e-01 -6.041106695079999644e-01
-3.407499418280000025e-01 -5.956636269349999679e-01
-7.967407093799999673e-02 -9.321754891419999911e-01
-3.194552912270000045e-01 -1.000000000000000000e+00
-2.640408363789999990e-01 -6.333116685559999626e-01
-1.448685197210000108e-01 -5.930000066620000343e-01
1.937892165170000125e-01 -9.053825375480000215e-01
-3.028281911600000029e-02 -9.794440615680000128e-01
-5.625415005099999866e-02 -7.146371236080000244e-01
2.451549734899999972e-02 -6.608570887129999738e-01
-3.728430036390000257e-01 -9.688584998200000520e-02
-7.506478865519999877e-01 -3.352610565890000172e-01
-9.407497485960000239e-01 -5.785326227599999482e-01
-8.701614672399999861e-01 -8.156778206789999652e-01
-5.695722058409999899e-01 -8.951651592239999733e-01
-7.748438079839999881e-01 -9.520373693600000520e-01
-6.831127870130000446e-01 -6.370020823159999734e-01
-5.874819056090000435e-01 -5.620546907890000554e-01
-3.303580899960000261e-01 -9.287598862270000089e-01
-5.636968435410000255e-01 -9.947129080440000326e-01
-4.558099221190000105e-01 -5.971433406099999619e-01
-3.510099517770000066e-01 -5.930824032410000335e-01
-8.721156797899999591e-02 -9.237031226659999650e-01
-3.170202100469999840e-01 -1.000000000000000000e+00
-2.616975930709999898e-01 -6.254458368559999704e-01
-1.461041833139999913e-01 -5.853013411170000513e-01
1.837503041989999863e-01 -8.971039553720000503e-01
-3.171888116600000279e-02 -9.811060975180000421e-01
-5.489854355399999969e-02 -7.139563591009999710e-01
2.630943680799999879e-02 -6.614482755839999895e-01
-3.787330553689999824e-01 -9.252295215099999581e-02
-7.633626190440000459e-01 -3.297780601909999776e-01
-9.547134247690000075e-01 -5.757111815159999813e-01
-8.839092740889999966e-01 -8.186376183910000215e-01
-5.776882176669999591e-01 -8.994964843410000466e-01
-7.887176542810000468e-01 -9.521158761929999770e-01
-6.924163539959999891e-01 -6.344440289130000021e-01
-5.918313206449999919e-01 -5.596750359400000097e-01
-3.361309314020000105e-01 -9.365504535090000138e-01
-5.744138927440000097e-01 -9.985480937670000445e-01
-4.612653551290000209e-01 -5.997861971050000296e-01
-3.506582878610000065e-01 -5.945807632359999539e-01
-8.830031093100000616e-02 -9.316437940530000184e-01
-3.254203608049999752e-01 -1.000000000000000000e+00
-2.660611208140000183e-01 -6.279833339960000371e-01
-1.469883452599999862e-01 -5.919203897100000500e-01
1.870992588389999989e-01 -9.050615987790000538e-01
-3.408541296300000162e-02 -9.784186087620000416e-01
-5.379350658700000204e-02 -7.109274930769999834e-01
2.922480450299999935e-02 -6.628957461129999507e-01
