-3.437127903780000104e-01 -9.334682001300000087e-02
-6.904695689080000420e-01 -3.957368610159999744e-01
-6.896986124170000343e-01 -6.490423559400000375e-01
-3.834413317409999800e-01 -7.042994862439999615e-01
-5.154277929560000526e-01 -9.486522868610000048e-01
-6.595824921549999775e-01 -9.493287708290000237e-01
-5.503368444989999997e-01 -6.467144998630000030e-01
-4.728877139050000067e-01 -6.066048434430000302e-01
-2.626940654689999821e-01 -9.989922930910000165e-01
-4.299010719660000257e-01 -1.000000000000000000e+00
-3.382342693450000048e-01 -6.186544532790000384e-01
-2.689445547470000197e-01 -6.654297342589999831e-01
-2.203448284999999854e-02 -9.804834564950000164e-01
-1.540387762279999961e-01 -9.594377101679999464e-01
-1.275720523720000055e-01 -6.107555639189999885e-01
-7.142034189399999733e-02 -6.120077991050000277e-01
2.225015084620000083e-01 -9.178073876000000242e-01
1.275648436250000073e-01 -8.961600903290000142e-01
8.147692296800000678e-02 -6.695802650309999882e-01
9.593298951400000552e-02 -6.712957570459999745e-01
-3.408463512189999767e-01 -8.460701079200000363e-02
-6.871891429580000432e-01 -3.882223983099999942e-01
-6.723107689989999969e-01 -6.451458380500000311e-01
-3.562269514249999935e-01 -7.074037808469999522e-01
-4.965333433949999931e-01 -9.375175458460000000e-01
-6.456974316400000413e-01 -9.568581616479999719e-01
-5.504091515110000055e-01 -6.521160667119999532e-01
-4.768675320099999837e-01 -5.989389480040000491e-01
-2.456370588379999942e-01 -9.856622141730000397e-01
-4.163693306169999886e-01 -1.000000000000000000e+00
-3.331513344900000062e-01 -6.155271300279999691e-01
-2.612783940830000207e-01 -6.463100898050000431e-01
-8.352577163999999263e-03 -9.680329786429999750e-01
-1.469135662720000013e-01 -9.540359218170000322e-01
-1.267622569369999952e-01 -6.039583804999999472e-01
-6.895240610800000558e-02 -5.952807335299999947e-01
2.372700173570000126e-01 -9.096732322089999823e-01
1.261698488159999909e-01 -8.948730284510000299e-01
8.217178577700000319e-02 -6.633505018490000182e-01
1.022745453170000041e-01 -6.547058712550000159e-01
-3.374214728520000262e-01 -8.789245581000000584e-02
-6.692972470169999966e-01 -3.899349868549999987e-01
-6.545997991230000368e-01 -6.398169774249999886e-01
-3.529310886970000172e-01 -6.932410005710000211e-01
-4.971821680929999765e-01 -9.213554630179999760e-01
-6.314575417950000213e-01 -9.583091668390000262e-01
-5.449185337840000143e-01 -6.614307582459999502e-01
-4.748293702759999735e-01 -5.988682635040000202e-01
-2.504526176629999767e-01 -9.673205084010000343e-01
-3.927985458659999929e-01 -1.000000000000000000e+00
-3.182710613329999827e-01 -6.276275711719999650e-01
-2.523248850490000250e-01 -6.495240906760000321e-01
-1.657778111999999929e-02 -9.491135518750000166e-01
-1.246523313130000060e-01 -9.516762550880000227e-01
-1.098227277480000041e-01 -6.160563184180000151e-01
-6.086953716199999809e-02 -6.072765284829999555e-01
2.264161690039999952e-01 -8.904714271989999652e-01
1.384265508560000024e-01 -8.896760734199999909e-01
9.076178499699999458e-02 -6.667908805890000457e-01
1.022644160739999974e-01 -6.562913917149999499e-01
-3.276373078279999906e-01 -9.209279705499999469e-02
-6.543633596490000537e-01 -3.919838331889999861e-01
-6.376004246799999997e-01 -6.439652163019999875e-01
-3.372050046619999852e-01 -6.965913560240000191e-01
-4.805517151600000036e-01 -9.159253961340000361e-01
-6.135410554910000203e-01 -9.640255286769999765e-01
-5.376125522439999527e-01 -6.701867307250000128e-01
-4.681605984319999747e-01 -6.022100414390000322e-01
-2.330653909079999919e-01 -9.602345440330000148e-01
-3.849953470060000216e-01 -1.000000000000000000e+00
-3.158720348490000052e-01 -6.265752094769999614e-01
-2.450573725920000001e-01 -6.403781589620000103e-01
-2.374300860999999790e-03 -9.412226980119999808e-01
-1.278332524319999997e-01 -9.500987859230000110e-01
-1.165664684189999939e-01 -6.133145924080000144e-01
-5.607221028400000140e-02 -5.940326854759999664e-01
2.368117338329999988e-01 -8.818172188699999747e-01
1.277467936410000005e-01 -8.854746467890000083e-01
8.204128714300000513e-02 -6.625279432909999544e-01
1.070627560029999981e-01 -6.450434335679999798e-01
-3.390983546469999999e-01 -9.927278434200000057e-02
-6.611640663550000241e-01 -4.018995031950000074e-01
-6.389243900940000387e-01 -6.504555925249999593e-01
-3.453826631099999878e-01 -6.951523168040000256e-01
-4.918191977290000128e-01 -9.162937437770000138e-01
-6.119846981509999839e-01 -9.659775658429999856e-01
-5.328600354789999605e-01 -6.720583530549999463e-01
-4.666382575640000141e-01 -6.154215647799999855e-01
-2.450688627750000070e-01 -9.557246509650000332e-01
-3.819366450139999869e-01 -1.000000000000000000e+00
-3.184595746830000129e-01 -6.240774290289999859e-01
-2.560984803329999782e-01 -6.490603478569999529e-01
-1.543516501200000064e-02 -9.346619319790000491e-01
-1.217541882520000035e-01 -9.548839148750000172e-01
-1.163532844710000042e-01 -6.146427256180000409e-01
-6.588506839200000686e-02 -6.030438272370000075e-01
2.214825925879999879e-01 -8.755221637700000281e-01
1.266640674839999980e-01 -8.869080854419999493e-01
7.792188448900000397e-02 -6.613492688009999787e-01
9.612873779800000518e-02 -6.475821466550000238e-01
-3.475978953539999861e-01 -9.121257827199999446e-02
-6.781539696560000552e-01 -3.940595959259999836e-01
-6.539738750050000382e-01 -6.479918652449999650e-01
-3.553741961829999796e-01 -7.081907800479999571e-01
-5.072891278419999761e-01 -9.095263445810000125e-01
-6.291723856140000182e-01 -9.636201569640000519e-01
-5.432491839380000354e-01 -6.697867873699999697e-01
-4.764544470939999776e-01 -6.209762366959999946e-01
-2.566782201330000124e-01 -9.458243704390000284e-01
-3.932127453309999798e-01 -1.000000000000000000e+00
-3.240168149589999769e-01 -6.221358025730000518e-01
-2.655039577380000071e-01 -6.500391291570000174e-01
-2.317774249899999875e-02 -9.251838776869999448e-01
-1.304178044940000059e-01 -9.581428087650000203e-01
-1.217379680749999943e-01 -6.169404117790000530e-01
-7.480939593900000351e-02 -6.037467497849999809e-01
2.177533002960000130e-01 -8.717609294720000124e-01
1.239686785739999991e-01 -8.889805102679999571e-01
7.445045211600000157e-02 -6.599105734579999716e-01
8.701642103800000250e-02 -6.444364869390000194e-01
-3.448638310250000116e-01 -9.821211392999999734e-02
-6.675407867599999490e-01 -3.902000077900000252e-01
-6.391342720479999961e-01 -6.391596248380000400e-01
-3.389855356820000165e-01 -6.978219381729999782e-01
-5.083017525759999655e-01 -8.988131587590000304e-01
-6.378271948960000381e-01 -9.500421444200000121e-01
-5.430604270879999529e-01 -6.553736523519999579e-01
-4.688593032860000065e-01 -6.130032620590000203e-01
-2.537392915080000089e-01 -9.412421544140000540e-01
-4.017845179449999748e-01 -1.000000000000000000e+00
-3.287727706629999802e-01 -6.291946925219999986e-01
-2.665344892250000042e-01 -6.645320720139999970e-01
-1.962158940700000145e-02 -9.221628942449999755e-01
-1.298883423949999949e-01 -9.648849167070000510e-01
-1.226503046870000002e-01 -6.265036225090000466e-01
-7.434209511000000603e-02 -6.116744451960000051e-01
2.224691363469999961e-01 -8.676340041900000299e-01
1.301364812920000058e-01 -8.923922892250000238e-01
7.930217855200000221e-02 -6.700363830900000206e-01
9.091314379199999518e-02 -6.575659337870000121e-01
-3.345990554250000137e-01 -9.172331979599999963e-02
-6.630730975730000365e-01 -3.913102078949999840e-01
-6.460604248310000131e-01 -6.475832808270000074e-01
-3.487241404900000008e-01 -7.017160004829999798e-01
-5.026223899180000121e-01 -8.921088933290000078e-01
-6.250526878950000143e-01 -9.567778581329999810e-01
-5.357210590059999777e-01 -6.681635728139999619e-01
-4.666481379890000114e-01 -6.119134545850000162e-01
-2.556029847660000187e-01 -9.315245924539999889e-01
-3.903071977120000091e-01 -1.000000000000000000e+00
-3.172429715919999893e-01 -6.311884934000000502e-01
-2.610271095889999948e-01 -6.556208828870000449e-01
-2.445761176999999842e-02 -9.136728543719999651e-01
-1.265058794599999981e-01 -9.584299783330000322e-01
-1.138140991589999956e-01 -6.244443215670000269e-01
-7.035028416300000143e-02 -6.057737080980000188e-01
2.154381959470000052e-01 -8.608812205060000222e-01
1.297395459700000087e-01 -8.929197654910000503e-01
8.413365579100000324e-02 -6.704293948249999691e-01
9.359698380299999454e-02 -6.502760021129999624e-01
-3.379530512489999916e-01 -8.956251760399999706e-02
-6.651085301760000235e-01 -3.861735164669999887e-01
-6.553957440559999847e-01 -6.421629201749999849e-01
-3.660666816090000220e-01 -7.021116789510000178e-01
-5.132372558879999547e-01 -8.897208397079999775e-01
-6.268375865209999676e-01 -9.611452375560000094e-01
-5.464853801390000543e-01 -6.789664779359999569e-01
-4.825586096600000263e-01 -6.204147959529999756e-01
-2.687298226900000087e-01 -9.302150825320000260e-01
-3.870219290219999997e-01 -1.000000000000000000e+00
-3.228985824999999754e-01 -6.390303060559999748e-01
-2.740518477150000187e-01 -6.600387375399999756e-01
-3.991217271800000244e-02 -9.124892297729999546e-01
-1.248881370759999943e-01 -9.618939752039999957e-01
-1.198357709670000021e-01 -6.381073634430000086e-01
-8.634560492399999398e-02 -6.206458029539999588e-01
1.962363164829999951e-01 -8.610157325349999669e-01
1.238799311120000052e-01 -8.968532939119999714e-01
7.464414460000000362e-02 -6.799614180320000534e-01
7.599087139400000079e-02 -6.599770512539999689e-01
-3.455486229540000176e-01 -9.522570838400000459e-02
-6.702150333719999464e-01 -3.944617941140000084e-01
-6.395311859300000235e-01 -6.458979253300000112e-01
-3.432548577660000100e-01 -7.001762739350000375e-01
-5.166652497899999474e-01 -9.149649014330000218e-01
-6.360479713119999712e-01 -9.632011811659999534e-01
-5.517668446600000332e-01 -6.739159261970000259e-01
-4.829415367800000136e-01 -6.193364005679999895e-01
-2.594421479749999815e-01 -9.595925063960000223e-01
-3.902290277489999792e-01 -1.000000000000000000e+00
-3.300693106790000275e-01 -6.373196480039999834e-01
-2.732700122869999859e-01 -6.602161862490000255e-01
-2.366546607600000102e-02 -9.363842553810000080e-01
-1.222251932219999976e-01 -9.476852965299999987e-01
-1.241494806849999938e-01 -6.213883279919999447e-01
-8.513016248499999383e-02 -6.124954314820000301e-01
2.160157391939999949e-01 -8.771061501869999999e-01
1.226932467800000010e-01 -8.769802661840000457e-01
7.179711494899999880e-02 -6.553913593800000381e-01
8.101225997600000617e-02 -6.426634512050000136e-01
-3.448079255400000043e-01 -9.626180175699999841e-02
-6.688872175450000235e-01 -3.857814301690000169e-01
-6.554215831620000543e-01 -6.397962670760000137e-01
-3.658269971590000225e-01 -7.007467220959999743e-01
-5.162533342580000184e-01 -8.861807825359999669e-01
-6.316009640809999715e-01 -9.576551026070000416e-01
-5.484043004099999896e-01 -6.796137390219999519e-01
-4.833838589639999905e-01 -6.333148738980000081e-01
-2.679335884180000238e-01 -9.223287643519999524e-01
-3.912215450150000051e-01 -1.000000000000000000e+00
-3.277225319270000159e-01 -6.362109461920000264e-01
-2.802337376349999798e-01 -6.663973612039999495e-01
-3.775935928299999772e-02 -9.021803447109999485e-01
-1.270154861779999866e-01 -9.649530819670000259e-01
-1.235522648869999962e-01 -6.388375324030000080e-01
-8.703870677500000208e-02 -6.213144346279999564e-01
1.991126466279999896e-01 -8.490847226679999471e-01
1.256076080330000011e-01 -8.923208025919999731e-01
7.337715913999999506e-02 -6.752322420949999904e-01
7.637534233600000444e-02 -6.545123385609999955e-01
-3.442673425239999863e-01 -9.699239117300000046e-02
-6.751705538660000006e-01 -3.898254424259999795e-01
-6.715637444030000403e-01 -6.401736572599999731e-01
-3.820412626199999884e-01 -6.953639648870000300e-01
-5.160681815730000510e-01 -9.135838475419999494e-01
-6.435371224160000292e-01 -9.552216283940000441e-01
-5.477611508599999901e-01 -6.640542477859999737e-01
-4.764083732900000201e-01 -6.177777689219999813e-01
-2.669727370439999858e-01 -9.554138281280000200e-01
-4.058661798329999959e-01 -1.000000000000000000e+00
-3.312291598700000117e-01 -6.356945520519999837e-01
-2.750834088269999977e-01 -6.706029872659999835e-01
-3.461201407100000099e-02 -9.347361438210000095e-01
-1.387405525200000045e-01 -9.604664529949999974e-01
-1.277255694539999875e-01 -6.292450825580000462e-01
-8.647079925700000558e-02 -6.222947343979999824e-01
2.010514285549999947e-01 -8.794521818470000252e-01
1.146279697289999955e-01 -8.929413062590000338e-01
6.743113008899999372e-02 -6.694775047509999855e-01
7.691056830999999649e-02 -6.571980974219999716e-01
-3.409204587629999783e-01 -9.302406171200000573e-02
-6.736433505879999561e-01 -3.813766323869999808e-01
-6.679489116440000540e-01 -6.272433175360000446e-01
-3.776312913729999998e-01 -6.878627628719999887e-01
-5.184687281350000010e-01 -9.092504257439999460e-01
-6.459034656550000086e-01 -9.526281377109999671e-01
-5.506011272020000513e-01 -6.597102737529999539e-01
-4.807492124400000177e-01 -6.174748477070000074e-01
-2.679217265839999862e-01 -9.547937137969999544e-01
-4.112989618339999986e-01 -1.000000000000000000e+00
-3.344153574079999913e-01 -6.230100755849999894e-01
-2.773835699559999979e-01 -6.588428331919999881e-01
-3.365691378200000305e-02 -9.388198627939999819e-01
-1.408081003659999997e-01 -9.662402254799999923e-01
-1.276771294919999966e-01 -6.239233542650000075e-01
-8.418885598299999384e-02 -6.161196895620000280e-01
2.058987180480000012e-01 -8.858546498920000234e-01
1.159965989339999948e-01 -9.015250525489999500e-01
7.307280657900000476e-02 -6.707689949499999749e-01
8.654811340099999306e-02 -6.571462727379999702e-01
-3.270167036730000087e-01 -9.901879964199999939e-02
-6.512339946709999605e-01 -3.858678474960000049e-01
-6.496810851440000256e-01 -6.311272074020000122e-01
-3.644262796989999886e-01 -6.876966555119999880e-01
-4.914228539580000055e-01 -9.073445934960000514e-01
-6.244896294289999927e-01 -9.532776733290000415e-01
-5.289847280739999880e-01 -6.637444621479999807e-01
-4.554032695329999769e-01 -6.137503814989999640e-01
-2.431760016829999926e-01 -9.467843078900000098e-01
-3.909588516390000157e-01 -1.000000000000000000e+00
-3.122542880899999984e-01 -6.268422849489999615e-01
-2.555501611620000224e-01 -6.557880937410000000e-01
-1.385562647900000048e-02 -9.265176800340000351e-01
-1.231584693000000036e-01 -9.636086610070000447e-01
-1.093518388790000045e-01 -6.207422757899999644e-01
-6.698219645000000333e-02 -6.028468278249999868e-01
2.232681553020000043e-01 -8.676869311220000158e-01
1.324469632760000015e-01 -9.052016797199999854e-01
8.603647358200000594e-02 -6.781083925540000168e-01
9.606063250000000664e-02 -6.559667603990000373e-01
-3.355764699739999801e-01 -1.009983150529999985e-01
-6.615001033180000212e-01 -3.875661667049999926e-01
-6.618519607499999680e-01 -6.324476514969999963e-01
-3.765901325170000202e-01 -6.900711937819999919e-01
-5.039989343540000055e-01 -9.185536219979999473e-01
-6.227456592060000018e-01 -9.590098229389999451e-01
-5.333000774049999615e-01 -6.728022640730000337e-01
-4.716790268880000081e-01 -6.381071065429999578e-01
-2.576602573149999742e-01 -9.570929342380000149e-01
-3.946203074169999936e-01 -1.000000000000000000e+00
-3.194454027779999872e-01 -6.204942692689999761e-01
-2.676562125929999869e-01 -6.595624600039999841e-01
-2.690380328299999887e-02 -9.387895509629999857e-01
-1.318746846219999991e-01 -9.706611709419999956e-01
-1.161698758940000048e-01 -6.278372146580000202e-01
-7.388884691399999483e-02 -6.188207921160000513e-01
2.140281152169999923e-01 -8.843099683130000166e-01
1.260331715749999915e-01 -9.159243403360000091e-01
8.357141968499999518e-02 -6.872001390919999508e-01
9.680023958800000605e-02 -6.687518376479999471e-01
-3.452977893820000088e-01 -9.572187038200000164e-02
-6.797163363839999750e-01 -3.851244410369999982e-01
-6.761869278080000489e-01 -6.312762940689999880e-01
-3.840027578820000009e-01 -6.970716233629999925e-01
-5.217109265789999784e-01 -9.208779068089999464e-01
-6.470312974730000333e-01 -9.568026929270000425e-01
-5.518869633159999566e-01 -6.601507027649999859e-01
-4.829220536170000244e-01 -6.186776878440000127e-01
-2.706437628430000131e-01 -9.608068208779999564e-01
-4.104813307030000247e-01 -1.000000000000000000e+00
-3.326933923939999760e-01 -6.193182448220000413e-01
-2.762197749879999886e-01 -6.557274221219999699e-01
-3.476306045000000094e-02 -9.412197491149999484e-01
-1.424834538180000110e-01 -9.664389541440000508e-01
-1.259808875239999959e-01 -6.214918139549999720e-01
-8.145940539500000355e-02 -6.137445120200000215e-01
2.111909825740000135e-01 -8.862251788789999862e-01
1.187492099300000020e-01 -9.067067387480000074e-01
7.488676593800000503e-02 -6.732556927509999456e-01
8.782308454499999917e-02 -6.561227341169999505e-01
-3.439865974849999897e-01 -9.736214250399999326e-02
-6.811104522280000406e-01 -3.917101612960000034e-01
-6.735990575189999552e-01 -6.418930800409999859e-01
-3.704228016330000095e-01 -6.946999698050000394e-01
-5.192561310519999696e-01 -9.229923639170000138e-01
-6.513855012479999873e-01 -9.560477273240000073e-01
-5.578943144769999973e-01 -6.605076163909999742e-01
-4.866518162099999767e-01 -6.132079815259999789e-01
-2.683773475499999783e-01 -9.691962429220000175e-01
-4.100065968470000266e-01 -1.000000000000000000e+00
-3.349222348020000073e-01 -6.242263743589999692e-01
-2.767057824020000001e-01 -6.540554893279999504e-01
-3.271821723999999987e-02 -9.501148176849999460e-01
-1.381977546560000103e-01 -9.661708029319999724e-01
-1.245325486890000027e-01 -6.250610422550000322e-01
-8.108704306599999467e-02 -6.138937996969999755e-01
2.097988482420000134e-01 -8.920739648150000090e-01
1.165741733589999996e-01 -9.062601756350000537e-01
7.114326511700000411e-02 -6.750159343170000215e-01
8.221447957100000425e-02 -6.569208002969999516e-01
-3.473985903340000014e-01 -8.965003324999999690e-02
-6.891825162779999792e-01 -3.836424009150000147e-01
-6.762106367000000340e-01 -6.400403409539999755e-01
-3.701526778529999895e-01 -7.028207642279999945e-01
-5.337371416010000535e-01 -9.073726159230000032e-01
-6.611501881919999990e-01 -9.563553637360000526e-01
-5.673315522809999623e-01 -6.581219999870000503e-01
-4.938764011269999865e-01 -6.017026035839999620e-01
-2.819498277449999923e-01 -9.560363218109999561e-01
-4.171945717139999843e-01 -1.000000000000000000e+00
-3.431711135039999805e-01 -6.211419196420000510e-01
-2.823986420440000034e-01 -6.415893857540000411e-01
-4.376799166599999735e-02 -9.415041210050000275e-01
-1.454953286310000093e-01 -9.620252265530000457e-01
-1.312176262159999995e-01 -6.196605334110000252e-01
-8.584825715600000184e-02 -6.060275187210000247e-01
2.036808254989999900e-01 -8.903497574199999987e-01
1.092872786560000059e-01 -9.046412282910000213e-01
7.002175914500000098e-02 -6.701863451549999739e-01
8.640373026700000347e-02 -6.506356354319999813e-01
-3.423139427879999808e-01 -9.844196376000000082e-02
-6.730320775279999834e-01 -3.861095605289999733e-01
-6.670247679759999659e-01 -6.375659479640000127e-01
-3.672475468890000205e-01 -7.014404834520000520e-01
-5.084712263499999718e-01 -9.153884063099999580e-01
-6.450733301090000316e-01 -9.547680364289999888e-01
-5.480967124750000252e-01 -6.651637002010000188e-01
-4.740299585980000119e-01 -6.197036132890000326e-01
-2.571632884089999904e-01 -9.539527032889999481e-01
-4.092682973080000175e-01 -1.000000000000000000e+00
-3.266914653049999839e-01 -6.264161656879999596e-01
-2.668809117350000037e-01 -6.640781286419999985e-01
-2.154641888199999855e-02 -9.312005863600000266e-01
-1.380139440320000133e-01 -9.671668632650000097e-01
-1.203061544540000027e-01 -6.286689529490000483e-01
-7.095676468500000666e-02 -6.181235589900000438e-01
2.229790211500000119e-01 -8.704059930499999931e-01
1.263964627270000030e-01 -8.992998922370000203e-01
7.856050662199999535e-02 -6.736504426330000017e-01
9.317037507200000290e-02 -6.563023552300000230e-01
-3.517627427839999932e-01 -9.565223520200000218e-02
-6.887707303269999803e-01 -4.009081437840000262e-01
-6.708659181830000096e-01 -6.558696688840000011e-01
-3.647386278149999939e-01 -7.131117362590000397e-01
-5.168508259799999838e-01 -9.265654036210000388e-01
-6.500028347420000463e-01 -9.571657797360000330e-01
-5.544915019870000350e-01 -6.552125156989999644e-01
-4.865364589560000064e-01 -6.217533470199999579e-01
-2.647688671249999737e-01 -9.666623202680000304e-01
-4.116641506400000039e-01 -1.000000000000000000e+00
-3.375623233660000055e-01 -6.144536234030000266e-01
-2.806026173230000142e-01 -6.578222095519999923e-01
-3.021260070999999894e-02 -9.458064705199999977e-01
-1.477001400550000121e-01 -9.669861671389999858e-01
-1.357216390859999899e-01 -6.182181114239999609e-01
-8.650309741200000457e-02 -6.148117839460000011e-01
2.118388845130000087e-01 -8.914513885629999912e-01
1.093996523249999991e-01 -9.029206870079999891e-01
6.438963613300000000e-02 -6.677668680910000543e-01
8.164539435400000600e-02 -6.574503235409999702e-01
-3.435511074329999914e-01 -9.974051938500000380e-02
-6.733636413560000200e-01 -3.925887402530000014e-01
-6.687222612400000044e-01 -6.445207616710000309e-01
-3.813180093419999972e-01 -7.113172760329999900e-01
-5.178939759199999715e-01 -9.157614913830000036e-01
-6.364241810040000003e-01 -9.624032010280000327e-01
-5.497395528909999607e-01 -6.715391462269999501e-01
-4.870607936970000051e-01 -6.311586605679999629e-01
-2.687803122419999968e-01 -9.533511106859999806e-01
-3.986080032450000088e-01 -1.000000000000000000e+00
-3.296582630780000023e-01 -6.225997582840000488e-01
-2.806083573190000235e-01 -6.598970361770000181e-01
-3.645652019799999755e-02 -9.317218964269999848e-01
-1.305310531439999866e-01 -9.692778265120000070e-01
-1.204123830269999973e-01 -6.288874918190000551e-01
-8.219076872500000186e-02 -6.195368008680000038e-01
2.055130656180000071e-01 -8.750014037169999703e-01
1.259015777780000123e-01 -9.121709203140000444e-01
7.876539141600000238e-02 -6.814923771240000150e-01
8.525998533999999685e-02 -6.616249432759999660e-01
-3.462321389899999935e-01 -9.958153576900000137e-02
-6.785614459740000326e-01 -3.952665029590000101e-01
-6.732596063600000402e-01 -6.466338836760000541e-01
-3.726199953559999889e-01 -7.046578383570000215e-01
-5.236716315539999833e-01 -9.150722123360000015e-01
-6.373128289030000060e-01 -9.591368105109999709e-01
-5.483460699440000363e-01 -6.689237442409999845e-01
-4.887644902719999740e-01 -6.315281224940000326e-01
-2.733732163379999913e-01 -9.548647290039999902e-01
-4.020882235870000265e-01 -1.000000000000000000e+00
-3.302600346540000009e-01 -6.244614623640000195e-01
-2.838017732720000130e-01 -6.658485553140000013e-01
-3.921971067300000086e-02 -9.331582232359999507e-01
-1.361674608150000021e-01 -9.662192023790000528e-01
-1.246826823080000035e-01 -6.278851275810000132e-01
-8.840712372099999994e-02 -6.201588320169999502e-01
2.024551511319999941e-01 -8.772278702010000151e-01
1.194041354230000046e-01 -9.011218192619999678e-01
7.178270103900000199e-02 -6.742591814809999473e-01
7.544953746299999653e-02 -6.598992144369999480e-01
-3.454111825089999921e-01 -1.039286570519999953e-01
-6.709596467630000172e-01 -3.942705250490000091e-01
-6.675813851449999836e-01 -6.449381919279999487e-01
-3.722789004900000087e-01 -7.080344854810000088e-01
-5.199847736910000462e-01 -9.071543766609999615e-01
-6.328965410110000134e-01 -9.532884208140000037e-01
-5.402254818039999851e-01 -6.663166288980000296e-01
-4.801594130090000023e-01 -6.374209595559999775e-01
-2.697303854249999966e-01 -9.465433573279999901e-01
-4.015039315430000144e-01 -1.000000000000000000e+00
-3.292197074229999965e-01 -6.264870844979999465e-01
-2.840235437840000210e-01 -6.731158988209999805e-01
-3.762508863100000323e-02 -9.243811098199999909e-01
-1.357318287469999885e-01 -9.710135621600000100e-01
-1.277398352920000035e-01 -6.348254170710000421e-01
-9.283683146799999453e-02 -6.252556160959999998e-01
1.998706564059999913e-01 -8.679187383649999976e-01
1.229015166040000051e-01 -8.988089499560000251e-01
6.873703729400000573e-02 -6.748808822630000259e-01
6.777890515899999413e-02 -6.594473271680000304e-01
-3.493555020810000245e-01 -1.008803625539999999e-01
-6.809486301220000204e-01 -3.895388973259999998e-01
-6.725284043660000322e-01 -6.423761506359999540e-01
-3.710661042330000159e-01 -7.032243230339999540e-01
-5.199846297269999917e-01 -9.050744856469999933e-01
-6.404483163559999692e-01 -9.565809382779999481e-01
-5.539433338420000075e-01 -6.671769685389999927e-01
-4.900915672310000026e-01 -6.243185899800000049e-01
-2.690729456809999864e-01 -9.421956411430000289e-01
-4.031967571830000208e-01 -1.000000000000000000e+00
-3.346413491799999917e-01 -6.248074660300000360e-01
-2.828180392449999858e-01 -6.600607183319999738e-01
-3.535627989899999685e-02 -9.189619078870000513e-01
-1.344500961679999940e-01 -9.638365787639999738e-01
-1.262648198590000104e-01 -6.265517728370000317e-01
-8.665704463600000518e-02 -6.166881200370000204e-01
2.081814931210000108e-01 -8.623134415390000251e-01
1.233174837340000052e-01 -9.020012881200000221e-01
7.571077564000000537e-02 -6.754426835069999857e-01
8.378855553800000633e-02 -6.565831237120000052e-01
-3.435992954670000210e-01 -9.771878883899999535e-02
-6.795144765939999942e-01 -3.940036484459999988e-01
-6.691696561519999698e-01 -6.430217893909999649e-01
-3.649932982629999767e-01 -6.987370116890000427e-01
-5.180003532169999980e-01 -9.217798112739999938e-01
-6.318800368920000077e-01 -9.631939515799999851e-01
-5.445870597540000135e-01 -6.702842153339999554e-01
-4.868270671450000142e-01 -6.299326511049999633e-01
-2.685774997379999918e-01 -9.619205788369999954e-01
-3.954934244730000104e-01 -1.000000000000000000e+00
-3.319988362610000188e-01 -6.276069404570000509e-01
-2.890371473819999815e-01 -6.655454039199999450e-01
-3.476798167499999676e-02 -9.378126070669999814e-01
-1.312420402779999884e-01 -9.592950359849999886e-01
-1.264364369740000049e-01 -6.281212258160000506e-01
-9.590181787300000593e-02 -6.223397661970000438e-01
2.063706055229999892e-01 -8.826336090690000136e-01
1.226648891249999956e-01 -8.907142697819999677e-01
7.505860439799999506e-02 -6.654410111220000479e-01
7.632387192099999995e-02 -6.529588502240000203e-01
-3.426903010010000084e-01 -9.944452310399999606e-02
-6.783732440580000356e-01 -3.941774036640000034e-01
-6.754879186900000221e-01 -6.431333610420000291e-01
-3.803511656549999898e-01 -7.052033597169999890e-01
-5.080079958469999601e-01 -9.296737566630000060e-01
-6.398394740889999932e-01 -9.688211302279999826e-01
-5.474447545139999871e-01 -6.766552636029999901e-01
-4.799201024299999951e-01 -6.350331358730000320e-01
-2.585045695989999781e-01 -9.666986074260000006e-01
-4.046869181430000073e-01 -1.000000000000000000e+00
-3.356116929360000167e-01 -6.260594573119999673e-01
-2.796703616249999746e-01 -6.661276016570000236e-01
-2.579826777000000099e-02 -9.399593508929999786e-01
-1.408389549369999938e-01 -9.535966238399999906e-01
-1.336329492220000026e-01 -6.196706965610000450e-01
-9.124326891900000347e-02 -6.175052409939999487e-01
2.133366217999999870e-01 -8.812139924270000479e-01
1.131188826519999996e-01 -8.833681210520000215e-01
6.644274641800000658e-02 -6.582469730119999696e-01
7.909688950599999546e-02 -6.501392574459999851e-01
-3.446788355470000176e-01 -1.056568096099999993e-01
-6.798713766430000138e-01 -3.965468877750000232e-01
-6.753073260070000527e-01 -6.398059797170000396e-01
-3.742121758090000139e-01 -6.976715910559999623e-01
-5.119929415959999508e-01 -9.569651313470000087e-01
-6.398209401990000433e-01 -9.645081572949999460e-01
-5.434872086349999964e-01 -6.719324497449999933e-01
-4.807694347540000246e-01 -6.458344408080000099e-01
-2.582200030840000049e-01 -1.000000000000000000e+00
-4.005337949009999954e-01 -9.916684217640000520e-01
-3.329560716719999758e-01 -6.209057406860000183e-01
-2.840752720709999735e-01 -6.705784648150000526e-01
-2.305778148899999963e-02 -9.723361068470000035e-01
-1.328382885330000041e-01 -9.477745516679999538e-01
-1.270315368799999900e-01 -6.179614074749999464e-01
-9.180806314799999646e-02 -6.246908652460000377e-01
2.146003880529999963e-01 -9.087563884779999990e-01
1.261079110599999942e-01 -8.789403932089999705e-01
7.747727033699999821e-02 -6.520626611199999978e-01
8.367630544800000458e-02 -6.472485742319999957e-01
-3.291596298910000051e-01 -1.035345279740000068e-01
-6.521157993030000100e-01 -3.938918448959999874e-01
-6.592041516179999450e-01 -6.401692137319999754e-01
-3.708936322049999901e-01 -6.980903328299999933e-01
-4.806961440199999935e-01 -9.295604994759999462e-01
-5.978846403530000408e-01 -9.690959167079999936e-01
-5.187410351790000540e-01 -6.829773117299999807e-01
-4.571868383739999819e-01 -6.403666042840000516e-01
-2.334355822449999951e-01 -9.622558338000000155e-01
-3.573015189489999743e-01 -1.000000000000000000e+00
-2.999555310320000112e-01 -6.254144064540000381e-01
-2.554848648749999951e-01 -6.593253754919999876e-01
-3.277592789000000062e-03 -9.347616040630000178e-01
-9.903038486399999563e-02 -9.596168039939999561e-01
-9.872559687300000442e-02 -6.261171895880000005e-01
-6.364259490399999664e-02 -6.127624907740000237e-01
2.351665548730000055e-01 -8.714168839329999861e-01
1.566804330659999911e-01 -9.006463312560000212e-01
1.011368543560000055e-01 -6.785872367090000079e-01
1.039906790420000032e-01 -6.569208493000000537e-01
-3.331424626130000122e-01 -1.035134604109999995e-01
-6.610801916809999623e-01 -3.958014173709999972e-01
-6.633075859100000526e-01 -6.360127679710000370e-01
-3.747641100110000179e-01 -6.913741191740000458e-01
-4.851443427809999931e-01 -9.626018398960000111e-01
-6.170514998470000290e-01 -9.698023006199999463e-01
-5.300694562090000339e-01 -6.751177879680000382e-01
-4.636679108019999829e-01 -6.374091732829999524e-01
-2.336902798749999899e-01 -1.000000000000000000e+00
-3.747142275040000192e-01 -9.915432684410000475e-01
-3.135732742940000040e-01 -6.124535278580000019e-01
-2.596993121460000054e-01 -6.527438367360000049e-01
3.489336299999999777e-04 -9.695706945509999786e-01
-1.135081953059999954e-01 -9.460795093020000213e-01
-1.113858104630000012e-01 -6.063467014800000277e-01
-6.910593349400000196e-02 -6.047840008139999668e-01
2.372164487389999965e-01 -8.996300522960000157e-01
1.380699030779999892e-01 -8.795683199489999771e-01
8.421594271799999476e-02 -6.501561054179999521e-01
9.597833562400000240e-02 -6.411626185609999862e-01
-3.412292118690000153e-01 -1.074738248460000017e-01
-6.693358046080000179e-01 -4.046142937819999785e-01
-6.694924312319999737e-01 -6.482486604289999788e-01
-3.750238534399999990e-01 -6.950397020959999672e-01
-4.948308625180000142e-01 -9.626603350350000365e-01
-6.210941923770000317e-01 -9.698733581970000461e-01
-5.302134288609999802e-01 -6.781166847549999765e-01
-4.669663741599999751e-01 -6.541845647770000438e-01
-2.409722646670000024e-01 -1.000000000000000000e+00
-3.825626110340000219e-01 -9.956277310619999765e-01
-3.172188397599999821e-01 -6.177512540380000194e-01
-2.643315350029999955e-01 -6.733707144799999655e-01
-4.631620603000000114e-03 -9.714735194239999538e-01
-1.197759284819999992e-01 -9.528925236049999858e-01
-1.146289083929999952e-01 -6.176106571689999880e-01
-7.078581229500000016e-02 -6.262525923689999940e-01
2.335436351680000022e-01 -9.062971428549999597e-01
1.409895364240000004e-01 -8.790048311360000310e-01
8.486287491999999766e-02 -6.559548739120000249e-01
9.507566503799999569e-02 -6.570649651140000325e-01
-3.387171884010000134e-01 -1.008269319870000041e-01
-6.738046087229999648e-01 -3.989150490200000232e-01
-6.676298393149999733e-01 -6.430811576129999985e-01
-3.626132536950000262e-01 -6.899976878700000427e-01
-4.966687822809999764e-01 -9.590432386770000317e-01
-6.274684139370000358e-01 -9.648792027110000280e-01
-5.385602828840000411e-01 -6.707979796959999685e-01
-4.711580947430000221e-01 -6.352915817269999543e-01
-2.445351896700000138e-01 -1.000000000000000000e+00
-3.859105601710000055e-01 -9.923169110680000182e-01
-3.244647633509999962e-01 -6.199327732020000203e-01
-2.695801349629999843e-01 -6.606387927550000372e-01
-8.271960554000000465e-03 -9.707426175340000407e-01
-1.181780413950000025e-01 -9.411221108739999952e-01
-1.156886785760000008e-01 -6.085836221960000403e-01
-7.678728739800000369e-02 -6.126339953149999573e-01
2.304466095970000017e-01 -9.029968339480000106e-01
1.384154753669999960e-01 -8.705254983750000397e-01
8.503443784399999927e-02 -6.440579635380000445e-01
9.187490423699999631e-02 -6.406894385389999558e-01
-3.364882511189999925e-01 -1.009256576909999953e-01
-6.701932303980000505e-01 -3.993702849010000167e-01
-6.635484968729999933e-01 -6.440634177089999968e-01
-3.571734538219999977e-01 -6.893625006689999557e-01
-4.926227005220000232e-01 -9.597034940630000399e-01
-6.097241904579999705e-01 -9.715328035529999795e-01
-5.321525973149999755e-01 -6.794685232920000262e-01
-4.724642812309999829e-01 -6.369628474059999546e-01
-2.401360086119999904e-01 -1.000000000000000000e+00
-3.624540968759999982e-01 -9.961769029720000113e-01
-3.094730667369999799e-01 -6.206715481179999605e-01
-2.629901512269999797e-01 -6.521045127839999456e-01
-5.307628889999999695e-04 -9.701199644760000185e-01
-9.171378772900000420e-02 -9.462091460720000180e-01
-9.366733838999999340e-02 -6.114487345910000204e-01
-6.243241493800000264e-02 -6.068018856010000128e-01
2.443737796909999926e-01 -8.987949083320000421e-01
1.704255013410000130e-01 -8.869491834949999598e-01
1.126866320809999933e-01 -6.584867251139999711e-01
1.110382576449999992e-01 -6.443945227209999516e-01
-3.405085998069999897e-01 -1.047287799909999984e-01
-6.671558075769999929e-01 -4.045607394230000264e-01
-6.568643622559999784e-01 -6.533760217690000038e-01
-3.522320948179999966e-01 -7.007168812449999784e-01
-4.913192692600000244e-01 -9.400393422699999668e-01
-6.193652140009999751e-01 -9.638999486529999938e-01
-5.374109638809999590e-01 -6.628005172659999777e-01
-4.729468834669999788e-01 -6.257278934309999929e-01
-2.395734234509999949e-01 -9.806364243290000005e-01
-3.819066020119999960e-01 -1.000000000000000000e+00
-3.217600186069999868e-01 -6.218966206079999948e-01
-2.632278112040000173e-01 -6.535072743730000466e-01
-2.842999669000000063e-03 -9.541213503859999889e-01
-1.129261412119999947e-01 -9.571358782809999965e-01
-1.127382296819999935e-01 -6.165117265359999488e-01
-6.709856530699999377e-02 -6.048916821590000215e-01
2.413767039099999900e-01 -8.879236806129999771e-01
1.500842188700000079e-01 -8.872839870709999799e-01
9.345446055900000215e-02 -6.567061144350000434e-01
1.029916533269999990e-01 -6.410827725459999904e-01
-3.418081218280000222e-01 -9.566748210099999816e-02
-6.737820652979999991e-01 -4.021887783990000242e-01
-6.703931216940000049e-01 -6.638416125789999844e-01
-3.770138399619999969e-01 -7.286912742269999743e-01
-5.015024802540000159e-01 -9.273384252830000340e-01
-6.281012833279999708e-01 -9.650802757649999952e-01
-5.526924603139999892e-01 -6.676775812799999876e-01
-4.946470987289999788e-01 -6.237659621790000442e-01
-2.532433302870000236e-01 -9.659704014069999678e-01
-3.949166468879999892e-01 -1.000000000000000000e+00
-3.342691208190000096e-01 -6.199329836119999992e-01
-2.733754070159999938e-01 -6.448499606609999768e-01
-1.608144129499999853e-02 -9.410012838889999509e-01
-1.246808810179999977e-01 -9.589220939160000290e-01
-1.193257994400000049e-01 -6.177001007300000346e-01
-6.969529907299999716e-02 -6.060557697449999726e-01
2.303332940879999902e-01 -8.801550384699999841e-01
1.414537908990000092e-01 -8.948328608300000209e-01
9.523341425400000393e-02 -6.592098943549999923e-01
1.146025083490000013e-01 -6.403040219179999548e-01
-3.452968917390000225e-01 -9.362023826800000559e-02
-6.782238012419999906e-01 -3.996774926359999980e-01
-6.775719589900000006e-01 -6.614367218950000238e-01
-3.853164805240000268e-01 -7.188368879900000064e-01
-5.145032728659999499e-01 -9.113391503829999518e-01
-6.322912050329999589e-01 -9.635825503410000437e-01
-5.546859773850000286e-01 -6.699667809970000221e-01
-4.938371052300000175e-01 -6.202719712800000007e-01
-2.626714484159999863e-01 -9.536773660159999499e-01
-3.905886938700000033e-01 -1.000000000000000000e+00
-3.298891582660000155e-01 -6.282815869150000232e-01
-2.713877126929999939e-01 -6.555919276330000045e-01
-2.112870129299999900e-02 -9.312299596680000402e-01
-1.183559820900000059e-01 -9.568629641629999849e-01
-1.140218704189999988e-01 -6.259599807839999475e-01
-6.776167723699999534e-02 -6.186337381430000448e-01
2.280741543489999967e-01 -8.727993341299999930e-01
1.481515412199999882e-01 -8.872996897820000228e-01
9.953808702699999678e-02 -6.620454266149999878e-01
1.143913014869999967e-01 -6.505113194129999998e-01
-3.474532098259999757e-01 -9.008258865099999513e-02
-6.829908949780000293e-01 -3.994053587649999959e-01
-6.800379347289999821e-01 -6.640549422879999941e-01
-3.888906067249999765e-01 -7.305561813390000214e-01
-5.251991830950000217e-01 -8.973638332679999552e-01
-6.450328523880000109e-01 -9.572660049560000051e-01
-5.626347581070000325e-01 -6.639671485929999895e-01
-5.011602755799999809e-01 -6.199525067400000200e-01
-2.734425729850000208e-01 -9.413854691680000331e-01
-4.087381168690000233e-01 -1.000000000000000000e+00
-3.428251139779999734e-01 -6.237651826040000458e-01
-2.845018790669999742e-01 -6.588526597260000450e-01
-3.460163626300000184e-02 -9.219964985590000106e-01
-1.395102547450000063e-01 -9.521853820000000246e-01
-1.334179490309999883e-01 -6.126214571470000037e-01
-8.552774624299999684e-02 -6.080948363320000105e-01
2.093417644730000138e-01 -8.681307415600000299e-01
1.230016044590000052e-01 -8.762881930179999834e-01
7.301944541400000321e-02 -6.490609939789999672e-01
8.694606534599999548e-02 -6.433650789439999684e-01
-3.420076350390000020e-01 -1.022959215450000015e-01
-6.606737904849999676e-01 -3.975555582429999846e-01
-6.667610431470000210e-01 -6.536158602680000040e-01
-3.986607995650000014e-01 -7.253059802769999953e-01
-5.007493595569999512e-01 -8.922274240409999724e-01
-6.306811026919999508e-01 -9.553898380530000400e-01
-5.480579796479999599e-01 -6.726369943259999928e-01
-4.830270689260000028e-01 -6.367602936509999534e-01
-2.485694644080000126e-01 -9.283101527539999731e-01
-4.035160057689999857e-01 -1.000000000000000000e+00
-3.330231396039999847e-01 -6.284067931789999450e-01
-2.705397270880000038e-01 -6.755061120590000190e-01
-1.383982286799999989e-02 -9.049249702439999821e-01
-1.404806939029999979e-01 -9.570155138389999649e-01
-1.330354382470000096e-01 -6.206455551270000370e-01
-7.330730979199999442e-02 -6.127624823120000341e-01
2.281660816330000063e-01 -8.483916402079999530e-01
1.273495735429999998e-01 -8.751020025179999662e-01
7.302460465099999687e-02 -6.552275341469999681e-01
9.443491233900000448e-02 -6.464477938499999521e-01
-3.365879054890000277e-01 -1.125950418980000006e-01
-6.541692450060000441e-01 -4.135797923930000231e-01
-6.674866573180000540e-01 -6.588158183960000081e-01
-3.984224792059999909e-01 -7.283860160999999778e-01
-4.918630859840000258e-01 -9.257385538029999639e-01
-6.296484776730000288e-01 -9.601007202910000204e-01
-5.346268921629999671e-01 -6.670784151430000364e-01
-4.633548088180000080e-01 -6.379882130270000395e-01
-2.369514241990000047e-01 -9.646728150250000189e-01
-4.049934069460000008e-01 -1.000000000000000000e+00
-3.284646539539999854e-01 -6.314625044710000523e-01
-2.626510338870000072e-01 -6.908841390209999878e-01
-1.735739573999999907e-03 -9.386969330509999931e-01
-1.415657879880000136e-01 -9.557128876849999566e-01
-1.329156241470000055e-01 -6.275277100499999650e-01
-7.384401509599999858e-02 -6.346511823610000436e-01
2.343536183690000108e-01 -8.795828856759999592e-01
1.269959010139999900e-01 -8.707580718059999558e-01
7.142503058299999597e-02 -6.567312623909999925e-01
9.106297242899999422e-02 -6.627232274019999592e-01
-3.290927161960000014e-01 -1.123015510189999955e-01
-6.438902361920000317e-01 -4.095701064250000245e-01
-6.606119076399999956e-01 -6.536248006260000354e-01
-4.007913528809999848e-01 -7.260558668619999656e-01
-4.838685293789999897e-01 -9.422647529650000076e-01
-6.111823464159999997e-01 -9.715800159930000346e-01
-5.304173542260000040e-01 -6.817784686029999541e-01
-4.633843276519999943e-01 -6.462020576720000076e-01
-2.304974909209999978e-01 -9.814329834220000270e-01
-3.824657381159999869e-01 -1.000000000000000000e+00
-3.203581067710000174e-01 -6.329354194509999587e-01
-2.566159335839999778e-01 -6.791218392210000010e-01
5.433717785999999696e-03 -9.506295798010000464e-01
-1.176876173449999952e-01 -9.409661902000000522e-01
-1.179759449620000067e-01 -6.147930934890000199e-01
-6.642141887199999595e-02 -6.219921527480000156e-01
2.401438880589999991e-01 -8.816869270029999983e-01
1.405201652760000031e-01 -8.560215360409999530e-01
8.244645983499999942e-02 -6.381044539360000156e-01
9.851794283100000216e-02 -6.407202651259999993e-01
-3.400555375589999763e-01 -1.243105526890000007e-01
-6.575602840959999806e-01 -4.158765483490000081e-01
-6.790867785440000137e-01 -6.531764331430000015e-01
-4.186275093549999826e-01 -7.203307999660000238e-01
-4.949203666470000096e-01 -9.573719400160000115e-01
-6.409112767729999716e-01 -9.712432803299999584e-01
-5.465011889940000200e-01 -6.777894130970000264e-01
-4.743121945009999840e-01 -6.570572401280000419e-01
-2.320370421959999929e-01 -9.961080857459999605e-01
-4.079933006779999927e-01 -1.000000000000000000e+00
-3.371544159859999890e-01 -6.335815716930000008e-01
-2.666506916220000023e-01 -6.926083309249999598e-01
9.176667912999999718e-03 -9.638971874759999503e-01
-1.384189087719999989e-01 -9.450133733340000397e-01
-1.323082113010000116e-01 -6.196526920830000007e-01
-7.008261926599999858e-02 -6.328772615809999946e-01
2.478843838900000041e-01 -8.950572470469999597e-01
1.285271269559999929e-01 -8.564558452370000241e-01
7.482390578099999690e-02 -6.399247327749999492e-01
1.042631458929999949e-01 -6.488602576269999478e-01
