0.192602029161 -0.221530937243
0.337955875038 -0.444110475403
0.460979946692 -0.576486796541
0.547042821507 -0.629698197845
0.146687202366 -0.743089618062
0.281473133584 -1.000000000000
0.438104486637 -0.956184240875
0.517932305199 -0.851457413182
0.091654169141 -0.668716026500
0.478548772310 -0.692080264329
0.488187116944 -0.539585115149
0.378883173524 -0.482472964367
0.097040029926 -0.540129652772
0.477719574798 -0.514425008314
0.448836403665 -0.396128156657
0.340447773354 -0.380654188612
0.131729975744 -0.394616253831
0.444694339148 -0.370269365281
0.423568269598 -0.280835160539
0.338604229797 -0.259385057136
0.214590132197 -0.218801566630
0.361343089084 -0.443328824032
0.483154190654 -0.576336838366
0.555059428963 -0.641735839922
0.144667267748 -0.747131747749
0.281222089895 -1.000000000000
0.436502281267 -0.949615038389
0.513549698636 -0.842509343850
0.090998417567 -0.672391617426
0.470547243943 -0.693329719208
0.480847070709 -0.542486140881
0.372083485812 -0.491959669802
0.092606106439 -0.544674667872
0.469099111293 -0.524058256641
0.443572502953 -0.406446988018
0.338808708943 -0.393136074673
0.121437371438 -0.399935117623
0.430163573773 -0.383842712513
0.417180987220 -0.295706806133
0.339685456536 -0.273651954027
0.214193408740 -0.222063461182
0.360546178061 -0.448504804561
0.481405178836 -0.581648913060
0.548865307124 -0.644325452401
0.145828624067 -0.748679914123
0.278019259666 -1.000000000000
0.433797863268 -0.957372732412
0.514009456852 -0.856333713701
0.091097914905 -0.672535098859
0.471319772840 -0.694471179002
0.482639668796 -0.544714710420
0.373344980581 -0.492705080539
0.092177986252 -0.543125525296
0.469832849487 -0.525433332460
0.446015830389 -0.408140848099
0.340933391799 -0.392806163650
0.120880188001 -0.396678845027
0.433629701590 -0.384290473436
0.424405432271 -0.297886531237
0.347898931014 -0.274319320989
0.187350912496 -0.231144678462
0.313618727702 -0.473178848237
0.414825791898 -0.632331873960
0.499052278840 -0.713049686826
0.144891966394 -0.745058041447
0.275114268617 -1.000000000000
0.431487375189 -0.950533591728
0.510120803156 -0.842921402412
0.095164016103 -0.669597895602
0.465322536520 -0.697150409453
0.475796297532 -0.547500383819
0.368831958533 -0.492302064540
0.099829538780 -0.541205679688
0.466830962715 -0.521318576654
0.443007587408 -0.404989782873
0.339424112551 -0.388278274196
0.129595828276 -0.396353304408
0.435587108274 -0.379210729183
0.425485947313 -0.292771198016
0.351150160817 -0.269676789983
0.187402710777 -0.230709289883
0.319033208855 -0.469770292599
0.432098634700 -0.622745484403
0.519979779608 -0.702834784703
0.137564555334 -0.741899359545
0.274799853934 -1.000000000000
0.432247920343 -0.949606070862
0.511872514955 -0.844267918407
0.092383904880 -0.666130424353
0.466088603665 -0.693071800135
0.478027313531 -0.544124002717
0.372227467457 -0.491105479484
0.100821367538 -0.539080811773
0.469142276325 -0.522630823428
0.446966487020 -0.405937125800
0.345248840860 -0.387917096769
0.133492709406 -0.396486525676
0.437035979676 -0.384851564089
0.428390778421 -0.298854562133
0.356790710706 -0.274713774664
0.195151266042 -0.224911827089
0.329347811480 -0.460848727215
0.441068195714 -0.611727337767
0.523361039301 -0.688365881723
0.143065695345 -0.744649256049
0.280023238381 -1.000000000000
0.434242494948 -0.949391481542
0.512567095159 -0.844698239829
0.092213967106 -0.669988465563
0.466080874791 -0.691306664449
0.478170095976 -0.540822649358
0.373470954295 -0.489131346346
0.097767147846 -0.543364833074
0.467683605708 -0.522637544051
0.446249397536 -0.405688805078
0.345751220181 -0.389905829491
0.130468140432 -0.400774131957
0.437230500829 -0.384736333954
0.430390284270 -0.296772731698
0.360050588009 -0.272691030068
0.203042499550 -0.222049311625
0.340898421561 -0.452631583381
0.454416818217 -0.598931919822
0.534578289633 -0.673458430812
0.147735974878 -0.742589714649
0.278545961654 -1.000000000000
0.435401020531 -0.946356749225
0.515441186209 -0.837762560584
0.092909525154 -0.666961553803
0.468478736653 -0.686392163762
0.482493012635 -0.535506709092
0.376421346871 -0.481578586392
0.096067873556 -0.539333175056
0.469675694818 -0.518319904292
0.449153122614 -0.400731962195
0.347021927744 -0.384879239716
0.125970486857 -0.395808970981
0.436903676645 -0.382791068135
0.433075713080 -0.295268697124
0.363769701243 -0.270907865343
0.193261117995 -0.224678672619
0.331013910270 -0.455036479551
0.450482160641 -0.597958576519
0.538632118565 -0.668503110480
0.147754041238 -0.743892148512
0.284107620407 -1.000000000000
0.438001415492 -0.950021821774
0.514528904612 -0.845543306048
0.097572380229 -0.666598511629
0.474799522681 -0.688461052694
0.487428833651 -0.538971724313
0.381296704561 -0.487874390780
0.102916446227 -0.538217855684
0.475603911173 -0.520702619034
0.453430556004 -0.404798685361
0.351021460183 -0.389800881572
0.134182534815 -0.395404376424
0.441917359795 -0.383276241210
0.433681967169 -0.295625541159
0.361523136460 -0.271890186657
0.196539409844 -0.222966052581
0.336891727892 -0.454079581301
0.457559972348 -0.595360909918
0.544625391652 -0.664345569994
0.146039636566 -0.741198834279
0.282095948725 -1.000000000000
0.439010512333 -0.947518215625
0.516372369825 -0.840765394455
0.095826188676 -0.665853419120
0.476287659137 -0.694387867679
0.488925821801 -0.542277926605
0.381179815298 -0.488157365334
0.102554741566 -0.539034405596
0.481316541765 -0.524550925488
0.459983706454 -0.406784702293
0.356673493380 -0.389729356411
0.135472317121 -0.395827271537
0.449007806117 -0.384711911797
0.444508916097 -0.295825035499
0.374803965785 -0.270075016971
0.198774919187 -0.218783024343
0.336414153984 -0.450647551009
0.452526128734 -0.596050590555
0.537016572309 -0.667920830906
0.145235383799 -0.742755923384
0.280463765478 -1.000000000000
0.435425148943 -0.947949140897
0.511978513846 -0.843123099301
0.093251334176 -0.667290190608
0.470398296869 -0.692528794558
0.483729386677 -0.541265224556
0.376761836702 -0.488836262182
0.098681208005 -0.539824583679
0.472404828560 -0.526191235982
0.452960413767 -0.408706881199
0.350823465475 -0.391781282147
0.131019243940 -0.397061946575
0.440241330639 -0.387048951733
0.435464476177 -0.297882874506
0.365415648606 -0.272466104137
0.192677658062 -0.227782881941
0.330088824185 -0.459242452916
0.451360356382 -0.597705417309
0.538702090616 -0.659701158005
0.140301355898 -0.740321678573
0.278406735193 -1.000000000000
0.434498691889 -0.950684621574
0.511863378998 -0.846245056921
0.092435888716 -0.662857469094
0.468945837018 -0.690512987775
0.481447688672 -0.541185732918
0.374309742702 -0.488437749004
0.100153148388 -0.534752866290
0.472078301269 -0.519838607420
0.451052297525 -0.405312323682
0.349237905571 -0.390152501116
0.133164502419 -0.391942776047
0.440475766738 -0.382558634147
0.434564382292 -0.297227082631
0.363935169963 -0.273648456963
0.190470105144 -0.230560946291
0.325889637923 -0.463179512412
0.446542816343 -0.606603214475
0.534669744746 -0.677283511161
0.138290817869 -0.742135268941
0.280190961757 -1.000000000000
0.437490790322 -0.947435061476
0.515371090986 -0.840896024473
0.090560511874 -0.665228279690
0.469390090238 -0.689666596625
0.480852618359 -0.539695385006
0.373280291216 -0.489712111964
0.098119473401 -0.538296287967
0.469961588751 -0.521054081202
0.447433419508 -0.404845849512
0.345664462255 -0.390400570166
0.131912477879 -0.396606081350
0.437582928154 -0.385675926003
0.428595361085 -0.298125468928
0.356792779622 -0.274579092190
0.196361972797 -0.227195748949
0.331646754526 -0.460920662291
0.447737617229 -0.604805377158
0.532956838457 -0.674213291574
0.139565674872 -0.743474812169
0.274027085203 -1.000000000000
0.429116510947 -0.951806872768
0.508257948727 -0.849052416730
0.090033231866 -0.665085425721
0.464857623798 -0.690558091250
0.477400852791 -0.541178399873
0.371437439516 -0.490142698784
0.095750661294 -0.535667657875
0.466968416237 -0.520178206324
0.446268705388 -0.404553551634
0.345442307580 -0.389336758573
0.127162270746 -0.392103742544
0.434892216377 -0.381987788785
0.429430600766 -0.295280981120
0.359370928862 -0.270947231362
0.198893304641 -0.226566734602
0.336500254611 -0.456915861766
0.456133680813 -0.597038595139
0.542165149431 -0.665413836715
0.142532876182 -0.743432414743
0.278122437636 -1.000000000000
0.433784368051 -0.951929194556
0.513137888861 -0.849318597080
0.091750121095 -0.667022418631
0.468373741798 -0.691122323512
0.481524824016 -0.540951454304
0.375350684356 -0.489847465575
0.096862394690 -0.539173092863
0.469005710638 -0.522848527839
0.448349646931 -0.406719613507
0.346667997719 -0.391396150117
0.128548292491 -0.396057881109
0.436438224741 -0.384615514404
0.430596965434 -0.297401424180
0.359586614390 -0.273089277316
0.198739299571 -0.224984352802
0.333591678564 -0.459270956207
0.445426427329 -0.606744310412
0.527592920060 -0.681175491827
0.143127556614 -0.745030148454
0.277936761255 -1.000000000000
0.434811330651 -0.947274794238
0.514456235622 -0.840761915175
0.090314670472 -0.668492254900
0.467764482040 -0.690831477747
0.478934677532 -0.540796188321
0.371969846173 -0.488041755766
0.095110387801 -0.540537702914
0.469224747034 -0.522363403288
0.446793147894 -0.405683595078
0.344716269979 -0.389602270298
0.126451790159 -0.397156239991
0.436661005874 -0.385672142660
0.431077683696 -0.297800000421
0.361749206076 -0.272996194910
0.186562396442 -0.231159249211
0.319847249395 -0.466154143761
0.439404785502 -0.611013547152
0.534163634656 -0.680319518810
0.138036472602 -0.739112640712
0.273328622769 -1.000000000000
0.431575166730 -0.950042202900
0.510614738980 -0.844447979472
0.092990119551 -0.661719942480
0.465430070956 -0.690418756296
0.480163000315 -0.542706852076
0.374262735136 -0.489958206714
0.102207470495 -0.533696038398
0.470052353480 -0.520250167738
0.451173435146 -0.406512474930
0.350451611479 -0.390351927439
0.135441032815 -0.391713333942
0.440561057527 -0.383673250095
0.436530751865 -0.297952756038
0.367716481052 -0.272809871481
0.201889630669 -0.224001298290
0.336852478839 -0.458022162026
0.448476562177 -0.604508783429
0.531234057208 -0.679789851895
0.140097989327 -0.742780258086
0.272570953178 -1.000000000000
0.430715044792 -0.948810944765
0.511154938681 -0.843438456436
0.088476754641 -0.667237611623
0.465158413401 -0.694762371840
0.479910861207 -0.543271363242
0.373818245078 -0.488120098566
0.094942045256 -0.539419516872
0.470006073356 -0.523709841681
0.450615620394 -0.405947889851
0.348234380052 -0.388746105935
0.127811601431 -0.395393816781
0.439639668426 -0.384470885801
0.436555668745 -0.296998867219
0.367293907300 -0.272213914043
0.187688019101 -0.230569538917
0.319677848003 -0.464706749024
0.436476760606 -0.611552117634
0.529459266870 -0.685132079742
0.139708999185 -0.741405741438
0.276405304478 -1.000000000000
0.433941455497 -0.951374339097
0.514309058865 -0.847229333725
0.093755590388 -0.663796358438
0.466096152991 -0.690795901310
0.477928915102 -0.544231756055
0.372585839414 -0.491990456333
0.101917790160 -0.535551085735
0.470537371895 -0.520976489279
0.448238563303 -0.407440822651
0.347425405785 -0.391749175657
0.134254274464 -0.393531470686
0.439031859656 -0.383790050519
0.431825931333 -0.297717357083
0.362343315082 -0.272527139174
0.186365532789 -0.227121954146
0.318605915255 -0.462635465318
0.432803366080 -0.612520302889
0.521231514915 -0.687124264263
0.137435342766 -0.741269039368
0.274620890086 -1.000000000000
0.431249924363 -0.946169852213
0.508055248996 -0.839583382687
0.089175479245 -0.664097525637
0.467138698758 -0.692647659317
0.478689004716 -0.542837185655
0.370354224055 -0.490595593928
0.097385927564 -0.535787823579
0.470881705502 -0.522729493259
0.449266128920 -0.406724459782
0.346022297211 -0.391379001230
0.131124479949 -0.392848056383
0.439995755440 -0.383531891744
0.433643119871 -0.296249129325
0.363111557871 -0.272362404692
0.189490402026 -0.229012677872
0.319331056742 -0.465833933791
0.429451526309 -0.616609254566
0.517641481621 -0.691672748294
0.135687702267 -0.742874269776
0.267378002817 -1.000000000000
0.421210632657 -0.948748816858
0.496927222740 -0.844060146784
0.087100434064 -0.664046856511
0.459167550572 -0.693202523541
0.472412247532 -0.546587715134
0.366600084553 -0.493713667400
0.094178212886 -0.534136997677
0.462405668238 -0.523657897146
0.441969253152 -0.409728445982
0.340920220049 -0.392692045106
0.126114279114 -0.390872425080
0.432163094961 -0.384405902607
0.426835311780 -0.299442017280
0.357848145104 -0.274534978794
0.192422414086 -0.228152727190
0.322786763945 -0.462813447748
0.432864679465 -0.613536942012
0.520082010060 -0.691049109128
0.136788267847 -0.743048567226
0.262024997683 -1.000000000000
0.417883983847 -0.952643878419
0.498404815223 -0.848399233875
0.088003493623 -0.666201131273
0.458317394528 -0.694155682777
0.473649390154 -0.546711966761
0.369095483291 -0.491136277364
0.095425323491 -0.537827038964
0.462805762187 -0.526247413721
0.443546118804 -0.410463597934
0.342719289843 -0.391593449471
0.127220163540 -0.394950921754
0.433925100574 -0.388440413111
0.429640470152 -0.301913851428
0.361082936543 -0.275401739997
0.194857481725 -0.224903033637
0.329495084378 -0.456961072082
0.444370911911 -0.602071181919
0.530634652020 -0.669638085560
0.135966880499 -0.743161684324
0.264354964309 -1.000000000000
0.419805260096 -0.952357076970
0.497964651194 -0.848218842339
0.086560949652 -0.666802790504
0.458191482264 -0.696356710240
0.474104370473 -0.548138287821
0.368430934241 -0.492362227980
0.094428090921 -0.538982367589
0.463611240586 -0.528420977488
0.445932918360 -0.413067048513
0.345105164121 -0.394997501480
0.128080796204 -0.396386454523
0.436342428319 -0.390200483467
0.434803844035 -0.303659876572
0.367575325356 -0.276971906000
0.197770653425 -0.225028396103
0.330808373268 -0.457760906036
0.442966672097 -0.604639508406
0.529633211557 -0.675240422435
0.135774947374 -0.742909850769
0.265847492710 -1.000000000000
0.420402437775 -0.948208066290
0.496151099955 -0.842254170056
0.084912764269 -0.666665711451
0.458017975427 -0.696852843011
0.474861728516 -0.547570103655
0.369366545282 -0.492352744775
0.091796464692 -0.538908304998
0.462504784522 -0.528136132990
0.445386861359 -0.412233204013
0.344072259191 -0.394904434559
0.125332347924 -0.396036714094
0.434818266688 -0.389153572821
0.433368203349 -0.302116503037
0.365008713543 -0.275812111771
0.195009575916 -0.226138162735
0.327496956434 -0.458367443112
0.439875974106 -0.604246815175
0.527637249181 -0.674350759050
0.133115151978 -0.742498232469
0.264320785807 -1.000000000000
0.420104157188 -0.951602009680
0.497583576447 -0.848161345098
0.082655922748 -0.665611405410
0.458722825915 -0.697376599301
0.475443069267 -0.548686523203
0.369477540886 -0.493818905978
0.090944240499 -0.537727658949
0.463743039303 -0.531097592235
0.446105197739 -0.415087440745
0.343931569367 -0.396731979564
0.125667686166 -0.395469302878
0.435872858655 -0.391476072123
0.432438206486 -0.304457408161
0.362414552455 -0.278057576071
0.194892574168 -0.228675700157
0.324265559611 -0.462068675432
0.434305500707 -0.610991305524
0.519004790081 -0.689697427543
0.130284942590 -0.738739648951
0.256588725027 -1.000000000000
0.413114910793 -0.953518692886
0.494901415187 -0.848018694143
0.083236934553 -0.665035736255
0.457204577915 -0.693770142081
0.473888390941 -0.547136697709
0.372019917539 -0.492553281578
0.093017765790 -0.540485531239
0.463446299940 -0.524311497507
0.443765204526 -0.409678232564
0.344556676008 -0.392961160911
0.127982830723 -0.400609806711
0.435479334608 -0.389990243204
0.429709568339 -0.302536683008
0.360954110827 -0.277146515991
0.162743388795 -0.240207009642
0.285425081836 -0.477983862021
0.403562372347 -0.629430018172
0.498673282236 -0.711910360956
0.119209195123 -0.735809089481
0.250286958090 -1.000000000000
0.407426522304 -0.954044659032
0.486372235934 -0.850726231564
0.083278663476 -0.659213874675
0.465423122168 -0.703388972700
0.481535854135 -0.557049286213
0.376949179840 -0.501347834877
0.101258242009 -0.535070314352
0.475462103418 -0.538762289455
0.455799913392 -0.424540252313
0.355172275278 -0.405069289468
0.143226202939 -0.397014800562
0.447638947313 -0.401607631668
0.438477217827 -0.314499544152
0.367239156269 -0.287641674705
0.144353889951 -0.238622821631
0.255149292090 -0.479114582246
0.359710022165 -0.637995632204
0.449294488074 -0.719528429383
0.110905474849 -0.732504539269
0.232130219391 -1.000000000000
0.388908449297 -0.964000949869
0.468112796119 -0.864120161708
0.076698926925 -0.658136898902
0.457548253675 -0.717067755824
0.475749910771 -0.568608899168
0.367922721457 -0.505285494177
0.097389033594 -0.534464513259
0.469439106645 -0.546094998327
0.453213882878 -0.429561470182
0.348744755051 -0.406872896890
0.141778432307 -0.394844968706
0.445716281167 -0.403790110937
0.439771229717 -0.318254754990
0.366769770762 -0.291964722634
0.153567124748 -0.242182532957
0.269158070035 -0.479910351129
0.385230496499 -0.631406588077
0.482869031744 -0.714463505943
0.103564384880 -0.731669855949
0.219614269914 -1.000000000000
0.375603042207 -0.969164596675
0.460083418382 -0.873990268893
0.073716513126 -0.659531785256
0.457670542189 -0.721210726627
0.477217923474 -0.573213480832
0.372897693314 -0.511432749341
0.097475746506 -0.539428922768
0.472344730337 -0.551892164439
0.454640181712 -0.434276546000
0.351426933840 -0.410574515036
0.144891314938 -0.403039216713
0.448710936715 -0.410604365926
0.439570716852 -0.323248495501
0.364917461111 -0.296563780600
0.133887233508 -0.244485338131
0.233430401566 -0.487062041087
0.333304748329 -0.649860152544
0.424579721694 -0.739269593226
0.095089591253 -0.728115473565
0.210611184571 -1.000000000000
0.370585940720 -0.970527345014
0.452879870490 -0.876867240797
0.070391768731 -0.654280407807
0.449771470352 -0.734566992960
0.476861623263 -0.585367409784
0.372714351238 -0.516844394581
0.099409408237 -0.534261543126
0.467670466862 -0.565619884761
0.458681276422 -0.446567913174
0.356429471997 -0.416544422553
0.151081338499 -0.398155904886
0.452070775144 -0.420072100996
0.451053556338 -0.335213999254
0.379346924780 -0.304923510010
0.129491167140 -0.240266774358
0.233289365927 -0.482778499020
0.341918118399 -0.643476748612
0.441851057960 -0.728897904948
0.089944277499 -0.728321860495
0.205072109845 -1.000000000000
0.363335601111 -0.970970335206
0.445719734157 -0.879243513823
0.066137762184 -0.656360368626
0.450206027960 -0.735192891959
0.473473041435 -0.586128220291
0.366645887208 -0.520053814454
0.096177782751 -0.538143119426
0.467805709385 -0.570498280587
0.454332021098 -0.450050603213
0.348998273267 -0.420393568206
0.149384205965 -0.404587512094
0.450962792241 -0.425746254127
0.443349494897 -0.338570767652
0.366504177805 -0.309155341008
0.132463488425 -0.238058549310
0.231226479134 -0.478919449221
0.325323879258 -0.639124558285
0.412017020417 -0.719682542944
0.079889654265 -0.729804377637
0.186839638801 -1.000000000000
0.343070244913 -0.968681545478
0.422571052403 -0.875865898656
0.053292934360 -0.658226584763
0.432316762497 -0.740984602267
0.458114482179 -0.593428879492
0.352882823716 -0.525441665208
0.082823602105 -0.540829268063
0.452843078211 -0.580188161699
0.441961646372 -0.459939484294
0.337899857402 -0.428555183592
0.137109104004 -0.408515401942
0.440874910951 -0.434692361372
0.435624908775 -0.347314695797
0.360059748095 -0.316017714406
0.130500178113 -0.244670164588
0.217591695063 -0.494391783244
0.292812988007 -0.662516374330
0.364887665831 -0.749550105094
0.064752129668 -0.730397638974
0.164677525644 -1.000000000000
0.320563887206 -0.971148253854
0.400461911027 -0.878863738612
0.039325072487 -0.659548274291
0.411961527599 -0.747346471589
0.437817002054 -0.601049518243
0.333325007203 -0.531988521293
0.070431875456 -0.544499857368
0.436096993746 -0.591576746820
0.426463755076 -0.470564100090
0.324193607140 -0.436418495932
0.127016638542 -0.413802548648
0.429471380581 -0.449059265493
0.426261278714 -0.360732831968
0.352596688376 -0.325533026118
0.136905812066 -0.240998401978
0.226791168392 -0.486764293421
0.306292113483 -0.649687138805
0.377488451189 -0.732859359909
0.056614903414 -0.731664094714
0.144372013840 -1.000000000000
0.298716210256 -0.974198811831
0.382169046547 -0.882459274749
0.030916960900 -0.663571511777
0.398314292026 -0.747083369147
0.427403743572 -0.604466460760
0.328013189809 -0.536083437569
0.063490093318 -0.551560248717
0.426397392951 -0.595941979240
0.418539696470 -0.476574639964
0.320431726113 -0.442140682501
0.122443315261 -0.424358444411
0.422678852953 -0.458343983045
0.421083375367 -0.369859016668
0.351170563519 -0.334114720578
0.127459470430 -0.244496724263
0.205358069145 -0.493181846836
0.274025456497 -0.662349308112
0.342553070021 -0.749997485488
0.040949953934 -0.726801145144
0.129018609705 -1.000000000000
0.287651232567 -0.969063990867
0.365845245156 -0.877285709368
0.020519270160 -0.656945160825
0.385905528286 -0.763389069564
0.424611828955 -0.615340536502
0.323464026112 -0.543557939959
0.058631437618 -0.545889849063
0.415836582485 -0.609703354133
0.416594099967 -0.486429212654
0.317610147089 -0.447347742032
0.124305398448 -0.420694761867
0.420187703974 -0.465995365081
0.419562404977 -0.374207025533
0.345361201779 -0.334490056202
0.119179261513 -0.250597118190
0.193808172529 -0.500685142450
0.276346518112 -0.668422854507
0.352527540110 -0.755436375435
0.023576845633 -0.718591382647
0.097574235703 -1.000000000000
0.251870951230 -0.981898731276
0.336492179521 -0.897880541983
0.013465252740 -0.659446528664
0.378248195467 -0.767294510982
0.414812713883 -0.623661264885
0.317899221175 -0.554302875077
0.059222683950 -0.561890150880
0.422757004816 -0.616010173284
0.419085435817 -0.493987420194
0.322534640304 -0.456136128909
0.132628757266 -0.447641823628
0.428854290365 -0.486397709221
0.424832056779 -0.394001887974
0.350989944655 -0.354673450766
0.114884680017 -0.254699034095
0.186605567066 -0.507031892660
0.267131467037 -0.669932370008
0.337405390643 -0.751868089632
0.006732989129 -0.717811731620
0.076377596326 -1.000000000000
0.231345939829 -0.979733491852
0.316308007822 -0.894193663806
0.000529299015 -0.658824417893
0.365264007350 -0.775181839530
0.404835686245 -0.630827213253
0.309572503748 -0.559907094094
0.049075459376 -0.563529629319
0.414826592062 -0.627582354929
0.414856287748 -0.506637384978
0.320795925655 -0.468406848415
0.125259211545 -0.452120166837
0.423734911151 -0.497553261620
0.422753115647 -0.405055211851
0.350730241843 -0.364308908945
0.092117336256 -0.254233350684
0.152758068632 -0.508408479128
0.230878990722 -0.677136169654
0.302115301857 -0.764260466027
-0.012312217585 -0.715161158292
0.056677275087 -1.000000000000
0.211871891374 -0.981872172347
0.296668674030 -0.895460229430
-0.010784825179 -0.661528988448
0.350806764246 -0.785374645634
0.392554524452 -0.639832658853
0.297107996076 -0.569688256111
0.044191839096 -0.572870492592
0.406311870182 -0.640436823221
0.406023462501 -0.517602379175
0.309431800177 -0.480215590294
0.126561632973 -0.468197477094
0.420904507126 -0.510853089066
0.413344885089 -0.412670549887
0.333553573682 -0.372362076292
0.095670003649 -0.252436934827
0.154034996633 -0.506512481431
0.230164642707 -0.677314103950
0.300715910926 -0.769083947686
-0.022514599988 -0.710250446274
0.043397955667 -1.000000000000
0.196813603372 -0.985531374367
0.282996136798 -0.902739730579
-0.020728590677 -0.661359777635
0.336960294976 -0.796356801033
0.380239985912 -0.650235910691
0.287890543873 -0.578486008237
0.034285311448 -0.578577162609
0.393381913364 -0.652781010074
0.394624945027 -0.529149824416
0.300408018137 -0.489271592788
0.117094892375 -0.479238833553
0.408925057865 -0.519656912860
0.400899813545 -0.420334618884
0.320849325677 -0.379777713349
0.107873129404 -0.250776334157
0.168693204718 -0.503281812255
0.249088137176 -0.674110290346
0.321162955152 -0.770941125482
-0.025291379425 -0.713217303493
0.030755779937 -1.000000000000
0.181807573707 -0.987771637656
0.268467679248 -0.908453557354
-0.024803668463 -0.667129266378
0.330313735407 -0.805339598795
0.373526618359 -0.658200666628
0.281078285299 -0.584238708083
0.029267655949 -0.587594772746
0.388576067579 -0.662208422328
0.389674810978 -0.536839719473
0.294933736574 -0.493867616175
0.111988202662 -0.491049773336
0.404278745750 -0.527769968058
0.394133992483 -0.425868558532
0.311512160622 -0.382705273305
0.086283072907 -0.256631757575
0.133898467491 -0.513640570391
0.203521440234 -0.689936258124
0.272366854147 -0.788471358710
-0.032596003378 -0.707893278748
0.021389140018 -1.000000000000
0.173827821379 -0.992789415589
0.261498013693 -0.916025962244
-0.024886900315 -0.663926104699
0.323194865526 -0.812304000028
0.364080969947 -0.667079183916
0.271624226603 -0.593028284788
0.033040653551 -0.587827527841
0.384210846782 -0.670989123729
0.383765714133 -0.547378546961
0.290417933529 -0.504174095596
0.117637182250 -0.494026750224
0.403364384544 -0.536143024507
0.389569807713 -0.435062258261
0.305713204692 -0.391449052962
