0.240588687172 -0.208494875395
0.355431950523 -0.435919972538
0.417373073249 -0.588715846092
0.440759930632 -0.675241265123
0.093482161851 -0.731000823902
0.129999201677 -0.996766792022
0.279067853719 -1.000000000000
0.389926147389 -0.924675771190
0.009511785914 -0.681397659594
0.352487076408 -0.731880913518
0.394937194194 -0.570239494156
0.311557049278 -0.487651163635
-0.012595570045 -0.584006878504
0.338320985726 -0.589096255629
0.341895233266 -0.444324347057
0.250725477125 -0.398210955522
0.003916151876 -0.464919850469
0.298036717212 -0.457693298156
0.303782639871 -0.353304060278
0.228236164139 -0.311591458181
0.238808138961 -0.218554513000
0.348342108924 -0.451803000513
0.401757323874 -0.607616861766
0.419007518761 -0.693873201998
0.096040016156 -0.730262626573
0.141777162713 -0.993024691278
0.288490311344 -1.000000000000
0.397422672633 -0.930709832706
0.011634236813 -0.678978249819
0.354504876037 -0.728419235303
0.395826815887 -0.573588205529
0.315619419356 -0.497986627108
-0.011391291758 -0.580432817118
0.338398714894 -0.585711392098
0.340143991981 -0.444955922940
0.250419816590 -0.401202797220
0.004017270014 -0.461739955586
0.299785429740 -0.455481837106
0.304671547990 -0.350692876328
0.228897442047 -0.308139862646
0.235834484380 -0.216837877024
0.346038649100 -0.444972000914
0.401537382319 -0.599412228475
0.420706629550 -0.688266869955
0.095748159869 -0.725657469042
0.135244905946 -0.985140002292
0.279802118292 -1.000000000000
0.391235438657 -0.936824853555
0.010622338383 -0.674598608863
0.348379762892 -0.721204307214
0.389277298108 -0.567760670084
0.310264044315 -0.489107425779
-0.013628120263 -0.575321692722
0.332480152018 -0.581581191860
0.333756241556 -0.441139615293
0.244472058895 -0.395389774312
-0.000443630497 -0.456795636520
0.292951933702 -0.451682037974
0.298855265894 -0.347479190239
0.224594777758 -0.303745310899
0.239997910390 -0.215913786055
0.348585019908 -0.448516824465
0.399050012914 -0.610263592237
0.416068643686 -0.706520678919
0.094502426249 -0.723284250332
0.135436679157 -0.983718166784
0.279583049756 -1.000000000000
0.390447998486 -0.939341057766
0.009382969606 -0.673133817597
0.347890553392 -0.722603871331
0.386760859853 -0.563736162271
0.305941086151 -0.485802662280
-0.013231669427 -0.574808537664
0.332572744546 -0.576067098398
0.332737319593 -0.432403082467
0.241891071411 -0.389269944359
0.002479219889 -0.455736664215
0.294306762774 -0.445479127098
0.298137744748 -0.339787013220
0.222137590585 -0.298907557776
0.241024280884 -0.212404458698
0.351576987178 -0.442563914768
0.404776305180 -0.601976339395
0.424116237896 -0.696878858141
0.104487245574 -0.720472626515
0.140938569321 -0.980447652564
0.282423784447 -1.000000000000
0.393256244235 -0.941452209322
0.017317899642 -0.670118981660
0.356342100395 -0.715546862552
0.394253487450 -0.555495893965
0.312394349901 -0.476867831730
-0.008301938027 -0.571898141361
0.338480200155 -0.573086158763
0.336891889892 -0.428809018370
0.243766448886 -0.385739248720
0.004214180351 -0.453203121628
0.297148924702 -0.443776423143
0.299958955958 -0.337873079434
0.221394013845 -0.297326153602
0.240749066880 -0.207991878978
0.354202320420 -0.432034916440
0.411644105068 -0.585252879697
0.436559321117 -0.667481936576
0.106944460847 -0.723280318359
0.152104005186 -0.981806526426
0.294241209848 -1.000000000000
0.401897029167 -0.945525047097
0.021504723667 -0.673829780981
0.364358267226 -0.718515177890
0.395605580749 -0.557606303460
0.307904419422 -0.482049734119
-0.002110638123 -0.575478979082
0.348137646125 -0.576496990734
0.343718892372 -0.431342509217
0.247564375424 -0.392450426691
0.013186681795 -0.457059079282
0.309513169882 -0.443964178294
0.306870431959 -0.337738995161
0.222947893312 -0.301182173412
0.247753465233 -0.215090378944
0.360396593656 -0.447011109832
0.417781061208 -0.605632721526
0.437299798239 -0.701193957233
0.105040210918 -0.724720944801
0.158179129651 -0.986474342497
0.305287616774 -1.000000000000
0.417262450751 -0.937667507203
0.022126583128 -0.676186255950
0.364832348649 -0.712283390659
0.394713003463 -0.551062708081
0.310040106396 -0.475351002752
-0.002019217715 -0.578971742668
0.347451363615 -0.563768893986
0.338675416151 -0.420965406597
0.245968100036 -0.381479294059
0.010870880101 -0.460694790074
0.301995579774 -0.438535081668
0.298678090064 -0.333105729134
0.220275197092 -0.296034408021
0.241702155602 -0.208566909142
0.356060953697 -0.437622252401
0.414676669486 -0.595066711562
0.438550439514 -0.680418907882
0.108743673044 -0.722303934362
0.161961197453 -0.985448478928
0.304091529547 -1.000000000000
0.411079155617 -0.941438814862
0.023753230998 -0.672095884500
0.369368535760 -0.714626156041
0.396508108685 -0.554938052153
0.310138144084 -0.481412764987
-0.000406521994 -0.573551317834
0.352308513336 -0.567484628701
0.344281235848 -0.423824694730
0.251363477739 -0.385189969351
0.014568669076 -0.455086739058
0.310452752782 -0.438497212112
0.306629891288 -0.331105304721
0.226801135362 -0.292991192717
0.236809932901 -0.208607862704
0.351796069069 -0.437327635890
0.407908595849 -0.595984163495
0.431923947242 -0.681808687667
0.105515389599 -0.722100287617
0.155315998448 -0.980921650705
0.297417190240 -1.000000000000
0.407104722517 -0.947454410605
0.020027778907 -0.669428637509
0.364347115402 -0.712860754841
0.395032957417 -0.552391344378
0.310229786928 -0.475841267358
-0.002128569855 -0.568022326070
0.350336361182 -0.569750963476
0.346050706925 -0.425704223307
0.253479554649 -0.384495283997
0.015275142023 -0.447535478916
0.312532085981 -0.437776808314
0.311552934738 -0.331835659193
0.232218088904 -0.291943763941
0.238019684113 -0.208528148852
0.351818139754 -0.437235292974
0.410980453787 -0.595223069187
0.436878859405 -0.679079051590
0.114037477409 -0.723532651387
0.171883939645 -0.986983512426
0.320891059281 -1.000000000000
0.433402685239 -0.939786227473
0.032278707961 -0.673693327131
0.377338710274 -0.709602104049
0.404328456979 -0.550155829599
0.318538260047 -0.476488937235
0.013301803268 -0.574408051502
0.365949811270 -0.563945989294
0.356013478309 -0.424617106566
0.262445901817 -0.387421705312
0.032691223575 -0.455453241948
0.330212725723 -0.434541027553
0.323124758320 -0.328752402196
0.241801320616 -0.291396968613
0.226473363963 -0.210252891044
0.339221985097 -0.439380275468
0.395531501613 -0.597937565974
0.421721972306 -0.677724511725
0.109973660834 -0.721330704080
0.165990947578 -0.984528620565
0.312564870459 -1.000000000000
0.424284936977 -0.938665842954
0.028144525236 -0.669223586610
0.374314008270 -0.704508565651
0.405179702519 -0.550681105009
0.324113877966 -0.476335297395
0.010473725107 -0.566421576718
0.363647938560 -0.560226341784
0.356165063365 -0.426298261550
0.265102662347 -0.388150186904
0.030715458987 -0.444766060197
0.329337700208 -0.428911893267
0.325537083138 -0.328490079922
0.247420904734 -0.291616695783
0.219785508654 -0.213044010615
0.328409832210 -0.443308842779
0.380912204937 -0.601908328525
0.406384997106 -0.677785053614
0.107633517041 -0.720944531296
0.163182811469 -0.984949910604
0.311051010300 -1.000000000000
0.423864862470 -0.937272476978
0.029530183182 -0.667861609991
0.374139363679 -0.701005779103
0.398256775829 -0.549832133384
0.313331263328 -0.475847839719
0.015107341506 -0.563827264136
0.367663719277 -0.557514694671
0.354440398388 -0.426820099617
0.261252903476 -0.390449833825
0.037929805169 -0.440846212803
0.338123073322 -0.427429060035
0.328558295344 -0.329142767462
0.247518259680 -0.293739721848
0.208146874817 -0.215623694970
0.316520683182 -0.447449587408
0.375653886233 -0.605798999248
0.412422228769 -0.679422641342
0.103868049778 -0.724430386542
0.164555598360 -0.981919234102
0.310722169526 -1.000000000000
0.422763280145 -0.939609696958
0.032552230866 -0.668556767918
0.381026966928 -0.700713510693
0.402848053799 -0.553290806224
0.317593213072 -0.480154645016
0.024961251519 -0.562459196744
0.379334857015 -0.565347257967
0.361741032456 -0.437611349051
0.266578126973 -0.400395676932
0.054064786668 -0.439245772378
0.354897325968 -0.434991038121
0.340648963764 -0.338084046345
0.257459689530 -0.301808804979
0.212234450340 -0.216560764173
0.326852505849 -0.446029973219
0.397786424043 -0.597930478445
0.440570851582 -0.671627134988
0.108988049337 -0.729793736605
0.169086105368 -0.985111302283
0.316812094087 -1.000000000000
0.429482354011 -0.934292015380
0.041979073397 -0.673467880145
0.393989600173 -0.700812804456
0.415713184084 -0.553441707261
0.329540560993 -0.481721657184
0.035820117467 -0.565830070726
0.392734616228 -0.561664827722
0.372047053570 -0.436363292597
0.274954836694 -0.402881448179
0.063655569526 -0.439451773962
0.362532350342 -0.432656277643
0.348821612482 -0.338869434042
0.267454824314 -0.306259884045
0.201512138725 -0.217410708527
0.316099586358 -0.452190306535
0.388203136474 -0.606482088074
0.440318449328 -0.684665783669
0.103026019911 -0.733425910023
0.173879615002 -0.993008887226
0.324334227419 -1.000000000000
0.431620902192 -0.929394784703
0.043069907281 -0.671078259323
0.401198993718 -0.714060772037
0.428088822027 -0.568823357296
0.340772733619 -0.494414102252
0.044537194625 -0.558441371529
0.404981173509 -0.573211234388
0.390564102286 -0.448506700212
0.293768396251 -0.410950344634
0.077304861985 -0.429046179497
0.380985368086 -0.438201020629
0.375325494978 -0.345866872865
0.299115169610 -0.309473711366
0.179687493440 -0.231600858127
0.282434108112 -0.475365806812
0.353135322744 -0.637469617519
0.413784153674 -0.722681026618
0.094976197964 -0.725650865450
0.178081664815 -0.992688868071
0.331726120295 -1.000000000000
0.437099488954 -0.929056263395
0.049458686464 -0.662217207771
0.409581438077 -0.716574810845
0.434204294963 -0.573164800761
0.346187837603 -0.501134004692
0.060204910868 -0.550112277052
0.420494245981 -0.568872938027
0.405340412814 -0.448394939611
0.311043712123 -0.413191261665
0.098306597022 -0.421444362008
0.396890680395 -0.433024003207
0.390565046465 -0.343454688051
0.317737100690 -0.308740275376
0.147012928192 -0.248126588612
0.245370148438 -0.496516832326
0.324868085206 -0.656346442805
0.396292629063 -0.732954022628
0.091404751816 -0.731196666320
0.179656203297 -0.997076100726
0.335422095198 -1.000000000000
0.442594175197 -0.925285323309
0.053852587870 -0.661034310428
0.416647794802 -0.711000740549
0.433798141392 -0.566467258554
0.342315238934 -0.495662226131
0.069009220674 -0.542156715271
0.430033227339 -0.560737925726
0.409247911651 -0.441390737964
0.314206537728 -0.408110411153
0.109526517312 -0.407767549319
0.408987011565 -0.424794792578
0.398184223562 -0.336855622245
0.325389885378 -0.303345113785
0.157058964988 -0.245102346573
0.254899561276 -0.497343728750
0.326926230465 -0.655071281336
0.390636130540 -0.728652665960
0.090065656361 -0.730661222392
0.176026802193 -0.995272485843
0.330175751981 -1.000000000000
0.438052452954 -0.924290954641
0.049430556968 -0.662053123790
0.424263336252 -0.701009974508
0.436933090546 -0.556571954671
0.342142236702 -0.491335366374
0.065018866358 -0.544423315771
0.436815712392 -0.548975035248
0.410987249298 -0.429943639408
0.313199527689 -0.402109890481
0.106676482097 -0.409763364007
0.412852399061 -0.418810248857
0.398975793845 -0.332292964969
0.324494176926 -0.304079826593
0.138645944575 -0.244928937009
0.236954164815 -0.490541673766
0.322000690983 -0.641950863736
0.401413538548 -0.710497281676
0.078210606979 -0.727170881218
0.167886278974 -0.992272181847
0.320084967371 -1.000000000000
0.427076518208 -0.929687155855
0.045299304819 -0.654150352723
0.421526693739 -0.703363874582
0.432604114103 -0.560058423200
0.336155323159 -0.494008247072
0.068484611659 -0.535221108580
0.439438768251 -0.554645900841
0.413204803378 -0.435584911732
0.314196563761 -0.406335631687
0.116541886202 -0.403187035428
0.419812021258 -0.422310386532
0.403789646662 -0.334918203590
0.327699248109 -0.305504784497
0.121922495184 -0.250244227647
0.211562531781 -0.496743766486
0.293040117831 -0.649578523208
0.373619162329 -0.719079225963
0.070636716002 -0.726726355048
0.155234290544 -0.990495254485
0.307084209693 -1.000000000000
0.414360162298 -0.931692668522
0.042031026392 -0.654905523423
0.416878961183 -0.704832613194
0.427918185968 -0.562424181334
0.330461513461 -0.495644573174
0.068699109106 -0.537386489881
0.438758965936 -0.557361001027
0.412236541537 -0.438079812649
0.312490232020 -0.406749763069
0.119018246744 -0.405961478645
0.421720185963 -0.426485654007
0.406861956904 -0.338458848553
0.331362487156 -0.307162038254
0.120911229283 -0.247566572983
0.208895269291 -0.493141112482
0.289073111772 -0.647065396877
0.369087310413 -0.717544264041
0.069109641821 -0.729621691570
0.149736179352 -0.989766059405
0.301020100514 -1.000000000000
0.408302251338 -0.933116983777
0.041040275166 -0.658352575638
0.414994484547 -0.709911910009
0.426808383489 -0.567685329343
0.328709608571 -0.499988542235
0.068183315248 -0.541412674984
0.436984226477 -0.565047077933
0.412033348835 -0.445058535698
0.312428619249 -0.411148000620
0.118425658204 -0.410173416638
0.421116435602 -0.435261338132
0.410822600104 -0.347445120677
0.338823175239 -0.313412324511
0.121894623415 -0.252080861259
0.205226207752 -0.500340430029
0.280112400959 -0.655720267137
0.364147093037 -0.732712791713
0.066696706661 -0.734291004947
0.144605705273 -0.995587333074
0.297914235927 -1.000000000000
0.405185406087 -0.926678950357
0.039472562118 -0.661560992313
0.415072734962 -0.714853864109
0.430283850956 -0.574163638429
0.333298083467 -0.504489566523
0.067086502250 -0.543337933812
0.441626614653 -0.569192259993
0.420028591758 -0.449034260508
0.321374765491 -0.412257424624
0.116768163562 -0.410222470299
0.425889112648 -0.439957746050
0.424412802347 -0.351969760069
0.358721268013 -0.314455713829
0.120071176750 -0.250955842071
0.205194625221 -0.495911065277
0.282188246081 -0.647367190554
0.366520039960 -0.721774035934
0.063342167285 -0.735827040844
0.139887041331 -0.991909527939
0.292025930831 -1.000000000000
0.401383043558 -0.931872335942
0.037806629457 -0.664794482846
0.411912334722 -0.714287928811
0.429175144425 -0.572843080336
0.335262334362 -0.505086186984
0.068034097185 -0.547594590797
0.440211892775 -0.576166319093
0.419034018808 -0.454610054989
0.320787955571 -0.416793046536
0.120668793114 -0.416142644291
0.428834463898 -0.446056203066
0.423857712961 -0.356016985829
0.354547132881 -0.317361817753
0.105399624458 -0.253660918427
0.189731891676 -0.499599338688
0.268717782892 -0.656189713283
0.356909703515 -0.728097917647
0.066734498722 -0.737320240951
0.145129134978 -0.994842880422
0.294566960692 -1.000000000000
0.397624938625 -0.931740594775
0.040489233139 -0.665453906284
0.409819965472 -0.723494206239
0.423766192959 -0.583318236195
0.327179027251 -0.512043471129
0.068941029510 -0.546961989394
0.435470200406 -0.583627977561
0.415192861196 -0.463718289351
0.319119548818 -0.422142421831
0.119970009341 -0.414086719087
0.425017294567 -0.451707417254
0.423215301916 -0.362915611524
0.358471130821 -0.319774316265
0.118229342748 -0.250858856087
0.203710654179 -0.501167342482
0.282367903289 -0.657694817442
0.368698387377 -0.732814949326
0.063552898629 -0.739460886030
0.141647541612 -0.993649964607
0.290960940352 -1.000000000000
0.393365512460 -0.935898531155
0.039270771406 -0.667149960895
0.405986856178 -0.726729166962
0.425688867475 -0.586537131397
0.332101187227 -0.519605266976
0.069107610681 -0.548482535749
0.432991410427 -0.585124227941
0.418664973360 -0.464234135202
0.323747930322 -0.424470667306
0.121297449086 -0.415633576330
0.424111177017 -0.450926066510
0.426208556103 -0.360567455714
0.362273088906 -0.318864467752
0.132016253588 -0.247997545272
0.218843195725 -0.498317564588
0.291549067853 -0.654985135870
0.373266126693 -0.732752424968
0.067398528430 -0.738902323296
0.140497433936 -0.991513539362
0.289515144840 -1.000000000000
0.393003358759 -0.937166204181
0.038538482062 -0.667646306630
0.405094280600 -0.724548471113
0.425867887668 -0.584652877963
0.333215728903 -0.517023409843
0.065438844056 -0.549936023100
0.430475536683 -0.586906595883
0.417261418381 -0.465298446745
0.322737654984 -0.424077801735
0.115744869479 -0.417927094510
0.420552814523 -0.454149438876
0.425046858647 -0.364518415250
0.362218590281 -0.322558978936
0.125842945043 -0.249300254883
0.213504266331 -0.498327081943
0.293067070582 -0.654065140795
0.376947597964 -0.730806720369
0.060897429824 -0.735772142578
0.137763946962 -0.989979208657
0.289172754497 -1.000000000000
0.394821926746 -0.937270107435
0.035195846063 -0.665102826459
0.401584798496 -0.727553944467
0.423194801081 -0.585461219948
0.331012174757 -0.516088655588
0.064256260527 -0.548441664445
0.426903041862 -0.585539322847
0.413391827035 -0.463234651156
0.319407013559 -0.422774371962
0.116724442958 -0.417333970429
0.417051789305 -0.450557346072
0.418754802471 -0.359224737367
0.354823226205 -0.318563989556
0.129814417238 -0.244383279271
0.221179021045 -0.488821642301
0.302868774737 -0.642218298555
0.384034872699 -0.720720822282
0.060280982971 -0.733004635406
0.138566794412 -0.988275867562
0.289546875783 -1.000000000000
0.394821658682 -0.938427158885
0.035569256890 -0.659991721235
0.397477379882 -0.727979255025
0.419936342257 -0.585937008482
0.328321071347 -0.514081460778
0.065570643885 -0.540137698595
0.424391286217 -0.582337932917
0.409091142289 -0.460337398821
0.312608069249 -0.420950486452
0.118690018220 -0.406800170976
0.415609657047 -0.441568148195
0.411398179698 -0.352657426816
0.342034407008 -0.315767104790
0.130101759510 -0.247600096188
0.221425192167 -0.493421008142
0.302156561540 -0.646623647962
0.383878124821 -0.721927975701
0.065328813894 -0.733152525116
0.139814532047 -0.991143976917
0.290817660147 -1.000000000000
0.395231813302 -0.934622857574
0.038966411400 -0.659456698943
0.401310929452 -0.726447211854
0.421700610698 -0.584364439686
0.328184631581 -0.514799350486
0.067201905154 -0.539293665888
0.426904313204 -0.577894998511
0.409364662845 -0.457734535163
0.311612994496 -0.422910401878
0.118774669754 -0.405303443219
0.417184147124 -0.438362863779
0.410476760062 -0.350781150466
0.339230315839 -0.316865070617
0.127561054011 -0.247189745255
0.216928906673 -0.492527828297
0.298235242250 -0.646379396482
0.378048287323 -0.724733105845
0.060399728109 -0.726389550497
0.140497831351 -0.990891108049
0.293270906945 -1.000000000000
0.398590848939 -0.931687633528
0.035146546468 -0.656046110793
0.401999568225 -0.724639820222
0.424397214554 -0.584744011009
0.333439971208 -0.513260879022
0.064863207655 -0.540072693886
0.429416489980 -0.575895994568
0.412562391938 -0.456265997370
0.317140137929 -0.418540777774
0.118088656603 -0.409269902532
0.417632284328 -0.440960670349
0.414372443765 -0.353752730006
0.347606506604 -0.317570472189
0.117479904672 -0.246763391457
0.199094610501 -0.492668632379
0.275096744796 -0.651519471305
0.354152688397 -0.735813846474
0.054983672482 -0.722553782086
0.130103695100 -0.987178586346
0.279661679467 -1.000000000000
0.384516804695 -0.934775029829
0.034306510836 -0.655667198892
0.397656411523 -0.727676656215
0.419249131543 -0.587121025659
0.328374815554 -0.515102464900
0.066608917168 -0.543281981415
0.426976217645 -0.582485960816
0.409857173163 -0.459992962707
0.314466474159 -0.420107371989
0.121469682030 -0.415242765702
0.417377824813 -0.448408807109
0.413338326961 -0.358957504218
0.345568305910 -0.321264020808
0.158902837232 -0.230905436634
0.251341778062 -0.476149627674
0.313208247454 -0.633446072413
0.372185013500 -0.713390904368
0.061431197258 -0.729194655272
0.126862851192 -0.988158619461
0.273344784408 -1.000000000000
0.376130521565 -0.940663459952
0.025970817611 -0.666724965254
0.386326411562 -0.735474242704
0.410193533772 -0.591732725283
0.320061445317 -0.519533488997
0.049623091654 -0.555629329985
0.410761186190 -0.598525533634
0.397628648209 -0.472666416385
0.302348837250 -0.432162635656
0.101327035917 -0.427828890028
0.400830416493 -0.457669222946
0.395524233349 -0.367510964204
0.323991125305 -0.331514543328
0.162576991548 -0.233231354244
0.256874578592 -0.474495348481
0.324089232979 -0.629291096860
0.382608217323 -0.712255842436
0.058748861257 -0.730975523325
0.125507555465 -0.990474560111
0.278452930184 -1.000000000000
0.384616591843 -0.937904374772
0.023874049672 -0.664665089097
0.377067596616 -0.737111611044
0.406293036294 -0.594338267129
0.318917860531 -0.519973582672
0.047648290311 -0.550748184994
0.400289410065 -0.591962225036
0.390963362430 -0.468840918379
0.297526120216 -0.428546566638
0.099200784815 -0.420798314645
0.393690813610 -0.453269760851
0.393085636670 -0.366308408692
0.324992211170 -0.331336813959
0.178532261395 -0.229302272853
0.271487600146 -0.474349056566
0.327224616254 -0.633673003915
0.368596542607 -0.719007359342
0.059472875164 -0.728294125348
0.127234603257 -0.986559517817
0.277678552550 -1.000000000000
0.383093082920 -0.941978276918
0.019321342631 -0.666161873130
0.376382896312 -0.735540101193
0.407715994816 -0.592925422727
0.322239032178 -0.522421632389
0.039713993816 -0.555962983307
0.395834159960 -0.591516040612
0.387748825965 -0.468272504835
0.294842522501 -0.432101198036
0.089631376106 -0.428215713875
0.385220494591 -0.453422910456
0.383905809062 -0.365300831486
0.314263825139 -0.332158960704
0.186859004854 -0.222873965990
0.278166201409 -0.465056650830
0.327856895279 -0.627887889995
0.361343245345 -0.715193731600
0.064374092286 -0.723881744134
0.120841517805 -0.985708511559
0.268964774212 -1.000000000000
0.373213097225 -0.939953291997
0.017698568058 -0.665792089330
0.366120930228 -0.735481078265
0.398517831746 -0.590750168863
0.312411089811 -0.517972324732
0.031431971658 -0.560699688861
0.382154780598 -0.595360644222
0.374057467084 -0.468779660628
0.279650798856 -0.431031334579
0.076565047631 -0.438277890353
0.368229470667 -0.459463161610
0.363563798621 -0.367004662028
0.289283632923 -0.331391867463
0.202420952217 -0.219069825496
0.298997624043 -0.453350822158
0.350845362679 -0.611838648870
0.383196606149 -0.695719335095
0.069773285227 -0.724021970982
0.120572909019 -0.984272838715
0.265200973732 -1.000000000000
0.370135099221 -0.939683134479
0.012394096257 -0.671676099066
0.357008147432 -0.733394091906
0.391618688877 -0.585297993471
0.308178939663 -0.511990549835
0.017675006989 -0.571239812084
0.367964450932 -0.599899901996
0.362564887400 -0.468643572789
0.269107089183 -0.430250372818
0.059096799293 -0.453254014525
0.354404584113 -0.464024407488
0.348633290151 -0.365778529155
0.269483442450 -0.328165636771
0.203955394249 -0.218937073472
0.295603373947 -0.455927051256
0.335017406436 -0.619701917830
0.357492114216 -0.703992811508
0.069825303580 -0.725662329958
0.116017127209 -0.982542830449
0.257853577256 -1.000000000000
0.362806869982 -0.940598766448
0.005010674978 -0.675468888883
0.340804062023 -0.732523711393
0.378036538307 -0.585306358431
0.298538565292 -0.511607217003
0.004440637506 -0.577318491747
0.347850272407 -0.604304612885
0.346299223249 -0.470741960317
0.256121484197 -0.428376593021
0.042249535682 -0.461757166500
0.336814255752 -0.471078920867
0.332654897536 -0.369646133963
0.253600915307 -0.326990868410
0.205265298176 -0.216744685567
0.296594732316 -0.451049803404
0.331943665060 -0.615498313320
0.348153715056 -0.698074640031
0.071078252295 -0.728058029291
0.111727198745 -0.981310015567
0.252229594303 -1.000000000000
0.357784293275 -0.942283995170
-0.000273408709 -0.680161589736
0.333220755955 -0.732067386370
0.372307002745 -0.580572331011
0.293059447548 -0.503530482135
-0.007591074895 -0.584026949741
0.333422330008 -0.605379323173
0.333170590054 -0.466385409862
0.242287550485 -0.420343902269
0.024394011175 -0.470261203646
0.317447631830 -0.474277662249
0.316967732628 -0.369436484439
0.238448903140 -0.323889079097
0.217671201812 -0.220543359109
0.308806979936 -0.457160332719
0.337979233968 -0.621415168081
0.344886754268 -0.709341308810
0.078639184997 -0.737601725122
0.132176459127 -0.992582660011
0.282806475815 -1.000000000000
0.390956917825 -0.935559622115
0.004790897553 -0.692401035450
0.341530966256 -0.740361742854
0.381081160156 -0.581152080355
0.299607843789 -0.506312349944
-0.006245481537 -0.598335322772
0.337168137264 -0.602777018644
0.335646915613 -0.456861016992
0.241175377696 -0.413676070608
0.021704405091 -0.483339798664
0.313455741744 -0.472865686428
0.311917353048 -0.364382979042
0.230977414907 -0.321150407953
0.236606261603 -0.213363965190
0.342042968927 -0.440785794623
0.393205642825 -0.598302528861
0.416065483631 -0.687393696653
0.081893953339 -0.741369834945
0.138165850250 -1.000000000000
0.295904724620 -0.998698257900
0.407445347028 -0.928253443254
0.001364055947 -0.692695079265
0.337892284306 -0.741418125265
0.381627333933 -0.576351887858
0.298137773378 -0.499851495036
-0.017939679171 -0.595930502752
0.325900723954 -0.602617489091
0.330233388305 -0.454099526699
0.236415336633 -0.408773016348
0.001911486010 -0.480213338387
0.294326448806 -0.470729566800
0.299452910043 -0.362454283184
0.220025140784 -0.320426889224
