0.198677675907 -0.162973005213
0.330241439687 -0.398230088496
0.371951294093 -0.594951673790
0.281931845417 -0.712334865668
0.103383678588 -0.716886758096
0.105517013745 -0.968685584179
0.214254503438 -1.000000000000
0.306121539079 -0.963830539134
-0.017196447235 -0.693984531457
0.226442071568 -0.747499648514
0.252339064649 -0.546857201703
0.169024571495 -0.469041804943
-0.109125823154 -0.628168388718
0.150657863097 -0.642971048202
0.162237460080 -0.460710303020
0.076942895911 -0.407954777258
-0.181278951568 -0.534228166205
0.041476363324 -0.550192932638
0.074819293202 -0.424649740361
0.015827240799 -0.367321936636
0.198947457224 -0.162397572977
0.329121190109 -0.406662349913
0.362724813552 -0.609080695896
0.267307211498 -0.731795385895
0.106666754316 -0.718998885752
0.113504228556 -0.969455859007
0.220872269024 -1.000000000000
0.310128527494 -0.966039554169
-0.014301469340 -0.697215102501
0.222434802235 -0.749259961675
0.242281261675 -0.546945480721
0.157541773353 -0.471845937924
-0.109886131937 -0.632873149904
0.142522364398 -0.644434905223
0.152313374375 -0.460602219951
0.067981720632 -0.409122504856
-0.188527121591 -0.541859775638
0.029139706132 -0.559196557992
0.064334348976 -0.435072459005
0.007692673462 -0.379689785400
0.199266427172 -0.162533176050
0.323822668645 -0.401084895245
0.359609876690 -0.598399988238
0.270333340597 -0.723433298843
0.098566836631 -0.713629216401
0.107989110615 -0.966589167273
0.221666556835 -1.000000000000
0.318163650750 -0.968155586192
-0.021540726979 -0.691253875517
0.224718311517 -0.751322513086
0.250284928746 -0.547172543292
0.166710643230 -0.475602853042
-0.112764834082 -0.628755631297
0.150490949098 -0.643315549299
0.163735902230 -0.456728637302
0.076540223327 -0.410231495253
-0.184862330604 -0.538823822537
0.040554705050 -0.555624051058
0.074368437483 -0.428873094666
0.012490306559 -0.376120778808
0.202386687307 -0.164014944896
0.328106397109 -0.401369891940
0.367163076747 -0.595412997212
0.277070595138 -0.720128275229
0.101923485775 -0.717000022165
0.106574081445 -0.966798534679
0.220647803634 -1.000000000000
0.317825912102 -0.964615321863
-0.018477785051 -0.693033798878
0.229780678877 -0.752849515046
0.261245646679 -0.549723439162
0.179337611885 -0.474516046404
-0.109760021027 -0.629397329125
0.157494466663 -0.648280034620
0.174198068877 -0.459916614019
0.085072727200 -0.408960641969
-0.182461208932 -0.537510903932
0.046715368165 -0.560572482836
0.083600201787 -0.433720158703
0.019728133214 -0.378048100719
0.201207270191 -0.160572577046
0.331701071593 -0.396139521704
0.372962292095 -0.593107714002
0.286562259861 -0.719728840428
0.106808558922 -0.711649928134
0.109924196395 -0.962262640819
0.222250059143 -1.000000000000
0.319134515625 -0.972280523527
-0.012273328754 -0.690640941157
0.231537015118 -0.753567872715
0.259863812784 -0.549588906153
0.177120861419 -0.472252566432
-0.104188042810 -0.628163092976
0.158590911700 -0.646539262283
0.171653200830 -0.458104506310
0.082508456994 -0.406421571105
-0.178777704427 -0.535850796030
0.046777388126 -0.555501913766
0.081713116414 -0.428954400044
0.019261837852 -0.373847392540
0.202243051657 -0.166005571245
0.331520379793 -0.401512049650
0.368816141625 -0.593898913768
0.279229257582 -0.713814386084
0.103038840246 -0.723550680887
0.115545490029 -0.972161818711
0.232408434236 -1.000000000000
0.330238087102 -0.961664000144
-0.017726147674 -0.697875063177
0.232381732656 -0.751561100584
0.254665919287 -0.544754259877
0.169109299413 -0.465163063705
-0.110948588378 -0.630841210134
0.154615188489 -0.645459003128
0.164200967456 -0.457698121590
0.076102498199 -0.402772575706
-0.185576419139 -0.535870565018
0.043074671034 -0.554522147143
0.077855020689 -0.426758128830
0.018171438373 -0.368021262917
0.204339038296 -0.165520581827
0.340640915363 -0.397211394591
0.381088001394 -0.589049798537
0.278654127653 -0.698562011021
0.101831740034 -0.720775362941
0.105476561327 -0.972751870779
0.220519714901 -1.000000000000
0.317660180702 -0.956776247720
-0.018101995432 -0.695232314263
0.233473396967 -0.743780923336
0.262389061097 -0.546734378637
0.180120438145 -0.467128513044
-0.106641440914 -0.625229928624
0.161907735729 -0.637644199246
0.172891587905 -0.459339329318
0.086574352657 -0.404519502961
-0.172131727450 -0.526996604182
0.057801414567 -0.541757564601
0.091336068813 -0.418188174941
0.032517676383 -0.358662863154
0.208274215836 -0.168833146173
0.343609800170 -0.404930605817
0.386270568616 -0.600101424839
0.292922472246 -0.713033800018
0.105397814912 -0.723792976874
0.121016768059 -0.972440416185
0.238350383259 -1.000000000000
0.333075902561 -0.962220362053
-0.013083026167 -0.697918299105
0.247364875400 -0.746414755203
0.277173689010 -0.547067931693
0.194176766420 -0.471427085783
-0.096769753069 -0.627852016255
0.178405251990 -0.635770471418
0.190739897307 -0.457231149097
0.105297010809 -0.406231004973
-0.154228616274 -0.530717995801
0.076934338279 -0.537614465223
0.107134915276 -0.411979461667
0.047166877957 -0.355717789253
0.206861282747 -0.173275773201
0.340488377524 -0.405479941262
0.385726167209 -0.592614273482
0.299428220594 -0.708269561714
0.100234258798 -0.732231649026
0.117425772465 -0.972017342199
0.233064098761 -1.000000000000
0.325545043538 -0.962158973048
-0.019306539961 -0.702472458550
0.241925066638 -0.751047037946
0.272649224712 -0.557937370747
0.192368426220 -0.477728189317
-0.103134705997 -0.627143120870
0.172380165457 -0.637385763334
0.188073593939 -0.462589201374
0.106684352662 -0.405854024265
-0.159770916565 -0.524434523246
0.071557717567 -0.537380030463
0.109588393863 -0.417432715025
0.057715112410 -0.358925607316
0.207586060712 -0.170880691356
0.343811541292 -0.398542296699
0.397259784618 -0.584620124258
0.312713870870 -0.692792913182
0.088423818809 -0.735179665355
0.107697222877 -0.975190474372
0.227401188334 -1.000000000000
0.323462326208 -0.957385481686
-0.029414483030 -0.701108483828
0.241194073867 -0.746796594304
0.272261814326 -0.556958782228
0.191009600848 -0.478789047740
-0.109190649037 -0.619211744833
0.178202209814 -0.625124975150
0.192719119585 -0.454319064816
0.111296805613 -0.402004868666
-0.157904779710 -0.511029147483
0.081950345226 -0.518367561889
0.115571699596 -0.400870645947
0.060740621762 -0.347865251971
0.205736957807 -0.175309122139
0.338142241411 -0.403733541810
0.392419976897 -0.589429408442
0.322679541105 -0.692012421774
0.088004652542 -0.738841700720
0.106160934229 -0.980016538128
0.226653255866 -1.000000000000
0.320570971249 -0.957710728715
-0.027707314113 -0.701125066092
0.247801902020 -0.751572501825
0.281298214682 -0.563211650500
0.198841755647 -0.494549257556
-0.098040869638 -0.616733927735
0.196361428839 -0.622771403608
0.211490297680 -0.455164947748
0.128593728633 -0.412051124079
-0.130809361701 -0.508578810403
0.117550262930 -0.504512544378
0.141112103422 -0.385316140969
0.077291356533 -0.339122637030
0.207507451763 -0.178673096601
0.342519828127 -0.404477766510
0.397903931800 -0.587350772055
0.327814002606 -0.690915503553
0.081619259581 -0.744337951917
0.101792700192 -0.982493019366
0.224546256077 -1.000000000000
0.320553405080 -0.955142221258
-0.033438523199 -0.709365936330
0.256731011601 -0.747339608251
0.286790432477 -0.558751634025
0.202013175546 -0.496517661802
-0.099828200741 -0.627080495975
0.211078826832 -0.614420716477
0.219518679831 -0.446967828836
0.132999591616 -0.413309677012
-0.124921009901 -0.519448792075
0.134051099478 -0.500884181072
0.149418068818 -0.382879779381
0.080429061756 -0.344739822799
0.209882107753 -0.186450569886
0.343997706518 -0.409473567135
0.401254476403 -0.589175806356
0.339414981152 -0.689552260888
0.079627567801 -0.737383607908
0.097521627826 -0.980977086849
0.221034326142 -1.000000000000
0.318634601000 -0.955228554635
-0.030874800284 -0.701752803553
0.263095087766 -0.747751843436
0.294732824827 -0.565606484772
0.213056021648 -0.502516899703
-0.091475842707 -0.620010893782
0.221698197075 -0.611662238770
0.228029499472 -0.449469995573
0.143191500895 -0.415256589836
-0.108439895087 -0.513863875484
0.148816450848 -0.495300969604
0.158732638981 -0.381408386655
0.088836278725 -0.344215997455
0.214129095736 -0.192100755425
0.345480703434 -0.417035486292
0.402097466241 -0.593165772659
0.352319944591 -0.692708173550
0.078745293130 -0.742465588161
0.100517419708 -0.982761428295
0.226597444948 -1.000000000000
0.324209613210 -0.952838205688
-0.028283786956 -0.704893168840
0.274723427889 -0.750975202195
0.308638307716 -0.572756264756
0.226929081652 -0.502893536722
-0.083719153331 -0.619663053483
0.238581326696 -0.613105914952
0.246038104220 -0.452833610409
0.161355884111 -0.412266364077
-0.094899271284 -0.509919134752
0.170867117798 -0.492453452743
0.178821048342 -0.379850105905
0.107430271614 -0.338344387243
0.218540459317 -0.197799629006
0.353676049920 -0.425448666263
0.413107314538 -0.598822024662
0.362346468220 -0.690461063123
0.080070025624 -0.746673930527
0.099342534686 -0.984055297762
0.225963026067 -1.000000000000
0.325266470381 -0.951553542604
-0.027362739370 -0.708135253730
0.279909390254 -0.746006723023
0.317442923279 -0.565582829632
0.237959948178 -0.490151962519
-0.082192545970 -0.619658756686
0.242589030060 -0.604833863312
0.250482331760 -0.444310422379
0.166373141405 -0.401376684730
-0.092379149508 -0.505657940479
0.174480571477 -0.484849353523
0.183832552134 -0.371974209736
0.113282682635 -0.329229148283
0.220227331914 -0.195563767721
0.349102050329 -0.413372492559
0.410492590017 -0.584167539256
0.384167002211 -0.690249883030
0.073275513535 -0.737046252937
0.094970649421 -0.982723443212
0.228765477446 -1.000000000000
0.331541639398 -0.949194049561
-0.028605342824 -0.699197395264
0.288534921531 -0.750331874174
0.333020158278 -0.570191469018
0.253102700326 -0.490866492707
-0.072324337963 -0.612136180866
0.262613849700 -0.606176932949
0.273715084674 -0.443054263653
0.186656663775 -0.397018829872
-0.069415374370 -0.498954386839
0.204182166796 -0.477350635183
0.210704662064 -0.363307404033
0.135187073263 -0.320901829820
0.225132596556 -0.204247577923
0.352438819815 -0.421811498468
0.415152850158 -0.587304541186
0.394435995416 -0.692199586949
0.073220414186 -0.741382061314
0.090427422266 -0.981666515003
0.224729141981 -1.000000000000
0.329919602006 -0.952511241299
-0.025844595880 -0.700233402201
0.293767053940 -0.744914348619
0.338246880160 -0.566978782405
0.257019037449 -0.492031067477
-0.065360595224 -0.609766779275
0.270771964408 -0.601568854625
0.279871374137 -0.440803957827
0.189879842390 -0.399387767222
-0.057973959444 -0.494863531945
0.217900942145 -0.469906024441
0.218714269103 -0.358357945949
0.136601115922 -0.321631654602
0.233143852427 -0.210439417979
0.355997316655 -0.426799836995
0.421059343673 -0.586555298191
0.409073805342 -0.690632589072
0.068456441988 -0.738033088761
0.082792582238 -0.974635055808
0.216512697935 -1.000000000000
0.324142706877 -0.959837185520
-0.025507523540 -0.698778728292
0.302971718095 -0.746024600287
0.348580319866 -0.569968900913
0.266961168267 -0.491340261959
-0.058981222283 -0.608715991205
0.288624529902 -0.597897011171
0.297009483005 -0.437235705714
0.205152368738 -0.393003312164
-0.044866040875 -0.492884059633
0.240837569719 -0.461964001368
0.239460143614 -0.352213961928
0.154138974500 -0.315958400061
0.232741708373 -0.213311683211
0.354261368697 -0.432145146796
0.421887369274 -0.589350435195
0.414402818004 -0.686628150536
0.061574623957 -0.741756884822
0.086144471621 -0.977012192392
0.222959888223 -1.000000000000
0.328573956823 -0.959689004957
-0.030495365748 -0.697790492470
0.305579532001 -0.755112241647
0.352056039653 -0.581626174246
0.267660177831 -0.505845881445
-0.061693032650 -0.604290833925
0.291329558497 -0.607905147537
0.301688960653 -0.448126507813
0.209069961286 -0.404576737017
-0.045078741671 -0.487292483780
0.245429405817 -0.468350072804
0.245548953898 -0.360378829814
0.159657514030 -0.324026528368
0.233329452464 -0.211150413313
0.352690375715 -0.428780740233
0.419004014641 -0.588223251105
0.412662165383 -0.691472169828
0.054321576225 -0.736101405287
0.079728482789 -0.977400131774
0.218989069351 -1.000000000000
0.327918950620 -0.953931995598
-0.035158577331 -0.688970388613
0.303455191767 -0.749676608789
0.350601276377 -0.577843194816
0.267881720552 -0.498285146159
-0.062949021228 -0.594646134325
0.292355466293 -0.600581368304
0.300571346374 -0.443320729705
0.207976685347 -0.398584069494
-0.042762891912 -0.478156704264
0.247148414884 -0.463182416559
0.247110920251 -0.356010490438
0.162442344336 -0.318050459541
0.230646425439 -0.211830071082
0.349184890701 -0.428663816136
0.416500105893 -0.586709709529
0.409326585561 -0.684507818950
0.056228446436 -0.730988159385
0.075490557743 -0.976005331337
0.216585420851 -1.000000000000
0.325812489694 -0.953110048596
-0.030121303916 -0.683720436795
0.303537343258 -0.761466790911
0.357033571005 -0.596818318418
0.276037601739 -0.514016224457
-0.053883524770 -0.589482510890
0.294810024155 -0.609845617508
0.308063724975 -0.457562333224
0.216015436553 -0.410757983858
-0.029667717510 -0.473018981599
0.257755129195 -0.468890640657
0.260063600400 -0.364468290643
0.174955166585 -0.323826244045
0.231381874531 -0.214496026721
0.349063616234 -0.431497706865
0.418626525648 -0.588023570892
0.427753844236 -0.688057486547
0.061100828539 -0.734456774481
0.082284005983 -0.975899033648
0.223306495114 -1.000000000000
0.333801462771 -0.955799853977
-0.025227774087 -0.684677649779
0.310176966307 -0.760932097340
0.365337483576 -0.595399134483
0.286441350731 -0.508574666081
-0.048945839967 -0.589084632429
0.302506533080 -0.613082972158
0.318320806912 -0.456530262310
0.227612599595 -0.402481544312
-0.025989100727 -0.472240801804
0.266375793497 -0.472930061749
0.273198715440 -0.365890038343
0.190851374170 -0.319994239877
0.237165890215 -0.215493313574
0.349341427295 -0.431754509992
0.421905139665 -0.583837669150
0.437853783090 -0.687128468090
0.060872483205 -0.735214654989
0.085474969923 -0.977011474779
0.227505927514 -1.000000000000
0.336585779401 -0.954633723989
-0.020801127792 -0.688347149773
0.316651930015 -0.761625941095
0.368260903271 -0.597764994356
0.285245799728 -0.514283279045
-0.041870554093 -0.595310427913
0.309834211201 -0.614773364761
0.322768840612 -0.457963920584
0.229321460429 -0.404728995807
-0.018136040855 -0.480139339718
0.273598794638 -0.477994037700
0.277953606122 -0.370509727852
0.193582674137 -0.325839590030
0.238551092868 -0.216889034142
0.349850991381 -0.436587653295
0.423129964438 -0.587912461424
0.443403645383 -0.689061555022
0.063996175304 -0.733686794176
0.092544698845 -0.975184189147
0.232934785124 -1.000000000000
0.341362345372 -0.956301618156
-0.016180624940 -0.687280438152
0.321507337479 -0.760507369810
0.370752638537 -0.601876469722
0.289542556323 -0.517865779638
-0.036240329001 -0.594420368431
0.317001940125 -0.615374707503
0.328140620890 -0.462006493856
0.236553397045 -0.406052492728
-0.011688845084 -0.479468855077
0.280970557340 -0.478867646819
0.284748415941 -0.373569292504
0.202373473753 -0.327513565404
0.240723178529 -0.216700654140
0.355138075585 -0.432971357340
0.433945790309 -0.580404894091
0.450951951101 -0.680102655380
0.064503665214 -0.734359747143
0.094575469820 -0.975366672293
0.234028140700 -1.000000000000
0.342303156360 -0.956325200401
-0.014039726802 -0.688596811276
0.325129004968 -0.756955663869
0.374344475747 -0.600974030491
0.296012209417 -0.517619588964
-0.034356702313 -0.596185510968
0.319506482118 -0.610693599059
0.327349805686 -0.460134912200
0.236957126787 -0.404241158904
-0.010863654543 -0.481925523993
0.279712659080 -0.476339574097
0.281423013365 -0.372938998151
0.199795768929 -0.327407639950
0.238499544061 -0.213769880901
0.351612975924 -0.434815176813
0.423774463617 -0.588424068528
0.446140364482 -0.690156298366
0.069274198213 -0.732499229421
0.097252258196 -0.970672364526
0.233578039791 -1.000000000000
0.341731258631 -0.959628338418
-0.010908109558 -0.689471702658
0.332063398488 -0.754133892274
0.380005498561 -0.593772807597
0.301595075305 -0.505158791549
-0.030699180800 -0.598465851751
0.327360982282 -0.611903543538
0.336379511788 -0.456585189534
0.246949473350 -0.395686772421
-0.006206216443 -0.483692302542
0.290891058526 -0.477135876490
0.295256342405 -0.370129578863
0.215700087709 -0.320952852606
0.231599001895 -0.210497551692
0.341928075626 -0.430926638409
0.410001237374 -0.586120650935
0.428919546667 -0.680298011659
0.067042497744 -0.733827696895
0.089469281082 -0.974705605331
0.225492873158 -1.000000000000
0.329109771621 -0.954702264552
-0.013972136818 -0.684253278812
0.325848597452 -0.755035804464
0.376901369295 -0.599119902868
0.295151046032 -0.508697506894
-0.032399870340 -0.586850084969
0.322705693334 -0.609766962950
0.336840538949 -0.458598418549
0.244617717650 -0.398138191468
-0.007801012040 -0.467280376256
0.292843992750 -0.472315032574
0.304715086618 -0.368819115974
0.225765629088 -0.317383059941
0.235210703198 -0.217626412203
0.342341687023 -0.438859649722
0.414279404358 -0.588165805248
0.431719789982 -0.681730753576
0.052586383926 -0.727101451711
0.076661559952 -0.972898784630
0.217868880498 -1.000000000000
0.326662391522 -0.953419236262
-0.023303128961 -0.678287988261
0.316801459782 -0.755021916683
0.372327749910 -0.602280217371
0.294425662634 -0.512341461186
-0.038069098037 -0.583932282544
0.317769932426 -0.614471208159
0.333525994965 -0.466737507675
0.244133536481 -0.406238429142
-0.009702933446 -0.469015177815
0.287052963304 -0.481028781599
0.298665006328 -0.378599144236
0.220835659541 -0.327326159423
0.235280806169 -0.216211385122
0.346920898861 -0.436573026371
0.421586426550 -0.585108908238
0.439235003826 -0.677847229328
0.058943425084 -0.729287910998
0.085248532506 -0.974353756861
0.227912867129 -1.000000000000
0.337463263027 -0.951316406911
-0.015813440692 -0.680232095576
0.329503850986 -0.758458260195
0.385522450806 -0.605423650388
0.307947364486 -0.515385495145
-0.028950509674 -0.585737282872
0.330759727877 -0.616318399861
0.345675839471 -0.471854129149
0.256267541907 -0.413055955178
0.000621308364 -0.469841812378
0.300016392002 -0.481197570564
0.311010636307 -0.381946307337
0.233536833196 -0.332268332980
0.235652261646 -0.220066358418
0.343672500112 -0.442253249376
0.414969326706 -0.590011352631
0.436899665406 -0.683771661003
0.058321540375 -0.729747026181
0.080937752158 -0.973341379405
0.221359255010 -1.000000000000
0.331676332088 -0.952971264059
-0.017729814821 -0.680282468857
0.326216929450 -0.752789708646
0.381981484535 -0.599338412235
0.306773351322 -0.510246756042
-0.032430334968 -0.584991292288
0.326176213124 -0.612701773203
0.341147037140 -0.467138148591
0.253193730623 -0.407654485458
-0.005675418072 -0.468477321696
0.292974019197 -0.479627816002
0.305043301485 -0.379498226443
0.229204196557 -0.329486494230
0.233100046010 -0.218378442179
0.340144239018 -0.441281561165
0.409966765354 -0.591059366629
0.428431982636 -0.683272164536
0.056501389604 -0.729623118461
0.081254807330 -0.975457290584
0.222834004911 -1.000000000000
0.332067203711 -0.950221473231
-0.018626177447 -0.680370816025
0.322531472368 -0.754550479831
0.376891505985 -0.601713425770
0.299402606969 -0.512869578332
-0.032839633271 -0.585395422340
0.322447626198 -0.613758684341
0.336188430933 -0.469489546004
0.246778250269 -0.411732212470
-0.004958290028 -0.469552496205
0.291012656706 -0.480153834552
0.300845390592 -0.380724648610
0.222985260254 -0.331589131910
0.231125802949 -0.213781368343
0.342117495073 -0.434398821872
0.414409786864 -0.583418986472
0.433156742723 -0.673738591315
0.062486202501 -0.728658288564
0.083099014854 -0.974659316923
0.223470472221 -1.000000000000
0.331550652945 -0.952185602138
-0.013175808042 -0.678858745590
0.326253456111 -0.757032031406
0.382084092522 -0.602763167638
0.303547508767 -0.513694594022
-0.027372153022 -0.583900443154
0.325297061250 -0.619208048735
0.341424447761 -0.473367219123
0.251160815136 -0.415146421237
0.000074397855 -0.469016248283
0.295616836443 -0.483539865604
0.307640694514 -0.383462060744
0.229724672310 -0.334015820669
0.232043598764 -0.218563022995
0.339777221667 -0.444060445322
0.410628140274 -0.594991937766
0.435012994871 -0.687615016767
0.059869869084 -0.733085333839
0.084457552119 -0.977792907620
0.225364504595 -1.000000000000
0.332038805511 -0.950906167291
-0.014097843617 -0.682181185220
0.327511213350 -0.759792622122
0.381261798251 -0.606819518563
0.302783359347 -0.520217062259
-0.027330979178 -0.585659907044
0.327891614984 -0.620486318977
0.341841422679 -0.476007104151
0.251905929726 -0.418623871526
-0.000714487425 -0.468792843521
0.297083626794 -0.483590886563
0.308026924536 -0.383875978056
0.230780399677 -0.335179063386
0.227273543322 -0.214451958800
0.335755260154 -0.436263201870
0.405648029850 -0.585576392284
0.426612270142 -0.674704820741
0.060283221335 -0.728168393444
0.078614836085 -0.976588316041
0.220697152385 -1.000000000000
0.329440210401 -0.948763043748
-0.014751866501 -0.676706349926
0.321440614150 -0.757858655890
0.382410051707 -0.606046683829
0.308000583019 -0.516753417421
-0.027596011913 -0.579792588474
0.321586499215 -0.618926213760
0.340602330570 -0.476048354379
0.251921946621 -0.418628149184
0.000224826447 -0.463335227318
0.294661315171 -0.480561836597
0.308592643385 -0.381719314613
0.231444308659 -0.332836645981
0.224100148805 -0.216306798498
0.332817540224 -0.439804382817
0.398940639971 -0.589817849369
0.423704807609 -0.675149919116
0.061468721423 -0.728901520106
0.077651844573 -0.975657819166
0.220200141317 -1.000000000000
0.329340935238 -0.949743037806
-0.013317402596 -0.674735468179
0.319935388430 -0.759389701884
0.387936443800 -0.611237572843
0.318191423146 -0.520635710107
-0.023928339736 -0.575655950445
0.322998261218 -0.621613939769
0.348223989855 -0.480879521994
0.262275982724 -0.420595630617
0.005046156318 -0.458901403801
0.301772205185 -0.481222948468
0.322673304154 -0.383601098390
0.249546726278 -0.331941027350
0.222031713456 -0.215629533179
0.325230428025 -0.441545627733
0.388474155937 -0.593795413215
0.424359319453 -0.682325987831
0.052766817009 -0.720636989512
0.073872379915 -0.972462442775
0.214515795189 -1.000000000000
0.322611743163 -0.951998240081
-0.016236732099 -0.670631152648
0.322821852907 -0.757809086070
0.385767657535 -0.608807880392
0.314624793419 -0.518953132325
-0.022102520179 -0.576002357676
0.329649594447 -0.625229142526
0.351327117941 -0.483069315109
0.266367909545 -0.421081034178
0.010024032768 -0.463468655648
0.308904145225 -0.486793443013
0.329874730642 -0.386407845163
0.260628413143 -0.332378675954
0.208133810215 -0.216473068355
0.302046901371 -0.446109425267
0.358241060222 -0.599087652925
0.399394010086 -0.689278137318
0.049771658911 -0.721054847639
0.080481860778 -0.970265828805
0.217783422833 -1.000000000000
0.321232501343 -0.955853352027
-0.007080285043 -0.668294232190
0.331366702435 -0.757802447736
0.384941962750 -0.611438839822
0.310395082285 -0.525502837054
-0.000866414191 -0.571464558099
0.345012424207 -0.628435041307
0.359758104055 -0.493047608037
0.274709593912 -0.435093162802
0.040839402759 -0.458422076130
0.334669335395 -0.484559593908
0.345503219828 -0.386046102028
0.274368545699 -0.335118663829
0.190355288046 -0.213062230102
0.287612506959 -0.448277203352
0.341612735675 -0.608689067833
0.385533139521 -0.691125949967
0.054736942010 -0.727776852888
0.089604061768 -0.974057112006
0.230314745045 -1.000000000000
0.332333847727 -0.953332739502
0.001849346583 -0.672040252396
0.339984065971 -0.758345073810
0.392216372945 -0.611998702389
0.316015514285 -0.529544510993
0.013732360004 -0.569253902104
0.355934863930 -0.630720192349
0.369377396447 -0.498486768593
0.282490521396 -0.445755885732
0.061198461295 -0.451046296246
0.355874270710 -0.481567905336
0.359319094704 -0.385485555259
0.282075444870 -0.340037009406
0.165993116960 -0.223277540263
0.250377155375 -0.469512770697
0.304155354819 -0.637568973113
0.356426534132 -0.725647331581
0.049243029675 -0.725888770748
0.094556294451 -0.975764285778
0.235387715120 -1.000000000000
0.334412441113 -0.952532826054
0.013637536729 -0.668804865087
0.360505183271 -0.758219221570
0.408045219606 -0.615743365811
0.330264456930 -0.534789767446
0.037945226094 -0.565269660737
0.385258659750 -0.624191334600
0.394084725260 -0.497110325689
0.306807658311 -0.445655802402
0.092604266252 -0.445209928726
0.384530338821 -0.476374732804
0.392072883683 -0.383338139611
0.322703388099 -0.339490735397
0.116084341431 -0.235499923049
0.185226807589 -0.486883379753
0.253552882015 -0.658376035019
0.323253808951 -0.754277387469
0.044026969759 -0.719047084088
0.099042629389 -0.977690011409
0.239739679353 -1.000000000000
0.339984774368 -0.945394873979
0.031810272258 -0.664898402348
0.387720529776 -0.741765398420
0.415143638060 -0.597736285729
0.327245461478 -0.523905303234
0.069148700139 -0.565340625359
0.418924547403 -0.600326894367
0.408358123148 -0.475245966257
0.315280720700 -0.431227178598
0.131086329594 -0.445943009727
0.416337099047 -0.467966235202
0.410290830355 -0.376379706574
0.338027564152 -0.337633048410
