0.271351616416 -0.046314344490
0.562459672633 -0.178913397685
0.584693818374 -0.287538636276
0.360609928269 -0.338326314603
0.480396133145 -0.947065807236
0.589446861471 -0.726265584856
0.534312610864 -0.480097873413
0.467085139077 -0.428672452353
0.182543294037 -1.000000000000
0.301003233872 -0.673948616880
0.272176269206 -0.384778522826
0.233314717279 -0.439592918329
-0.085767918795 -0.924455030705
0.022300571420 -0.523878392101
0.051932420444 -0.292896209267
0.056331037103 -0.364380030586
-0.321434892107 -0.778223910378
-0.228588469308 -0.497010563369
-0.147613411541 -0.333056434751
-0.105666016744 -0.379269875917
0.274516080773 -0.057626239086
0.563661452503 -0.198424415632
0.579585442541 -0.320068686254
0.349258949994 -0.361792685578
0.453657483078 -0.947564687201
0.579166424416 -0.749511420498
0.513522978074 -0.497704857966
0.435802551930 -0.447155405578
0.164220899328 -1.000000000000
0.293134688255 -0.705444107857
0.267413035730 -0.421615284197
0.224507922096 -0.464292531165
-0.099330440082 -0.923880171041
0.008373763052 -0.571355333551
0.042078231372 -0.336532111005
0.044036313851 -0.379730667456
-0.332970782270 -0.772787143022
-0.249276838202 -0.509998782821
-0.159243432474 -0.346729504513
-0.113089534125 -0.376635575392
0.266136327240 -0.067238410829
0.550212660766 -0.222405466898
0.564589027075 -0.361484446172
0.337148517701 -0.401961706332
0.433048495190 -0.951155631195
0.561398076932 -0.830092102639
0.538786086800 -0.586538352588
0.483778691546 -0.498334084945
0.146436888796 -1.000000000000
0.263012889950 -0.796516025191
0.259644140224 -0.488567052444
0.222417458692 -0.486474956603
-0.116572507482 -0.925914652801
-0.014092151362 -0.646550385928
0.028236802229 -0.393948544442
0.027699815383 -0.407461973740
-0.354313023201 -0.770318299968
-0.273727321347 -0.573159335243
-0.184264859626 -0.407396963111
-0.143049915321 -0.419023667834
0.271502028433 -0.064363439156
0.559841276456 -0.221404116774
0.577396689514 -0.355863228701
0.344510129042 -0.405530762612
0.426121747107 -0.946756975818
0.570119200793 -0.862563956445
0.580479220863 -0.650258911581
0.549582386024 -0.531952663831
0.144049941122 -1.000000000000
0.281791488470 -0.822748775666
0.287288249606 -0.506883712788
0.256762479789 -0.470732126190
-0.114081537886 -0.935946150198
0.008507482752 -0.652904912810
0.049956791593 -0.391903928382
0.051213702258 -0.387212359118
-0.350167620933 -0.783207567765
-0.259476541649 -0.597590797857
-0.177106931951 -0.425751835654
-0.139022971376 -0.419151396404
0.278315637764 -0.066341989260
0.567102423836 -0.241947817275
0.563591162996 -0.383572197656
0.311243070505 -0.422608338580
0.415475013326 -0.948368764964
0.585007382458 -0.818558798007
0.520335170744 -0.553918296619
0.435299630978 -0.463262295931
0.128923023442 -1.000000000000
0.300249783179 -0.801863409950
0.274271752059 -0.481181578969
0.224018422885 -0.472688183157
-0.126510623216 -0.930990579730
0.009851547086 -0.654263079702
0.047602188677 -0.383036436400
0.049402852066 -0.385937832876
-0.351859812462 -0.778439618864
-0.261542682524 -0.593304121823
-0.178494772548 -0.419871532456
-0.139449596943 -0.426565107491
0.280498559938 -0.076350980168
0.568018390763 -0.262100770323
0.566155810568 -0.411986365664
0.312595151529 -0.448273998487
0.419001222967 -0.953520144996
0.574830748588 -0.857727517288
0.538630595162 -0.602277963497
0.473335973278 -0.501849446496
0.131526947451 -1.000000000000
0.282134212447 -0.845199807423
0.271307139785 -0.517772158661
0.225025681452 -0.504405919870
-0.125755476552 -0.929620019210
-0.005280265832 -0.692207679578
0.040850190330 -0.419481770166
0.040560824519 -0.423414240222
-0.354539046535 -0.774651894485
-0.268525530756 -0.607108240969
-0.179737102483 -0.436214574558
-0.141186559222 -0.447914366206
0.285611973565 -0.082588155532
0.568126521190 -0.267331266678
0.572308915411 -0.419058749345
0.329530738436 -0.472903426156
0.417735099198 -0.953354823533
0.574414893600 -0.850464439586
0.553145573674 -0.627922348027
0.497726572654 -0.533805509744
0.133661845107 -1.000000000000
0.293221904460 -0.814812898749
0.277562979592 -0.502224900789
0.226251072964 -0.497004252070
-0.117585424519 -0.932024055228
0.025017299206 -0.642744143312
0.062973340188 -0.387148076138
0.052048543476 -0.411562930229
-0.341385720447 -0.782741446462
-0.229230064359 -0.583223253814
-0.149247515326 -0.413010220836
-0.124704047268 -0.426162033240
0.289603735344 -0.094063725511
0.570364000870 -0.289050404459
0.561287225854 -0.434589189692
0.305976232940 -0.472825763229
0.403252840056 -0.964232481331
0.576177257596 -0.833235744092
0.525818408538 -0.572282226847
0.448586583441 -0.500697608711
0.121718655002 -1.000000000000
0.300110640928 -0.799628777549
0.275251287993 -0.480240296091
0.211566773180 -0.506717819359
-0.126172663338 -0.924329304366
0.031127743020 -0.641225290256
0.066750903524 -0.377900984530
0.044461121344 -0.418050963689
-0.343818685042 -0.775881228097
-0.224083353768 -0.572472837470
-0.146426051973 -0.404868806799
-0.133407328083 -0.439035623183
0.287765637072 -0.094402969843
0.577078815521 -0.282943785054
0.579149872527 -0.434529895730
0.325963387292 -0.471544919591
0.417060156743 -0.962912592950
0.563539231245 -0.851397170911
0.538572828875 -0.590587491988
0.487798920247 -0.499399682440
0.134676686782 -1.000000000000
0.281181946417 -0.817088100021
0.276849242041 -0.502899185226
0.232062096547 -0.505828039144
-0.120975502826 -0.925354695165
0.009382133257 -0.658586869717
0.051168368958 -0.397115221273
0.041775574611 -0.418745029793
-0.351249435325 -0.774142844859
-0.249813278958 -0.591242447635
-0.170160441455 -0.421428818918
-0.147759714556 -0.439011341015
0.283754383906 -0.089315174070
0.572338117076 -0.271818959914
0.572857941885 -0.421140893211
0.314137335307 -0.460399984879
0.406033108552 -0.963758863728
0.579723992586 -0.829566202059
0.513916503798 -0.550421831062
0.428400244792 -0.471118409471
0.122010819277 -1.000000000000
0.295110694098 -0.800964882486
0.272180194900 -0.482027254693
0.216952194172 -0.502560240624
-0.132555608466 -0.923191652862
0.011834947724 -0.665549015116
0.046448810421 -0.397034911013
0.032522150856 -0.417165897837
-0.359079330833 -0.767157603961
-0.257085340038 -0.592248639127
-0.173727463601 -0.422859051497
-0.149843920908 -0.440672266632
0.275379889268 -0.083536528422
0.563204216740 -0.261785537490
0.567894122755 -0.404706757995
0.315220778491 -0.438495399058
0.402499991223 -0.964876962992
0.560223288734 -0.830977871244
0.526439375587 -0.562687890799
0.461462073098 -0.472666158767
0.119414440508 -1.000000000000
0.276246174659 -0.789177377621
0.275325213956 -0.477592835100
0.231174056377 -0.485892294783
-0.134784007939 -0.919049969631
0.006742196305 -0.630685208526
0.051592242940 -0.373911449867
0.043689506951 -0.397882829588
-0.359542421934 -0.761615262276
-0.252125467672 -0.561656830494
-0.171485186056 -0.393849589057
-0.149422012197 -0.412095789463
0.270277284628 -0.082658400006
0.548764457047 -0.254102340288
0.552201771540 -0.391181015584
0.312925753141 -0.419020581031
0.385950806478 -0.962971175718
0.546629222648 -0.801252192214
0.501018816845 -0.543593232317
0.425904057673 -0.484675997442
0.107425294215 -1.000000000000
0.274353842293 -0.752110788141
0.266153262974 -0.456747817186
0.214534100388 -0.491702280788
-0.142199256410 -0.917704353904
0.002915394931 -0.606688496415
0.044033771873 -0.364510723221
0.031988332890 -0.403613355205
-0.359992796533 -0.759798019065
-0.253415494882 -0.535070589091
-0.170850271757 -0.374695205151
-0.148215017588 -0.403295807289
0.265433578917 -0.082265121179
0.544759758886 -0.249279153781
0.556375309236 -0.388449854692
0.328098014259 -0.428707000362
0.393015619041 -0.961828993770
0.545868108688 -0.804254447087
0.498395674307 -0.549338759749
0.423714520414 -0.497771475469
0.113261242463 -1.000000000000
0.270640064605 -0.758172633488
0.261952560796 -0.461637318862
0.208377167716 -0.495324756720
-0.139575247663 -0.917929400043
-0.003378550840 -0.611816171475
0.037614563535 -0.367562496364
0.023545352209 -0.407058912717
-0.363047780530 -0.760837199344
-0.261415972872 -0.540466592681
-0.178637404529 -0.379302636561
-0.157158892367 -0.410274136078
0.264671912456 -0.076469828911
0.552285002948 -0.245430072087
0.570463336492 -0.386888039759
0.334004447242 -0.423529207767
0.395995555510 -0.962387666403
0.556945643627 -0.798192010873
0.503057444506 -0.532530675594
0.419419128205 -0.472552083348
0.117352546916 -1.000000000000
0.277161695515 -0.760257239842
0.267411415028 -0.450180320004
0.217300720225 -0.484208822758
-0.133669927005 -0.919019762676
0.003851725937 -0.639054067927
0.047622389755 -0.381116643634
0.038412670190 -0.404222045032
-0.356209464238 -0.760610916413
-0.256074773558 -0.559123300460
-0.164939339651 -0.390788803343
-0.134274525865 -0.409083102434
0.282272982729 -0.082144484903
0.579087373187 -0.242738701527
0.605181245719 -0.370656153040
0.364269068880 -0.401176659692
0.406665557967 -0.966615986568
0.587571198581 -0.784142718870
0.534195150158 -0.518490813913
0.449610180739 -0.464465364385
0.128456910434 -1.000000000000
0.309176994621 -0.729920904254
0.291484745986 -0.432726169510
0.230237022821 -0.479261077197
-0.122705217870 -0.915265332933
0.036707514595 -0.598996742789
0.070200171315 -0.355208441333
0.049294642035 -0.394779833820
-0.343799226091 -0.757611582618
-0.228956312363 -0.529424494423
-0.143616592177 -0.369337681848
-0.122496838003 -0.399384323776
0.281095346763 -0.075296807737
0.569939692278 -0.232123285465
0.599372414867 -0.362431588977
0.366396720187 -0.405005835317
0.411238974029 -0.961624859681
0.583621551319 -0.745350856471
0.504893036236 -0.495592376255
0.408010877294 -0.469420602712
0.129714197327 -1.000000000000
0.314302076593 -0.691382986032
0.284987861923 -0.418162287748
0.222390062365 -0.483757941401
-0.119648119947 -0.914562886167
0.036596830392 -0.566289077030
0.067527858000 -0.342571329718
0.048132276954 -0.398412887764
-0.336529130670 -0.757046095203
-0.227804012783 -0.503036811499
-0.143626345084 -0.354630247690
-0.120553977523 -0.399493558344
0.281431813243 -0.054031658135
0.589227210629 -0.197138295930
0.628140418685 -0.317730516317
0.399417102092 -0.353413150755
0.451444846234 -0.951765026640
0.616131510029 -0.740973670425
0.538493715519 -0.485985557873
0.446497434984 -0.438700408594
0.167647165575 -1.000000000000
0.321624790289 -0.683178582646
0.297430354570 -0.410855859087
0.251630076457 -0.447608492430
-0.094861042561 -0.919472293916
0.029497846427 -0.549570900145
0.064339018941 -0.325627902736
0.068677792102 -0.361458576553
-0.325407320252 -0.767123626313
-0.236707440370 -0.484403708529
-0.149174918624 -0.325453141964
-0.102977391986 -0.355111173858
0.288329289192 -0.052032510138
0.599762653230 -0.189086101972
0.651943439837 -0.312424167906
0.431211418275 -0.352879010246
0.483924557274 -0.952892793692
0.651688654918 -0.734701406837
0.562180169104 -0.479118149908
0.459813208671 -0.438721118305
0.202577172230 -1.000000000000
0.362900392149 -0.685573245419
0.325098436068 -0.403842733724
0.271138616618 -0.456012508762
-0.059316567935 -0.922197428789
0.069424713406 -0.572628296760
0.094795462721 -0.339146682212
0.089760612767 -0.378163660485
-0.293756663601 -0.773467919384
-0.205555896503 -0.520637222396
-0.117387689474 -0.362545079203
-0.073882595129 -0.392269480047
0.292215575819 -0.047927380653
0.598378456645 -0.176260099055
0.653017518955 -0.292191768945
0.436758156961 -0.335647361529
0.495494477591 -0.949598608955
0.653168359312 -0.699668851138
0.553855411424 -0.459725267717
0.453712460666 -0.439313967774
0.210510573180 -1.000000000000
0.368147316177 -0.639505974978
0.317183654371 -0.379249937757
0.263179569017 -0.444224564152
-0.053186557286 -0.921198055245
0.071213693981 -0.534229547883
0.084851033483 -0.323102757565
0.080408765939 -0.378530732080
-0.287350783868 -0.772555597027
-0.202559648481 -0.495816108465
-0.123106966620 -0.347958562897
-0.079963577387 -0.388708742270
0.302389853841 -0.042674661732
0.615951905547 -0.159532786428
0.685401357070 -0.265806071743
0.478951715378 -0.319209459842
0.523661439349 -0.956946104602
0.670039008880 -0.705817513567
0.585401198636 -0.457853283958
0.490695236275 -0.425212831032
0.237164255900 -1.000000000000
0.386331514174 -0.637166137905
0.345671750337 -0.371530310823
0.293982859445 -0.435376379691
-0.029263165647 -0.915894384360
0.098142734449 -0.510604643646
0.118525043657 -0.300226892060
0.116094472248 -0.362245783456
-0.263168863836 -0.764697537026
-0.174542162607 -0.475701319425
-0.090274416054 -0.325012037392
-0.043000363870 -0.367818775566
0.313719909186 -0.043824648330
0.635325899668 -0.152241545992
0.703551915357 -0.248702754014
0.495883098887 -0.302160108137
0.534858172730 -0.961468447752
0.692545580654 -0.683807646264
0.594180899457 -0.438405567812
0.497174828193 -0.422769207887
0.240440712220 -1.000000000000
0.407834754304 -0.614597134146
0.359026673024 -0.352254961002
0.310800297658 -0.431757993231
-0.029836536167 -0.912475375438
0.117603359974 -0.488102053226
0.132575288095 -0.276544731036
0.132478077882 -0.342109568547
-0.263953043579 -0.759392037609
-0.165906725829 -0.460950803370
-0.082142824161 -0.304446492340
-0.032743801998 -0.342275652195
0.316927130316 -0.039167611357
0.645957954710 -0.141373805351
0.723445513635 -0.238893981098
0.521332303724 -0.293105178651
0.558161649791 -0.959012980167
0.733243111546 -0.698479705064
0.630003848929 -0.446023103360
0.522768104063 -0.414026241406
0.263461159392 -1.000000000000
0.435213141684 -0.635959238016
0.382213845403 -0.362029376487
0.328038473677 -0.425677690002
-0.010639628396 -0.912832796613
0.130544769511 -0.519569129443
0.143864762788 -0.301191784451
0.142264608377 -0.349506248444
-0.249524270071 -0.754681533842
-0.164636824691 -0.478413555268
-0.082364516480 -0.324705485754
-0.030665327127 -0.359773683553
0.318773192401 -0.036129632746
0.645953120774 -0.124078094885
0.721528447757 -0.213956546259
0.521592655589 -0.275699532873
0.568056160304 -0.960876195891
0.730614354127 -0.705128444823
0.634361371963 -0.451820961813
0.527740629389 -0.413312180339
0.267759025757 -1.000000000000
0.432020451599 -0.629644121068
0.381992303420 -0.351289126038
0.325199281675 -0.408686933806
-0.009487061411 -0.909461174547
0.123803333216 -0.508070867487
0.136022894169 -0.290315161746
0.130123402228 -0.338779786381
-0.253082678009 -0.746631622916
-0.166284620802 -0.474932928294
-0.087793085892 -0.318758325538
-0.043299715950 -0.349234795760
0.310698420985 -0.032111271194
0.633949558221 -0.125887659893
0.705039720351 -0.218956481398
0.505120315624 -0.267693859560
0.566286067895 -0.955863231230
0.728298639579 -0.698276875461
0.626647764265 -0.449567979687
0.516656630943 -0.404768119373
0.272400541635 -1.000000000000
0.426786063078 -0.631591400236
0.378314091249 -0.354632528534
0.325971190260 -0.395473307046
-0.005373517360 -0.910971274868
0.113597904064 -0.513602286737
0.128335068682 -0.291977266203
0.129952664628 -0.329134951558
-0.252056949001 -0.748068940556
-0.173849284843 -0.485228018583
-0.095088046068 -0.326479590393
-0.044479246268 -0.348289431971
0.316125680741 -0.030054295160
0.637063716615 -0.119543582642
0.698939691093 -0.203152110344
0.498129468615 -0.250799745638
0.565829917721 -0.956340909892
0.719515232353 -0.688427945076
0.616532757654 -0.428295705874
0.508949389770 -0.381758777748
0.261615107239 -1.000000000000
0.415712402836 -0.612158626249
0.368360935855 -0.335554089068
0.316766652603 -0.375343486344
-0.021625859678 -0.908795408591
0.101925164965 -0.491062971686
0.116137393727 -0.271095684960
0.116954161697 -0.309925600250
-0.271041324953 -0.742855636033
-0.185504004909 -0.462083819179
-0.108111262826 -0.300671379016
-0.060182961699 -0.321954157644
0.312470904259 -0.029696784666
0.637884821202 -0.120399589707
0.709771742343 -0.203896868240
0.515489645859 -0.247577558515
0.572746058381 -0.958758065868
0.723452628850 -0.701129765344
0.629992329702 -0.437965129377
0.526073003772 -0.390691259283
0.274450018556 -1.000000000000
0.423836305998 -0.615307971304
0.384417658489 -0.331919396310
0.335082741303 -0.379679891960
-0.005852690225 -0.907909118000
0.115981980910 -0.490835877888
0.135448118652 -0.267903112380
0.136963416985 -0.316461162824
-0.255719422160 -0.744329458431
-0.166742751031 -0.464414650608
-0.087675047913 -0.298103711938
-0.041399426992 -0.321648539522
0.309759175308 -0.025665109503
0.638527837557 -0.113886870685
0.705007530024 -0.195258555727
0.501446712097 -0.236704793073
0.577643046671 -0.956978182217
0.724441428137 -0.690135847386
0.630229719198 -0.426041799999
0.529546046822 -0.375398230795
0.274163990308 -1.000000000000
0.421165061875 -0.602189881845
0.381220071620 -0.323519950446
0.336278734596 -0.373688512690
-0.010713414923 -0.907288463823
0.110427121552 -0.476395914234
0.127862869762 -0.261194586486
0.131224087565 -0.317568320428
-0.263202456510 -0.743939018622
-0.175179497380 -0.450531132984
-0.097158542641 -0.289924603580
-0.048750805875 -0.321363771841
0.310103483780 -0.025701898030
0.634258738989 -0.119353030060
0.696416358357 -0.201617538364
0.493817507635 -0.245528983538
0.593276196647 -0.952608606585
0.733972505647 -0.688163567329
0.636397637696 -0.426897211251
0.536922199123 -0.389704256994
0.294343257171 -1.000000000000
0.436705542044 -0.619102051516
0.388862339322 -0.332929451986
0.343266402947 -0.393957686826
0.012135157552 -0.915349209041
0.129854399147 -0.509027773521
0.146789213919 -0.279831579132
0.152987055844 -0.332837278952
-0.239391076788 -0.760163420216
-0.150154563886 -0.482698221023
-0.070394568945 -0.309080549772
-0.019995443817 -0.333197344054
0.310467626550 -0.020596476014
0.633779992132 -0.104061783615
0.704816249368 -0.187112065448
0.516073197410 -0.244009451818
0.598879277448 -0.951113697097
0.740171610784 -0.700775828948
0.643653923785 -0.433437584400
0.542008865968 -0.381849407143
0.301690231834 -1.000000000000
0.431579070555 -0.628161005216
0.384315595405 -0.333543956744
0.339057134781 -0.384014792234
0.019210813127 -0.919973990903
0.121938945931 -0.514056760625
0.134658346060 -0.278525277142
0.139890046982 -0.327040458587
-0.236023660497 -0.769712022140
-0.162219544960 -0.497177006349
-0.092480326114 -0.319950447790
-0.046540915236 -0.341957521891
0.300802019869 -0.019864252679
0.619531659315 -0.106588937004
0.688165647732 -0.191271608789
0.497464755268 -0.252846140760
0.593762142241 -0.943772292574
0.718958403818 -0.713817890150
0.630297137225 -0.439998801328
0.533607919715 -0.373737400695
0.292761665391 -1.000000000000
0.413056080186 -0.647012664519
0.372009645599 -0.343394375376
0.332470548722 -0.384650043810
0.007925672370 -0.923784817629
0.103643853696 -0.526733855844
0.124393588487 -0.286069029022
0.135328547846 -0.329321111657
-0.247257573855 -0.772104614178
-0.176498408036 -0.498554692805
-0.097491788931 -0.320659867431
-0.043057234887 -0.341252931009
0.296004367214 -0.022308838863
0.618871496096 -0.104933854694
0.689987539641 -0.184874040049
0.492730243848 -0.244673459819
0.602057611302 -0.942082360793
0.721649786316 -0.733966550583
0.640080277821 -0.450539223063
0.549477976544 -0.376583116820
0.299999392503 -1.000000000000
0.410719851235 -0.681093215232
0.374265911924 -0.357229483182
0.339901558266 -0.391031401997
0.013061243238 -0.928021643514
0.099933869946 -0.561499758577
0.126066814604 -0.298094773116
0.143822550910 -0.327570849757
-0.244285891921 -0.778973180378
-0.180271568724 -0.531909257128
-0.099769204854 -0.340826440866
-0.042670200302 -0.349865539316
0.304144159813 -0.013618325684
0.629861771618 -0.089766223763
0.715708975282 -0.165395309257
0.539629688006 -0.233974692940
0.632270577612 -0.935417227963
0.746227764574 -0.684935101841
0.652496555872 -0.424884214417
0.558127222701 -0.376540074429
0.327025953311 -1.000000000000
0.440515416985 -0.619375576987
0.391615868532 -0.317113283916
0.350570095990 -0.370395383018
0.035290436441 -0.929558263927
0.120491544256 -0.499848983766
0.136893951923 -0.263626672340
0.149233129986 -0.324057856688
-0.227433399511 -0.786114270762
-0.159777194763 -0.487771256603
-0.088485419751 -0.306813122651
-0.040198942860 -0.335963215706
0.313539992844 -0.023110932384
0.635227863314 -0.111724344832
0.706674227096 -0.194189766277
0.509898595307 -0.257706949663
0.609987051928 -0.948823176374
0.746293836776 -0.677435415547
0.638205225744 -0.425988161170
0.532924774283 -0.398301608557
0.307356185547 -1.000000000000
0.444615876325 -0.614627364388
0.382277895029 -0.322613065632
0.333981116859 -0.390420605383
0.022081378572 -0.922220231302
0.131209928621 -0.514070560328
0.139000149902 -0.282936767928
0.142416629217 -0.342675154976
-0.234210903463 -0.774574372484
-0.157836886315 -0.505373431980
-0.088458444917 -0.330386923881
-0.045117081540 -0.359300247892
0.310022678524 -0.022412279331
0.637228967461 -0.106699756557
0.731049191287 -0.193050381265
0.551886804236 -0.258725022393
0.603311678712 -0.950220965548
0.756434322621 -0.695293872484
0.657251045722 -0.441214565294
0.551688785678 -0.399088236570
0.317524271466 -1.000000000000
0.466574313516 -0.611370791793
0.402777013467 -0.325472869603
0.346699611222 -0.380175950389
0.039372992706 -0.923030504471
0.158197651638 -0.502831037108
0.156247239492 -0.277909811176
0.151941597444 -0.329117591913
-0.215124656442 -0.776264841646
-0.130602826977 -0.489548351916
-0.064575648224 -0.315815982929
-0.021564342066 -0.338297599033
0.310044522099 -0.022542362167
0.633217583010 -0.102566639911
0.719758220217 -0.188268473666
0.532818577159 -0.249931606911
0.590500328299 -0.944272210641
0.729689288837 -0.676817250858
0.621992591767 -0.424910914444
0.518652208791 -0.388933683253
0.293054350745 -1.000000000000
0.434569903150 -0.605473829977
0.376509324492 -0.333668272915
0.327273889033 -0.386593785878
0.007891126954 -0.920304236744
0.120793363375 -0.497872699839
0.125584256580 -0.283337333839
0.127400281232 -0.333405855936
-0.248007468690 -0.766110053795
-0.170068968312 -0.474193703343
-0.098064218195 -0.309916273199
-0.049007774691 -0.336147954001
0.322220801961 -0.025728441953
0.650574292862 -0.106165050612
0.745397034088 -0.190703272891
0.568729697870 -0.255742015594
0.609857426040 -0.951478796511
0.755385935760 -0.689054805860
0.654890670303 -0.439166499279
0.552397705669 -0.411660853739
0.312744310331 -1.000000000000
0.467067586185 -0.602364735314
0.407766598291 -0.326653945182
0.351058399122 -0.393934469137
0.029399919248 -0.915898508117
0.153167284480 -0.478981855146
0.155172490753 -0.267279154417
0.149923407329 -0.335923890218
-0.223748394597 -0.761099191060
-0.131902115581 -0.450447838869
-0.062983320044 -0.285111449945
-0.022821369660 -0.322314945005
0.337686999700 -0.057288092037
0.657110327248 -0.159105463318
0.741060519317 -0.244485025772
0.539613651075 -0.292651063143
0.557074753542 -0.974274741745
0.741132052057 -0.699740777797
0.643019365365 -0.475097491765
0.540180380081 -0.472559660306
0.265403461701 -1.000000000000
0.463610311761 -0.609745278728
0.393306867207 -0.357176509853
0.330200564862 -0.450632405250
-0.005293719213 -0.901295192155
0.165288846292 -0.492603549200
0.156720231746 -0.300208684915
0.136474687710 -0.377141851055
-0.241835696112 -0.736179051983
-0.128255536291 -0.459697846296
-0.064162694698 -0.318694810058
-0.036688292970 -0.371248699332
0.336613728157 -0.106594645261
0.639271146759 -0.255986549981
0.709160990146 -0.373783897668
0.494231723439 -0.414822406252
0.457378559163 -1.000000000000
0.707825775579 -0.776919270949
0.615694088302 -0.551220390161
0.501306252607 -0.558374252983
0.179452536618 -0.998087240198
0.453906700141 -0.691527038730
0.375258346091 -0.418758033062
0.283902114694 -0.516291278733
-0.063388718670 -0.887608069164
0.176844219242 -0.575188470364
0.157118183852 -0.362958383005
0.093771908217 -0.431421208765
-0.267994446644 -0.711602123375
-0.111198773387 -0.498727061881
-0.054554074049 -0.359017391998
-0.069553592918 -0.411988980810
0.335338786255 -0.134070977108
0.621026567125 -0.309829293710
0.669542175986 -0.448773598649
0.450242157264 -0.474072612292
0.418886926135 -0.991085317459
0.671704134308 -0.802528090411
0.577488060804 -0.563147532217
0.460029293053 -0.565846251687
0.160135473489 -1.000000000000
0.441327652267 -0.735478353918
0.365853699675 -0.470207426026
0.257959693335 -0.554679995281
-0.065923927368 -0.898749217362
0.178093558271 -0.623642817214
0.159394580652 -0.406843911030
0.081395857729 -0.463939930688
-0.255876298416 -0.726405612463
-0.083033083537 -0.523909906153
-0.031048256838 -0.381146620882
-0.063753890775 -0.425414035791
0.329200064432 -0.148216788358
0.615046186930 -0.346713269772
0.652107281070 -0.506490028597
0.418032710456 -0.520065221079
0.395341434599 -0.983617354956
0.657006090534 -0.833673545069
0.553853413311 -0.583834775662
0.435222428072 -0.582990833274
0.140318307130 -1.000000000000
0.435587191169 -0.776843899273
0.354731599289 -0.492614702126
0.242935644891 -0.577920891404
-0.080852255633 -0.910568411943
0.183550091067 -0.684796949540
0.163803952153 -0.450374724792
0.070431100537 -0.490524799485
-0.264644866255 -0.748578180990
-0.073767006203 -0.556992608671
-0.020184983822 -0.413378944119
-0.067886655513 -0.453951439116
