0.262088149314 -0.148696041914
0.481089477468 -0.422242974945
0.408619492867 -0.646005056211
0.155164364685 -0.637090254860
0.348013216359 -0.786676892909
0.482378093112 -0.958986068833
0.457589350212 -0.700279568023
0.376464618331 -0.582542494960
0.144194243371 -0.806750797875
0.262304795071 -1.000000000000
0.254067242603 -0.690969473927
0.186356075992 -0.630050983000
-0.041345298899 -0.776181184461
0.042498192090 -0.941931680589
0.087507205582 -0.659667196758
0.045599753606 -0.566839635829
-0.238367769937 -0.698103742707
-0.152464077200 -0.854981790278
-0.080097005930 -0.678966876817
-0.090122611559 -0.590281181651
0.261803790889 -0.143499050057
0.472546670725 -0.421163005132
0.386331644052 -0.650049453551
0.131617983906 -0.637216918009
0.347297669022 -0.763277538980
0.455543757428 -0.965311847888
0.439406990116 -0.720635727423
0.362452606469 -0.584563870458
0.146735319729 -0.783911800724
0.227959014405 -1.000000000000
0.234330090433 -0.702485135799
0.181006189786 -0.620941478351
-0.037149182740 -0.755145642604
0.015769126380 -0.941224867219
0.071560164648 -0.672280126687
0.044104348955 -0.563132777091
-0.232940662457 -0.679198650948
-0.167605354995 -0.848874974252
-0.090893157211 -0.681847733316
-0.087229398084 -0.582444002589
0.258131481098 -0.154313183358
0.463875592176 -0.433266684071
0.385204845125 -0.663645371182
0.138808815951 -0.652415319156
0.335920199237 -0.762423140954
0.445744720501 -0.969543921244
0.426603135106 -0.732015480395
0.348050141110 -0.596704308910
0.139644191241 -0.779905854367
0.223680104890 -1.000000000000
0.227436754430 -0.714064724413
0.177417184870 -0.630799757573
-0.039894614459 -0.748488125663
0.005923030303 -0.944939149301
0.060876779950 -0.679836416217
0.040574018598 -0.559210161056
-0.231501386740 -0.671209972031
-0.179486126702 -0.858161539115
-0.099878089436 -0.696709060349
-0.086879890937 -0.589156363920
0.260404782511 -0.149623104786
0.464890940368 -0.426288681604
0.382284877819 -0.658438567811
0.133239905546 -0.646092252460
0.342112980949 -0.753090361253
0.439968373027 -0.973675032856
0.425378936009 -0.731834984133
0.350054086397 -0.591613809020
0.146559391394 -0.771120428246
0.215952388584 -1.000000000000
0.224767167783 -0.709976343879
0.177326110417 -0.623302497035
-0.033074376810 -0.743145815303
-0.001125492836 -0.949593230118
0.057362267739 -0.684158733212
0.040054449680 -0.562707311600
-0.223038710987 -0.671171074142
-0.179133891079 -0.861268006539
-0.099729760340 -0.694087636632
-0.085271703476 -0.581916466327
0.259859571954 -0.158666881350
0.460694222917 -0.429045694538
0.377802413977 -0.655305099873
0.128729754082 -0.642246660717
0.339063300817 -0.762062301154
0.433536915285 -0.985403991936
0.418475389026 -0.751206505734
0.344229638322 -0.611577455450
0.141642478437 -0.774613345134
0.206158839047 -1.000000000000
0.214025985436 -0.717936611754
0.168585444296 -0.629497940294
-0.038735096388 -0.740072655707
-0.014956833806 -0.940000264081
0.042280623803 -0.684624413477
0.027357462508 -0.563763728706
-0.229228013239 -0.663229720281
-0.194778897659 -0.848779828696
-0.113732581633 -0.692501986379
-0.095478662012 -0.583433432137
0.261568269276 -0.166539482628
0.459850874545 -0.441283868413
0.365103681393 -0.665459923083
0.110353033547 -0.645333378231
0.334510966499 -0.774950954086
0.419176829769 -0.993921706084
0.410628520066 -0.757024848409
0.338581712570 -0.621546889076
0.135139515911 -0.784508167914
0.190684164877 -1.000000000000
0.205674552334 -0.712925584838
0.160038755628 -0.633167151187
-0.044555005485 -0.745771004854
-0.035490805188 -0.940060363312
0.028080008111 -0.681698524153
0.013494895941 -0.567865478250
-0.234333341537 -0.665110469539
-0.210416016154 -0.853024839155
-0.127167074116 -0.692018906478
-0.108921032303 -0.584192503020
0.261623742154 -0.169496596198
0.455442691654 -0.443732605727
0.354571617235 -0.670399294804
0.096240186611 -0.651321867777
0.329557134668 -0.777169198196
0.411306737469 -0.999465776190
0.400356959420 -0.765432564846
0.322813399450 -0.624103992121
0.128013832932 -0.786577070835
0.178693727111 -1.000000000000
0.192505024402 -0.713156851576
0.147598850152 -0.630341817907
-0.053510383965 -0.748813187933
-0.049426907486 -0.941345018337
0.015779771535 -0.687851424756
0.004563657318 -0.574558483156
-0.243643120222 -0.668493310437
-0.221510929393 -0.854093548123
-0.136484702176 -0.696458478838
-0.115470864676 -0.588843022755
0.255053343420 -0.162675759559
0.448171554540 -0.437993266010
0.346130864788 -0.664545065618
0.087138586495 -0.643661882045
0.331958610706 -0.771358334696
0.409281446181 -1.000000000000
0.403135060696 -0.769636441375
0.332443272844 -0.617533221895
0.131609257541 -0.783869906963
0.175250418895 -0.995676660276
0.190332405548 -0.710675949588
0.149018645490 -0.615503651239
-0.049503484527 -0.746252708082
-0.052070872439 -0.933876163453
0.011313216359 -0.686343352689
0.004732894149 -0.569907430171
-0.239046960713 -0.664332146764
-0.224386037613 -0.844967260050
-0.143703560005 -0.690404412190
-0.120272852422 -0.581291491603
0.240627094350 -0.166110417546
0.420918201867 -0.431423591263
0.338664297537 -0.647942957980
0.104917382800 -0.638977680425
0.310533343699 -0.765240895628
0.382512327077 -1.000000000000
0.373547642312 -0.781117686004
0.307217951591 -0.625170914179
0.112613326708 -0.772547841997
0.143429197706 -0.982032988279
0.160505372460 -0.710211356882
0.129671379012 -0.619251478462
-0.065811507214 -0.730320416769
-0.080928340277 -0.916525032100
-0.014627188180 -0.684929015041
-0.009094167129 -0.571953916812
-0.250946220529 -0.643854609513
-0.254912665882 -0.824220577991
-0.168187004713 -0.691284786847
-0.132658111177 -0.593032062001
0.247666022108 -0.166511262893
0.430135214077 -0.434665677609
0.336841859260 -0.659081435757
0.087270904174 -0.659281916860
0.322877354608 -0.762873970183
0.383362004562 -1.000000000000
0.371297741775 -0.776435422951
0.308070411386 -0.619516163741
0.117161907447 -0.773972972537
0.135365472233 -0.988032480753
0.150986536762 -0.703956706317
0.126704910324 -0.617056400055
-0.066361334927 -0.735296367876
-0.091448638669 -0.920911164226
-0.027214766054 -0.679444533007
-0.015328253796 -0.575350445319
-0.254601704477 -0.653595776361
-0.263701525132 -0.834205070035
-0.183673699157 -0.683383276626
-0.147067069352 -0.584171485932
0.240635405322 -0.160869649894
0.417463195483 -0.427382554450
0.317844844366 -0.642478762726
0.071763995593 -0.633967697824
0.322242474804 -0.765624206805
0.381802134939 -1.000000000000
0.375386014949 -0.791381403788
0.320367275191 -0.633808571918
0.110149438084 -0.773645633887
0.128192647068 -0.975230571330
0.144899504945 -0.690216406762
0.123070393525 -0.603827769833
-0.076189551818 -0.730181018489
-0.098587310603 -0.899788162042
-0.037172628939 -0.661827119154
-0.028665054761 -0.565141146019
-0.265106313282 -0.643899018905
-0.277032923376 -0.806140906245
-0.198236993091 -0.661723674544
-0.163910325443 -0.576269998094
0.238418182750 -0.158633348867
0.417535847860 -0.432316597924
0.293473243979 -0.634002024433
0.022904729465 -0.600219740099
0.323569920961 -0.767303581367
0.383339997891 -1.000000000000
0.352848303171 -0.784567168829
0.282929288807 -0.612992461461
0.102958420381 -0.778663031629
0.116059798249 -0.968230731304
0.126483104593 -0.689753463000
0.102828760073 -0.593855361303
-0.088304443451 -0.732589658856
-0.123726379481 -0.886756420121
-0.059757040907 -0.657260695040
-0.041807224958 -0.561206029834
-0.278632738186 -0.643797151961
-0.307638851250 -0.790079175465
-0.229282118037 -0.653347788445
-0.186826329074 -0.573232810724
0.233566064397 -0.146204557140
0.413781500518 -0.430374907775
0.279502212218 -0.632401849145
-0.003009029538 -0.594723537701
0.312652281103 -0.791989164239
0.378768690730 -1.000000000000
0.356398039498 -0.769388765339
0.298798129228 -0.607535819770
0.086006643435 -0.807656450420
0.111047039567 -0.958419171559
0.121058648561 -0.666889458913
0.096911871122 -0.593479829406
-0.105670804137 -0.761401709249
-0.132883304370 -0.879269809240
-0.069256936022 -0.637186917401
-0.050428213434 -0.563253006514
-0.294017960388 -0.671662322371
-0.317761060850 -0.790874721816
-0.239923145643 -0.641067649490
-0.197316939184 -0.574220658025
0.226633787257 -0.149472484513
0.406944605883 -0.438650647147
0.279219253998 -0.635919469229
0.002643358495 -0.596263299779
0.283573454559 -0.805305470873
0.341063276716 -1.000000000000
0.327305982765 -0.770814868503
0.278812320187 -0.611271101245
0.060850865515 -0.817144770016
0.081706376939 -0.956184035882
0.103629376584 -0.667374654272
0.087142633548 -0.599786563786
-0.128068661151 -0.766375016142
-0.158953331484 -0.875252496199
-0.089034081562 -0.641663712513
-0.064293436049 -0.574962197148
-0.312881245402 -0.671838332928
-0.341043048499 -0.778497466449
-0.254778038755 -0.631475272847
-0.202908238444 -0.569609837180
0.230467943752 -0.144512017127
0.410432440864 -0.436673225907
0.272116821619 -0.628274725485
-0.009345319091 -0.581790669785
0.284540581820 -0.807165098687
0.330217266832 -1.000000000000
0.302567194853 -0.751223612831
0.249988590865 -0.593539378258
0.053947520140 -0.823299775625
0.060566708604 -0.961726875844
0.086500324632 -0.667071589688
0.076117156827 -0.598355248324
-0.139806322848 -0.773557568064
-0.184488995428 -0.871341684550
-0.102711377513 -0.633444346240
-0.062849615721 -0.566504184385
-0.326983283435 -0.678881191886
-0.370998195331 -0.775181985827
-0.281491844966 -0.627735323194
-0.219053948240 -0.568375417514
0.239611808528 -0.146078138817
0.419326728428 -0.447516620134
0.268879505218 -0.645119968824
-0.021886027006 -0.595210648877
0.284190422206 -0.822033140800
0.338212751346 -1.000000000000
0.299361628780 -0.737763779485
0.239299322295 -0.590551288393
0.052056391047 -0.835375848720
0.069614120381 -0.978803350325
0.085802996507 -0.673927066258
0.071999734750 -0.605692063894
-0.141206532961 -0.780361602891
-0.180030858015 -0.901654314831
-0.102206252722 -0.649699890584
-0.063261929321 -0.570115097582
-0.329310572708 -0.674915758163
-0.378015185559 -0.785174799257
-0.288388002527 -0.633717037358
-0.220411891373 -0.568444431727
0.236535587330 -0.132895489054
0.437338587206 -0.413801854200
0.325619670110 -0.608664446765
0.049805076047 -0.584011238148
0.304858415788 -0.839904977176
0.367305714410 -1.000000000000
0.327062800562 -0.756569260683
0.271966462141 -0.604157914918
0.072032968492 -0.853512726489
0.080204753677 -0.961164862545
0.096785251768 -0.650589686259
0.093771364564 -0.588451411724
-0.124871274670 -0.800208709259
-0.170553900918 -0.881031140910
-0.097417737723 -0.629891180764
-0.053336779891 -0.563439340904
-0.317359823704 -0.693324552200
-0.373794803749 -0.786745615426
-0.285934554455 -0.635414743364
-0.215632824226 -0.575561247991
0.237250973473 -0.132480671183
0.439559115052 -0.409738038564
0.332427100112 -0.610581492898
0.054669195869 -0.592377917485
0.333668774059 -0.840882038765
0.426311646441 -1.000000000000
0.393508342603 -0.781348814250
0.329237052361 -0.638977982179
0.096763093675 -0.859141413542
0.144969599936 -0.977938741139
0.141648156655 -0.656663617959
0.117845124356 -0.590349803998
-0.107261292672 -0.815630478938
-0.109722725966 -0.902074189397
-0.043631142637 -0.637183286820
-0.015884771184 -0.564025073250
-0.310071168128 -0.716243387983
-0.328896777532 -0.819299287066
-0.241259596040 -0.662289132964
-0.183469687272 -0.597708690309
0.251761871645 -0.135479671566
0.464331143525 -0.422343613579
0.342804155520 -0.617898057640
0.048145599788 -0.581877818451
0.326020815179 -0.867977695216
0.438857842017 -1.000000000000
0.393274878356 -0.733213694304
0.312802068859 -0.586879115142
0.082500258342 -0.892978200512
0.148253614625 -0.966443116851
0.145654350432 -0.633039729970
0.110871162487 -0.565961120921
-0.126199248897 -0.842408126420
-0.110963586673 -0.890789341461
-0.045552883098 -0.618993910537
-0.027742628436 -0.554791506122
-0.330880296729 -0.738921409740
-0.328324302997 -0.790867313693
-0.235143072926 -0.623102753966
-0.179539106960 -0.570281050185
0.247298553961 -0.138451819704
0.460155132569 -0.421786173489
0.347035853847 -0.608308008140
0.053728740103 -0.578726837262
0.306542723884 -0.895717347067
0.435248827982 -1.000000000000
0.383222248234 -0.720793502728
0.299601928052 -0.592835713385
0.056928106223 -0.915732689849
0.163018230058 -0.984923520196
0.152355597174 -0.641433433578
0.110388311634 -0.587062649691
-0.148311153530 -0.861804037385
-0.104520021850 -0.902025895446
-0.039607330440 -0.611264915092
-0.025746579988 -0.543660153788
-0.347155858890 -0.749850425888
-0.318700257514 -0.804740271200
-0.219606634132 -0.627484900326
-0.167621640765 -0.570437701464
0.240333119678 -0.138527805710
0.447643157504 -0.410133898059
0.328923065961 -0.578830483642
0.039897130972 -0.548521774633
0.297131632304 -0.919955292568
0.434988671225 -1.000000000000
0.382661484192 -0.732526840621
0.301420462736 -0.610211011972
0.041080825651 -0.937439299731
0.155651870289 -0.971608218223
0.139333502433 -0.623700704829
0.097277880820 -0.574577715419
-0.167983689592 -0.880476492924
-0.123442250911 -0.897163442763
-0.062632727614 -0.609755550644
-0.044583276668 -0.550053569125
-0.371056636305 -0.759183268145
-0.353433913406 -0.798909746727
-0.252486714983 -0.623175206130
-0.191501685702 -0.571474666711
0.238183746739 -0.140196350012
0.442671579330 -0.410633923667
0.325786413412 -0.577623575617
0.033572178114 -0.539720440684
0.281874304535 -0.937258494650
0.422696573030 -1.000000000000
0.382185493324 -0.751355569824
0.300129722315 -0.624837137947
0.023441278106 -0.948197982741
0.136934805098 -0.968802379957
0.133705245704 -0.631595326241
0.090744583785 -0.569389945161
-0.187471731452 -0.883744665167
-0.137189808924 -0.893770951983
-0.068255339528 -0.621088523008
-0.056390472188 -0.555531851709
-0.390660726946 -0.751873207050
-0.376702666516 -0.801729829755
-0.272456182772 -0.641419869523
-0.217170629350 -0.586102086043
0.250791140882 -0.142749140508
0.453429452606 -0.406332810249
0.326431236578 -0.561356403699
0.027641677447 -0.526378690323
0.273744332470 -0.967265140478
0.439685566370 -1.000000000000
0.383592616669 -0.737083707155
0.289260301426 -0.627341871366
0.002877648632 -0.983545372598
0.157810882357 -0.967180295428
0.137684543676 -0.614427513717
0.078276009296 -0.568488548423
-0.214320215337 -0.917964246994
-0.133477099400 -0.892799114090
-0.063599080476 -0.607218871846
-0.052675571198 -0.554699330544
-0.417403900333 -0.779020839553
-0.382015520725 -0.786545942836
-0.264705830272 -0.618887874155
-0.201831752519 -0.576937233332
0.255003854976 -0.121606157543
0.461951916931 -0.378589026562
0.326869750422 -0.524780998512
0.022530100752 -0.506968949270
0.308073423677 -0.972900786489
0.444679636079 -0.978064628856
0.372387175948 -0.699075021141
0.277765490117 -0.608446842093
0.024771718679 -1.000000000000
0.163820013902 -0.980056614157
0.133406772186 -0.617557894620
0.072630020454 -0.582672234976
-0.204854921352 -0.941744696729
-0.134415249031 -0.888505886439
-0.071990275966 -0.585075198945
-0.059126274529 -0.552582967088
-0.420204000459 -0.809290517313
-0.372320935374 -0.777581944255
-0.263289873980 -0.589787303159
-0.208007706055 -0.562558735958
0.297496705618 -0.154325574222
0.508964470082 -0.440761611896
0.369334986678 -0.551565241298
0.084206211739 -0.488016387399
0.244413764391 -1.000000000000
0.420525446325 -0.930875604916
0.379679378000 -0.582528935568
0.276038923524 -0.531713121336
0.000976802773 -0.989654677741
0.217557909509 -0.899720228427
0.218015748913 -0.550986652542
0.135619823819 -0.529604072001
-0.188611578623 -0.906871868816
-0.011870583214 -0.798464471490
0.048414541474 -0.511402707855
0.014992900810 -0.494372008456
-0.346522123470 -0.775830847731
-0.176585415385 -0.675217437387
-0.084723449470 -0.461036876825
-0.084497299874 -0.419016783297
0.247385339122 -0.133181254800
0.444391318343 -0.370505585084
0.318782966190 -0.489585814114
0.024257134384 -0.462962641908
0.271979580922 -0.981151538655
0.438126392469 -0.943359262723
0.380384505225 -0.672998760560
0.285077091143 -0.603968641406
-0.012270000228 -1.000000000000
0.177944962779 -0.926460296097
0.144301439930 -0.574334922554
0.067359536465 -0.567012645330
-0.236938760509 -0.930832249774
-0.110989448284 -0.840961288409
-0.052565336740 -0.552425880725
-0.061054056315 -0.539274433317
-0.442667254704 -0.788615400993
-0.363457860306 -0.741972762735
-0.254839823285 -0.567202895575
-0.217476256739 -0.550891256245
0.259733312203 -0.120292234607
0.447767659592 -0.352993588341
0.306880421645 -0.462266649149
0.024244707131 -0.437513491751
0.295769384982 -0.967738218806
0.423969934236 -0.864249896509
0.342047195954 -0.597247813863
0.246518946133 -0.565179760378
0.023214017457 -1.000000000000
0.169888518686 -0.848275954488
0.137158635027 -0.531538433975
0.073829678289 -0.547782138189
-0.200097708682 -0.933118203326
-0.117873939875 -0.786688313675
-0.061965288462 -0.528431944621
-0.052923593889 -0.538827985235
-0.404102745020 -0.794803902404
-0.352184010443 -0.679846899759
-0.247070123313 -0.515820270793
-0.197721412563 -0.521659923097
0.264175135595 -0.128963074175
0.456634388433 -0.356222512291
0.325817828622 -0.465307873810
0.064936154373 -0.425108890311
0.300175913696 -0.966081341836
0.426514279469 -0.849815926935
0.339943855135 -0.577859868288
0.247107436911 -0.549576047227
0.029495640184 -1.000000000000
0.192198325017 -0.840267602453
0.151161190909 -0.531910822877
0.084681157858 -0.548231327848
-0.190561960756 -0.933041631125
-0.081600757312 -0.784156416818
-0.039375068791 -0.531400050217
-0.041574658797 -0.537453652111
-0.388998046720 -0.793402491149
-0.303918522493 -0.679399867921
-0.206923405885 -0.516292272027
-0.169422030066 -0.518651944261
0.263967420648 -0.138933099005
0.455033271353 -0.369784070303
0.312770972972 -0.482163306122
0.035290329419 -0.426579381208
0.292749502504 -0.968165404014
0.419412110097 -0.865170233429
0.338626738739 -0.588620690450
0.249118581805 -0.560004216522
0.021848053910 -1.000000000000
0.181863618175 -0.853070918211
0.144031471075 -0.541129952973
0.075097003044 -0.561540914087
-0.200827694023 -0.932563875698
-0.082555504097 -0.794475665139
-0.043053741069 -0.538122513001
-0.056324168351 -0.542918374588
-0.402844932993 -0.792437679577
-0.304137951692 -0.681221155419
-0.208926065709 -0.519458067497
-0.181085980948 -0.523572776476
0.257751057198 -0.131610661496
0.452718301162 -0.359991158293
0.322307056986 -0.478125136980
0.050812614246 -0.440467133995
0.303334298443 -0.968001007020
0.434237229222 -0.867877465354
0.350432491958 -0.598276328448
0.258563517642 -0.564903785151
0.031956553168 -1.000000000000
0.195686365660 -0.855170322546
0.156636548339 -0.542948175944
0.089347963004 -0.560100107969
-0.192259074526 -0.935354170079
-0.078399452925 -0.796274486281
-0.036358470006 -0.540933846956
-0.043283993568 -0.541493879439
-0.396516167309 -0.798883453261
-0.301603638500 -0.694242883377
-0.205429354392 -0.530584060241
-0.174482513067 -0.528551707551
0.271057238494 -0.116562689436
0.470769116524 -0.336244667152
0.329994913530 -0.446686983914
0.055449018704 -0.414117919257
0.331666796000 -0.961379429031
0.425649097679 -0.811925678162
0.341173503813 -0.538225985326
0.258541027696 -0.518480095044
0.064163882662 -1.000000000000
0.190086431819 -0.805945615332
0.156423904865 -0.503990240162
0.096585287912 -0.535060423432
-0.162969120476 -0.934798301735
-0.078706854842 -0.758584456934
-0.035084237926 -0.512369744502
-0.034862128397 -0.532485165097
-0.372214145657 -0.800131204022
-0.292038046303 -0.655480345025
-0.195529976530 -0.493559921323
-0.157348804450 -0.508844674425
0.256358974889 -0.127837560983
0.455669179937 -0.353309792884
0.324187284634 -0.463861717174
0.048123917664 -0.425266395856
0.307913209910 -0.959270507759
0.442208830772 -0.847771165184
0.351994658409 -0.558108297874
0.259551705549 -0.525795609596
0.039789962023 -1.000000000000
0.207809857335 -0.849540028848
0.162836915531 -0.525150724670
0.094685147794 -0.547296875064
-0.179387592184 -0.940624958818
-0.055256619848 -0.795386982677
-0.018355863212 -0.528781408383
-0.029453381971 -0.537516049501
-0.380487868932 -0.809095640643
-0.277289465477 -0.689736098805
-0.187337346990 -0.515138216652
-0.159753389732 -0.517173338011
0.266216463290 -0.114693198922
0.475807090539 -0.332535589273
0.350434313543 -0.442855351879
0.082725689338 -0.406410751196
0.341583364956 -0.953864402416
0.459317884138 -0.816995163416
0.361505486754 -0.537187054393
0.269802404033 -0.507996416680
0.075601540530 -1.000000000000
0.226566987734 -0.811713121558
0.179918965826 -0.504967076386
0.112663624223 -0.527274802496
-0.147550127383 -0.940731317957
-0.039321149614 -0.753195808004
-0.002306237037 -0.501355537826
-0.007026530804 -0.516031651257
-0.350788892456 -0.810812518260
-0.253896753003 -0.658116246757
-0.161974099969 -0.492239298509
-0.127560150309 -0.502253754491
0.250701247016 -0.122975966341
0.462405738830 -0.336437523208
0.362703428679 -0.443375329320
0.091487969762 -0.408322665224
0.310270288215 -0.960578739804
0.456303889906 -0.823192676117
0.356655862388 -0.533746621149
0.257565179734 -0.498568700106
0.044756262882 -1.000000000000
0.219219538715 -0.816321992748
0.173249268306 -0.498295160019
0.108450784262 -0.520431932559
-0.170780286970 -0.934438322467
-0.042557400071 -0.746819368247
-0.004507493061 -0.485804420780
-0.010020740682 -0.495711232663
-0.361619810443 -0.796381308778
-0.265221990311 -0.649276249272
-0.168986093335 -0.480528925546
-0.133140597617 -0.484769906595
0.254757790421 -0.112672966185
0.474797441722 -0.327973650923
0.379717296704 -0.433547964408
0.115102658214 -0.400270373612
0.317405888875 -0.964300996452
0.449519886986 -0.821815593164
0.374437141355 -0.543348711172
0.298261807043 -0.517838600725
0.059294347043 -1.000000000000
0.216393365410 -0.786552769563
0.185357941003 -0.484966694536
0.132330363234 -0.522401862617
-0.158261520948 -0.934112266178
-0.038909845427 -0.709414739239
-0.004183794997 -0.464435741697
-0.007712699129 -0.496781499788
-0.355647780576 -0.804596213417
-0.260835884156 -0.627836946249
-0.169755826162 -0.462355435187
-0.133313481465 -0.478347963967
0.257719626724 -0.123430404711
0.481076145375 -0.343439705915
0.388602321672 -0.450132089379
0.123486675171 -0.410077790687
0.332091307985 -0.962067378534
0.454463257059 -0.828517546679
0.377291498779 -0.542287077841
0.293363693595 -0.500017647834
0.066873158993 -1.000000000000
0.216623679857 -0.815463122346
0.190671946420 -0.511834996961
0.133822573208 -0.533120012112
-0.155676877798 -0.933778348863
-0.035838480849 -0.732569827922
0.009240788320 -0.483135681041
0.006578670627 -0.500237572316
-0.353983832281 -0.802240162921
-0.242273339468 -0.631359946268
-0.143305757354 -0.463552179604
-0.104874598955 -0.473301243975
0.250096287895 -0.131213402897
0.468940828654 -0.346400555396
0.384098722586 -0.438442787583
0.122317269458 -0.388408075364
0.309091093094 -0.968361482053
0.443708384974 -0.821238210833
0.373625280301 -0.543466242789
0.298432608931 -0.513278823792
0.050927716948 -1.000000000000
0.219691127593 -0.793186149926
0.188810273827 -0.496602655400
0.130192838915 -0.527556374466
-0.163861734945 -0.928745158337
-0.025110281856 -0.711514404053
0.009678940646 -0.470462498996
-0.000847306491 -0.492931323780
-0.355883119561 -0.791813448640
-0.246715337988 -0.621715208675
-0.156530856093 -0.459887719971
-0.126842834271 -0.468466124720
0.252460017524 -0.132464995618
0.463299749823 -0.336012273031
0.369306355329 -0.423844944178
0.118855398485 -0.383261820900
0.309982181635 -0.968300033798
0.448622088255 -0.799283425861
0.374026765633 -0.532820635803
0.291248624075 -0.495761726130
0.049154550963 -1.000000000000
0.224678637412 -0.765238240218
0.192796315501 -0.487289168669
0.134558650194 -0.509900079446
-0.163447820175 -0.925073085268
-0.015793254648 -0.690575215877
0.018916223624 -0.462738184687
0.010931854519 -0.479312070738
-0.347319169354 -0.783646856133
-0.220252709632 -0.602337132477
-0.128949649297 -0.445583713175
-0.096092724131 -0.448408298023
0.256376397048 -0.133861952157
0.474463915075 -0.349625614727
0.398830084718 -0.448005704668
0.153404232420 -0.398029660741
0.315474630824 -0.972537922325
0.453608277301 -0.799828665006
0.385925641280 -0.535278001764
0.308560105856 -0.513324174214
0.063714064738 -1.000000000000
0.227077928616 -0.766776397821
0.202368329312 -0.485868551571
0.143337719681 -0.527266516550
-0.144714617543 -0.923704946017
-0.011652869804 -0.690055838662
0.029576342193 -0.462109159335
0.018954169755 -0.492013610369
-0.324514661727 -0.785592289372
-0.210143788694 -0.602298360277
-0.116206649026 -0.447773850454
-0.089932912017 -0.462852146700
0.274314112993 -0.153812424167
0.489717020929 -0.367273510892
0.400006067773 -0.455082707985
0.154057990510 -0.387067344919
0.317058183028 -0.971463888162
0.471323816299 -0.803073817805
0.396755526079 -0.544909796531
0.312944143696 -0.529309953669
0.056974871612 -1.000000000000
0.248665814948 -0.765990578444
0.215514180185 -0.496761482312
0.142552868261 -0.538535824065
-0.152090425880 -0.920015820826
0.011107772349 -0.682476561554
0.043365302912 -0.466568199203
0.011128741858 -0.502170009630
-0.327005583020 -0.776526150875
-0.183220242983 -0.589141050961
-0.089830167049 -0.443752212674
-0.076663724243 -0.464074746040
