0.281929020421 -0.080480585330
0.566528997570 -0.231586169520
0.619460114098 -0.369795930367
0.398970011505 -0.449376067729
0.442599081943 -0.955097251115
0.581782751753 -0.747071663898
0.517452494210 -0.509638508087
0.449098518868 -0.500197136799
0.165747606554 -1.000000000000
0.322627095879 -0.698842089094
0.282879683195 -0.406095766094
0.232997615822 -0.485960897175
-0.082756964589 -0.932738747477
0.056891477066 -0.616959553454
0.063276202405 -0.380950796478
0.032960209210 -0.441268275607
-0.307776693462 -0.797424732487
-0.212779774722 -0.576576251146
-0.147448867500 -0.416155896236
-0.143608270417 -0.456393909863
0.288314932931 -0.088665675828
0.573267813666 -0.263186676178
0.610930716125 -0.416778787415
0.374425570904 -0.482788296975
0.427820228191 -0.955736767073
0.567064918727 -0.749575475245
0.489868210942 -0.501971979510
0.425492067953 -0.505208525749
0.150513123129 -1.000000000000
0.308354926201 -0.710989074301
0.263129842574 -0.413503641528
0.215176213009 -0.509290609842
-0.097820568317 -0.933787842287
0.041645365961 -0.641710243062
0.043864122463 -0.401608097886
0.008108819184 -0.470861348294
-0.323075476835 -0.800908439293
-0.239173393483 -0.596413555945
-0.172797796333 -0.441505973267
-0.171231389112 -0.495397248907
0.290646527519 -0.091636686744
0.575570613059 -0.255580927123
0.622501585612 -0.403597201322
0.394031113912 -0.479736336262
0.442231110224 -0.955847193047
0.589467568559 -0.756015636480
0.518403917817 -0.510595603932
0.446887786040 -0.505363744243
0.163302741996 -1.000000000000
0.329231569081 -0.711692003810
0.283361552314 -0.408141864029
0.224684779881 -0.498422482062
-0.086357295930 -0.932589984722
0.059268143613 -0.630597720499
0.064712347170 -0.390041324591
0.025803712185 -0.458352369644
-0.311634477787 -0.796005461383
-0.220537317030 -0.581690140361
-0.152677187729 -0.427550253856
-0.151590843833 -0.482229372380
0.291612980328 -0.100943728447
0.563227317412 -0.274396843830
0.592411675099 -0.418605139785
0.360609551219 -0.486218019678
0.422063342821 -0.956306835854
0.565393360258 -0.753228919667
0.490058402020 -0.513815284572
0.420789213119 -0.520979721623
0.148541499237 -1.000000000000
0.313765223889 -0.719377608391
0.265779238794 -0.418351781615
0.210462220892 -0.513308679993
-0.091622450060 -0.935330858164
0.057550935851 -0.648704649083
0.063750369225 -0.401623325134
0.025735765944 -0.468935572705
-0.304514614587 -0.802380069217
-0.206182997316 -0.589887332170
-0.138414250553 -0.428984331021
-0.140138918955 -0.479949221077
0.301581053533 -0.099505009313
0.591770703272 -0.274868429887
0.634674869855 -0.420152478021
0.396845576186 -0.481565597206
0.455640859442 -0.948164276377
0.608118732142 -0.740829120814
0.515301195146 -0.513951615337
0.439693695863 -0.547510164441
0.191444651323 -1.000000000000
0.364812579331 -0.710350330653
0.307768780455 -0.424109686542
0.248613238079 -0.530797311040
-0.046199427735 -0.943135476990
0.109698419763 -0.647022300247
0.106029611548 -0.406001821933
0.057040681034 -0.479539668571
-0.258435699667 -0.821779634774
-0.146661243108 -0.578155536401
-0.078460398165 -0.414815513442
-0.085619332605 -0.469850531809
0.309912483018 -0.108298535793
0.588231932539 -0.285707819575
0.613529575702 -0.440183193221
0.369323804341 -0.500172837500
0.441942898394 -0.947235443791
0.580418835611 -0.745133923078
0.484312021253 -0.518936854353
0.417074638791 -0.560922340920
0.169695392859 -1.000000000000
0.329863209336 -0.718447880134
0.273017683890 -0.431553276587
0.224975452754 -0.541858806124
-0.070944550325 -0.940733557443
0.078360897739 -0.661031854963
0.079188520952 -0.417895034831
0.037414708633 -0.489381809493
-0.280637062745 -0.813681174995
-0.177527228286 -0.578940692206
-0.103133415909 -0.415483915383
-0.104436840513 -0.469550592325
0.309372769121 -0.105450144068
0.593541216154 -0.277714626301
0.629542649423 -0.421658923869
0.391807678880 -0.479678593867
0.447248830133 -0.946771168124
0.608796229512 -0.737598880901
0.505373457168 -0.513042486556
0.425599093304 -0.553206147126
0.178255971548 -1.000000000000
0.364217064430 -0.711010883362
0.298947363498 -0.425551083850
0.236185694533 -0.528371607202
-0.060079701727 -0.943605485840
0.111467768931 -0.656260080147
0.102894555211 -0.411418767608
0.047343053871 -0.480080130909
-0.269417400942 -0.821108629177
-0.144476097496 -0.586357561212
-0.075906906313 -0.415830131163
-0.088443370209 -0.461874176688
0.311674623156 -0.102101332606
0.597251902354 -0.268879545519
0.632833668612 -0.409384581919
0.395062299773 -0.462779243300
0.461802588091 -0.944696334394
0.610006065151 -0.722642902142
0.507730216947 -0.508603697992
0.432557717234 -0.557313529914
0.190006246515 -1.000000000000
0.366141927086 -0.696353019092
0.301812347118 -0.417765733016
0.243333592586 -0.532261059531
-0.051211485550 -0.943172483609
0.107945987159 -0.642833397319
0.103060077202 -0.405532821745
0.055195618703 -0.479989687099
-0.262993726657 -0.818966312281
-0.151556825503 -0.577553952807
-0.079894655492 -0.414614405755
-0.085036958137 -0.466321029457
0.310232265690 -0.098736167975
0.600758607048 -0.261447308403
0.640802927427 -0.404691611030
0.402107796020 -0.462970556952
0.469527447764 -0.944227337834
0.616864484036 -0.726707940029
0.522804481948 -0.510550877136
0.448492874515 -0.549064165287
0.196521031270 -1.000000000000
0.364981553481 -0.693034550028
0.306004176987 -0.416777664307
0.249139928218 -0.529206615792
-0.047585705360 -0.943128532804
0.108071618561 -0.637989459492
0.102648326362 -0.407768723426
0.054680006167 -0.484886274825
-0.264731807358 -0.819476874852
-0.153736496624 -0.582301241466
-0.086129967820 -0.423068008011
-0.093628424165 -0.475484330685
0.306097051399 -0.094080003575
0.591572675059 -0.244952926719
0.634798788278 -0.376551456427
0.402258211144 -0.441262978184
0.459668891529 -0.949772752687
0.608727862262 -0.724622265850
0.526931319015 -0.502800403214
0.455577869726 -0.523622049535
0.181995664155 -1.000000000000
0.355195829248 -0.679394820141
0.301035811160 -0.402467389525
0.244887880892 -0.508648942319
-0.064364339170 -0.938975843562
0.096796335930 -0.620391273340
0.093192789354 -0.392739140285
0.049266803205 -0.460819314445
-0.284719431981 -0.810708381638
-0.172238751309 -0.576555505792
-0.104433266802 -0.418293074155
-0.107642582140 -0.461023062644
0.293361973454 -0.087176547952
0.567683047790 -0.240316637585
0.591906389835 -0.365542904370
0.357607840484 -0.414744688247
0.442338950892 -0.943765076982
0.580038244663 -0.708911924111
0.506839679522 -0.506543793301
0.436986394593 -0.540129424196
0.165789746120 -1.000000000000
0.332113197879 -0.666145607715
0.286824715560 -0.406031313276
0.225602023778 -0.511678888264
-0.077611179518 -0.939039225745
0.077602851211 -0.594755943027
0.082035052531 -0.382355326039
0.036540830197 -0.465727572998
-0.293264694208 -0.808836680175
-0.168181319570 -0.551785814465
-0.104517315841 -0.398341741646
-0.117909772439 -0.451370960699
0.286954415811 -0.084081987798
0.559219582275 -0.235726858399
0.577499189227 -0.356612294027
0.339695517744 -0.407613147733
0.426204577769 -0.946732857244
0.553690006542 -0.700953473207
0.481576900342 -0.494654251819
0.418028130784 -0.531298546743
0.152296787603 -1.000000000000
0.310652740001 -0.661461917834
0.268579677693 -0.398345339136
0.214351460826 -0.510000826836
-0.089618544931 -0.939158939609
0.062161235473 -0.588082416348
0.067290109529 -0.369106315004
0.027974776969 -0.455285024385
-0.304166635739 -0.811081875539
-0.183430456308 -0.547839746718
-0.118839770328 -0.390725793065
-0.126314548246 -0.445869455606
0.291143864991 -0.083092925890
0.562793497018 -0.233071124054
0.582881011896 -0.356940784083
0.345336358314 -0.411825774475
0.422397404457 -0.948703503616
0.555994786104 -0.689811229255
0.486763623984 -0.490278305470
0.421435774683 -0.525298821913
0.143679310649 -1.000000000000
0.313572903939 -0.644678880176
0.269042684231 -0.384516570670
0.212018772682 -0.494852866008
-0.100101293730 -0.938186812868
0.064759216636 -0.578039211777
0.068880818256 -0.364036174588
0.028633617974 -0.444373909474
-0.315655417723 -0.807756492624
-0.186963159264 -0.548311058990
-0.117229507917 -0.397263979775
-0.120403774781 -0.446257027064
0.287997535307 -0.077927706503
0.563562238349 -0.223604768534
0.584140174811 -0.345790595204
0.347083097246 -0.399169010345
0.434064845633 -0.945707409464
0.555596857876 -0.678763855691
0.487681381029 -0.478838645463
0.424699668289 -0.514258837811
0.155477907193 -1.000000000000
0.311000608512 -0.634047006158
0.273069365384 -0.375978317767
0.223107655371 -0.488016047085
-0.089898995111 -0.941033341839
0.062341070756 -0.567559859961
0.072150358791 -0.352858451502
0.038784989450 -0.434015439198
-0.308838412502 -0.813945841792
-0.184032324942 -0.544226576659
-0.107467125959 -0.391225206100
-0.102633347342 -0.438688568727
0.299287601885 -0.084715568510
0.569326601518 -0.228283735465
0.578360938273 -0.341810425621
0.334236759135 -0.388980260341
0.429047609992 -0.950906915961
0.561071162922 -0.672216709751
0.484301741462 -0.477191776073
0.413851851791 -0.523092633566
0.148587973464 -1.000000000000
0.313696194206 -0.626730773796
0.267245139495 -0.377502063682
0.211864944949 -0.499040294633
-0.093430062532 -0.934915783211
0.067841226508 -0.566308725482
0.070030598052 -0.358617051043
0.027569939712 -0.443997816849
-0.306083748166 -0.800844039935
-0.180322561633 -0.532280671211
-0.111543460482 -0.387025298403
-0.117157401247 -0.440567893293
0.289906884133 -0.072330118664
0.563280247781 -0.216434696671
0.574387044552 -0.331137133198
0.337113805490 -0.385975364812
0.432898066865 -0.946949690308
0.548827674246 -0.670842058690
0.487502277808 -0.467572342638
0.428859493070 -0.502525686065
0.149988320931 -1.000000000000
0.301029495271 -0.623989722579
0.268607249138 -0.370225693768
0.219815696341 -0.484229542650
-0.098624856997 -0.936813819743
0.048065849104 -0.551132218764
0.060417508053 -0.342538692183
0.029491876028 -0.431863503809
-0.321056433206 -0.805500308440
-0.201535487098 -0.531227083396
-0.129657196058 -0.380486581690
-0.126400714554 -0.434522354026
0.293607242452 -0.067385922614
0.570756477846 -0.206505934574
0.582012525141 -0.315195237377
0.341843441547 -0.369728449463
0.442136036552 -0.947838022290
0.549064342998 -0.649014421633
0.485251264575 -0.446613078472
0.429707399714 -0.491987419865
0.154020509797 -1.000000000000
0.291984138076 -0.606633290715
0.259805064198 -0.356566609077
0.218896595270 -0.479303835172
-0.099863687989 -0.935687342381
0.036221278816 -0.534833403132
0.048049933225 -0.327044281116
0.023502236186 -0.423484023884
-0.328671365879 -0.805223697551
-0.216852504035 -0.519785346660
-0.146399449472 -0.368604274424
-0.140598075905 -0.428344563914
0.300742179549 -0.053001407703
0.592101783756 -0.183395966779
0.612281975426 -0.278449801345
0.379611904597 -0.333910956167
0.466339510136 -0.952775853915
0.565579381092 -0.642011078921
0.500501160349 -0.429801238869
0.449089944597 -0.471551021059
0.165218940394 -1.000000000000
0.296128113506 -0.589115065455
0.265740580712 -0.333242151925
0.230532410858 -0.457684150807
-0.102160206493 -0.929736332215
0.024180027358 -0.504471979936
0.040265153173 -0.295069447590
0.029488961525 -0.400617157271
-0.342350423901 -0.798631216077
-0.239096884000 -0.501456034661
-0.162232306442 -0.342647164136
-0.141145108590 -0.403504680997
0.319343486664 -0.046989575443
0.612800536833 -0.170109074001
0.638868443989 -0.263624159016
0.412775330209 -0.320092532154
0.500379078672 -0.955835056709
0.602038500564 -0.640846099509
0.525280157575 -0.427728606410
0.467381393679 -0.473491147238
0.196653565183 -1.000000000000
0.332646878615 -0.584321011467
0.290420248072 -0.328848853503
0.254096055121 -0.453087066319
-0.076458758855 -0.929244963678
0.052709946270 -0.509771696964
0.052952304554 -0.294181996084
0.038313557630 -0.389237963731
-0.326069269676 -0.797546441715
-0.221291294475 -0.512853973173
-0.151057933082 -0.348315350195
-0.131603273285 -0.398060069259
0.318304415676 -0.045603002939
0.612779678575 -0.163777453978
0.636626681162 -0.253413019861
0.407947361769 -0.307154248809
0.502371396572 -0.958716415030
0.621623057887 -0.625890621300
0.534051290441 -0.421197927766
0.465718528538 -0.469582154189
0.195782806518 -1.000000000000
0.345407807116 -0.560651454552
0.294521517935 -0.311620605898
0.254323488884 -0.438215833421
-0.077749995436 -0.925357244527
0.065699571697 -0.493980999092
0.059361172901 -0.287173103100
0.038326630966 -0.385687833731
-0.326807661713 -0.788692471613
-0.211444598621 -0.504588034007
-0.144328155365 -0.345564507850
-0.129619654666 -0.395473090865
0.318746769656 -0.050385110853
0.610908660114 -0.167836957576
0.646203779830 -0.265776300122
0.422853996242 -0.330252068328
0.506149346776 -0.956436177200
0.633686059746 -0.626384693749
0.541575597712 -0.425150704766
0.471654441952 -0.480776645266
0.206440909780 -1.000000000000
0.358789638432 -0.575000801511
0.299790192171 -0.323666230080
0.257532964938 -0.459504960094
-0.063201339306 -0.928490758468
0.085532314891 -0.520754160893
0.070913350839 -0.306050326981
0.040849372528 -0.400852335941
-0.310080126233 -0.792744449194
-0.199583885707 -0.520894895373
-0.138947253826 -0.364639722600
-0.133189632891 -0.418444273385
0.320080250207 -0.046109609545
0.613082418698 -0.171284003307
0.635175244977 -0.265983798257
0.402807408775 -0.328629147462
0.509370024921 -0.955649118992
0.629544751584 -0.625607628574
0.538015353899 -0.415447911952
0.468840299392 -0.461187369315
0.202888147798 -1.000000000000
0.351733318500 -0.575276033910
0.294378018759 -0.323156508130
0.251230764433 -0.452830880401
-0.069552538939 -0.927981886815
0.072349328593 -0.507463218655
0.064450136068 -0.297182899171
0.041802334352 -0.396810345046
-0.314657040350 -0.793662155226
-0.208536845397 -0.515646388361
-0.145679830162 -0.357656638341
-0.133828218036 -0.412990091350
0.315186482033 -0.048865819164
0.609294507011 -0.177897881747
0.641234419677 -0.273866213689
0.407242092612 -0.342400467623
0.485292418868 -0.957641951719
0.610810325154 -0.641044121797
0.528961700342 -0.427871653717
0.465881277605 -0.468139476311
0.182180636118 -1.000000000000
0.336169495570 -0.594758433843
0.285791309043 -0.332318677830
0.247778108127 -0.462572568952
-0.086221436118 -0.930293028015
0.065585520528 -0.527897850185
0.060144482466 -0.310051553387
0.036995894203 -0.409249436460
-0.327097437607 -0.800536049181
-0.214961949893 -0.533966846002
-0.149612597366 -0.371331721146
-0.137265328564 -0.426630635476
0.315929141308 -0.053558335944
0.606135513176 -0.183986621553
0.625022081707 -0.277124101912
0.384728977989 -0.329704687220
0.477634331706 -0.956706724452
0.590834617549 -0.633492187401
0.514548424023 -0.428155745232
0.458123781259 -0.484617132293
0.173758745882 -1.000000000000
0.320281075414 -0.584011084194
0.279725103165 -0.332068276692
0.242303218089 -0.465816510181
-0.093697788939 -0.926966746349
0.051186063744 -0.509525864556
0.055064600438 -0.298789017457
0.031827523949 -0.403393612646
-0.333523199839 -0.793295902388
-0.221552715409 -0.508909265056
-0.151137178309 -0.350497932410
-0.140765471368 -0.411205676642
0.297860200918 -0.052619854461
0.582874686240 -0.195548316925
0.592345599355 -0.303226040116
0.352613565932 -0.358029018770
0.466348370359 -0.949999187577
0.555651516604 -0.650531070604
0.505492622720 -0.455944762158
0.458581851157 -0.500272688969
0.170049676070 -1.000000000000
0.291385455522 -0.593480966161
0.264950315867 -0.349010251294
0.224869275294 -0.467992814457
-0.096058456775 -0.930128738713
0.021247289390 -0.497780843901
0.039923434577 -0.301916240020
0.025638096528 -0.413143695117
-0.332676986221 -0.798690547200
-0.228898150929 -0.495296812981
-0.161970012110 -0.341807839178
-0.153798480227 -0.407481786523
0.289737690462 -0.078357923779
0.557389859694 -0.229797185422
0.566427905786 -0.348702931136
0.338268512833 -0.414590176935
0.437335550918 -0.949187883977
0.568037427407 -0.726601381774
0.511148975944 -0.505383080760
0.442864498069 -0.518198758910
0.152686373364 -1.000000000000
0.322288296676 -0.685886210798
0.287359026103 -0.411989378786
0.220338590513 -0.504373835475
-0.096812398092 -0.933047446388
0.067421897592 -0.593043670553
0.082726488418 -0.372218765565
0.037719299717 -0.456237926491
-0.322026591687 -0.794976222540
-0.179667742476 -0.552084483833
-0.113721958454 -0.387572351207
-0.129364920974 -0.434964832743
0.285902951726 -0.077788463917
0.563122780658 -0.246920698041
0.592890617076 -0.384063135487
0.372470292470 -0.464389377900
0.454028680844 -0.949163092551
0.562424460461 -0.720486444723
0.501173362636 -0.510695173682
0.450344385251 -0.540331817979
0.182353568067 -1.000000000000
0.316936671483 -0.678619506876
0.281389262469 -0.408772540686
0.234897891337 -0.510097511896
-0.064290546765 -0.941353858790
0.058571171459 -0.594362721614
0.071733890170 -0.373187518254
0.044188211769 -0.462194273066
-0.291506757729 -0.823103976717
-0.188426177270 -0.569997057966
-0.112171557687 -0.401069146573
-0.106328465481 -0.445573651196
0.293610379506 -0.085748470721
0.571047984519 -0.286785200149
0.583782256292 -0.457143446244
0.344210137541 -0.545807523685
0.446508989907 -0.949262784969
0.549444220211 -0.762797376122
0.460947968172 -0.524352844275
0.402645903308 -0.549842885456
0.179711515328 -1.000000000000
0.295049602196 -0.739424812003
0.249426906224 -0.437548512030
0.211312958451 -0.539298535376
-0.066223184048 -0.948186724459
0.034912238703 -0.672055859966
0.045089890282 -0.418888365300
0.023887308600 -0.497120176054
-0.292643145777 -0.842055918704
-0.217787182926 -0.623063549606
-0.139068358842 -0.441729162648
-0.124649279875 -0.489083736844
0.297312677860 -0.102605576777
0.574273694422 -0.328737651355
0.594196949910 -0.519883092444
0.354623881584 -0.607673723655
0.417655590949 -0.957557113668
0.579465610266 -0.811631981042
0.481469132966 -0.557339976804
0.408677197475 -0.581539060991
0.158984035781 -1.000000000000
0.334862908252 -0.802976680925
0.272694450906 -0.472023770798
0.210970937679 -0.577248085427
-0.074409509321 -0.947920487548
0.074224407479 -0.745907588502
0.074484965355 -0.461300029155
0.024330078725 -0.529104909153
-0.286945424237 -0.843135849426
-0.190719857923 -0.677431714326
-0.113411612409 -0.488055474736
-0.118156914402 -0.533938786511
0.303806707033 -0.087028381330
0.598276420448 -0.360190270054
0.599782784591 -0.582220747070
0.356950478320 -0.668846500426
0.461672847770 -0.961690404222
0.584699594933 -0.894599561347
0.493286782246 -0.621017180190
0.435355499884 -0.616126999803
0.206782482578 -1.000000000000
0.333006598516 -0.898458284760
0.279334121341 -0.529757385845
0.232456792031 -0.613547864556
-0.029780835516 -0.957838641788
0.070479197103 -0.836012139948
0.076999848296 -0.520332466229
0.045203080309 -0.576689047755
-0.255168763297 -0.873957485541
-0.189870916749 -0.763789453660
-0.113840964908 -0.555032763420
-0.101962823689 -0.595988701776
0.302666307798 -0.106022326750
0.580420132525 -0.384987119183
0.563539896355 -0.613345808287
0.311682196275 -0.709778270510
0.450658224712 -0.972998346641
0.553861126420 -0.963976455661
0.472948745883 -0.679552439665
0.423886289940 -0.660231085705
0.188653858478 -1.000000000000
0.278841879958 -0.970268510567
0.236728827824 -0.587518424054
0.214730613622 -0.660030760160
-0.048815691100 -0.957613075632
0.007613908719 -0.915707035105
0.025704557203 -0.587641721031
0.014171718596 -0.623862707150
-0.282393225929 -0.877172244082
-0.262865095335 -0.850211988773
-0.179846028308 -0.631350627379
-0.148310797244 -0.645754969688
0.307736802759 -0.100790983641
0.581425342620 -0.392416856218
0.537376945885 -0.622207705383
0.279469924330 -0.702178311969
0.443701947048 -0.975601172422
0.549483565203 -0.945409509776
0.465977548752 -0.666213061459
0.414969226779 -0.649830248576
0.183404873027 -1.000000000000
0.278209636052 -0.939754974160
0.235476592446 -0.559526824676
0.214050756961 -0.634867267579
-0.053398204486 -0.953300736301
0.004667171003 -0.887646289910
0.022088568159 -0.565202328274
0.016108168442 -0.608883286097
-0.285910599920 -0.866958603851
-0.266221134238 -0.821412260469
-0.180129789043 -0.605573021792
-0.140683216289 -0.627512158561
0.292981476718 -0.098133933127
0.556925395140 -0.390447940172
0.499449601321 -0.614631232044
0.228433791891 -0.678695330321
0.410667516548 -0.973499578980
0.503624008872 -0.953311595691
0.439441399730 -0.684538601236
0.391256874571 -0.645992511366
0.155638440292 -1.000000000000
0.224413503117 -0.926172313243
0.198770761919 -0.560551054084
0.179762443100 -0.618577656473
-0.077744346839 -0.952706912814
-0.046061082871 -0.868084479539
-0.015082115649 -0.559753470494
-0.011628610659 -0.597818538257
-0.310486948282 -0.862676764431
-0.309756040192 -0.818593497159
-0.220037303386 -0.608226096029
-0.174245949395 -0.620478160442
0.274731243033 -0.103930597215
0.526242956696 -0.379313993905
0.475750639687 -0.582276486166
0.216018803884 -0.648558374139
0.383840919002 -0.976266792301
0.492290532065 -0.936037848682
0.423076638396 -0.667636755277
0.367120086658 -0.634790695219
0.127591099023 -1.000000000000
0.207936057389 -0.916182542288
0.182294690131 -0.549496533908
0.162178801424 -0.607873020240
-0.106117653020 -0.953650184677
-0.063989474183 -0.861512026227
-0.031524327015 -0.548939756508
-0.027705554760 -0.585958855571
-0.339103533401 -0.860828172124
-0.327490723443 -0.818315210364
-0.235863240346 -0.604739815053
-0.192337704188 -0.609153811280
0.279434033827 -0.089384244391
0.537803709078 -0.358129602633
0.484285238694 -0.556561883273
0.214042968688 -0.617910621165
0.396117586637 -0.968423426684
0.500928458824 -0.920374040317
0.421843001713 -0.631525154944
0.368088906727 -0.602254937748
0.136012240801 -1.000000000000
0.198486936273 -0.904283065349
0.171859467099 -0.525858340325
0.156395400409 -0.582511545305
-0.105430460130 -0.957414910452
-0.080912406468 -0.857373397072
-0.051602045503 -0.532713006916
-0.043591968258 -0.565567697722
-0.347126946962 -0.865827674779
-0.351314306990 -0.825326884054
-0.263320239166 -0.603487329983
-0.216733846298 -0.604789147323
0.261236651334 -0.078443148382
0.514574923027 -0.323381548086
0.459381137971 -0.497638487848
0.188188873203 -0.550491919802
0.391442739640 -0.952467600752
0.472776126734 -0.855583623370
0.403642418979 -0.603662050915
0.354972361954 -0.587980137208
0.132848618426 -1.000000000000
0.187759949944 -0.817646884059
0.170604351124 -0.492387173896
0.157689716465 -0.556701819816
-0.108092406248 -0.957433236335
-0.082671670938 -0.762215605841
-0.047785829313 -0.489084864264
-0.030924834361 -0.536927783479
-0.342892479866 -0.865986198308
-0.333678369389 -0.731914599332
-0.245041219783 -0.534415162013
-0.196120791081 -0.549170321856
0.249426757757 -0.063851129315
0.497492123357 -0.296995403784
0.444249890482 -0.458256035766
0.176429366674 -0.506104171022
0.373090160304 -0.956451151215
0.445379986791 -0.807207301698
0.360853412087 -0.544052269301
0.316177299518 -0.540965100952
0.115295963596 -1.000000000000
0.161412293431 -0.776176045924
0.139935931535 -0.445152777869
0.142769427091 -0.529533922676
-0.124473949637 -0.954951936512
-0.098562623351 -0.720170301079
-0.067446209755 -0.437095257553
-0.034702510887 -0.504082719748
-0.352936749164 -0.862726317688
-0.346402398614 -0.698653838730
-0.257274954520 -0.496563702786
-0.193449034672 -0.522509100294
0.227072937342 -0.067767884465
0.458166721817 -0.280670519000
0.419140057532 -0.430295495629
0.178065251763 -0.486541235617
0.352507465038 -0.955567706648
0.429396533453 -0.797196195976
0.348488514866 -0.534322614592
0.296096966035 -0.519477467713
0.103660807782 -1.000000000000
0.145212248855 -0.766264815122
0.128621027906 -0.447746119202
0.128960030743 -0.508021598330
-0.126402294249 -0.953022221363
-0.114480444164 -0.703273835529
-0.079499485113 -0.431188608841
-0.043546017106 -0.483017036730
-0.345442231731 -0.851889806452
-0.357179878945 -0.687143971438
-0.267523508392 -0.494629168321
-0.199105242755 -0.506866941544
0.234195179434 -0.065523879419
0.462417629568 -0.267441270914
0.418309445040 -0.409863731389
0.166207576189 -0.449417281527
0.347326833989 -0.953709939552
0.388558005221 -0.732682125568
0.321432788274 -0.475124033143
0.286268726516 -0.483980451034
0.096535792311 -1.000000000000
0.116248515422 -0.710765011888
0.112737310574 -0.415317138220
0.124787181583 -0.489245984984
-0.133764256384 -0.950763993231
-0.127891695085 -0.650050469856
-0.087783323803 -0.396522210209
-0.047544919329 -0.457909413554
-0.348757970803 -0.844085187560
-0.349763509368 -0.649051375072
-0.263624777458 -0.462726390873
-0.201968015694 -0.476439143309
0.243672300719 -0.070647530135
0.468672934348 -0.270446865254
0.411381338547 -0.406192369589
0.158051168592 -0.437214474169
0.330111185114 -0.957500207239
0.385218449354 -0.732171725689
0.317852218795 -0.466057849799
0.276502599782 -0.476264546060
0.078890797714 -1.000000000000
0.117761852901 -0.693078548010
0.107930683909 -0.401939417500
0.109244209923 -0.477767989092
-0.149281065182 -0.947145327681
-0.112092088601 -0.630046107187
-0.080102562050 -0.387164765305
-0.051152012699 -0.456098011360
-0.357458968987 -0.839899496051
-0.331157577195 -0.625739415785
-0.250061409552 -0.447830046565
-0.197910188650 -0.468902260195
