0.367744315842 -0.127950724345
0.652103423881 -0.316452145820
0.788301738261 -0.459113100765
0.801823058145 -0.558187077535
0.417984818989 -0.991975400759
0.703280517596 -0.802393713852
0.596663342511 -0.586937981715
0.492135664734 -0.595823460863
0.199229729287 -1.000000000000
0.507385662652 -0.725065358909
0.412250101837 -0.490826074927
0.314802686277 -0.548817664028
-0.010114535029 -0.908262941663
0.285022477638 -0.649346659384
0.224509976877 -0.440315663761
0.133195417157 -0.491997836254
-0.202045785852 -0.769118147655
0.029657921793 -0.595096024650
0.037942246602 -0.426702068465
-0.027984297200 -0.447299899135
0.371664788332 -0.129889712607
0.653808313356 -0.329365976589
0.792967704210 -0.473518101597
0.790371196542 -0.573271841808
0.394329091107 -0.993073159375
0.686226732690 -0.798679486218
0.598099414736 -0.581719681616
0.498773660676 -0.580870565260
0.177343418675 -1.000000000000
0.495821227238 -0.720269622523
0.403193393240 -0.484498119866
0.302543517517 -0.542612483484
-0.026026828829 -0.907985457223
0.284369714296 -0.643740330562
0.223865737020 -0.435070387238
0.132799405779 -0.486899597716
-0.209407370950 -0.766993486267
0.044290099730 -0.592927113112
0.047930461829 -0.426445897387
-0.023919378729 -0.447178865244
0.363403961070 -0.125909785024
0.644320255717 -0.323071048097
0.789017353384 -0.468455508620
0.833905162089 -0.567919397991
0.396855194658 -0.988097115801
0.693467338164 -0.815870306087
0.593726186586 -0.585307832476
0.483737329601 -0.564506245248
0.185431962294 -1.000000000000
0.514421046519 -0.738245086340
0.417557275779 -0.501814599652
0.312761390688 -0.535566315175
-0.013172703870 -0.911516342000
0.302991628773 -0.660695563888
0.237634623491 -0.447693390021
0.144076890387 -0.474630729008
-0.196189029007 -0.770972973857
0.061908016594 -0.601173484799
0.062219052950 -0.434733836382
-0.008343491351 -0.440636605415
0.362812820802 0.049668339459
0.682719052946 -0.012003715107
0.880042658827 -0.053342335334
1.000000000000 -0.020903724272
0.656168011230 -0.512158840108
0.943828963011 -0.306177614728
0.838783355164 -0.091565245247
0.718056418579 -0.037486532080
0.433075456747 -0.524437998017
0.713769048583 -0.241050602981
0.641006433467 -0.038404619940
0.540130125209 -0.002567126918
0.219150515760 -0.434333010732
0.453425554690 -0.159392089787
0.393299871646 0.027132678249
0.317624305007 0.051584270259
0.030357140508 -0.294048100371
0.208162622746 -0.098495879485
0.190739837723 0.044092390477
0.142432267930 0.062796518973
0.366421205090 -0.126834942695
0.654686667416 -0.327503348419
0.802860092054 -0.474130228394
0.832402473758 -0.563289880670
0.398897850373 -0.989769709602
0.704000922636 -0.818120491969
0.601647388609 -0.584398298117
0.490213936201 -0.562633126791
0.190064582532 -1.000000000000
0.525671214651 -0.741178185843
0.425536088915 -0.496804511166
0.321065703923 -0.535307469011
-0.008606611709 -0.912496425678
0.310035686748 -0.665077220226
0.240847802527 -0.442419374879
0.147373648322 -0.473737573099
-0.192371667706 -0.773902779619
0.066058828740 -0.610169980210
0.065835600786 -0.437808276020
-0.006138818261 -0.446329876817
0.368030344299 -0.123149078474
0.659451018370 -0.319942650486
0.817678983950 -0.464137033562
0.860174520070 -0.569282752777
0.398515469741 -0.993113972702
0.713149330670 -0.811137154617
0.615792956652 -0.575124383379
0.502926489726 -0.549434978664
0.187036588687 -1.000000000000
0.534592500681 -0.726125049178
0.436229862099 -0.476582029477
0.330888942691 -0.516943376812
-0.010205893331 -0.912554550132
0.320286091860 -0.654269285477
0.249082609529 -0.430660351663
0.149657718730 -0.467748842417
-0.192478084113 -0.776531791908
0.073160629079 -0.607060194292
0.069839804699 -0.433821535575
-0.007873477993 -0.446455225010
0.392055992816 -0.121307770520
0.681762907150 -0.320509756648
0.832966054720 -0.470592675513
0.872829509706 -0.589762143255
0.386040946898 -1.000000000000
0.726172092311 -0.810309113376
0.625403340960 -0.580450773670
0.505264259692 -0.560023671694
0.185216815659 -0.999485653942
0.566871252705 -0.732870668461
0.456148312423 -0.484294631070
0.336768698009 -0.534426236933
0.002014811415 -0.911900687581
0.366584666187 -0.667719765185
0.284571907929 -0.440760000272
0.170453005472 -0.478021179222
-0.168450271452 -0.777223844703
0.121827299794 -0.620814333452
0.113499634030 -0.447861206577
0.025591597354 -0.458580649447
0.403138059774 -0.121926925887
0.697318566052 -0.326637757106
0.851767013057 -0.480326728430
0.899667992153 -0.592306544541
0.405607688416 -0.996635163664
0.763251233821 -0.815877085032
0.657719417538 -0.578904529501
0.532635553107 -0.548327260093
0.209150409628 -1.000000000000
0.602438318249 -0.738559473478
0.488206778947 -0.489376317183
0.367574763622 -0.530993894775
0.028735055586 -0.916625441651
0.401799145688 -0.672605935467
0.314896460211 -0.447078922860
0.198452876324 -0.484716872022
-0.138278886893 -0.786518989834
0.160883622949 -0.619695645477
0.142021147742 -0.445860653864
0.046690102692 -0.461821712707
0.404297631505 -0.124990604092
0.699509063503 -0.324981499325
0.846783257090 -0.474654642728
0.860863280127 -0.575870159368
0.395449975884 -1.000000000000
0.784117051610 -0.822948429057
0.674253468344 -0.584375705638
0.539867309364 -0.553050921207
0.197556302725 -0.996308183355
0.617749465952 -0.745092538159
0.499961206433 -0.484974941473
0.379795019733 -0.525334165366
0.017219100672 -0.912559753814
0.413602642863 -0.670416812300
0.320970562110 -0.439177963560
0.199122060492 -0.477680994676
-0.145151361206 -0.784822897914
0.165716337708 -0.616120186554
0.143268801911 -0.437561186832
0.043246433223 -0.451721670601
0.414321706214 -0.130396590006
0.701082439779 -0.329222912195
0.848520236805 -0.474972304450
0.887508237641 -0.567290553864
0.397056748665 -1.000000000000
0.791372276302 -0.825066879597
0.683241432916 -0.586282198580
0.543590275204 -0.545232942586
0.199261482213 -0.998738494314
0.627127701560 -0.750708614703
0.515785368136 -0.488321023276
0.388824220184 -0.516294926973
0.019708784807 -0.913775753915
0.423736153295 -0.685277754145
0.336728729986 -0.447035121630
0.206417267940 -0.468681247525
-0.143389131436 -0.783532998695
0.176050361902 -0.631024849456
0.159215678334 -0.450622736207
0.053714533312 -0.454929807968
0.414601990209 -0.134506941764
0.707860760137 -0.341159055877
0.855811169791 -0.489454495995
0.842037668457 -0.572988940365
0.376344442067 -1.000000000000
0.772181447319 -0.828473729452
0.668435127220 -0.593874593132
0.528077070629 -0.562126642861
0.185312690108 -0.995559990978
0.619215400426 -0.757924923133
0.508059661217 -0.494137278569
0.375368200367 -0.533067465359
0.012482272705 -0.910996691598
0.424493688457 -0.694106512404
0.342045315453 -0.451909677548
0.207624891154 -0.478545722575
-0.137603158343 -0.782235984505
0.185040367970 -0.631643475977
0.169613036776 -0.450957144009
0.058327521369 -0.460884577732
0.414575955075 -0.135341420239
0.702672371273 -0.340358596648
0.848534464807 -0.480203583841
0.862389156366 -0.554749285842
0.364573061833 -1.000000000000
0.771451222503 -0.838034851163
0.670632376044 -0.593038240389
0.528342550375 -0.550936554161
0.181878229556 -0.993860718162
0.627773624893 -0.767350888816
0.520179081823 -0.496463750043
0.383796980243 -0.523976855247
0.018758539492 -0.907544984005
0.436191816810 -0.700552284421
0.355301501376 -0.457072706575
0.218549970221 -0.478029224103
-0.123515442235 -0.775774503100
0.202032118526 -0.633778774470
0.183315009469 -0.454675744360
0.068739782625 -0.462341063603
0.416876820805 -0.138864946648
0.704904465980 -0.335085845626
0.848810772475 -0.473724859154
0.868620413244 -0.559094427799
0.369148038508 -1.000000000000
0.776945822243 -0.836083654687
0.678210410584 -0.594092558214
0.542110369648 -0.558076011487
0.183023746721 -0.993254559877
0.636293470349 -0.765914472144
0.527578574353 -0.493234848593
0.394241696970 -0.523106104047
0.018479626895 -0.908464084847
0.444828615368 -0.700591876084
0.361160389320 -0.454352998026
0.225489218127 -0.474965326060
-0.125853060545 -0.776827504767
0.205605311613 -0.637576545484
0.189236783087 -0.457193065451
0.080131543947 -0.461455630498
0.418626364553 -0.138368685784
0.712801079067 -0.342110131908
0.864069945458 -0.483337578433
0.856983853118 -0.565812995615
0.370134482291 -1.000000000000
0.780652977513 -0.830925586728
0.677384792306 -0.598551350569
0.536690038093 -0.570280612151
0.191865897184 -0.991804816970
0.651162135977 -0.760954534615
0.535929316263 -0.497125513934
0.398658597778 -0.535604129337
0.033399113919 -0.906863550690
0.464600619809 -0.697101150754
0.374331446048 -0.454748346811
0.235285513087 -0.481698453233
-0.104156875252 -0.776661550399
0.229385981426 -0.630331125143
0.207233698756 -0.450430896056
0.093771466976 -0.459981410156
0.409782269534 -0.136961385594
0.689997713349 -0.337238121004
0.838049404906 -0.479137767021
0.834584953369 -0.565545711010
0.356459087841 -1.000000000000
0.770524640320 -0.832773454436
0.671373583844 -0.601636718161
0.526150405540 -0.564848759657
0.183934777079 -0.988433324646
0.644706636703 -0.762311979441
0.535434909720 -0.497322485570
0.400870563478 -0.522956592976
0.030148928371 -0.900455596705
0.465748344515 -0.694793593715
0.376618039300 -0.452562899458
0.236879122643 -0.470118740293
-0.102286144570 -0.765634148308
0.232925592689 -0.622055742084
0.207645438988 -0.445702654346
0.092756029922 -0.451525287750
0.403503682122 -0.147719212949
0.667884228133 -0.353680658609
0.808555343098 -0.498093182057
0.831537686570 -0.586391689737
0.331332203722 -1.000000000000
0.749190707192 -0.850301185366
0.662545108867 -0.617237483264
0.517126046009 -0.568600527555
0.164829125107 -0.983363944110
0.627383667560 -0.773542130031
0.531537855891 -0.507726179289
0.396195604191 -0.520828123696
0.018488376734 -0.891193167181
0.454491100379 -0.696501228180
0.374555055253 -0.456016922402
0.232628837988 -0.465496515016
-0.107860910244 -0.751597868010
0.229247453839 -0.618733649963
0.206585755527 -0.446273769915
0.089242398405 -0.448128993400
0.401697114070 -0.158699542998
0.661888656676 -0.370739760540
0.803038273242 -0.520534782504
0.807462338837 -0.613555045941
0.309050229899 -1.000000000000
0.728886683079 -0.858370782556
0.652765756641 -0.625084279598
0.510440282606 -0.571726802987
0.144876516057 -0.979220438666
0.609934559540 -0.779029842912
0.519359260119 -0.509187068612
0.380618418502 -0.519886682265
0.004916064581 -0.883729984179
0.443114448356 -0.700880126731
0.369990129863 -0.456901046884
0.226169415480 -0.462189246131
-0.111990993709 -0.740720412314
0.223785723959 -0.621567046925
0.207019463160 -0.451368284217
0.090221833716 -0.452039792464
0.393211127407 -0.165721634493
0.649199534924 -0.386179240446
0.782489768097 -0.540417990970
0.778519926643 -0.629143833702
0.287657070624 -1.000000000000
0.705567832528 -0.864127549550
0.624664299192 -0.628721886354
0.481009169498 -0.579273269287
0.122532827490 -0.979749655950
0.588976493963 -0.787414051515
0.496763197848 -0.515628761991
0.355670754782 -0.529901589705
-0.020181986778 -0.885914225656
0.420568067891 -0.712130367652
0.346953827886 -0.464799394398
0.199316531571 -0.469774590237
-0.140670543121 -0.744773050776
0.197783091189 -0.627823097259
0.184118083821 -0.454757275036
0.064984726985 -0.453946231649
0.390207817957 -0.167186345195
0.636633814806 -0.382335084476
0.766933909814 -0.527391367588
0.791180197768 -0.620037862494
0.279249911121 -1.000000000000
0.699839440295 -0.875097096843
0.625859875013 -0.638815920703
0.485863553041 -0.586212853160
0.116118587048 -0.979376222590
0.588991818029 -0.799019874011
0.505093393495 -0.526036442861
0.365540085394 -0.536559335209
-0.020535812335 -0.884877959713
0.423094751983 -0.718169467435
0.356669867357 -0.471728747221
0.211097610004 -0.477553291783
-0.133782874250 -0.743036387438
0.207631523494 -0.628507548726
0.192970990375 -0.454880387662
0.071756993575 -0.455894049163
0.392420313257 -0.166345306341
0.639776216184 -0.376631328356
0.773674275403 -0.520309264719
0.809440877392 -0.617559977587
0.285074450363 -1.000000000000
0.707683569654 -0.875725290435
0.634595944367 -0.638185364600
0.496924425961 -0.584527109079
0.121351510342 -0.976273415064
0.595884719132 -0.795670894183
0.513790699389 -0.519964262467
0.378432975326 -0.527042259024
-0.014962838760 -0.881159394438
0.430079024439 -0.714947728690
0.364041884246 -0.464574058832
0.221737680692 -0.465278644884
-0.127967380370 -0.740197448314
0.213118051173 -0.632489642146
0.199649419952 -0.458978708392
0.082953434464 -0.455659495093
0.400490510380 -0.162568470550
0.656569880879 -0.365233903688
0.802449461443 -0.506126426486
0.854374054881 -0.613791046958
0.317388902011 -1.000000000000
0.743741411482 -0.864278398152
0.661382839787 -0.632114086750
0.521339481445 -0.587477281948
0.154258319193 -0.979232134450
0.634862933765 -0.787525828653
0.543449325453 -0.516826040828
0.406359533150 -0.534754905258
0.018226865933 -0.888171084621
0.467393009189 -0.712649431496
0.394211575569 -0.464900688996
0.249450436785 -0.476973944753
-0.095145097155 -0.751184765719
0.249250031130 -0.629789987860
0.232511513727 -0.454001853989
0.114144008338 -0.455829394305
0.401303339291 -0.157782195675
0.657151433552 -0.357133581526
0.797410258681 -0.496888343929
0.818108988641 -0.597143166734
0.307835303799 -1.000000000000
0.732645224055 -0.852489225836
0.650909920454 -0.618262734845
0.509323085724 -0.571922442429
0.143919952010 -0.976045185145
0.620636167712 -0.776136736893
0.525489683500 -0.504569099927
0.389717158097 -0.525600539578
0.005050246425 -0.882791977509
0.453650607106 -0.699221668681
0.375576053163 -0.449304209541
0.232449210140 -0.462316383717
-0.109631898410 -0.743645061001
0.230219451653 -0.621255848943
0.210130689461 -0.445661660838
0.092720004519 -0.448673588877
0.410760670163 -0.154213711323
0.676984476286 -0.357446484830
0.819724704917 -0.501559544992
0.854355128336 -0.606809708681
0.341271295562 -1.000000000000
0.756889274779 -0.850436809600
0.661949404601 -0.620443311510
0.520328790749 -0.590634566984
0.175617020200 -0.986840625576
0.642077574234 -0.784453842435
0.540157427276 -0.514982934628
0.400634854308 -0.545716160528
0.031145993467 -0.900875274647
0.468008301590 -0.716748639822
0.387678224539 -0.466916182448
0.242014895596 -0.489247159910
-0.092771900942 -0.767317257233
0.243277601863 -0.636423510084
0.225930803468 -0.457159892750
0.108285815352 -0.465560999502
0.409626370127 -0.143447620929
0.685976669377 -0.341966529022
0.827540485629 -0.486493562567
0.828142774902 -0.580663700961
0.353685237157 -1.000000000000
0.759994135957 -0.854275421315
0.664334255045 -0.610601324692
0.519956119198 -0.566926022342
0.179073787422 -0.990902216700
0.628777944155 -0.790429169863
0.521784613547 -0.516251475580
0.381318774277 -0.540473810464
0.021612366853 -0.907822038161
0.447928867474 -0.720501174722
0.368114342714 -0.472325554290
0.226521053139 -0.489555104014
-0.118054247757 -0.776896034192
0.214044076781 -0.644120531347
0.200003674596 -0.460351107661
0.085986506577 -0.461901327907
0.393263487965 -0.146016970263
0.695235954008 -0.355085790511
0.842118140665 -0.515499192869
0.811106365361 -0.607818995806
0.395421423575 -0.992024201784
0.750741579649 -0.862016335655
0.635986836997 -0.605430836728
0.502935975335 -0.572711843639
0.206309510117 -1.000000000000
0.594449899809 -0.811512290754
0.472853185435 -0.526177997611
0.333837320438 -0.566306670373
0.026144523697 -0.929095169758
0.384978332986 -0.755520883966
0.311483488739 -0.504975283247
0.182385920419 -0.531532571612
-0.144019131474 -0.808873872025
0.134798826111 -0.690564488676
0.136359336640 -0.508693344076
0.038032724098 -0.516011993968
0.403152205668 -0.149386649138
0.725433050930 -0.367834355828
0.875204596358 -0.545129418639
0.801184535982 -0.643428863570
0.417155127082 -0.978385188431
0.746608627909 -0.862963336255
0.620307332749 -0.592083260298
0.502104781381 -0.570891761613
0.218622455935 -1.000000000000
0.577492647775 -0.838722465673
0.441345408511 -0.528162868829
0.304186580972 -0.580793163891
0.026285714286 -0.945855390009
0.356560132437 -0.803594653812
0.279535105658 -0.525804849547
0.150255526341 -0.556286006427
-0.154726263512 -0.840193835817
0.092861427598 -0.741688431201
0.097805044308 -0.546831142273
0.000358554874 -0.560047326906
0.395748151659 -0.152144440574
0.712870641305 -0.369851440291
0.868433873771 -0.549229627700
0.785681999511 -0.642397361642
0.412297378800 -0.978333942577
0.740137576115 -0.858833414916
0.613571452755 -0.590261442822
0.494819710865 -0.573787199465
0.213414178095 -1.000000000000
0.578486310773 -0.840496006253
0.441064180572 -0.528945414292
0.304000136195 -0.589261930025
0.024489665532 -0.948186731428
0.360917610229 -0.818441018272
0.285144201276 -0.535895808502
0.151967836548 -0.562947356219
-0.150667288726 -0.845178810501
0.097211310998 -0.752111931661
0.104503292687 -0.560848049379
0.003425152124 -0.576331818164
0.398785122206 -0.146928413604
0.713652926785 -0.356386037245
0.863842042608 -0.532439571748
0.790759102385 -0.627739430674
0.413872639647 -0.975378220824
0.738884722869 -0.852886171653
0.612407531311 -0.582858096831
0.495627891514 -0.562365078309
0.216410892921 -1.000000000000
0.571154939533 -0.829369522059
0.434387446205 -0.521602116123
0.303509359981 -0.573535559012
0.026802073779 -0.949569931587
0.358008885190 -0.809469975004
0.277249822726 -0.530633617727
0.148788909861 -0.553378451402
-0.151086513557 -0.846338361848
0.095901218336 -0.747873321762
0.097307195963 -0.554407106420
0.000043287489 -0.563484925637
0.406865690101 -0.137434423755
0.732234157485 -0.344747680141
0.888852092874 -0.516735501566
0.831518017477 -0.613273919733
0.446519248188 -0.968444394327
0.773152618988 -0.842894048576
0.639491322583 -0.569887490042
0.520183963906 -0.553938066778
0.246785760621 -1.000000000000
0.602574185155 -0.826514519350
0.460574226380 -0.511545274982
0.320809188980 -0.569029024150
0.053852874951 -0.954387815604
0.378934799030 -0.808135201103
0.299485478225 -0.521614497888
0.167812330626 -0.554976956011
-0.128222114712 -0.856205362502
0.115773971266 -0.752027616411
0.117667640322 -0.552226518593
0.017062227864 -0.569697609027
0.401255649219 -0.128865480849
0.729368653552 -0.325219595467
0.890588371340 -0.492355474776
0.825161873606 -0.597753251555
0.458632398171 -0.968539756901
0.784677657670 -0.824827394078
0.648433581842 -0.566407866912
0.530988055355 -0.560379773265
0.254431914712 -1.000000000000
0.607955998921 -0.803241466565
0.459925055711 -0.501359499797
0.328861949744 -0.569168127759
0.056861519769 -0.955760327129
0.383055436836 -0.782943124288
0.294875747293 -0.508646061694
0.169737484294 -0.550274131286
-0.132330694613 -0.860250327054
0.114630006774 -0.741458737502
0.112251095508 -0.542966207179
0.016476018701 -0.560222629340
0.416792361561 -0.130594722870
0.749316047242 -0.320560982448
0.906840363523 -0.480203728520
0.838566930945 -0.571891477179
0.478441059629 -0.970461784937
0.804079119474 -0.811811378487
0.655167133020 -0.555088919083
0.531478594299 -0.553007134610
0.276400557028 -1.000000000000
0.627925568405 -0.787101305395
0.472213688659 -0.495873829689
0.337273385289 -0.566527652609
0.077452841390 -0.949692201211
0.400001807965 -0.763030872902
0.307897060876 -0.503143745337
0.182408721935 -0.553774645008
-0.112029884693 -0.846778446547
0.129453809332 -0.718010351767
0.125975711931 -0.529018352159
0.030821141354 -0.552986576296
0.417967317548 -0.126502364248
0.757460177394 -0.319709178623
0.920565136074 -0.483395692976
0.829028921522 -0.574449285501
0.475007087423 -0.968295128981
0.805123456611 -0.810229835678
0.661943008415 -0.551051067177
0.538968051931 -0.546241876072
0.277058327794 -1.000000000000
0.636364234495 -0.793097092367
0.479240963657 -0.496878583019
0.341202936370 -0.567903845205
0.080226720115 -0.953080198661
0.412269707147 -0.773568897004
0.316892254729 -0.503412702790
0.184580284290 -0.547031410102
-0.106811569383 -0.851876739805
0.140535315683 -0.728914797087
0.137726083940 -0.536419434148
0.038528099574 -0.557441503366
0.420100232942 -0.133428510478
0.755044857504 -0.318052244282
0.924641659614 -0.481487049110
0.855890238404 -0.578852564508
0.479248764768 -0.962943769296
0.808009219211 -0.816001452272
0.660424866709 -0.551824804899
0.538001897292 -0.543350434744
0.279077281810 -1.000000000000
0.631920952959 -0.801460271747
0.474716519798 -0.499029327923
0.342068454090 -0.567164940116
0.081478824648 -0.958125279847
0.412714041129 -0.787886979485
0.317120399088 -0.512815362201
0.184672768006 -0.552206040936
-0.106415451361 -0.859335037614
0.139078969680 -0.736990649900
0.140184095102 -0.543385598713
0.044996596909 -0.561585150724
0.401486700693 -0.128004619191
0.741006582513 -0.316109090451
0.914163165128 -0.484646140771
0.827579602109 -0.592370779373
0.478729181744 -0.964977092950
0.800364880523 -0.827331392367
0.662012721811 -0.556662110541
0.544628892512 -0.538139806370
0.273128144661 -1.000000000000
0.621084326587 -0.812765214671
0.464942289893 -0.498988417172
0.334150936710 -0.560086379919
0.071885250855 -0.961150123402
0.398149316928 -0.799175328625
0.302260011932 -0.514341251346
0.173833899896 -0.549481600410
-0.122610047706 -0.868439904395
0.121778484057 -0.759548167480
0.119392156065 -0.559303970097
0.024693672082 -0.575537765808
0.402504357798 -0.123568957851
0.739825159034 -0.309503199349
0.911300088420 -0.475984749554
0.836499033913 -0.587258269119
0.488625184241 -0.963357006067
0.803711781984 -0.825202796615
0.662597897287 -0.558105708647
0.544154676644 -0.542845343584
0.284190869416 -1.000000000000
0.622553029764 -0.810018870501
0.467104994439 -0.499025111653
0.337219077139 -0.559380663630
0.082383098006 -0.960943052400
0.398953155956 -0.795133260512
0.302702904563 -0.512552763297
0.175379928805 -0.545181545420
-0.112914720196 -0.867741363274
0.125612727221 -0.753938793992
0.122497596938 -0.554219867591
0.030358905176 -0.569793719869
0.404150195042 -0.125540317273
0.742043961752 -0.311978895381
0.912787370654 -0.476311251832
0.829690211796 -0.584001577437
0.485619119328 -0.964929072043
0.806806904622 -0.816087967709
0.657678804072 -0.553362974260
0.537187312993 -0.547218269420
0.282016315888 -1.000000000000
0.632109045572 -0.803335127726
0.468972660181 -0.497773440601
0.339540226342 -0.566398932787
0.082950776732 -0.961666592506
0.409798412423 -0.792371009475
0.309314546787 -0.511811147280
0.182014832678 -0.549880049056
-0.107949935762 -0.870368350749
0.136484950221 -0.752586528559
0.131751475721 -0.552783940853
0.038160560254 -0.569360553429
0.409715017703 -0.121837471146
0.755797963449 -0.309149446052
0.927411828191 -0.472792392694
0.842604955626 -0.571104134739
0.492013959140 -0.962608314934
0.819742474567 -0.821617354233
0.675272251282 -0.552567741890
0.556669093160 -0.542238896737
0.287895263189 -1.000000000000
0.643683399291 -0.806442471993
0.484477245336 -0.494862813074
0.353618876493 -0.560438037354
0.086634132667 -0.963830615690
0.417641301638 -0.795166325401
0.317818947575 -0.508607493313
0.189516863542 -0.542859076725
-0.107597508278 -0.874512804867
0.140667314058 -0.757897090645
0.133892513294 -0.552337817207
0.038390472407 -0.565557899176
0.428574529459 -0.108102225708
0.778736240754 -0.280986793822
0.947092374411 -0.432386023310
0.876358471671 -0.525183021517
0.529950762093 -0.963743729397
0.861981135931 -0.795429199316
0.707222283169 -0.534187873736
0.576084093393 -0.517907479903
0.323845175637 -1.000000000000
0.671701921665 -0.769031363133
0.508433841904 -0.477720037945
0.376549036586 -0.534106768760
0.116415901229 -0.953524502502
0.441627786144 -0.746372568977
0.337110605676 -0.481605743582
0.212702515555 -0.519723028709
-0.084737148504 -0.850159804668
0.165402719691 -0.710266628573
0.152322281350 -0.511757728146
0.058955446138 -0.524556914573
0.438850946107 -0.110295001079
0.788821687070 -0.283450077862
0.956536235519 -0.432950681512
0.862451226838 -0.503507439183
0.528094313249 -0.961528692325
0.855892925534 -0.769619642243
0.703823893649 -0.520247496457
0.571236325532 -0.515601725214
0.322691403676 -1.000000000000
0.663691576702 -0.745822859376
0.507751992239 -0.472314341205
0.381188286276 -0.539894259202
0.114240888386 -0.949983815184
0.431360049458 -0.720042926215
0.332157139497 -0.468757618528
0.215173872555 -0.516175921660
-0.081365590206 -0.839783735864
0.158219650797 -0.679083968575
0.146972904771 -0.489502615816
0.057480884420 -0.513016237307
0.442229414517 -0.101964642681
0.796514760528 -0.261135070486
0.971995867698 -0.403497180448
0.883201163546 -0.483636241479
0.542900744815 -0.963112504975
0.875144085092 -0.750128028097
0.722959910837 -0.512106961809
0.585128183839 -0.510044722917
0.334185191439 -1.000000000000
0.674753768706 -0.720873222771
0.519749137788 -0.459553463228
0.395642981236 -0.520782946643
0.121165214361 -0.947940276928
0.443569229229 -0.694790110935
0.336065821869 -0.450365512700
0.217936412492 -0.493230977357
-0.079523773129 -0.834916148381
0.167062963321 -0.664175002490
0.148093338534 -0.474524572373
0.058169082563 -0.490717357823
