0.332917247970 -0.114652562008
0.642142367090 -0.417570246359
0.721581981650 -0.666198009018
0.534697424036 -0.766954523166
0.477091626831 -0.967849155758
0.559276155035 -0.991846518881
0.509010337064 -0.703447151297
0.476233531461 -0.671085682238
0.225344230979 -1.000000000000
0.298632371772 -0.986274373103
0.281622500525 -0.602977719008
0.260843950430 -0.659547718257
-0.022646880276 -0.959712561807
0.046842938749 -0.930454303555
0.073285300443 -0.595506154133
0.055611871937 -0.612378681577
-0.271303407929 -0.889862199159
-0.217351952598 -0.845624790363
-0.144515633929 -0.623167258105
-0.136386295779 -0.640391240053
0.319686324708 -0.114736112711
0.614602077212 -0.379256800624
0.686629316371 -0.612496914266
0.505888414819 -0.732325792355
0.473580645259 -0.965938287443
0.554968675022 -0.942692535556
0.502751641595 -0.655146921303
0.466601106624 -0.621148693236
0.216612784777 -1.000000000000
0.297764638028 -0.929570504588
0.277746978581 -0.548517260360
0.254985226154 -0.602816595211
-0.030667677445 -0.952237664617
0.048075012989 -0.876948560893
0.073376094273 -0.548082916834
0.051794310963 -0.566425671727
-0.271442476468 -0.865923725593
-0.210783274532 -0.791094694120
-0.138407099038 -0.570423824435
-0.137439658335 -0.585235045235
0.336342877503 -0.124884312551
0.636403559766 -0.419191641946
0.695207992747 -0.669921617802
0.487400489262 -0.772151775766
0.451408290063 -0.974864559718
0.536425445677 -0.977546149308
0.492976925012 -0.683228411511
0.463094996885 -0.654881169984
0.196679612148 -1.000000000000
0.282910207419 -0.978114448002
0.267775929794 -0.584969559668
0.246408947462 -0.647346181566
-0.049394673099 -0.953226187969
0.036648056960 -0.920520987500
0.067385684147 -0.575257673459
0.043509583285 -0.592490901516
-0.295000040606 -0.871954309124
-0.228244720062 -0.833996027229
-0.151026772052 -0.607978293781
-0.150257629769 -0.622913809496
0.332935698063 -0.120662015905
0.632313762934 -0.406435336170
0.689667188336 -0.650386339686
0.480566605954 -0.750396778187
0.453172498540 -0.973148336479
0.533636356891 -0.965686035971
0.489545764002 -0.668669989078
0.455494655769 -0.636367278675
0.195351540843 -1.000000000000
0.268553783995 -0.952407955059
0.258014888680 -0.566464241608
0.235054278929 -0.619880433106
-0.052622532785 -0.948245832850
0.020439404627 -0.894653721901
0.051797072461 -0.560850093141
0.027431819060 -0.576271827789
-0.295628903085 -0.859358231718
-0.236297586327 -0.804927049458
-0.160710401429 -0.584684569208
-0.159988149231 -0.600716418919
0.332749181387 -0.117526935058
0.636786443627 -0.421070256934
0.701230940886 -0.670642646363
0.503220042407 -0.774268155337
0.453570755909 -0.975635512493
0.524139827443 -0.978164145726
0.481678129671 -0.683691534652
0.457865338384 -0.655156358652
0.201676095438 -1.000000000000
0.261468128350 -0.970295037877
0.253398663897 -0.583164295226
0.244309322997 -0.637045987207
-0.043420342789 -0.952019908904
0.016487150727 -0.910873536905
0.049141750508 -0.575443538155
0.040858589382 -0.591545385754
-0.285473405089 -0.872683140375
-0.243169411475 -0.827896079323
-0.166936458079 -0.604908992357
-0.151504655097 -0.618696951181
0.326268804598 -0.121676362091
0.618980316707 -0.414325948849
0.665048545646 -0.657662196553
0.450937486333 -0.752535714653
0.439350542635 -0.975764992233
0.531207656211 -0.957513212925
0.482172552951 -0.670343566284
0.447927783250 -0.643472397820
0.186117626122 -1.000000000000
0.280648211803 -0.943453638822
0.260405021022 -0.566232262090
0.233343289761 -0.628849600302
-0.055649073417 -0.950051031730
0.040113922492 -0.885903421847
0.062280628561 -0.559550824035
0.030788639756 -0.583443529219
-0.295287888893 -0.865680889645
-0.216232544256 -0.803412958552
-0.145534602717 -0.586738219924
-0.153839502791 -0.604866954718
0.333106076916 -0.121593837272
0.633899930709 -0.419914807979
0.686430409955 -0.667080159871
0.463980931316 -0.753173922618
0.438886527385 -0.977495404268
0.502750385355 -0.976231769650
0.470958408702 -0.685697014752
0.451335231124 -0.653556792943
0.184208449441 -1.000000000000
0.236510956663 -0.956286722153
0.237586207672 -0.576304638914
0.231093196395 -0.627870147339
-0.062379228498 -0.947931751923
-0.007563559725 -0.892577026431
0.033204994284 -0.565301027346
0.028420802008 -0.580374936285
-0.304624397178 -0.862533329408
-0.267409472105 -0.806811344051
-0.184400181069 -0.589287696810
-0.165354549657 -0.601345704547
0.326529080351 -0.127208270795
0.619270495498 -0.422661559431
0.669642435983 -0.669118428148
0.458240965320 -0.768686512850
0.416612817550 -0.983724080423
0.500755344920 -0.974756888973
0.460055460052 -0.679173442068
0.428351145279 -0.640814565270
0.159493504090 -1.000000000000
0.246223345710 -0.954032271734
0.238473163479 -0.566217310007
0.215206152061 -0.618746717760
-0.084879247206 -0.942250915844
-0.001478706340 -0.892541501658
0.032465885098 -0.557130774853
0.007346591887 -0.568596054003
-0.324640596612 -0.848948912534
-0.264023939918 -0.799910768338
-0.181976446799 -0.580191338025
-0.179711012849 -0.591043178261
0.317049242674 -0.135631237991
0.606417592547 -0.431614256797
0.653484568427 -0.680371789626
0.421209716147 -0.765058605803
0.376416663297 -0.982545416353
0.487921548381 -1.000000000000
0.458820511100 -0.702340891699
0.413969568049 -0.645225277604
0.121166841216 -0.993608814762
0.232494284680 -0.969163607111
0.233842881764 -0.583581615285
0.197695037426 -0.620144857489
-0.114910673661 -0.931679192175
-0.015238882056 -0.897022733956
0.030589926376 -0.566042030885
-0.002249513341 -0.559385982688
-0.348086187401 -0.828583291986
-0.276922822909 -0.803762613382
-0.186579914939 -0.590373496521
-0.186477384054 -0.585888636630
0.326861687317 -0.136166098304
0.610590118035 -0.442615162727
0.643650193473 -0.693590701112
0.402585328263 -0.775150343153
0.394595498984 -0.950209776406
0.473674737436 -1.000000000000
0.451820645310 -0.710508031506
0.419447122728 -0.664613698571
0.140652988831 -0.958254487658
0.219184564553 -0.979743270079
0.231707312779 -0.606289881550
0.205493046615 -0.640207242579
-0.094471091462 -0.902383985370
-0.026252648332 -0.907238700815
0.026128245840 -0.586938704181
0.005516619202 -0.583720638585
-0.327527263287 -0.812791403280
-0.277730927722 -0.813245801869
-0.188912604005 -0.608062805702
-0.179606764377 -0.608170934759
0.318260830990 -0.133738580533
0.598845833361 -0.424543834231
0.646059099395 -0.684060015990
0.418178885869 -0.776228493132
0.393646765535 -0.898104964122
0.476091937801 -1.000000000000
0.458802861042 -0.713719499995
0.427037831294 -0.655329223484
0.154058367450 -0.902216527221
0.229701183096 -0.986282891965
0.241013290877 -0.606649633825
0.216684052465 -0.629098364473
-0.071954726333 -0.853694091568
-0.010161185067 -0.922905043585
0.041583044317 -0.591633937426
0.021216759487 -0.567481401021
-0.299517104762 -0.774818279969
-0.259681532512 -0.821809339628
-0.173909449437 -0.611518725433
-0.167252994924 -0.592696459460
0.312215951393 -0.144022096157
0.580064992131 -0.445978575370
0.612893317723 -0.707463292292
0.386324596670 -0.789889650602
0.388125359486 -0.878850696198
0.464406637801 -1.000000000000
0.443819178226 -0.716311608949
0.410690709278 -0.664537974850
0.149044631239 -0.878461283551
0.229359353543 -0.991714087176
0.230081585660 -0.613364043527
0.195014447562 -0.641436279390
-0.074639346225 -0.831614029658
-0.007993701272 -0.930332654021
0.035927714502 -0.602328811718
0.000120436901 -0.581670160553
-0.303115836455 -0.758925323282
-0.252754623074 -0.828139899505
-0.172733669486 -0.620468871806
-0.180282703120 -0.602627276257
0.323396511676 -0.144877273921
0.587816695286 -0.448419989590
0.620972932530 -0.723193280069
0.401991372520 -0.811040351419
0.425685380840 -0.850873029888
0.492453859363 -1.000000000000
0.468042346606 -0.722483496720
0.434421198243 -0.677492236313
0.190235878978 -0.851864693437
0.261930750124 -0.995157934238
0.258137396823 -0.622317563533
0.226037520515 -0.652611770365
-0.030231227931 -0.813187927104
0.027218212743 -0.942198729462
0.066638502851 -0.617377180977
0.034198414616 -0.593208023231
-0.259923025357 -0.754453954049
-0.216660102532 -0.850654104385
-0.143190155812 -0.642827869805
-0.149568161276 -0.614983450249
0.337145841196 -0.147753769379
0.601164353366 -0.466462453835
0.629869384712 -0.745785875811
0.412716121963 -0.819279284786
0.435695735952 -0.857315029913
0.490199360278 -1.000000000000
0.470232193103 -0.715336678702
0.449698269967 -0.674426811930
0.199682964577 -0.850489594689
0.268595280404 -0.998486280075
0.263849696357 -0.625620949538
0.237743553932 -0.659482575930
-0.026654974021 -0.808798071780
0.040226986868 -0.939582392064
0.074592802132 -0.608472160672
0.040057690509 -0.588962905789
-0.260021090203 -0.756470503942
-0.206269135943 -0.861296329561
-0.134271041980 -0.644510948808
-0.144724263181 -0.616970833068
0.327429568106 -0.149155117624
0.589899901774 -0.458177438074
0.633604025082 -0.741046934304
0.427095394909 -0.838991113285
0.424143903747 -0.839679497212
0.490864381842 -1.000000000000
0.473994610364 -0.723787515127
0.448178979441 -0.674145226376
0.197626778856 -0.837815195250
0.274123466459 -0.994328305753
0.266448754341 -0.629515855855
0.235568557414 -0.655909386697
-0.019019618966 -0.802401998705
0.051011678352 -0.946725688898
0.081740514324 -0.619882324212
0.042438812156 -0.590056197381
-0.244590144784 -0.752359220256
-0.185733556275 -0.870801539526
-0.117326518579 -0.655193743564
-0.133230142172 -0.615013032819
0.324464044073 -0.146743724689
0.596581634967 -0.455955236545
0.649428384239 -0.741939176323
0.448593477506 -0.847477497069
0.432265571501 -0.843548739232
0.514798753627 -0.997229234093
0.483709006959 -0.713202971558
0.444520579921 -0.659179236307
0.205652848890 -0.848038932497
0.297058808492 -1.000000000000
0.278967107897 -0.631695778691
0.237461550191 -0.652434843602
-0.014736706399 -0.816560345385
0.072304540123 -0.953845463554
0.093377326896 -0.620429082025
0.042656095367 -0.587851563726
-0.245886211453 -0.771767073034
-0.168324739661 -0.875416381816
-0.107293108094 -0.654944638439
-0.134365481921 -0.619597644394
0.331848852533 -0.148326757123
0.603451962904 -0.457938105474
0.654680901314 -0.751803923761
0.450335346230 -0.857159942564
0.429999861523 -0.843739600764
0.504669135579 -0.997888133080
0.477756721958 -0.713586125833
0.443417735657 -0.657672718773
0.203564239312 -0.847620209236
0.288809882049 -1.000000000000
0.271362668660 -0.629493961238
0.233776425529 -0.649287134409
-0.016965179987 -0.816347860986
0.064650502065 -0.960961403643
0.085990925793 -0.625766300144
0.038852467256 -0.588074258827
-0.247191568460 -0.768286303692
-0.178339996750 -0.883047364382
-0.112147035713 -0.663953336100
-0.133236332496 -0.622420648126
0.331765529663 -0.145619481775
0.606872299869 -0.451162662945
0.664208860938 -0.742158645061
0.461180908369 -0.853263604743
0.433070595799 -0.835468665910
0.510016671802 -0.998838095254
0.486003115389 -0.715296714880
0.449199641901 -0.654819587179
0.206699163377 -0.839558436141
0.291061382771 -1.000000000000
0.278734682585 -0.631914527758
0.240802207342 -0.646553855186
-0.012164903305 -0.807808480560
0.066071780593 -0.954961813933
0.092810562985 -0.622632236405
0.048586845155 -0.586049904395
-0.240969392684 -0.759371415541
-0.169207159042 -0.878307430096
-0.104875755922 -0.657863185359
-0.127589024287 -0.613751933766
0.323997511793 -0.144880362913
0.596157020485 -0.449235872612
0.649477137180 -0.739396223808
0.453424742075 -0.871340901211
0.438696868704 -0.840946247783
0.511948720050 -0.994270489918
0.479768373833 -0.712136334847
0.446394647337 -0.657099092389
0.210941764993 -0.846376841799
0.294176899022 -1.000000000000
0.270115440509 -0.627094999779
0.238126282569 -0.648890534624
-0.009029815617 -0.817395116362
0.067558789800 -0.963625526404
0.084408910135 -0.627182076570
0.045027456073 -0.591467673598
-0.240035833765 -0.773347179019
-0.175152442673 -0.884331616398
-0.116245612317 -0.661991737412
-0.134157879167 -0.620610062851
0.324209463480 -0.145915378147
0.594644317831 -0.449812555630
0.649163565365 -0.734342207392
0.448998453436 -0.852116912592
0.418612911185 -0.844322730206
0.499777490559 -0.998171146410
0.475907354576 -0.712373456894
0.437335727605 -0.649308749000
0.186420917297 -0.847512527572
0.281130600123 -1.000000000000
0.265137245636 -0.627505388477
0.221563842280 -0.641960688097
-0.036538576685 -0.814119212807
0.053356963486 -0.954294336343
0.077685301611 -0.619158659754
0.024708926826 -0.583977047898
-0.271525229713 -0.762286066268
-0.190216832970 -0.878452605633
-0.125611912949 -0.657581483686
-0.155833167824 -0.616870525392
0.331169812750 -0.150567565518
0.606447408445 -0.443775838189
0.666684622814 -0.730176340102
0.470360695086 -0.868639754500
0.424546170573 -0.850378498997
0.506665390219 -0.996860260284
0.481845603091 -0.713035196879
0.444538096162 -0.655928646564
0.192024991834 -0.849449268370
0.284670710118 -1.000000000000
0.271366180787 -0.623525973518
0.232113847439 -0.643733153303
-0.031478346204 -0.816946543476
0.055916662788 -0.955999436723
0.082564317407 -0.616770826960
0.036801904757 -0.586915560339
-0.267246318429 -0.767961173149
-0.190712485290 -0.879092940336
-0.125463651634 -0.655396256553
-0.151623904199 -0.614716433886
0.318775429106 -0.142332896595
0.590232673705 -0.445826830031
0.650452692026 -0.729105559538
0.463547135532 -0.854685666763
0.409237641139 -0.837419557481
0.491292294109 -0.999279516496
0.474164925189 -0.717413782541
0.431915013006 -0.643484060386
0.180336149394 -0.838878152334
0.269707766034 -1.000000000000
0.260963675399 -0.629958332001
0.214790086732 -0.631264613538
-0.041570244665 -0.805392605236
0.042213685263 -0.954828576134
0.073040414407 -0.623729219995
0.021606783835 -0.580270173666
-0.278803539448 -0.751609688059
-0.200877444161 -0.878304574331
-0.136051119583 -0.660272105444
-0.166900381288 -0.613776553670
0.319099964583 -0.144567451804
0.587761714841 -0.448808131250
0.646423490355 -0.733120365368
0.458705595004 -0.863216603108
0.406728161604 -0.841535135343
0.496337026760 -0.997564040470
0.474220763969 -0.714277523370
0.427486807041 -0.644069200601
0.178140602376 -0.843275189698
0.274476745169 -1.000000000000
0.262831795911 -0.628021854570
0.215026393690 -0.634490523392
-0.043291295376 -0.809535955392
0.046627200956 -0.955502430131
0.077262716637 -0.618479750267
0.023999451746 -0.574741031770
-0.276324624028 -0.755739396334
-0.196206355118 -0.871792293870
-0.129482512323 -0.650333367138
-0.160653313525 -0.605818676486
0.320044930367 -0.145937220655
0.589575990889 -0.439694480141
0.651809175356 -0.722594755046
0.463644768627 -0.866593306882
0.420734199050 -0.837356775671
0.510126363485 -0.994681818222
0.485221514537 -0.713196841093
0.438188293920 -0.646636634685
0.190854899880 -0.836578746187
0.286544303737 -1.000000000000
0.269405841865 -0.624138780140
0.223006619997 -0.637133607331
-0.031341214789 -0.805202835192
0.053189479251 -0.956611003411
0.078952900705 -0.618025952762
0.028578840467 -0.581567413557
-0.268611586659 -0.755602412514
-0.195963977237 -0.880111871109
-0.132012964572 -0.658463795460
-0.161170611933 -0.615496643252
0.318181165416 -0.143711750381
0.590276368219 -0.438526494790
0.656209901608 -0.721072491305
0.466934409992 -0.858208160837
0.411263696282 -0.848644654902
0.502416544637 -0.993518523042
0.478168239672 -0.707202805723
0.431843620606 -0.641947365593
0.181606506339 -0.848510003510
0.278467665678 -1.000000000000
0.262362006998 -0.622201283030
0.217135523455 -0.633944527772
-0.042134313147 -0.814892828892
0.046733730314 -0.959352897537
0.072183509639 -0.619431195211
0.020571436129 -0.580285540898
-0.279245766649 -0.761716410696
-0.204382504311 -0.880962987671
-0.137817784811 -0.658152168361
-0.166121324828 -0.614148552390
0.318601134490 -0.138165009077
0.589228909282 -0.437684068643
0.647795996283 -0.721340223516
0.458218313572 -0.852741560226
0.408619224560 -0.831868323857
0.497521639162 -0.993162008019
0.475844791369 -0.707622820322
0.430543314810 -0.630650172510
0.181289234287 -0.835227981658
0.276860536821 -1.000000000000
0.264105078142 -0.626418728014
0.217584035324 -0.624772313564
-0.040176311779 -0.803456273299
0.046812250369 -0.961241660432
0.074496894035 -0.624988956708
0.025176723890 -0.576004620154
-0.277429047596 -0.750615688797
-0.200190503985 -0.876447607646
-0.136807525590 -0.655895928453
-0.164919433597 -0.607658900585
0.320314097529 -0.143368503897
0.585936605361 -0.442295993797
0.646126762756 -0.723129422803
0.459234268705 -0.844244736010
0.404557478617 -0.830196536613
0.476379933518 -1.000000000000
0.465206375056 -0.719812845020
0.421165473137 -0.627964711577
0.175870301890 -0.832061873503
0.253925687938 -0.999922924807
0.252342080904 -0.636147430191
0.209507713466 -0.618738547245
-0.044756460585 -0.797266087230
0.021263961362 -0.957035269007
0.059376130042 -0.630616112862
0.016764684772 -0.570220152980
-0.279725851647 -0.735201068444
-0.217227443643 -0.880491836440
-0.145466629360 -0.666760715009
-0.166396744750 -0.605262477298
0.314167028123 -0.143230655397
0.579107159997 -0.444423935587
0.639771292216 -0.730648033738
0.456202532261 -0.867811469166
0.404845436354 -0.836905884025
0.482138169925 -1.000000000000
0.466030551880 -0.721162152409
0.423693951466 -0.646797301287
0.181384712396 -0.836382762354
0.262711275862 -0.997932590495
0.257698463901 -0.629484204656
0.217927706276 -0.633503843588
-0.036067742410 -0.803587859437
0.033646385010 -0.957269357361
0.068820825725 -0.625144029772
0.027608713349 -0.579200664837
-0.267702169589 -0.749596468783
-0.207183932136 -0.884354827540
-0.136952417749 -0.667159243748
-0.157101738757 -0.616129366182
0.301789009183 -0.134675955180
0.574240332491 -0.426326103728
0.633508763957 -0.696660384737
0.469494977021 -0.838404769531
0.405119404692 -0.844251581709
0.518475699395 -1.000000000000
0.497981488961 -0.731421556996
0.439930687483 -0.640747462398
0.186049096796 -0.850603510961
0.302461817830 -0.986619321089
0.289838826685 -0.620373629081
0.231927683088 -0.614620546208
-0.028918809488 -0.819441908728
0.075219141182 -0.937246661906
0.105278895256 -0.610999385617
0.051451139959 -0.569949451093
-0.259933561848 -0.767940317847
-0.159800514862 -0.856374172638
-0.100227578643 -0.633740011538
-0.134133176189 -0.590032249446
0.317401661892 -0.142495504217
0.604073660701 -0.418766889012
0.687606019398 -0.662667976061
0.535398958426 -0.799605992184
0.402354228390 -0.864302536566
0.539762171970 -1.000000000000
0.518429393877 -0.720473752072
0.452051027044 -0.620582572999
0.184433091331 -0.869997610961
0.319754872212 -0.970711297686
0.313839101753 -0.611574047494
0.250174576998 -0.596366869982
-0.028769486559 -0.833932893419
0.098426479651 -0.916057011534
0.129114343125 -0.600855164207
0.066844721255 -0.571688556887
-0.253455993161 -0.778186506822
-0.129947300678 -0.848265656389
-0.076069806914 -0.621526000948
-0.123297296099 -0.578668528756
0.325092522953 -0.149911110879
0.624888506581 -0.420759877128
0.740167123970 -0.659203285133
0.599739656126 -0.789985829919
0.406101657350 -0.885286222969
0.571074299875 -1.000000000000
0.531878309738 -0.716232756070
0.461669843319 -0.638582350832
0.185278470794 -0.893832772170
0.359102308086 -0.984245195329
0.336965376352 -0.618446076542
0.267518312650 -0.628174236094
-0.028631713800 -0.863187679409
0.135336475449 -0.942495782891
0.153612426538 -0.612440004502
0.079921345241 -0.591554676313
-0.250859733589 -0.813004124306
-0.105570509137 -0.873688894786
-0.055211188376 -0.639678389098
-0.113298731799 -0.603054058748
0.327352952499 -0.150157389328
0.618007789393 -0.415621559761
0.736137115976 -0.650806107874
0.631059353363 -0.800496989281
0.397625834003 -0.915002378597
0.570477067535 -1.000000000000
0.527919080567 -0.709394189068
0.463887721816 -0.640487741340
0.171374161455 -0.927228570687
0.365620203427 -0.972472302424
0.338790719812 -0.600049162992
0.264106415167 -0.612126069503
-0.044005115651 -0.889779814808
0.143888968273 -0.921270545894
0.158773981455 -0.585319753954
0.078602778326 -0.573231656734
-0.262229319652 -0.829587351362
-0.092000213867 -0.847494693358
-0.049268098453 -0.608054402375
-0.119857161893 -0.581557848695
0.330176767189 -0.150703751450
0.622494060251 -0.413019343872
0.752973429152 -0.643025830623
0.674055875291 -0.806511124771
0.396668980383 -0.925301822488
0.591680884609 -1.000000000000
0.539756891342 -0.710878221409
0.463320078022 -0.633981163538
0.174545949315 -0.940622038787
0.394907650477 -0.980128161634
0.350775692514 -0.613651527771
0.260800317027 -0.613090409114
-0.041413354423 -0.904350172663
0.174237041683 -0.926615864859
0.172388129560 -0.594219171819
0.077623552363 -0.574724452177
-0.262916097318 -0.840368117332
-0.061732995513 -0.850295458610
-0.029779653961 -0.613257407794
-0.115050524893 -0.584166407655
0.324254723192 -0.141037993461
0.614649144380 -0.397584816517
0.741498368320 -0.629261463144
0.673577730359 -0.808363985985
0.388677838839 -0.909133067588
0.587093191950 -1.000000000000
0.536619034168 -0.713316645962
0.451739661487 -0.625566744423
0.170409350322 -0.923662186390
0.390538227480 -0.978770342566
0.348184760875 -0.606141687922
0.254085811910 -0.597235361056
-0.041310603499 -0.889357665313
0.175753932623 -0.926594750764
0.175973022386 -0.591099467976
0.079036736037 -0.567778357175
-0.262624481370 -0.828592119969
-0.056724411762 -0.851095314746
-0.024315735630 -0.611994711544
-0.111397356121 -0.578643215315
0.334490483184 -0.146880856177
0.626135173157 -0.408972140970
0.757206435302 -0.637713773650
0.694286648892 -0.806100225086
0.383128864597 -0.922323712197
0.591362493973 -1.000000000000
0.540464629649 -0.708174130536
0.457310187390 -0.625634404407
0.165567647866 -0.941228403263
0.400635411837 -0.974859372835
0.360333180877 -0.603688801813
0.262212386764 -0.598412185867
-0.044156451121 -0.906880527908
0.186535649274 -0.921946517961
0.186763964893 -0.584570262133
0.083218623147 -0.565874132651
-0.259818597454 -0.843281318406
-0.042388320257 -0.845545904223
-0.011699334213 -0.604388505014
-0.106769116199 -0.575985857899
0.330699662759 -0.146664338818
0.618819937496 -0.409333147614
0.745147823705 -0.636536447054
0.677577133316 -0.808392117878
0.377156890867 -0.919697878923
0.578652353576 -1.000000000000
0.527510806583 -0.703215802405
0.449383915073 -0.622597259244
0.155548326079 -0.933252510547
0.389873772500 -0.976238291588
0.346333881798 -0.601674524747
0.250011713447 -0.598459183459
-0.056099780338 -0.897151215411
0.175505178192 -0.920327304459
0.173351917963 -0.582692777372
0.070705548103 -0.566148672586
-0.271481879350 -0.834453849124
-0.054386966929 -0.846171483597
-0.025966539610 -0.606663260757
-0.122115444345 -0.580179209384
0.331575102564 -0.141708701594
0.633005426959 -0.400521811771
0.768651702308 -0.634191311370
0.686710993134 -0.816678256377
0.384487438984 -0.915949866500
0.584480154331 -1.000000000000
0.526720183004 -0.697359275535
0.449164490161 -0.615542626374
0.160617333401 -0.927728617145
0.391892137995 -0.981899846149
0.342913083205 -0.597658829953
0.249335463987 -0.597210435847
-0.055012870452 -0.892490885832
0.173418602569 -0.927641573084
0.167057462443 -0.578944195139
0.066658024223 -0.559624777864
-0.273472881855 -0.830965767195
-0.065316667426 -0.848666504378
-0.035863230854 -0.606186804153
-0.128684690148 -0.580919618487
0.326100849565 -0.133392696004
0.627838423192 -0.400638414010
0.753573583763 -0.634702489147
0.667836973236 -0.816042019935
0.387903431922 -0.921123530041
0.577548647110 -1.000000000000
0.523132829741 -0.695925765692
0.450389518796 -0.608662883731
0.161539448820 -0.934637200497
0.377946486372 -0.979297106240
0.333773166108 -0.594228723709
0.245690961262 -0.589098785163
-0.056451170806 -0.897918486726
0.156173635161 -0.922590270960
0.155323044544 -0.574037971047
0.062795028317 -0.553210412431
-0.279176185390 -0.834537249331
-0.081953350221 -0.847576949687
-0.049360515307 -0.602709101339
-0.134491154467 -0.576450053289
0.322378917500 -0.130463011667
0.623076413278 -0.392548922900
0.740932858591 -0.630473418426
0.627247539261 -0.810520463453
0.397862821646 -0.888155448626
0.577110665416 -1.000000000000
0.529664161351 -0.703932580402
0.453091475407 -0.607426214260
0.168626471203 -0.897317121466
0.371985168142 -0.987237588726
0.333027555504 -0.605128304804
0.247153306130 -0.586425861564
-0.053260305154 -0.864687681840
0.146501297740 -0.936159598372
0.151378841508 -0.586853631979
0.062068931075 -0.549845741064
-0.285072942468 -0.806619832204
-0.093759305849 -0.856878887603
-0.055085847659 -0.610031548271
-0.135860218472 -0.567741559289
0.322235289104 -0.134892996036
0.617722594934 -0.398439396183
0.737735815460 -0.632494917578
0.633901002090 -0.811072275861
0.382822984358 -0.899500797354
0.574511196407 -1.000000000000
0.530746358139 -0.706921092808
0.449482047244 -0.613226712499
0.159254397426 -0.907526796510
0.379288883941 -0.981969975974
0.339848789568 -0.605825859624
0.244511602263 -0.594864464212
-0.057611419317 -0.873992839934
0.158620107359 -0.930109062921
0.161178549660 -0.589146870234
0.059987199768 -0.564648258566
-0.285059217785 -0.817079503303
-0.081589316378 -0.856485856567
-0.045397405293 -0.612952960349
-0.136966389845 -0.579254094772
