-8.216380088699999640e-02 -9.148931521999999553e-03
-3.772417724139999762e-01 3.677291571999999949e-03
-7.048370745430000417e-01 9.526794469700000656e-02
-9.427448938639999554e-01 1.683170990420000124e-01
-5.559132385730000125e-01 -3.934535107820000266e-01
-9.567608765299999707e-01 -1.065061361010000013e-01
-8.922422093199999793e-01 7.776167024300000008e-02
-7.787882575869999879e-01 1.292980620789999924e-01
-5.836988375070000235e-01 -3.007939551639999820e-01
-1.000000000000000000e+00 2.492548326700000025e-02
-7.837797055580000283e-01 1.707965401900000124e-01
-6.339935871920000521e-01 1.360776891559999924e-01
-5.600061975919999879e-01 -1.518257206520000069e-01
-8.748290807819999459e-01 1.602131008669999968e-01
-6.667637568730000464e-01 2.466327902750000134e-01
-5.447490784520000462e-01 1.763091400719999924e-01
-5.281976254970000006e-01 1.555263745500000058e-02
-6.948479081920000411e-01 2.431090225929999904e-01
-4.956657313639999951e-01 2.974461634800000254e-01
-3.677467547600000164e-01 2.544916356790000167e-01
-5.466712059699999765e-02 3.213494294440000232e-01
-4.218220686629999827e-01 4.419215038579999977e-01
-7.865632135790000534e-01 2.961666689670000019e-01
-1.000000000000000000e+00 8.950854415799999741e-02
-6.131962239980000007e-01 -6.177894532000000223e-03
-9.026000780059999506e-01 1.497186707829999963e-01
-7.285046535489999586e-01 2.501073482980000207e-01
-6.442380290029999790e-01 2.137423456829999902e-01
-6.914935164180000537e-01 -2.874637891190000016e-01
-9.921387819239999573e-01 -4.032078738000000225e-03
-6.673010439880000533e-01 1.257558470319999899e-01
-5.458602151360000265e-01 7.096795960000000514e-02
-7.369128367609999453e-01 -4.691178116899999972e-01
-9.469466821449999960e-01 -1.472408420399999862e-01
-6.446865915330000085e-01 1.987707086400000017e-02
-5.485094177679999961e-01 -5.132398790000000134e-03
-7.695495307599999890e-01 -5.961499533030000242e-01
-8.945972624139999496e-01 -3.612680440989999853e-01
-6.586786753629999547e-01 -1.605133088890000059e-01
-5.645807358879999516e-01 -1.050211399470000057e-01
2.105256627999999887e-03 1.497562994630000088e-01
-1.346930911329999869e-01 2.351627393390000043e-01
-2.984050060530000215e-01 3.560540245509999924e-01
-3.797115003830000002e-01 4.196301838529999939e-01
-5.388224484200000441e-01 -5.542387071100000062e-01
-8.962641342160000413e-01 -1.854173962959999866e-01
-8.037102034930000416e-01 1.609362275199999887e-02
-7.295150739279999685e-01 3.461480883000000314e-02
-7.553778829370000336e-01 -5.708857157740000465e-01
-1.000000000000000000e+00 -3.517339470900000126e-02
-7.732639432769999877e-01 1.689775652459999944e-01
-6.439781787510000521e-01 1.197899870359999952e-01
-8.675825784339999958e-01 -4.599485349279999746e-01
-9.608422449660000142e-01 1.129687256679999946e-01
-7.371873052580000252e-01 2.629639499090000165e-01
-6.030894734520000355e-01 1.826693508220000040e-01
-9.211604792690000210e-01 -2.900494808749999875e-01
-9.175177658680000459e-01 1.672525447679999999e-01
-6.816306803130000036e-01 3.258611030549999898e-01
-5.237582365870000478e-01 2.946853878840000052e-01
1.317676505919999908e-01 -7.496314339500000090e-02
6.373119809400000502e-02 -9.888618613300000082e-02
-2.147151043240000112e-01 1.289830039840000053e-01
-5.046830555889999514e-01 2.894769776350000212e-01
-4.734689536980000168e-01 -6.305716719630000133e-01
-9.450581925769999669e-01 -2.884043580910000126e-01
-9.366699987800000127e-01 -5.405109215299999659e-02
-8.535808276249999826e-01 -4.154939904399999884e-02
-7.515850298940000007e-01 -4.058383996009999883e-01
-1.000000000000000000e+00 4.180999791000000222e-03
-6.747184401679999777e-01 1.681839908570000042e-01
-4.601358740979999973e-01 4.213574648500000019e-02
-8.503493121780000275e-01 -1.244631585070000018e-01
-7.183651675140000359e-01 3.194834590250000272e-01
-3.326392239350000057e-01 4.181288598690000025e-01
-1.327310156300000044e-01 2.654189339399999903e-01
-8.505581942559999886e-01 1.538890014519999905e-01
-6.562378613879999989e-01 4.666385321389999730e-01
-3.054637327649999956e-01 4.874602469200000066e-01
-9.831741344399999583e-02 3.478037717429999787e-01
-8.566165538700000470e-02 1.518993804319999918e-01
-2.869144441929999956e-01 2.139379533859999960e-01
-4.425843467789999930e-01 3.642341793100000169e-01
-5.246310734260000164e-01 4.642926203459999956e-01
-6.628715213560000263e-01 -5.626169054490000043e-01
-9.995081602390000208e-01 -2.080437307259999924e-01
-9.516179284010000128e-01 -2.899675909399999918e-02
-9.270749373040000352e-01 -4.169660406200000058e-02
-7.682398681940000307e-01 -5.332147993279999776e-01
-1.000000000000000000e+00 -2.965429088099999846e-02
-8.132518088669999923e-01 1.529751630270000107e-01
-7.336644680370000282e-01 8.309978736799999988e-02
-7.730821522009999613e-01 -3.523901916300000159e-01
-7.932079360120000144e-01 2.128470228730000025e-01
-5.995704350070000244e-01 3.418722076869999960e-01
-5.122915057589999543e-01 2.214774080980000115e-01
-7.290183589009999743e-01 -9.518838584899999566e-02
-6.767038133480000051e-01 4.073490771930000087e-01
-4.726641819099999808e-01 5.277890400150000438e-01
-3.636272340839999950e-01 4.411149053630000205e-01
-2.920776625599999857e-02 2.013473145989999880e-01
-3.473362453370000269e-01 2.499531755199999872e-01
-7.253036755509999489e-01 1.873696946500000016e-01
-1.000000000000000000e+00 1.063284822719999939e-01
-5.430643944830000347e-01 -2.126856744429999890e-01
-7.781169039790000186e-01 9.995488444000000250e-03
-7.854383842250000081e-01 1.530490597509999995e-01
-8.275150214299999973e-01 1.492162880829999982e-01
-7.144987274220000462e-01 -2.835717850039999877e-01
-8.715742367380000521e-01 6.606455626099999590e-02
-5.566564814879999545e-01 2.199933693799999979e-01
-4.420101031509999778e-01 1.644872206770000012e-01
-7.900691088310000110e-01 -2.794949791849999921e-01
-8.086268692770000044e-01 1.087086697060000023e-01
-4.774599941209999865e-01 2.464765433280000084e-01
-4.141756271179999893e-01 1.767217395469999897e-01
-8.367507228739999858e-01 -2.528262162400000124e-01
-7.607540222340000158e-01 6.686843346500000174e-02
-4.651188384789999852e-01 2.362052347720000056e-01
-3.896366374779999808e-01 2.503287967130000125e-01
-1.755329122800000086e-01 -1.158797857740000020e-01
-4.203112851299999897e-01 -1.845186264910000096e-01
-6.695947344529999956e-01 -3.418205030999999991e-03
-8.708319780419999656e-01 1.441422699669999974e-01
-6.963608027040000259e-01 -5.554931493270000020e-01
-9.528706382079999981e-01 -3.051493545910000105e-01
-9.864638976389999980e-01 -1.294745932820000056e-01
-1.000000000000000000e+00 -1.057637148270000049e-01
-7.311083357830000518e-01 -3.296604494290000242e-01
-9.515666012069999846e-01 -8.503584057900000215e-02
-9.413927817889999883e-01 4.991555155900000151e-02
-9.306858326650000457e-01 2.211253298400000025e-02
-6.687664265699999611e-01 -3.507280307900000060e-02
-6.454774424389999599e-01 2.692745087469999854e-01
-4.484120040280000219e-01 3.007381193829999910e-01
-2.901691925820000240e-01 1.648370084199999863e-01
-5.433478806139999673e-01 2.715653140420000167e-01
-5.253232261910000256e-01 5.337331081370000341e-01
-3.948301203499999801e-01 5.213494530419999773e-01
-2.937369000550000275e-01 3.840508986669999847e-01
-4.150509352299999732e-02 -7.095071708000000310e-02
-2.331352587290000111e-01 -5.673020204299999980e-02
-4.601843792070000050e-01 1.537158473080000032e-01
-6.457231555310000148e-01 2.895636315010000073e-01
-4.545657112429999924e-01 -2.966096508250000152e-01
-7.160146722329999713e-01 -8.618673706899999953e-02
-8.862726341190000356e-01 7.690616382999999716e-03
-1.000000000000000000e+00 1.650749322499999935e-02
-5.566325731129999621e-01 -1.102120680839999978e-01
-7.065825690520000091e-01 1.496936994879999872e-01
-5.786607772080000212e-01 2.042858279710000058e-01
-5.270091664539999776e-01 1.282063924799999866e-01
-5.638897662730000260e-01 8.399180901500000185e-02
-5.621552529700000189e-01 3.445731851889999864e-01
-3.705761173379999995e-01 3.412153242959999888e-01
-2.921315184739999848e-01 2.237778129640000113e-01
-5.393333831050000082e-01 2.706323155040000206e-01
-4.602203132170000210e-01 4.575900749940000067e-01
-2.489641078319999867e-01 4.207646068059999744e-01
-1.417183183869999974e-01 3.152650625439999965e-01
-1.170582323340000064e-01 -9.210684249099999887e-02
-3.227278385219999879e-01 -1.614983965319999881e-01
-5.850417845590000221e-01 -2.868469431499999847e-02
-7.993009233710000050e-01 8.901095857200000405e-02
-6.841124636919999613e-01 -6.430454305770000323e-01
-9.395619990660000198e-01 -2.569701629730000159e-01
-7.885591559789999483e-01 -4.490532047799999926e-02
-6.750157132370000479e-01 -4.090947328700000191e-02
-7.655131885179999873e-01 -4.628686284449999855e-01
-1.000000000000000000e+00 -4.753493673300000083e-02
-7.795176326799999611e-01 1.021739152739999934e-01
-6.623610002580000433e-01 3.349150869599999691e-02
-7.395121407410000236e-01 -2.128532400729999940e-01
-7.496246947119999948e-01 2.511466901659999973e-01
-4.738544725109999911e-01 3.090485164580000221e-01
-3.219633784109999786e-01 1.532153489770000099e-01
-6.557214308040000272e-01 6.864393564800000402e-02
-6.060142544200000092e-01 4.542983312850000233e-01
-3.937569717869999764e-01 4.804377889170000082e-01
-2.732304569389999993e-01 3.393584793009999934e-01
1.232761072399999984e-02 -2.382358236900000009e-02
-9.527054399999999867e-02 -3.587898155199999856e-02
-2.719617509109999998e-01 1.382849121320000041e-01
-4.396762856599999991e-01 2.764432241579999894e-01
-5.277062413769999516e-01 -5.952376364979999890e-01
-8.229144998299999791e-01 -2.511006962749999794e-01
-6.618948514929999805e-01 -4.554764903999999892e-02
-5.479989169510000036e-01 -5.652988853700000038e-02
-7.347433658130000378e-01 -4.552729072019999768e-01
-1.000000000000000000e+00 -5.921969321300000338e-02
-7.298275305870000063e-01 9.539254046600000037e-02
-6.057572101529999919e-01 -2.797990219999999754e-04
-8.211958074820000508e-01 -2.380028283400000000e-01
-8.332820681050000511e-01 2.464586923890000059e-01
-5.338894417049999674e-01 3.325245135320000212e-01
-3.845168326139999926e-01 1.822527453040000134e-01
-8.403617847390000284e-01 1.687259715600000071e-02
-7.343000523110000399e-01 4.291168137899999957e-01
-4.468119279980000136e-01 4.902101885719999941e-01
-2.883710002040000275e-01 3.599936674370000089e-01
-2.078153460999999924e-02 -1.535648105769999994e-01
-3.016482450440000074e-01 -2.188216760380000125e-01
-6.772507234119999886e-01 -5.089297093600000238e-02
-9.514730363419999781e-01 4.994499134400000318e-02
-4.726507121119999932e-01 -5.609700443699999761e-01
-8.695449566570000455e-01 -2.246281331609999987e-01
-9.606913659619999990e-01 -5.786157351900000217e-02
-1.000000000000000000e+00 -3.853835955999999896e-02
-6.495628870259999577e-01 -3.260547231020000103e-01
-8.950206216770000278e-01 9.550319562600000090e-02
-6.081369014799999917e-01 1.828319559999999899e-01
-4.208462223369999755e-01 7.225831556999999516e-02
-6.990862256309999800e-01 -7.186611611300000590e-02
-7.753662827589999917e-01 3.299070809190000064e-01
-4.877811583960000030e-01 3.451361792720000210e-01
-3.396195468179999954e-01 2.033114028649999905e-01
-7.003388112789999953e-01 1.687439806909999951e-01
-6.665855697750000530e-01 4.377491211099999724e-01
-3.962767110600000087e-01 4.395110623899999847e-01
-2.426271538670000116e-01 3.471658278870000114e-01
1.028283211149999959e-01 2.060298642689999959e-01
3.840797174899999999e-02 3.353107253229999918e-01
-7.429412670099999616e-02 4.693825246830000131e-01
-1.455620732450000065e-01 5.487021374839999854e-01
-2.250070064730000097e-01 -3.848341224929999749e-01
-4.762297794550000019e-01 -2.074787533080000024e-01
-4.335352327600000000e-01 3.300780838700000108e-02
-3.956494294580000237e-01 7.780986117700000593e-02
-4.956217459700000272e-01 -4.590343444739999890e-01
-7.966679489750000398e-01 -2.091906098019999938e-01
-6.415356409069999932e-01 8.005792474499999478e-02
-5.514978787119999559e-01 9.644870670900000664e-02
-7.151168792750000058e-01 -4.119667654340000151e-01
-9.166663670619999982e-01 -8.685963958100000049e-02
-7.485603131089999529e-01 1.521667336929999892e-01
-6.204515062159999816e-01 1.345340468379999932e-01
-8.926991777299999598e-01 -3.032926401470000255e-01
-1.000000000000000000e+00 3.510718235000000187e-02
-8.445497683879999995e-01 2.352826823090000130e-01
-7.226379881479999545e-01 2.408674022560000072e-01
8.430587837000000362e-02 -2.237159396800000033e-01
8.228445891299999981e-02 -2.618201608579999728e-01
-9.793054984500000615e-02 1.112004996540000012e-01
-3.212644967780000083e-01 4.122017929549999793e-01
-5.052316505399999658e-01 -6.200308459640000436e-01
-8.809878178300000195e-01 -3.466172151069999985e-01
-9.426074176750000033e-01 -1.582964704400000033e-01
-8.915595115750000188e-01 -9.706370494799999860e-02
-7.807829981810000541e-01 -3.311625157809999775e-01
-1.000000000000000000e+00 -9.518170395000000172e-02
-7.336518516519999755e-01 -4.264663466999999569e-03
-5.138886377510000214e-01 -8.651750373600000654e-02
-8.459650311630000363e-01 -2.506241965000000071e-02
-6.723431026049999648e-01 2.879995091209999747e-01
-3.836579629429999749e-01 2.869306013240000008e-01
-2.269132762830000094e-01 1.272326344720000058e-01
-7.814560800730000478e-01 2.800965277690000144e-01
-5.574162469040000456e-01 4.849684470630000188e-01
-2.918079748349999836e-01 4.323447467750000106e-01
-1.171143718499999958e-01 2.708625991060000238e-01
4.219739950899999842e-02 -1.844250346799999885e-01
2.767840672000000061e-03 -2.567388125719999858e-01
-1.858804872550000042e-01 4.983652038800000239e-02
-4.182696136829999745e-01 3.188266511780000201e-01
-4.975719141489999831e-01 -6.485602434820000317e-01
-7.406384630060000029e-01 -4.126610944260000191e-01
-6.081947034810000208e-01 -1.553017140319999934e-01
-4.808441886070000115e-01 -1.215784134170000003e-01
-7.675455899119999481e-01 -3.544983892660000246e-01
-1.000000000000000000e+00 -1.505951351739999999e-01
-7.339828871010000144e-01 1.151631746399999975e-02
-5.183259628080000292e-01 -5.776736596700000198e-02
-8.660353177139999969e-01 -4.673675893499999734e-02
-7.539356254610000141e-01 2.491551828049999862e-01
-4.162890939539999891e-01 3.086854873859999904e-01
-1.865133657099999898e-01 1.610239201199999970e-01
-8.550947088710000310e-01 2.578151536059999915e-01
-6.761426832219999961e-01 4.828574434280000216e-01
-3.872406629910000175e-01 5.031151497450000454e-01
-1.834845769219999867e-01 3.797343477289999991e-01
-3.914646165700000346e-02 -1.675312066040000047e-01
-2.575115558489999845e-01 -1.910139378850000125e-01
-4.965412007969999819e-01 4.442510539100000266e-02
-6.776179321769999486e-01 2.160427527490000055e-01
-5.699258362860000204e-01 -4.470987997170000061e-01
-8.577492516710000237e-01 -1.897989402989999908e-01
-9.567604397600000254e-01 -7.114388067500000690e-02
-1.000000000000000000e+00 -4.614180997700000064e-02
-6.566597598260000002e-01 -1.887244342140000086e-01
-8.069265356960000357e-01 1.596386310329999947e-01
-5.635853250590000529e-01 2.064060513579999978e-01
-4.291987154679999805e-01 9.858813376099999359e-02
-6.324929647050000492e-01 6.233794107800000317e-02
-5.869538576260000529e-01 3.920606616349999740e-01
-3.328474998040000243e-01 3.746353145310000188e-01
-2.255374956579999923e-01 2.289913296999999959e-01
-5.707417025940000332e-01 2.849370767339999833e-01
-4.745410216000000014e-01 5.056922191179999970e-01
-2.230555919789999897e-01 4.623629474370000159e-01
-9.317080403800000188e-02 3.477587825239999986e-01
-1.819282688499999912e-02 -1.775218514290000105e-01
-1.157549997609999964e-01 -1.720153351429999922e-01
-2.399593281849999871e-01 1.113347136349999988e-01
-3.761445791049999876e-01 3.068772192220000083e-01
-5.111942382080000291e-01 -3.833347749489999789e-01
-8.061179986280000431e-01 -1.898594369809999960e-01
-9.494651605249999626e-01 -8.835937183500000569e-02
-1.000000000000000000e+00 -6.315618611999999910e-02
-6.279070913269999554e-01 -1.353630736860000072e-01
-7.274732926979999847e-01 1.273667591129999943e-01
-5.114482545680000269e-01 1.612108806589999943e-01
-4.073533721579999933e-01 4.383013969800000215e-02
-6.140958641679999941e-01 8.694175251600000376e-02
-5.126874967379999593e-01 3.446295795479999979e-01
-2.916460004649999993e-01 3.035922511870000062e-01
-2.198610136349999911e-01 1.479658983040000042e-01
-5.501908589880000200e-01 2.817807860709999890e-01
-4.103240131959999815e-01 4.552890147779999896e-01
-2.173120908500000004e-01 4.044060889469999753e-01
-1.299280907420000131e-01 2.839719508999999920e-01
1.014396283280000061e-01 3.505493544899999925e-02
6.991231659900000450e-02 8.634699173899999802e-02
-8.475877801299999681e-02 3.688647874920000236e-01
-2.293638157909999864e-01 5.257951662859999820e-01
-4.212166765309999783e-01 -5.302075875999999743e-01
-8.480778785660000318e-01 -3.903299320559999730e-01
-9.713120451009999989e-01 -2.395432872180000006e-01
-1.000000000000000000e+00 -2.277609646219999895e-01
-7.317515614470000429e-01 -4.055807144420000010e-01
-9.896010692910000017e-01 -2.042866007209999946e-01
-7.643179268959999773e-01 -4.881914733099999848e-02
-5.790005308379999605e-01 -1.049317332189999979e-01
-8.804278555250000249e-01 -2.057562818679999905e-01
-8.688419612700000183e-01 1.456940430520000107e-01
-6.066167792590000385e-01 2.529635703729999907e-01
-4.276157980390000168e-01 1.555672541370000106e-01
-9.444608333759999530e-01 4.161169095600000117e-02
-8.316544629969999658e-01 3.250580942699999865e-01
-5.795452893739999611e-01 4.264086696239999807e-01
-4.032830453580000252e-01 3.764849583389999754e-01
7.248422514100000269e-02 -1.152338022700000013e-02
1.148359665000000000e-03 4.555979516400000123e-02
-1.196251940009999959e-01 2.892508573579999909e-01
-2.767895457699999784e-01 4.379601931780000013e-01
-3.962292320790000155e-01 -3.449142283950000221e-01
-6.292662299119999858e-01 -2.467505980949999955e-01
-8.511700841799999528e-01 -1.841105733129999866e-01
-1.000000000000000000e+00 -1.928023909480000020e-01
-6.007581677029999456e-01 -2.393974531359999991e-01
-7.982610553640000495e-01 -9.174014708300000376e-02
-8.094523097720000004e-01 2.289354898099999966e-02
-8.538599457159999906e-01 5.911549038000000166e-03
-6.836570852319999725e-01 -9.493445543900000394e-02
-6.682481011159999706e-01 1.247848781280000013e-01
-5.120975600599999566e-01 2.311401258059999908e-01
-4.552546506549999816e-01 1.811744112030000131e-01
-7.057555214239999986e-01 5.396228785099999731e-02
-5.978090424049999907e-01 2.088171806050000134e-01
-3.851050286439999804e-01 2.818263031129999985e-01
-2.783607735720000087e-01 2.520385730840000171e-01
1.133091036829999981e-01 -2.013304696750000122e-01
5.187520246999999946e-02 -2.652450709629999848e-01
-1.175580851629999951e-01 8.740948045499999375e-02
-2.800647564739999762e-01 3.673963740699999758e-01
-4.088503480099999754e-01 -5.524671720649999562e-01
-8.064689522119999898e-01 -4.654295264860000003e-01
-9.630345285229999774e-01 -3.828125844179999793e-01
-1.000000000000000000e+00 -3.471059487859999848e-01
-6.846035149100000439e-01 -2.348394658540000068e-01
-9.567707528879999535e-01 -4.713785666800000135e-02
-8.898656881580000455e-01 -6.131747770100000328e-02
-7.830725933969999719e-01 -1.491648970080000081e-01
-7.565462536100000523e-01 7.706389013000000676e-02
-6.303374459749999659e-01 3.668408464110000100e-01
-3.482728323029999906e-01 3.046926196820000099e-01
-1.520359707339999922e-01 1.788783171960000029e-01
-7.156317050780000022e-01 3.814771569439999732e-01
-4.441208456990000109e-01 5.421867322960000068e-01
-1.393207011170000120e-01 4.700259775919999883e-01
5.687632856799999803e-02 3.545919064579999835e-01
-5.914524771000000125e-02 -1.918087805129999879e-01
-1.259284034519999873e-01 -2.662952338930000273e-01
-1.831543613419999994e-01 1.694342584000000165e-02
-2.552942195680000248e-01 2.652404331200000076e-01
-6.138166837380000240e-01 -4.942197949200000107e-01
-9.605073009510000093e-01 -4.064772600220000198e-01
-1.000000000000000000e+00 -3.008335338879999932e-01
-9.292286902659999681e-01 -2.679487691670000005e-01
-7.480660893089999819e-01 -1.638392510199999930e-01
-9.798713660579999596e-01 -4.850719814499999949e-02
-8.579029675949999545e-01 -1.481310593000000064e-02
-7.217062106229999996e-01 -7.897184811400000115e-02
-7.241490543819999459e-01 1.414906924279999978e-01
-4.834165229569999944e-01 3.697771691839999986e-01
-1.501127664720000032e-01 3.207840073809999915e-01
7.079027971300000388e-02 1.825872726130000068e-01
-5.916868481310000316e-01 4.079472148530000064e-01
-3.104800742220000243e-01 5.745771508610000300e-01
-4.176035461400000315e-02 4.905487105790000135e-01
1.296334064649999895e-01 3.325475798979999897e-01
1.700093406440000010e-01 -6.692555383100000366e-02
1.308631552139999932e-01 -3.033934161099999943e-02
-3.068348867999999823e-03 3.429721617659999833e-01
-1.798619105579999933e-01 6.085524612989999804e-01
-3.524604282400000121e-01 -4.387600306559999996e-01
-6.097294328319999845e-01 -4.311110327250000096e-01
-7.637394276419999795e-01 -3.672154619499999884e-01
-7.912137019320000242e-01 -3.102607821680000155e-01
-6.216276450080000515e-01 -1.997304772980000032e-01
-1.000000000000000000e+00 -1.129944208090000041e-01
-9.072220723220000282e-01 -1.001162197830000045e-01
-8.074700414530000536e-01 -1.480781819689999945e-01
-7.255032563990000405e-01 5.213673530099999925e-02
-8.169281879009999692e-01 2.326201720349999891e-01
-5.285689024809999692e-01 2.315179852060000043e-01
-3.647773431429999769e-01 1.543618150440000114e-01
-7.159257750930000386e-01 2.970194229509999784e-01
-5.951811164150000444e-01 3.880776459929999866e-01
-2.808975355630000115e-01 3.766173767129999961e-01
-1.103460344409999960e-01 3.270818435560000070e-01
-1.931432193469999892e-01 3.204385232799999983e-01
-3.051776685709999826e-01 3.992620363350000146e-01
-1.242042025800000060e-01 2.998292128169999793e-01
1.304917307160000095e-01 6.814574296700000311e-02
-6.095182571060000498e-01 -2.657769112180000115e-01
-8.892431691790000370e-01 -4.302242841200000223e-01
-1.000000000000000000e+00 -4.784498077670000238e-01
-9.855473703499999516e-01 -4.912814162140000107e-01
-4.700740553950000233e-01 -5.410971062360000472e-01
-6.178412515329999577e-01 -6.738085751279999647e-01
-5.953644621720000085e-01 -6.105384662559999454e-01
-5.003727339319999912e-01 -5.682687813519999853e-01
-2.752446768760000162e-01 -6.310195006319999633e-01
-1.659920188850000089e-01 -3.945049647700000217e-01
-1.203081140199999954e-01 -7.940375522299999989e-02
-8.494629165000000537e-02 6.563021746599999318e-02
-6.494969710799999851e-02 -6.004357958660000438e-01
7.203383212800000546e-02 -3.443430150189999983e-01
6.618665189700000118e-02 -5.419221871700000137e-02
4.379680839200000148e-02 8.940929004599999785e-02
6.738272898199999805e-02 -1.441923507739999999e-01
-3.296222724700000051e-02 -2.091084485609999988e-01
-1.471352499309999950e-01 -4.484384743999999742e-03
-2.892910090870000062e-01 2.190830321939999936e-01
-5.385981611269999858e-01 -4.086781316149999954e-01
-7.834026682100000416e-01 -2.597999558979999790e-01
-9.337526402189999519e-01 -1.179843221049999974e-01
-1.000000000000000000e+00 -3.165488844400000251e-02
-7.139398929260000193e-01 -1.984674827210000103e-01
-7.246658034289999994e-01 4.813068580299999927e-02
-4.401155154949999981e-01 1.215107390860000053e-01
-2.778460160139999968e-01 6.576658455000000680e-02
-7.339366754299999629e-01 2.617335737800000062e-02
-5.889880282339999829e-01 2.697433353690000257e-01
-3.464163522750000057e-01 2.813069042560000232e-01
-2.550108105080000076e-01 1.926680159190000130e-01
-6.911303441749999665e-01 2.558623374089999958e-01
-5.442003482849999685e-01 3.906615420960000140e-01
-3.484453162089999889e-01 3.853492069289999877e-01
-2.706505674770000036e-01 3.225404301920000161e-01
1.649518050849999862e-01 1.120876020530000017e-01
2.116506711589999923e-01 1.548658990319999873e-01
2.226408964540000091e-01 2.725711381950000067e-01
1.794466681949999920e-01 3.408362334710000052e-01
-2.041616638959999896e-01 -3.976044410180000210e-01
-5.052745365520000531e-01 -4.811822622190000120e-01
-7.038550054159999902e-01 -4.876264184760000231e-01
-7.841169181539999755e-01 -5.073586814170000237e-01
-4.687061405969999983e-01 -3.798679428869999875e-01
-8.657193863840000336e-01 -2.983387862860000239e-01
-9.732500188360000415e-01 -2.029806627219999937e-01
-1.000000000000000000e+00 -2.392686363559999863e-01
-6.157248099480000514e-01 -2.685949976029999853e-01
-8.009061360020000020e-01 -7.624462786600000319e-02
-7.301550711930000492e-01 1.659738931499999889e-02
-6.260260555509999936e-01 -3.399629060300000255e-02
-6.892850139170000334e-01 -1.296904079860000114e-01
-7.559280626969999695e-01 5.495614927999999816e-02
-6.521143084310000448e-01 1.154372808870000044e-01
-5.249295337389999760e-01 6.297126900199999378e-02
1.900025180140000047e-01 2.476590184000000000e-02
2.805936339580000216e-01 7.603028756499999319e-02
2.754596823439999786e-01 3.108398349879999967e-01
1.019301400540000013e-01 5.021872235369999604e-01
-3.467477094270000060e-01 -4.511243513220000168e-01
-7.049248888839999561e-01 -4.049531562490000236e-01
-9.311737902679999568e-01 -2.860026617629999879e-01
-1.000000000000000000e+00 -2.153987676199999868e-01
-6.503387259999999781e-01 -3.001491272330000237e-01
-8.450166951109999713e-01 -9.353338202100000554e-02
-7.490639450239999775e-01 5.421039023399999712e-02
-6.585992121799999488e-01 -8.387954628999999204e-03
-7.577286641689999769e-01 -8.743660343999999640e-02
-6.131509814950000248e-01 1.776571322999999925e-01
-4.035224223880000127e-01 2.486687566509999947e-01
-2.710883707289999944e-01 1.360198103099999889e-01
-7.507669814020000443e-01 1.405663458209999994e-01
-5.264340863900000000e-01 4.025176285129999920e-01
-2.613363710300000142e-01 4.403725021250000093e-01
-7.258658930599999615e-02 3.332809148979999914e-01
-2.773663402029999947e-01 2.632221025270000125e-01
-3.925678530139999900e-01 3.452202414930000129e-01
-1.106901408949999971e-01 2.349779046519999970e-01
1.983309462279999880e-01 -1.078427737399999947e-02
-7.887350999879999547e-01 -3.699977792229999785e-01
-9.936443577869999988e-01 -4.658536835509999863e-01
-1.000000000000000000e+00 -5.397824743239999501e-01
-8.960157765870000457e-01 -5.550490326210000269e-01
-5.338072831219999870e-01 -6.601049879120000075e-01
-4.623895873580000093e-01 -6.881595519630000490e-01
-3.714653458239999817e-01 -6.301310100510000289e-01
-2.931452944190000021e-01 -6.086636327879999531e-01
-2.153265942160000057e-01 -7.266534432490000528e-01
3.522297900400000320e-02 -3.919887943470000136e-01
-1.590971575999999832e-02 -1.066730200079999968e-01
-1.262012607540000109e-01 2.254601209000000207e-03
1.143543239470000000e-01 -6.505644244179999980e-01
3.261624859130000109e-01 -3.453915331999999894e-01
2.833129334799999732e-01 -6.174489152300000061e-02
1.710741656599999994e-01 8.316996358000000589e-02
1.439212602399999874e-01 -1.328968712019999998e-01
7.663310019400000617e-02 -1.973000851829999902e-01
-7.189898419800000440e-02 -1.754649645000000077e-03
-2.795798895320000255e-01 2.006093338469999987e-01
-3.223016042590000074e-01 -2.948652737979999827e-01
-4.937836293569999868e-01 -2.723798327779999862e-01
-6.557386329230000532e-01 -1.910386875679999930e-01
-7.914182436409999966e-01 -1.670298080629999959e-01
-5.021223958749999605e-01 -7.019252951099999582e-02
-7.489123675429999460e-01 -4.115839075799999913e-02
-8.680569527300000532e-01 -2.253529787000000100e-03
-1.000000000000000000e+00 -5.901462291100000035e-02
-5.577869498230000334e-01 1.419222081429999949e-01
-5.345193794110000285e-01 2.618525581189999896e-01
-3.481748184869999929e-01 3.260656928449999770e-01
-2.588824399279999744e-01 2.656849921419999760e-01
-5.547529525380000548e-01 3.088214535700000152e-01
-3.983549107909999942e-01 4.344336152359999925e-01
-1.649571132379999971e-01 4.547748999410000104e-01
-5.419948952800000136e-02 3.863501074990000062e-01
-2.546531972189999826e-01 2.536206218309999816e-01
-3.887600309020000089e-01 3.405653106439999744e-01
-1.771516195089999912e-01 2.349445787099999905e-01
9.768624364200000076e-02 9.348685460000000355e-04
-7.489076338569999880e-01 -3.510985092780000150e-01
-9.740827132170000180e-01 -4.438930306950000237e-01
-1.000000000000000000e+00 -5.046146431200000393e-01
-9.059276335000000513e-01 -5.141104357110000134e-01
-5.314834778820000105e-01 -6.316241502149999576e-01
-4.599839439949999775e-01 -6.362071662139999750e-01
-3.698543037859999827e-01 -5.654740659429999816e-01
-2.890017095049999818e-01 -5.378977680180000442e-01
-2.443001000039999870e-01 -6.968803809400000437e-01
-3.310812756900000098e-02 -3.293539973579999725e-01
-7.160890721800000636e-02 -6.519115359299999801e-02
-1.552778647699999959e-01 1.730149378400000146e-02
4.891968315300000009e-02 -6.306597508689999465e-01
2.222526239569999895e-01 -3.051734679259999750e-01
1.863926633830000068e-01 -4.665374116900000007e-02
9.887440259400000209e-02 6.792302596600000020e-02
2.236324415369999874e-01 3.734532597970000034e-01
2.759537471779999751e-01 4.850150916300000059e-01
2.687055116550000067e-01 4.832541813030000188e-01
1.944998893160000131e-01 3.637777628669999763e-01
-5.796778902500000080e-02 -2.849532510800000251e-01
-4.694041170330000012e-01 -4.482535129710000232e-01
-8.059041479399999819e-01 -5.100311923629999855e-01
-9.360458819370000016e-01 -6.135132036570000169e-01
-4.307819065280000248e-01 -4.680486968579999907e-01
-9.495155515380000466e-01 -3.351007596800000266e-01
-1.000000000000000000e+00 -1.147928090610000063e-01
-9.142698720549999880e-01 -1.479362796660000090e-01
-6.939127871250000412e-01 -4.677558722110000122e-01
-8.432015811740000144e-01 -1.142951260349999998e-01
-6.776717838560000207e-01 2.017577667869999980e-01
-4.808722238450000019e-01 1.837801561840000097e-01
-8.921327514000000347e-01 -3.932397263060000148e-01
-9.307208848829999770e-01 -5.424507243599999834e-02
-7.982045899899999908e-01 1.932452473119999903e-01
-6.312942770149999605e-01 1.851729554179999959e-01
1.629969645680000023e-01 6.196177490199999971e-02
2.122158209710000021e-01 1.041706907670000015e-01
1.976315408319999911e-01 2.507421243719999970e-01
5.078361485099999739e-02 3.565135896280000050e-01
-2.426850590059999868e-01 -4.190013095430000223e-01
-5.727768378509999758e-01 -3.642917246110000118e-01
-7.861287709759999798e-01 -3.131683399719999983e-01
-8.731328868900000151e-01 -3.037794568270000273e-01
-5.066591443010000084e-01 -3.252245156870000042e-01
-8.358891978139999512e-01 -1.025709136449999975e-01
-9.446552029270000039e-01 4.954588204999999836e-03
-1.000000000000000000e+00 -6.579764947100000261e-02
-6.353410225919999821e-01 -1.510539346310000031e-01
-5.708129108530000106e-01 9.469603403500000127e-02
-4.568320046739999807e-01 1.435088511360000096e-01
-3.675518966210000182e-01 1.756762732000000105e-02
-6.660732331330000422e-01 2.476030770800000114e-02
-5.075341678639999632e-01 2.199796603570000064e-01
-3.581489395160000200e-01 2.153272744380000103e-01
-2.295905131310000125e-01 9.065769390700000041e-02
-2.705399938699999951e-01 2.759595280909999948e-01
-4.020157492979999914e-01 3.501551411250000134e-01
-1.467037016609999966e-01 2.286333700879999986e-01
1.570873336699999956e-01 -1.344981247799999918e-02
-8.319963310179999683e-01 -4.421079955880000134e-01
-1.000000000000000000e+00 -4.878079647410000219e-01
-9.942304747310000135e-01 -5.097483708740000452e-01
-8.645105492179999684e-01 -4.996489136739999948e-01
-5.911989050410000335e-01 -7.545817960449999751e-01
-4.015911797869999855e-01 -6.288938868960000095e-01
-3.044499942950000260e-01 -4.511601680510000101e-01
-2.374721625189999963e-01 -3.968662508460000238e-01
-2.598086609390000135e-01 -8.182298836800000474e-01
6.525983873099999721e-02 -3.495657820870000099e-01
1.807098873899999972e-02 -3.695815859499999856e-02
-9.481899737500000536e-02 3.768432778900000085e-02
7.940126936699999638e-02 -7.386275810469999925e-01
3.413843554900000132e-01 -3.291640421490000246e-01
2.962176870639999793e-01 -2.817094379299999937e-02
1.795898164649999962e-01 8.159979066299999362e-02
1.924738626860000024e-01 1.933574090390000055e-01
2.891637513370000079e-01 3.049384089900000205e-01
2.821834555389999832e-01 3.797891847220000172e-01
1.992914293770000067e-01 3.259002666299999906e-01
-2.381045582040000053e-01 -7.627088077270000044e-01
-6.473092658289999468e-01 -4.021027844010000019e-01
-7.713804237439999545e-01 -1.256570677000000136e-01
-7.671760292760000377e-01 -1.629799110640000048e-01
-6.437728435880000211e-01 -7.605513888449999538e-01
-9.330157226509999679e-01 -1.677137343369999867e-01
-6.774586075309999567e-01 1.322559846290000118e-01
-4.495774635290000210e-01 -4.085507155600000273e-02
-8.765688539839999738e-01 -5.906479414490000135e-01
-8.176832855400000266e-01 8.957524347900000516e-02
-4.893188752339999725e-01 3.494829855809999941e-01
-2.875940585419999862e-01 1.303267220210000132e-01
-1.000000000000000000e+00 -3.910833396710000076e-01
-8.859319289050000545e-01 1.520158277820000126e-01
-5.855636354690000323e-01 3.515020008409999730e-01
-3.685299801820000054e-01 2.146141083339999922e-01
-3.822901780160000151e-01 1.841146465259999865e-01
-5.723731059459999937e-01 2.334605562519999900e-01
-3.387084762990000275e-01 1.367176081819999889e-01
1.791083892300000119e-02 2.279298041599999922e-02
-9.431311529139999594e-01 -5.454656444929999459e-01
-1.000000000000000000e+00 -4.938428430519999912e-01
-9.567705507479999927e-01 -3.868413440369999901e-01
-8.805355858579999584e-01 -3.309525051889999903e-01
-6.199337745099999797e-01 -7.663385787880000466e-01
-4.661239006680000241e-01 -5.016525132439999535e-01
-3.538210527080000167e-01 -3.131872279269999892e-01
-3.039552075360000272e-01 -3.065495655189999780e-01
-2.525952445240000066e-01 -7.785452412229999508e-01
-4.043338198299999825e-02 -2.658147594460000263e-01
-3.796871234799999856e-02 -3.708630810199999711e-02
-8.228615902800000270e-02 -6.449994250099999604e-02
8.437501952499999736e-02 -6.689570675839999758e-01
2.321298997669999920e-01 -2.054189972150000099e-01
2.238440301730000026e-01 1.734049726399999880e-02
1.942550763789999968e-01 2.911072801299999929e-02
1.197707152059999947e-01 -8.749674147500000054e-02
1.919585184089999952e-01 -1.489488776319999874e-01
1.605440481089999982e-01 -4.975172303699999798e-02
-1.967906367299999959e-02 3.167069616200000187e-02
-4.867273037290000270e-01 -1.000000000000000000e+00
-4.656772023329999732e-01 -5.257267148690000225e-01
-3.180916297759999734e-01 -1.409530579799999905e-01
-3.003990701429999910e-01 -1.310660162329999878e-01
-7.142611121090000070e-01 -7.806536236559999953e-01
-6.089796745390000376e-01 -2.738992871150000008e-01
-3.837370889360000037e-01 1.284654875599999975e-02
-3.383097507239999913e-01 -1.298023181430000006e-01
-7.642098210650000167e-01 -4.460170115620000209e-01
-3.877250380639999938e-01 9.499124965699999590e-02
-8.075505239999999918e-02 2.575907403250000116e-01
2.473791894999999817e-03 2.753241912499999888e-02
-7.140173371200000396e-01 -1.202970594840000046e-01
-3.786951406340000048e-01 3.061224088589999948e-01
-5.490939892800000138e-02 3.710251406719999867e-01
1.205405723499999998e-01 1.769267758910000043e-01
-3.893897273179999785e-01 1.490143633119999922e-01
-5.492598219469999599e-01 2.230814964289999924e-01
-2.632068592340000013e-01 2.163931188340000034e-01
7.777862937000000476e-02 1.524263904250000023e-01
-9.453899562469999518e-01 -6.755126295329999531e-01
-1.000000000000000000e+00 -2.912872190210000212e-01
-9.221012027589999827e-01 -8.566688465600000302e-02
-7.950210278770000194e-01 -5.021326044999999821e-02
-5.630003826160000502e-01 -8.162291061990000207e-01
-3.863219946629999901e-01 -1.879706658320000057e-01
-2.645336085819999794e-01 3.390204787699999806e-02
-2.038311238190000096e-01 -5.948909944300000141e-02
-1.523954729629999894e-01 -7.334684629879999473e-01
1.294615198659999911e-01 -2.282158963400000157e-02
8.595014464200000093e-02 1.676906116569999994e-01
-2.580197295399999993e-02 3.377567650200000160e-02
2.246218664300000112e-01 -5.572209183749999850e-01
3.874368243179999727e-01 -4.664694619499999695e-02
3.020489972739999751e-01 1.312698412059999931e-01
2.060811946589999888e-01 9.137250719200000482e-02
-2.072143992609999930e-01 2.010649810850000108e-01
-4.777660968340000092e-01 2.748976656189999757e-01
-7.481923088049999837e-01 2.839524621619999856e-01
-1.000000000000000000e+00 3.126316600919999966e-01
-7.417331682150000161e-01 -5.672867268660000128e-01
-8.681989548020000447e-01 -6.294799357800000272e-02
-7.495664135670000450e-01 2.182970481200000035e-01
-6.329768178450000393e-01 3.218133143470000013e-01
-7.342025352580000552e-01 -7.156170698339999747e-01
-8.458882135340000108e-01 -7.627291796200000307e-02
-6.974045685740000167e-01 1.860512400369999930e-01
-5.743775365309999881e-01 2.550932684830000130e-01
-6.796893944459999615e-01 -7.242194446299999866e-01
-7.765560464099999782e-01 -6.809190535499999586e-02
-6.105847479360000385e-01 1.807228419720000034e-01
-4.986398658030000153e-01 2.404919085489999886e-01
-5.997488292170000124e-01 -6.647680836479999966e-01
-6.931989298549999790e-01 -1.182025721800000068e-01
-5.878194643890000126e-01 1.413849768540000051e-01
-4.996996328739999882e-01 2.431091440339999965e-01
-4.228322117450000195e-01 1.297505981740000036e-01
-5.836760462369999791e-01 1.516393304049999946e-01
-3.477565782279999906e-01 1.151563255470000047e-01
-8.035110180900000010e-02 -2.291715270100000076e-02
-8.998288407790000498e-01 -8.134335381160000544e-01
-1.000000000000000000e+00 -3.842201417139999853e-01
-8.511983587350000491e-01 -1.460650096979999868e-01
-7.031576546979999565e-01 -1.582462979679999937e-01
-5.245181075260000325e-01 -8.901880797900000308e-01
-4.959051020549999911e-01 -3.202932435310000270e-01
-3.766075761620000240e-01 -5.260976486599999724e-02
-3.324307652310000138e-01 -1.154749950130000008e-01
-1.403184403019999971e-01 -7.711603851310000479e-01
1.069557288900000076e-02 -1.163611271710000006e-01
-1.281825152400000063e-02 1.140236542340000020e-01
-9.168147779999999414e-02 2.654733608099999961e-02
2.003477657820000035e-01 -5.643224878650000553e-01
3.224579981810000162e-01 -1.033480862360000030e-01
2.535414292850000084e-01 1.287537347159999901e-01
1.774642363260000022e-01 1.467919480029999946e-01
-1.547017100820000102e-01 3.757405515059999979e-01
-3.946161683500000183e-01 5.570279214590000416e-01
-6.618088675050000091e-01 5.528670175219999594e-01
-9.564330121249999817e-01 5.377399465140000334e-01
-5.083397168569999680e-01 -4.352180907820000222e-01
-9.178700048610000106e-01 1.212183827440000000e-01
-7.657929390450000096e-01 4.390841737260000044e-01
-5.857381285260000459e-01 5.163719710869999480e-01
-5.704077378849999880e-01 -7.073640535099999793e-01
-9.925330074599999497e-01 3.125192822600000170e-02
-7.867232731000000090e-01 3.186942695769999778e-01
-5.989368986759999736e-01 3.491154617730000131e-01
-6.419711319230000379e-01 -8.167629588050000500e-01
-1.000000000000000000e+00 1.218563337999999932e-03
-7.922548914849999457e-01 2.495680022150000010e-01
-6.264851287720000217e-01 2.654021018220000250e-01
-7.146289303820000383e-01 -8.349452421549999892e-01
-9.994320293889999984e-01 -1.826639537320000062e-01
-8.524086077500000469e-01 6.874837276600000158e-02
-7.043934197279999587e-01 1.251472223769999892e-01
-3.098337768439999862e-01 1.993573984500000007e-01
-4.488571291440000000e-01 2.625599539249999781e-01
-2.825776587969999754e-01 2.556435347880000042e-01
-5.991360875400000147e-02 9.474367930700000606e-02
-8.629967096670000393e-01 -8.228203008759999992e-01
-1.000000000000000000e+00 -2.876994864519999973e-01
-8.547298140460000138e-01 3.247638905900000067e-02
-7.400935371879999725e-01 -2.438440904700000036e-02
-5.876921271980000139e-01 -9.342192524489999483e-01
-6.105339725570000375e-01 -2.170976807680000120e-01
-4.641782432709999906e-01 7.717841925399999969e-02
-3.992950047730000063e-01 -8.318037105599999925e-02
-2.853688426239999743e-01 -8.393034305859999877e-01
-1.544321375430000032e-01 -6.700537012200000198e-02
-1.277370293139999946e-01 1.598362832570000003e-01
-1.679168510919999968e-01 -3.438755539399999950e-02
-1.199878412299999926e-02 -6.829304763779999732e-01
7.891882955899999497e-02 -1.279924700960000106e-01
6.461499901299999626e-02 8.936054479799999950e-02
4.671803923900000322e-02 2.191745903100000142e-02
-1.404436501469999987e-01 2.531777723509999745e-01
-3.644710676910000169e-01 3.545878807100000252e-01
-6.020031968650000342e-01 3.161167818869999868e-01
-8.535697677360000180e-01 3.057793842090000269e-01
-4.837260016230000015e-01 -4.138600053309999804e-01
-9.229760809120000076e-01 -2.360764659799999970e-02
-7.958488912150000205e-01 2.145487030609999901e-01
-6.260475424220000029e-01 2.583517611939999958e-01
-5.329826283559999656e-01 -6.322010940940000490e-01
-9.688865064280000050e-01 -7.934203536999999418e-02
-7.762941174180000292e-01 1.458683973450000115e-01
-6.130312137000000217e-01 1.526819226330000112e-01
-5.895095448699999574e-01 -7.346250591020000442e-01
-1.000000000000000000e+00 -1.566735043520000037e-01
-7.970674162990000200e-01 2.806037074299999948e-02
-6.226057563029999686e-01 2.989764389299999839e-02
-6.449645971040000036e-01 -7.717105416770000392e-01
-9.891862587340000124e-01 -3.330809129839999994e-01
-8.553027001149999808e-01 -1.749499212939999992e-01
-6.936749549070000409e-01 -1.514951375739999884e-01
