-3.897082326160000165e-01 -4.172141059799999718e-02
-4.423396788139999924e-01 -3.548541759200000284e-02
-4.240417920330000201e-01 7.409553853599999684e-02
-3.331833750880000000e-01 8.206843323899999654e-02
7.330113816929999526e-01 -3.032386165870000205e-01
9.343659815820000158e-01 3.205581060689999817e-01
7.423664603480000235e-01 7.563821679009999910e-01
4.883704399739999813e-01 9.424696884859999901e-01
9.628487618359999889e-01 -6.833659159999999622e-02
9.248795174920000361e-01 4.930974494720000156e-01
5.125768879950000079e-01 6.443090157919999506e-01
2.847053595630000267e-01 5.037049316999999693e-01
1.000000000000000000e+00 1.531476098170000133e-01
7.204712953780000317e-01 6.924339186289999448e-01
2.673585841009999964e-01 7.176499479269999870e-01
7.468562652500000676e-02 4.937471538889999789e-01
9.676399736399999840e-01 3.712144141520000162e-01
8.501929737910000062e-01 7.791851076329999737e-01
5.215894014830000369e-01 8.377637511019999650e-01
3.228016327559999898e-01 7.025416546860000500e-01
-2.517402234880000145e-01 -3.105071313860000015e-01
-1.967638721839999882e-01 -2.607236405689999925e-01
-1.738050904289999976e-01 2.712170826359999731e-01
4.109066000000000004e-05 7.995154934489999698e-01
6.832264295119999664e-01 -3.707670377539999951e-01
8.567375287580000220e-01 2.132942359109999964e-01
6.797593767299999756e-01 6.986068223210000205e-01
4.887464942399999956e-01 1.000000000000000000e+00
7.793723299579999875e-01 2.393553624700000063e-02
8.463237707880000293e-01 4.561713630340000214e-01
5.067568027740000369e-01 6.150822244529999816e-01
3.348836544079999977e-01 6.329518939620000229e-01
7.400541307010000125e-01 3.531456148550000118e-01
4.942743230600000204e-01 6.475347647410000240e-01
9.322403671899999467e-02 4.697220863880000041e-01
-5.909744933700000064e-02 2.392062101830000065e-01
6.967340190249999843e-01 6.447628478689999554e-01
4.987216491479999902e-01 8.970369094010000044e-01
1.945477008070000124e-01 7.304872716570000035e-01
7.904639703000000683e-02 5.010573466690000366e-01
-3.225030768830000061e-01 3.361075569699999849e-02
-5.749825054749999609e-01 4.042876894800000176e-02
-4.237264840750000205e-01 1.862176016769999942e-01
-1.650205375140000041e-01 2.839214568699999774e-01
-5.759786987260000490e-01 -9.095995829490000073e-01
-6.633895612739999503e-01 -8.867569656210000373e-01
-6.568725681679999928e-01 -8.841317899339999897e-01
-6.215781554899999506e-01 -8.195357200680000176e-01
-1.305823087169999952e-01 -1.000000000000000000e+00
-1.450126668600000002e-01 -8.743212093190000367e-01
-2.531996793249999822e-01 -7.195490918489999554e-01
-3.206030256729999750e-01 -6.600866693450000433e-01
2.496171231110000110e-01 -8.818763984880000351e-01
2.943103293509999885e-01 -4.900656705970000138e-01
5.264910577000000286e-02 -1.884759173689999900e-01
-1.389472482799999908e-01 -8.564851675600000658e-02
5.650966033640000274e-01 -6.438549754589999452e-01
5.516519820759999693e-01 -2.113576132620000048e-01
3.218725030369999907e-01 5.573666683200000083e-02
1.078643706190000051e-01 1.364171549050000043e-01
-1.397276951729999883e-01 -2.514588992280000213e-01
-7.854220617300000651e-02 -2.588374519120000272e-01
-7.861570767400000159e-02 2.344486754200000161e-02
2.328788522600000119e-02 3.991499925729999898e-01
6.246208339709999890e-01 -1.452977847069999995e-01
7.088768702100000096e-01 3.879710477020000270e-01
6.367472381280000482e-01 7.788391675870000030e-01
4.613350444020000163e-01 1.000000000000000000e+00
6.334018643669999671e-01 1.635884315159999991e-01
6.809605014840000026e-01 7.181975513060000482e-01
4.808864434449999781e-01 8.189980459729999662e-01
3.353836989410000080e-01 7.651713429359999763e-01
5.543490818449999802e-01 3.980443035569999899e-01
2.747647280309999940e-01 6.897115939310000110e-01
-4.724591989899999678e-02 4.372638788300000079e-01
-2.294001010979999922e-01 1.384520699210000094e-01
4.829654995859999911e-01 5.900133339009999700e-01
2.220775861110000082e-01 7.727488102539999959e-01
-4.735492473499999799e-02 5.494914578970000463e-01
-1.637966537820000068e-01 2.700791513279999778e-01
-9.819498826299999372e-02 -4.233447280959999892e-01
-1.039563850959999980e-01 -4.934697391100000274e-01
-2.668787463200000265e-01 -1.529621487520000100e-01
-2.849931804640000177e-01 3.089089270020000111e-01
6.184330054990000436e-01 -1.478514508550000106e-01
3.745504415940000276e-01 3.279671758539999815e-01
-1.412739691099999979e-02 6.528421761360000408e-01
-4.300336721640000137e-01 8.293112758439999954e-01
5.567086382539999656e-01 2.351160526069999979e-01
2.163801407289999978e-01 7.774998248990000471e-01
-9.480924504599999580e-02 8.537224271969999778e-01
-2.983680561050000013e-01 7.927451587320000215e-01
4.064822869060000232e-01 5.348609695870000236e-01
-1.381216942569999939e-01 7.977772305079999793e-01
-4.756919512910000036e-01 4.773138786400000222e-01
-5.962709829700000297e-01 1.392757811210000030e-01
2.668758844499999894e-01 8.195245830899999806e-01
-1.553631073279999886e-01 1.000000000000000000e+00
-4.091893149809999741e-01 6.704422267459999585e-01
-4.587008765610000038e-01 2.938823003109999887e-01
-3.577211661959999733e-01 1.892949401600000151e-02
-6.044419873670000554e-01 -2.032833717799999856e-02
-4.358506582589999900e-01 1.242161744869999945e-01
-1.428026481349999877e-01 2.505396359820000196e-01
-5.555543932669999574e-01 -9.257917494139999981e-01
-6.124926361760000271e-01 -8.987895521659999831e-01
-6.436784615110000551e-01 -8.406814659689999525e-01
-6.593740623599999573e-01 -7.740608084890000518e-01
-1.244364571980000056e-01 -1.000000000000000000e+00
-1.526783222110000005e-01 -9.223863024780000197e-01
-3.095912679130000122e-01 -7.130410154730000283e-01
-4.011812802060000238e-01 -6.274864182239999755e-01
2.415046451149999995e-01 -8.778147501719999468e-01
3.363255867389999820e-01 -5.904682005739999573e-01
7.031255039599999812e-02 -2.505901083559999853e-01
-1.384996820849999921e-01 -1.124660488290000065e-01
5.562556890390000230e-01 -6.356859561800000114e-01
5.717191518340000167e-01 -2.631731589479999744e-01
3.358738633469999790e-01 2.484836058900000144e-02
1.215250990659999947e-01 1.260344875380000063e-01
-5.365456969830000311e-01 -1.386669753920000137e-01
-7.714921501339999654e-01 -2.002439011449999862e-01
-6.595755591659999695e-01 -5.859993378199999936e-02
-6.055451312289999999e-01 -1.201025907630000056e-01
-5.414357859609999490e-01 -1.000000000000000000e+00
-7.659764975739999926e-01 -7.979009398120000540e-01
-8.987451385939999593e-01 -5.501924278930000467e-01
-8.759704218889999838e-01 -4.538159014429999916e-01
-1.032982928269999962e-01 -8.699500745339999730e-01
-1.006133830870000051e-01 -4.628532876570000121e-01
-1.531176605629999965e-01 -1.479380898010000112e-01
-6.577227925299999889e-02 -1.451314791309999963e-01
2.378328455410000097e-01 -5.471892234140000033e-01
1.346607264130000037e-01 2.797685934800000010e-02
-1.356703240400000121e-01 2.448313771210000045e-01
-1.918399838729999973e-01 1.338566681339999898e-01
5.180151181680000549e-01 -2.081875392599999985e-01
3.695404000799999977e-01 2.911707223760000018e-01
7.745400823100000165e-02 4.740095182610000180e-01
-5.522476133399999848e-02 3.863907779399999853e-01
-5.599401979839999655e-01 -1.173649752620000014e-01
-8.154353771869999878e-01 -8.582561711599999421e-02
-5.831506902480000365e-01 1.706743656109999951e-01
-3.403618401549999839e-01 2.009934376439999892e-01
-7.412095684930000150e-01 -9.812440585020000272e-01
-9.532448628570000526e-01 -7.665869349099999619e-01
-1.000000000000000000e+00 -5.762482103539999789e-01
-9.106688724579999894e-01 -4.850798831600000027e-01
-2.082508613969999978e-01 -8.861170783759999559e-01
-2.073249579800000020e-01 -3.819882571050000064e-01
-1.846249707319999878e-01 -1.065397739700000013e-01
-7.131759340200000130e-02 -1.321350752769999970e-01
2.168083243449999975e-01 -5.704602477800000404e-01
1.400797829350000079e-01 1.071574338610000038e-01
-9.859890469599999485e-02 2.715378099970000014e-01
-1.613522113570000083e-01 1.098894033739999943e-01
5.707964262089999519e-01 -2.250674595909999964e-01
4.348747855299999743e-01 3.135466792220000243e-01
1.473885983800000132e-01 4.436333371289999938e-01
6.055689827999999678e-03 3.157908541550000225e-01
-6.072476004860000165e-01 8.413575419999999583e-03
-8.500758440469999844e-01 1.232734742419999974e-01
-5.597957036759999561e-01 3.679920631620000049e-01
-3.141938171829999904e-01 3.263811099180000119e-01
-7.796577675729999823e-01 -9.496083161909999459e-01
-9.207248176069999790e-01 -7.248891118410000223e-01
-1.000000000000000000e+00 -4.552343018760000026e-01
-9.320487367740000195e-01 -3.481949072469999740e-01
-2.748932737440000218e-01 -9.148087162650000437e-01
-1.549821967939999934e-01 -5.834223641200000365e-01
-1.814977273349999976e-01 -2.026058828060000039e-01
-8.458858257100000666e-02 -1.700729705629999977e-01
1.407072003579999953e-01 -6.524846120260000548e-01
1.827914594199999965e-01 -9.557711431300000560e-02
-1.096154578399999996e-01 2.287973161919999998e-01
-2.078069337310000098e-01 1.859630290160000088e-01
4.854603463589999834e-01 -3.298963686060000233e-01
4.260159693119999758e-01 1.951971413920000065e-01
1.295264019640000042e-01 4.807692392840000051e-01
-1.073394722900000015e-02 4.628170462710000099e-01
-5.597834347569999869e-01 1.498455629399999926e-02
-8.368345501920000373e-01 1.662040885559999959e-01
-8.258202230860000048e-01 3.504365406220000256e-01
-8.795564945999999606e-01 2.873124280300000111e-01
-2.986780001730000023e-01 -3.353570532380000246e-01
-3.874879345219999771e-01 8.811788669499999449e-02
-5.418496858989999554e-01 4.400499084389999926e-01
-5.105405682220000019e-01 5.384045311239999965e-01
9.522115832999999974e-03 -1.024379253510000060e-01
-9.355427384499999388e-02 3.756372645039999791e-01
-2.104657097819999934e-01 6.126045705520000162e-01
-1.035879627800000008e-01 4.898684793020000039e-01
1.886830325759999982e-01 1.775239882959999960e-01
5.685982084800000197e-02 7.493543894709999709e-01
-2.040928801580000063e-01 9.029082772630000475e-01
-2.079934932120000024e-01 6.850578779039999677e-01
3.221591000790000048e-01 4.036235830350000109e-01
1.004344574119999944e-01 8.770044304340000041e-01
-1.436732488720000034e-01 1.000000000000000000e+00
-1.690968498590000035e-01 8.418299296850000335e-01
-3.424775862439999874e-01 -3.411287872799999982e-02
-5.650198428760000446e-01 -8.023001874900000108e-02
-3.538573760629999954e-01 7.065993356499999933e-02
-2.052511556300000081e-02 2.121446869130000079e-01
-5.144205706040000381e-01 -9.441657141150000543e-01
-5.411007780759999886e-01 -8.296366388070000042e-01
-5.477990537119999948e-01 -6.888035078680000423e-01
-5.465133043290000270e-01 -5.940132438790000080e-01
-7.380350002799999920e-02 -1.000000000000000000e+00
-8.481935179900000621e-02 -7.966306764120000272e-01
-2.298256390149999995e-01 -5.306429646439999592e-01
-3.160063336769999842e-01 -4.358309138879999933e-01
2.906840029919999790e-01 -8.564006923239999569e-01
3.186181874780000256e-01 -4.838390462939999859e-01
8.788105283199999784e-02 -1.604580568829999943e-01
-6.667939211899999441e-02 -6.241289935100000075e-02
5.890527930510000010e-01 -6.050395764060000348e-01
5.467648424619999670e-01 -1.941978372179999912e-01
3.112853722410000024e-01 7.327335535300000258e-02
1.274482157830000018e-01 1.403721427459999893e-01
-2.574025379020000170e-01 1.159109302069999958e-01
-5.051696460079999618e-01 2.441955247519999872e-01
-7.553695807339999568e-01 2.694183451719999733e-01
-1.000000000000000000e+00 1.129722744799999956e-01
-7.499228298799999470e-02 -8.180448055399999752e-02
-3.778639842420000172e-01 3.785850936519999932e-01
-5.036407490059999770e-01 5.835323835879999699e-01
-4.380639278130000203e-01 5.625876621569999569e-01
-2.394971250300000076e-02 -4.301634768200000153e-02
-5.152625243339999939e-01 5.088440933679999612e-01
-5.754361106619999555e-01 5.967710608080000201e-01
-4.019534432019999937e-01 4.099858573049999788e-01
-6.305501676499999930e-02 4.562306135000000068e-02
-5.244130869899999992e-01 5.640892289979999585e-01
-5.940544073639999478e-01 6.319380799370000190e-01
-4.335021788949999788e-01 4.134222934519999892e-01
-1.195174501760000035e-01 8.153887383800000055e-02
-5.331445871690000393e-01 4.695242163810000036e-01
-5.796893560079999785e-01 5.230616149210000065e-01
-4.148999795689999881e-01 3.681858344849999742e-01
-4.194686843950000132e-01 -6.390176232600000561e-02
-5.958778306490000176e-01 -1.072921348900000016e-01
-4.355483395420000070e-01 -1.861008209699999832e-02
-2.843962745390000157e-01 -4.995711724600000042e-02
-4.951372850910000234e-01 -1.000000000000000000e+00
-6.889192857010000282e-01 -8.547098697499999620e-01
-7.895208498019999910e-01 -7.087302571419999975e-01
-7.844904788230000481e-01 -6.312775444199999475e-01
-1.062220465579999940e-01 -9.586713579369999794e-01
-1.475076336470000082e-01 -7.200724873549999572e-01
-2.257142389690000028e-01 -4.819771016420000276e-01
-2.053184087569999983e-01 -4.341966716780000235e-01
2.101070691099999888e-01 -7.239585432259999509e-01
1.164023952340000057e-01 -2.639495533480000211e-01
-1.104187010140000036e-01 -2.405619190799999918e-02
-1.938890352759999880e-01 -3.654747327599999762e-02
4.671682571169999965e-01 -4.312969191580000028e-01
3.416228797579999865e-01 -1.434350636300000051e-02
1.019720900429999938e-01 1.944417750359999919e-01
-3.468207345899999849e-02 1.964957556409999972e-01
-3.554276191640000082e-01 6.964969979200000272e-02
-6.174853081729999582e-01 1.338815341260000125e-01
-8.007424580319999485e-01 1.937721357680000089e-01
-1.000000000000000000e+00 5.282823183399999734e-02
-1.262300208309999894e-01 -1.682484989580000090e-01
-3.007676510230000155e-01 2.359669648330000036e-01
-4.760928317609999794e-01 5.825568435239999454e-01
-4.867007474569999825e-01 7.062646244329999767e-01
5.130841809000000371e-03 -5.556671976500000137e-02
-2.993478250209999914e-01 4.324352407789999742e-01
-3.882873177310000035e-01 6.847840215660000451e-01
-2.561397867910000237e-01 6.271457909569999600e-01
3.405219948499999677e-02 1.049230241389999957e-01
-2.733619899520000063e-01 5.846768778340000194e-01
-4.178627129029999776e-01 7.245112118609999818e-01
-3.308647469670000230e-01 5.639317730670000417e-01
4.822938365400000066e-02 2.272439161869999891e-01
-2.419026099740000102e-01 6.220393579220000468e-01
-3.977816444060000012e-01 7.287868643549999526e-01
-3.600290160519999949e-01 6.039398112980000066e-01
-3.361845140460000270e-01 -1.234547307299999931e-02
-5.393747967749999983e-01 -6.180327650899999914e-02
-3.609410564459999970e-01 8.327718567899999869e-02
-9.583564511799999575e-02 2.309142095270000083e-01
-5.159422672369999852e-01 -9.204796907469999789e-01
-5.381281455880000397e-01 -8.620544602030000281e-01
-5.816481179960000247e-01 -7.471264367819999697e-01
-6.135025942349999761e-01 -6.704890587620000453e-01
-1.025790046049999960e-01 -1.000000000000000000e+00
-7.873597467000000016e-02 -8.153492819259999802e-01
-2.632806427789999848e-01 -5.303188872490000039e-01
-3.731077918119999892e-01 -4.203545824100000106e-01
2.421826630059999985e-01 -8.739161810409999953e-01
3.423906933900000005e-01 -5.435179980730000526e-01
7.418952563200000017e-02 -2.282169463170000134e-01
-1.117413670210000015e-01 -1.307876506589999988e-01
5.182088837799999625e-01 -6.416070437809999749e-01
5.399097205349999706e-01 -2.663581869810000002e-01
3.195649695050000183e-01 -1.255531662100000008e-02
1.406911540549999895e-01 5.525606110600000259e-02
-4.826982477589999987e-01 -1.640709347450000077e-01
-7.412826075449999719e-01 -3.255505469730000101e-01
-6.938212798980000207e-01 -2.898636424530000033e-01
-6.662512444839999715e-01 -3.813662886590000189e-01
-5.844382174900000226e-01 -1.000000000000000000e+00
-7.956961586390000063e-01 -6.884035291750000285e-01
-8.347972555870000200e-01 -4.403269676539999788e-01
-7.134943535229999467e-01 -3.689115038169999972e-01
-1.342637364200000016e-01 -8.633519954339999858e-01
-2.343534631089999876e-01 -2.588060496280000233e-01
-2.320267986710000119e-01 3.566945453599999760e-02
-1.000291208319999958e-01 -1.900809791800000051e-02
2.145786917320000042e-01 -5.560788986920000010e-01
4.000455575899999894e-02 1.178014597189999957e-01
-1.408247424999999886e-01 2.909067011309999784e-01
-1.411469104710000033e-01 1.287485097149999869e-01
4.922728471880000178e-01 -2.555654188620000156e-01
3.035555935829999941e-01 2.762855853010000029e-01
7.810987785400000383e-02 3.968582149459999875e-01
-1.025364770299999964e-02 2.580852527379999817e-01
-3.707816153399999815e-01 9.081718657000000319e-03
-5.393849820880000090e-01 8.156308251299999867e-02
-3.380025556730000269e-01 3.008461416159999846e-01
-1.447886327069999868e-01 3.544497372620000197e-01
-4.867575721829999758e-01 -9.748117864880000427e-01
-6.103821219149999644e-01 -6.882647999280000484e-01
-6.906945317449999511e-01 -4.479666786150000024e-01
-6.794474055479999830e-01 -3.632906862310000262e-01
-1.261503044910000093e-01 -1.000000000000000000e+00
-2.076581097019999933e-01 -6.045447629319999905e-01
-3.244484094669999874e-01 -2.386486352490000129e-01
-3.196580899470000126e-01 -1.750284507140000001e-01
1.831410120149999932e-01 -7.985521336180000374e-01
1.019206107780000065e-01 -2.852565180200000161e-01
-1.272923221349999967e-01 3.549144655000000155e-03
-2.095709702609999947e-01 -2.021753042699999878e-02
4.365597041390000266e-01 -5.115278816999999645e-01
3.366226176859999919e-01 -1.579933541899999905e-02
1.040268469119999956e-01 2.276413289570000109e-01
-6.792269612000000241e-03 2.219152844020000070e-01
-6.724919128920000544e-01 -6.879775740900000158e-02
-9.908057595120000061e-01 -1.993302256799999936e-02
-8.799008624609999663e-01 2.180125487879999990e-01
-8.397791566090000437e-01 1.480395518219999873e-01
-5.478146168280000339e-01 -8.035360895669999559e-01
-8.112222929950000383e-01 -3.995090849849999848e-01
-1.000000000000000000e+00 2.768952624300000109e-02
-9.395980270529999956e-01 1.370409813039999980e-01
-5.556673480000000331e-02 -5.937262252949999652e-01
-2.342742215309999987e-01 -4.800217014899999662e-02
-3.585882781499999949e-01 3.887426987709999837e-01
-1.788262877010000085e-01 3.733922204330000216e-01
2.875187263089999945e-01 -2.356008968509999968e-01
1.189607894890000045e-01 4.213974863730000076e-01
-2.173936486240000132e-01 6.843671081519999699e-01
-1.912192539610000075e-01 5.095652194099999921e-01
5.734304792459999911e-01 1.135532170300000004e-01
3.334463296949999878e-01 7.087135673800000202e-01
-3.967397711799999782e-02 9.153955220930000136e-01
-1.207873060199999987e-01 7.715027819549999943e-01
-3.669011227639999984e-01 -9.018951561999999367e-03
-6.386846631839999677e-01 4.376263501000000194e-02
-8.149962693109999989e-01 1.051226045880000043e-01
-1.000000000000000000e+00 -2.137036977399999968e-02
-2.467500658479999942e-01 -2.250479569290000093e-01
-4.740111133039999758e-01 1.632964555489999914e-01
-6.274565169339999526e-01 4.206764023110000084e-01
-6.075669046799999640e-01 4.921867258609999851e-01
-4.965737791400000323e-02 -5.970389931100000130e-02
-4.042650965869999946e-01 4.055672383669999825e-01
-4.764187416949999809e-01 5.526386262260000182e-01
-3.249893499620000181e-01 4.394745021579999911e-01
5.130294635499999673e-02 1.335517261530000110e-01
-2.661017135759999874e-01 5.954954787099999702e-01
-3.935698333339999744e-01 6.663853475809999871e-01
-2.948946726100000193e-01 4.928132783740000189e-01
1.289929171960000065e-01 2.721908249609999997e-01
-1.696907974359999904e-01 6.561399690200000467e-01
-3.020826646179999853e-01 7.134982345920000135e-01
-2.369328060960000093e-01 5.779570898760000297e-01
-3.429418121819999832e-01 -1.250125465699999938e-02
-5.665541454670000032e-01 -4.497055576200000016e-02
-3.860633529429999822e-01 1.006763453090000066e-01
-1.071020561430000018e-01 2.458618250069999900e-01
-5.335444080310000059e-01 -9.295070441060000466e-01
-6.225701479049999820e-01 -8.680244733609999708e-01
-6.538506514959999683e-01 -7.929404478949999557e-01
-6.536460084370000478e-01 -7.271364978950000113e-01
-1.155232804219999965e-01 -1.000000000000000000e+00
-1.673720355589999875e-01 -8.751553094639999975e-01
-3.114133006939999726e-01 -6.910364878570000036e-01
-3.809472764769999964e-01 -6.252622598250000552e-01
2.416845079680000064e-01 -8.718785842990000035e-01
2.622128866010000059e-01 -5.079396634299999658e-01
2.321480602299999876e-02 -2.107319205169999876e-01
-1.319302940269999891e-01 -1.161412699759999945e-01
5.365840883200000411e-01 -6.301478692269999460e-01
4.907751456780000132e-01 -2.306938763979999862e-01
2.720445238329999849e-01 1.641188605899999986e-02
1.034365903740000064e-01 8.176951929299999811e-02
-9.023164385699999901e-02 2.322786785079999916e-01
-4.041036309859999953e-01 2.074083828730000079e-01
-7.168205887840000123e-01 1.387906228399999990e-02
-1.000000000000000000e+00 -1.738374865450000029e-01
-4.525373633640000226e-01 -1.862537706899999868e-01
-6.821772747650000079e-01 -3.812486299600000017e-02
-6.600731399289999635e-01 8.386298164199999794e-02
-6.585356227940000196e-01 8.515552663700000358e-02
-5.572451635380000212e-01 -3.433222189319999895e-01
-7.197815208390000441e-01 -1.182733880910000063e-01
-4.895428795310000081e-01 1.108533700640000064e-01
-4.172840728030000057e-01 1.508302469839999937e-01
-6.330853075610000102e-01 -4.385040177069999823e-01
-7.308334860149999779e-01 -1.915536959299999897e-01
-5.161278779110000103e-01 1.500076068099999958e-02
-4.751204003310000035e-01 2.097118980399999971e-02
-7.071321246409999484e-01 -5.324549234900000094e-01
-7.390208312199999519e-01 -3.104365493530000242e-01
-5.516623343269999591e-01 -8.890464326499999959e-02
-4.953731346949999947e-01 -1.476427463700000046e-02
-4.429583237840000187e-01 -7.155199719799999747e-02
-6.220938626919999548e-01 -9.880613619200000197e-02
-3.912518659490000217e-01 3.212590679300000168e-02
-1.512196587509999912e-01 4.087721692699999854e-02
-5.307495469790000087e-01 -1.000000000000000000e+00
-6.834118340849999473e-01 -8.412786909730000096e-01
-7.831585200139999925e-01 -6.749924675330000179e-01
-7.622923421210000550e-01 -6.308504090709999845e-01
-1.378814840379999906e-01 -9.590511924469999894e-01
-1.339999673810000069e-01 -7.074907485860000289e-01
-1.919342945710000026e-01 -4.259209567389999895e-01
-1.395448930729999981e-01 -3.962157401520000066e-01
1.853567127369999956e-01 -7.171802049350000097e-01
1.316968780820000073e-01 -2.553869370290000052e-01
-9.030238884400000610e-02 2.731002087999999817e-03
-1.554036758439999999e-01 -3.167576142299999981e-02
4.475964348900000056e-01 -4.256799177999999739e-01
3.288174584979999815e-01 7.453923192000000419e-03
9.999570799599999393e-02 2.398641323240000012e-01
-7.923897620000000183e-03 2.311264707619999914e-01
-4.395791650459999755e-01 1.442406962270000037e-01
-7.210005659239999698e-01 2.263073388409999886e-01
-8.434858620549999797e-01 2.741776272120000080e-01
-9.904985180290000191e-01 6.950203904399999966e-02
-1.940253379790000121e-01 -7.737336607050000481e-01
-5.787540094949999991e-01 -3.922473373720000156e-01
-9.412954190360000029e-01 1.067167407780000021e-01
-1.000000000000000000e+00 2.382065783579999929e-01
-1.431076770409999976e-01 -7.510925402689999641e-01
-5.428639184739999513e-01 -2.030758249500000112e-01
-6.903258774029999989e-01 2.436716225359999988e-01
-4.618886447139999851e-01 2.251968368660000053e-01
-1.563584698290000075e-01 -5.346793679350000383e-01
-4.575679434059999884e-01 2.006486518570000099e-01
-6.769030166809999471e-01 5.673735769250000116e-01
-5.071950948400000270e-01 4.188529186209999922e-01
-1.659846424810000054e-01 -3.236664214500000192e-01
-4.783033008409999787e-01 2.782096396570000185e-01
-6.681692023909999723e-01 5.955843879979999533e-01
-5.443055405869999808e-01 5.268796924959999739e-01
-3.261333042130000193e-01 9.143279734000000353e-03
-5.541479304709999720e-01 -2.787809415399999935e-02
-3.535661496579999841e-01 9.054335617400000036e-02
-1.074788133100000077e-02 1.962437746429999963e-01
-5.326518428099999980e-01 -9.169195159330000289e-01
-6.350419833779999967e-01 -8.074665770969999823e-01
-6.566237082910000300e-01 -7.186721221009999550e-01
-6.308296705939999693e-01 -6.488279558989999973e-01
-1.218621341000000052e-01 -1.000000000000000000e+00
-1.755672533550000081e-01 -8.273779693539999869e-01
-3.206890825020000113e-01 -6.316621556799999482e-01
-3.858842184360000149e-01 -5.969646875520000506e-01
2.351468118239999905e-01 -8.848599026560000080e-01
2.883412763100000054e-01 -4.943016290250000222e-01
6.242671271300000158e-02 -2.001781319829999961e-01
-8.899416691700000326e-02 -1.298579234120000037e-01
5.425464391150000010e-01 -6.512001240200000485e-01
5.191260320349999624e-01 -2.496687447110000069e-01
3.023515794300000170e-01 -5.303253370999999779e-03
1.282963841900000013e-01 4.834206605799999668e-02
-3.764334452240000184e-01 4.478882464500000271e-02
-5.211124327689999891e-01 1.180691414249999960e-01
-3.379831707040000244e-01 2.014969519160000055e-01
-1.859602053280000056e-01 5.598138364099999875e-02
-6.388046982649999705e-01 -8.241347116399999617e-01
-8.432793891690000265e-01 -7.569044563029999617e-01
-9.884247333390000501e-01 -6.946141368199999500e-01
-1.000000000000000000e+00 -6.550276761429999484e-01
-3.587836967260000232e-01 -9.418985070209999755e-01
-3.361968371219999918e-01 -8.664493312369999645e-01
-3.667744505089999829e-01 -5.925421757509999887e-01
-3.119885727139999898e-01 -5.335786793200000266e-01
-8.995880789799999555e-02 -8.290194282459999453e-01
-9.473199256000000568e-03 -3.991832289480000129e-01
-2.058334853530000008e-01 -9.074272076400000109e-02
-3.004885718940000228e-01 -8.550071921700000410e-02
1.726111797659999891e-01 -6.159797398209999608e-01
1.764163873959999906e-01 -1.733512634909999961e-01
-4.828130544000000350e-03 1.037263516279999936e-01
-1.091984333769999982e-01 1.292969641989999974e-01
-3.203289594220000147e-01 6.560178750000000315e-04
-5.433314858479999510e-01 -5.947299438900000013e-02
-3.476558554370000054e-01 3.353576214299999747e-02
-1.946125238699999982e-02 1.321378618579999997e-01
-5.320495981909999506e-01 -9.174884463379999744e-01
-6.278988066830000214e-01 -8.370290687889999637e-01
-6.407618303650000069e-01 -7.603957745299999571e-01
-5.983656246020000458e-01 -6.745039638419999539e-01
-1.451258849859999867e-01 -1.000000000000000000e+00
-1.984008628320000078e-01 -8.576186780350000260e-01
-3.072472631159999801e-01 -6.942674765040000029e-01
-3.361485714690000126e-01 -6.680551843519999533e-01
1.992045725959999958e-01 -8.903980254369999736e-01
2.189829843359999972e-01 -4.691653261320000157e-01
8.975357535999999373e-03 -1.839715257990000019e-01
-1.248704735260000032e-01 -1.292522542310000078e-01
5.020839608139999743e-01 -6.684991768829999792e-01
4.414583126080000031e-01 -2.385894836349999881e-01
2.432800954890000089e-01 -1.473862662000000002e-03
9.394388380599999477e-02 3.132221755100000199e-02
-6.202824286300000212e-02 3.226234893639999823e-01
-2.286970874579999924e-01 5.557686020980000530e-01
-4.729978423139999943e-01 6.169821533229999933e-01
-8.262904802310000463e-01 4.983455247910000274e-01
2.430963421450000050e-01 2.274633550730000009e-01
6.740505394300000397e-02 3.866349282100000062e-01
-2.164870351579999963e-01 5.754117959310000030e-01
-2.613537146439999792e-01 5.924979187969999783e-01
3.053495888099999958e-02 1.439447788630000002e-01
-4.255935284999999846e-01 4.545646615780000177e-01
-6.026485659220000013e-01 7.227247136200000144e-01
-5.220945712150000251e-01 6.274255579499999902e-01
-2.611332131190000072e-01 8.614680503900000452e-02
-6.589987847160000412e-01 4.597769750069999883e-01
-7.275734411180000416e-01 7.340513322720000344e-01
-5.492509591759999754e-01 6.193949319570000167e-01
-5.487673492589999480e-01 -9.595769533000000559e-03
-9.562739327339999651e-01 2.623620039849999808e-01
-1.000000000000000000e+00 4.672841295019999897e-01
-8.203415511510000480e-01 4.333671955449999724e-01
-3.087681209979999952e-01 -2.474703685400000130e-01
-5.808734452930000014e-01 -1.588936489820000075e-01
-6.921235233600000480e-01 1.561201528899999920e-02
-5.970715494249999589e-01 1.192252397809999975e-01
1.403480362799999943e-02 -2.521443304000000035e-03
-5.016743506490000115e-01 1.876801521350000002e-01
-8.201362305639999795e-01 1.254548494939999870e-01
-1.000000000000000000e+00 -3.764313760000000033e-03
1.614947360840000012e-01 2.221155671180000124e-01
-4.917053476489999797e-01 3.251169685640000195e-01
-7.150383561680000444e-01 1.837062012510000120e-01
-7.620945159290000159e-01 6.469212433700000098e-02
1.718796566959999994e-01 3.643673241129999907e-01
-6.060008092540000169e-01 3.441338325020000255e-01
-7.835863388610000424e-01 1.900255246679999899e-01
-7.725350753120000524e-01 9.236575035999999850e-02
7.965620732400000015e-02 4.938949926530000201e-01
-5.845716435119999721e-01 4.436312119870000070e-01
-7.191407746339999463e-01 3.152658546589999777e-01
-6.677628962430000037e-01 2.314177185990000107e-01
-3.053011511979999981e-01 3.750192170000000037e-03
-5.299150848410000281e-01 -3.992645699899999984e-02
-3.392483554119999911e-01 6.759505159199999391e-02
-4.304307624000000380e-03 1.766796619840000082e-01
-5.232160771239999786e-01 -9.225584041469999663e-01
-6.096056829720000181e-01 -8.421802823790000003e-01
-6.128878643920000480e-01 -7.492319560989999516e-01
-5.759251405399999912e-01 -6.601676166400000101e-01
-1.303113519780000062e-01 -1.000000000000000000e+00
-1.609343272319999907e-01 -8.330233486739999638e-01
-2.811955444759999811e-01 -6.199874831280000054e-01
-3.380096534659999818e-01 -5.629480642559999692e-01
2.151394791840000043e-01 -8.853249992639999899e-01
2.673530154459999864e-01 -4.986406046130000269e-01
5.497483833499999806e-02 -2.035907052370000136e-01
-9.626165688799999398e-02 -1.289898689389999964e-01
5.135868815390000064e-01 -6.571923667950000381e-01
4.852998634919999943e-01 -2.716896316569999970e-01
2.825900696540000201e-01 -3.231036463300000078e-02
1.140200175659999982e-01 2.045666873600000130e-02
-4.064268667959999859e-01 -6.333246519999999932e-04
-5.705557958829999832e-01 5.362008539100000110e-02
-3.548415132389999838e-01 1.849579928289999953e-01
-1.501113995349999952e-01 9.437518556099999678e-02
-6.255080404759999491e-01 -8.801252967920000225e-01
-8.295008173779999661e-01 -8.104716404289999954e-01
-9.781073582939999733e-01 -7.653951298200000197e-01
-1.000000000000000000e+00 -7.253899824809999508e-01
-2.982923597420000239e-01 -9.445166673160000359e-01
-3.044646818010000033e-01 -8.528244905720000490e-01
-3.715998984359999979e-01 -6.011762063940000456e-01
-3.571288460079999894e-01 -5.515896056260000124e-01
-3.508190559999999937e-03 -7.855415262199999527e-01
5.109052486699999784e-02 -3.456912476439999993e-01
-1.619033681339999975e-01 -3.686011150900000283e-02
-2.633891344959999881e-01 -1.479019123399999934e-02
2.673063647489999917e-01 -5.382726862129999512e-01
2.527415798989999796e-01 -9.945271666600000171e-02
5.365653169699999975e-02 1.705768412879999918e-01
-5.610572344399999967e-02 2.078743084659999962e-01
-3.102724650059999756e-01 2.691252059999999858e-04
-5.213844241799999724e-01 -7.271520420600000034e-02
-3.362509888149999848e-01 -8.599873908000000775e-03
-3.452927868999999816e-02 6.523793535999999893e-02
-5.375400250209999564e-01 -9.110947086899999769e-01
-6.350495285970000348e-01 -8.460378813579999546e-01
-6.666389453000000076e-01 -7.705239955999999557e-01
-6.457349757910000321e-01 -6.857341140020000170e-01
-1.688659931479999932e-01 -1.000000000000000000e+00
-2.292666602840000012e-01 -8.794645555490000488e-01
-3.580732194099999766e-01 -6.995053831659999721e-01
-4.022819611549999785e-01 -6.476683389199999752e-01
1.573452283729999956e-01 -9.068288535749999824e-01
1.775546930799999923e-01 -5.307118185229999785e-01
-3.248951551399999887e-02 -2.516455241610000004e-01
-1.644227801099999997e-01 -1.764623094559999994e-01
4.426210353849999724e-01 -7.003213619679999891e-01
3.779317183759999810e-01 -3.075280496850000267e-01
1.909824231829999885e-01 -7.414708266099999390e-02
5.114276003900000006e-02 -2.522320847500000157e-02
-1.857508087470000069e-01 1.988284867940000034e-01
-4.361840867819999912e-01 3.551444690969999818e-01
-7.173593796380000054e-01 3.683519388979999976e-01
-1.000000000000000000e+00 2.273077036220000069e-01
1.060543039430000001e-01 7.704950182599999697e-02
-1.994266342309999884e-01 4.340846873359999747e-01
-3.551480348050000124e-01 7.180309806500000391e-01
-2.998911567779999898e-01 7.864642176789999883e-01
1.045643731000000078e-03 6.514440669700000131e-02
-4.828903981739999796e-01 4.269095923769999912e-01
-5.463480469279999863e-01 6.494297987960000462e-01
-3.880108433169999760e-01 5.430747274239999811e-01
-1.792075571610000084e-01 5.730341585899999951e-02
-5.789887118609999828e-01 4.208202553579999949e-01
-6.082481946379999505e-01 6.287661671409999764e-01
-4.390339785180000232e-01 5.025446671719999703e-01
-3.675782695090000218e-01 -1.553222196000000020e-03
-7.474018917860000277e-01 2.750724952909999743e-01
-7.626636548320000486e-01 4.284465014609999955e-01
-5.959529219639999598e-01 3.657776763530000141e-01
-4.116744900930000006e-01 1.142947334799999937e-02
-5.567985101219999899e-01 4.050005227799999968e-02
-3.298369295410000235e-01 1.126258247620000041e-01
-1.593016564189999873e-01 -6.583584762000000389e-03
-7.008464442220000423e-01 -8.288210430579999732e-01
-9.013094296510000270e-01 -7.387264865720000184e-01
-1.000000000000000000e+00 -6.778630964559999583e-01
-9.407434014490000385e-01 -6.543182763010000347e-01
-3.693532795269999780e-01 -9.015664029059999862e-01
-4.281221124899999841e-01 -8.037223768340000518e-01
-4.473262358019999829e-01 -5.319711582959999463e-01
-3.526361770650000005e-01 -5.076153965830000336e-01
-7.493046630600000424e-02 -7.712614518610000358e-01
-5.805386032700000226e-02 -3.719785423160000271e-01
-2.278372240350000077e-01 -8.288663177100000223e-02
-2.678871979129999747e-01 -1.045881982739999966e-01
2.014297618389999933e-01 -5.641614359019999636e-01
1.421257207880000095e-01 -1.137274245830000030e-01
-2.155290222200000050e-02 1.486576941140000108e-01
-8.335305240399999704e-02 1.469430104689999905e-01
-3.299316518800000098e-01 -6.250335888999999576e-03
-5.613528381650000343e-01 -5.417451402100000035e-02
-3.603914501350000132e-01 6.143329221100000265e-02
5.945239496999999915e-03 1.802510596169999979e-01
-5.144810515000000084e-01 -9.302285476110000451e-01
-6.400400001110000403e-01 -8.246065176139999453e-01
-6.513056365999999597e-01 -7.305431185520000481e-01
-6.075536038519999682e-01 -6.618328952349999961e-01
-1.094213240239999968e-01 -1.000000000000000000e+00
-1.826337891869999897e-01 -8.329728625840000511e-01
-2.936880795449999804e-01 -6.596903733410000026e-01
-3.315512423799999997e-01 -6.369810743899999572e-01
2.432650090980000013e-01 -8.712208194849999643e-01
2.364344964339999966e-01 -4.421269486020000250e-01
3.945807173799999873e-02 -1.543052866790000088e-01
-8.450294248400000430e-02 -9.412932281300000203e-02
5.479653804770000525e-01 -6.271617795110000504e-01
4.681344255339999760e-01 -2.010535857380000013e-01
2.613602028349999995e-01 3.851069648699999987e-02
1.050286366239999991e-01 7.892983778199999523e-02
7.317027706199999426e-02 2.975164433379999807e-01
3.864147549199999782e-02 6.338267233940000356e-01
-1.322673999370000131e-01 8.218835457919999588e-01
-4.134579405509999916e-01 7.443824033279999863e-01
2.908380573820000259e-01 2.324269034000000025e-02
6.600988807700000627e-02 2.696564131709999756e-01
-2.156473507689999902e-01 5.662795860879999976e-01
-2.605563372560000257e-01 6.532623452329999747e-01
-3.935108833800000233e-02 -7.645335244699999477e-02
-4.271382715900000071e-01 1.759410145239999890e-01
-5.577123329790000250e-01 5.030566428610000473e-01
-4.528681878199999900e-01 4.431307063109999889e-01
-3.980465976159999753e-01 -1.165572210100000033e-01
-6.867525789080000109e-01 2.568848535670000266e-01
-6.971249152099999735e-01 5.853773250779999993e-01
-4.956131151129999912e-01 4.893620862090000134e-01
-7.332491438629999969e-01 -1.597873888859999980e-01
-1.000000000000000000e+00 1.293602731790000071e-01
-9.462615185770000270e-01 3.630680704440000239e-01
-7.144509276179999979e-01 3.318877820819999824e-01
-2.103776568169999917e-01 3.732599833999999950e-02
-4.991995575300000043e-01 -1.125346098600000025e-02
-7.424675779789999819e-01 -4.599638553100000166e-02
-1.000000000000000000e+00 -1.212277484139999972e-01
-3.279189783259999769e-01 -4.550908299820000114e-01
-6.466836179049999522e-01 -1.598974001540000023e-01
-5.967919867219999563e-01 5.035935695799999973e-02
-5.013209020329999488e-01 4.165695912299999942e-02
-2.709931183290000267e-01 -3.659427734340000016e-01
-6.115683822309999629e-01 1.659572002699999937e-01
-4.695063782309999989e-01 3.161736292610000110e-01
-3.334969432920000254e-01 1.602315277859999998e-01
-2.286164929070000074e-01 -2.103043762519999915e-01
-5.252754458609999455e-01 3.784263955359999931e-01
-4.236061128160000244e-01 4.666773603969999740e-01
-3.347390973770000278e-01 2.691066067319999866e-01
-2.132767806080000106e-01 -9.302028628300000601e-02
-4.377505847009999784e-01 3.995743201620000074e-01
-3.385006567030000024e-01 4.911115347839999923e-01
-2.209699172260000122e-01 3.685708208599999813e-01
-3.309418328300000045e-01 -1.837599202799999887e-02
-5.454024693379999622e-01 -6.766497678100000246e-02
-3.174601739719999927e-01 5.005712910000000015e-02
5.426729282300000318e-02 1.584594483300000023e-01
-5.062263939540000424e-01 -9.285497296750000462e-01
-6.032771145559999715e-01 -8.390955260879999766e-01
-6.281977566890000197e-01 -7.362434006550000465e-01
-5.994198198689999479e-01 -6.453590069739999491e-01
-1.001234565850000063e-01 -1.000000000000000000e+00
-1.464910822069999952e-01 -8.533117869120000476e-01
-2.691017326190000003e-01 -6.738995303350000521e-01
-3.192871633139999776e-01 -6.384378575029999725e-01
2.540206651210000222e-01 -8.750001486809999562e-01
2.626322555130000125e-01 -4.509357016319999745e-01
4.028923842200000244e-02 -1.609049496899999931e-01
-1.053784298370000067e-01 -9.709520588999999424e-02
5.599459071589999448e-01 -6.376597218080000129e-01
4.825600624729999844e-01 -1.987821498379999940e-01
2.644157111250000081e-01 4.562644205500000077e-02
9.926975140799999819e-02 8.712550584200000336e-02
-4.002270732750000115e-01 2.168960436400000150e-02
-5.745031258310000499e-01 4.991878793199999720e-02
-3.466394921750000080e-01 1.374871407400000134e-01
-1.600427704140000018e-01 6.253274570000000310e-02
-7.382664997810000074e-01 -8.949788378780000331e-01
-9.073698926950000132e-01 -8.383147772090000505e-01
-9.880190574739999843e-01 -8.106759040269999605e-01
-9.665843164099999774e-01 -7.708828104129999970e-01
-3.591007504950000095e-01 -1.000000000000000000e+00
-3.433691562410000064e-01 -8.715759402489999808e-01
-3.848518687879999844e-01 -6.430496073789999656e-01
-3.729063467059999804e-01 -6.111783097949999854e-01
-8.539149789000000101e-03 -8.713232622719999654e-01
2.569348039799999872e-02 -3.792928622430000174e-01
-1.708508318520000069e-01 -6.418266459700000537e-02
-2.786489932310000084e-01 -4.457048295100000251e-02
3.129917090659999901e-01 -6.498672689419999760e-01
2.697818628750000003e-01 -1.601016830810000069e-01
8.379730473200000529e-02 1.114588506399999956e-01
-3.921425617299999916e-02 1.391777612790000007e-01
-3.291451970129999904e-01 -4.150490680000000162e-04
-5.571713715430000047e-01 -4.977463522199999935e-02
-3.523865242509999773e-01 4.377240536899999757e-02
-1.035136638300000050e-02 1.201691354550000063e-01
-5.320812252369999662e-01 -9.248067464770000079e-01
-6.486466393459999757e-01 -8.621831107470000477e-01
-6.607573276210000346e-01 -8.121144133780000551e-01
-6.219565929229999846e-01 -7.452041470810000234e-01
-1.291576824210000085e-01 -1.000000000000000000e+00
-2.016314530009999939e-01 -8.846817061380000125e-01
-3.134369432820000023e-01 -7.225945088980000319e-01
-3.598698771059999912e-01 -6.840991221459999938e-01
2.227486034610000054e-01 -8.810201352069999547e-01
2.087986456410000080e-01 -5.116951262159999958e-01
4.291129101999999890e-03 -2.307298731390000079e-01
-1.282365086760000050e-01 -1.501473743829999929e-01
5.237483595140000059e-01 -6.475553893990000365e-01
4.432020068829999881e-01 -2.608911314219999888e-01
2.393421215769999943e-01 -2.694409528200000098e-02
8.086314421899999660e-02 2.349348197800000052e-02
-5.010991855900000236e-02 2.409934078919999945e-01
-2.437188858350000098e-01 4.688761216449999769e-01
-5.728421627030000352e-01 5.077625621750000429e-01
-9.506595435519999970e-01 3.383214026810000274e-01
2.172042669139999937e-01 -4.808553233099999852e-02
-1.394926723469999963e-01 3.026207864459999897e-01
-4.236755624029999723e-01 6.504037073280000136e-01
-4.627829992340000143e-01 7.378245420310000080e-01
-3.530381034499999876e-02 -1.064327418850000012e-01
-5.513886703489999652e-01 3.300853996679999902e-01
-6.259879629460000094e-01 6.865712171579999579e-01
-4.527002442229999812e-01 6.070241404380000150e-01
-3.395342527090000062e-01 -1.076579350769999999e-01
-7.441687136639999478e-01 3.878137337129999862e-01
-7.368677858230000544e-01 7.247251177379999687e-01
-5.077808085910000546e-01 6.160516085930000107e-01
-6.312620359270000314e-01 -1.438602204299999909e-01
-1.000000000000000000e+00 2.126993340489999884e-01
-9.639613957349999485e-01 4.564390422649999834e-01
-7.376594656289999774e-01 4.141294666959999815e-01
