-3.106702863879999832e-01 1.120279333569999952e-01
-5.179479573640000112e-01 2.229225151470000110e-01
-4.548135435360000089e-01 2.997361017769999969e-01
-2.857985197860000159e-01 3.100303972880000258e-01
-8.406694229269999763e-01 -4.961772583240000034e-01
-1.000000000000000000e+00 -2.889848324970000215e-01
-9.938703704369999947e-01 -9.665502435999999420e-02
-9.019367792400000416e-01 4.607696944999999794e-02
-4.947737016509999863e-01 -6.344975797140000040e-01
-5.490152533769999676e-01 -1.861258643060000051e-01
-5.129082703999999771e-01 3.409821719699999976e-02
-4.849937866979999734e-01 5.978901353600000329e-02
-1.458428126619999987e-01 -5.897483585199999601e-01
-7.941238410699999473e-02 4.331436602500000205e-02
-1.087174489740000000e-01 2.583251246869999740e-01
-1.664156757970000067e-01 2.353806534089999958e-01
1.812448717260000119e-01 -4.482721578800000217e-01
1.897546024910000129e-01 2.880656947600000045e-02
1.030992116710000017e-01 2.121592140330000043e-01
6.398733715999999939e-03 2.261029299010000049e-01
-3.056815800339999778e-01 1.171917568980000018e-01
-5.132448480610000141e-01 2.365225605690000066e-01
-4.410470580759999759e-01 3.188032261140000267e-01
-2.471034833140000053e-01 3.293762899689999801e-01
-8.117924618170000439e-01 -5.120990378809999743e-01
-9.894419394790000544e-01 -3.336662909220000084e-01
-1.000000000000000000e+00 -1.364381767379999888e-01
-9.119725018259999816e-01 2.998856888800000009e-02
-4.699364938239999900e-01 -6.512809195690000275e-01
-5.288699075989999887e-01 -2.158615406599999897e-01
-5.075912107450000210e-01 2.395341822000000148e-02
-4.751124059310000147e-01 7.836932016599999773e-02
-1.228777029820000005e-01 -6.059789477029999816e-01
-6.757668370699999871e-02 2.048788619699999994e-02
-1.109262375770000003e-01 2.574383990090000074e-01
-1.634562442449999931e-01 2.657592957170000214e-01
2.015492331629999967e-01 -4.591325056359999990e-01
1.997782046799999878e-01 1.310386435099999969e-02
1.038780046359999987e-01 2.097651859140000075e-01
1.129076302699999999e-02 2.444698028129999867e-01
-3.253633277019999936e-01 2.755273846529999737e-01
-5.602978159070000075e-01 4.407013588470000132e-01
-5.843466414219999905e-01 4.699739639539999847e-01
-4.489578440379999869e-01 4.207355471940000258e-01
-9.416186396050000296e-01 -1.735898574360000002e-01
-1.000000000000000000e+00 -3.945565503500000210e-02
-9.457896995590000522e-01 1.536524258089999873e-01
-8.874888419819999541e-01 2.587410633059999965e-01
-7.282529089370000097e-01 -3.321416401939999985e-01
-6.471174457580000094e-01 1.574965280839999981e-01
-4.836754569110000013e-01 3.866765487689999836e-01
-3.866571959410000092e-01 3.941084056379999812e-01
-4.699048997090000124e-01 -3.382335146830000028e-01
-3.557481948539999994e-01 2.202857577959999869e-01
-2.612464816339999940e-01 3.649956932230000173e-01
-2.339494725490000038e-01 2.921237638690000193e-01
-2.072938273069999948e-01 -2.680996085719999922e-01
-1.484397138080000011e-01 2.133521280410000109e-01
-1.091641699149999978e-01 3.428069650639999910e-01
-9.734231263299999992e-02 2.862537358530000131e-01
-2.981032168709999985e-01 8.989964612699999358e-02
-4.926233109150000011e-01 1.993795595300000001e-01
-4.455052969200000157e-01 2.949910089180000083e-01
-2.828453701509999751e-01 3.115556339459999990e-01
-7.950537572360000249e-01 -5.393136435469999546e-01
-9.921284601550000026e-01 -3.067936649169999974e-01
-1.000000000000000000e+00 -1.090033674669999980e-01
-9.015988488439999893e-01 4.066975180500000120e-02
-4.768623917770000165e-01 -6.454286493459999718e-01
-5.721649084729999446e-01 -2.176286162109999922e-01
-5.109721909390000372e-01 4.817116189999999867e-03
-4.551407703040000197e-01 4.149393427800000117e-02
-1.446905615980000059e-01 -5.881761228149999798e-01
-1.050026774680000025e-01 2.879240281499999971e-02
-1.175063461899999995e-01 2.163316108180000086e-01
-1.648900903889999880e-01 1.815379403160000127e-01
1.657366885150000080e-01 -4.402407208499999891e-01
1.650002295859999968e-01 2.138476616700000013e-02
8.948561582099999467e-02 1.842529490929999958e-01
2.185332312999999950e-03 1.865277113319999958e-01
-2.627535440079999951e-01 1.205427988070000012e-01
-4.416901522319999773e-01 2.469908874900000051e-01
-4.039998638169999823e-01 3.191731595089999929e-01
-2.862608077089999759e-01 3.219098865939999943e-01
-8.204023042610000260e-01 -4.803195814780000239e-01
-1.000000000000000000e+00 -2.903420739779999926e-01
-9.917698370249999895e-01 -1.167902318290000019e-01
-8.881887516290000173e-01 2.452125912799999960e-02
-5.298370498440000409e-01 -6.329966746580000247e-01
-5.810980001140000351e-01 -2.231018192360000041e-01
-5.158372421289999510e-01 -5.000579086000000312e-03
-4.722139199879999971e-01 2.772947794800000032e-02
-2.080174652529999946e-01 -6.172292532690000222e-01
-1.146417358340000026e-01 -1.548637081500000082e-02
-1.179474039630000054e-01 1.788602165729999971e-01
-1.762374621430000121e-01 1.571268684730000031e-01
1.042576203170000049e-01 -5.066099144839999457e-01
1.393181607010000045e-01 -3.602865470799999914e-02
7.397394060999999688e-02 1.336237548220000071e-01
-1.946565345999999933e-02 1.464393382270000044e-01
-3.232966239569999845e-01 2.800085312389999914e-01
-5.575082528949999450e-01 4.541396114640000037e-01
-5.757994757940000374e-01 4.676939542319999976e-01
-4.383374650870000000e-01 4.011901998440000061e-01
-9.468943630649999665e-01 -1.796088012219999863e-01
-1.000000000000000000e+00 -7.740207768300000346e-02
-9.515584263130000275e-01 1.295028416239999980e-01
-8.886242123009999716e-01 2.601051236229999786e-01
-7.281842192759999666e-01 -3.516907954290000027e-01
-6.281183121159999994e-01 1.528732785739999878e-01
-4.701408537010000055e-01 3.866451691889999931e-01
-3.755609894670000060e-01 4.000691981050000234e-01
-4.627430365940000123e-01 -3.640740157460000126e-01
-3.253458360659999826e-01 2.093126048360000047e-01
-2.404665046749999979e-01 3.553864886920000132e-01
-2.222449464139999997e-01 2.902987862720000090e-01
-1.913458741450000111e-01 -2.968468208910000072e-01
-1.213522051160000059e-01 1.894037123120000110e-01
-9.170905071599999570e-02 3.248281742199999877e-01
-8.851084492400000669e-02 2.810680641789999878e-01
-2.831870513779999876e-01 9.419764667900000499e-02
-4.683780029519999943e-01 1.917798803930000073e-01
-4.078080436520000185e-01 2.818115214410000235e-01
-2.597379242250000275e-01 3.257685345490000106e-01
-8.266424982009999978e-01 -5.517795749199999600e-01
-1.000000000000000000e+00 -3.336356855050000014e-01
-9.801735150010000286e-01 -1.284554123340000131e-01
-8.606578565739999576e-01 3.436221757300000207e-02
-4.936640714639999872e-01 -6.819205061780000410e-01
-5.236338888010000359e-01 -2.339213023770000122e-01
-4.460392522430000062e-01 1.849562632200000070e-02
-4.017728249609999747e-01 7.707615431700000352e-02
-1.389824740850000018e-01 -6.343126029119999787e-01
-3.279683477800000163e-02 -1.394556281399999924e-02
-3.878639681300000142e-02 2.069805906659999972e-01
-1.089916349780000043e-01 2.000143375039999949e-01
1.942751480309999890e-01 -4.904192463500000043e-01
2.417063370449999971e-01 -2.627729422200000137e-02
1.663689951229999908e-01 1.655878228769999960e-01
5.656744719799999821e-02 2.001675664969999879e-01
-2.663652421189999786e-01 9.779271141900000575e-02
-4.510524262949999752e-01 2.080028731149999865e-01
-4.155985324970000172e-01 2.902107459489999819e-01
-2.909983376390000154e-01 3.096606263419999783e-01
-8.321109381779999703e-01 -5.154812908250000492e-01
-1.000000000000000000e+00 -3.092953530940000251e-01
-9.796698294800000317e-01 -1.268528665710000058e-01
-8.731638482839999549e-01 1.508017264800000021e-02
-5.389109168010000062e-01 -6.523662905539999723e-01
-5.884077421669999808e-01 -2.459386161530000003e-01
-5.257816283959999559e-01 -1.323701487700000047e-02
-4.835336828480000237e-01 3.499354522900000042e-02
-2.121059099200000020e-01 -6.256735108890000285e-01
-1.201007553039999953e-01 -3.120303020400000057e-02
-1.212102229589999969e-01 1.753191981380000097e-01
-1.712852442870000103e-01 1.662784552190000043e-01
1.065347338129999932e-01 -5.062931044859999563e-01
1.495533261760000066e-01 -5.312517563099999895e-02
9.282993302299999416e-02 1.241229780869999993e-01
9.756338054000000468e-03 1.467871710579999878e-01
-3.334596526709999731e-01 2.613712783250000116e-01
-5.662446090410000465e-01 4.263786470220000124e-01
-5.930093698330000107e-01 4.624787617619999791e-01
-4.465931662270000158e-01 4.140943906289999976e-01
-9.393501284819999464e-01 -1.783859731309999919e-01
-1.000000000000000000e+00 -7.700213880400000321e-02
-9.493497422190000368e-01 1.382364178030000001e-01
-8.861500440980000226e-01 2.679145250980000115e-01
-7.160543500810000461e-01 -3.409678743640000009e-01
-6.685534921329999714e-01 1.185054693260000069e-01
-5.168317525460000006e-01 3.766523856899999800e-01
-4.093143942640000144e-01 4.124568611830000120e-01
-4.518861982030000224e-01 -3.528164714140000213e-01
-3.598478076889999877e-01 1.818508205350000129e-01
-2.761811580240000064e-01 3.559711947340000182e-01
-2.419069994199999907e-01 3.107554746499999743e-01
-1.825169992569999899e-01 -2.848018028550000080e-01
-1.437806440970000044e-01 1.786320296649999972e-01
-1.158289313460000025e-01 3.292147286780000015e-01
-1.012227059860000000e-01 2.968277463130000182e-01
-2.664781185769999894e-01 1.128587498090000002e-01
-4.505955020219999940e-01 2.301729092179999880e-01
-4.093626955410000212e-01 3.094161784889999933e-01
-2.822661078029999882e-01 3.266474638469999969e-01
-8.276540853870000269e-01 -5.096777877770000131e-01
-1.000000000000000000e+00 -3.164161805460000143e-01
-9.814117884899999922e-01 -1.241841319369999946e-01
-8.691499564750000406e-01 3.373981534199999716e-02
-5.164057876740000275e-01 -6.576540015480000223e-01
-5.617685344680000137e-01 -2.622873554510000149e-01
-4.970619179419999978e-01 -1.920094798200000161e-02
-4.486148454180000078e-01 5.033685082699999869e-02
-1.792623149589999965e-01 -6.332198395949999448e-01
-8.297070333500000672e-02 -4.652779238799999856e-02
-9.042881429000000637e-02 1.892278444790000125e-01
-1.490510138109999994e-01 2.098052546799999973e-01
1.479229839210000064e-01 -5.100152001669999713e-01
1.864726263320000132e-01 -6.366203015999999382e-02
1.130658953900000041e-01 1.421792221360000108e-01
8.346250601999999699e-03 1.964800753479999940e-01
-2.884516539370000077e-01 9.474899045800000419e-02
-4.803525387820000159e-01 1.966705149759999938e-01
-4.273782823100000239e-01 2.813048356130000149e-01
-2.854711841600000022e-01 3.131910704740000218e-01
-8.102624314819999451e-01 -5.523177065779999451e-01
-1.000000000000000000e+00 -3.335334954649999961e-01
-9.764702612690000505e-01 -1.262962088619999923e-01
-8.518128316090000096e-01 2.816855403099999960e-02
-4.789028740610000168e-01 -6.716697083639999732e-01
-5.123646369979999449e-01 -2.480958375969999907e-01
-4.371053792530000259e-01 1.918617521999999931e-03
-3.772658198900000204e-01 6.042495173899999766e-02
-1.309914071109999911e-01 -6.185658349999999528e-01
-4.809569384399999675e-02 -1.912555955699999852e-02
-7.717803499200000250e-02 2.056756546090000026e-01
-1.442441154890000132e-01 2.061557881649999924e-01
1.930871629279999890e-01 -4.722753219340000141e-01
2.202987242120000022e-01 -2.021256851000000077e-02
1.384882629230000106e-01 1.756002228480000038e-01
3.537782485799999960e-02 2.151458337790000119e-01
-3.377201629059999877e-01 2.457472245840000014e-01
-5.843559610980000318e-01 3.981774151570000031e-01
-5.938174017199999710e-01 4.118703860169999897e-01
-4.181063152639999947e-01 3.468295860450000268e-01
-9.527146945400000178e-01 -2.293434644769999919e-01
-1.000000000000000000e+00 -7.443680226299999314e-02
-9.162194569930000032e-01 1.280886590089999888e-01
-8.474026488650000521e-01 2.237366471270000046e-01
-7.203089325810000387e-01 -3.922776530579999976e-01
-6.395932969509999788e-01 1.019399982699999985e-01
-4.495013096259999896e-01 3.435936350909999937e-01
-3.486861759039999731e-01 3.425404471590000055e-01
-4.458744473949999843e-01 -4.050948451590000166e-01
-3.326941425750000181e-01 1.625153959910000112e-01
-2.169637798200000078e-01 3.123201599650000104e-01
-1.883144581729999933e-01 2.221046355100000091e-01
-1.681191578550000065e-01 -3.429769997630000011e-01
-9.541946320600000475e-02 1.475150589320000094e-01
-4.812842870899999848e-02 2.828461752979999910e-01
-3.998555773500000327e-02 2.143477106480000116e-01
-2.642857836840000196e-01 9.828011637000000356e-02
-4.495335533140000228e-01 2.122047780799999894e-01
-4.191129588559999730e-01 2.983359667039999774e-01
-2.947306674960000206e-01 3.217446041199999995e-01
-8.210560768319999925e-01 -4.943751927969999849e-01
-1.000000000000000000e+00 -2.911042669109999981e-01
-9.754480171389999787e-01 -1.172367428699999936e-01
-8.586075702630000528e-01 2.130525524500000156e-02
-5.339463460309999965e-01 -6.293947032209999959e-01
-5.733407942129999935e-01 -2.033911581889999987e-01
-5.002114691900000354e-01 1.208698989299999971e-02
-4.475134380849999927e-01 4.553525235400000121e-02
-2.185707901080000126e-01 -5.981639069909999717e-01
-1.193499925920000065e-01 4.074235552999999795e-03
-1.157219221139999948e-01 1.910268142329999974e-01
-1.655436382540000084e-01 1.672224121510000050e-01
8.670267158599999358e-02 -4.768838974940000086e-01
1.227722107930000056e-01 -1.263213408700000068e-02
6.195189554100000162e-02 1.513027898750000100e-01
-2.442567821900000144e-02 1.619784164799999981e-01
-2.378445239199999950e-01 1.134714242229999948e-01
-4.147340458429999988e-01 2.370919346489999968e-01
-3.983386288660000218e-01 3.331345903740000058e-01
-3.035265675759999948e-01 3.663572078369999874e-01
-8.352695199359999600e-01 -4.444789030549999853e-01
-1.000000000000000000e+00 -2.562407437509999775e-01
-9.630582170929999908e-01 -7.132299274999999439e-02
-8.464333469579999880e-01 7.146486120499999373e-02
-5.497093717919999678e-01 -5.866555785539999679e-01
-5.832557696789999468e-01 -2.074718606590000014e-01
-4.870195321590000126e-01 3.699425897999999990e-02
-4.208415590979999732e-01 9.724716467100000261e-02
-2.291658356050000067e-01 -5.688433075879999468e-01
-1.103301057750000064e-01 -2.764352606599999873e-02
-8.939886445700000184e-02 1.928891564219999966e-01
-1.310023227530000001e-01 2.027323101669999961e-01
8.517141332300000311e-02 -4.625412743769999890e-01
1.486966750990000030e-01 -2.952511365299999996e-02
9.647733762000000601e-02 1.630686360349999919e-01
5.686102925000000377e-03 1.996265351060000082e-01
-2.709655503589999959e-01 2.778655227649999837e-01
-4.884936822040000237e-01 4.178121008330000219e-01
-5.364812560839999911e-01 3.780887317189999819e-01
-4.445833191479999780e-01 2.677615886859999739e-01
-9.445628484520000034e-01 -2.093128937360000108e-01
-1.000000000000000000e+00 -1.403479667139999887e-01
-9.399528352670000197e-01 5.107153276100000194e-02
-8.702146614189999463e-01 1.804095255129999908e-01
-7.650013050459999464e-01 -3.900743396599999913e-01
-6.459501346389999732e-01 2.888963749600000075e-02
-4.817438073320000069e-01 2.436319992150000058e-01
-3.917440963670000276e-01 2.698717945099999849e-01
-5.162263648889999779e-01 -4.284859541250000126e-01
-3.050397598590000037e-01 9.310561392999999741e-02
-2.096223680189999994e-01 2.343940413910000076e-01
-1.986481942620000052e-01 1.907453772119999946e-01
-2.407496124200000087e-01 -3.870612915200000170e-01
-9.628299191200000162e-02 5.524341663400000185e-02
-5.893146480099999834e-02 1.902730778249999977e-01
-6.314372578799999636e-02 1.625832801500000091e-01
-2.706732024569999950e-01 1.213575106989999985e-01
-4.576762357809999737e-01 2.392680901589999964e-01
-4.107427711300000173e-01 3.410024013949999877e-01
-2.792558151780000220e-01 3.926384281499999962e-01
-8.547032203640000381e-01 -4.558748760670000011e-01
-1.000000000000000000e+00 -2.515422874029999978e-01
-9.499593916299999830e-01 -5.175169243299999888e-02
-8.353016350859999717e-01 7.833363999900000429e-02
-5.349169291609999766e-01 -5.960259435920000071e-01
-5.404743672009999500e-01 -1.600787122179999911e-01
-4.612769177389999808e-01 8.367730028200000281e-02
-4.186810727379999819e-01 1.080390310540000065e-01
-1.983511215029999941e-01 -5.643043963299999577e-01
-7.215955343600000127e-02 8.764261124000000125e-03
-8.336972048099999810e-02 2.218028078859999863e-01
-1.492744721460000090e-01 1.970806797880000072e-01
1.192486495480000047e-01 -4.417808251379999884e-01
1.761212909790000058e-01 1.165402232900000085e-02
1.092891764199999949e-01 1.997254742529999960e-01
1.354166111599999951e-02 2.150318989639999900e-01
-2.890015623269999723e-01 1.670150800540000091e-01
-4.882351678860000210e-01 3.072667775540000035e-01
-4.027770122059999847e-01 3.933898374259999775e-01
-2.328339468889999986e-01 4.241355761610000052e-01
-9.709074751439999984e-01 -4.713924150770000265e-01
-1.000000000000000000e+00 -1.893275345319999914e-01
-8.831707539769999560e-01 -4.413815970000000213e-03
-7.536797999480000509e-01 6.310396060200000601e-02
-6.130188594300000071e-01 -6.601498874640000514e-01
-5.276483926710000549e-01 -1.803895761269999898e-01
-4.329544560399999908e-01 5.611628123199999957e-02
-3.901344914109999840e-01 5.488375537500000262e-02
-2.266919354380000085e-01 -6.606517845160000402e-01
-3.029189386600000117e-02 -3.385128985599999973e-02
-5.081707644999999829e-02 2.152471847190000065e-01
-1.255135629599999914e-01 2.031264214209999863e-01
1.337547226420000013e-01 -5.528769666370000335e-01
2.495601458060000000e-01 -6.383888128499999592e-02
1.858118988480000067e-01 1.555979319889999879e-01
8.991034607200000528e-02 1.884603230770000026e-01
-2.271077485259999917e-01 2.334991528900000057e-01
-4.071136471730000261e-01 3.652992407660000107e-01
-4.297919216900000228e-01 3.807760975069999776e-01
-3.267993433229999800e-01 3.203788528000000024e-01
-8.547034091599999828e-01 -2.281078396590000001e-01
-1.000000000000000000e+00 -2.241634807579999944e-01
-9.140592643289999764e-01 -9.195034315999999971e-03
-7.954875352350000428e-01 1.415194609379999968e-01
-6.590186920920000357e-01 -4.302841540440000001e-01
-5.600700746629999616e-01 -8.906785886199999891e-02
-3.565746405990000145e-01 1.462396914840000117e-01
-2.449862159179999888e-01 1.665543708949999979e-01
-4.106291986169999797e-01 -4.840005116009999941e-01
-2.498452458769999940e-01 -2.365098657899999957e-02
-1.415395520549999897e-01 1.452538479740000110e-01
-1.232287973720000013e-01 9.912602330099999637e-02
-1.584805653249999891e-01 -4.590219355599999829e-01
-2.328750807899999942e-02 -3.751740245199999824e-02
2.407697077399999913e-02 1.217826965850000026e-01
1.854541367099999880e-02 9.469553816999999596e-02
-2.721749515460000213e-01 1.683218096740000114e-01
-4.626500023039999965e-01 3.039454820809999736e-01
-3.936723507379999987e-01 3.792953358489999927e-01
-2.575521273420000035e-01 4.086369630910000050e-01
-9.323442203680000206e-01 -4.362982734320000056e-01
-1.000000000000000000e+00 -2.191533971409999892e-01
-8.956730283299999540e-01 -6.184740254800000225e-02
-7.491101945370000070e-01 2.110620660400000168e-02
-6.001222577910000355e-01 -6.254626107049999773e-01
-5.144463913329999638e-01 -1.976292338429999906e-01
-4.179520041140000197e-01 1.038827360200000015e-02
-3.728408198709999843e-01 1.587677514399999865e-02
-2.361908935729999937e-01 -6.297467274610000221e-01
-5.825899083999999672e-02 -5.205343765099999798e-02
-7.469223299199999333e-02 1.704700537140000083e-01
-1.459757214790000091e-01 1.713484177240000017e-01
1.045836968589999999e-01 -5.282400133900000405e-01
2.107682268820000038e-01 -7.816372355799999783e-02
1.485935098249999975e-01 1.204535181860000026e-01
4.971024418400000339e-02 1.580732592619999988e-01
-3.208099647289999745e-01 1.981495795040000008e-01
-5.165700286309999889e-01 3.519196446210000051e-01
-3.732668579849999779e-01 4.381679370989999822e-01
-1.621695605150000052e-01 4.622502327470000005e-01
-9.819287920289999638e-01 -5.064879383100000521e-01
-1.000000000000000000e+00 -2.230179170280000012e-01
-8.462482149259999975e-01 -5.569624623899999821e-02
-6.802547093270000511e-01 1.727464122199999855e-02
-5.825353201830000271e-01 -7.092645846130000153e-01
-4.294211208729999951e-01 -2.048151481369999971e-01
-3.154625903520000274e-01 1.373219034000000040e-03
-2.880827779460000126e-01 -1.530261226999999951e-03
-1.647062396990000011e-01 -6.977980117959999840e-01
4.791882626599999750e-02 -2.210029576700000067e-02
2.251528968699999939e-02 2.297585446279999943e-01
-7.788258746399999433e-02 2.410389933640000037e-01
2.172606265220000110e-01 -5.637498979830000145e-01
3.453606172520000128e-01 -5.190396809899999742e-02
2.652892253729999816e-01 1.732308333739999984e-01
1.376734711510000098e-01 2.295718666069999914e-01
-2.495020630500000003e-01 2.127813674880000006e-01
-4.120555715420000098e-01 3.784738110020000046e-01
-3.009529473620000117e-01 4.134092270649999956e-01
-1.786540444020000007e-01 3.216303484449999917e-01
-1.000000000000000000e+00 -4.968024628150000122e-01
-9.164224305129999859e-01 -2.040231563809999926e-01
-7.328225813180000436e-01 -6.346396475000000426e-02
-5.622302350150000239e-01 -2.320863350000000169e-03
-6.254893643429999539e-01 -7.321646223640000395e-01
-3.889766610989999762e-01 -2.941759610660000246e-01
-2.406257404649999876e-01 -4.817832547300000129e-02
-2.187742096779999867e-01 -1.686245473800000033e-02
-2.256798304419999901e-01 -7.633860583460000404e-01
5.849910971899999895e-02 -1.670978068279999895e-01
4.844267021200000106e-02 1.110247903480000020e-01
-6.874723091199999581e-02 1.441477122840000014e-01
1.443803066250000100e-01 -6.779903703770000511e-01
3.425808029479999739e-01 -1.997795796680000013e-01
2.831213797739999816e-01 5.710363438600000313e-02
1.463643436139999976e-01 1.391437589060000035e-01
-2.464448956449999950e-01 2.131565196659999939e-01
-3.890538952029999886e-01 4.256367775370000217e-01
-2.492969273200000002e-01 4.876243996549999848e-01
-8.773947729799999595e-02 3.486943859530000078e-01
-1.000000000000000000e+00 -4.399053024319999894e-01
-8.165823613279999948e-01 -1.338841480740000089e-01
-5.722019038390000478e-01 1.689998474999999944e-02
-3.749722859110000139e-01 8.339354690500000444e-02
-6.032578457970000363e-01 -6.764420548320000393e-01
-3.261494739169999990e-01 -2.889292150800000236e-01
-1.355130519570000025e-01 -9.788825299999999799e-04
-1.134285835979999962e-01 8.469843839000000540e-02
-2.004307615550000032e-01 -7.187319478129999828e-01
9.299745315599999840e-02 -1.677365984549999967e-01
1.032264713569999992e-01 1.647132433219999914e-01
-1.919859031799999935e-02 2.569001901099999818e-01
1.803184144380000076e-01 -6.466143746660000247e-01
3.896102686069999876e-01 -2.010060546959999972e-01
3.452778045039999744e-01 1.178435377589999999e-01
2.048956295980000064e-01 2.662951235750000145e-01
-2.449783382069999904e-01 1.907641003699999949e-01
-3.856793246429999766e-01 3.925983695949999963e-01
-2.668271243940000259e-01 4.739206355539999915e-01
-1.442937578579999991e-01 3.499933577570000232e-01
-1.000000000000000000e+00 -4.784342289160000150e-01
-9.054134530920000534e-01 -2.283042379530000054e-01
-6.601133575750000038e-01 -2.382327492399999996e-02
-4.500936227899999809e-01 1.067290717580000048e-01
-5.827251177290000417e-01 -7.091023981270000442e-01
-3.540784128119999763e-01 -3.819103696269999793e-01
-1.597357852219999930e-01 -4.499682536199999666e-02
-1.311957602790000121e-01 8.956329400699999943e-02
-1.568675486289999865e-01 -7.422483511830000324e-01
1.039278132169999952e-01 -2.256426938109999947e-01
1.233308397559999964e-01 1.582912615869999928e-01
1.456545336700000061e-02 2.909156849360000074e-01
2.418322891799999930e-01 -6.595665216820000287e-01
4.438213251859999819e-01 -2.157117579820000131e-01
3.943040369179999782e-01 1.403769056040000129e-01
2.481534817730000064e-01 3.116346332089999782e-01
-2.080879386289999911e-01 2.315439085259999863e-01
-3.833527202979999937e-01 3.565426527050000183e-01
-3.812366801070000144e-01 3.325625868429999965e-01
-2.485396439760000076e-01 2.150972398580000000e-01
-9.190118486889999883e-01 -2.750680436580000277e-01
-1.000000000000000000e+00 -2.557600687359999903e-01
-8.162088125290000162e-01 -7.400957219499999795e-02
-6.469911183969999646e-01 2.195459038599999885e-02
-7.003908114960000209e-01 -5.079387543740000455e-01
-6.367606544949999670e-01 -3.366085145100000120e-01
-4.191853339909999976e-01 -5.859704482400000108e-02
-2.965820410750000247e-01 2.475539882899999850e-02
-4.289842322749999881e-01 -5.897385664600000021e-01
-2.624157744510000057e-01 -2.707196269320000237e-01
-1.309073637990000039e-01 2.910447077000000160e-03
-8.795952310500000648e-02 5.983954320399999943e-02
-1.466654785510000114e-01 -5.698861112309999699e-01
1.210917212300000045e-02 -2.391690352539999898e-01
8.179238636100000237e-02 3.589027225999999807e-03
9.223470180699999688e-02 6.471234710100000342e-02
-3.619941369110000196e-01 2.202564703029999960e-01
-5.520455217009999638e-01 4.312136545490000139e-01
-3.044684291900000006e-01 5.204929801090000252e-01
1.024765482599999944e-02 3.638550730680000234e-01
-1.000000000000000000e+00 -6.384506829849999621e-01
-9.242881716899999933e-01 -2.668621438409999880e-01
-6.891064490299999568e-01 -2.839736099699999988e-02
-4.631494670869999997e-01 1.431082954990000045e-01
-4.502053062060000221e-01 -8.446813493200000522e-01
-1.812942689589999989e-01 -3.186199058129999817e-01
-1.172924347499999971e-02 2.141498827300000046e-02
1.231150634299999977e-02 1.505375724459999953e-01
5.827018026999999933e-02 -8.072245224749999837e-01
3.434296496740000260e-01 -8.015953683800000618e-02
2.907702323779999820e-01 3.443869687880000141e-01
1.236576014789999983e-01 4.741333797610000067e-01
5.099678645830000301e-01 -6.532305228839999645e-01
7.177154305180000193e-01 -1.110654466410000013e-01
6.042343715329999698e-01 3.020083103339999964e-01
4.038976914240000049e-01 5.102840692440000492e-01
-3.760547970609999791e-01 1.426009733970000082e-01
-5.904986319299999620e-01 2.484075375060000035e-01
-3.548025654849999988e-01 2.463105649569999889e-01
-1.347473693100000036e-02 4.571582558500000143e-02
-1.000000000000000000e+00 -7.779448952440000120e-01
-9.082706425690000307e-01 -3.936517125549999774e-01
-6.319566716869999823e-01 -1.434800863069999877e-01
-3.781750041609999724e-01 3.006898381699999942e-02
-4.631719874690000127e-01 -9.337429852559999688e-01
-1.819902694999999959e-01 -4.056651699200000127e-01
-2.412050437000000207e-03 -8.389616500700000645e-02
3.043042223599999943e-02 1.768192789500000126e-02
1.917360780799999900e-02 -8.673668662919999939e-01
2.696583576359999901e-01 -1.503703250919999901e-01
2.221932091920000019e-01 1.991511571510000134e-01
7.354213232999999572e-02 2.457926733209999937e-01
4.383398978179999794e-01 -7.013106132719999497e-01
5.820879414740000035e-01 -1.356475453190000013e-01
4.437835143469999744e-01 2.276654889070000021e-01
2.323286850840000084e-01 3.624104696189999752e-01
-2.112347600160000005e-01 2.434345414519999973e-01
-3.831068940319999894e-01 3.725351427110000224e-01
-3.769239376460000179e-01 3.666660532780000037e-01
-2.546302424690000121e-01 2.613136051750000188e-01
-9.478531203569999786e-01 -2.345267301860000098e-01
-1.000000000000000000e+00 -1.695224354769999942e-01
-7.829745801899999913e-01 1.849010258000000073e-02
-6.119881742649999623e-01 1.000950653290000048e-01
-7.274593071120000198e-01 -4.629092365029999767e-01
-6.426146141199999828e-01 -2.605756839330000130e-01
-4.089822934519999897e-01 1.568867306800000166e-02
-3.038799001090000118e-01 8.325910837399999598e-02
-4.541087929639999743e-01 -5.437152854250000278e-01
-2.807033112890000015e-01 -1.877516500649999975e-01
-1.233840674899999990e-01 8.601468214700000448e-02
-8.309156426500000081e-02 1.226226989769999970e-01
-1.728397791559999896e-01 -5.288097215350000546e-01
1.839942989999999957e-03 -1.539488469580000130e-01
9.318494673299999864e-02 9.518115539799999747e-02
1.063226902509999960e-01 1.394105741849999969e-01
-4.854077541319999911e-01 1.488535179300000122e-01
-6.928419292040000066e-01 2.436455551349999971e-01
-3.019164183859999739e-01 2.707248537140000133e-01
1.670134124819999955e-01 1.000363245569999976e-01
-9.040460788609999687e-01 -8.840185123489999741e-01
-6.760889681880000168e-01 -4.058183282799999736e-01
-4.173810809910000197e-01 -3.468901097499999669e-02
-2.351409662579999893e-01 2.167168246689999966e-01
-2.720911338590000228e-01 -1.000000000000000000e+00
8.765146995299999411e-02 -4.214446633960000077e-01
2.318909535539999955e-01 -1.626135612899999930e-02
2.341384335770000102e-01 1.495690928839999989e-01
2.672221375280000033e-01 -8.852757560870000431e-01
5.181209350530000535e-01 -1.952461882740000043e-01
3.948821898629999994e-01 2.510456014349999876e-01
1.742058002599999877e-01 3.861846228549999926e-01
7.224246735970000222e-01 -6.684960692310000230e-01
8.715386743609999654e-01 -1.367640277720000019e-01
6.514899028399999681e-01 3.053679414139999770e-01
3.496335862250000148e-01 5.115453746420000058e-01
-3.859251885459999976e-01 1.405495352639999918e-01
-5.682340100110000458e-01 2.290581471560000082e-01
-2.188230269410000040e-01 2.633491629999999972e-01
1.745316143660000097e-01 1.155638352170000049e-01
-8.576768320650000055e-01 -8.465774589100000247e-01
-6.763436903599999717e-01 -3.650105240600000078e-01
-4.677548212150000051e-01 -9.098106824099999601e-02
-3.189108317029999973e-01 -1.558991679200000084e-02
-3.368404978530000204e-01 -1.000000000000000000e+00
1.142606119299999917e-02 -3.776948956139999924e-01
1.460708304580000116e-01 -3.313290407299999962e-02
1.491115422039999971e-01 -2.965600230699999909e-02
1.236218550130000066e-01 -9.174237434730000418e-01
3.704738601979999935e-01 -1.537837693040000064e-01
2.437445656699999963e-01 1.805685526780000105e-01
5.551868062100000223e-02 1.472864735430000072e-01
5.103900163279999624e-01 -7.243379594709999925e-01
6.441898879840000092e-01 -1.406255664240000092e-01
4.718528045290000250e-01 1.683041169429999873e-01
2.483645012969999954e-01 2.163651138240000049e-01
-2.080511519630000028e-01 2.401743463980000048e-01
-3.775604207909999954e-01 3.772954143850000275e-01
-3.780136762049999821e-01 3.693766838099999950e-01
-2.588222291210000026e-01 2.571810190850000177e-01
-9.415981812660000339e-01 -2.500653404789999756e-01
-1.000000000000000000e+00 -1.979798672480000132e-01
-7.886850966730000190e-01 -1.141743990600000043e-02
-6.128617136620000405e-01 7.776818640900000357e-02
-7.271588353050000286e-01 -4.876721072690000103e-01
-6.371643555899999534e-01 -2.621271855219999836e-01
-4.054517686110000185e-01 7.725498287000000068e-03
-2.968454791749999822e-01 7.192793015800000300e-02
-4.595217032289999892e-01 -5.756095333280000226e-01
-2.773846522990000008e-01 -2.019513932289999925e-01
-1.291795035730000096e-01 5.738307252400000336e-02
-9.588025488800000495e-02 8.933311654799999668e-02
-1.810751658729999880e-01 -5.647530472020000358e-01
-9.581361280999999355e-03 -1.920541514519999993e-01
7.093945551899999424e-02 4.028513885999999988e-02
7.773821234699999916e-02 7.959563726399999928e-02
-4.071792903259999763e-01 1.052481297650000036e-01
-6.075555697029999536e-01 1.754240549230000057e-01
-2.900864177729999827e-01 2.105942741200000079e-01
1.220328919319999955e-01 8.535778634500000572e-02
-8.672763741450000285e-01 -8.862684080699999578e-01
-7.079727252599999909e-01 -3.925421297280000110e-01
-5.010186478799999454e-01 -1.043114758700000033e-01
-3.510802773109999997e-01 2.305202305600000112e-02
-3.381705056759999883e-01 -1.000000000000000000e+00
-1.302575031300000005e-02 -3.873325439640000201e-01
1.168131160120000067e-01 -5.564738951800000250e-02
1.146216022270000051e-01 -5.445955349999999622e-04
1.227625911189999947e-01 -8.897587990159999682e-01
3.483957490869999951e-01 -1.423338881189999960e-01
2.228389542549999991e-01 1.816251323280000107e-01
3.495769667200000069e-02 1.766752379529999972e-01
5.097164184729999770e-01 -6.711443471269999961e-01
6.107896309600000517e-01 -1.146587910419999967e-01
4.166702122109999795e-01 2.019548080249999877e-01
1.798105492479999956e-01 2.806835304290000166e-01
-4.064271222529999839e-01 1.488012371119999955e-01
-6.079629547210000373e-01 2.735516565730000127e-01
-2.367699744070000112e-01 3.544859632830000273e-01
2.602080323729999978e-01 2.787611489660000164e-01
-9.601921268430000378e-01 -8.167631176630000267e-01
-6.932425878560000143e-01 -3.344870880560000259e-01
-4.440584794469999985e-01 -1.099938137489999967e-01
-2.540811255639999766e-01 -1.865294305799999885e-02
-3.795084788670000098e-01 -1.000000000000000000e+00
4.148226659899999919e-02 -3.541999397589999932e-01
1.835038146250000113e-01 3.160853212700000248e-02
1.706237854490000039e-01 9.721798132299999673e-02
1.279071439059999982e-01 -9.377303671069999735e-01
4.284393178720000139e-01 -1.744236315459999909e-01
3.236513162770000007e-01 2.026899322129999959e-01
1.400963233380000117e-01 2.296623990849999963e-01
5.571352978679999790e-01 -7.484869907600000261e-01
7.209737588650000362e-01 -1.514475585010000014e-01
5.513949310929999736e-01 2.107358533079999874e-01
3.233142294460000232e-01 3.164137825389999881e-01
-3.567023044259999831e-01 1.788503046269999952e-01
-5.318395685429999631e-01 3.262405800509999843e-01
-2.401342709919999929e-01 3.701730417410000196e-01
1.038602910319999933e-01 2.053312297540000053e-01
-9.552371841140000486e-01 -7.923969050539999559e-01
-7.821457623519999514e-01 -3.152236451220000180e-01
-5.716124267800000158e-01 -9.743575972199999824e-02
-4.048359935770000084e-01 -3.631627532299999683e-02
-4.252104977539999942e-01 -1.000000000000000000e+00
-1.186044768189999932e-01 -3.926933082690000076e-01
2.252753953999999878e-02 -4.419663986800000111e-02
2.867379421900000114e-02 -2.064349373099999899e-02
5.583670409500000181e-02 -9.579184639400000201e-01
3.257490363259999966e-01 -1.885523908629999912e-01
2.137541610020000094e-01 1.628482234270000051e-01
2.403853577500000144e-02 1.600610933019999960e-01
4.761953195370000058e-01 -7.856991322740000117e-01
6.441581488509999787e-01 -1.844141588759999895e-01
4.847352903330000018e-01 1.472080025510000001e-01
2.632578618459999742e-01 2.277575065880000083e-01
-2.037128025249999863e-01 2.275262158889999886e-01
-3.451946531769999882e-01 3.467189934250000105e-01
-3.428476357190000101e-01 3.615278877009999725e-01
-3.030422697190000014e-01 2.933291993350000126e-01
-9.761375077949999701e-01 -2.372978364689999897e-01
-1.000000000000000000e+00 -1.309263775910000094e-01
-7.327269683060000371e-01 7.116666665399999647e-02
-5.425582819059999728e-01 1.554913938649999938e-01
-7.752178157289999483e-01 -4.384830395820000226e-01
-7.120609410470000178e-01 -1.619265926139999978e-01
-4.710717808959999919e-01 9.872243943300000601e-02
-3.671465930169999781e-01 1.565584476930000080e-01
-5.119925750839999790e-01 -5.116978672149999907e-01
-3.047843728590000079e-01 -4.855212333299999822e-02
-1.258495746849999930e-01 1.785598577510000007e-01
-8.549792283800000670e-02 1.615020254220000118e-01
-2.326943664929999878e-01 -4.973489990070000255e-01
-3.149851788900000227e-02 -6.134267965600000150e-02
6.550694489099999351e-02 1.563175152050000072e-01
7.651790403100000582e-02 1.614010498179999920e-01
-4.601586161840000022e-01 1.144976937219999991e-01
-6.583829939730000413e-01 2.023652759809999868e-01
-3.155148411989999735e-01 2.406553621349999950e-01
9.670441449899999653e-02 7.993184774200000342e-02
-9.032468014490000474e-01 -8.920339748079999520e-01
-6.731657343169999974e-01 -3.841592789900000193e-01
-4.913496846689999753e-01 -8.151568764899999597e-02
-3.541234309210000153e-01 5.702316198799999708e-02
-2.945355881419999822e-01 -1.000000000000000000e+00
9.477943803999999348e-03 -4.614279396820000212e-01
6.071128320000000050e-02 -1.147446629840000037e-01
2.804871885000000120e-02 -3.667282447999999778e-02
2.051512440459999920e-01 -8.789815437969999978e-01
4.420222068290000084e-01 -1.908991475340000021e-01
2.635330887799999799e-01 1.736675885210000048e-01
6.352832764400000165e-02 2.236398132740000100e-01
6.137235400760000514e-01 -6.421584269110000021e-01
7.316348274499999693e-01 -1.116392531960000017e-01
5.151487966350000169e-01 2.452059994530000064e-01
2.680660184249999967e-01 3.767818638720000224e-01
-3.745154421620000007e-01 1.198047162229999990e-01
-5.697801178500000452e-01 1.921192606350000109e-01
-2.135028716100000057e-01 2.577625021139999806e-01
2.789989069580000036e-01 2.117591329830000035e-01
-8.097506101839999637e-01 -8.509877396389999848e-01
-5.902602486039999485e-01 -3.847754395399999860e-01
-4.248184137639999802e-01 -1.457412321780000020e-01
-3.192772241280000256e-01 -9.077406859200000400e-02
-2.875963470869999927e-01 -1.000000000000000000e+00
4.698221722999999794e-02 -4.042072716299999757e-01
9.113502466700000582e-02 -1.174331195729999971e-01
4.292937707999999741e-02 -1.323643681849999976e-01
1.689302464059999898e-01 -9.089970248369999561e-01
4.333391364520000066e-01 -1.477615273139999963e-01
2.675390446609999806e-01 1.466359921479999939e-01
6.451843300000000003e-02 9.135489955099999893e-02
5.400787376319999833e-01 -6.972874104189999978e-01
6.689010231859999767e-01 -1.076100690239999991e-01
4.844523646459999999e-01 1.816066874349999971e-01
2.630781175599999910e-01 2.205426051190000070e-01
-3.606745377919999829e-01 1.625929795549999890e-01
-5.540606298610000202e-01 3.059918005280000131e-01
-2.242401676059999904e-01 3.654438819499999935e-01
1.499401424100000046e-01 2.850748072109999809e-01
-1.000000000000000000e+00 -7.364887006079999798e-01
-8.987109768250000075e-01 -2.886252192529999983e-01
-7.374654223640000339e-01 -1.663505783170000085e-01
-5.631008880019999774e-01 -1.809807188299999980e-01
-5.283532782019999541e-01 -9.653604162379999520e-01
-2.041017935820000073e-01 -3.622809189239999950e-01
-9.217827995800000063e-02 -5.838823836100000275e-02
-6.384371751400000350e-02 -4.883663507799999859e-02
-5.284673239300000103e-02 -9.324919341649999804e-01
2.396955526329999919e-01 -1.156239800729999961e-01
1.252081991220000134e-01 1.793274935789999913e-01
-2.413851149099999899e-02 1.190427251190000063e-01
3.759932211750000031e-01 -7.640589815610000501e-01
5.236546380159999847e-01 -1.480757902810000137e-01
3.841584355639999782e-01 1.099590157739999963e-01
2.125086710870000006e-01 1.315721039340000120e-01
-4.742343294949999954e-01 1.837300148869999983e-01
-6.155268756399999708e-01 3.236633232330000109e-01
-2.703541824490000023e-01 4.123005391810000142e-01
6.583689932300000602e-02 3.520346243470000025e-01
-1.000000000000000000e+00 -6.533861833759999627e-01
-9.867081879579999715e-01 -4.166732957570000173e-01
-8.766987153509999686e-01 -2.428555846480000002e-01
-6.788825659110000466e-01 -1.799836674799999980e-01
-5.185050380910000145e-01 -8.218634854969999459e-01
-3.570945405220000146e-01 -5.781546334260000419e-01
-2.944935575339999723e-01 -1.785521026820000023e-01
-2.193195718029999908e-01 -2.404187701399999877e-02
-6.269062173700000462e-02 -7.555670282769999524e-01
1.724325587899999956e-01 -2.788616856059999982e-01
4.744279449399999710e-02 1.270454017069999886e-01
-5.753310128499999898e-02 2.204026712770000007e-01
3.549306781289999768e-01 -5.521892405680000060e-01
4.817780036920000231e-01 -5.495163277899999671e-02
3.378895448829999926e-01 2.965410170030000070e-01
1.968687825730000007e-01 4.012762476119999810e-01
-4.086907688220000057e-01 1.740571753740000061e-01
-5.688043919340000087e-01 2.944786443590000080e-01
-3.041429524279999907e-01 3.620611680420000034e-01
-4.116925459299999868e-02 2.938313284479999732e-01
-1.000000000000000000e+00 -5.084561529529999513e-01
-9.551302514539999899e-01 -2.927474311189999789e-01
-8.367797456069999695e-01 -1.813416482809999952e-01
-6.638576819210000313e-01 -1.517120428369999885e-01
-5.564635039390000149e-01 -6.778469446299999479e-01
-3.643764488580000238e-01 -4.181912655730000150e-01
-2.736005373309999822e-01 -1.384923015210000052e-01
-2.268557275660000039e-01 -8.815334455899999366e-02
-1.430871343750000080e-01 -6.423500767280000412e-01
1.095454609059999945e-01 -1.781288568190000088e-01
3.391444683400000187e-02 1.516216480950000056e-01
-6.894441516299999739e-02 1.891211933230000086e-01
2.285669774669999987e-01 -5.028505594869999706e-01
3.682296530199999918e-01 -7.938617398899999733e-02
2.606220352340000157e-01 2.092464772640000026e-01
1.315324660789999878e-01 2.798165052029999988e-01
-4.872536601160000203e-01 1.844833940230000136e-01
-6.901785801449999980e-01 3.295041026819999774e-01
-3.779332181360000043e-01 4.493836825049999928e-01
-2.838949198999999972e-03 4.397993688560000169e-01
-9.611237752160000092e-01 -5.095922456629999875e-01
-1.000000000000000000e+00 -3.172851400430000135e-01
-8.886078786459999934e-01 -1.742919762189999999e-01
-7.195469640320000249e-01 -1.249536282250000019e-01
-4.552420850700000243e-01 -6.485339807479999497e-01
-4.172481443150000135e-01 -4.160414612480000107e-01
-3.441985655659999810e-01 -1.632320028700000036e-01
-2.630176554429999869e-01 -8.823145373099999800e-02
-6.988917958999999944e-03 -5.665258022319999975e-01
1.051917269499999946e-01 -7.723066541100000182e-02
2.779011646599999913e-02 2.562531728060000180e-01
-2.833162896699999850e-02 3.247595379420000206e-01
3.870836099369999728e-01 -3.727064276159999801e-01
4.217948154730000176e-01 4.424660509799999836e-02
2.883527118540000211e-01 3.391186190000000100e-01
1.787450902870000025e-01 4.333265402750000050e-01
