-2.935934963490000049e-01 2.245796492190000049e-01
-5.038805035150000222e-01 3.291362119380000228e-01
-4.260324133180000139e-01 3.008178058600000093e-01
-2.558501698890000009e-01 1.773312674199999939e-01
-7.653901252739999661e-01 -2.973467220189999760e-01
-9.558542243369999580e-01 -4.029843911730000006e-01
-1.000000000000000000e+00 -4.744743130890000105e-01
-9.297458100069999620e-01 -4.854709280230000146e-01
-4.906285029229999761e-01 -5.036052780949999974e-01
-4.801157186939999932e-01 -5.067250560070000187e-01
-4.552226845530000232e-01 -4.405495604499999884e-01
-4.398161029930000021e-01 -4.491011051950000166e-01
-1.962727704910000037e-01 -5.381396288030000363e-01
-7.818945875499999643e-02 -2.000349795449999912e-01
-1.475654236739999958e-01 5.220911725900000133e-02
-2.396315063939999934e-01 1.224249887509999968e-01
8.260101536099999364e-02 -4.773586945630000078e-01
1.772480320029999890e-01 -1.287697217060000121e-01
1.113753480069999968e-01 1.001541484949999977e-01
6.996862971000000417e-03 1.807093374719999923e-01
-3.123769553280000277e-01 2.750177336379999726e-01
-5.062304070569999537e-01 3.995728226129999783e-01
-4.381862901299999891e-01 3.743001576030000055e-01
-3.026507243520000223e-01 2.099822200860000099e-01
-7.574952302630000300e-01 -2.757084034639999959e-01
-9.161960834610000104e-01 -3.416106010459999953e-01
-1.000000000000000000e+00 -3.706083216209999920e-01
-9.591904867049999561e-01 -3.961683112289999809e-01
-4.945569466279999826e-01 -4.824065951279999931e-01
-3.959642834950000134e-01 -5.169881804399999448e-01
-3.773745390580000025e-01 -3.852551825850000222e-01
-3.720378379309999817e-01 -3.855400281090000103e-01
-1.998739639129999968e-01 -5.036725818459999449e-01
-1.757464654999999973e-02 -1.916457543060000046e-01
-1.333736485739999977e-01 1.347810184959999935e-01
-2.663679162959999847e-01 2.289374625660000051e-01
8.434038800500000266e-02 -4.223959152799999783e-01
1.966071237329999888e-01 -1.027127177119999957e-01
1.049331410449999974e-01 1.766114141819999928e-01
-9.495181343000000038e-03 2.833565925500000082e-01
-2.143328539719999981e-01 2.852394376899999862e-01
-3.505159994679999946e-01 4.100936971410000242e-01
-3.391808627230000206e-01 3.983865593070000100e-01
-3.371827506030000143e-01 2.469035597310000052e-01
-7.066063558630000241e-01 -1.912437836160000015e-01
-8.795464864099999946e-01 -3.211317144870000084e-01
-1.000000000000000000e+00 -3.682858934800000150e-01
-9.899495509419999895e-01 -3.964059322519999928e-01
-5.365084352769999843e-01 -4.115994399710000140e-01
-4.687231468049999905e-01 -5.459394738010000525e-01
-4.494081474489999839e-01 -3.990003104229999931e-01
-4.414679007569999869e-01 -3.557222408760000176e-01
-3.061116214440000038e-01 -4.611351354780000023e-01
-8.525067205599999587e-02 -2.560272158840000145e-01
-1.821267160389999917e-01 9.826175648899999893e-02
-3.176635898869999974e-01 2.587450031360000180e-01
-4.492394630299999941e-02 -4.089723723309999781e-01
1.093707699550000023e-01 -1.511140393669999915e-01
5.477851195300000031e-02 1.402707650979999887e-01
-4.947580704800000340e-02 2.895230251700000035e-01
-3.365120119419999778e-01 1.390772489090000008e-01
-5.866885311749999721e-01 1.964536742540000103e-01
-4.831221071790000043e-01 1.495681514539999868e-01
-1.846344804739999956e-01 9.713186626200000229e-02
-8.624515451509999764e-01 -6.144130831449999830e-01
-1.000000000000000000e+00 -5.771723217840000197e-01
-9.773265522659999593e-01 -5.777013998100000158e-01
-8.680515538490000127e-01 -5.463354191599999465e-01
-5.355086663910000322e-01 -8.179575061930000057e-01
-5.720040177309999585e-01 -5.812214715179999658e-01
-5.788519726340000116e-01 -4.700848667379999846e-01
-5.613746499199999684e-01 -4.540141816570000266e-01
-1.978585530920000113e-01 -8.046869054070000526e-01
-1.302045992210000003e-01 -2.904604785589999794e-01
-1.725600213360000135e-01 -6.778314548300000408e-02
-2.178160989379999968e-01 -3.381350615200000298e-02
1.121055418720000030e-01 -6.492828266610000121e-01
1.400657726010000048e-01 -1.957581501039999949e-01
7.502642991800000105e-02 3.779574166500000026e-02
4.626354832999999764e-03 1.107192902899999942e-01
-1.463185413370000076e-01 2.959622013150000064e-01
-2.922489384729999862e-01 3.797571392890000119e-01
-3.515519940049999792e-01 3.493954708179999868e-01
-4.270278911000000011e-01 2.865438348179999983e-01
-5.136003663310000356e-01 -4.398343185399999911e-02
-7.241453667470000299e-01 -1.673256181830000133e-01
-9.065856298390000401e-01 -2.492470235619999863e-01
-1.000000000000000000e+00 -3.374109566230000246e-01
-3.931623511780000246e-01 -2.407255848809999876e-01
-4.059842644239999854e-01 -3.777205062030000171e-01
-4.723043876449999900e-01 -3.645448339019999873e-01
-5.253066355840000368e-01 -3.859624510870000025e-01
-2.164494213639999998e-01 -3.058868537169999735e-01
-1.153419365579999994e-01 -2.032282074760000112e-01
-2.430956623099999880e-01 4.109732744999999854e-02
-3.807488968450000177e-01 1.786372491880000024e-01
-2.050203979700000040e-02 -3.038931812510000108e-01
7.226875364199999985e-02 -1.646138539670000123e-01
1.707418200000000025e-02 7.037424027999999998e-02
-7.843143784900000193e-02 2.380510365500000114e-01
-4.131265615249999912e-01 1.747999905350000049e-01
-6.404180879480000366e-01 2.513306298090000057e-01
-4.493615449219999780e-01 2.447989768899999918e-01
-1.447013561649999891e-01 1.516046494870000039e-01
-8.061066637089999709e-01 -4.412711920679999733e-01
-9.647519960329999922e-01 -4.692109744910000213e-01
-1.000000000000000000e+00 -5.338374657319999717e-01
-9.152682839310000151e-01 -5.427745830100000335e-01
-4.292945525229999726e-01 -6.305791974619999740e-01
-3.933082123609999980e-01 -4.708546157579999725e-01
-3.907161772800000210e-01 -4.250686770980000029e-01
-3.717905067730000179e-01 -4.711327500579999827e-01
-5.898274896300000070e-02 -6.046719145460000000e-01
2.615610274299999885e-02 -8.564682206399999720e-02
-1.029028038060000039e-01 1.336440608530000129e-01
-2.096746764640000094e-01 1.345621689319999870e-01
2.702402303340000200e-01 -4.784532448300000129e-01
3.011292958949999821e-01 -5.493735179400000002e-02
1.693311638270000030e-01 1.375045649340000120e-01
4.701008276600000119e-02 1.633093354940000075e-01
-3.409720659759999939e-01 1.753090651560000046e-01
-5.568717973760000106e-01 2.742262737969999864e-01
-4.201143561630000245e-01 2.760332749959999998e-01
-1.871820864940000051e-01 1.887863243729999974e-01
-7.451796103819999795e-01 -3.863864355109999926e-01
-9.423400514519999494e-01 -4.463542114960000196e-01
-1.000000000000000000e+00 -4.854999479039999732e-01
-9.153273130160000104e-01 -4.935355664650000196e-01
-4.257487771699999812e-01 -5.975921583190000330e-01
-3.483945289309999804e-01 -3.639615003039999852e-01
-2.999784737000000256e-01 -2.171552365030000042e-01
-2.612037010470000253e-01 -2.653583776649999781e-01
-9.197384428700000614e-02 -5.919552205979999870e-01
4.095785492699999947e-02 -7.155095567199999673e-02
-6.047858519000000321e-02 1.477950810310000029e-01
-1.653642667780000075e-01 9.191570817600000498e-02
2.019640106430000137e-01 -4.938851381450000133e-01
2.711800422510000086e-01 -5.808904841499999694e-02
1.594738119890000139e-01 1.304596980849999921e-01
5.481606086799999805e-02 1.135322746019999940e-01
-3.770740173470000234e-01 1.555881604790000095e-01
-6.096012226610000306e-01 2.633087417180000056e-01
-4.809312701680000246e-01 2.734798657709999747e-01
-2.313401071570000134e-01 1.961411933620000048e-01
-7.554008645149999923e-01 -4.893169895139999892e-01
-9.866226895930000351e-01 -4.715893427760000089e-01
-1.000000000000000000e+00 -4.400630220889999999e-01
-8.804519964179999825e-01 -4.256300768549999836e-01
-4.116054012049999988e-01 -6.265044738560000548e-01
-4.480196961049999760e-01 -3.175143199880000044e-01
-3.572391164340000258e-01 -1.624630117529999862e-01
-2.773785478729999809e-01 -2.363948983849999963e-01
-6.833509287000000265e-02 -5.577572705069999692e-01
-4.717665476999999621e-03 2.818945664100000123e-02
-7.452626499400000215e-02 2.321760253830000009e-01
-1.516934938570000113e-01 1.399466429969999925e-01
2.287289975110000095e-01 -4.175330356170000035e-01
2.582916610870000240e-01 6.170317814799999856e-02
1.507582361429999906e-01 2.426011722059999987e-01
5.918372620199999906e-02 1.931890297780000099e-01
-3.592674958950000108e-01 1.375413725649999863e-01
-5.780475207040000063e-01 2.265042258899999938e-01
-4.355720178079999783e-01 2.251274956800000115e-01
-1.857409790250000026e-01 1.422403042539999996e-01
-7.472130283190000499e-01 -4.879790850060000129e-01
-9.681227330310000490e-01 -4.927050405730000193e-01
-1.000000000000000000e+00 -5.132523608700000350e-01
-8.927747076340000199e-01 -4.868770562320000050e-01
-3.793692940980000206e-01 -6.677404319359999674e-01
-4.248788264200000220e-01 -3.694954964339999814e-01
-3.737955986620000171e-01 -2.368940391280000002e-01
-3.020935654249999880e-01 -2.694917775510000113e-01
-2.393538731299999986e-02 -6.279954976730000027e-01
-9.800742289000000454e-03 -4.577522579800000213e-02
-9.486959532800000316e-02 1.529474621109999932e-01
-1.515396585740000079e-01 1.012835102280000010e-01
2.771240809200000155e-01 -4.942714337779999800e-01
2.635705732290000158e-01 -2.437578561400000066e-02
1.521254238489999910e-01 1.434090249830000108e-01
7.266034787300000575e-02 1.190855516469999931e-01
-3.827433553460000137e-01 1.150433389679999946e-01
-6.077398700909999452e-01 1.702139844649999956e-01
-4.096126359760000057e-01 1.525531349020000094e-01
-1.171629995930000001e-01 6.576192735199999639e-02
-8.075640508539999596e-01 -5.643538676849999547e-01
-9.667454289029999703e-01 -5.545482907369999603e-01
-1.000000000000000000e+00 -6.038703072569999719e-01
-9.116976978370000539e-01 -5.823497077120000087e-01
-3.925511317259999799e-01 -7.383639031869999592e-01
-3.769459900630000027e-01 -4.107026238889999736e-01
-3.248258726330000012e-01 -2.323349207600000077e-01
-2.724112004570000134e-01 -2.251884575139999900e-01
5.804809519999999624e-04 -6.808259917410000028e-01
3.069942286900000095e-02 -1.073459179209999975e-01
-5.891856280300000054e-02 9.029185790400000300e-02
-1.240157540259999996e-01 4.013363412499999783e-02
3.255064277560000274e-01 -5.303627405330000322e-01
3.112579974740000144e-01 -8.957898804500000201e-02
2.075118735510000090e-01 6.699682401999999815e-02
1.294014024930000006e-01 4.436593410899999923e-02
-3.536464416869999905e-01 1.067964828580000025e-01
-5.742747761259999750e-01 1.743704028159999975e-01
-4.131965819050000266e-01 1.848090195569999927e-01
-1.370149937909999893e-01 1.138133543259999964e-01
-8.325822626300000140e-01 -5.970686539130000137e-01
-1.000000000000000000e+00 -5.259807490450000289e-01
-9.968153484130000130e-01 -5.496851027560000214e-01
-8.641999058199999473e-01 -5.370924191839999695e-01
-4.400217100209999899e-01 -7.739206482620000216e-01
-3.965766762949999857e-01 -3.716450914700000219e-01
-3.115805631849999924e-01 -2.015973734890000035e-01
-2.400285827779999881e-01 -2.453243875680000130e-01
-5.562740710900000024e-02 -7.133374569879999960e-01
1.086799965299999927e-02 -7.279211849300000481e-02
-4.713922299000000010e-02 1.069979796069999989e-01
-9.781939577600000379e-02 7.018104617999999968e-03
2.709573060370000230e-01 -5.560153561730000193e-01
2.760824428340000192e-01 -6.650009273300000467e-02
1.875614930919999868e-01 7.744405444000000693e-02
1.171244449180000036e-01 1.819241879000000131e-02
-3.835008686870000072e-01 1.124743103000000050e-01
-6.156227426510000322e-01 1.699435981880000057e-01
-4.641821331839999787e-01 1.740240346149999895e-01
-2.045728679469999978e-01 9.468645797100000427e-02
-7.474867264819999857e-01 -5.225410244749999489e-01
-9.498650556030000525e-01 -5.028047680080000026e-01
-1.000000000000000000e+00 -5.138676953090000055e-01
-9.159889450179999892e-01 -4.912556517339999873e-01
-3.537793754369999988e-01 -6.609903272960000464e-01
-3.688386674679999810e-01 -2.899875230139999926e-01
-2.979444186369999970e-01 -8.727858214700000283e-02
-2.205107375850000051e-01 -1.060354073989999979e-01
6.686172597000000425e-03 -5.851013116640000344e-01
1.144477657000000058e-02 -1.547438083299999996e-02
-9.014464061200000433e-02 1.662581446989999934e-01
-1.510573819730000045e-01 8.137232249499999626e-02
2.990595644319999913e-01 -4.379181188690000059e-01
2.683710439890000243e-01 -6.802267746999999913e-03
1.500649792329999954e-01 1.379969208840000072e-01
7.327144294399999536e-02 9.209182866899999487e-02
-4.265784011409999854e-01 8.921688547999999386e-02
-6.599677119010000093e-01 1.247214937939999935e-01
-4.604887632290000088e-01 1.318861203879999888e-01
-1.649545147819999891e-01 5.008319737599999794e-02
-7.828504070180000163e-01 -6.680884249730000279e-01
-9.471578785519999544e-01 -5.618498176320000370e-01
-1.000000000000000000e+00 -5.385752235820000511e-01
-9.476256288919999715e-01 -5.109263609259999672e-01
-3.262341655920000250e-01 -7.808564033789999748e-01
-3.622900632950000199e-01 -3.265697738980000153e-01
-3.152955044369999960e-01 -7.177003698599999926e-02
-2.628355442420000077e-01 -7.212494981700000307e-02
6.917255340800000651e-02 -6.685622400080000194e-01
4.521777383000000206e-02 -5.976860195900000200e-02
-5.929692237999999865e-02 1.441927548240000134e-01
-1.155708074590000023e-01 5.885351624199999798e-02
3.821762861849999915e-01 -4.809540364389999767e-01
3.311206020279999773e-01 -3.877877527299999905e-02
1.999436239550000105e-01 1.190805579519999963e-01
1.193409127789999968e-01 7.141691793899999918e-02
-3.731346781159999848e-01 6.964623062899999439e-02
-5.924717235049999919e-01 1.245809666069999933e-01
-3.776792500899999738e-01 1.528944622579999912e-01
-4.929379680800000108e-02 6.446956266200000452e-02
-8.154884044960000189e-01 -7.486975739140000474e-01
-9.998481207680000038e-01 -6.634185301830000103e-01
-1.000000000000000000e+00 -6.758613508230000289e-01
-8.824983323239999899e-01 -6.248365360119999545e-01
-3.655111159039999835e-01 -9.103263253929999577e-01
-3.846133651609999760e-01 -5.297615460810000121e-01
-3.381543537009999989e-01 -3.083203037869999830e-01
-2.972634251899999858e-01 -2.856147990280000215e-01
4.752181369899999980e-02 -8.300104024940000436e-01
6.020302482800000271e-02 -2.010969133980000101e-01
-3.758711472100000062e-02 1.779101347100000077e-02
-1.078135522090000048e-01 -3.252417998399999982e-02
3.843002684140000014e-01 -6.510343821459999569e-01
3.605600643599999877e-01 -1.816625384409999988e-01
2.329416012019999982e-01 -5.742515014000000063e-03
1.371169057799999924e-01 -1.811661999299999867e-02
-3.744512890339999900e-01 6.207649103199999741e-02
-5.992499318289999932e-01 7.939430874199999988e-02
-3.815110986660000258e-01 9.148974135100000626e-02
-6.752361291800000609e-02 1.266724863999999992e-02
-7.793663996540000083e-01 -8.548668873770000065e-01
-9.691245879980000533e-01 -7.689761665540000291e-01
-9.884083950540000219e-01 -7.194049599480000223e-01
-8.999435412880000262e-01 -6.464474933980000060e-01
-3.149664999440000002e-01 -1.000000000000000000e+00
-3.452256243860000184e-01 -5.764256968580000473e-01
-3.418490822940000173e-01 -2.696459846600000043e-01
-3.233474617370000193e-01 -2.369574885119999919e-01
1.033025143800000017e-01 -8.945667869050000220e-01
1.264427168260000012e-01 -2.697481044700000274e-01
-7.448523700000000427e-05 -5.172148744000000173e-03
-7.923829236599999604e-02 -4.839271106100000164e-02
4.430856836450000058e-01 -6.900672014230000428e-01
4.355549882229999836e-01 -2.181855615770000034e-01
2.862488721979999928e-01 -1.079944438000000027e-02
1.759460265689999914e-01 -1.827999494900000091e-02
-3.231262165329999991e-01 6.787478979300000381e-02
-5.292824905330000274e-01 1.402381950909999953e-01
-3.238431043350000205e-01 1.648508753250000070e-01
-6.631896088399999445e-02 4.806006706100000164e-02
-7.845255874850000088e-01 -7.511465513849999720e-01
-9.585369491390000052e-01 -6.581611354390000113e-01
-1.000000000000000000e+00 -6.678701601850000058e-01
-9.451458076659999819e-01 -6.355257713540000131e-01
-3.742754948270000104e-01 -9.094733619100000555e-01
-4.303593391339999852e-01 -6.969811886219999808e-01
-4.696312175180000215e-01 -5.555997959820000442e-01
-4.864303818729999729e-01 -5.776067433749999536e-01
1.961235274100000051e-02 -8.429572042709999602e-01
4.898896987100000155e-02 -3.459009072720000133e-01
-7.514572962899999931e-02 -8.838553201899999878e-02
-1.720172105680000119e-01 -7.538869637299999704e-02
3.632277417340000203e-01 -6.653572825529999735e-01
3.705050823539999816e-01 -2.567491225010000155e-01
2.260250965089999897e-01 -5.279436744999999737e-02
9.461016288399999585e-02 -2.571300129900000106e-02
-4.039424604799999874e-01 2.715189228799999924e-02
-5.828001943989999933e-01 8.100316838999999450e-03
-3.353796310850000184e-01 6.704321275999999830e-03
-5.061720126299999734e-02 -1.001629584039999965e-01
-7.164812535100000268e-01 -8.967314773200000255e-01
-9.207480993719999729e-01 -7.786181858039999959e-01
-9.486216988560000063e-01 -6.888958571809999931e-01
-8.576662961719999645e-01 -6.259119360389999720e-01
-2.424695393990000114e-01 -1.000000000000000000e+00
-2.642067364999999834e-01 -6.136867346100000065e-01
-2.635212853339999883e-01 -2.860022384640000248e-01
-2.306065292589999927e-01 -2.477759277669999982e-01
1.697527652370000029e-01 -8.647771831670000298e-01
1.925068840330000086e-01 -3.082487728300000174e-01
3.815730430799999656e-02 -3.578110435299999836e-02
-3.817723128699999913e-02 -7.770414636099999550e-02
4.963701532240000214e-01 -6.448469940150000079e-01
4.924707387080000109e-01 -2.447525622770000131e-01
3.250115133650000043e-01 -3.889884622800000163e-02
2.140625242170000053e-01 -4.440588820099999889e-02
-3.082334235640000197e-01 3.679824679299999873e-02
-5.360755047070000501e-01 1.048481150649999971e-01
-3.372000500599999784e-01 1.642971884240000124e-01
-6.137076815399999941e-02 1.244495616319999942e-01
-7.639608696599999860e-01 -8.570655012679999629e-01
-9.069212677229999686e-01 -7.052510802550000513e-01
-9.631682259930000045e-01 -7.051449107420000306e-01
-9.341137901249999542e-01 -6.763766979469999496e-01
-3.524774615960000190e-01 -1.000000000000000000e+00
-3.501177842980000010e-01 -6.237541380169999705e-01
-3.804827972129999902e-01 -3.662675242890000016e-01
-3.888291223420000109e-01 -3.384066750020000014e-01
3.806119390800000168e-02 -9.029533484770000396e-01
1.045021993590000003e-01 -3.248372000940000226e-01
-2.906614378399999948e-02 -6.895217608900000572e-02
-1.330306659599999886e-01 -8.667157512199999414e-02
3.787432846900000150e-01 -6.943957132000000421e-01
3.860859220910000111e-01 -2.610546011980000025e-01
2.378108396320000040e-01 -6.477537697500000691e-02
1.042911020809999950e-01 -5.111543180500000005e-02
-3.896938458399999972e-01 5.276374861900000324e-02
-5.876520034659999947e-01 8.555953299999999317e-02
-3.200836895609999733e-01 1.473874598780000045e-01
2.917831503199999968e-02 1.401673328359999970e-01
-7.389912132629999908e-01 -8.100733704660000312e-01
-9.497038733310000369e-01 -6.863103173460000095e-01
-1.000000000000000000e+00 -6.617513876439999887e-01
-9.183105676630000103e-01 -6.440093376379999457e-01
-2.799703914989999931e-01 -9.293887608969999548e-01
-3.240328474399999936e-01 -6.366845107009999616e-01
-3.450942822099999918e-01 -4.384959392459999994e-01
-3.032830128910000145e-01 -4.446085246820000170e-01
1.320567475290000126e-01 -8.139122740769999531e-01
1.335009765969999984e-01 -2.621729829280000090e-01
-2.347138383399999945e-02 -1.660590338900000060e-02
-1.010876106699999943e-01 -5.315894212600000279e-02
4.660781131580000181e-01 -5.993033152279999554e-01
4.300966192119999865e-01 -1.846978371190000079e-01
2.642587418630000240e-01 6.376973503000000348e-03
1.542113751109999986e-01 5.899297585000000226e-03
-2.893702245549999996e-01 7.644749049799999530e-02
-4.907808188359999990e-01 1.462558710150000107e-01
-3.259688468129999794e-01 1.840325731549999899e-01
-1.124443372850000011e-01 9.523525686900000120e-02
-7.469406786790000474e-01 -7.261622709299999645e-01
-9.401107783219999625e-01 -6.696586210749999601e-01
-1.000000000000000000e+00 -6.964198691259999574e-01
-9.503222479059999506e-01 -6.647939083620000300e-01
-3.626608629609999745e-01 -8.802832416620000044e-01
-3.969364205070000096e-01 -6.724913669130000438e-01
-4.090949534289999856e-01 -4.892522952760000043e-01
-3.948571502339999761e-01 -4.650113827049999760e-01
5.845261919000000264e-03 -8.185377514480000061e-01
5.579799750699999950e-02 -3.620968608999999838e-01
-6.325504043299999546e-02 -1.081924894850000013e-01
-1.547475241740000063e-01 -8.626970336000000517e-02
3.225161318879999905e-01 -6.558452489239999794e-01
3.403648478219999940e-01 -2.982169997499999892e-01
2.105158054429999981e-01 -1.000744985210000049e-01
9.409806930200000086e-02 -5.825907378399999836e-02
-4.638515066869999814e-01 9.820074633999999886e-03
-6.899059452550000415e-01 3.033403298000000164e-03
-4.131651374759999773e-01 5.851751014900000158e-02
-4.617854064500000189e-02 1.017257219100000006e-02
-7.351593620370000526e-01 -8.517722988229999848e-01
-9.162200677139999971e-01 -7.120223242619999615e-01
-1.000000000000000000e+00 -6.787636403290000509e-01
-9.796443594120000098e-01 -6.119130179480000153e-01
-2.112957050210000076e-01 -9.259912572439999989e-01
-2.177920785330000053e-01 -4.770154973549999844e-01
-2.267202672879999881e-01 -1.646014897030000090e-01
-2.118137121839999970e-01 -7.634035811299999530e-02
2.289374934460000066e-01 -7.671361483180000329e-01
2.399395574079999927e-01 -1.803606671040000053e-01
5.846221069699999995e-02 5.785245892600000134e-02
-5.636005404799999952e-02 2.960746233500000102e-02
5.710524574090000138e-01 -5.303814116870000372e-01
5.453870976179999719e-01 -1.358949516459999896e-01
3.455114582120000222e-01 5.234107652000000166e-02
1.975586992989999957e-01 6.625292180800000652e-02
-3.229842651500000050e-01 3.600784322699999984e-02
-5.301911663430000088e-01 8.857543737400000450e-02
-3.151110877359999951e-01 1.536724175999999997e-01
-1.017722136700000002e-02 1.093614146739999987e-01
-7.400541143979999514e-01 -8.681238217490000464e-01
-8.961480015639999852e-01 -7.013892198900000263e-01
-9.208963171999999808e-01 -7.087999083970000225e-01
-8.290300406859999471e-01 -6.782830366369999586e-01
-3.053128972590000156e-01 -1.000000000000000000e+00
-3.147668462379999976e-01 -6.150597528360000066e-01
-3.421432676500000269e-01 -3.832706302469999771e-01
-3.311147562360000074e-01 -3.504157469390000168e-01
9.552400221600000629e-02 -8.931790327890000158e-01
1.447371136349999976e-01 -3.058647793829999961e-01
-1.596385702000000092e-03 -7.422467592400000536e-02
-1.076070613879999971e-01 -9.739276786099999861e-02
4.287152560340000140e-01 -6.772768835719999991e-01
4.316018625199999903e-01 -2.459240254449999996e-01
2.766794921729999746e-01 -5.457140837899999986e-02
1.413622686119999916e-01 -3.247000852999999687e-02
-3.415235912110000105e-01 4.379246790099999842e-02
-5.476108064119999952e-01 9.904454599100000201e-02
-3.457740975690000163e-01 1.550201471119999896e-01
-7.018317538200000150e-02 1.011188975999999934e-01
-7.339381220689999985e-01 -8.310995802289999901e-01
-9.496296077410000258e-01 -6.875658004150000391e-01
-1.000000000000000000e+00 -6.695658339290000427e-01
-9.266629993510000496e-01 -6.331499495400000344e-01
-2.992251970159999774e-01 -9.582980100460000150e-01
-3.575618201820000008e-01 -5.938572705550000386e-01
-3.694491837459999983e-01 -3.615174577970000080e-01
-3.394563568130000153e-01 -3.535162714749999768e-01
9.927761211999999724e-02 -8.439270462479999679e-01
1.011440330660000053e-01 -2.528071089939999960e-01
-3.088698283799999958e-02 -1.563669215799999915e-02
-1.094068444499999987e-01 -6.014079104100000100e-02
4.319113566719999797e-01 -6.256587699260000024e-01
4.044698245580000129e-01 -1.889357283439999924e-01
2.520786309440000150e-01 -7.899833636999999825e-03
1.390262430479999867e-01 -1.566480063599999875e-02
-3.240908847189999942e-01 4.416876221899999899e-02
-5.321616863789999652e-01 1.044636279539999935e-01
-3.352961611399999931e-01 1.573256170750000071e-01
-8.790560259299999568e-02 8.122365540300000020e-02
-7.308864670950000475e-01 -8.049172224889999949e-01
-9.125785860299999719e-01 -7.359861727340000215e-01
-1.000000000000000000e+00 -7.486307681010000437e-01
-9.889711690139999511e-01 -6.885665069980000386e-01
-2.983422870229999746e-01 -9.398212025590000351e-01
-3.617878482440000099e-01 -6.967512141889999899e-01
-4.036315498499999932e-01 -5.060495642260000038e-01
-4.149256797950000020e-01 -4.648248634869999729e-01
1.001835194740000046e-01 -8.486834403980000330e-01
1.045865449989999973e-01 -3.505558076279999824e-01
-2.590801137099999971e-02 -1.023257364769999955e-01
-1.168352645760000058e-01 -7.950479930699999587e-02
4.351175979990000164e-01 -6.505372889670000269e-01
4.198778669570000233e-01 -2.771497303530000011e-01
2.785524625540000132e-01 -8.220771268399999776e-02
1.637795729709999870e-01 -3.840959401800000256e-02
-3.861271731670000151e-01 1.827873507299999922e-02
-6.002229879079999941e-01 4.432166418999999857e-02
-3.827851719429999910e-01 8.202102701600000323e-02
-9.771000696699999599e-02 -2.309367361000000049e-02
-7.488613708100000377e-01 -8.781016651690000119e-01
-9.287206904589999645e-01 -7.560707246569999818e-01
-1.000000000000000000e+00 -7.488243689419999960e-01
-9.706727324689999881e-01 -6.575890315189999447e-01
-2.772265428110000096e-01 -9.761514507130000240e-01
-3.262801261180000023e-01 -6.149775298170000459e-01
-3.343878552730000231e-01 -3.545800752830000069e-01
-3.180345321340000142e-01 -2.774866828490000215e-01
1.401689933549999934e-01 -8.437366965839999677e-01
1.484461422310000001e-01 -2.956124330409999890e-01
7.049325462999999833e-03 -6.248601277699999956e-02
-8.424583477800000331e-02 -6.372623275600000636e-02
4.825412695269999941e-01 -6.208706877680000291e-01
4.659122167299999950e-01 -2.323006399910000075e-01
3.012416944190000057e-01 -4.666686889300000057e-02
1.740219462400000028e-01 -1.726672458599999918e-02
-3.576835778060000193e-01 2.352471382199999850e-02
-5.618308324470000503e-01 8.366014629500000133e-02
-3.301374387989999826e-01 1.498428194070000052e-01
-2.180483520599999989e-02 9.354157360199999438e-02
-7.268961340739999999e-01 -8.475913570630000393e-01
-9.375149873950000545e-01 -7.199608267829999964e-01
-1.000000000000000000e+00 -7.165087840449999579e-01
-9.391416624270000346e-01 -6.498577837090000475e-01
-2.656026863320000153e-01 -9.669726774019999915e-01
-3.352785078259999940e-01 -7.181448810449999609e-01
-3.655937816490000269e-01 -5.613037564830000159e-01
-3.505638955370000143e-01 -5.358081886879999534e-01
1.459776880410000033e-01 -8.571901253339999638e-01
1.175308273849999946e-01 -3.133078644610000074e-01
-2.426914165100000145e-02 -8.372554583699999553e-02
-1.104609337500000038e-01 -8.460012614400000408e-02
4.838463132949999967e-01 -6.348574567120000012e-01
4.320089556730000169e-01 -2.313564197409999912e-01
2.754867000610000116e-01 -4.491147229899999926e-02
1.562560388349999996e-01 -1.177302590399999932e-02
-3.281020791900000066e-01 2.259863680900000074e-02
-5.234498701249999941e-01 6.010821368000000137e-02
-3.440829823470000215e-01 1.258917572090000048e-01
-1.112842777000000033e-01 7.046486363499999961e-02
-7.322688395849999976e-01 -8.896159592019999840e-01
-9.119188984030000000e-01 -7.696361252150000221e-01
-9.997700227729999778e-01 -7.543385375940000470e-01
-9.805567354349999931e-01 -6.998593407409999800e-01
-3.044909074309999908e-01 -1.000000000000000000e+00
-3.806947923430000214e-01 -7.027482146329999679e-01
-4.117860903030000075e-01 -4.620475383309999851e-01
-4.075970996580000061e-01 -4.416160862319999936e-01
8.496816090099999774e-02 -8.908809662750000191e-01
8.006242113000000549e-02 -3.662341030560000155e-01
-3.752501454400000019e-02 -9.591400069100000647e-02
-1.132684157110000062e-01 -9.970028859599999738e-02
4.128816358290000044e-01 -6.865074292699999692e-01
3.943775111030000113e-01 -2.947522054919999857e-01
2.518788751320000241e-01 -8.888818316700000666e-02
1.416786749710000071e-01 -6.458390397600000110e-02
-3.980358554940000015e-01 -2.174693170700000081e-02
-5.952452446810000408e-01 -5.370894860000000439e-04
-3.657550997980000274e-01 5.596967729999999946e-02
-8.252707038400000639e-02 -8.653877646999999507e-03
-7.357759380889999923e-01 -8.740845136179999919e-01
-9.419229720830000208e-01 -7.419831339169999929e-01
-1.000000000000000000e+00 -7.204452330709999464e-01
-9.458802680100000249e-01 -6.206507046379999837e-01
-2.654687497089999737e-01 -9.514983607279999811e-01
-3.904423989499999914e-01 -6.974417196659999929e-01
-4.338826510509999901e-01 -5.193657994799999456e-01
-4.364293658980000212e-01 -4.598734861789999795e-01
1.395558373799999918e-01 -8.203835534340000457e-01
8.697281507100000641e-02 -3.101522694409999947e-01
-4.563946978399999882e-02 -9.290449845999999845e-02
-1.241358393489999934e-01 -8.259648105599999568e-02
4.674235388629999766e-01 -5.898379580339999650e-01
4.136918675630000264e-01 -2.284763230169999937e-01
2.533646645889999771e-01 -5.230245052500000214e-02
1.332368033849999911e-01 -1.178827543699999952e-02
-3.735372762620000064e-01 3.313671393999999965e-02
-5.861823724200000418e-01 8.404357575899999711e-02
-3.603204483990000151e-01 1.574052039040000073e-01
-4.483367133599999721e-02 1.171201112540000006e-01
-7.244047850250000531e-01 -8.480527075649999524e-01
-9.248724991979999643e-01 -7.457942105050000547e-01
-1.000000000000000000e+00 -7.023319694709999617e-01
-9.647212069389999867e-01 -6.521625671470000496e-01
-2.869762355320000236e-01 -9.627361388520000451e-01
-3.970249235409999966e-01 -7.762133205540000525e-01
-4.739395418160000095e-01 -5.993885322859999754e-01
-4.952193695820000241e-01 -6.078293798830000094e-01
1.107159393190000063e-01 -8.563617096590000477e-01
7.918216033699999878e-02 -3.448287841159999867e-01
-6.078788903300000324e-02 -6.769856288400000199e-02
-1.422822693689999862e-01 -6.179751922599999864e-02
4.515983851020000106e-01 -6.373324098679999938e-01
4.201647211699999773e-01 -2.298387162949999951e-01
2.680705386209999985e-01 -2.345646390400000017e-02
1.481277847349999899e-01 -5.710113862999999755e-03
-3.841857099020000166e-01 6.704061398999999581e-03
-5.812858542469999668e-01 4.990494759300000138e-02
-3.658441291980000232e-01 1.103448101780000051e-01
-9.560159050500000033e-02 2.684193787199999973e-02
-7.044742783359999594e-01 -8.663081226900000154e-01
-9.259516148630000387e-01 -7.608829777219999757e-01
-1.000000000000000000e+00 -7.156954024710000528e-01
-9.496600866790000373e-01 -6.080939864929999494e-01
-2.463793723300000127e-01 -9.552747955710000349e-01
-3.287006703790000262e-01 -6.943486367950000293e-01
-3.534743349489999908e-01 -4.702860262499999888e-01
-3.337446501469999993e-01 -4.037451946430000160e-01
1.548763759790000027e-01 -8.269318698530000455e-01
1.235984187259999978e-01 -3.072512257469999786e-01
-1.845552820300000105e-02 -6.631879625299999526e-02
-1.029223566790000016e-01 -6.018970094900000234e-02
4.824194515590000121e-01 -5.983917716919999741e-01
4.373250896890000239e-01 -2.320410088390000014e-01
2.728249279619999745e-01 -4.363792533299999665e-02
1.474349011809999999e-01 -5.447303429000000148e-03
-3.387177623250000047e-01 1.942357150800000029e-02
-4.999491591129999746e-01 7.695454458700000389e-02
-2.950892233610000193e-01 1.611935819720000107e-01
-5.683880511100000005e-02 1.017134032519999981e-01
-5.982621042479999707e-01 -9.137427492919999450e-01
-8.119027448240000444e-01 -6.988094344999999930e-01
-8.575089812370000342e-01 -5.908003871750000524e-01
-7.877098014350000232e-01 -5.730745614940000454e-01
-2.127325622069999866e-01 -1.000000000000000000e+00
-3.315819148640000158e-01 -5.981426477669999908e-01
-3.500376361979999906e-01 -2.870141917960000177e-01
-3.125615852179999821e-01 -2.938051751060000161e-01
1.372823328220000028e-01 -8.647925155940000552e-01
1.132895291380000002e-01 -3.002064218439999821e-01
4.223758107999999768e-03 -2.453641344600000079e-02
-4.448921811599999832e-02 -7.325531457200000485e-02
4.390456969400000076e-01 -6.355876801419999556e-01
4.190475841949999891e-01 -2.239440452249999991e-01
2.749107496279999951e-01 -2.411086607000000048e-02
1.768175486540000119e-01 -3.397190707699999923e-02
-3.755526367840000268e-01 3.722928733699999715e-02
-5.552728531160000536e-01 8.276642992299999835e-02
-3.114607153089999914e-01 1.762889781649999987e-01
1.811448604999999976e-03 1.150986406430000025e-01
-7.051742620159999753e-01 -8.910309623390000322e-01
-9.476694664120000056e-01 -7.080569461310000090e-01
-9.916897593329999649e-01 -6.365748207910000289e-01
-9.020252553219999525e-01 -5.948183798909999487e-01
-2.527935979820000179e-01 -1.000000000000000000e+00
-3.834969912560000083e-01 -6.751456296779999589e-01
-4.126306336660000018e-01 -3.970634054719999750e-01
-3.734701681650000049e-01 -3.658814242480000201e-01
1.396115477650000103e-01 -8.797111517490000532e-01
1.280471402339999898e-01 -3.248351034959999772e-01
-4.547521350000000018e-03 -5.123599439399999927e-02
-6.505709769699999367e-02 -7.436857107300000325e-02
4.681708369250000001e-01 -6.625431989760000029e-01
4.512552061719999896e-01 -2.375104178480000050e-01
2.789976736679999902e-01 -2.765092255100000049e-02
1.589347060119999933e-01 -1.505399665500000046e-02
-3.411603011029999966e-01 3.688202933200000061e-02
-5.482869939029999529e-01 9.090609181799999550e-02
-3.424298842640000062e-01 1.595785154179999998e-01
-5.447856190500000029e-02 1.014647562969999972e-01
-7.296880440140000035e-01 -8.752732982609999768e-01
-8.902530670510000466e-01 -7.410053012809999506e-01
-9.597562712499999593e-01 -7.083603594209999521e-01
-9.330838508419999622e-01 -6.554380035300000351e-01
-3.023257422619999857e-01 -1.000000000000000000e+00
-3.830907769699999910e-01 -7.178250327109999551e-01
-4.552934860169999820e-01 -5.223148129919999993e-01
-4.955095457290000227e-01 -5.362719802569999583e-01
8.835255888100000676e-02 -8.989553341910000439e-01
9.583871859699999440e-02 -3.309623983100000166e-01
-3.165976448300000107e-02 -6.000483144000000324e-02
-1.251369484350000061e-01 -6.812649219899999387e-02
4.279690695630000152e-01 -6.878517492950000367e-01
4.172052817360000221e-01 -2.418047768469999970e-01
2.669900751520000171e-01 -3.259359451100000277e-02
1.394473393469999878e-01 -1.653996553100000114e-02
-3.996845078039999999e-01 -2.300246694000000064e-02
-5.921308721939999575e-01 7.803993252000000248e-03
-3.543999642089999957e-01 9.355967561700000157e-02
-5.630633883600000278e-02 5.183983099500000247e-02
-7.372040895620000089e-01 -8.780689242650000503e-01
-9.438370346829999535e-01 -6.918346491169999890e-01
-1.000000000000000000e+00 -6.699383951820000460e-01
-9.501111232840000476e-01 -6.132768810380000435e-01
-2.639018592410000141e-01 -9.471825342170000495e-01
-4.001424576190000248e-01 -6.263099566390000206e-01
-4.308508108710000228e-01 -4.616921457029999898e-01
-4.152299665449999955e-01 -4.394806990010000081e-01
1.441928088489999871e-01 -8.039774878919999646e-01
7.601500173099999536e-02 -2.528340048170000243e-01
-4.950613635099999910e-02 -4.952251686399999908e-02
-1.122708005209999971e-01 -6.856116395300000665e-02
4.758866524889999727e-01 -5.671401104500000123e-01
4.032912148669999808e-01 -1.741137526200000063e-01
2.368999052040000053e-01 -7.050489671999999979e-03
1.217883186870000051e-01 1.258551772500000020e-02
-3.470968716919999864e-01 3.075990680599999944e-02
-5.488493838810000192e-01 6.685955229699999669e-02
-3.380631797179999842e-01 1.344195482070000003e-01
-3.124220803299999905e-02 9.889876877200000360e-02
-7.071412740820000042e-01 -8.780668592910000347e-01
-8.978894048600000177e-01 -7.481428047389999669e-01
-9.352959001689999941e-01 -6.893264577080000510e-01
-8.659213918720000125e-01 -6.507806194390000076e-01
-2.828830039540000119e-01 -1.000000000000000000e+00
-4.091896249979999900e-01 -7.105102361770000430e-01
-4.590128930599999824e-01 -4.997339673839999996e-01
-4.588561930949999756e-01 -5.076103630099999542e-01
1.023508742299999996e-01 -8.947004995659999516e-01
6.604502622699999492e-02 -3.480629557359999904e-01
-4.437450176100000282e-02 -7.722188218299999574e-02
-1.014629658629999931e-01 -8.339959092399999718e-02
4.329653150119999738e-01 -6.774479380050000277e-01
3.984528013690000203e-01 -2.459187197799999891e-01
2.620996034829999877e-01 -3.965258624199999998e-02
1.613658415170000082e-01 -2.753483327799999963e-02
-3.525507961309999883e-01 1.941175505200000082e-02
-5.669852106710000506e-01 7.405552523199999959e-02
-3.750272865029999902e-01 1.475623204319999882e-01
-1.031933634990000043e-01 9.046342673299999360e-02
-7.251068122110000402e-01 -8.670519512080000490e-01
-9.203722929009999776e-01 -7.348440129659999931e-01
-1.000000000000000000e+00 -7.072883948229999884e-01
-9.699868760080000429e-01 -6.259577628760000234e-01
-2.883505293449999951e-01 -9.699739055439999813e-01
-3.615099455219999980e-01 -6.633545219540000204e-01
-3.983012398179999747e-01 -4.513909366630000086e-01
-3.990037624930000137e-01 -4.149571683520000276e-01
1.060149246799999972e-01 -8.515405999339999976e-01
9.974322010899999702e-02 -3.029246543110000189e-01
-3.148205108399999841e-02 -6.394862213999999434e-02
-1.219144192909999980e-01 -6.969903759199999604e-02
4.363312575300000162e-01 -6.272667209129999533e-01
4.108852368059999760e-01 -2.396729960769999890e-01
2.593735424770000075e-01 -5.468347568200000036e-02
1.366455133399999966e-01 -2.650818700999999986e-02
-3.403072309869999978e-01 1.638802661300000144e-02
-5.386143834040000300e-01 7.763596296199999636e-02
-3.264440130219999903e-01 1.479568316079999946e-01
-4.953120383299999818e-02 1.025155255560000062e-01
-7.433512803539999991e-01 -8.107355070239999906e-01
-9.323492672090000211e-01 -6.768592279840000003e-01
-1.000000000000000000e+00 -6.762612953400000126e-01
-9.608029516210000454e-01 -6.121922088340000512e-01
-3.105997603890000014e-01 -9.289896801939999671e-01
-3.691674116029999841e-01 -6.151480119529999513e-01
-3.798273064830000045e-01 -4.093576021309999757e-01
-3.644068738280000219e-01 -3.712040923300000128e-01
8.512018279899999373e-02 -8.250890402549999614e-01
9.386702569499999482e-02 -2.780651900569999779e-01
-1.745702588800000093e-02 -5.376117919199999845e-02
-9.573650576499999343e-02 -6.626763076699999921e-02
4.175675830560000024e-01 -6.188773477760000086e-01
3.968968223209999868e-01 -2.235304781599999902e-01
2.597713734450000089e-01 -4.539537180500000102e-02
1.498721584309999910e-01 -2.152426277500000054e-02
-3.725592266459999968e-01 3.016664194299999852e-02
-5.762158286320000489e-01 8.038336424899999999e-02
-3.446748967130000008e-01 1.415053273469999984e-01
-6.245319160499999966e-02 9.893314260600000187e-02
-7.532251491239999597e-01 -8.049859739289999538e-01
-9.076591918030000317e-01 -7.459715714989999524e-01
-9.993152342969999768e-01 -7.389748486039999786e-01
-1.000000000000000000e+00 -6.493682364970000398e-01
-2.998286012879999851e-01 -9.340360097719999644e-01
-3.642951734920000240e-01 -7.416369451190000239e-01
-4.374263119819999934e-01 -5.606798124620000490e-01
-4.705564266589999933e-01 -4.967292028329999831e-01
1.162120758489999933e-01 -8.369227505340000040e-01
1.126576569840000014e-01 -3.330843494719999964e-01
-2.372833024800000135e-02 -7.321576536500000454e-02
-1.122651649290000025e-01 -3.746131632599999928e-02
4.655732646130000263e-01 -6.254950762300000022e-01
4.525665014929999841e-01 -2.472145681510000137e-01
3.066435431319999849e-01 -5.245974004900000320e-02
1.924309687140000058e-01 -9.029119756000000829e-03
-3.793732168910000091e-01 1.051790565499999969e-02
-5.792563717659999778e-01 5.691009284000000251e-02
-3.528338104679999976e-01 1.300506270329999936e-01
-5.018350586700000282e-02 6.520711553800000171e-02
-7.492621648389999889e-01 -8.212972197819999876e-01
-9.418570786679999474e-01 -6.689479160919999945e-01
-1.000000000000000000e+00 -6.633581626300000256e-01
-9.523950967200000006e-01 -5.910051737170000097e-01
-2.849831881429999991e-01 -9.132239628770000284e-01
-3.752123219260000142e-01 -6.316927296409999837e-01
-4.102690213219999937e-01 -4.559755426220000185e-01
-4.079191204079999911e-01 -3.970827538210000007e-01
1.220090054360000037e-01 -7.931400388479999952e-01
1.085783152169999960e-01 -2.899992552269999857e-01
-3.556381286100000066e-02 -7.511190046200000303e-02
-1.272347157200000023e-01 -5.227440476999999780e-02
4.538236039099999841e-01 -5.736483502739999629e-01
4.226550964460000226e-01 -2.153018106779999996e-01
2.529107645420000106e-01 -3.459139161299999710e-02
1.215138364510000013e-01 2.002167220599999908e-02
-3.816885748839999870e-01 2.161212059900000093e-02
-5.866307144110000094e-01 6.226369045099999777e-02
-3.549890534240000006e-01 1.231327093819999940e-01
-4.738538636600000270e-02 8.296112564400000278e-02
-7.263677796440000112e-01 -8.630304931290000425e-01
-9.094494893710000083e-01 -7.615673942089999926e-01
-1.000000000000000000e+00 -7.231785385640000507e-01
-9.906161358499999681e-01 -6.500744837209999627e-01
-2.864320308930000114e-01 -9.812255826269999925e-01
-3.951440952670000062e-01 -7.668374790509999706e-01
-4.694148508250000074e-01 -5.887276481040000231e-01
-4.948973227440000011e-01 -5.534348384949999700e-01
1.106274891940000060e-01 -8.714657745489999829e-01
6.957466541100000568e-02 -3.386239674870000216e-01
-5.395206647100000280e-02 -7.849833948300000142e-02
-1.247045509189999984e-01 -5.708173865300000122e-02
4.448137093439999967e-01 -6.418669923219999518e-01
3.999795712120000069e-01 -2.282282456009999960e-01
2.541796757070000079e-01 -2.349654066499999930e-02
1.416994943419999931e-01 1.333439394299999921e-02
