-2.269716386650000028e-01 -5.517298932200000172e-02
-3.619569115779999735e-01 -2.841448536150000259e-01
-2.329430717909999893e-01 -4.863584992530000095e-01
-6.150259906899999823e-02 -6.388031884260000348e-01
-3.918418944440000273e-01 -7.441777278810000062e-01
-4.840524623540000126e-01 -8.818232913710000176e-01
-4.960169642339999907e-01 -9.731385366070000043e-01
-4.868341858599999905e-01 -9.899485274160000348e-01
-1.511542191080000042e-01 -8.180458606349999551e-01
-2.062395960270000106e-01 -1.000000000000000000e+00
-2.339463942860000034e-01 -9.811088877139999553e-01
-2.759151127350000232e-01 -9.226488284489999803e-01
7.065292400200000322e-02 -7.960008801660000133e-01
8.601303059100000314e-02 -8.933251831209999549e-01
2.542459621300000028e-02 -6.981986913769999692e-01
-5.276323217699999818e-02 -5.195421425759999545e-01
2.890860980280000048e-01 -6.824421891880000368e-01
2.876277140969999979e-01 -7.063634064989999795e-01
2.043870157229999984e-01 -5.361206797249999934e-01
1.093167409470000018e-01 -3.813728661419999999e-01
-2.253239320759999886e-01 -5.931801215600000093e-02
-3.601266318099999864e-01 -2.899427483850000042e-01
-2.242362669319999946e-01 -4.900548501990000250e-01
-4.584679514000000039e-02 -6.397225649840000417e-01
-3.862762173929999987e-01 -7.540056654829999649e-01
-4.774729670960000116e-01 -8.838440094499999677e-01
-4.833941966020000036e-01 -9.731068212010000051e-01
-4.679640268840000172e-01 -9.819016498660000369e-01
-1.440574424419999999e-01 -8.305091680839999935e-01
-1.998716624219999960e-01 -1.000000000000000000e+00
-2.286246878669999927e-01 -9.767895283969999509e-01
-2.713751334569999840e-01 -9.115381962719999454e-01
7.926745377400000458e-02 -8.089044647399999954e-01
9.486093407199999716e-02 -8.791542798989999685e-01
3.427604395799999787e-02 -6.757057464960000148e-01
-4.542738116899999734e-02 -4.936233829300000209e-01
2.981553289700000220e-01 -6.934806916510000141e-01
2.942486206450000141e-01 -7.025832017380000405e-01
2.088267046030000129e-01 -5.284196145659999511e-01
1.097613866839999980e-01 -3.722235861220000164e-01
-2.212658469999999877e-01 -5.100925935399999722e-02
-3.616704012229999821e-01 -2.805968453200000101e-01
-2.348010161230000004e-01 -4.781779033010000179e-01
-6.042828671799999746e-02 -6.320974366370000208e-01
-3.871802124070000128e-01 -7.460171629390000003e-01
-4.786523983439999741e-01 -8.783457126689999672e-01
-4.896342159579999964e-01 -9.672512657620000454e-01
-4.800112635250000093e-01 -9.783566653030000282e-01
-1.480443591820000127e-01 -8.189415181139999556e-01
-2.044893174890000109e-01 -1.000000000000000000e+00
-2.345413451820000106e-01 -9.720030653079999583e-01
-2.773887180480000270e-01 -8.971881746569999594e-01
7.346090919000000663e-02 -7.971354126190000056e-01
8.929190295399999644e-02 -8.907019995439999782e-01
3.181457398399999831e-02 -6.958689271619999950e-01
-4.525349809800000012e-02 -5.129411718459999658e-01
2.912071429040000159e-01 -6.840000593189999867e-01
2.883612446839999843e-01 -6.978243208159999877e-01
2.059826040720000029e-01 -5.185786517970000231e-01
1.094722658630000039e-01 -3.548558853079999964e-01
-2.353687332199999871e-01 -5.699904548200000060e-02
-3.768766304839999970e-01 -2.860422994649999828e-01
-2.443983184540000075e-01 -4.887962746619999854e-01
-6.645692623399999943e-02 -6.473163910879999872e-01
-4.097196638600000274e-01 -7.628759434240000026e-01
-5.028639772320000478e-01 -8.779977214730000368e-01
-5.144298881929999512e-01 -9.730188313580000470e-01
-5.019331257660000212e-01 -9.938642772919999979e-01
-1.636781975609999940e-01 -8.473940928550000029e-01
-2.157940462459999875e-01 -1.000000000000000000e+00
-2.459048995579999897e-01 -9.710813586400000030e-01
-2.875057129210000229e-01 -9.088848075840000318e-01
6.237224036499999791e-02 -8.300702213870000401e-01
7.899582994499999844e-02 -8.706693038180000066e-01
1.531950398899999989e-02 -6.542173584660000429e-01
-6.485362544900000192e-02 -4.771759664269999979e-01
2.864186126819999734e-01 -7.163575802689999827e-01
2.834396223460000086e-01 -7.065244126630000343e-01
1.949088740009999876e-01 -5.264128046720000231e-01
9.472286068099999845e-02 -3.747358773869999826e-01
-2.229059880610000099e-01 -5.460529575100000338e-02
-3.591120473700000204e-01 -2.856932588630000103e-01
-2.237724823620000081e-01 -4.853935698249999819e-01
-4.389228617799999926e-02 -6.351147742960000508e-01
-3.897747689209999922e-01 -7.466582949029999527e-01
-4.823617372580000229e-01 -8.825262407409999454e-01
-4.891679237479999998e-01 -9.734876796500000484e-01
-4.733902125039999853e-01 -9.817154863989999702e-01
-1.476889935240000007e-01 -8.202278613160000065e-01
-2.048806090280000103e-01 -1.000000000000000000e+00
-2.340038402890000091e-01 -9.767505853410000105e-01
-2.770626597079999809e-01 -9.040799424459999845e-01
7.552991852500000325e-02 -7.980179167230000425e-01
8.734312815299999366e-02 -8.954288805750000302e-01
3.165905238200000110e-02 -7.040446891349999570e-01
-4.323616295600000298e-02 -5.239135554360000446e-01
2.948523585130000124e-01 -6.843758907560000271e-01
2.803101286140000092e-01 -7.046250045769999470e-01
1.961739029289999992e-01 -5.290958279749999882e-01
1.003336021009999940e-01 -3.669752946809999861e-01
-2.305324630739999936e-01 -5.262114099399999717e-02
-3.719064256710000183e-01 -2.834456273559999850e-01
-2.359246139610000070e-01 -4.837508599220000094e-01
-5.741244562600000129e-02 -6.399076296679999665e-01
-4.000762717520000011e-01 -7.563515974950000276e-01
-4.901767671849999730e-01 -8.776396949350000476e-01
-5.064150814779999621e-01 -9.714237472610000035e-01
-4.998457401379999832e-01 -9.969262047139999527e-01
-1.545652883109999987e-01 -8.355261158879999650e-01
-2.152994609370000034e-01 -1.000000000000000000e+00
-2.390030185439999955e-01 -9.730701763800000403e-01
-2.750601013039999931e-01 -9.145931042110000408e-01
7.253773574699999560e-02 -8.162291078259999999e-01
8.923673724500000293e-02 -8.852566811930000501e-01
3.355071631800000259e-02 -6.667095452679999701e-01
-4.375655119199999693e-02 -4.826748314320000177e-01
2.969982977739999974e-01 -7.054975158009999525e-01
2.890819497400000104e-01 -6.893787400130000353e-01
2.040653887149999901e-01 -4.981586157699999795e-01
1.050086633580000067e-01 -3.434650555470000199e-01
-2.298783267260000041e-01 -5.550035197900000244e-02
-3.631603663579999752e-01 -2.826495613539999896e-01
-2.257666120919999964e-01 -4.826794021040000104e-01
-4.834407098799999719e-02 -6.289563695950000088e-01
-4.036417802180000125e-01 -7.444038167880000501e-01
-4.929914422069999747e-01 -8.827535870089999737e-01
-5.016787386340000321e-01 -9.744593267479999543e-01
-4.861425729189999823e-01 -9.861309399819999655e-01
-1.599127040199999905e-01 -8.152563829929999617e-01
-2.132838960679999951e-01 -1.000000000000000000e+00
-2.364969544970000059e-01 -9.713606747849999890e-01
-2.726704952019999850e-01 -9.039399762180000408e-01
6.393498704800000543e-02 -7.912240636099999724e-01
8.762544914500000615e-02 -8.957761921929999760e-01
3.276959211799999883e-02 -6.976169277910000410e-01
-4.211473871399999680e-02 -5.223918939030000042e-01
2.861841614260000055e-01 -6.760431164400000359e-01
2.877975441030000137e-01 -7.120450939789999545e-01
2.051268198669999876e-01 -5.433708844560000140e-01
1.082940064509999994e-01 -3.907193089420000209e-01
-2.365381448739999892e-01 -5.283003650399999834e-02
-3.778197945369999866e-01 -2.868742433090000210e-01
-2.346553948510000098e-01 -4.956092893499999819e-01
-4.861117093899999797e-02 -6.474233777140000479e-01
-4.266846546459999723e-01 -7.687053145500000184e-01
-5.169623165879999593e-01 -8.918712234179999587e-01
-5.132983655320000338e-01 -9.783605337370000488e-01
-4.859758219309999738e-01 -9.870961296820000008e-01
-1.742171272570000040e-01 -8.468969360250000467e-01
-2.288706463240000044e-01 -1.000000000000000000e+00
-2.443056037989999874e-01 -9.606270375100000036e-01
-2.790975582110000186e-01 -9.004546791809999728e-01
5.464007696200000319e-02 -8.225981327079999739e-01
7.613375749299999828e-02 -8.780297663180000045e-01
2.184769668000000054e-02 -6.622832575229999907e-01
-5.739693037299999773e-02 -4.920794538350000136e-01
2.800196865730000262e-01 -7.055667725840000237e-01
2.800853084830000062e-01 -6.933006079189999449e-01
1.952897033169999907e-01 -5.081304262950000483e-01
9.252725921299999323e-02 -3.596333604920000093e-01
-2.380354930249999890e-01 -5.326858422200000248e-02
-3.779619436080000061e-01 -2.901636666949999888e-01
-2.315513261469999973e-01 -5.012553771869999730e-01
-4.345312515599999981e-02 -6.505279818310000239e-01
-4.201791774479999853e-01 -7.716397286689999913e-01
-5.092595637260000085e-01 -9.004123453700000335e-01
-5.116850674170000390e-01 -9.856802602530000401e-01
-4.905217073809999828e-01 -9.923438798170000075e-01
-1.669868438709999903e-01 -8.506574289030000013e-01
-2.212240585220000000e-01 -1.000000000000000000e+00
-2.426000581170000003e-01 -9.724176898580000339e-01
-2.811663706029999821e-01 -9.206737531909999772e-01
6.221631313200000346e-02 -8.257305557199999813e-01
8.384709047900000545e-02 -8.846240408379999476e-01
2.197799119699999845e-02 -6.755377917489999717e-01
-6.208490529499999938e-02 -5.081736527160000128e-01
2.874271806939999729e-01 -7.083588171979999792e-01
2.828196857949999976e-01 -6.995675232900000484e-01
1.940102748989999959e-01 -5.142165255280000125e-01
8.847668966199999374e-02 -3.637895657549999884e-01
-2.435225541970000018e-01 -5.202629718799999664e-02
-3.833858938290000129e-01 -2.898116415409999758e-01
-2.350000231000000106e-01 -5.003831849530000486e-01
-4.674074108299999808e-02 -6.525807003039999499e-01
-4.337519384860000216e-01 -7.772587537940000013e-01
-5.137592073269999782e-01 -9.084892977099999767e-01
-5.132078842280000108e-01 -9.927763122029999998e-01
-4.907454411889999868e-01 -1.000000000000000000e+00
-1.776338383019999967e-01 -8.560021067319999455e-01
-2.262212345630000010e-01 -9.984498888880000145e-01
-2.375763959789999880e-01 -9.697282962729999456e-01
-2.704730752589999954e-01 -9.238196526659999686e-01
5.349090701900000022e-02 -8.331935929479999947e-01
8.979236063300000126e-02 -8.892402367299999666e-01
3.336940033599999911e-02 -6.715889655300000260e-01
-5.239947208500000259e-02 -5.031282195809999580e-01
2.800246401379999917e-01 -7.193156817539999581e-01
2.915486481030000188e-01 -7.072324658459999691e-01
2.047811724699999947e-01 -5.121943737320000523e-01
9.472396114900000219e-02 -3.584619009560000014e-01
-2.445090503929999992e-01 -4.923573149999999760e-02
-3.859101497579999762e-01 -2.783011499799999955e-01
-2.351839439360000061e-01 -4.907384040880000131e-01
-4.200849962500000090e-02 -6.404407089310000245e-01
-4.396598378959999942e-01 -7.832913577579999620e-01
-5.225566570490000062e-01 -9.048731762699999681e-01
-5.263817565539999910e-01 -9.907248414529999936e-01
-5.054706056550000159e-01 -1.000000000000000000e+00
-1.794620304529999932e-01 -8.706886020930000303e-01
-2.228664525700000121e-01 -9.986308286359999453e-01
-2.356603509690000098e-01 -9.610108858379999841e-01
-2.663148986880000124e-01 -9.248579524459999979e-01
5.490129613300000211e-02 -8.492781591629999793e-01
9.631665653099999447e-02 -8.616579451129999789e-01
3.402855711000000311e-02 -6.331312906070000190e-01
-5.501179263300000344e-02 -4.840524928220000245e-01
2.859867677319999912e-01 -7.343472696730000138e-01
2.986091845409999945e-01 -6.941045939169999679e-01
2.059329886119999897e-01 -4.980173298669999804e-01
9.333387459200000180e-02 -3.627954292610000020e-01
-2.376293542659999869e-01 -3.737059523899999985e-02
-3.842721774339999952e-01 -2.595612584040000170e-01
-2.292689811320000048e-01 -4.621931323449999796e-01
-2.899557870200000081e-02 -6.106295198879999608e-01
-4.364631587130000101e-01 -7.797634736980000314e-01
-5.277337213330000054e-01 -9.099233796569999866e-01
-5.194196768959999932e-01 -9.931544616430000305e-01
-4.872782913070000110e-01 -9.892071809229999735e-01
-1.661911347829999885e-01 -8.727544467969999831e-01
-2.213625534860000077e-01 -1.000000000000000000e+00
-2.288179390769999877e-01 -9.671752345720000532e-01
-2.577717335870000070e-01 -9.336756102509999877e-01
7.495452970900000345e-02 -8.522329800739999461e-01
1.021732072179999951e-01 -8.552251574670000078e-01
3.678877244900000121e-02 -6.301706991569999694e-01
-5.888036541899999837e-02 -4.846984645629999755e-01
3.087528668250000274e-01 -7.344680203229999593e-01
3.073501298210000177e-01 -6.733944266200000417e-01
2.102743416279999888e-01 -4.716729683790000238e-01
8.939948919800000393e-02 -3.338186485249999835e-01
-2.524893542209999953e-01 -2.590677237999999827e-02
-3.940367715399999970e-01 -2.417910014309999911e-01
-2.315021567960000026e-01 -4.475703779249999847e-01
-2.892847128099999832e-02 -6.046633107379999483e-01
-4.531892374120000122e-01 -7.910822498089999932e-01
-5.526713146799999699e-01 -9.065236177619999669e-01
-5.389094205540000404e-01 -9.874308381799999923e-01
-4.963778908140000223e-01 -9.749025634889999514e-01
-1.722926272670000092e-01 -8.967638219989999548e-01
-2.242755797550000096e-01 -1.000000000000000000e+00
-2.322855083220000116e-01 -9.593669831850000218e-01
-2.566483776380000248e-01 -9.264398526460000394e-01
7.251504178199999484e-02 -8.763133795869999521e-01
9.886482173999999734e-02 -8.314128165099999856e-01
2.340437822200000170e-02 -6.070265485470000000e-01
-7.427841064699999829e-02 -4.803364437479999971e-01
3.048750640289999980e-01 -7.530035321510000212e-01
2.969562717259999762e-01 -6.552049601049999561e-01
1.933511542620000023e-01 -4.561983262639999759e-01
7.189727675800000606e-02 -3.343132232989999841e-01
-2.639758791969999963e-01 -2.679756773100000142e-02
-4.082322814889999818e-01 -2.392634122470000124e-01
-2.397066563230000058e-01 -4.430542905379999952e-01
-3.260962600000000267e-02 -6.010214060549999848e-01
-4.669072607220000060e-01 -7.924084094490000396e-01
-5.659069794909999951e-01 -9.103867793979999457e-01
-5.549198596500000136e-01 -9.956457367009999837e-01
-5.117907476909999698e-01 -9.890134655140000453e-01
-1.775744383389999959e-01 -8.950463718500000221e-01
-2.304118638260000129e-01 -1.000000000000000000e+00
-2.447071519239999993e-01 -9.585090374960000270e-01
-2.706631087470000030e-01 -9.318978078830000289e-01
7.092711701600000473e-02 -8.707229060469999782e-01
9.848460606499999381e-02 -8.369953163769999760e-01
1.248875142099999981e-02 -6.262160757310000214e-01
-9.108636488900000161e-02 -5.120027113659999518e-01
3.045650692710000218e-01 -7.415039573920000349e-01
3.065303022850000003e-01 -6.697497332730000252e-01
1.957559656160000050e-01 -4.813345789699999822e-01
6.897801379300000368e-02 -3.614559504489999742e-01
-2.607976716929999994e-01 -1.148120083200000058e-02
-4.124686051240000206e-01 -2.128851259329999912e-01
-2.467538683889999862e-01 -4.103432229749999771e-01
-3.862507831800000152e-02 -5.814419755209999652e-01
-4.803173532689999914e-01 -8.032315743369999872e-01
-5.807709149609999733e-01 -9.104551891340000314e-01
-5.690960411240000294e-01 -9.931426501090000469e-01
-5.243879032629999992e-01 -9.817411812340000044e-01
-1.817403912780000130e-01 -9.144783391170000497e-01
-2.338640696679999964e-01 -1.000000000000000000e+00
-2.452375553710000045e-01 -9.624862151080000316e-01
-2.740385320240000255e-01 -9.511624698270000344e-01
7.469056670500000272e-02 -8.901363938620000527e-01
9.678040219300000635e-02 -8.190064514599999512e-01
6.790940066999999816e-03 -5.996140330650000516e-01
-1.063481030250000015e-01 -4.913500869519999981e-01
3.126664220479999923e-01 -7.547081519199999589e-01
3.081480100919999909e-01 -6.517747991990000545e-01
1.925446403559999964e-01 -4.540027952380000231e-01
5.670716126199999707e-02 -3.361935080510000118e-01
-2.599105239410000046e-01 -5.595299025999999655e-03
-4.151619190570000062e-01 -2.125049941619999994e-01
-2.390995584310000033e-01 -4.102056278010000057e-01
-1.681468305099999977e-02 -5.777005887239999860e-01
-4.739235492189999843e-01 -8.071605209979999529e-01
-5.778238988499999618e-01 -9.097461750890000198e-01
-5.646645580089999505e-01 -1.000000000000000000e+00
-5.174279331600000198e-01 -9.930415524500000313e-01
-1.745984271699999868e-01 -9.267646056660000520e-01
-2.370230213610000081e-01 -9.980782811060000537e-01
-2.417433765210000030e-01 -9.623134449479999741e-01
-2.656245736119999812e-01 -9.510087237830000539e-01
8.594116895700000536e-02 -9.083730229290000180e-01
1.128248178910000038e-01 -8.177090489420000274e-01
2.882653198399999853e-02 -5.818504644240000134e-01
-9.012023894100000543e-02 -4.702460220749999920e-01
3.333489852809999876e-01 -7.792526222290000470e-01
3.337362689039999886e-01 -6.559696493769999748e-01
2.176186895689999901e-01 -4.441642972679999968e-01
7.118233518500000079e-02 -3.236074173080000227e-01
-2.519419851629999818e-01 -8.453150480000000454e-04
-4.069214096150000071e-01 -2.096648835540000089e-01
-2.371204298659999876e-01 -4.063648919639999968e-01
-2.300164867799999943e-02 -5.661488917779999852e-01
-4.784172416440000131e-01 -7.985720235369999642e-01
-5.769585614579999522e-01 -9.072952249119999868e-01
-5.582285471669999888e-01 -9.971537749869999745e-01
-5.066208914349999981e-01 -9.860311232389999958e-01
-1.839765746470000130e-01 -9.146874249509999721e-01
-2.452997125870000072e-01 -1.000000000000000000e+00
-2.450294928010000040e-01 -9.554970304530000513e-01
-2.644312734820000177e-01 -9.223100549120000213e-01
7.729258689199999810e-02 -8.961569679719999515e-01
1.084259596099999973e-01 -8.320287459809999620e-01
3.386894272799999966e-02 -6.012759778330000193e-01
-7.786437195999999783e-02 -4.794073269420000005e-01
3.267029504289999942e-01 -7.698945433510000491e-01
3.311602933639999913e-01 -6.484814830199999713e-01
2.253512772780000006e-01 -4.308070823249999792e-01
8.600244616499999606e-02 -3.021183542399999977e-01
-2.623502601009999879e-01 -7.842282887000000258e-03
-4.177008939240000052e-01 -2.187964469139999923e-01
-2.412591306509999922e-01 -4.108650305789999790e-01
-1.991728886599999915e-02 -5.793860746129999573e-01
-4.717732924360000246e-01 -7.948849490849999588e-01
-5.721816956470000548e-01 -9.088116547760000108e-01
-5.614566063389999639e-01 -1.000000000000000000e+00
-5.167096139500000351e-01 -9.915696473220000362e-01
-1.728366662359999972e-01 -9.062966878020000117e-01
-2.348953730059999967e-01 -9.961092864520000312e-01
-2.430250304600000133e-01 -9.705208464550000302e-01
-2.685505185220000146e-01 -9.545969145710000436e-01
8.352565453599999912e-02 -8.868406858289999972e-01
9.853877808699999796e-02 -8.329338150680000163e-01
1.750212538800000051e-02 -6.093711426300000289e-01
-9.126042552700000532e-02 -4.890265852580000239e-01
3.224207405730000198e-01 -7.605774971109999782e-01
3.055099982350000243e-01 -6.555566306750000294e-01
1.943710963120000024e-01 -4.389994740029999898e-01
6.026021530399999770e-02 -3.035645062249999748e-01
-2.631087497540000042e-01 -4.442988414000000226e-03
-4.221687736970000104e-01 -2.106083523750000019e-01
-2.454658160640000031e-01 -4.006506624510000059e-01
-1.583856759399999981e-02 -5.669119549440000405e-01
-4.737600860060000030e-01 -8.018097510389999849e-01
-5.720746670249999832e-01 -9.132184235589999588e-01
-5.609943940549999564e-01 -1.000000000000000000e+00
-5.153713485740000211e-01 -9.806441349150000208e-01
-1.707536884470000071e-01 -9.143670976119999683e-01
-2.343456343760000060e-01 -9.998128253770000029e-01
-2.402338104199999991e-01 -9.625472395540000115e-01
-2.612948165000000267e-01 -9.430357714689999726e-01
8.941316006400000516e-02 -8.948250829580000065e-01
1.052351901409999957e-01 -8.326792130379999657e-01
2.346017608799999890e-02 -6.117778965019999848e-01
-8.509044450000000093e-02 -5.010215675189999551e-01
3.324970953420000042e-01 -7.663000804870000460e-01
3.216015368680000264e-01 -6.660933888610000020e-01
2.114287362180000129e-01 -4.596664314510000016e-01
7.796140799600000115e-02 -3.350423695279999836e-01
-2.613890175049999876e-01 -9.649684283000000556e-03
-4.115582646859999860e-01 -2.182907035320000022e-01
-2.277870663880000035e-01 -4.062504261279999973e-01
-4.643332638000000068e-03 -5.749329642760000469e-01
-4.728099034789999822e-01 -7.933146430440000119e-01
-5.668702924470000459e-01 -9.060759042829999999e-01
-5.617375523859999831e-01 -1.000000000000000000e+00
-5.249309120759999558e-01 -9.889034634700000215e-01
-1.699775614769999943e-01 -9.020786925620000174e-01
-2.363456584089999868e-01 -9.898510713000000516e-01
-2.446084621890000088e-01 -9.631857614600000117e-01
-2.708321249089999938e-01 -9.411585604750000167e-01
9.127821563700000418e-02 -8.828434340609999653e-01
1.152644709820000030e-01 -8.351801441970000406e-01
3.488754449999999924e-02 -6.168861842809999496e-01
-7.870531587800000395e-02 -4.926921648340000237e-01
3.348774022189999755e-01 -7.550824526680000037e-01
3.313410367169999926e-01 -6.596264316640000347e-01
2.237320538460000063e-01 -4.495283839679999893e-01
8.763812072700000178e-02 -3.129969420520000156e-01
-2.597839363339999874e-01 -9.866863983999999560e-03
-4.079300946709999987e-01 -2.151196132129999938e-01
-2.363155133519999895e-01 -4.068434541700000073e-01
-2.105215888000000132e-02 -5.737132172629999527e-01
-4.846679834700000078e-01 -8.041381202230000191e-01
-5.741857522359999910e-01 -9.073155821360000539e-01
-5.676572264139999602e-01 -9.960793028459999920e-01
-5.228594728750000087e-01 -9.797953650870000475e-01
-1.824648417289999880e-01 -9.158016753219999639e-01
-2.372862247299999949e-01 -1.000000000000000000e+00
-2.490126352569999868e-01 -9.424752773850000320e-01
-2.735765850579999769e-01 -9.073705280630000036e-01
8.055981895199999798e-02 -8.954649666799999741e-01
1.107039685750000058e-01 -8.319191879720000404e-01
2.522574296699999982e-02 -6.003831562650000508e-01
-8.477641009899999913e-02 -4.845192902939999824e-01
3.307058326660000103e-01 -7.699296000219999492e-01
3.320855859469999949e-01 -6.695515313430000504e-01
2.174521695699999924e-01 -4.650627340040000002e-01
8.147449905299999906e-02 -3.465720457099999985e-01
-2.704273592379999869e-01 -8.133867750999999521e-03
-4.268105306050000158e-01 -2.101531090609999874e-01
-2.450929939419999870e-01 -3.974662634810000039e-01
-1.228660537100000061e-02 -5.731432437779999667e-01
-4.766354732390000182e-01 -8.137173086710000058e-01
-5.699673120799999548e-01 -9.027830275899999535e-01
-5.705462913419999671e-01 -9.953721203080000413e-01
-5.362234298150000411e-01 -9.819061480890000082e-01
-1.636610470500000081e-01 -9.302713157369999486e-01
-2.236042181760000136e-01 -1.000000000000000000e+00
-2.400092669409999990e-01 -9.522444377900000090e-01
-2.697729735859999978e-01 -9.177429462980000174e-01
1.028082266870000011e-01 -9.084100760390000362e-01
1.058002104289999940e-01 -8.148455409870000166e-01
1.833138885800000145e-02 -5.890446514920000265e-01
-8.856146425300000236e-02 -4.745305031800000073e-01
3.520476175669999819e-01 -7.741972696609999982e-01
3.235817735259999828e-01 -6.490686151790000524e-01
2.079164164479999910e-01 -4.434932739679999791e-01
7.870340825999999623e-02 -3.221563473090000018e-01
-2.817231444059999923e-01 -5.823411159000000357e-03
-4.438006825570000036e-01 -2.036261517600000126e-01
-2.648198136100000100e-01 -3.930799431979999925e-01
-2.498408793900000133e-02 -5.630711782170000346e-01
-5.166390999990000399e-01 -8.085720727990000078e-01
-6.045213468240000498e-01 -8.898741426449999770e-01
-6.046191718100000223e-01 -9.831212632319999978e-01
-5.591203577309999950e-01 -9.768795469240000306e-01
-1.963621643540000017e-01 -9.303445457989999445e-01
-2.499822433870000082e-01 -1.000000000000000000e+00
-2.718177446119999785e-01 -9.390506250500000318e-01
-2.963189077989999975e-01 -9.047996175729999813e-01
7.878796772000000448e-02 -9.102865658950000105e-01
9.029507942400000209e-02 -7.893589700930000452e-01
-5.382992052000000298e-03 -5.453663714490000203e-01
-1.101782143900000011e-01 -4.366326600839999794e-01
3.358851187460000220e-01 -7.836225680589999909e-01
3.069126648150000136e-01 -6.246740516259999820e-01
1.872647162709999979e-01 -4.093655298780000118e-01
6.051880723200000339e-02 -3.001267109119999943e-01
-2.666923219160000080e-01 2.521242341999999862e-03
-4.367474602329999844e-01 -1.996356408730000087e-01
-2.712764237129999811e-01 -3.916209682540000014e-01
-2.294711948200000087e-02 -5.580198923710000258e-01
-5.011350400899999835e-01 -8.130714860329999460e-01
-5.854833592270000109e-01 -8.950224039919999486e-01
-5.890798703859999597e-01 -9.891746446989999608e-01
-5.448530861699999450e-01 -9.705268264519999466e-01
-1.836632011609999893e-01 -9.370731317899999580e-01
-2.255080046429999985e-01 -1.000000000000000000e+00
-2.534976088079999856e-01 -9.116291970380000498e-01
-2.806633792470000222e-01 -8.571581216260000247e-01
8.695382805699999884e-02 -9.174816643430000473e-01
1.051982584449999980e-01 -7.922624859529999730e-01
8.452585892000000212e-03 -5.431161711999999975e-01
-9.161202985600000459e-02 -4.277920041589999833e-01
3.390967578180000275e-01 -7.895412554830000262e-01
3.163065720420000226e-01 -6.302031199790000260e-01
1.901928715250000013e-01 -4.134610227850000208e-01
6.204626542100000197e-02 -3.008216503009999987e-01
-2.741794148009999987e-01 1.137359411999999985e-03
-4.454496790870000056e-01 -1.974763644099999937e-01
-2.802716242419999726e-01 -3.880856415000000226e-01
-3.895861671499999818e-02 -5.495695206580000214e-01
-5.020129570369999961e-01 -8.062154832879999677e-01
-5.950852598470000032e-01 -8.847078668629999587e-01
-6.034836844280000445e-01 -9.730003980860000290e-01
-5.676226620659999833e-01 -9.591249008379999497e-01
-1.919129507519999889e-01 -9.271124545890000457e-01
-2.410207764769999872e-01 -1.000000000000000000e+00
-2.696405215739999806e-01 -9.292306504089999919e-01
-3.027161739479999891e-01 -8.811727475789999930e-01
7.860467479299999838e-02 -9.074330761450000171e-01
9.205127436200000179e-02 -7.961721292919999859e-01
-2.214328060000000085e-04 -5.480989849830000260e-01
-1.052371391979999987e-01 -4.282582358420000124e-01
3.353803200869999723e-01 -7.795258462199999849e-01
3.171364205480000087e-01 -6.410356482169999870e-01
1.971213461359999919e-01 -4.276991077369999839e-01
6.533527624500000408e-02 -3.107630722379999821e-01
-2.672656277989999829e-01 2.313144499999999991e-05
-4.370644899910000047e-01 -2.017989304270000062e-01
-2.777337325040000193e-01 -4.017504158030000272e-01
-3.989062033600000029e-02 -5.740667843710000051e-01
-4.988116646619999983e-01 -8.012521685729999676e-01
-5.919837602240000107e-01 -8.779468283819999996e-01
-6.002088653479999980e-01 -9.749134361969999940e-01
-5.662048224629999682e-01 -9.765807425600000480e-01
-1.931442900639999960e-01 -9.251896317900000222e-01
-2.381649053669999960e-01 -1.000000000000000000e+00
-2.606567215100000223e-01 -9.456144929759999762e-01
-2.933731821939999929e-01 -9.060951357440000242e-01
7.638153237299999399e-02 -9.078791228470000085e-01
9.677118463400000148e-02 -7.945372943370000440e-01
1.468976399400000014e-02 -5.389444487090000457e-01
-8.699552212099999349e-02 -4.061314705360000166e-01
3.343780694799999842e-01 -7.795649036620000416e-01
3.241096184849999728e-01 -6.326673319519999783e-01
2.102097012190000114e-01 -4.113907013640000221e-01
8.104753375499999801e-02 -2.860741536809999763e-01
-2.704330708689999807e-01 -3.502017440000000040e-03
-4.430141041819999903e-01 -2.066689529830000038e-01
-2.828298512519999974e-01 -3.987992151540000196e-01
-4.424776416799999779e-02 -5.645074424489999743e-01
-4.964544094150000197e-01 -8.031283819710000049e-01
-5.894655147599999756e-01 -8.903295535749999878e-01
-5.983939679280000368e-01 -9.879000468059999651e-01
-5.659376468640000546e-01 -9.820880753509999561e-01
-1.919629657480000084e-01 -9.215226949520000099e-01
-2.450864741830000026e-01 -1.000000000000000000e+00
-2.678508780960000002e-01 -9.440137733250000274e-01
-3.037278438370000222e-01 -9.048719122759999456e-01
7.719680478099999466e-02 -9.051323322850000075e-01
9.690708106699999491e-02 -8.096714856590000453e-01
1.414799287400000070e-02 -5.563058423129999541e-01
-9.288123495899999749e-02 -4.213302327460000107e-01
3.346945950490000099e-01 -7.798794772930000008e-01
3.272279308819999732e-01 -6.536652282429999961e-01
2.165197439999999862e-01 -4.338185744670000066e-01
8.734843049399999837e-02 -3.038620613490000122e-01
-2.693216727530000076e-01 -9.481970389999999681e-04
-4.414162406919999726e-01 -1.966658537319999900e-01
-2.823515993469999930e-01 -3.889129053490000265e-01
-4.536296982699999925e-02 -5.612270199859999975e-01
-4.952416142000000132e-01 -7.980923499059999759e-01
-5.883740031699999928e-01 -8.813261055569999725e-01
-5.977415102040000150e-01 -9.808486628589999645e-01
-5.664965485630000241e-01 -9.829191989309999933e-01
-1.890645081220000134e-01 -9.215088608499999445e-01
-2.407069213349999903e-01 -1.000000000000000000e+00
-2.665102515389999871e-01 -9.377177284709999894e-01
-3.038518142709999981e-01 -8.928463937110000526e-01
8.035436332400000548e-02 -9.057259682010000423e-01
9.764322397300000123e-02 -7.994014735590000420e-01
1.245380343199999941e-02 -5.424637299340000496e-01
-9.274876000300000256e-02 -4.096837222499999931e-01
3.381626809759999963e-01 -7.810040040419999885e-01
3.237429490159999812e-01 -6.342237141430000502e-01
2.105572462239999887e-01 -4.103313510239999795e-01
8.249871602599999354e-02 -2.860294483490000150e-01
-2.736027337649999946e-01 3.297651473999999808e-03
-4.545998719739999805e-01 -1.863168983629999997e-01
-2.941720995589999776e-01 -3.770832692860000002e-01
-4.290922953000000234e-02 -5.438464675780000368e-01
-5.048262396589999756e-01 -8.029014824060000111e-01
-5.967736712560000045e-01 -8.854940226220000543e-01
-5.946547576840000016e-01 -9.728137431519999767e-01
-5.499687450679999756e-01 -9.592693929169999745e-01
-1.953163374820000020e-01 -9.287397806620000251e-01
-2.415110580969999921e-01 -1.000000000000000000e+00
-2.611047234910000014e-01 -9.224350973410000432e-01
-2.890983481680000078e-01 -8.749513755240000412e-01
7.553527913200000499e-02 -9.128288684890000226e-01
8.215722562799999962e-02 -7.838072810670000390e-01
-5.533250122999999916e-03 -5.309923901930000412e-01
-1.040026124339999969e-01 -4.171740213110000095e-01
3.333337432340000017e-01 -7.898811902700000331e-01
3.011748438449999843e-01 -6.323815438090000240e-01
1.862662756210000103e-01 -4.152214591239999919e-01
6.416203649599999670e-02 -3.053065750130000144e-01
-2.667073429349999802e-01 -9.802515620000000485e-04
-4.344976333839999927e-01 -1.961141170379999965e-01
-2.612209705449999864e-01 -3.837079646359999874e-01
-2.693031562999999989e-02 -5.610417911730000151e-01
-4.803811204940000024e-01 -8.009855446750000496e-01
-5.757546600070000409e-01 -8.971977073850000428e-01
-5.801185369920000001e-01 -9.951500320360000540e-01
-5.483683434410000501e-01 -9.851874920890000276e-01
-1.751604363519999874e-01 -9.234006645929999646e-01
-2.265022574030000069e-01 -1.000000000000000000e+00
-2.461766325230000108e-01 -9.623372496209999793e-01
-2.783798180059999794e-01 -9.199660912560000403e-01
9.144172820300000559e-02 -9.071368591620000421e-01
1.018976080949999946e-01 -8.109579322719999706e-01
8.715444406000000255e-03 -6.023130900509999774e-01
-1.029536318579999943e-01 -4.826770592210000155e-01
3.435793351699999998e-01 -7.774549936719999943e-01
3.218913890299999747e-01 -6.528975994090000512e-01
2.100936094420000066e-01 -4.571741058489999787e-01
8.271315359599999695e-02 -3.312684040789999895e-01
-2.692599928559999967e-01 -4.458103344999999641e-03
-4.319885946220000106e-01 -2.056011573479999965e-01
-2.696470604610000099e-01 -4.002600259140000061e-01
-3.878505742399999956e-02 -5.619677569469999634e-01
-4.951840732660000022e-01 -7.914476529210000555e-01
-5.796324008780000536e-01 -8.885283440690000534e-01
-5.837457303109999662e-01 -9.783185927759999734e-01
-5.470681301890000237e-01 -9.648139887200000153e-01
-1.936348525740000104e-01 -9.074149545420000518e-01
-2.382864201240000035e-01 -1.000000000000000000e+00
-2.649812361880000133e-01 -9.299196834720000471e-01
-2.974132721630000087e-01 -8.755874774799999871e-01
6.846840480400000206e-02 -8.909635774999999924e-01
8.905700186199999591e-02 -8.057229792479999597e-01
-6.030866630000000263e-04 -5.599023256580000218e-01
-1.006564489920000055e-01 -4.354456356720000088e-01
3.199268345860000196e-01 -7.728401005249999622e-01
3.036371372359999987e-01 -6.553899766349999823e-01
1.906168762809999917e-01 -4.481837334439999765e-01
6.842758335800000480e-02 -3.325336345289999773e-01
-2.657224893419999900e-01 -6.593713555999999691e-03
-4.334437918460000150e-01 -2.086287535259999937e-01
-2.632428056730000132e-01 -4.029191424140000088e-01
-3.037649820699999878e-02 -5.739501283479999660e-01
-4.723716628990000110e-01 -8.063381170640000484e-01
-5.696489922190000055e-01 -9.019498139930000047e-01
-5.769757930540000412e-01 -9.964757246450000050e-01
-5.516196057479999526e-01 -9.909989478070000413e-01
-1.709707210289999890e-01 -9.276348793719999541e-01
-2.262531842670000015e-01 -1.000000000000000000e+00
-2.492521179590000135e-01 -9.658945429309999664e-01
-2.845079017609999927e-01 -9.295421821760000425e-01
9.121324112299999953e-02 -9.089393213849999986e-01
9.725710528700000357e-02 -8.089146453490000388e-01
1.249913131699999930e-02 -5.859746056719999929e-01
-8.873640782099999347e-02 -4.571783238539999794e-01
3.403685823309999803e-01 -7.756101414430000007e-01
3.171378187800000248e-01 -6.405898794050000067e-01
2.072829730469999965e-01 -4.349389451360000103e-01
8.365732506299999871e-02 -3.041537178559999832e-01
-2.671744963889999824e-01 2.595510599999999862e-04
-4.343570999199999894e-01 -2.006934158779999922e-01
-2.782806678840000214e-01 -3.980320679320000221e-01
-4.669999511899999844e-02 -5.604744781260000419e-01
-4.981008799350000182e-01 -8.040995998090000318e-01
-5.876588610070000440e-01 -8.873425871829999645e-01
-5.957090961519999617e-01 -9.775446469690000084e-01
-5.626842358160000224e-01 -9.751112791989999806e-01
-1.949800932569999978e-01 -9.269709901149999487e-01
-2.390151463330000003e-01 -1.000000000000000000e+00
-2.646215976299999828e-01 -9.387206276930000204e-01
-2.965032897229999964e-01 -9.031517177029999566e-01
7.305154106800000602e-02 -9.092710781089999861e-01
9.563908611599999943e-02 -7.961470451709999896e-01
5.400268508999999870e-03 -5.480454334840000330e-01
-9.854853574199999577e-02 -4.311876227429999875e-01
3.321540198999999860e-01 -7.857227312610000070e-01
3.173619238390000263e-01 -6.380316431750000516e-01
1.986519273250000051e-01 -4.261789611710000147e-01
6.812844353600000513e-02 -3.160141370580000220e-01
-2.703648471999999803e-01 -4.824011639999999622e-03
-4.370788041470000107e-01 -2.056296929220000069e-01
-2.794418940830000198e-01 -3.979958728479999763e-01
-4.362179060899999683e-02 -5.646070540440000229e-01
-4.866920851920000235e-01 -7.959796544320000278e-01
-5.836814945880000050e-01 -8.893534397629999644e-01
-5.905594090860000200e-01 -9.894253827890000519e-01
-5.497444040950000277e-01 -9.805197631719999585e-01
-1.782279310909999914e-01 -9.133453305550000012e-01
-2.272218706799999932e-01 -1.000000000000000000e+00
-2.533586175120000061e-01 -9.355227255319999990e-01
-2.823131664469999969e-01 -8.852436188350000235e-01
8.627869828100000194e-02 -8.944944440640000272e-01
1.005148191890000015e-01 -7.943424971689999614e-01
1.000605906700000047e-02 -5.526637056500000034e-01
-8.779158421100000109e-02 -4.270491671130000055e-01
3.345151873000000164e-01 -7.687142551979999627e-01
3.126161601099999854e-01 -6.374079552460000242e-01
1.948882162560000020e-01 -4.269175738470000203e-01
7.291919407699999633e-02 -3.043498325360000090e-01
-2.770238692229999855e-01 3.566453625999999912e-03
-4.584356059279999784e-01 -1.998153005440000130e-01
-2.950625054600000130e-01 -4.037556931799999860e-01
-4.511949745200000139e-02 -5.712615901490000203e-01
-5.064338008950000081e-01 -8.215136687920000513e-01
-6.081086156620000294e-01 -8.991642091660000391e-01
-6.167784149970000351e-01 -9.931126707949999854e-01
-5.938798098390000169e-01 -9.908876098650000186e-01
-1.928688812719999979e-01 -9.578346620000000033e-01
-2.328527020120000068e-01 -1.000000000000000000e+00
-2.583256805160000225e-01 -9.589806240980000007e-01
-2.999674626280000034e-01 -9.381560184160000482e-01
8.198028083899999707e-02 -9.408518049990000076e-01
1.005585008869999963e-01 -7.693541297349999475e-01
8.695939294999999875e-03 -5.287483155200000118e-01
-1.014798656959999962e-01 -4.218863695930000213e-01
3.414081734150000158e-01 -8.086497128390000011e-01
3.132337676010000238e-01 -6.079001838740000219e-01
1.960278266759999943e-01 -3.919277051250000254e-01
6.699520469299999337e-02 -2.849920857830000043e-01
-2.858227199239999905e-01 -2.978757312999999896e-03
-4.731038760199999804e-01 -2.001463300040000060e-01
-3.121312126870000037e-01 -3.883958443930000115e-01
-4.719884288199999861e-02 -5.360450953059999746e-01
-4.987188708099999923e-01 -8.284335548979999686e-01
-6.040469456460000330e-01 -8.835041379100000425e-01
-6.221840011839999685e-01 -9.720629736450000502e-01
-5.932059689669999525e-01 -9.690448914370000111e-01
-1.910166071789999864e-01 -9.509357772719999602e-01
-2.505458053960000209e-01 -1.000000000000000000e+00
-2.879197716949999930e-01 -9.307403739380000207e-01
-3.227750129620000075e-01 -8.950482713089999987e-01
8.071689973600000567e-02 -9.273191080699999533e-01
7.865779303900000130e-02 -7.836085558549999996e-01
-1.553968071600000077e-02 -5.515202693959999625e-01
-1.153308103309999971e-01 -4.528723213799999980e-01
3.382481863119999876e-01 -7.916347669329999448e-01
3.020746641770000185e-01 -6.366694297580000050e-01
1.783820703319999867e-01 -4.375645885530000112e-01
5.272944092799999871e-02 -3.354508754450000185e-01
-2.786179968909999749e-01 5.262318046000000020e-03
-4.607549685589999999e-01 -1.896055141830000068e-01
-3.032040155430000272e-01 -3.807585367490000094e-01
-4.948203764100000263e-02 -5.410808622999999651e-01
-5.146013898489999461e-01 -8.128136104280000440e-01
-6.170170238390000339e-01 -8.755492013340000490e-01
-6.276876565150000253e-01 -9.792885700050000253e-01
-5.877376444159999602e-01 -9.846003385070000169e-01
-1.959175809110000055e-01 -9.474171278930000328e-01
-2.465998656110000020e-01 -1.000000000000000000e+00
-2.824834434469999933e-01 -9.304539593399999697e-01
-3.176035173260000066e-01 -8.908252366869999772e-01
8.190352950199999982e-02 -9.320895643330000535e-01
9.174513983099999437e-02 -7.665988350469999935e-01
-1.139382827799999970e-02 -5.154252178210000368e-01
-1.195806213499999993e-01 -4.047517732559999803e-01
3.397159050529999780e-01 -8.044741442680000132e-01
3.135324427539999959e-01 -6.153579402679999477e-01
1.838189797500000000e-01 -4.013527816299999884e-01
5.006408474299999661e-02 -2.977920994789999831e-01
-2.736501721549999822e-01 6.562689398999999729e-03
-4.506896654570000105e-01 -1.957695770510000099e-01
-2.884894256300000182e-01 -3.888687414590000224e-01
-4.366199404699999675e-02 -5.513828679069999739e-01
-4.982516508320000148e-01 -8.050336338089999488e-01
-5.955374924380000268e-01 -8.701513660890000113e-01
-6.144423250039999784e-01 -9.751723741750000229e-01
-5.888681077620000481e-01 -9.826913948990000369e-01
-1.866233328169999983e-01 -9.342619335289999993e-01
-2.321058279379999978e-01 -1.000000000000000000e+00
-2.746861288770000020e-01 -9.490747370450000053e-01
-3.218369000479999742e-01 -9.051194515270000185e-01
8.865488940900000114e-02 -9.174110367000000155e-01
1.043413681280000033e-01 -7.841387862399999964e-01
2.811410208999999896e-03 -5.300241128570000182e-01
-1.114934645529999935e-01 -3.922752068620000143e-01
3.464437651489999936e-01 -7.865310610339999453e-01
3.247545233729999814e-01 -6.253328200390000369e-01
2.006900270770000105e-01 -4.076289946930000130e-01
6.592583362699999672e-02 -2.813918133659999987e-01
-2.780933275599999921e-01 7.921867423000000449e-03
-4.658537893840000166e-01 -1.834271468339999933e-01
-3.081875771609999815e-01 -3.764620006000000130e-01
-4.813883775100000206e-02 -5.418725943090000330e-01
-5.046286518650000552e-01 -7.991651792530000131e-01
-6.119330219020000516e-01 -8.633880223990000324e-01
-6.310227280989999521e-01 -9.642727870239999888e-01
-6.059846125779999593e-01 -9.732446180539999769e-01
-1.955738579269999944e-01 -9.361789922140000275e-01
-2.497416797410000056e-01 -1.000000000000000000e+00
-2.927834038189999766e-01 -9.560373426529999996e-01
-3.388724312909999759e-01 -9.286195034480000388e-01
7.724611602399999999e-02 -9.236438056610000169e-01
7.828708073399999468e-02 -7.737714688589999446e-01
-2.117938851099999964e-02 -5.209877466169999805e-01
-1.289283040570000094e-01 -4.018343213080000087e-01
3.343776207120000010e-01 -7.949165231170000068e-01
2.947804667169999782e-01 -6.236808741939999789e-01
1.710402344139999864e-01 -4.061589835120000269e-01
4.297637824199999901e-02 -2.910855888550000214e-01
-2.785872626620000125e-01 -1.426183111999999907e-03
-4.544909843480000045e-01 -2.011869113199999948e-01
-2.995916975769999935e-01 -3.926906061689999783e-01
-5.325745097199999917e-02 -5.605655440400000300e-01
-4.982719031250000263e-01 -8.018685791980000310e-01
-6.028937167710000100e-01 -8.653267446300000332e-01
-6.278647919259999766e-01 -9.752857911579999595e-01
-6.053496928149999512e-01 -9.952254494819999797e-01
-1.867007329450000030e-01 -9.316360439849999953e-01
-2.378797027690000010e-01 -1.000000000000000000e+00
-2.839324370399999853e-01 -9.569867363330000209e-01
-3.322832758939999742e-01 -9.259052278320000218e-01
8.577924558499999685e-02 -9.172285959570000147e-01
9.789837897599999728e-02 -7.844274113050000441e-01
-4.102467204000000318e-03 -5.349895459789999475e-01
-1.141310702810000022e-01 -4.046999963030000202e-01
3.409666169639999911e-01 -7.886427025179999495e-01
3.126853757349999929e-01 -6.382483661740000480e-01
1.908440030069999960e-01 -4.216691928840000103e-01
6.607009602400000514e-02 -2.968687229659999760e-01
