0.196520148999 -0.067555217986
0.315148967499 -0.272920339915
0.184199333415 -0.442111494759
0.002348252209 -0.579459753535
0.288087253620 -0.736444119437
0.294078077473 -0.853787640140
0.250114155114 -0.937756527825
0.197420371348 -0.954129257563
0.042972570055 -0.780306748225
0.052807981705 -0.908836984784
0.034427480912 -0.958793672361
0.032289809701 -1.000000000000
-0.171670563386 -0.727353392544
-0.196664038401 -0.674489967740
-0.113337114427 -0.444215363380
-0.017506601069 -0.294676417572
-0.364011067836 -0.592912898777
-0.348290979316 -0.500477661427
-0.237025187098 -0.310482154545
-0.120616490719 -0.188442700414
0.203267338050 -0.065294039429
0.325836255182 -0.277027447879
0.187736634730 -0.450894400549
-0.000720372690 -0.589720517325
0.300341523840 -0.757069473507
0.304203612594 -0.870874245043
0.247661704773 -0.943051599493
0.188966610446 -0.945503852641
0.041335465525 -0.808327442980
0.055955788526 -0.923728908453
0.033895657935 -0.962457746922
0.033067159357 -1.000000000000
-0.184589786478 -0.756522720433
-0.197881805691 -0.666906479855
-0.113157824139 -0.436422327821
-0.013602050076 -0.300180034852
-0.385679560125 -0.621298000546
-0.359179736252 -0.497197125041
-0.248481047060 -0.306340761010
-0.131976685866 -0.195051578498
0.198299767049 -0.066184975317
0.319298724866 -0.273426193796
0.191268271231 -0.445768277950
0.011366590530 -0.586668297830
0.294070952826 -0.754181535972
0.295546530094 -0.869312707921
0.245426370814 -0.944708253455
0.190309383499 -0.947050907589
0.042012767561 -0.803531584559
0.053933235371 -0.928399863483
0.037412145402 -0.967349855350
0.035658644772 -1.000000000000
-0.179691529396 -0.748250959583
-0.191350524498 -0.657171222107
-0.106849368550 -0.430959388203
-0.013656938538 -0.297455732682
-0.378089073569 -0.610126813685
-0.346495593774 -0.479601826996
-0.236473624042 -0.294077556258
-0.123719861129 -0.190370146652
0.197783669252 -0.067258130098
0.312245756176 -0.278451235841
0.177845751065 -0.448790205549
0.004298814130 -0.588912721752
0.286746076077 -0.738014317515
0.290356486691 -0.857591514086
0.234390216410 -0.927687682939
0.173129376964 -0.928184647757
0.037910566412 -0.785635663181
0.049465682959 -0.904682010969
0.026183748292 -0.956226024528
0.017048654179 -1.000000000000
-0.178138727569 -0.733275525236
-0.187699995254 -0.640739101685
-0.100923161207 -0.425446036192
-0.008230038580 -0.300407702818
-0.369747757269 -0.602518673830
-0.337989640406 -0.472806920269
-0.227166029602 -0.291773965889
-0.116810120193 -0.190167763275
0.202133750774 -0.066400201100
0.323255018989 -0.276733545142
0.182904172179 -0.448339297910
-0.002335087882 -0.580447313360
0.289087805279 -0.750259753271
0.298190318437 -0.862306390835
0.248070038320 -0.942668627910
0.189387461421 -0.955063182023
0.037614484611 -0.802011766245
0.057218947278 -0.918898356915
0.037390154536 -0.963780016018
0.028117459943 -1.000000000000
-0.181162756578 -0.748624903115
-0.188208198745 -0.654807537525
-0.105502676447 -0.434105364188
-0.015688384629 -0.300475587262
-0.376024195090 -0.612649878222
-0.341696151842 -0.483178751381
-0.232396951547 -0.298124797430
-0.121292835116 -0.188992834455
0.202347185197 -0.065914673465
0.321640407219 -0.276993641695
0.179862380921 -0.446259363867
-0.010117697525 -0.572015581089
0.278021682599 -0.742821902620
0.292367471389 -0.858396782509
0.244315058790 -0.940928153924
0.181700826050 -0.954794924158
0.027912534594 -0.791907458775
0.043059840970 -0.923149599473
0.024468875633 -0.967772629069
0.010288894343 -1.000000000000
-0.189059078554 -0.738641627211
-0.197919918532 -0.658702459988
-0.105965956831 -0.435461752389
-0.015252856725 -0.299414118165
-0.380818090309 -0.603885021098
-0.344701524426 -0.483062265016
-0.233002022198 -0.297993058445
-0.125462327441 -0.189671396710
0.204788298894 -0.065650371993
0.314092276197 -0.275877065878
0.168602613974 -0.450354630754
-0.003291248016 -0.588210011537
0.288095014176 -0.723101022210
0.291013595278 -0.846013866920
0.233765534467 -0.931968514525
0.162261715950 -0.947794999721
0.042119191282 -0.775533180221
0.048445336961 -0.909477430828
0.018533029719 -0.961885758129
-0.007035790180 -1.000000000000
-0.172414165825 -0.725551329860
-0.193239482891 -0.636184975674
-0.105728462960 -0.421029239856
-0.016821927998 -0.297417134025
-0.362654043199 -0.595639916269
-0.342877277375 -0.467665598966
-0.234862314527 -0.291812831901
-0.127443686826 -0.196293558602
0.200575989785 -0.069983198139
0.308011477892 -0.280310259949
0.167071281073 -0.454054918971
-0.002533120483 -0.590179562287
0.283213075443 -0.724407068677
0.284428608311 -0.842715217241
0.233206812481 -0.932696583802
0.164854350078 -0.952589318180
0.040521817413 -0.772343231067
0.042970906061 -0.908249909773
0.015986662143 -0.961904010414
-0.003800018654 -1.000000000000
-0.171095347069 -0.719235224703
-0.191789763165 -0.652103138826
-0.106208015060 -0.434945336504
-0.016803043800 -0.300262976836
-0.359137301709 -0.584877784371
-0.341526437136 -0.479300289673
-0.233790980163 -0.300902508654
-0.124334560243 -0.194650337457
0.196353336096 -0.068290154719
0.306717615746 -0.278519953252
0.166173705330 -0.447584453098
-0.008967794022 -0.583540273069
0.275271444727 -0.725158779635
0.276048728858 -0.841553415032
0.224268004079 -0.922691744231
0.159821317490 -0.938534179599
0.033871087220 -0.770376884091
0.038956711096 -0.900672198650
0.011119335290 -0.955771229811
-0.007360429946 -1.000000000000
-0.176503787946 -0.718710531599
-0.199008450993 -0.660276975005
-0.115011597602 -0.441510865186
-0.024300279994 -0.304743645144
-0.363695764011 -0.588723770541
-0.342479508974 -0.485765557896
-0.233901002983 -0.302595347688
-0.123083037273 -0.192063899937
0.203873313339 -0.069507814808
0.316284614484 -0.282751294028
0.165187919071 -0.453352147092
-0.017526110030 -0.580920618201
0.284962297179 -0.736872552411
0.285277716352 -0.855383548861
0.234141505452 -0.931496923129
0.172974737539 -0.937103541544
0.038253241586 -0.785620841262
0.040154849786 -0.919092424808
0.015941569138 -0.965058205067
-0.001306460529 -1.000000000000
-0.178008713867 -0.731602494778
-0.195308233583 -0.649305881749
-0.106987739515 -0.427909754653
-0.017789243501 -0.296164963204
-0.372758058775 -0.596664638322
-0.346133213849 -0.475486389151
-0.237142363676 -0.296771931990
-0.130332793370 -0.195528856507
0.200025420710 -0.065701534647
0.318415822397 -0.272796648570
0.186074238732 -0.447385457188
0.007228259166 -0.589745479417
0.288772424799 -0.735443423246
0.297341825902 -0.865599452828
0.241351515411 -0.943376052665
0.173809031192 -0.946312999615
0.045648641331 -0.785525926559
0.061252511435 -0.929262770914
0.039894213369 -0.969928440132
0.025868935152 -1.000000000000
-0.169030165719 -0.733553285171
-0.176302426652 -0.649023896037
-0.090853617179 -0.424619672552
-0.004335769960 -0.296697302612
-0.362587554682 -0.601709058265
-0.328921301244 -0.478110032916
-0.220975505493 -0.297014833497
-0.114986591430 -0.198774505194
0.198646449599 -0.071269467750
0.313837625913 -0.280860861037
0.182321406827 -0.451790229848
0.015552737589 -0.588371334092
0.281983567081 -0.726560419071
0.288383409479 -0.855832920466
0.239347395907 -0.933194754425
0.179096069704 -0.940967452030
0.042636397093 -0.773413317808
0.050943902200 -0.917205936075
0.030899436761 -0.968913953884
0.018123134612 -1.000000000000
-0.168014105950 -0.721899477652
-0.182156316286 -0.653492181723
-0.096510811708 -0.437468357176
-0.009815516545 -0.300363684916
-0.356343272202 -0.592389083217
-0.330148096890 -0.475110017059
-0.223468713225 -0.296283412620
-0.118491970489 -0.190657208329
0.200035179259 -0.071385352670
0.320780161099 -0.284913135945
0.190426163648 -0.458006092580
0.015099112030 -0.598134398867
0.288838678110 -0.751735020058
0.299552132159 -0.878565188318
0.245284944831 -0.944921935918
0.184678727914 -0.935365247879
0.046785089749 -0.796846659183
0.060871580174 -0.937246977137
0.041208564000 -0.976682307051
0.035801114193 -1.000000000000
-0.167187219968 -0.743005371285
-0.182377461065 -0.682883743211
-0.101024594474 -0.461916733136
-0.011514358187 -0.319228731722
-0.360010765839 -0.609468103709
-0.333799467107 -0.498163233479
-0.226685444986 -0.312567884707
-0.117606244599 -0.199570592960
0.197872631482 -0.074084269330
0.320510293346 -0.288867569547
0.196605280740 -0.463280723689
0.022779662807 -0.605973174795
0.292703372252 -0.760811456452
0.303363197586 -0.892400289478
0.244662489133 -0.940654327422
0.186928908466 -0.909670693162
0.047272668961 -0.803702468052
0.068443192300 -0.948765036403
0.049290982329 -0.981125551260
0.051009535871 -1.000000000000
-0.170844055478 -0.748131581018
-0.190083796708 -0.702257733361
-0.113672596852 -0.470826994988
-0.019995566704 -0.315597254089
-0.368241980397 -0.611396986736
-0.344484364179 -0.509843706337
-0.238333608605 -0.319433346249
-0.125623624038 -0.199539835667
0.205343339492 -0.070849342438
0.329016074495 -0.285486287910
0.195649441071 -0.459744511102
0.021286132471 -0.599770644184
0.296034350945 -0.749287303159
0.309814020721 -0.886504475636
0.255762096777 -0.944514558996
0.198906051687 -0.925607481804
0.051294814692 -0.799138057683
0.068982002396 -0.942017397857
0.049667258348 -0.979958415215
0.046480128545 -1.000000000000
-0.166931857529 -0.750827288330
-0.182875629922 -0.680979022671
-0.104834677724 -0.462134685617
-0.015910414690 -0.322125663481
-0.364870708652 -0.624372382587
-0.339466311312 -0.497155089124
-0.235411074642 -0.311077004444
-0.128550910250 -0.200633277852
0.196246373798 -0.078646914867
0.313931158479 -0.292337645105
0.185535341846 -0.461123605035
0.014901968295 -0.595505162635
0.268964887514 -0.744896015441
0.288754647603 -0.878281194000
0.249308844330 -0.946846674929
0.203488745893 -0.941189184457
0.024276857149 -0.789838233323
0.041089164667 -0.931935871971
0.027475917277 -0.975460211868
0.029041875621 -1.000000000000
-0.191298335299 -0.738567888518
-0.192752178913 -0.674670016771
-0.113256452382 -0.459031499736
-0.027039427906 -0.316588967227
-0.384982200718 -0.609267573343
-0.345654211957 -0.496198301829
-0.237511091777 -0.317001403515
-0.131254998710 -0.207436472500
0.203686504503 -0.072018141219
0.327038001619 -0.286212447702
0.195712143815 -0.459288739930
0.013383748751 -0.590621656124
0.289263581398 -0.772792510238
0.305372678650 -0.903234507196
0.249355560319 -0.959704519597
0.190650236818 -0.935951359593
0.042819201945 -0.815727770628
0.066560501539 -0.964871608176
0.050014246955 -0.986982998248
0.045067704134 -1.000000000000
-0.174515798788 -0.755142311895
-0.180542680262 -0.678083091714
-0.097747939688 -0.455276565943
-0.010355005194 -0.322735102964
-0.370181658079 -0.613717344460
-0.329482287346 -0.486829651833
-0.220031826396 -0.306396376616
-0.113091780187 -0.207364099235
0.204062263054 -0.079606875049
0.313859537799 -0.293715102466
0.176741062739 -0.464393057491
0.008271870667 -0.593383239908
0.274990256904 -0.743611276834
0.281696148930 -0.864881638780
0.240627661959 -0.935656104209
0.189935624595 -0.941265934863
0.035359770747 -0.790563989265
0.048873419865 -0.929580122820
0.035558778659 -0.973127101547
0.032425697037 -1.000000000000
-0.175058658847 -0.739714094778
-0.188010082505 -0.677822128246
-0.108676309275 -0.462314268066
-0.024931868601 -0.325515386221
-0.365429008917 -0.609283128809
-0.332653979912 -0.493667964575
-0.229746426536 -0.313574405559
-0.128157272467 -0.206694002146
0.203696178656 -0.073765221865
0.325322218097 -0.289284137579
0.189343322720 -0.461440409769
0.011016861796 -0.595102177017
0.284713244776 -0.760196695320
0.300167844286 -0.889758950260
0.246267352920 -0.942051536529
0.192006998448 -0.920151714154
0.037952529292 -0.807256286585
0.059427001510 -0.948508582649
0.045455015045 -0.979383976346
0.044849848123 -1.000000000000
-0.178923248259 -0.750231930912
-0.170791375132 -0.663894056301
-0.088594509006 -0.445556672069
-0.004314110100 -0.315124202705
-0.374257402103 -0.611832023478
-0.322317447242 -0.481128881959
-0.215945184182 -0.303754766895
-0.114667710327 -0.205264883353
0.202930333749 -0.072760873324
0.332864712559 -0.282044980396
0.210779488932 -0.451498092583
0.030227896630 -0.585566080242
0.285842676756 -0.748067003573
0.311685087296 -0.886612739001
0.272155499604 -0.950792419278
0.224436502513 -0.936562240728
0.044438480284 -0.792379859441
0.068868001759 -0.953988900834
0.060052241248 -0.987716571437
0.059516495103 -1.000000000000
-0.171381524093 -0.737282841573
-0.172243528100 -0.684614162516
-0.088346070301 -0.462909005591
-0.003996216071 -0.318020179771
-0.368671441537 -0.602175581801
-0.321668657862 -0.496315331337
-0.213103340678 -0.315791845999
-0.110204090260 -0.206912153571
0.206441232185 -0.074365025440
0.337222622746 -0.288482544359
0.213185709996 -0.464294642718
0.031846438535 -0.602684778418
0.293132829307 -0.758581730229
0.316173273007 -0.904284338591
0.272997250504 -0.958460881487
0.227034272749 -0.928587383668
0.049361495643 -0.804393430946
0.069959261814 -0.970597794986
0.063228730304 -0.997933987887
0.071394808864 -1.000000000000
-0.169046585836 -0.750021697449
-0.176755836556 -0.701064644568
-0.092196871072 -0.476053450067
-0.002285810444 -0.325445835041
-0.368975989885 -0.613811679970
-0.327791983412 -0.505976912531
-0.221090669982 -0.321783374740
-0.116406787124 -0.208125910904
0.204021866525 -0.084229854732
0.324797024656 -0.298509597953
0.192477047364 -0.470217955031
0.016762138167 -0.610965612929
0.274574042603 -0.752756847901
0.294690058289 -0.887637060817
0.258755462129 -0.949845604284
0.218074532902 -0.937807597826
0.029761259515 -0.798138688029
0.053105307268 -0.950352440886
0.045367567827 -0.986038461133
0.052121537933 -1.000000000000
-0.186393988688 -0.747066617325
-0.186593291180 -0.697873563043
-0.099532310281 -0.477526052897
-0.008583203382 -0.331482011973
-0.381779243974 -0.615732221725
-0.336819003093 -0.510076414580
-0.230046501649 -0.327683710853
-0.127080230382 -0.215097172283
0.212180264619 -0.081601926274
0.344228206848 -0.296009753612
0.208509038473 -0.470478693823
0.019696269229 -0.604874602765
0.301615024428 -0.785222076964
0.329800574741 -0.925560482663
0.277521433155 -0.965241386613
0.228090885412 -0.914848495294
0.046558263984 -0.836187079734
0.068472146168 -0.984219673740
0.055013668489 -1.000000000000
0.057484763535 -0.994400414763
-0.181012390892 -0.779902861872
-0.181017247324 -0.683671050841
-0.092959167707 -0.457577225274
-0.001289915878 -0.316573429083
-0.387080894309 -0.638391805374
-0.338693887327 -0.492923585454
-0.228649552835 -0.312077912340
-0.122887288951 -0.210692123376
0.203170664404 -0.079635481612
0.325715347068 -0.290336526018
0.198315600438 -0.461125717938
0.026142518680 -0.601104567530
0.287127418945 -0.758803301906
0.303967135450 -0.893949928770
0.261548240346 -0.956696310545
0.216407710647 -0.938197510664
0.036630058235 -0.805754187579
0.051064447909 -0.954407618588
0.040865922285 -0.989139772411
0.047573497318 -1.000000000000
-0.185164425681 -0.751976605485
-0.183798866658 -0.678803863974
-0.094877583691 -0.463806816565
-0.002720825032 -0.321265527126
-0.385635718467 -0.615831614169
-0.342859459198 -0.491451883864
-0.235696470375 -0.315919636779
-0.131991066590 -0.209773285398
0.200827140378 -0.075585758632
0.336638774450 -0.284469525361
0.217744630932 -0.454238542481
0.036169625891 -0.595000596113
0.302068086447 -0.773590147792
0.324625368523 -0.918415133331
0.268565280298 -0.962000114807
0.214781785720 -0.911672252469
0.050433131538 -0.820148984179
0.068764102496 -0.981280451457
0.050779789844 -1.000000000000
0.054775898181 -0.994125943294
-0.175419347337 -0.765209589035
-0.185890159125 -0.697009807168
-0.104277974274 -0.467241584867
-0.009805225485 -0.312346434580
-0.381954927944 -0.626689451443
-0.353022265201 -0.509177937624
-0.245129165250 -0.325170731277
-0.133351643580 -0.211071635161
0.201373852196 -0.083257369783
0.326883584963 -0.294654568694
0.198764800277 -0.463346977815
0.017863691086 -0.596838173125
0.282835104765 -0.763487436555
0.294479389493 -0.890269297164
0.247399592357 -0.937101320381
0.202877124836 -0.906011169609
0.036003654966 -0.811981225148
0.052554218823 -0.951346399809
0.040657286122 -0.984198778792
0.047888316522 -1.000000000000
-0.183235493886 -0.757548947678
-0.181510595188 -0.678164729804
-0.093183350120 -0.458579293819
0.001718304391 -0.321567426646
-0.381629751449 -0.619940152363
-0.336394582691 -0.492465201412
-0.229042589762 -0.313010195085
-0.122118424006 -0.208997960639
0.205543329462 -0.075841234983
0.336376817427 -0.289232078246
0.213553904014 -0.465596081128
0.033021375027 -0.608701211327
0.303070516444 -0.790944661325
0.327186055819 -0.925102404170
0.276291750408 -0.968540790890
0.226882027951 -0.922688012844
0.049234967870 -0.839247802598
0.068823271233 -0.991481426211
0.055241207037 -1.000000000000
0.061133950697 -0.993441182557
-0.177413064639 -0.780693203483
-0.179209582155 -0.696775920338
-0.094415201939 -0.463656625757
-0.002001011250 -0.317994997413
-0.384206981612 -0.636209387812
-0.340676765630 -0.501600749640
-0.231537718083 -0.315031945542
-0.123250242988 -0.209382469289
0.204608558088 -0.084592960250
0.332783096122 -0.295912244343
0.204524606985 -0.463283817750
0.019625415482 -0.595271211939
0.283638143299 -0.770753119236
0.298627105401 -0.896357173659
0.257188010514 -0.954118069731
0.214619957795 -0.933547051163
0.034169598180 -0.818586047776
0.050819362192 -0.961696847838
0.045375225395 -0.989534249542
0.056516620791 -1.000000000000
-0.187193489823 -0.762828388781
-0.177247129158 -0.683918041813
-0.086702001086 -0.463288488107
0.005764719307 -0.325181542819
-0.387159771000 -0.622912285685
-0.335061192340 -0.496506486693
-0.226695655167 -0.317178108205
-0.122328462267 -0.213465572466
0.213263770547 -0.075608586855
0.350321423483 -0.289183761713
0.224672632362 -0.466796367037
0.040088795325 -0.603369290206
0.314390302936 -0.788400414913
0.332423745552 -0.919906016185
0.280363448231 -0.962797746995
0.230753323698 -0.916295197757
0.058118084301 -0.841212105676
0.079012791371 -0.985053305143
0.065754254410 -1.000000000000
0.068950895611 -0.999440326704
-0.170122762011 -0.786120600695
-0.170429359967 -0.684687114323
-0.085989185465 -0.455487726617
0.003848525301 -0.316642999820
-0.377663172922 -0.645493072352
-0.334722251149 -0.494063706985
-0.227927661870 -0.307094553279
-0.123180995033 -0.203540396432
0.207762459563 -0.079455726764
0.341601287597 -0.288712158284
0.215606495143 -0.457955954181
0.032406796436 -0.594200339147
0.295663146253 -0.771315947612
0.309338838523 -0.898158577432
0.265083122638 -0.945824935588
0.224212596469 -0.912883751734
0.041717898649 -0.821739375258
0.059781541540 -0.953866548074
0.050647793656 -0.984692729269
0.062348530426 -1.000000000000
-0.183390534753 -0.765992005457
-0.164761938134 -0.662793578216
-0.077825659185 -0.447401860791
0.013130147568 -0.317129237785
-0.386164119348 -0.625741632516
-0.328078543096 -0.477411119593
-0.220021292979 -0.300944899927
-0.115469289605 -0.203418556969
0.205133776137 -0.072655546924
0.338072052675 -0.286240232467
0.216268859815 -0.459927808782
0.030291770611 -0.603229963904
0.305232986291 -0.787611722912
0.324758448397 -0.920887200998
0.272475737810 -0.969499700764
0.219888707435 -0.926881908403
0.050489614151 -0.830862771576
0.068865463361 -0.987996849773
0.056194391252 -1.000000000000
0.066469078808 -0.992083761079
-0.177254682306 -0.771713065326
-0.190741733404 -0.723033493907
-0.107422923343 -0.483600713171
-0.009465189782 -0.322160492120
-0.385620206168 -0.626083024361
-0.356408301068 -0.520753771220
-0.245570134325 -0.327379415959
-0.130243577726 -0.207177202060
0.200652508915 -0.081295732963
0.324648781379 -0.292389858673
0.193911479243 -0.463198984354
0.014503832311 -0.604608067089
0.292399820729 -0.761800501708
0.300603372369 -0.894422705472
0.249714541026 -0.945150416394
0.203422997021 -0.913674753150
0.042986099246 -0.810533440463
0.059779361764 -0.949524334856
0.043615033215 -0.982408794065
0.049621519607 -1.000000000000
-0.179449971274 -0.756436193635
-0.186973223894 -0.673679320724
-0.102134684349 -0.457713749589
-0.004914000104 -0.325012943475
-0.381408661219 -0.619853295192
-0.348967139208 -0.488891069408
-0.242357073143 -0.310572568885
-0.132347412252 -0.209006585495
0.208095766136 -0.074859210177
0.342714320146 -0.285937665225
0.210532884063 -0.456401239208
0.017076377794 -0.590008316638
0.305232170433 -0.788955304500
0.322371304074 -0.917271956925
0.266334739445 -0.967167498807
0.208220563340 -0.928992236375
0.046045286143 -0.836642007311
0.066332691247 -0.986771436778
0.054160795958 -1.000000000000
0.057121276209 -0.995174706560
-0.184283435410 -0.776859025839
-0.193591544465 -0.698030835865
-0.105762117951 -0.463018646703
-0.011013591463 -0.313415616131
-0.393359121580 -0.630194147773
-0.358799941507 -0.501944835825
-0.245541060186 -0.313248425983
-0.131870693425 -0.202330087653
0.211189446092 -0.068752416703
0.341745055766 -0.282139677080
0.209982564338 -0.457855762887
0.021740370528 -0.591716255711
0.300333589184 -0.771105292008
0.316604845278 -0.905629078338
0.272811442980 -0.971929994540
0.224075605982 -0.955198464122
0.047116481115 -0.822826037544
0.059563370682 -0.976939361213
0.054607830421 -0.999082903263
0.060712096509 -1.000000000000
-0.177066719183 -0.767206972673
-0.184128802858 -0.689073314556
-0.090605471654 -0.462200431887
0.003342269103 -0.318807223107
-0.377678163813 -0.626342493594
-0.336834682884 -0.487685540956
-0.229473400421 -0.301116295414
-0.125221763352 -0.195771104590
0.197725923409 -0.069920362280
0.317490354077 -0.273672220152
0.187223516534 -0.433271124468
0.009285962879 -0.556624670906
0.266587615823 -0.724119051226
0.288242742868 -0.860736597729
0.245736536312 -0.919484586314
0.201177628284 -0.912851030377
0.029612074907 -0.766204781539
0.055051815699 -0.915309194983
0.050302650633 -0.963645073721
0.056893132594 -1.000000000000
-0.178811807947 -0.711611220525
-0.173264873556 -0.654779450602
-0.088016727333 -0.446105367459
-0.002688929743 -0.315206505317
-0.364835804355 -0.580474223174
-0.312641283594 -0.469350737621
-0.206529446849 -0.295864980285
-0.106636203703 -0.194208106260
0.196689080044 -0.063217357735
0.312137124286 -0.258135385233
0.191321778950 -0.419157278843
0.026468096870 -0.549626847228
0.270347277286 -0.696791459914
0.288392835242 -0.828138819792
0.253546700929 -0.899338628690
0.218076380522 -0.917822632081
0.042027400085 -0.741641471683
0.070827585889 -0.883737366947
0.065516865236 -0.941366770466
0.073114431662 -1.000000000000
-0.160275222519 -0.692264547888
-0.151200525160 -0.626768397027
-0.076228845842 -0.423186410141
0.002258767465 -0.304761323518
-0.341506981883 -0.568772968917
-0.288916787072 -0.443372435821
-0.189872620370 -0.268337506141
-0.096003444838 -0.172808107914
0.194188761894 -0.068165935073
0.301787020867 -0.266669094935
0.179922109369 -0.429186874123
0.024849944320 -0.562424421110
0.268967769239 -0.694008660947
0.291966184637 -0.817098128610
0.261123835639 -0.899154751409
0.224573491647 -0.932534797652
0.039043957215 -0.740978623079
0.071784316161 -0.868198701069
0.064026153602 -0.931281842206
0.067646671150 -1.000000000000
-0.162528774139 -0.693263766037
-0.145570390836 -0.614188129814
-0.075817274647 -0.413653040457
-0.004199967104 -0.302107333494
-0.341529860945 -0.572655509709
-0.284227354433 -0.440100327105
-0.186554826649 -0.266309857054
-0.096349590254 -0.175057494866
0.189355700009 -0.071454298333
0.303632192991 -0.270562414547
0.182186025425 -0.431002560066
0.015709231969 -0.554949307347
0.258025243016 -0.695906985890
0.280896383794 -0.812510881793
0.247624488099 -0.894228118413
0.208635635560 -0.929152364050
0.034279686269 -0.739166083069
0.067347911558 -0.868122687449
0.060911740356 -0.933083710245
0.063853623208 -1.000000000000
-0.163998630946 -0.690093060394
-0.154529613775 -0.626529100613
-0.083020385523 -0.423310093474
-0.008136668951 -0.301474860554
-0.341009284709 -0.567511225817
-0.290318340365 -0.455587607500
-0.190115192854 -0.282969017507
-0.096331546014 -0.183389720629
0.189959881419 -0.069298641177
0.299792720146 -0.266669846981
0.178205355712 -0.425678222811
0.017919777962 -0.555612980780
0.264166877220 -0.690316967559
0.284862334332 -0.812263127422
0.248423801889 -0.897629401770
0.205943811196 -0.934788736465
0.037457061868 -0.732552115463
0.066046950767 -0.863360320427
0.055624842214 -0.930833207208
0.056728525340 -1.000000000000
-0.163085808514 -0.683221084802
-0.164473803479 -0.621068206561
-0.089530259243 -0.415800548900
-0.008336464441 -0.295404248548
-0.341566877821 -0.561602797765
-0.303324216086 -0.453120401428
-0.200208678364 -0.280313085917
-0.100305828170 -0.182533328817
0.191425499136 -0.066782496665
0.302436810403 -0.264758421673
0.178809219829 -0.423813455122
0.018809039581 -0.556439851346
0.267772170892 -0.698439171645
0.286510788182 -0.816952972056
0.250761414830 -0.903614204050
0.207941203255 -0.941808865726
0.037070315296 -0.744142452978
0.067709461518 -0.867238418127
0.055807675045 -0.931353984880
0.054988072748 -1.000000000000
-0.165837632813 -0.694551326690
-0.155631640275 -0.612784915545
-0.084865777942 -0.408705201284
-0.009109312059 -0.293218144681
-0.346947261773 -0.571383838901
-0.298962434423 -0.443320272723
-0.197267300698 -0.268762746356
-0.099474630841 -0.174081861513
