0.319864522703 0.012051244438
0.551180213636 -0.071211847132
0.446784865376 -0.126625947979
0.203664251211 -0.200701302887
0.532946617273 -0.660639556006
0.746191490321 -0.700018583348
0.885650842825 -0.749139617571
1.000000000000 -0.810010534364
0.258826520452 -0.751241170059
0.436872099440 -0.878305289832
0.588405561374 -0.873892409633
0.730515099509 -0.951482259553
0.016027409616 -0.704481057146
0.143058593665 -0.720584155586
0.219773366755 -0.466850574678
0.275063198586 -0.339268097293
-0.183983763195 -0.544138112661
-0.007844022496 -0.461417700468
0.096028027794 -0.248138624939
0.160013777266 -0.140047191824
0.312899281286 0.012009281074
0.544871514607 -0.061846200755
0.452790601626 -0.110319207056
0.223346851442 -0.182541604586
0.541495726025 -0.656678005048
0.754950926365 -0.709959209961
0.889586443721 -0.761464571138
1.000000000000 -0.821823678601
0.266170119823 -0.742532312866
0.440761550936 -0.880163623983
0.590867299370 -0.876685882480
0.735795436184 -0.953967210572
0.020999387015 -0.696702542182
0.150885887878 -0.737423007803
0.228647769702 -0.489090783976
0.280596870039 -0.351218245530
-0.185649109347 -0.542532997199
-0.014130586168 -0.471630601692
0.090026013519 -0.266476929049
0.150819989160 -0.155346217293
0.323730270143 0.008296996944
0.558114525077 -0.067006596221
0.468104725035 -0.107011982733
0.244811093407 -0.177593161838
0.536365854527 -0.655713276549
0.754404125848 -0.698816283818
0.885393799693 -0.750170397353
1.000000000000 -0.823872330630
0.266092331041 -0.738543693191
0.447887122975 -0.853892168944
0.587832375146 -0.840591207346
0.734339367331 -0.936126947157
0.030525952307 -0.688636264469
0.166709673504 -0.687037801882
0.223369990707 -0.429197078645
0.271328507540 -0.321626320485
-0.162018856304 -0.532935212895
0.023277231353 -0.435335521040
0.112962035119 -0.224903065347
0.168156232932 -0.135160835541
0.329648766702 -0.001666690387
0.549812040559 -0.097337718861
0.428739209433 -0.133840469304
0.195225744295 -0.169442945376
0.526854306848 -0.670907117303
0.748769919925 -0.729412257964
0.885171327797 -0.784998671033
0.995290211710 -0.869365399846
0.255953587564 -0.753625811276
0.440272568435 -0.882363123100
0.593479738986 -0.891270088850
0.737154245727 -1.000000000000
0.020796254633 -0.704180919568
0.149292326518 -0.720415091683
0.217076197587 -0.467457610559
0.260309625659 -0.351660516747
-0.172497198142 -0.555026746669
0.013999353018 -0.443034999729
0.101158451751 -0.230401194263
0.144968470844 -0.138779188718
0.301974022499 0.006623593841
0.527418848184 -0.069259574305
0.425293688493 -0.104184117214
0.192284866847 -0.165899511608
0.512209043382 -0.661218017949
0.711889183050 -0.723815768095
0.850523150051 -0.787259937493
0.968185875809 -0.857211480565
0.244105553910 -0.749002857716
0.399336703973 -0.879786865974
0.551435261734 -0.910811916390
0.702280374785 -1.000000000000
0.001565913848 -0.707833201120
0.110344805615 -0.714473042847
0.201562982857 -0.486082634834
0.273831792970 -0.349700369878
-0.200623409061 -0.556745452981
-0.052093141799 -0.464921197756
0.053636499759 -0.256237180896
0.128659549456 -0.134140821378
0.313146468238 -0.000754702610
0.537946665923 -0.078066377631
0.451935203543 -0.109714114202
0.228289840995 -0.170103708921
0.527344882187 -0.649401328337
0.742445495376 -0.707667461778
0.884226269257 -0.764103304704
1.000000000000 -0.834049700645
0.266676420172 -0.722891037006
0.434749426667 -0.857287678382
0.574493150802 -0.867503972417
0.716342551150 -0.969362052882
0.035579178478 -0.670955695205
0.159895144791 -0.672469813781
0.232140087485 -0.422727917172
0.291995690358 -0.305650597767
-0.152100636064 -0.518565533375
0.014224657917 -0.427437879849
0.105507160908 -0.219304927003
0.165117920633 -0.120868366140
0.311882063323 0.005913497654
0.534994460835 -0.075580945984
0.426377211208 -0.120830063710
0.191353801273 -0.182417971946
0.519021563589 -0.655515298412
0.726713774631 -0.722225902730
0.864441685333 -0.788008447908
0.977564892116 -0.865248858820
0.246125598987 -0.739356446670
0.425852675355 -0.881685500080
0.578846191188 -0.907117937565
0.721401786214 -1.000000000000
0.005361865647 -0.694146355022
0.126856959086 -0.732665092678
0.204579008895 -0.511465290207
0.257348356406 -0.384108924255
-0.194133853986 -0.540766068559
-0.033753812340 -0.480471922356
0.076028381540 -0.285963100749
0.144245455873 -0.173396665993
0.321119258341 0.005362150654
0.547392551183 -0.079084585259
0.439148393836 -0.122761579435
0.196450357301 -0.190136493720
0.537777964263 -0.660348651875
0.738474307487 -0.726161497547
0.874392733772 -0.791522180589
0.986242951963 -0.865500776819
0.264783881909 -0.743730698068
0.429060057990 -0.880320023850
0.577722189875 -0.904175434502
0.725796765798 -1.000000000000
0.021358042361 -0.701541817092
0.134382861555 -0.715180651425
0.208175036497 -0.482109783171
0.264055440248 -0.353940070442
-0.180450697573 -0.553439970908
-0.024456761406 -0.475895612509
0.076485224915 -0.271655859788
0.141618613211 -0.158401382851
0.317944690716 0.003304091615
0.539679645536 -0.077983484649
0.424800628803 -0.121247054849
0.192511141781 -0.185620950388
0.519586642737 -0.644423454076
0.726462736874 -0.708988003021
0.852521583586 -0.777439952216
0.958641261596 -0.863938910715
0.245175614547 -0.726976000557
0.412326953190 -0.868041174327
0.560467928018 -0.894798850254
0.705612920753 -1.000000000000
0.003484468399 -0.681566444698
0.123401047446 -0.718456365620
0.202751322831 -0.486166374224
0.259087891157 -0.363261504789
-0.194660658058 -0.532892913878
-0.019257885400 -0.460835383456
0.080425474851 -0.260500264702
0.136903772296 -0.154241064209
0.310955449196 0.000226756184
0.523733315801 -0.094023312179
0.396821329078 -0.143760245121
0.149965283018 -0.189358037181
0.497770168599 -0.644136615557
0.699571093356 -0.717722732849
0.828023677280 -0.779227452516
0.932949653403 -0.859099796629
0.224573172888 -0.725097912349
0.382130367497 -0.867824679740
0.527038277838 -0.894048453351
0.662520801549 -1.000000000000
-0.012800953148 -0.679609949479
0.099598637819 -0.726747218034
0.179049347425 -0.493739549416
0.227123277164 -0.370048534042
-0.204643097472 -0.533747073089
-0.034687345436 -0.461815491445
0.063150040619 -0.261181470695
0.111146766165 -0.156846916041
0.301397074383 0.003428151911
0.515079055283 -0.090732098588
0.385279639530 -0.141222465012
0.132217303643 -0.192587133887
0.485681197013 -0.636356284065
0.678407739211 -0.711204882947
0.800328523531 -0.777233828913
0.894506377022 -0.860305302354
0.216120918522 -0.718682153853
0.361462668301 -0.857929637025
0.492168822787 -0.890910135003
0.609444509891 -1.000000000000
-0.020797011775 -0.678427127122
0.079203616024 -0.716832362522
0.159543055872 -0.486677550978
0.210401423307 -0.366378703876
-0.214110115209 -0.539807442964
-0.057555751938 -0.464762010626
0.039023125038 -0.259468593985
0.090731852392 -0.151090726928
0.280967290014 -0.008365526834
0.483612955056 -0.109183268873
0.346922637675 -0.165316864300
0.088304123821 -0.192241861380
0.446433201403 -0.638932330489
0.637595903362 -0.720631767102
0.740885414048 -0.785985503190
0.813726298481 -0.870880921308
0.182981564533 -0.726997588984
0.328481259522 -0.860764670063
0.448904726310 -0.892528700857
0.551972677219 -1.000000000000
-0.048395455685 -0.688466296316
0.054198298804 -0.706416294369
0.129158138047 -0.459934698363
0.174400571424 -0.338121790971
-0.239861735974 -0.549498775846
-0.079045898765 -0.459342592655
0.015006714127 -0.253126744075
0.063863326135 -0.153040039618
0.279198435886 0.012872637042
0.468533346378 -0.063067899341
0.324995797703 -0.116226025783
0.060905828520 -0.175319307888
0.442229070410 -0.603534732320
0.604231350175 -0.699097195356
0.672714654381 -0.792885532980
0.708908662662 -0.874061464712
0.169202304667 -0.692035023591
0.284262656178 -0.829932985588
0.375247387090 -0.883906668979
0.468411917033 -1.000000000000
-0.060192786872 -0.653520813600
0.027676522425 -0.554943546917
0.114221018601 -0.284577435665
0.183616940224 -0.160219142020
-0.240875856579 -0.516523966435
-0.113537326331 -0.351296575461
-0.006607226765 -0.138593453310
0.070442656801 -0.044730052429
0.289953748498 0.012597857795
0.460563170132 -0.057547180727
0.295652628752 -0.104355855993
0.048976383001 -0.175045231887
0.426528736530 -0.594570076522
0.583201241280 -0.709812499186
0.641786959622 -0.816469721753
0.666227846258 -0.890469594482
0.148433142378 -0.676293718734
0.250376992650 -0.817472524612
0.330877337101 -0.888478993748
0.410080262796 -1.000000000000
-0.079943593318 -0.630470671948
-0.009926187539 -0.529774043044
0.101800670198 -0.275757769688
0.196570813152 -0.154571566173
-0.258669565461 -0.482586446777
-0.144977898685 -0.325835723284
-0.026155913940 -0.116948290300
0.068102974916 -0.016862707665
0.300559134583 0.019535515880
0.451402251752 -0.079734088924
0.233633237373 -0.130425322382
-0.038934493596 -0.186252394517
0.411761191150 -0.583534721127
0.552458610819 -0.709379596015
0.601993049272 -0.820446494197
0.611508967486 -0.884568979729
0.120337515625 -0.668368654485
0.198739577567 -0.812449833023
0.268990623020 -0.896010470006
0.334893443840 -1.000000000000
-0.110200456743 -0.620126289404
-0.037000042953 -0.457213102481
0.084029881941 -0.202378895567
0.180328881805 -0.088613508928
-0.282639700259 -0.481177890032
-0.156902388170 -0.271498461966
-0.029753441830 -0.063133723655
0.074579113308 0.023099845873
0.308195846333 0.022933528956
0.463195144446 -0.076928176495
0.250405208159 -0.126237111301
-0.025465638439 -0.195057984993
0.422130388121 -0.574319417841
0.553305831405 -0.706559798581
0.587626547361 -0.822786087224
0.582277709098 -0.892192018403
0.125634604731 -0.651821965014
0.195937624057 -0.793281438915
0.248662111188 -0.881902614193
0.299291621572 -1.000000000000
-0.106929610460 -0.602630947367
-0.043882813408 -0.448922941770
0.077214788249 -0.204443719915
0.175638363228 -0.104198376148
-0.279288089491 -0.469089492965
-0.160028739666 -0.269498489809
-0.033375808869 -0.065521366825
0.071966780327 0.013728020722
0.322030223768 0.032228529438
0.479174707070 -0.062227536811
0.261391199052 -0.110711632183
-0.016755768534 -0.177613220608
0.435934559697 -0.562938117105
0.564046797679 -0.706781643509
0.609183183908 -0.829194608997
0.601710207689 -0.896142495331
0.135076677978 -0.633798547061
0.186673289119 -0.805074880385
0.235144112425 -0.888673901980
0.272936909655 -1.000000000000
-0.096444592269 -0.579581659510
-0.038954504342 -0.451212931117
0.097610682248 -0.198541912200
0.200101657860 -0.089253107330
-0.268218350318 -0.446870557716
-0.159588333816 -0.280526062759
-0.025529530781 -0.081849145859
0.082653494850 0.000809657818
0.330771271989 0.029452000294
0.486792402551 -0.070040655524
0.255111078901 -0.125186737849
-0.030121996458 -0.181164571753
0.429386538537 -0.560921460461
0.557226737635 -0.707390242600
0.597633340195 -0.824071559401
0.587134180912 -0.884412306711
0.126101733074 -0.635401797839
0.162436308027 -0.797479977631
0.198926785813 -0.886853954285
0.227316168830 -1.000000000000
-0.111722124866 -0.576421215586
-0.044840992185 -0.409315542977
0.102213110457 -0.169531443497
0.212519221686 -0.080367039103
-0.287528408373 -0.437256082732
-0.161246988566 -0.224135850641
-0.019468055049 -0.020048705938
0.095323749294 0.054002213770
0.316757062713 0.027333896088
0.468901286563 -0.068146590382
0.243374357155 -0.116563438513
-0.040231796582 -0.167835681722
0.422381003860 -0.569629753514
0.542588472172 -0.708943690276
0.580380033793 -0.825756488533
0.572216452796 -0.887089945416
0.119952835099 -0.647669936594
0.152355037048 -0.806595904247
0.201502386182 -0.890841076857
0.242949466231 -1.000000000000
-0.117466394505 -0.593234930403
-0.082004073880 -0.453028835705
0.063364621327 -0.201900219188
0.181269843781 -0.098327029655
-0.295937156322 -0.450896847558
-0.200373110482 -0.275400322209
-0.057520989976 -0.069016147738
0.067236603098 0.017776487033
0.334075175563 0.046055857229
0.491954061794 -0.038293177174
0.259167013866 -0.093626729953
-0.023228703015 -0.167734927150
0.458365399691 -0.539204910354
0.577356969979 -0.675003663813
0.624781801706 -0.794426899064
0.622002546894 -0.860018936735
0.154211108784 -0.626692163737
0.185875150037 -0.793631218603
0.231660153647 -0.882261735136
0.265287563931 -1.000000000000
-0.085672802690 -0.580818538050
-0.039310988293 -0.431678901117
0.106621565319 -0.170629723154
0.217310794425 -0.064418082893
-0.270714611082 -0.451300826295
-0.157251626081 -0.249204127717
-0.016984619146 -0.031304501618
0.098950320740 0.055203305181
0.332260689097 0.024386555221
0.495016881304 -0.062070563736
0.264789015326 -0.104936463655
-0.025216084654 -0.155345950768
0.447523941217 -0.568127093391
0.579313505133 -0.722142781292
0.621997052976 -0.834752599859
0.606625935832 -0.882040186206
0.132159251761 -0.643862945355
0.177142838157 -0.827172018323
0.235771522433 -0.902269957489
0.279994776067 -1.000000000000
-0.110711861868 -0.585416485369
-0.041621637716 -0.450038661963
0.104027706270 -0.193513185895
0.204410287826 -0.082497382602
-0.291020240058 -0.441764388595
-0.155833074884 -0.260565334883
-0.009954608773 -0.055381296657
0.099831691717 0.033054348714
0.337322373830 0.035333651227
0.500422772108 -0.036935560150
0.265351969180 -0.073141789557
-0.019971259314 -0.133651422117
0.457305879855 -0.562760161188
0.584963513920 -0.703796741072
0.623528277526 -0.807502608940
0.611201571748 -0.859952667764
0.151727242288 -0.648123712630
0.200305776930 -0.808595041645
0.255380410213 -0.883927559400
0.298161820747 -1.000000000000
-0.094207826691 -0.596817679040
-0.042447883078 -0.464065803925
0.100473192079 -0.199388120429
0.211141771317 -0.095304689057
-0.288511281957 -0.456184068071
-0.164721589258 -0.253942724476
-0.025098462256 -0.030739571078
0.087526203402 0.056814122282
0.327474458852 0.012915495302
0.479478138245 -0.081052727613
0.245592425769 -0.118507287774
-0.038629733542 -0.153711888143
0.414664523490 -0.572261782380
0.551088471268 -0.712524136608
0.598329789065 -0.805159426233
0.589775264237 -0.855903252293
0.114664868354 -0.639364232580
0.161186484942 -0.812371863182
0.224472411924 -0.889555585444
0.267282030638 -1.000000000000
-0.119195763055 -0.574512682712
-0.042840970048 -0.456416599026
0.109768040890 -0.214572726785
0.209922508909 -0.122930271186
-0.290757783674 -0.428631918730
-0.140744475033 -0.240390361722
0.001763826016 -0.033484728922
0.101352214360 0.044815226214
0.367846220880 0.026554549040
0.524829185749 -0.058262328506
0.256858629800 -0.088848674325
-0.053577665935 -0.126969900103
0.468678934637 -0.567786386702
0.601045357409 -0.702844060577
0.651849275037 -0.805320825728
0.641310223550 -0.862626511797
0.156016027215 -0.643532432678
0.194821817218 -0.798539799516
0.244881228073 -0.879915974770
0.272304977934 -1.000000000000
-0.090732563644 -0.577235770706
-0.027775412813 -0.400968102640
0.130016810329 -0.152760435642
0.238247586026 -0.067657459423
-0.280484663614 -0.427853046880
-0.146273026320 -0.202138059272
0.002382123655 0.012106769261
0.115747909952 0.086950425887
0.416539501407 0.027965404039
0.613823896963 -0.042966523444
0.327078540448 -0.055003520320
-0.042163516634 -0.066810940637
0.522418107106 -0.590008468922
0.671765690543 -0.734748383654
0.717850555883 -0.832295638527
0.689361302534 -0.877060219596
0.175969847777 -0.650468594672
0.224834604840 -0.842019125830
0.275633237720 -0.909483746286
0.288799570172 -1.000000000000
-0.101261371305 -0.564379137800
-0.005779283169 -0.416592514315
0.182760611380 -0.149422794586
0.298743068343 -0.037379576361
-0.313743822645 -0.397524516279
-0.152982691651 -0.199946067034
0.017832928727 0.024552862412
0.136469390011 0.119461301235
0.385418931715 -0.007622400309
0.573802300705 -0.093926016203
0.317418662832 -0.101142022937
-0.041806515157 -0.083847499386
0.518335934486 -0.676795014555
0.675261868855 -0.809281950338
0.711452670712 -0.879202907446
0.678764949321 -0.888297881668
0.156285144788 -0.753127082383
0.199060077859 -0.923194244730
0.284265656601 -0.943136244871
0.335788646115 -1.000000000000
-0.126549585569 -0.674146441974
-0.063437145629 -0.548448953109
0.133288909153 -0.250853338828
0.259842440290 -0.114074062708
-0.337113188136 -0.488101480027
-0.193892551935 -0.294925779469
-0.014758326611 -0.056660339144
0.117784139398 0.050235418932
0.383077719162 0.026625782775
0.589715601156 -0.029092973429
0.329302369770 -0.034544185003
-0.041812232712 -0.037520236659
0.569601645356 -0.658530125345
0.713000285253 -0.785780065634
0.735615965188 -0.873897633855
0.692209566977 -0.894105345713
0.203691441627 -0.760311935779
0.222159509837 -0.899424830026
0.283243300173 -0.929008616416
0.323697476392 -1.000000000000
-0.099694956854 -0.696505782053
-0.084277554495 -0.497865760546
0.104756924529 -0.198712682452
0.247813042296 -0.080107285057
-0.345869221394 -0.521795587887
-0.243557298585 -0.265018841452
-0.068677093434 -0.015250360316
0.083763068129 0.081664807562
0.410819948209 0.008048793656
0.586456053276 -0.051802113031
0.287729845055 -0.057174952152
-0.074229851437 -0.076043154910
0.566712038894 -0.643505108003
0.728692395883 -0.786924711992
0.780236926587 -0.863109382585
0.755275621414 -0.869916405854
0.195083451838 -0.731127099873
0.225034354220 -0.927558716522
0.301293152076 -0.953215390913
0.330393533312 -1.000000000000
-0.102207700150 -0.657538469076
-0.059492558852 -0.528676904474
0.152892592451 -0.228383955118
0.281781429543 -0.083146052985
-0.335196821360 -0.477984797648
-0.205264811519 -0.273281767714
-0.020300563454 -0.026764777864
0.111663088342 0.087023107014
0.474971275475 0.086606433232
0.636965145968 0.056430843263
0.262534774651 0.017722585511
-0.109920275871 -0.066137585287
0.683506549095 -0.584507142164
0.860198111154 -0.758112621370
0.913374167761 -0.842512779458
0.857040609071 -0.843614469343
0.290619132343 -0.699769383445
0.288694480596 -0.960527942533
0.323980019988 -0.973003241371
0.294209396358 -1.000000000000
-0.039718164275 -0.635635686645
-0.046618902644 -0.422822497637
0.204670335106 -0.065092355199
0.359312078391 0.098220068707
-0.328387937678 -0.481306740286
-0.246841653432 -0.203727504752
-0.026707510745 0.084775977659
0.144697291040 0.205486155044
0.271601564290 0.047631747012
0.473793023445 -0.040589304520
0.315646243900 -0.132781766848
0.031355705614 -0.228954515787
0.544553628426 -0.716700112661
0.656751074971 -0.845922058793
0.634198250460 -0.900504187527
0.576274274492 -0.885290216417
0.236450312848 -0.858162219333
0.277260343041 -1.000000000000
0.300326863897 -0.944504488066
0.311649512952 -0.937828224511
-0.040774526936 -0.844377667131
-0.059696111389 -0.667055619980
0.060399296045 -0.349951884831
0.170291232663 -0.219391961320
-0.286713704353 -0.717423181893
-0.243316408738 -0.469481648325
-0.112603669853 -0.236255595375
0.017263940154 -0.161140612299
-0.300149517507 0.156767311885
-0.520667655476 0.253727321932
-0.337516633823 0.576765876516
0.006164008744 0.700277504493
-0.290352233343 -0.558907654997
-0.235892126109 -0.686297916623
-0.045598055076 -0.394254341241
0.032562221711 -0.132912391712
0.188323280773 -0.563874477063
0.426932588537 -0.874963143935
0.602597418132 -0.807629579347
0.688123824419 -0.807368073228
0.570377292477 -0.406078185695
0.700891423377 -0.080355941377
0.623225451468 0.281058075590
0.506379313954 0.397505898466
0.880422775703 -0.172826389242
1.000000000000 0.148363231851
0.891701778361 0.423846696710
0.722536773831 0.532225059732
0.381124166000 0.337388028350
0.373922294047 0.485659497771
0.098768594183 0.730836416365
0.056562001689 0.761569839140
0.038824969621 -0.814670488271
0.107907468390 -1.000000000000
0.482423782485 -0.625484137632
0.677012553473 -0.380456966297
0.121737971659 -0.853965253215
0.379319971270 -0.821812280630
0.589763882678 -0.515457169574
0.605222859156 -0.544231003781
0.186882320789 -0.605505413939
0.199974251602 0.158275399439
0.372210251476 0.707063869578
0.429672091899 0.695831469962
0.214194594643 -0.303070157607
0.212537662678 0.363531460476
0.361572549498 0.779856622081
0.379085073609 0.824668997574
0.262785727709 0.031522685384
0.457328600090 -0.047151650095
0.310339543064 -0.130513879495
0.032731288879 -0.197711921035
0.563387364219 -0.721857746498
0.655365244926 -0.849935381595
0.628321245939 -0.873800541261
0.564568635434 -0.835797249965
0.259114635389 -0.857569858451
0.259719481062 -1.000000000000
0.290531799136 -0.859786628722
0.298020299861 -0.820734104240
-0.017309423980 -0.839300065190
-0.079103153112 -0.692332153286
0.048568101299 -0.383353377005
0.153816007796 -0.289354811338
-0.264366104601 -0.712025468789
-0.248560907878 -0.480995906685
-0.109623858877 -0.255980058042
0.017395024328 -0.205358024309
0.350750154182 0.023654764932
0.515734558153 -0.057713303323
0.216415861483 -0.089985517109
-0.155114235334 -0.143917267625
0.540893444583 -0.765235634135
0.635566465226 -0.876479256200
0.623799866766 -0.954777166767
0.537748427823 -0.918896277843
0.149392506934 -0.881990521438
0.160135407585 -1.000000000000
0.198193759763 -0.920612889937
0.211151085336 -0.883890772192
-0.163937624614 -0.828762446198
-0.168785061436 -0.672969488612
-0.020335934764 -0.357031688079
0.101487847448 -0.215850753468
-0.414898452499 -0.657635543462
-0.364208255755 -0.464868754502
-0.185998281205 -0.220703960677
-0.006544866278 -0.114220205914
0.415734328830 0.037380561216
0.612216327991 0.009378051877
0.330834113584 0.021355177662
-0.014337803486 -0.033328810791
0.688136475112 -0.747737765962
0.809632926260 -0.851067208118
0.837191778644 -0.902643538115
0.766591216327 -0.871619880739
0.288646402989 -0.858854220540
0.285071892756 -1.000000000000
0.323894294298 -0.900761264825
0.323036712747 -0.874720285216
-0.043599102119 -0.795878665107
-0.065710484731 -0.588557788020
0.131902418754 -0.249279773891
0.278950429798 -0.123379709545
-0.337681153580 -0.610350891098
-0.252980825763 -0.315845780401
-0.074874947218 -0.020936058859
0.083761788276 0.079310173437
0.469796816480 0.022881506858
0.692857245811 0.088608032505
0.417450266808 0.276646659629
0.101371405091 0.314632995171
0.689009093434 -0.759484124784
0.864096850706 -0.736052218783
1.000000000000 -0.606136400780
0.993065166233 -0.483207207322
0.297498187934 -0.750056249180
0.353042818024 -0.832346051308
0.472364612926 -0.702217695687
0.480886882838 -0.693550558180
-0.018166714019 -0.547800687596
0.030238972901 -0.136133642677
0.260970544485 0.275909007515
0.340954313451 0.389478483986
-0.282373082672 -0.281509740208
-0.169717884405 0.104012978964
0.049909451646 0.417876074933
0.156354887009 0.491120935615
0.288957246826 0.034726081594
0.516563762650 -0.046743951989
0.361598474400 -0.116722001579
0.047087200706 -0.172418730112
0.571331347546 -0.757955223198
0.686201768684 -0.850601878365
0.640778568855 -0.867971590697
0.547825093670 -0.824589880616
0.241583840794 -0.893185757564
0.289841560572 -1.000000000000
0.307338914549 -0.866117539318
0.286257287152 -0.825005421946
-0.049633326782 -0.866353902276
-0.055513808454 -0.668617225861
0.070330123089 -0.371220310610
0.160153836422 -0.276094597709
-0.303575603954 -0.728062721749
-0.240586005054 -0.449409219680
-0.099022595395 -0.226340830303
0.020433817807 -0.176946902205
0.370460540987 0.003283129090
0.543579199820 -0.027288782559
0.271787089489 -0.023671265340
-0.055145422435 -0.098778052390
0.727054853126 -0.851840703721
0.785474701856 -0.895809228058
0.747902061767 -0.931833021832
0.624774093455 -0.875309127014
0.314378564014 -0.983957152128
0.225622448523 -1.000000000000
0.257966550309 -0.709993359935
0.300557355388 -0.578274562277
-0.033218648916 -0.919097403095
-0.164888158635 -0.671050699215
-0.000734047213 -0.342561056586
0.158873021631 -0.244797465479
-0.333128482948 -0.717339354997
-0.359818697367 -0.438794043774
-0.183696570388 -0.180115203237
0.008460789519 -0.105099042400
0.434474841624 -0.100525050772
0.603821036087 -0.122251992656
0.323585168170 -0.033710626855
0.012768250106 -0.051793191953
0.769798282187 -0.976688164809
0.858208352258 -0.842961057555
0.847477026551 -0.751700709167
0.726477487549 -0.692483975503
0.321559192948 -1.000000000000
0.211508075395 -0.852346106492
0.214708255415 -0.539714079244
0.222037218894 -0.456633332087
-0.058793396967 -0.820840228483
-0.125380908638 -0.368007582116
0.053127481263 -0.044511517590
0.183969386102 -0.028078125018
-0.379644385847 -0.537624863088
-0.352256719680 -0.174401410405
-0.157134747740 0.079925402127
0.006184019413 0.108545228217
0.347852599066 0.008164980328
0.453268954204 0.130169711474
0.197554195726 0.373662853763
0.080304868831 0.449513249660
0.792987342755 -0.993894937306
0.755371821900 -0.595473620185
0.740466465246 -0.080077861669
0.672080110802 0.033526327724
0.448020466904 -1.000000000000
0.249218114814 -0.561522132815
0.228812239286 -0.063545279885
0.174950257598 -0.085194715457
0.097743564130 -0.776470209715
-0.131185115276 -0.117216514273
0.001350807522 0.309226270729
0.060089995955 0.200636666994
-0.226300860840 -0.482594883376
-0.299766660130 0.096932568914
-0.141972679471 0.439148163923
-0.062557837033 0.388094917082
