0.201988815163 -0.040006547573
0.271429725886 -0.255841599910
0.045353665185 -0.416749394060
-0.175629372751 -0.561416170386
0.306665499456 -0.758133150364
0.295963269637 -0.882097925383
0.226212435151 -0.992963358177
0.143197503182 -1.000000000000
0.018407885921 -0.817745240668
-0.019289956132 -0.956646115896
-0.076879547383 -0.974174862958
-0.100489382413 -0.958877007368
-0.226992840774 -0.759891761191
-0.343127377267 -0.700877066927
-0.251988072332 -0.441236435922
-0.117507141671 -0.279598335605
-0.443745872374 -0.600531320721
-0.514507223549 -0.499600370230
-0.396543857044 -0.284201422998
-0.235814342342 -0.152793880778
0.202685513338 -0.037199630176
0.280460097917 -0.243923106445
0.058814651355 -0.408282170492
-0.163120449650 -0.554213812177
0.302921683372 -0.784004115026
0.295828382709 -0.919737787065
0.223946349464 -1.000000000000
0.147104392195 -0.958372956661
0.011008802095 -0.849134766513
-0.045541611477 -0.983244307090
-0.095378641688 -0.956955816465
-0.108597483853 -0.900742188680
-0.237096327868 -0.793021534491
-0.341501255314 -0.675293502614
-0.233081230639 -0.395463911423
-0.090146062503 -0.237143392549
-0.454134502191 -0.635096398932
-0.525410227688 -0.515764234749
-0.404055548856 -0.304467951452
-0.244834267994 -0.186472730851
0.206802201642 -0.046589424976
0.291791976467 -0.246562776317
0.060822213628 -0.405530306345
-0.178031439373 -0.549971163470
0.336291557881 -0.831747028537
0.328828093679 -0.985017619258
0.230292048542 -0.949893622180
0.142244379505 -0.789817965217
0.027204825037 -0.891003830548
-0.049245749651 -1.000000000000
-0.083815617560 -0.862528003759
-0.077067317693 -0.751064073863
-0.227991236428 -0.822631886224
-0.314988596135 -0.645482756622
-0.209135339052 -0.372829720981
-0.083916995471 -0.257157392263
-0.448498575387 -0.664506390751
-0.494330195546 -0.505189195624
-0.376482479492 -0.313681918293
-0.235904363902 -0.239296680389
0.219496528151 -0.012857830174
0.332967371964 -0.175586408093
0.092090946928 -0.332893385971
-0.174193784766 -0.496863993122
0.407304869561 -0.896286094481
0.396628350568 -0.997824641715
0.260316244766 -0.907990976260
0.157716239479 -0.732901422381
0.066336380153 -0.987933267185
-0.040958900993 -1.000000000000
-0.090518957175 -0.741347093594
-0.060776729619 -0.599718342977
-0.226811503461 -0.922994825445
-0.313113117284 -0.637752033392
-0.223541024914 -0.334781304420
-0.086426482904 -0.254687852457
-0.474458355559 -0.758336446202
-0.525703152179 -0.509180534966
-0.410595191095 -0.297889932228
-0.256580377313 -0.249824761624
0.207738535328 -0.017189578622
0.314156117701 -0.170242189675
0.088382247777 -0.301769822954
-0.188865498216 -0.410099852942
0.414369684092 -0.913975135758
0.334361610675 -0.901158372813
0.179819251821 -0.796398948232
0.078085077905 -0.641559324005
0.074643042800 -1.000000000000
-0.059802509173 -0.965076913406
-0.103579913214 -0.643344626709
-0.061360533222 -0.472159968254
-0.219477987467 -0.930703315190
-0.367872847107 -0.727873043811
-0.304839474561 -0.419283364528
-0.169183622766 -0.331155905461
-0.480547755101 -0.754220904590
-0.597730677145 -0.573673349044
-0.492051019889 -0.360509489044
-0.326840889404 -0.304527741466
0.226371538230 -0.008551575356
0.302454107856 -0.142490718443
0.058853504694 -0.252138939059
-0.239153747742 -0.359303088835
0.415815787567 -0.920183833367
0.262001011773 -0.735152853034
0.122512584454 -0.588715800388
0.039298475929 -0.499220056526
0.070339222802 -1.000000000000
-0.091671126274 -0.760517007827
-0.096421862109 -0.465123085156
-0.023215739068 -0.397798347716
-0.231023396214 -0.915534065824
-0.380544267175 -0.567859263161
-0.275380320869 -0.273412101144
-0.108102757710 -0.260542093117
-0.498405620777 -0.739625560238
-0.594692579771 -0.476779383236
-0.459810299463 -0.264674267510
-0.277658204562 -0.239295479631
0.209887148340 0.008032172775
0.292212089145 -0.125132173897
0.064528005764 -0.257750579361
-0.207753929841 -0.391778023366
0.397968894617 -0.911733245983
0.279400124563 -0.737082469777
0.163620042607 -0.627087255691
0.103428000559 -0.534442563413
0.063616539059 -1.000000000000
-0.094939890342 -0.719028040969
-0.093557791704 -0.453335496689
-0.006751506951 -0.393837497283
-0.232379858069 -0.917152656387
-0.358468670628 -0.512001420468
-0.247709887182 -0.246905431758
-0.074905446724 -0.244647786285
-0.481458578029 -0.745438329563
-0.561354573678 -0.439870035379
-0.430144526455 -0.246639706355
-0.251664406368 -0.230981092066
0.219099859271 -0.001955769614
0.323924922962 -0.158339340900
0.093859469956 -0.283950167914
-0.190043275277 -0.388771557041
0.396827866344 -0.917630338536
0.311487839479 -0.809471474217
0.173665602707 -0.724925153281
0.083785894082 -0.602773062087
0.051510876919 -1.000000000000
-0.072538814841 -0.806846795204
-0.081723492766 -0.549804215044
-0.012696660265 -0.447643903918
-0.247778517775 -0.916470354792
-0.336100003064 -0.543061458547
-0.220632637981 -0.264265595302
-0.050253967871 -0.221849542808
-0.496394836252 -0.742649588400
-0.545131312988 -0.434571051448
-0.400293881961 -0.227086629175
-0.208639830144 -0.191902119586
0.214379859723 -0.003050098211
0.297891142198 -0.160860532093
0.046475180552 -0.287052220762
-0.244047797353 -0.391058537065
0.373965077748 -0.917074986841
0.263652300929 -0.799798871111
0.108622866215 -0.728654233763
0.004078565794 -0.623030113702
0.032846344661 -1.000000000000
-0.110525673889 -0.838891266299
-0.107879973126 -0.601239724239
-0.029511456501 -0.485494113770
-0.261901481079 -0.913998570701
-0.406733752423 -0.600991950565
-0.285895016426 -0.331587506045
-0.105362509860 -0.271845378957
-0.511410641002 -0.719240117939
-0.614328258038 -0.485562797147
-0.470830105999 -0.285180866224
-0.272514310820 -0.225171280506
0.233740075794 0.017110357227
0.318903205531 -0.148283793633
0.057682682683 -0.278882415510
-0.255753815831 -0.403115100790
0.420756549633 -0.906838860327
0.298338663649 -0.855035491663
0.137450584156 -0.762501320641
0.027526557565 -0.621126940894
0.061521793111 -1.000000000000
-0.074020278478 -0.928644207714
-0.085907687652 -0.672746986700
-0.019661059390 -0.520370773278
-0.249885320622 -0.922486663766
-0.388914854031 -0.650597377342
-0.270573793830 -0.346686131570
-0.086508914997 -0.254463318417
-0.515926257205 -0.735684253126
-0.613736574977 -0.491399718144
-0.459613683451 -0.260181021809
-0.244400631998 -0.188805979504
0.232526954718 0.019085982019
0.306742019417 -0.144913494588
0.038692989409 -0.272045823956
-0.259662744349 -0.403122623218
0.389609114866 -0.838065222966
0.339000372226 -0.897762310227
0.193595107907 -0.860476494163
0.064238127767 -0.699805285768
0.053501689991 -0.928709659013
-0.030242921873 -1.000000000000
-0.081039420026 -0.759308964990
-0.061819457872 -0.516371967659
-0.238871838376 -0.876121921312
-0.372251277986 -0.760119949650
-0.296474664884 -0.468511269112
-0.145346905811 -0.288036589868
-0.501042852790 -0.701323218062
-0.632191378019 -0.601558355491
-0.510645806403 -0.370238215000
-0.310653719939 -0.217191499854
0.285891233670 0.006015082167
0.348096986522 -0.196060128717
0.010916623064 -0.329447954317
-0.329902698481 -0.474346475867
0.442003875248 -0.906713224565
0.333038264574 -0.947859993725
0.162974832326 -0.865430308468
0.029073148333 -0.684251893937
0.051621207741 -0.983698539535
-0.070522270867 -1.000000000000
-0.155829713843 -0.777979514156
-0.140240638454 -0.566461684308
-0.282683072624 -0.915608241461
-0.408256934890 -0.730298696833
-0.317284489908 -0.425051488410
-0.137725520576 -0.250684942174
-0.568633922910 -0.738349200815
-0.692599476228 -0.597463497173
-0.548595790045 -0.347721284614
-0.315896226561 -0.189835299886
0.285529169305 0.010601220082
0.363781842295 -0.173065661617
0.048846270243 -0.305744542330
-0.293883704252 -0.454429133224
0.453958491281 -0.918197802503
0.343750593984 -0.937234628603
0.175326891613 -0.862318761532
0.038325046895 -0.690324874340
0.055470297328 -0.994730380429
-0.077657160113 -1.000000000000
-0.139230844625 -0.760300612520
-0.118300294186 -0.556405631043
-0.277851548871 -0.916710507852
-0.399301962383 -0.707123444712
-0.298945150504 -0.393561370304
-0.129843294001 -0.240591169253
-0.561616740606 -0.728265143555
-0.656316180149 -0.545288233687
-0.497301432487 -0.289585367341
-0.269980961108 -0.149631659666
0.269611531147 0.004046864733
0.350675534693 -0.178172878634
0.053134668484 -0.308496477006
-0.262646611874 -0.446730922753
0.415604262940 -0.871602887335
0.335945866262 -0.918835538970
0.180437201505 -0.880610309140
0.047721135130 -0.714704653799
0.047084239465 -0.944605636551
-0.057130865622 -1.000000000000
-0.115070657358 -0.794085775053
-0.098008603916 -0.567897729653
-0.262940962676 -0.871519345646
-0.378084709038 -0.731328971133
-0.294629434362 -0.457785474997
-0.141541643378 -0.287580893609
-0.534568824747 -0.678091850377
-0.646715483100 -0.579182081385
-0.508753166226 -0.358536033637
-0.293140445388 -0.203114979934
0.276406544367 0.014350695683
0.378759443203 -0.171688228777
0.096954703920 -0.330495287005
-0.223519443453 -0.486135390653
0.458839213625 -0.898236382072
0.360998397707 -0.936187261768
0.207361160661 -0.860346761928
0.087710692178 -0.688763683647
0.076065118200 -0.984375528100
-0.066933924179 -1.000000000000
-0.095885439160 -0.748323225116
-0.038997455734 -0.558788750775
-0.249435285502 -0.908112783296
-0.356413084978 -0.662091837693
-0.225933993028 -0.347071042304
-0.030630324026 -0.220962033160
-0.523124503195 -0.721023996845
-0.586213862340 -0.470732485870
-0.424783987707 -0.219441810466
-0.199929821432 -0.123245535798
0.247921510047 -0.065926416048
0.408990235039 -0.270062035043
0.201564858844 -0.444692508003
-0.064564823674 -0.559164200501
0.408486867649 -0.907925820114
0.401948900633 -0.974317276406
0.289613488731 -0.887562550754
0.232519427664 -0.763093913693
0.105102820619 -0.980595035568
0.085966272491 -1.000000000000
0.081603228926 -0.814333203324
0.117434185124 -0.728532804659
-0.150385175186 -0.922556876506
-0.196727303747 -0.694828657769
-0.107318407467 -0.453493228881
-0.007231833580 -0.384061867969
-0.372838707311 -0.780669214696
-0.379314984670 -0.537182288009
-0.275220540521 -0.360617967450
-0.172663286427 -0.322372906206
0.270062196916 0.025505815087
0.382193844100 -0.173344044040
0.113856779739 -0.356201321906
-0.196029871846 -0.520760302656
0.498157719092 -0.892657219981
0.409117882745 -0.923357570245
0.285750546856 -0.905940543765
0.184068454016 -0.805859859068
0.108694691703 -1.000000000000
-0.030973630792 -0.995104104524
-0.027043116501 -0.741080560658
0.048261735016 -0.599849735087
-0.220644256876 -0.935248108399
-0.350241758761 -0.674001925565
-0.204721373963 -0.339148144429
-0.002567183104 -0.242132533181
-0.496978911328 -0.757332797798
-0.554453350344 -0.450863019120
-0.375574627439 -0.169396046095
-0.143848412000 -0.087718796699
0.261494073429 0.004720363036
0.334269408376 -0.196342170564
0.054132557679 -0.355170519505
-0.252239748523 -0.531551566685
0.475263187961 -0.861083239624
0.366019896877 -0.903369071962
0.255045313012 -0.921941107561
0.159724201398 -0.829980538216
0.097787366508 -0.955784187829
-0.019172244225 -1.000000000000
-0.015668966553 -0.807476470961
0.049265155268 -0.650983536129
-0.219513744934 -0.902159342478
-0.362527966044 -0.763724079321
-0.238656878649 -0.456246904074
-0.056765493717 -0.305084479168
-0.496063194847 -0.732797684306
-0.572028086947 -0.584965595603
-0.422993389880 -0.326925108519
-0.221328534794 -0.183247606013
0.256467770336 -0.074476573416
0.426134195934 -0.283922809004
0.239343626457 -0.451540968080
-0.026663483039 -0.570939501835
0.399984456550 -0.873855657311
0.445406865213 -0.955469466276
0.336906574257 -0.880646428636
0.271887815452 -0.759734040210
0.109833812600 -0.943396158000
0.133052656821 -1.000000000000
0.119374179127 -0.854582746299
0.140744609816 -0.756036790113
-0.134335777076 -0.890987778388
-0.144673077796 -0.681389069534
-0.054991601884 -0.452512010669
0.042030588567 -0.354650099235
-0.344243662796 -0.750820608947
-0.307988324041 -0.495944229231
-0.204739023844 -0.314638285729
-0.105143582619 -0.256096891050
0.243408650333 -0.007464931309
0.332816904241 -0.222309153580
0.085573653877 -0.384655035161
-0.203306327539 -0.530308899665
0.424257826645 -0.866433806269
0.388602461528 -0.925634659353
0.300030423483 -0.949918116792
0.196084843909 -0.837033237113
0.060806142299 -0.951101559628
-0.020786663493 -1.000000000000
-0.003758784323 -0.815332448518
0.052187227117 -0.651529694075
-0.241614046154 -0.879140563894
-0.359566615278 -0.709694922523
-0.226598573095 -0.423165377613
-0.052007183501 -0.286131848901
-0.496555207855 -0.688510488251
-0.540507906928 -0.464837997756
-0.369478210722 -0.208582024185
-0.158455728224 -0.087166755754
0.250281955894 0.000581322565
0.370301980402 -0.190344124349
0.154384385959 -0.347345836386
-0.115689745884 -0.452559511021
0.427111863745 -0.818050900934
0.480098707119 -0.919448020585
0.476732576676 -0.912552718703
0.416296599556 -0.778198902402
0.098086393542 -0.899030889396
0.069213405085 -1.000000000000
0.129981103316 -0.797049486643
0.165878177009 -0.616273394585
-0.182716583010 -0.838904711314
-0.277425285917 -0.737033271359
-0.135861434468 -0.463026912126
-0.005678732687 -0.315430402853
-0.430963451749 -0.665293118528
-0.464440991425 -0.526614803699
-0.324640280670 -0.305317631773
-0.181981453505 -0.188115263006
0.239352136162 -0.017718564083
0.365450162143 -0.224429795182
0.181775690014 -0.413361009065
-0.047239367623 -0.554505338187
0.419683360801 -0.866956080650
0.474844762208 -0.927760470473
0.485882110789 -0.947435609366
0.448758646730 -0.857937463941
0.094306694632 -0.950833059504
0.092811123904 -1.000000000000
0.160896407617 -0.840663643144
0.203310331700 -0.702464840784
-0.188654780378 -0.885121077453
-0.242236491363 -0.736988619133
-0.118793550420 -0.482022319102
-0.018287128744 -0.345255100188
-0.445141288705 -0.704347714070
-0.444567514959 -0.510675739486
-0.305305425587 -0.280548542061
-0.178056895605 -0.160957156819
0.256200359171 -0.022555943133
0.423821947204 -0.219919039773
0.273525772672 -0.433438985242
0.028892627907 -0.590105999708
0.517844995412 -0.883038568049
0.611230064094 -0.858956680635
0.631693448270 -0.903580606283
0.595981312129 -0.874244447235
0.205182129270 -1.000000000000
0.246120421516 -0.984795330406
0.309451864514 -0.797531331633
0.343309764190 -0.681068481722
-0.089447436839 -0.951467182826
-0.110994136628 -0.771140638664
-0.017170882226 -0.499751437901
0.057907575719 -0.385614054599
-0.374312931109 -0.788954845836
-0.351406272790 -0.568068007090
-0.225237317623 -0.334562710853
-0.118904735634 -0.232379425514
0.253312065250 -0.012970737767
0.434673886926 -0.234685001960
0.285927357465 -0.446978004714
0.025567259960 -0.603153058895
0.463708247828 -0.791152587493
0.541360306758 -0.843443889139
0.627555990753 -0.910428617886
0.681036516486 -0.911564382605
0.174364709821 -0.892676793056
0.215551978903 -1.000000000000
0.315562466248 -0.937582661900
0.404602498922 -0.881755425086
-0.098230036505 -0.857340503659
-0.142495591894 -0.900237414603
-0.046973293520 -0.635516429129
0.058674406568 -0.454210253154
-0.368088128684 -0.700182869122
-0.354097925008 -0.664206336797
-0.230942775696 -0.406064027255
-0.105720272237 -0.215556845257
0.275133585452 -0.001297185743
0.460452217205 -0.223776348753
0.308992182915 -0.458031030759
0.051288586772 -0.626416888733
0.511312309293 -0.775630481844
0.592372695343 -0.826403059461
0.664842337431 -0.909780593276
0.705427918464 -0.932144015914
0.213745942084 -0.903997404352
0.246610675844 -1.000000000000
0.325337389920 -0.935402405230
0.398640192475 -0.892685272357
-0.070397662498 -0.884763226901
-0.116899264389 -0.847329301569
-0.017931672757 -0.532738036350
0.090941578416 -0.346261149851
-0.351584214063 -0.744087826517
-0.337125319802 -0.646449334333
-0.216595055858 -0.370852574638
-0.095643247326 -0.199426191578
0.258168860219 -0.003811345912
0.443119919612 -0.212977763364
0.310986327873 -0.436371408517
0.065102268038 -0.617515932963
0.544766847524 -0.794063155384
0.612942190519 -0.824008444093
0.664859866126 -0.904403073443
0.668090570953 -0.903400836132
0.239837383706 -0.929700544990
0.252950802147 -1.000000000000
0.317117337397 -0.901310188627
0.370465850741 -0.837448442192
-0.050766439865 -0.910485690314
-0.104001966270 -0.809686553571
-0.002152624060 -0.500443280945
0.100367777087 -0.333115495646
-0.337466447938 -0.771024432135
-0.330865308036 -0.615809030706
-0.203130424496 -0.347353123523
-0.080817994313 -0.198269368363
0.264669773790 -0.004245327606
0.448822878372 -0.219145424771
0.293176762262 -0.433624842565
0.033016518052 -0.613167221753
0.520731800437 -0.812037646546
0.595773109050 -0.825695675092
0.638831998769 -0.902025775553
0.631538803698 -0.896782186017
0.207656222634 -0.946215418495
0.238041223740 -1.000000000000
0.295762152084 -0.919493762619
0.340925432169 -0.855268838814
-0.086130836962 -0.920766232561
-0.103345195810 -0.789746749315
0.006242915938 -0.489693994078
0.114334663782 -0.326010120149
-0.371361669864 -0.774164793905
-0.334246792320 -0.588080807909
-0.202424555185 -0.321686021608
-0.076135869786 -0.177448349685
0.267223475516 -0.006725337999
0.439062531458 -0.216898222162
0.279989896682 -0.435217962619
0.032877881491 -0.603537048387
0.501673538078 -0.767698652483
0.568027531261 -0.811327289645
0.627428594277 -0.895479652078
0.646067217196 -0.910948035069
0.201497560688 -0.890030956195
0.216117805592 -1.000000000000
0.283247709964 -0.925372507063
0.337810274720 -0.862417472320
-0.081792668815 -0.865944552550
-0.129189846503 -0.824801830086
-0.026254125768 -0.522540705771
0.074015535401 -0.342734164041
-0.360686349834 -0.721976702390
-0.344495557060 -0.611752118972
-0.221160735543 -0.347019204330
-0.106060625260 -0.189941749640
0.271590828661 -0.005809921766
0.443195856458 -0.210705627591
0.281992093933 -0.428216419152
0.038607465677 -0.614474998882
0.515246557650 -0.796479699795
0.586009349429 -0.820443455957
0.636779004848 -0.915819096926
0.650216800979 -0.937643863954
0.201702998942 -0.936592606809
0.213378423190 -1.000000000000
0.277094622262 -0.943876068898
0.337567599685 -0.881864924095
-0.095196595797 -0.915296290812
-0.148339142531 -0.797309502522
-0.037940352338 -0.495828623808
0.082043361354 -0.311727053523
-0.385953942402 -0.761071092513
-0.373246511623 -0.600484290414
-0.240954564067 -0.332597612548
-0.105183900524 -0.168882875364
0.266612993234 0.010257378418
0.445834074336 -0.193790731433
0.287529278741 -0.419240392441
0.032919218564 -0.613031342890
0.526831313863 -0.792697755791
0.594503641938 -0.811703932908
0.652092636023 -0.898951002697
0.665595826204 -0.913305287651
0.211681242887 -0.943925645067
0.232449181801 -1.000000000000
0.308418698329 -0.920102218979
0.369195830059 -0.868780284387
-0.090204218942 -0.928526874533
-0.145629776549 -0.804873930218
-0.027484126477 -0.498787091393
0.094453998393 -0.340168300377
-0.386306864855 -0.781579645913
-0.376090150341 -0.599702051125
-0.239742110546 -0.323800166627
-0.104023302680 -0.175399769245
0.269977124595 0.006846766940
0.451038206363 -0.215589530728
0.283475936163 -0.436995720575
0.018221274216 -0.619242628465
0.519020112075 -0.801470108785
0.582826355635 -0.821939398487
0.646109766813 -0.910902707623
0.666438150805 -0.930047796288
0.199465317545 -0.951346665559
0.214800741612 -1.000000000000
0.292404877109 -0.931623215901
0.357962579374 -0.889724869880
-0.101960948947 -0.938178122680
-0.156927350416 -0.792486979062
-0.040139890414 -0.479655538019
0.079639936415 -0.320907950834
-0.394368654591 -0.798336017464
-0.382698490962 -0.589717634785
-0.245303068603 -0.298089264995
-0.108277812167 -0.144419419352
0.281729799714 0.001624134361
0.460278297493 -0.222626952211
0.282663025170 -0.436835321288
-0.017235148200 -0.611885488866
0.516473039638 -0.830466828206
0.586316798373 -0.827937917579
0.650852751056 -0.933081293446
0.668614861075 -0.971533019503
0.168382551583 -0.980392603425
0.190014518289 -1.000000000000
0.300492769113 -0.944528220025
0.391751329846 -0.934242342471
-0.157743167919 -0.956078667915
-0.218545528635 -0.746779279450
-0.068127758795 -0.431432889089
0.081342752699 -0.302084620161
-0.460369856342 -0.802666524957
-0.442889094244 -0.546599198377
-0.274745101774 -0.250773246688
-0.113102324376 -0.115068309113
0.272114934269 0.001265298558
0.428459619267 -0.227084502913
0.245569113998 -0.439322534004
-0.037164208793 -0.603873195562
0.479880959987 -0.853802171193
0.565630518926 -0.815889431257
0.628415305498 -0.908582915456
0.642409031792 -0.959397849287
0.128003356609 -1.000000000000
0.178448555928 -0.970889977250
0.295203706649 -0.896904107814
0.381173777184 -0.905406868815
-0.193562813408 -0.964414412577
-0.225059194526 -0.717784501871
-0.066910921018 -0.404245558088
0.075625962190 -0.314656756332
-0.487438994938 -0.804237130316
-0.455365054682 -0.523521413111
-0.280454501586 -0.230242425313
-0.124237139379 -0.125112766761
0.299292288278 0.016939355115
0.482670095299 -0.202179736663
0.297417831901 -0.439720084814
0.018064498161 -0.617259438521
0.551409244124 -0.823401507148
0.634907769224 -0.826526055193
0.684394386288 -0.920828284493
0.703110948247 -0.980345680089
0.221001191893 -0.990567552061
0.294882986864 -1.000000000000
0.391530254330 -0.957058011655
0.470011308948 -0.972726841348
-0.100486240099 -0.980254636362
-0.143517909921 -0.786801020870
-0.027510644283 -0.459311514171
0.093509096918 -0.323578940246
-0.411663556574 -0.832821694835
-0.376674461009 -0.578362652365
-0.233386620023 -0.275429296146
-0.097597815435 -0.136979259967
0.269423634152 -0.005998951597
0.442235059503 -0.224267212147
0.272541420102 -0.424986488006
-0.012906988570 -0.597492147425
0.457807124464 -0.792593689211
0.527361761353 -0.808640681255
0.598225692360 -0.904548015260
0.636079807988 -0.955190992620
0.135821960051 -0.927153576549
0.185631303627 -0.989848351097
0.295187310230 -0.976724833319
0.394293894441 -1.000000000000
-0.163534692298 -0.899447663541
-0.190547315885 -0.789467837494
-0.067900127901 -0.468638864258
0.061536383616 -0.308484608645
-0.443950575027 -0.738240605232
-0.417763592780 -0.582010492391
-0.274483950332 -0.291150320031
-0.132146169607 -0.131734522140
0.268271860856 0.007680890993
0.428571720616 -0.193643210225
0.256076037523 -0.411326513507
-0.000324500540 -0.574727595357
0.481824017401 -0.733708873543
0.559249219413 -0.737727583091
0.597183482500 -0.843081433145
0.613230381755 -0.931773522882
0.202985786576 -0.890620285304
0.288621492812 -0.903538704969
0.351181953354 -0.920773281653
0.407255265127 -1.000000000000
-0.082392608856 -0.888160772914
-0.117589128619 -0.736603006775
-0.031481049904 -0.438032798950
0.077829839603 -0.327814302828
-0.364085585825 -0.759308368189
-0.346576798688 -0.553331207248
-0.231135288514 -0.279208115103
-0.108428019075 -0.159370924152
0.221910333910 -0.060072518863
0.407533279010 -0.258394049839
0.298619061744 -0.455720193793
0.102468323429 -0.636056058070
0.444281397281 -0.784015506149
0.536589351853 -0.878620232319
0.508048332271 -0.940820243912
0.477273558970 -0.952708632370
0.203208740904 -0.877743493929
0.327039500676 -1.000000000000
0.358921888513 -0.968293709918
0.389835539812 -0.930650726382
-0.038693148951 -0.858527188607
-0.005032565868 -0.809802320467
0.068923831896 -0.617779395369
0.152073453050 -0.470280904048
-0.276743276862 -0.745283546367
-0.208206587272 -0.562872694790
-0.118525211130 -0.366035976448
-0.028793318400 -0.241439057903
0.239796143548 -0.031374939992
0.374170087164 -0.231534123481
0.230092755943 -0.418721184053
-0.008993152102 -0.576110345521
0.364765785018 -0.695829902974
0.445548940170 -0.743894699234
0.488409020694 -0.849644832935
0.495425323933 -0.933668491507
0.088786958197 -0.782969548761
0.180773982869 -0.872187752192
0.259684463608 -0.907705938092
0.322308224702 -1.000000000000
-0.161979001390 -0.739487750194
-0.153496057521 -0.711482144746
-0.045948082413 -0.440613536958
0.057232332692 -0.319936437559
-0.390114695452 -0.587031279704
-0.343992968410 -0.522940877980
-0.214080341801 -0.295243024812
-0.102268981139 -0.174285763951
0.251075480500 -0.021749637324
0.396622252202 -0.209569448951
0.241894090359 -0.404430856698
0.009742750435 -0.574337076655
0.419261985619 -0.702123583080
0.487217698132 -0.761165975694
0.517911835066 -0.873323165108
0.527876168486 -0.957002863013
0.145818417887 -0.802281413905
0.221082730254 -0.873602653274
0.269349426833 -0.920542925995
0.318983388302 -1.000000000000
-0.111156364563 -0.772496821175
-0.142126162777 -0.743328043447
-0.049775618996 -0.488796194595
0.063323799995 -0.345075851394
-0.350862542513 -0.625308942643
-0.336033483874 -0.547282810405
-0.218541426859 -0.316378909917
-0.096962631773 -0.168927917273
0.231800871695 -0.021498914427
0.366997667256 -0.214720313433
0.213988626028 -0.403322677203
-0.010789796824 -0.556483965994
0.375766048002 -0.651249802648
0.446101065769 -0.728543433173
0.476232297175 -0.850160165636
0.479659785436 -0.950170451337
0.118287485838 -0.745494341246
0.202981366936 -0.831730238416
0.250186023746 -0.900695687450
0.293220655751 -1.000000000000
-0.118696816000 -0.723146856441
-0.138947120585 -0.705913631036
-0.051272423998 -0.459664045971
0.052864190258 -0.322860079574
-0.341595161261 -0.599385411351
-0.328079353828 -0.539661449370
-0.214980992431 -0.322463037109
-0.098240078104 -0.183515257184
