0.314595985853 -0.006256070310
0.543798362550 -0.193099171854
0.417190167707 -0.347304070706
0.113344645244 -0.489118314223
0.494511895258 -0.816287886378
0.638316585167 -0.843192447665
0.777198871340 -0.902709691299
0.888150368973 -0.929440039314
0.176960611138 -0.925523826196
0.324558341585 -0.998169495172
0.518431279086 -0.973652879001
0.704559951546 -1.000000000000
-0.112772159904 -0.881175581036
-0.024820048165 -0.768917905687
0.074926470821 -0.439384221466
0.170982803997 -0.257647298271
-0.378946065947 -0.710611929391
-0.263025904557 -0.558053831057
-0.110330221327 -0.286901840523
0.021494177600 -0.134615185871
0.321204418283 0.001602085274
0.564010490998 -0.180666189150
0.451070623949 -0.334630310799
0.162824096264 -0.491927640118
0.518411773471 -0.834570316076
0.686996009328 -0.857117129732
0.834022213486 -0.904028694065
0.957189259832 -0.910225060991
0.205357948762 -0.942241346812
0.353128934797 -1.000000000000
0.546191878991 -0.980391096654
0.744528326951 -0.995861333563
-0.085688117203 -0.896727864156
0.000081429102 -0.779493653162
0.107319032976 -0.464563799594
0.224928650801 -0.270695971091
-0.356238320148 -0.722155717002
-0.248598669058 -0.569517726448
-0.096333356671 -0.301350796788
0.051730673603 -0.132847271964
0.331584191107 -0.003751010579
0.574236962894 -0.177763135365
0.453017866393 -0.326426352876
0.148148083927 -0.466872720100
0.530452486694 -0.834036313667
0.699016333275 -0.844580151679
0.840098200500 -0.903266149221
0.955435237305 -0.920208553240
0.205046286161 -0.950616534704
0.368464576799 -1.000000000000
0.570077168889 -0.967354547011
0.772806293155 -0.968449115567
-0.094342055925 -0.905883360174
-0.004075913206 -0.763799475041
0.097673951508 -0.437622380351
0.211871770029 -0.245053742232
-0.367818528481 -0.728683981802
-0.257865974235 -0.557154468549
-0.094562631357 -0.281170169647
0.063412149494 -0.115830062271
0.325335281613 -0.003006023437
0.577472078059 -0.170041740712
0.489851777613 -0.314280265156
0.199147720178 -0.471325768124
0.557280923328 -0.851906779321
0.722008145448 -0.857420268348
0.873937443111 -0.901272768242
1.000000000000 -0.899275689201
0.222032313967 -0.976925854927
0.392130934667 -0.999015954289
0.593845629025 -0.962368228634
0.803160628942 -0.979387758112
-0.084481897779 -0.937026112661
0.027980865543 -0.733442994642
0.112389454582 -0.389086285410
0.209351654288 -0.209415543877
-0.367351412164 -0.767511187250
-0.242301304472 -0.557164461733
-0.088335279714 -0.277352812624
0.057033469821 -0.126617921709
0.333447100684 0.010447141638
0.582168469146 -0.148916810057
0.480227001814 -0.295141901509
0.186900373282 -0.446602828662
0.561401204933 -0.821228141813
0.733479609669 -0.796540203754
0.875827377288 -0.850039829146
1.000000000000 -0.862239368621
0.234028110686 -0.955477422150
0.409466247151 -0.953032481425
0.598790485300 -0.910389813889
0.801225881974 -0.918307006483
-0.066406369224 -0.918078625927
0.057259023094 -0.684527788310
0.123351087102 -0.354069371440
0.214564730274 -0.189738777052
-0.341028136837 -0.748134310605
-0.208343192818 -0.506048384112
-0.058072241140 -0.232812407154
0.094204512109 -0.095542793970
0.307792087055 0.013891120229
0.562638545477 -0.139699634579
0.479694777587 -0.296982448938
0.204274345981 -0.454435382327
0.552062018091 -0.787669347175
0.743855857309 -0.786335539378
0.880118783558 -0.844970451229
1.000000000000 -0.875814005403
0.254834302130 -0.932570148372
0.422903201788 -0.943670777750
0.596198892976 -0.929961173077
0.795704242367 -0.950559044427
-0.035189152608 -0.914410097238
0.060679379294 -0.736487969621
0.114111950340 -0.424006247229
0.210873279073 -0.229319624719
-0.312030558158 -0.756484311682
-0.210581251764 -0.558882043760
-0.072868135027 -0.289184325179
0.082901220865 -0.115649237904
0.322210697635 0.005158169931
0.563971653970 -0.142167181273
0.498385473026 -0.290356606217
0.238716912771 -0.467881918485
0.535838009786 -0.730313957820
0.712265779741 -0.736643492581
0.860953149883 -0.814317299684
1.000000000000 -0.877830028003
0.258333981497 -0.862158377062
0.457173696531 -0.887070751746
0.651812015179 -0.904907452318
0.872258763359 -0.960092183435
-0.012393814452 -0.849868679604
0.104697648467 -0.679682545016
0.152594190038 -0.378777622384
0.242684516233 -0.206535031217
-0.269211190845 -0.714879927158
-0.157507214724 -0.520782108692
-0.023594791971 -0.257666789423
0.121480269895 -0.101088648582
0.314792815800 -0.003055242896
0.543722416877 -0.154903760138
0.476493982847 -0.300197490624
0.239653591552 -0.483686858682
0.514564877341 -0.734819508508
0.685522314477 -0.763563162830
0.839167029378 -0.839585983883
0.981012999782 -0.904248137083
0.238693891202 -0.851973279571
0.429932987171 -0.900330280400
0.625507546796 -0.925953817725
0.842177418667 -1.000000000000
-0.023752968664 -0.831234935300
0.088576120004 -0.693336274806
0.140520318523 -0.402855076456
0.223208680732 -0.237918353730
-0.269210963454 -0.691700176931
-0.152415058723 -0.519107540276
-0.020711650278 -0.260737866859
0.112073891537 -0.105890703118
0.299165750928 -0.001632302106
0.528528468019 -0.162982736725
0.468795601864 -0.313691609388
0.237318152002 -0.475111102237
0.489711514278 -0.725286907640
0.660335412957 -0.756654914556
0.806069528511 -0.834415398264
0.942163334867 -0.905159785542
0.233192121158 -0.842725283244
0.428840255856 -0.892079387290
0.621975428092 -0.928398521311
0.831602756052 -1.000000000000
-0.014755503028 -0.822463744887
0.110149770877 -0.670195291914
0.149813008507 -0.388089305298
0.218119597499 -0.227100647883
-0.250349092104 -0.684371096584
-0.117753442333 -0.503269092082
0.006557784246 -0.254861323929
0.131095113944 -0.106015374890
0.277470969018 -0.024750918094
0.490796203720 -0.170839258024
0.452758409794 -0.314700066058
0.250507564010 -0.479023097895
0.473861619764 -0.706187615811
0.641396463473 -0.744191237803
0.764975004339 -0.825572688951
0.882402830416 -0.907614894671
0.229017499762 -0.818382937452
0.413547457235 -0.878422033410
0.581981500971 -0.912918075530
0.772981266783 -1.000000000000
-0.013226812535 -0.797570480488
0.118271861174 -0.659139336117
0.154126966577 -0.383814434505
0.213394278335 -0.247180290655
-0.243222644259 -0.660166768366
-0.101270916022 -0.489541638909
0.010477371416 -0.261443282521
0.115028559806 -0.142937466061
0.248287463572 -0.031257257742
0.442468621911 -0.180862353504
0.414800793563 -0.329761070559
0.247260124457 -0.493246208863
0.431940278770 -0.672517548992
0.591785761474 -0.737129271623
0.706365304999 -0.821067396038
0.811632898819 -0.905567035040
0.202463996892 -0.770176232516
0.364259496823 -0.870694653351
0.512291797977 -0.919030593242
0.677798278044 -1.000000000000
-0.030859988940 -0.748992513250
0.074775025913 -0.703157805202
0.122952977528 -0.436778275167
0.189672650286 -0.268838399092
-0.253565146934 -0.619521370282
-0.124850608878 -0.519966993574
-0.009636786449 -0.302154156022
0.095800923033 -0.160912969558
0.233335419336 -0.032251805468
0.416546237647 -0.188304750796
0.381681391265 -0.345280591014
0.230517380273 -0.505409144692
0.392333123013 -0.652818619703
0.545309590752 -0.736275446544
0.654043017246 -0.823180145470
0.757875842842 -0.910107586125
0.174896914910 -0.740289119969
0.322837406630 -0.857011775378
0.461127125303 -0.920844585920
0.612294147021 -1.000000000000
-0.049180039664 -0.716859331593
0.039019432513 -0.714295483783
0.098471153594 -0.466879653990
0.171922103069 -0.285088554039
-0.263729768462 -0.591269175633
-0.147498990332 -0.533629051092
-0.027252442021 -0.332048291177
0.083540213185 -0.180247888084
0.227366946660 -0.032886843462
0.405914149795 -0.191580431979
0.361157025182 -0.351353725287
0.201091833725 -0.506674175750
0.383815273199 -0.650829482892
0.530678401463 -0.724734931378
0.629144681016 -0.813214985413
0.723979378098 -0.901810431332
0.170920013592 -0.740328336098
0.311045529274 -0.842997990741
0.439881219947 -0.915428709031
0.581339770228 -1.000000000000
-0.045890637199 -0.716316020950
0.040617160261 -0.683218591214
0.096093674202 -0.451961043575
0.163929697482 -0.283157121942
-0.250813262269 -0.591089366708
-0.134716710316 -0.513902060317
-0.018705541049 -0.323726685007
0.086071124509 -0.181561065870
0.213615569153 -0.037307178485
0.384493230460 -0.198201813699
0.340781265190 -0.353719148007
0.185665807991 -0.501887185663
0.365539586805 -0.627920663903
0.503858675459 -0.717491193981
0.598353578848 -0.812713604729
0.689355192149 -0.911427610627
0.158333813355 -0.709934406704
0.288642984756 -0.829962799678
0.407592942556 -0.907799484522
0.536472093232 -1.000000000000
-0.053438474059 -0.686771653077
0.022501272910 -0.691892740249
0.083340600059 -0.468300115228
0.153394919242 -0.299484104237
-0.254419022838 -0.570082386831
-0.140694479366 -0.519167344831
-0.024796976293 -0.337235862121
0.077256131036 -0.196768959646
0.211234686561 -0.045565088238
0.371739165740 -0.209687901860
0.326604844492 -0.361691462959
0.173864407564 -0.506549646474
0.342715913772 -0.625336510566
0.470356705383 -0.721408523901
0.560073564549 -0.816538440528
0.645192787052 -0.913517264391
0.144795780619 -0.695562356881
0.269339164165 -0.822086491004
0.385895075536 -0.902020392164
0.514070130421 -1.000000000000
-0.057933017283 -0.671561996637
0.012374622101 -0.698918530264
0.072964634586 -0.475307794407
0.141977906029 -0.304701329802
-0.251679046358 -0.561146963248
-0.145864504022 -0.538513019714
-0.035278207167 -0.359784975765
0.058763743524 -0.216256446372
0.210961792916 -0.046828910796
0.370681205511 -0.204598693182
0.322881385120 -0.354340017881
0.170048068764 -0.498345662904
0.343651273761 -0.615596909854
0.471165564324 -0.715297237689
0.555046138832 -0.811835421158
0.633580657028 -0.910348864738
0.149100186539 -0.689827996247
0.265647611907 -0.817957453334
0.372374536675 -0.899707328461
0.490468934249 -1.000000000000
-0.051871069669 -0.670058699071
0.012427818561 -0.688369874376
0.075476065099 -0.473259405461
0.147022553266 -0.310026059754
-0.244239855971 -0.564201335933
-0.142645649071 -0.522495330415
-0.036026711633 -0.347681075823
0.056123778671 -0.210933380336
0.201435986490 -0.051591068920
0.349871128685 -0.211704147895
0.294572719331 -0.359197345996
0.153534650685 -0.495549678200
0.323359737653 -0.599275596738
0.436425483485 -0.714350385500
0.507889221969 -0.825327189235
0.567851667932 -0.935141909774
0.129737071301 -0.660937387129
0.239228626116 -0.809238190222
0.332226308707 -0.901695542197
0.430010898456 -1.000000000000
-0.067884265270 -0.638189822721
-0.016711156084 -0.706209093315
0.052717794711 -0.503867995344
0.128597354162 -0.334964342319
-0.256652212484 -0.537285596364
-0.166531042707 -0.543640078565
-0.057924850621 -0.374888609900
0.036844271239 -0.227725763213
0.193218978570 -0.050260674179
0.336016754206 -0.203962053223
0.282146449874 -0.347813674691
0.142603660750 -0.483236148670
0.312583997134 -0.588595565382
0.423048690869 -0.699451449651
0.485093933609 -0.806642559596
0.533503669609 -0.915201402290
0.125132580791 -0.652336630187
0.237019735091 -0.798798671266
0.321658914331 -0.892214609828
0.409970732416 -1.000000000000
-0.066134886252 -0.630541312676
-0.013187229035 -0.675467759743
0.048391971434 -0.468600644937
0.116227444727 -0.311009242431
-0.247392159489 -0.530600643549
-0.155803750590 -0.509852602682
-0.057334302057 -0.341949980258
0.026613400728 -0.208849945631
0.188402310488 -0.056077547024
0.325023024822 -0.212062962928
0.265502423600 -0.354651134634
0.128763478761 -0.487755537331
0.303311629623 -0.584134225637
0.407323552169 -0.699895577454
0.465153730010 -0.811668696025
0.508763870286 -0.923685187543
0.117020825007 -0.645078413086
0.225425101760 -0.797171635292
0.304268569141 -0.893295900646
0.384429760974 -1.000000000000
-0.071732402714 -0.622884000800
-0.017962942513 -0.678128977703
0.044138266847 -0.482384280017
0.109873063410 -0.329778937831
-0.248611377035 -0.525261436636
-0.156260165408 -0.505200903072
-0.060676895561 -0.341390992350
0.019795106080 -0.211988204870
0.182975805202 -0.059414487153
0.315844149410 -0.211686621153
0.252181346832 -0.352970798136
0.111906408016 -0.477635745462
0.293501849413 -0.573457523598
0.394078507113 -0.689799106562
0.444115990802 -0.803365564030
0.478733159503 -0.915307832620
0.108846544199 -0.634294047941
0.215006451773 -0.786241961217
0.285251145191 -0.886672113718
0.355435832511 -1.000000000000
-0.076998643469 -0.611956353479
-0.026639934889 -0.656293705074
0.030467626353 -0.461717674979
0.091239270780 -0.315114775746
-0.249707146100 -0.515131597127
-0.158750601514 -0.482620857064
-0.066773908562 -0.322412760212
0.010463954445 -0.201781859146
0.179463678062 -0.059538034614
0.306636373061 -0.212426946615
0.238732379479 -0.353817768376
0.100530661629 -0.477502946024
0.285068951960 -0.568324766210
0.382277558858 -0.683488728953
0.428712062685 -0.794379215906
0.457955523903 -0.903906714982
0.103453115995 -0.628401555208
0.204386721557 -0.782114172771
0.267968449653 -0.885484799425
0.328602734612 -1.000000000000
-0.079025272512 -0.605770967487
-0.036120388596 -0.654866115510
0.025253616778 -0.471339210490
0.089106129884 -0.332921436558
-0.248499513390 -0.510111576402
-0.163438396817 -0.478417059904
-0.074515063313 -0.320517679347
0.000858505066 -0.202185993930
0.178288775434 -0.056173333666
0.306157734672 -0.209480631138
0.238539457670 -0.352478505022
0.103755459267 -0.476767761623
0.283927201683 -0.550898743336
0.370088257474 -0.671446328658
0.413668561895 -0.785843910320
0.439823736376 -0.897718824961
0.107576527791 -0.607506326886
0.208050654573 -0.769144334670
0.266125695753 -0.880186882679
0.321381743390 -1.000000000000
-0.071740846348 -0.587453609029
-0.038298996199 -0.658225382865
0.016324264959 -0.475278345828
0.079649916413 -0.333463995284
-0.239412131664 -0.498363638427
-0.166928708013 -0.485747042203
-0.081560102823 -0.326040265883
-0.004091697470 -0.202908704604
0.176145079955 -0.051217644942
0.303868708319 -0.204200195171
0.234240015405 -0.347350219780
0.101018360464 -0.467917579880
0.277925871962 -0.549171335245
0.362452465870 -0.670531503690
0.403504269621 -0.783925028482
0.427387331852 -0.893767086133
0.098446196028 -0.603259849842
0.197224572860 -0.764948758132
0.251095823491 -0.877635040270
0.302319229550 -1.000000000000
-0.080533310149 -0.580866778476
-0.046981521346 -0.657797993481
0.010417322703 -0.476762990371
0.076425022262 -0.333863967182
-0.244077560181 -0.489882757329
-0.172906895407 -0.474348427418
-0.085990092362 -0.313561657772
-0.005987154192 -0.189354318815
0.174776845630 -0.051932728812
0.296493959360 -0.213624211261
0.210288755424 -0.355080739443
0.067358740704 -0.464668505187
0.266914744310 -0.554113897181
0.342658263164 -0.669971132303
0.377177879723 -0.781023542627
0.393703501966 -0.888252065540
0.085403272886 -0.604841128843
0.179597273885 -0.760021548375
0.224559244574 -0.874619454417
0.264750111272 -1.000000000000
-0.089804054810 -0.577705675355
-0.062311975624 -0.643877469686
-0.009551266656 -0.459615325352
0.050822109354 -0.320467458794
-0.246185377141 -0.483908869044
-0.176783190256 -0.460713548730
-0.091724407046 -0.297986646821
-0.014509048684 -0.177789569947
0.169825007023 -0.048990579303
0.287623630609 -0.207726849356
0.192659201275 -0.344595018665
0.043836278598 -0.454635007315
0.264374272386 -0.554853990268
0.328813997047 -0.670804461725
0.352915043545 -0.780226714865
0.361582679250 -0.883889194204
0.081009100732 -0.604694236086
0.170923174184 -0.760207865032
0.208026333509 -0.873459748697
0.244062531096 -1.000000000000
-0.095393350063 -0.577030760987
-0.078361650276 -0.635342092300
-0.033133477986 -0.443999012678
0.025638550845 -0.303972415110
-0.253438925451 -0.483298989788
-0.198762146821 -0.450086047853
-0.118186361947 -0.280186367573
-0.040337623332 -0.159049950476
0.174279004283 -0.049547507632
0.280200146474 -0.217663406900
0.169113922650 -0.358947795948
0.019593107566 -0.463333507420
0.251169349412 -0.545057357367
0.310797766923 -0.671597949765
0.332293006686 -0.785307283391
0.335948254698 -0.891641359896
0.067793584388 -0.589338009655
0.151161356356 -0.760227747434
0.189076234326 -0.877465397323
0.220057240467 -1.000000000000
-0.104736167793 -0.557715671081
-0.089359249100 -0.636701114521
-0.034593006912 -0.443527807833
0.023990407982 -0.295340237130
-0.258873592903 -0.461137908667
-0.202491528425 -0.451645951568
-0.119431185067 -0.285167432351
-0.044617629520 -0.160811637872
0.167833557251 -0.053397220442
0.261729151751 -0.211491343126
0.143470220766 -0.344097348866
-0.000460456726 -0.447328199739
0.249969396902 -0.561123918282
0.300860378910 -0.696406666214
0.305525614601 -0.811146915876
0.294271488560 -0.909618894468
0.062275049121 -0.600892339585
0.132669132518 -0.765414594441
0.149298077862 -0.877396647296
0.161455469952 -1.000000000000
-0.108620112951 -0.562539266293
-0.104105143575 -0.601724006348
-0.050433203122 -0.413363798369
0.006939204457 -0.278235004268
-0.257951027273 -0.460771964546
-0.214060005953 -0.416597355616
-0.131894139379 -0.259139329600
-0.057312529329 -0.150576197566
0.169154026794 -0.051020007142
0.260764675556 -0.215341529913
0.134050714764 -0.350138595106
-0.011051988707 -0.449017255613
0.248200226433 -0.562781434026
0.291265281509 -0.701900321669
0.284432505758 -0.816161599699
0.261059885958 -0.908003974168
0.058471944869 -0.603470785803
0.119240248122 -0.772561284089
0.130215082553 -0.885911366166
0.135751876753 -1.000000000000
-0.112786978531 -0.565443979489
-0.120047804983 -0.589614824031
-0.065242900810 -0.397887891813
-0.006625804254 -0.264161260062
-0.264949495494 -0.464379368762
-0.231727415911 -0.416542928469
-0.147098462483 -0.259457477938
-0.068616001674 -0.153061204372
0.162379948400 -0.064099239524
0.242130289928 -0.231126225414
0.113143268253 -0.364125017489
-0.030735097339 -0.462274615778
0.224091010734 -0.556228376362
0.266730821169 -0.693909610056
0.257526174712 -0.810557331883
0.231383748813 -0.911153146218
0.036727876092 -0.594857526781
0.092103136797 -0.758796409944
0.098503981235 -0.875763986083
0.099895547143 -1.000000000000
-0.128635243858 -0.557344311090
-0.129335895414 -0.575458840074
-0.068548116389 -0.398943334090
-0.008950283378 -0.277751797667
-0.272468468118 -0.458943339215
-0.230833255179 -0.407312716429
-0.144515170135 -0.260056865266
-0.067914002389 -0.162064087196
0.159215933408 -0.058077762141
0.236487260995 -0.219371055452
0.108531200084 -0.346726972802
-0.034712499885 -0.448007386169
0.227176482153 -0.554554664994
0.255413188986 -0.694358850246
0.238191039998 -0.809229766843
0.209767890070 -0.905711072427
0.040951570125 -0.586375473294
0.085757006726 -0.759992833186
0.079534001680 -0.875870711831
0.075486137127 -1.000000000000
-0.124589534281 -0.544334205369
-0.141225086574 -0.579666257308
-0.084493196955 -0.395283371794
-0.017576885850 -0.266094459175
-0.270278877882 -0.442038688809
-0.252585931857 -0.407937447864
-0.169419329190 -0.257000473619
-0.086784223944 -0.153784942449
0.147265559948 -0.066103445302
0.220126012562 -0.237433574889
0.086780398022 -0.367829660092
-0.055708727089 -0.471679720874
0.212152948764 -0.557782743060
0.237051251799 -0.695759370794
0.214600944850 -0.816656050800
0.176579889957 -0.920948495417
0.023939327365 -0.587649250027
0.060476526024 -0.753181261178
0.048395376755 -0.873718878613
0.039074982085 -1.000000000000
-0.140080923608 -0.547425389226
-0.161365557398 -0.587089435287
-0.102902064425 -0.404664037924
-0.035154152475 -0.273051462272
-0.282510335146 -0.448369946411
-0.263907344151 -0.418883592709
-0.174399997396 -0.266936983412
-0.085907000234 -0.158298033000
0.166746630602 -0.060549470306
0.244735528674 -0.228141670334
0.106277168955 -0.359333508646
-0.044931592374 -0.458041608080
0.233443619164 -0.570242011656
0.253997302335 -0.705175652323
0.225398746337 -0.821310254704
0.185058103549 -0.919653283888
0.038370077388 -0.604028921185
0.073129121184 -0.768539423830
0.057216968812 -0.880008143978
0.044450735418 -1.000000000000
-0.133085123130 -0.560853360095
-0.158873358235 -0.584230870373
-0.094930608477 -0.391154593365
-0.021387222228 -0.258208646838
-0.283320274346 -0.454293097341
-0.274582738523 -0.414536128672
-0.185206358832 -0.262059661683
-0.095789192167 -0.159789276246
0.162569405533 -0.071248645678
0.229082405465 -0.252669117598
0.081021581281 -0.391921852581
-0.071244362882 -0.494063976593
0.224015902429 -0.585697200255
0.244806128853 -0.726430204913
0.212252818970 -0.841047844291
0.163878588764 -0.935732222259
0.025097863024 -0.612828535001
0.058003985165 -0.777923708429
0.034219498003 -0.883675824052
0.015525046717 -1.000000000000
-0.145732155086 -0.566834953515
-0.175866000588 -0.600343417155
-0.114865320255 -0.405910367203
-0.043053374147 -0.272539354278
-0.292608718448 -0.461374563949
-0.285974757018 -0.430525175878
-0.194817870477 -0.270517288319
-0.102303247320 -0.159649755617
0.168384935590 -0.065399152587
0.238773320438 -0.237197710567
0.086805174301 -0.373933139677
-0.069450228799 -0.473634389166
0.235116950343 -0.590917075207
0.242720289754 -0.731051523269
0.200698944396 -0.847603348596
0.146076669424 -0.940397034400
0.031075609757 -0.620135384887
0.053890220266 -0.784314392721
0.023786473865 -0.887270142239
-0.000008771247 -1.000000000000
-0.146132878882 -0.573231210301
-0.192284563133 -0.600738851274
-0.126230414230 -0.401458277221
-0.046947525670 -0.264943001819
-0.300510477392 -0.462086789882
-0.316537658155 -0.432182807483
-0.223554518007 -0.276866019661
-0.126073633930 -0.169603909313
0.162835306072 -0.071921827323
0.226935842422 -0.252072224926
0.072449898237 -0.392019342679
-0.083708600533 -0.491739553751
0.220365603376 -0.583394914980
0.226960504332 -0.728279905306
0.184145627143 -0.846075316800
0.126353679567 -0.942687722088
0.021525752762 -0.608106554576
0.043102314460 -0.777117914153
0.009954681264 -0.885343109171
-0.019626605620 -1.000000000000
-0.147867776426 -0.559116253930
-0.190918021851 -0.602309610443
-0.126297290198 -0.409191593142
-0.053033188879 -0.277784562053
-0.292718069064 -0.449937345021
-0.296578738179 -0.430058134829
-0.203789964137 -0.272922025316
-0.110014353637 -0.164079022432
0.162644693461 -0.071270197377
0.230795297141 -0.247615101228
0.075181928590 -0.379234438670
-0.080641149939 -0.468958618208
0.220694687292 -0.584443585830
0.222130199873 -0.718080953551
0.176470765902 -0.836029833093
0.117320831517 -0.932661188512
0.022102899709 -0.617010932282
0.042639916834 -0.774557401277
0.006099936722 -0.883344271882
-0.025437883404 -1.000000000000
-0.151392436836 -0.575121995353
-0.197966128773 -0.607224526763
-0.139949358557 -0.415374247786
-0.066300945448 -0.279797152930
-0.302520955558 -0.470879682417
-0.311953058504 -0.430166374574
-0.221865943663 -0.274778989711
-0.126129281693 -0.168720287236
0.161592741272 -0.066960750606
0.226875632845 -0.248508896590
0.062280302148 -0.387680910680
-0.098019116475 -0.488490313213
0.223518803000 -0.601621834662
0.205152037098 -0.734337890050
0.144598095320 -0.854447489173
0.071462758617 -0.944947091852
0.014556701027 -0.641446295957
0.020064081059 -0.791727617606
-0.022704415993 -0.896562770041
-0.056969104695 -1.000000000000
-0.166070521777 -0.600869160627
-0.230574334575 -0.593081986159
-0.165568739087 -0.391374099842
-0.080828102647 -0.254919550319
-0.323012415694 -0.493426748668
-0.352238385320 -0.430047453485
-0.259268966733 -0.267696803553
-0.153279880877 -0.159495741749
0.161361989247 -0.067757208264
0.222843971138 -0.253900353184
0.056007006543 -0.395693454633
-0.103336991339 -0.498012922365
0.213872878104 -0.615009517875
0.203724931394 -0.748099587405
0.149308335521 -0.868235738573
0.079312073121 -0.957867288144
0.004490994914 -0.649004954582
0.014192931136 -0.797220862887
-0.027531411546 -0.901958423806
-0.063535695787 -1.000000000000
-0.173681098332 -0.601901812596
-0.240324227925 -0.602736127944
-0.173490593959 -0.411063476332
-0.088609833067 -0.280900332859
-0.328715367089 -0.487378457523
-0.358316814032 -0.431274090500
-0.261031783246 -0.268542516468
-0.150471686649 -0.158628931356
0.161970748859 -0.064944234398
0.231664614764 -0.249962628669
0.059446010689 -0.392942573450
-0.109020890550 -0.500493767802
0.229350166216 -0.627648228686
0.209561961376 -0.751730372766
0.141664541916 -0.875039301819
0.059186523981 -0.964150476066
0.011669131378 -0.671260207910
0.011919390597 -0.807394424168
-0.036612491592 -0.908391721485
-0.076193320755 -1.000000000000
-0.175401310789 -0.627034843485
-0.251232816837 -0.589730095942
-0.182672572260 -0.386680944992
-0.090741525887 -0.256591414064
-0.338508570638 -0.511475839762
-0.373031740134 -0.427199335621
-0.272753361356 -0.262674126363
-0.153598405101 -0.159532603390
0.161466041611 -0.067789616390
0.226284268763 -0.257311359959
0.045130833131 -0.407058737904
-0.121678826181 -0.520329267552
0.237185427744 -0.656423983167
0.206654184879 -0.786710380680
0.129789315602 -0.908387150893
0.039260681761 -0.982138203677
0.009275401472 -0.696890233767
-0.008004607015 -0.844677605039
-0.064449283510 -0.931442324980
-0.105058166962 -1.000000000000
-0.186105391234 -0.647981043554
-0.276985184584 -0.615640085351
-0.206863996518 -0.402698644387
-0.107780115757 -0.261740996629
-0.356902191283 -0.524262696097
-0.408948661734 -0.451550010470
-0.308515525599 -0.279138812141
-0.182905995031 -0.164701006078
