0.245947816845 -0.016582408931
0.441034854027 -0.184241997796
0.330474056993 -0.342063978098
0.105518511042 -0.482371259388
0.404539894729 -0.758260888407
0.531007214145 -0.880720279143
0.545332106246 -0.978817913198
0.537847429319 -1.000000000000
0.135823292287 -0.849309231021
0.222204862556 -0.964858271000
0.255869562766 -0.976572053954
0.312152513661 -0.989922143800
-0.106953661223 -0.825794613359
-0.056375578017 -0.789778565425
0.009194794077 -0.543741225924
0.096618704571 -0.369038427838
-0.329323884100 -0.697001732292
-0.267197061477 -0.618648120461
-0.172107528051 -0.409567672095
-0.065008527144 -0.254626002473
0.241529487531 -0.012430163450
0.431018397394 -0.184602314034
0.327714123330 -0.352987735933
0.114423261187 -0.510012593422
0.399476513183 -0.759834342680
0.519188872891 -0.871360379017
0.538935782376 -0.965451421305
0.540264678153 -1.000000000000
0.133111922170 -0.853750397505
0.213441445948 -0.963155585798
0.254145358396 -0.973963379002
0.314200929369 -0.991221493833
-0.107794168585 -0.830137116392
-0.061695723729 -0.790786881729
0.012399201704 -0.547000781106
0.104390772794 -0.370880724195
-0.327938548691 -0.699245548650
-0.266700440823 -0.600560754417
-0.168712002103 -0.387798890409
-0.061051391516 -0.232535447258
0.239026147645 0.000096410440
0.441482404869 -0.162924370164
0.349718600015 -0.333820859742
0.125081501277 -0.502325056590
0.409562112410 -0.776609861146
0.521643854037 -0.890123011221
0.535711663615 -0.981373271085
0.532284037394 -1.000000000000
0.135001923057 -0.873900167472
0.201932794259 -0.974769059320
0.237524411742 -0.972971458646
0.295093874273 -0.978267850229
-0.113531955585 -0.847778541161
-0.075442167776 -0.783510066486
0.008700897332 -0.540257444857
0.109411230393 -0.369543536173
-0.341390721567 -0.709380291465
-0.282308574720 -0.585303532525
-0.173667210996 -0.366184627346
-0.055535762542 -0.211447223109
0.248498813672 -0.018658470269
0.452293047893 -0.190613913735
0.346654964253 -0.351144398732
0.109757338399 -0.497004035685
0.395345138803 -0.803673705116
0.522176256551 -0.912662892808
0.534243422231 -0.995072509713
0.523282022148 -1.000000000000
0.115701269871 -0.897987925118
0.193833712210 -0.998340959258
0.232834345982 -0.992862809474
0.289396839197 -0.989213586832
-0.135767351627 -0.868843775919
-0.076880200401 -0.805004939653
0.003621104416 -0.555335099943
0.093945871237 -0.377499743012
-0.365737823566 -0.727642282802
-0.280506183002 -0.602256703451
-0.168446092652 -0.376835106613
-0.054411645078 -0.215664899273
0.244686669868 -0.009512273946
0.460449055351 -0.179631975059
0.373347682930 -0.351247207358
0.141377912954 -0.493615367511
0.429948086922 -0.791372227044
0.556195746939 -0.902754129905
0.565669268117 -0.987323741665
0.551725696576 -1.000000000000
0.155277977186 -0.889938556998
0.230238595907 -0.998394463057
0.264931246077 -0.984048383775
0.313525002569 -0.977210832382
-0.099770726902 -0.863783955729
-0.060362092837 -0.802605905453
0.024570296935 -0.538376572955
0.123129853296 -0.355344579842
-0.337896781123 -0.726712094029
-0.269353099720 -0.596214395162
-0.159042922566 -0.368522605108
-0.040374001335 -0.212368164061
0.249901214283 -0.015922747863
0.460336320403 -0.181958170517
0.374036724394 -0.343963923588
0.140407650911 -0.503676600900
0.415902308081 -0.811329389256
0.552739101474 -0.916804179010
0.566460142162 -1.000000000000
0.557326959587 -0.998243123923
0.133956188764 -0.898102762876
0.211964610952 -0.999009911128
0.253533771850 -0.986447124765
0.320433822234 -0.981284799812
-0.117595173638 -0.863563075435
-0.060317311537 -0.813721907114
0.023470042263 -0.565623909583
0.123337347775 -0.384583757029
-0.345577314231 -0.713272389438
-0.281471554046 -0.623048473396
-0.171895286353 -0.409338932547
-0.053543039985 -0.246065046555
0.248072437098 -0.008512224260
0.466063754966 -0.169875503386
0.378971782451 -0.334250731064
0.139219085736 -0.481615995449
0.422385574697 -0.789977123128
0.559767516016 -0.893558830478
0.582058714890 -0.982576816237
0.578946087485 -1.000000000000
0.147592330111 -0.884053976655
0.223726162911 -0.999771564050
0.268069619656 -0.982534926526
0.328167000838 -0.962290255377
-0.106762389225 -0.853884380090
-0.061994945961 -0.801921563277
0.028842175553 -0.539596641228
0.134060909337 -0.349746988100
-0.342747165120 -0.711063366410
-0.272271314311 -0.592797553484
-0.161074944804 -0.364055456497
-0.040244789902 -0.198858094296
0.242207478131 -0.011275805285
0.469906300767 -0.173607793908
0.402074044213 -0.344697655350
0.172190678216 -0.500231598125
0.428259211170 -0.795021276304
0.563960774759 -0.890026995320
0.591662402274 -0.970430976029
0.597872271726 -0.987695456783
0.158027740244 -0.890293719650
0.232308867948 -1.000000000000
0.282142678926 -0.972525632834
0.352221707995 -0.957688284775
-0.096744678152 -0.862876689409
-0.034160152664 -0.814757506881
0.050535813237 -0.548650967830
0.144973577071 -0.360935942131
-0.337115222106 -0.725628529132
-0.257012863627 -0.605229401514
-0.151903191266 -0.377152116036
-0.042212370360 -0.218582055891
0.246620273140 -0.013006169050
0.473362863580 -0.171739402242
0.406665781110 -0.332628789435
0.178689393604 -0.496135444078
0.416504038351 -0.786573523311
0.560710182330 -0.888751699186
0.594277706940 -0.977948478179
0.607395643336 -1.000000000000
0.145331619697 -0.875853201296
0.235033139766 -0.985170833365
0.284058237874 -0.965432681045
0.357905309586 -0.953614600834
-0.104836470199 -0.850025581653
-0.031281463012 -0.808036169708
0.050236008552 -0.539768791787
0.149598414529 -0.340954578960
-0.337641415114 -0.713277746146
-0.258067616058 -0.619166910000
-0.150275520487 -0.389927401940
-0.033205109725 -0.215692447473
0.242952016776 -0.012200869002
0.469590383355 -0.173733112520
0.397980625275 -0.343176163772
0.161685769743 -0.491353373166
0.420934737826 -0.777745545037
0.561648773289 -0.876683942251
0.602322220093 -0.966516590250
0.619585118027 -1.000000000000
0.152666427575 -0.870275257896
0.238142995440 -0.998147394109
0.299475687226 -0.967712696768
0.373513256750 -0.950397113189
-0.100273466972 -0.842562285402
-0.044986808848 -0.817190846756
0.037387131201 -0.529731499329
0.131201493528 -0.324356515082
-0.338722608724 -0.704972560423
-0.265591827745 -0.612515662491
-0.157989619375 -0.381375262304
-0.046295535785 -0.216470037240
0.242204611097 -0.013841906723
0.476102937078 -0.160803935078
0.433096762254 -0.316265838897
0.217118790632 -0.479365905041
0.421792974533 -0.802402881191
0.555751987678 -0.889109323067
0.602330402853 -0.973447037497
0.629035378374 -0.996572427776
0.149009875862 -0.892960275811
0.224200052805 -1.000000000000
0.291160541355 -0.971294918765
0.375593870531 -0.955294007474
-0.105455326207 -0.864839113435
-0.029952991384 -0.817016591716
0.063557443018 -0.545781953523
0.161107043003 -0.351121545229
-0.345412531722 -0.723250791183
-0.256965481765 -0.613607237446
-0.144186643132 -0.384114141185
-0.032080386688 -0.218308335127
0.247168284711 -0.014611908599
0.478809955216 -0.165496674100
0.408939287045 -0.320350933827
0.165556547854 -0.454753946969
0.418910495326 -0.790848577727
0.564861908970 -0.879374731997
0.606926999297 -0.960709254021
0.622392125032 -0.976736624659
0.145438708298 -0.883465911392
0.225263145793 -1.000000000000
0.284752079709 -0.958178861310
0.353683240200 -0.925503293153
-0.108807855436 -0.851550681776
-0.044436659349 -0.800066423051
0.047699811214 -0.518293175613
0.142918972727 -0.322852067844
-0.343878993788 -0.707630648309
-0.254940311293 -0.589246480092
-0.142207979976 -0.353376637494
-0.029864279054 -0.190799632387
0.243140906727 -0.008516991867
0.476305244579 -0.158134083378
0.433739370176 -0.315301822100
0.220809203830 -0.476342314639
0.420927620999 -0.793840586320
0.559522418588 -0.877846388658
0.611407563767 -0.958053577300
0.639433823085 -0.974532480554
0.153510418240 -0.886046053048
0.229892080192 -1.000000000000
0.304896003925 -0.958783915709
0.391196915253 -0.924366596887
-0.096500547511 -0.856508396272
-0.017941520913 -0.797119442839
0.080199813446 -0.522327821216
0.178179152290 -0.325595265590
-0.330786626675 -0.714829149722
-0.238956712650 -0.590675890060
-0.126152972676 -0.361716642671
-0.013846476125 -0.201003958151
0.250730879093 -0.014434853984
0.488746981687 -0.165515111873
0.430273286015 -0.320647575653
0.192766308219 -0.460261643509
0.427531396353 -0.799288430081
0.574323476133 -0.878531567486
0.618118054511 -0.958075904678
0.637982212760 -0.968338655825
0.155848930624 -0.894599118631
0.237710627715 -1.000000000000
0.301845065680 -0.957454072862
0.378781077502 -0.918149055418
-0.099511615883 -0.865562876330
-0.025388097543 -0.792706923281
0.069796216646 -0.518098609312
0.169047181359 -0.321091991078
-0.336469827101 -0.723081580836
-0.249219827781 -0.591696096801
-0.136791469608 -0.365682773277
-0.022774072049 -0.206289401304
0.249307905493 -0.012810953410
0.485390704271 -0.159427349889
0.433707507374 -0.314616265257
0.207047667945 -0.471786555386
0.424495478338 -0.796197048965
0.566246182817 -0.880592428287
0.616884872825 -0.962828176311
0.645276014042 -0.982083439474
0.151499611110 -0.890746331660
0.232942558906 -1.000000000000
0.302513858523 -0.965622772411
0.385744114652 -0.941700626645
-0.103674027950 -0.862852345684
-0.026309637137 -0.803892711699
0.069160374165 -0.527200623384
0.167649416164 -0.329005243548
-0.342140826748 -0.720606791574
-0.252406380899 -0.598553631997
-0.138748669416 -0.367910029065
-0.025666569765 -0.204791266932
0.251232433497 -0.012737518501
0.482127331046 -0.161430701521
0.411065378850 -0.316330452279
0.167969030562 -0.456180476060
0.425972110895 -0.786985737333
0.580941922641 -0.878878786525
0.624317313461 -0.963912388376
0.639993084008 -0.979398151957
0.152117356660 -0.880009621796
0.235528194553 -1.000000000000
0.292942161880 -0.966071807746
0.362736748026 -0.935644444862
-0.103224712032 -0.850523087218
-0.036800758043 -0.805117103056
0.053104008638 -0.530939206390
0.149740637227 -0.334220097801
-0.339986841854 -0.707495833559
-0.257906313899 -0.601503092216
-0.148801049518 -0.373409524168
-0.037067290151 -0.208931071741
0.250522156896 -0.010375115107
0.485594761772 -0.157924851398
0.437969762156 -0.315898757714
0.213119155638 -0.476356020186
0.422023643555 -0.795599145974
0.568565333988 -0.868221812210
0.629102765278 -0.947945472123
0.663467631963 -0.974353500333
0.153053828877 -0.888638076545
0.236428090363 -1.000000000000
0.315854673694 -0.956845211524
0.401462176664 -0.931983982981
-0.096339541658 -0.856427636442
-0.012994582309 -0.799366171219
0.087079804568 -0.527400605416
0.180845598207 -0.342859340517
-0.326401873453 -0.711476633475
-0.228496629633 -0.581850386818
-0.117840115895 -0.353276839074
-0.014595604012 -0.202316216241
0.236865756405 -0.009787780344
0.470276128575 -0.162257271493
0.418188525888 -0.318432529552
0.199247663977 -0.460874446324
0.427138641239 -0.793246020930
0.573667516082 -0.880392944555
0.615283983541 -0.959302807566
0.632436552720 -0.966385254100
0.161344065569 -0.883339815649
0.244492291339 -1.000000000000
0.306303238601 -0.959753147732
0.380664956472 -0.914697630959
-0.092544613699 -0.852936915187
-0.024363822686 -0.810286505446
0.063505646717 -0.548156956235
0.158413206569 -0.345618548514
-0.330982912770 -0.711126443122
-0.252056262886 -0.601608944356
-0.146568517691 -0.380087681715
-0.035696770180 -0.213072300032
0.239390134347 -0.014468073267
0.475272236381 -0.163015691859
0.437512103742 -0.317341806709
0.225809856663 -0.467981492892
0.424360878954 -0.786421886257
0.576664867890 -0.876786918047
0.623590065010 -0.954848204344
0.648167672996 -0.967689457413
0.160582867909 -0.878587626390
0.248302481390 -1.000000000000
0.314341334571 -0.962099919606
0.397226342405 -0.924594372091
-0.089989046979 -0.852933908401
-0.007525878903 -0.802788624856
0.081103878008 -0.529888184127
0.176663141890 -0.325373120487
-0.324339580877 -0.717991684669
-0.229147349787 -0.595631427461
-0.124875130601 -0.367691312220
-0.018456101262 -0.200816462802
0.241427820557 -0.013229666606
0.478315929488 -0.162008844415
0.442937887725 -0.317973079968
0.226482374518 -0.464048957349
0.424498843626 -0.790303695257
0.583577165875 -0.879676898347
0.626536626900 -0.950497893252
0.641855712281 -0.949151030013
0.160887543430 -0.880397433799
0.254523834826 -1.000000000000
0.317870191923 -0.952509571556
0.393620302901 -0.908720623532
-0.086563312689 -0.851870510416
-0.003214676992 -0.794283394654
0.083564624001 -0.528197100817
0.175443776502 -0.334302217040
-0.313781732457 -0.715781602890
-0.217733763140 -0.580373977622
-0.116286341516 -0.352323071017
-0.013034102728 -0.191971285810
0.228244449929 -0.017756335420
0.454327615049 -0.172347660979
0.420839290535 -0.333363316184
0.218702722682 -0.484988040244
0.405689888384 -0.785102894718
0.563343873943 -0.886209791013
0.610825623143 -0.959135768268
0.637490581543 -0.960567764329
0.148828193353 -0.873930301966
0.241763314118 -1.000000000000
0.308223955768 -0.970994993494
0.386233663913 -0.925543952528
-0.095070328051 -0.843965151361
-0.015261270938 -0.797517117625
0.074712476431 -0.546717879391
0.166810848904 -0.342949261836
-0.322652257765 -0.705022039285
-0.226692900401 -0.573698665549
-0.121731633079 -0.351958289572
-0.018374070327 -0.182489738117
0.226967778167 -0.016734214835
0.449513533296 -0.170469555999
0.420194788600 -0.331356421493
0.234286453453 -0.496846847700
0.410989560164 -0.774940228862
0.563885423667 -0.880178887490
0.616114765632 -0.957684306172
0.649409040286 -0.966836341609
0.159501765213 -0.867526904111
0.247041036853 -1.000000000000
0.315137793847 -0.969041484861
0.398452165738 -0.916997908247
-0.082161793797 -0.844178963210
-0.003963162428 -0.782718332655
0.081872166432 -0.528188503876
0.175587757407 -0.322246031821
-0.311586735193 -0.714653251682
-0.217070725236 -0.569601241801
-0.118484598954 -0.344466697585
-0.015685309456 -0.176812016696
0.223105161157 -0.016732820562
0.444907075049 -0.169248673833
0.415739298848 -0.331249594913
0.228632399437 -0.497957221685
0.411618705964 -0.779934946610
0.567489486431 -0.885937607211
0.611108291738 -0.960162829247
0.637222655265 -0.960701868028
0.156125981245 -0.870728578578
0.248789459422 -1.000000000000
0.312659346054 -0.969934142614
0.394122247128 -0.920392943306
-0.089379573839 -0.845036994292
-0.011884702722 -0.791815277720
0.073830066314 -0.539222008900
0.169309622976 -0.332825656117
-0.322818719192 -0.710233582838
-0.234279571944 -0.578900090987
-0.133603055465 -0.358647438416
-0.027905964216 -0.189271607691
0.224282411238 -0.018532811961
0.450522964511 -0.175093454630
0.424428988193 -0.333373492267
0.233317856068 -0.489932054489
0.403038461478 -0.774359624196
0.553046263154 -0.882329722497
0.616147358699 -0.959770583424
0.661176555883 -0.969910304360
0.151873017074 -0.862932011934
0.243093687892 -1.000000000000
0.321551383103 -0.968328597164
0.411781761098 -0.915031514045
-0.092172380804 -0.836444705026
-0.009373107699 -0.785104944372
0.078630435365 -0.520387341425
0.171966731759 -0.304870042980
-0.324580514091 -0.703743197174
-0.229571538223 -0.582467504835
-0.125355133897 -0.360788678585
-0.019092830496 -0.188631113086
0.233034066955 -0.026401198329
0.458867830058 -0.182927379179
0.430835084938 -0.338406955035
0.244729366213 -0.484024495559
0.411489439154 -0.776045477677
0.566407440571 -0.883723208219
0.639662211585 -0.959155880105
0.695694608595 -0.973730290423
0.158969143341 -0.867995334612
0.253817373618 -1.000000000000
0.334844127726 -0.968825040006
0.427813243532 -0.918543854909
-0.087783836028 -0.842517399524
-0.000490209267 -0.782173725061
0.077523039899 -0.515583880161
0.162921258195 -0.300827128668
-0.323815934946 -0.710601782715
-0.227414154328 -0.596180611737
-0.123060083034 -0.381649513132
-0.015927443471 -0.213921968436
0.235892368511 -0.015453025105
0.469901727494 -0.183362353189
0.443578457138 -0.344117697652
0.251567040325 -0.500994447683
0.412626408387 -0.769680144494
0.569585025627 -0.879416289982
0.656058587615 -0.959285175027
0.730889676768 -0.987039879206
0.161120147297 -0.864562265269
0.259532560532 -1.000000000000
0.352236694986 -0.980521975134
0.462906254081 -0.941692835504
-0.085853282493 -0.842533041542
0.007087980173 -0.794183732954
0.083742956075 -0.520350914078
0.173247707240 -0.295513422081
-0.322403009655 -0.714273755029
-0.219457510281 -0.610542903833
-0.112279380612 -0.390285261035
0.000765028367 -0.213351363232
0.240052859116 -0.020544590028
0.476468241520 -0.188658289151
0.447621726116 -0.352036456410
0.258376099150 -0.511385867424
0.418939783773 -0.768318797334
0.570470879840 -0.874369522924
0.662938790669 -0.955927257162
0.748650706943 -0.998977792681
0.161918386185 -0.868087738303
0.264185219124 -1.000000000000
0.360417577742 -0.978778187966
0.476097372652 -0.952712480819
-0.089682402324 -0.848826895410
0.013308526327 -0.814663305152
0.086256501151 -0.530842768598
0.171390608879 -0.304232618226
-0.332246223963 -0.722485586336
-0.218130388222 -0.630332592111
-0.105657578834 -0.410952259905
0.008907162766 -0.237993120382
0.237845013268 -0.018396329767
0.472497344450 -0.182845083741
0.457164218692 -0.337415960976
0.286036868898 -0.503150718632
0.396132699333 -0.765340365255
0.552432278673 -0.877159452156
0.667831649029 -0.955482285016
0.776682926704 -1.000000000000
0.143253365725 -0.852026546529
0.258893881792 -0.992140981830
0.379460971425 -0.975142899976
0.517397087032 -0.957779639973
-0.101031724371 -0.826886721738
0.021994103334 -0.796026477338
0.101395621194 -0.502102465145
0.188504319993 -0.268382491438
-0.336022069573 -0.697393589009
-0.211129092398 -0.637411156000
-0.093595672190 -0.422152859729
0.020658960767 -0.243336075373
0.223372596800 -0.015347071185
0.458661221778 -0.178759060094
0.463838283891 -0.338393487971
0.303543513897 -0.508268144708
0.395105097185 -0.750475583751
0.545236384342 -0.872715433086
0.664575886600 -0.951432380133
0.772266685342 -0.994751400301
0.153803173370 -0.833878054396
0.265188700149 -1.000000000000
0.394747785771 -0.989238111536
0.537732091617 -0.980325657915
-0.084057039553 -0.808093272963
0.037230418610 -0.800384721605
0.113103934887 -0.507353969668
0.192798687775 -0.278788183422
-0.316202026911 -0.685091171829
-0.191566107726 -0.643206856765
-0.080493212746 -0.438888170375
0.024667289044 -0.271027108415
0.220014382791 -0.026241785468
0.450977058197 -0.193514605084
0.459711377470 -0.353202416073
0.310534695356 -0.518741792829
0.389383772718 -0.751228499420
0.552401376547 -0.869873462352
0.665045965065 -0.949714331561
0.766348341293 -1.000000000000
0.151121744857 -0.839230903422
0.270471309987 -0.993004950801
0.388803014154 -0.979028469683
0.522233214188 -0.960768250099
-0.084421243545 -0.815835313359
0.050993644288 -0.791038431643
0.123188533809 -0.501943590604
0.199530436950 -0.272352948104
-0.311391909226 -0.695304357235
-0.170268743756 -0.632291133017
-0.060582294494 -0.424866661073
0.041917175536 -0.254949697034
0.222726031736 -0.027427986285
0.459159237309 -0.192017652050
0.479991664473 -0.350683368192
0.333536315201 -0.519017017302
0.393092817022 -0.759369542251
0.567909230244 -0.870645135844
0.685070315032 -0.944115970962
0.790561048271 -0.993622842980
0.158935293755 -0.848937994446
0.285852409574 -1.000000000000
0.407567807862 -0.989870012968
0.544828766610 -0.982693706997
-0.073750365232 -0.826239289082
0.066213250391 -0.812454522601
0.134239453237 -0.524958660261
0.207552031305 -0.297466609360
-0.298034700561 -0.706687453878
-0.142944696779 -0.629458812497
-0.034189543288 -0.418146947568
0.067380519000 -0.249680229836
0.229889887611 -0.035243492805
0.471387778941 -0.197489774441
0.489391180827 -0.357090322766
0.334141258192 -0.520749809558
0.395800740665 -0.763706692361
0.577299551424 -0.867887902508
0.694274458116 -0.940493585133
0.801643864526 -0.991331761666
0.159142500038 -0.858031935030
0.296399017260 -1.000000000000
0.419905200110 -0.987009767850
0.559263691852 -0.979706233264
-0.074154210413 -0.836637815734
0.076223357007 -0.806058048040
0.139026880332 -0.515886525217
0.207443978868 -0.289772404365
-0.297110864902 -0.714448328877
-0.138022666695 -0.632301382568
-0.026650228021 -0.422721243709
0.075997017102 -0.256101134692
0.228807394200 -0.031766714261
0.468413738850 -0.188144840903
0.486301962728 -0.340798740836
0.332055673515 -0.504576678084
0.390274767143 -0.762210640014
0.563959808339 -0.875673601196
0.684335165607 -0.945482692037
0.796838032389 -0.985257529463
0.151545965914 -0.854235993460
0.278137245473 -1.000000000000
0.405391645520 -0.976838439287
0.547532471696 -0.950211586976
-0.081154702632 -0.832846288720
0.067871331444 -0.791150152772
0.140830121305 -0.498569383512
0.214513682871 -0.267849321960
-0.303017703763 -0.711150485688
-0.151401578764 -0.637785660913
-0.037205522963 -0.432062085241
0.066405512112 -0.263707839815
0.226946750406 -0.036047092280
0.466546064426 -0.188539867737
0.489883186819 -0.339416987768
0.337781951590 -0.497221683527
0.394978594697 -0.762307665982
0.574552779979 -0.871831109270
0.692975054398 -0.940480181404
0.801039176225 -0.977389471763
0.159002254423 -0.851500456490
0.287653394655 -1.000000000000
0.409932561121 -0.973661191850
0.546421375054 -0.943942589310
-0.074357439185 -0.827020728449
0.072142391111 -0.789140131291
0.141501681893 -0.501555121247
0.212714287624 -0.275929880444
-0.297383758121 -0.704364679980
-0.142834660485 -0.622087505561
-0.032426326468 -0.416809109051
0.067007228161 -0.253108126557
0.231719249237 -0.038734970579
0.471137521591 -0.187431065694
0.500834691655 -0.332817942442
0.349419290127 -0.487335972358
0.399093308486 -0.774380513467
0.579593110041 -0.883728000723
0.703986666243 -0.946491461020
0.818724324536 -0.975480340284
0.160713623113 -0.861140127660
0.298554173684 -1.000000000000
0.427716830121 -0.968618827366
0.569729940748 -0.935416070049
-0.073648615039 -0.833763207743
0.079010538691 -0.778651443804
0.152457209702 -0.487585367037
0.226688612903 -0.261245014662
-0.296649023821 -0.706479374112
-0.144783584453 -0.622609727619
-0.034419315215 -0.417484648382
0.064327968994 -0.252099737801
0.228721543517 -0.037253759409
0.463374238702 -0.188595336643
0.491728549726 -0.336726582343
0.350683964797 -0.496769911151
0.386462696986 -0.772234351790
0.566559482468 -0.880717585623
0.692636124643 -0.944792129874
0.809041391850 -0.978165293209
0.149803846053 -0.860420424498
0.284634307588 -1.000000000000
0.413683884346 -0.972073918695
0.555239005673 -0.939800857412
-0.082572336657 -0.834332051612
0.069452985849 -0.784265720839
0.140928205386 -0.495772955262
0.213707098416 -0.268315817965
-0.303456008626 -0.708862351632
-0.148345205964 -0.622441265589
-0.036750829111 -0.414652765681
0.064216648496 -0.246827096052
0.229266406290 -0.035655557299
0.463004663823 -0.187022570653
0.485167706408 -0.337875076462
0.337282993227 -0.498393500903
0.390699572283 -0.774185588957
0.573133251983 -0.879524646663
0.696806973550 -0.939198670173
0.806849134278 -0.960876403670
0.152020812906 -0.863436419868
0.284200444517 -1.000000000000
0.411165293202 -0.969748062805
0.550104705666 -0.937158712300
-0.079833990483 -0.835849226053
0.072644039522 -0.775060989429
0.142545759975 -0.484502719237
0.212203934563 -0.262378378438
-0.299619442681 -0.708049240032
-0.142319917595 -0.613224577380
-0.032692805248 -0.406709178390
0.065523918976 -0.245559329635
0.227720226261 -0.042394035155
0.461573964680 -0.196943598532
0.487315969485 -0.345915658012
0.337781644808 -0.498981776130
0.384594915101 -0.781503474806
0.567805772033 -0.883157844759
0.693085892480 -0.941326896789
0.807793513351 -0.964947187803
0.147863110079 -0.865142109676
0.286307572680 -1.000000000000
0.413743390654 -0.967961741430
0.552861148346 -0.939419084235
-0.082398780610 -0.834688879516
0.072914619361 -0.789656258810
0.148347224952 -0.503128466617
0.222546846641 -0.282416619004
-0.300389414349 -0.706056453732
-0.138233321776 -0.620379530848
-0.026420452663 -0.414849395617
0.071660042905 -0.252053378265
0.230694697232 -0.037233818556
0.470267442780 -0.187332261190
0.499114514085 -0.337433115497
0.355762200885 -0.495992634380
0.399584277055 -0.777946326920
0.582697285514 -0.885331444561
0.706524570897 -0.944225796404
0.821019671398 -0.965768899771
0.159774445505 -0.869287697555
0.301333216089 -1.000000000000
0.429435593708 -0.972479101463
0.571852796183 -0.947841079658
-0.072756709753 -0.844353967545
0.081366505833 -0.783163332034
0.146512594158 -0.494618908369
0.215639055918 -0.274402559045
-0.293075400584 -0.719431906322
-0.130210798148 -0.619887508443
-0.021371750912 -0.411697059002
0.077388976936 -0.249131009309
0.231930882927 -0.042037193034
0.465801381437 -0.194971020653
0.493107823528 -0.343503189600
0.343751988134 -0.500845532059
0.396741628652 -0.779518111582
0.576253229965 -0.887045959661
0.699166500204 -0.947510118404
0.809134216926 -0.969255653836
0.157187924302 -0.866749669514
0.288374795844 -1.000000000000
0.412118959301 -0.969818971271
0.548107247239 -0.933547072769
-0.077653308508 -0.838365512224
0.074820538307 -0.773295492238
0.148025739160 -0.482741547366
0.220420182923 -0.255794108960
-0.299976726095 -0.710339024445
-0.146892433424 -0.624051393822
-0.035831312617 -0.419256228271
0.063428678515 -0.253245282865
