0.220281891409 -0.062104544187
0.266857737299 -0.298555989186
-0.009820152022 -0.460499550874
-0.281225297166 -0.595049513648
0.338174667841 -0.947274168788
0.286033176011 -0.924967221504
0.191519977862 -0.862125627843
0.104408167867 -0.762881125516
0.010153098090 -1.000000000000
-0.042259406568 -0.979164296586
-0.026569066909 -0.792087259981
0.012032471759 -0.702284721597
-0.261335137157 -0.917088303183
-0.363875571290 -0.771471177983
-0.246693929005 -0.529251596099
-0.101951775529 -0.454597444924
-0.507220712935 -0.725158511757
-0.569152415067 -0.612536868945
-0.425352217847 -0.433698490542
-0.254080309695 -0.357018771042
0.220954293303 -0.045509932781
0.261866988571 -0.267937887874
0.000425843158 -0.434625980170
-0.261091521296 -0.579676364820
0.382926007538 -0.943798397335
0.269279975228 -0.862431023524
0.181226962180 -0.745462473257
0.109017955942 -0.655722666096
0.061705249658 -1.000000000000
-0.024809332976 -0.916896307261
0.005806977702 -0.686729204214
0.051743245377 -0.618601393944
-0.213491852079 -0.912248982950
-0.329936633526 -0.700788561496
-0.206775092994 -0.429146638972
-0.066048821773 -0.380420965140
-0.461732421571 -0.728775771871
-0.518330082258 -0.532203774170
-0.377232058810 -0.334638329762
-0.219636933232 -0.293400175676
0.201039487091 -0.070025117094
0.242218103596 -0.293086718969
0.003479633070 -0.454922363439
-0.246993566278 -0.605185904236
0.321410331135 -0.960661556589
0.279856286053 -0.899487175186
0.195445657203 -0.830716654856
0.107154947453 -0.752990779217
0.003335248215 -1.000000000000
-0.037034505604 -0.935184688217
-0.011854234194 -0.724451638062
0.020460018813 -0.663422969352
-0.261892531823 -0.904476629361
-0.342679911496 -0.714032027440
-0.223382728888 -0.467322618384
-0.099792997125 -0.425890944009
-0.500853589844 -0.713562182629
-0.552572021206 -0.555420512154
-0.412018466725 -0.374864036430
-0.266843478711 -0.328555494522
0.211995371383 -0.047997269756
0.267353067170 -0.265590282036
0.015963539861 -0.431679580225
-0.232437507443 -0.587322707421
0.369543128441 -0.938369212229
0.310601133691 -0.910705864160
0.213007126009 -0.835815047273
0.133120317391 -0.721081006138
0.046749036149 -1.000000000000
0.000733753180 -0.971195708397
0.005729389410 -0.762069866527
0.033182138940 -0.653486554080
-0.227519157037 -0.923093068272
-0.326976343214 -0.730860826859
-0.228573571732 -0.470813794133
-0.102126639969 -0.390403830874
-0.478719842442 -0.743665033142
-0.551737100217 -0.578742914429
-0.423873000976 -0.391867071226
-0.268824981736 -0.328728250031
0.220753149242 -0.059309694627
0.269570143745 -0.284547041900
0.006526321166 -0.436208173895
-0.249325159822 -0.583630289582
0.347431356129 -0.949607185227
0.293987940484 -0.929821640261
0.204646289571 -0.886897420898
0.122207367644 -0.776630742599
0.016849490159 -1.000000000000
-0.011955598048 -0.987619061115
-0.000311606631 -0.815387684556
0.033993316473 -0.701301352544
-0.253808103160 -0.917740941967
-0.353174453806 -0.785484297373
-0.254176687602 -0.542803547444
-0.121448057123 -0.432236849971
-0.501314475154 -0.720349802430
-0.579383745116 -0.626974314373
-0.443455131524 -0.444633288002
-0.274385654463 -0.337610802284
0.236079406986 -0.124360571463
0.334547395960 -0.370658848524
0.110265776485 -0.541424658338
-0.138262542572 -0.675129390137
0.313480486139 -0.978009088958
0.290373667341 -0.918703731903
0.215716276769 -0.753576414944
0.183300706776 -0.696506420429
0.019924766278 -1.000000000000
0.031641705974 -0.944592033494
0.063187397526 -0.741037909797
0.076930180391 -0.765301794124
-0.211008512260 -0.909398466582
-0.226183500074 -0.707859911899
-0.119092987828 -0.471526831139
-0.051879467040 -0.467303419642
-0.408114380698 -0.750604615664
-0.393441786822 -0.531586971638
-0.278893828230 -0.363432448349
-0.203379646532 -0.366541114049
0.222838542185 -0.045884182465
0.272216347125 -0.269242038040
0.000308962292 -0.423716181812
-0.272452663892 -0.572824403295
0.364491480234 -0.913225796076
0.282795752804 -0.908462481540
0.185661100896 -0.838612496737
0.104287172719 -0.715631500762
0.029464616342 -0.975148666222
-0.022306260549 -1.000000000000
-0.008336584512 -0.803503264782
0.027145211037 -0.669231578835
-0.245794965592 -0.898990774237
-0.349500755302 -0.773772208579
-0.244219739292 -0.520106071218
-0.109968402844 -0.418478920873
-0.494301155523 -0.713350606338
-0.562787942681 -0.590584483572
-0.418596349883 -0.397863783952
-0.243083084818 -0.308943692498
0.216290064964 -0.052132748615
0.257975817298 -0.288203088315
-0.008794822920 -0.444718171635
-0.282431582586 -0.587640940736
0.328423946549 -0.952952115666
0.282806141108 -0.919424407260
0.186323465435 -0.872218526795
0.088684511821 -0.766123018355
-0.003219374014 -1.000000000000
-0.036208553123 -0.967800432741
-0.026510600124 -0.803137927082
0.000754870404 -0.700835210920
-0.276278511036 -0.911213476672
-0.377168555908 -0.751587153012
-0.267688374981 -0.522188941244
-0.130684781196 -0.432071400089
-0.518787967569 -0.713819660472
-0.593835170942 -0.582532620448
-0.446411651175 -0.401943706465
-0.271296174591 -0.311305928749
0.224836975285 -0.046171790951
0.259075085962 -0.280316844358
-0.017444748439 -0.442295785907
-0.290764591187 -0.592668136216
0.371046067023 -0.945615717554
0.269765137290 -0.909578837604
0.165806368141 -0.827896506738
0.079785625906 -0.707236580368
0.034039888258 -1.000000000000
-0.031101964569 -0.971986058601
-0.024346532757 -0.764399576724
0.009691298337 -0.649348213386
-0.245514262647 -0.917105191525
-0.362477024971 -0.753866163720
-0.255833142862 -0.496615267696
-0.117208519920 -0.410964667993
-0.499333515686 -0.728614185040
-0.578607495585 -0.577446373599
-0.434820567200 -0.381864764554
-0.259925943575 -0.303537520793
0.215366951927 -0.050361307329
0.255331019597 -0.285037215787
-0.017743325068 -0.444750008239
-0.293983457109 -0.593802592338
0.338472469479 -0.940975073572
0.283850605983 -0.929481570558
0.192899008289 -0.897771760659
0.097317547440 -0.780051010995
0.002213600077 -0.995294362404
-0.040564583848 -1.000000000000
-0.030619450073 -0.839610842202
-0.006075107416 -0.714907410583
-0.274595438095 -0.915541091156
-0.387768376217 -0.785499372619
-0.271516709124 -0.541198989286
-0.129355489062 -0.424212444629
-0.522393925311 -0.722894440151
-0.606590388558 -0.618019924194
-0.456491011201 -0.425009421364
-0.277153535382 -0.311978616363
0.224448473055 -0.122694351698
0.317733147610 -0.367860142487
0.093160218097 -0.541443076327
-0.144985304280 -0.678918234325
0.308374021969 -0.918311032215
0.290705641007 -0.960930222070
0.202811532998 -0.824763520407
0.175485577345 -0.721503229460
0.028286981312 -0.936182671521
0.027738263879 -1.000000000000
0.028231776864 -0.800854017750
0.056762742123 -0.761260968187
-0.199760686250 -0.857334453195
-0.254892617489 -0.760336786569
-0.173652493910 -0.514113547172
-0.082604092424 -0.451174376067
-0.405203980438 -0.708090951301
-0.444768318758 -0.585865344520
-0.338959997476 -0.414043161500
-0.233507424505 -0.371019180096
0.210336810396 -0.054189390397
0.241521058820 -0.289561054022
-0.023271398374 -0.450337758490
-0.281144133992 -0.600657417004
0.332359956819 -0.904187343376
0.250245965752 -0.920196988078
0.147972335766 -0.871967014948
0.064516504377 -0.755257719963
0.006976248090 -0.951315372698
-0.040577417981 -1.000000000000
-0.041149291048 -0.830565904385
-0.010343274674 -0.698912924030
-0.259121418521 -0.867771914439
-0.372959066041 -0.783824869799
-0.277495193092 -0.542997787062
-0.145710269654 -0.424575458587
-0.499999497223 -0.674960190825
-0.587296114898 -0.585599529401
-0.458488924897 -0.399947639354
-0.294294700657 -0.298929946627
0.214153031237 -0.060684549259
0.266848789646 -0.288594340030
0.008152879375 -0.448693610114
-0.245469624901 -0.576158507014
0.312059415885 -0.873561107935
0.298542189473 -0.918718450560
0.208429106637 -0.859414620788
0.120932964836 -0.729882083430
0.003506020180 -0.925259622156
-0.020426034110 -1.000000000000
-0.022462621405 -0.826779830783
-0.003977166825 -0.690657353775
-0.251387510196 -0.851193452243
-0.342915144489 -0.771293247521
-0.251471638563 -0.524981644246
-0.132663071308 -0.403196766803
-0.479871402392 -0.672248246903
-0.538791340044 -0.581033019933
-0.416068615402 -0.402573202621
-0.266787933783 -0.315039546932
0.207800913964 -0.061937360043
0.265141907570 -0.302970686283
0.017378687013 -0.479664407089
-0.212420315260 -0.617861203149
0.327898727679 -0.838596832538
0.311159072256 -0.944876027196
0.223412874528 -0.927492071212
0.141576705745 -0.808127995461
0.030021379862 -0.895064392903
-0.006794540536 -1.000000000000
-0.024895616959 -0.895217598363
-0.018116883336 -0.798868184536
-0.220414222168 -0.828176632114
-0.321684449443 -0.712744221864
-0.214991100168 -0.466559260723
-0.084283132876 -0.354193796800
-0.443872963762 -0.669745164199
-0.500394362201 -0.531710490318
-0.377497846815 -0.345134612072
-0.227520645246 -0.266209482121
0.198274766798 -0.074029821014
0.251408937834 -0.314557233541
0.017679496772 -0.494707954205
-0.185830717799 -0.633854584126
0.307698219868 -0.825383075806
0.296257838107 -0.937816746322
0.215198751863 -0.964191293995
0.131475898654 -0.881575108582
0.024847446763 -0.876182284322
-0.007627269738 -1.000000000000
-0.035932293603 -0.942004934616
-0.039334449086 -0.868409402121
-0.216178825700 -0.811740534275
-0.318449360586 -0.728182834879
-0.226334249359 -0.501180127585
-0.104558768092 -0.381525895752
-0.434329955229 -0.657099901653
-0.499762236022 -0.550352175638
-0.387165633785 -0.376748525968
-0.241858250319 -0.289239095143
0.186802646710 -0.068973740268
0.247429637868 -0.304999717232
0.024007515348 -0.482541142760
-0.178400852075 -0.622122080419
0.300101545171 -0.795640658284
0.274454100452 -0.934875110751
0.183271564210 -0.955473636586
0.093001049384 -0.866435802213
0.030935459750 -0.842711746187
-0.006910098592 -1.000000000000
-0.056146813203 -0.980042226705
-0.074923558354 -0.933031651177
-0.202191327188 -0.778154655306
-0.319022187871 -0.729958150320
-0.237442016828 -0.493744226818
-0.117313074569 -0.351779176956
-0.416192558800 -0.628719625992
-0.497466020699 -0.544787264124
-0.387231197492 -0.365432163930
-0.236658120786 -0.263389070070
0.178027057223 -0.081256606999
0.223572104756 -0.310418430059
0.018682819212 -0.485403077316
-0.162199269801 -0.628193619154
0.262280145314 -0.753961060106
0.230816890361 -0.859439334034
0.146241718777 -0.935008667476
0.046015382452 -0.935200696677
0.013954935868 -0.796806071262
-0.011258852863 -0.932151949689
-0.061435042416 -0.967673165951
-0.100713996313 -1.000000000000
-0.198504532627 -0.733825725739
-0.296355706683 -0.679864299365
-0.215808032193 -0.459034032074
-0.116616665239 -0.345971389568
-0.387229529080 -0.591280060375
-0.443439086599 -0.506457221702
-0.331212872828 -0.336860554534
-0.198208436739 -0.252495725563
0.184974683031 -0.079715811917
0.236306334934 -0.304778136394
0.036350490270 -0.479144234320
-0.149251083224 -0.607581830656
0.258850539162 -0.764128944433
0.229244872538 -0.845949087066
0.140363324031 -0.920094103092
0.035184771315 -0.933016321535
0.011820200286 -0.809247931533
-0.015518803153 -0.917701677462
-0.062231271089 -0.952754807997
-0.106374341612 -1.000000000000
-0.197834218079 -0.739485892167
-0.268986596606 -0.636190723920
-0.174094224955 -0.425401730469
-0.079028838092 -0.343014215509
-0.381113792913 -0.593040244096
-0.404859212192 -0.471481316562
-0.286144211598 -0.314968116253
-0.162684716771 -0.256062625967
0.173943124319 -0.081455965454
0.215267489364 -0.303063869856
0.017490229783 -0.475017871735
-0.167271707966 -0.601823057941
0.236152147300 -0.721604400535
0.199371693561 -0.803718448584
0.106876802025 -0.898021765055
-0.003083510305 -0.941043773769
-0.000229295201 -0.763699294112
-0.025398551440 -0.874314842984
-0.084427942708 -0.934644826702
-0.135260111106 -1.000000000000
-0.201563530142 -0.702179928803
-0.277327980606 -0.632141736653
-0.190614603768 -0.428245839359
-0.096639012967 -0.337902134177
-0.375270807969 -0.567161517392
-0.404895264584 -0.477177864743
-0.291874854761 -0.324858888807
-0.169821825010 -0.257769261099
0.176000444167 -0.083713927755
0.213348113752 -0.304883480902
0.010736933486 -0.474552009001
-0.175566033553 -0.604424018503
0.225791910632 -0.728251742541
0.187630401682 -0.812888071887
0.091073735124 -0.902187186558
-0.023425076230 -0.936902895967
-0.012447192819 -0.767089474491
-0.034635177153 -0.882843435509
-0.096852975671 -0.940567032795
-0.156289123200 -1.000000000000
-0.212950896750 -0.697812166597
-0.272500565653 -0.613418566000
-0.184473364724 -0.417797790457
-0.097138935257 -0.338783194794
-0.383710275773 -0.555931795000
-0.390537783253 -0.451090278196
-0.276029484832 -0.301838456012
-0.160930131395 -0.242769501076
0.165257148687 -0.087241390710
0.196734859603 -0.305777753742
0.002612583316 -0.475384605646
-0.181369260105 -0.603861089074
0.211249848156 -0.720453246526
0.164265342369 -0.798200681192
0.063847297256 -0.882828498655
-0.048481645657 -0.925445638778
-0.016571751854 -0.752713002664
-0.041427035064 -0.867283669606
-0.103448483370 -0.925142172930
-0.160148272856 -1.000000000000
-0.208923563207 -0.681550065730
-0.273097224972 -0.602224733694
-0.187764107964 -0.400506615251
-0.105563704682 -0.328756128420
-0.369793443413 -0.543935219771
-0.387464487214 -0.447423545245
-0.277724004571 -0.299877558603
-0.168898686771 -0.249391407563
0.159050110812 -0.096869204230
0.186165936783 -0.316010520162
-0.010271755814 -0.481538892160
-0.196431522626 -0.608568050791
0.204270288138 -0.728920264829
0.142705082352 -0.804002526992
0.038154576468 -0.880457788966
-0.073455878790 -0.922485551187
-0.021257257913 -0.746797571655
-0.057521334810 -0.865609574508
-0.120327897097 -0.921256897566
-0.176072176828 -1.000000000000
-0.210349886300 -0.667897601621
-0.280427265761 -0.608438481419
-0.195328601588 -0.405346502020
-0.114044689923 -0.328276524371
-0.371049764153 -0.525163795207
-0.395997908536 -0.455359501732
-0.284357951488 -0.306468583666
-0.176630377651 -0.247664620959
0.160109663477 -0.096054040631
0.186249261423 -0.316741937509
-0.015917161401 -0.484066270567
-0.205762530337 -0.609426625256
0.203784606232 -0.735764064992
0.125642024221 -0.804476877070
0.013125207669 -0.888631874320
-0.105960242182 -0.936800327150
-0.027294188337 -0.758968197566
-0.075174682280 -0.865615954586
-0.136661389586 -0.923488206095
-0.190298774239 -1.000000000000
-0.221024819171 -0.681483918679
-0.294504182486 -0.598417967387
-0.200985479517 -0.397732089860
-0.113590892806 -0.324395666427
-0.383774556259 -0.538402085467
-0.408600198842 -0.440877115494
-0.292547049636 -0.290804898368
-0.181061167484 -0.235926587637
0.155578728695 -0.097702790800
0.182321622296 -0.316023344551
-0.020453101484 -0.484005734644
-0.212827712011 -0.612482433287
0.199899324302 -0.730960326253
0.117620203578 -0.804447920940
0.001716794971 -0.895624572486
-0.125953302191 -0.944591073033
-0.028388301876 -0.748037272353
-0.087980510226 -0.862558947132
-0.156512525428 -0.922321885603
-0.216670424827 -1.000000000000
-0.219607769705 -0.669709596717
-0.310087024107 -0.604006036765
-0.213680628299 -0.402238909190
-0.121228405065 -0.321674275565
-0.379235110170 -0.526310613324
-0.423353425987 -0.449926743402
-0.304807345875 -0.299566534315
-0.187455065327 -0.236554530808
0.163411979803 -0.093954096956
0.183453353897 -0.314329486954
-0.028277143975 -0.478239551440
-0.223630260560 -0.599157297400
0.197892456221 -0.720584097452
0.105419911893 -0.797550305110
-0.011046405589 -0.884549271413
-0.139546218086 -0.937227080166
-0.034706897633 -0.737330764707
-0.109610541340 -0.858116405382
-0.176707534279 -0.917579056510
-0.241796128008 -1.000000000000
-0.224776642610 -0.656774096027
-0.317737246946 -0.587925199122
-0.210956183506 -0.385670749229
-0.119760289529 -0.315073937233
-0.381642404064 -0.513919315005
-0.418914857698 -0.428435701807
-0.296995352697 -0.278612878769
-0.183161798532 -0.224403735163
0.154665470373 -0.095150981116
0.172087410031 -0.314473080881
-0.032652581982 -0.483887201593
-0.219519452468 -0.615340634963
0.204878401342 -0.721779298373
0.108923417914 -0.795437940343
-0.016763275014 -0.891104295445
-0.155965058914 -0.945561044340
-0.022688422493 -0.734862837772
-0.096333522708 -0.852028775284
-0.172806067798 -0.917601572607
-0.239350669718 -1.000000000000
-0.211273731138 -0.656456551123
-0.314488827108 -0.599030063955
-0.216708226207 -0.396458169835
-0.123601735108 -0.312837520360
-0.368039039514 -0.514773266939
-0.420742603578 -0.438129297932
-0.298410775374 -0.286050985021
-0.176177334840 -0.219185265059
0.153993364582 -0.097267280822
0.165938488978 -0.320322818211
-0.046186053859 -0.489818608793
-0.234702416659 -0.619994411118
0.200036348625 -0.724750922736
0.103217453211 -0.802859650118
-0.024936035044 -0.904625675852
-0.168948257952 -0.967372208150
-0.032815319901 -0.738806688468
-0.115278222583 -0.856340496948
-0.193158391784 -0.920295757608
-0.264855491720 -1.000000000000
-0.224785659080 -0.659390567580
-0.336929522502 -0.599922964055
-0.232252928579 -0.399821856386
-0.135433443959 -0.322384019846
-0.382232196579 -0.517424601913
-0.444316890375 -0.443055347771
-0.318949005172 -0.290255338644
-0.194384153542 -0.225467691263
0.157067632698 -0.097490834366
0.164404880904 -0.324496344655
-0.047379225209 -0.499367193453
-0.231400758894 -0.632478789950
0.215861833601 -0.721986774982
0.113279348279 -0.813736370740
-0.017338678506 -0.917865088004
-0.164716745468 -0.979122151623
-0.017013776936 -0.730473865518
-0.107981260113 -0.864154834372
-0.189070464206 -0.923409478603
-0.259539141858 -1.000000000000
-0.211015353767 -0.652677044015
-0.338285105841 -0.613660896176
-0.237940002300 -0.405764511278
-0.138737710804 -0.320437849444
-0.372140161815 -0.515859759532
-0.446969125193 -0.454891826525
-0.322118599578 -0.300996118797
-0.191750161414 -0.231765417942
0.150962336183 -0.097591501418
0.155146420288 -0.319864936678
-0.056216951916 -0.481486486871
-0.248472065343 -0.606506521601
0.194779410378 -0.715660156604
0.079210552078 -0.791712465980
-0.047151453918 -0.888139028855
-0.188557342427 -0.950834456385
-0.036362626664 -0.717186431580
-0.129226932873 -0.846845197845
-0.208899034550 -0.911212715249
-0.281742362382 -1.000000000000
-0.222696522392 -0.631236728473
-0.337166645012 -0.604316373915
-0.233867392585 -0.399177809454
-0.139419749960 -0.318726078848
-0.374548553384 -0.487168605017
-0.431896538915 -0.434132288334
-0.303794158995 -0.279430978893
-0.178404779209 -0.213475857320
0.152620178041 -0.097899429504
0.164245783801 -0.320035292999
-0.047758621842 -0.491730042511
-0.240860598582 -0.624428032873
0.210615515855 -0.735981267612
0.096650668295 -0.810011680256
-0.037993007368 -0.907372207588
-0.187962761154 -0.964571668977
-0.022575953462 -0.742845519885
-0.124289143894 -0.866032768098
-0.200107004338 -0.920836515869
-0.268095288295 -1.000000000000
-0.214753512754 -0.658754791589
-0.341924724222 -0.611788327376
-0.236212587556 -0.399154798315
-0.139406322645 -0.315677024756
-0.374253033838 -0.511377739864
-0.447423973240 -0.448238066381
-0.318791112916 -0.291598138403
-0.190226268848 -0.223412057568
0.151766305673 -0.092681159760
0.161634915845 -0.316381439198
-0.051944154245 -0.477091900247
-0.241925676464 -0.603024497971
0.194661934958 -0.733200794200
0.088534287348 -0.804658773697
-0.033750763172 -0.897967282480
-0.172096067217 -0.949037954373
-0.044216925578 -0.743669974002
-0.140874636505 -0.864241412827
-0.218380933030 -0.924897948693
-0.290594069836 -1.000000000000
-0.236369302799 -0.658243658740
-0.348324674214 -0.602840544560
-0.240842107895 -0.402395338511
-0.143423851451 -0.323775137807
-0.392622288203 -0.509254165906
-0.442110955374 -0.426413867048
-0.310795699801 -0.274132933658
-0.181836976866 -0.213623899977
0.152379987741 -0.100283956779
0.160475592613 -0.321753416280
-0.053353520260 -0.490106066303
-0.243196421442 -0.626185757543
0.209609506809 -0.727619612666
0.099070219711 -0.802844760358
-0.033430603248 -0.899235570018
-0.179972953750 -0.955477538759
-0.021160480080 -0.734026830213
-0.123945205327 -0.858830946834
-0.208103233466 -0.918135731917
-0.282917836732 -1.000000000000
-0.210847924622 -0.651946044686
-0.337009402082 -0.605552173973
-0.231482843730 -0.397339640065
-0.135116607972 -0.316438241564
-0.367948986289 -0.508826571611
-0.437762853940 -0.443940091819
-0.309785071312 -0.290184499787
-0.183096724053 -0.225147050763
0.148013810763 -0.097361230532
0.153170122172 -0.322046409033
-0.063151673627 -0.482197520804
-0.258954043022 -0.610243673067
0.192890933559 -0.729259723078
0.062522970419 -0.796756675133
-0.071985428910 -0.885912428827
-0.215473967673 -0.943226602986
-0.040623593302 -0.730949432638
-0.142678036738 -0.855912916243
-0.216704454698 -0.915136933693
-0.281256467689 -1.000000000000
-0.228856887908 -0.642013812675
-0.341728652948 -0.597698758299
-0.236673546775 -0.393526794034
-0.141758689044 -0.317111080882
-0.381946145711 -0.495519115795
-0.435203933778 -0.422353959110
-0.304002717213 -0.266619857719
-0.176491448500 -0.205461546524
0.148477154628 -0.103520159962
0.157239410717 -0.329525089316
-0.051509709041 -0.499529514753
-0.236634159630 -0.634069237081
0.201884525186 -0.739843946843
0.089157896550 -0.815976632405
-0.044058932598 -0.914359733053
-0.194414205758 -0.967256940182
-0.027978393965 -0.741629949544
-0.132942581311 -0.866262509125
-0.210890072594 -0.923327701939
-0.283494253393 -1.000000000000
-0.215520790936 -0.654035707133
-0.345080147773 -0.609003501586
-0.237201713753 -0.405787146207
-0.141889876626 -0.326361709963
-0.369563550772 -0.504680464122
-0.440218789907 -0.441935853786
-0.307651428522 -0.291004574028
-0.178632195641 -0.226945899849
0.152524951466 -0.097589504308
0.165723381667 -0.322694348155
-0.046057839694 -0.489057202366
-0.237853225208 -0.618402333048
0.207261913896 -0.726551257073
0.096588823873 -0.802279614798
-0.033673829542 -0.897381947830
-0.176314220090 -0.953530285730
-0.028132770735 -0.738035866544
-0.121475012826 -0.860496440223
-0.201151136363 -0.924624781027
-0.271791540208 -1.000000000000
-0.221210586345 -0.657737534668
-0.339351650868 -0.603079440698
-0.232606998254 -0.400856958619
-0.133054736265 -0.317949372883
-0.379685361494 -0.516521280088
-0.440708102579 -0.437865031350
-0.311459533484 -0.284104027229
-0.182228174977 -0.217508862247
0.150640809144 -0.096126980305
0.162298413970 -0.318471958519
-0.045988573148 -0.481170598270
-0.232028623649 -0.606542682756
0.199391203808 -0.730205508864
0.084624699020 -0.803559486186
-0.044730490116 -0.900469674827
-0.186925561475 -0.957822395142
-0.033462081862 -0.737407151882
-0.133245863636 -0.859748248353
-0.213377101538 -0.921890200890
-0.283278237055 -1.000000000000
-0.224812239151 -0.652570315444
-0.348665736070 -0.601009140336
-0.242441003887 -0.396893184829
-0.140699672032 -0.317202846278
-0.383351360710 -0.505734690981
-0.450697189922 -0.434618244243
-0.321536894977 -0.282603195668
-0.189671619293 -0.219206818569
0.151788451036 -0.092361874364
0.171101465521 -0.316800507661
-0.035108003660 -0.482508672381
-0.223961123274 -0.606149221420
0.199987530444 -0.733776927469
0.090392750770 -0.811906369952
-0.041891072440 -0.905958815862
-0.186567197472 -0.955412358767
-0.034519888888 -0.742572371576
-0.128521194383 -0.869326229386
-0.211670449425 -0.930376133399
-0.281159882020 -1.000000000000
-0.228307133664 -0.658255809361
-0.350265870312 -0.611096730136
-0.247168752380 -0.403484163826
-0.142003004663 -0.311878460343
-0.390366157754 -0.508138670608
-0.455498916639 -0.442000077690
-0.327095345210 -0.289367156951
-0.191025771178 -0.218618092412
0.157420101422 -0.097555155276
0.187588431503 -0.316698604810
-0.011272002842 -0.479903721471
-0.193792007650 -0.589905272432
0.190815380606 -0.720493895524
0.110925568854 -0.800943745366
0.001714439016 -0.884462671642
-0.114037590884 -0.922181308431
-0.036752916182 -0.738577694178
-0.090510014667 -0.860711323477
-0.149505682689 -0.929406085396
-0.200314978454 -1.000000000000
-0.225368445590 -0.659952979331
-0.312876182210 -0.602259800501
-0.211319734864 -0.405469058345
-0.110858717579 -0.312998513696
-0.386755170561 -0.510929747059
-0.428236333536 -0.445875893835
-0.310776660813 -0.302142427328
-0.188424865765 -0.233292331395
0.160922165840 -0.103339131934
0.203399773956 -0.319018670362
0.009246574858 -0.475738782777
-0.165958087883 -0.581802233860
0.205611123212 -0.737626104872
0.160913675304 -0.820699143403
0.065938592306 -0.905563521783
-0.039373337474 -0.940930360296
-0.027942463337 -0.756214990825
-0.065631735621 -0.881641272888
-0.127749913217 -0.944559084825
-0.178899678764 -1.000000000000
-0.224637326204 -0.677887998725
-0.305881525018 -0.631036567106
-0.211465565597 -0.428552464819
-0.110029783277 -0.319863641989
-0.393884789302 -0.522906160309
-0.437074704418 -0.473042547709
-0.321566974166 -0.325808160254
-0.195976868296 -0.243999885051
0.160436336579 -0.099500554962
0.210055921755 -0.316959427041
0.018221692314 -0.473462199790
-0.167536058790 -0.576348948455
0.214729215016 -0.747243744582
0.177029536873 -0.831150510997
0.091478243918 -0.894543747259
0.001405765974 -0.911619850129
-0.023677656764 -0.767500942097
-0.053939240433 -0.885314948550
-0.109418563387 -0.938756267774
-0.151657053506 -1.000000000000
-0.225724226880 -0.686050092768
-0.293713109797 -0.620907831036
-0.198755210704 -0.411635459074
-0.094666312480 -0.309757896623
-0.398880796125 -0.528775192074
-0.425445078000 -0.462942347808
-0.308347188502 -0.312629118712
-0.180960080502 -0.237848189630
