0.415176259453 0.038355782578
0.599898447180 0.142182778518
0.255348126562 0.329931589826
-0.150020007009 0.362871405982
0.603246746676 -0.632950854506
0.759221943504 -0.494775824910
0.922973105980 -0.423609650829
1.000000000000 -0.338975309971
0.182716151590 -0.721849309965
0.211640491979 -0.582099659743
0.242138717105 -0.438653542069
0.229208945847 -0.382269926291
-0.177909134143 -0.620764516120
-0.198928176216 -0.127959312642
-0.029823413996 0.142982782934
0.061673653022 0.195607840540
-0.498860474336 -0.438225254089
-0.452903499985 -0.074819867926
-0.249741932576 0.142062460503
-0.103476068397 0.203692879988
0.474460508132 0.066626332120
0.695426278303 0.181117722341
0.311991112004 0.391748456934
-0.120674140600 0.435549262683
0.702443783552 -0.733641150706
0.856375654433 -0.578815248120
0.994530336452 -0.470946253455
1.000000000000 -0.372620310175
0.187251058055 -0.808496270231
0.164999510006 -0.477202399144
0.148583460123 -0.171567507906
0.077838685620 -0.042732576971
-0.244842396287 -0.656664522596
-0.273249080638 -0.078455642241
-0.078928092112 0.225927272410
0.028312734201 0.260274409183
-0.601511631963 -0.422492268058
-0.533227417083 -0.007755714661
-0.291127119432 0.231784467351
-0.118085061324 0.287606739828
0.482952570327 0.036395554033
0.682187372347 0.151992120844
0.294779105449 0.380805691064
-0.121794297535 0.416800364854
0.674233419675 -0.852910812772
0.883640999901 -0.627377580968
1.000000000000 -0.483178674928
0.991283935515 -0.364562808001
0.168065800511 -0.913383613567
0.203256034850 -0.481152413361
0.166201026922 -0.184863014902
0.088155719418 -0.092394377004
-0.264047525258 -0.743065125412
-0.250283434441 -0.052104787374
-0.090441197587 0.238520851559
-0.005896507959 0.241728214982
-0.624571740740 -0.484813700524
-0.547514542491 -0.022291127570
-0.321337716262 0.201244454008
-0.163282027235 0.236987733772
0.454562090966 0.046872226761
0.626222610607 0.170257055437
0.240816517810 0.374743072854
-0.133499270860 0.370329746761
0.691566979393 -0.843852122775
0.876870057472 -0.645915004164
0.997670824082 -0.488045161076
1.000000000000 -0.356837532982
0.215971691946 -0.941486664811
0.171615564680 -0.544918382359
0.125897641370 -0.212635482484
0.049754963653 -0.106188283677
-0.205862126951 -0.798579189967
-0.262065582927 -0.130527896356
-0.098031714877 0.169751630200
0.001927762042 0.161307307238
-0.570427142109 -0.561612364820
-0.544770900399 -0.101833165777
-0.324365313346 0.134590064826
-0.151215766638 0.167549261201
0.466177553944 0.000621575447
0.658209888174 0.104731166232
0.341734521191 0.336387529535
0.011058505113 0.342258282580
0.632369790606 -0.888706486536
0.840558630722 -0.630250132399
0.979341076982 -0.417659553611
1.000000000000 -0.282955274575
0.142278927500 -0.882335417770
0.240909445825 -0.532021797470
0.248784007890 -0.192807420459
0.191061407708 -0.063653081334
-0.258324273333 -0.677380382531
-0.231401325349 -0.092012898725
-0.055969585557 0.224364548112
0.024768810853 0.263141880882
-0.594996864009 -0.400229343199
-0.514542892207 -0.007744709129
-0.258665773822 0.216411692366
-0.086153603292 0.258868828166
0.422954508157 0.001166592977
0.619420916850 0.108424465499
0.328906355681 0.327198786717
-0.026388841652 0.345800545951
0.653296249787 -0.969283570587
0.860858004425 -0.679349719347
0.967484756640 -0.456496119997
0.961564729290 -0.299064513285
0.207847706950 -1.000000000000
0.204563327816 -0.545653475328
0.162703123275 -0.119911427427
0.090047241567 0.080625013827
-0.194982054236 -0.797278632131
-0.258102449955 -0.164322529113
-0.109064281045 0.173850750724
-0.011916880993 0.238196955103
-0.538707960030 -0.488913734527
-0.514374056663 -0.070236293688
-0.287796803476 0.177328076125
-0.112628668910 0.247087562494
0.393978042641 0.232892667011
0.668738822445 0.291129958794
0.632877863426 0.329249468598
0.440162460004 0.343743203627
0.851119273624 -0.321578954037
0.952810489801 -0.233447282168
1.000000000000 -0.102271865703
0.997740964533 -0.030823308543
0.600793411255 -0.445683131120
0.608114608279 -0.229487288408
0.660570123609 -0.075706422880
0.678820493508 -0.026117180835
0.310784799833 -0.405224682493
0.235912446139 0.042105884134
0.261588012059 0.289633121036
0.273826104399 0.365888966046
0.026929854754 -0.261383476083
0.036144498228 0.148641847188
0.100792061068 0.367092293986
0.142658581333 0.451185453545
0.417769983467 -0.002367487818
0.566952273781 0.093853664920
0.320932790882 0.315053773701
0.038801536112 0.330026847659
0.510379981738 -1.000000000000
0.772453306270 -0.687058119492
0.860728192496 -0.418805084902
0.862669121284 -0.256857603804
0.172490248213 -0.976356815550
0.352240974159 -0.577774718215
0.290399343315 -0.195544883439
0.171995644213 -0.025766323806
-0.135233866810 -0.729117407902
-0.093498104397 -0.106910119980
-0.038913997748 0.216000632512
-0.042346008782 0.251785243261
-0.403757490910 -0.397902897216
-0.362750797966 0.034822211786
-0.213902939020 0.305547357595
-0.137582383828 0.389715008585
0.284220026709 -0.118002059154
0.413552470764 -0.103989141183
0.362561832958 0.063625647109
0.364880617051 0.065854084961
0.432104593608 -1.000000000000
0.769527559047 -0.700872535020
0.885686308186 -0.375726894103
0.887095668448 -0.173818769139
0.218287004418 -0.889366864020
0.488607482786 -0.505615496878
0.460259319410 -0.124670721866
0.328495441112 0.010120320843
0.006435859256 -0.601079714679
0.047460864608 -0.050015432865
0.063805003414 0.210590614660
-0.006167801237 0.191014773306
-0.218772242880 -0.255995305696
-0.177233836528 0.141004582374
-0.079124807012 0.343237707130
-0.071544562025 0.367943241592
0.429586498400 0.222324736820
0.705084004290 0.287542614699
0.659513182256 0.318609674284
0.455445278762 0.336100832342
0.961164135996 -0.350555297603
1.000000000000 -0.154799583226
0.960492941194 0.005638914907
0.901300894901 0.056961052224
0.649232034191 -0.490491674249
0.605395329625 -0.155949246628
0.563522842553 0.051978131572
0.517133701154 0.089769132277
0.314385037809 -0.454149257798
0.213515601374 0.023380254447
0.222422285285 0.263354499979
0.234291820802 0.287174873021
-0.003894408074 -0.317746171641
-0.015086333878 0.098010060113
0.044908343141 0.326594563545
0.088238479014 0.384260767757
0.451076981089 -0.046818869853
0.686481361859 -0.052113843870
0.598160021168 0.027937126201
0.489796880306 0.006931736742
0.588252459322 -1.000000000000
0.831756989102 -0.642115547157
0.893623384957 -0.319380517607
0.848585253817 -0.143565912400
0.167074920004 -0.979341374135
0.323410131239 -0.478511262586
0.293039768010 -0.057445133258
0.187174139170 0.054861278494
-0.187315544157 -0.755598834052
-0.105455125877 -0.134510851226
-0.002370676034 0.204986454045
0.017481298655 0.212067951524
-0.490985753448 -0.452377049971
-0.407890505405 0.002490977398
-0.223007448401 0.263776220180
-0.115248920984 0.304021043633
0.383147040302 -0.155013281832
0.641498629687 -0.224556644020
0.769271960478 -0.188196520116
0.926615291033 -0.213103281211
0.551261811000 -0.952040723561
0.879554219735 -0.660923309061
1.000000000000 -0.349766182105
0.992456074609 -0.134535091532
0.234514322501 -0.834026435059
0.452919711806 -0.459995964452
0.515019852532 -0.103328883883
0.454835858138 0.043419838933
-0.034378289046 -0.569364866783
0.036191144558 -0.111722325451
0.141821806152 0.125037694682
0.149384763662 0.133410071576
-0.274080434538 -0.248671816795
-0.185376348139 0.084059972239
0.001794562505 0.243030364175
0.099088232164 0.246024874055
0.417394593277 0.048303463460
0.574005052820 0.125157534707
0.357515663443 0.281954898431
0.073089255473 0.329217464671
0.528308968959 -0.952767921675
0.656599468428 -0.671487071301
0.704422857674 -0.403052569452
0.683034479955 -0.281157904539
0.128821165948 -1.000000000000
0.266688847730 -0.586984509819
0.331064524250 -0.199486742562
0.305147144514 -0.044970338903
-0.226119815080 -0.807541716251
-0.238601302784 -0.222636349748
-0.127655555478 0.103457760484
-0.094858069362 0.156032183309
-0.532869784454 -0.490101534702
-0.518046692243 -0.100773829703
-0.356975938959 0.142823625086
-0.271238837805 0.215583036656
0.411303583446 0.200285519709
0.674423107027 0.267700616396
0.626684184964 0.278546485258
0.418842695231 0.298352909853
0.960184450548 -0.388736555219
1.000000000000 -0.117220758648
0.900938174413 0.043968897886
0.805957648356 0.069485449065
0.674869716581 -0.509297653627
0.617725903756 -0.057848246409
0.501979237606 0.140928661549
0.427017737276 0.138941998290
0.368655715947 -0.457765025575
0.264325958077 0.085043597281
0.223223696798 0.257420100641
0.213498231892 0.204586979820
0.072232740039 -0.319578637667
0.045491825761 0.155449225257
0.077621824195 0.336014417809
0.104264733232 0.325630946376
0.346469654343 -0.103100140330
0.588591565820 -0.153906513905
0.697223816297 -0.089756136638
0.853472320929 -0.099991900641
0.435113325448 -0.812141133719
0.780720406946 -0.567851358867
0.964188605531 -0.244684552130
1.000000000000 -0.023784998712
0.139858911652 -0.684104627410
0.396105785778 -0.389861304241
0.513025257593 -0.038546478799
0.467735841098 0.107578270466
-0.083582369415 -0.445364596976
0.017181628740 -0.062928295686
0.171658376492 0.187067805279
0.175943770246 0.228903297201
-0.275310496095 -0.181088723956
-0.184843848971 0.128231635280
0.005070694819 0.316010837190
0.074969224209 0.359995406228
0.412349746958 -0.129837557968
0.693315820013 -0.209020305688
0.748699670670 -0.165782799704
0.764616222668 -0.193540814856
0.526677808350 -0.987025072260
0.857594087305 -0.742115098177
0.984853177357 -0.424628946648
1.000000000000 -0.162089488129
0.133316584146 -0.875340893237
0.361795373944 -0.535544071685
0.429194643888 -0.172961022827
0.404049058138 0.031703432869
-0.179370867336 -0.618718548239
-0.068517490455 -0.138170954015
0.080806724220 0.142357189540
0.140912572137 0.230369151702
-0.428724586051 -0.307496554163
-0.310087757637 0.040731206225
-0.105362325636 0.252300649456
0.018663187158 0.325114460820
0.376947634815 0.221597628427
0.622781877793 0.314096327285
0.631975543921 0.345671811334
0.491029278671 0.352637603122
0.939738871024 -0.333910058372
1.000000000000 -0.070743741068
0.883715236635 0.109790523887
0.798864146633 0.145204156851
0.662808322490 -0.459829051242
0.687861543865 -0.083279370019
0.605306055970 0.141475316558
0.541046870339 0.176669787551
0.364311533930 -0.427137784002
0.340815748576 0.050610618177
0.299052592034 0.268542594683
0.266188585698 0.274765015213
0.076749178536 -0.308600028314
0.107746827916 0.098383025279
0.130901432373 0.310336437533
0.137209496147 0.354364933552
0.346434282389 -0.091992679278
0.616207016254 -0.143839000250
0.667556680861 -0.145919006088
0.647259267161 -0.165556394544
0.570469156872 -0.924801192424
0.896596855944 -0.693505385278
0.999699274010 -0.417886646699
1.000000000000 -0.157101633969
0.200067368610 -0.932312792457
0.343047325513 -0.526184494553
0.369273551177 -0.167842436049
0.348141515251 0.043965035691
-0.122170635333 -0.760232028721
-0.091909310623 -0.182253423869
-0.001418483514 0.098571504762
0.053271915617 0.181816931416
-0.387015729635 -0.505437769650
-0.339506450077 -0.109694904407
-0.179550445522 0.096273673751
-0.053205295547 0.170725812564
0.406335264642 -0.037562136631
0.595144728287 0.007473774521
0.389111095353 0.153131626284
0.092964490357 0.201790713539
0.626441914422 -0.941768101148
0.899522682804 -0.672646298869
1.000000000000 -0.381967018271
0.997966482924 -0.156635248362
0.223020491979 -0.961843888612
0.394177109749 -0.534053520651
0.471281565209 -0.167660886058
0.474864790091 0.034927753213
-0.139867521756 -0.776209148630
-0.129876021378 -0.153699133358
-0.024694248323 0.146495628837
0.017271711241 0.233426686016
-0.454227987627 -0.490979014623
-0.416101140507 -0.088366604376
-0.236607502240 0.142543754076
-0.120894188196 0.244096058712
0.448731159212 0.159550780510
0.781203326940 0.202590513397
0.926026019059 0.211344261466
0.897834964154 0.201360348671
0.946120595753 -0.398755198540
1.000000000000 -0.042838289169
0.845156426014 0.190232469445
0.740069576045 0.247885548281
0.667668918322 -0.458918213285
0.703058128144 0.027449535802
0.585099628190 0.301954701947
0.478297740228 0.360029529989
0.377720236801 -0.371672712807
0.410640566502 0.150514860341
0.348781752770 0.373545120846
0.290415133126 0.368859856850
0.109245430437 -0.216718357351
0.189402237144 0.213698021909
0.202330535315 0.411617606256
0.193525734718 0.424477939178
0.407540836806 0.034681775059
0.581165233165 0.132749286902
0.372050936029 0.286334816410
0.085513540254 0.290757120806
0.629594329865 -0.896617206409
0.896925406750 -0.615547261734
0.991387506875 -0.326701337901
1.000000000000 -0.140088796766
0.209050214843 -0.938876138530
0.419945665730 -0.477337725162
0.443705584657 -0.095874832880
0.410375695486 0.091106233621
-0.163957363358 -0.755846152401
-0.174744897160 -0.104307081511
-0.146982861640 0.196634427220
-0.161004359475 0.263726395747
-0.497679260820 -0.469764012261
-0.504971387361 -0.073156199022
-0.342742993478 0.155585648489
-0.232377943585 0.246741979016
0.384723480489 0.023518937069
0.570413440750 0.110605743611
0.408566350395 0.229757779491
0.165865388390 0.197289228747
0.618471296077 -0.866064124767
0.895735823105 -0.613682663970
0.992516278091 -0.320140045753
1.000000000000 -0.094095178356
0.245504389236 -0.918445565937
0.408757511003 -0.501203094996
0.418367747476 -0.116736523373
0.387517290811 0.045868830851
-0.090346350049 -0.768432671428
-0.087194162654 -0.166170774330
-0.006920838312 0.129586873272
0.030593155273 0.170175726450
-0.385346616968 -0.520635532478
-0.367466329041 -0.110007238196
-0.228449879808 0.125582804338
-0.134011927323 0.196230289261
0.346822168191 0.217127437723
0.579036135741 0.341312207165
0.610564347280 0.413810080699
0.483805672551 0.424600282360
0.946850804831 -0.334230687277
1.000000000000 -0.021747653079
0.862153428002 0.194191370463
0.773504015562 0.228993337597
0.714470419611 -0.432051633514
0.704474990337 0.032373485287
0.568322038161 0.277991372012
0.486079705999 0.280275838567
0.440405864533 -0.370052090651
0.396513716240 0.163543188362
0.316212582187 0.369232931676
0.265849986888 0.325241060795
0.167533308017 -0.230631271506
0.183048043309 0.226532404305
0.171940431947 0.427328316011
0.153805962502 0.425324199222
0.369306835529 0.003075971723
0.538818681229 0.061699378125
0.356669092614 0.181929596791
0.087935564695 0.170007714732
0.572318238696 -0.856191336272
0.886990282496 -0.621827685147
0.999622091002 -0.375547340019
1.000000000000 -0.157511050562
0.210123046150 -0.875884108635
0.360860314567 -0.439368087369
0.334502254165 -0.111866524581
0.266412737062 0.019659186520
-0.111628602104 -0.709985335092
-0.070315375617 -0.119168032248
0.007909875621 0.138513750900
0.038374874804 0.173471971567
-0.383549963538 -0.460414942624
-0.325195789992 -0.074481931545
-0.188294887707 0.141033781351
-0.111327694795 0.218967136116
0.404854895829 0.016088825330
0.618920441701 0.101368062536
0.447597998521 0.215275690825
0.157231719538 0.220168372499
0.715501753424 -0.928901393336
0.947289225411 -0.589930695885
0.954720697547 -0.319522309385
0.885186298227 -0.161444390328
0.325483894863 -1.000000000000
0.446990431296 -0.481894746175
0.383061156266 -0.129087117771
0.310246738308 -0.043541326277
-0.047211581160 -0.864382302177
-0.035582214822 -0.189950154924
0.005569814003 0.099210584796
0.041423572610 0.104853706026
-0.383777149101 -0.616060500339
-0.365692333024 -0.150918950225
-0.245814387637 0.072352505668
-0.145729009665 0.115797112463
0.341172446476 0.269279596644
0.567241531420 0.421635671592
0.556285995496 0.465867419899
0.416122499401 0.448329121293
0.967094607055 -0.221902613106
1.000000000000 -0.054497252600
0.914297140238 0.159094552450
0.841767460808 0.268108003697
0.717794095761 -0.393263487273
0.645320042437 0.072260033160
0.491330652351 0.340716912052
0.403562099306 0.380545139659
0.430155205127 -0.397894360540
0.323876172462 0.163075136132
0.229065431036 0.359308917088
0.198234662170 0.312964206068
0.146873458840 -0.317158172001
0.094944384420 0.162684349984
0.068628133298 0.348127495799
0.063918413855 0.331321777690
0.426572895090 0.029153559714
0.638556408187 0.110146861119
0.415308044397 0.201025006240
0.084114738807 0.187192530971
0.744394311619 -0.917825795650
0.931101344050 -0.597648995941
0.956919278691 -0.340222079820
0.904262587661 -0.186955182617
0.320374541348 -1.000000000000
0.391496331027 -0.487341858995
0.327471442049 -0.124372581448
0.250914287466 -0.010117521009
-0.083231713399 -0.862589315821
-0.096553777795 -0.176099925701
-0.025844598622 0.114641590847
0.030680121272 0.128352910437
-0.443876456240 -0.609493058363
-0.417360003153 -0.139872917910
-0.276218210623 0.093769824645
-0.166399588947 0.149697037817
0.391986373004 0.054172707523
0.619052235594 0.129747672159
0.422531988995 0.182678515558
0.098213669300 0.150261978522
0.811506196560 -0.874196327453
0.953276457480 -0.537708712493
0.926706055251 -0.304721066687
0.852478991041 -0.187699678751
0.398408592484 -1.000000000000
0.427481818676 -0.449926628387
0.347647958742 -0.115166441190
0.292293520236 -0.076559312025
-0.006572598236 -0.904850733936
-0.051762883365 -0.187660018420
-0.007879920268 0.082679121480
0.052852532606 0.041901690852
-0.369940737183 -0.693712074808
-0.375062336493 -0.177713537834
-0.276196750497 0.036546444451
-0.177904678597 0.043670431460
0.367547631989 0.068394834069
0.594596860001 0.146086464422
0.435563210470 0.181567128497
0.151039075976 0.141619045291
0.832862655949 -0.782094471904
0.993704718673 -0.534452706733
1.000000000000 -0.325263430742
0.943630244476 -0.182785186950
0.454541824482 -0.924567035899
0.520878936659 -0.419124154528
0.470780538465 -0.133450463385
0.434205738799 -0.107698776572
0.075224446676 -0.857061864702
0.038861692793 -0.174551545542
0.063261759849 0.064298925348
0.114184072952 0.023189581667
-0.274303510494 -0.677155044366
-0.267142748464 -0.165763865677
-0.181935368720 0.034556922417
-0.090524358932 0.039467623948
0.352581997742 0.105082843789
0.594385541334 0.196057777451
0.467626363700 0.217221608765
0.167768964908 0.175471003015
0.860974841090 -0.714373066288
1.000000000000 -0.430876671788
0.987190385924 -0.222305017814
0.914838070582 -0.091505786666
0.504697926208 -0.869231489512
0.583148169675 -0.385668640080
0.552047884252 -0.120827059151
0.536584660527 -0.091282140262
0.136755844237 -0.821181673873
0.103830178158 -0.132683513549
0.129705493731 0.101219413589
0.191128135545 0.060110255220
-0.201584465144 -0.653722864748
-0.206708179699 -0.131266676710
-0.139049571594 0.064884491547
-0.056879670616 0.064817151861
0.343530781564 0.136982161081
0.582034063335 0.229160429756
0.449610067561 0.236576335480
0.117181544548 0.196826373021
0.864386372498 -0.648505819575
1.000000000000 -0.435327343349
0.995155694008 -0.233348764207
0.916766696349 -0.073709521455
0.519225306378 -0.834650935465
0.582021629366 -0.429743535054
0.550530053699 -0.161949330622
0.531265532497 -0.107920868312
0.155395433673 -0.820324851773
0.097540975505 -0.175480835907
0.114974435442 0.082846575350
0.172391393271 0.070254791143
-0.182349647019 -0.682981388262
-0.201861731720 -0.197122875346
-0.142597054297 0.005823162188
-0.063355054520 0.012226895056
0.314366268711 0.123216567890
0.533238218953 0.225724472686
0.433480691671 0.252299338686
0.164840376624 0.210032098855
0.839281479707 -0.601223740741
1.000000000000 -0.420159307094
0.976472681497 -0.205253020941
0.874553495543 -0.042960436595
0.519822624371 -0.765079896379
0.615197475262 -0.437780625147
0.560128617267 -0.158075393786
0.512102200692 -0.088715695042
0.183632611861 -0.746079154991
0.148460427151 -0.175613744078
0.148132303524 0.076678849262
0.180389299422 0.067647504986
-0.129053765807 -0.611501849874
-0.134612980505 -0.167627928492
-0.085482725468 0.026343950309
-0.023270095961 0.030763051571
0.294433037058 0.105896203462
0.492962701320 0.215606804404
0.435119928514 0.268908499297
0.251422582667 0.246663170723
0.818171989333 -0.555903333808
0.999203590635 -0.360662325878
1.000000000000 -0.155323219089
0.911579366294 0.009692546397
0.524995572588 -0.694573709554
0.611698025442 -0.323059537561
0.552627723533 -0.073249567643
0.513115112269 -0.016425886918
0.204753833629 -0.660721887882
0.143335616144 -0.084890925207
0.129812777069 0.109525032012
0.169094608064 0.074004214627
-0.099182956870 -0.523252424280
-0.123722067377 -0.082039236845
-0.074458352409 0.070218608447
-0.002526436637 0.055461942174
0.312255479636 0.227476621824
0.527177591151 0.341610905551
0.547229149031 0.356159393753
0.438393928983 0.294980603713
0.889832737085 -0.319411720883
1.000000000000 -0.140564974025
0.957237702195 0.078059924955
0.907180476783 0.209285259168
0.712340225425 -0.426533730616
0.638635026981 0.014376104705
0.481086066327 0.220664456025
0.403120191596 0.240458004469
0.477896405817 -0.387094121578
0.326672574144 0.122957527460
0.232006246544 0.253873363512
0.212506730783 0.206706862240
0.226651104792 -0.279930807703
0.141033339107 0.156346739786
0.110091821560 0.292876544308
0.110373280684 0.270019322417
0.299705387553 0.074826994422
0.479428822727 0.165134311858
0.400652690784 0.229867158645
0.220571137902 0.254488223573
0.777990958079 -0.576471005104
0.984234631668 -0.359726639965
1.000000000000 -0.137520507318
0.906871757560 0.032147442447
0.452535505662 -0.712301319673
0.510956567204 -0.289034771198
0.460160074206 -0.047359413405
0.424158850559 -0.017451151540
0.101813226811 -0.665337583816
0.029017613360 -0.059955896718
0.059346671407 0.135392588900
0.123591476515 0.083851513437
-0.222149596035 -0.513490242119
-0.253135124473 -0.070666828875
-0.191382969802 0.077763039937
-0.124670396666 0.056118887520
0.323883256089 0.118624110586
0.543554969646 0.214252360455
0.448697942468 0.251985011614
0.183417519537 0.215882340529
0.818744472700 -0.594257892342
1.000000000000 -0.412894112531
0.991860573212 -0.187766044306
0.896589342571 -0.019156107460
0.489006407081 -0.747691148247
0.577192602623 -0.403940574876
0.536474215720 -0.124794045011
0.501841668777 -0.054919342705
0.147225861219 -0.717290999262
0.109209735265 -0.141463555600
0.135785573793 0.097014891142
0.184158774019 0.079139924627
-0.163521151440 -0.575025641167
-0.168755420270 -0.130840360573
-0.107558808024 0.047483863037
-0.046375497992 0.040216037151
0.313202056102 0.106606669112
0.521789054108 0.202639197368
0.437678191435 0.245320246568
0.197522401342 0.212379578242
0.820910649690 -0.564528115011
1.000000000000 -0.384811955326
0.987017889424 -0.178425306209
0.885534793059 -0.022418358209
0.506657159400 -0.712663716435
0.581076716567 -0.370929806957
0.513908100973 -0.107539845811
0.455300046730 -0.046181411308
0.171038532356 -0.681779968835
0.118403077078 -0.130083089291
0.132797277397 0.091959570535
0.173707070688 0.070453388639
-0.136918565793 -0.545248867599
-0.155551120486 -0.113743895832
-0.094715238125 0.051541871380
-0.030255970123 0.039268486576
0.300462202888 0.164782828235
0.519355802734 0.239850730596
0.559876790007 0.262887357743
0.468063191989 0.237661754776
0.876539313160 -0.314153686075
1.000000000000 -0.166894059574
0.963740194485 0.046856212899
0.911530946286 0.198664534830
0.749880748910 -0.375361566976
0.705783147913 0.023424063001
0.542750826426 0.216856192069
0.448861346608 0.256060179252
0.552972540943 -0.322762738669
0.414810856683 0.149364608874
0.275745829336 0.241207307467
0.216740708738 0.181172761716
0.323624238193 -0.219388125814
0.229941831934 0.198292905182
0.149684225075 0.281154186360
0.111328565577 0.219650766154
0.312773798326 0.110348985419
0.514954731700 0.213257786938
0.421833783633 0.253387351231
0.192392537968 0.232096900229
0.831955852695 -0.544847781621
1.000000000000 -0.358568645469
0.989739562208 -0.158400221489
0.888773125683 -0.001245876016
0.512817882455 -0.707812498911
0.549017966799 -0.324944858063
0.483670174841 -0.067109144143
0.436369932890 -0.019971643391
0.165657766715 -0.683621971858
0.071418689054 -0.113721723233
0.090627415327 0.097237092637
0.148486479744 0.062743468229
-0.156362162810 -0.552223860043
-0.208677187346 -0.122346464866
-0.143678104410 0.033397792371
-0.064256682667 0.015084762074
0.309398314437 0.109698108817
0.519335889090 0.210213083082
0.439628126494 0.246671552137
0.211728341568 0.205041902734
0.829877446094 -0.529083903036
1.000000000000 -0.334547302608
0.996410891014 -0.143179768758
0.892209467006 0.001903712493
0.507610607885 -0.692808404302
0.539542769635 -0.313453522781
0.484822417129 -0.076154635602
0.440231714937 -0.048121179470
0.157362506371 -0.671976421872
0.071305323638 -0.101536938582
0.105050826268 0.098740342433
0.165030079430 0.048608186259
-0.160904497885 -0.547449035864
-0.204783892915 -0.119790716616
-0.134618175769 0.020478828651
-0.061206807217 -0.017062963486
