0.274665418418 0.239648382079
0.514294755556 0.362711456576
0.551895579151 0.278794475177
0.421139556846 0.073618216741
0.944592157223 -0.369088811176
1.000000000000 -0.300973445171
0.851363621279 -0.105728412471
0.709711761224 0.012281001841
0.781062208805 -0.570652358137
0.806221285578 -0.316602803344
0.642982696322 -0.104497242357
0.549106774534 -0.053657058471
0.563616745022 -0.636027171445
0.474671188750 -0.192575258960
0.341640717343 -0.011712211907
0.283281619451 -0.029198451760
0.309236604176 -0.607997638427
0.255678394631 -0.222404538836
0.194297902235 -0.074103009960
0.169500750392 -0.090798742664
0.264337767367 -0.006136930909
0.419412659776 0.043822784552
0.458320281741 0.216590528939
0.441046834685 0.288868235045
0.902772498675 -0.542198402980
1.000000000000 -0.235826589839
0.817240668473 -0.025907152727
0.676657376822 -0.001359429089
0.758706598555 -0.455832173650
0.826276910010 -0.079673083923
0.612347280894 0.112282203488
0.529310523071 0.064563596024
0.537571716694 -0.274489765282
0.466907713584 0.175133977432
0.303726389515 0.278533463251
0.262894147769 0.169078760840
0.271348639085 -0.059901237105
0.216276052629 0.274903908297
0.165991801330 0.335424967067
0.176086382557 0.237124036762
0.296350166036 0.209283494188
0.473521596554 0.337096425408
0.438304184718 0.421320347131
0.371434037969 0.372458553682
0.913498602236 -0.494073421855
1.000000000000 -0.186713480097
0.838016041308 0.053564250004
0.714573529107 0.058340153854
0.703796728555 -0.535108765599
0.778504564275 -0.155378668292
0.598571759402 0.137945521449
0.525809449313 0.128456967291
0.455925088289 -0.414672452072
0.412046645916 0.056854479736
0.283854716196 0.291464744688
0.229515740984 0.232608368740
0.188969871623 -0.227978575346
0.141275829183 0.190513136088
0.115711988324 0.373942136774
0.133011222363 0.329833245888
-0.086269402604 -0.251952142644
-0.141764724699 -0.324043427985
0.000629218469 0.033011339545
0.320479898472 0.355962057684
0.591220570396 -0.761817158437
0.588742264084 -0.478762430383
0.418946747041 -0.143091222045
0.269085442809 -0.045752247865
0.811480384196 -0.356783546805
1.000000000000 -0.032650619384
0.836866462531 0.217888589196
0.675938536007 0.186989164102
0.835975324926 0.065189619699
0.538614185740 0.447386922737
0.138150830484 0.518329008094
-0.145015516639 0.360241355818
0.743987146565 0.456984461128
0.401334982210 0.729093033813
0.046066800383 0.697316990668
-0.195362295759 0.514620396479
0.273838737439 0.229542867189
0.427473803847 0.273475788013
0.398374317858 0.331745525694
0.362574630296 0.314000318079
0.880949862342 -0.751349659208
1.000000000000 -0.589040499893
0.884944402795 -0.308653576095
0.786149610857 -0.246848383905
0.766115263806 -0.794685002986
0.754159529378 -0.521604244852
0.628202868810 -0.200061875434
0.550560836541 -0.159931117189
0.569499415999 -0.636652922744
0.408506918108 -0.118577213087
0.357128711491 0.197998662056
0.326592629317 0.215073010810
0.338903659992 -0.365817481729
0.203258283597 0.076368144782
0.172826934664 0.354416655248
0.157888032723 0.402098900259
-0.007562012724 -0.137332368743
0.063703686774 -0.107790326437
0.197824661397 0.224035614830
0.438111219720 0.464136844067
0.801492184826 -0.649238846852
0.951766676981 -0.436576138170
1.000000000000 -0.163885704842
0.980546745709 -0.062135641552
0.909860620807 -0.299302225004
0.982967890747 0.076165419614
0.789396128981 0.337776982743
0.684019622321 0.338407248140
0.852346192974 0.082152501371
0.539236145296 0.575854682072
0.200235111555 0.671476579092
0.014047358687 0.526902311501
0.715167215182 0.421255063220
0.399447616771 0.820495228618
0.101923964970 0.859408183429
-0.053023603747 0.728688766684
0.162070165162 0.086506295410
0.309088652289 0.100302286763
0.344474504739 0.219794855742
0.375646855304 0.259961371555
0.795922160491 -0.627968385072
1.000000000000 -0.522946714885
0.867294335185 -0.268708668820
0.759533470118 -0.193812989636
0.778546261339 -0.539356212834
0.844777177952 -0.371002553607
0.640996536947 -0.112447860295
0.527333843263 -0.088135182442
0.661237871334 -0.313755220871
0.506708635144 0.100044193326
0.331917269874 0.318050889401
0.235271720863 0.277912805271
0.490744934951 -0.037489797028
0.339716568320 0.333021688958
0.219714437324 0.494727854962
0.161875927998 0.460812445017
-0.097152282985 -0.019529166108
-0.109964554907 0.041109761965
0.015081128788 0.344806459320
0.240050445709 0.517339621592
0.497287997652 -0.611427196827
0.671411007070 -0.459094464609
0.645996362760 -0.182450260683
0.563964264713 -0.104429491103
0.737074868895 -0.359581139152
1.000000000000 -0.116014112580
0.842706482121 0.082783438010
0.686338965928 0.035130243534
0.805658123407 -0.048329695002
0.653713116212 0.355847131173
0.320272214822 0.497680195586
0.110144889590 0.418099252806
0.770282851623 0.271084266372
0.510015284264 0.574632703089
0.210915975820 0.640189433239
0.040181687466 0.557111764956
0.311791325563 0.195013122579
0.497691480674 0.252748011898
0.452349773342 0.271579887193
0.358610447711 0.226096572107
0.822575812175 -0.485782816267
1.000000000000 -0.433257292838
0.947098942198 -0.247700125788
0.861172609211 -0.189562945272
0.612291427818 -0.575462771791
0.631432727789 -0.440056107965
0.538967871939 -0.194473057208
0.467636995331 -0.152586892004
0.364823194505 -0.505018391014
0.259981977480 -0.130206921005
0.243388521761 0.137148204484
0.234957775071 0.154684955608
0.110889667532 -0.348896547008
0.029290820547 0.003815663946
0.038236518746 0.233374897686
0.047692161330 0.266123842161
-0.253669327514 -0.039379490834
-0.269944541109 0.054615861008
-0.093461660304 0.417044737811
0.190436869175 0.715722210225
0.342238022621 -0.480152097332
0.560617116119 -0.468328594165
0.842517869788 -0.287769140833
1.000000000000 -0.199572095448
0.642488188547 -0.209321241399
0.930961941737 0.093482113723
0.868556499161 0.336347913609
0.848488048385 0.335515031360
0.773918053773 0.103031006432
0.649768654390 0.482762524390
0.311849632806 0.596132971958
0.106863247806 0.499192803441
0.798868688099 0.381016278068
0.558223273327 0.667712803555
0.231007573473 0.759452095714
0.033372369238 0.725884705504
0.025585983225 -0.031004092751
0.072252771904 0.051469371476
0.123429949296 0.402518639288
0.258701702504 0.576650426319
0.776147303439 -0.888911978026
0.848117540567 -0.495959485810
0.579289323998 -0.146756035606
0.386134672622 -0.080962799207
0.910936345411 -0.592895985261
1.000000000000 -0.187053272866
0.642743101284 0.067202478680
0.422800899536 -0.001332984581
0.854812203977 -0.190341886143
0.532935573174 0.379112863682
0.195465005469 0.571455751851
0.061740012593 0.472767231762
0.700654214801 0.233684855907
0.342020356230 0.594766586622
0.085388287682 0.682726029727
-0.002866781104 0.591744112715
0.224003766460 0.198947642624
0.395170535739 0.264702917829
0.409186724711 0.317240849688
0.379738869809 0.278750697594
0.814223274473 -0.515633471754
1.000000000000 -0.438118043971
0.890952772201 -0.221136945650
0.777423142525 -0.155471992188
0.708441766693 -0.571172179856
0.766254662805 -0.409980857899
0.610575934186 -0.149968649193
0.498395458256 -0.108673548863
0.535250394121 -0.467810073012
0.443273364642 -0.078567348821
0.348769595346 0.188366908732
0.284568552238 0.203675265849
0.329546859749 -0.277720244331
0.224255009257 0.098719569318
0.171908978374 0.336919993699
0.147523940716 0.371323676034
-0.098710054790 -0.146981046232
-0.056023877304 -0.171674941100
0.120030388099 0.067089734955
0.389427304683 0.286996873595
0.658818738030 -0.483114440228
0.812448620356 -0.319272440250
0.920058517105 -0.149678387588
1.000000000000 -0.070357881283
0.779952764655 -0.209471030757
0.945064545239 0.060672702705
0.833866144041 0.202128291022
0.802740823426 0.160220596107
0.740435349826 0.067755125764
0.630521671055 0.310136270776
0.380198468504 0.329334728452
0.270631330311 0.210903800582
0.606213658990 0.301660557198
0.424270534140 0.509061803072
0.202664140357 0.536591628112
0.089034197715 0.479721276097
-0.088446456013 -0.152403733651
-0.121798243519 -0.146566187048
-0.003410767765 0.212960056378
0.251812348996 0.482671651596
0.593237782171 -0.664290454066
0.644729230819 -0.392813446333
0.457651377539 -0.122709837616
0.316641068135 -0.046620167758
0.815876015993 -0.320921775434
1.000000000000 -0.016820232823
0.731552961224 0.152069095308
0.553038124639 0.083940153207
0.848518173956 0.020828082706
0.642779076312 0.410952406557
0.249251394402 0.474668568358
0.052258152955 0.363872636767
0.763239066854 0.336387233637
0.462094197189 0.603759364391
0.127290838269 0.589153331950
-0.039481917364 0.460844460158
0.171629838405 0.048938798854
0.300511330851 0.070108641871
0.332004278938 0.181860678278
0.365730475035 0.231844033892
0.751981430952 -0.558022777552
1.000000000000 -0.425438407085
0.856749438162 -0.226149645863
0.711190015472 -0.173297225080
0.712182623260 -0.482856520926
0.843432813488 -0.277770828231
0.642706611495 -0.088849950178
0.509056410686 -0.086137449009
0.583756321720 -0.293026376532
0.481183397555 0.105864034883
0.327999746311 0.261154726823
0.241652748539 0.213677351316
0.407441036723 -0.052433402933
0.291553240763 0.286373721215
0.197731407567 0.397787531578
0.152084516195 0.354357156186
-0.115419966795 0.178933612488
-0.089376527053 0.331052006688
0.057108292380 0.548646437828
0.307499608620 0.650548787667
0.550281678738 -0.436260337095
0.705690091840 -0.315859436193
0.887465136526 -0.109394628861
1.000000000000 -0.060967185110
0.734580454593 -0.326691023746
0.918939501705 -0.009722953976
0.832369546569 0.264080425352
0.790742539325 0.281022905376
0.793698129369 -0.099887732016
0.673782590852 0.387368600361
0.369756496463 0.589148722134
0.199547403726 0.511903700834
0.778999093633 0.156189768648
0.564572861947 0.572066417903
0.260834588346 0.743471358767
0.103263816228 0.713367015431
-0.009507891729 -0.206123278708
-0.005859143693 -0.265835280841
0.098966527698 0.065216192998
0.312316061357 0.372882372308
0.606411600627 -0.599815992454
0.742225906679 -0.404601625166
0.620128314195 -0.198309973540
0.475912232944 -0.142678008008
0.789021718269 -0.269459307456
1.000000000000 -0.055184474413
0.837083166366 0.066018971018
0.699915028469 0.003214619847
0.804468263125 0.050110987485
0.607665210497 0.343893917712
0.291070004882 0.363656187847
0.118489601385 0.235688009660
0.705218608348 0.336669917756
0.465803343438 0.512700546260
0.218121853552 0.463604807381
0.088323705621 0.318707884847
0.067316436310 0.050462143044
0.153870846615 0.153938426826
0.181400490041 0.387708828130
0.290358162443 0.518322262146
0.734049275266 -0.386157862303
0.917087951842 -0.194094059826
0.977182175551 -0.046789686584
1.000000000000 0.002662871475
0.710988795624 -0.180097987081
0.720729004624 0.200808892880
0.437821982744 0.350319654395
0.330631321654 0.308471453908
0.577009550351 0.061682253057
0.336780064852 0.483094493607
0.083505698068 0.537095094226
0.007327489898 0.439401036596
0.406444702282 0.291417482240
0.158793431373 0.586817233967
-0.016921134317 0.621123799765
-0.059191605524 0.550012840240
0.055434411444 -0.136260475257
0.174268047045 -0.184676634930
0.277973658816 0.100148035036
0.393851137324 0.305834338466
0.686585659527 -0.554344988216
0.975843079716 -0.376863107698
1.000000000000 -0.189860045639
0.989574810382 -0.089100979432
0.795364062035 -0.279329845688
0.938659216042 -0.096769669646
0.786145731065 -0.019842391880
0.696910889234 -0.034682768834
0.770171892601 0.024200609056
0.588678072116 0.369115253428
0.304410958263 0.381654892251
0.153605005265 0.282429564087
0.656788518730 0.316489243649
0.518506913486 0.548988045703
0.309621106500 0.514683272128
0.192120502721 0.407399200391
-0.019235658010 -0.055325783683
0.062409544193 0.016558897439
0.163854033754 0.295522254740
0.283348679189 0.429589513464
0.438364858502 -0.344056278660
0.666226779237 -0.308534570660
0.871611433196 -0.189602509848
1.000000000000 -0.105976160063
0.541529575479 -0.126337074379
0.830823438623 -0.043173799123
0.914757721217 0.022786244310
0.967833775833 0.029810716654
0.546422372725 0.119879626741
0.503254145470 0.342145214740
0.259902081372 0.370076470416
0.085972628891 0.320476304235
0.497229388265 0.349905957303
0.416944331459 0.486051436010
0.209483459908 0.481067573535
0.067012865445 0.425539635488
0.162362018161 0.051650979594
0.314275926392 0.083119173126
0.330938634355 0.195645679267
0.298650285437 0.213650944776
0.655554214866 -0.360822279145
0.892621142840 -0.351159906888
0.973591610243 -0.293098628554
1.000000000000 -0.248968519200
0.618173778893 -0.328254519776
0.735187861007 -0.268369703049
0.694434355920 -0.227256946425
0.667099222593 -0.224045693914
0.499178410543 -0.199241529691
0.413054624576 0.150888847401
0.277439103496 0.245885932901
0.213880929793 0.214170011888
0.335494178638 -0.025116925170
0.277939360928 0.279637501458
0.183261039464 0.351485074219
0.128666211633 0.312027369284
-0.014152181514 -0.191506432094
0.024013142410 -0.305529763311
0.132952709274 -0.036429393724
0.295092976690 0.196616940061
0.509237331870 -0.459765361583
0.737083745115 -0.429214024847
0.873990064201 -0.358115287860
0.940766610444 -0.302226744751
0.681275870075 -0.194540338479
0.937320837823 -0.164189032320
0.981490503976 -0.147236276992
1.000000000000 -0.160435453084
0.702714629894 0.067609460448
0.559707268914 0.227923364898
0.284549725707 0.228121427960
0.120567209472 0.168614626848
0.606435286064 0.307492686314
0.419592153322 0.399474615500
0.204653505505 0.355124448167
0.089343638831 0.262719503499
-0.087115302696 0.038495731921
-0.021795357223 0.092231592549
0.074276697798 0.329083133363
0.194132794135 0.392777354080
0.366538643087 -0.319496549437
0.620840396999 -0.375810841855
0.787369341577 -0.319356214956
0.884709876625 -0.281099761897
0.521348066576 -0.176414402579
0.807447703568 -0.181636657620
0.916972765641 -0.163664782315
1.000000000000 -0.167790322162
0.562952709321 0.030096725480
0.495469539254 0.249879380922
0.256507429890 0.338820093155
0.113840082042 0.350867306278
0.544526849113 0.256256885084
0.377035074477 0.425144167351
0.146894362832 0.459447498495
0.026711064284 0.435925676116
0.198467731400 0.218884822411
0.382652767836 0.303610422155
0.389623620849 0.308662644914
0.323273781330 0.215639815805
0.737965890009 -0.172074254377
0.918674768685 -0.219393657606
0.982178914273 -0.207057146921
1.000000000000 -0.207345234654
0.623443922704 -0.325045246609
0.718543770420 -0.303606071520
0.741909331243 -0.280455961733
0.748586106517 -0.286950325579
0.449414845831 -0.358957882822
0.371428002153 0.014757355601
0.268195240380 0.193363616278
0.213226915528 0.226387398744
0.249972887344 -0.310495397406
0.179866494760 0.058900984076
0.105269804976 0.219726008326
0.070195990454 0.246977632437
-0.124515307452 0.248309229490
-0.084704219892 0.406554994904
0.021212966263 0.522617846223
0.138876071021 0.482936479651
0.227270752961 -0.046713811409
0.488439450687 -0.174707408727
0.697446639113 -0.208142659739
0.861213383104 -0.256538675570
0.397376651473 -0.126954162055
0.686480380326 -0.126865624980
0.874663015138 -0.130837038010
1.000000000000 -0.148527695973
0.493745005721 -0.136955600158
0.591872930123 0.018417212208
0.502172034539 0.144932440459
0.415272145211 0.218370692728
0.542991794481 -0.114247090969
0.580784620226 0.015321415843
0.494324581752 0.140954274602
0.430538037803 0.230277678778
-0.031537782263 0.267460338434
0.021576496865 0.451468214652
0.045786793290 0.510169127279
0.100663614773 0.446258871092
0.398640891947 0.035440987948
0.626342848852 -0.063700087408
0.799203469472 -0.107426162946
0.949281096461 -0.160546010009
0.460211119482 -0.111207455781
0.696368692381 -0.125965143396
0.869848600362 -0.143054383104
1.000000000000 -0.163973531199
0.430672142856 -0.208811033088
0.490077357734 -0.134553143282
0.450461083208 0.002076507419
0.426473088673 0.096755921499
0.344499785842 -0.284121013338
0.376495302242 -0.280678034894
0.361079268616 -0.177159066601
0.372292923919 -0.079682886976
0.214880587539 0.206708739094
0.413192101699 0.296374146898
0.402085135566 0.300562473944
0.267904678964 0.197128787349
0.756729584001 -0.171545750621
0.947429821340 -0.227196719498
1.000000000000 -0.231101439733
0.999909462492 -0.243377397285
0.620952984659 -0.350505710666
0.724705487095 -0.352071932179
0.736285389187 -0.333695913270
0.735506405496 -0.349448472454
0.428299871319 -0.404564341441
0.336738334671 -0.028857089703
0.238553631060 0.163339531455
0.192312179004 0.192817035238
0.215506934277 -0.366562769932
0.122701087256 0.022050332793
0.044930657232 0.198492073293
0.013683351513 0.220808021468
-0.025937145055 0.246103766421
0.037832247362 0.419457328171
0.015020572798 0.503455621978
0.026744182024 0.499467042471
0.474856875189 0.059472052545
0.697510965453 -0.029494898263
0.856799454863 -0.082131804630
0.987512136048 -0.138297973050
0.495153317909 -0.139172642375
0.720823465351 -0.177576169234
0.876992491989 -0.224924371005
1.000000000000 -0.271020782522
0.427162683397 -0.274634425725
0.469777621537 -0.230779985847
0.403957594240 -0.086806629537
0.372096655830 0.009996845037
0.318943085597 -0.365918444663
0.335940016017 -0.363216882492
0.311449639018 -0.252488060568
0.329678516013 -0.148927540168
-0.030627504776 -0.132919409576
0.011117498216 -0.212087419871
0.092774142703 0.052019796910
0.201982790237 0.232835655690
0.490744494566 -0.430588321240
0.749501941098 -0.457161400011
0.890699776632 -0.425083809230
0.972831567614 -0.420780482909
0.661850363167 -0.223329109973
0.904956680424 -0.233192292281
0.960435992476 -0.246069286232
1.000000000000 -0.287499787848
0.684653852937 0.018905059989
0.510694006100 0.211601942500
0.233604715602 0.246809788652
0.081055830267 0.197485464827
0.601189526558 0.263597388059
0.394292338696 0.404903845373
0.171166525601 0.386893586814
0.056590250162 0.296321839250
0.044294226413 0.240436173166
0.144746913165 0.434129030969
0.092497988370 0.516666649144
0.050214515415 0.571921891296
0.559281918324 0.161332606483
0.765813721697 0.125903130572
0.909345771793 0.068578520842
1.000000000000 0.000015244928
0.542940056242 -0.047961332554
0.735416911987 -0.094885747149
0.860052435544 -0.177842075161
0.948460051980 -0.253194600982
0.439163799919 -0.191192952427
0.497936853054 -0.164148712697
0.502996416916 -0.055257344901
0.520668968476 0.027465315160
0.285192128150 -0.280798960401
0.317453375052 -0.275064764660
0.319149767576 -0.152545482455
0.347536699974 -0.022530952461
-0.054864463459 0.151403739079
0.020326928447 0.267641411858
-0.010680038975 0.397224572520
-0.050847662682 0.504991475556
0.431608959442 0.018772115256
0.636363828399 -0.119348931458
0.790088217141 -0.170450368688
0.888012354778 -0.218116199746
0.488741742965 -0.105584326700
0.709310520573 -0.120363453546
0.887880234544 -0.113274761310
1.000000000000 -0.115982169914
0.441787594448 -0.202048612565
0.463413449148 -0.202496534724
0.395510946200 -0.107287295065
0.338994979815 -0.036585014570
0.345810117875 -0.274443203470
0.329925540262 -0.330583548957
0.289008595113 -0.238610006802
0.277443273755 -0.139405186257
0.237528806250 0.199464536431
0.443863772471 0.281482104804
0.426648922444 0.266771545295
0.286074299927 0.162294344882
0.753792068203 -0.179333864697
0.950673642697 -0.253749682731
1.000000000000 -0.264378913421
0.999901909686 -0.281601605694
0.602216890878 -0.354923056987
0.695722104665 -0.357879023523
0.713400020639 -0.349107098067
0.712627497180 -0.371729176628
0.397811739543 -0.405979812067
0.306915130593 -0.042514682116
0.225116024783 0.141141380382
0.182498584350 0.167924517263
0.178030184680 -0.362436488700
0.089645770733 0.012163323360
0.022406976960 0.185401522367
-0.012422428674 0.209620991725
0.191560294452 0.135088791075
0.350585869318 0.195492714578
0.347135918646 0.250925286484
0.284656345653 0.222912081657
0.661442918216 -0.188335736511
0.859609926387 -0.244831524626
0.956123801573 -0.268009410336
1.000000000000 -0.303359072627
0.552420884875 -0.310459323063
0.696970984797 -0.364707824239
0.748182565581 -0.358141838051
0.779298778174 -0.371557258860
0.382799827983 -0.323051149731
0.306375629253 -0.052523905290
0.220780779641 0.122307050163
0.185413283246 0.160264286256
0.186664137006 -0.264061432800
0.105275732969 0.022975070198
0.049677088867 0.159490589664
0.035928638284 0.171676405859
0.149839202558 0.183513158497
0.283236150386 0.266695709736
0.286525666692 0.357686201250
0.264687505309 0.330975383551
0.595655978414 -0.168241936445
0.831906422194 -0.264787346858
0.956208071228 -0.295166531673
1.000000000000 -0.335185356880
0.514715507012 -0.264870920065
0.645379949283 -0.372642134199
0.699898330062 -0.416123956703
0.723748726966 -0.458897674433
0.347939808863 -0.262527846938
0.197860612271 -0.056043501834
0.130029976939 0.165980492962
0.113933244515 0.278411723226
0.139973101089 -0.203758390073
-0.010640215399 -0.003103438148
-0.065029889119 0.153173708747
-0.067261531303 0.221033209588
0.060532952798 0.260977167158
0.189966200919 0.404434012721
0.243777679478 0.448240933514
0.270742050577 0.352069755455
0.510588712703 -0.037636033654
0.769400903646 -0.181437732784
0.912161328511 -0.229032895733
1.000000000000 -0.284549844133
0.456532263539 -0.180272033741
0.670879753299 -0.298032924825
0.781334343850 -0.358291441918
0.827926947438 -0.397907306524
0.317970205189 -0.244891236482
0.307979223748 -0.161660459104
0.278408198310 0.009446212765
0.251952566410 0.130897327926
0.128354079499 -0.261004245212
0.054905790004 -0.151082562703
0.018750620073 0.018117232310
0.009688796325 0.141765026642
0.247027605013 0.179379538225
0.455168746596 0.256855087345
0.435622059577 0.274123700138
0.273777970386 0.213358722427
0.726444500312 -0.199527281916
0.940499375989 -0.306240495968
1.000000000000 -0.336534446630
0.996881552357 -0.344493625186
0.559409642497 -0.362504299921
0.683052297974 -0.432857636114
0.732206105599 -0.444096778611
0.735996594784 -0.436998484499
0.343837722414 -0.399634595094
0.262185832474 -0.070688199601
0.217362873498 0.117916478327
0.190021417627 0.175128547556
0.118594756764 -0.340129598826
0.048171914553 -0.003727284359
0.020599886450 0.165201853580
0.007958985662 0.209282686314
-0.107707381292 0.209477004892
-0.051472015044 0.339849220670
0.021066014180 0.468992670728
0.096276458532 0.456491035833
0.297189825401 -0.076688027099
0.534820052824 -0.217874764896
0.723865811107 -0.258345459835
0.867056922022 -0.303059386966
0.430256941262 -0.103688998647
0.696535966209 -0.153929282923
0.883085976867 -0.187427418072
1.000000000000 -0.212104532473
0.460881614489 -0.074139567492
0.535346349020 0.035645571881
0.499520156238 0.151309662139
0.453422045403 0.226861334213
0.430120878458 -0.009244528579
0.445270631552 0.096876304416
0.392843458921 0.218180906205
0.357595615417 0.312853190870
0.237824452930 0.164725637424
0.426310838141 0.248380803885
0.394585759785 0.281317260286
0.274069844850 0.252579944220
0.697881906445 -0.201774523328
0.889086154933 -0.305714877362
0.980874784279 -0.324268619864
1.000000000000 -0.318756146967
0.517337811149 -0.369705887943
0.624225211656 -0.462254457887
0.669874571527 -0.444568813558
0.687649236338 -0.430900573163
0.290665136755 -0.407765410376
0.202404199708 -0.124719278629
0.186690401942 0.085803536218
0.206887294923 0.149473835501
0.057177281287 -0.355775535350
-0.017178379360 -0.083722278270
-0.021835622130 0.081754853035
0.001320591460 0.123661723225
-0.132262356964 0.263639347617
-0.078643547982 0.459409216496
0.017272844361 0.552102875465
0.123500399160 0.528005347985
0.391179626659 0.043714355851
0.623284649370 -0.065188775941
0.822110150380 -0.082441396672
0.959201202011 -0.131974007136
0.516389994354 -0.054247885046
0.746530994997 -0.065526240300
0.915698961288 -0.077769738030
1.000000000000 -0.111625493405
0.531367410058 -0.098011169036
0.623739820850 -0.066525772268
0.645681621156 -0.010973323261
0.646503613879 0.010947041861
0.478411880237 -0.124429567805
0.560897452028 -0.169064891013
0.604888974133 -0.119548496732
0.661258849236 -0.063722888919
0.277811001938 0.169504777796
0.444791876139 0.266359447074
0.370845862972 0.346019133069
0.226640681617 0.325237739292
0.666864362705 -0.287351753268
0.886779006884 -0.382246151279
0.993207331028 -0.402872621117
1.000000000000 -0.388055686574
0.476343594165 -0.402241232988
0.559226477588 -0.472297208723
0.625484755657 -0.467419240744
0.665172266501 -0.453838100061
0.230387037776 -0.387438239351
0.104934323717 -0.108979884697
0.127035606498 0.105270929141
0.185792328020 0.194747261493
-0.025879118404 -0.296694858526
-0.122365253086 -0.080208103249
-0.086410457298 0.079872622092
-0.024623162695 0.148695052500
