0.225929435853 -0.039233927185
0.368937926493 -0.230222095134
0.216424598504 -0.377813461801
-0.019598773278 -0.468230345573
0.344503651634 -0.788788471559
0.405997107644 -0.908147642401
0.425979948221 -0.947677265726
0.413617670562 -0.880429235345
0.071103102701 -0.850438727440
0.081459730977 -1.000000000000
0.132556100394 -0.943852521216
0.178421050150 -0.853195563526
-0.168100675074 -0.797639668163
-0.214912285732 -0.764781270870
-0.112507061091 -0.524942265663
-0.007984815197 -0.344395592885
-0.387565063026 -0.643547956103
-0.384929347036 -0.528636269282
-0.268924712233 -0.316223797824
-0.143941261915 -0.174874544175
0.221308296342 -0.031563118697
0.360668640706 -0.218870941478
0.211444591077 -0.366571859079
-0.014095143699 -0.467874201869
0.352174074341 -0.763670055852
0.408522068774 -0.910951373997
0.420946768839 -0.970799848578
0.405842461085 -0.904785858238
0.076790518503 -0.827501670857
0.071599931963 -1.000000000000
0.096693557558 -0.960374386565
0.128400042584 -0.874567443167
-0.162770036017 -0.781840735853
-0.223398212165 -0.743029886057
-0.127383497040 -0.477848565831
-0.017763489082 -0.279877800726
-0.381636395881 -0.638517741058
-0.394475859255 -0.530833019461
-0.282801633880 -0.311718488854
-0.152606616856 -0.166706596703
0.221756553722 -0.020562573330
0.369712358976 -0.204017624455
0.219249081520 -0.350547048827
-0.012939984100 -0.458083360760
0.358126476862 -0.769617971240
0.418275790119 -0.913383017667
0.407812485606 -0.966888534538
0.369716224158 -0.898402153215
0.073509700285 -0.839521714687
0.076888062341 -1.000000000000
0.089751644683 -0.949252097006
0.113569280773 -0.865381133005
-0.171412626634 -0.795750851161
-0.229187429940 -0.752271808853
-0.139238596571 -0.488699464924
-0.030545306919 -0.302691461292
-0.393522393542 -0.651435209602
-0.409137791988 -0.536642792084
-0.297604237991 -0.311048370623
-0.163577774510 -0.166845592369
0.222398731134 -0.019418017394
0.361947097007 -0.200714683662
0.197120499598 -0.341701669448
-0.048683865180 -0.453767742398
0.347846624139 -0.791639313043
0.409132936445 -0.926367986777
0.384524071912 -0.970808212356
0.330614333812 -0.892542741639
0.050684409032 -0.860610860148
0.052203594815 -1.000000000000
0.061528929916 -0.931181633190
0.085038129473 -0.841894672677
-0.198496559391 -0.808777368903
-0.243614694847 -0.708266649633
-0.146914425772 -0.444405804370
-0.032551568399 -0.276936764730
-0.416867522768 -0.653319675250
-0.432214795179 -0.500132677398
-0.315640122118 -0.280734729186
-0.173784260373 -0.156876730671
0.223127579585 -0.021458212938
0.373124949756 -0.197404388072
0.201184759861 -0.332208923241
-0.047886903628 -0.420067907454
0.349585481000 -0.803283623236
0.423530970849 -0.928320951191
0.364330746259 -0.940686004525
0.281922989944 -0.841457977550
0.048389596726 -0.876881284038
0.057593069538 -1.000000000000
0.045592402206 -0.906880891059
0.048410608766 -0.818000761620
-0.205760131477 -0.821718695735
-0.235739058928 -0.681293772450
-0.142999297094 -0.406255018204
-0.035608890673 -0.258656544715
-0.427659703636 -0.663297359525
-0.432532169532 -0.492766306157
-0.314556682204 -0.280295088828
-0.175971509270 -0.178421340200
0.239762147269 -0.009129745548
0.396365043169 -0.180172892116
0.216463581262 -0.317577433253
-0.043646495511 -0.420352849731
0.370444855236 -0.816101978708
0.445392030951 -0.918531275670
0.382272343109 -0.951617888961
0.289273388895 -0.880475915356
0.060285719309 -0.902442544774
0.079982979561 -1.000000000000
0.065503135384 -0.927769375231
0.057976007014 -0.865186550855
-0.201853848564 -0.847812087156
-0.211477252268 -0.660468203822
-0.109034530311 -0.392353355110
-0.000613392747 -0.267747876159
-0.428574943019 -0.686515690683
-0.407536955192 -0.468928771343
-0.277618654118 -0.255847334512
-0.135831976864 -0.167954239443
0.240953954953 0.011120008292
0.389679815728 -0.163420182028
0.203075777142 -0.309963365546
-0.058475611376 -0.435283054944
0.375035119547 -0.774946510229
0.431733382449 -0.904166276067
0.374737782080 -0.972053375379
0.287231503235 -0.915671377676
0.062891898697 -0.867559284755
0.065819915636 -1.000000000000
0.051063924389 -0.941647315641
0.046469303417 -0.868029449624
-0.202371321361 -0.823732361590
-0.239667006815 -0.668474918965
-0.130700327470 -0.378699322029
-0.006743710108 -0.225485661520
-0.435544257650 -0.671541418077
-0.443687174555 -0.489659470136
-0.310550194075 -0.261734402482
-0.154790512677 -0.149666259342
0.240615042526 -0.000678791060
0.388187959087 -0.175574824656
0.195607406903 -0.317433047788
-0.071577368415 -0.432474987305
0.368986942467 -0.794057814616
0.440008070693 -0.908536889572
0.392552177793 -0.957165158208
0.310564954688 -0.881883524091
0.054031202584 -0.883190595380
0.056066471703 -1.000000000000
0.053479723662 -0.938891622592
0.056465383070 -0.861580860700
-0.212950149328 -0.830321693968
-0.231742870054 -0.655435596929
-0.116708865983 -0.383164201400
0.002536720236 -0.240967307278
-0.444792384954 -0.667418670832
-0.424707980801 -0.469328435715
-0.288876141574 -0.250672839477
-0.141348836571 -0.144933794583
0.253609841551 0.001853212150
0.390163141501 -0.180580605904
0.184252921576 -0.327374338769
-0.084856945469 -0.444656193427
0.392867318415 -0.819564373278
0.454345915565 -0.921347743283
0.396870284675 -0.952848567774
0.298249281828 -0.872867545339
0.061818983056 -0.913218823593
0.063775081398 -1.000000000000
0.068136083203 -0.899783665847
0.068043982902 -0.818643020072
-0.214676977978 -0.856783260746
-0.225498098041 -0.644436245300
-0.095263929348 -0.374298426829
0.026889505973 -0.261830091123
-0.449930073809 -0.693369240544
-0.415280539620 -0.454031513852
-0.269068964706 -0.233752036012
-0.119608315277 -0.150886137973
0.250362920316 0.007962530577
0.392952895136 -0.168171444306
0.184654784062 -0.305565962065
-0.107575465495 -0.417168693065
0.391067242832 -0.802773534941
0.439459756336 -0.919917259517
0.384296153533 -0.957396524652
0.283505613061 -0.876792804967
0.050563367153 -0.898473242102
0.032166632327 -1.000000000000
0.042299089417 -0.876454756861
0.044993988948 -0.784962678847
-0.232070880558 -0.848161628074
-0.256772141242 -0.645626096116
-0.117990271204 -0.347254354028
0.006630592512 -0.222611310362
-0.473472673339 -0.694840765435
-0.467469110141 -0.477540875472
-0.312288127102 -0.243612441968
-0.155873482430 -0.152420328159
0.253569626174 0.003412107821
0.383119048588 -0.178585567571
0.173186636028 -0.323013092433
-0.102869218136 -0.433052913481
0.407501912749 -0.836362964282
0.461992691382 -0.931275992716
0.410587245628 -0.956353454125
0.306457151581 -0.863405231111
0.057035715291 -0.946168093555
0.040697114042 -1.000000000000
0.054424942450 -0.866150228108
0.058318172055 -0.773362549142
-0.236592785783 -0.891230751665
-0.255252495250 -0.626377255764
-0.109279752158 -0.342577375013
0.023576061060 -0.246696270347
-0.486297689493 -0.728659562192
-0.469433856946 -0.456508530051
-0.308064633488 -0.232637729951
-0.142913657195 -0.165262380155
0.245277673644 0.003674967779
0.375841691423 -0.188011090931
0.176488155614 -0.330193248572
-0.106641613754 -0.436886337938
0.372551016966 -0.821615283001
0.437154431037 -0.910850755041
0.385909336605 -0.957872315286
0.276321739520 -0.875732875888
0.024707497615 -0.911507557793
0.025495631958 -1.000000000000
0.044929739047 -0.883230070793
0.051294977269 -0.768708561589
-0.261047021198 -0.850052192362
-0.272501177568 -0.641042526675
-0.120576300976 -0.351543030354
0.016808706054 -0.212639456557
-0.498650629443 -0.680886822721
-0.480212948310 -0.446048128177
-0.311598461842 -0.210022019399
-0.139890515499 -0.107508445693
0.242734155926 0.002806395721
0.363595844234 -0.185717128775
0.147768866314 -0.321266462856
-0.131452501226 -0.425476098512
0.358407308017 -0.811330054857
0.441628090997 -0.904689836472
0.383530229833 -0.923144728394
0.266917405011 -0.828815330747
0.023066931907 -0.896491121776
0.045327778886 -1.000000000000
0.059568799612 -0.879422597755
0.054227882138 -0.760932741592
-0.249366001406 -0.836836910120
-0.268616950406 -0.675367966024
-0.117952980460 -0.381218354417
0.015648496201 -0.232340954780
-0.476830755965 -0.668656178236
-0.462516665166 -0.476727532215
-0.297919312126 -0.244810061286
-0.131495277373 -0.136969572275
0.256526505259 0.000584753868
0.394673169703 -0.176229106012
0.180679507978 -0.318446057573
-0.092657056722 -0.433513570356
0.395075777815 -0.838694357647
0.476061456702 -0.921816683600
0.405907028747 -0.932013369087
0.287648098088 -0.844195343980
0.057345685753 -0.934266172212
0.077290752523 -1.000000000000
0.076133236463 -0.882511091059
0.065205484468 -0.793451182418
-0.224274501815 -0.874248116580
-0.227663463044 -0.629058499441
-0.088394548002 -0.336535962363
0.038103444740 -0.219606262891
-0.462910951728 -0.707209885342
-0.437937718356 -0.448371895797
-0.282634158297 -0.225096179984
-0.124563146429 -0.149616951093
0.231045051892 0.001198358650
0.351507255648 -0.187808246738
0.153470132018 -0.327384647012
-0.109510189008 -0.425090780473
0.346979008737 -0.810921526520
0.414789617651 -0.912181369994
0.376179181638 -0.964636302537
0.289744848078 -0.888793320112
0.024421850101 -0.898019177499
0.019856276351 -1.000000000000
0.041126794187 -0.892792862997
0.058205633414 -0.782316563485
-0.244694278917 -0.839619876291
-0.276808870082 -0.659692885080
-0.138391342792 -0.372446567432
-0.002459671520 -0.227537930788
-0.474012268134 -0.671377090834
-0.464432502177 -0.464999925834
-0.310535688183 -0.232265973780
-0.145440683371 -0.122356053330
0.248720798762 -0.004922161100
0.373754045437 -0.186607813456
0.163229166161 -0.327096640357
-0.096697054884 -0.432923526069
0.379338150399 -0.860102068789
0.459824333746 -0.932625440296
0.388650947856 -0.932217511236
0.272478041366 -0.835936756434
0.040102191189 -0.948401089021
0.061475310373 -1.000000000000
0.067590025596 -0.865582415282
0.063967553636 -0.765939464003
-0.237769250590 -0.878865328330
-0.238867050369 -0.634823297920
-0.103767332852 -0.353582062433
0.017289396862 -0.243798285938
-0.468340899260 -0.699670090274
-0.425732184829 -0.423047548743
-0.271494692455 -0.198640137983
-0.118648970466 -0.126681282894
0.245240071271 -0.006820378868
0.388405514796 -0.183160525397
0.186972833909 -0.313801874760
-0.091696066638 -0.397782283759
0.370742392013 -0.817822340248
0.452933970341 -0.914299627928
0.403508033920 -0.924040006756
0.304093063126 -0.829461309638
0.047478095510 -0.906758315141
0.060408625926 -1.000000000000
0.076463410549 -0.868234043457
0.079123551026 -0.764255851760
-0.220243689065 -0.846579293924
-0.226894420170 -0.642213074413
-0.098390038582 -0.347549000815
0.013788508782 -0.230117589524
-0.449112578491 -0.680340304019
-0.431528304617 -0.476305643655
-0.282968877303 -0.257125775926
-0.133048399692 -0.176891156385
0.251738718081 -0.003446096000
0.394390090192 -0.180022619179
0.192366329689 -0.314599638652
-0.086376963917 -0.404159107287
0.375593784755 -0.836647911963
0.460374730939 -0.918128088667
0.390746979014 -0.915212723173
0.273995728694 -0.813881180229
0.046991111429 -0.926046053550
0.064732147360 -1.000000000000
0.067858024128 -0.845946444012
0.061570721597 -0.732197518569
-0.225062222917 -0.865661110101
-0.217360265141 -0.647780271309
-0.094601164964 -0.357699839445
0.011947871398 -0.245701510735
-0.456112886358 -0.699051384439
-0.423830224118 -0.482301922004
-0.279080069904 -0.267238567224
-0.135860609535 -0.193609153192
0.269589283742 -0.002336425964
0.422056237118 -0.168683151749
0.211392550490 -0.298201190968
-0.076403260275 -0.387856182250
0.431179198683 -0.881442259192
0.514628334326 -0.927586079956
0.437604136864 -0.899350480902
0.306582300154 -0.797112846597
0.088072616857 -0.983068069800
0.116865286913 -1.000000000000
0.116719614604 -0.772335924363
0.098775010698 -0.642203693374
-0.197433985866 -0.924045597011
-0.167610917443 -0.649740620766
-0.057211902332 -0.344049648567
0.025180140315 -0.260166509907
-0.444845701092 -0.758793135777
-0.389559758907 -0.501125802965
-0.243851785386 -0.282867494100
-0.112740033700 -0.232943584559
0.254678948540 -0.014317350317
0.398144856604 -0.160864288681
0.210165548048 -0.280797896421
-0.067813411821 -0.374124250233
0.423824690750 -0.900323931380
0.509174945082 -0.912532667675
0.443333783298 -0.880266055177
0.309348391390 -0.796932830356
0.080762203057 -0.999944224598
0.108705751695 -1.000000000000
0.106687998768 -0.727735740053
0.082055382153 -0.599058849777
-0.208215145185 -0.936591181063
-0.191968443421 -0.672483368296
-0.085986716050 -0.364767221252
-0.008262065970 -0.301238387540
-0.462316988319 -0.761967947157
-0.421773081937 -0.513996370475
-0.274086545772 -0.291818204310
-0.143435524576 -0.250165264469
0.271627060789 -0.022208847568
0.403685530262 -0.168554989065
0.211690025967 -0.280082250566
-0.066223098473 -0.370627851818
0.448085588493 -0.910988809596
0.503240034810 -0.844217402463
0.440013290262 -0.776832401671
0.317561956567 -0.731369293136
0.112341474970 -1.000000000000
0.135134331710 -0.918451354461
0.134055635763 -0.607426574110
0.111270957427 -0.514443452843
-0.172044322968 -0.930069310908
-0.157520259507 -0.636816558324
-0.049029390553 -0.327887298462
0.030723561904 -0.301739802579
-0.422449349543 -0.758498624215
-0.369308284090 -0.463941878429
-0.218681423637 -0.237746848239
-0.090334527309 -0.222820265061
0.264425835746 -0.013797287650
0.411808553417 -0.177261152615
0.211069934083 -0.297028472336
-0.089594016084 -0.373525611967
0.453682617601 -0.910972260165
0.500439450621 -0.877236785836
0.420435548514 -0.814667004108
0.292608294360 -0.735497220283
0.095728925036 -1.000000000000
0.090612543179 -0.954071936979
0.089860503219 -0.674724889649
0.085791600499 -0.572594925078
-0.203125379951 -0.928602555581
-0.203186849555 -0.649494041691
-0.092149140663 -0.342058665535
0.001411875514 -0.292126877542
-0.456662609815 -0.761510629072
-0.419390565243 -0.472263053395
-0.266260510892 -0.239774028607
-0.124209960486 -0.207381615212
0.263802339678 -0.016571816625
0.412608694061 -0.164629836311
0.233070359961 -0.282120385652
-0.041208320294 -0.356159336473
0.454810490796 -0.905492990679
0.514633084388 -0.821604395072
0.431769652087 -0.758717149988
0.297250277295 -0.700941638385
0.116930886113 -1.000000000000
0.134853916300 -0.884254092214
0.132394214710 -0.610208265550
0.117906068394 -0.523182670225
-0.172586415226 -0.926745557988
-0.164762658817 -0.606616880318
-0.064632162776 -0.326653479684
0.018549380805 -0.304480129332
-0.423260002746 -0.751852697909
-0.376412766507 -0.448540219228
-0.235754423890 -0.237264416954
-0.109018282217 -0.219974778912
0.245950419572 -0.015749870095
0.398596305854 -0.190045722063
0.210819583740 -0.309564890326
-0.078445188965 -0.394404210865
0.403183006380 -0.923811780769
0.490327272569 -0.916063597802
0.424987553076 -0.890806886791
0.306000323221 -0.791653060204
0.049948219347 -1.000000000000
0.082168178053 -0.986740601757
0.103715307144 -0.765665839771
0.114856300535 -0.629786521666
-0.244624631937 -0.921890062680
-0.232181548984 -0.697004259131
-0.112590126962 -0.409133541905
-0.006703003713 -0.297485395247
-0.494906943391 -0.733055116501
-0.458437347584 -0.480534750290
-0.307614111297 -0.241762527910
-0.159805240970 -0.152460794907
0.238800957085 -0.013675220796
0.372667469907 -0.181243328748
0.210700454140 -0.297325042670
-0.043942806780 -0.366287227540
0.373619278604 -0.832709936820
0.487777866872 -0.883633368289
0.460835363130 -0.887161933484
0.357788290948 -0.776947901491
0.047718522885 -0.911383902770
0.081050224744 -1.000000000000
0.131958174568 -0.804279181944
0.147638788947 -0.621969702492
-0.225755207438 -0.843513694486
-0.227395289762 -0.691733114508
-0.085026022005 -0.432847605431
0.029146798268 -0.297547061942
-0.456683297285 -0.661267113552
-0.423855894358 -0.440390220738
-0.269069653860 -0.219155514503
-0.120962180704 -0.121061527039
0.250206336627 0.005486192265
0.397342875433 -0.155611037839
0.211151994624 -0.280671175147
-0.047661725789 -0.377131104446
0.412771004018 -0.813043466464
0.519250791586 -0.893318241521
0.497629537762 -0.899599655112
0.414804906049 -0.796857059906
0.094442863974 -0.899408468043
0.133365573540 -1.000000000000
0.164551607533 -0.840034029629
0.169314586704 -0.699084702342
-0.177555180742 -0.846618503944
-0.192915475487 -0.717245804164
-0.071228662866 -0.439261475242
0.032784964570 -0.289571392403
-0.420938546228 -0.681833408855
-0.411102917711 -0.483498531345
-0.271124971014 -0.249249079390
-0.132352379475 -0.139096524215
0.264426076217 0.017379520999
0.441589529970 -0.150519220451
0.271503077723 -0.284287983574
-0.021998287572 -0.384296221816
0.432332140549 -0.823773030110
0.529670273186 -0.890416179061
0.516599774962 -0.903227067059
0.443192959331 -0.803790224798
0.102433520208 -0.910199576681
0.131969094624 -1.000000000000
0.177971294305 -0.845784766435
0.198401429088 -0.711350395647
-0.178472066728 -0.854873025463
-0.168925845969 -0.689737263467
-0.036532657938 -0.409386948091
0.069244320894 -0.266865792709
-0.423257893573 -0.691479123451
-0.389333378397 -0.468713482410
-0.237325289430 -0.229082048661
-0.095466784396 -0.120191507429
0.258791989825 -0.003362095480
0.417508194995 -0.182684314655
0.245310495413 -0.307659584196
-0.041693475315 -0.389588476853
0.405401215325 -0.804918036194
0.497278264074 -0.890780942168
0.496663674073 -0.921769661754
0.425531116043 -0.821525266632
0.079338221236 -0.879029402229
0.100258249721 -1.000000000000
0.158944251866 -0.842958677274
0.184801366618 -0.688589906648
-0.193810665824 -0.823508067533
-0.192035545359 -0.701178333624
-0.051729400290 -0.419149272218
0.054698856441 -0.260522706302
-0.428394584514 -0.663700674165
-0.394533945152 -0.481570404915
-0.243454810455 -0.236810768348
-0.106967269896 -0.108207602850
0.247891725009 0.005416225765
0.405354292655 -0.168594946817
0.234536876458 -0.301196281426
-0.028591965626 -0.400201616479
0.400938984966 -0.794152120489
0.488226275094 -0.880617878762
0.496167123688 -0.928717035174
0.449511960275 -0.847136856106
0.081287763530 -0.871570803547
0.102274629801 -1.000000000000
0.152763191199 -0.876820928383
0.179142773138 -0.741869140430
-0.192570586461 -0.817144370295
-0.212596112306 -0.738895808602
-0.083616793472 -0.485650319567
0.027354694553 -0.333144626541
-0.435057979866 -0.653785567457
-0.417663080959 -0.478465202377
-0.270145215198 -0.236130624608
-0.126877947326 -0.103470862538
0.256516422830 -0.003712247680
0.401294893415 -0.196916409339
0.209464203920 -0.329059287483
-0.058594292031 -0.403567837433
0.370956981143 -0.753820474258
0.453362066687 -0.854439053786
0.493023449464 -0.920570714486
0.483305530677 -0.871595931938
0.068362699656 -0.820894796061
0.083776732810 -1.000000000000
0.141923113811 -0.920127264318
0.175816332552 -0.802904953442
-0.192769565625 -0.768264337664
-0.221420326077 -0.793077473198
-0.092790646574 -0.534652883146
0.017176478906 -0.359101160777
-0.426512007253 -0.610441700294
-0.395005349316 -0.528965893268
-0.255513269744 -0.289552480310
-0.126321251361 -0.140205276672
0.237695009234 0.001566980563
0.381526348683 -0.195326995939
0.217844291047 -0.344847839274
-0.023548905851 -0.457276109720
0.371678166102 -0.769259527177
0.450425917035 -0.876497846086
0.474952369522 -0.952388444122
0.461976037706 -0.918616759008
0.077161645192 -0.848736400174
0.088226675663 -1.000000000000
0.140697648644 -0.947089620989
0.188549249158 -0.853410580129
-0.181213290471 -0.805927358925
-0.223264285359 -0.768497426008
-0.098859666338 -0.514127356654
0.027094835472 -0.332730856440
-0.413502970282 -0.656929585826
-0.404923672294 -0.512849686644
-0.275768710506 -0.270302423802
-0.136307170090 -0.118507644124
0.240495838670 0.000543986183
0.392090773079 -0.201129934662
0.230328252354 -0.349069468600
-0.017069196539 -0.461258485886
0.376502267673 -0.774327681876
0.451566321257 -0.881277177432
0.480260185448 -0.962368180638
0.470687785630 -0.931922867618
0.079316425013 -0.856339467145
0.100117479328 -1.000000000000
0.161336308991 -0.949822319123
0.212161612077 -0.859608531729
-0.183925942657 -0.812096218431
-0.223680927876 -0.786249874144
-0.089842138998 -0.538636505426
0.042381094648 -0.356305390796
-0.421963205368 -0.656886582999
-0.403946597111 -0.521582888608
-0.264863413552 -0.279721525196
-0.119989172438 -0.122581994799
0.242695647492 -0.008248643937
0.393145467310 -0.222593298878
0.225432319770 -0.375929483695
-0.034884005244 -0.473965922402
0.371360540278 -0.773702075521
0.444768289879 -0.879326982179
0.479992441198 -0.959375301615
0.476555760217 -0.932288985993
0.070582004024 -0.854257159780
0.086321786180 -1.000000000000
0.149574326354 -0.958167112507
0.202419426120 -0.879971918645
-0.194453085816 -0.809220722089
-0.226313570386 -0.769602644768
-0.085223050688 -0.501689249941
0.047682221475 -0.309976297467
-0.432829040699 -0.657569215358
-0.400251621400 -0.529078120825
-0.259989860640 -0.289873745661
-0.121847002674 -0.137878435369
0.246758237709 -0.002078562014
0.400218904673 -0.207853535012
0.235916925342 -0.370856977130
-0.008456319363 -0.495887794571
0.400062475823 -0.771553030816
0.474089147215 -0.879494269905
0.503466731317 -0.974616684367
0.503954614302 -0.968643946470
0.097865457242 -0.857725158066
0.113371193491 -1.000000000000
0.170451041530 -0.979376004772
0.229373987879 -0.921335021780
-0.172028730401 -0.816494396661
-0.212343138715 -0.761039207168
-0.077550696143 -0.478902000744
0.063283468903 -0.276471925055
-0.417141456941 -0.664285775818
-0.390862982685 -0.534027376963
-0.250800979978 -0.284370009472
-0.102687130404 -0.120042186564
0.257012800971 -0.003794140063
0.416099232224 -0.209857735625
0.248203700567 -0.361569777289
-0.010136124989 -0.495728893217
0.377778318796 -0.780028368194
0.453181260056 -0.887292742823
0.502741764756 -0.982064738759
0.526222302199 -0.988253450758
0.074474059333 -0.874936489118
0.106520803342 -1.000000000000
0.187734566856 -0.997524557541
0.267447497671 -0.962861800322
-0.192382998843 -0.838193327123
-0.210955133091 -0.779913836904
-0.070653668106 -0.515652891862
0.069530372315 -0.325419171818
-0.431333305106 -0.684979041409
-0.394657041240 -0.534085019900
-0.255981525390 -0.279101532729
-0.113535368504 -0.112270514015
0.260441994735 0.005562912884
0.428587613196 -0.188758607431
0.243872556382 -0.359102484107
-0.027868206642 -0.475828171521
0.430036954484 -0.777600210106
0.504952249841 -0.876953756972
0.521388655486 -0.975887821671
0.504810777423 -0.975792123949
0.100635524425 -0.886550135736
0.129706747276 -1.000000000000
0.182735587337 -0.967108735786
0.228456783395 -0.925757020479
-0.190040155851 -0.850144018635
-0.217112025842 -0.728012911897
-0.078121884281 -0.435916642563
0.057554956098 -0.265300692543
-0.453443487276 -0.696018760187
-0.415912957700 -0.518300580108
-0.264749822695 -0.265046428415
-0.114268158464 -0.124524193500
0.250426374557 0.004086542589
0.411713710947 -0.201558127157
0.217003617030 -0.365146240750
-0.061976260380 -0.485198650482
0.408877318591 -0.775498987003
0.477621488133 -0.887155967241
0.484545353090 -0.995704204797
0.458296562105 -0.991892587950
0.077590440053 -0.882912109610
0.111077583000 -1.000000000000
0.162796387549 -0.977786386347
0.214169370854 -0.931779570077
-0.209878869564 -0.851542674656
-0.246171213708 -0.730820012705
-0.106926869610 -0.423536948646
0.040783298708 -0.235580241402
-0.468713765317 -0.704193422386
-0.454467489655 -0.549289399584
-0.306075408204 -0.289929691122
-0.145807293008 -0.132920479714
0.254875154170 0.016062242568
0.407672955513 -0.175002220572
0.215582166876 -0.347744969028
-0.052259972780 -0.491669128566
0.422349402924 -0.759255245141
0.480594149318 -0.873509110395
0.491193245486 -0.975273530117
0.466879985615 -0.965191162579
0.091768137604 -0.868714836898
0.105996508606 -1.000000000000
0.161073455644 -0.962567970562
0.206328740694 -0.905087907621
-0.195494800621 -0.835399779607
-0.257051278311 -0.732216355207
-0.109695300118 -0.425780933427
0.036132103587 -0.242216923587
-0.457403025495 -0.682769898861
-0.455461313032 -0.529068308672
-0.295380541137 -0.264684353582
-0.131378092132 -0.110296385255
0.255168981780 -0.017433954765
0.393952158390 -0.216200520552
0.163461521699 -0.359473878268
-0.134687346371 -0.456936580187
0.374527781361 -0.778316992723
0.440969764642 -0.879207910436
0.459000657227 -0.984578476767
0.442522761796 -0.990513569912
0.029661591896 -0.875687081388
0.050562696340 -1.000000000000
0.106699984194 -0.982065715750
0.155032916566 -0.949182126906
-0.262327804722 -0.831494651530
-0.304921766134 -0.707206357148
-0.145578519769 -0.388268755382
0.011561983908 -0.209137506930
-0.519798316661 -0.671401419402
-0.500627518354 -0.516047153003
-0.333191762171 -0.256076083205
-0.161762813026 -0.111734295407
0.255786948871 -0.005743383976
0.389532991576 -0.192818299781
0.167086210031 -0.349928765411
-0.111056531056 -0.464636477246
0.410569503819 -0.764816816325
0.469816600859 -0.863919952606
0.473424398112 -0.981189541465
0.445877455032 -0.996414982726
0.077747776884 -0.865177929770
0.078359934399 -1.000000000000
0.120014793928 -0.976062305128
0.160678071456 -0.924379902139
-0.215471900316 -0.823105122927
-0.302963341501 -0.705055283526
-0.147247895645 -0.396786891269
0.016466805001 -0.217721459480
-0.478448979450 -0.661471815870
-0.502118973299 -0.516380908521
-0.345204313919 -0.261793753556
-0.173219392813 -0.117537289882
