-2.338590378200000042e-01 -2.303848826919999981e-01
-3.455266947069999817e-01 -4.551838264949999990e-01
-4.250191666420000125e-01 -6.075143559960000106e-01
-4.175220934350000190e-01 -6.944404424329999603e-01
-1.545236642699999996e-02 -7.040118926820000400e-01
-5.788525024599999735e-02 -9.535081922929999898e-01
-1.968861585749999976e-01 -1.000000000000000000e+00
-3.090588307409999902e-01 -9.831035671119999764e-01
4.051034561200000245e-02 -6.577507925090000374e-01
-3.066380606040000067e-01 -7.645268696489999627e-01
-3.557981568860000277e-01 -6.164036374669999985e-01
-2.835063553819999749e-01 -5.227005448649999497e-01
3.480918813199999906e-02 -5.727075272889999846e-01
-3.276429407299999985e-01 -6.325232296460000514e-01
-3.391430735220000159e-01 -4.891161932800000001e-01
-2.594961575529999842e-01 -4.223931265229999843e-01
-1.806818237100000016e-02 -4.702797231160000258e-01
-3.160229688069999820e-01 -4.984539129810000024e-01
-3.233912567280000094e-01 -3.934942982279999724e-01
-2.537427977930000189e-01 -3.338219309450000116e-01
-2.418307467849999948e-01 -2.120059065200000092e-01
-3.663649573619999766e-01 -4.297399872320000203e-01
-4.485119867910000169e-01 -5.830431805979999771e-01
-4.312915968670000266e-01 -6.754051220800000310e-01
-4.104364177000000002e-02 -7.199345351520000102e-01
-8.077634183699999859e-02 -9.659990162739999775e-01
-2.227246458400000129e-01 -1.000000000000000000e+00
-3.352436907710000247e-01 -9.745069347960000350e-01
2.863997922899999896e-02 -6.767216123250000548e-01
-3.151910683170000005e-01 -7.697324357679999896e-01
-3.622658742059999826e-01 -6.095314161189999691e-01
-2.859458028010000152e-01 -5.114099412849999471e-01
3.879707747499999693e-02 -5.916161210749999455e-01
-3.238080503319999970e-01 -6.303113927460000099e-01
-3.320391115610000221e-01 -4.706827149269999788e-01
-2.450767418839999989e-01 -4.009200272299999757e-01
1.130911391000000025e-03 -4.854849816749999825e-01
-2.936368721700000073e-01 -4.994310393120000025e-01
-2.970379291520000020e-01 -3.896014510820000054e-01
-2.209769547579999993e-01 -3.323036580309999821e-01
-2.423350331799999924e-01 -2.139859923159999899e-01
-3.594808020190000120e-01 -4.336921888040000117e-01
-4.327028916960000138e-01 -5.906310817669999658e-01
-4.155866264670000088e-01 -6.985652783379999731e-01
-4.449438356299999925e-02 -7.242545744870000357e-01
-8.692674240299999577e-02 -9.642817609139999746e-01
-2.271919987759999926e-01 -1.000000000000000000e+00
-3.389725900489999888e-01 -9.791139918469999870e-01
2.814925459600000138e-02 -6.851767676429999510e-01
-3.123686869610000083e-01 -7.648108891110000362e-01
-3.537954102199999951e-01 -6.008829033460000302e-01
-2.751131911129999774e-01 -5.063789327240000304e-01
4.233005714600000108e-02 -6.019470892660000461e-01
-3.194517384059999965e-01 -6.273559993159999459e-01
-3.252341678319999874e-01 -4.661788365710000104e-01
-2.378317722140000090e-01 -4.007231339239999968e-01
9.435791756999999808e-03 -4.943539148950000239e-01
-2.806811842699999948e-01 -5.011566299020000503e-01
-2.833776781380000220e-01 -3.924518930009999740e-01
-2.092034874550000034e-01 -3.395694658050000259e-01
-2.370017905779999989e-01 -2.224947561080000136e-01
-3.503571680509999786e-01 -4.426760085879999918e-01
-4.242638732580000238e-01 -5.942355734559999769e-01
-4.139389052479999775e-01 -6.939397664559999734e-01
-3.321969955199999963e-02 -7.236198823499999655e-01
-8.507402963599999812e-02 -9.586420857340000046e-01
-2.287506663689999886e-01 -1.000000000000000000e+00
-3.427871718539999835e-01 -9.842745748560000063e-01
3.556609377500000169e-02 -6.805482341320000517e-01
-3.098854643310000045e-01 -7.724521471609999690e-01
-3.580268778169999888e-01 -6.109951920199999664e-01
-2.807213785589999788e-01 -5.133607252959999645e-01
4.404690645300000235e-02 -5.957320211230000551e-01
-3.177153111129999985e-01 -6.406753079139999585e-01
-3.303944123099999963e-01 -4.792786273940000119e-01
-2.429148548310000044e-01 -4.065380252490000124e-01
6.326999586999999640e-03 -4.888782163950000093e-01
-2.875996304740000009e-01 -5.067281358649999845e-01
-2.935065432439999955e-01 -3.968097015650000059e-01
-2.169011225370000018e-01 -3.384266627540000183e-01
-2.337175848380000087e-01 -2.181904302440000054e-01
-3.488292971529999842e-01 -4.378930428159999999e-01
-4.267620023370000126e-01 -5.910316653810000487e-01
-4.296102308520000079e-01 -6.883151968149999744e-01
-2.926706290399999980e-02 -7.200250577460000079e-01
-7.780556186600000312e-02 -9.604623454699999785e-01
-2.180247075570000137e-01 -1.000000000000000000e+00
-3.300673269489999839e-01 -9.825934648430000307e-01
3.955129119600000326e-02 -6.731279175340000309e-01
-3.078528503529999738e-01 -7.726722098970000285e-01
-3.582713249319999793e-01 -6.119814527450000430e-01
-2.833612984169999738e-01 -5.131406636019999468e-01
4.727638830099999828e-02 -5.867277847180000228e-01
-3.143182170139999787e-01 -6.428885851140000440e-01
-3.297364766299999972e-01 -4.828831820180000123e-01
-2.457073385940000132e-01 -4.079710232250000068e-01
9.290586401000000549e-03 -4.807299771960000245e-01
-2.861165992490000143e-01 -5.048307270690000070e-01
-2.941806790850000075e-01 -3.941670969650000189e-01
-2.202806584620000119e-01 -3.332257772269999752e-01
-2.380877746810000084e-01 -2.186600918209999911e-01
-3.551578776159999840e-01 -4.418565313500000258e-01
-4.393886477949999758e-01 -5.958078705929999996e-01
-4.466078676360000221e-01 -6.922037807830000444e-01
-4.002572765600000138e-02 -7.245622232239999905e-01
-8.702276306200000533e-02 -9.629399022639999473e-01
-2.277083903209999871e-01 -1.000000000000000000e+00
-3.392132364359999874e-01 -9.781628383220000167e-01
2.827617308499999829e-02 -6.795074780240000223e-01
-3.160182262210000093e-01 -7.754735589190000500e-01
-3.611325097529999861e-01 -6.156084073249999955e-01
-2.821187365849999740e-01 -5.199964513579999892e-01
3.910209493100000322e-02 -5.939347789119999721e-01
-3.191454672260000125e-01 -6.444470402109999663e-01
-3.290663867179999813e-01 -4.844874060159999885e-01
-2.420457922710000098e-01 -4.114406748330000085e-01
4.766220867999999833e-03 -4.887345393790000214e-01
-2.887958027449999965e-01 -5.090882207260000181e-01
-2.941117674459999831e-01 -3.996140851530000093e-01
-2.184415053140000007e-01 -3.412832777629999925e-01
-2.376103427229999954e-01 -2.237403517379999984e-01
-3.469182261100000053e-01 -4.475401829810000121e-01
-4.198359674289999788e-01 -6.048143272699999518e-01
-4.237045459609999898e-01 -7.082457929319999623e-01
-3.960715188700000139e-02 -7.219623868140000456e-01
-8.917419372700000069e-02 -9.611730185019999873e-01
-2.289396181670000086e-01 -1.000000000000000000e+00
-3.397061023660000179e-01 -9.809779227720000216e-01
2.614894209400000016e-02 -6.793493798120000537e-01
-3.136590970259999778e-01 -7.746075053690000267e-01
-3.592831740549999875e-01 -6.132109738059999815e-01
-2.829578326709999980e-01 -5.147098130710000552e-01
3.412106534300000243e-02 -5.968660646990000540e-01
-3.201512678460000094e-01 -6.452868100290000131e-01
-3.302363156670000133e-01 -4.826893237830000016e-01
-2.446749730359999986e-01 -4.063545365230000206e-01
-3.198905223000000127e-03 -4.944870763429999871e-01
-2.939672972919999960e-01 -5.094968697989999962e-01
-2.987032237839999937e-01 -3.951247173060000173e-01
-2.237935831900000061e-01 -3.330746048630000011e-01
-2.364003627769999949e-01 -2.195546653830000028e-01
-3.563590384329999861e-01 -4.434609049329999997e-01
-4.405995600829999970e-01 -5.988159054330000064e-01
-4.461257490359999967e-01 -6.920778533600000504e-01
-3.690731892299999733e-02 -7.206661967220000520e-01
-8.017694142600000073e-02 -9.638139729789999555e-01
-2.199640419409999992e-01 -1.000000000000000000e+00
-3.301750178499999744e-01 -9.755077650350000296e-01
3.302139826099999981e-02 -6.736459944329999949e-01
-3.076003174790000183e-01 -7.698877104760000201e-01
-3.567459239410000205e-01 -6.154252495169999504e-01
-2.817951921629999745e-01 -5.209430141909999756e-01
4.497272763000000062e-02 -5.858265845390000504e-01
-3.101525583670000086e-01 -6.368137936419999701e-01
-3.224654214909999927e-01 -4.822106156570000191e-01
-2.391534447900000027e-01 -4.097299535200000231e-01
1.130116047900000045e-02 -4.799536684380000251e-01
-2.817665851269999799e-01 -4.972149570209999925e-01
-2.885523714939999818e-01 -3.883971931169999947e-01
-2.141679603949999955e-01 -3.299694417660000156e-01
-2.375921092949999924e-01 -2.215034412640000117e-01
-3.441671980389999774e-01 -4.480549853540000127e-01
-4.187083397490000136e-01 -6.029471562699999510e-01
-4.295258770159999795e-01 -7.007152734020000162e-01
-4.657131345099999736e-02 -7.220566489980000391e-01
-9.384748485999999668e-02 -9.588500297480000434e-01
-2.321119385790000045e-01 -1.000000000000000000e+00
-3.430980676159999798e-01 -9.794120747700000296e-01
1.904617638399999993e-02 -6.803070474729999706e-01
-3.190940035950000087e-01 -7.685743499639999810e-01
-3.619659581190000086e-01 -6.135171013350000369e-01
-2.877941576920000077e-01 -5.188379406199999933e-01
2.875432512599999935e-02 -5.960655064630000499e-01
-3.266908926859999895e-01 -6.342853107300000515e-01
-3.350891422100000239e-01 -4.773781389439999967e-01
-2.533920009880000213e-01 -4.038252702840000041e-01
-5.453266996000000373e-03 -4.901926437920000046e-01
-2.955793728209999971e-01 -5.040011241080000204e-01
-2.999804704340000017e-01 -3.946595824099999872e-01
-2.289184865549999948e-01 -3.347964667810000017e-01
-2.395024519110000027e-01 -2.172759884179999990e-01
-3.566180525830000003e-01 -4.396790536779999758e-01
-4.349682496269999810e-01 -5.936967954409999582e-01
-4.284192183130000053e-01 -6.923151575770000177e-01
-3.193538818000000307e-02 -7.159584703089999502e-01
-7.649905943500000249e-02 -9.629368231920000243e-01
-2.198365078800000039e-01 -1.000000000000000000e+00
-3.328122560130000185e-01 -9.759481705029999787e-01
3.658124778499999979e-02 -6.723800107180000207e-01
-3.073611019679999834e-01 -7.692208684029999688e-01
-3.572039761710000261e-01 -6.117079078630000000e-01
-2.822334429339999895e-01 -5.163475184669999996e-01
4.720366543900000184e-02 -5.875814143430000414e-01
-3.127016658810000127e-01 -6.336015494769999812e-01
-3.225549606490000221e-01 -4.769553984809999925e-01
-2.372913954210000009e-01 -4.060220731590000187e-01
1.193966577500000029e-02 -4.835984347949999762e-01
-2.837456716589999983e-01 -4.958300805890000218e-01
-2.879514995069999972e-01 -3.865014809840000010e-01
-2.110456905039999886e-01 -3.309345122890000046e-01
-2.364423998769999979e-01 -2.229810780639999990e-01
-3.474851163600000126e-01 -4.475696616850000087e-01
-4.244538879299999956e-01 -6.012526099089999798e-01
-4.298188767269999766e-01 -6.980916434820000349e-01
-4.204520091899999895e-02 -7.222010059790000547e-01
-8.679915118400000074e-02 -9.597912058169999483e-01
-2.251226131700000133e-01 -1.000000000000000000e+00
-3.361759682750000144e-01 -9.820336365409999546e-01
2.396217862500000031e-02 -6.764008594739999713e-01
-3.161679409950000075e-01 -7.720284077560000124e-01
-3.623001296330000121e-01 -6.164763317129999809e-01
-2.872643664160000054e-01 -5.243199998949999996e-01
3.292468092200000196e-02 -5.895018614050000494e-01
-3.228665640330000142e-01 -6.394362838160000395e-01
-3.350851679040000031e-01 -4.833671121779999913e-01
-2.521788739849999961e-01 -4.130801760969999847e-01
-2.214492628999999851e-03 -4.826951221499999889e-01
-2.919500450320000051e-01 -5.054537700510000064e-01
-2.987872629630000110e-01 -3.989651646369999916e-01
-2.268827683140000051e-01 -3.419108687949999892e-01
-2.392780407929999964e-01 -2.244241751240000082e-01
-3.567657299659999781e-01 -4.476814132090000120e-01
-4.366186180239999826e-01 -6.004587218879999799e-01
-4.363035804209999813e-01 -6.952840080219999663e-01
-3.678811297400000346e-02 -7.197028145280000011e-01
-7.529988674300000517e-02 -9.575538451030000120e-01
-2.162093041400000026e-01 -1.000000000000000000e+00
-3.302160441159999738e-01 -9.829760227770000247e-01
3.116433778299999846e-02 -6.739136622929999820e-01
-3.116460326380000034e-01 -7.696038269399999576e-01
-3.641531847730000160e-01 -6.124484395089999644e-01
-2.915887368940000002e-01 -5.131436018380000075e-01
4.215427314700000150e-02 -5.870725735430000203e-01
-3.172644982069999786e-01 -6.371238777709999912e-01
-3.311666632010000222e-01 -4.791550856669999914e-01
-2.482497296389999941e-01 -4.029609699969999848e-01
8.819283015000000184e-03 -4.808501826580000027e-01
-2.855299659609999985e-01 -5.018920692380000048e-01
-2.943601632000000246e-01 -3.939592424530000137e-01
-2.211947447129999911e-01 -3.347780422919999777e-01
-2.348260443970000000e-01 -2.190681729389999943e-01
-3.471371596660000058e-01 -4.438650224599999805e-01
-4.221728446690000136e-01 -5.978183632410000170e-01
-4.276846415389999878e-01 -6.904641526670000085e-01
-4.052001729100000033e-02 -7.219414989719999953e-01
-8.603364839299999789e-02 -9.585213880740000025e-01
-2.265719957860000133e-01 -1.000000000000000000e+00
-3.398903250929999897e-01 -9.822123418199999456e-01
2.682489983600000114e-02 -6.770623657569999621e-01
-3.140674545309999899e-01 -7.707703962130000308e-01
-3.628480747580000165e-01 -6.137623971219999808e-01
-2.893697758750000126e-01 -5.155474360170000381e-01
3.520426324700000331e-02 -5.901075410820000311e-01
-3.208652688590000190e-01 -6.388837591510000413e-01
-3.337289651690000247e-01 -4.806384598310000089e-01
-2.502094388409999981e-01 -4.043242410399999764e-01
-8.100951289999999607e-04 -4.832615597950000175e-01
-2.944732480169999778e-01 -5.031541837940000095e-01
-3.008098138799999988e-01 -3.933665329509999919e-01
-2.268132341140000063e-01 -3.318149552360000198e-01
-2.388203403960000026e-01 -2.164938174000000104e-01
-3.619281975740000212e-01 -4.394118683459999897e-01
-4.452708697389999859e-01 -5.918842467299999521e-01
-4.363640267630000125e-01 -6.829803549230000215e-01
-3.644565942400000008e-02 -7.164721983730000243e-01
-7.481281403400000252e-02 -9.597850068669999679e-01
-2.161142833720000045e-01 -1.000000000000000000e+00
-3.292691523740000070e-01 -9.791151376429999553e-01
3.079892648100000102e-02 -6.726579314030000090e-01
-3.154489565949999963e-01 -7.697216263510000545e-01
-3.659058043799999771e-01 -6.138094696039999576e-01
-2.915255669749999834e-01 -5.142747345929999936e-01
3.989009494600000150e-02 -5.870484969189999624e-01
-3.235899663790000047e-01 -6.338436894350000239e-01
-3.348958840410000137e-01 -4.776531325680000162e-01
-2.507719855450000201e-01 -4.040175505320000027e-01
3.223146889000000001e-03 -4.814629345459999765e-01
-2.946067440189999997e-01 -4.991130316260000144e-01
-3.010482335690000122e-01 -3.916960288349999875e-01
-2.265840692380000077e-01 -3.335121682769999762e-01
-2.385597214229999985e-01 -2.208841259029999948e-01
-3.554069568520000222e-01 -4.461863886160000181e-01
-4.317990015709999851e-01 -6.016778418060000355e-01
-4.259533850230000085e-01 -6.952603631299999476e-01
-3.679548547900000216e-02 -7.208726948550000513e-01
-8.262725103800000470e-02 -9.612604743429999932e-01
-2.243697842160000122e-01 -1.000000000000000000e+00
-3.384735681969999743e-01 -9.791956406849999794e-01
3.207183240900000204e-02 -6.765146248819999819e-01
-3.160233838429999942e-01 -7.694145282859999879e-01
-3.617727475270000048e-01 -6.096376859369999623e-01
-2.857317465959999803e-01 -5.115321571600000006e-01
4.112010894399999866e-02 -5.899644841040000420e-01
-3.213370264709999868e-01 -6.348684419160000036e-01
-3.307633879820000011e-01 -4.775577559220000046e-01
-2.469739558450000094e-01 -4.049577707600000021e-01
4.329736707999999601e-03 -4.827340293149999795e-01
-2.907483294809999896e-01 -4.982783367190000146e-01
-2.936456698720000258e-01 -3.889450116459999829e-01
-2.194405197850000100e-01 -3.300351442030000082e-01
-2.434647625720000041e-01 -2.217674864849999983e-01
-3.622887999159999928e-01 -4.467320799280000143e-01
-4.424310903650000015e-01 -6.017265263200000103e-01
-4.415976186519999791e-01 -7.003953578479999997e-01
-3.834107640400000183e-02 -7.186880938759999671e-01
-8.077374121300000265e-02 -9.581702983450000044e-01
-2.215907058559999920e-01 -1.000000000000000000e+00
-3.367554382919999978e-01 -9.804558755700000239e-01
2.857263049099999924e-02 -6.759546117089999528e-01
-3.176558485090000272e-01 -7.668898688170000533e-01
-3.632738119400000243e-01 -6.097976715439999973e-01
-2.888969415179999944e-01 -5.128358825809999910e-01
3.820134442800000169e-02 -5.913912802820000536e-01
-3.248424017659999885e-01 -6.311593940849999917e-01
-3.319041802739999825e-01 -4.736961198549999863e-01
-2.478942661920000012e-01 -4.015099909589999738e-01
1.885299236999999923e-03 -4.860895588479999807e-01
-2.927586609839999965e-01 -4.987674311329999832e-01
-2.957460715760000247e-01 -3.911881769039999845e-01
-2.218459627180000004e-01 -3.346237384449999852e-01
-2.456648388060000132e-01 -2.215451729029999928e-01
-3.652593243769999831e-01 -4.468542790500000250e-01
-4.447202031340000139e-01 -6.042414518059999740e-01
-4.470873486470000047e-01 -7.067234726269999712e-01
-4.661214151799999983e-02 -7.173433266309999778e-01
-9.029202153700000011e-02 -9.582706887790000128e-01
-2.310665524580000074e-01 -1.000000000000000000e+00
-3.455188875519999980e-01 -9.813391707909999706e-01
2.024302555699999950e-02 -6.740661695399999820e-01
-3.248244409059999893e-01 -7.665199745680000287e-01
-3.704454316110000200e-01 -6.097222174890000179e-01
-2.950510962740000021e-01 -5.134364697169999658e-01
2.950022005500000169e-02 -5.893024758870000213e-01
-3.307183013369999758e-01 -6.324344275059999854e-01
-3.381829491139999866e-01 -4.757657254930000024e-01
-2.531429205590000064e-01 -4.041773539619999966e-01
-6.426082932999999803e-03 -4.840033207600000220e-01
-2.989532710519999803e-01 -4.983121345689999759e-01
-3.021963907949999917e-01 -3.895973911610000062e-01
-2.278204693389999924e-01 -3.324150322039999828e-01
-2.451637126439999981e-01 -2.185108161419999917e-01
-3.640679939020000089e-01 -4.429994687589999813e-01
-4.459965104029999794e-01 -5.983634803349999753e-01
-4.578325117050000004e-01 -7.012477106479999556e-01
-4.445058653199999987e-02 -7.185149026120000171e-01
-9.306471605799999935e-02 -9.602970491969999856e-01
-2.353417217409999873e-01 -1.000000000000000000e+00
-3.503480557690000219e-01 -9.795422410940000102e-01
2.318588607699999943e-02 -6.771121290139999749e-01
-3.252603019279999841e-01 -7.666120565720000446e-01
-3.708491560200000148e-01 -6.080892782179999623e-01
-2.953689401060000108e-01 -5.083025919360000255e-01
3.297360016700000285e-02 -5.938344831170000448e-01
-3.320842605289999749e-01 -6.321834007600000138e-01
-3.402948449800000108e-01 -4.713022092940000185e-01
-2.551977046419999784e-01 -3.948826997450000098e-01
-1.597140957000000010e-03 -4.888165212250000224e-01
-2.982949514759999921e-01 -5.009289660119999876e-01
-3.047063004689999910e-01 -3.890261199710000062e-01
-2.320026054340000032e-01 -3.286640587560000215e-01
-2.475894190179999954e-01 -2.161317529550000061e-01
-3.662391052569999861e-01 -4.372117941320000090e-01
-4.500486319009999736e-01 -5.907088823570000313e-01
-4.655408967440000101e-01 -6.962616992800000348e-01
-4.581128838000000231e-02 -7.186122589600000277e-01
-9.714594047300000035e-02 -9.631935068510000253e-01
-2.405159855289999982e-01 -1.000000000000000000e+00
-3.546566394299999758e-01 -9.763060762780000346e-01
2.056451697900000056e-02 -6.776059487800000225e-01
-3.290169931999999964e-01 -7.708369312759999481e-01
-3.762916411039999853e-01 -6.140965422919999472e-01
-3.016705241070000154e-01 -5.160689153049999867e-01
2.977028851900000161e-02 -5.957897658340000069e-01
-3.354087491789999875e-01 -6.332237425869999825e-01
-3.429770462139999920e-01 -4.739229704910000174e-01
-2.563693777389999817e-01 -3.988937001999999787e-01
-5.079891369000000267e-03 -4.929467435100000072e-01
-3.015800438440000009e-01 -5.000713201750000003e-01
-3.063076376080000052e-01 -3.883070629300000021e-01
-2.311203244889999953e-01 -3.292103550789999833e-01
-2.468485786140000027e-01 -2.149329687100000053e-01
-3.679601361320000152e-01 -4.375770328949999954e-01
-4.519105341860000236e-01 -5.935428879649999878e-01
-4.662011705720000010e-01 -7.009728952229999921e-01
-4.502738741900000341e-02 -7.158614699009999693e-01
-9.694571522400000085e-02 -9.589425489430000171e-01
-2.395878852630000111e-01 -1.000000000000000000e+00
-3.544094989420000230e-01 -9.801256795060000471e-01
2.008356436700000150e-02 -6.772954859409999750e-01
-3.255865253260000203e-01 -7.693235755249999697e-01
-3.730297373429999896e-01 -6.137870107499999728e-01
-3.007311943800000109e-01 -5.164764752320000207e-01
2.904484512499999962e-02 -5.980960879240000416e-01
-3.318536802279999920e-01 -6.336681383290000413e-01
-3.383868047120000000e-01 -4.751599849950000065e-01
-2.533672997010000261e-01 -3.998936023019999952e-01
-6.236671000000000055e-03 -4.976778221470000152e-01
-3.000211858190000025e-01 -5.013782127410000289e-01
-3.026497071600000033e-01 -3.890346739589999880e-01
-2.270425262770000008e-01 -3.301057391869999802e-01
-2.424224084259999912e-01 -2.172980826060000037e-01
-3.644766388310000105e-01 -4.434152436139999764e-01
-4.497283205040000231e-01 -6.023545392329999748e-01
-4.685228889999999979e-01 -7.066317568309999908e-01
-4.543642018800000265e-02 -7.185786380619999525e-01
-9.985409786599999671e-02 -9.605680440670000264e-01
-2.432804420880000096e-01 -1.000000000000000000e+00
-3.567375078310000003e-01 -9.795976147860000482e-01
1.765842918899999947e-02 -6.775013713380000357e-01
-3.262607308330000011e-01 -7.736361752270000114e-01
-3.724002879070000271e-01 -6.201031116540000054e-01
-2.980632195340000012e-01 -5.276378556699999889e-01
2.250530083499999862e-02 -5.957185311060000377e-01
-3.335161784469999890e-01 -6.416929075970000396e-01
-3.427721956550000004e-01 -4.891222903149999857e-01
-2.592989730170000007e-01 -4.185271501369999814e-01
-1.691966801299999920e-02 -4.938474292350000239e-01
-3.091404055620000091e-01 -5.042076026170000391e-01
-3.127112978009999877e-01 -3.955801868330000026e-01
-2.379777369839999879e-01 -3.389786023979999841e-01
-2.399290599839999927e-01 -2.189317030519999929e-01
-3.562336158930000107e-01 -4.455204244839999772e-01
-4.433781181609999789e-01 -6.000556056329999777e-01
-4.655670243800000274e-01 -7.012731908570000172e-01
-3.701814596200000279e-02 -7.121536713080000025e-01
-9.693467618199999580e-02 -9.575292991889999827e-01
-2.404781072040000078e-01 -1.000000000000000000e+00
-3.558542476270000199e-01 -9.789809829610000014e-01
2.226386479300000026e-02 -6.727564667469999593e-01
-3.276663190829999794e-01 -7.690716151790000232e-01
-3.667218780370000153e-01 -6.172553859560000467e-01
-2.898326822399999725e-01 -5.257258557580000158e-01
2.448604580399999994e-02 -5.933778188139999799e-01
-3.364789163679999806e-01 -6.360344071539999478e-01
-3.394104780700000212e-01 -4.853035683540000145e-01
-2.549063672490000099e-01 -4.158191601999999820e-01
-1.606819789500000054e-02 -4.930163675940000267e-01
-3.086577007449999854e-01 -5.040341098509999451e-01
-3.098700826749999915e-01 -3.972987460840000096e-01
-2.368452447620000012e-01 -3.419242674049999819e-01
-2.339898431699999892e-01 -2.184856821700000007e-01
-3.501987672740000113e-01 -4.449386544139999899e-01
-4.380437449649999815e-01 -5.949710444200000392e-01
-4.566522317019999777e-01 -6.836013923000000547e-01
-3.755657997200000098e-02 -7.105351118520000231e-01
-9.174152557999999680e-02 -9.556759957120000148e-01
-2.332990493859999903e-01 -1.000000000000000000e+00
-3.461791735520000080e-01 -9.801597279670000162e-01
2.057779910600000123e-02 -6.681074609930000019e-01
-3.219427151679999932e-01 -7.709299152649999876e-01
-3.627193322130000119e-01 -6.232744812349999552e-01
-2.847186967179999861e-01 -5.324822904479999952e-01
2.081935496499999830e-02 -5.858210667490000301e-01
-3.322033865590000024e-01 -6.408865379899999493e-01
-3.394122317689999835e-01 -4.958309900339999965e-01
-2.557704997370000011e-01 -4.278480224730000225e-01
-2.287455815100000039e-02 -4.836410564859999761e-01
-3.132667776010000238e-01 -5.038016095839999986e-01
-3.161659304419999761e-01 -4.007236542589999728e-01
-2.422880541559999934e-01 -3.456474707930000112e-01
-2.189401035649999883e-01 -2.254646957969999865e-01
-3.181088034660000119e-01 -4.594134552590000142e-01
-3.975459966789999799e-01 -6.106053755939999661e-01
-4.348321725470000176e-01 -7.077467854629999611e-01
-1.630871296700000042e-02 -7.107992000970000390e-01
-8.671886051699999320e-02 -9.621725989649999589e-01
-2.295745800289999972e-01 -1.000000000000000000e+00
-3.399614103020000000e-01 -9.735266312670000088e-01
3.357044814799999694e-02 -6.654027089220000413e-01
-3.142271151089999770e-01 -7.660337684650000423e-01
-3.527378763899999825e-01 -6.222553501730000436e-01
-2.744991808100000208e-01 -5.399094657780000306e-01
2.221292624500000035e-02 -5.828923559969999557e-01
-3.289529448169999926e-01 -6.380424519409999551e-01
-3.357033263029999826e-01 -5.024188714570000380e-01
-2.535092997400000270e-01 -4.419172669859999791e-01
-3.035934087600000025e-02 -4.807934978469999843e-01
-3.176261314070000230e-01 -5.036393174800000150e-01
-3.224980964829999852e-01 -4.070132615929999975e-01
-2.532567007209999832e-01 -3.571964801140000145e-01
-2.152299847730000104e-01 -2.289478175290000084e-01
-3.210763594580000047e-01 -4.522440510390000057e-01
-4.202471362119999942e-01 -5.927168960159999722e-01
-4.754947749260000078e-01 -6.754565183999999833e-01
-8.494086592999999449e-03 -7.020958603310000212e-01
-7.594114847300000026e-02 -9.536670800459999819e-01
-2.174422264820000117e-01 -1.000000000000000000e+00
-3.308998010850000004e-01 -9.789580571939999754e-01
3.724763492199999887e-02 -6.568092350399999946e-01
-3.086827619029999803e-01 -7.612511164080000281e-01
-3.493098655379999751e-01 -6.256436767220000528e-01
-2.760721782610000008e-01 -5.459113870759999543e-01
2.237992570599999995e-02 -5.744410849490000359e-01
-3.278090340390000246e-01 -6.364707003359999504e-01
-3.354021249199999888e-01 -5.054854738970000483e-01
-2.586052059219999810e-01 -4.444053030089999967e-01
-3.227551904699999669e-02 -4.760933686789999841e-01
-3.183418000189999764e-01 -5.044701826640000109e-01
-3.242613693470000058e-01 -4.062275651780000163e-01
-2.589592328590000214e-01 -3.527738114880000220e-01
-2.075926513219999991e-01 -2.214304354190000101e-01
-3.130403573910000015e-01 -4.495846993400000047e-01
-4.134664587610000219e-01 -5.927936929470000171e-01
-4.720402986819999813e-01 -6.761482110290000236e-01
-1.574291331499999905e-02 -7.073867027950000441e-01
-8.138211265599999689e-02 -9.577313704600000088e-01
-2.223431352470000011e-01 -1.000000000000000000e+00
-3.343745461670000196e-01 -9.728402160589999514e-01
2.898588585399999862e-02 -6.626523792039999972e-01
-3.140377493959999877e-01 -7.659257107750000459e-01
-3.510727160759999910e-01 -6.324179742919999736e-01
-2.774946434189999867e-01 -5.537149247279999908e-01
1.361413869600000028e-02 -5.796769393739999998e-01
-3.335328679149999753e-01 -6.369649469889999693e-01
-3.387488573110000178e-01 -5.103025294449999860e-01
-2.623098838530000254e-01 -4.505615386280000245e-01
-4.057312399299999733e-02 -4.783114992310000257e-01
-3.247241324390000017e-01 -5.072633022200000452e-01
-3.303792664560000203e-01 -4.131347594390000211e-01
-2.683744804350000068e-01 -3.608190112729999788e-01
-1.998830733249999936e-01 -2.317663673149999992e-01
-3.000047784000000051e-01 -4.595997294379999820e-01
-3.949311276479999799e-01 -6.029441365200000069e-01
-4.538956931290000218e-01 -6.879224147200000417e-01
1.334296138000000105e-03 -7.013820356109999876e-01
-7.325223926899999960e-02 -9.587717116939999951e-01
-2.161773470230000105e-01 -1.000000000000000000e+00
-3.284570452660000028e-01 -9.710530199219999936e-01
4.199780052999999708e-02 -6.554809923609999922e-01
-3.047199975950000139e-01 -7.647502282979999899e-01
-3.419169005070000211e-01 -6.318942100200000134e-01
-2.699136539140000179e-01 -5.543235532679999800e-01
2.108860951100000047e-02 -5.734365439609999671e-01
-3.290051434469999925e-01 -6.345691766200000083e-01
-3.324520595129999978e-01 -5.103454937870000041e-01
-2.572927722869999823e-01 -4.536720293250000036e-01
-3.875655017500000132e-02 -4.753039094040000245e-01
-3.231182671339999923e-01 -5.037951721379999581e-01
-3.248014638069999793e-01 -4.102088840420000104e-01
-2.614225847530000091e-01 -3.608515038499999772e-01
-2.000578463509999905e-01 -2.295642817459999929e-01
-3.017155201030000122e-01 -4.536576547530000170e-01
-3.956769562110000193e-01 -5.925301091369999940e-01
-4.442421855620000137e-01 -6.659634483890000123e-01
3.923791270000000263e-04 -7.004600279710000432e-01
-6.381334488600000354e-02 -9.569029551790000365e-01
-2.053158011669999894e-01 -1.000000000000000000e+00
-3.167409490740000222e-01 -9.706760632759999785e-01
4.281831407500000242e-02 -6.536151012219999501e-01
-2.974618435049999898e-01 -7.646578820499999596e-01
-3.350484669250000103e-01 -6.321357667170000028e-01
-2.608639447030000058e-01 -5.508828320809999735e-01
2.332136497800000111e-02 -5.706358567560000372e-01
-3.197399996990000215e-01 -6.412228873169999455e-01
-3.253253251850000138e-01 -5.156557455720000016e-01
-2.499233379849999936e-01 -4.581451941540000128e-01
-3.640063818199999746e-02 -4.727109071569999821e-01
-3.167894725789999755e-01 -5.112218521179999753e-01
-3.202272837240000003e-01 -4.163028917259999906e-01
-2.574344226020000015e-01 -3.639049108810000210e-01
-1.991848124189999902e-01 -2.277609751000000127e-01
-3.009180312229999821e-01 -4.541437105380000117e-01
-3.968525706750000159e-01 -5.969793685380000436e-01
-4.552175348799999965e-01 -6.756103199299999806e-01
-2.699558402000000034e-03 -7.024788084669999488e-01
-5.939372615199999678e-02 -9.585795663099999642e-01
-1.981081513319999932e-01 -1.000000000000000000e+00
-3.093003809559999873e-01 -9.690371114639999561e-01
4.271887245199999794e-02 -6.566005458550000506e-01
-2.968834353929999947e-01 -7.604674156330000212e-01
-3.333572829040000185e-01 -6.274483843739999678e-01
-2.605191513560000116e-01 -5.461833057360000465e-01
2.640665710600000049e-02 -5.732727813779999737e-01
-3.190907794289999933e-01 -6.320186600170000224e-01
-3.224481837090000247e-01 -5.052691613190000153e-01
-2.471138093359999954e-01 -4.471958703310000005e-01
-3.039753915599999884e-02 -4.746698412170000103e-01
-3.129839644369999951e-01 -5.022732792970000526e-01
-3.148569603749999946e-01 -4.044517461959999949e-01
-2.517107317839999969e-01 -3.518502577970000211e-01
-1.975456539219999919e-01 -2.332796804089999898e-01
-2.935112939430000178e-01 -4.660323655770000073e-01
-3.836378893269999923e-01 -6.110620363490000262e-01
-4.317648707699999755e-01 -6.927809804179999587e-01
-1.498541965999999979e-03 -6.981073077820000305e-01
-5.664567851200000281e-02 -9.529647765719999608e-01
-1.965336683039999865e-01 -1.000000000000000000e+00
-3.116731472529999936e-01 -9.724897153710000408e-01
4.223635188500000220e-02 -6.543448712680000057e-01
-2.908882928070000151e-01 -7.580374719319999954e-01
-3.265620294170000215e-01 -6.254147116789999794e-01
-2.557276419319999827e-01 -5.421679788350000084e-01
2.697928234399999889e-02 -5.734875796180000096e-01
-3.139173676800000035e-01 -6.300657832099999522e-01
-3.158529997389999955e-01 -5.021235255289999699e-01
-2.407232463900000063e-01 -4.405384526209999985e-01
-2.762860754199999991e-02 -4.766500623100000111e-01
-3.062743246510000183e-01 -5.032318183530000155e-01
-3.065754516290000176e-01 -4.050207143399999765e-01
-2.427823137969999934e-01 -3.511979745919999729e-01
-1.942676508670000135e-01 -2.268439758739999867e-01
-2.933586737589999882e-01 -4.487765844509999935e-01
-3.875618900469999795e-01 -5.926444988660000135e-01
-4.494078358440000143e-01 -6.721567233390000062e-01
5.746780634000000013e-03 -6.976297987909999554e-01
-5.427157457600000068e-02 -9.580726614569999855e-01
-1.949704142689999975e-01 -1.000000000000000000e+00
-3.056556961899999925e-01 -9.686161873030000313e-01
4.833178989999999814e-02 -6.501936841200000039e-01
-2.882693794200000270e-01 -7.672273051379999709e-01
-3.323666993800000191e-01 -6.337157681209999449e-01
-2.625718088230000191e-01 -5.496930308990000125e-01
2.925140851200000100e-02 -5.680878007009999564e-01
-3.122262250810000084e-01 -6.427657027299999992e-01
-3.214861772270000140e-01 -5.141512859369999910e-01
-2.473243051150000038e-01 -4.538443929120000164e-01
-3.114262680500000033e-02 -4.730378287459999775e-01
-3.119492140249999768e-01 -5.078051138689999577e-01
-3.156719881100000236e-01 -4.075308922890000241e-01
-2.506251076309999881e-01 -3.530953149950000203e-01
-2.066457233740000010e-01 -2.357557637129999994e-01
-3.038260384529999913e-01 -4.633014000549999789e-01
-3.943087870309999743e-01 -6.059108371210000232e-01
-4.423644364839999787e-01 -6.847098487299999592e-01
-4.312838113000000244e-03 -7.018313854740000357e-01
-6.434017517500000005e-02 -9.549480365279999772e-01
-2.035084334699999997e-01 -1.000000000000000000e+00
-3.147314817549999866e-01 -9.735498881070000499e-01
4.198738884299999669e-02 -6.563209554290000414e-01
-2.958318856109999895e-01 -7.620317331489999679e-01
-3.322592816039999786e-01 -6.270698733270000380e-01
-2.580976473739999832e-01 -5.455918535979999984e-01
2.736034636499999964e-02 -5.742364515019999782e-01
-3.169720731310000095e-01 -6.334550043750000192e-01
-3.197442159359999980e-01 -5.026078404710000447e-01
-2.422198467330000105e-01 -4.426953510409999959e-01
-2.828947572100000071e-02 -4.773580849849999863e-01
-3.104658577530000074e-01 -5.017744790729999904e-01
-3.093287460809999723e-01 -3.991781695630000071e-01
-2.418819563140000017e-01 -3.440593445340000001e-01
-2.072575462609999863e-01 -2.289818139760000093e-01
-3.089196268289999825e-01 -4.489113874760000122e-01
-4.019130979369999745e-01 -5.909944664499999778e-01
-4.525713447829999847e-01 -6.712474493550000254e-01
-6.032330770999999765e-03 -6.992678606150000142e-01
-5.793785223799999967e-02 -9.564588966570000128e-01
-2.000282349470000054e-01 -1.000000000000000000e+00
-3.134154920359999985e-01 -9.701857127290000049e-01
4.413249789700000175e-02 -6.519488076560000511e-01
-2.922267083180000169e-01 -7.607971629699999960e-01
-3.391024522709999989e-01 -6.243702261650000418e-01
-2.695439871170000057e-01 -5.350781772429999972e-01
3.467656424499999945e-02 -5.681790761289999825e-01
-3.086107435359999873e-01 -6.322041758319999483e-01
-3.196819121510000028e-01 -4.981191032160000032e-01
-2.443934354029999867e-01 -4.326534110340000128e-01
-1.592343762199999874e-02 -4.702737042499999798e-01
-2.982991634080000010e-01 -4.992784556539999752e-01
-3.057736583480000214e-01 -3.964709367259999784e-01
-2.406858189099999878e-01 -3.392549524180000220e-01
-2.196076257460000125e-01 -2.364995712469999956e-01
-3.250719121819999891e-01 -4.640644429240000091e-01
-4.233004824559999935e-01 -6.045670630830000114e-01
-4.692943442099999918e-01 -6.842688240030000424e-01
-1.585776361100000101e-02 -7.077792656620000011e-01
-6.724247227500000645e-02 -9.560454218670000337e-01
-2.085899645740000030e-01 -1.000000000000000000e+00
-3.234173689850000089e-01 -9.718246528830000175e-01
3.812970004599999796e-02 -6.625799689910000234e-01
-3.032531550179999869e-01 -7.575702245969999638e-01
-3.386138881429999747e-01 -6.191803622320000144e-01
-2.622371511150000112e-01 -5.343000233870000004e-01
3.463019520499999865e-02 -5.783062251520000308e-01
-3.173462450160000059e-01 -6.239430407710000459e-01
-3.181891307420000037e-01 -4.880268165719999773e-01
-2.381728236800000065e-01 -4.254261288339999947e-01
-1.042146018699999926e-02 -4.760804843609999781e-01
-2.980725906810000048e-01 -4.961890325769999777e-01
-2.998071447339999973e-01 -3.956886991019999966e-01
-2.322044388239999924e-01 -3.430234471770000071e-01
-2.191646729279999872e-01 -2.372064372159999879e-01
-3.218182849099999743e-01 -4.690452551779999979e-01
-4.081901881159999967e-01 -6.159084425780000371e-01
-4.447515501559999862e-01 -6.979779414450000274e-01
-1.514417362200000047e-02 -7.091826116430000049e-01
-6.787091932899999569e-02 -9.573026741939999473e-01
-2.105728614679999999e-01 -1.000000000000000000e+00
-3.264930131479999997e-01 -9.735357362359999822e-01
4.113053429400000127e-02 -6.640447562939999493e-01
-3.015486580710000086e-01 -7.623636101459999592e-01
-3.390379286929999791e-01 -6.198113681150000387e-01
-2.647730275960000212e-01 -5.314520973230000278e-01
3.908746434299999878e-02 -5.801260781279999890e-01
-3.146944164709999936e-01 -6.253768700239999978e-01
-3.165478198660000020e-01 -4.828545680149999852e-01
-2.364370482840000010e-01 -4.169418189479999759e-01
-5.782833973999999821e-03 -4.774407157980000149e-01
-2.956994454429999752e-01 -4.951982123440000216e-01
-2.947735792819999867e-01 -3.912003630120000075e-01
-2.236208622159999992e-01 -3.376029893229999801e-01
-2.216075143990000051e-01 -2.305926033329999958e-01
-3.297709134419999910e-01 -4.549023611079999752e-01
-4.190499721279999923e-01 -6.010395875639999996e-01
-4.521272483520000218e-01 -6.806318798810000459e-01
-1.942382616500000145e-02 -7.029179909589999831e-01
-6.587728422600000466e-02 -9.547394216240000508e-01
-2.067173882420000053e-01 -1.000000000000000000e+00
-3.212784289899999757e-01 -9.746080828640000249e-01
4.014518534400000199e-02 -6.580606948180000026e-01
-2.992288746339999972e-01 -7.576261147399999674e-01
-3.412932496589999865e-01 -6.151955512190000475e-01
-2.685783029859999949e-01 -5.216949296089999910e-01
4.046246394999999940e-02 -5.740247258559999510e-01
-3.110829791990000204e-01 -6.232774618240000120e-01
-3.170990265420000065e-01 -4.815757790599999866e-01
-2.390919587260000034e-01 -4.130567811849999993e-01
-2.837278422999999980e-03 -4.733948707999999783e-01
-2.926856811340000086e-01 -4.925563858959999819e-01
-2.981499964989999807e-01 -3.876982371969999730e-01
-2.310824033489999874e-01 -3.298283582570000205e-01
-2.214487883980000016e-01 -2.293228798430000104e-01
-3.307699882160000104e-01 -4.578897483459999918e-01
-4.161944162499999766e-01 -6.078114171709999569e-01
-4.514697187119999788e-01 -6.912533688009999677e-01
-2.429755113000000091e-02 -7.124251863780000082e-01
-7.429146103900000075e-02 -9.583423051349999611e-01
-2.172206316430000117e-01 -1.000000000000000000e+00
-3.335748836229999736e-01 -9.722237233560000469e-01
3.687309976300000292e-02 -6.653189597840000191e-01
-3.026201393019999908e-01 -7.616698050469999925e-01
-3.414846289360000120e-01 -6.131450771759999752e-01
-2.652986594799999764e-01 -5.181025515380000002e-01
3.903930558999999662e-02 -5.785869588040000178e-01
-3.128698797150000210e-01 -6.249858947880000404e-01
-3.160335538369999919e-01 -4.767544713169999948e-01
-2.331340170099999998e-01 -4.065208778130000034e-01
-2.430623126000000175e-03 -4.736133842010000206e-01
-2.931369570540000025e-01 -4.918452976789999820e-01
-2.945170044220000172e-01 -3.849970949559999855e-01
-2.218195139589999865e-01 -3.279572993589999763e-01
-2.262824443660000073e-01 -2.319184242139999963e-01
-3.389094882989999724e-01 -4.596016991770000004e-01
-4.228182326170000227e-01 -6.119211739440000297e-01
-4.463289635720000259e-01 -6.967552129109999548e-01
-2.465171563000000121e-02 -7.115382970550000463e-01
-7.150107792000000295e-02 -9.542944734320000233e-01
-2.133419854389999870e-01 -1.000000000000000000e+00
-3.294802009450000235e-01 -9.799982257529999963e-01
3.987555764799999986e-02 -6.639204713140000047e-01
-2.987574968130000119e-01 -7.630285056490000439e-01
-3.444870805699999927e-01 -6.168754941470000475e-01
-2.730692249760000023e-01 -5.226978877619999908e-01
4.484043379799999840e-02 -5.764765217970000410e-01
-3.060072640459999826e-01 -6.289721842569999666e-01
-3.148246835249999820e-01 -4.814150434250000221e-01
-2.349263504809999958e-01 -4.118198792730000113e-01
4.700129251000000237e-03 -4.732307450880000044e-01
-2.851126169830000001e-01 -4.943595550809999906e-01
-2.894958793519999962e-01 -3.889111671189999786e-01
-2.178132768590000101e-01 -3.325759206380000110e-01
-2.287700949629999925e-01 -2.307163633709999884e-01
-3.391762421200000266e-01 -4.574999561340000187e-01
-4.176030810499999912e-01 -6.092293677060000023e-01
-4.301727213570000208e-01 -6.924479427559999678e-01
-2.635459583099999947e-02 -7.167747177459999897e-01
-7.503512556199999628e-02 -9.552027386900000527e-01
-2.167261824910000079e-01 -1.000000000000000000e+00
-3.320952834299999989e-01 -9.783254007199999602e-01
3.862576083400000304e-02 -6.705466569539999533e-01
-3.067641258339999788e-01 -7.621756981859999502e-01
-3.482677583839999813e-01 -6.095855287400000488e-01
-2.714211216749999878e-01 -5.098693538499999844e-01
4.371965131600000221e-02 -5.831307021849999606e-01
-3.133771839210000021e-01 -6.277129509040000332e-01
-3.193848956029999853e-01 -4.735079583669999925e-01
-2.361870742080000030e-01 -3.991264786270000142e-01
2.978055273000000062e-03 -4.774412949829999753e-01
-2.914446261329999843e-01 -4.953891508570000268e-01
-2.939318574470000112e-01 -3.869796468899999731e-01
-2.201320460779999932e-01 -3.277237616720000135e-01
-2.267784455509999908e-01 -2.290034801939999920e-01
-3.357718716299999961e-01 -4.579347542459999976e-01
-4.157749562010000233e-01 -6.087714039889999817e-01
-4.348552170089999835e-01 -6.949868124679999815e-01
-2.545620478000000173e-02 -7.192966385489999448e-01
-7.350802406100000186e-02 -9.549534192509999686e-01
-2.139136706189999904e-01 -1.000000000000000000e+00
-3.287513580540000202e-01 -9.797032780600000157e-01
3.832673732599999744e-02 -6.731445959149999769e-01
-3.033702854170000074e-01 -7.632459690920000428e-01
-3.461354824149999732e-01 -6.149497013429999770e-01
-2.719899677820000194e-01 -5.187511565369999911e-01
4.313632713200000329e-02 -5.857165489819999848e-01
-3.121056240890000000e-01 -6.306651559070000079e-01
-3.184383387620000061e-01 -4.799035439200000086e-01
-2.359944977979999969e-01 -4.061044771910000128e-01
4.177573688000000250e-03 -4.799995356149999726e-01
-2.886032325790000019e-01 -4.991068383319999802e-01
-2.907041953610000062e-01 -3.933906744489999996e-01
-2.167718068330000136e-01 -3.352771887630000003e-01
