-2.065398484819999936e-01 -2.082338927869999967e-01
-3.146947635630000240e-01 -4.326062499189999855e-01
-3.765190105830000245e-01 -5.854756968230000469e-01
-4.102480033149999983e-01 -6.616153913679999610e-01
-9.112680265299999416e-02 -7.208771335289999582e-01
-1.220906063970000066e-01 -9.717163614529999993e-01
-2.560836312990000252e-01 -1.000000000000000000e+00
-3.671495165040000175e-01 -9.423869165899999567e-01
-1.794768304600000142e-02 -6.713502505589999947e-01
-3.515596928020000012e-01 -6.993565810909999625e-01
-3.817058267589999998e-01 -5.550264147340000509e-01
-3.028240921390000229e-01 -4.769937320729999986e-01
-7.251197477000000287e-03 -5.723824891040000251e-01
-3.516624146790000016e-01 -5.727523699640000299e-01
-3.391449420959999905e-01 -4.423809298020000003e-01
-2.449194236510000011e-01 -3.988523977630000217e-01
-3.324147434099999909e-02 -4.547497019780000205e-01
-3.276541409150000028e-01 -4.508125165879999785e-01
-3.215091649969999965e-01 -3.535818815030000173e-01
-2.412290991830000064e-01 -3.140255661160000211e-01
-2.097970951320000110e-01 -2.157685290409999956e-01
-3.150442331050000155e-01 -4.481072265550000155e-01
-3.686889604999999959e-01 -6.054629786999999874e-01
-3.982841402899999772e-01 -6.871245434489999804e-01
-9.379552373999999748e-02 -7.315671540870000156e-01
-1.283461750700000126e-01 -9.753550501329999456e-01
-2.646693639580000035e-01 -1.000000000000000000e+00
-3.751312284730000113e-01 -9.409796967510000165e-01
-2.079773875700000052e-02 -6.828038318870000012e-01
-3.585123813180000063e-01 -7.058406076740000312e-01
-3.906392171779999867e-01 -5.602421244799999922e-01
-3.114021743779999962e-01 -4.824281582650000177e-01
-1.176155340399999936e-02 -5.824795306829999575e-01
-3.585514883479999915e-01 -5.791490064009999772e-01
-3.482954188849999855e-01 -4.489905531910000080e-01
-2.541580504720000189e-01 -4.044042994209999797e-01
-3.804649169600000241e-02 -4.610485087160000051e-01
-3.359240145840000080e-01 -4.560663277120000081e-01
-3.319310864839999931e-01 -3.607477264250000260e-01
-2.526755384930000070e-01 -3.204255063709999796e-01
-2.097108736859999989e-01 -2.183792591360000090e-01
-3.081150139059999904e-01 -4.496840043040000179e-01
-3.573810196459999977e-01 -6.100289557260000217e-01
-3.848335746880000019e-01 -7.017351546319999800e-01
-8.911085466899999752e-02 -7.240236078439999945e-01
-1.244377073379999976e-01 -9.739286278619999626e-01
-2.615833736350000049e-01 -1.000000000000000000e+00
-3.736175687089999808e-01 -9.418968087139999446e-01
-1.989410490200000173e-02 -6.769705866459999610e-01
-3.546392664640000136e-01 -7.060441060080000497e-01
-3.874886818659999954e-01 -5.619281107229999739e-01
-3.124414768950000143e-01 -4.808185584799999912e-01
-1.217449319500000030e-02 -5.800685005069999844e-01
-3.580787479929999906e-01 -5.803559372240000291e-01
-3.477607594389999779e-01 -4.502424606009999830e-01
-2.580226789069999804e-01 -4.013215795749999759e-01
-4.026996158599999848e-02 -4.619994568660000245e-01
-3.363869665259999753e-01 -4.595408537049999742e-01
-3.331887257130000113e-01 -3.640434588990000275e-01
-2.578772048269999950e-01 -3.204771641040000119e-01
-2.146858964660000035e-01 -2.091490537050000043e-01
-3.244668689019999941e-01 -4.310840032930000065e-01
-3.832609102539999979e-01 -5.813547243309999946e-01
-4.119330806800000078e-01 -6.610510388270000037e-01
-8.972716456700000065e-02 -7.190082468289999973e-01
-1.149817970680000051e-01 -9.681027805259999619e-01
-2.505188366769999786e-01 -1.000000000000000000e+00
-3.630212668780000151e-01 -9.487077480600000223e-01
-1.535854758700000086e-02 -6.712384725200000180e-01
-3.488505064379999743e-01 -7.066015242090000203e-01
-3.899430962500000097e-01 -5.634791380370000047e-01
-3.174428373420000171e-01 -4.835003535690000076e-01
-4.606609862000000249e-03 -5.736660899340000341e-01
-3.512859151780000078e-01 -5.793008978329999836e-01
-3.485321541540000179e-01 -4.475526083110000219e-01
-2.592758646430000091e-01 -4.001971783559999940e-01
-3.278863340100000162e-02 -4.566655686309999962e-01
-3.302018903189999910e-01 -4.551056516159999732e-01
-3.332009542130000002e-01 -3.594263822270000186e-01
-2.582680396839999726e-01 -3.180578840439999833e-01
-2.151420675029999952e-01 -2.224626815869999996e-01
-3.128634090140000046e-01 -4.548923406320000140e-01
-3.613353181169999817e-01 -6.109199291129999709e-01
-3.890224919840000184e-01 -7.025196389150000220e-01
-8.171912382200000047e-02 -7.205792271140000205e-01
-1.085540374299999999e-01 -9.699796087440000214e-01
-2.458911440550000105e-01 -1.000000000000000000e+00
-3.613612170619999731e-01 -9.468590431000000196e-01
-1.487875848599999953e-02 -6.752129482880000477e-01
-3.591635066489999861e-01 -7.113994156920000478e-01
-4.001522857920000176e-01 -5.656710973749999871e-01
-3.313733844780000215e-01 -4.823139115760000095e-01
-9.355993615000000527e-03 -5.829103596379999752e-01
-3.647798777039999996e-01 -5.819333219660000056e-01
-3.593255600429999808e-01 -4.494352480839999830e-01
-2.729891169399999984e-01 -3.976204789980000154e-01
-3.843181337499999850e-02 -4.689049644250000148e-01
-3.394604223200000104e-01 -4.634498142979999735e-01
-3.425833725169999955e-01 -3.687315478689999759e-01
-2.719715659190000134e-01 -3.251193444159999890e-01
-2.181661554409999870e-01 -2.160784976769999921e-01
-3.235564525979999773e-01 -4.433716854390000184e-01
-3.776470714949999863e-01 -5.948197917140000124e-01
-4.056268572069999800e-01 -6.810084098690000198e-01
-7.853583831799999804e-02 -7.198608076500000452e-01
-9.856312842400000163e-02 -9.637625248319999782e-01
-2.324568782539999934e-01 -1.000000000000000000e+00
-3.474287023720000200e-01 -9.548344209639999525e-01
-7.218897618000000294e-03 -6.721281463189999750e-01
-3.434265497660000110e-01 -7.150778202530000405e-01
-3.858058770289999884e-01 -5.698429667629999473e-01
-3.160896488130000015e-01 -4.841750908340000104e-01
1.975728593000000179e-03 -5.760783639750000074e-01
-3.477206188479999849e-01 -5.899379900329999593e-01
-3.468261139709999941e-01 -4.559649009430000177e-01
-2.610231895330000218e-01 -4.002507751939999858e-01
-2.476350494399999838e-02 -4.590017514990000214e-01
-3.225164537269999965e-01 -4.661563513559999761e-01
-3.299632021830000150e-01 -3.723404403480000124e-01
-2.606147478729999856e-01 -3.263750157379999850e-01
-2.186538798279999973e-01 -2.168416865460000009e-01
-3.234423613190000046e-01 -4.432579714920000247e-01
-3.747662905649999932e-01 -5.964211841090000243e-01
-4.027104266379999964e-01 -6.832863436780000077e-01
-7.668260240999999477e-02 -7.215741736149999808e-01
-9.496133453699999449e-02 -9.655111719159999994e-01
-2.295822597399999887e-01 -1.000000000000000000e+00
-3.425161899829999856e-01 -9.550676945560000464e-01
-2.622307481000000183e-03 -6.739914375550000170e-01
-3.387632671649999927e-01 -7.200496478279999613e-01
-3.878169178290000185e-01 -5.749872973670000498e-01
-3.200382959679999861e-01 -4.890470531539999888e-01
6.869787060999999785e-03 -5.790145023730000062e-01
-3.410224457370000239e-01 -5.913948382570000106e-01
-3.458449804739999744e-01 -4.566125431559999726e-01
-2.613157900929999888e-01 -4.001340116370000199e-01
-2.085990427500000050e-02 -4.641640947169999865e-01
-3.189791311180000255e-01 -4.670876415540000104e-01
-3.288492789529999794e-01 -3.704233882069999928e-01
-2.590746140599999858e-01 -3.219241317559999871e-01
-2.196855177710000107e-01 -2.196241858499999866e-01
-3.221053378550000068e-01 -4.477895896260000175e-01
-3.685407074500000046e-01 -6.011605757100000336e-01
-3.896602047969999760e-01 -6.921996314760000546e-01
-7.668892893900000618e-02 -7.220231427959999948e-01
-9.219169385299999520e-02 -9.651189191819999902e-01
-2.263193690549999970e-01 -1.000000000000000000e+00
-3.415527924089999945e-01 -9.551496304869999676e-01
-1.658860170000000037e-03 -6.738614105210000149e-01
-3.375035767210000093e-01 -7.184258994229999473e-01
-3.888655076520000087e-01 -5.717657100059999609e-01
-3.242408293240000017e-01 -4.856134807190000124e-01
9.659590543000000015e-03 -5.780660222229999645e-01
-3.379038236010000196e-01 -5.881561983780000391e-01
-3.442820628859999954e-01 -4.526409352149999843e-01
-2.614637751100000185e-01 -3.953451876899999884e-01
-1.544984743500000049e-02 -4.609227078959999835e-01
-3.114887449609999859e-01 -4.654686092990000246e-01
-3.235414958360000037e-01 -3.705232898390000140e-01
-2.559460525919999840e-01 -3.217227612999999931e-01
-2.282249587200000096e-01 -2.168241569259999890e-01
-3.310754643370000250e-01 -4.413879894250000158e-01
-3.815765739749999996e-01 -5.925766664649999571e-01
-4.026774987289999941e-01 -6.827479503259999971e-01
-7.327895705699999374e-02 -7.190068606499999682e-01
-9.007888832400000323e-02 -9.647763140659999515e-01
-2.234817061059999888e-01 -1.000000000000000000e+00
-3.373195810460000166e-01 -9.565995906990000242e-01
5.342415139000000410e-03 -6.716853453069999702e-01
-3.308771519640000269e-01 -7.168528896850000498e-01
-3.777366191970000231e-01 -5.671705697679999547e-01
-3.070468968389999942e-01 -4.830999266189999752e-01
1.950597495800000108e-02 -5.775698565189999467e-01
-3.304775224850000082e-01 -5.870684276280000446e-01
-3.342836740180000210e-01 -4.469536937790000164e-01
-2.473823846590000042e-01 -3.915097515320000165e-01
-6.054067352000000110e-03 -4.627223443680000270e-01
-3.026812076959999875e-01 -4.637381318920000273e-01
-3.100940716150000220e-01 -3.635346081849999966e-01
-2.361814915019999905e-01 -3.150361060910000233e-01
-2.365312709569999949e-01 -2.140432222679999885e-01
-3.467799117440000245e-01 -4.369638797650000073e-01
-4.088353856120000018e-01 -5.879151154730000162e-01
-4.329682219970000245e-01 -6.862324840660000147e-01
-7.944196173299999941e-02 -7.232654143260000001e-01
-9.816669236899999706e-02 -9.716632403399999562e-01
-2.346708538800000021e-01 -1.000000000000000000e+00
-3.500835540250000211e-01 -9.492839976329999763e-01
-3.974604600000000113e-05 -6.778567836659999957e-01
-3.387602736099999956e-01 -7.198472307369999657e-01
-3.876343157919999727e-01 -5.663073803450000554e-01
-3.175478747500000143e-01 -4.793931146909999885e-01
1.769322160400000135e-02 -5.848115251450000107e-01
-3.330607283240000216e-01 -5.830871037439999682e-01
-3.373165763620000202e-01 -4.408773547939999760e-01
-2.512534519940000100e-01 -3.849720859549999874e-01
-2.357761905000000172e-03 -4.685394701610000046e-01
-2.965587523739999787e-01 -4.637989752600000237e-01
-3.081736611449999996e-01 -3.632992088509999773e-01
-2.392367399610000056e-01 -3.137700649679999731e-01
-2.429344626849999911e-01 -2.113553378349999901e-01
-3.609361879660000216e-01 -4.277322873159999927e-01
-4.352809743200000137e-01 -5.722764386430000405e-01
-4.609296163020000225e-01 -6.706533181730000015e-01
-7.990329273400000043e-02 -7.243353426919999505e-01
-1.086558219320000046e-01 -9.741252634729999915e-01
-2.490990093340000044e-01 -1.000000000000000000e+00
-3.685820192429999920e-01 -9.475764998729999666e-01
-6.241070229999999552e-04 -6.811766819979999665e-01
-3.491691504309999972e-01 -7.199517192019999623e-01
-3.941430705760000097e-01 -5.625167025839999946e-01
-3.222284044889999755e-01 -4.747657700949999837e-01
1.935327690099999942e-02 -5.907805781170000214e-01
-3.406556420210000158e-01 -5.818152589770000382e-01
-3.407783256840000163e-01 -4.351467979320000068e-01
-2.534967977270000117e-01 -3.799548988559999785e-01
1.386788885000000060e-03 -4.755597613570000104e-01
-2.961088918249999979e-01 -4.666284947370000213e-01
-3.056492728990000129e-01 -3.646826273189999745e-01
-2.359796137969999985e-01 -3.171498494630000109e-01
-2.489908323860000050e-01 -2.096731107060000043e-01
-3.716336597350000104e-01 -4.238688969839999876e-01
-4.541997648530000098e-01 -5.640563885010000389e-01
-4.877789358330000269e-01 -6.599522074889999645e-01
-9.086081922500000019e-02 -7.263893264570000508e-01
-1.136817728469999983e-01 -9.778050103819999617e-01
-2.548296034790000220e-01 -1.000000000000000000e+00
-3.747866566070000016e-01 -9.414801503020000517e-01
-1.148995380300000049e-02 -6.845439103889999766e-01
-3.562593506250000264e-01 -7.233911490650000164e-01
-4.017979661309999950e-01 -5.645151058849999792e-01
-3.296598850160000205e-01 -4.766002747909999782e-01
1.119047391199999922e-02 -5.951169137509999540e-01
-3.469042187660000276e-01 -5.809139688729999529e-01
-3.468394842359999730e-01 -4.328514509099999907e-01
-2.587471293249999915e-01 -3.785179643639999814e-01
-3.078528537000000103e-03 -4.796037679749999838e-01
-3.005283070040000171e-01 -4.636091886650000049e-01
-3.083851888810000275e-01 -3.615675348299999814e-01
-2.365991313049999878e-01 -3.172677114210000204e-01
-2.567442276579999794e-01 -2.090334357520000075e-01
-3.840987543709999952e-01 -4.236289402630000200e-01
-4.704009229400000214e-01 -5.589258479019999504e-01
-5.030173325769999870e-01 -6.462830538199999530e-01
-9.922911865300000633e-02 -7.337392049530000460e-01
-1.235589078560000026e-01 -9.800861936950000519e-01
-2.669528204859999976e-01 -1.000000000000000000e+00
-3.866710935489999779e-01 -9.420130677189999524e-01
-1.900760052899999955e-02 -6.951062405629999663e-01
-3.736899541150000004e-01 -7.239017808080000504e-01
-4.116684615119999835e-01 -5.596432184470000459e-01
-3.324493045260000224e-01 -4.714204014819999844e-01
5.598620563999999813e-03 -6.065294905329999819e-01
-3.621293700770000235e-01 -5.832838193510000435e-01
-3.551541697680000165e-01 -4.319592053490000083e-01
-2.631692121829999897e-01 -3.784011176620000194e-01
-8.648355631000000446e-03 -4.894488581259999749e-01
-3.133964989190000106e-01 -4.647736945600000058e-01
-3.130106480420000170e-01 -3.626222283730000107e-01
-2.345625308110000085e-01 -3.225585658149999757e-01
-2.586864812810000247e-01 -2.070243017839999977e-01
-3.908296668010000086e-01 -4.216734398750000001e-01
-4.779903184429999952e-01 -5.609409687009999645e-01
-5.009500186719999526e-01 -6.485588755429999575e-01
-1.023799769309999969e-01 -7.393875101550000384e-01
-1.348107057169999901e-01 -9.852115305940000178e-01
-2.803808218050000134e-01 -1.000000000000000000e+00
-3.988696145330000165e-01 -9.403095740910000222e-01
-1.789141185500000078e-02 -7.031153477499999527e-01
-3.674779248200000237e-01 -7.218119863459999674e-01
-4.008446639920000276e-01 -5.523629029940000379e-01
-3.176499032910000131e-01 -4.641712034250000118e-01
1.084750322599999962e-02 -6.140355608790000197e-01
-3.531147936019999878e-01 -5.825886942139999469e-01
-3.441334129210000259e-01 -4.290329987179999915e-01
-2.512609003610000169e-01 -3.766534712890000081e-01
-1.545335167000000095e-03 -4.956063687710000054e-01
-3.021551689079999825e-01 -4.625886713819999940e-01
-2.985703794619999907e-01 -3.578834140509999928e-01
-2.181724242629999866e-01 -3.178076808309999723e-01
-2.607189587670000197e-01 -2.116001508679999921e-01
-3.920114419040000020e-01 -4.257528808030000000e-01
-4.728058609790000144e-01 -5.644066661340000346e-01
-4.895561820630000005e-01 -6.517410183880000263e-01
-1.010846717860000021e-01 -7.375232059970000531e-01
-1.252829761560000088e-01 -9.841855720400000118e-01
-2.705553285050000256e-01 -1.000000000000000000e+00
-3.918485865190000084e-01 -9.378766642679999821e-01
-1.354211775800000066e-02 -7.012883604130000226e-01
-3.621189300400000088e-01 -7.200089689859999753e-01
-4.003679767569999770e-01 -5.492277323619999541e-01
-3.213666862119999856e-01 -4.566829868300000261e-01
1.714442156399999945e-02 -6.122840002110000457e-01
-3.474032983470000113e-01 -5.753966824070000374e-01
-3.397341946999999918e-01 -4.205495796150000021e-01
-2.473527821350000044e-01 -3.675931633689999978e-01
5.610153102000000128e-03 -4.925938886960000151e-01
-2.963920249099999960e-01 -4.547479209970000102e-01
-2.934378950870000224e-01 -3.497221011350000186e-01
-2.118862223509999920e-01 -3.106439724580000172e-01
-2.627216828480000155e-01 -2.031243944649999966e-01
-3.974508560900000265e-01 -4.119549609679999946e-01
-4.842607876880000162e-01 -5.445347264659999853e-01
-5.053879151619999899e-01 -6.290524839979999561e-01
-1.126795703590000031e-01 -7.362953269369999498e-01
-1.453202892109999866e-01 -9.889514597840000087e-01
-2.934022844609999736e-01 -1.000000000000000000e+00
-4.142222522210000091e-01 -9.355656742479999677e-01
-2.815437658399999946e-02 -7.001670580469999683e-01
-3.772277087550000019e-01 -7.204925252180000017e-01
-4.136005632859999781e-01 -5.490632551090000035e-01
-3.316720481700000112e-01 -4.628557544860000261e-01
-6.762213799999999614e-04 -6.115451382059999830e-01
-3.620724559819999966e-01 -5.778586739259999883e-01
-3.544075967509999758e-01 -4.234512487809999892e-01
-2.600439682130000207e-01 -3.755721437790000006e-01
-1.437902346600000020e-02 -4.928356809219999746e-01
-3.140206013469999946e-01 -4.565265111340000015e-01
-3.090242091159999815e-01 -3.496090753050000166e-01
-2.252097485129999910e-01 -3.115908567969999932e-01
-2.616271342559999824e-01 -2.022723134859999994e-01
-4.007604746399999751e-01 -4.116479198099999848e-01
-4.867011126549999900e-01 -5.478479371479999527e-01
-5.017450992140000121e-01 -6.333577749240000276e-01
-1.140367472269999960e-01 -7.366225707339999484e-01
-1.454896723959999971e-01 -9.870954948750000346e-01
-2.915266352370000091e-01 -1.000000000000000000e+00
-4.120505820879999948e-01 -9.346151146969999823e-01
-2.653110717900000054e-02 -7.026504677429999957e-01
-3.754173303169999754e-01 -7.175724361490000147e-01
-4.083053389099999819e-01 -5.440786367259999867e-01
-3.246634726050000030e-01 -4.581176900319999801e-01
4.913846357999999796e-03 -6.145324830449999665e-01
-3.551479394779999965e-01 -5.747718369669999605e-01
-3.446511991399999753e-01 -4.203465353509999725e-01
-2.501885077259999868e-01 -3.740779064670000098e-01
-5.509630893000000071e-03 -4.943796440980000040e-01
-3.035448183380000109e-01 -4.541651844410000138e-01
-2.975317409720000250e-01 -3.490485502239999982e-01
-2.133996193450000134e-01 -3.139279629310000042e-01
-2.614876396110000223e-01 -2.066615999929999892e-01
-4.000622960990000143e-01 -4.186309304420000044e-01
-4.832306342259999887e-01 -5.560119590240000242e-01
-4.965311274459999757e-01 -6.440308945260000417e-01
-1.167891033409999973e-01 -7.396270713379999862e-01
-1.553791863460000089e-01 -9.936239999289999680e-01
-3.058061849009999777e-01 -1.000000000000000000e+00
-4.264048098759999905e-01 -9.297298855969999831e-01
-2.932903408399999828e-02 -7.003609005469999538e-01
-3.775981094570000085e-01 -7.144837289269999614e-01
-4.130204748229999723e-01 -5.433351881319999910e-01
-3.320404941780000230e-01 -4.582186456049999745e-01
4.309146630000000220e-04 -6.078714633330000172e-01
-3.593810207790000266e-01 -5.680629139209999456e-01
-3.509080470170000132e-01 -4.181799831949999935e-01
-2.589799979649999861e-01 -3.741577393200000157e-01
-1.161176073500000058e-02 -4.860493281189999792e-01
-3.092834797039999972e-01 -4.471485259490000086e-01
-3.049378842409999901e-01 -3.434509298310000069e-01
-2.241542324280000054e-01 -3.084287878779999881e-01
-2.620208633739999904e-01 -2.055659330479999991e-01
-3.973171401860000063e-01 -4.168750093179999783e-01
-4.815540726509999758e-01 -5.536981619409999666e-01
-5.117468242149999513e-01 -6.417048811609999959e-01
-1.187133992239999963e-01 -7.363152353180000276e-01
-1.633420589469999906e-01 -9.908290894479999666e-01
-3.098692199320000062e-01 -1.000000000000000000e+00
-4.278841914470000174e-01 -9.325809000660000292e-01
-3.129454068200000078e-02 -6.963638545200000474e-01
-3.845020614169999962e-01 -7.136902670010000227e-01
-4.131291724439999924e-01 -5.450226731049999662e-01
-3.290855429580000213e-01 -4.657099021159999963e-01
-1.394583493000000002e-03 -6.040497068860000152e-01
-3.648728159640000079e-01 -5.661048621330000419e-01
-3.503277607270000038e-01 -4.154603098199999844e-01
-2.553858001350000073e-01 -3.729757322880000170e-01
-1.212810534899999917e-02 -4.834052184700000088e-01
-3.111933737400000011e-01 -4.456752126560000193e-01
-3.040938911000000133e-01 -3.407060149930000170e-01
-2.220471893089999982e-01 -3.055374629839999745e-01
-2.595126058469999775e-01 -2.060669356460000101e-01
-3.872801114730000105e-01 -4.289814167459999883e-01
-4.589712841979999847e-01 -5.744132496029999979e-01
-4.808071206319999846e-01 -6.588186208620000484e-01
-1.274397506180000028e-01 -7.368567896809999906e-01
-1.750280910869999873e-01 -9.935922901110000316e-01
-3.227107641649999970e-01 -1.000000000000000000e+00
-4.394206364089999761e-01 -9.313498943889999548e-01
-4.030808591699999721e-02 -6.963227622159999797e-01
-3.929281290309999952e-01 -7.092630444290000113e-01
-4.192736052659999935e-01 -5.406043114420000517e-01
-3.331825319180000133e-01 -4.630336838629999785e-01
-1.105384321199999985e-02 -6.037092315619999594e-01
-3.714621184999999937e-01 -5.656777116500000258e-01
-3.568806687039999814e-01 -4.154617358820000272e-01
-2.620198037359999788e-01 -3.731584567540000008e-01
-2.149500533699999841e-02 -4.837544520879999976e-01
-3.192690049460000234e-01 -4.452089850350000044e-01
-3.108064066580000229e-01 -3.378854230459999997e-01
-2.290562157640000096e-01 -3.013222626240000257e-01
-2.563756156729999902e-01 -2.037785105930000062e-01
-3.831512440529999952e-01 -4.281426103859999888e-01
-4.546195182580000105e-01 -5.819284737309999844e-01
-4.810434600010000117e-01 -6.755706630429999526e-01
-1.330080545640000000e-01 -7.352367254639999850e-01
-1.836504415949999913e-01 -9.954097118069999972e-01
-3.298862111779999884e-01 -1.000000000000000000e+00
-4.423602327480000151e-01 -9.247102219320000316e-01
-4.762214273700000194e-02 -6.951963057750000230e-01
-3.987238499710000217e-01 -7.061089027789999584e-01
-4.270305096650000021e-01 -5.405401671009999465e-01
-3.428399310470000017e-01 -4.633070913660000123e-01
-1.864511137900000046e-02 -6.042929635079999917e-01
-3.757104193679999815e-01 -5.614693546769999877e-01
-3.612404676829999994e-01 -4.132452168699999873e-01
-2.663293001529999926e-01 -3.717263513169999922e-01
-2.700407829800000048e-02 -4.867429820699999965e-01
-3.229938467649999811e-01 -4.470747822059999987e-01
-3.176671554869999747e-01 -3.378224830079999963e-01
-2.384941189030000130e-01 -2.984155419819999877e-01
-2.529685418970000210e-01 -1.985544483489999901e-01
-3.837705301950000147e-01 -4.133601138390000096e-01
-4.659745263010000027e-01 -5.596935592339999932e-01
-5.061380733910000318e-01 -6.462070776339999822e-01
-1.341565290310000047e-01 -7.300022491919999634e-01
-1.878449152649999954e-01 -9.923972828189999706e-01
-3.331454089959999809e-01 -1.000000000000000000e+00
-4.429092373219999934e-01 -9.277695507219999582e-01
-4.912238210699999830e-02 -6.895019087220000120e-01
-3.939161029520000246e-01 -7.100969737340000476e-01
-4.217202883219999809e-01 -5.497365664190000389e-01
-3.356727642099999742e-01 -4.743918788590000268e-01
-2.177515304999999915e-02 -5.976852292169999581e-01
-3.716793107010000208e-01 -5.650876854580000330e-01
-3.585185193509999868e-01 -4.207195081060000064e-01
-2.631863248030000269e-01 -3.811681551000000168e-01
-3.270651458700000319e-02 -4.813375398790000204e-01
-3.239717230299999917e-01 -4.439456074950000053e-01
-3.183342738919999748e-01 -3.374428026080000254e-01
-2.378776510010000012e-01 -3.007696000330000174e-01
-2.549462586430000233e-01 -1.996754868260000038e-01
-3.855145055459999748e-01 -4.131907618960000139e-01
-4.716243166590000091e-01 -5.578503793939999511e-01
-5.149272506149999984e-01 -6.458276516869999595e-01
-1.399249592509999862e-01 -7.286212987929999718e-01
-1.976703100280000069e-01 -9.930098919559999793e-01
-3.413552563500000248e-01 -1.000000000000000000e+00
-4.510401106440000141e-01 -9.282481058370000149e-01
-5.861363722199999793e-02 -6.907696119199999707e-01
-4.107816036999999976e-01 -7.088690915090000155e-01
-4.375119010610000192e-01 -5.476927186269999748e-01
-3.536412663890000085e-01 -4.716700504029999741e-01
-3.234965569699999738e-02 -6.014903308210000077e-01
-3.878618904550000246e-01 -5.648108867629999530e-01
-3.717999940889999966e-01 -4.195730039610000017e-01
-2.779907342879999743e-01 -3.780276860299999764e-01
-4.379281809999999858e-02 -4.867986604219999847e-01
-3.368020834389999774e-01 -4.445014011919999897e-01
-3.281565354729999995e-01 -3.369218890110000086e-01
-2.482002977090000118e-01 -2.987242530249999972e-01
-2.566408053859999816e-01 -1.974830061510000068e-01
-3.912532617769999832e-01 -4.069049445069999882e-01
-4.798223194330000219e-01 -5.480482099460000089e-01
-5.209288631339999975e-01 -6.375236062069999932e-01
-1.378508640910000027e-01 -7.242499384189999834e-01
-1.852564494520000105e-01 -9.829808197930000047e-01
-3.285939813850000113e-01 -1.000000000000000000e+00
-4.442069158690000186e-01 -9.364541336410000527e-01
-5.713077795200000031e-02 -6.892937092619999540e-01
-4.102029362249999811e-01 -7.074210404030000232e-01
-4.396535601630000012e-01 -5.454108135209999597e-01
-3.577744041450000023e-01 -4.639131536150000179e-01
-3.235258458499999656e-02 -6.023727623240000550e-01
-3.909514750129999827e-01 -5.643669168939999814e-01
-3.748609017149999723e-01 -4.172338503840000157e-01
-2.805413107899999980e-01 -3.726635139310000011e-01
-4.598824042500000014e-02 -4.887110530329999980e-01
-3.417267835169999768e-01 -4.413803320329999780e-01
-3.331710029880000090e-01 -3.354575105739999730e-01
-2.521283525470000009e-01 -2.985025147929999956e-01
-2.589594280920000102e-01 -1.966657423519999892e-01
-3.911637542559999736e-01 -4.101954263040000215e-01
-4.774655342910000266e-01 -5.539937181670000488e-01
-5.156976927940000177e-01 -6.463694948249999461e-01
-1.350804407900000059e-01 -7.238650629199999686e-01
-1.817403123019999955e-01 -9.872694379690000188e-01
-3.258824559040000013e-01 -1.000000000000000000e+00
-4.358873132960000008e-01 -9.357006606150000128e-01
-5.362047129200000345e-02 -6.867409361159999559e-01
-4.123260999310000008e-01 -7.121821280989999448e-01
-4.467026646539999923e-01 -5.473084711540000535e-01
-3.615054773329999804e-01 -4.673672230590000254e-01
-2.812341334399999851e-02 -5.982439137509999449e-01
-3.933851047999999961e-01 -5.669485862580000424e-01
-3.845005448220000233e-01 -4.177910920319999888e-01
-2.894798375689999759e-01 -3.724993751930000263e-01
-4.177894544199999699e-02 -4.830098336029999828e-01
-3.422844037550000218e-01 -4.421859902899999972e-01
-3.407011604379999725e-01 -3.362342226899999731e-01
-2.611775969899999827e-01 -2.981465483569999964e-01
-2.582962052019999732e-01 -1.979729669680000137e-01
-3.874189138119999987e-01 -4.134415474759999820e-01
-4.696137145989999762e-01 -5.558733409789999858e-01
-5.134544654930000007e-01 -6.451665147489999974e-01
-1.360846124029999882e-01 -7.233388132629999800e-01
-1.872427829689999879e-01 -9.865757486539999954e-01
-3.322429435620000149e-01 -1.000000000000000000e+00
-4.425200188119999822e-01 -9.364858186550000241e-01
-5.640099519999999811e-02 -6.854020948069999841e-01
-4.168645634520000143e-01 -7.123772147619999995e-01
-4.476620198949999851e-01 -5.501324649340000317e-01
-3.612058252120000090e-01 -4.725185520740000089e-01
-3.402277549499999748e-02 -5.967226796979999692e-01
-4.007798212570000129e-01 -5.661861230019999969e-01
-3.886704613749999981e-01 -4.191037021480000235e-01
-2.918381877940000035e-01 -3.755262022959999779e-01
-4.969970899900000294e-02 -4.813780924059999911e-01
-3.528250556679999872e-01 -4.420251651630000000e-01
-3.495252475760000088e-01 -3.365471310359999801e-01
-2.687692515260000081e-01 -2.988744395510000151e-01
-2.521978859210000090e-01 -2.004824043300000025e-01
-3.748210766739999977e-01 -4.198716079209999785e-01
-4.454711733010000008e-01 -5.663614835300000427e-01
-4.827983475739999752e-01 -6.574800498630000156e-01
-1.305830990749999865e-01 -7.186250554880000418e-01
-1.747161788390000081e-01 -9.803971262320000379e-01
-3.152865949990000249e-01 -1.000000000000000000e+00
-4.250006396920000262e-01 -9.378992199790000539e-01
-5.205386775600000238e-02 -6.804312298719999985e-01
-4.058480953360000254e-01 -7.061021875090000011e-01
-4.396650408509999997e-01 -5.527946093309999975e-01
-3.597571227909999725e-01 -4.768697881919999881e-01
-3.255280535099999706e-02 -5.901586054980000329e-01
-3.944220507139999943e-01 -5.631862636419999735e-01
-3.840976608550000226e-01 -4.236437646449999761e-01
-2.908682853430000215e-01 -3.805279541850000169e-01
-5.077406069800000088e-02 -4.737155356750000212e-01
-3.515116454400000201e-01 -4.411088812369999834e-01
-3.498305031960000089e-01 -3.409616804410000035e-01
-2.720989701200000055e-01 -3.030029989670000035e-01
-2.376107311400000033e-01 -2.088072416679999932e-01
-3.537567542169999801e-01 -4.373951030670000240e-01
-4.170944791919999894e-01 -5.908496400739999821e-01
-4.540568242979999836e-01 -6.811861867089999967e-01
-1.205834230610000057e-01 -7.195952274600000420e-01
-1.628448356680000098e-01 -9.793600358749999790e-01
-3.030013461209999925e-01 -1.000000000000000000e+00
-4.119548858859999885e-01 -9.387048165739999561e-01
-4.741639953699999799e-02 -6.787252952569999831e-01
-3.989103848180000078e-01 -7.054847882950000537e-01
-4.344862712220000089e-01 -5.544317975029999790e-01
-3.562735179559999854e-01 -4.749498680570000131e-01
-3.479015450999999731e-02 -5.867194086029999811e-01
-3.942828172539999954e-01 -5.668186904409999727e-01
-3.858824976010000185e-01 -4.314835288800000224e-01
-2.939433244760000230e-01 -3.848552078260000231e-01
-5.794629572699999676e-02 -4.701532522140000059e-01
-3.603726336559999743e-01 -4.452889349290000132e-01
-3.605414942069999906e-01 -3.485680233349999768e-01
-2.846270841669999996e-01 -3.089152668969999960e-01
-2.213463594689999980e-01 -2.093163750890000008e-01
-3.300072790820000046e-01 -4.396999909070000156e-01
-3.848128056430000221e-01 -5.973097848230000118e-01
-4.141201560139999849e-01 -6.799619617900000135e-01
-1.051296385889999990e-01 -7.208264132980000127e-01
-1.501671127260000016e-01 -9.775438335010000479e-01
-2.900218442899999971e-01 -1.000000000000000000e+00
-4.000883829840000128e-01 -9.423298918110000200e-01
-3.555726980900000139e-02 -6.783395409679999766e-01
-3.832417091240000184e-01 -7.060205026260000238e-01
-4.117892907779999723e-01 -5.558750137260000113e-01
-3.311755760940000015e-01 -4.778707617919999984e-01
-2.839703663000000058e-02 -5.840644522410000095e-01
-3.871354063979999816e-01 -5.742100453870000454e-01
-3.748339150519999774e-01 -4.403485647939999748e-01
-2.822214895319999917e-01 -3.950238999619999913e-01
-5.914052831000000260e-02 -4.668024624109999854e-01
-3.633625344190000162e-01 -4.488263721640000092e-01
-3.583152847180000045e-01 -3.523587543350000240e-01
-2.802878828459999805e-01 -3.144743758729999783e-01
-2.102541120080000103e-01 -2.197358148159999913e-01
-3.093395034170000057e-01 -4.559963374000000069e-01
-3.642803683909999757e-01 -6.146649128850000254e-01
-3.925773514770000139e-01 -7.069639269499999878e-01
-9.368124482400000397e-02 -7.151824316249999480e-01
-1.400580182479999880e-01 -9.690340523439999743e-01
-2.808882308860000121e-01 -1.000000000000000000e+00
-3.932247694150000084e-01 -9.493993428779999855e-01
-4.128204628900000034e-02 -6.736208758099999638e-01
-3.828658956209999853e-01 -7.055994880429999894e-01
-4.114045863849999929e-01 -5.623811045490000327e-01
-3.343110446259999757e-01 -4.887393688430000105e-01
-4.471041005899999837e-02 -5.813306876239999754e-01
-3.935333483049999748e-01 -5.711728010500000119e-01
-3.781341035849999921e-01 -4.426265312379999983e-01
-2.877025568480000017e-01 -4.010209160730000000e-01
-8.152310580200000656e-02 -4.661271859639999904e-01
-3.714811651300000128e-01 -4.507254662619999963e-01
-3.645814756379999744e-01 -3.554978713520000055e-01
-2.909082656320000071e-01 -3.187647019190000264e-01
-2.087684208249999951e-01 -2.160984440269999862e-01
-3.092211319800000080e-01 -4.542844189420000012e-01
-3.650294714030000165e-01 -6.130844644330000204e-01
-3.958535997870000211e-01 -7.033494567479999793e-01
-9.512707151400000283e-02 -7.142602822000000407e-01
-1.394562950659999911e-01 -9.726190594720000027e-01
-2.826390233750000203e-01 -1.000000000000000000e+00
-3.946921978760000171e-01 -9.456405849529999630e-01
-4.264643884699999971e-02 -6.712807688420000529e-01
-3.943860245479999804e-01 -7.037097830230000239e-01
-4.236831192989999884e-01 -5.588638791240000403e-01
-3.444937952220000210e-01 -4.863954569300000252e-01
-4.784596312299999737e-02 -5.791564396589999886e-01
-4.054179871270000013e-01 -5.705523614590000125e-01
-3.917277856410000259e-01 -4.428818697760000256e-01
-3.011279659139999842e-01 -4.018698823190000047e-01
-8.598534359999999988e-02 -4.654245939269999743e-01
-3.828984947540000072e-01 -4.525302561180000183e-01
-3.786342248210000094e-01 -3.591822619910000070e-01
-3.066512392699999867e-01 -3.232815928450000209e-01
-2.030363486270000128e-01 -2.155633251530000016e-01
-3.030496582709999998e-01 -4.559758144750000186e-01
-3.596936378849999727e-01 -6.162261244400000226e-01
-3.932044525830000192e-01 -7.035457662209999574e-01
-9.008863103299999397e-02 -7.161867554230000321e-01
-1.393585311380000080e-01 -9.749944795889999849e-01
-2.825924200819999732e-01 -1.000000000000000000e+00
-3.920326439729999723e-01 -9.450410610110000498e-01
-4.016652336300000070e-02 -6.705432609510000308e-01
-3.979367601759999928e-01 -7.057085075919999895e-01
-4.236687701969999997e-01 -5.612539574610000415e-01
-3.396594154179999880e-01 -4.899945653259999978e-01
-4.965661467699999942e-02 -5.765595117820000448e-01
-4.121098865689999946e-01 -5.724668136680000075e-01
-3.973706861910000221e-01 -4.449400313619999991e-01
-3.049516892570000026e-01 -4.045183734330000114e-01
-9.207688891699999933e-02 -4.622969739750000251e-01
-3.922436385790000202e-01 -4.531825389129999770e-01
-3.877325906999999905e-01 -3.598778965539999875e-01
-3.158411945969999968e-01 -3.244669172519999978e-01
-2.002795705210000110e-01 -2.119844171680000111e-01
-3.039496643160000122e-01 -4.483639835600000123e-01
-3.658865507840000086e-01 -6.050392284860000025e-01
-4.052872510550000196e-01 -6.905098659260000549e-01
-8.918587264199999420e-02 -7.133870947539999730e-01
-1.364061037859999881e-01 -9.750877891329999825e-01
-2.803241459199999897e-01 -1.000000000000000000e+00
-3.889259268019999993e-01 -9.456218170779999710e-01
-4.169089595699999873e-02 -6.662952359349999520e-01
-3.962185141010000078e-01 -7.184152582589999891e-01
-4.265370231450000271e-01 -5.721818052760000439e-01
-3.441254235199999734e-01 -4.945390496370000166e-01
-5.267190269900000332e-02 -5.705629778299999844e-01
-4.121352906049999820e-01 -5.814062406490000390e-01
-4.019740666559999953e-01 -4.530487151400000023e-01
-3.106607486419999953e-01 -4.090752321209999987e-01
-9.609802876299999852e-02 -4.526822485709999788e-01
-3.931240312340000265e-01 -4.546625320289999772e-01
-3.936982967350000084e-01 -3.611100053860000214e-01
-3.253256282099999952e-01 -3.223576619069999927e-01
-1.826959977139999969e-01 -2.127156520550000096e-01
-2.830016899360000004e-01 -4.556283275710000247e-01
-3.414562861600000110e-01 -6.184447483220000263e-01
-3.856538143620000247e-01 -7.024298095109999807e-01
-7.763358820099999780e-02 -7.190112422540000381e-01
-1.294586335129999932e-01 -9.783857991190000325e-01
-2.744770997120000167e-01 -1.000000000000000000e+00
-3.819996419450000236e-01 -9.431962956480000049e-01
-3.435607592400000132e-02 -6.692287290430000146e-01
-3.918386985880000228e-01 -7.193208319889999869e-01
-4.159230293580000182e-01 -5.736594142509999772e-01
-3.277049735129999863e-01 -4.986184558050000271e-01
-5.052071427100000151e-02 -5.688949111459999930e-01
-4.109731870409999988e-01 -5.835217822639999774e-01
-3.974566466109999974e-01 -4.559568520360000043e-01
-3.033677189860000123e-01 -4.139883699299999886e-01
-9.886619209100000472e-02 -4.467679799079999903e-01
-3.998068565469999891e-01 -4.536065960299999755e-01
-3.955181173110000059e-01 -3.604926457229999937e-01
-3.235256963629999927e-01 -3.232542525050000060e-01
-1.875634775510000019e-01 -2.131901989860000013e-01
-2.874248414139999874e-01 -4.536863811090000032e-01
-3.445067539680000124e-01 -6.139126925660000067e-01
-3.857823820040000018e-01 -6.968221640049999666e-01
-7.420053321000000257e-02 -7.151322982690000440e-01
-1.200508199909999935e-01 -9.739649509960000007e-01
-2.620343240229999759e-01 -1.000000000000000000e+00
-3.704677091560000246e-01 -9.485080669440000278e-01
-2.787884424299999844e-02 -6.657067390990000222e-01
-3.812058029009999793e-01 -7.183333980310000477e-01
-4.079660842810000076e-01 -5.730094768300000307e-01
-3.240040965809999896e-01 -4.986805082419999979e-01
-4.264941563300000266e-02 -5.667677643749999827e-01
-4.021477650620000066e-01 -5.837038138450000302e-01
-3.896489772880000202e-01 -4.548706933739999902e-01
-2.973190749490000062e-01 -4.135463705440000082e-01
-9.118674060400000503e-02 -4.469049108629999933e-01
-3.913621195920000129e-01 -4.546953921140000077e-01
-3.871431843220000113e-01 -3.605621820859999938e-01
-3.154628924860000128e-01 -3.239727764550000000e-01
-1.903760306939999980e-01 -2.155378144679999941e-01
-2.877729579880000110e-01 -4.561159861260000170e-01
-3.408023946509999846e-01 -6.179571808699999558e-01
-3.807854479819999804e-01 -7.027234336640000301e-01
-7.313008718199999481e-02 -7.180193416769999892e-01
-1.132158614590000056e-01 -9.749859862059999660e-01
-2.536607314220000187e-01 -1.000000000000000000e+00
-3.599905392450000186e-01 -9.483823131819999475e-01
-2.644465221900000121e-02 -6.688479546379999530e-01
-3.774146825599999922e-01 -7.222038252939999570e-01
-4.071089022909999966e-01 -5.784084734079999457e-01
-3.244885156630000211e-01 -5.021491476570000279e-01
-4.140577958999999697e-02 -5.701307476189999557e-01
-4.006666616819999915e-01 -5.861162488729999565e-01
-3.910367788319999982e-01 -4.585919908259999955e-01
-2.997565499870000205e-01 -4.153075978949999914e-01
-9.007977497999999916e-02 -4.503562498229999878e-01
-3.906833382850000147e-01 -4.564948096309999759e-01
-3.907588011350000001e-01 -3.630103338139999969e-01
-3.217965500080000041e-01 -3.250475810419999889e-01
-1.888318263990000079e-01 -2.108090863310000118e-01
-2.852340828730000055e-01 -4.472962931980000167e-01
-3.387046067530000149e-01 -6.088270623829999950e-01
-3.814861653080000026e-01 -6.960468324299999843e-01
-7.086465072599999748e-02 -7.128810643480000264e-01
-1.093441968940000036e-01 -9.702270626010000010e-01
-2.471325233049999903e-01 -1.000000000000000000e+00
-3.520139632700000076e-01 -9.521793187379999912e-01
-2.513875151800000138e-02 -6.654746146640000415e-01
-3.716872180929999825e-01 -7.283365290879999510e-01
-4.057714398500000264e-01 -5.858139387390000064e-01
-3.265567297929999890e-01 -5.073680049469999620e-01
-4.020180912299999715e-02 -5.692884156220000547e-01
-3.942618025590000075e-01 -5.962336296169999938e-01
-3.901520639730000073e-01 -4.673811597549999974e-01
-3.021880758530000044e-01 -4.204552351049999914e-01
-8.904145040399999433e-02 -4.524684128770000147e-01
-3.852511779280000104e-01 -4.644877579910000054e-01
-3.875602860380000236e-01 -3.698883645559999933e-01
-3.199364056680000235e-01 -3.289012399749999815e-01
-2.045471981810000062e-01 -2.165401607180000021e-01
-3.040826141060000154e-01 -4.522563052060000199e-01
-3.578439063839999879e-01 -6.109496529290000533e-01
-3.886854260659999838e-01 -7.008199925320000023e-01
-7.968908912600000671e-02 -7.120933180909999605e-01
-1.110147100070000004e-01 -9.663574268669999912e-01
-2.488143484210000034e-01 -1.000000000000000000e+00
-3.578857287910000018e-01 -9.541510242659999586e-01
-2.905399901500000173e-02 -6.665849352960000473e-01
-3.740899526179999879e-01 -7.170592505970000419e-01
-4.111377717570000034e-01 -5.761281252679999465e-01
-3.362020406780000248e-01 -5.005923474290000508e-01
-3.862950795899999790e-02 -5.729099866989999512e-01
-3.925037480710000248e-01 -5.852962529859999652e-01
-3.868610032750000038e-01 -4.592048384970000008e-01
-3.000028792769999786e-01 -4.154734979879999845e-01
-8.212681610800000309e-02 -4.583670236060000125e-01
-3.768958807939999933e-01 -4.610051154540000251e-01
-3.785571141919999993e-01 -3.689038374379999818e-01
-3.109601677559999944e-01 -3.301762882800000076e-01
-2.067591229630000027e-01 -2.164467259939999999e-01
-3.003453841870000196e-01 -4.539849818580000140e-01
-3.468446728549999802e-01 -6.143404643790000286e-01
-3.734865860900000167e-01 -7.079170420200000535e-01
-7.444656721999999560e-02 -7.076636016299999721e-01
-1.044817542559999951e-01 -9.639305473300000537e-01
-2.413624948049999941e-01 -1.000000000000000000e+00
-3.511915055609999836e-01 -9.580481129760000103e-01
-2.165769975999999944e-02 -6.635591499309999586e-01
-3.649759952189999823e-01 -7.170850203090000097e-01
-3.985329919230000129e-01 -5.730910025719999634e-01
-3.222178585189999778e-01 -4.970827291370000234e-01
-2.834576714600000116e-02 -5.722704559079999642e-01
-3.820153565189999822e-01 -5.879534760460000120e-01
-3.744080795440000164e-01 -4.571594614869999851e-01
-2.864927440269999792e-01 -4.107005972119999737e-01
-7.055257907199999345e-02 -4.597966392669999847e-01
-3.669431329739999970e-01 -4.642118051829999814e-01
-3.661740189270000223e-01 -3.702093325809999724e-01
-2.954119638480000032e-01 -3.306901718299999904e-01
-2.073118881640000077e-01 -2.159940575129999929e-01
-3.025948236630000010e-01 -4.495815397879999731e-01
-3.524795747630000142e-01 -6.073320466380000004e-01
-3.793579063199999934e-01 -6.996680314659999844e-01
-7.583592120800000669e-02 -7.084543620959999899e-01
-1.011381516390000013e-01 -9.632258425580000338e-01
-2.398398175969999879e-01 -1.000000000000000000e+00
-3.497056991190000130e-01 -9.577000006600000503e-01
-2.187134805299999901e-02 -6.637089446420000316e-01
-3.619812836960000224e-01 -7.232291069659999572e-01
-4.032984543149999990e-01 -5.774554285970000533e-01
-3.271815612030000153e-01 -4.983574831659999815e-01
-2.744760905300000151e-02 -5.713928982770000164e-01
-3.762393473599999760e-01 -5.938011180940000466e-01
-3.758629458469999740e-01 -4.613426203489999766e-01
-2.876730612760000083e-01 -4.123403410379999912e-01
-6.755426287099999816e-02 -4.572068330899999866e-01
-3.622910403240000021e-01 -4.648579776399999752e-01
-3.664651919349999898e-01 -3.699903580339999887e-01
-2.955824432990000195e-01 -3.288069813769999850e-01
