-2.246876616340000021e-01 -2.356448868269999941e-01
-3.396133392540000018e-01 -4.756500630589999834e-01
-3.951348150569999884e-01 -6.385814285409999735e-01
-4.391964254660000178e-01 -7.301704536990000216e-01
-1.077406985340000067e-01 -7.561353016890000056e-01
-1.120852163609999952e-01 -9.913611573939999921e-01
-2.557752562699999732e-01 -1.000000000000000000e+00
-3.616306991880000044e-01 -9.318437747879999566e-01
-3.934291188599999683e-02 -6.998787323339999977e-01
-4.315691324659999828e-01 -7.556621543389999696e-01
-5.082505463469999540e-01 -5.910575623970000247e-01
-4.418581947429999768e-01 -4.839061294579999895e-01
-3.724119135699999888e-02 -5.959118176359999852e-01
-4.335268584849999995e-01 -6.146771964030000035e-01
-4.447932854709999995e-01 -4.633973209919999836e-01
-3.491236009920000161e-01 -3.905933102170000004e-01
-7.066976136600000569e-02 -4.699966619450000049e-01
-3.997763905619999836e-01 -4.722975775089999773e-01
-4.048593336870000003e-01 -3.702570822469999912e-01
-3.199403455820000186e-01 -3.169680339279999925e-01
-2.181102800630000116e-01 -2.296239179050000023e-01
-3.361889502259999829e-01 -4.662802104050000063e-01
-4.006502743149999990e-01 -6.268639430419999936e-01
-4.559773784160000010e-01 -7.137667974910000268e-01
-1.187634724579999940e-01 -7.568038179839999824e-01
-1.187954135990000049e-01 -9.909175364910000061e-01
-2.589639461020000200e-01 -1.000000000000000000e+00
-3.619036194599999923e-01 -9.334062695489999673e-01
-4.732494125199999957e-02 -6.978255654060000479e-01
-4.292219011810000096e-01 -7.506703499139999458e-01
-5.001957479319999456e-01 -5.872194266489999537e-01
-4.277521354819999733e-01 -4.820884727020000038e-01
-4.069948102300000037e-02 -5.913324992359999532e-01
-4.293547132350000184e-01 -6.184491085350000139e-01
-4.418141243250000016e-01 -4.664904304340000141e-01
-3.454636323690000177e-01 -3.917907481419999893e-01
-6.782918224700000553e-02 -4.650817078050000219e-01
-3.948058341399999782e-01 -4.778049290620000056e-01
-4.033125881540000068e-01 -3.743355059619999925e-01
-3.209202960479999867e-01 -3.172521911619999857e-01
-2.214369768849999975e-01 -2.315940503339999901e-01
-3.326580943710000238e-01 -4.713458563949999847e-01
-3.888353577979999920e-01 -6.343223477520000264e-01
-4.345540570990000240e-01 -7.278005259449999986e-01
-1.018592128829999971e-01 -7.547037780159999709e-01
-1.073026061649999946e-01 -9.917488515619999889e-01
-2.464197735610000051e-01 -1.000000000000000000e+00
-3.477831789929999862e-01 -9.365564208790000400e-01
-3.451401869500000247e-02 -6.970108003730000057e-01
-4.163122544389999957e-01 -7.492369034760000268e-01
-4.812605859119999940e-01 -5.853254203659999932e-01
-4.066415249620000116e-01 -4.856781774710000055e-01
-3.126575829500000125e-02 -5.922596665149999495e-01
-4.207069364920000276e-01 -6.131162285010000046e-01
-4.293379450450000023e-01 -4.628418556200000200e-01
-3.330508287610000062e-01 -3.922793150639999893e-01
-6.336911336799999628e-02 -4.669471129319999747e-01
-3.889318852870000121e-01 -4.721595973189999795e-01
-3.939609359010000089e-01 -3.687017661990000250e-01
-3.108333395930000242e-01 -3.153212369169999807e-01
-2.035346181769999985e-01 -2.334501051300000019e-01
-3.158384875749999932e-01 -4.687508996820000107e-01
-3.835835136629999753e-01 -6.245200714549999921e-01
-4.458838826600000083e-01 -7.095585719310000261e-01
-1.098269228799999969e-01 -7.517135248409999582e-01
-1.113359495879999994e-01 -9.902148262819999713e-01
-2.518588701339999902e-01 -1.000000000000000000e+00
-3.544741808079999723e-01 -9.289687465339999672e-01
-5.036848600999999787e-02 -6.933101441610000082e-01
-4.300502720480000041e-01 -7.533862247820000135e-01
-4.969802947099999924e-01 -5.928879722300000044e-01
-4.232642141840000094e-01 -4.886647190280000164e-01
-5.257869412200000259e-02 -5.868749129820000077e-01
-4.366333853280000010e-01 -6.044665507209999733e-01
-4.396504948150000147e-01 -4.575924872750000150e-01
-3.371697725839999937e-01 -3.896163167450000242e-01
-8.479890000900000557e-02 -4.576320142720000095e-01
-4.037408665100000182e-01 -4.597611625420000014e-01
-4.017100047750000180e-01 -3.601603262220000046e-01
-3.117976878479999936e-01 -3.110624856940000238e-01
-2.079722654839999962e-01 -2.345244253079999952e-01
-3.181330444300000115e-01 -4.686162467900000239e-01
-3.845656763770000097e-01 -6.222087915959999549e-01
-4.424135022610000134e-01 -7.097342724840000061e-01
-9.626473523799999876e-02 -7.391323248509999999e-01
-1.040455810570000000e-01 -9.880750003860000463e-01
-2.492940072560000109e-01 -1.000000000000000000e+00
-3.542623669659999974e-01 -9.360035561039999896e-01
-4.016257784499999844e-02 -6.823497580230000192e-01
-4.274742970609999859e-01 -7.538335216810000405e-01
-5.023711957890000246e-01 -5.953453494410000379e-01
-4.348767074209999861e-01 -4.967763271019999816e-01
-4.697558944599999897e-02 -5.785842098200000283e-01
-4.397021897530000167e-01 -6.064048480729999913e-01
-4.499991072980000228e-01 -4.633962544860000254e-01
-3.540151089069999979e-01 -3.979854295699999933e-01
-8.647140750199999726e-02 -4.526767845740000129e-01
-4.112315311049999922e-01 -4.614967634789999829e-01
-4.128928768540000016e-01 -3.617926694240000129e-01
-3.271964876530000232e-01 -3.122604113119999969e-01
-1.741466904160000051e-01 -2.447660758549999871e-01
-2.722366930749999803e-01 -4.838096041969999761e-01
-3.358933293790000163e-01 -6.426441015280000002e-01
-3.986799658749999864e-01 -7.314896489179999461e-01
-9.730692424200000634e-02 -7.460169363499999928e-01
-1.092121682169999997e-01 -9.954838404310000222e-01
-2.544189084039999993e-01 -1.000000000000000000e+00
-3.550749782459999837e-01 -9.256891079269999878e-01
-4.846331175600000069e-02 -6.881814003830000193e-01
-4.367864289780000187e-01 -7.458071579410000540e-01
-4.996928378050000119e-01 -5.872100243779999618e-01
-4.225511258979999796e-01 -4.938628174169999996e-01
-5.964206266699999953e-02 -5.824540254319999777e-01
-4.517337644189999835e-01 -5.916357063249999548e-01
-4.533906150009999747e-01 -4.509824366729999756e-01
-3.527705397320000102e-01 -3.928462910159999932e-01
-9.817173705800000261e-02 -4.519506356449999873e-01
-4.211696573700000057e-01 -4.526105623280000101e-01
-4.184636986190000130e-01 -3.544468808239999991e-01
-3.316353601320000122e-01 -3.081730292870000221e-01
-1.814227336860000095e-01 -2.448486704289999927e-01
-2.839257101589999777e-01 -4.788703818789999955e-01
-3.518827810130000233e-01 -6.300004708190000136e-01
-4.232493956550000269e-01 -7.138620274829999834e-01
-9.876984734099999996e-02 -7.437089009330000167e-01
-1.104481159980000016e-01 -9.954073424049999508e-01
-2.630903050069999805e-01 -1.000000000000000000e+00
-3.688545740220000035e-01 -9.246039689930000138e-01
-5.267654744800000233e-02 -6.837608413129999674e-01
-4.513559998839999921e-01 -7.604569081419999543e-01
-5.358324391490000282e-01 -5.987019249449999636e-01
-4.695589670299999963e-01 -4.957292252869999749e-01
-6.716266648600000000e-02 -5.771350087050000077e-01
-4.680939880009999943e-01 -6.056698116830000478e-01
-4.808285663399999854e-01 -4.614899977959999733e-01
-3.796766017309999852e-01 -3.950230319740000162e-01
-1.089304584650000046e-01 -4.475660828549999914e-01
-4.390500508019999915e-01 -4.554837090159999935e-01
-4.398838270689999774e-01 -3.556201760859999950e-01
-3.481055052600000033e-01 -3.071388492270000214e-01
-1.622395223470000092e-01 -2.561716353169999905e-01
-2.614940740039999878e-01 -4.957061574130000037e-01
-3.293951186280000276e-01 -6.504929580280000012e-01
-4.014880623109999824e-01 -7.337572719910000485e-01
-9.233515430199999707e-02 -7.481856283590000434e-01
-1.066837449479999950e-01 -9.904028037759999847e-01
-2.578306057179999833e-01 -1.000000000000000000e+00
-3.675159689990000200e-01 -9.291165982619999930e-01
-5.176852054299999756e-02 -6.824483781700000362e-01
-4.398734021119999893e-01 -7.551078052799999885e-01
-5.289872349009999697e-01 -6.017667705910000331e-01
-4.759484134429999846e-01 -5.018188933299999599e-01
-6.918747485199999714e-02 -5.713300506259999523e-01
-4.565471977780000135e-01 -6.014369809309999537e-01
-4.756214424979999800e-01 -4.622811297130000052e-01
-3.883649863290000170e-01 -3.940859600039999799e-01
-1.125880916959999950e-01 -4.389318338400000075e-01
-4.313682426489999777e-01 -4.538942779849999831e-01
-4.356739864779999860e-01 -3.555858358630000216e-01
-3.549635262190000140e-01 -3.024269841230000089e-01
-1.437892605090000109e-01 -2.611227829009999946e-01
-2.404392799339999942e-01 -4.990190249320000104e-01
-3.137301746960000082e-01 -6.513824946830000240e-01
-3.939178565990000269e-01 -7.293587549340000420e-01
-8.771262542999999634e-02 -7.371634647660000317e-01
-9.846253355600000090e-02 -9.840785988710000209e-01
-2.486256139739999871e-01 -1.000000000000000000e+00
-3.588201084820000220e-01 -9.329568470910000189e-01
-5.372641782800000043e-02 -6.732427131139999688e-01
-4.413943770600000094e-01 -7.480339641819999663e-01
-5.252152389919999553e-01 -5.971165317490000346e-01
-4.674729783609999911e-01 -4.993931440270000244e-01
-7.582930810400000110e-02 -5.637459785430000148e-01
-4.619166082819999852e-01 -5.932496546569999696e-01
-4.768594250050000038e-01 -4.600473844999999895e-01
-3.886518932340000121e-01 -3.962925291519999726e-01
-1.214648616300000039e-01 -4.314897053169999830e-01
-4.371440141790000067e-01 -4.460134506510000096e-01
-4.408353539329999959e-01 -3.520808699219999949e-01
-3.624941257309999831e-01 -3.023940447580000246e-01
-1.549179955470000036e-01 -2.606307239840000012e-01
-2.479016355910000080e-01 -5.003040071219999607e-01
-3.161819106820000225e-01 -6.523626099710000403e-01
-3.912004109619999781e-01 -7.348056324859999489e-01
-7.961869956000000581e-02 -7.400193739529999926e-01
-9.208696416599999879e-02 -9.852788511200000210e-01
-2.416683354509999992e-01 -1.000000000000000000e+00
-3.494667823850000077e-01 -9.326527782160000113e-01
-3.946095070300000007e-02 -6.734934974449999778e-01
-4.245341821720000075e-01 -7.375867225709999975e-01
-4.990613097769999729e-01 -5.853478969059999759e-01
-4.332476462600000078e-01 -4.946804846210000051e-01
-5.667484504999999867e-02 -5.606837625130000058e-01
-4.417201792309999875e-01 -5.843609511130000156e-01
-4.525322801630000114e-01 -4.500465684580000070e-01
-3.627549260749999838e-01 -3.909603516340000029e-01
-9.995693158099999698e-02 -4.253829095869999799e-01
-4.166061218259999865e-01 -4.407681843010000100e-01
-4.202391094730000276e-01 -3.459346053899999829e-01
-3.428893628649999914e-01 -2.975444225169999735e-01
-1.438479440600000103e-01 -2.564264592789999853e-01
-2.376082197150000130e-01 -4.946600889789999900e-01
-3.019986081209999895e-01 -6.450630829540000555e-01
-3.788603257900000076e-01 -7.185684799549999502e-01
-8.437702465299999621e-02 -7.451014044310000362e-01
-9.032577378200000451e-02 -9.870643013440000280e-01
-2.389273887710000044e-01 -1.000000000000000000e+00
-3.485958742999999971e-01 -9.308591123170000259e-01
-3.651347670300000153e-02 -6.742390237280000420e-01
-4.272866039680000005e-01 -7.328832522299999486e-01
-5.031280807139999478e-01 -5.781567821759999726e-01
-4.356147258820000090e-01 -4.838546695470000159e-01
-5.034306562500000248e-02 -5.566083851959999773e-01
-4.405872407479999864e-01 -5.772187266660000482e-01
-4.457080303120000142e-01 -4.396592552310000235e-01
-3.452126738869999989e-01 -3.806312172790000115e-01
-8.961611680900000154e-02 -4.181370243740000214e-01
-4.142127402540000114e-01 -4.282061053180000187e-01
-4.157666907950000046e-01 -3.341127269879999862e-01
-3.303471443680000008e-01 -2.904255301429999880e-01
-1.611025706389999923e-01 -2.557467188520000101e-01
-2.585803547330000063e-01 -4.909847909939999977e-01
-3.202895781860000124e-01 -6.371877445450000454e-01
-3.896865275520000060e-01 -7.118909787580000037e-01
-8.527855969599999753e-02 -7.424743721769999638e-01
-8.395275249299999354e-02 -9.797508995100000506e-01
-2.291524191290000012e-01 -1.000000000000000000e+00
-3.407824518049999973e-01 -9.365948931859999771e-01
-3.215092324800000040e-02 -6.708073792040000205e-01
-4.211066834730000097e-01 -7.305269060350000343e-01
-5.047174753430000438e-01 -5.815393314850000328e-01
-4.456633363759999744e-01 -4.861695816330000031e-01
-4.218134756999999957e-02 -5.526170811930000148e-01
-4.327330291889999736e-01 -5.733183173500000507e-01
-4.405997008240000179e-01 -4.371781623909999914e-01
-3.425590539619999819e-01 -3.764510899110000142e-01
-7.928249784299999658e-02 -4.136598915320000014e-01
-4.040279743660000200e-01 -4.241983671299999759e-01
-4.074552305440000133e-01 -3.319410425500000095e-01
-3.225141361400000184e-01 -2.882260772970000051e-01
-1.521877618930000120e-01 -2.527975405960000144e-01
-2.455405232210000066e-01 -4.864324738909999724e-01
-3.062093438199999795e-01 -6.368819786989999843e-01
-3.788327127039999853e-01 -7.124183698820000243e-01
-7.727237295899999636e-02 -7.342083698310000184e-01
-7.196643245500000674e-02 -9.769527352950000409e-01
-2.156293987250000044e-01 -1.000000000000000000e+00
-3.268687509200000063e-01 -9.331341222450000306e-01
-2.355548227500000105e-02 -6.642342836319999888e-01
-4.067216373309999744e-01 -7.245881701780000350e-01
-4.878115853289999859e-01 -5.816633060760000307e-01
-4.302906929970000127e-01 -4.854563666280000134e-01
-3.327669777100000087e-02 -5.482120372359999827e-01
-4.188549934640000139e-01 -5.684767960330000536e-01
-4.244078441490000131e-01 -4.356904311240000216e-01
-3.303127046429999991e-01 -3.740937554909999907e-01
-7.051839486699999771e-02 -4.122946911839999728e-01
-3.917397521189999732e-01 -4.240296329880000048e-01
-3.964368515050000208e-01 -3.320191074109999918e-01
-3.173756154660000162e-01 -2.851248855919999992e-01
-1.489416714300000055e-01 -2.463194489459999970e-01
-2.425046500620000045e-01 -4.796517609350000044e-01
-3.060737371180000110e-01 -6.308898067889999739e-01
-3.784190771370000150e-01 -7.041491123140000141e-01
-8.029611123200000589e-02 -7.334904042759999854e-01
-8.019727654699999875e-02 -9.767977326160000029e-01
-2.227507547139999933e-01 -1.000000000000000000e+00
-3.331398279039999855e-01 -9.337979270639999996e-01
-2.737917204299999963e-02 -6.630286781649999961e-01
-3.940709402059999755e-01 -7.193235559270000357e-01
-4.603132776700000206e-01 -5.759991986379999762e-01
-3.918879349800000189e-01 -4.829612694520000193e-01
-3.684813202099999907e-02 -5.457522494119999568e-01
-4.084844628020000146e-01 -5.727983454230000104e-01
-4.130432716010000171e-01 -4.407280612339999903e-01
-3.198761031010000089e-01 -3.798188685469999770e-01
-7.301981996799999930e-02 -4.103418163820000131e-01
-3.871895162949999802e-01 -4.301955677589999749e-01
-3.933096460059999910e-01 -3.374391760109999860e-01
-3.180214207290000261e-01 -2.886815822189999770e-01
-1.542499682329999955e-01 -2.431021212850000002e-01
-2.535185367550000235e-01 -4.795389293419999865e-01
-3.260150588160000140e-01 -6.326931184490000026e-01
-3.971442031149999830e-01 -7.035407449630000087e-01
-8.154088727599999309e-02 -7.358331059449999545e-01
-8.785524865799999861e-02 -9.820507316469999637e-01
-2.286521552449999883e-01 -1.000000000000000000e+00
-3.341366459890000029e-01 -9.301452983400000374e-01
-2.810394494299999976e-02 -6.659809583179999715e-01
-4.017549255319999846e-01 -7.148355695770000073e-01
-4.517186206459999909e-01 -5.648862760409999462e-01
-3.700114242490000205e-01 -4.746380371059999992e-01
-3.784316550899999992e-02 -5.467038185410000306e-01
-4.176591460490000074e-01 -5.639172878210000350e-01
-4.117071801630000083e-01 -4.330714479430000097e-01
-3.133130016469999890e-01 -3.807516673379999772e-01
-7.510559540300000558e-02 -4.083321345220000120e-01
-3.950140208490000027e-01 -4.204699681960000213e-01
-3.936917841350000002e-01 -3.290338069620000194e-01
-3.156597817460000122e-01 -2.872984140409999831e-01
-1.571826764370000129e-01 -2.532625257989999934e-01
-2.494764044389999880e-01 -4.901813796219999797e-01
-3.137179102900000127e-01 -6.406703110120000044e-01
-3.858842866509999969e-01 -7.135146314339999574e-01
-7.303168101199999929e-02 -7.379128790390000470e-01
-7.409980374699999539e-02 -9.819320986320000388e-01
-2.184952528559999940e-01 -1.000000000000000000e+00
-3.297562130560000027e-01 -9.253072191860000073e-01
-2.071769010400000000e-02 -6.647398160999999916e-01
-3.979278214149999937e-01 -7.069937149630000084e-01
-4.522825954560000250e-01 -5.605521267480000347e-01
-3.750858580149999955e-01 -4.690437970099999854e-01
-3.137591827899999936e-02 -5.417064672539999570e-01
-4.144435933960000096e-01 -5.490578942449999555e-01
-4.065134456769999849e-01 -4.212036973700000186e-01
-3.082465478690000205e-01 -3.694288481279999758e-01
-6.843200315000000367e-02 -3.988747258850000033e-01
-3.901231452339999906e-01 -4.084278121009999873e-01
-3.911301468680000171e-01 -3.174316472529999933e-01
-3.157719258259999995e-01 -2.742792445860000039e-01
-1.305722048440000060e-01 -2.497982790749999904e-01
-2.178720958439999966e-01 -4.786022237879999919e-01
-2.835067813330000019e-01 -6.254899622389999969e-01
-3.597222892849999965e-01 -6.933050759209999914e-01
-6.938486219499999386e-02 -7.309163278470000025e-01
-6.606610939099999413e-02 -9.722883442830000389e-01
-2.072462073459999943e-01 -1.000000000000000000e+00
-3.181100499389999947e-01 -9.348677891679999519e-01
-2.256357869299999847e-02 -6.597047399040000260e-01
-3.920402988089999874e-01 -7.093604326800000415e-01
-4.494948396089999965e-01 -5.637973913279999971e-01
-3.735071439559999873e-01 -4.707425831559999829e-01
-3.841255085200000197e-02 -5.409490278709999656e-01
-4.145678091600000226e-01 -5.589757521849999522e-01
-4.122685105730000132e-01 -4.293609097130000052e-01
-3.157005296029999908e-01 -3.725872461179999817e-01
-8.029906472499999393e-02 -4.027307224900000260e-01
-3.981452340239999832e-01 -4.164119097660000102e-01
-4.007974593929999885e-01 -3.247639996069999757e-01
-3.248404800040000096e-01 -2.797661840680000234e-01
-1.349841455580000071e-01 -2.606892138310000218e-01
-2.213667579970000077e-01 -4.984029989839999786e-01
-2.893650740470000149e-01 -6.474271654650000096e-01
-3.701569863890000200e-01 -7.200980952369999688e-01
-7.171253071199999718e-02 -7.347051008430000030e-01
-6.841599593300000393e-02 -9.768049333389999811e-01
-2.102808475019999901e-01 -1.000000000000000000e+00
-3.212983237120000113e-01 -9.290253548500000402e-01
-2.746577925799999903e-02 -6.623297455429999481e-01
-4.058086531960000132e-01 -7.077241827900000448e-01
-4.633468392499999755e-01 -5.661709179230000055e-01
-3.897845166369999781e-01 -4.759803132459999864e-01
-4.280335499599999954e-02 -5.417104960109999645e-01
-4.261128606530000251e-01 -5.495852443430000456e-01
-4.195858634310000168e-01 -4.254928780209999983e-01
-3.232769916870000260e-01 -3.730861932280000182e-01
-8.138835329999999368e-02 -3.999337408879999889e-01
-4.003742231199999835e-01 -4.134046758900000174e-01
-4.066838587039999786e-01 -3.253527836590000000e-01
-3.367031391399999962e-01 -2.804184596759999870e-01
-1.404442892549999933e-01 -2.608175985330000168e-01
-2.250701894769999989e-01 -4.943930862900000056e-01
-2.869010227980000050e-01 -6.414031105869999472e-01
-3.626128933700000223e-01 -7.170949616630000190e-01
-7.020123278999999827e-02 -7.294776599300000219e-01
-6.721506893799999993e-02 -9.724620196990000354e-01
-2.072705299250000022e-01 -1.000000000000000000e+00
-3.162523969559999926e-01 -9.335040810089999530e-01
-2.862640459000000137e-02 -6.588352028870000376e-01
-4.005491394240000003e-01 -7.111246126310000193e-01
-4.594419953539999879e-01 -5.718575938779999479e-01
-3.880122793999999931e-01 -4.829049219439999763e-01
-4.616790576100000126e-02 -5.407646399840000395e-01
-4.227004786640000122e-01 -5.527435147600000542e-01
-4.164651040980000274e-01 -4.286711768729999927e-01
-3.218978171569999991e-01 -3.763826982669999932e-01
-8.759724343999999996e-02 -4.020280214740000191e-01
-4.006347266479999836e-01 -4.156642078769999804e-01
-4.035899301159999730e-01 -3.266514774559999834e-01
-3.320005237659999775e-01 -2.816357790289999996e-01
-1.284852974219999888e-01 -2.644041417970000030e-01
-2.116621693450000119e-01 -4.990427538000000163e-01
-2.773033566740000233e-01 -6.478101746959999963e-01
-3.599605129969999928e-01 -7.236943826680000136e-01
-6.135544377800000032e-02 -7.296964897150000073e-01
-5.723779306199999750e-02 -9.703385536640000142e-01
-1.968881658140000102e-01 -1.000000000000000000e+00
-3.058685352259999934e-01 -9.354938096360000399e-01
-1.959217099800000111e-02 -6.574459638749999835e-01
-3.995024031100000150e-01 -7.186385579740000029e-01
-4.679381727890000175e-01 -5.814652740460000135e-01
-4.029409774880000072e-01 -4.913734402759999953e-01
-3.790875439900000254e-02 -5.395171849100000028e-01
-4.221961831659999942e-01 -5.602604331820000283e-01
-4.194022245360000123e-01 -4.348608009480000036e-01
-3.235541467779999847e-01 -3.787716292589999867e-01
-8.053899949600000496e-02 -4.010274791439999986e-01
-3.973388705729999915e-01 -4.212685539730000039e-01
-4.023619304189999801e-01 -3.342967680160000010e-01
-3.284969804980000241e-01 -2.885628477839999873e-01
-1.276251842839999928e-01 -2.587485197350000155e-01
-2.072272279260000127e-01 -4.942749436760000004e-01
-2.679216142499999953e-01 -6.449385542309999941e-01
-3.429690752199999748e-01 -7.200621798999999879e-01
-5.997094852399999926e-02 -7.270416413079999751e-01
-6.193667296500000169e-02 -9.733515465119999543e-01
-2.000074466950000074e-01 -1.000000000000000000e+00
-3.063745813870000223e-01 -9.351708442699999679e-01
-2.052376178599999920e-02 -6.569767918369999737e-01
-3.975830870420000163e-01 -7.126476254529999776e-01
-4.429823215939999725e-01 -5.676719548349999922e-01
-3.593112915850000255e-01 -4.817825279469999944e-01
-4.196868126299999752e-02 -5.405768752970000479e-01
-4.258984800080000133e-01 -5.572008015270000225e-01
-4.147223495210000110e-01 -4.308844870129999727e-01
-3.158745811140000193e-01 -3.820002149710000072e-01
-8.857858912900000437e-02 -4.038166886049999738e-01
-4.068597639870000227e-01 -4.202485931480000048e-01
-4.060730995340000038e-01 -3.287658321290000130e-01
-3.318638990880000139e-01 -2.853681114270000263e-01
-1.118968422219999981e-01 -2.502515908840000081e-01
-1.889072697449999949e-01 -4.844975034349999765e-01
-2.530370364160000052e-01 -6.361326926910000346e-01
-3.329032554779999820e-01 -7.126926493980000332e-01
-4.548997800500000077e-02 -7.200779314130000275e-01
-4.783357602899999950e-02 -9.655600163699999960e-01
-1.835145160599999936e-01 -1.000000000000000000e+00
-2.902779253839999907e-01 -9.470407598210000000e-01
-1.044539161000000022e-02 -6.512852460300000423e-01
-3.779353435119999771e-01 -7.185147234850000064e-01
-4.241871248860000221e-01 -5.752566716450000506e-01
-3.418530078409999784e-01 -4.906634028610000198e-01
-3.649306934499999683e-02 -5.379847465310000354e-01
-4.118554814109999795e-01 -5.747121212970000004e-01
-4.067023935819999991e-01 -4.451823200710000039e-01
-3.101964498690000238e-01 -3.905372228649999777e-01
-8.892162638999999424e-02 -4.064881315289999852e-01
-4.015320591339999745e-01 -4.368907748299999949e-01
-4.015461205670000089e-01 -3.452929314959999885e-01
-3.267476107989999989e-01 -2.995687646010000149e-01
-1.251868889649999927e-01 -2.518073033059999855e-01
-2.042687873460000136e-01 -4.883964841239999966e-01
-2.653672381680000081e-01 -6.442040622669999994e-01
-3.392721848260000228e-01 -7.262338213369999851e-01
-4.323148605399999844e-02 -7.339450608130000386e-01
-4.416814936300000188e-02 -9.768217741279999755e-01
-1.830834797139999914e-01 -1.000000000000000000e+00
-2.901148728890000084e-01 -9.338199087109999574e-01
-4.255557105000000104e-03 -6.645730065530000008e-01
-3.805270838429999913e-01 -7.277319631809999745e-01
-4.333247978209999740e-01 -5.790567325890000339e-01
-3.537942045799999935e-01 -4.890169911009999981e-01
-2.785843358399999956e-02 -5.498173482939999746e-01
-4.075459755809999751e-01 -5.818419305699999988e-01
-4.063650132289999828e-01 -4.519734565629999756e-01
-3.114770297309999991e-01 -3.969015734979999821e-01
-7.806047023100000370e-02 -4.154458306029999992e-01
-3.902958973780000229e-01 -4.448482514539999766e-01
-3.959155624119999883e-01 -3.547627038949999756e-01
-3.253559542910000046e-01 -3.089888628679999805e-01
-1.255543618920000049e-01 -2.476306428370000090e-01
-2.048787976910000086e-01 -4.854124704980000149e-01
-2.653294258059999966e-01 -6.404190577280000074e-01
-3.330262799509999816e-01 -7.246929368760000045e-01
-3.776109766099999820e-02 -7.282644781710000403e-01
-3.321094060799999886e-02 -9.698398373709999909e-01
-1.682025180720000124e-01 -1.000000000000000000e+00
-2.768256135509999938e-01 -9.454008624769999480e-01
-1.908173113999999965e-03 -6.607802039410000106e-01
-3.662675362360000020e-01 -7.298568110319999525e-01
-4.138746824739999997e-01 -5.853174320209999504e-01
-3.337491802490000214e-01 -4.994572402840000147e-01
-2.738846032600000119e-02 -5.501337903290000053e-01
-3.961326080950000050e-01 -5.928880124099999982e-01
-3.923086244980000248e-01 -4.643057456779999814e-01
-2.969452474720000179e-01 -4.105675071279999977e-01
-7.954272425699999982e-02 -4.217663830319999807e-01
-3.856874157599999853e-01 -4.577047214130000041e-01
-3.849754259879999974e-01 -3.679098432039999977e-01
-3.101620252119999810e-01 -3.234811670680000084e-01
-1.178506649030000020e-01 -2.490621618970000062e-01
-1.959778010419999938e-01 -4.866586602949999896e-01
-2.591101758709999925e-01 -6.422603074049999528e-01
-3.307871762619999934e-01 -7.220596476449999690e-01
-3.330399714599999866e-02 -7.347355545899999507e-01
-3.773702104400000062e-02 -9.767427153640000359e-01
-1.789202583189999918e-01 -1.000000000000000000e+00
-2.871867826599999729e-01 -9.384211593950000374e-01
2.702549693000000103e-03 -6.676880794809999520e-01
-3.609967646580000133e-01 -7.442450581480000160e-01
-4.116145746720000220e-01 -5.931125209909999807e-01
-3.303608481220000059e-01 -5.031943552890000282e-01
-2.324707011299999987e-02 -5.566800403949999643e-01
-3.907119543890000268e-01 -6.019776222689999789e-01
-3.885174490170000272e-01 -4.690472459330000121e-01
-2.907949148480000190e-01 -4.144102382170000154e-01
-7.538278183700000690e-02 -4.273435984549999733e-01
-3.836823121010000115e-01 -4.583359584460000025e-01
-3.793233533500000032e-01 -3.644427659500000249e-01
-2.979244149390000151e-01 -3.199303219699999867e-01
-1.351324145879999883e-01 -2.497295074579999885e-01
-2.165695901930000111e-01 -4.933580133600000139e-01
-2.760103582280000190e-01 -6.538025366149999851e-01
-3.384487047990000219e-01 -7.385805489260000023e-01
-4.160917386900000320e-02 -7.403953792109999599e-01
-3.827022233400000084e-02 -9.759809220720000456e-01
-1.761384909250000019e-01 -1.000000000000000000e+00
-2.871185695799999826e-01 -9.410210202430000503e-01
-4.554729549999999953e-03 -6.787454660170000320e-01
-3.672314127569999975e-01 -7.467060470969999475e-01
-4.200483192819999823e-01 -5.946899453830000182e-01
-3.453177955989999992e-01 -5.000030044909999916e-01
-2.769842059999999898e-02 -5.720391479259999690e-01
-3.941488228389999904e-01 -6.067828442399999522e-01
-3.912855627149999793e-01 -4.730662714089999832e-01
-2.954573080510000116e-01 -4.133823556269999866e-01
-7.635067081599999916e-02 -4.441310217209999966e-01
-3.833856762769999871e-01 -4.684882521459999838e-01
-3.776904184429999978e-01 -3.741102436050000035e-01
-2.956910692199999913e-01 -3.267069189890000058e-01
-1.573732458780000010e-01 -2.455223852439999965e-01
-2.335342041719999928e-01 -4.835539752329999774e-01
-2.741794970240000184e-01 -6.448064762920000526e-01
-3.288154689409999998e-01 -7.386700026700000477e-01
-4.802323976200000011e-02 -7.326954080509999745e-01
-3.237957419000000309e-02 -9.729748851709999480e-01
-1.669226291939999995e-01 -1.000000000000000000e+00
-2.728937884439999739e-01 -9.463044702570000410e-01
-6.863899316000000167e-03 -6.737060292380000481e-01
-3.638780115299999895e-01 -7.533911693870000148e-01
-4.316073000260000070e-01 -6.027345618280000039e-01
-3.659095175609999862e-01 -5.074961016029999605e-01
-2.629692659400000021e-02 -5.701623082290000477e-01
-3.907364677110000128e-01 -6.164079605600000233e-01
-4.019824675099999967e-01 -4.803607326439999770e-01
-3.148793469999999761e-01 -4.152782507630000119e-01
-7.448902615699999619e-02 -4.467489064210000138e-01
-3.786486845129999890e-01 -4.738170616319999917e-01
-3.820956884780000173e-01 -3.772751263849999925e-01
-3.064613557900000007e-01 -3.250950897650000115e-01
-1.840672950889999937e-01 -2.414454253149999896e-01
-2.670575970529999732e-01 -4.797865280879999861e-01
-3.128067019460000209e-01 -6.392672433230000006e-01
-3.682136991939999882e-01 -7.365953480839999568e-01
-4.204699130500000326e-02 -7.312689686529999511e-01
-3.566435347400000178e-02 -9.740378807399999728e-01
-1.716981923550000011e-01 -1.000000000000000000e+00
-2.793811807109999878e-01 -9.472796092859999684e-01
3.106755459000000007e-03 -6.746256772090000187e-01
-3.602448785049999769e-01 -7.517842791309999884e-01
-4.230203939980000105e-01 -6.003324226770000438e-01
-3.552446079420000236e-01 -5.022672620400000509e-01
-1.482964426699999970e-02 -5.744623618259999676e-01
-3.886285341590000053e-01 -6.193916916930000127e-01
-3.960200473859999959e-01 -4.803504152690000195e-01
-3.064117425719999899e-01 -4.114308054510000257e-01
-6.365152227400000529e-02 -4.545474558150000011e-01
-3.751942850330000079e-01 -4.813936654159999828e-01
-3.793064627159999924e-01 -3.821808354410000108e-01
-3.040792038210000103e-01 -3.267474292809999792e-01
-1.864497381290000089e-01 -2.430501243659999866e-01
-2.693702781730000217e-01 -4.782015793459999942e-01
-3.143537724220000218e-01 -6.355393892109999499e-01
-3.628571971369999871e-01 -7.317226812539999736e-01
-4.301186578599999755e-02 -7.324508960819999803e-01
-3.120726874600000117e-02 -9.730151146479999458e-01
-1.667507065359999929e-01 -1.000000000000000000e+00
-2.757142148819999861e-01 -9.449549934300000009e-01
5.242801699999999863e-03 -6.773337797159999507e-01
-3.610523740420000238e-01 -7.525936440689999785e-01
-4.274419297050000011e-01 -5.996538847450000320e-01
-3.615006389600000092e-01 -4.965913417310000022e-01
-9.568683628999999358e-03 -5.784294898239999982e-01
-3.850467026600000175e-01 -6.169527070910000299e-01
-3.929440388579999999e-01 -4.766452782110000008e-01
-3.033365406310000179e-01 -4.045826539710000169e-01
-5.639009540800000303e-02 -4.581810533449999778e-01
-3.671542194629999756e-01 -4.819124694129999775e-01
-3.715597789910000115e-01 -3.818199559570000234e-01
-2.951465304179999860e-01 -3.246393583850000208e-01
-1.768137016369999981e-01 -2.435123698930000136e-01
-2.519049346930000155e-01 -4.809668283590000093e-01
-2.878398842970000260e-01 -6.416437060849999874e-01
-3.341778404110000156e-01 -7.386096389799999828e-01
-3.341011401200000286e-02 -7.269808394550000274e-01
-2.125123547399999924e-02 -9.719986878599999880e-01
-1.575349498549999949e-01 -1.000000000000000000e+00
-2.658012552299999776e-01 -9.495060330600000320e-01
1.385820566799999924e-02 -6.721023097199999574e-01
-3.445722200990000150e-01 -7.564903946119999611e-01
-4.140687236580000152e-01 -6.021034114040000329e-01
-3.484106070149999845e-01 -5.022413954650000179e-01
-2.835558044000000000e-03 -5.754801752979999963e-01
-3.708680290890000175e-01 -6.246498858110000052e-01
-3.856599706250000148e-01 -4.815840774899999843e-01
-2.980004771020000054e-01 -4.100547024839999999e-01
-5.243711943599999731e-02 -4.598922466770000161e-01
-3.628565345540000209e-01 -4.873531864349999743e-01
-3.693049273249999764e-01 -3.852422755780000041e-01
-2.912812805389999871e-01 -3.286887502729999855e-01
-1.939553524189999989e-01 -2.448104675049999901e-01
-2.816808445569999875e-01 -4.832235499990000238e-01
-3.292402584490000117e-01 -6.389581078120000202e-01
-3.731740315439999733e-01 -7.290902841159999648e-01
-3.480811696999999705e-02 -7.377085116870000236e-01
-2.120811193900000099e-02 -9.738476287509999496e-01
-1.580005046969999993e-01 -1.000000000000000000e+00
-2.694497311819999963e-01 -9.447416023410000196e-01
1.833354165800000005e-02 -6.807054905820000279e-01
-3.546695847890000142e-01 -7.593074098440000252e-01
-4.268820982809999887e-01 -6.029531834810000213e-01
-3.618045974569999990e-01 -4.959608930769999757e-01
6.318771810000000169e-03 -5.810915600079999965e-01
-3.745373416630000118e-01 -6.266545916789999504e-01
-3.869811823579999976e-01 -4.821551966079999918e-01
-2.960378160939999836e-01 -4.074960437910000177e-01
-3.945722302000000126e-02 -4.610436609849999923e-01
-3.562695992530000022e-01 -4.914714504370000236e-01
-3.633256056559999725e-01 -3.907240747419999938e-01
-2.840701355529999805e-01 -3.333441819549999852e-01
-1.775163293969999889e-01 -2.366700990599999999e-01
-2.574920434449999851e-01 -4.712110144489999874e-01
-2.931062298339999761e-01 -6.324467232820000229e-01
-3.390079361339999875e-01 -7.239517257790000215e-01
-2.800919598699999971e-02 -7.286759404129999895e-01
-1.423202352600000040e-02 -9.736648420779999702e-01
-1.537178242549999962e-01 -1.000000000000000000e+00
-2.637854196319999733e-01 -9.467371838979999898e-01
2.365728217300000144e-02 -6.721799391120000244e-01
-3.353405374330000188e-01 -7.674435893569999667e-01
-4.170515346020000069e-01 -6.093329688869999483e-01
-3.558725348819999912e-01 -4.985525038410000276e-01
8.548466654999999775e-03 -5.754678501750000175e-01
-3.588426157199999800e-01 -6.418175113340000015e-01
-3.834849241730000080e-01 -4.921292543620000015e-01
-2.971531554460000168e-01 -4.099387824349999820e-01
-4.101490459999999894e-02 -4.615208252829999802e-01
-3.527456792679999897e-01 -5.030591110019999590e-01
-3.645157261749999988e-01 -3.981264786000000000e-01
-2.861375282370000050e-01 -3.347396721870000147e-01
-2.025921348080000073e-01 -2.426852918430000006e-01
-2.867525571260000072e-01 -4.790034510389999944e-01
-3.275088573559999938e-01 -6.361385976679999610e-01
-3.629082191749999908e-01 -7.338926766469999752e-01
-3.349790219499999833e-02 -7.310094115009999616e-01
-1.619644210400000145e-02 -9.682575638979999955e-01
-1.524677151409999931e-01 -1.000000000000000000e+00
-2.673000192369999750e-01 -9.470058085879999865e-01
1.939280087200000169e-02 -6.804530277789999637e-01
-3.430019291859999764e-01 -7.642063894459999451e-01
-4.195334593500000264e-01 -6.113179839569999885e-01
-3.628115651489999816e-01 -4.981702715269999970e-01
8.241605468999999365e-03 -5.880918111999999809e-01
-3.657928862329999919e-01 -6.317792362849999899e-01
-3.789594855299999732e-01 -4.868660730350000132e-01
-2.903194100129999899e-01 -4.065573253390000197e-01
-3.787451488000000144e-02 -4.736105302260000260e-01
-3.489467359210000064e-01 -5.008342543110000378e-01
-3.545106120820000206e-01 -3.997509270140000015e-01
-2.740231985239999779e-01 -3.393507279429999746e-01
-2.060886581409999974e-01 -2.355886737900000083e-01
-2.905215878999999890e-01 -4.720579883250000108e-01
-3.295073915339999937e-01 -6.303382969549999881e-01
-3.636916231289999968e-01 -7.257184819280000365e-01
-2.863308472700000148e-02 -7.305867424669999499e-01
-1.645774266000000000e-02 -9.725142904350000395e-01
-1.525376942789999912e-01 -1.000000000000000000e+00
-2.634957645850000141e-01 -9.483181747729999556e-01
2.926209144799999870e-02 -6.778314380290000329e-01
-3.310274584660000130e-01 -7.598082920069999524e-01
-3.959528756530000249e-01 -6.016372115020000022e-01
-3.285746534580000211e-01 -4.946410061070000141e-01
2.082945296399999965e-02 -5.849420538620000443e-01
-3.533526923879999893e-01 -6.304535769889999530e-01
-3.658066964189999881e-01 -4.827165146460000167e-01
-2.790600967779999775e-01 -4.061763305059999940e-01
-2.436611747899999902e-02 -4.716572697579999862e-01
-3.382666371940000194e-01 -5.004897344950000049e-01
-3.460424576009999975e-01 -3.976523062530000208e-01
-2.709736509330000209e-01 -3.376518103489999922e-01
-2.018757595890000034e-01 -2.401422256029999980e-01
-2.871414719809999849e-01 -4.754400236649999889e-01
-3.244162560089999814e-01 -6.353875988099999539e-01
-3.566693978620000260e-01 -7.287678163509999640e-01
-3.246725500799999692e-02 -7.293278678129999637e-01
-9.561138461999999297e-03 -9.654960875050000446e-01
-1.417486220770000083e-01 -1.000000000000000000e+00
-2.566296429330000017e-01 -9.519182731019999455e-01
2.641292379500000120e-02 -6.794881005199999713e-01
-3.319801788819999877e-01 -7.586857279030000401e-01
-4.019978416519999764e-01 -6.034140718360000433e-01
-3.424414377819999800e-01 -4.895401497379999745e-01
2.013219296200000064e-02 -5.885376681859999515e-01
-3.499720228609999872e-01 -6.322348295430000320e-01
-3.621079972360000121e-01 -4.857465670289999871e-01
-2.771521854649999783e-01 -4.026194819489999910e-01
-2.159091709499999859e-02 -4.773439169090000211e-01
-3.322045437999999740e-01 -5.024091251650000256e-01
-3.417756209949999735e-01 -4.007262708859999911e-01
-2.683535903470000150e-01 -3.382434973690000013e-01
-2.119569047540000029e-01 -2.317946337119999867e-01
-3.101275140209999726e-01 -4.690008482629999809e-01
-3.602530528380000208e-01 -6.308040481529999521e-01
-4.027342946190000106e-01 -7.223944839899999470e-01
-2.393111491900000096e-02 -7.352999042529999585e-01
-1.118024987199999973e-02 -9.709215996290000428e-01
-1.470739485049999962e-01 -1.000000000000000000e+00
-2.573650284910000141e-01 -9.561889667270000448e-01
4.503639556499999808e-02 -6.776370237919999706e-01
-3.074490343230000255e-01 -7.684171487069999529e-01
-3.808168133800000077e-01 -6.119495052000000213e-01
-3.162528336370000193e-01 -5.051666496100000181e-01
4.063946872799999860e-02 -5.805363662760000265e-01
-3.247152986490000059e-01 -6.444088456900000095e-01
-3.480663839520000136e-01 -4.961450408210000274e-01
-2.644661345550000098e-01 -4.172028907199999970e-01
-4.292537419999999972e-03 -4.679010595979999909e-01
-3.174501293379999867e-01 -5.087598495380000196e-01
-3.342510969290000133e-01 -4.063639751479999895e-01
-2.620331927719999898e-01 -3.431138937680000001e-01
-2.178380972210000044e-01 -2.280987271569999975e-01
-3.174158494679999998e-01 -4.563948543049999862e-01
-3.746341289849999812e-01 -6.151485253259999508e-01
-4.105327329769999922e-01 -7.133979674349999467e-01
-3.519461947400000235e-02 -7.297186103039999816e-01
-9.958235863999999327e-03 -9.660843704479999960e-01
-1.378330047699999894e-01 -1.000000000000000000e+00
-2.520915027389999952e-01 -9.507793189619999641e-01
3.345403681600000317e-02 -6.801380346540000232e-01
-3.090276007359999966e-01 -7.587439141949999799e-01
-3.716290109609999837e-01 -6.067861280099999810e-01
-3.104035632539999812e-01 -4.933689328390000184e-01
3.712962385000000143e-02 -5.869362901950000433e-01
-3.253333720909999949e-01 -6.298614364050000303e-01
-3.378777821250000257e-01 -4.853907328509999841e-01
-2.570406790909999795e-01 -4.041603388269999764e-01
2.405571644000000040e-03 -4.743906570829999891e-01
-3.027407426120000133e-01 -4.985264692299999911e-01
-3.174284773489999822e-01 -3.972910097590000023e-01
-2.504345500099999788e-01 -3.338572315589999895e-01
-2.247580532369999884e-01 -2.241039426629999887e-01
-3.242664829849999930e-01 -4.565750164380000253e-01
-3.645744681740000215e-01 -6.193950660379999862e-01
-3.929332234410000124e-01 -7.163832274120000010e-01
-4.849276159299999861e-02 -7.293147823990000500e-01
-2.030732724199999992e-02 -9.687717163290000544e-01
-1.503301511600000084e-01 -1.000000000000000000e+00
-2.609661353880000090e-01 -9.593801890599999993e-01
2.664033595799999987e-02 -6.767137635069999657e-01
-3.284779893429999875e-01 -7.658214793780000473e-01
-4.081004023759999821e-01 -6.010703365930000208e-01
-3.496969302330000251e-01 -4.802896825649999868e-01
3.260287921399999955e-02 -5.842787537539999576e-01
-3.396342441040000049e-01 -6.404242972739999651e-01
-3.651304062010000129e-01 -4.804664411180000205e-01
-2.812423639969999778e-01 -3.906411982460000210e-01
-2.749950564000000052e-03 -4.753719814190000004e-01
-3.210634037569999877e-01 -5.037105505550000251e-01
-3.433604039340000247e-01 -3.939756272259999914e-01
-2.721465335600000146e-01 -3.250218040189999935e-01
-2.331856835989999932e-01 -2.316171021550000042e-01
-3.317357033419999768e-01 -4.639941239629999936e-01
-3.860873635379999946e-01 -6.260604501690000268e-01
-4.206446565399999948e-01 -7.375253901270000245e-01
-3.421738283200000119e-02 -7.251903969720000509e-01
-2.689112622300000172e-02 -9.702764697060000110e-01
-1.596655952029999992e-01 -1.000000000000000000e+00
-2.700964911659999856e-01 -9.533849096630000464e-01
3.535338783300000232e-02 -6.748302120400000437e-01
-3.248785597039999806e-01 -7.559773811579999503e-01
-3.858511207509999763e-01 -5.942404257379999555e-01
-3.164723475389999985e-01 -4.801286551560000060e-01
3.994317887200000278e-02 -5.841541756400000507e-01
-3.395097934060000155e-01 -6.237693689019999654e-01
-3.513765368149999735e-01 -4.701939312789999992e-01
-2.649623459950000148e-01 -3.888863828579999793e-01
3.452340636999999979e-03 -4.745780738550000044e-01
-3.106209621989999836e-01 -4.938650249479999976e-01
-3.259268770359999845e-01 -3.880056517589999809e-01
-2.563453461629999763e-01 -3.249176256849999889e-01
-2.277072391530000073e-01 -2.248883413059999947e-01
-3.279422094339999871e-01 -4.546570403080000267e-01
-3.722102343840000271e-01 -6.159179156649999820e-01
-3.919110775729999774e-01 -7.115505607490000273e-01
-4.512076059200000044e-02 -7.270835906210000310e-01
-1.857550442099999838e-02 -9.691081258749999483e-01
-1.496886133249999973e-01 -1.000000000000000000e+00
-2.618435685919999756e-01 -9.574176331760000380e-01
3.199731869999999923e-02 -6.733145687729999995e-01
-3.198457183000000259e-01 -7.573324487510000314e-01
-3.900584459809999793e-01 -5.959446719380000479e-01
-3.264318714219999751e-01 -4.752655206310000269e-01
4.208971203600000294e-02 -5.792419364090000133e-01
-3.298270120849999820e-01 -6.299704285570000284e-01
-3.517361512909999988e-01 -4.728614430590000195e-01
-2.690615548229999821e-01 -3.843759997739999990e-01
1.030713717799999936e-02 -4.693402923300000196e-01
-3.053715781579999788e-01 -4.967206184230000265e-01
-3.258972808080000116e-01 -3.901395624280000196e-01
-2.566030895240000165e-01 -3.224440782720000009e-01
