-2.282446580000000054e-04 -2.657169777480000161e-01
-7.724498203700000398e-02 -5.152744023619999503e-01
-1.991390604000000120e-01 -6.682135020770000322e-01
-3.295336594350000148e-01 -7.242617606429999633e-01
-4.599682668700000310e-02 -7.090597388229999964e-01
-1.281719308170000127e-01 -1.000000000000000000e+00
-2.761049205839999909e-01 -9.968827176629999620e-01
-3.611135003720000181e-01 -9.077502272609999645e-01
-7.680057956899999372e-02 -6.483963423509999657e-01
-4.589194283240000116e-01 -7.210525620459999896e-01
-4.596916748229999961e-01 -5.703337881359999972e-01
-3.438517016879999999e-01 -5.030508046749999629e-01
-1.431816405839999862e-01 -5.418279417560000200e-01
-5.117597531959999779e-01 -5.477243557850000055e-01
-4.731378712040000267e-01 -4.285859849909999797e-01
-3.637398130830000187e-01 -3.994884452549999909e-01
-2.188635777179999964e-01 -4.136307597339999864e-01
-5.152124689789999712e-01 -4.151882765450000123e-01
-4.836755410360000229e-01 -3.181523932240000185e-01
-3.948040422169999952e-01 -2.844889765140000137e-01
5.475249669000000104e-03 -2.586133532980000038e-01
-6.551517888800000022e-02 -5.081384800049999484e-01
-1.841966988679999973e-01 -6.653364884019999925e-01
-3.133916215390000204e-01 -7.238366369130000422e-01
-2.686591599100000144e-02 -7.082293664430000524e-01
-1.081340024300000008e-01 -9.924239980240000536e-01
-2.508569504579999943e-01 -1.000000000000000000e+00
-3.337991680419999940e-01 -9.275500487250000203e-01
-6.185191035800000070e-02 -6.495233468009999900e-01
-4.420235563109999877e-01 -7.346177207420000466e-01
-4.463655993169999836e-01 -5.838036641580000019e-01
-3.345754665210000089e-01 -5.133455386659999675e-01
-1.342726600539999871e-01 -5.462398656620000015e-01
-4.993619223279999741e-01 -5.643441492270000470e-01
-4.666739531560000209e-01 -4.421871315040000194e-01
-3.615446541269999869e-01 -4.061283267549999909e-01
-2.161873528799999888e-01 -4.216244921710000093e-01
-5.117352338280000135e-01 -4.305936875640000161e-01
-4.892733794329999775e-01 -3.297230911619999927e-01
-4.075288900949999848e-01 -2.901097590010000005e-01
6.144483014000000007e-03 -2.618614521909999882e-01
-6.527176225000000387e-02 -5.125675744590000305e-01
-1.867030621319999972e-01 -6.705484693440000310e-01
-3.146288478129999899e-01 -7.344608051959999884e-01
-1.849866291800000145e-02 -7.106168075500000070e-01
-8.984737517700000509e-02 -9.967326038789999787e-01
-2.352208877729999870e-01 -1.000000000000000000e+00
-3.198358465610000034e-01 -9.211365943839999737e-01
-5.270589234999999845e-02 -6.520453073180000336e-01
-4.296341225529999863e-01 -7.499105802259999898e-01
-4.362697968590000253e-01 -5.972459613949999691e-01
-3.231557245460000005e-01 -5.250132207680000551e-01
-1.252473784750000041e-01 -5.501583187449999857e-01
-4.907958335570000163e-01 -5.817453278909999748e-01
-4.566827607189999916e-01 -4.587545768280000269e-01
-3.482364435320000062e-01 -4.231933013749999972e-01
-2.084121401990000066e-01 -4.267643872960000251e-01
-5.028193058209999844e-01 -4.454935251459999912e-01
-4.744949617759999794e-01 -3.445041782220000237e-01
-3.867077143029999942e-01 -3.047352162379999840e-01
3.582487619000000213e-03 -2.609318862819999807e-01
-6.204137538199999691e-02 -5.112642935110000009e-01
-1.730397060199999892e-01 -6.723930650120000241e-01
-2.958909274059999817e-01 -7.395115783419999866e-01
-2.129084529199999978e-02 -7.111100927179999642e-01
-8.422021622000000485e-02 -9.999903337650000168e-01
-2.300869989000000060e-01 -1.000000000000000000e+00
-3.162537213850000195e-01 -9.131776656829999617e-01
-5.280675948500000022e-02 -6.533110124430000498e-01
-4.271690661179999848e-01 -7.489447809010000290e-01
-4.375685445029999787e-01 -5.971738987720000003e-01
-3.257928352839999930e-01 -5.210598755819999539e-01
-1.229252132880000042e-01 -5.507334099589999976e-01
-4.871655575300000152e-01 -5.768215359830000111e-01
-4.551506152450000009e-01 -4.539513066520000084e-01
-3.468505782679999760e-01 -4.186902710109999814e-01
-2.040047607019999931e-01 -4.256717964010000022e-01
-4.981745882509999723e-01 -4.401696194809999740e-01
-4.733954605690000039e-01 -3.397520381149999880e-01
-3.873887757069999771e-01 -3.013188082959999958e-01
6.177999719999999716e-03 -2.599360706489999839e-01
-5.964961752700000119e-02 -5.059932644210000108e-01
-1.759858112240000050e-01 -6.632159333310000404e-01
-3.035188177049999991e-01 -7.277787614209999534e-01
-1.584829677700000036e-02 -7.009093950560000286e-01
-8.236055720300000660e-02 -1.000000000000000000e+00
-2.316727328239999995e-01 -9.986350197200000167e-01
-3.181248458759999842e-01 -9.043545972700000046e-01
-5.132005316200000111e-02 -6.439829681080000423e-01
-4.234188771169999921e-01 -7.514712793550000214e-01
-4.357879559769999855e-01 -6.007120086420000282e-01
-3.230544057140000147e-01 -5.208481239590000422e-01
-1.232458119779999972e-01 -5.432020507239999629e-01
-4.866390842880000123e-01 -5.791261984679999530e-01
-4.558901039470000249e-01 -4.571159311690000115e-01
-3.471394213940000029e-01 -4.192609570249999917e-01
-2.057004120550000037e-01 -4.199286982770000232e-01
-4.976558247710000105e-01 -4.418492080540000200e-01
-4.729933803170000006e-01 -3.424813516369999977e-01
-3.864273289330000249e-01 -3.022999907360000016e-01
7.345101819999999906e-03 -2.618656730800000276e-01
-5.781847382400000235e-02 -5.089283562549999917e-01
-1.710041386339999914e-01 -6.667960025879999808e-01
-2.978920914889999771e-01 -7.276624676339999986e-01
-1.740388717200000088e-02 -7.011115914890000411e-01
-8.268024907899999831e-02 -1.000000000000000000e+00
-2.322785677070000054e-01 -9.968761197350000103e-01
-3.198903846419999808e-01 -9.034113402260000036e-01
-5.044611915899999827e-02 -6.443108180419999664e-01
-4.222978258469999857e-01 -7.494258431120000008e-01
-4.366127504589999986e-01 -5.991310808169999502e-01
-3.264309751410000016e-01 -5.194615344409999613e-01
-1.203827173970000025e-01 -5.445926156720000133e-01
-4.827566030780000017e-01 -5.790608803450000286e-01
-4.553918014100000189e-01 -4.582199745070000274e-01
-3.504369558509999871e-01 -4.188970207780000066e-01
-2.001758222760000039e-01 -4.226376117280000178e-01
-4.926676154060000146e-01 -4.440207824110000145e-01
-4.749171751769999950e-01 -3.450386830409999939e-01
-3.949808087269999768e-01 -3.019522128289999774e-01
5.279455124000000110e-03 -2.596493805610000094e-01
-5.966292398599999658e-02 -5.045933023719999522e-01
-1.732566135949999975e-01 -6.617602529770000297e-01
-3.002672988890000005e-01 -7.246976262569999605e-01
-1.606384411200000029e-02 -7.010817604379999679e-01
-7.906576458599999524e-02 -1.000000000000000000e+00
-2.255527961819999982e-01 -9.977984812710000151e-01
-3.108838192310000026e-01 -9.029256142060000379e-01
-4.887688112000000001e-02 -6.473980428829999578e-01
-4.176036231699999934e-01 -7.539238606810000354e-01
-4.334784657469999969e-01 -6.036015542599999506e-01
-3.254645939349999906e-01 -5.221428804740000373e-01
-1.188361162360000028e-01 -5.497022812359999566e-01
-4.796519909320000052e-01 -5.818702138310000160e-01
-4.528661457959999859e-01 -4.574639733629999871e-01
-3.494609895820000034e-01 -4.150634958330000068e-01
-1.997457713430000059e-01 -4.283853475759999974e-01
-4.896234068620000102e-01 -4.471109709600000204e-01
-4.718135266940000072e-01 -3.452934000749999788e-01
-3.925819148690000149e-01 -3.002995035750000152e-01
1.646059149999999898e-03 -2.634100835700000087e-01
-6.528511359100000466e-02 -5.123734213809999494e-01
-1.791284655170000129e-01 -6.716424931950000232e-01
-3.036276809660000131e-01 -7.370095136800000057e-01
-1.487403401299999990e-02 -7.033475764290000320e-01
-7.768374949299999832e-02 -1.000000000000000000e+00
-2.271459387420000087e-01 -9.982235161529999790e-01
-3.161896240609999853e-01 -9.059158514780000226e-01
-4.480438344900000008e-02 -6.450880111100000258e-01
-4.214169326169999730e-01 -7.458761824749999825e-01
-4.367252550799999855e-01 -5.963738342080000532e-01
-3.277265911500000239e-01 -5.187874426990000121e-01
-1.140731609779999933e-01 -5.449418774219999539e-01
-4.815314806859999908e-01 -5.762009745099999636e-01
-4.543158255220000052e-01 -4.556573301099999806e-01
-3.498548541679999957e-01 -4.178081936279999797e-01
-1.949442100529999999e-01 -4.233399139780000264e-01
-4.909321907170000054e-01 -4.458537864539999784e-01
-4.728442379569999798e-01 -3.480805809090000147e-01
-3.928744640649999842e-01 -3.063478556540000231e-01
6.424229111999999603e-03 -2.619984458310000153e-01
-5.803651165100000286e-02 -5.112185570659999456e-01
-1.703200892010000023e-01 -6.708951814269999980e-01
-2.936439602300000007e-01 -7.351818364750000168e-01
-1.428010663800000080e-02 -7.089939161410000468e-01
-7.790305701600000465e-02 -9.995556451760000405e-01
-2.256274575870000076e-01 -1.000000000000000000e+00
-3.142582755230000080e-01 -9.114806689379999494e-01
-4.469926542799999847e-02 -6.507212508249999861e-01
-4.200114459859999871e-01 -7.463897988259999838e-01
-4.309309735599999858e-01 -5.991929181320000408e-01
-3.199577245469999998e-01 -5.232373959930000096e-01
-1.140240653760000028e-01 -5.500028321819999677e-01
-4.780488809230000191e-01 -5.776547621309999769e-01
-4.462446073710000238e-01 -4.574929635159999952e-01
-3.395970490460000213e-01 -4.203891625899999762e-01
-1.941611069799999978e-01 -4.273859679709999804e-01
-4.874795163069999826e-01 -4.474908598080000188e-01
-4.653854493610000143e-01 -3.498721224790000139e-01
-3.837122432849999765e-01 -3.092598781179999867e-01
4.451216719999999752e-03 -2.623753822880000031e-01
-5.817939753399999775e-02 -5.129573670100000538e-01
-1.655341197440000078e-01 -6.765565827920000386e-01
-2.876108000959999855e-01 -7.448218495080000112e-01
-1.249998963299999918e-02 -7.083264798139999874e-01
-7.506619232500000294e-02 -9.973412953029999750e-01
-2.208538835240000109e-01 -1.000000000000000000e+00
-3.096511648590000165e-01 -9.143692518560000426e-01
-3.980127697099999917e-02 -6.502244176210000282e-01
-4.154351295870000182e-01 -7.489591174569999454e-01
-4.262911039519999834e-01 -6.012312007390000490e-01
-3.175223682739999886e-01 -5.226323705969999622e-01
-1.080658295379999939e-01 -5.501139918780000304e-01
-4.746956092969999985e-01 -5.797511889190000156e-01
-4.425077051990000121e-01 -4.573588550550000131e-01
-3.368940302649999774e-01 -4.162660755920000177e-01
-1.892415368139999943e-01 -4.277204140140000166e-01
-4.859843114080000248e-01 -4.478281554820000010e-01
-4.646453784149999766e-01 -3.480694362160000055e-01
-3.841931263189999890e-01 -3.041403364829999845e-01
5.327738222999999808e-03 -2.638432624889999745e-01
-5.937799278599999869e-02 -5.144593577060000422e-01
-1.721171241710000022e-01 -6.750149095599999871e-01
-2.951006316620000125e-01 -7.399546493949999970e-01
-1.726167933999999890e-02 -7.096849807149999689e-01
-8.180794932200000091e-02 -9.997226322119999731e-01
-2.290921882789999919e-01 -1.000000000000000000e+00
-3.191039123200000160e-01 -9.118239750159999879e-01
-4.800563583200000151e-02 -6.516057901289999954e-01
-4.240480556119999855e-01 -7.491899694479999816e-01
-4.345806276790000200e-01 -6.006892270239999609e-01
-3.254755973730000251e-01 -5.231261987340000141e-01
-1.173159312579999947e-01 -5.516320553869999976e-01
-4.811204807189999877e-01 -5.817164651520000396e-01
-4.481452729750000086e-01 -4.599510344509999960e-01
-3.427267261859999747e-01 -4.210151494450000142e-01
-1.972220093610000113e-01 -4.297718087710000190e-01
-4.902013373629999782e-01 -4.526299408389999890e-01
-4.682960381480000267e-01 -3.545863971509999879e-01
-3.881436885449999763e-01 -3.118303886259999880e-01
4.786927812000000074e-03 -2.618104603499999961e-01
-6.377293112500000138e-02 -5.171001300569999515e-01
-1.789217042590000029e-01 -6.797438651120000230e-01
-2.998652526580000144e-01 -7.430667501269999642e-01
-1.463756376200000056e-02 -7.091020916189999523e-01
-8.543910234899999845e-02 -9.962715993630000266e-01
-2.297514937189999995e-01 -1.000000000000000000e+00
-3.154277966240000008e-01 -9.217535016279999605e-01
-4.603906124900000035e-02 -6.494469862320000342e-01
-4.236353714880000121e-01 -7.488632865540000294e-01
-4.287938115400000139e-01 -6.003835252120000021e-01
-3.156986446200000240e-01 -5.288273755579999680e-01
-1.174617334510000000e-01 -5.487944900510000057e-01
-4.820846842129999921e-01 -5.834615041299999749e-01
-4.480644332739999736e-01 -4.629665419299999751e-01
-3.414318923419999985e-01 -4.275375940630000149e-01
-2.004185259659999885e-01 -4.280253429190000181e-01
-4.955004658270000251e-01 -4.520560115880000174e-01
-4.697710185039999931e-01 -3.532394560459999888e-01
-3.858162966509999792e-01 -3.118638096190000097e-01
7.572653195000000025e-03 -2.604071615469999990e-01
-5.810119185899999955e-02 -5.183829630349999773e-01
-1.687818105839999916e-01 -6.835367524800000094e-01
-2.901259518820000216e-01 -7.473470657109999582e-01
-1.341906397099999933e-02 -7.105108461650000429e-01
-8.429597310599999671e-02 -9.951943367279999508e-01
-2.275616468209999965e-01 -1.000000000000000000e+00
-3.106108686490000048e-01 -9.273937366769999802e-01
-4.780913094400000146e-02 -6.511908857299999465e-01
-4.223596138040000003e-01 -7.568285339400000478e-01
-4.267863146609999769e-01 -6.066045492489999802e-01
-3.126308249359999736e-01 -5.367417518029999890e-01
-1.209500148129999952e-01 -5.502695883670000176e-01
-4.823459805390000188e-01 -5.922873914959999597e-01
-4.493550950970000013e-01 -4.716022021849999857e-01
-3.420321219119999978e-01 -4.372426955739999732e-01
-2.046038487759999913e-01 -4.294330834680000208e-01
-4.985238370119999818e-01 -4.553113931300000194e-01
-4.712272107600000148e-01 -3.556142054409999753e-01
-3.849964602459999830e-01 -3.150040831520000140e-01
8.538509341000000488e-03 -2.539501758020000222e-01
-5.426393071200000251e-02 -5.074927599030000236e-01
-1.628834169729999892e-01 -6.703255749769999605e-01
-2.837512004359999951e-01 -7.357391146570000373e-01
-4.965510884000000173e-03 -7.039078826100000352e-01
-6.851964480500000176e-02 -9.915258131459999680e-01
-2.113602674260000036e-01 -1.000000000000000000e+00
-2.961079666359999751e-01 -9.268285436909999842e-01
-4.013195642499999688e-02 -6.474404671090000507e-01
-4.098844504370000030e-01 -7.579884016839999461e-01
-4.153378867179999823e-01 -6.067620240590000380e-01
-3.008939298589999867e-01 -5.363315386429999831e-01
-1.131885114859999958e-01 -5.480945018570000382e-01
-4.719614809179999981e-01 -5.942861224330000525e-01
-4.398600250140000112e-01 -4.720528281049999886e-01
-3.307655704029999755e-01 -4.378825944320000052e-01
-1.974555967759999975e-01 -4.282628194599999993e-01
-4.890359081899999794e-01 -4.553149138720000155e-01
-4.624300915219999863e-01 -3.554971501199999939e-01
-3.739153157899999802e-01 -3.170806605370000142e-01
1.246842768699999923e-02 -2.514201082129999820e-01
-4.852372702800000076e-02 -5.099542331219999447e-01
-1.558149890180000052e-01 -6.786371010830000161e-01
-2.763350860500000117e-01 -7.466498740270000045e-01
2.626328583000000095e-03 -7.066500779069999627e-01
-6.964001954600000655e-02 -9.979033871179999737e-01
-2.140054224640000058e-01 -1.000000000000000000e+00
-2.962938240829999792e-01 -9.250978275050000255e-01
-3.395198355299999804e-02 -6.490113075219999805e-01
-4.053341719410000210e-01 -7.662807282820000010e-01
-4.123752014479999950e-01 -6.163396719539999680e-01
-2.979660127329999963e-01 -5.482500250659999574e-01
-1.093216836839999984e-01 -5.499271477989999823e-01
-4.692293362700000192e-01 -6.059928999479999856e-01
-4.408601279639999815e-01 -4.851868588430000018e-01
-3.332505710740000238e-01 -4.521387434340000122e-01
-1.957214797669999951e-01 -4.322383765339999906e-01
-4.888805785279999871e-01 -4.657361451650000039e-01
-4.646020973950000243e-01 -3.653401710409999725e-01
-3.774846249789999830e-01 -3.260501148289999818e-01
5.278562939999999594e-04 -2.484802963599999914e-01
-5.268328900000000120e-02 -5.045028523719999880e-01
-1.458269327549999994e-01 -6.761602323340000220e-01
-2.585041047339999842e-01 -7.536349149540000347e-01
1.710654576500000162e-02 -7.019943509460000453e-01
-4.294075616200000028e-02 -9.856404226130000001e-01
-1.867610823610000026e-01 -1.000000000000000000e+00
-2.762857301450000191e-01 -9.331929984560000113e-01
-1.479099045399999944e-02 -6.490207226280000352e-01
-3.786629581800000088e-01 -7.688750100590000525e-01
-3.940813000119999798e-01 -6.238048457179999895e-01
-2.894032940719999947e-01 -5.493523262470000335e-01
-8.820431866000000287e-02 -5.541832989930000064e-01
-4.459064898119999842e-01 -6.185080404810000543e-01
-4.261409287730000273e-01 -4.986176814919999756e-01
-3.267690213159999968e-01 -4.587759585280000163e-01
-1.741599933709999937e-01 -4.407777660980000123e-01
-4.672215674499999860e-01 -4.805301362370000273e-01
-4.555602664269999824e-01 -3.817624961960000007e-01
-3.796082532550000277e-01 -3.384017312700000057e-01
8.950172430000000179e-03 -2.509388800569999911e-01
-4.472923288200000153e-02 -5.052413885190000231e-01
-1.434372608089999890e-01 -6.762227589949999507e-01
-2.535907761530000193e-01 -7.554533310769999677e-01
1.710422143500000061e-02 -7.084295702870000433e-01
-3.300968230899999772e-02 -9.982561403030000280e-01
-1.821669600599999939e-01 -1.000000000000000000e+00
-2.707542469909999805e-01 -9.148258161110000009e-01
-1.551826001200000069e-02 -6.534681455999999944e-01
-3.716107821619999974e-01 -7.811919514999999814e-01
-3.960372501280000068e-01 -6.353601505289999674e-01
-2.902891729090000261e-01 -5.566581783349999757e-01
-8.857684202799999407e-02 -5.569525304819999967e-01
-4.381535935420000083e-01 -6.251691606300000537e-01
-4.239371566249999779e-01 -5.069064261729999687e-01
-3.235804054270000063e-01 -4.669067006989999769e-01
-1.738900679070000121e-01 -4.414805261370000067e-01
-4.583375823520000059e-01 -4.870068067719999783e-01
-4.498058530599999827e-01 -3.900889704669999736e-01
-3.744415356620000024e-01 -3.458149689639999913e-01
2.152236896999999965e-03 -2.515109341749999783e-01
-5.011622923499999688e-02 -5.071747348020000379e-01
-1.440805684719999868e-01 -6.793986548060000352e-01
-2.513289961890000090e-01 -7.595581453609999700e-01
1.763564130699999885e-02 -7.071745283150000505e-01
-2.887385663599999902e-02 -9.966306828659999839e-01
-1.790692851050000034e-01 -1.000000000000000000e+00
-2.676763421880000160e-01 -9.167037654969999450e-01
-1.258818141900000000e-02 -6.519329247639999991e-01
-3.670492641259999744e-01 -7.829529154590000317e-01
-3.931177425560000160e-01 -6.386670989129999976e-01
-2.872817776600000150e-01 -5.610966111349999785e-01
-8.445529189500000644e-02 -5.556519620390000247e-01
-4.341983761859999902e-01 -6.257996553039999466e-01
-4.219285518290000203e-01 -5.083327138719999638e-01
-3.213817742649999754e-01 -4.692591797239999973e-01
-1.697529589589999999e-01 -4.412804671560000003e-01
-4.542387191569999816e-01 -4.884824307100000262e-01
-4.466583521240000132e-01 -3.928101228179999849e-01
-3.709088272730000080e-01 -3.489564147249999970e-01
-6.237518983999999593e-03 -2.503471766409999799e-01
-5.686032963700000248e-02 -5.061201527859999771e-01
-1.427519951740000015e-01 -6.789318601849999579e-01
-2.408050560499999937e-01 -7.604679760589999615e-01
1.967492117699999946e-02 -7.072197140879999955e-01
-1.854733368500000035e-02 -9.920801148460000052e-01
-1.620117236309999986e-01 -1.000000000000000000e+00
-2.498442856989999961e-01 -9.215896830919999561e-01
-5.888633568000000221e-03 -6.533993472500000399e-01
-3.580667070099999849e-01 -7.812106264899999486e-01
-3.830779128299999781e-01 -6.381005491679999642e-01
-2.792372234850000190e-01 -5.605815659199999690e-01
-7.488428978099999356e-02 -5.581025356619999656e-01
-4.241150489850000205e-01 -6.267821649070000056e-01
-4.103943420250000251e-01 -5.086441448459999570e-01
-3.101758481049999849e-01 -4.690041853310000231e-01
-1.595889637490000013e-01 -4.436609888310000249e-01
-4.439376628689999937e-01 -4.896615445859999749e-01
-4.347150435670000257e-01 -3.937715097089999894e-01
-3.582332019250000221e-01 -3.501483432899999970e-01
-1.039128673600000011e-02 -2.539951117600000030e-01
-5.775860107099999724e-02 -5.074186545050000108e-01
-1.392369976919999863e-01 -6.802050875920000461e-01
-2.332795353899999868e-01 -7.628497207700000171e-01
2.418358662100000139e-02 -7.085344156639999946e-01
-1.027695472699999973e-02 -9.959241230530000433e-01
-1.578724779369999887e-01 -1.000000000000000000e+00
-2.455392765949999945e-01 -9.165891557549999957e-01
8.418331349999999503e-04 -6.542977593290000282e-01
-3.506448015799999984e-01 -7.900418504309999479e-01
-3.833794393539999845e-01 -6.430653904449999958e-01
-2.803019420969999898e-01 -5.605487663339999704e-01
-6.774808726000000614e-02 -5.606178570940000272e-01
-4.176664800580000003e-01 -6.376820459599999991e-01
-4.115637359989999799e-01 -5.152384723570000435e-01
-3.126561710610000211e-01 -4.710076873710000167e-01
-1.533961431149999943e-01 -4.483762305940000026e-01
-4.396378879530000172e-01 -4.999821128659999725e-01
-4.358336177980000059e-01 -4.008065595259999725e-01
-3.610604839989999815e-01 -3.538285292950000271e-01
-3.011546827199999832e-02 -2.451553342799999979e-01
-8.220368178199999321e-02 -4.939021625169999763e-01
-1.604962286290000095e-01 -6.643686492839999680e-01
-2.513627945390000118e-01 -7.463167626740000449e-01
2.409742822999999881e-02 -7.066841693109999767e-01
-5.823746698999999680e-03 -9.934207382649999918e-01
-1.495256485489999954e-01 -1.000000000000000000e+00
-2.362155843929999999e-01 -9.183984200239999618e-01
7.942924864000000529e-03 -6.525570714139999895e-01
-3.433252723710000232e-01 -7.867790057600000386e-01
-3.789779655739999864e-01 -6.442252440119999868e-01
-2.788663574490000130e-01 -5.611955673499999797e-01
-5.833456853499999900e-02 -5.587202900050000087e-01
-4.102387989729999740e-01 -6.393504258229999460e-01
-4.068656932599999942e-01 -5.185063056219999522e-01
-3.097956377850000220e-01 -4.720586453660000070e-01
-1.449057444909999937e-01 -4.472509138799999895e-01
-4.340435689059999880e-01 -5.032201211379999650e-01
-4.353220425709999897e-01 -4.058478867209999730e-01
-3.648561875049999847e-01 -3.569865400200000205e-01
-3.761351979600000006e-02 -2.414575950229999879e-01
-9.183362049500000401e-02 -4.895310752400000021e-01
-1.686726706430000111e-01 -6.635765833479999598e-01
-2.594674598369999807e-01 -7.497919745700000194e-01
2.225929876399999896e-02 -7.009524303180000304e-01
-6.757070750000000042e-03 -9.940013416220000453e-01
-1.498456259800000079e-01 -1.000000000000000000e+00
-2.370538711980000046e-01 -9.164848162140000198e-01
7.395053547000000373e-03 -6.476574630150000456e-01
-3.409746089260000113e-01 -7.864115857419999855e-01
-3.806368002669999751e-01 -6.434561605049999855e-01
-2.839762134200000121e-01 -5.573032391790000428e-01
-5.881971611899999841e-02 -5.556962549359999448e-01
-4.085875015550000100e-01 -6.413088924349999997e-01
-4.088580249300000080e-01 -5.200313291920000136e-01
-3.135154990530000241e-01 -4.717527349930000224e-01
-1.456987378010000111e-01 -4.466022737559999789e-01
-4.338520870359999781e-01 -5.055123288849999730e-01
-4.375180647169999992e-01 -4.084614398170000049e-01
-3.682448730199999742e-01 -3.584647888220000023e-01
-5.178098500100000029e-02 -2.466600941919999956e-01
-1.045437619340000013e-01 -4.946631033119999743e-01
-1.753201929569999928e-01 -6.682743274229999697e-01
-2.565241849079999970e-01 -7.591145341289999848e-01
2.332157038799999998e-02 -6.994468712810000266e-01
1.100582392000000074e-03 -9.951591319220000065e-01
-1.418745376420000037e-01 -1.000000000000000000e+00
-2.310819582889999946e-01 -9.130656908099999969e-01
1.234784231000000086e-02 -6.495326895430000302e-01
-3.367705016309999744e-01 -7.873359867979999871e-01
-3.796730429349999825e-01 -6.444798141169999495e-01
-2.866775962850000026e-01 -5.579604422389999874e-01
-5.058994255399999751e-02 -5.610538802590000484e-01
-4.038953587849999916e-01 -6.410742485639999710e-01
-4.043704309660000051e-01 -5.195421286779999814e-01
-3.112330633379999933e-01 -4.719003859970000159e-01
-1.361061626289999937e-01 -4.534313385989999778e-01
-4.249125735850000085e-01 -5.072021310200000022e-01
-4.282002452099999967e-01 -4.112806736579999733e-01
-3.598325260740000142e-01 -3.627196273080000033e-01
-4.921076779700000320e-02 -2.470090408650000013e-01
-1.021545967879999989e-01 -4.963501057040000108e-01
-1.755564553579999909e-01 -6.717042619919999513e-01
-2.599416165239999965e-01 -7.629198537820000015e-01
2.382509386800000031e-02 -6.980817062180000310e-01
-1.103620059000000016e-03 -9.952298656689999579e-01
-1.465722884319999864e-01 -1.000000000000000000e+00
-2.382541554519999882e-01 -9.148396420219999658e-01
1.099393580800000006e-02 -6.462049958850000220e-01
-3.341233630270000199e-01 -7.884379513949999474e-01
-3.792400765889999970e-01 -6.461287316370000200e-01
-2.888719025579999933e-01 -5.594750553589999953e-01
-5.339292577799999856e-02 -5.570815106650000015e-01
-4.017292281459999836e-01 -6.417153906750000525e-01
-4.046658707840000146e-01 -5.211645349539999472e-01
-3.137764907119999780e-01 -4.734780692039999850e-01
-1.397835641209999868e-01 -4.499897532480000018e-01
-4.255688868320000040e-01 -5.076657631559999828e-01
-4.286229415630000150e-01 -4.121098778819999864e-01
-3.607154149340000004e-01 -3.631223628349999899e-01
-6.658341542899999521e-02 -2.496911703680000094e-01
-1.237580825470000062e-01 -5.006826901869999569e-01
-1.956890528390000106e-01 -6.747604498200000522e-01
-2.741514501369999857e-01 -7.635353929960000396e-01
1.623562776799999940e-02 -7.053904851350000227e-01
-1.214941725400000075e-02 -9.995539295659999768e-01
-1.578209256420000095e-01 -1.000000000000000000e+00
-2.479153621530000018e-01 -9.154450727780000241e-01
9.991493525000000667e-03 -6.522747473759999970e-01
-3.374487528419999882e-01 -7.891786930719999482e-01
-3.827526874459999950e-01 -6.477609826429999718e-01
-2.933207996930000117e-01 -5.637330950700000232e-01
-4.947425267499999668e-02 -5.616426905210000209e-01
-4.001651933390000249e-01 -6.422904496210000147e-01
-4.036748456559999809e-01 -5.230795551450000413e-01
-3.136147515689999832e-01 -4.774932146249999954e-01
-1.326105373810000099e-01 -4.528015045750000134e-01
-4.203438335740000142e-01 -5.082252012110000106e-01
-4.226749937629999954e-01 -4.147977561839999994e-01
-3.544151658840000163e-01 -3.676607610470000176e-01
-8.558999872700000233e-02 -2.458162209130000109e-01
-1.421291511209999969e-01 -4.953714188380000105e-01
-2.071435497330000042e-01 -6.692043133220000328e-01
-2.764343743439999779e-01 -7.614466243190000094e-01
1.485415626300000055e-02 -7.041849184480000190e-01
-5.437394221000000326e-03 -9.956366795840000394e-01
-1.504166644109999895e-01 -1.000000000000000000e+00
-2.414308706130000037e-01 -9.213406830729999886e-01
1.464557402100000010e-02 -6.512541898270000074e-01
-3.285542740280000262e-01 -7.884337226700000034e-01
-3.793095237279999754e-01 -6.494358222360000488e-01
-2.934008156139999990e-01 -5.656573972530000161e-01
-3.955934618100000189e-02 -5.610291168019999608e-01
-3.890747544359999810e-01 -6.459982247340000372e-01
-3.978926778429999755e-01 -5.277724559309999730e-01
-3.098707046260000264e-01 -4.807966790250000066e-01
-1.193755104709999931e-01 -4.532997748470000143e-01
-4.075174875290000220e-01 -5.100917029020000104e-01
-4.134587401759999836e-01 -4.190067961410000041e-01
-3.458682929670000017e-01 -3.726793527169999787e-01
-1.044841269949999957e-01 -2.425483486970000102e-01
-1.667490629039999894e-01 -4.909900982959999882e-01
-2.311725042459999990e-01 -6.627063945619999785e-01
-2.978926238590000053e-01 -7.552919884950000107e-01
9.272893044999999321e-03 -7.059200828610000533e-01
-1.332424170300000078e-02 -9.977071277150000306e-01
-1.593317099809999915e-01 -1.000000000000000000e+00
-2.509587298570000180e-01 -9.192627045779999673e-01
1.553723281700000042e-02 -6.536828714379999683e-01
-3.326170959149999939e-01 -7.910370654870000351e-01
-3.866725888679999890e-01 -6.492456270569999521e-01
-3.021045806339999751e-01 -5.631947091200000255e-01
-3.574723594200000104e-02 -5.645046356899999784e-01
-3.916510843850000145e-01 -6.462016402860000230e-01
-4.039583490800000010e-01 -5.260898271230000089e-01
-3.170578729629999759e-01 -4.777178939789999967e-01
-1.148264350629999986e-01 -4.570863835739999992e-01
-4.073447409609999847e-01 -5.107785496290000449e-01
-4.171436166859999739e-01 -4.181132303249999738e-01
-3.518404808839999953e-01 -3.695871881730000141e-01
-1.514830746020000007e-01 -2.335148172740000028e-01
-2.295292345939999867e-01 -4.765691079700000166e-01
-2.962789144749999881e-01 -6.392030172989999759e-01
-3.541271421039999812e-01 -7.243584357460000067e-01
-3.054808310000000065e-03 -7.100211069470000469e-01
-2.137178140999999865e-02 -9.977009168410000406e-01
-1.622912781789999925e-01 -1.000000000000000000e+00
-2.499641703050000108e-01 -9.237492245759999498e-01
1.716218004400000066e-02 -6.585939949169999919e-01
-3.310010572970000231e-01 -7.921685593699999695e-01
-3.901092847789999762e-01 -6.498012282870000433e-01
-3.083311640520000063e-01 -5.651992755889999609e-01
-2.604475357100000110e-02 -5.691311026480000423e-01
-3.850646764769999897e-01 -6.494741078269999912e-01
-4.028777737209999765e-01 -5.281598799419999768e-01
-3.174884983799999838e-01 -4.809586776600000002e-01
-1.017945336960000002e-01 -4.613014036470000079e-01
-3.982173873779999984e-01 -5.130095693870000417e-01
-4.119279513360000200e-01 -4.211350528219999778e-01
-3.473982500930000161e-01 -3.740850132960000241e-01
-1.327549958310000056e-01 -2.469950366979999923e-01
-1.928421096859999906e-01 -4.989967764639999803e-01
-2.396995372769999966e-01 -6.718531598570000041e-01
-2.872402474540000084e-01 -7.662379658250000336e-01
2.253630667999999889e-03 -7.113535925949999728e-01
-1.382180515399999976e-02 -1.000000000000000000e+00
-1.564783001249999972e-01 -9.993433142450000028e-01
-2.427329558499999873e-01 -9.217019585460000108e-01
1.725201727499999990e-02 -6.579330243290000269e-01
-3.304788146120000158e-01 -7.920968954349999480e-01
-3.891333052270000148e-01 -6.474983644620000423e-01
-3.065586715170000032e-01 -5.642675346450000129e-01
-2.778703288099999835e-02 -5.683658947530000338e-01
-3.886223790050000182e-01 -6.411851004509999674e-01
-4.039402836839999789e-01 -5.176819066279999548e-01
-3.168988069170000088e-01 -4.712879093299999766e-01
-1.039606219129999981e-01 -4.601539642649999928e-01
-4.002277667970000063e-01 -5.073939410769999769e-01
-4.094676169240000219e-01 -4.135362865119999731e-01
-3.410976046690000207e-01 -3.673793237269999956e-01
-1.633152957369999880e-01 -2.372174007160000042e-01
-2.369429261319999924e-01 -4.824342676919999851e-01
-2.892226413769999893e-01 -6.457715373129999659e-01
-3.338259108689999866e-01 -7.344211687820000334e-01
-1.160335999700000051e-02 -7.154241275630000008e-01
-2.779338129799999862e-02 -9.987859539929999642e-01
-1.686522524179999982e-01 -1.000000000000000000e+00
-2.568865465410000160e-01 -9.229643838719999716e-01
1.230802751100000016e-02 -6.637072001699999557e-01
-3.372350019290000223e-01 -7.917031037430000140e-01
-3.942071360830000093e-01 -6.476666189609999735e-01
-3.118992469590000094e-01 -5.629005950590000307e-01
-2.652588171999999828e-02 -5.731803933360000158e-01
-3.894054225270000003e-01 -6.423244451409999556e-01
-4.039915714019999826e-01 -5.194340871699999473e-01
-3.167775375090000067e-01 -4.735869720779999903e-01
-9.790368709800000013e-02 -4.627682609930000024e-01
-3.967142810209999815e-01 -5.054435764389999530e-01
-4.062794196369999833e-01 -4.120324652849999825e-01
-3.383939142690000068e-01 -3.663870943179999840e-01
-1.580392914559999862e-01 -2.418487209719999975e-01
-2.305783981500000024e-01 -4.895597764910000205e-01
-2.884206149649999884e-01 -6.533391982480000193e-01
-3.375516593710000124e-01 -7.418610637120000018e-01
-4.014170444000000025e-03 -7.194948843680000206e-01
-2.352388389200000055e-02 -9.999780499379999910e-01
-1.647625488080000089e-01 -1.000000000000000000e+00
-2.524410159350000127e-01 -9.255959608680000006e-01
1.896796723099999915e-02 -6.669593119240000423e-01
-3.318078151300000167e-01 -7.917012485779999498e-01
-3.875751172490000118e-01 -6.475150261190000256e-01
-3.046486273180000204e-01 -5.673417233719999508e-01
-2.070644774100000030e-02 -5.765300594429999537e-01
-3.834367632719999919e-01 -6.437625662439999674e-01
-3.977871668590000076e-01 -5.209134054699999794e-01
-3.111567874039999904e-01 -4.768420839140000145e-01
-9.318150561999999359e-02 -4.673157569160000246e-01
-3.910898848600000144e-01 -5.088602193350000302e-01
-3.981966344840000005e-01 -4.158585396550000257e-01
-3.284234580200000031e-01 -3.720751708899999732e-01
-1.800779931439999981e-01 -2.340502087109999907e-01
-2.609841788919999850e-01 -4.758937339239999731e-01
-3.169056343819999788e-01 -6.366659746830000133e-01
-3.608201131630000003e-01 -7.224133156819999568e-01
-1.627564019900000145e-02 -7.194452043679999687e-01
-3.372234382799999680e-02 -9.992597882129999887e-01
-1.755133426830000065e-01 -1.000000000000000000e+00
-2.629497243119999772e-01 -9.243217252190000233e-01
1.502966922799999980e-02 -6.667548807359999774e-01
-3.377765811530000217e-01 -7.911241229269999620e-01
-3.952175134359999786e-01 -6.460226861879999616e-01
-3.107552188420000250e-01 -5.634427878669999723e-01
-1.942255661100000114e-02 -5.749761498790000314e-01
-3.849055086479999943e-01 -6.435310774660000233e-01
-3.990462395230000014e-01 -5.203968100320000012e-01
-3.092066853870000243e-01 -4.771820902999999725e-01
-8.843745914599999980e-02 -4.645109867169999740e-01
-3.909557808929999823e-01 -5.042207799779999666e-01
-3.970162718420000014e-01 -4.105928858499999778e-01
-3.239917277370000237e-01 -3.670879993660000062e-01
-2.001613995869999940e-01 -2.242628831169999892e-01
-2.895549196689999882e-01 -4.602721140409999911e-01
-3.393940543410000066e-01 -6.174743635910000528e-01
-3.730729284650000088e-01 -6.955465387510000319e-01
-1.114837863099999923e-02 -7.213308707559999977e-01
-2.245445265499999843e-02 -9.959262097759999932e-01
-1.628831348030000126e-01 -1.000000000000000000e+00
-2.483836890070000025e-01 -9.305858895840000145e-01
3.583594407799999687e-02 -6.685432952659999817e-01
-3.071923167880000194e-01 -7.927606061059999654e-01
-3.774932077900000071e-01 -6.481884352200000254e-01
-2.994159126490000267e-01 -5.619156544240000439e-01
1.063130514400000004e-02 -5.756762915169999495e-01
-3.483116353019999889e-01 -6.493881801649999952e-01
-3.762684194629999923e-01 -5.219071490240000388e-01
-2.910930507889999963e-01 -4.726427432690000208e-01
-5.393823540699999725e-02 -4.651689967470000187e-01
-3.592602011380000016e-01 -5.028777850910000069e-01
-3.752184228109999853e-01 -4.062594830940000068e-01
-3.039255912819999739e-01 -3.579536712129999798e-01
-2.416617463350000106e-01 -2.338520424399999909e-01
-3.492306149859999986e-01 -4.641603679119999937e-01
-4.082743314500000276e-01 -6.178597784489999745e-01
-3.933536164409999758e-01 -6.858029358970000322e-01
-2.751020863699999916e-02 -7.365011402929999562e-01
-2.266669316300000056e-02 -9.964934002430000382e-01
-1.622641454360000124e-01 -1.000000000000000000e+00
-2.550393014690000015e-01 -9.332986187480000195e-01
3.596152609000000111e-02 -6.885334423719999819e-01
-2.953915714290000216e-01 -7.877758403329999659e-01
-3.695102200879999965e-01 -6.444949819349999887e-01
-2.993034067109999752e-01 -5.555620748320000413e-01
3.067197534899999967e-02 -5.955228289380000151e-01
-3.190976363429999796e-01 -6.448658846000000500e-01
-3.487690412359999992e-01 -5.187039424070000182e-01
-2.715921858049999971e-01 -4.668144843350000017e-01
-1.933912276500000110e-02 -4.831827032450000114e-01
-3.175984871990000236e-01 -5.053117020599999787e-01
-3.379023431109999809e-01 -4.121729635129999791e-01
-2.714748837389999725e-01 -3.606286753030000236e-01
-2.549430731849999798e-01 -2.162580780389999902e-01
-3.828904649020000162e-01 -4.400367703360000271e-01
-4.585947140139999822e-01 -5.909569562569999546e-01
-4.199476771499999761e-01 -6.556392894479999844e-01
-6.681397729499999327e-02 -7.430651100070000403e-01
-7.343948021399999970e-02 -9.976380109629999771e-01
-2.115691696249999976e-01 -1.000000000000000000e+00
-3.058184538900000082e-01 -9.374671391190000369e-01
7.706478945999999802e-03 -7.054962282510000016e-01
-3.297963526920000277e-01 -7.764023429780000374e-01
-3.831638006359999737e-01 -6.147351340179999513e-01
-2.998940733759999921e-01 -5.295873519579999966e-01
2.086965266100000022e-02 -6.184943579139999814e-01
-3.345918241290000150e-01 -6.206548656579999879e-01
-3.431289620649999872e-01 -4.718472544310000072e-01
-2.501982428789999990e-01 -4.269213942669999873e-01
-1.421580515100000046e-02 -5.065697389990000410e-01
-3.103576505100000271e-01 -4.870317404799999750e-01
-3.084270589199999968e-01 -3.788228807460000125e-01
-2.227987728599999939e-01 -3.345833839410000121e-01
-2.517579215499999856e-01 -2.166774408059999879e-01
-3.796603610159999809e-01 -4.429647913749999999e-01
-4.510457939920000103e-01 -5.910374115550000029e-01
-4.250993831700000114e-01 -6.523817418530000189e-01
-6.548012687800000564e-02 -7.473109718160000359e-01
-6.965611478399999501e-02 -1.000000000000000000e+00
-2.139826214799999959e-01 -9.968783069609999936e-01
-3.078243669049999798e-01 -9.327527959970000060e-01
1.044456176000000021e-02 -7.038207288629999558e-01
-3.310522255139999870e-01 -7.798679919530000504e-01
-3.896093509940000144e-01 -6.171292658760000327e-01
-3.012447194610000101e-01 -5.269303822349999944e-01
2.376707708000000072e-02 -6.114903864420000446e-01
-3.349513297360000030e-01 -6.231941779140000026e-01
-3.496493522749999916e-01 -4.731452492930000031e-01
-2.540878363699999865e-01 -4.207966380050000010e-01
-1.020123146900000013e-02 -4.945711361580000243e-01
-3.167821223889999982e-01 -4.810788534039999731e-01
-3.196815355709999862e-01 -3.712082706109999797e-01
-2.315164057790000118e-01 -3.225123416130000198e-01
-2.495645536120000008e-01 -2.079998873979999885e-01
-3.810448107789999872e-01 -4.328430023429999940e-01
-4.547485133690000181e-01 -5.831621292690000180e-01
-4.205806735320000156e-01 -6.446623551579999667e-01
-7.295639013200000411e-02 -7.413117752410000039e-01
-6.931703403199999947e-02 -1.000000000000000000e+00
-2.147506160110000117e-01 -9.992064531059999810e-01
-3.123449950700000199e-01 -9.329884016709999450e-01
4.439507912999999910e-03 -7.000210309740000358e-01
-3.303045450859999899e-01 -7.737747715220000266e-01
-3.908693777450000240e-01 -6.090378800779999713e-01
-3.036677709180000129e-01 -5.202437133239999900e-01
2.058329727999999928e-02 -6.091875156639999789e-01
-3.317415022249999845e-01 -6.161453654370000477e-01
-3.483305087049999860e-01 -4.654684796399999880e-01
-2.527270800870000111e-01 -4.171866104709999745e-01
-9.542878544000000726e-03 -4.933743548930000222e-01
-3.084811628160000208e-01 -4.779541002750000156e-01
-3.132897262889999812e-01 -3.698353516599999780e-01
-2.262731483060000104e-01 -3.248136251200000046e-01
-2.553130351010000076e-01 -2.090967586949999957e-01
-3.871574064919999780e-01 -4.320612491599999938e-01
-4.622517905979999786e-01 -5.809993543520000081e-01
-4.224137403639999788e-01 -6.464528952389999583e-01
-7.277339386799999699e-02 -7.411057698230000268e-01
-7.660199139999999962e-02 -9.971407416380000388e-01
-2.213608714779999875e-01 -1.000000000000000000e+00
-3.181801040580000128e-01 -9.387412524579999973e-01
3.535951333999999818e-03 -7.014988233429999553e-01
-3.374957575429999856e-01 -7.771076895089999992e-01
-3.966069111439999850e-01 -6.115154589779999705e-01
-3.089489198620000154e-01 -5.225438469380000450e-01
2.014766351899999891e-02 -6.127462165779999914e-01
-3.378144268819999740e-01 -6.215498451350000009e-01
-3.525258106190000129e-01 -4.683901016740000256e-01
-2.564196120980000160e-01 -4.183378773390000194e-01
-1.015998205199999949e-02 -4.989271617769999723e-01
-3.110446501399999897e-01 -4.846159408999999862e-01
-3.141708054869999933e-01 -3.764702047360000137e-01
-2.263610582049999931e-01 -3.315200226150000207e-01
-2.550829237800000260e-01 -2.094188416760000004e-01
-3.891013739279999828e-01 -4.292591417180000035e-01
-4.665780439059999951e-01 -5.761375300409999900e-01
-4.341392680749999733e-01 -6.435562739610000138e-01
-7.294924476700000160e-02 -7.463043826959999683e-01
-7.886315034900000243e-02 -9.985212023409999471e-01
-2.244260574780000128e-01 -1.000000000000000000e+00
-3.224760584299999899e-01 -9.375757521519999527e-01
5.566941278000000354e-03 -7.071200654829999932e-01
-3.377528599890000094e-01 -7.789078747819999649e-01
-3.941010561070000251e-01 -6.127558947790000543e-01
-3.053649355399999932e-01 -5.227901161989999546e-01
2.302539563000000067e-02 -6.170195628660000153e-01
-3.366751594899999867e-01 -6.229523770839999752e-01
-3.480404433709999856e-01 -4.687986154470000222e-01
-2.505414547759999833e-01 -4.188988151579999819e-01
-7.046771567999999750e-03 -5.007695860999999971e-01
-3.089441752329999957e-01 -4.835356488609999781e-01
-3.087217692790000245e-01 -3.748445372740000225e-01
-2.186091733970000062e-01 -3.309579588029999964e-01
-2.559978816319999906e-01 -2.077158251669999900e-01
-3.902110337610000257e-01 -4.278402224949999777e-01
-4.651292758100000202e-01 -5.763927046219999850e-01
-4.309007026400000218e-01 -6.462390834850000321e-01
-7.554699400400000098e-02 -7.513932083850000110e-01
-8.830022564200000479e-02 -9.999308234360000380e-01
-2.313219987640000030e-01 -1.000000000000000000e+00
-3.255461572830000150e-01 -9.414301627960000030e-01
5.187434442999999847e-03 -7.132223558439999556e-01
-3.432594201249999921e-01 -7.788898193219999655e-01
-3.933730744269999802e-01 -6.078827906639999723e-01
-3.000204898350000149e-01 -5.269144960360000463e-01
2.403309709700000157e-02 -6.229733915359999541e-01
-3.411006127539999988e-01 -6.227746560610000204e-01
-3.477017696529999813e-01 -4.664159552869999725e-01
-2.460062652220000035e-01 -4.255437544540000006e-01
-5.347069117000000267e-03 -5.055023066820000244e-01
-3.101855900809999955e-01 -4.798827419150000217e-01
-3.039224450620000018e-01 -3.720373786110000025e-01
-2.086072495609999911e-01 -3.368537210659999781e-01
