-2.695822022270000229e-01 -1.820276775780000078e-01
-4.255950884310000237e-01 -3.879289115149999745e-01
-5.174647938319999474e-01 -5.264634981429999749e-01
-5.189937205960000188e-01 -5.967097423249999588e-01
-1.690717904969999963e-01 -7.320537407889999848e-01
-2.231498400910000013e-01 -1.000000000000000000e+00
-3.710630159780000104e-01 -9.752998634199999684e-01
-4.645013033040000239e-01 -8.875853771310000528e-01
-7.983177782599999717e-02 -6.893247300789999699e-01
-4.264347433619999905e-01 -7.060508028590000151e-01
-4.533966130090000268e-01 -5.436823150339999966e-01
-3.587384026609999887e-01 -4.764649492920000062e-01
-4.724998642199999821e-02 -5.888327330939999715e-01
-4.011598464100000205e-01 -5.374308800489999705e-01
-3.850609046760000154e-01 -3.988003164369999798e-01
-2.875668713890000006e-01 -3.737524788070000215e-01
-5.644481136599999865e-02 -4.606560457880000126e-01
-3.444288282290000058e-01 -4.054268949920000198e-01
-3.312727017420000197e-01 -3.083381297880000149e-01
-2.466931283450000123e-01 -2.857438834070000211e-01
-2.691105287380000100e-01 -1.821409196200000080e-01
-4.254249872509999753e-01 -3.883503213419999822e-01
-5.177352702819999486e-01 -5.265493723859999697e-01
-5.206776258699999937e-01 -5.957156348040000271e-01
-1.690842167000000118e-01 -7.319572137559999803e-01
-2.233494937090000076e-01 -1.000000000000000000e+00
-3.708424349059999958e-01 -9.730990748690000469e-01
-4.634389929089999804e-01 -8.842429883200000340e-01
-7.972030782199999999e-02 -6.876226021360000162e-01
-4.288937749549999734e-01 -7.050425106850000123e-01
-4.588243398790000094e-01 -5.410175008540000219e-01
-3.655967713689999843e-01 -4.715089427440000147e-01
-4.686872398099999754e-02 -5.859848213030000030e-01
-4.037158338190000029e-01 -5.388377159620000301e-01
-3.896132513159999977e-01 -3.987281239330000004e-01
-2.926907072580000047e-01 -3.703082526989999734e-01
-5.567761151799999891e-02 -4.570400966750000071e-01
-3.469145547670000052e-01 -4.062139943679999865e-01
-3.361072918790000141e-01 -3.069766607439999850e-01
-2.526358442669999760e-01 -2.800736545699999969e-01
-2.697785593800000048e-01 -1.817805692139999874e-01
-4.257064446280000025e-01 -3.878324659940000085e-01
-5.200420150979999656e-01 -5.253978394289999798e-01
-5.276257880820000024e-01 -5.952438718010000240e-01
-1.701767457439999909e-01 -7.308458529229999723e-01
-2.243970857410000075e-01 -1.000000000000000000e+00
-3.715215159890000174e-01 -9.763779205400000549e-01
-4.647096627549999748e-01 -8.897957147470000328e-01
-7.942815442200000520e-02 -6.866608764310000446e-01
-4.300086375000000127e-01 -7.080895811649999816e-01
-4.577839667899999965e-01 -5.439537738220000529e-01
-3.626415915969999904e-01 -4.744598930480000143e-01
-4.512488485300000102e-02 -5.858051178980000495e-01
-4.027562478319999806e-01 -5.422474248999999968e-01
-3.885772529879999992e-01 -4.007452176719999981e-01
-2.908926294129999812e-01 -3.719319527689999849e-01
-5.233482874499999910e-02 -4.574162150519999748e-01
-3.433082343369999734e-01 -4.105869432579999923e-01
-3.332020241900000013e-01 -3.119345368409999764e-01
-2.499785378459999929e-01 -2.853952553569999995e-01
-2.704266941510000133e-01 -1.840155762390000005e-01
-4.275380264479999859e-01 -3.911244607520000249e-01
-5.206426758850000169e-01 -5.297194838380000492e-01
-5.250725207159999686e-01 -6.013362178429999538e-01
-1.740516316580000000e-01 -7.339953981639999459e-01
-2.252701093670000099e-01 -1.000000000000000000e+00
-3.721915734649999807e-01 -9.777138147389999867e-01
-4.669612909720000093e-01 -8.900856954460000248e-01
-8.398060856599999513e-02 -6.903556265529999791e-01
-4.300306994829999896e-01 -7.068683411809999484e-01
-4.605019141300000229e-01 -5.446068979299999446e-01
-3.693852585340000050e-01 -4.732500167609999808e-01
-4.940534616299999821e-02 -5.888846728600000136e-01
-4.031520579840000007e-01 -5.394467374179999775e-01
-3.894090491860000003e-01 -4.000967054540000012e-01
-2.934387445750000212e-01 -3.702140598759999790e-01
-5.493154983399999719e-02 -4.593280779889999943e-01
-3.443989008080000080e-01 -4.089644347599999952e-01
-3.353810024030000059e-01 -3.117824885320000239e-01
-2.535975141799999832e-01 -2.848404869669999839e-01
-2.719855918740000100e-01 -1.833914596829999966e-01
-4.289557789230000195e-01 -3.880966170349999800e-01
-5.216311687589999524e-01 -5.255725263280000004e-01
-5.249302991840000265e-01 -5.980528439829999598e-01
-1.660459109970000013e-01 -7.312869628079999851e-01
-2.189800934510000019e-01 -1.000000000000000000e+00
-3.670061651889999776e-01 -9.744424270199999460e-01
-4.612941202859999756e-01 -8.867651938959999480e-01
-7.447237205899999435e-02 -6.879016196199999600e-01
-4.247159295149999791e-01 -7.032059403899999506e-01
-4.539327593929999849e-01 -5.375347737240000479e-01
-3.605065389270000198e-01 -4.709946737319999910e-01
-3.981146894999999797e-02 -5.876752201739999792e-01
-3.978389152460000133e-01 -5.362004749409999826e-01
-3.829614838170000146e-01 -3.955223923519999851e-01
-2.858717888399999740e-01 -3.704431827399999877e-01
-4.829596050599999774e-02 -4.602081333560000265e-01
-3.386639144840000171e-01 -4.053581010630000203e-01
-3.269901421010000253e-01 -3.070989296280000058e-01
-2.430205725479999967e-01 -2.844003218419999812e-01
-2.687648294070000277e-01 -1.831616238079999959e-01
-4.270232298130000048e-01 -3.885552980509999754e-01
-5.212671084469999716e-01 -5.257593067810000242e-01
-5.284807000450000292e-01 -5.938532803239999769e-01
-1.716636221510000060e-01 -7.345384621639999834e-01
-2.296993864369999971e-01 -1.000000000000000000e+00
-3.765530308939999959e-01 -9.778077372779999665e-01
-4.710730012450000115e-01 -8.920219734659999844e-01
-7.987694060699999932e-02 -6.896864850489999865e-01
-4.288756728450000000e-01 -7.069236305420000255e-01
-4.591441698800000082e-01 -5.440135931520000412e-01
-3.690457920610000220e-01 -4.715405248649999770e-01
-4.434428205299999898e-02 -5.867369635700000474e-01
-4.019442593559999777e-01 -5.402236155840000054e-01
-3.886571296549999888e-01 -4.003275687200000266e-01
-2.936032988450000270e-01 -3.697490201110000263e-01
-5.002737773600000187e-02 -4.565296926060000149e-01
-3.421654142889999917e-01 -4.080958859430000030e-01
-3.350401758780000017e-01 -3.090597343090000226e-01
-2.550039884840000215e-01 -2.800975885409999755e-01
-2.680296487350000145e-01 -1.818050269890000015e-01
-4.271139273499999778e-01 -3.833208715840000225e-01
-5.240211148129999552e-01 -5.197757679319999768e-01
-5.252650995069999551e-01 -5.907289636220000029e-01
-1.713000908489999974e-01 -7.327729096120000341e-01
-2.297244322620000112e-01 -1.000000000000000000e+00
-3.755235589650000039e-01 -9.829820034520000416e-01
-4.716417630240000158e-01 -8.993662739919999760e-01
-7.956399400300000202e-02 -6.899587661099999547e-01
-4.298651158499999791e-01 -7.041524523890000387e-01
-4.605329344610000208e-01 -5.424397133520000303e-01
-3.722396742879999776e-01 -4.698630122149999866e-01
-4.368907747800000047e-02 -5.883806428529999577e-01
-3.999419935940000115e-01 -5.398096403040000268e-01
-3.854847753039999936e-01 -4.007269815360000043e-01
-2.915532924229999878e-01 -3.708017412030000237e-01
-5.066139939599999947e-02 -4.592232894039999791e-01
-3.403282560879999918e-01 -4.071372430369999962e-01
-3.300709904549999907e-01 -3.085536944969999862e-01
-2.487640122479999882e-01 -2.812799005270000263e-01
-2.646005543489999834e-01 -1.806623565649999874e-01
-4.235458946830000238e-01 -3.840277627220000101e-01
-5.200114280809999823e-01 -5.232833667940000044e-01
-5.262115958409999683e-01 -5.948177601640000089e-01
-1.705618983330000060e-01 -7.331403037879999918e-01
-2.328091929570000052e-01 -1.000000000000000000e+00
-3.795284133799999848e-01 -9.862235008949999937e-01
-4.769238996740000069e-01 -9.030482913520000432e-01
-7.844818988700000273e-02 -6.900051744349999794e-01
-4.312678473439999771e-01 -7.078615997680000049e-01
-4.615582372040000214e-01 -5.469587187059999911e-01
-3.731522955650000140e-01 -4.701562303519999930e-01
-4.275971784399999753e-02 -5.882241137329999869e-01
-4.014118402049999812e-01 -5.443998306020000344e-01
-3.871372415250000087e-01 -4.030724290789999831e-01
-2.935033862679999883e-01 -3.686290493930000078e-01
-4.971938086000000229e-02 -4.584492883710000188e-01
-3.414157619839999769e-01 -4.125787908879999799e-01
-3.338553056510000228e-01 -3.117475569590000273e-01
-2.552449449290000172e-01 -2.798133445489999760e-01
-2.675613814539999913e-01 -1.815086766890000036e-01
-4.284986159670000072e-01 -3.832399587670000107e-01
-5.261065995189999622e-01 -5.205576463030000545e-01
-5.295297110940000440e-01 -5.919453258339999469e-01
-1.741419454860000104e-01 -7.325265988650000448e-01
-2.380634189420000046e-01 -1.000000000000000000e+00
-3.864251788829999867e-01 -9.862978423710000442e-01
-4.866410041740000247e-01 -9.013102995030000120e-01
-8.268270429099999763e-02 -6.899808489180000448e-01
-4.337675069329999800e-01 -7.032065970930000409e-01
-4.598300199020000090e-01 -5.416792847700000468e-01
-3.694845695510000083e-01 -4.668696985440000113e-01
-4.622766969199999798e-02 -5.883523744099999897e-01
-4.033872832700000077e-01 -5.387612587879999637e-01
-3.864571804890000184e-01 -3.990047018499999765e-01
-2.925411412819999835e-01 -3.675320378129999788e-01
-5.221042781500000174e-02 -4.588077517240000125e-01
-3.404739568010000106e-01 -4.096671647399999783e-01
-3.312646270899999856e-01 -3.095919730139999881e-01
-2.529182368360000099e-01 -2.796558198329999745e-01
-2.721279591069999948e-01 -1.845853045549999960e-01
-4.311654397520000015e-01 -3.902736879029999884e-01
-5.276103598519999993e-01 -5.287945444760000502e-01
-5.333686396590000545e-01 -6.008345474720000468e-01
-1.724299791739999921e-01 -7.331738935270000201e-01
-2.438163118710000021e-01 -1.000000000000000000e+00
-3.921803069290000221e-01 -9.829600521700000426e-01
-4.900467712039999757e-01 -8.980839785349999937e-01
-8.132126956400000106e-02 -6.900243224580000501e-01
-4.367893851840000119e-01 -7.008575720749999904e-01
-4.596069693600000061e-01 -5.378610986420000462e-01
-3.683320838690000154e-01 -4.670125389720000131e-01
-4.542950513300000187e-02 -5.884694939989999485e-01
-4.061077233939999753e-01 -5.362148250570000219e-01
-3.870659223690000039e-01 -3.955982360770000095e-01
-2.935403553820000178e-01 -3.655875686889999976e-01
-5.207441117900000332e-02 -4.593339937779999937e-01
-3.424219055619999730e-01 -4.073461547169999752e-01
-3.321859745230000271e-01 -3.064959284489999769e-01
-2.544853454550000116e-01 -2.777746968620000145e-01
-2.679657529239999891e-01 -1.788840154899999924e-01
-4.262370961229999811e-01 -3.804457384420000254e-01
-5.207654645339999666e-01 -5.202117072340000092e-01
-5.289999388249999601e-01 -5.957856840570000534e-01
-1.750097889320000044e-01 -7.311328838049999668e-01
-2.438696394140000001e-01 -1.000000000000000000e+00
-3.924646551550000084e-01 -9.863239604679999717e-01
-4.921301622020000099e-01 -9.012997809870000321e-01
-8.303339352399999318e-02 -6.900242923749999591e-01
-4.345147980280000266e-01 -7.045224284729999509e-01
-4.589160135729999923e-01 -5.402354032989999943e-01
-3.679559495190000140e-01 -4.669190078570000235e-01
-4.633758874399999950e-02 -5.904430695229999637e-01
-4.024431899429999904e-01 -5.410970126049999829e-01
-3.848323762470000076e-01 -3.986328881469999863e-01
-2.905577770819999794e-01 -3.673852581879999968e-01
-5.174982096200000242e-02 -4.623951609779999861e-01
-3.390522114299999723e-01 -4.113541088329999984e-01
-3.298852557749999970e-01 -3.098264855199999723e-01
-2.517323369369999786e-01 -2.807684113450000241e-01
-2.723303458240000086e-01 -1.820295368379999945e-01
-4.328622320869999762e-01 -3.834007038430000125e-01
-5.298057790939999512e-01 -5.212548696159999828e-01
-5.313860273239999765e-01 -5.988236755739999584e-01
-1.753134335969999957e-01 -7.327387082240000016e-01
-2.487135022510000015e-01 -1.000000000000000000e+00
-4.001091018049999781e-01 -9.857780555359999530e-01
-5.019215895690000151e-01 -9.020222447210000105e-01
-8.352562743699999681e-02 -6.918689712609999987e-01
-4.376102167629999928e-01 -7.025554843779999725e-01
-4.605257467519999759e-01 -5.375199389289999630e-01
-3.685706485829999823e-01 -4.688751432070000225e-01
-4.726042683900000263e-02 -5.921560802580000393e-01
-4.054604188850000068e-01 -5.392815730119999706e-01
-3.860402589720000055e-01 -3.974222454160000195e-01
-2.908477273960000109e-01 -3.710666588670000210e-01
-5.427645868400000212e-02 -4.641703088640000141e-01
-3.416925279069999988e-01 -4.104718908880000128e-01
-3.293279784450000025e-01 -3.101144960789999905e-01
-2.490366953519999871e-01 -2.850677547109999876e-01
-2.726113386319999887e-01 -1.813326195520000017e-01
-4.333813526959999773e-01 -3.843067767009999969e-01
-5.302583937329999886e-01 -5.247002630229999909e-01
-5.289079291699999574e-01 -6.025681482579999804e-01
-1.729443873660000131e-01 -7.320405084300000143e-01
-2.490717307249999957e-01 -1.000000000000000000e+00
-4.000823244280000135e-01 -9.842015790089999605e-01
-4.996764290580000267e-01 -9.005115181620000353e-01
-8.189575351700000005e-02 -6.919527823369999719e-01
-4.388102627480000018e-01 -7.038637870310000544e-01
-4.626464743329999907e-01 -5.366921332809999612e-01
-3.706902525519999991e-01 -4.683645005109999815e-01
-4.679304640200000059e-02 -5.930655750879999522e-01
-4.058117993149999991e-01 -5.399131332850000131e-01
-3.880489103329999856e-01 -3.968294902510000055e-01
-2.936319407770000001e-01 -3.713878508769999920e-01
-5.622987403400000334e-02 -4.657023134289999811e-01
-3.435149791739999792e-01 -4.096392910409999977e-01
-3.315893858300000274e-01 -3.080611300180000067e-01
-2.516554675830000032e-01 -2.835895875589999893e-01
-2.687619640430000123e-01 -1.776317739069999957e-01
-4.314481371689999900e-01 -3.785273795319999968e-01
-5.306989032269999740e-01 -5.206565635169999595e-01
-5.256255971629999468e-01 -5.981250913410000036e-01
-1.777636563499999933e-01 -7.325636544800000483e-01
-2.564746835100000233e-01 -1.000000000000000000e+00
-4.071170069039999895e-01 -9.832480867770000410e-01
-5.049686722580000175e-01 -8.979877495329999793e-01
-8.647884043299999823e-02 -6.929827313020000545e-01
-4.401147941019999954e-01 -7.075076285339999549e-01
-4.616401097250000252e-01 -5.404085734479999736e-01
-3.682197330149999948e-01 -4.702199854090000075e-01
-4.955127444400000275e-02 -5.945278374829999768e-01
-4.068216326329999744e-01 -5.462747642780000357e-01
-3.882391698950000136e-01 -4.019914200759999723e-01
-2.940970777169999995e-01 -3.730670994449999944e-01
-5.730019918200000145e-02 -4.676133677050000048e-01
-3.436622294510000009e-01 -4.151440556700000117e-01
-3.327195041609999904e-01 -3.118510469479999769e-01
-2.544086055390000212e-01 -2.832761160119999788e-01
-2.705594391339999905e-01 -1.728082135189999979e-01
-4.367858420910000206e-01 -3.702336328559999723e-01
-5.363154997850000383e-01 -5.152228238749999578e-01
-5.317780559750000524e-01 -5.997358853380000410e-01
-1.902290644330000002e-01 -7.274185086179999482e-01
-2.780586613939999840e-01 -1.000000000000000000e+00
-4.265506970769999961e-01 -9.780521122569999504e-01
-5.211124975790000224e-01 -8.872939907819999972e-01
-9.806203132000000655e-02 -6.914331763619999682e-01
-4.446343516829999731e-01 -7.006994072229999482e-01
-4.655061091639999815e-01 -5.350163212930000300e-01
-3.766609844550000141e-01 -4.695587812679999917e-01
-5.866526641900000200e-02 -5.965972366120000370e-01
-4.098559630240000140e-01 -5.320487342959999699e-01
-3.869782236100000050e-01 -3.887016196990000227e-01
-2.927583529460000000e-01 -3.648463501190000180e-01
-6.346002889099999766e-02 -4.728098253910000270e-01
-3.443235411380000111e-01 -4.034103144990000001e-01
-3.286055143739999851e-01 -2.995748288330000175e-01
-2.477507246279999908e-01 -2.756017909490000029e-01
-2.699367888060000276e-01 -1.715587688820000012e-01
-4.378340459830000198e-01 -3.663340419239999868e-01
-5.395851249219999479e-01 -5.082517448250000180e-01
-5.373232941690000430e-01 -5.940862531880000130e-01
-1.913249238730000135e-01 -7.304010031969999650e-01
-2.873473926560000113e-01 -1.000000000000000000e+00
-4.373061396430000247e-01 -9.772591219520000427e-01
-5.325604706750000084e-01 -8.861564145650000501e-01
-9.613057777899999823e-02 -6.920130979099999857e-01
-4.488753577649999826e-01 -6.976674560469999786e-01
-4.679808034590000054e-01 -5.313356890789999731e-01
-3.776560287710000186e-01 -4.667542232870000030e-01
-5.376760094900000231e-02 -5.952954795320000159e-01
-4.094737118930000253e-01 -5.312505240779999971e-01
-3.858915621069999857e-01 -3.868611403619999778e-01
-2.910560562160000031e-01 -3.634801394200000146e-01
-5.641170200199999846e-02 -4.703865688960000013e-01
-3.398706707240000124e-01 -4.030586776649999758e-01
-3.237765272329999888e-01 -2.982180827750000041e-01
-2.419243090219999892e-01 -2.738878712350000244e-01
-2.692450046829999999e-01 -1.673071115379999863e-01
-4.379777830609999922e-01 -3.609550476289999921e-01
-5.407583224269999489e-01 -5.007102537909999818e-01
-5.402014159689999540e-01 -5.849677361759999528e-01
-1.937178672659999878e-01 -7.293004757550000106e-01
-3.000927712850000040e-01 -1.000000000000000000e+00
-4.528687223349999735e-01 -9.754232749490000520e-01
-5.503270590640000348e-01 -8.822400315249999680e-01
-9.743417868600000309e-02 -6.915933165650000047e-01
-4.551732235579999952e-01 -6.979650247780000427e-01
-4.715790775020000103e-01 -5.300078467180000530e-01
-3.809562931859999946e-01 -4.645989191530000006e-01
-5.313478356399999741e-02 -5.956611910800000409e-01
-4.156253339920000234e-01 -5.251943322590000296e-01
-3.900638752830000167e-01 -3.798712351870000004e-01
-2.944242381650000184e-01 -3.568505766130000145e-01
-5.342468007600000013e-02 -4.702281343240000133e-01
-3.416803038569999895e-01 -3.972684002310000184e-01
-3.270588196750000010e-01 -2.929125510889999950e-01
-2.463723263460000090e-01 -2.700997788289999924e-01
-2.738744015219999883e-01 -1.647756864630000040e-01
-4.442852299019999784e-01 -3.571047386430000192e-01
-5.490986825860000309e-01 -4.942817452380000032e-01
-5.592558422479999569e-01 -5.749461008830000219e-01
-2.041053686369999898e-01 -7.315487823449999816e-01
-3.201104819039999883e-01 -1.000000000000000000e+00
-4.721263232590000025e-01 -9.700928814639999676e-01
-5.672456964040000216e-01 -8.769406394209999789e-01
-1.045396981360000033e-01 -6.962176927259999815e-01
-4.635899440269999894e-01 -6.929558856399999911e-01
-4.735508899690000217e-01 -5.210464675960000402e-01
-3.809083952289999964e-01 -4.625396987759999856e-01
-5.807876903300000088e-02 -6.017397534480000143e-01
-4.224477449969999965e-01 -5.214476528189999627e-01
-3.923153595319999742e-01 -3.745915730000000110e-01
-2.949298852069999755e-01 -3.580877752830000094e-01
-5.831916528100000024e-02 -4.770340279020000018e-01
-3.477198383949999805e-01 -3.940027089600000032e-01
-3.272770059730000236e-01 -2.890232519900000074e-01
-2.431974590219999899e-01 -2.724641031110000000e-01
-2.757759908699999873e-01 -1.629928598660000116e-01
-4.484848179900000065e-01 -3.538875609420000234e-01
-5.547622402020000454e-01 -4.894007899019999774e-01
-5.678394632009999832e-01 -5.676020408159999642e-01
-2.131094054980000041e-01 -7.364713636930000362e-01
-3.362094344639999788e-01 -1.000000000000000000e+00
-4.855017944059999979e-01 -9.634729631499999725e-01
-5.746076537119999550e-01 -8.680208029960000404e-01
-1.121908329410000044e-01 -6.999200567800000217e-01
-4.708882566829999949e-01 -6.856645024869999494e-01
-4.760641929359999969e-01 -5.136785483419999965e-01
-3.791904335699999851e-01 -4.585215743100000130e-01
-6.392783938000000388e-02 -6.032442562819999576e-01
-4.268069160599999856e-01 -5.185710378829999634e-01
-3.959529571200000042e-01 -3.721894083080000137e-01
-2.987341879550000079e-01 -3.548961004519999851e-01
-6.097892805999999971e-02 -4.767193859789999877e-01
-3.493304619679999945e-01 -3.934387364410000254e-01
-3.296186324629999942e-01 -2.868968593349999763e-01
-2.473499261640000058e-01 -2.672493553629999852e-01
-2.763156935930000113e-01 -1.640283321250000093e-01
-4.508676709430000096e-01 -3.544921086419999812e-01
-5.562462924100000095e-01 -4.911165800989999997e-01
-5.660836291099999862e-01 -5.682853187530000350e-01
-2.188539485390000039e-01 -7.402615199819999603e-01
-3.428873725820000273e-01 -1.000000000000000000e+00
-4.932852555500000236e-01 -9.611952386400000048e-01
-5.814574357599999743e-01 -8.640775262440000271e-01
-1.154683729749999971e-01 -7.039172081419999838e-01
-4.720274872390000098e-01 -6.844113235109999804e-01
-4.788481398259999966e-01 -5.110718741249999919e-01
-3.814326800739999968e-01 -4.561961911440000073e-01
-6.506016439799999773e-02 -6.063172208710000399e-01
-4.242323568520000032e-01 -5.151833306290000136e-01
-3.951650964849999781e-01 -3.678073862860000154e-01
-2.973299698519999978e-01 -3.516121409540000076e-01
-6.000701031100000304e-02 -4.784507302609999901e-01
-3.462583891859999929e-01 -3.892782101430000141e-01
-3.276001166499999950e-01 -2.830363121899999723e-01
-2.445665506860000005e-01 -2.655173762460000253e-01
-2.749142391700000188e-01 -1.624111497090000023e-01
-4.473809289890000040e-01 -3.534776100099999985e-01
-5.512572697500000007e-01 -4.905597639240000252e-01
-5.598663501709999490e-01 -5.698024427610000053e-01
-2.150540106840000132e-01 -7.426295654710000083e-01
-3.497923056489999905e-01 -1.000000000000000000e+00
-4.987860648140000075e-01 -9.583422296850000466e-01
-5.853070791669999773e-01 -8.607000042700000408e-01
-1.106138776319999933e-01 -7.068205429430000075e-01
-4.667722383660000141e-01 -6.879422357769999774e-01
-4.693591730169999754e-01 -5.152592712919999984e-01
-3.723551457440000267e-01 -4.637806752429999846e-01
-5.909516712400000177e-02 -6.090546893449999555e-01
-4.202755992709999999e-01 -5.191643093200000170e-01
-3.896895688370000110e-01 -3.727706240329999865e-01
-2.931228190249999810e-01 -3.580633495889999907e-01
-5.403994902400000022e-02 -4.809363252150000156e-01
-3.416823167799999950e-01 -3.900502008060000025e-01
-3.221173108020000120e-01 -2.829120469090000145e-01
-2.402433026520000015e-01 -2.661050343840000165e-01
-2.834102943469999913e-01 -1.639995456810000030e-01
-4.604270953919999965e-01 -3.507552308790000128e-01
-5.690947935539999447e-01 -4.828600462889999778e-01
-5.850566507779999537e-01 -5.667427626680000552e-01
-2.269645618289999889e-01 -7.475998167680000250e-01
-3.652630151119999891e-01 -1.000000000000000000e+00
-5.159144445259999934e-01 -9.589955628630000284e-01
-6.029204316640000005e-01 -8.609757638620000320e-01
-1.219330239849999997e-01 -7.089040596150000262e-01
-4.824613884880000203e-01 -6.925411877449999531e-01
-4.850328566739999792e-01 -5.202943147640000099e-01
-3.873005175279999879e-01 -4.679771727040000218e-01
-6.895636652700000424e-02 -6.094194564560000416e-01
-4.343121510649999850e-01 -5.188627571620000323e-01
-4.029639079299999760e-01 -3.710393911520000199e-01
-3.051077090639999767e-01 -3.554688704669999866e-01
-6.181984027100000112e-02 -4.795308775509999899e-01
-3.525223129269999811e-01 -3.902586085640000202e-01
-3.329862753899999750e-01 -2.847168890249999751e-01
-2.502290276540000136e-01 -2.688014165140000244e-01
-2.841159918350000257e-01 -1.652260429400000119e-01
-4.594928609749999726e-01 -3.605274033190000171e-01
-5.658187765540000358e-01 -4.997454879620000234e-01
-5.757176081449999483e-01 -5.829902581550000518e-01
-2.307035065159999954e-01 -7.499500038669999480e-01
-3.741232299460000021e-01 -1.000000000000000000e+00
-5.220820786469999586e-01 -9.597700298710000189e-01
-6.066487506300000110e-01 -8.646170417030000221e-01
-1.275173279650000102e-01 -7.144519185219999624e-01
-4.887365206800000084e-01 -6.861686075030000165e-01
-4.842058539679999773e-01 -5.137214463170000078e-01
-3.841610235990000066e-01 -4.666083227400000255e-01
-7.538490477299999992e-02 -6.172531671269999576e-01
-4.387481411310000246e-01 -5.197750566719999687e-01
-4.031712350950000245e-01 -3.733378929000000235e-01
-3.061204329819999792e-01 -3.606403855170000061e-01
-6.878017893500000535e-02 -4.893834494980000005e-01
-3.568511518949999961e-01 -3.942015360750000252e-01
-3.344739299119999787e-01 -2.879402680640000267e-01
-2.529593884379999769e-01 -2.733888255170000003e-01
-2.860404615109999882e-01 -1.648666537190000003e-01
-4.611956164370000222e-01 -3.574722282519999794e-01
-5.674637866049999646e-01 -4.970241481870000255e-01
-5.871409221829999581e-01 -5.848161561689999566e-01
-2.331218732589999953e-01 -7.504171950629999754e-01
-3.760310043269999847e-01 -1.000000000000000000e+00
-5.244594743839999795e-01 -9.614521663299999688e-01
-6.081795874640000266e-01 -8.646790587499999514e-01
-1.275359404689999920e-01 -7.138668707890000187e-01
-4.902802753630000065e-01 -6.907276445519999752e-01
-4.905952947660000008e-01 -5.159155632230000288e-01
-3.906687434389999880e-01 -4.594573227159999829e-01
-7.407272002499999675e-02 -6.154313808379999751e-01
-4.388862104119999885e-01 -5.197990761159999584e-01
-4.064349466400000166e-01 -3.683356754139999745e-01
-3.082809126120000243e-01 -3.474598514019999751e-01
-6.560477099000000534e-02 -4.853039944859999788e-01
-3.554722815679999814e-01 -3.927784696120000252e-01
-3.388976098079999888e-01 -2.835855545020000146e-01
-2.593747088269999779e-01 -2.632524839390000260e-01
-2.865029004760000220e-01 -1.627839359100000105e-01
-4.641356278820000236e-01 -3.539228880470000060e-01
-5.735845049650000194e-01 -4.914483540740000045e-01
-5.933256834750000319e-01 -5.768223069569999861e-01
-2.313755234390000026e-01 -7.519106459769999695e-01
-3.758294589489999948e-01 -1.000000000000000000e+00
-5.272144674980000500e-01 -9.577059307080000305e-01
-6.127319732820000198e-01 -8.598509923949999578e-01
-1.251979372179999883e-01 -7.136586731130000194e-01
-4.895255007409999859e-01 -6.964307169000000242e-01
-4.903735451199999762e-01 -5.219137817290000481e-01
-3.894361502909999828e-01 -4.646943713050000202e-01
-7.128330652599999817e-02 -6.130498622990000479e-01
-4.385938299050000100e-01 -5.243433584259999947e-01
-4.078989320190000156e-01 -3.739059419640000104e-01
-3.097072161500000198e-01 -3.539069604139999936e-01
-6.313928294300000243e-02 -4.815056820679999849e-01
-3.557597219499999963e-01 -3.926761984870000277e-01
-3.413062114320000173e-01 -2.839512629729999960e-01
-2.623913222989999738e-01 -2.641014498359999796e-01
-2.849256573280000149e-01 -1.614164050380000048e-01
-4.593316019459999788e-01 -3.509548219279999826e-01
-5.664125199520000375e-01 -4.883204810949999808e-01
-5.893736355709999764e-01 -5.738773749629999532e-01
-2.284196856119999897e-01 -7.493074883410000275e-01
-3.697238509790000127e-01 -1.000000000000000000e+00
-5.212555197739999757e-01 -9.517115373810000056e-01
-6.062896401089999943e-01 -8.508731608849999795e-01
-1.237526282179999965e-01 -7.106494417740000236e-01
-4.818950504839999982e-01 -6.920661590669999752e-01
-4.833429586729999783e-01 -5.159330872330000206e-01
-3.834322934550000173e-01 -4.587166312850000094e-01
-7.049442406399999972e-02 -6.099986484220000227e-01
-4.329330182000000193e-01 -5.197393948940000064e-01
-4.022770394610000189e-01 -3.704923984819999960e-01
-3.044860408089999915e-01 -3.500015230130000266e-01
-6.110429709500000278e-02 -4.794912922699999802e-01
-3.498433541709999872e-01 -3.887690122140000093e-01
-3.346562881380000243e-01 -2.804289171620000243e-01
-2.558358562540000158e-01 -2.603825471599999775e-01
-2.849318697029999958e-01 -1.657550253039999921e-01
-4.596894899250000277e-01 -3.580383634550000083e-01
-5.646608039370000220e-01 -4.955530945780000085e-01
-5.783225423900000273e-01 -5.791179119439999745e-01
-2.258054266220000106e-01 -7.495031316329999749e-01
-3.639460450520000112e-01 -1.000000000000000000e+00
-5.166842275240000060e-01 -9.578033898559999981e-01
-6.061782521190000050e-01 -8.596129840249999710e-01
-1.192708071250000029e-01 -7.116206897910000162e-01
-4.786950308749999827e-01 -6.897664188880000546e-01
-4.775128164210000192e-01 -5.140550692980000447e-01
-3.775876449650000244e-01 -4.578555985050000166e-01
-6.369840523599999693e-02 -6.118335854890000203e-01
-4.288417686459999878e-01 -5.171747961760000400e-01
-3.947582156439999879e-01 -3.684329321529999923e-01
-2.966967838010000080e-01 -3.495585999510000264e-01
-5.278526915199999864e-02 -4.816226710220000151e-01
-3.445953747480000051e-01 -3.878702700989999919e-01
-3.267558141229999769e-01 -2.796060994189999982e-01
-2.464951042930000058e-01 -2.609153258929999830e-01
-2.880413596670000076e-01 -1.625687235050000123e-01
-4.637101627870000020e-01 -3.527928327709999867e-01
-5.698084690469999991e-01 -4.880685984559999802e-01
-5.792895262989999905e-01 -5.689943977520000029e-01
-2.261614270650000036e-01 -7.466895400340000100e-01
-3.627024435410000081e-01 -1.000000000000000000e+00
-5.147054029569999578e-01 -9.573773761620000267e-01
-6.021803143439999895e-01 -8.590786923990000323e-01
-1.210459849779999958e-01 -7.086744978829999653e-01
-4.778198041980000199e-01 -6.913820928280000055e-01
-4.776160157900000147e-01 -5.162850981269999640e-01
-3.774120083379999824e-01 -4.614641609560000135e-01
-6.652944192300000448e-02 -6.085627466899999893e-01
-4.282824190880000215e-01 -5.178288185099999552e-01
-3.964523602719999817e-01 -3.703815659620000034e-01
-2.993309488440000221e-01 -3.544053588000000143e-01
-5.733968767599999933e-02 -4.785811502680000218e-01
-3.454339271879999784e-01 -3.865965055239999892e-01
-3.253445339650000157e-01 -2.800896947309999829e-01
-2.427873450699999935e-01 -2.646277517910000099e-01
-2.841054195520000270e-01 -1.586805891530000123e-01
-4.622064798759999982e-01 -3.465677900920000054e-01
-5.711344620520000248e-01 -4.799816959559999874e-01
-5.947635918850000536e-01 -5.555559690660000216e-01
-2.347965610809999992e-01 -7.510190192110000051e-01
-3.758175103520000060e-01 -1.000000000000000000e+00
-5.269971732420000166e-01 -9.557375208720000348e-01
-6.125520919910000250e-01 -8.558703818109999473e-01
-1.272459825380000131e-01 -7.100668987699999546e-01
-4.871326889179999897e-01 -6.966366706119999641e-01
-4.922219699809999849e-01 -5.196129603300000399e-01
-3.938023245910000081e-01 -4.570524844130000042e-01
-7.126771582599999988e-02 -6.060190905410000051e-01
-4.346402127430000206e-01 -5.206131389670000109e-01
-4.079186442809999980e-01 -3.693741890019999752e-01
-3.115759589930000018e-01 -3.451376121749999970e-01
-6.034938333200000338e-02 -4.717245622780000258e-01
-3.531752234400000190e-01 -3.837000034729999842e-01
-3.399409217480000023e-01 -2.735860730470000002e-01
-2.600863492730000059e-01 -2.501623545789999903e-01
-2.868136137100000260e-01 -1.600825051330000137e-01
-4.619320288939999797e-01 -3.508094630560000260e-01
-5.704298554760000028e-01 -4.850832242929999927e-01
-5.944284933479999644e-01 -5.669043392939999704e-01
-2.293018654879999951e-01 -7.511630564839999469e-01
-3.745953850929999995e-01 -1.000000000000000000e+00
-5.268373109999999748e-01 -9.553016078860000482e-01
-6.133871550010000506e-01 -8.547130629760000264e-01
-1.230394211059999965e-01 -7.120770659520000434e-01
-4.850210266800000225e-01 -6.941028888460000212e-01
-4.844792854739999877e-01 -5.178462832650000403e-01
-3.829670800989999901e-01 -4.600640790900000221e-01
-6.832107133299999968e-02 -6.102638500479999895e-01
-4.330362619859999818e-01 -5.229858274959999775e-01
-4.019300955849999801e-01 -3.731478911509999996e-01
-3.038568998789999975e-01 -3.527742856409999961e-01
-5.825386940399999991e-02 -4.781152257419999940e-01
-3.490210743650000169e-01 -3.897610289969999919e-01
-3.316817275589999947e-01 -2.812915023290000205e-01
-2.506002976669999827e-01 -2.614919807839999888e-01
-2.872067791290000005e-01 -1.605468613430000024e-01
-4.672327335740000254e-01 -3.512433505009999735e-01
-5.776808867089999744e-01 -4.858112680409999995e-01
-5.971794029129999792e-01 -5.649207887020000207e-01
-2.309218385859999889e-01 -7.500816158780000409e-01
-3.760575814709999909e-01 -1.000000000000000000e+00
-5.283347071939999973e-01 -9.547360905330000147e-01
-6.131734734279999932e-01 -8.553011474389999869e-01
-1.252022527689999887e-01 -7.094123579100000132e-01
-4.858010126430000186e-01 -6.931287277790000312e-01
-4.874704671719999882e-01 -5.178757030189999888e-01
-3.875761547489999792e-01 -4.620504425749999977e-01
-7.143537506399999515e-02 -6.063336407360000457e-01
-4.353881681189999964e-01 -5.210067071859999510e-01
-4.059424335490000035e-01 -3.735949910149999886e-01
-3.094327133220000081e-01 -3.543227669060000085e-01
-6.275174607200000032e-02 -4.738320305609999838e-01
-3.530779273010000163e-01 -3.872236383820000238e-01
-3.364108333260000250e-01 -2.806287180670000159e-01
-2.560503612569999810e-01 -2.615940773520000207e-01
-2.828550008030000229e-01 -1.586825558899999933e-01
-4.568902346109999790e-01 -3.466157204820000115e-01
-5.641622484260000459e-01 -4.786220605320000154e-01
-5.899336231489999971e-01 -5.554662348819999762e-01
-2.281447637039999976e-01 -7.506047788070000504e-01
-3.734938464409999770e-01 -1.000000000000000000e+00
-5.263869830890000046e-01 -9.536809693240000385e-01
-6.124547576200000121e-01 -8.540018168799999865e-01
-1.210396014929999986e-01 -7.097304857220000374e-01
-4.820071491919999951e-01 -6.960305552829999520e-01
-4.819534998250000202e-01 -5.195985774110000177e-01
-3.802426882989999868e-01 -4.624654188790000009e-01
-6.619990163399999683e-02 -6.061032110780000259e-01
-4.303667330420000159e-01 -5.218703381270000108e-01
-4.003010268080000045e-01 -3.722824375089999749e-01
-3.020791848609999941e-01 -3.519596324759999839e-01
-5.652779067000000129e-02 -4.728016737979999773e-01
-3.472774305369999981e-01 -3.869193935079999758e-01
-3.307433790479999969e-01 -2.800121021790000220e-01
-2.498118582449999903e-01 -2.611069143599999975e-01
-2.889334667199999762e-01 -1.614691625999999935e-01
-4.723523531650000162e-01 -3.516917255690000244e-01
-5.809901278729999730e-01 -4.874322306730000109e-01
-5.884941058989999751e-01 -5.679480940569999747e-01
-2.300895901439999891e-01 -7.517753731240000015e-01
-3.694074622810000208e-01 -1.000000000000000000e+00
-5.227901245099999539e-01 -9.598129534329999935e-01
-6.128089471540000277e-01 -8.630846827739999672e-01
-1.237169267850000004e-01 -7.107904025579999674e-01
-4.861015800929999742e-01 -6.924309221740000408e-01
-4.860856205769999994e-01 -5.167646816730000481e-01
-3.860031829389999891e-01 -4.578529253370000052e-01
-6.848332078999999628e-02 -6.071935809790000027e-01
-4.358384307279999925e-01 -5.181209814760000532e-01
-4.027582914930000202e-01 -3.692452762880000239e-01
-3.053340460189999939e-01 -3.487689577870000113e-01
-5.797263207199999935e-02 -4.730874754300000151e-01
-3.512673993379999970e-01 -3.862451146970000138e-01
-3.335889187689999869e-01 -2.799587778129999927e-01
-2.528659962059999766e-01 -2.601437429069999863e-01
-2.865549609770000061e-01 -1.565498152900000051e-01
-4.641998902830000162e-01 -3.431203891040000009e-01
-5.729289155660000077e-01 -4.762347958320000130e-01
-5.968816109750000320e-01 -5.524722943340000247e-01
-2.399661120419999960e-01 -7.511770786889999663e-01
-3.834937189200000041e-01 -1.000000000000000000e+00
-5.355625906080000442e-01 -9.571584906890000521e-01
-6.219471643080000112e-01 -8.605528808010000086e-01
-1.328493690570000108e-01 -7.115750452560000161e-01
-4.932596995619999980e-01 -6.959177338390000189e-01
-4.934379100849999866e-01 -5.188841670689999797e-01
-3.911745820849999999e-01 -4.642548238579999875e-01
-7.813024750600000568e-02 -6.086123367400000372e-01
-4.414598755410000241e-01 -5.221935395790000545e-01
-4.118687483130000215e-01 -3.709563342539999864e-01
-3.131736692350000073e-01 -3.524435124549999965e-01
-6.878615516500000138e-02 -4.752955404320000077e-01
-3.597098109319999959e-01 -3.854960761969999927e-01
-3.421476350950000134e-01 -2.766794471360000118e-01
-2.593534701390000086e-01 -2.581176976949999813e-01
-2.852583387889999766e-01 -1.600422384059999870e-01
-4.621774575789999728e-01 -3.504012818969999832e-01
-5.688670173209999792e-01 -4.859361997480000084e-01
-5.857607278119999483e-01 -5.666737859049999493e-01
-2.278503270689999916e-01 -7.503566459739999805e-01
-3.689861600250000095e-01 -1.000000000000000000e+00
-5.209392087749999956e-01 -9.573517857390000385e-01
-6.071660427909999491e-01 -8.598577628789999538e-01
-1.205062516879999990e-01 -7.106775259059999739e-01
-4.781385942799999955e-01 -6.867055421490000366e-01
-4.769770071309999970e-01 -5.124083062459999782e-01
-3.759459772150000045e-01 -4.572220751739999867e-01
-6.490794112099999846e-02 -6.080368201439999565e-01
-4.269124977429999968e-01 -5.127821824299999554e-01
-3.950835643210000026e-01 -3.657188993170000235e-01
-2.982427148219999880e-01 -3.479446025149999788e-01
-5.376093782699999796e-02 -4.753984360080000249e-01
-3.434191622330000082e-01 -3.824867970129999795e-01
-3.272552382289999895e-01 -2.762021923640000098e-01
-2.484113488820000049e-01 -2.587089996520000046e-01
-2.875806292340000181e-01 -1.590129841890000062e-01
-4.648469876190000072e-01 -3.481476115439999797e-01
-5.729358035760000467e-01 -4.813828217989999936e-01
-5.982456676890000047e-01 -5.570419552619999548e-01
-2.374685584469999888e-01 -7.531427136280000045e-01
-3.840730252360000097e-01 -1.000000000000000000e+00
-5.385001533779999461e-01 -9.531551630769999894e-01
-6.259302977070000384e-01 -8.531322567079999697e-01
-1.336385044470000116e-01 -7.127664158959999829e-01
-4.982390053290000065e-01 -6.955646288600000338e-01
-4.988123596149999783e-01 -5.167100646850000256e-01
-3.964355651420000126e-01 -4.556240464049999828e-01
-8.169546876100000632e-02 -6.095415606170000444e-01
-4.475861197600000119e-01 -5.233464243050000020e-01
-4.170140207160000223e-01 -3.704006158620000155e-01
-3.186578113910000232e-01 -3.464751222629999794e-01
-7.416380942000000420e-02 -4.762093496909999835e-01
-3.676617885210000103e-01 -3.873913337620000230e-01
-3.511421211199999837e-01 -2.759837459000000215e-01
-2.703640398120000232e-01 -2.519271160429999989e-01
-2.872714635699999963e-01 -1.595964451080000013e-01
-4.650737966340000029e-01 -3.515048445730000193e-01
-5.735424568110000232e-01 -4.887228186929999940e-01
-5.947239603699999710e-01 -5.719970975570000116e-01
-2.325625395439999965e-01 -7.515157742110000205e-01
-3.741227707099999966e-01 -1.000000000000000000e+00
-5.254459890670000188e-01 -9.610427798949999767e-01
-6.133281865890000129e-01 -8.654451422390000426e-01
-1.262563751720000016e-01 -7.141809655049999872e-01
-4.887718401980000182e-01 -6.877613035030000210e-01
-4.870961680140000194e-01 -5.120616795350000361e-01
-3.865163731049999774e-01 -4.550091267870000067e-01
-7.119083768599999973e-02 -6.139192708309999524e-01
-4.378035550050000113e-01 -5.166465776130000354e-01
-4.036051462710000259e-01 -3.662371940949999960e-01
-3.055652202599999923e-01 -3.457084370479999724e-01
-6.038514150999999691e-02 -4.824201639319999901e-01
-3.539296105659999747e-01 -3.880593172540000024e-01
-3.377455256699999908e-01 -2.782741162290000014e-01
-2.591166766790000131e-01 -2.576420748800000160e-01
-2.883776054750000206e-01 -1.623901873880000124e-01
-4.649689082810000151e-01 -3.536335744529999769e-01
-5.747331896430000198e-01 -4.881540728329999967e-01
-5.974251054150000462e-01 -5.693565822530000098e-01
-2.336178242739999911e-01 -7.495546315769999746e-01
-3.791214764420000050e-01 -1.000000000000000000e+00
-5.317743005230000097e-01 -9.572423911949999864e-01
-6.192258981049999500e-01 -8.596586973880000482e-01
-1.301604119389999925e-01 -7.115121885959999615e-01
-4.905697455990000178e-01 -6.893445749559999891e-01
-4.901802139879999909e-01 -5.148636641939999814e-01
-3.912677147659999743e-01 -4.609261531180000038e-01
-7.780559189999999847e-02 -6.112152660140000027e-01
-4.423874044300000197e-01 -5.163519077189999695e-01
-4.091100546790000236e-01 -3.696036495259999999e-01
-3.116745208989999960e-01 -3.522709347879999786e-01
-6.956311537300000070e-02 -4.807927287570000208e-01
-3.609952790150000035e-01 -3.866692436310000258e-01
-3.419222375639999756e-01 -2.806952737569999856e-01
-2.609161418879999972e-01 -2.635338931899999793e-01
-2.855434755190000007e-01 -1.617540812059999888e-01
-4.594957905329999925e-01 -3.533363912859999734e-01
-5.671396363720000444e-01 -4.888072989169999771e-01
-5.916816228429999658e-01 -5.677177524490000238e-01
-2.330434602860000093e-01 -7.459590172109999973e-01
-3.701952392549999749e-01 -1.000000000000000000e+00
-5.208914814209999466e-01 -9.565755021890000043e-01
-6.062534594470000426e-01 -8.559715809390000540e-01
-1.284884192830000049e-01 -7.073204443220000304e-01
-4.823864722169999841e-01 -6.843628136799999595e-01
-4.825362075210000157e-01 -5.096773253059999620e-01
-3.825928287540000250e-01 -4.546249196209999899e-01
-7.426007196799999655e-02 -6.063696688520000544e-01
-4.325555710419999866e-01 -5.129715534030000468e-01
-4.018913029160000039e-01 -3.662293105159999951e-01
-3.055006410409999984e-01 -3.477208546239999865e-01
-6.326285721400000395e-02 -4.758733464550000125e-01
-3.505393954639999810e-01 -3.837301383150000245e-01
-3.346561408709999852e-01 -2.768013916739999747e-01
-2.561199741779999761e-01 -2.577263378049999831e-01
-2.876715617589999940e-01 -1.604578212199999909e-01
-4.644225544700000263e-01 -3.523969819739999898e-01
-5.731941915289999745e-01 -4.884516754809999917e-01
-5.979664420110000211e-01 -5.690489634149999976e-01
-2.330979430250000040e-01 -7.496475468779999485e-01
-3.822569574629999800e-01 -1.000000000000000000e+00
-5.358814320089999583e-01 -9.548438957710000397e-01
-6.230493108429999705e-01 -8.539390463149999499e-01
-1.303751896450000003e-01 -7.128415086060000405e-01
-4.955331261209999782e-01 -6.887522380639999886e-01
-4.915889619539999811e-01 -5.122600939779999862e-01
-3.884269627629999833e-01 -4.546985344030000098e-01
-7.910671056500000187e-02 -6.136498411980000345e-01
-4.466941740240000236e-01 -5.182812163350000167e-01
-4.110036011059999828e-01 -3.681155969120000204e-01
-3.119456507339999907e-01 -3.466931098400000133e-01
-7.154863914799999836e-02 -4.836227476889999877e-01
-3.646486704410000224e-01 -3.895582880580000240e-01
-3.461924292510000223e-01 -2.788421245989999853e-01
-2.665230892200000090e-01 -2.561763929740000223e-01
