0.220811969627 -0.101631387858
0.351925795394 -0.236901276013
0.464585895146 -0.329524690530
0.553480147548 -0.438821329058
0.218049137160 -0.491590711392
0.348868667546 -0.598593102093
0.447147847090 -0.546165456811
0.502760701518 -0.486158696092
0.162595393649 -0.526866005429
0.263855285929 -0.746244649634
0.363285552205 -0.867339964550
0.441703382558 -0.953798036655
0.103536606502 -0.523655561353
0.173489930477 -0.758689901048
0.254326650525 -0.891961519085
0.326119918788 -1.000000000000
0.050992843149 -0.496911692992
0.056797849431 -0.690129732223
0.096300648751 -0.809673547466
0.152919685325 -0.918082589333
0.220018492560 -0.099945818394
0.352058417332 -0.232429790022
0.465628246940 -0.324446779885
0.551030478914 -0.435050737143
0.213297306181 -0.491405354766
0.346419548205 -0.594577782161
0.444782538665 -0.538130128833
0.498467653281 -0.475066571809
0.156703271418 -0.527367627688
0.256433189873 -0.745159987885
0.352999030291 -0.866411433643
0.428267451826 -0.953593046271
0.097016161033 -0.524543647467
0.164655166341 -0.758387850698
0.242977292845 -0.892463347116
0.311717323979 -1.000000000000
0.044830662525 -0.499057499278
0.050742421361 -0.691209985419
0.089580517538 -0.810455838329
0.145121838174 -0.917827495122
0.214661935414 -0.098475768882
0.344054928880 -0.235274769732
0.456128064244 -0.329227294017
0.543276066349 -0.440516560982
0.210296565342 -0.495245912723
0.341683798563 -0.597865915772
0.437461158962 -0.538280722996
0.489847831273 -0.474132789099
0.155586887481 -0.530736217442
0.253991919651 -0.745815655664
0.351138120981 -0.865936914456
0.426861139816 -0.953812217904
0.096989963197 -0.526339160893
0.162074433320 -0.760730391147
0.239190913330 -0.892962578494
0.306673067930 -1.000000000000
0.044952957855 -0.497829587895
0.048152473840 -0.689751009002
0.085512689802 -0.809146770200
0.139865262554 -0.916789470361
0.214838538434 -0.099467319008
0.344212191445 -0.234942202320
0.456888061373 -0.328346546401
0.546418351739 -0.438277992882
0.210491999245 -0.492757437896
0.341238384461 -0.599487868725
0.438066937722 -0.544847316165
0.492115275525 -0.482780257840
0.153909289370 -0.527921934053
0.252924533207 -0.746980906497
0.350352086069 -0.868032509930
0.427540426850 -0.955801547402
0.094415825100 -0.523282326725
0.160086509937 -0.759185541967
0.238744392442 -0.892056773429
0.309408128576 -1.000000000000
0.041469866653 -0.494208242293
0.045997979454 -0.687196790608
0.085189030344 -0.806562815408
0.142075478225 -0.914762564897
0.210436085327 -0.095756887511
0.343939084639 -0.233865497301
0.457623502552 -0.330039539838
0.543391345330 -0.441060705711
0.211754838246 -0.494020417292
0.340587047764 -0.599401833651
0.436965580234 -0.540796046982
0.490148869449 -0.477219468100
0.155564422458 -0.529909843355
0.250939371010 -0.746550466963
0.346510893278 -0.867067319710
0.420052694259 -0.955654611841
0.094146714240 -0.524726201092
0.158938136450 -0.759039038619
0.236177920373 -0.891133025344
0.304366657258 -1.000000000000
0.037264406317 -0.493609143941
0.041392010477 -0.683465396358
0.079929780938 -0.801258367723
0.135907568626 -0.908958828663
0.217277527003 -0.098552359449
0.345579113330 -0.233826633726
0.455993606931 -0.328738764834
0.547294266610 -0.439128945440
0.212651961271 -0.490226230953
0.345330621296 -0.591950279410
0.443140626402 -0.534931328826
0.497367273540 -0.471106741138
0.155899847647 -0.527799835149
0.255043835559 -0.744319986637
0.350661263893 -0.865088988318
0.425085325943 -0.953616038380
0.095281086322 -0.525652982968
0.159478044796 -0.760328331210
0.235138690764 -0.893416088599
0.302536590966 -1.000000000000
0.041304326828 -0.499280581405
0.046213421750 -0.689899404798
0.085731367771 -0.809181255474
0.142561121383 -0.915244677795
0.209638066247 -0.097196088992
0.340827659209 -0.234978064971
0.453160142098 -0.330072214526
0.540262304159 -0.438886452214
0.212190242991 -0.490946563189
0.341851539809 -0.596524311879
0.438380421600 -0.540730747703
0.491115301237 -0.480372006281
0.157463835934 -0.525974665948
0.256903072820 -0.743350089312
0.353857965877 -0.863795744960
0.427794742736 -0.951809668767
0.096825393854 -0.520273287365
0.163406410453 -0.756243739082
0.239595988916 -0.890478802379
0.306914798591 -1.000000000000
0.040270875038 -0.488544110721
0.044477690404 -0.679947290741
0.082615792861 -0.800041228318
0.138414532600 -0.908412900279
0.220803362488 -0.099844873768
0.350597190881 -0.234886451902
0.461903664214 -0.328886581026
0.552912088997 -0.439141574207
0.215551804108 -0.490772074705
0.344596033203 -0.594732441639
0.445447681837 -0.541907821916
0.503363545824 -0.478862719719
0.156077504248 -0.528351360028
0.253966919272 -0.746901635282
0.351322755079 -0.866331750493
0.427668807565 -0.952085751172
0.094654586404 -0.526825279097
0.156913334089 -0.761913570373
0.233510313018 -0.895295450910
0.302562637134 -1.000000000000
0.040875717753 -0.499938876892
0.045956959718 -0.692082915770
0.085036109225 -0.813523160333
0.141119241384 -0.919887573417
0.218785987421 -0.098867835411
0.349868030478 -0.233841841291
0.462020894389 -0.329043910966
0.547989886049 -0.442446154879
0.215689275839 -0.490758996413
0.344981376200 -0.597306848529
0.443748568853 -0.542800823721
0.499156189643 -0.479229145124
0.156843267395 -0.527323429119
0.250905752523 -0.747456376098
0.346092100228 -0.868086353257
0.420479166183 -0.955213972979
0.095607002691 -0.524508421302
0.154657987253 -0.759802551975
0.231090238042 -0.893622487689
0.299354961857 -1.000000000000
0.041083798123 -0.496800994116
0.043482838020 -0.688078477878
0.082789462936 -0.807249633288
0.139398522788 -0.912955418857
0.210793671650 -0.096093385338
0.341121881497 -0.234564898020
0.452676355797 -0.331696800838
0.540465004580 -0.442916829155
0.208290043276 -0.494392471714
0.335383733947 -0.598904973320
0.436263754882 -0.543135985419
0.494076484811 -0.479609744708
0.151025906857 -0.530440503203
0.246829865653 -0.747354377277
0.343122342716 -0.865988297313
0.417286636521 -0.953018903060
0.089314574765 -0.525741317037
0.149591795379 -0.759502745668
0.224633468880 -0.892780505702
0.292240535060 -1.000000000000
0.032921677345 -0.494447405049
0.033812152260 -0.684627777269
0.071868117380 -0.804837784635
0.128160988039 -0.911706371446
0.212799682077 -0.099945174175
0.343177323195 -0.239475960811
0.455730967080 -0.335150166864
0.543190707179 -0.446056096090
0.209326240630 -0.498340286794
0.338326529441 -0.602855970144
0.438423734206 -0.543801512214
0.493818653782 -0.479803138577
0.152495611343 -0.531299063353
0.248907038972 -0.748109126433
0.346060061307 -0.868655382594
0.421087469626 -0.957673316801
0.092472082432 -0.523071331011
0.154855264270 -0.758332990649
0.229885318516 -0.891032708847
0.296270392339 -1.000000000000
0.039629601006 -0.490701714330
0.043153756065 -0.682311301539
0.080577167945 -0.801298114126
0.135567554592 -0.909990339057
0.216764773207 -0.103316564775
0.343399033843 -0.240158095659
0.453003172819 -0.334089525610
0.544566945531 -0.442164490488
0.209584886228 -0.495748765665
0.337864669565 -0.599764858002
0.439180296114 -0.545380428449
0.497488619100 -0.483647480083
0.151708673115 -0.528726414693
0.247322849956 -0.747811422038
0.343625913617 -0.868663948749
0.419543818485 -0.957250670008
0.091479272699 -0.521657022067
0.150591137425 -0.757305799363
0.225450049097 -0.891587476899
0.293814352329 -1.000000000000
0.039403552881 -0.490616024980
0.038604061251 -0.683013221877
0.076087383544 -0.803093981799
0.132697900596 -0.910949633242
0.210471105963 -0.098457787053
0.341990500129 -0.237057419530
0.454827556441 -0.333451534184
0.540849748192 -0.444941790483
0.209316978474 -0.495591405411
0.335093542840 -0.599177282457
0.432873600992 -0.540075536287
0.486985084792 -0.474755148698
0.152329567451 -0.530384717356
0.247772902635 -0.745887760478
0.343863077484 -0.866657333862
0.417476307645 -0.955936175503
0.090745530040 -0.524438906393
0.152279528357 -0.758575477241
0.227649703010 -0.891387835372
0.294995133111 -1.000000000000
0.035002786451 -0.492443344758
0.038378224160 -0.683826150541
0.077965237284 -0.801783446136
0.135202697034 -0.908001603305
0.210504806812 -0.098549679893
0.339062979482 -0.238984256317
0.448629809872 -0.336290275372
0.537636023463 -0.443366568511
0.209965978467 -0.497466965978
0.335803700150 -0.601249777742
0.432950000048 -0.546740051974
0.488141354999 -0.484961295784
0.152688664281 -0.532194865703
0.247414804208 -0.746752505026
0.341171228510 -0.867761965179
0.414689836066 -0.958005974834
0.090980066128 -0.526798397152
0.154589216286 -0.758913249806
0.229847085441 -0.891578645735
0.298048736889 -1.000000000000
0.034661139967 -0.496261124708
0.037971868527 -0.686159638914
0.076690408585 -0.804949145289
0.133751329075 -0.912397878947
0.209914553576 -0.100588642602
0.339835271767 -0.240383403417
0.449163810951 -0.336927010310
0.535605012889 -0.443218542204
0.205972383124 -0.494944800451
0.334952128780 -0.599180414309
0.433598523471 -0.543525309179
0.490001975174 -0.481401191259
0.149183533484 -0.529669928459
0.245167696469 -0.745628929244
0.338965698963 -0.867439499405
0.411937392656 -0.958460961266
0.087900443076 -0.524882532658
0.152745416409 -0.755795780123
0.228444974078 -0.889501742668
0.296277055196 -1.000000000000
0.031553935945 -0.495804006423
0.033190435312 -0.684512949250
0.070891464706 -0.802529368341
0.126465131799 -0.910113980035
0.209552364918 -0.099611230632
0.336957096841 -0.239667095490
0.445000203986 -0.335653257106
0.530703387702 -0.443530528486
0.204153799708 -0.497263383496
0.331284955200 -0.601830050072
0.428959573679 -0.546778360119
0.484530547525 -0.485298947706
0.146848458639 -0.530488450335
0.242240759225 -0.745497004131
0.335280824718 -0.867897941921
0.408076016823 -0.959741455043
0.085738504958 -0.524115722395
0.147273038814 -0.754765783726
0.220393302382 -0.889323665322
0.286826391930 -1.000000000000
0.030043943033 -0.493094352862
0.029003888419 -0.682032403794
0.064209301925 -0.801141013890
0.118185742947 -0.909460798046
0.215274495323 -0.102328620733
0.345713082975 -0.242053268124
0.454525509283 -0.338433050500
0.538191609391 -0.450073715405
0.208093936774 -0.497541177660
0.333555707095 -0.602109485953
0.431574722510 -0.546787521136
0.486102692330 -0.482862223042
0.146289236970 -0.530016130127
0.236576649659 -0.746809372012
0.324777251079 -0.871601498815
0.393192811624 -0.966218077729
0.083328302479 -0.524125103505
0.143942799118 -0.754125877049
0.214353717341 -0.889604192668
0.277378306435 -1.000000000000
0.027666707331 -0.495339105833
0.031460470846 -0.682897846393
0.068940112215 -0.801592686064
0.123828089822 -0.910016470901
0.209169016207 -0.099512235130
0.339148013637 -0.238956510155
0.448361303068 -0.336842753897
0.524808428714 -0.448739341365
0.201552054416 -0.494986580798
0.326901149495 -0.604378655511
0.422142426995 -0.545106344155
0.473232418733 -0.480113012260
0.143071692428 -0.527344547119
0.234395822008 -0.745941774798
0.324501145126 -0.871955727644
0.392940903256 -0.967870125945
0.080788020721 -0.520654636196
0.142965158965 -0.751255538086
0.215467870488 -0.887798891727
0.278022179139 -1.000000000000
0.022568531917 -0.490839478264
0.025927084318 -0.679227580320
0.062861903232 -0.796421386929
0.115776922400 -0.903769689841
0.211119127414 -0.101619363697
0.340959784266 -0.241666179556
0.450792140420 -0.339588383211
0.530570109641 -0.452380312720
0.199236835683 -0.498773049787
0.322152391198 -0.605470798216
0.421684223564 -0.548024952899
0.478899674805 -0.481947932242
0.137958271409 -0.530743823336
0.226742070930 -0.748757947985
0.317648643844 -0.873181060489
0.388854976545 -0.966810770155
0.075218066137 -0.522931917384
0.131996139511 -0.753476820267
0.202923502709 -0.889296976768
0.267092712077 -1.000000000000
0.018634873406 -0.490854332166
0.017011495226 -0.678621378301
0.053068900637 -0.797584449741
0.108054477353 -0.905779298324
0.220628869968 -0.103913481844
0.349499498248 -0.239027935185
0.458899118728 -0.332802804568
0.541185629178 -0.445644162834
0.209359767086 -0.496412841895
0.334397555123 -0.602392223473
0.431144911669 -0.548261093925
0.484303094749 -0.484567048224
0.146648341446 -0.527736188862
0.238050016309 -0.745569842518
0.326828140449 -0.872442720170
0.395090074801 -0.964860285021
0.084012279424 -0.520441287249
0.140321124590 -0.752078362395
0.209968534424 -0.890172300432
0.272171725766 -1.000000000000
0.030048313178 -0.491318637464
0.027933213732 -0.678972525568
0.066861632055 -0.796760163660
0.124111365222 -0.902906618132
0.212483095714 -0.103564089457
0.344131365178 -0.240768467191
0.455649451564 -0.335066023166
0.532321044735 -0.448556199808
0.203145880206 -0.498518264034
0.328822807184 -0.602211737540
0.427345855959 -0.537472446670
0.482102681018 -0.466543087475
0.141673645473 -0.529517396954
0.229638825191 -0.747973214670
0.318827199671 -0.873579586682
0.387280654966 -0.966886505195
0.078189496045 -0.521132156167
0.134711955948 -0.752592377679
0.204476459373 -0.889603986248
0.266628504907 -1.000000000000
0.021593232053 -0.489995035377
0.018520215686 -0.676990925637
0.054597672514 -0.794689623405
0.109049406791 -0.901115463665
0.213323251582 -0.102886618884
0.343399788308 -0.241868726791
0.453046427068 -0.338223098968
0.532110930075 -0.450780830692
0.201872317970 -0.501114304562
0.325519031431 -0.606151270741
0.425453646107 -0.545273595941
0.482258363152 -0.476328957792
0.139548289002 -0.532157654639
0.227046539556 -0.748868418976
0.316702331389 -0.872272335468
0.385896978657 -0.965300470923
0.075631264852 -0.523724888090
0.130286651933 -0.753643317028
0.199468437230 -0.889542366681
0.261371799785 -1.000000000000
0.018478148236 -0.491612468352
0.014514444576 -0.679137075048
0.050249871053 -0.797943654099
0.104113193200 -0.905542387173
0.213044393649 -0.100545913361
0.341955421932 -0.239071164208
0.450811549375 -0.335004351971
0.531886116906 -0.446825503250
0.205122878578 -0.500678260599
0.328824674442 -0.601879669401
0.425763327851 -0.538651520140
0.479338598099 -0.469553867491
0.143403886509 -0.532319278973
0.233606585771 -0.746443900601
0.322217297761 -0.870466633632
0.389864962729 -0.963028624459
0.079641619802 -0.522929831815
0.136302098000 -0.753503053055
0.205166509536 -0.890119395247
0.266614020092 -1.000000000000
0.022915695168 -0.488877389032
0.021095604092 -0.678526237427
0.058969156404 -0.797106279857
0.115157725640 -0.903384942859
0.210985966562 -0.099463586321
0.342533012056 -0.237217220847
0.454030224413 -0.333772336769
0.532354858302 -0.444911315350
0.205216383515 -0.497732166648
0.330148306750 -0.600167469933
0.426442083433 -0.539064478158
0.478713780945 -0.471458094275
0.143746895779 -0.530515133198
0.234621623926 -0.745538638476
0.322950945651 -0.870183291924
0.389466358057 -0.963770395247
0.079283483055 -0.522149263202
0.135612839064 -0.752144172970
0.204556425669 -0.889070644834
0.266138642282 -1.000000000000
0.020883460277 -0.487995682019
0.018742483228 -0.676303369533
0.056569703853 -0.793415362476
0.112846254518 -0.898194656477
0.211938119477 -0.102127641554
0.341079220907 -0.241531683882
0.450842609498 -0.336670631436
0.533244164017 -0.445637012259
0.204477229141 -0.499745587302
0.328316817320 -0.602625717117
0.424869928839 -0.542609403432
0.478258518482 -0.475347811367
0.144141279870 -0.531531538379
0.233675004266 -0.746606581981
0.322493882911 -0.870612846853
0.390100338283 -0.963003203450
0.081103611806 -0.523340926262
0.136525982851 -0.753616775645
0.205191495775 -0.889700042760
0.266438972913 -1.000000000000
0.024345872705 -0.491286989467
0.021108435839 -0.678055498670
0.057684758309 -0.795665884788
0.112406327156 -0.901532893510
0.215422550570 -0.101846312030
0.346257737220 -0.240787924793
0.456351976080 -0.335955707988
0.539509445663 -0.445476827188
0.210296934915 -0.501020923860
0.335350744312 -0.602063437745
0.432911585309 -0.543288571432
0.487105670009 -0.477824174303
0.150369910724 -0.533507157360
0.238707606451 -0.747972245163
0.325656728810 -0.872357747799
0.391845586371 -0.965059725775
0.087165748809 -0.526567522121
0.143285216372 -0.756216649907
0.212992819501 -0.891244607736
0.275289953469 -1.000000000000
0.030778457462 -0.495721564061
0.029688208417 -0.683905753115
0.067360513998 -0.800225878281
0.123024071117 -0.904188110770
0.210520841629 -0.100480129901
0.341430242848 -0.239822190115
0.452166157759 -0.334584753347
0.534549435868 -0.443672772530
0.207051050333 -0.499392095301
0.335262730257 -0.600268447588
0.432624325608 -0.537406644952
0.486682326290 -0.469415773646
0.147160146567 -0.531938352595
0.237377398286 -0.747830751645
0.326250421632 -0.871783054482
0.394066496926 -0.964046577600
0.084043224991 -0.523869182448
0.140448920670 -0.754525384588
0.210355744444 -0.889767284082
0.273492425570 -1.000000000000
0.027791371515 -0.490926105638
0.025015227248 -0.679161107258
0.062387048709 -0.796140894922
0.118538114008 -0.901263650306
0.211376035331 -0.101075176628
0.342580385779 -0.238544332346
0.455175046131 -0.332868940812
0.538064998721 -0.443225794609
0.207806947216 -0.497788112056
0.336613676315 -0.597922919702
0.434998001770 -0.536209135360
0.490025855608 -0.469698401596
0.148206669034 -0.531397479055
0.239353537722 -0.747794879946
0.329051796606 -0.870631449819
0.398122290563 -0.961968055452
0.085782524094 -0.523306623637
0.141943933622 -0.754913937228
0.211283799571 -0.889657907556
0.274502624570 -1.000000000000
0.030815967092 -0.488690652213
0.027073265133 -0.677880210914
0.063043286550 -0.795556135600
0.118350534848 -0.901760528263
0.208661235677 -0.099177358715
0.339751197474 -0.238747816842
0.449643853523 -0.335463836643
0.534469900206 -0.444672618964
0.204302898985 -0.495092376564
0.331505289723 -0.599250789489
0.430152712184 -0.541922365693
0.486600544312 -0.476478541643
0.143268784289 -0.529311009223
0.235363394607 -0.747703338804
0.326268238648 -0.872209657641
0.397545332673 -0.965693098785
0.079322637567 -0.521716664215
0.136233798388 -0.755274506546
0.206469792767 -0.889843224213
0.271601156957 -1.000000000000
0.022519204097 -0.488060350999
0.021195139648 -0.677306782296
0.058435733884 -0.795633544044
0.115494839304 -0.903000112854
0.207692550512 -0.099843083738
0.339174120329 -0.239802104105
0.450490615195 -0.335965999298
0.536929847369 -0.443936186126
0.207364675998 -0.497998638334
0.332572548494 -0.599242499668
0.431111373055 -0.540165339295
0.487125262056 -0.473781230304
0.147029210742 -0.531850133328
0.236963418132 -0.746905742794
0.325971552888 -0.869622773781
0.394496750165 -0.962185379437
0.083814255270 -0.524751815757
0.139642670441 -0.755465774217
0.208391444715 -0.889438617715
0.271017349708 -1.000000000000
0.026994509488 -0.491638146464
0.025291643642 -0.678389297000
0.060939101541 -0.796231427474
0.115305334672 -0.904082983080
0.207351637513 -0.101292183068
0.338803553137 -0.242152559655
0.449086368393 -0.337653503724
0.533947468316 -0.445043119269
0.202948056667 -0.501060706866
0.330084370605 -0.600449311300
0.429462248517 -0.538313054877
0.486068603050 -0.470131048317
0.140558697638 -0.533192927841
0.228783519640 -0.750168604149
0.316950194496 -0.873925593793
0.384405650667 -0.968446090310
0.076935030009 -0.523102520045
0.132282733597 -0.754363649828
0.201052098560 -0.888953831907
0.263243901759 -1.000000000000
0.020594960510 -0.486519442067
0.017996360964 -0.672701112422
0.052280784765 -0.792115864652
0.105563650710 -0.901689086093
0.207848422645 -0.102824330164
0.337292242869 -0.243760047537
0.448071485163 -0.338898012100
0.534735702967 -0.445940795160
0.202017322097 -0.504485738980
0.330086178335 -0.600406168971
0.427889693172 -0.532809528954
0.481959125612 -0.461539001729
0.140911300778 -0.535429019015
0.229595109479 -0.749434745030
0.316920087871 -0.872738980121
0.383111819360 -0.967172158600
0.078288713627 -0.523609658600
0.132062409968 -0.754136289974
0.199172680784 -0.888888720830
0.259402801786 -1.000000000000
0.023205812446 -0.486230445117
0.017719821377 -0.672588050994
0.050765665514 -0.791703219533
0.103174985595 -0.901450194468
0.210522549966 -0.101828681154
0.343680544575 -0.242580483944
0.454621737902 -0.340120017029
0.534108746397 -0.450580711350
0.207030114430 -0.500620231735
0.328416477819 -0.603908783945
0.425881289833 -0.542521676226
0.480614727451 -0.474129197778
0.144104883887 -0.533052563680
0.229992397113 -0.748742054176
0.318655614433 -0.871868672780
0.386158285243 -0.964634956038
0.079180990757 -0.524433196173
0.132339377346 -0.754609261572
0.201364499010 -0.889820644568
0.263497916763 -1.000000000000
0.020740465651 -0.489896280739
0.018431786272 -0.674445620263
0.054295270945 -0.792155627637
0.109074679677 -0.899343690308
0.210687198170 -0.101142290965
0.342585717728 -0.240468410974
0.453149052674 -0.337355535528
0.531432330872 -0.449959123726
0.202508039615 -0.500222897415
0.327761024476 -0.599675809238
0.424351133209 -0.538236042669
0.477108907211 -0.471776394258
0.141352131539 -0.532547848121
0.229322094373 -0.748208714828
0.316644384154 -0.873190835864
0.382473167637 -0.968914404465
0.078051868281 -0.523861192655
0.133338668557 -0.753872673146
0.200916219887 -0.889011835197
0.260570313028 -1.000000000000
0.021403140040 -0.490222605713
0.018582953678 -0.676072854435
0.052857972110 -0.793637550260
0.105314718029 -0.901461450133
0.208695302016 -0.101804754311
0.339836375579 -0.243683121339
0.450622346928 -0.340846550582
0.532927354750 -0.448014854843
0.201965742141 -0.505041015813
0.325489909664 -0.605039719929
0.423950994114 -0.539961781724
0.478947804378 -0.469466885799
0.139722753483 -0.536740940700
0.225057418776 -0.752217818687
0.312680503129 -0.875410406187
0.379474737555 -0.969761875625
0.075443654558 -0.525919712993
0.127384564344 -0.756072395779
0.193864533349 -0.890223769885
0.253894000341 -1.000000000000
0.018067695280 -0.488775665619
0.013663858575 -0.674764513752
0.046917795970 -0.793900496389
0.099619969822 -0.902376992822
0.208818181380 -0.103454016665
0.340481329102 -0.244423310753
0.452223114425 -0.339763634869
0.531971110219 -0.446109818255
0.202321744629 -0.504489773128
0.328999231356 -0.602135920365
0.426836714426 -0.534774146798
0.480315305004 -0.463580877245
0.140573925617 -0.535880933239
0.226238272790 -0.750795638019
0.312760159425 -0.875038205396
0.377636370696 -0.970828526717
0.077005413331 -0.525071261280
0.130201283528 -0.755442885821
0.197892867480 -0.889270496475
0.258083379824 -1.000000000000
0.021362305716 -0.488178848811
0.016614998417 -0.673183861976
0.050023688382 -0.791884327182
0.102061624205 -0.901701716617
0.211090516398 -0.101414467794
0.343690855002 -0.243633747434
0.453892440461 -0.342340459114
0.532865503052 -0.454819455141
0.206299773814 -0.502416011712
0.328767037278 -0.602058145796
0.424714608301 -0.539262842545
0.477144884275 -0.470656034108
0.142164430970 -0.534797150496
0.226077049246 -0.749765792574
0.312323767076 -0.874176864009
0.377720917991 -0.970126726407
0.076845944594 -0.524791887189
0.127085160570 -0.755111697511
0.193199963020 -0.889690629689
0.252707160717 -1.000000000000
0.019564520330 -0.488190468066
0.015135345948 -0.672891088513
0.049172770205 -0.791389816204
0.102464531134 -0.899935621374
0.210814456614 -0.100123758819
0.343218880738 -0.239625738640
0.454932182025 -0.337145015139
0.531454275420 -0.452571425094
0.203850480831 -0.500493399937
0.327231668769 -0.602114010782
0.423353064803 -0.540873144304
0.476039836587 -0.472227448488
0.140019203561 -0.532791088713
0.227215737336 -0.749564882812
0.314013125060 -0.874658921640
0.380417554219 -0.970036555005
0.074536359896 -0.522630141398
0.126484313062 -0.752963781679
0.192671855964 -0.888485040254
0.253191452487 -1.000000000000
0.016586583010 -0.485460770019
0.009646874727 -0.671763022860
0.043433392765 -0.790548453297
0.097414600266 -0.899300395127
0.206536254319 -0.101574513248
0.339251781716 -0.242636305369
0.450818007293 -0.338013925691
0.528770501280 -0.445548072219
0.200122450656 -0.506414696633
0.323992407331 -0.606024836387
0.422063696747 -0.539820789952
0.477008860129 -0.468850714596
0.139375827092 -0.536304541374
0.221233075113 -0.751773751279
0.304775819129 -0.877674089131
0.367143067513 -0.973379943886
0.075632645939 -0.523559736800
0.125947566087 -0.752952148074
0.190975398545 -0.887824245154
0.249485301529 -1.000000000000
0.019104019756 -0.484819198029
0.012563215796 -0.668812917575
0.045625939277 -0.785725152126
0.098136521387 -0.893910247338
0.208914592753 -0.100441151750
0.340200165043 -0.242220024625
0.450275434086 -0.339650933891
0.527851017012 -0.447397451311
0.202793506755 -0.506067432114
0.324535394508 -0.604955650089
0.423456497121 -0.537946060107
0.479903772048 -0.465517644231
0.140730242336 -0.537034917645
0.223838305080 -0.751519886877
0.309982716094 -0.874484257453
0.375554324305 -0.968967177886
0.076051567440 -0.524915954869
0.127904728587 -0.754517851707
0.196172949255 -0.888726442862
0.257992319273 -1.000000000000
0.018220361259 -0.486135230719
0.013604432561 -0.671828455121
0.048701067604 -0.789444799132
0.103077187241 -0.897907801426
