0.234187773144 -0.104575271696
0.385591869591 -0.265059099784
0.505388617609 -0.382269941154
0.590608375159 -0.502838817534
0.216511791723 -0.506479893461
0.353269726410 -0.630482480274
0.452397851576 -0.610710668874
0.534073641748 -0.551964531474
0.148736208093 -0.554323576727
0.292249287039 -0.729824771830
0.442921607105 -0.785657158190
0.586996398823 -0.795652125527
0.061863255832 -0.559199942625
0.134606914409 -0.792107993278
0.257589531732 -0.920618770225
0.392383120424 -1.000000000000
-0.031339187050 -0.536254709620
-0.084148348557 -0.736299286401
-0.067921411322 -0.872395658803
-0.007999131134 -0.979173616976
0.225346146183 -0.104855332292
0.376528343917 -0.267378604971
0.496255817412 -0.387135361783
0.582016288393 -0.507926453058
0.210141853199 -0.509151170209
0.343015479585 -0.628536415501
0.444905464754 -0.610090270143
0.529825027452 -0.552113867849
0.143423517107 -0.557394982448
0.283013798673 -0.731384709556
0.433341515799 -0.789152036370
0.578250091906 -0.799858564047
0.055742891326 -0.562350484658
0.122913226931 -0.796018521780
0.240815387380 -0.922407518031
0.373747744912 -1.000000000000
-0.038744131487 -0.537234159047
-0.091238672173 -0.739995917198
-0.073627759400 -0.877103039294
-0.010213749500 -0.983761824964
0.236531623527 -0.106181842956
0.388076317825 -0.265357246266
0.507098598266 -0.383245092073
0.590885235782 -0.505154348657
0.217729778496 -0.508893337855
0.351840473097 -0.632767901797
0.450927588697 -0.609203041606
0.533124902905 -0.546320886036
0.148901120964 -0.555291487250
0.294450508870 -0.732920539512
0.446673840753 -0.789188270214
0.592327154845 -0.798762733358
0.061716960107 -0.558939184910
0.135820501267 -0.792613313143
0.256759449794 -0.920809422723
0.389241843606 -1.000000000000
-0.031511807049 -0.534952302649
-0.081347159191 -0.736251627718
-0.064057673459 -0.871621864757
-0.003813104217 -0.978120193298
0.237322872068 -0.107787597854
0.386048908870 -0.269286357936
0.505253508508 -0.385677692042
0.598799571289 -0.505552496133
0.221139898576 -0.510450626645
0.358492766400 -0.630420030355
0.458996441267 -0.608790644791
0.540814627776 -0.546233551476
0.151772747117 -0.557851598087
0.296634026290 -0.735201118603
0.448005715600 -0.790566659764
0.593135976324 -0.798061017373
0.064348707732 -0.562529202525
0.136415208952 -0.796662391730
0.259007894755 -0.923592853890
0.393634130816 -1.000000000000
-0.028320203612 -0.539959268921
-0.078472117103 -0.741980716660
-0.060355712314 -0.879674547595
0.001284400319 -0.987397696363
0.240228810360 -0.106115703704
0.388808894192 -0.266507583028
0.507837545303 -0.382306021093
0.602303583787 -0.502540027197
0.223100393551 -0.507928244386
0.359222054657 -0.636682982621
0.460338892615 -0.622082735843
0.544511923245 -0.565692773428
0.152063661452 -0.554630037906
0.297173589316 -0.731959754804
0.448337958863 -0.785982730532
0.593374644028 -0.792853958008
0.064456869766 -0.559096113443
0.137411704258 -0.793074303669
0.260562778957 -0.922012086898
0.395299045539 -1.000000000000
-0.027185104765 -0.538279130030
-0.076876344996 -0.739754112028
-0.057744355392 -0.876204212505
0.004200812628 -0.982287370760
0.234846300080 -0.106168116030
0.382616494285 -0.267219712166
0.500580712526 -0.384226402161
0.591281190659 -0.503278493452
0.219316952257 -0.506812062791
0.355045761639 -0.632749727899
0.455793238477 -0.617160964809
0.537857031461 -0.561110282029
0.151401450437 -0.554626314440
0.294115118596 -0.729086604595
0.443881665768 -0.786226860929
0.586036830418 -0.797144723543
0.064542107846 -0.559963731282
0.138191633658 -0.790864202023
0.260461082140 -0.920311588411
0.392444762856 -1.000000000000
-0.028967155322 -0.539452187961
-0.079785156034 -0.740265628039
-0.062893559557 -0.877195281428
-0.004482082855 -0.984133726638
0.232839801053 -0.104190794408
0.382609500055 -0.266211968196
0.501987964100 -0.382240458012
0.594222337097 -0.501411131067
0.216763120278 -0.508540099093
0.352802062735 -0.637004707621
0.452303794525 -0.621754930110
0.533830868212 -0.566713505673
0.148871838720 -0.555558177524
0.293975335390 -0.729126807115
0.443610494641 -0.784550158111
0.585460702164 -0.794021998232
0.062712689257 -0.559708425650
0.137539568677 -0.789956124228
0.259184847252 -0.919337971022
0.391271664065 -1.000000000000
-0.030305693240 -0.537378596209
-0.081497822353 -0.734595761924
-0.065041120043 -0.870042713093
-0.005875667163 -0.976828580176
0.229971516729 -0.103203502167
0.382074926301 -0.263302887792
0.501312824673 -0.379472631461
0.585494112153 -0.501741776625
0.219989156866 -0.504871813594
0.354912917730 -0.633090637158
0.453535943006 -0.615868421326
0.533734456720 -0.558745800264
0.152208105014 -0.551455626510
0.297569997444 -0.724563205629
0.446919666711 -0.775512732399
0.586750457468 -0.780058556863
0.065428787609 -0.555505531666
0.137550496944 -0.787545941892
0.257667787827 -0.918623652300
0.387727331976 -1.000000000000
-0.028074741228 -0.531539133121
-0.079981003088 -0.730201258228
-0.064617674736 -0.866028155693
-0.007204096303 -0.972540882740
0.234745099846 -0.106272142442
0.383670982155 -0.266531226948
0.502124323628 -0.382865890167
0.591992609035 -0.504478095803
0.218691954003 -0.505116372107
0.352474683780 -0.631290245618
0.453460210148 -0.617722501555
0.537088776039 -0.564319147513
0.149068186804 -0.552834485051
0.292163772683 -0.722908576588
0.440485209878 -0.778119168970
0.582650109584 -0.789906402976
0.061714905468 -0.558442497427
0.132914984396 -0.787881643225
0.250970850448 -0.918313073419
0.381234561697 -1.000000000000
-0.030715805156 -0.537624368113
-0.079077162333 -0.737101848673
-0.062563723448 -0.873696672920
-0.003583232096 -0.980759455191
0.238099818443 -0.104985790512
0.386586325844 -0.263524507132
0.505906035722 -0.378443206695
0.599567095568 -0.496502464723
0.220969529399 -0.505239498373
0.359247702825 -0.627565728502
0.459860850681 -0.612471219245
0.543398063733 -0.558177737135
0.153780216329 -0.552629540339
0.298861947824 -0.726660139231
0.449143048333 -0.782955388675
0.592675848182 -0.792879307107
0.067857040958 -0.557328062121
0.141735086709 -0.788366139853
0.263042339039 -0.918925867425
0.395026094346 -1.000000000000
-0.023932820786 -0.535694540663
-0.075074824319 -0.734081525203
-0.057830859374 -0.868860500704
0.001599755324 -0.974384311987
0.236599259791 -0.106886769543
0.385050040635 -0.264529936402
0.503838027072 -0.379345129644
0.594163375628 -0.499062775474
0.217985460286 -0.504875384398
0.354989465988 -0.629217964582
0.457978334075 -0.613347444513
0.542001444335 -0.558034722544
0.151272483098 -0.552861649647
0.293647302164 -0.728354794189
0.444599729835 -0.787845440451
0.588333480838 -0.802591229500
0.065049304857 -0.558368902290
0.136468102761 -0.787878205587
0.255871154020 -0.917871847795
0.386475447201 -1.000000000000
-0.027210746932 -0.537860883793
-0.079070155020 -0.736921768497
-0.061559202052 -0.872479201684
-0.001638010415 -0.979634251170
0.245569248031 -0.107891361049
0.391853031133 -0.265167043080
0.509231093175 -0.378664583048
0.602068413343 -0.499974828845
0.222652571315 -0.506742467919
0.359535660022 -0.635395516764
0.460797421352 -0.624090266853
0.545465516487 -0.571646197220
0.153238608156 -0.552002306593
0.300636147848 -0.725584443905
0.452097396247 -0.779609224937
0.597173458694 -0.789062261315
0.067329189596 -0.556477206004
0.141953148833 -0.787037807816
0.264893520656 -0.918506500775
0.398550825921 -1.000000000000
-0.022717533921 -0.537838553575
-0.072735730955 -0.736994645780
-0.056842280514 -0.872715099266
0.000807414775 -0.979056424328
0.233189058563 -0.103888502829
0.381227881012 -0.263789844833
0.499488966395 -0.379138130636
0.593452769479 -0.496943792189
0.218325940973 -0.506281084301
0.354476983418 -0.630460472240
0.454654938788 -0.615166128533
0.536855138640 -0.560619989525
0.152518587378 -0.553561655913
0.296456265517 -0.724156751634
0.445798412704 -0.782331505139
0.588057497197 -0.798458769245
0.067065430245 -0.557922884753
0.141644658807 -0.786385132828
0.261525642033 -0.916619487259
0.391782089140 -1.000000000000
-0.024883627195 -0.535894791945
-0.074919345388 -0.734626840012
-0.060224262923 -0.870116164959
-0.004034437105 -0.977158606560
0.236344725765 -0.105888261295
0.385929470866 -0.265540628294
0.505346828387 -0.380305513305
0.599450450192 -0.497896629864
0.220317724338 -0.507676407377
0.356252378495 -0.636374716049
0.456963460354 -0.622334119778
0.541123531116 -0.569254516061
0.154103795299 -0.553966607796
0.297840393980 -0.725790756369
0.448723186827 -0.780079097324
0.592010218353 -0.789386933912
0.069080888640 -0.557462821963
0.140740523360 -0.788176658605
0.261954837019 -0.918959480694
0.393840146577 -1.000000000000
-0.022007831886 -0.535770396649
-0.073790823387 -0.735048205834
-0.059221008522 -0.871152068028
-0.002219781410 -0.977095146084
0.236039873378 -0.106697095918
0.384294427347 -0.266281351451
0.503703184607 -0.381834996330
0.597025980905 -0.500985044512
0.221084160922 -0.507537102036
0.356265881792 -0.633221075646
0.455901179585 -0.620883286697
0.539360523841 -0.568550381163
0.153659388856 -0.555065492091
0.295980908536 -0.724824181454
0.444661648446 -0.781337637828
0.588057617350 -0.794791408302
0.067492889942 -0.559998647444
0.138703758075 -0.788869502384
0.259378658388 -0.918874734351
0.391544815610 -1.000000000000
-0.024213454469 -0.539325729818
-0.074300675365 -0.738405734202
-0.057679668707 -0.873403479635
0.000890024568 -0.978355545049
0.238774401093 -0.109054189516
0.386375715098 -0.266558313724
0.505484579313 -0.380404958474
0.600270386790 -0.496891047484
0.221557111976 -0.507519964929
0.357503604068 -0.635870774863
0.458896254331 -0.623744837175
0.543179083770 -0.572346814522
0.153681873410 -0.554020726186
0.297973540724 -0.727250812140
0.448039007715 -0.785706847829
0.592647673734 -0.800760354569
0.067897559534 -0.558484018811
0.142130874718 -0.787794001709
0.262258107513 -0.917880871026
0.393765962436 -1.000000000000
-0.022368722860 -0.539317023832
-0.068152591955 -0.738895415554
-0.050316868670 -0.874203794167
0.008920114217 -0.981019886815
0.231047304963 -0.106952632283
0.379474613623 -0.266406731308
0.497299436222 -0.382762057794
0.589960234452 -0.500930354453
0.220351625551 -0.505939249158
0.354468167874 -0.630458021313
0.455543223730 -0.618035301446
0.540170286915 -0.567393564354
0.153485492587 -0.554485745520
0.293165351750 -0.723621137095
0.440510908892 -0.781940241634
0.582760743959 -0.798978072866
0.066467738960 -0.560147804012
0.136810149303 -0.787580144457
0.255772622620 -0.917062337115
0.386358375644 -1.000000000000
-0.027175171485 -0.539341795493
-0.076251730988 -0.738660245522
-0.060712691946 -0.873487707338
-0.003601418142 -0.979278452315
0.234501702376 -0.107368982505
0.382578785824 -0.267661158443
0.502168120006 -0.382088947642
0.596771996960 -0.501067156203
0.219995316878 -0.509914820137
0.354318200799 -0.635700005975
0.454020471730 -0.623430813170
0.537769877039 -0.572177839513
0.152903793559 -0.556599884579
0.296455082053 -0.723748327380
0.445644911512 -0.776010575612
0.589024032994 -0.783902046062
0.067415146746 -0.560436033035
0.138073091562 -0.788885553314
0.257731895928 -0.919378322575
0.389273363278 -1.000000000000
-0.023458213939 -0.538916909685
-0.074846417996 -0.737551918414
-0.059374136018 -0.873587809059
-0.001197219146 -0.979030461636
0.235002192342 -0.106746855866
0.384418920877 -0.267773598607
0.503183636308 -0.383167656860
0.597018325028 -0.501822887709
0.217595897178 -0.507876467629
0.353375943836 -0.635269424430
0.455185269320 -0.622215192374
0.540873244949 -0.571345964307
0.151529352816 -0.553699985577
0.295926345787 -0.721995403605
0.446517923401 -0.773901432315
0.589117411959 -0.781156162080
0.066659351384 -0.558030559532
0.139657146483 -0.787502964953
0.261973973986 -0.918434475680
0.394219687073 -1.000000000000
-0.024663349182 -0.538252995504
-0.075580163286 -0.736846528427
-0.059690667930 -0.871927871802
-0.002010601777 -0.977493028156
0.238980717816 -0.108908984750
0.386464169973 -0.268147106673
0.505225607356 -0.382949087967
0.598864922117 -0.502369828132
0.220718811780 -0.509552274199
0.355956071534 -0.635738729385
0.459320092114 -0.625739269774
0.546257442586 -0.575041367948
0.151888345522 -0.556150828178
0.294376381986 -0.729216091118
0.444776092732 -0.786559791980
0.590785631256 -0.798627449621
0.065601219794 -0.559704021590
0.135549552464 -0.789670001640
0.255431432460 -0.919342730371
0.387803548708 -1.000000000000
-0.025106951666 -0.538845878273
-0.075728508004 -0.738352462335
-0.058548238009 -0.873208383127
0.001423084794 -0.978881599128
0.234143076415 -0.107157680115
0.383152091258 -0.268197633174
0.501870147404 -0.384657236126
0.593504835466 -0.502351052964
0.215799245988 -0.509287572939
0.349110535262 -0.634351350264
0.450777232999 -0.622592896580
0.536271718223 -0.571670382105
0.149263837962 -0.556369343319
0.288821502967 -0.729043813550
0.439165017450 -0.787386819778
0.584508716725 -0.801660001119
0.063691470813 -0.559687971891
0.133788310957 -0.789924298768
0.253411923351 -0.918474733386
0.385658948956 -1.000000000000
-0.027086679599 -0.536762721859
-0.077115166804 -0.735546218446
-0.061685796594 -0.870341005091
-0.003410206269 -0.976530802976
0.231636930259 -0.104362727275
0.379844116741 -0.264031656202
0.497615707748 -0.380098188538
0.589673353943 -0.499070330055
0.215321517851 -0.506082834186
0.351858884439 -0.624043018358
0.454579703364 -0.606727126768
0.539456022480 -0.551831688137
0.148146201081 -0.554205584686
0.291233759165 -0.730557349784
0.441482261397 -0.787838939231
0.584700245727 -0.799633548408
0.062119696491 -0.557965316259
0.134579379852 -0.790171416359
0.252753646063 -0.918306379461
0.382693642229 -1.000000000000
-0.029469060611 -0.532257090104
-0.079416553121 -0.731375934801
-0.059844773570 -0.866636692730
0.002929586697 -0.974594760590
0.240713633322 -0.104541493403
0.391665804783 -0.263346541190
0.511474026116 -0.378062636613
0.597890883346 -0.502364448746
0.220683285109 -0.506150511167
0.358964277755 -0.633496464461
0.460188878777 -0.614998908830
0.542572696407 -0.556952879773
0.151918842367 -0.552784536763
0.301631261793 -0.728930524895
0.454300438068 -0.781323749844
0.597386619371 -0.787400774063
0.066462923896 -0.557793402208
0.142941887907 -0.790532753158
0.266840758979 -0.919964671830
0.399659386758 -1.000000000000
-0.023612816322 -0.536950450002
-0.073395316399 -0.736549723447
-0.053351771877 -0.870523791214
0.008159113182 -0.976144577777
0.228297806592 -0.103936283276
0.378040871549 -0.264245168664
0.496597242239 -0.381615872553
0.585441822377 -0.499375512135
0.216917499915 -0.504401116045
0.351046517049 -0.630439722546
0.451821322198 -0.614844493532
0.534493087452 -0.561161917464
0.151648633031 -0.552872886574
0.293328492808 -0.724016865008
0.443467325505 -0.779226219249
0.585790870378 -0.789359166158
0.065319023102 -0.558319213601
0.136361377921 -0.788964953016
0.256683934765 -0.918716306022
0.388981963583 -1.000000000000
-0.028602585389 -0.535474733816
-0.079694425085 -0.735959179057
-0.062525289053 -0.872025183494
-0.002252284179 -0.977855948111
0.232173568576 -0.105058722054
0.382597138789 -0.266155700440
0.502462000772 -0.383533427151
0.594248064525 -0.503421237579
0.216791788036 -0.506833330675
0.352856035637 -0.629949728741
0.451732306918 -0.614384648007
0.533723612906 -0.559581666672
0.149441467065 -0.554990951272
0.293637059087 -0.728494007038
0.443353866445 -0.783903541649
0.585938674652 -0.792702997833
0.063326789332 -0.560663240451
0.137807015767 -0.792208148886
0.260485874421 -0.920545893022
0.393877428658 -1.000000000000
-0.029279178451 -0.538556374878
-0.079389510594 -0.738954988143
-0.061211919718 -0.874366375051
-0.000406175168 -0.979735947962
0.233661225184 -0.104699947269
0.382910819036 -0.263290326114
0.501895586945 -0.379792780226
0.590909066670 -0.500408988015
0.219333415783 -0.504171653137
0.355555610249 -0.630876595389
0.456395593406 -0.615373322315
0.539670237646 -0.559367499143
0.151853695464 -0.552013959862
0.294718473866 -0.728127447729
0.444179811977 -0.783918839845
0.586866646444 -0.793266680244
0.065178837142 -0.557295916704
0.137018676114 -0.789744104069
0.256977787568 -0.918982593859
0.388537834519 -1.000000000000
-0.027666713224 -0.535231484017
-0.076693261860 -0.733502006792
-0.058134915385 -0.868005225103
0.002930004001 -0.974296330799
0.235887884365 -0.104888947176
0.385365673883 -0.264487353502
0.505162160443 -0.379945288322
0.596180495125 -0.500039195984
0.221347817605 -0.508251001223
0.357599550816 -0.632264753837
0.456243188979 -0.614326428102
0.537903133164 -0.554827416876
0.152238230399 -0.555133466024
0.296006307184 -0.731499988414
0.445691498514 -0.786675978384
0.589880706159 -0.794640898224
0.065794075309 -0.558270993640
0.138126772139 -0.791608078120
0.259075226215 -0.920755641880
0.392500082583 -1.000000000000
-0.024691210420 -0.533465728658
-0.074843253040 -0.734739388612
-0.057183777563 -0.871928969974
0.004159581397 -0.979382419196
0.230380344377 -0.103016689005
0.378442516277 -0.265514491537
0.497108156561 -0.380873238292
0.588183636996 -0.501367327042
0.215436582419 -0.505893499069
0.348145532860 -0.632372780680
0.446136365603 -0.616575740051
0.527574163424 -0.560292034319
0.148940383774 -0.552443217181
0.291313337476 -0.725534529507
0.440642736342 -0.780378434600
0.583516435265 -0.788243656234
0.063999124114 -0.556334755546
0.136338914616 -0.788106666445
0.255260579309 -0.918565752406
0.385943288757 -1.000000000000
-0.025935427657 -0.532744232350
-0.075600327045 -0.732529823130
-0.057871922178 -0.867777185801
0.002617537403 -0.972998382076
0.232626862227 -0.104639824633
0.382098393910 -0.264572380261
0.501207337518 -0.380991490287
0.590391160309 -0.503366317939
0.216601857916 -0.504718794931
0.346786967704 -0.632363513165
0.446022293292 -0.614736688637
0.528394067360 -0.557205646327
0.150701037596 -0.551200756659
0.291566355703 -0.727195605396
0.441813330475 -0.782432956380
0.584826934084 -0.790687897187
0.066499571875 -0.555760111247
0.136741873665 -0.788034696776
0.256164780755 -0.918255968502
0.386859067029 -1.000000000000
-0.022545094040 -0.532940965031
-0.071506146177 -0.734047606403
-0.051701369015 -0.868220650684
0.010528553549 -0.972667229195
0.228933032287 -0.104598467498
0.377088089976 -0.267202028239
0.495576734251 -0.382707260574
0.585369048343 -0.503474298782
0.209570866296 -0.506858287280
0.339323640131 -0.638087853086
0.439368380089 -0.624873845621
0.524533641178 -0.571574680240
0.143927193895 -0.551596490587
0.286984601714 -0.721770323961
0.436561691901 -0.775176478415
0.579246596573 -0.783518198578
0.061063340408 -0.555154672965
0.133815951169 -0.785713555607
0.252152843970 -0.917474271974
0.381667565077 -1.000000000000
-0.026291483488 -0.533105620433
-0.073753297274 -0.735084098125
-0.056054440056 -0.870257080421
0.003613472307 -0.974573018421
0.224212530155 -0.103178952843
0.372316957854 -0.266046724715
0.490462339443 -0.383634043153
0.579718234578 -0.504286535106
0.208301715177 -0.507034376187
0.339970900759 -0.633394800892
0.439993265432 -0.618833600140
0.524518840861 -0.565334298057
0.142569217089 -0.553535301208
0.283632711216 -0.728208514784
0.432371312747 -0.784242486664
0.574672014629 -0.793300394186
0.057990323264 -0.557919030880
0.130322640335 -0.790398122079
0.249289362556 -0.919333051928
0.379920905863 -1.000000000000
-0.033440373185 -0.534206748403
-0.080956925672 -0.734791413463
-0.059944649121 -0.868299490371
0.003714323963 -0.972180380103
0.231095823034 -0.105470661194
0.382769079412 -0.268591099794
0.502146813425 -0.387669861984
0.587191617858 -0.510393158822
0.215161765566 -0.510160620622
0.346970835003 -0.633578331428
0.447518842642 -0.614221280471
0.530344050053 -0.556078851993
0.147025693009 -0.556263996224
0.291255059793 -0.731487623434
0.442646414383 -0.789285860908
0.587731047393 -0.800998326254
0.061566652980 -0.559372548170
0.136480432374 -0.791288963920
0.256808220552 -0.919502882815
0.388843221757 -1.000000000000
-0.029846792943 -0.534496500325
-0.074099587941 -0.735735784902
-0.052743414244 -0.870246454177
0.011618990488 -0.976212536222
0.239665439250 -0.107401515767
0.387937245373 -0.267102583645
0.506512058287 -0.383055907790
0.597215635502 -0.505071090623
0.221912803158 -0.507800968582
0.353809535646 -0.638699665254
0.455915688507 -0.624009023770
0.541830322110 -0.567710996098
0.152527603213 -0.553426937432
0.295789328751 -0.730776487449
0.446292570589 -0.786728500314
0.591177831319 -0.795230657726
0.066641218234 -0.557746016373
0.139797136638 -0.791214603873
0.261314822960 -0.921135207352
0.394214361045 -1.000000000000
-0.023610545470 -0.537013499943
-0.069380142332 -0.737956942312
-0.047925373961 -0.873382080097
0.015462318237 -0.978707013597
0.237432443392 -0.107395820229
0.384998067797 -0.266623808573
0.502845603103 -0.380624901762
0.592920109540 -0.500630967515
0.219020934538 -0.505335432765
0.351479839727 -0.633710269240
0.451777703477 -0.620420364074
0.535971915440 -0.566653675948
0.151275166698 -0.551204461097
0.291596460906 -0.725351003172
0.440916191203 -0.783725695078
0.585517347941 -0.796431786884
0.066120031165 -0.555148923160
0.137649327902 -0.786065685462
0.256736138816 -0.917529380607
0.387513366240 -1.000000000000
-0.023506495411 -0.534199682009
-0.071445262063 -0.734178334988
-0.055174238144 -0.869332665649
0.002771298653 -0.974708762337
0.235084353832 -0.106254306262
0.382484607723 -0.263901641654
0.502183760529 -0.377524104796
0.592311445286 -0.497856319347
0.216414285056 -0.503725926245
0.350938618171 -0.630276387433
0.451241727087 -0.615673864019
0.534160184651 -0.562242831440
0.149970352950 -0.550352904228
0.293218282629 -0.722698353845
0.441731126083 -0.781752198573
0.584893254986 -0.796979526582
0.065419800321 -0.554673191940
0.137345621198 -0.784105854039
0.254444916505 -0.916452343566
0.383728248875 -1.000000000000
-0.023231081006 -0.532916379991
-0.070585628305 -0.733932389521
-0.052100854866 -0.868643632613
0.008582284854 -0.973007950960
0.236948017527 -0.106879279909
0.383709824050 -0.265641421394
0.503217054347 -0.378867642320
0.596948029767 -0.497675572845
0.221714869494 -0.504296440272
0.355940932017 -0.630752890655
0.456174660930 -0.618490705872
0.539620707392 -0.565736493932
0.154740311011 -0.550501877124
0.296968664006 -0.723382244538
0.445208873478 -0.780814686274
0.588369898164 -0.792905636452
0.070051599878 -0.554723501705
0.140854926611 -0.785346956623
0.258522353878 -0.917354945531
0.387952786658 -1.000000000000
-0.018383097753 -0.533723088918
-0.065614922257 -0.732877625702
-0.048697008484 -0.868264835921
0.009794399135 -0.974067504256
0.231799489687 -0.106770087410
0.379029727737 -0.266839190021
0.498155275601 -0.383220784487
0.590595214982 -0.501711734067
0.210733019311 -0.506882771252
0.343415072276 -0.634430521981
0.444473243335 -0.621028606380
0.529316738954 -0.568997192354
0.143780098216 -0.554387932348
0.283079514474 -0.727827042698
0.431146883915 -0.788598879150
0.576120827055 -0.807791580792
0.058795430761 -0.559000704673
0.128715292121 -0.788323673842
0.245094268505 -0.917574015808
0.375396158604 -1.000000000000
-0.030382011558 -0.536943536093
-0.076078651407 -0.739979397339
-0.058051363967 -0.874845461634
0.002850108401 -0.979656283603
0.236450972132 -0.105940302774
0.385528327950 -0.263630461245
0.504631527201 -0.378174997990
0.593979153673 -0.499806864787
0.222281832237 -0.505411400866
0.356815909835 -0.635011647743
0.457286592078 -0.619994125921
0.540889246714 -0.565418088146
0.154505739565 -0.550825704786
0.302601775295 -0.722562240302
0.452747332694 -0.772914082545
0.594295371002 -0.776472516189
0.068898342864 -0.556592139524
0.145197802570 -0.787466732761
0.268059275260 -0.918974479519
0.400134553028 -1.000000000000
-0.023578706405 -0.537974906079
-0.069803286333 -0.737229517240
-0.049494603265 -0.870574566598
0.011372948205 -0.973724280282
0.230987872957 -0.105750510145
0.379286103843 -0.266127741453
0.497879636495 -0.382853010926
0.586008860891 -0.504253963196
0.216085152798 -0.503926122471
0.347249467386 -0.630508551434
0.446546192860 -0.619448369682
0.529449983353 -0.567908866406
0.147957930171 -0.551437535618
0.288489297686 -0.718863894012
0.434738861075 -0.774886971548
0.575668212931 -0.787957153975
0.061318920597 -0.557042202599
0.130941056076 -0.785153962583
0.246951040409 -0.916828707817
0.375397851571 -1.000000000000
-0.029918764949 -0.535818468157
-0.078126262595 -0.735697381564
-0.062587102480 -0.872688355220
-0.005348154594 -0.979307306252
0.233261326339 -0.106499039780
0.381710924652 -0.264808300215
0.500272176556 -0.380532658203
0.587305851098 -0.502790483759
0.211636632928 -0.505290542656
0.345153048028 -0.634714293350
0.447315429203 -0.622933925284
0.533083778525 -0.569453308029
0.145320895534 -0.551229893776
0.289345382218 -0.726937519503
0.438299043844 -0.783523280768
0.580559883035 -0.793871177336
0.061155731636 -0.555295903352
0.134464137784 -0.785916863877
0.254125003888 -0.917507898185
0.385432348804 -1.000000000000
-0.027759732801 -0.532709011635
-0.076363377569 -0.733143378722
-0.057741658161 -0.867216695207
0.003473411224 -0.970924974428
