0.256190653977 -0.039396353448
0.431626459499 -0.167922054133
0.562037899534 -0.276442578490
0.629860271887 -0.389937950010
0.289265677852 -0.454584179736
0.473178494810 -0.570947527832
0.592688689795 -0.607871599064
0.696935849644 -0.618910529602
0.248160481071 -0.506164689339
0.469526531957 -0.622141360599
0.633230672630 -0.640528496925
0.766992594100 -0.632251889878
0.189931588393 -0.539971792645
0.382395441242 -0.715607867965
0.570981937988 -0.809944499155
0.726115841274 -0.874317915116
0.118096013846 -0.564193401945
0.141760241429 -0.779909076435
0.177072688112 -0.906893655256
0.219960573229 -1.000000000000
0.258066190539 -0.044472949191
0.428130893691 -0.166884758882
0.559959632771 -0.274483251670
0.616117224958 -0.402379490273
0.284165168838 -0.454203600475
0.461567624529 -0.556474338945
0.564873133464 -0.546562386930
0.644362740636 -0.515127245610
0.242164741994 -0.514097338557
0.451157922740 -0.657111107308
0.621947319747 -0.699883953079
0.768300752677 -0.711314789598
0.180480677380 -0.546846828359
0.365614231107 -0.735730800050
0.546336897328 -0.830848777451
0.697560378409 -0.896031476185
0.106471181136 -0.567077759073
0.134918869309 -0.788294103438
0.173864073404 -0.910050852428
0.223301157317 -1.000000000000
0.264869970936 -0.046900070734
0.439090876966 -0.172744870064
0.573532083066 -0.285555329625
0.629621913218 -0.408156594490
0.293592725255 -0.459111882752
0.476474828104 -0.566213449149
0.582999308883 -0.556095912909
0.663710655426 -0.526362007449
0.250873373804 -0.519775111792
0.469439221963 -0.670429077663
0.646998437600 -0.721033929617
0.799080982348 -0.739876989279
0.188244939291 -0.551920847693
0.380716432886 -0.749323892895
0.560698369995 -0.852792350325
0.712443987948 -0.922935295109
0.114609611567 -0.570540479008
0.151756184571 -0.789734183529
0.196774238772 -0.911529326708
0.253231212537 -1.000000000000
0.259339397975 -0.040757465186
0.432832296692 -0.168810229261
0.564415577205 -0.282816375282
0.628886651102 -0.412290735185
0.297460318475 -0.460704241194
0.471041177711 -0.568009630982
0.578723944999 -0.551420407109
0.661617603189 -0.517290706684
0.255169198173 -0.522508554253
0.464545075664 -0.668715340347
0.634692416019 -0.709856115038
0.780039246704 -0.723643995701
0.192119488385 -0.557080930581
0.373679358331 -0.756743821202
0.551535617776 -0.865542477492
0.703423689362 -0.941093239863
0.118174816477 -0.576065665075
0.157135579181 -0.792852702791
0.209262427887 -0.912989089791
0.272515679611 -1.000000000000
0.262676662042 -0.042772661485
0.431613448216 -0.173088351107
0.559252572062 -0.282285542435
0.631668504978 -0.403614335714
0.303132737150 -0.467182541490
0.476290418309 -0.556093472830
0.575689625744 -0.514768967091
0.645419736535 -0.462135378542
0.260931655194 -0.531691979078
0.471452309996 -0.680985867777
0.643965934415 -0.726370346880
0.792456372052 -0.744462366278
0.199500231224 -0.565566327477
0.382890435563 -0.761905700763
0.558357020330 -0.865293191141
0.709787737115 -0.936927332850
0.128844578131 -0.580784181196
0.174289917726 -0.794003663293
0.238018026924 -0.912463636434
0.316039234330 -1.000000000000
0.262615793215 -0.048974423852
0.433271425481 -0.176606543184
0.560205678654 -0.288981584279
0.623245887775 -0.409067302843
0.300574681582 -0.463553877904
0.473572232234 -0.553780894399
0.568370033387 -0.497966611070
0.632468333187 -0.437118410385
0.256230529005 -0.528340175327
0.460358032788 -0.673170950013
0.632901171774 -0.713015623844
0.781429250915 -0.731623850416
0.193746538123 -0.564603878679
0.370432259097 -0.761990598498
0.548499575137 -0.861380757387
0.701751699597 -0.928346440700
0.123395166598 -0.584734728584
0.167711779073 -0.797942479057
0.231567358784 -0.914537007871
0.308775848249 -1.000000000000
0.258063228080 -0.048316692407
0.426380822564 -0.177374727703
0.552440892457 -0.287547105791
0.620808845305 -0.405942996713
0.301230797797 -0.473225983817
0.472807868589 -0.555760446212
0.563852677001 -0.492985877793
0.624576415641 -0.426000713649
0.256537389111 -0.536819977492
0.460831117920 -0.684040954778
0.632679727788 -0.723881918966
0.780590038843 -0.739713379745
0.193255871432 -0.567765816092
0.370418496436 -0.764659006105
0.547455654818 -0.862792564179
0.700672196585 -0.930214159847
0.121454620635 -0.578967558521
0.164033413044 -0.792888721295
0.230124284076 -0.911125535194
0.311866704078 -1.000000000000
0.255985553340 -0.046094826860
0.424310807643 -0.173077169039
0.551729332870 -0.284867428008
0.623549703334 -0.407523186360
0.292443817209 -0.468860025390
0.459450855756 -0.558185535060
0.559309780224 -0.508236055645
0.629257837462 -0.446872131863
0.247225141015 -0.532753090415
0.449989614092 -0.683323788694
0.625717577769 -0.725110635395
0.776509787364 -0.740138705389
0.185575140247 -0.566032179010
0.363407689411 -0.762766373570
0.544247193132 -0.856297132853
0.699437528599 -0.917709959658
0.115638482316 -0.581388822602
0.159421575499 -0.793129200488
0.227875867667 -0.911618558061
0.310885796987 -1.000000000000
0.254686391195 -0.048725722741
0.418740784007 -0.176999755305
0.545429040800 -0.286724563312
0.617282173202 -0.409953464082
0.289684675043 -0.478426159744
0.456255087557 -0.570461735279
0.552554767701 -0.518539918468
0.618192527649 -0.455417676423
0.246537359476 -0.541201339420
0.451264651844 -0.696766298383
0.627331745459 -0.740046590660
0.778346756910 -0.755734877195
0.186791083599 -0.571256584742
0.364160847168 -0.773067878064
0.542960007722 -0.870177461638
0.694928984507 -0.934102832828
0.118770964930 -0.581892486209
0.162212060946 -0.795000687008
0.231776990349 -0.912715182774
0.315038110258 -1.000000000000
0.261154426650 -0.051406249073
0.421814681273 -0.176601861249
0.547539632758 -0.286627414534
0.598463692914 -0.422889364652
0.291893481308 -0.481071493339
0.457470744307 -0.572346376964
0.546168315669 -0.516346988601
0.601786590642 -0.447435576799
0.252047535325 -0.543350249957
0.453737360813 -0.712777931270
0.634703656945 -0.771311437228
0.791598245742 -0.797223874039
0.193221033103 -0.569961485587
0.361597674435 -0.779182506323
0.529855553160 -0.878716801856
0.675064483390 -0.940802546503
0.128484226978 -0.575271429052
0.165418488487 -0.791002136567
0.236588481359 -0.911446312356
0.324579751671 -1.000000000000
0.264138174022 -0.047144918596
0.418909381491 -0.167129080197
0.539143065997 -0.277795204190
0.569949618647 -0.415211960090
0.295808254486 -0.485331670338
0.470577558549 -0.581848851523
0.535089492297 -0.497430816070
0.563211487736 -0.415367141064
0.256642454385 -0.543480631923
0.468214500235 -0.719885571980
0.644817995544 -0.771066369411
0.799249572056 -0.799666678448
0.198212952107 -0.560326603486
0.373396624344 -0.772284760952
0.542386311529 -0.874591752545
0.689118757993 -0.942675540883
0.133464381180 -0.553789397881
0.172210106570 -0.777257662268
0.238441272469 -0.903710136852
0.322134531780 -1.000000000000
0.258484804232 -0.045240525866
0.408795500751 -0.164893167236
0.527292993945 -0.276276308274
0.555696852654 -0.413876094512
0.286913343259 -0.477828627430
0.456696173308 -0.581431047722
0.528025844573 -0.506286309267
0.562471645525 -0.429996804764
0.249452172071 -0.538859684605
0.455668980287 -0.714626421720
0.633866159545 -0.775447172530
0.790240564343 -0.814549949162
0.193772372515 -0.559857808582
0.368345096784 -0.763267845339
0.537845787992 -0.865313698000
0.683927589404 -0.935689830147
0.132539046016 -0.557473744490
0.176021395195 -0.779852472715
0.246530969542 -0.904748497768
0.332306823348 -1.000000000000
0.261105881525 -0.048265434967
0.407523178769 -0.163919034062
0.526907610005 -0.274401488597
0.552635112774 -0.413729742431
0.280164569335 -0.478753640864
0.451529520557 -0.577310533788
0.520254359063 -0.496359977030
0.550766332130 -0.415839261793
0.244827384869 -0.539630323932
0.453452500601 -0.717651730452
0.633912330778 -0.782887185072
0.793773367912 -0.826813967268
0.191044093981 -0.560454703664
0.365472684567 -0.767104379460
0.532937750960 -0.868129771215
0.676243435046 -0.937612348454
0.132763626234 -0.557451855518
0.176572579668 -0.783206476297
0.248335514241 -0.906770738669
0.333172222872 -1.000000000000
0.264243548505 -0.046843239283
0.409334665848 -0.161683243972
0.526383318378 -0.271188210381
0.554312692529 -0.407758065092
0.281183762346 -0.474353483728
0.452847257244 -0.578241690046
0.526587941224 -0.508011840812
0.563366888054 -0.435190726420
0.247046094516 -0.535445324285
0.459583824993 -0.713423078264
0.641132156282 -0.774960316071
0.799372666549 -0.813727347412
0.196279166492 -0.558987867806
0.377743456254 -0.762640125257
0.550757370585 -0.863961730778
0.697103995245 -0.932079351552
0.139160252049 -0.560231773740
0.186837101054 -0.784763919932
0.261989225922 -0.908502003877
0.349193088306 -1.000000000000
0.256415322719 -0.046347899114
0.404779773110 -0.163614656827
0.519804619119 -0.275246924297
0.540180917730 -0.406141773865
0.285132985306 -0.476526108828
0.456330542511 -0.576349117241
0.524625334466 -0.497036552181
0.554146586633 -0.419960600634
0.249049922260 -0.536200650938
0.457225480230 -0.716098067891
0.636388138426 -0.780473567936
0.792777066100 -0.823452776049
0.194325901203 -0.556073529954
0.376291120308 -0.759135304909
0.549412286626 -0.855631756651
0.696375547912 -0.920983608444
0.131441020092 -0.552556854968
0.178749490563 -0.777359053133
0.251534865689 -0.903762040655
0.337785504612 -1.000000000000
0.260745699716 -0.048495237074
0.404189201574 -0.164528226525
0.520251543756 -0.271720283292
0.550995099854 -0.406322989628
0.284612670033 -0.480125629686
0.452174149201 -0.584464024971
0.527225331882 -0.513107537226
0.564981081548 -0.438957602244
0.248209432006 -0.540224385165
0.453645626268 -0.722361643882
0.633436312496 -0.791355373988
0.793013757538 -0.837522898387
0.195124424601 -0.560859354677
0.371256260973 -0.763501004405
0.542003837298 -0.862136603081
0.688618074136 -0.928926409481
0.137530069689 -0.558292499548
0.186486857875 -0.782326186058
0.260731251955 -0.906498591652
0.348404108733 -1.000000000000
0.261998879977 -0.051227847257
0.409362407657 -0.169385313220
0.525700111066 -0.279560959268
0.547839950894 -0.413704243287
0.282437011539 -0.484165159190
0.452659725019 -0.585591563568
0.528246061321 -0.510962794027
0.563991944941 -0.434402039185
0.243921558688 -0.542845579480
0.449925328711 -0.729980017555
0.632310802275 -0.802418170608
0.793791069898 -0.850934488548
0.190634029133 -0.561115341658
0.366433809059 -0.768455728677
0.538446484535 -0.867058059568
0.685229980408 -0.932807686395
0.134523757702 -0.557735297213
0.182964587019 -0.780459452966
0.256140338310 -0.905137662046
0.343023060397 -1.000000000000
0.258719170837 -0.051588177584
0.402950429697 -0.170533739928
0.521176237973 -0.278689570591
0.554807435631 -0.415379928648
0.281546975513 -0.489711156017
0.451604214762 -0.588981841322
0.526627416699 -0.512335640334
0.562366018452 -0.431736480367
0.242496856245 -0.547912545289
0.449303542103 -0.732839447622
0.631185162366 -0.803718569443
0.793929904964 -0.849577087943
0.189317388448 -0.564560781764
0.362986419685 -0.773380339173
0.532962422171 -0.872382230395
0.680459325819 -0.938236780721
0.134801214942 -0.557817216597
0.185625182117 -0.781737765397
0.260749724404 -0.906281194112
0.350775227402 -1.000000000000
0.259050828018 -0.052212366590
0.408058136192 -0.173364013467
0.524192808118 -0.286753515591
0.544997143779 -0.429506751033
0.288475105865 -0.486480833569
0.460174303748 -0.584422487628
0.526970135105 -0.502534354024
0.554357427921 -0.419073652352
0.249663927901 -0.544066447644
0.455825725866 -0.729698290669
0.634030576486 -0.800694881326
0.793846877208 -0.848075358454
0.195227810260 -0.561837107238
0.374671711711 -0.770841977280
0.543972292498 -0.869304754862
0.690364149681 -0.934581386359
0.137732036454 -0.555363157487
0.192040252074 -0.781254228295
0.266690157762 -0.906375107287
0.355919622119 -1.000000000000
0.259422915110 -0.050141459280
0.406872019090 -0.170598379563
0.518580613315 -0.282029029756
0.540129874629 -0.416441313267
0.287736804108 -0.481094023841
0.457908619638 -0.580389974226
0.523967791793 -0.495111927898
0.549379713356 -0.409941172619
0.249178627030 -0.539001357081
0.455940522258 -0.727620937985
0.635470197436 -0.797553148243
0.792297232518 -0.843160944854
0.193349875405 -0.556970144555
0.373360809330 -0.766087379391
0.542479603353 -0.867464351899
0.687479533674 -0.936468439838
0.130957940517 -0.551779666334
0.181316217127 -0.777240174504
0.254223860904 -0.903255222758
0.342166940266 -1.000000000000
0.256435682305 -0.047361411982
0.404156644083 -0.166437917805
0.518720421919 -0.276835374424
0.543456218353 -0.409319682827
0.290554195193 -0.479555160079
0.459377330641 -0.579497753965
0.528137523670 -0.498377141750
0.557481040888 -0.417985461313
0.254086902130 -0.538289987339
0.460131162116 -0.719502933649
0.636997355616 -0.786501792368
0.792030345890 -0.830130096811
0.200072710762 -0.559461980489
0.380804468155 -0.763081028264
0.549402047010 -0.864163877764
0.693179097498 -0.932896548875
0.138880839811 -0.558382263973
0.193224199696 -0.781099584285
0.268477285047 -0.905533492418
0.356684779600 -1.000000000000
0.257273957616 -0.049351399272
0.403761555063 -0.167086730567
0.517131668378 -0.275559092104
0.537859592524 -0.407454825807
0.289718901845 -0.479351265238
0.452918422898 -0.579740018103
0.525054345254 -0.504262686646
0.558247781899 -0.427457462717
0.253937061900 -0.537604289958
0.460447751464 -0.718653723009
0.639436733243 -0.785398680943
0.796362740815 -0.828372872862
0.200155843981 -0.559348272728
0.380687126797 -0.760151764610
0.550498163691 -0.859474538082
0.695902640002 -0.927508477641
0.139284326729 -0.560188309349
0.194263551939 -0.782009949688
0.269807672371 -0.905608372794
0.358074157919 -1.000000000000
0.257715571378 -0.053258057899
0.401580673982 -0.171226281975
0.514214547836 -0.278247905077
0.538899970953 -0.409720553029
0.285755349333 -0.482687338501
0.446653147926 -0.588742275251
0.521448955739 -0.516159851542
0.559518483184 -0.439580037968
0.247367264180 -0.540922000168
0.446101201498 -0.734374014832
0.628362832732 -0.810775345230
0.790765038682 -0.859925674457
0.192419593089 -0.560269906759
0.368031160102 -0.767145329220
0.539970273454 -0.865295657070
0.687229470305 -0.932631171023
0.132880597761 -0.556882512228
0.183909761256 -0.779062333511
0.257017240754 -0.903740643916
0.342906400844 -1.000000000000
0.255948062010 -0.053943407848
0.401451001105 -0.173197271418
0.514926155203 -0.282143420991
0.538855194104 -0.413037550591
0.291473875627 -0.482941179839
0.450043659462 -0.587045069271
0.525525674554 -0.519944380200
0.565374988286 -0.446763087409
0.252473301469 -0.543406376017
0.447350924547 -0.732100870399
0.624229233489 -0.808796847575
0.783931154841 -0.858441636702
0.196390048279 -0.565975232038
0.367482240138 -0.771331262292
0.534782280303 -0.869095917843
0.679550729732 -0.933412753835
0.134654923921 -0.564803284289
0.184825176281 -0.785374798324
0.259324114993 -0.908321401626
0.347372347541 -1.000000000000
0.263562585335 -0.058197359752
0.402917033087 -0.174832160162
0.515931956046 -0.278777496553
0.547014922367 -0.408713298126
0.285943916163 -0.488047883440
0.452338375055 -0.587973571708
0.530672122521 -0.513831999220
0.572534694229 -0.436531683066
0.247812203562 -0.545849888116
0.450468894079 -0.731865885452
0.633556122861 -0.802410546134
0.797559423268 -0.846360715553
0.193212506722 -0.564230553327
0.367542927834 -0.769256369877
0.536356677560 -0.865031854079
0.683450798402 -0.930102519873
0.135340353264 -0.558266632243
0.182631466545 -0.782205170439
0.254668120353 -0.906045948727
0.341748114478 -1.000000000000
0.256031195222 -0.060025928479
0.399642936759 -0.182317750804
0.515804192445 -0.288730132994
0.547339277878 -0.419442866375
0.278417463368 -0.494933329813
0.452185215394 -0.590679334683
0.528522450285 -0.506406138671
0.565434204387 -0.423201629476
0.241431355472 -0.551036018363
0.444196904068 -0.735605561462
0.626177404028 -0.804085543903
0.789372798237 -0.845354100321
0.187781104445 -0.564790461884
0.360588858217 -0.773546762646
0.525443139677 -0.867877524173
0.671168692670 -0.931475804097
0.131811125042 -0.550800579960
0.180565577503 -0.779594861667
0.249646853856 -0.905517001142
0.336785100526 -1.000000000000
0.253365213112 -0.054832508788
0.402271691756 -0.177997209904
0.518705351366 -0.288986176268
0.546559731675 -0.424370912395
0.281322960692 -0.486300760201
0.449054405959 -0.586417978139
0.525452572494 -0.513747915393
0.564115122153 -0.439729019144
0.243846126605 -0.546094897991
0.441142981319 -0.723636389491
0.618804247593 -0.793782089487
0.778491185137 -0.841043492600
0.189579403224 -0.566343944749
0.359306547811 -0.765294630221
0.523603720328 -0.857634554858
0.667560966750 -0.923502340189
0.131756353498 -0.561337331842
0.175645331033 -0.782855034102
0.244574437447 -0.905435628100
0.329442886415 -1.000000000000
0.255301899681 -0.053780270329
0.404189253378 -0.176354981931
0.525646891306 -0.285833485528
0.567736032275 -0.422090333496
0.283027314148 -0.494446924436
0.457131556235 -0.592422238832
0.533627604521 -0.514858616279
0.570561762409 -0.436357842051
0.245264180253 -0.553571323048
0.450226481798 -0.736590092986
0.630516573808 -0.810989438203
0.790754122755 -0.858697897269
0.189298427724 -0.569482601202
0.363678346279 -0.776172098311
0.531447776748 -0.874542295609
0.678896496024 -0.943640059786
0.128686034329 -0.558644734073
0.176427191739 -0.782588389289
0.246946233101 -0.905764949707
0.334469803543 -1.000000000000
0.261020440361 -0.056257256893
0.427765570642 -0.187449073592
0.554671106818 -0.309142395609
0.577850427286 -0.457133007409
0.288251082074 -0.492386276689
0.468209639008 -0.590678522592
0.553235037215 -0.516710160493
0.595434021828 -0.441723812602
0.247544340807 -0.549624567876
0.458149126964 -0.734296960298
0.638243079415 -0.805018839316
0.793414365824 -0.848424183048
0.187923004554 -0.565685732683
0.365571719581 -0.786026398906
0.535195240964 -0.893649108150
0.681644853968 -0.963350062051
0.123957161176 -0.558398449269
0.169670084004 -0.785017371053
0.238935014888 -0.908705234187
0.325048989312 -1.000000000000
0.256607871029 -0.051948917814
0.428349526916 -0.177159332989
0.559997973921 -0.294811678159
0.590848819108 -0.440045547880
0.288712144078 -0.477070701304
0.464111020225 -0.569068750602
0.556437705418 -0.505602992003
0.607952701618 -0.437418266405
0.250295265323 -0.538981481520
0.459488912381 -0.714994339156
0.639788713695 -0.781073767091
0.794959768031 -0.820569106809
0.191262387335 -0.564045316195
0.369588336083 -0.775947686055
0.538975277348 -0.875065438963
0.686113040655 -0.937594321350
0.125737445662 -0.566564395065
0.173393632325 -0.791607200376
0.247973330952 -0.911895299882
0.339942674380 -1.000000000000
0.258966714735 -0.056763604193
0.429786536413 -0.188475820911
0.565301166298 -0.302791298078
0.627678831195 -0.435848578826
0.293312911447 -0.498183212490
0.474926439553 -0.588479709107
0.574205787617 -0.519530666782
0.634490819883 -0.446930077021
0.250436740206 -0.553328320171
0.468695442440 -0.725346722527
0.651481676539 -0.784739754167
0.812013816709 -0.817716900316
0.190196650636 -0.570103507831
0.377791566732 -0.785657256510
0.550510823392 -0.887457987729
0.705316406254 -0.952533240054
0.127871481046 -0.564489680232
0.193511034609 -0.790379316588
0.275233266696 -0.911139828126
0.376745017311 -1.000000000000
0.257014381310 -0.058078249453
0.430056880298 -0.190283965518
0.566312703119 -0.303766422689
0.635885064309 -0.442874538299
0.293866820893 -0.492979226302
0.471817846186 -0.583162670366
0.573821413783 -0.516869420342
0.635675265211 -0.446098233438
0.249441010950 -0.549524406322
0.461421707594 -0.720832636609
0.642623929091 -0.785791763035
0.801836335364 -0.824904900580
0.188999371430 -0.569965608032
0.366765707293 -0.788517334777
0.534022313206 -0.898478091952
0.684935744082 -0.970588300219
0.128487921514 -0.567612749310
0.192216996100 -0.791264429092
0.276507578061 -0.911670394487
0.379658096452 -1.000000000000
0.260924823432 -0.059158041112
0.425023588948 -0.187207131180
0.559025077458 -0.298100117361
0.647739338849 -0.434919410359
0.296978872161 -0.490779725064
0.466372221928 -0.590057826377
0.576953976354 -0.537364039681
0.651473664370 -0.474776253773
0.252824597877 -0.550141123694
0.457514872284 -0.722108330927
0.639733047703 -0.787210957800
0.803790449280 -0.825676346535
0.194023297966 -0.573491158629
0.363921214906 -0.783655481206
0.529697771051 -0.882143043837
0.681223630062 -0.943840730611
0.137231429077 -0.574180496880
0.198017104763 -0.793855746678
0.283568573656 -0.913024003499
0.389110122947 -1.000000000000
0.253699673372 -0.060860706943
0.422225949550 -0.191697445647
0.557741275828 -0.304753598146
0.629680863906 -0.437741385366
0.287302948917 -0.496107916639
0.459430827907 -0.596341711377
0.574030915674 -0.545896542919
0.653474299352 -0.488460398321
0.245170421417 -0.552138554361
0.447109103527 -0.728182227081
0.630087705546 -0.798440181751
0.795204161341 -0.840776266993
0.186562039813 -0.572527509391
0.356583141813 -0.785025840651
0.521243190115 -0.884243603848
0.673631536297 -0.948428029901
0.130009865248 -0.569888743827
0.190698187081 -0.791442907188
0.275678706468 -0.911504001895
0.382225392733 -1.000000000000
0.257972549521 -0.057094828452
0.427443008150 -0.188889519076
0.564116665334 -0.303245226392
0.659484724387 -0.437546253240
0.304571898576 -0.491905008231
0.470268525611 -0.591704722733
0.580990302793 -0.545104553676
0.657840893638 -0.487764544615
0.257737391159 -0.553066500115
0.456091783739 -0.724395402249
0.632285439064 -0.795097481159
0.793909115985 -0.840104112925
0.196889686720 -0.578140795716
0.364744832450 -0.786399309558
0.525687269901 -0.887808961392
0.675667464574 -0.954555213812
0.137405190112 -0.579901476755
0.201540920493 -0.796109363672
0.286258064208 -0.913539805291
0.391589239113 -1.000000000000
0.254400068260 -0.063867684409
0.424624739272 -0.198268961445
0.560124808417 -0.312677436443
0.656798094181 -0.442995675480
0.295612862727 -0.495511803207
0.463885077658 -0.597789990732
0.579390567152 -0.552874248173
0.661409401999 -0.497555646776
0.250529158625 -0.554895393004
0.444850135003 -0.726178563586
0.620972740275 -0.795001136304
0.781326559811 -0.837562363414
0.189138280254 -0.579092520875
0.347652681601 -0.788110975496
0.503077684470 -0.890551267560
0.649013429904 -0.960380037034
0.128461454945 -0.580913342509
0.182853008900 -0.794707556847
0.263939189991 -0.912044442488
0.367515626805 -1.000000000000
0.259577993426 -0.066584419685
0.427923992076 -0.202511138840
0.564226448813 -0.313317906039
0.662209749509 -0.436455228756
0.296364088566 -0.504333712432
0.465752631245 -0.610183146864
0.580095641122 -0.561467694257
0.660023003740 -0.504415618713
0.247547576776 -0.559208986984
0.447747706187 -0.734730832204
0.625918775305 -0.803951929715
0.788758774999 -0.847652936154
0.186318050699 -0.578251161398
0.352740011416 -0.791059977773
0.514229639429 -0.896383789352
0.666118138599 -0.968538319570
0.128054830339 -0.575303640258
0.187724684030 -0.791486360049
0.267196704817 -0.910347705284
0.369514546675 -1.000000000000
0.260976261966 -0.068986485008
0.428380325641 -0.205781147452
0.565129987116 -0.316973709702
0.662329686805 -0.442929488521
0.294763062883 -0.505675471097
0.463112607033 -0.609489254880
0.577635010901 -0.562864386199
0.657759557754 -0.505783970365
0.245694798047 -0.560254882174
0.444319319052 -0.737691562118
0.622092378936 -0.811559754971
0.784582778557 -0.857342995106
0.184931618888 -0.578748899909
0.351489682757 -0.792059289190
0.512592322444 -0.896980013979
0.663577290349 -0.967280016526
0.127493357928 -0.575680275572
0.188326477242 -0.790457889688
0.267598674459 -0.909776301703
0.369870599899 -1.000000000000
0.251543213705 -0.070370765424
0.424094851152 -0.211184784068
0.562431146931 -0.323075759117
0.666063244820 -0.442076326065
0.295806521347 -0.507118273897
0.464193831445 -0.609780284808
0.579592012231 -0.566303869387
0.663781946423 -0.512618802121
0.246432961973 -0.562476899683
0.444343200401 -0.735140346569
0.620037629342 -0.800462461107
0.781338867028 -0.839997249322
0.184259748483 -0.582360053768
0.348714802421 -0.797643843485
0.509690166585 -0.898360535550
0.662525858804 -0.965448334255
0.123117993134 -0.579636662508
0.183702171262 -0.794833907861
0.263731544897 -0.911920714338
0.367699162973 -1.000000000000
0.254442699737 -0.077097241400
0.426439782467 -0.220805911852
0.565543854168 -0.332559814553
0.674650954512 -0.452512055431
0.292382686302 -0.512197093958
0.461029181265 -0.624288956417
0.585163456804 -0.586487567213
0.676603214333 -0.537682993472
0.240499228700 -0.562326327189
0.435988037890 -0.740459397402
0.611605307478 -0.810898680571
0.770976898167 -0.853199176213
0.177623247898 -0.579150189069
0.340880323398 -0.794934200114
0.498918560804 -0.901488436821
0.645488404242 -0.972685795848
0.119386732531 -0.575133656770
0.182778026466 -0.790214225580
0.263609068871 -0.909415528661
0.364115262672 -1.000000000000
