0.227308078939 -0.090453759448
0.389825967882 -0.228955708657
0.527292213472 -0.323777080969
0.619003187083 -0.439835325349
0.247409838408 -0.513319546301
0.399249062497 -0.620887025948
0.488655385230 -0.544679985278
0.527723888268 -0.467379735924
0.183302682231 -0.539963473969
0.323106102583 -0.764244881453
0.426719851116 -0.892489332391
0.505468009681 -1.000000000000
0.120202638309 -0.519647198688
0.245334949922 -0.758027130142
0.342790176717 -0.885254524704
0.422783332840 -0.989064335210
0.071159262793 -0.473205024834
0.150725321318 -0.665757512872
0.224853573215 -0.780389025635
0.305333330497 -0.886541764633
0.260071056901 0.013235003772
0.456734105347 -0.040788448761
0.617607507575 -0.105558061574
0.738946655277 -0.243707984160
0.302591068525 -0.428435115440
0.469436508478 -0.497917118344
0.591192557534 -0.399824016672
0.648308915527 -0.273592953023
0.222602113183 -0.479366622313
0.367351519630 -0.713196583494
0.485510071237 -0.868640015737
0.577812711517 -1.000000000000
0.127248275030 -0.467417660619
0.256694269367 -0.687869302734
0.350399916201 -0.842344473294
0.414507268387 -0.960710995679
0.036957371379 -0.433176692117
0.135466501861 -0.603561561739
0.213563346309 -0.739591595913
0.281287653667 -0.855999606832
0.234393205308 -0.087232080271
0.398103796488 -0.225359197624
0.534775937347 -0.319804975644
0.624985383516 -0.436630226423
0.259411172268 -0.511545590385
0.412815752561 -0.618353682819
0.496154309669 -0.541993604357
0.527258155417 -0.466959356162
0.199279211093 -0.537734295966
0.343475329803 -0.761953540952
0.448262680715 -0.892357200844
0.525334644674 -1.000000000000
0.139568056213 -0.518719111458
0.270349973850 -0.758364650567
0.367284575857 -0.888850067572
0.444992718905 -0.997717384007
0.094321795060 -0.473338734434
0.177932456362 -0.665778907372
0.251507371557 -0.781614262971
0.329999524495 -0.889532635392
0.234548041334 -0.090802782013
0.397201294081 -0.224725590650
0.534131845964 -0.316988277401
0.618083068758 -0.434699557980
0.252754478999 -0.513521300376
0.405184442194 -0.613410486599
0.493518697460 -0.535448395689
0.531549668971 -0.456434832607
0.194562585503 -0.538991239519
0.332984693175 -0.764455062224
0.438201019336 -0.894822009260
0.515398188571 -1.000000000000
0.137303217486 -0.518103651514
0.262906904654 -0.757038761466
0.363665409973 -0.883416670998
0.443217647146 -0.987932382634
0.097361026599 -0.470326517286
0.179401604332 -0.662575544949
0.254913163650 -0.775751855248
0.334255457358 -0.880997949988
0.261021338689 -0.155465900438
0.409114292712 -0.283065856348
0.534247624405 -0.373075621468
0.647462059994 -0.480795296470
0.444651955126 -0.456449134302
0.685816646007 -0.469005865852
0.792917469530 -0.380383092570
0.841676044036 -0.296900712499
0.348496163140 -0.425710411989
0.590681532791 -0.661300854995
0.722288074201 -0.843011120536
0.839751302290 -1.000000000000
0.224696293665 -0.360407116973
0.436396383412 -0.605467847263
0.548695326903 -0.818931702469
0.638592544222 -0.999981209747
0.118186039385 -0.301147503289
0.234186210628 -0.518376188992
0.309428257815 -0.721010272457
0.393087563287 -0.917466624540
0.241582278655 -0.096447508513
0.401559180072 -0.231005366189
0.538486203941 -0.323390317881
0.622362307877 -0.438510359207
0.254566075318 -0.517222951817
0.407647778476 -0.623246913963
0.498206202051 -0.549325825201
0.539267422855 -0.475669886946
0.194900207685 -0.540827129822
0.336105462112 -0.767696157761
0.442143881755 -0.895734551477
0.521860145975 -1.000000000000
0.138524288202 -0.519430515315
0.267726028557 -0.756909467006
0.367091541999 -0.883957088412
0.446356732295 -0.991304393503
0.100600472885 -0.472013874957
0.183209232584 -0.666352039391
0.256988573613 -0.779202253596
0.334987479887 -0.885645965088
0.262918987947 -0.098052041049
0.443065903173 -0.197572537536
0.582157557371 -0.278164115299
0.694901732251 -0.393795812445
0.491482756743 -0.383331783827
0.741311745620 -0.339916994126
0.854996871342 -0.214658368646
0.898754814091 -0.102183263899
0.391425953727 -0.405283248881
0.605151378844 -0.643326238610
0.715493604633 -0.837521860420
0.793417219400 -1.000000000000
0.254876223766 -0.384202808219
0.450094367088 -0.622322998216
0.552972677890 -0.813698151356
0.620982262459 -0.987654375321
0.122772752425 -0.363326462326
0.256367111904 -0.564604796062
0.343130799074 -0.724079001729
0.421468899203 -0.885711697528
0.239517905047 -0.092699368659
0.402871829396 -0.228554132304
0.539445577283 -0.320862096708
0.624293279183 -0.433182814431
0.257526473775 -0.515410004608
0.412814638109 -0.620733506184
0.500538661455 -0.543791811385
0.537477662307 -0.468889417340
0.198181245418 -0.540178723334
0.339751357051 -0.765097419481
0.444494672948 -0.894220933476
0.523469004122 -1.000000000000
0.141898044062 -0.519995739922
0.271818944902 -0.752684704456
0.371326363800 -0.881085245194
0.451456580689 -0.988715071351
0.103147484878 -0.472969172301
0.188157983522 -0.665410975429
0.262763780547 -0.776351685566
0.342561611406 -0.879903583060
0.290881966570 -0.043627822835
0.490520486908 -0.073632500439
0.663171245470 -0.083710514230
0.820046027434 -0.143509279846
0.483649728403 -0.382749329487
0.724126276061 -0.332957908826
0.823263260193 -0.181659116555
0.854086798925 -0.039381493585
0.378228472173 -0.424093964403
0.585071140258 -0.655953459877
0.703122222433 -0.842543720365
0.796044835805 -1.000000000000
0.244906249847 -0.413369658414
0.434431156302 -0.642820657192
0.540513051035 -0.826629505603
0.616694175559 -0.986239944967
0.127356343744 -0.390619960528
0.254507529419 -0.576393987092
0.345270876250 -0.724275347752
0.432121932496 -0.873835226131
0.235486725652 -0.092437493696
0.396913610788 -0.228366196870
0.531040895354 -0.322910374230
0.614815074769 -0.438285320008
0.254778703769 -0.514930213167
0.407716049738 -0.622938525991
0.495894982428 -0.550686784053
0.535448525171 -0.477198224828
0.195032889106 -0.540418966462
0.333718150764 -0.766080254762
0.437768373402 -0.894778816913
0.517254075773 -1.000000000000
0.137681348411 -0.521121107415
0.263466468658 -0.755086397906
0.361495576965 -0.881387505911
0.441175605745 -0.987109351179
0.096960696589 -0.475360593749
0.178631931844 -0.667336133935
0.252887377234 -0.776963077087
0.332280518867 -0.878936883677
0.284601717398 0.012521001810
0.508251253120 0.018560223455
0.712554643453 0.039025856461
0.899996415802 -0.019328930167
0.444131913437 -0.381458541691
0.668319051203 -0.369393715586
0.784034902064 -0.213343429978
0.827047051111 -0.055498000806
0.338251545115 -0.432125264819
0.528625440638 -0.665104260726
0.653989233290 -0.846210499265
0.747076200744 -1.000000000000
0.208255750666 -0.415009791503
0.383699841811 -0.645204820318
0.485321795260 -0.823235069566
0.552618810287 -0.973751048793
0.091158530468 -0.372602223338
0.212223167399 -0.551787608444
0.302083858335 -0.699100643038
0.380544252877 -0.841282655816
0.242216416359 -0.094341674399
0.403773557427 -0.229940782840
0.539627785310 -0.323611246302
0.625297203033 -0.437158600939
0.261169071469 -0.516427607378
0.418034018911 -0.620093062855
0.506158550450 -0.544576419405
0.543383628079 -0.472019908982
0.202528588730 -0.540438960740
0.346367043414 -0.767218121613
0.452463673108 -0.895001788704
0.530687327797 -1.000000000000
0.146828326945 -0.518472171569
0.279875789890 -0.755848471424
0.379698826956 -0.882509232775
0.458453921411 -0.991149517359
0.108844012827 -0.469467296881
0.194389576151 -0.663764207773
0.269429908576 -0.776790803637
0.348893492724 -0.884176434136
0.284579431609 0.033680499038
0.502391402004 0.024066368811
0.685826008624 -0.005069848048
0.832976273686 -0.129915753871
0.378331625830 -0.387787423043
0.571617687658 -0.418645006511
0.691604191202 -0.292756047673
0.733182789805 -0.152049512404
0.285806250658 -0.448784481190
0.455926372306 -0.682638852319
0.582425025453 -0.852217923876
0.674583716325 -1.000000000000
0.175285867140 -0.440883938061
0.325909385044 -0.665785961093
0.429785716337 -0.829220265509
0.497514944642 -0.959638695531
0.075544944833 -0.406207362291
0.190159196739 -0.576352468140
0.277670875981 -0.717893056845
0.350447661040 -0.844673667429
0.236043678775 -0.089604105311
0.397764962991 -0.222917863015
0.531760910397 -0.315582997688
0.612482271709 -0.431969941296
0.258630858019 -0.511891074023
0.412957254199 -0.618629006666
0.496817394085 -0.544521129970
0.531065078808 -0.469670295170
0.199309482070 -0.536609313029
0.340664288940 -0.763439249223
0.446305846412 -0.893831783047
0.524463995907 -1.000000000000
0.141826708011 -0.514844113071
0.271950394922 -0.753028295991
0.373440812316 -0.879750303878
0.454377836266 -0.987062674402
0.101635994444 -0.465779877293
0.184656252057 -0.659453924840
0.260475851564 -0.771856102142
0.340814254289 -0.877334402170
0.230927451980 0.017029562904
0.409933288424 -0.050284096203
0.570560278367 -0.116900756628
0.699440835435 -0.239782351600
0.263496686204 -0.429872309229
0.439258711292 -0.498337592415
0.545456328436 -0.397515029313
0.588295944372 -0.276822834703
0.198014462074 -0.481431194450
0.356050010666 -0.715768443279
0.468569669194 -0.873189507317
0.547243177279 -1.000000000000
0.112165437017 -0.471224713855
0.250391894241 -0.704885321318
0.342768363212 -0.860491266010
0.407437315854 -0.982436041660
0.027697305764 -0.436309559820
0.118120025700 -0.620822762208
0.198913715026 -0.751847665520
0.273866535835 -0.862970135885
0.244878523609 -0.098282797393
0.404492933750 -0.230256435538
0.541960101469 -0.320147142027
0.629514755606 -0.434397414423
0.257171427805 -0.518645699454
0.416016119223 -0.620228254243
0.505397916528 -0.543626316870
0.544039901869 -0.465383262922
0.197180997454 -0.542020633931
0.342387847084 -0.769229728590
0.449636156893 -0.897546865799
0.529220617909 -1.000000000000
0.142545475413 -0.519043172420
0.273980836822 -0.759010398232
0.376738446741 -0.885004850942
0.457630036631 -0.989077292701
0.108340654359 -0.470351867564
0.194050448512 -0.665866681713
0.271427657160 -0.779655642826
0.352980193496 -0.885241957816
0.243599215762 -0.094075570891
0.407554672573 -0.225026457239
0.546147795757 -0.313822726921
0.629260358036 -0.429255169730
0.261795766102 -0.514962172978
0.418078195514 -0.620755985448
0.508119978660 -0.544300169961
0.546102538111 -0.464464050010
0.201837162766 -0.538620175350
0.342569749946 -0.767395031507
0.448996529324 -0.896946179521
0.526957081525 -1.000000000000
0.145436405734 -0.516602490588
0.271707254597 -0.757149455806
0.373443914342 -0.884744090817
0.454097904611 -0.989347681607
0.108242910461 -0.468477129341
0.188857692373 -0.663717846167
0.263543178539 -0.777285763579
0.342977196788 -0.882137951354
0.264631566680 -0.110961478810
0.424684019442 -0.206592377718
0.566273853935 -0.259226680008
0.692006913514 -0.326494519945
0.425690858256 -0.425625129189
0.694250884526 -0.375613344173
0.800526569571 -0.237423901463
0.846549965554 -0.111862414081
0.333464821674 -0.423653438420
0.566328467056 -0.655380478413
0.685177977609 -0.842365235099
0.787557403058 -1.000000000000
0.212022577330 -0.374007029687
0.409377121337 -0.614086343164
0.508064965571 -0.811313144421
0.583214795975 -0.984807886111
0.109292395482 -0.319369138699
0.221548821488 -0.514117507079
0.295756152653 -0.687808076683
0.371405294398 -0.865673015956
0.246229498661 -0.093564949600
0.408369481488 -0.224024298322
0.544962566529 -0.314373153063
0.628258445934 -0.429790660602
0.258903834536 -0.509102916229
0.416997949462 -0.619052078701
0.510826744093 -0.547235766421
0.551857241213 -0.471643639764
0.197696085579 -0.533168181053
0.341765342304 -0.762577869426
0.449003271828 -0.893138225553
0.528490575118 -1.000000000000
0.141507314154 -0.513438354608
0.271265294204 -0.748931219880
0.372951398309 -0.877521095862
0.452944932562 -0.983325802750
0.104451016638 -0.468096297928
0.192831237863 -0.661901568738
0.268525342997 -0.775238610293
0.346887444496 -0.879976411547
0.297663642921 -0.040620083510
0.501779073955 -0.070287087562
0.675804238332 -0.089740832018
0.839695486620 -0.163083986444
0.462927592224 -0.376601739758
0.711247333023 -0.337461821042
0.818421275401 -0.187814657534
0.854069729758 -0.049454516305
0.357239998766 -0.427949648844
0.576509689622 -0.651792938650
0.700340751193 -0.839072290044
0.791700365779 -1.000000000000
0.231059669293 -0.423703254350
0.423339149329 -0.640453497150
0.525988878257 -0.816450289338
0.594973390463 -0.972291059521
0.120643436171 -0.401226697293
0.245271374922 -0.573799700467
0.331673187128 -0.714243133826
0.410157800817 -0.856573309113
0.249619381429 -0.095718999742
0.409051951425 -0.224642038152
0.543748025644 -0.315904742585
0.625057660558 -0.432614754371
0.253008763741 -0.512779502028
0.411277158445 -0.622758020689
0.504784294694 -0.548157998046
0.547124064429 -0.469126817781
0.192835971075 -0.534938894789
0.334381574879 -0.765772392663
0.441194800268 -0.895829567621
0.522789202488 -1.000000000000
0.137736690887 -0.512830251698
0.263251058949 -0.747006824787
0.364284165709 -0.874684124806
0.446121091273 -0.978302856101
0.102372486988 -0.465246792087
0.185707681933 -0.659459328195
0.261358206932 -0.771109455607
0.342130685838 -0.872145503003
0.270276148040 0.012454433428
0.498592728125 0.012587680035
0.698944229501 0.006100156557
0.875600782908 -0.078111064378
0.414659844546 -0.368526326635
0.628494633506 -0.379686998962
0.747240731119 -0.251656045141
0.791183981495 -0.111772488399
0.311963089209 -0.428182418729
0.491760666992 -0.663343961601
0.609879871046 -0.846642911229
0.695488595082 -1.000000000000
0.187980082699 -0.423179167274
0.357852903307 -0.650072996140
0.456272125315 -0.821734123687
0.521516114789 -0.964170542649
0.072655726221 -0.396006218492
0.192864469721 -0.566382785300
0.283808028335 -0.701898074119
0.362318726782 -0.830231688089
0.255152904515 -0.098135398219
0.412023449155 -0.224628083602
0.549280433481 -0.311831951742
0.639633652157 -0.422358472880
0.256916317502 -0.508282794447
0.420448700929 -0.615119889688
0.513514223370 -0.541210040339
0.553410458861 -0.464225415643
0.197736860286 -0.530678856268
0.347930974651 -0.762715815238
0.456145569755 -0.894254649371
0.536676560330 -1.000000000000
0.144340073015 -0.508240542575
0.277230142334 -0.747414499434
0.378937758741 -0.876866814294
0.458860982140 -0.982654987767
0.112120990077 -0.461762340830
0.197296990379 -0.657152128628
0.271962805664 -0.771028300190
0.349809216301 -0.876409418742
0.284749648178 0.028828540995
0.499765935112 0.007118636107
0.677042448083 -0.038584610978
0.817278530838 -0.176884053223
0.350664185695 -0.401919612338
0.537550502254 -0.455285826859
0.664316257034 -0.340841723236
0.715706546414 -0.198555833173
0.256871524663 -0.459082809683
0.419172910169 -0.695952537787
0.543181396036 -0.861167605922
0.635862780378 -1.000000000000
0.150811476486 -0.447009816229
0.291593146905 -0.672970956046
0.393892549334 -0.838618010162
0.463458238166 -0.965349143247
0.055754604130 -0.407861883934
0.164607436846 -0.582886223010
0.249430541969 -0.725286125480
0.321340310438 -0.846947076789
0.241057930659 -0.096998194861
0.402659952188 -0.227832127308
0.542367629076 -0.313328294638
0.631757677511 -0.420076695939
0.249817571812 -0.514166438602
0.405707811443 -0.624763911597
0.506900633555 -0.555970688595
0.556951548327 -0.482874438642
0.191893467043 -0.535122873739
0.331596511735 -0.765639878863
0.439868149411 -0.896114107071
0.521310230962 -1.000000000000
0.138557820763 -0.513603012251
0.263072554850 -0.746303625356
0.363275000744 -0.874574865985
0.443498026826 -0.979427848104
0.103816788120 -0.467269135816
0.186174405980 -0.659416617390
0.261322939567 -0.771573817124
0.341302948645 -0.875001784341
0.230009759044 0.007310550838
0.410672786875 -0.057145506511
0.567457462968 -0.134069569284
0.672011210441 -0.281122298908
0.260959344937 -0.425790112569
0.432032701196 -0.505874587923
0.534884762149 -0.405776595407
0.579759446109 -0.281530527766
0.191934366081 -0.472722358766
0.346604100893 -0.713837978251
0.459428220764 -0.873116716136
0.542070209919 -1.000000000000
0.100672034246 -0.455505630203
0.239254025527 -0.699407106952
0.331014675507 -0.852715827607
0.400554809279 -0.971429696872
0.010589281519 -0.409713384139
0.096853647378 -0.602577583901
0.173243373045 -0.735653909379
0.249228681162 -0.847422171086
0.236373897305 -0.095911340653
0.399850237419 -0.227291318084
0.539404214662 -0.311825323174
0.627101621756 -0.415889105089
0.249692668531 -0.513636515569
0.403168110845 -0.624375694418
0.500483719962 -0.552988433413
0.547211246352 -0.478880634706
0.192673613657 -0.536008522435
0.328157532106 -0.766517832301
0.434711484118 -0.896247824229
0.514798786159 -1.000000000000
0.137422454424 -0.515246126068
0.257209479275 -0.751432615278
0.357283826330 -0.879174209204
0.438209642493 -0.982750701705
0.098060387673 -0.468745279635
0.176348086615 -0.660687383960
0.251550580573 -0.772395799279
0.332218797281 -0.874470994082
0.241064675092 -0.100380225242
0.403841686709 -0.231007915728
0.544846147574 -0.312934701192
0.632494966021 -0.411827336815
0.249652467467 -0.516000772823
0.410000098348 -0.622959513388
0.503107155626 -0.547911140552
0.544180174418 -0.471122011853
0.192510466901 -0.536816938916
0.337914468514 -0.766685511372
0.445668303364 -0.896201935294
0.525456087871 -1.000000000000
0.138342313121 -0.513127431134
0.264432522154 -0.753698749302
0.366280826083 -0.883865839022
0.448290889917 -0.989736964080
0.102785907333 -0.464591560047
0.181494848321 -0.661525298065
0.256248241240 -0.775104716601
0.336783786193 -0.879494533608
0.241570583999 -0.099433892580
0.401954287260 -0.231387714779
0.539585163643 -0.317088121734
0.629249627382 -0.419494770123
0.250035261924 -0.515984967212
0.408658234937 -0.620385784323
0.502839538787 -0.547748181448
0.544159869476 -0.473544093607
0.193403553194 -0.537684994853
0.338488847219 -0.766092593151
0.446618147726 -0.896151472319
0.526394965759 -1.000000000000
0.139166994591 -0.515708416227
0.265964809007 -0.753364795270
0.368246931384 -0.884213560644
0.450443275797 -0.990758579927
0.102350407752 -0.468337134675
0.181500102850 -0.663139151939
0.257326916293 -0.777923392700
0.338655944047 -0.883566872977
0.240250734841 -0.099490702039
0.400625757693 -0.231378366676
0.539831024729 -0.314894245669
0.628020813519 -0.413390964254
0.250186928768 -0.517250690627
0.410797505739 -0.621110608611
0.503703358803 -0.547612358333
0.543411983851 -0.472842192456
0.193381628634 -0.539359373592
0.340812639676 -0.768433902184
0.448380778599 -0.897407830070
0.528076695348 -1.000000000000
0.139685221328 -0.517393057799
0.268309107362 -0.755389007041
0.370871848995 -0.885870244969
0.453973528297 -0.992058096153
0.103978174071 -0.469463031935
0.185434870635 -0.665248455865
0.262881271096 -0.778717295729
0.346170665570 -0.882424786949
0.235735713763 -0.098484724536
0.397068003496 -0.230518032547
0.535550994989 -0.313950041054
0.622488145265 -0.408153113098
0.252747171374 -0.518297589482
0.406320751227 -0.623433226243
0.496364136317 -0.550381818825
0.535005364740 -0.475168329954
0.194685530030 -0.540825516687
0.335428162610 -0.768740434258
0.442751182355 -0.897336540390
0.522739015869 -1.000000000000
0.138506821634 -0.519271490536
0.261245671171 -0.758203225964
0.363076371330 -0.888751980201
0.446636166966 -0.994944571653
0.098383518410 -0.471823825723
0.175952320783 -0.667437163878
0.252110922618 -0.780336228567
0.334876262955 -0.883357907966
0.234926816455 -0.100005652651
0.392987755213 -0.232054442900
0.529850918683 -0.315183807755
0.617177269601 -0.411076524731
0.243558820048 -0.512544902203
0.402130071555 -0.622927295698
0.495551109227 -0.555010383467
0.537844768980 -0.483825428009
0.187621584668 -0.533863458187
0.329509390437 -0.765909791799
0.435760530805 -0.896651794073
0.515146393724 -1.000000000000
0.135024930894 -0.512544425186
0.258758743025 -0.749120607300
0.359879852147 -0.880036482257
0.442450916346 -0.988053300922
0.100042351156 -0.465531636600
0.177922748534 -0.660338973025
0.253390743915 -0.772207035857
0.334834171810 -0.875131603018
0.233465162331 -0.094717721206
0.394459908975 -0.226165948268
0.532192937998 -0.309966703976
0.612772027851 -0.410677193628
0.247484394897 -0.511345750425
0.403068720784 -0.619507775154
0.494580982530 -0.547443633743
0.533913554131 -0.472707729534
0.192065972829 -0.534632239316
0.332491555959 -0.764576299551
0.439550940840 -0.895637626780
0.518622358318 -1.000000000000
0.137816926571 -0.514610208807
0.261699186757 -0.751825702987
0.362580050519 -0.882586479587
0.444434956221 -0.989331813817
0.098856688150 -0.467967979729
0.175295632991 -0.661572827816
0.250125432407 -0.774204761089
0.331279419463 -0.877085681907
0.233462197364 -0.097743225565
0.392753000442 -0.230078692794
0.529290739723 -0.316254622997
0.608346977601 -0.417266837749
0.244586903662 -0.514444267540
0.402794888494 -0.619993641006
0.489999196769 -0.548047035164
0.525871132722 -0.473953958321
0.187272192943 -0.536785941904
0.329797046076 -0.765946267166
0.435378192228 -0.896227859444
0.514452767848 -1.000000000000
0.132344285900 -0.514452767848
0.259016224031 -0.751387388733
0.359236764042 -0.881579250233
0.441308541851 -0.988230941713
0.094371946157 -0.465099216262
0.174171244656 -0.658830688098
0.249735861688 -0.772551436175
0.331927344207 -0.877139558532
0.237062636032 -0.092646573497
0.396062237726 -0.227250143274
0.529017100297 -0.318470571981
0.596636836042 -0.431512372757
0.253603660674 -0.511568818509
0.406362979169 -0.620228706768
0.493438326229 -0.546462165313
0.527384190310 -0.471581155626
0.195643191046 -0.534260247824
0.339292387837 -0.763681903402
0.445906663795 -0.893709694402
0.524499860405 -1.000000000000
0.139451340970 -0.512410975830
0.267387147193 -0.748641980711
0.364779478803 -0.879272438753
0.443433252646 -0.987292587468
0.098563555169 -0.463319147050
0.177065025998 -0.656760409777
0.250833446557 -0.772200266425
0.331263451920 -0.878933292235
0.235361210668 -0.092363028868
0.398302247731 -0.224939794042
0.533777852036 -0.312989791995
0.601644231602 -0.418775229203
0.253650932325 -0.515139079766
0.404713161013 -0.624616867906
0.492243641034 -0.550619448209
0.526173252121 -0.475252506517
0.196424940810 -0.537316095397
0.335831454438 -0.766796678753
0.442273230774 -0.895632061673
0.518472283052 -1.000000000000
0.140710309049 -0.515205701015
0.266000818435 -0.751965734247
0.366903413344 -0.882701452353
0.447076223432 -0.990600556532
0.100140364741 -0.466107374090
0.177891356623 -0.660514026553
0.252433984173 -0.775974067367
0.332985816448 -0.882686738163
0.235426501241 -0.095054714850
0.394559261404 -0.227203127770
0.528290610331 -0.315246283285
0.597571099640 -0.418941987492
0.248312656030 -0.511872954082
0.400406777927 -0.626841125879
0.488244191038 -0.561012402071
0.525509718982 -0.489110461398
0.191837404042 -0.534239225790
0.331258298411 -0.766678199162
0.436880247112 -0.896957638891
0.516189584903 -1.000000000000
0.137541335487 -0.513658918212
0.260026082312 -0.750527979298
0.360058977786 -0.882177427772
0.442834546592 -0.989988235513
0.099648808925 -0.466577788375
0.176921798264 -0.662769152568
0.252794762117 -0.775578322402
0.335893905000 -0.878084549399
0.238829502764 -0.096630315199
0.397344416361 -0.230617798838
0.529529322286 -0.320451428990
0.596691446567 -0.425765684742
0.247939608079 -0.513766043873
0.402404345202 -0.629304042347
0.490848161997 -0.564060441183
0.528486834645 -0.493726696458
0.190864478585 -0.535191280242
0.331613008576 -0.767569317898
0.437436894465 -0.897126005724
0.517868290489 -1.000000000000
0.137630383541 -0.513457738858
0.262696739471 -0.748257803869
0.361023067264 -0.878186927216
0.442525602270 -0.985638499591
0.101693275084 -0.465031453620
0.180013724566 -0.660265197829
0.254948530004 -0.773442715090
0.337450416111 -0.877281586332
0.234615140729 -0.090285059872
0.396376296695 -0.223162900113
0.530204237380 -0.310510073664
0.592924361011 -0.413596643413
0.251242825841 -0.511834477614
0.403664109434 -0.626642854039
0.489286731725 -0.559806012206
0.523549633075 -0.489979097598
0.195879585257 -0.534050749984
0.337425429250 -0.764839395708
0.443476106454 -0.895005410987
0.522417839351 -1.000000000000
0.142047978729 -0.512899887099
0.269309283820 -0.746889461895
0.368133448182 -0.878857108980
0.449188028977 -0.987783093527
0.103127947979 -0.463757131149
0.181860231565 -0.658275615659
0.256793264545 -0.773186254510
0.339168559145 -0.878663136534
0.235061829647 -0.091904174447
0.394252867826 -0.224451139419
0.525768485445 -0.313981579924
0.591951401472 -0.418430096900
0.247577119236 -0.510297123260
0.398354323762 -0.626986270758
0.488642476447 -0.563161922270
0.530241102281 -0.493031134128
0.192665015897 -0.533250705238
0.329974391178 -0.766231602098
0.436593687475 -0.896799159589
0.517859942562 -1.000000000000
0.139339049467 -0.513091004941
0.260096312414 -0.749148089744
0.359793457918 -0.881225664164
0.443390091514 -0.989370367768
0.101687335849 -0.465435673144
0.178194092322 -0.659582228970
0.254311769781 -0.772424005766
0.338370434705 -0.874639557970
