0.229624496925 -0.108090748911
0.380931670946 -0.275003624773
0.501944903499 -0.411845875610
0.603839194722 -0.544536392998
0.216076743929 -0.544538520616
0.344387205265 -0.685685818544
0.452079881039 -0.654150015710
0.532946966266 -0.605215680068
0.147744582141 -0.583315232937
0.294721511400 -0.789042054433
0.440495210158 -0.882530398497
0.574721533927 -0.933110384008
0.068176845681 -0.582015759015
0.181392150037 -0.811162397132
0.313818842806 -0.925743068987
0.445842372841 -1.000000000000
-0.011385217131 -0.555229049644
0.017619638197 -0.760206636754
0.093973837267 -0.871675855160
0.194350928337 -0.957007663116
0.226280922078 -0.103712152167
0.380039570835 -0.274029397550
0.501118177721 -0.414386430499
0.601136300136 -0.547856442808
0.217532528644 -0.543472101228
0.344034529090 -0.682481711893
0.449355396650 -0.654459503697
0.529186163564 -0.608670915184
0.148490404531 -0.584515283257
0.292574333236 -0.789747291039
0.437027207978 -0.881936178163
0.571881281457 -0.932331959878
0.067760643439 -0.583983306753
0.178930653446 -0.813286685408
0.309896226014 -0.926299748764
0.442667751916 -1.000000000000
-0.013872932738 -0.555317570480
0.013484200025 -0.761976608377
0.089421016308 -0.873108889554
0.191055944854 -0.958156526603
0.222411550995 -0.105291335582
0.373772660709 -0.277008259936
0.495777441557 -0.415700347738
0.598150848156 -0.544062333106
0.206206884184 -0.542871328050
0.335563377981 -0.681229025024
0.443896068817 -0.650556197983
0.525843930779 -0.602804761791
0.140056415743 -0.582417631284
0.285503419578 -0.787398019096
0.432158631318 -0.878096035367
0.569614744479 -0.925950187604
0.061404861947 -0.579331640481
0.171155326471 -0.810248831495
0.301959782452 -0.925223033171
0.436600724428 -1.000000000000
-0.017559098939 -0.548298868865
0.005740281940 -0.755467609466
0.079041081428 -0.870077544976
0.180814392505 -0.958041748686
0.218708763487 -0.102030034362
0.373058006333 -0.273689505862
0.494059999151 -0.413615779764
0.592257332783 -0.541723664839
0.211006757839 -0.534742419032
0.336275729145 -0.669637748293
0.444811823453 -0.647392807240
0.527877420768 -0.608233221822
0.144998628074 -0.577467277330
0.286521446241 -0.781398103189
0.431322762704 -0.872911641818
0.567070894308 -0.922257157074
0.064710101838 -0.578524160550
0.173872478743 -0.810320299798
0.303465173383 -0.924552189454
0.437469758977 -1.000000000000
-0.018752291549 -0.549984302194
0.005876058432 -0.758328690431
0.080205080390 -0.871903020967
0.182611603022 -0.959009265059
0.225153186502 -0.105989018451
0.373113718144 -0.271989446385
0.492828478175 -0.407000907286
0.596098276119 -0.532702165701
0.215714965459 -0.533681937710
0.340417587722 -0.663469568387
0.447648273982 -0.637346553026
0.528460185034 -0.593853775510
0.148735208034 -0.576068794455
0.289442767551 -0.770974179455
0.430771680359 -0.856279101394
0.565586646696 -0.903770620165
0.068767363504 -0.576466935905
0.166528083775 -0.804791583734
0.286968323842 -0.922067987078
0.415697484963 -1.000000000000
-0.011264885040 -0.549245977559
0.009548746639 -0.755427964974
0.079147877575 -0.869885591674
0.178839887200 -0.957740102262
0.226292673139 -0.105613851761
0.377084856827 -0.270909569707
0.496417409769 -0.403319054143
0.596862140286 -0.522376380769
0.224730164270 -0.519916126518
0.351122430587 -0.649611643369
0.452290787072 -0.628483714837
0.531288267297 -0.587412758276
0.156540674632 -0.565036254105
0.298048628554 -0.750949512281
0.436440285103 -0.825899590233
0.571909878128 -0.867951773241
0.073088649693 -0.567573881051
0.167039297843 -0.793999580929
0.285579243419 -0.915882368330
0.414463478155 -1.000000000000
-0.013792248432 -0.543088446492
-0.006994022682 -0.744911357053
0.048041697507 -0.864301373927
0.136879330927 -0.959255810418
0.226419967694 -0.108204269672
0.379335134847 -0.267735520559
0.499328361273 -0.397360601742
0.590578659242 -0.518750754436
0.221740013730 -0.512014577996
0.348701990791 -0.637516640801
0.447249268109 -0.612026007168
0.523914905410 -0.564976572665
0.154809373501 -0.558784454450
0.302895201072 -0.739911040062
0.444334541172 -0.815706570935
0.581610996559 -0.858932231426
0.070851776142 -0.564057548721
0.169745343394 -0.787206460963
0.290128181994 -0.913127243716
0.419788398213 -1.000000000000
-0.017528186816 -0.543562426115
-0.012830212774 -0.747921519848
0.038502445999 -0.867695913417
0.122734828967 -0.960993382682
0.215956708068 -0.104920686582
0.366927083016 -0.265117577433
0.484314922966 -0.393386139869
0.574040362299 -0.512922363909
0.213856717779 -0.504841452399
0.338068286864 -0.631767300174
0.436560277507 -0.611429348098
0.514799442029 -0.566154326247
0.149518967241 -0.552171687066
0.295228761277 -0.726633046993
0.434469470257 -0.796663387590
0.567445233942 -0.833357774031
0.066605392232 -0.558864171887
0.159331653569 -0.781623154910
0.275793225599 -0.910879584764
0.400821516266 -1.000000000000
-0.022548260728 -0.539278578856
-0.025797593638 -0.741426190920
0.020440834616 -0.863246675517
0.099859125685 -0.957574178433
0.213946068801 -0.101271814120
0.369112190852 -0.264595174354
0.486052060226 -0.393355158638
0.576964745178 -0.512773416242
0.221232043745 -0.506085135772
0.344222232526 -0.633258738460
0.438596867991 -0.603662673360
0.510439865713 -0.554047036257
0.155597950715 -0.553065629660
0.303507911368 -0.723989491640
0.443695757040 -0.784860128511
0.573407619089 -0.813124650718
0.072643936787 -0.560584133988
0.166775589824 -0.785006064392
0.288499618078 -0.913006596399
0.416075723965 -1.000000000000
-0.017340013520 -0.542063211224
-0.019732459020 -0.745751508777
0.028443708528 -0.868533490820
0.109509910868 -0.964005329832
0.212999997452 -0.100676078299
0.369580705898 -0.265398628765
0.486267668468 -0.393466869473
0.578372485624 -0.515256720502
0.217831635214 -0.503708020270
0.341491460994 -0.635202849478
0.438670712599 -0.604275989635
0.513752693679 -0.554588927701
0.152835907902 -0.550108643976
0.304512824433 -0.718128761532
0.444550012357 -0.769380712522
0.570609595585 -0.789849622796
0.071240730408 -0.559577103286
0.168611659316 -0.785212923543
0.295740183901 -0.913139791028
0.425224928852 -1.000000000000
-0.017312227224 -0.544361015356
-0.020753776500 -0.748863617950
0.027965726777 -0.873452132904
0.107648941510 -0.970598222134
0.215433051996 -0.099104371704
0.376241918940 -0.266979002111
0.494418937337 -0.395586844164
0.588169045847 -0.516692151173
0.222940312671 -0.504519131193
0.350079592981 -0.638306347001
0.443711519623 -0.603716577281
0.515072985624 -0.553652913786
0.157850457572 -0.549914282190
0.314706888937 -0.715156571763
0.453672574466 -0.761089458475
0.574915500068 -0.778004340965
0.076650022378 -0.559637535062
0.182579232549 -0.784238598835
0.317651409063 -0.911930675240
0.449731726956 -1.000000000000
-0.012357442866 -0.545196828592
-0.013090819704 -0.749851743601
0.034613562245 -0.874129222873
0.109022895867 -0.971962605301
0.216163729892 -0.098902111878
0.377483946513 -0.265997874975
0.496323699703 -0.395232988135
0.591925386451 -0.517068433147
0.223877985598 -0.505243708062
0.352754603660 -0.641877241998
0.444748304591 -0.608919018776
0.514445290164 -0.557787938049
0.155999587203 -0.551638387466
0.316402069675 -0.717708747305
0.454491787252 -0.760363240107
0.575115034849 -0.774020793215
0.073599185182 -0.562835683759
0.182596746900 -0.786340164199
0.319868935988 -0.912981738704
0.454331375040 -1.000000000000
-0.015961555621 -0.549667038633
-0.015496243785 -0.754435035923
0.034487586099 -0.878725997730
0.111503950556 -0.976594473687
0.218198581245 -0.098312782755
0.378127866683 -0.262954226900
0.495233267718 -0.393382306913
0.586962963904 -0.513493583437
0.227229993844 -0.500027437313
0.354283419286 -0.636143418729
0.446279702760 -0.602172723773
0.515869615313 -0.550767344726
0.159900010666 -0.548039683386
0.317565380377 -0.715140582128
0.454279895932 -0.760293118952
0.574609425227 -0.777362179822
0.076287855888 -0.560232190054
0.182722789270 -0.784231536292
0.317950146392 -0.911999411515
0.451277425453 -1.000000000000
-0.015471737938 -0.548215456594
-0.014770555235 -0.753914706643
0.034812355042 -0.877266015309
0.111541159593 -0.973459055400
0.212452183127 -0.097451862553
0.372847466174 -0.260034289306
0.490741372326 -0.389901294889
0.577692520358 -0.507202299641
0.223840325682 -0.497578999746
0.352329990986 -0.631538303555
0.442391999021 -0.597951715797
0.509426724676 -0.546596706039
0.158666935539 -0.546288979910
0.315059172110 -0.714096916600
0.451915495848 -0.765649298098
0.572177862889 -0.787432869557
0.074625386264 -0.557893693470
0.182130587392 -0.781009102127
0.314067182568 -0.909840278470
0.444302491268 -1.000000000000
-0.020375053064 -0.544466704970
-0.019080095832 -0.748550078021
0.028668017773 -0.871574118457
0.103505713136 -0.968429396994
0.210810877524 -0.090045888126
0.375781136668 -0.259275694612
0.491159630341 -0.387079728642
0.579519974815 -0.501945728728
0.227550791081 -0.491289914108
0.355252533127 -0.627137968090
0.439921848759 -0.589601730463
0.504798864666 -0.535465910318
0.161890087925 -0.536548534931
0.325403947383 -0.691030061873
0.449068009015 -0.706306381401
0.550566051131 -0.699171329500
0.078929346113 -0.552187920710
0.192205148268 -0.778359651295
0.330988742362 -0.907358318419
0.461761724717 -1.000000000000
-0.017619318647 -0.545040712850
-0.016115990344 -0.747269359125
0.029876618875 -0.872927990392
0.098576063754 -0.974702332499
0.210599585614 -0.089911229671
0.376368159558 -0.258241596905
0.494478526065 -0.386004824597
0.579807565483 -0.505114241858
0.224320151876 -0.487460443852
0.351802934869 -0.621514081157
0.439628735728 -0.588959582520
0.505859841488 -0.537718318007
0.159744432251 -0.536012282860
0.322054696525 -0.690937867446
0.449874919810 -0.720926637089
0.558264796956 -0.727054281627
0.077710999245 -0.553595732724
0.189850634247 -0.774549723989
0.324068623272 -0.905454880167
0.453267950362 -1.000000000000
-0.016612876302 -0.547848573957
-0.013877499901 -0.747874549607
0.029063961523 -0.874287315532
0.096179467463 -0.976413096648
0.209661200026 -0.090934062081
0.374965023340 -0.257831534365
0.493098028692 -0.384564733125
0.578652625609 -0.501045545104
0.224390309697 -0.491622296009
0.355028978652 -0.620843528438
0.446251666705 -0.589292853541
0.515247837901 -0.539190098805
0.161786773508 -0.539004535805
0.325018828335 -0.694772944741
0.454154788669 -0.724796355468
0.562531690002 -0.728514193956
0.080258252392 -0.554008080121
0.191410654891 -0.775251059292
0.325636461437 -0.906036730551
0.454561744671 -1.000000000000
-0.014268822408 -0.545052772504
-0.017514333759 -0.747667212433
0.021746039016 -0.874773647274
0.086370163886 -0.976980506452
0.213574803810 -0.089126671931
0.377473178926 -0.255780212958
0.494689465006 -0.384162360558
0.580879256810 -0.499084478832
0.220948625458 -0.485211657923
0.350465299307 -0.615548710119
0.443546186609 -0.589910151841
0.515882820148 -0.542908916627
0.160101171734 -0.533763928695
0.324112235276 -0.693612480904
0.455566753486 -0.725362300207
0.566900604616 -0.727684702082
0.079017264400 -0.550234201288
0.190180637109 -0.775741647740
0.322636380413 -0.907216138404
0.451526080317 -1.000000000000
-0.014969963350 -0.543653701198
-0.016735139963 -0.748012054109
0.025357456835 -0.874897321037
0.093891351711 -0.975944759539
0.214638465083 -0.089516430876
0.381998610269 -0.257910282451
0.501692650734 -0.385763373576
0.586865684546 -0.501703789455
0.227378262791 -0.487369001504
0.358317276392 -0.614126440047
0.447123106588 -0.585579597110
0.514876258132 -0.537147280924
0.164841427891 -0.535971379865
0.332101945711 -0.690647959248
0.460721952236 -0.718406975804
0.568955532944 -0.719359522743
0.082311583470 -0.553400827354
0.196263302955 -0.776027494172
0.327868238129 -0.906269716622
0.454811142580 -1.000000000000
-0.014422738294 -0.547894365675
-0.015631848476 -0.748102763268
0.023782327704 -0.874236723318
0.088348148867 -0.976372786226
0.212189059204 -0.088351550878
0.377376538875 -0.257111111737
0.494633633416 -0.384670250544
0.581283326401 -0.499283498072
0.226158448864 -0.481521988950
0.353208001720 -0.612836717029
0.444743107661 -0.593746896720
0.516972885579 -0.552196886869
0.167135375538 -0.528377774249
0.329571621683 -0.679216154360
0.458655355124 -0.708609202596
0.566709780454 -0.707817579087
0.086611203634 -0.545634187164
0.197237721703 -0.766968569302
0.326946345885 -0.903403748438
0.451230379665 -1.000000000000
-0.009347647127 -0.542258920030
-0.012592181078 -0.740317856737
0.023229037803 -0.864319648879
0.083807399286 -0.961967051564
0.210899392607 -0.087694200168
0.375084556434 -0.255284783471
0.491748857155 -0.380370309223
0.580985804344 -0.493660330418
0.228343773438 -0.481695647019
0.355267693039 -0.611044503962
0.447087835101 -0.592281120914
0.520175612267 -0.551426683718
0.170063265863 -0.527694996734
0.330700424159 -0.676274031480
0.460518126141 -0.706143841114
0.570289170571 -0.706871407576
0.090418560109 -0.543121208358
0.199902240044 -0.761079037030
0.328952770582 -0.899219164735
0.453615207128 -1.000000000000
-0.003989729988 -0.537690068136
-0.009198505794 -0.736121808279
0.025153284578 -0.860258580543
0.085337835675 -0.959418697112
0.208144867482 -0.085152226998
0.375839081906 -0.253836679687
0.493533774656 -0.379631338263
0.582050613490 -0.492700956796
0.225369436220 -0.481686535548
0.355617866951 -0.610914644311
0.448862610089 -0.595033135835
0.525568236983 -0.555617215613
0.168976700192 -0.527160149311
0.334165703398 -0.673373541281
0.460781292903 -0.693558220209
0.566126279499 -0.683635177904
0.090330979762 -0.542151237167
0.202188864186 -0.760451328822
0.332903571961 -0.899744084980
0.458693426914 -1.000000000000
-0.005469901133 -0.535558998152
-0.015367276625 -0.735518391259
0.019075510298 -0.860448092484
0.081053312271 -0.958518379657
0.205886270522 -0.082754563238
0.374764716405 -0.254122445666
0.491408989000 -0.379629229028
0.579369323297 -0.491338379615
0.228419049804 -0.477463210202
0.358342909959 -0.607930880097
0.445872296102 -0.591443892641
0.515682899290 -0.553601029998
0.170952085112 -0.521931080379
0.337681623703 -0.661623726600
0.459186074322 -0.667100693600
0.555062437655 -0.645554987332
0.092111987861 -0.539565318420
0.209089983984 -0.755756913157
0.343868512768 -0.897183499814
0.467595842416 -1.000000000000
-0.005909879902 -0.537241285271
-0.009699776837 -0.735699108256
0.025272569239 -0.857673234838
0.081955255283 -0.953538356573
0.210264927037 -0.085427826785
0.378254141687 -0.253950521175
0.496144884395 -0.378632212577
0.584900506171 -0.492603843623
0.231544372098 -0.478770710720
0.360366497821 -0.608087027657
0.453850298904 -0.598917377873
0.529661000697 -0.566507144292
0.174509283568 -0.524277904387
0.339159947588 -0.663849866041
0.469448087326 -0.683449401908
0.576082829629 -0.674256008542
0.095200928849 -0.541661981368
0.208520565179 -0.757701550596
0.340592030603 -0.898162191925
0.465029913971 -1.000000000000
-0.001381470626 -0.539674947921
-0.007690526065 -0.737406266881
0.025450806920 -0.861676707259
0.082780681158 -0.959832616267
0.209865256882 -0.081076555147
0.379571949561 -0.249394301639
0.497498318284 -0.374229923952
0.586364510352 -0.487975621205
0.235231395693 -0.479578719549
0.364409209040 -0.616768635554
0.458877648158 -0.612111135549
0.538370009666 -0.582232416805
0.177870306382 -0.523211337648
0.342551828454 -0.661529286752
0.469777085915 -0.671505031965
0.572586769570 -0.651714776306
0.097627957059 -0.538794842733
0.210713214245 -0.754316539123
0.343361541891 -0.897339772797
0.467315397583 -1.000000000000
-0.001288698277 -0.534842332902
-0.013692139482 -0.733729263756
0.017186454522 -0.859320834242
0.073286470690 -0.958137058585
0.214041079968 -0.082499536228
0.382177257377 -0.248699684281
0.499073321384 -0.370451367212
0.586473403942 -0.484686988138
0.229656039402 -0.478333422761
0.358318363127 -0.614971215634
0.453546639215 -0.613810794456
0.533781288871 -0.587710779580
0.174384830782 -0.520784937941
0.338006129457 -0.659035417141
0.469124077755 -0.671063814436
0.576249814608 -0.653054822484
0.096403835848 -0.535543957041
0.208673964155 -0.751843168193
0.340015735580 -0.896011062885
0.463265039403 -1.000000000000
0.001593783447 -0.532143514006
-0.011025771422 -0.731670213551
0.017966526600 -0.856672601846
0.072848649235 -0.954929387975
0.212607030886 -0.085147587994
0.380072856606 -0.252172197294
0.496621475236 -0.375396672492
0.581028942475 -0.491514274824
0.229349672131 -0.476691459488
0.357003366121 -0.607179236602
0.451184752174 -0.599385202008
0.530068568475 -0.566575616310
0.172411374620 -0.521718178500
0.332927409332 -0.662366622202
0.463996103717 -0.683606088640
0.573991104026 -0.674618884732
0.091941317155 -0.538771760223
0.200589575134 -0.755735303442
0.328816352703 -0.897734385921
0.452126427313 -1.000000000000
-0.005118134941 -0.536514187919
-0.018547736197 -0.733622869878
0.009729731891 -0.859095125264
0.065076769780 -0.957832211606
0.209409385713 -0.084551744033
0.371095067812 -0.250568697786
0.486945673055 -0.372064670082
0.574663425014 -0.486418898406
0.226853521546 -0.475267162522
0.354765980634 -0.608753333449
0.448288772293 -0.595502357670
0.524882958782 -0.557092663372
0.170733140461 -0.519155337344
0.323796419069 -0.661426808489
0.448768354445 -0.682153039340
0.554785832918 -0.675623729838
0.091643635641 -0.533042505044
0.195457575175 -0.748467583894
0.321323951417 -0.892908176904
0.443065598738 -1.000000000000
-0.002075059282 -0.525732101299
-0.014671546476 -0.722101527380
0.010991942335 -0.849302492090
0.063178701942 -0.951456573614
0.209410052955 -0.086827279650
0.369954682393 -0.250125912469
0.487324912246 -0.369741881102
0.574490175160 -0.484504771192
0.230107154921 -0.479858569360
0.354721011764 -0.618104686507
0.446995198409 -0.596542716564
0.520680869823 -0.553212383608
0.172347322580 -0.522268053091
0.324320573941 -0.663191053302
0.453546012103 -0.681004032766
0.563895411470 -0.675475068303
0.092238598853 -0.532658076145
0.194275608988 -0.750318310227
0.318953306218 -0.893500087327
0.439899806865 -1.000000000000
-0.000619662851 -0.521092205046
-0.008193615482 -0.719700315327
0.015661006253 -0.847436769149
0.065186557109 -0.950219551082
0.211517378395 -0.090519949653
0.368456112864 -0.248041805901
0.485478432528 -0.367947559189
0.570120804738 -0.483782519016
0.228235218977 -0.476577581221
0.352583724736 -0.610267655421
0.447257730891 -0.585806832706
0.520306425627 -0.538174041476
0.169109643603 -0.523453432058
0.318770995820 -0.678131202280
0.450601395173 -0.728341822117
0.567326323931 -0.751945332003
0.087575731604 -0.534452207514
0.186850040896 -0.752682258012
0.304226889627 -0.895269176635
0.422303901210 -1.000000000000
-0.005217363221 -0.522623526313
-0.014003417311 -0.720451346595
0.013397416225 -0.850500004989
0.069023780093 -0.954976892102
0.209209999985 -0.091424368845
0.364335358570 -0.245946887381
0.480440212911 -0.366809812245
0.561552169858 -0.483388845420
0.221710330967 -0.476055635041
0.345359345806 -0.605593853617
0.439814396619 -0.579886911820
0.510705209720 -0.531552636574
0.162668481492 -0.524724772649
0.308708219251 -0.685032735879
0.439682702447 -0.746808077474
0.556234279382 -0.782162215972
0.081260292473 -0.536735760014
0.177095857374 -0.754516436660
0.290185074808 -0.895181795124
0.405196388635 -1.000000000000
-0.010670979212 -0.524797084722
-0.018004907923 -0.721139925596
0.010561952400 -0.848456463493
0.067031295903 -0.950286048720
0.202285626571 -0.090255077388
0.354234519701 -0.244182890614
0.466620184077 -0.362424457193
0.546682425542 -0.476765024023
0.211283791148 -0.473705074159
0.331716584349 -0.606914427714
0.427203812791 -0.578035354874
0.497056944514 -0.528350910730
0.154437844179 -0.520744197071
0.295809383253 -0.686619942328
0.424378378894 -0.754917273274
0.536513489336 -0.795399815622
0.075919060545 -0.532362289432
0.168130887897 -0.750046566121
0.277732785645 -0.892651220492
0.388217164694 -1.000000000000
-0.012140348332 -0.519286392993
-0.022121113581 -0.714102768584
0.007919178864 -0.841167693755
0.065032739761 -0.943313332062
0.196872262295 -0.088485779779
0.348863419179 -0.245870869668
0.461299274508 -0.365233020038
0.544074557681 -0.479568800758
0.209698564839 -0.472470590319
0.328147652565 -0.605583214734
0.418094130594 -0.566271375836
0.481328544794 -0.512144127406
0.153216005541 -0.517059447323
0.297782794372 -0.676977240223
0.421728203038 -0.730012810338
0.524576026662 -0.759144954336
0.075342136792 -0.526961867467
0.168419992036 -0.746334732447
0.277530725459 -0.890136039420
0.384143131183 -1.000000000000
-0.014768604729 -0.511813658313
-0.022536687051 -0.704751559430
0.007791970250 -0.831306423213
0.062333353784 -0.933723526131
0.200050335324 -0.090306555865
0.352519152098 -0.248999690277
0.464934811601 -0.365707946485
0.548742659416 -0.479238950408
0.210370163811 -0.474106797470
0.333434671805 -0.607010805127
0.424458362371 -0.565402626484
0.486501579696 -0.512002726587
0.154675005775 -0.515749803933
0.304265499341 -0.671166386006
0.427702435924 -0.711829263079
0.527262630841 -0.731404827276
0.078937427687 -0.525048948229
0.172669068583 -0.746125055634
0.281617011010 -0.889647937337
0.386587127226 -1.000000000000
-0.007338652555 -0.511667610745
-0.017155166633 -0.704219675715
0.010236544571 -0.830350021916
0.061868340514 -0.933718757320
0.205374700633 -0.090370776124
0.356234823718 -0.245193163579
0.467763517505 -0.361150265934
0.551201317428 -0.476513179502
0.213566382222 -0.469419006382
0.336036814947 -0.603987563814
0.426813465339 -0.564755668874
0.486506227957 -0.512360171247
0.155716223791 -0.512812079672
0.304005784056 -0.672971837540
0.428671697929 -0.721685569684
0.529320392706 -0.748862917629
0.078820922099 -0.524170253656
0.171618278578 -0.744248960460
0.280253551497 -0.889152108848
0.384764086549 -1.000000000000
-0.007533044982 -0.512598659129
-0.015457302932 -0.704577342607
0.016309321685 -0.830877507749
0.071823652814 -0.934091059432
0.200012819447 -0.088959715755
0.350724497250 -0.241516761812
0.461617724015 -0.357384828196
0.537581850685 -0.473728478332
0.206614025223 -0.466594606420
0.326501523976 -0.600718590515
0.418737252099 -0.561110777713
0.480299659005 -0.505385266200
0.148803869669 -0.511355328128
0.291752343240 -0.676736716118
0.417351472196 -0.737238415928
0.519990223919 -0.774490626444
0.072039972932 -0.522586874975
0.160548117309 -0.743163498016
0.263965054943 -0.888144216234
0.365099236819 -1.000000000000
-0.014917426920 -0.509411250903
-0.026474277834 -0.699819583436
0.004866918839 -0.825330795499
0.061739628245 -0.929239832619
0.202982008762 -0.090503121527
0.351792532759 -0.244418498815
0.460972115935 -0.361047518253
0.538396436838 -0.476906990273
0.209505422580 -0.474419106687
0.329715840273 -0.606049620380
0.419813251563 -0.565087832876
0.480697599722 -0.509422362153
0.151693562882 -0.516455533241
0.299833347548 -0.678072047389
0.423415875258 -0.731896451900
0.524386105172 -0.763075545542
0.074408228167 -0.525063971013
0.166745443483 -0.745497182641
0.272654305679 -0.889634719798
0.376184300616 -1.000000000000
-0.013971193649 -0.509281372838
-0.023519945404 -0.702601703567
0.007996097292 -0.828586693059
0.064602845041 -0.931369174974
0.204677137372 -0.092503869697
0.355432821735 -0.245731108093
0.465829747654 -0.361871541588
0.544125497599 -0.476279961134
0.209913970028 -0.473157791753
0.331114270957 -0.600687396280
0.424031969384 -0.562003636918
0.486998448200 -0.508459643077
0.152871116552 -0.515330953126
0.298469935164 -0.680729058268
0.424976040205 -0.746729262299
0.529095487231 -0.788322740506
0.076310340868 -0.523597378093
0.167411022065 -0.744940733278
0.272314606103 -0.889403752728
0.375530504000 -1.000000000000
-0.010084134218 -0.507933937572
-0.019587355010 -0.700600045893
0.011530843168 -0.826654318700
0.067799709278 -0.929717683572
0.201693731352 -0.090919768549
0.349016367848 -0.244946073086
0.457941200036 -0.363435895507
0.541728224743 -0.477485323270
0.211541951435 -0.473644202695
0.329955845129 -0.601487387475
0.419867633983 -0.561906350933
0.481646814827 -0.506225093066
0.155038036636 -0.517390636357
0.294875854330 -0.687866710049
0.421517159730 -0.760883782813
0.528977942092 -0.807847882941
0.078713928949 -0.525721315727
0.165807739695 -0.748142862025
0.267600478967 -0.890831778527
0.369667526560 -1.000000000000
-0.007747984782 -0.508368442712
-0.019526816232 -0.701829210333
0.010561482980 -0.828000527251
0.067264504880 -0.931396557304
0.207172778751 -0.092961866840
0.357435999215 -0.246487771611
0.468069792833 -0.362563874920
0.552065494366 -0.475606192960
0.216667196224 -0.472460049539
0.339649258367 -0.599817556146
0.431199050297 -0.559177980381
0.492499709511 -0.503759047940
0.157758138637 -0.516145613404
0.302602457359 -0.684182297420
0.430349840619 -0.754064233867
0.536651859029 -0.799263869900
0.081213263911 -0.525158210871
0.172703308011 -0.746345136619
0.278216363430 -0.889825002176
0.381944351708 -1.000000000000
-0.004104986722 -0.510476937338
-0.014321827214 -0.703045343422
0.016608361688 -0.829553717098
0.073272251634 -0.934210847443
