-2.233634530399999929e-01 -2.208249105729999939e-01
-3.152949788139999820e-01 -4.664013526570000012e-01
-3.590365766770000078e-01 -6.297748107160000552e-01
-3.871483029039999857e-01 -7.269112182829999824e-01
-8.943621079400000673e-02 -7.253596248850000539e-01
-1.743851538049999983e-01 -9.735876985789999605e-01
-3.299079438359999727e-01 -1.000000000000000000e+00
-4.466696779770000236e-01 -9.587888365040000416e-01
-3.392052006500000105e-02 -6.867522222090000072e-01
-3.852570413899999990e-01 -7.399347599629999550e-01
-4.043549171899999961e-01 -5.840475296829999996e-01
-3.134191792580000024e-01 -5.179274338229999941e-01
-3.148931564500000169e-02 -6.021076157970000065e-01
-3.832047492349999751e-01 -6.073876860769999997e-01
-3.685838646729999724e-01 -4.663365821359999885e-01
-2.713659518429999973e-01 -4.254249469460000266e-01
-6.294949869799999764e-02 -4.937536044510000277e-01
-3.527963564839999844e-01 -4.865022758779999901e-01
-3.408236151619999932e-01 -3.852457277620000009e-01
-2.563999073409999885e-01 -3.462251655249999893e-01
-2.254632674669999892e-01 -2.189440487840000060e-01
-3.183610170330000155e-01 -4.590548823189999905e-01
-3.657573425080000162e-01 -6.198247251480000219e-01
-3.967651359959999957e-01 -7.185131329189999860e-01
-9.333924438000000545e-02 -7.197918457740000164e-01
-1.796154180519999866e-01 -9.660458045930000459e-01
-3.288784672919999874e-01 -1.000000000000000000e+00
-4.444289913419999793e-01 -9.676976722500000294e-01
-4.058733761799999951e-02 -6.841505195460000355e-01
-3.904968499890000277e-01 -7.397462829449999999e-01
-4.077185329979999828e-01 -5.871642647039999607e-01
-3.213214301819999896e-01 -5.180652484200000130e-01
-3.968770377699999685e-02 -6.029843074690000027e-01
-3.929461823459999836e-01 -6.113776457780000229e-01
-3.764304208640000260e-01 -4.684503997500000239e-01
-2.823967272399999784e-01 -4.224295727610000162e-01
-7.309122961399999729e-02 -4.972477100450000131e-01
-3.606137163459999795e-01 -4.916617427539999863e-01
-3.487678321709999918e-01 -3.876751856360000081e-01
-2.684205718150000086e-01 -3.435811379309999802e-01
-2.223365526030000039e-01 -2.231381275409999865e-01
-3.139280627439999805e-01 -4.649233098119999741e-01
-3.639956811330000153e-01 -6.263610892969999622e-01
-3.976130732359999809e-01 -7.277749692199999565e-01
-9.767115357399999698e-02 -7.177019356799999583e-01
-1.899081270350000128e-01 -9.698505531829999526e-01
-3.457628097439999770e-01 -1.000000000000000000e+00
-4.600054624870000275e-01 -9.617250570509999763e-01
-5.065694211499999905e-02 -6.790356959769999756e-01
-4.053748217240000229e-01 -7.496467607790000542e-01
-4.285758104619999953e-01 -5.996313531579999800e-01
-3.415861375909999831e-01 -5.287940732489999629e-01
-5.334946518300000273e-02 -5.958344042930000528e-01
-4.082852762320000051e-01 -6.125916469400000119e-01
-3.941656477759999944e-01 -4.735139456710000250e-01
-2.985425953249999931e-01 -4.271208198840000247e-01
-8.793893375500000387e-02 -4.889029632329999764e-01
-3.778396291569999788e-01 -4.857515723579999833e-01
-3.669694701910000134e-01 -3.831970315120000192e-01
-2.850453305919999902e-01 -3.393925279430000108e-01
-2.237147717659999924e-01 -2.193323030730000012e-01
-3.181165053319999769e-01 -4.593538803319999753e-01
-3.695403284609999894e-01 -6.173575712979999519e-01
-4.020988377499999933e-01 -7.150034290210000032e-01
-9.411011843300000346e-02 -7.179575157440000188e-01
-1.778063929840000001e-01 -9.664803664179999476e-01
-3.281378555910000050e-01 -1.000000000000000000e+00
-4.417670671380000136e-01 -9.650788053159999880e-01
-4.297960587300000274e-02 -6.796434694180000236e-01
-3.978192726520000111e-01 -7.433584088439999515e-01
-4.183409340709999813e-01 -5.944231149069999498e-01
-3.307702096299999783e-01 -5.264807450649999776e-01
-4.318739107399999916e-02 -5.953457151080000509e-01
-3.998929802610000084e-01 -6.111538266999999580e-01
-3.842852598820000187e-01 -4.726264661640000031e-01
-2.888458247940000057e-01 -4.285706817719999728e-01
-7.629446836400000098e-02 -4.869940216070000050e-01
-3.674934652679999747e-01 -4.848254166320000169e-01
-3.559748559179999883e-01 -3.853360539440000010e-01
-2.736245698179999852e-01 -3.448206241980000253e-01
-2.224957891880000038e-01 -2.183849304999999907e-01
-3.178066519859999994e-01 -4.584530247740000175e-01
-3.721301779930000220e-01 -6.179034846980000495e-01
-4.107329612339999936e-01 -7.158641709609999682e-01
-1.037315208240000008e-01 -7.196353927009999651e-01
-1.903309516789999933e-01 -9.648259730120000155e-01
-3.384668742490000160e-01 -1.000000000000000000e+00
-4.506275387179999870e-01 -9.663860542790000396e-01
-5.500888126200000061e-02 -6.828818382339999493e-01
-4.055770984240000265e-01 -7.424409918809999898e-01
-4.232853620009999762e-01 -5.947801697560000100e-01
-3.362076250230000007e-01 -5.276348716840000286e-01
-5.579380112699999783e-02 -5.998121425119999905e-01
-4.072338686179999834e-01 -6.127269735450000532e-01
-3.892417139039999752e-01 -4.751190656259999812e-01
-2.941633570980000112e-01 -4.305545685130000022e-01
-8.843241909500000608e-02 -4.923171548620000060e-01
-3.748213452849999960e-01 -4.885250726390000242e-01
-3.609971386249999914e-01 -3.875592039949999901e-01
-2.793521785290000170e-01 -3.453959959610000130e-01
-2.220389680039999980e-01 -2.225788173699999872e-01
-3.154396116220000157e-01 -4.635181779259999746e-01
-3.682592175759999975e-01 -6.219437154639999576e-01
-4.046052039949999957e-01 -7.228921480950000200e-01
-1.030279573150000016e-01 -7.175486023749999553e-01
-1.867858980359999865e-01 -9.672221365430000439e-01
-3.402702277460000202e-01 -1.000000000000000000e+00
-4.552467188550000099e-01 -9.636471214859999579e-01
-5.627452860300000137e-02 -6.787138612840000196e-01
-4.073661020389999776e-01 -7.451049951789999737e-01
-4.309033644620000048e-01 -5.980423521169999646e-01
-3.461183126430000256e-01 -5.299962655230000541e-01
-5.833347141100000272e-02 -5.942394730440000439e-01
-4.111192730520000227e-01 -6.088639810439999689e-01
-3.949049096130000103e-01 -4.716640686770000035e-01
-2.990961866080000253e-01 -4.279185677169999868e-01
-9.139995318099999877e-02 -4.854575598670000103e-01
-3.813039722500000117e-01 -4.828900181540000114e-01
-3.693726214890000192e-01 -3.836155150900000255e-01
-2.866755914590000121e-01 -3.432995870830000129e-01
-2.233699589610000091e-01 -2.217844319130000130e-01
-3.189290259229999869e-01 -4.640518292749999940e-01
-3.702956546619999845e-01 -6.240005643739999774e-01
-4.062278329030000190e-01 -7.236770572389999989e-01
-1.011031596610000027e-01 -7.198766894310000275e-01
-1.855007975419999955e-01 -9.676620615880000553e-01
-3.358747188539999984e-01 -1.000000000000000000e+00
-4.497932521940000150e-01 -9.637453697500000249e-01
-5.075711637199999821e-02 -6.808351795660000372e-01
-4.043018268149999872e-01 -7.401182062219999747e-01
-4.260195255929999925e-01 -5.918643299850000483e-01
-3.406448321000000168e-01 -5.254943380929999464e-01
-5.108415793999999954e-02 -5.959676796630000162e-01
-4.062489354120000229e-01 -6.086545930040000441e-01
-3.899326271660000232e-01 -4.702754132870000103e-01
-2.944814384980000144e-01 -4.266346684499999764e-01
-8.349666485699999696e-02 -4.872642575360000006e-01
-3.754686081729999847e-01 -4.841408970020000258e-01
-3.634556976020000274e-01 -3.849645477859999776e-01
-2.805728034650000202e-01 -3.447395704399999761e-01
-2.260445732140000108e-01 -2.196002138450000030e-01
-3.232973848790000049e-01 -4.599477621360000268e-01
-3.751361776839999829e-01 -6.173870987649999753e-01
-4.073193228179999847e-01 -7.121460253289999542e-01
-1.030400918809999955e-01 -7.214872103880000109e-01
-1.846151261389999965e-01 -9.666994946679999812e-01
-3.331578668180000258e-01 -1.000000000000000000e+00
-4.460617442029999880e-01 -9.641268195329999457e-01
-5.125594948500000053e-02 -6.829433804760000060e-01
-4.041045761550000059e-01 -7.383548612529999833e-01
-4.233206608569999863e-01 -5.903583651089999718e-01
-3.361483485849999786e-01 -5.249932182519999602e-01
-5.012990562900000030e-02 -5.975376733880000124e-01
-4.046409807849999929e-01 -6.060498287150000163e-01
-3.865090318530000069e-01 -4.691025553170000140e-01
-2.901864098120000013e-01 -4.277711297460000117e-01
-8.115510390499999782e-02 -4.878571319350000213e-01
-3.713215979360000030e-01 -4.823021867530000173e-01
-3.576542760309999736e-01 -3.844387346250000004e-01
-2.743419439349999989e-01 -3.467980522929999809e-01
-2.239838147900000132e-01 -2.217996655039999876e-01
-3.184495705229999918e-01 -4.627864357500000025e-01
-3.686980426600000027e-01 -6.216113715600000145e-01
-4.020967152869999728e-01 -7.218639371459999454e-01
-1.030805650820000030e-01 -7.224340202340000516e-01
-1.820840896060000047e-01 -9.661138927510000141e-01
-3.291629281169999865e-01 -1.000000000000000000e+00
-4.419794305229999831e-01 -9.643789835839999824e-01
-5.343819744199999888e-02 -6.846199731890000306e-01
-4.042061290060000034e-01 -7.392070764279999873e-01
-4.247563311109999740e-01 -5.912544648240000145e-01
-3.398197852440000277e-01 -5.242664068779999686e-01
-5.275320015400000034e-02 -5.992782868570000199e-01
-4.050504235949999865e-01 -6.073145805640000061e-01
-3.877237714890000020e-01 -4.693296715740000180e-01
-2.934280840480000263e-01 -4.242316704290000073e-01
-8.301590795200000650e-02 -4.887605408680000263e-01
-3.705024672419999776e-01 -4.831886784400000190e-01
-3.584040923719999938e-01 -3.835099516170000222e-01
-2.777534564370000014e-01 -3.418272052290000085e-01
-2.228119493440000043e-01 -2.197108539940000049e-01
-3.175236295289999844e-01 -4.605654884150000017e-01
-3.660288662569999851e-01 -6.207641197900000130e-01
-3.987383736069999851e-01 -7.201133741499999852e-01
-1.025423637589999992e-01 -7.204623571420000205e-01
-1.833360810080000014e-01 -9.676403254380000485e-01
-3.321724172380000062e-01 -1.000000000000000000e+00
-4.443732818769999815e-01 -9.645770932320000268e-01
-5.170651361300000054e-02 -6.810255086169999528e-01
-4.030342824800000057e-01 -7.389405391900000231e-01
-4.260586620010000103e-01 -5.918547596240000264e-01
-3.411629782680000167e-01 -5.282089864250000266e-01
-5.251854113800000223e-02 -5.949449020439999680e-01
-4.048264083440000216e-01 -6.048043797369999641e-01
-3.892788194710000149e-01 -4.697009397049999868e-01
-2.943580894089999900e-01 -4.297085368829999807e-01
-8.478086681900000310e-02 -4.852493783740000066e-01
-3.735304898399999796e-01 -4.793886169229999994e-01
-3.613068317759999815e-01 -3.816372627719999966e-01
-2.789683737940000241e-01 -3.436332415360000003e-01
-2.263052755080000034e-01 -2.171810451589999968e-01
-3.232653024280000009e-01 -4.572060660910000074e-01
-3.742981807760000224e-01 -6.167056021810000122e-01
-4.075219591379999895e-01 -7.145462597689999917e-01
-1.050143762169999939e-01 -7.194752081409999667e-01
-1.843113481620000105e-01 -9.655561942470000103e-01
-3.318588585760000043e-01 -1.000000000000000000e+00
-4.442650545330000256e-01 -9.655203429790000236e-01
-5.368761646499999735e-02 -6.818875219129999499e-01
-4.035578129519999946e-01 -7.416291000289999547e-01
-4.236810050759999835e-01 -5.946475258129999553e-01
-3.376210837699999967e-01 -5.280637295540000498e-01
-5.316670059700000228e-02 -5.967304350190000273e-01
-4.058025124970000008e-01 -6.092963400099999927e-01
-3.891410302400000187e-01 -4.727696179800000009e-01
-2.943498047170000076e-01 -4.297360745580000030e-01
-8.484649375399999638e-02 -4.868890779430000149e-01
-3.727909661029999988e-01 -4.827977905720000074e-01
-3.605990834189999883e-01 -3.849973684319999978e-01
-2.790918253760000245e-01 -3.454078095940000259e-01
-2.207368580319999940e-01 -2.202395073039999929e-01
-3.163917310900000168e-01 -4.626483465980000265e-01
-3.678124617160000165e-01 -6.223493413230000160e-01
-4.053529762090000155e-01 -7.205234716730000155e-01
-1.052390363910000043e-01 -7.227476703949999859e-01
-1.909420795300000029e-01 -9.681617166460000368e-01
-3.401258649050000193e-01 -1.000000000000000000e+00
-4.516627258640000253e-01 -9.628525035249999586e-01
-5.510683834800000208e-02 -6.836624180589999655e-01
-4.082399236909999840e-01 -7.378804927809999858e-01
-4.268972561209999905e-01 -5.896478346119999880e-01
-3.387235577359999916e-01 -5.252835217810000179e-01
-5.573151275100000218e-02 -5.977896100199999729e-01
-4.086053242259999885e-01 -6.062375854110000351e-01
-3.902119866009999827e-01 -4.688998115640000131e-01
-2.932266590379999927e-01 -4.269434740949999973e-01
-8.796323900699999643e-02 -4.876447173780000255e-01
-3.768123618679999898e-01 -4.818223855980000025e-01
-3.632353243179999858e-01 -3.832435529109999850e-01
-2.799097451240000201e-01 -3.446088196079999943e-01
-2.268798323160000074e-01 -2.205836532530000005e-01
-3.226721036760000216e-01 -4.614538104740000257e-01
-3.733335219550000250e-01 -6.201306791959999565e-01
-4.073905127019999961e-01 -7.182586952949999715e-01
-1.056519783719999939e-01 -7.212648472960000445e-01
-1.879777261820000100e-01 -9.662208248529999821e-01
-3.356387807749999785e-01 -1.000000000000000000e+00
-4.480429302080000120e-01 -9.648672783889999938e-01
-5.420608409799999861e-02 -6.829888931530000429e-01
-4.077836938059999916e-01 -7.353720466769999575e-01
-4.268005877909999968e-01 -5.878249429270000492e-01
-3.402135075250000140e-01 -5.219187737729999998e-01
-5.355147386899999917e-02 -5.983047424699999839e-01
-4.088215825209999821e-01 -6.045193428199999719e-01
-3.897798848349999790e-01 -4.669125581119999979e-01
-2.934660755749999850e-01 -4.238914814490000182e-01
-8.524447383800000388e-02 -4.895734270309999858e-01
-3.770281417090000087e-01 -4.825019672609999755e-01
-3.638337043870000231e-01 -3.831894565410000064e-01
-2.808628717239999850e-01 -3.434291706379999920e-01
-2.220358286939999870e-01 -2.210020113199999969e-01
-3.172553075460000094e-01 -4.618502522340000027e-01
-3.706884025539999850e-01 -6.208615210989999467e-01
-4.075835403070000029e-01 -7.194361780189999500e-01
-1.077921998709999996e-01 -7.210538582250000106e-01
-1.913791527589999986e-01 -9.686410620969999608e-01
-3.409639779609999755e-01 -1.000000000000000000e+00
-4.530693297389999930e-01 -9.613525644929999947e-01
-5.889534268200000144e-02 -6.825130244960000425e-01
-4.118769275029999788e-01 -7.380441105820000347e-01
-4.302740916350000222e-01 -5.909330187619999952e-01
-3.424558827279999829e-01 -5.249457380640000226e-01
-5.901137761800000214e-02 -5.974621826110000367e-01
-4.126606125180000140e-01 -6.047572054080000425e-01
-3.922086748829999858e-01 -4.679913090119999786e-01
-2.944646087059999973e-01 -4.256697648559999991e-01
-9.040833185699999330e-02 -4.882567112660000097e-01
-3.795828066490000152e-01 -4.814412900819999841e-01
-3.640046200250000030e-01 -3.827392500649999807e-01
-2.793921717460000065e-01 -3.442379221179999726e-01
-2.256284406550000121e-01 -2.220206277650000060e-01
-3.224459983990000111e-01 -4.625644315029999731e-01
-3.754571122670000149e-01 -6.202669173910000389e-01
-4.095181889310000045e-01 -7.194357485079999615e-01
-1.054325402129999978e-01 -7.206735368919999773e-01
-1.860002238740000036e-01 -9.666846012940000232e-01
-3.346791424839999918e-01 -1.000000000000000000e+00
-4.484844669890000191e-01 -9.642112319379999574e-01
-5.473963601199999945e-02 -6.819605178049999994e-01
-4.093950485810000095e-01 -7.361907876019999630e-01
-4.292422918839999824e-01 -5.883155567850000267e-01
-3.424958488789999755e-01 -5.214002168679999771e-01
-5.422096543700000160e-02 -5.961240981300000019e-01
-4.114758071940000095e-01 -6.052307400469999488e-01
-3.942482158180000140e-01 -4.665585651990000193e-01
-2.990331915939999918e-01 -4.220037375039999983e-01
-8.580869648099999358e-02 -4.858180198290000251e-01
-3.778334267089999976e-01 -4.815923215110000100e-01
-3.661592087950000241e-01 -3.829873773069999987e-01
-2.846213082940000083e-01 -3.427190585659999900e-01
-2.216585627400000091e-01 -2.175500616190000069e-01
-3.192678630369999992e-01 -4.574418552810000094e-01
-3.726208220569999785e-01 -6.156263902259999643e-01
-4.099578116829999952e-01 -7.095476857479999788e-01
-1.073343906330000014e-01 -7.201461674460000184e-01
-1.886844357140000095e-01 -9.667470409180000113e-01
-3.361548335330000192e-01 -1.000000000000000000e+00
-4.477767344260000226e-01 -9.643716672740000329e-01
-5.584289945999999782e-02 -6.824118977559999744e-01
-4.093400360939999927e-01 -7.350016776779999539e-01
-4.275121615690000154e-01 -5.857147299580000022e-01
-3.386680612529999745e-01 -5.216455985410000107e-01
-5.513632928000000016e-02 -5.976284460380000274e-01
-4.086827857249999973e-01 -6.048858419150000554e-01
-3.895638334900000110e-01 -4.668879715659999818e-01
-2.919602130180000144e-01 -4.257177629839999922e-01
-8.649511419100000542e-02 -4.887240572239999747e-01
-3.760162212000000004e-01 -4.804741119979999975e-01
-3.612537890940000218e-01 -3.808421788320000001e-01
-2.766355729400000185e-01 -3.430200848539999847e-01
-2.199691080869999871e-01 -2.202478267790000110e-01
-3.160784502480000202e-01 -4.613218890649999904e-01
-3.699545982920000031e-01 -6.187846033410000501e-01
-4.075359495170000068e-01 -7.125281496290000183e-01
-1.089646679690000064e-01 -7.230185788090000010e-01
-1.922669595929999975e-01 -9.671020362440000406e-01
-3.392208574910000052e-01 -1.000000000000000000e+00
-4.498304816259999783e-01 -9.646601594920000133e-01
-5.890425407100000066e-02 -6.845343143809999864e-01
-4.131692949119999958e-01 -7.369625356219999812e-01
-4.296495255619999787e-01 -5.899280606179999609e-01
-3.404012351749999832e-01 -5.272853601620000052e-01
-5.883089459199999927e-02 -5.982227459300000216e-01
-4.126760352400000165e-01 -6.054920077100000020e-01
-3.916222433609999887e-01 -4.693925203289999737e-01
-2.933033136880000002e-01 -4.297105322509999770e-01
-9.042686957999999942e-02 -4.873546124570000138e-01
-3.805720340270000168e-01 -4.796264516389999732e-01
-3.634346917590000059e-01 -3.820428205909999764e-01
-2.772635238849999739e-01 -3.461808262409999948e-01
-2.271239712510000064e-01 -2.180962384719999925e-01
-3.243322204149999832e-01 -4.581133642310000198e-01
-3.758907232909999840e-01 -6.150785124859999842e-01
-4.079866025359999981e-01 -7.097162398580000309e-01
-1.110770073740000030e-01 -7.215329004430000026e-01
-1.951129724170000135e-01 -9.674378942529999748e-01
-3.428103828449999835e-01 -1.000000000000000000e+00
-4.545371611369999898e-01 -9.642518947470000157e-01
-5.841562754500000121e-02 -6.846278259210000217e-01
-4.138645710300000169e-01 -7.332343188180000526e-01
-4.285185677789999925e-01 -5.842532816319999656e-01
-3.377567774549999902e-01 -5.225556430879999548e-01
-5.628907009300000014e-02 -6.004217211250000297e-01
-4.125655028579999772e-01 -6.031755978670000351e-01
-3.905840340699999746e-01 -4.641484467449999984e-01
-2.911079811460000055e-01 -4.253243265359999969e-01
-8.693942456400000074e-02 -4.912128880289999833e-01
-3.785031642580000133e-01 -4.806513870560000234e-01
-3.622981106150000019e-01 -3.815445070819999951e-01
-2.760238983830000103e-01 -3.458415892799999725e-01
-2.239536711660000123e-01 -2.186005292840000058e-01
-3.229108720950000233e-01 -4.574838654660000059e-01
-3.793335896269999785e-01 -6.138857907710000283e-01
-4.169167865960000108e-01 -7.086133484400000127e-01
-1.126052575480000068e-01 -7.216621900399999845e-01
-1.967502828949999893e-01 -9.661527638169999932e-01
-3.449203388789999769e-01 -1.000000000000000000e+00
-4.573930781760000008e-01 -9.639171563380000141e-01
-6.103316172400000128e-02 -6.841670628860000436e-01
-4.159384011310000018e-01 -7.325461021379999771e-01
-4.315230957360000064e-01 -5.832966178849999794e-01
-3.409509351880000150e-01 -5.190739441210000527e-01
-5.947649761200000246e-02 -5.995019364839999643e-01
-4.137756692380000212e-01 -6.032339037639999901e-01
-3.911005865280000049e-01 -4.643489158299999864e-01
-2.907597891889999731e-01 -4.236625043700000259e-01
-9.022328403800000673e-02 -4.904412113430000053e-01
-3.800470331090000098e-01 -4.800724615849999988e-01
-3.628192823220000029e-01 -3.805771533760000103e-01
-2.755876781559999933e-01 -3.443408314609999743e-01
-2.254305559770000134e-01 -2.171699502409999982e-01
-3.241915289060000038e-01 -4.552940389310000113e-01
-3.783476596049999974e-01 -6.108949499079999734e-01
-4.173908712750000194e-01 -7.077254980789999816e-01
-1.118346935709999962e-01 -7.204681726570000277e-01
-1.934196396789999994e-01 -9.686459781309999517e-01
-3.409716802050000162e-01 -1.000000000000000000e+00
-4.530732519030000183e-01 -9.623861314470000261e-01
-5.809352812000000144e-02 -6.821660108589999716e-01
-4.104829426220000244e-01 -7.321809944029999961e-01
-4.262906520170000046e-01 -5.813415048690000475e-01
-3.366354776480000033e-01 -5.170082357040000076e-01
-5.562131430100000079e-02 -5.966197579219999492e-01
-4.102108667969999733e-01 -6.014805498859999711e-01
-3.899305861710000154e-01 -4.617046424599999810e-01
-2.915566999309999741e-01 -4.214298128010000033e-01
-8.550901852400000225e-02 -4.863967285129999762e-01
-3.770468177379999730e-01 -4.783854232379999849e-01
-3.630196504139999725e-01 -3.792772913840000149e-01
-2.785544240010000006e-01 -3.427951269039999915e-01
-2.262392877889999876e-01 -2.167873170959999929e-01
-3.277178936949999843e-01 -4.554174576430000121e-01
-3.875891032009999848e-01 -6.102005892270000453e-01
-4.305802730850000204e-01 -7.049377146519999471e-01
-1.168137096709999934e-01 -7.267676102619999856e-01
-1.989156249509999863e-01 -9.674132223979999834e-01
-3.455682984660000123e-01 -1.000000000000000000e+00
-4.572734152160000121e-01 -9.643180288420000190e-01
-6.418190268100000540e-02 -6.891791004709999502e-01
-4.166299789139999987e-01 -7.349900702880000081e-01
-4.306066468220000054e-01 -5.851407820680000205e-01
-3.394751174150000272e-01 -5.214722253460000179e-01
-6.197178349199999881e-02 -6.032530403739999603e-01
-4.166759445709999898e-01 -6.071070911260000313e-01
-3.952519925829999781e-01 -4.673154511859999860e-01
-2.957795803600000162e-01 -4.258358732179999828e-01
-9.165589582100000521e-02 -4.925288382690000133e-01
-3.837488044690000044e-01 -4.826316223750000134e-01
-3.683615183810000082e-01 -3.826325831319999926e-01
-2.827762917430000078e-01 -3.450645600830000159e-01
-2.221193755929999902e-01 -2.182263017259999938e-01
-3.197261752269999757e-01 -4.575162368580000249e-01
-3.764369331849999889e-01 -6.176379319189999606e-01
-4.209666366809999838e-01 -7.184830514979999583e-01
-1.066240778440000064e-01 -7.182839843449999595e-01
-1.977990111340000023e-01 -9.681633833010000467e-01
-3.487334683689999881e-01 -1.000000000000000000e+00
-4.613882491740000091e-01 -9.635730537759999992e-01
-5.769416673399999779e-02 -6.804651299170000334e-01
-4.143296450300000267e-01 -7.442877346730000232e-01
-4.301357473749999882e-01 -5.941924500869999459e-01
-3.409049135580000112e-01 -5.253444646229999959e-01
-5.976473017100000090e-02 -5.961409511869999456e-01
-4.183475263340000194e-01 -6.123967294769999681e-01
-4.003705223760000154e-01 -4.710342028460000052e-01
-3.047007228160000247e-01 -4.249439094219999991e-01
-9.503227351399999578e-02 -4.868921308060000230e-01
-3.895930664619999817e-01 -4.836619041770000016e-01
-3.777727561359999764e-01 -3.821062767280000161e-01
-2.967315999010000094e-01 -3.401164542849999806e-01
-2.196306746760000039e-01 -2.194109704989999909e-01
-3.113100825299999763e-01 -4.615379812709999863e-01
-3.609667267600000229e-01 -6.238310685360000107e-01
-3.981130509249999894e-01 -7.247639717310000451e-01
-1.026122093560000031e-01 -7.175249437549999776e-01
-1.917545897240000019e-01 -9.663155893239999683e-01
-3.453022209509999940e-01 -1.000000000000000000e+00
-4.599860042050000208e-01 -9.652349001860000000e-01
-5.647338611399999736e-02 -6.816260852479999466e-01
-4.090094321439999847e-01 -7.522903983130000416e-01
-4.303895575009999974e-01 -5.998888944860000239e-01
-3.434386376169999977e-01 -5.252542265859999615e-01
-5.972642691200000242e-02 -5.995208131279999852e-01
-4.122357016689999765e-01 -6.197791937540000351e-01
-3.987666294659999999e-01 -4.756550507249999726e-01
-3.038144098030000073e-01 -4.239011657569999869e-01
-9.508427866400000206e-02 -4.919366201929999960e-01
-3.857528581049999850e-01 -4.881280991240000144e-01
-3.775944308179999820e-01 -3.844235177590000219e-01
-2.977501015160000097e-01 -3.392566430949999767e-01
-2.170506365119999892e-01 -2.167067610520000132e-01
-3.094070969830000073e-01 -4.548727970359999762e-01
-3.601485772629999804e-01 -6.167008911600000420e-01
-3.984177191709999954e-01 -7.200139629689999987e-01
-1.014550762110000004e-01 -7.137146050139999698e-01
-1.983658542819999870e-01 -9.673933895090000012e-01
-3.585101118340000004e-01 -1.000000000000000000e+00
-4.765635593249999968e-01 -9.630197530359999591e-01
-5.741888383899999837e-02 -6.777953338900000180e-01
-4.156462767329999752e-01 -7.635240391209999755e-01
-4.398685125349999780e-01 -6.075875297980000145e-01
-3.522225220179999727e-01 -5.259810056539999668e-01
-6.234127484299999827e-02 -5.965155528740000435e-01
-4.194426126629999807e-01 -6.275820257109999689e-01
-4.070139440180000068e-01 -4.797147743049999802e-01
-3.099562768690000136e-01 -4.247623792679999788e-01
-9.955336362500000202e-02 -4.896965677160000086e-01
-3.930829233740000261e-01 -4.908468679949999913e-01
-3.845833012550000096e-01 -3.837308436299999848e-01
-3.022599130399999945e-01 -3.364612010790000163e-01
-2.162069425160000058e-01 -2.202038304739999952e-01
-3.079386698100000097e-01 -4.573390963100000262e-01
-3.579192112519999913e-01 -6.175681264119999847e-01
-3.949631662549999978e-01 -7.180583625880000431e-01
-9.859521394900000457e-02 -7.163304226819999787e-01
-1.980313638669999876e-01 -9.688347725839999702e-01
-3.588415189449999931e-01 -1.000000000000000000e+00
-4.771052645180000051e-01 -9.622767381150000299e-01
-5.280360911100000221e-02 -6.795358226919999689e-01
-4.129396781840000141e-01 -7.602211489939999511e-01
-4.361936868919999988e-01 -6.032832636430000006e-01
-3.471020831489999847e-01 -5.233995626130000245e-01
-5.727573448300000286e-02 -5.978810063749999681e-01
-4.158007762270000129e-01 -6.242110179300000006e-01
-4.029309563310000120e-01 -4.763297199259999837e-01
-3.049510567579999942e-01 -4.233861761109999899e-01
-9.477946816900000016e-02 -4.906895527960000170e-01
-3.899170762399999934e-01 -4.884576630179999768e-01
-3.808281014300000100e-01 -3.818504640959999863e-01
-2.969565221309999892e-01 -3.366574345800000256e-01
-2.105191680119999909e-01 -2.213963435749999875e-01
-3.026674054310000139e-01 -4.624502917869999785e-01
-3.491604549830000237e-01 -6.247196111560000542e-01
-3.865165325039999766e-01 -7.207382750240000080e-01
-9.953283267099999332e-02 -7.170156156120000013e-01
-2.016704546380000129e-01 -9.700854847169999573e-01
-3.627557831950000145e-01 -1.000000000000000000e+00
-4.817117904159999853e-01 -9.607766606919999619e-01
-5.330531204299999992e-02 -6.786857973030000490e-01
-4.116029292630000169e-01 -7.527576681459999808e-01
-4.308463582309999818e-01 -5.959648828489999550e-01
-3.403020410540000262e-01 -5.200947002439999522e-01
-5.789538654899999831e-02 -5.942825497849999472e-01
-4.128261502619999801e-01 -6.190666125720000190e-01
-3.981686112480000150e-01 -4.736792551339999990e-01
-3.003721779710000206e-01 -4.239045647960000274e-01
-9.529283408600000560e-02 -4.857809831459999894e-01
-3.898509557229999922e-01 -4.834371578059999952e-01
-3.801348034809999832e-01 -3.785815733960000151e-01
-2.975030009899999883e-01 -3.350985490819999857e-01
-2.120135763340000035e-01 -2.181627138530000121e-01
-3.029987855829999743e-01 -4.579055780099999806e-01
-3.494625161639999811e-01 -6.196537070900000055e-01
-3.870902468540000085e-01 -7.153897945480000020e-01
-1.032488909150000023e-01 -7.160625882219999738e-01
-1.976569483460000054e-01 -9.668166644700000312e-01
-3.548979403149999934e-01 -1.000000000000000000e+00
-4.726907373029999859e-01 -9.628713142239999634e-01
-5.432106979399999730e-02 -6.812400955740000041e-01
-4.111197499759999818e-01 -7.467017471879999757e-01
-4.302587930069999844e-01 -5.903497574599999576e-01
-3.396387570669999745e-01 -5.163235454469999874e-01
-5.578906080800000167e-02 -5.998314212909999776e-01
-4.106907921779999748e-01 -6.140384921860000400e-01
-3.947107399479999890e-01 -4.679058580750000140e-01
-2.952813362749999726e-01 -4.194698314770000103e-01
-9.051872001300000081e-02 -4.932011942389999959e-01
-3.842912166629999793e-01 -4.823628542260000041e-01
-3.731525303700000129e-01 -3.783429102470000083e-01
-2.879244162330000245e-01 -3.378435032870000243e-01
-2.077934405799999884e-01 -2.209309232489999886e-01
-3.020444463120000034e-01 -4.636228884720000054e-01
-3.547851793019999866e-01 -6.279617216439999927e-01
-3.996883403370000143e-01 -7.282974817739999995e-01
-1.064013580509999973e-01 -7.176324711420000169e-01
-2.073432157400000031e-01 -9.653049771739999896e-01
-3.635085238340000080e-01 -1.000000000000000000e+00
-4.823623537499999725e-01 -9.653407168680000483e-01
-6.117272753499999882e-02 -6.815689754289999680e-01
-4.165512810640000230e-01 -7.435240925210000462e-01
-4.352100699399999995e-01 -5.868180428560000328e-01
-3.470962844750000165e-01 -5.155540935639999489e-01
-6.458153190399999743e-02 -5.992352992099999609e-01
-4.134185777459999933e-01 -6.165733396039999592e-01
-3.977752659920000267e-01 -4.711189319090000049e-01
-3.011490478430000062e-01 -4.236629083519999894e-01
-9.914686729299999890e-02 -4.918212211870000017e-01
-3.867390390709999903e-01 -4.884729836860000063e-01
-3.753543739579999761e-01 -3.852187201369999814e-01
-2.924295155450000183e-01 -3.442065634229999893e-01
-1.993208182170000120e-01 -2.271527158620000042e-01
-2.901144645390000276e-01 -4.722381247990000142e-01
-3.449675038839999930e-01 -6.369149610340000267e-01
-3.916253059920000168e-01 -7.384688987509999691e-01
-9.962284660600000119e-02 -7.256049874569999725e-01
-2.059921869040000075e-01 -9.707486805570000321e-01
-3.676979921169999943e-01 -1.000000000000000000e+00
-4.889418916239999802e-01 -9.593647270570000440e-01
-5.585668640600000012e-02 -6.854135653049999721e-01
-4.143836786330000188e-01 -7.424974771079999591e-01
-4.330576082779999947e-01 -5.880064272120000268e-01
-3.447730796060000102e-01 -5.182462489360000202e-01
-6.051462831900000089e-02 -6.000555100959999999e-01
-4.103385229479999952e-01 -6.148719049199999898e-01
-3.922319595659999880e-01 -4.734605830170000029e-01
-2.944655821359999925e-01 -4.281405138459999926e-01
-9.504539576899999342e-02 -4.910250294190000031e-01
-3.835685325700000092e-01 -4.904390256380000146e-01
-3.712767786739999964e-01 -3.908443988199999941e-01
-2.878778666740000047e-01 -3.517018760030000135e-01
-2.026681056669999981e-01 -2.187939217350000076e-01
-2.960952650640000239e-01 -4.597390442290000268e-01
-3.492981808210000039e-01 -6.239650481349999778e-01
-3.970574579810000060e-01 -7.257805468389999515e-01
-1.084972264390000052e-01 -7.186226862019999828e-01
-2.084596240259999900e-01 -9.659893924429999723e-01
-3.623844525120000215e-01 -1.000000000000000000e+00
-4.789446587819999879e-01 -9.663027139790000275e-01
-6.086555624699999806e-02 -6.825110868720000168e-01
-4.162226269650000088e-01 -7.386484842530000039e-01
-4.375167167039999971e-01 -5.820089682900000394e-01
-3.508243907940000184e-01 -5.145045470389999487e-01
-6.329650249700000120e-02 -6.012071638339999691e-01
-4.109396218970000070e-01 -6.139837038340000275e-01
-3.972714126499999887e-01 -4.683561044280000196e-01
-3.008953165280000008e-01 -4.232994050050000179e-01
-9.685388035299999365e-02 -4.948036298199999794e-01
-3.827219207709999793e-01 -4.911844932550000209e-01
-3.734705591670000047e-01 -3.878087767939999986e-01
-2.914489546280000232e-01 -3.468243957720000270e-01
-2.000770604010000120e-01 -2.260601390280000123e-01
-2.901065876489999917e-01 -4.724626571850000234e-01
-3.415273839569999970e-01 -6.375459976030000142e-01
-3.820745205409999956e-01 -7.391303780169999893e-01
-1.008958368330000049e-01 -7.247174572850000329e-01
-2.161297632159999982e-01 -9.735608259269999953e-01
-3.793844665069999733e-01 -1.000000000000000000e+00
-4.997487896689999931e-01 -9.605203259860000120e-01
-5.477613460300000126e-02 -6.837552554700000451e-01
-4.177481283500000253e-01 -7.403978417280000501e-01
-4.386509555520000103e-01 -5.829984909969999629e-01
-3.507086742559999970e-01 -5.172387830839999534e-01
-5.855526641799999737e-02 -5.978804908070000090e-01
-4.110958660210000115e-01 -6.113942042800000198e-01
-3.966164797269999820e-01 -4.680228349469999771e-01
-3.000055803030000079e-01 -4.256023317729999977e-01
-9.310865506899999866e-02 -4.880446126340000079e-01
-3.816467618139999796e-01 -4.881317988180000067e-01
-3.709737802179999822e-01 -3.869642002790000257e-01
-2.882294009220000008e-01 -3.484673655289999838e-01
-1.919883941799999938e-01 -2.208357539589999863e-01
-2.825090219779999856e-01 -4.632163815129999862e-01
-3.338059246830000215e-01 -6.285868142360000466e-01
-3.796000845929999867e-01 -7.282613309979999450e-01
-1.044445297360000052e-01 -7.245901946789999881e-01
-2.106080668900000008e-01 -9.702305249429999945e-01
-3.648855904419999741e-01 -1.000000000000000000e+00
-4.807732082960000097e-01 -9.636048446230000009e-01
-5.749583574900000299e-02 -6.880012438960000365e-01
-4.141314311820000205e-01 -7.371318686879999582e-01
-4.314791004329999735e-01 -5.804900799429999481e-01
-3.432342965629999743e-01 -5.163938120390000330e-01
-6.202412541999999945e-02 -6.051832202550000428e-01
-4.107042716020000150e-01 -6.109530314369999715e-01
-3.953804292520000097e-01 -4.655147397909999984e-01
-2.993361235220000083e-01 -4.231725514760000251e-01
-9.754436649999999320e-02 -4.976014729029999972e-01
-3.827487874580000060e-01 -4.897612638309999933e-01
-3.718700757599999740e-01 -3.861571926449999803e-01
-2.906729503089999778e-01 -3.463715626389999858e-01
-1.885263482129999890e-01 -2.281710445250000052e-01
-2.792349068559999981e-01 -4.711541388859999957e-01
-3.350990467830000097e-01 -6.316493877559999914e-01
-3.800802500759999925e-01 -7.262802697150000375e-01
-1.064790363870000006e-01 -7.269528360810000311e-01
-2.154174331029999889e-01 -9.731114643810000464e-01
-3.749694516420000179e-01 -1.000000000000000000e+00
-4.937482311370000043e-01 -9.600841494799999820e-01
-6.257529235599999795e-02 -6.876688126140000357e-01
-4.204508023269999950e-01 -7.307052651809999855e-01
-4.394650315249999939e-01 -5.739832562890000434e-01
-3.514406593159999925e-01 -5.113331036049999501e-01
-6.805004827199999384e-02 -6.024278278050000379e-01
-4.165600262420000033e-01 -6.025451923269999899e-01
-4.012355729020000150e-01 -4.605369147460000034e-01
-3.050284324620000098e-01 -4.210263983399999965e-01
-1.020721309409999972e-01 -4.923793215480000152e-01
-3.881180039970000273e-01 -4.831131130729999779e-01
-3.772233995440000265e-01 -3.830135297169999786e-01
-2.957509483660000216e-01 -3.468945244450000187e-01
-1.900160615460000091e-01 -2.298717792580000086e-01
-2.782829544429999968e-01 -4.728729168310000230e-01
-3.325490723639999979e-01 -6.357502399450000174e-01
-3.789691235270000180e-01 -7.332608682119999832e-01
-9.715966160599999457e-02 -7.246617281930000098e-01
-2.116818140650000013e-01 -9.692613654380000110e-01
-3.692108033229999919e-01 -1.000000000000000000e+00
-4.871465652379999844e-01 -9.639538990860000434e-01
-5.470210380499999914e-02 -6.875357621519999629e-01
-4.144081382979999950e-01 -7.326106674700000321e-01
-4.346826671710000145e-01 -5.769309636010000464e-01
-3.505611960119999759e-01 -5.097467143270000278e-01
-6.308095439999999998e-02 -6.044811921079999983e-01
-4.144067554699999989e-01 -6.063290452830000232e-01
-4.010892337859999768e-01 -4.638560393180000130e-01
-3.090882116790000245e-01 -4.183556180990000151e-01
-1.012816740440000002e-01 -4.957537305979999864e-01
-3.886682784509999933e-01 -4.860530940719999804e-01
-3.821399479129999888e-01 -3.833459713929999735e-01
-3.061184899800000192e-01 -3.413354620979999754e-01
-1.825419694310000118e-01 -2.358785233919999946e-01
-2.683539200280000148e-01 -4.853774855040000058e-01
-3.221695723490000107e-01 -6.490463160549999611e-01
-3.673905237519999867e-01 -7.455779426149999889e-01
-8.615828796499999664e-02 -7.288283302970000044e-01
-2.151951798869999877e-01 -9.754276035279999535e-01
-3.842945244179999942e-01 -1.000000000000000000e+00
-5.100423601469999957e-01 -9.594707361659999822e-01
-4.689719629099999704e-02 -6.890452102130000256e-01
-4.159306997610000001e-01 -7.326135919389999973e-01
-4.344443150799999764e-01 -5.748822195720000305e-01
-3.491813896259999828e-01 -5.090973496199999726e-01
-5.857167253000000046e-02 -6.037213235880000139e-01
-4.165235789869999872e-01 -5.996052832880000016e-01
-3.993409700369999760e-01 -4.595526254239999941e-01
-3.047431187179999723e-01 -4.181824420740000159e-01
-9.949022875599999871e-02 -4.930287742219999769e-01
-3.904051263119999726e-01 -4.825258213390000162e-01
-3.798373912590000123e-01 -3.832168527939999736e-01
-3.008861571490000220e-01 -3.462074035380000026e-01
-1.765248186199999958e-01 -2.360917902040000071e-01
-2.572824522400000147e-01 -4.854013255010000139e-01
-3.109323877330000263e-01 -6.494193152939999880e-01
-3.595956337010000059e-01 -7.473770122839999974e-01
-8.336765205299999371e-02 -7.281709748629999757e-01
-2.112644412970000052e-01 -9.720093929540000177e-01
-3.770866080770000073e-01 -1.000000000000000000e+00
-5.025115516410000316e-01 -9.622726285070000163e-01
-4.655234542500000239e-02 -6.905102704750000209e-01
-4.099816993429999945e-01 -7.339059920479999999e-01
-4.232010905370000020e-01 -5.798833542639999505e-01
-3.372630262490000086e-01 -5.131165846809999653e-01
-5.968574029300000028e-02 -6.076963320070000174e-01
-4.114239834380000183e-01 -5.994920131159999777e-01
-3.872810635289999914e-01 -4.588767961960000252e-01
-2.907764251150000145e-01 -4.155353959679999876e-01
-1.011888443410000060e-01 -5.000758703090000257e-01
-3.862447180099999877e-01 -4.839826854079999907e-01
-3.665643290430000145e-01 -3.827068969849999891e-01
-2.827647998480000147e-01 -3.445586473000000205e-01
-1.776975279180000034e-01 -2.347179286330000059e-01
-2.620188267249999869e-01 -4.826633732730000181e-01
-3.180246284939999835e-01 -6.457475939429999645e-01
-3.682040422730000206e-01 -7.410019519870000293e-01
-8.392838940999999831e-02 -7.275031723729999955e-01
-2.181292658900000070e-01 -9.724211080010000119e-01
-3.878995515020000062e-01 -1.000000000000000000e+00
-5.152197097599999775e-01 -9.616327877389999612e-01
-4.701792426399999808e-02 -6.894023448760000505e-01
-4.146058814010000204e-01 -7.354320409610000109e-01
-4.301479199800000153e-01 -5.805788768370000463e-01
-3.450676234999999759e-01 -5.119197612160000244e-01
-6.180426777100000296e-02 -6.061310979330000182e-01
-4.170304906599999750e-01 -5.995368552969999598e-01
-3.948774462449999856e-01 -4.592284194190000002e-01
-2.991439609120000176e-01 -4.149304870120000266e-01
-1.058433463429999943e-01 -4.980038030949999750e-01
-3.933877732020000240e-01 -4.831892373650000239e-01
-3.755486257649999771e-01 -3.824220882730000048e-01
-2.931470386360000013e-01 -3.434881797670000236e-01
-1.842031199770000072e-01 -2.327013524350000084e-01
-2.665412943639999810e-01 -4.797907860980000216e-01
-3.185415175920000008e-01 -6.443948818379999777e-01
-3.635373581529999787e-01 -7.448309873159999484e-01
-8.302821343100000306e-02 -7.273636783039999498e-01
-2.122965639599999899e-01 -9.695437664610000450e-01
-3.782126965879999969e-01 -1.000000000000000000e+00
-5.045462000489999710e-01 -9.641470514219999677e-01
-4.416390277499999961e-02 -6.914878654760000520e-01
-4.071992502530000224e-01 -7.316370366550000170e-01
-4.241626181650000049e-01 -5.780291407869999620e-01
-3.418573362080000178e-01 -5.097843194269999767e-01
-5.699245163899999828e-02 -6.099637285750000304e-01
-4.095520617710000089e-01 -6.018046511600000370e-01
-3.914038644289999924e-01 -4.617432215400000262e-01
-2.998535033370000047e-01 -4.158624944020000158e-01
-9.969344356100000304e-02 -5.029746840109999839e-01
-3.862950082880000080e-01 -4.887747815749999836e-01
-3.749341838029999763e-01 -3.867854865559999800e-01
-2.986262547069999940e-01 -3.445671007819999798e-01
-1.813504480969999888e-01 -2.323087515070000053e-01
-2.644442674190000120e-01 -4.768329447699999890e-01
-3.176934646730000256e-01 -6.398869354530000164e-01
-3.647434163559999942e-01 -7.377613110740000035e-01
-7.833978549600000008e-02 -7.252596337940000470e-01
-2.104085535050000122e-01 -9.708909830359999660e-01
-3.774617643359999830e-01 -1.000000000000000000e+00
-5.043223583460000325e-01 -9.629176577629999789e-01
-4.060778453600000226e-02 -6.890176729989999638e-01
-4.002725648750000143e-01 -7.294490465930000278e-01
-4.207170507829999795e-01 -5.758071311719999974e-01
-3.410221142439999742e-01 -5.070030777130000166e-01
-5.526405302799999864e-02 -6.079345698910000317e-01
-4.049125083510000112e-01 -6.025319879560000480e-01
-3.911045470460000062e-01 -4.631773899980000109e-01
-3.020069502230000036e-01 -4.180130590039999872e-01
-9.942681210100000333e-02 -5.018653772240000421e-01
-3.840430611310000075e-01 -4.914221725610000147e-01
-3.785405744159999752e-01 -3.896728646000000018e-01
-3.069078879950000172e-01 -3.471164572700000117e-01
-1.671629599630000129e-01 -2.380140275239999992e-01
-2.438272246850000102e-01 -4.848591803449999738e-01
-2.968879922709999897e-01 -6.508971204789999465e-01
-3.446246175339999773e-01 -7.515320048010000198e-01
-6.320562242799999952e-02 -7.229388127870000069e-01
-1.995744397130000125e-01 -9.716319139019999884e-01
-3.691583077739999941e-01 -1.000000000000000000e+00
-4.975491185590000254e-01 -9.610229565219999825e-01
-2.973335143999999985e-02 -6.861801024720000086e-01
-3.936142100560000023e-01 -7.316362814460000141e-01
-4.151845154859999942e-01 -5.769093018900000036e-01
-3.374593575750000074e-01 -5.049283208929999933e-01
-4.705743340900000321e-02 -6.055401135069999885e-01
-3.991683519029999849e-01 -6.000406169369999487e-01
-3.844351289199999799e-01 -4.606772690739999732e-01
-2.961589467979999779e-01 -4.133088367530000085e-01
-9.335778505599999499e-02 -5.001157643879999837e-01
-3.787918826480000112e-01 -4.881397320509999749e-01
-3.722069229039999816e-01 -3.853027246380000270e-01
-3.007314107169999917e-01 -3.415365986739999915e-01
