-2.298080333970000111e-01 -2.286700196760000081e-01
-3.391033730279999769e-01 -4.562958697419999821e-01
-4.183591276799999981e-01 -6.076298670859999751e-01
-4.427440131529999934e-01 -6.916438306350000120e-01
-2.481386006499999852e-02 -7.178190931760000115e-01
-7.455370070599999510e-02 -9.542363655679999557e-01
-2.126808677139999937e-01 -1.000000000000000000e+00
-3.265749475429999826e-01 -9.823903089240000330e-01
4.120504549899999674e-02 -6.736303068560000051e-01
-3.029256635329999892e-01 -7.633865640610000280e-01
-3.434570390000000195e-01 -6.125931883380000276e-01
-2.689226563550000115e-01 -5.160881096770000287e-01
4.661817454500000180e-02 -5.878383714649999536e-01
-3.118413275069999990e-01 -6.312048617879999490e-01
-3.176774652730000037e-01 -4.773196019800000078e-01
-2.359245671380000020e-01 -4.027132500880000188e-01
6.155832737999999624e-03 -4.839597593419999733e-01
-2.906670280279999852e-01 -4.957966171800000099e-01
-2.913737470960000020e-01 -3.854379319219999878e-01
-2.167767701449999918e-01 -3.258503782080000022e-01
-2.258730297050000058e-01 -2.252776925249999895e-01
-3.357884595089999924e-01 -4.525729639869999765e-01
-4.126838092880000253e-01 -6.061030021459999917e-01
-4.359938849530000105e-01 -6.888577131349999938e-01
-2.657808064600000048e-02 -7.183070020780000231e-01
-7.567359127599999902e-02 -9.560766824990000190e-01
-2.129075298349999978e-01 -1.000000000000000000e+00
-3.243149037999999984e-01 -9.801891887170000039e-01
4.073965669199999806e-02 -6.726094717460000538e-01
-3.027660102649999962e-01 -7.668322418580000299e-01
-3.466589070030000053e-01 -6.166247480869999631e-01
-2.726399778010000219e-01 -5.178748282259999502e-01
4.517094786800000122e-02 -5.861734219480000396e-01
-3.110631075890000208e-01 -6.382303133240000426e-01
-3.215324938060000193e-01 -4.841173053060000009e-01
-2.401335443070000131e-01 -4.077691501899999849e-01
3.376230874000000007e-03 -4.827750957440000157e-01
-2.935930603129999761e-01 -5.016176311919999797e-01
-2.972408036070000037e-01 -3.908948665529999866e-01
-2.227755136740000030e-01 -3.288140493889999960e-01
-2.220801489439999943e-01 -2.211211069360000114e-01
-3.351122657639999947e-01 -4.472178424450000134e-01
-4.132966943470000043e-01 -6.021916303519999625e-01
-4.318384890249999941e-01 -6.847042559779999982e-01
-2.412633580400000075e-02 -7.160328352260000306e-01
-6.753395485799999765e-02 -9.526639426690000079e-01
-2.035269833499999959e-01 -1.000000000000000000e+00
-3.160557476210000272e-01 -9.844916340620000206e-01
4.438220131400000268e-02 -6.691613508820000167e-01
-2.947897657399999871e-01 -7.663234118770000380e-01
-3.433529581129999841e-01 -6.156995678909999992e-01
-2.718587974810000030e-01 -5.143403596590000459e-01
4.969962067099999853e-02 -5.815433261039999469e-01
-3.027151994419999825e-01 -6.409194067850000343e-01
-3.182050402630000052e-01 -4.866361177529999749e-01
-2.383066356069999947e-01 -4.078181870129999886e-01
8.178152310000000660e-03 -4.779690634329999965e-01
-2.887992829120000216e-01 -5.024438230550000162e-01
-2.957639689689999796e-01 -3.927130621830000057e-01
-2.216810297919999950e-01 -3.289630165219999958e-01
-2.229410448399999911e-01 -2.257168913160000068e-01
-3.310195260129999983e-01 -4.542102943920000024e-01
-4.028192609549999803e-01 -6.104254338510000100e-01
-4.132292317249999791e-01 -6.963900927739999913e-01
-2.174021823500000075e-02 -7.192553998780000235e-01
-6.799355492700000225e-02 -9.531385944970000024e-01
-2.048500948339999905e-01 -1.000000000000000000e+00
-3.172901724230000053e-01 -9.844423532380000008e-01
4.506713681300000135e-02 -6.729194730330000374e-01
-2.981572939439999792e-01 -7.660115955999999837e-01
-3.441544966180000165e-01 -6.125210758139999490e-01
-2.711889004540000148e-01 -5.100367706759999509e-01
4.972620984199999788e-02 -5.858270165890000492e-01
-3.065440435749999804e-01 -6.393167808030000288e-01
-3.190245656280000230e-01 -4.821739990139999876e-01
-2.380966704910000009e-01 -4.022811419169999847e-01
7.810139209999999825e-03 -4.824755148470000199e-01
-2.901903379879999800e-01 -5.025684444510000182e-01
-2.948015106299999855e-01 -3.911490062740000107e-01
-2.201728966400000043e-01 -3.276132762200000270e-01
-2.202879896309999919e-01 -2.224831315149999877e-01
-3.334743456009999774e-01 -4.489013359030000205e-01
-4.055622608780000138e-01 -6.053905829769999913e-01
-4.016401722090000015e-01 -6.879745559259999865e-01
-1.980797508900000031e-02 -7.152736048519999779e-01
-6.098393911299999914e-02 -9.505668464019999542e-01
-1.960859118909999976e-01 -1.000000000000000000e+00
-3.081816902489999954e-01 -9.881992208330000471e-01
4.990965476700000292e-02 -6.681572723090000165e-01
-2.866683928020000161e-01 -7.655118745310000028e-01
-3.389782157530000228e-01 -6.140838890290000185e-01
-2.702728763999999728e-01 -5.128655315800000336e-01
5.630093793700000071e-02 -5.810917442809999667e-01
-2.955158862680000165e-01 -6.400851859210000550e-01
-3.127967153019999835e-01 -4.852224967359999863e-01
-2.333394053579999905e-01 -4.072761757239999891e-01
1.384182910799999951e-02 -4.788223823989999905e-01
-2.825227085120000092e-01 -5.026602341400000507e-01
-2.891021671590000008e-01 -3.937581879250000028e-01
-2.132358486979999967e-01 -3.308332536140000113e-01
-2.219908478990000045e-01 -2.191915079650000042e-01
-3.326902011180000174e-01 -4.461329427699999850e-01
-4.055837976280000090e-01 -6.017104559899999483e-01
-4.150717984639999969e-01 -6.836748259029999941e-01
-3.030081444500000096e-02 -7.189181183409999454e-01
-7.527093906199999740e-02 -9.547290824030000289e-01
-2.117260131790000000e-01 -1.000000000000000000e+00
-3.231636590949999999e-01 -9.837130331940000527e-01
3.725005765699999916e-02 -6.723484390459999460e-01
-3.023199362160000070e-01 -7.703087850299999984e-01
-3.530370861150000095e-01 -6.190575677980000302e-01
-2.832768690629999808e-01 -5.192149045639999905e-01
4.198413658100000334e-02 -5.846287918410000284e-01
-3.111594147939999999e-01 -6.418912179750000391e-01
-3.285289930609999742e-01 -4.878640335589999877e-01
-2.491923403209999888e-01 -4.109322936750000044e-01
5.733478600000000038e-05 -4.807194132390000263e-01
-2.990358263710000131e-01 -5.023833765370000481e-01
-3.064117892150000078e-01 -3.926139725639999911e-01
-2.321602836399999925e-01 -3.289577637719999781e-01
-2.214698224080000055e-01 -2.213430576579999975e-01
-3.344059876720000268e-01 -4.465598772000000105e-01
-4.088010626360000233e-01 -6.013934718360000042e-01
-4.199596233640000009e-01 -6.845876614239999602e-01
-1.276120879599999987e-02 -7.144383131629999939e-01
-6.396898610699999765e-02 -9.546113340930000302e-01
-2.039804131669999965e-01 -1.000000000000000000e+00
-3.191037261929999813e-01 -9.827998178269999885e-01
5.650867422099999787e-02 -6.654036732800000520e-01
-2.919933425960000162e-01 -7.599531440629999635e-01
-3.406728300629999762e-01 -6.093167485499999536e-01
-2.696152857749999909e-01 -5.079136326130000434e-01
6.020394826599999999e-02 -5.769046523719999486e-01
-3.018778264170000059e-01 -6.336732854950000160e-01
-3.167546918790000166e-01 -4.800692417660000211e-01
-2.372452685850000020e-01 -4.013902187510000052e-01
1.554043718799999994e-02 -4.737935229640000134e-01
-2.877765194069999977e-01 -4.972079607880000029e-01
-2.964400888290000258e-01 -3.881315950540000226e-01
-2.242683390019999945e-01 -3.251079707489999970e-01
-2.212521373540000114e-01 -2.208267030409999943e-01
-3.360747194320000131e-01 -4.469941286640000122e-01
-4.110637691780000269e-01 -6.047843854029999466e-01
-4.140403326589999766e-01 -6.910110745819999511e-01
-2.703344239499999926e-02 -7.174271584860000273e-01
-6.525345876799999723e-02 -9.492418423289999962e-01
-2.041074823039999986e-01 -1.000000000000000000e+00
-3.189395915189999764e-01 -9.882926250669999968e-01
3.921760291000000315e-02 -6.689685182900000360e-01
-2.925907692040000119e-01 -7.697712986889999609e-01
-3.497157697700000178e-01 -6.184344388860000263e-01
-2.828405064339999941e-01 -5.147799481389999654e-01
4.331865439700000042e-02 -5.799381355339999766e-01
-3.028741705729999789e-01 -6.435100545830000351e-01
-3.251191785320000083e-01 -4.891487097989999921e-01
-2.480887490939999995e-01 -4.084459500500000062e-01
9.521420929999999594e-04 -4.757114449259999822e-01
-2.927474906120000053e-01 -5.062116696470000399e-01
-3.052052705080000039e-01 -3.972990565990000000e-01
-2.346398611130000034e-01 -3.308269817100000232e-01
-2.233131984929999925e-01 -2.216652727679999935e-01
-3.347426421099999883e-01 -4.483004718549999934e-01
-4.071058441700000086e-01 -6.038193929270000426e-01
-4.042754763559999742e-01 -6.891891208589999707e-01
-1.355796939899999928e-02 -7.213823274849999745e-01
-6.648662765099999650e-02 -9.587849056749999654e-01
-2.072450076929999996e-01 -1.000000000000000000e+00
-3.197278331719999867e-01 -9.806367764150000221e-01
5.480821818900000197e-02 -6.724145179460000454e-01
-2.967789986650000156e-01 -7.656230654510000067e-01
-3.457154581260000192e-01 -6.100511237410000120e-01
-2.721261839169999974e-01 -5.108691585019999870e-01
5.888006832900000154e-02 -5.830221561249999684e-01
-3.056912814859999994e-01 -6.368255345079999463e-01
-3.198299255900000082e-01 -4.800686465560000116e-01
-2.384469547299999936e-01 -4.034871976830000095e-01
1.524191641100000084e-02 -4.777022213620000235e-01
-2.887446143240000040e-01 -4.973965711109999965e-01
-2.944107435130000061e-01 -3.865467427490000274e-01
-2.196409534869999958e-01 -3.251063699460000067e-01
-2.182067606860000064e-01 -2.183041777339999878e-01
-3.334306551549999775e-01 -4.453361802349999898e-01
-4.070832764349999744e-01 -6.034209096410000361e-01
-4.014498475509999942e-01 -6.884568511040000116e-01
-2.256866378300000087e-02 -7.211824087089999669e-01
-6.037628691900000233e-02 -9.489770352880000370e-01
-1.982698808389999900e-01 -1.000000000000000000e+00
-3.129282231569999739e-01 -9.894338926769999931e-01
4.459501076200000219e-02 -6.705366850889999952e-01
-2.889514402200000220e-01 -7.695018360690000225e-01
-3.435977382479999953e-01 -6.170657242260000341e-01
-2.744000185880000053e-01 -5.151454942190000219e-01
4.913961605699999902e-02 -5.796274383539999908e-01
-2.978003935149999837e-01 -6.438496989209999688e-01
-3.181994091750000031e-01 -4.895786612670000038e-01
-2.393779707199999995e-01 -4.109796726900000197e-01
7.155629781999999633e-03 -4.735838389400000015e-01
-2.858836126240000275e-01 -5.067459163399999911e-01
-2.956551234609999801e-01 -3.999146958049999978e-01
-2.228741133669999985e-01 -3.362622249830000132e-01
-2.200012780220000075e-01 -2.204340169120000137e-01
-3.303882566970000045e-01 -4.472911771609999754e-01
-4.006070653470000242e-01 -6.028850413270000486e-01
-4.046794267900000186e-01 -6.841779266530000347e-01
-1.527924087599999946e-02 -7.221659100709999501e-01
-6.508854486800000338e-02 -9.571809196189999813e-01
-2.045475952920000062e-01 -1.000000000000000000e+00
-3.173337745350000016e-01 -9.821645224210000524e-01
5.419958427299999965e-02 -6.725617723950000348e-01
-2.951307114260000031e-01 -7.665838164020000178e-01
-3.447038361490000202e-01 -6.117809989260000192e-01
-2.713556521780000064e-01 -5.091305741999999634e-01
5.763841598100000185e-02 -5.823693233129999536e-01
-3.038431877350000199e-01 -6.404198028819999555e-01
-3.207500076570000136e-01 -4.836641790430000198e-01
-2.396137738100000136e-01 -4.041364356480000031e-01
1.322921250999999944e-02 -4.767141039850000261e-01
-2.902499937370000005e-01 -5.008454996669999826e-01
-2.979985201290000218e-01 -3.907477828979999956e-01
-2.236171480190000116e-01 -3.275553555979999754e-01
-2.191242312989999941e-01 -2.155620934230000063e-01
-3.337684651400000257e-01 -4.418739886329999811e-01
-4.036195449400000190e-01 -5.975719044220000331e-01
-3.860807235079999900e-01 -6.780549765640000448e-01
-1.966978918899999970e-02 -7.189582249139999659e-01
-5.698590689000000015e-02 -9.509200369110000217e-01
-1.977733442630000005e-01 -1.000000000000000000e+00
-3.154679364899999894e-01 -9.841829373670000214e-01
4.910116401899999872e-02 -6.700335842769999939e-01
-2.893079439189999991e-01 -7.633994768970000511e-01
-3.445350082690000204e-01 -6.073571473440000368e-01
-2.758325467050000146e-01 -4.992894945790000150e-01
5.513844493700000016e-02 -5.808830757480000218e-01
-2.984372696429999916e-01 -6.354525535339999864e-01
-3.192951694649999728e-01 -4.787298386659999960e-01
-2.422067740809999981e-01 -3.960532214420000030e-01
1.460779876599999950e-02 -4.747051914040000264e-01
-2.798957801370000054e-01 -5.049132977339999551e-01
-2.938896342999999800e-01 -3.972424290859999929e-01
-2.261608415620000034e-01 -3.301644500609999811e-01
-2.212927289909999984e-01 -2.181051284349999897e-01
-3.343120658450000060e-01 -4.414704589949999813e-01
-4.059564164810000042e-01 -5.977742855100000030e-01
-3.965706079060000167e-01 -6.845991717360000450e-01
-1.088100252299999994e-02 -7.173772958490000073e-01
-5.762989000299999914e-02 -9.536368415100000551e-01
-1.979667259690000014e-01 -1.000000000000000000e+00
-3.130722239620000180e-01 -9.840556726169999990e-01
5.689546928800000292e-02 -6.705047911029999863e-01
-2.907752148919999780e-01 -7.673676867630000453e-01
-3.458051175729999760e-01 -6.102336121960000304e-01
-2.779210316619999954e-01 -5.023483686909999690e-01
5.985107186000000051e-02 -5.836209710649999938e-01
-3.038700205659999876e-01 -6.377296855509999585e-01
-3.220769272160000085e-01 -4.779691753159999723e-01
-2.430568422369999981e-01 -3.954982041719999897e-01
1.423543847299999984e-02 -4.800288401960000062e-01
-2.869622451309999933e-01 -5.016454751700000214e-01
-2.948266030680000149e-01 -3.907202531219999830e-01
-2.218058843830000015e-01 -3.259044148179999767e-01
-2.224998675809999882e-01 -2.236423316599999989e-01
-3.324381471519999853e-01 -4.493328879649999830e-01
-4.018233299899999778e-01 -6.047580994879999672e-01
-4.013521239649999739e-01 -6.891980947160000204e-01
-1.691595178300000016e-02 -7.189056058249999603e-01
-6.317969423600000578e-02 -9.509217728619999699e-01
-2.022048020810000013e-01 -1.000000000000000000e+00
-3.172040487159999977e-01 -9.862968187420000366e-01
4.962840610600000035e-02 -6.717651464770000302e-01
-2.909962280069999796e-01 -7.673948015089999686e-01
-3.444573458310000169e-01 -6.144771543789999679e-01
-2.769208140860000000e-01 -5.078099958359999500e-01
5.250463849399999994e-02 -5.844150904020000148e-01
-3.014446761399999786e-01 -6.375776373889999737e-01
-3.197440061310000137e-01 -4.812119277329999778e-01
-2.420402761530000002e-01 -3.983545014789999783e-01
8.773676273000000428e-03 -4.803531059480000143e-01
-2.873097394429999785e-01 -5.021220778639999827e-01
-2.967788369550000138e-01 -3.921013085300000256e-01
-2.256949583110000046e-01 -3.261969640230000245e-01
-2.239934777829999946e-01 -2.172091456269999998e-01
-3.378643703509999763e-01 -4.421836754499999800e-01
-4.101440761669999935e-01 -5.986786898339999663e-01
-4.041518762679999766e-01 -6.823762289729999875e-01
-1.415210723400000051e-02 -7.188901121899999858e-01
-5.770723036699999808e-02 -9.561191131999999815e-01
-1.966308726850000133e-01 -1.000000000000000000e+00
-3.090285959840000096e-01 -9.827575257989999979e-01
5.528357953899999677e-02 -6.712047917929999663e-01
-2.901199341660000153e-01 -7.717590095280000284e-01
-3.444818667630000220e-01 -6.177144554160000078e-01
-2.745955306050000266e-01 -5.138732359830000540e-01
5.922071023699999881e-02 -5.837049888849999979e-01
-3.021847622939999867e-01 -6.410869859869999798e-01
-3.211908253260000179e-01 -4.841559806199999816e-01
-2.412239455970000002e-01 -4.050474852620000177e-01
1.419222496200000030e-02 -4.798174797670000102e-01
-2.878222298600000006e-01 -5.022352855570000330e-01
-2.961522517929999765e-01 -3.929204553689999990e-01
-2.218283741410000121e-01 -3.303111954349999824e-01
-2.228214234910000091e-01 -2.221640993170000133e-01
-3.344961738300000209e-01 -4.490849083880000259e-01
-4.065775627229999967e-01 -6.044571855970000129e-01
-4.070414944010000147e-01 -6.883335570299999873e-01
-2.149390780200000073e-02 -7.214319227819999680e-01
-6.903911365600000349e-02 -9.499577557370000314e-01
-2.078043001769999953e-01 -1.000000000000000000e+00
-3.236040560610000116e-01 -9.876913754020000269e-01
4.489009799799999895e-02 -6.745977187520000307e-01
-2.934841546249999933e-01 -7.685076045409999779e-01
-3.446497100740000263e-01 -6.157158696179999557e-01
-2.761310258540000118e-01 -5.118410124400000205e-01
4.847813584499999912e-02 -5.863421974589999586e-01
-3.014907760480000087e-01 -6.429684381150000405e-01
-3.195085899539999996e-01 -4.872168802679999744e-01
-2.426120816110000078e-01 -4.063148146869999811e-01
5.391473063999999669e-03 -4.816018060930000177e-01
-2.882593069300000144e-01 -5.074545494169999671e-01
-2.970213349299999916e-01 -3.985607124339999863e-01
-2.263787747390000049e-01 -3.337937757250000192e-01
-2.208585151080000031e-01 -2.193245241100000020e-01
-3.274561938250000193e-01 -4.461617554880000225e-01
-3.976278331809999789e-01 -6.030187254030000554e-01
-4.087580996340000050e-01 -6.919133744569999633e-01
-1.916593607500000074e-02 -7.160812719400000415e-01
-6.925888455600000271e-02 -9.550109247670000023e-01
-2.085369954580000018e-01 -1.000000000000000000e+00
-3.214644094799999907e-01 -9.838057825520000188e-01
4.743280532099999891e-02 -6.685969123439999828e-01
-2.937032220940000160e-01 -7.701437560089999801e-01
-3.449304603669999802e-01 -6.173035677999999526e-01
-2.745157452359999750e-01 -5.150856569259999462e-01
4.974427499800000013e-02 -5.818711329810000166e-01
-3.035455411660000213e-01 -6.434371335820000537e-01
-3.214055313379999834e-01 -4.862829008539999998e-01
-2.414914264090000096e-01 -4.052401546050000136e-01
5.549863204000000418e-03 -4.792399262729999943e-01
-2.917574670529999858e-01 -5.048302334950000025e-01
-2.997382794799999806e-01 -3.935267073400000037e-01
-2.257428159690000047e-01 -3.283141392989999963e-01
-2.255907555140000131e-01 -2.212138735530000122e-01
-3.381542793539999980e-01 -4.486060733109999976e-01
-4.123494449099999737e-01 -6.047855681039999709e-01
-4.045832228669999919e-01 -6.926174816129999634e-01
-1.846228230000000053e-02 -7.141408952029999480e-01
-5.701732815300000062e-02 -9.495202258489999769e-01
-1.942117580959999978e-01 -1.000000000000000000e+00
-3.084693306399999835e-01 -9.861151478040000029e-01
4.782337157299999808e-02 -6.703944914839999880e-01
-2.957674065970000155e-01 -7.654755320989999889e-01
-3.441573410109999842e-01 -6.120599310119999581e-01
-2.720017825650000165e-01 -5.102165561479999889e-01
5.393894284100000241e-02 -5.863112414450000198e-01
-3.051338078140000132e-01 -6.370344837179999775e-01
-3.170607824810000031e-01 -4.801050841680000181e-01
-2.353793784409999867e-01 -4.022456134510000170e-01
1.214587611900000072e-02 -4.845908911089999993e-01
-2.840492964160000189e-01 -5.063153307919999735e-01
-2.887274785419999823e-01 -3.979678584799999919e-01
-2.138143353399999946e-01 -3.364871392770000247e-01
-2.292082402960000098e-01 -2.230871748219999950e-01
-3.404036371499999936e-01 -4.497345142790000194e-01
-4.173324853190000239e-01 -6.055528539260000009e-01
-4.245964012849999802e-01 -6.959282754269999760e-01
-1.923065548200000169e-02 -7.194957951679999963e-01
-7.312969166699999357e-02 -9.557192849410000024e-01
-2.103507761239999940e-01 -1.000000000000000000e+00
-3.220314366259999783e-01 -9.832199690489999977e-01
4.593174655699999720e-02 -6.762832875500000007e-01
-3.031492590670000209e-01 -7.732612066409999541e-01
-3.462414565499999930e-01 -6.156165189169999774e-01
-2.718365349260000174e-01 -5.164675574649999490e-01
4.940828798400000166e-02 -5.924676899399999863e-01
-3.129059703739999754e-01 -6.432626097010000210e-01
-3.214718412379999890e-01 -4.833223068999999983e-01
-2.388324763509999948e-01 -4.066514645809999884e-01
4.714509726000000109e-03 -4.905476680659999755e-01
-2.935877643640000256e-01 -5.063537472860000221e-01
-2.937433246019999777e-01 -3.926793486099999786e-01
-2.171539502519999887e-01 -3.309727498260000011e-01
-2.242509302210000111e-01 -2.255330746960000077e-01
-3.325578242239999871e-01 -4.527889294749999904e-01
-4.075907082090000078e-01 -6.075172625689999606e-01
-4.292824057979999774e-01 -6.928946648160000388e-01
-2.724982351899999863e-02 -7.190436161869999676e-01
-7.350882004799999536e-02 -9.507700824100000503e-01
-2.093671961319999997e-01 -1.000000000000000000e+00
-3.219235952200000250e-01 -9.878787453009999497e-01
3.991135864400000011e-02 -6.730223334870000240e-01
-2.968110933499999993e-01 -7.689408673230000435e-01
-3.435499143369999953e-01 -6.195460411400000034e-01
-2.726841432689999789e-01 -5.208401764469999806e-01
4.445755199999999741e-02 -5.865215971899999658e-01
-3.049348463859999914e-01 -6.433366361890000551e-01
-3.184355008159999723e-01 -4.885271534999999776e-01
-2.386967050159999881e-01 -4.096368440950000078e-01
2.756409897999999910e-03 -4.835222594340000124e-01
-2.903952095169999859e-01 -5.056550227510000495e-01
-2.946906898139999842e-01 -3.946013726900000074e-01
-2.200353569450000102e-01 -3.309967220439999913e-01
-2.233062652979999896e-01 -2.205904154820000074e-01
-3.318716411259999832e-01 -4.455895818310000034e-01
-4.078601960720000252e-01 -6.017671380969999984e-01
-4.328802169289999724e-01 -6.891691335759999593e-01
-2.085191003800000026e-02 -7.177251821369999840e-01
-7.278377421100000466e-02 -9.591152992070000050e-01
-2.127335010839999929e-01 -1.000000000000000000e+00
-3.233612309300000209e-01 -9.774742437919999860e-01
4.686451695899999936e-02 -6.701478875280000302e-01
-2.943943475910000274e-01 -7.723198696649999917e-01
-3.444360253309999842e-01 -6.201233399340000396e-01
-2.713846166580000108e-01 -5.197630150249999970e-01
5.101482397499999821e-02 -5.829650231780000302e-01
-3.008153612369999785e-01 -6.418342112770000218e-01
-3.175928950699999920e-01 -4.856032436030000010e-01
-2.366322673139999999e-01 -4.071452049759999858e-01
8.834824353999999255e-03 -4.797258233619999812e-01
-2.856682707889999784e-01 -5.021606358210000121e-01
-2.932476864560000229e-01 -3.896057646209999947e-01
-2.190316203719999966e-01 -3.253983227949999724e-01
-2.274090941459999959e-01 -2.157969459419999958e-01
-3.421301895359999956e-01 -4.435341437729999892e-01
-4.202688224650000248e-01 -6.005863456429999525e-01
-4.132625909309999845e-01 -6.892082972690000142e-01
-2.772834332999999860e-02 -7.183004916830000308e-01
-6.931746744300000540e-02 -9.541725117599999528e-01
-2.065771368659999885e-01 -1.000000000000000000e+00
-3.180177685100000207e-01 -9.818287868999999723e-01
4.213653669499999727e-02 -6.743440541090000018e-01
-2.922835505479999818e-01 -7.667751605739999698e-01
-3.380617038379999939e-01 -6.121378877950000019e-01
-2.620511122499999956e-01 -5.132199279000000391e-01
5.326035008300000068e-02 -5.890488446089999774e-01
-2.955855058019999926e-01 -6.373961404979999745e-01
-3.067956672930000073e-01 -4.808461235270000134e-01
-2.227552752939999936e-01 -4.052240983989999767e-01
1.664350120899999938e-02 -4.851123310959999935e-01
-2.716795942860000257e-01 -5.048505616659999529e-01
-2.736315007810000144e-01 -3.971630636630000266e-01
-1.953319203380000091e-01 -3.372890124949999846e-01
-2.244709194379999884e-01 -2.232014519720000034e-01
-3.344385207089999867e-01 -4.510841697499999858e-01
-4.101618942540000146e-01 -6.073791864009999708e-01
-4.207663221799999853e-01 -6.941394296439999945e-01
-2.681129430899999860e-02 -7.225904189159999547e-01
-8.080831538200000663e-02 -9.544483994950000438e-01
-2.171747427440000044e-01 -1.000000000000000000e+00
-3.270827100559999812e-01 -9.883001325569999995e-01
4.095667970300000127e-02 -6.765428244219999776e-01
-2.980732736030000107e-01 -7.766663785309999568e-01
-3.435294502160000096e-01 -6.211261041779999603e-01
-2.674224697600000034e-01 -5.256886898029999866e-01
4.678513468699999761e-02 -5.912939293350000236e-01
-3.021549505289999882e-01 -6.536182976479999462e-01
-3.157149865630000107e-01 -4.941881976079999794e-01
-2.308430564639999960e-01 -4.179410200070000081e-01
5.744069109000000083e-03 -4.889447097149999810e-01
-2.847182293030000033e-01 -5.145567784819999879e-01
-2.871183050309999985e-01 -4.020899982530000139e-01
-2.074693158669999871e-01 -3.407064416569999810e-01
-2.273204286449999889e-01 -2.155056480820000120e-01
-3.390270299340000237e-01 -4.402141690360000248e-01
-4.190518444249999863e-01 -5.946307932090000303e-01
-4.334806453689999950e-01 -6.792003376459999631e-01
-2.896861408599999896e-02 -7.219906427090000411e-01
-8.267729541200000143e-02 -9.623176725469999582e-01
-2.210101149779999941e-01 -1.000000000000000000e+00
-3.266650149279999860e-01 -9.743583427680000408e-01
4.233348410200000328e-02 -6.755052447499999557e-01
-2.923514899740000117e-01 -7.758221480860000296e-01
-3.414357833800000241e-01 -6.241522115530000470e-01
-2.635564044720000165e-01 -5.329658695110000011e-01
5.217275649199999699e-02 -5.892422841240000375e-01
-2.937020743720000215e-01 -6.435832836370000143e-01
-3.096332852220000098e-01 -4.900084699619999817e-01
-2.232686754500000093e-01 -4.198597558689999842e-01
1.559145206100000063e-02 -4.852615460849999951e-01
-2.736446860589999974e-01 -5.035072556459999626e-01
-2.782460264639999847e-01 -3.939289963670000172e-01
-1.975629173160000085e-01 -3.356000564659999963e-01
-2.327759676800000010e-01 -2.203504973859999883e-01
-3.458399633409999785e-01 -4.451218658559999986e-01
-4.273187346880000237e-01 -5.988641488870000140e-01
-4.294526530250000196e-01 -6.876301195389999954e-01
-2.974967737000000154e-02 -7.198630339639999765e-01
-7.975887819700000492e-02 -9.567971740830000238e-01
-2.162412276429999947e-01 -1.000000000000000000e+00
-3.250860728339999839e-01 -9.833042875849999920e-01
3.973506429200000106e-02 -6.763166383430000428e-01
-2.994346963789999982e-01 -7.749321844930000536e-01
-3.425485448860000059e-01 -6.195421235510000235e-01
-2.637249036920000234e-01 -5.271385428050000543e-01
4.976317191599999995e-02 -5.919656213809999512e-01
-3.016986049620000165e-01 -6.449707558030000065e-01
-3.121537271770000177e-01 -4.873928464469999833e-01
-2.256094736039999937e-01 -4.183762524849999886e-01
1.224015481400000070e-02 -4.885136875830000114e-01
-2.755915410120000075e-01 -5.107362465679999852e-01
-2.771471903800000192e-01 -4.027606810780000046e-01
-1.979001908720000036e-01 -3.476740670180000214e-01
-2.319575535210000039e-01 -2.191732949540000086e-01
-3.487676544369999743e-01 -4.438351792910000260e-01
-4.310204735250000030e-01 -5.967931873039999946e-01
-4.325133497959999795e-01 -6.828272883599999510e-01
-3.330037135000000342e-02 -7.209929005030000226e-01
-8.354422354500000425e-02 -9.550605846270000532e-01
-2.194267967920000006e-01 -1.000000000000000000e+00
-3.285817396010000113e-01 -9.863496342430000396e-01
3.609765958399999836e-02 -6.764093849440000472e-01
-3.013482617109999873e-01 -7.754126920310000504e-01
-3.463957598230000268e-01 -6.214499264499999676e-01
-2.683777029000000147e-01 -5.304525947229999927e-01
4.539137802800000121e-02 -5.917910786429999570e-01
-3.033873568780000030e-01 -6.474276500840000503e-01
-3.165444972809999813e-01 -4.920603629210000274e-01
-2.306226943590000134e-01 -4.229821239289999757e-01
8.012430936000000670e-03 -4.884343038569999851e-01
-2.784643010930000218e-01 -5.119949438380000384e-01
-2.828166125700000144e-01 -4.060431716230000210e-01
-2.047596294809999884e-01 -3.508278988460000192e-01
-2.285504211359999927e-01 -2.193905685979999909e-01
-3.404601498909999857e-01 -4.447479791530000170e-01
-4.201207557619999755e-01 -6.007845856410000129e-01
-4.379217933569999888e-01 -6.880739257110000118e-01
-3.536517083400000233e-02 -7.195421113379999456e-01
-8.858288020900000059e-02 -9.586551841699999521e-01
-2.239135069029999925e-01 -1.000000000000000000e+00
-3.293861948680000262e-01 -9.818808598270000187e-01
3.385807022500000180e-02 -6.742668587510000089e-01
-3.020585409820000233e-01 -7.802335707530000386e-01
-3.512418490729999898e-01 -6.265426639379999552e-01
-2.759177191989999889e-01 -5.342865629170000519e-01
4.150013691099999763e-02 -5.899484494769999809e-01
-3.051266497330000216e-01 -6.524852792730000406e-01
-3.220129920040000204e-01 -4.958985271549999907e-01
-2.372117252539999999e-01 -4.240177409690000232e-01
2.180944775000000137e-03 -4.880386644079999781e-01
-2.861019111329999864e-01 -5.123639093490000018e-01
-2.909574396660000173e-01 -4.021570329329999804e-01
-2.115337381500000113e-01 -3.434459533900000028e-01
-2.364081855940000088e-01 -2.201329545419999922e-01
-3.511819682849999791e-01 -4.433953793679999977e-01
-4.375770441969999980e-01 -5.966072125429999762e-01
-4.560005292300000068e-01 -6.892635051750000130e-01
-3.591965503999999809e-02 -7.197889162120000295e-01
-8.834055842900000177e-02 -9.616757572399999843e-01
-2.295712955030000113e-01 -1.000000000000000000e+00
-3.391949638680000212e-01 -9.770527305570000376e-01
3.256973677299999925e-02 -6.749440719779999931e-01
-3.045528610730000030e-01 -7.768267810590000488e-01
-3.534238351730000227e-01 -6.220307443579999873e-01
-2.759214527170000264e-01 -5.289218844120000540e-01
4.135239995300000332e-02 -5.905573391889999968e-01
-3.071392505800000228e-01 -6.444449577899999948e-01
-3.202595862179999919e-01 -4.879487789690000188e-01
-2.318921013659999975e-01 -4.176357999779999886e-01
3.730375068999999908e-03 -4.884058501629999771e-01
-2.849100352360000032e-01 -5.054758465619999530e-01
-2.877608460939999890e-01 -3.958880155239999921e-01
-2.056599535610000029e-01 -3.406977585500000072e-01
-2.286763446079999873e-01 -2.160415433750000058e-01
-3.467203884530000169e-01 -4.409581313689999726e-01
-4.291386180330000188e-01 -5.976579443199999675e-01
-4.327783098649999882e-01 -6.847628786589999850e-01
-3.351574775700000286e-02 -7.168531692959999591e-01
-8.740101409099999830e-02 -9.568735707040000316e-01
-2.251093640079999958e-01 -1.000000000000000000e+00
-3.323644825800000091e-01 -9.829950087869999686e-01
3.571706349900000133e-02 -6.730767332820000171e-01
-3.032808542179999955e-01 -7.768109761300000526e-01
-3.484427897919999961e-01 -6.198052861399999669e-01
-2.685006802270000215e-01 -5.267667982939999716e-01
4.530034625499999856e-02 -5.904504554480000111e-01
-3.043035180059999734e-01 -6.506740857099999609e-01
-3.155249646500000171e-01 -4.910664958379999945e-01
-2.263292221950000127e-01 -4.211797157270000258e-01
5.915255634999999970e-03 -4.896033864029999960e-01
-2.825040758990000067e-01 -5.115997347530000239e-01
-2.835628551739999836e-01 -4.003016987849999930e-01
-2.010337817869999877e-01 -3.442022937900000024e-01
-2.321293936509999933e-01 -2.190617617360000047e-01
-3.421264629929999801e-01 -4.432348335569999964e-01
-4.214904505059999806e-01 -5.984484276470000141e-01
-4.418958061530000037e-01 -6.909638627340000117e-01
-3.459158941700000295e-02 -7.204652404900000473e-01
-9.397797016200000464e-02 -9.615336704839999582e-01
-2.303697465160000069e-01 -1.000000000000000000e+00
-3.356047376849999875e-01 -9.791776614510000476e-01
3.437020047000000078e-02 -6.771942505929999800e-01
-3.094060822420000023e-01 -7.773900902150000514e-01
-3.513623705460000024e-01 -6.207975840280000046e-01
-2.703582936369999801e-01 -5.314792827919999629e-01
4.264425108400000247e-02 -5.951715244099999857e-01
-3.115682372179999771e-01 -6.474801544749999582e-01
-3.205176300939999723e-01 -4.877357459910000026e-01
-2.301998030430000008e-01 -4.194933256719999837e-01
3.566982488000000010e-03 -4.948385450300000210e-01
-2.878971537550000237e-01 -5.085967408999999551e-01
-2.896355097850000226e-01 -3.959928600620000183e-01
-2.084343215680000139e-01 -3.413206284210000274e-01
-2.305977247100000072e-01 -2.220877727570000071e-01
-3.461303989439999951e-01 -4.458739484429999900e-01
-4.319228194170000035e-01 -5.965703572920000308e-01
-4.443279162170000185e-01 -6.822217384290000242e-01
-3.043759081699999938e-02 -7.190183951459999667e-01
-8.099476852600000221e-02 -9.564013415369999604e-01
-2.194093754750000014e-01 -1.000000000000000000e+00
-3.292687484069999893e-01 -9.822240529210000126e-01
3.798389451300000080e-02 -6.711548517890000287e-01
-2.980841553999999949e-01 -7.726492178099999553e-01
-3.453400000340000053e-01 -6.196067823290000165e-01
-2.685182600129999986e-01 -5.229442070080000393e-01
4.727214251299999975e-02 -5.837007709429999913e-01
-3.001073104429999860e-01 -6.447501180750000449e-01
-3.145077883849999867e-01 -4.901574071329999893e-01
-2.297269936509999944e-01 -4.169507584659999933e-01
1.024972642000000073e-02 -4.789901294159999989e-01
-2.747835889999999948e-01 -5.080980447609999562e-01
-2.789729153839999864e-01 -4.024922735759999814e-01
-2.007961369210000124e-01 -3.457695793339999879e-01
-2.275006848320000052e-01 -2.192469955930000103e-01
-3.409481833340000101e-01 -4.428425117690000246e-01
-4.233954512700000006e-01 -5.970854706479999940e-01
-4.452803932300000156e-01 -6.822855102560000384e-01
-3.365947478600000292e-02 -7.204347364140000209e-01
-9.421707861399999939e-02 -9.604822662840000191e-01
-2.313619567809999944e-01 -1.000000000000000000e+00
-3.374587083039999880e-01 -9.797924326610000234e-01
3.539558715200000205e-02 -6.754603191350000424e-01
-3.045439838019999845e-01 -7.800951320190000482e-01
-3.508416627459999826e-01 -6.245959852579999749e-01
-2.735121437520000032e-01 -5.319933995929999604e-01
4.265140930800000174e-02 -5.911568131569999718e-01
-3.074624643400000190e-01 -6.509045203250000133e-01
-3.214777048329999776e-01 -4.930494069249999889e-01
-2.351363990199999976e-01 -4.223478570720000103e-01
2.325128118000000053e-03 -4.887257499000000061e-01
-2.890787545960000204e-01 -5.080547085000000074e-01
-2.934682325890000110e-01 -3.951685192669999735e-01
-2.142615149950000131e-01 -3.360929954879999793e-01
-2.346403503629999887e-01 -2.124356091250000078e-01
-3.535287221239999944e-01 -4.380161114719999804e-01
-4.403234669050000161e-01 -5.930135004940000343e-01
-4.481726642800000215e-01 -6.802096017590000265e-01
-3.927240770700000244e-02 -7.210483806059999612e-01
-8.600836469200000278e-02 -9.605396681079999555e-01
-2.235538802829999949e-01 -1.000000000000000000e+00
-3.309066277889999852e-01 -9.776300324750000215e-01
3.179012365699999954e-02 -6.769383662719999917e-01
-3.039235586669999933e-01 -7.776093809909999655e-01
-3.501573276589999839e-01 -6.214938142460000314e-01
-2.704131985420000217e-01 -5.281267669679999832e-01
4.323803074399999724e-02 -5.912705901460000302e-01
-3.042486790360000026e-01 -6.475792475499999590e-01
-3.166099783660000222e-01 -4.908905408640000245e-01
-2.286667439600000018e-01 -4.215737540819999851e-01
6.779682022999999891e-03 -4.861643340790000045e-01
-2.825565980499999963e-01 -5.070060485209999523e-01
-2.838248941470000175e-01 -3.990355338839999821e-01
-2.015906735030000008e-01 -3.438728681359999872e-01
-2.332952430889999873e-01 -2.208491256760000132e-01
-3.467537449309999742e-01 -4.448238071150000250e-01
-4.292439538710000058e-01 -6.002556800470000287e-01
-4.518249827349999914e-01 -6.941365370709999816e-01
-3.762099763699999766e-02 -7.206786434409999664e-01
-9.442396540399999871e-02 -9.610568628269999802e-01
-2.320307008530000104e-01 -1.000000000000000000e+00
-3.390620753579999813e-01 -9.787636299180000332e-01
3.077437717900000091e-02 -6.765647410980000220e-01
-3.114542505169999864e-01 -7.743314671230000501e-01
-3.541364004159999745e-01 -6.174351214769999707e-01
-2.741489072580000075e-01 -5.257985382119999551e-01
3.955909627399999823e-02 -5.926617863419999521e-01
-3.129780527820000269e-01 -6.421462399789999997e-01
-3.221936208560000070e-01 -4.834398378149999953e-01
-2.338151104520000134e-01 -4.136024614109999886e-01
1.460478917000000102e-03 -4.899333199370000114e-01
-2.883152447980000255e-01 -5.038213427009999856e-01
-2.906079734299999995e-01 -3.931334779180000183e-01
-2.112326380469999876e-01 -3.381214156869999932e-01
-2.325281420120000053e-01 -2.189675377130000100e-01
-3.515083262570000144e-01 -4.472583837620000002e-01
-4.343255234580000179e-01 -6.042476943829999669e-01
-4.336267611840000091e-01 -6.921043102070000286e-01
-3.948098018900000200e-02 -7.195580091090000296e-01
-8.703913786099999605e-02 -9.568557482730000174e-01
-2.243490437039999952e-01 -1.000000000000000000e+00
-3.328213059440000010e-01 -9.802886130040000534e-01
3.025916081199999871e-02 -6.754637199649999868e-01
-3.043327075810000060e-01 -7.712261096970000063e-01
-3.487661569880000090e-01 -6.160512201100000196e-01
-2.701233949779999755e-01 -5.215864494819999475e-01
4.196527633299999838e-02 -5.901066116309999776e-01
-3.043767581069999895e-01 -6.429869654350000019e-01
-3.150783488760000028e-01 -4.865393611250000139e-01
-2.288364391709999945e-01 -4.161169648010000222e-01
6.110067149999999676e-03 -4.860031251399999919e-01
-2.802770893279999953e-01 -5.071835108229999500e-01
-2.826344163069999804e-01 -4.000270061399999744e-01
-2.037635320710000086e-01 -3.446505997889999784e-01
-2.293824168430000088e-01 -2.164801993859999940e-01
-3.497026726460000234e-01 -4.408522454870000273e-01
-4.334414151650000102e-01 -5.988071949069999622e-01
-4.443812398209999737e-01 -6.888215401739999910e-01
-4.101042717399999704e-02 -7.207464392150000343e-01
-9.521148903999999968e-02 -9.585644824140000519e-01
-2.312686366770000113e-01 -1.000000000000000000e+00
-3.374760930280000237e-01 -9.819254840609999979e-01
2.982889057600000143e-02 -6.748307522880000464e-01
-3.066198785540000249e-01 -7.773880694360000287e-01
-3.530511052709999764e-01 -6.224915464620000005e-01
-2.741716394559999825e-01 -5.310780646270000238e-01
3.958625271499999904e-02 -5.886564489929999588e-01
-3.061126686769999883e-01 -6.501115654689999523e-01
-3.201761627440000146e-01 -4.943141117929999995e-01
-2.333199139869999994e-01 -4.256246821210000197e-01
2.147673187999999799e-03 -4.842679472199999946e-01
-2.843045699489999967e-01 -5.074051245720000436e-01
-2.886100277809999781e-01 -3.991972370879999787e-01
-2.091836766630000011e-01 -3.433422781200000107e-01
-2.367234615059999880e-01 -2.192687790139999926e-01
-3.556953713939999817e-01 -4.438124341549999907e-01
-4.414003649739999813e-01 -6.000205595449999985e-01
-4.558479909309999800e-01 -6.936339126299999602e-01
-4.447825861899999678e-02 -7.234938668239999648e-01
-1.029302560469999989e-01 -9.596398476969999480e-01
-2.404688386530000055e-01 -1.000000000000000000e+00
-3.480827934760000186e-01 -9.812331574679999946e-01
2.633840263800000039e-02 -6.802898852459999812e-01
-3.144428827449999853e-01 -7.739336218950000346e-01
-3.554511454109999802e-01 -6.162343869170000543e-01
-2.745686504459999844e-01 -5.252795957079999800e-01
3.792100316699999890e-02 -5.961593872589999732e-01
-3.136104695399999920e-01 -6.435859608549999722e-01
-3.224032801319999808e-01 -4.838520398550000268e-01
-2.343981060529999882e-01 -4.153702349439999941e-01
1.722121132999999971e-03 -4.922423887910000184e-01
-2.866258133119999885e-01 -5.055419982969999726e-01
-2.885675642089999826e-01 -3.936118411410000073e-01
-2.096135092460000016e-01 -3.376143534270000246e-01
-2.384193422729999901e-01 -2.201306550430000009e-01
-3.577662650749999784e-01 -4.472342090940000237e-01
-4.467556239939999840e-01 -6.037037274309999813e-01
-4.656782993760000267e-01 -6.952237003150000261e-01
-4.507843583199999671e-02 -7.283302286699999684e-01
-1.150196127190000056e-01 -9.638417090340000160e-01
-2.543101536240000016e-01 -1.000000000000000000e+00
-3.602341742469999941e-01 -9.769581730890000149e-01
2.538854888200000118e-02 -6.836427271230000047e-01
-3.172011182419999797e-01 -7.773401384529999847e-01
-3.572745274990000164e-01 -6.220272614420000457e-01
-2.762529480229999890e-01 -5.326477447680000310e-01
3.600876042199999821e-02 -5.977453647720000207e-01
-3.169977644670000094e-01 -6.463301244200000406e-01
-3.253473054359999894e-01 -4.890293793300000136e-01
-2.377446348330000125e-01 -4.204098563779999909e-01
-1.604893225999999996e-03 -4.920828891340000011e-01
-2.930814192599999757e-01 -5.069753741979999839e-01
-2.949624659410000072e-01 -3.960321553280000129e-01
-2.163300749169999870e-01 -3.392983450300000037e-01
-2.416170088440000030e-01 -2.223400294710000114e-01
-3.641630445190000009e-01 -4.513419980769999840e-01
-4.556878450699999861e-01 -6.087981729289999588e-01
-4.751548889659999997e-01 -7.030711498539999882e-01
-5.519713125600000242e-02 -7.344535416290000063e-01
-1.291481387810000103e-01 -9.667041687759999613e-01
-2.707202803320000184e-01 -1.000000000000000000e+00
-3.768802924790000120e-01 -9.760434783179999796e-01
1.308900969299999981e-02 -6.892208604739999966e-01
-3.292128687159999734e-01 -7.796241976319999711e-01
-3.643973293280000081e-01 -6.230413369180000105e-01
-2.806427479199999908e-01 -5.353218645670000386e-01
2.382369056299999885e-02 -6.015616619760000283e-01
-3.294661259239999862e-01 -6.467845650479999708e-01
-3.328544018669999938e-01 -4.887428727629999914e-01
-2.437191506960000031e-01 -4.222196568939999839e-01
-1.265390933300000048e-02 -4.935303388369999822e-01
-3.036618141590000097e-01 -5.070767779439999678e-01
-3.010389529140000131e-01 -3.958002988589999771e-01
-2.205952984350000035e-01 -3.409124177130000155e-01
-2.373466914840000053e-01 -2.220510729680000017e-01
-3.645992561970000101e-01 -4.478987585440000196e-01
-4.599911785610000248e-01 -6.013213012510000288e-01
-4.894106717169999787e-01 -6.925110743000000291e-01
-5.970459541999999925e-02 -7.294094030850000188e-01
-1.305085584050000025e-01 -9.602640745970000280e-01
-2.727353291369999932e-01 -1.000000000000000000e+00
-3.831891594260000145e-01 -9.817250307379999930e-01
7.742134737000000433e-03 -6.802486653620000157e-01
-3.296803603960000162e-01 -7.754383995400000451e-01
-3.739036838720000144e-01 -6.238087177919999782e-01
-2.974625285870000080e-01 -5.334777368909999762e-01
1.685104614499999959e-02 -5.892378738219999912e-01
-3.299401785009999921e-01 -6.446609337469999534e-01
-3.412653277089999770e-01 -4.902055488040000242e-01
-2.568996718720000239e-01 -4.184590562389999824e-01
-1.851061374399999918e-02 -4.800719174970000114e-01
-3.057469260460000116e-01 -5.026042969780000202e-01
-3.096069702420000125e-01 -3.947563349520000209e-01
-2.331932761939999876e-01 -3.369236965860000210e-01
