-2.339067483220000077e-01 -2.207694893790000112e-01
-3.463745336330000257e-01 -4.531176566380000215e-01
-4.215893827439999852e-01 -6.161636271539999710e-01
-4.279115866880000008e-01 -7.189052545940000094e-01
-3.106370942900000057e-02 -7.186636609400000042e-01
-9.662407345399999514e-02 -9.659110598629999656e-01
-2.448503368830000082e-01 -1.000000000000000000e+00
-3.565459284759999736e-01 -9.745853290289999693e-01
3.024460627699999959e-02 -6.794572387159999449e-01
-3.058545465770000082e-01 -7.794516443129999583e-01
-3.555966667420000227e-01 -6.264814881500000432e-01
-2.827899023820000246e-01 -5.347544174080000046e-01
3.203109068699999673e-02 -5.999469550930000006e-01
-3.144913183949999969e-01 -6.501348658829999572e-01
-3.306691341429999764e-01 -5.000245746050000495e-01
-2.511365031080000088e-01 -4.308514794700000206e-01
-8.860950596000000470e-03 -4.999540594569999996e-01
-2.979199063180000273e-01 -5.172171340329999589e-01
-3.103714419390000145e-01 -4.092388131379999794e-01
-2.425326484249999970e-01 -3.505600933640000139e-01
-2.418964260460000071e-01 -2.171934455429999911e-01
-3.638416914929999968e-01 -4.483212736080000038e-01
-4.492412550550000105e-01 -6.104527525790000020e-01
-4.358606287610000130e-01 -7.132807503410000249e-01
-3.612424664999999702e-02 -7.191876005999999766e-01
-1.046857848879999969e-01 -9.626534628770000435e-01
-2.504378987170000070e-01 -1.000000000000000000e+00
-3.597449297090000164e-01 -9.785007370189999776e-01
2.572935504499999915e-02 -6.822703513319999802e-01
-3.052940581640000151e-01 -7.839793387519999879e-01
-3.562992796100000192e-01 -6.326928760209999947e-01
-2.866871660399999966e-01 -5.405725223839999982e-01
3.190035540999999752e-02 -6.044005469580000511e-01
-3.154679292850000039e-01 -6.522562014020000243e-01
-3.301746784829999726e-01 -5.008662577029999730e-01
-2.512324076079999746e-01 -4.312982779380000187e-01
-8.829271265999999452e-03 -5.060253939579999471e-01
-3.001847795509999806e-01 -5.183926498690000217e-01
-3.082791903439999759e-01 -4.080638635730000074e-01
-2.368610552369999900e-01 -3.472655568649999913e-01
-2.348898759549999937e-01 -2.194134601609999957e-01
-3.447717018879999928e-01 -4.503292351729999976e-01
-4.175928163090000256e-01 -6.144231981029999456e-01
-4.323152911479999916e-01 -7.262708683420000533e-01
-3.362334592499999913e-02 -7.225994532589999908e-01
-1.027909482099999966e-01 -9.690620455080000140e-01
-2.521446846479999948e-01 -1.000000000000000000e+00
-3.642618068290000011e-01 -9.735543736920000413e-01
2.957606984299999964e-02 -6.821899831350000110e-01
-3.132405295060000094e-01 -7.808913942249999796e-01
-3.632538961980000258e-01 -6.250849318269999788e-01
-2.902394299619999729e-01 -5.333603743460000324e-01
3.137897212799999752e-02 -6.009375898769999669e-01
-3.221735447010000142e-01 -6.466118876869999532e-01
-3.385545887799999987e-01 -4.937388355590000000e-01
-2.575094158149999757e-01 -4.257566100069999915e-01
-1.016988180899999934e-02 -4.971609206029999894e-01
-3.026466252519999789e-01 -5.115756160669999719e-01
-3.143972110939999842e-01 -4.037182854990000180e-01
-2.455757660479999938e-01 -3.475144836090000022e-01
-2.410374901729999964e-01 -2.205932103550000134e-01
-3.602684384070000134e-01 -4.478995009639999969e-01
-4.437817008669999730e-01 -6.073343241169999462e-01
-4.301162742449999854e-01 -7.088596304459999775e-01
-2.983416233500000084e-02 -7.183862076110000272e-01
-9.931976744899999321e-02 -9.652425083210000034e-01
-2.472015707970000031e-01 -1.000000000000000000e+00
-3.555755919890000172e-01 -9.757793790769999642e-01
3.293573766499999916e-02 -6.789808959640000197e-01
-3.011445703399999729e-01 -7.828581276120000210e-01
-3.541906753049999801e-01 -6.308793211380000487e-01
-2.827478330009999818e-01 -5.402683354320000353e-01
3.828530394199999853e-02 -5.990679827720000183e-01
-3.120416779360000170e-01 -6.489466385080000510e-01
-3.286492701020000129e-01 -4.981101005740000143e-01
-2.480423337469999934e-01 -4.310895421629999946e-01
-3.946982263999999734e-03 -4.990651963809999980e-01
-2.962281060149999923e-01 -5.142910015039999783e-01
-3.054520670720000108e-01 -4.054579326259999950e-01
-2.325865504780000037e-01 -3.470676120610000082e-01
-2.367158726949999958e-01 -2.156248368769999868e-01
-3.483398481580000094e-01 -4.470035714910000069e-01
-4.211270457649999854e-01 -6.147038597970000406e-01
-4.367689798009999902e-01 -7.268329327610000279e-01
-3.315648616599999737e-02 -7.175052974719999810e-01
-1.021012106449999957e-01 -9.678582479039999908e-01
-2.505695144530000196e-01 -1.000000000000000000e+00
-3.616630240640000271e-01 -9.758518508429999683e-01
3.074805620699999978e-02 -6.796237414489999518e-01
-3.069598804309999762e-01 -7.857397585369999549e-01
-3.561357494290000036e-01 -6.255560170280000110e-01
-2.829578892929999756e-01 -5.308026511190000463e-01
3.332080046000000101e-02 -6.012875825450000322e-01
-3.187624682549999866e-01 -6.485771153760000463e-01
-3.333458914240000071e-01 -4.904713596099999906e-01
-2.496895402959999899e-01 -4.221627604200000050e-01
-1.065965027499999988e-02 -5.003701610690000079e-01
-3.031385896259999879e-01 -5.096834226399999945e-01
-3.113737718979999736e-01 -3.961897542619999824e-01
-2.377723661989999959e-01 -3.390900831179999853e-01
-2.395032660310000006e-01 -2.145931589170000098e-01
-3.629127953410000162e-01 -4.428459179349999997e-01
-4.480120652019999872e-01 -6.042619015679999706e-01
-4.310139820850000247e-01 -7.081256442140000384e-01
-2.934141251600000042e-02 -7.191236516069999807e-01
-1.001356600150000026e-01 -9.640301325950000333e-01
-2.483819884750000095e-01 -1.000000000000000000e+00
-3.589432898439999797e-01 -9.776657918050000173e-01
3.457950832900000271e-02 -6.809934397429999731e-01
-3.042351058960000021e-01 -7.832430980750000327e-01
-3.546193282489999987e-01 -6.281836098699999926e-01
-2.820720335349999885e-01 -5.352187880259999808e-01
4.108851050699999924e-02 -6.023466302700000163e-01
-3.139239417770000040e-01 -6.500016917219999524e-01
-3.278317114950000111e-01 -4.951878053409999869e-01
-2.461350187720000027e-01 -4.262983062230000231e-01
-3.333095690000000065e-04 -5.026822860970000528e-01
-2.936639562860000052e-01 -5.167137630070000043e-01
-3.010234517020000111e-01 -4.064057668400000156e-01
-2.281193848410000002e-01 -3.476587469899999894e-01
-2.406475582979999972e-01 -2.160340137960000129e-01
-3.581724939889999737e-01 -4.479400709299999894e-01
-4.342956774769999861e-01 -6.138598485389999970e-01
-4.349526587750000006e-01 -7.191588455509999589e-01
-3.509076841699999838e-02 -7.198391821399999779e-01
-9.693143326399999982e-02 -9.687436445929999973e-01
-2.445040122319999953e-01 -1.000000000000000000e+00
-3.556039175210000125e-01 -9.726777978389999912e-01
3.198057163299999894e-02 -6.812964309629999660e-01
-3.055232987979999981e-01 -7.840510661920000457e-01
-3.537182052719999859e-01 -6.223491934460000374e-01
-2.789660076889999840e-01 -5.237533165650000155e-01
3.841925122999999970e-02 -6.009445243600000097e-01
-3.144960780050000126e-01 -6.457380006509999548e-01
-3.276223580909999877e-01 -4.869872357269999785e-01
-2.444116021199999877e-01 -4.161350178459999882e-01
-2.381228615000000135e-03 -4.976965465259999832e-01
-2.950007797740000215e-01 -5.081777640950000396e-01
-3.018503507210000270e-01 -3.952726768120000123e-01
-2.284005897459999990e-01 -3.364701207729999810e-01
-2.362580433550000025e-01 -2.134891529709999902e-01
-3.514253732620000181e-01 -4.430613143589999803e-01
-4.314744501239999863e-01 -6.064185847699999909e-01
-4.420088454019999724e-01 -7.119259836710000178e-01
-3.913371453799999872e-02 -7.202150584759999807e-01
-1.017038120120000028e-01 -9.625456230810000013e-01
-2.463858995479999980e-01 -1.000000000000000000e+00
-3.558888982610000085e-01 -9.781921748180000264e-01
2.473624738700000089e-02 -6.800574417820000050e-01
-3.092478686719999925e-01 -7.829692141949999851e-01
-3.593963609999999975e-01 -6.278084141280000363e-01
-2.865744344250000242e-01 -5.337811166749999447e-01
3.031412773899999982e-02 -5.981092480490000085e-01
-3.185195213299999994e-01 -6.494811598699999911e-01
-3.342964997719999887e-01 -4.948528729750000243e-01
-2.519050453569999792e-01 -4.245013992730000130e-01
-8.863312514000000475e-03 -4.944904098099999756e-01
-2.985421726520000041e-01 -5.115080178649999976e-01
-3.074757264749999885e-01 -4.023794393480000231e-01
-2.348438116459999891e-01 -3.443964395460000216e-01
-2.392294803209999987e-01 -2.196906044689999893e-01
-3.526005615689999928e-01 -4.500772116430000191e-01
-4.314655523020000105e-01 -6.115213231599999633e-01
-4.365795561920000067e-01 -7.182020572480000142e-01
-3.829687447300000186e-02 -7.210754508340000424e-01
-1.000334013520000065e-01 -9.640516729570000054e-01
-2.454927413790000124e-01 -1.000000000000000000e+00
-3.568693169919999741e-01 -9.773153810779999784e-01
2.369743814799999890e-02 -6.834370780570000470e-01
-3.130874517580000127e-01 -7.797766032370000433e-01
-3.615488651750000115e-01 -6.253152667739999560e-01
-2.895134419450000052e-01 -5.336151329560000489e-01
2.975575402500000091e-02 -6.038834053439999794e-01
-3.218650011359999730e-01 -6.462013263029999788e-01
-3.344964022420000016e-01 -4.926320127330000020e-01
-2.533842337350000196e-01 -4.233067488650000265e-01
-6.629635660000000007e-03 -5.023316148869999553e-01
-2.983954692479999782e-01 -5.109755588590000341e-01
-3.071053385890000209e-01 -4.010992742069999784e-01
-2.364025603609999915e-01 -3.433448903260000185e-01
-2.400782416380000117e-01 -2.190830323490000064e-01
-3.558559375640000244e-01 -4.499981036240000010e-01
-4.366520618210000260e-01 -6.108784239900000301e-01
-4.421729903950000207e-01 -7.167477910959999532e-01
-4.018378909599999715e-02 -7.196601153989999888e-01
-1.027195335400000048e-01 -9.634669476599999616e-01
-2.479581723850000086e-01 -1.000000000000000000e+00
-3.592275397210000221e-01 -9.759386575480000214e-01
2.211279706199999889e-02 -6.821763264179999675e-01
-3.133112474199999942e-01 -7.766113689329999792e-01
-3.610214767239999789e-01 -6.249065116469999515e-01
-2.891601581480000016e-01 -5.346025712459999690e-01
2.843155288299999833e-02 -6.031008825720000077e-01
-3.207751247000000250e-01 -6.464037734440000182e-01
-3.339337275700000052e-01 -4.965219858969999733e-01
-2.551210280349999748e-01 -4.270915269159999972e-01
-7.579908524999999855e-03 -5.027352042549999567e-01
-2.965355878370000142e-01 -5.137865058060000489e-01
-3.056209043329999875e-01 -4.070079274530000180e-01
-2.371368845390000035e-01 -3.493735287160000258e-01
-2.377165412320000060e-01 -2.234395879080000036e-01
-3.472710355949999994e-01 -4.543974122519999770e-01
-4.254614160160000158e-01 -6.151746083279999722e-01
-4.469901050519999863e-01 -7.203364252230000098e-01
-3.948990589100000170e-02 -7.213677063650000276e-01
-1.069379873510000051e-01 -9.658607011390000219e-01
-2.515392057690000183e-01 -1.000000000000000000e+00
-3.604855433749999949e-01 -9.755375483439999718e-01
2.300053059600000102e-02 -6.808770323870000363e-01
-3.135319136999999978e-01 -7.807748211680000106e-01
-3.603366356580000041e-01 -6.284434283449999992e-01
-2.872793628029999824e-01 -5.378169487249999658e-01
2.779824507300000108e-02 -5.995974681679999696e-01
-3.216823565899999959e-01 -6.482247564590000177e-01
-3.340096309019999765e-01 -4.957095337510000199e-01
-2.516971321240000226e-01 -4.262583629069999769e-01
-9.773597138000000503e-03 -4.978428923370000203e-01
-2.995669551130000219e-01 -5.106125307950000192e-01
-3.063621974810000204e-01 -3.997014831149999781e-01
-2.334521288239999881e-01 -3.412474879340000045e-01
-2.397236499269999876e-01 -2.200834904220000110e-01
-3.602421162960000034e-01 -4.489038283599999790e-01
-4.435127873499999929e-01 -6.091988376989999621e-01
-4.400174655560000203e-01 -7.095771023360000207e-01
-3.324002192699999914e-02 -7.198713505349999542e-01
-1.007107050480000043e-01 -9.638827130939999766e-01
-2.477914466699999985e-01 -1.000000000000000000e+00
-3.586098072480000121e-01 -9.773691579200000090e-01
3.296570960299999992e-02 -6.778999070500000279e-01
-3.045013496819999887e-01 -7.790284611090000366e-01
-3.559736959600000028e-01 -6.253883893239999825e-01
-2.834612929990000252e-01 -5.351934421870000458e-01
4.093181987299999991e-02 -5.948821459299999947e-01
-3.111775891449999887e-01 -6.459411648299999698e-01
-3.279217942600000102e-01 -4.938990376910000202e-01
-2.470086015000000079e-01 -4.263240053580000244e-01
2.465495052000000065e-03 -4.916630908099999808e-01
-2.907464455329999975e-01 -5.087649569929999505e-01
-3.008706803780000216e-01 -4.006931359970000162e-01
-2.286161109050000029e-01 -3.432610279209999948e-01
-2.426714363799999941e-01 -2.167847777069999982e-01
-3.610004765629999945e-01 -4.459941967880000080e-01
-4.404634723699999976e-01 -6.076443073630000136e-01
-4.451673175320000064e-01 -7.091729437349999499e-01
-4.441610628900000135e-02 -7.225677833889999624e-01
-1.083226933060000008e-01 -9.648334849240000066e-01
-2.539341160029999767e-01 -1.000000000000000000e+00
-3.644222056559999756e-01 -9.776294665929999850e-01
2.235867408600000078e-02 -6.826675860030000376e-01
-3.194802605620000180e-01 -7.840927365730000487e-01
-3.675912380310000227e-01 -6.237093828609999724e-01
-2.941795682109999976e-01 -5.249136781109999816e-01
2.962816141299999886e-02 -6.003880642040000382e-01
-3.286516708939999920e-01 -6.452137325510000077e-01
-3.405270066089999825e-01 -4.847314252620000263e-01
-2.570293234700000151e-01 -4.123032986060000127e-01
-1.035230671199999924e-02 -4.949375425420000085e-01
-3.069900529999999850e-01 -5.063478719809999529e-01
-3.131611304410000240e-01 -3.930942186859999743e-01
-2.392225139380000087e-01 -3.333956010679999804e-01
-2.360466442760000005e-01 -2.156618882219999978e-01
-3.542549216190000183e-01 -4.436763930900000097e-01
-4.365496400530000098e-01 -6.036639515620000340e-01
-4.494187448629999859e-01 -7.039008318610000536e-01
-4.079322173799999895e-02 -7.187884700669999738e-01
-1.034471239839999945e-01 -9.639464688800000181e-01
-2.500742056160000226e-01 -1.000000000000000000e+00
-3.625104941480000176e-01 -9.760927062599999982e-01
2.638711003899999949e-02 -6.760293081160000384e-01
-3.084731334979999851e-01 -7.774050041279999546e-01
-3.583565871050000129e-01 -6.230122150300000383e-01
-2.866989529539999970e-01 -5.289183390620000313e-01
3.598076968200000086e-02 -5.911749543119999561e-01
-3.156779474770000093e-01 -6.425774818899999685e-01
-3.305511187910000204e-01 -4.882699871799999758e-01
-2.490835248559999937e-01 -4.168035370350000046e-01
1.231795637999999991e-03 -4.854151870119999823e-01
-2.927743446539999850e-01 -5.018174787489999567e-01
-3.031969371580000017e-01 -3.925427086030000012e-01
-2.318653104160000034e-01 -3.335819830519999862e-01
-2.371057851800000005e-01 -2.115762112019999863e-01
-3.546636099050000102e-01 -4.424799617510000171e-01
-4.317466403899999916e-01 -6.060533370180000157e-01
-4.407091019930000075e-01 -7.018792876020000238e-01
-4.766154551000000017e-02 -7.226945531699999759e-01
-1.077990687999999947e-01 -9.654788109649999894e-01
-2.503593550659999889e-01 -1.000000000000000000e+00
-3.575590528700000048e-01 -9.760415621229999728e-01
2.076445954999999940e-02 -6.803392861879999920e-01
-3.126503334319999938e-01 -7.828221252810000363e-01
-3.620208813729999808e-01 -6.271836399019999897e-01
-2.896725117089999912e-01 -5.310357511850000156e-01
2.996474932500000146e-02 -5.948167060390000538e-01
-3.199376966199999894e-01 -6.484297565050000101e-01
-3.355368443389999955e-01 -4.923910237169999982e-01
-2.534904259410000193e-01 -4.199630446229999925e-01
-7.554294805999999841e-03 -4.881953267360000237e-01
-3.031276054650000051e-01 -5.053290062209999656e-01
-3.111878602020000106e-01 -3.934570049819999804e-01
-2.367795465370000074e-01 -3.322736078090000045e-01
-2.411963580669999885e-01 -2.169335479939999978e-01
-3.601322485480000224e-01 -4.472368510570000066e-01
-4.408220057280000104e-01 -6.094786421679999622e-01
-4.511530706299999860e-01 -7.113713963340000390e-01
-4.618002267400000277e-02 -7.257795862879999893e-01
-1.124175879969999958e-01 -9.689059571450000519e-01
-2.590525010440000164e-01 -1.000000000000000000e+00
-3.680977470419999897e-01 -9.734424680879999459e-01
2.173423091200000004e-02 -6.839882642860000139e-01
-3.150438945330000240e-01 -7.821947928639999548e-01
-3.641472089950000268e-01 -6.268121810110000025e-01
-2.903522540510000138e-01 -5.353191286959999573e-01
3.110136814300000149e-02 -5.993873550270000239e-01
-3.215779514039999731e-01 -6.476401834410000502e-01
-3.353800991779999907e-01 -4.934379464790000225e-01
-2.520735081650000153e-01 -4.241584297309999863e-01
-5.808251244999999841e-03 -4.937690896510000260e-01
-3.032024153780000231e-01 -5.057927477239999581e-01
-3.113590737949999965e-01 -3.956856861260000247e-01
-2.367130808980000001e-01 -3.378265447980000058e-01
-2.382650699280000062e-01 -2.147190455419999977e-01
-3.517429073600000233e-01 -4.432541117620000248e-01
-4.267437763599999934e-01 -6.062119540100000536e-01
-4.510258423629999736e-01 -7.094221960690000328e-01
-5.020828861599999776e-02 -7.246532424910000492e-01
-1.130665230019999995e-01 -9.685514882660000158e-01
-2.590034654169999784e-01 -1.000000000000000000e+00
-3.685942863880000142e-01 -9.747016099749999940e-01
1.873627820600000035e-02 -6.813344455540000233e-01
-3.147993839889999812e-01 -7.797150714130000049e-01
-3.644990601409999753e-01 -6.248904740189999973e-01
-2.919490605749999745e-01 -5.316651425060000546e-01
2.761852773799999827e-02 -5.947729783840000062e-01
-3.232038521210000015e-01 -6.441347640850000333e-01
-3.390744429320000086e-01 -4.890112154749999829e-01
-2.557476849740000224e-01 -4.189560296220000146e-01
-8.431695565999999809e-03 -4.875997933619999891e-01
-3.054013147299999842e-01 -4.997051404069999814e-01
-3.146326159580000170e-01 -3.882033940349999823e-01
-2.398341508949999867e-01 -3.292107545260000157e-01
-2.434011048130000077e-01 -2.195195373190000077e-01
-3.626065965899999965e-01 -4.489346084579999840e-01
-4.459854891239999897e-01 -6.087876044390000407e-01
-4.543933170919999820e-01 -7.110140052879999617e-01
-4.067103160300000048e-02 -7.245467846109999721e-01
-1.067692501510000003e-01 -9.710974943769999923e-01
-2.558363409950000222e-01 -1.000000000000000000e+00
-3.663955133849999823e-01 -9.703474076950000526e-01
2.648984116499999986e-02 -6.827725291059999480e-01
-3.132401799119999830e-01 -7.803715730489999558e-01
-3.638148391630000034e-01 -6.260315294299999556e-01
-2.916045239169999803e-01 -5.347250091890000112e-01
3.569066315600000205e-02 -5.979313684639999682e-01
-3.215873795809999769e-01 -6.414617332119999515e-01
-3.351605777710000011e-01 -4.884668234260000075e-01
-2.535351803249999980e-01 -4.197793341050000127e-01
-1.352121671000000103e-03 -4.920454012450000136e-01
-3.006783582759999796e-01 -5.013470190409999860e-01
-3.098253889900000058e-01 -3.919817113679999743e-01
-2.374788360229999895e-01 -3.346258321500000243e-01
-2.405908814780000071e-01 -2.144481548540000115e-01
-3.649468790539999730e-01 -4.468707004810000272e-01
-4.447436516189999800e-01 -6.118980973469999585e-01
-4.450706051559999987e-01 -7.072582784880000473e-01
-5.056894717799999966e-02 -7.279914147680000003e-01
-1.087172536220000069e-01 -9.677020578860000555e-01
-2.536753259330000176e-01 -1.000000000000000000e+00
-3.630510887910000095e-01 -9.738110516700000385e-01
2.067620954800000049e-02 -6.834209344710000522e-01
-3.160394121080000174e-01 -7.780394673339999789e-01
-3.650800415880000038e-01 -6.206048860539999934e-01
-2.910142602970000048e-01 -5.235023867210000237e-01
3.187116670000000179e-02 -5.940875835290000406e-01
-3.211391069249999730e-01 -6.439126313720000550e-01
-3.371826409679999914e-01 -4.893724593070000184e-01
-2.562100162240000256e-01 -4.174502846540000256e-01
-3.718946416999999952e-03 -4.830102216000000115e-01
-2.998997329149999946e-01 -5.027081717569999997e-01
-3.095851812009999815e-01 -3.941961144950000273e-01
-2.379065209020000127e-01 -3.340828352990000139e-01
-2.443092005589999893e-01 -2.205062934600000024e-01
-3.666600140929999752e-01 -4.515701453600000082e-01
-4.477319369459999976e-01 -6.137965833890000056e-01
-4.480289680649999773e-01 -7.144268707730000445e-01
-4.644269335299999746e-02 -7.255378228909999949e-01
-1.078277189380000001e-01 -9.686309832680000120e-01
-2.535372485110000129e-01 -1.000000000000000000e+00
-3.636423064500000080e-01 -9.734127022980000321e-01
2.288224116899999910e-02 -6.823691997409999654e-01
-3.182612131629999896e-01 -7.763982265490000367e-01
-3.660645460270000040e-01 -6.161009845560000420e-01
-2.924728267489999922e-01 -5.180198628259999882e-01
3.445078991100000015e-02 -5.950318080869999582e-01
-3.246104290760000177e-01 -6.366615027640000202e-01
-3.375646209629999950e-01 -4.789036358450000086e-01
-2.568796017289999845e-01 -4.057651450850000008e-01
-4.545841380000000009e-04 -4.851223106970000143e-01
-2.972223121779999921e-01 -4.983609816790000036e-01
-3.053193724689999833e-01 -3.887360135919999959e-01
-2.337604787439999943e-01 -3.294832758069999867e-01
-2.322751678340000125e-01 -2.184375880199999898e-01
-3.544614541969999810e-01 -4.473674234839999930e-01
-4.283210486060000100e-01 -6.077906896839999629e-01
-4.140236945099999843e-01 -6.946489130259999589e-01
-3.776029061499999728e-02 -7.250858395510000332e-01
-9.191740172399999464e-02 -9.705029098980000324e-01
-2.374732903760000124e-01 -1.000000000000000000e+00
-3.457556963960000118e-01 -9.723529815979999880e-01
3.776431798200000078e-02 -6.748146341430000250e-01
-2.960475168889999953e-01 -7.792962629309999611e-01
-3.500140328570000015e-01 -6.178873993500000328e-01
-2.767257204520000013e-01 -5.204741016389999864e-01
5.180804864300000284e-02 -5.800370467419999621e-01
-3.012266101220000269e-01 -6.338620511029999793e-01
-3.207306449149999739e-01 -4.768192057080000157e-01
-2.387717134859999868e-01 -4.077494595150000234e-01
1.726371123400000096e-02 -4.636707083809999963e-01
-2.805240309209999783e-01 -4.872859297139999768e-01
-2.905285138839999726e-01 -3.788496782760000237e-01
-2.151302639259999872e-01 -3.209241598979999943e-01
-2.296881073270000129e-01 -2.168052984190000088e-01
-3.620603794750000270e-01 -4.397399397999999793e-01
-4.483448877960000134e-01 -5.924821139410000326e-01
-4.426639542079999767e-01 -6.776965740260000315e-01
-2.594123003300000119e-02 -7.307288277140000510e-01
-8.188568587500000273e-02 -9.707115929770000484e-01
-2.288792974739999875e-01 -1.000000000000000000e+00
-3.387223065389999843e-01 -9.722729397139999730e-01
5.157128576000000186e-02 -6.738106974299999941e-01
-2.810014499669999943e-01 -7.746799931190000432e-01
-3.370728495149999948e-01 -6.178946822499999936e-01
-2.670044869830000001e-01 -5.247002589929999905e-01
6.550923817100000324e-02 -5.730361532529999469e-01
-2.887929747410000192e-01 -6.199716110480000264e-01
-3.076484748330000074e-01 -4.665003217440000238e-01
-2.261855966649999883e-01 -4.017012382940000070e-01
2.972946542399999836e-02 -4.524570222809999875e-01
-2.676957826549999919e-01 -4.723403912310000230e-01
-2.798206301669999840e-01 -3.672138173560000052e-01
-2.064985747480000133e-01 -3.143681769980000151e-01
-2.297937765239999874e-01 -2.149663149059999889e-01
-3.607376753679999992e-01 -4.383568333160000052e-01
-4.435515108929999895e-01 -5.910576359339999586e-01
-4.493075816680000001e-01 -6.703312735730000416e-01
-4.142770268300000058e-02 -7.263410255569999752e-01
-9.242568439199999597e-02 -9.668679849010000105e-01
-2.366058214410000082e-01 -1.000000000000000000e+00
-3.479270522399999788e-01 -9.743815083719999937e-01
3.932717358400000113e-02 -6.694007602170000126e-01
-2.870194213300000241e-01 -7.671713746270000245e-01
-3.346770909810000139e-01 -6.127383116369999883e-01
-2.607849447860000058e-01 -5.252913920680000182e-01
5.725379209599999741e-02 -5.676075875079999999e-01
-2.906546288419999957e-01 -6.177188794889999501e-01
-3.055759982349999793e-01 -4.669321426929999852e-01
-2.230989285099999886e-01 -4.076243496699999969e-01
2.543533390400000080e-02 -4.481654627939999913e-01
-2.685573031249999798e-01 -4.714816362970000174e-01
-2.789665917710000276e-01 -3.666297746839999872e-01
-2.058852077380000090e-01 -3.149267083630000186e-01
-2.252079482109999864e-01 -2.160207840020000047e-01
-3.555167678119999786e-01 -4.411323695450000137e-01
-4.371399924079999999e-01 -5.915685496520000086e-01
-4.414442589990000276e-01 -6.668544373639999634e-01
-2.586189985900000030e-02 -7.277126192220000345e-01
-8.621192789800000145e-02 -9.736066898540000070e-01
-2.326710498029999907e-01 -1.000000000000000000e+00
-3.403687181500000269e-01 -9.692379118439999885e-01
5.614980886200000160e-02 -6.651798200190000010e-01
-2.718785219650000085e-01 -7.719238215189999641e-01
-3.242543116989999863e-01 -6.196049292390000129e-01
-2.511208100690000000e-01 -5.339176369160000268e-01
7.160696731400000015e-02 -5.588782475379999726e-01
-2.769417583220000201e-01 -6.187420637299999582e-01
-2.979365850730000265e-01 -4.713537448269999874e-01
-2.166053808189999930e-01 -4.133467047909999970e-01
3.563618876199999702e-02 -4.370390290039999903e-01
-2.638868918660000062e-01 -4.654840146159999748e-01
-2.781430054349999792e-01 -3.614384206149999779e-01
-2.046275921609999882e-01 -3.096649733940000093e-01
-2.085354074440000094e-01 -2.082011651950000097e-01
-3.382230080160000263e-01 -4.295746506099999973e-01
-4.103605449839999864e-01 -5.829951592659999848e-01
-3.989783201289999748e-01 -6.478103188299999537e-01
-2.357533386699999997e-02 -7.178132175729999842e-01
-7.144654186599999623e-02 -9.612989984340000182e-01
-2.113426001650000052e-01 -1.000000000000000000e+00
-3.181644533169999955e-01 -9.795089201529999512e-01
6.492821504500000118e-02 -6.537094030960000079e-01
-2.489414364070000052e-01 -7.701550412719999628e-01
-3.152751571940000108e-01 -6.251366652340000218e-01
-2.529682214110000049e-01 -5.313092080979999743e-01
8.119001496000000095e-02 -5.455816335190000199e-01
-2.567422646060000258e-01 -6.233378771590000200e-01
-2.908944663260000230e-01 -4.768947005770000080e-01
-2.140105085319999878e-01 -4.112233341689999766e-01
4.342486154300000123e-02 -4.240896508859999803e-01
-2.571618260579999760e-01 -4.645499464799999756e-01
-2.798957256640000058e-01 -3.576449849869999809e-01
-2.067711389759999963e-01 -2.979557609380000249e-01
-2.130807768109999889e-01 -2.119171542050000134e-01
-3.466869362869999804e-01 -4.321544621280000165e-01
-4.262070296870000274e-01 -5.818537037490000285e-01
-4.076692308970000234e-01 -6.435122909780000011e-01
-2.563277083900000058e-02 -7.251940604119999634e-01
-7.796947048499999755e-02 -9.599039497100000373e-01
-2.148478899980000023e-01 -1.000000000000000000e+00
-3.201713651079999834e-01 -9.822757539040000152e-01
5.945990517199999797e-02 -6.564498282659999573e-01
-2.499630759049999984e-01 -7.701178084699999982e-01
-3.136668760729999783e-01 -6.312284595270000187e-01
-2.528266563550000123e-01 -5.424855478000000231e-01
7.519119547100000522e-02 -5.441843964710000314e-01
-2.552044193260000204e-01 -6.250999294939999507e-01
-2.878424200890000173e-01 -4.842213303969999938e-01
-2.139799122340000082e-01 -4.222954830549999761e-01
3.767596231200000256e-02 -4.196600896020000193e-01
-2.543356348909999731e-01 -4.662465373970000049e-01
-2.762124457249999776e-01 -3.634174900189999780e-01
-2.056504313839999931e-01 -3.063154835490000116e-01
-2.207233181029999991e-01 -2.138631671139999968e-01
-3.534661261159999790e-01 -4.355873858170000168e-01
-4.392972237880000130e-01 -5.822016766440000213e-01
-4.347568716010000167e-01 -6.489093788280000386e-01
-2.604905649700000117e-02 -7.251561041440000022e-01
-8.935003652799999863e-02 -9.633215782309999531e-01
-2.332474463280000132e-01 -1.000000000000000000e+00
-3.435373610990000159e-01 -9.782148765870000151e-01
5.051782830300000082e-02 -6.618236511480000139e-01
-2.734336958909999726e-01 -7.705531906420000077e-01
-3.278236037880000175e-01 -6.255253182150000146e-01
-2.617916150890000071e-01 -5.370068517049999546e-01
6.301068466900000553e-02 -5.545904851999999829e-01
-2.813783569669999762e-01 -6.165167603340000468e-01
-3.005822950900000068e-01 -4.731816406839999822e-01
-2.218564453740000109e-01 -4.127239865769999905e-01
2.466183280100000055e-02 -4.318064068799999933e-01
-2.692663938570000193e-01 -4.623242221109999939e-01
-2.822468297899999867e-01 -3.583429273079999922e-01
-2.097939541440000111e-01 -3.045439167760000121e-01
-2.235921368259999875e-01 -2.144021562129999892e-01
-3.492915350899999938e-01 -4.335774191060000060e-01
-4.321237904770000027e-01 -5.772196295499999463e-01
-4.437874979190000180e-01 -6.528221896010000247e-01
-2.149880706299999930e-02 -7.285112949099999957e-01
-8.966209353899999568e-02 -9.680931456160000170e-01
-2.342788176610000050e-01 -1.000000000000000000e+00
-3.428381336299999860e-01 -9.748477466870000274e-01
5.646047786700000154e-02 -6.628226901760000400e-01
-2.742702656630000013e-01 -7.726115318089999962e-01
-3.281265454510000068e-01 -6.232764828489999465e-01
-2.584671618539999827e-01 -5.378391247289999733e-01
6.864918633399999526e-02 -5.548256670919999856e-01
-2.814148229810000124e-01 -6.187672336639999937e-01
-3.006410380119999837e-01 -4.723783420939999811e-01
-2.191183199320000108e-01 -4.118972288630000089e-01
3.084810734299999954e-02 -4.314359516840000075e-01
-2.651350668920000042e-01 -4.656888761299999846e-01
-2.780400605030000083e-01 -3.635212943550000242e-01
-2.044743797889999881e-01 -3.112499185809999847e-01
-2.210056485699999906e-01 -2.212000804320000125e-01
-3.556853500689999836e-01 -4.470836195460000106e-01
-4.434324990810000200e-01 -5.916723984080000109e-01
-4.397820783709999737e-01 -6.561415551920000144e-01
-2.138850439899999886e-02 -7.241562194530000163e-01
-7.903740134299999665e-02 -9.596067058299999619e-01
-2.223651721250000102e-01 -1.000000000000000000e+00
-3.340135449530000078e-01 -9.807035624369999649e-01
5.495564079600000207e-02 -6.566725191159999975e-01
-2.678148442880000091e-01 -7.656321342190000045e-01
-3.246054420230000126e-01 -6.233645418959999907e-01
-2.586982392020000243e-01 -5.378744019160000001e-01
6.739708069300000270e-02 -5.465283191509999750e-01
-2.724988027949999947e-01 -6.167638551070000474e-01
-2.952547279809999980e-01 -4.779462537349999929e-01
-2.186600705779999931e-01 -4.190338495870000179e-01
3.044303124000000138e-02 -4.227466984200000111e-01
-2.576098206379999755e-01 -4.639618545679999873e-01
-2.749104576299999936e-01 -3.655074079289999944e-01
-2.062219295249999862e-01 -3.140955252229999939e-01
-2.210076586929999864e-01 -2.193976184889999959e-01
-3.460609804740000239e-01 -4.435768272969999870e-01
-4.255391321209999744e-01 -5.932852461430000446e-01
-4.397675509480000189e-01 -6.706028954499999584e-01
-2.442289518600000015e-02 -7.274724112070000137e-01
-8.607214244100000466e-02 -9.717808402099999965e-01
-2.329327474129999909e-01 -1.000000000000000000e+00
-3.410984314420000274e-01 -9.699619338630000032e-01
5.170606336800000202e-02 -6.607720446220000099e-01
-2.785836770519999894e-01 -7.690530760139999700e-01
-3.349026301959999730e-01 -6.201791672109999709e-01
-2.648885890659999909e-01 -5.342856725160000098e-01
6.142628924199999840e-02 -5.519540149849999633e-01
-2.869719824970000110e-01 -6.137391068709999731e-01
-3.087191805630000174e-01 -4.703396261450000226e-01
-2.275983337530000095e-01 -4.122624295199999733e-01
2.230223189599999864e-02 -4.288121638010000125e-01
-2.733160804620000106e-01 -4.625631741580000234e-01
-2.893463497009999830e-01 -3.610843717230000083e-01
-2.183224162780000033e-01 -3.089860469380000252e-01
-2.216164072350000069e-01 -2.210670145589999913e-01
-3.565045568349999860e-01 -4.447618157789999804e-01
-4.445036662090000035e-01 -5.905448870559999452e-01
-4.400899284320000104e-01 -6.625849640269999563e-01
-2.261498216300000114e-02 -7.194391575609999645e-01
-8.436541921500000096e-02 -9.602008497639999973e-01
-2.282903034890000071e-01 -1.000000000000000000e+00
-3.400886636800000140e-01 -9.768277267039999767e-01
5.190556024899999760e-02 -6.550793802430000534e-01
-2.718220995530000184e-01 -7.629621553430000480e-01
-3.301840985360000036e-01 -6.218542707680000392e-01
-2.667855834360000067e-01 -5.356548598229999847e-01
6.203118220900000201e-02 -5.476666133269999515e-01
-2.785012947719999743e-01 -6.134935540339999660e-01
-3.013212368959999887e-01 -4.755122586800000217e-01
-2.264607608900000013e-01 -4.169431501559999753e-01
2.182713606900000061e-02 -4.257443308450000186e-01
-2.652202892170000270e-01 -4.624895526660000034e-01
-2.825040128410000184e-01 -3.633884620639999952e-01
-2.147569472299999949e-01 -3.118672267370000140e-01
-2.231475124120000098e-01 -2.174740163609999999e-01
-3.521477243089999876e-01 -4.404947238870000059e-01
-4.374988763800000124e-01 -5.892923045040000529e-01
-4.550689533760000072e-01 -6.652787313810000214e-01
-2.371912924699999883e-02 -7.290655282810000193e-01
-9.013489292699999877e-02 -9.745019158600000120e-01
-2.398000088480000125e-01 -1.000000000000000000e+00
-3.481236007779999753e-01 -9.662186176839999696e-01
5.326209231799999833e-02 -6.637302573729999544e-01
-2.813693877349999761e-01 -7.713227643400000222e-01
-3.410852478299999935e-01 -6.213722743009999494e-01
-2.722505458519999810e-01 -5.318874142289999885e-01
6.278271025699999619e-02 -5.552949599830000471e-01
-2.897330562709999890e-01 -6.137542851570000346e-01
-3.122590782910000251e-01 -4.679423005950000269e-01
-2.309138698390000022e-01 -4.063861789039999728e-01
2.260964961500000134e-02 -4.316458031979999999e-01
-2.774133378740000211e-01 -4.614685854150000210e-01
-2.921827994199999723e-01 -3.578379357800000049e-01
-2.184986059039999984e-01 -3.044306566639999878e-01
-2.154216338109999906e-01 -2.197636495330000106e-01
-3.440020573070000087e-01 -4.456118745300000072e-01
-4.252226016549999765e-01 -5.945678840550000510e-01
-4.296292690710000195e-01 -6.681282229730000077e-01
-2.229791629899999933e-02 -7.218033134219999924e-01
-8.152981734599999697e-02 -9.631153874469999820e-01
-2.262187155360000090e-01 -1.000000000000000000e+00
-3.366167335610000255e-01 -9.741988229210000183e-01
5.425556212399999800e-02 -6.551178534679999999e-01
-2.628110765519999781e-01 -7.676177732140000431e-01
-3.245201478120000038e-01 -6.268755150300000523e-01
-2.617528592200000226e-01 -5.378410246200000522e-01
6.486650271299999881e-02 -5.450803719100000277e-01
-2.699731304770000007e-01 -6.182659400390000393e-01
-2.978670266460000104e-01 -4.807673155680000088e-01
-2.232036273030000018e-01 -4.190576470640000051e-01
2.651953752800000064e-02 -4.213438981870000211e-01
-2.638332601460000038e-01 -4.631221810999999744e-01
-2.853431126109999827e-01 -3.637879143739999876e-01
-2.182559561059999875e-01 -3.089440168590000257e-01
-2.166737052749999892e-01 -2.198280039140000086e-01
-3.483437537969999998e-01 -4.455388152299999960e-01
-4.342585343929999953e-01 -5.931676727389999515e-01
-4.378498370450000232e-01 -6.658815778169999700e-01
-2.609251871699999961e-02 -7.209074638669999979e-01
-8.371561880700000013e-02 -9.569191053319999751e-01
-2.239792691290000137e-01 -1.000000000000000000e+00
-3.329766146040000208e-01 -9.824993960000000248e-01
4.934002073000000321e-02 -6.544028166740000207e-01
-2.662027784959999921e-01 -7.680611744090000137e-01
-3.271511183890000174e-01 -6.288034718970000325e-01
-2.638025561580000233e-01 -5.427504993889999962e-01
5.945566875399999757e-02 -5.450631919120000335e-01
-2.720616194020000211e-01 -6.224469912440000474e-01
-3.006689828329999759e-01 -4.848836158629999948e-01
-2.262839231990000088e-01 -4.236935765770000195e-01
2.048088503200000063e-02 -4.228212556329999927e-01
-2.658772707950000092e-01 -4.672905696599999881e-01
-2.865378797429999902e-01 -3.692921591889999910e-01
-2.184099117490000130e-01 -3.157041140949999880e-01
-2.204760574580000021e-01 -2.144523709760000063e-01
-3.453692661469999758e-01 -4.348490437429999855e-01
-4.304492616430000140e-01 -5.806730508670000512e-01
-4.566676972750000063e-01 -6.617512322530000324e-01
-2.685550275200000031e-02 -7.223723368819999768e-01
-9.188390018799999504e-02 -9.661643645109999623e-01
-2.354788687499999866e-01 -1.000000000000000000e+00
-3.428205997500000102e-01 -9.753631401960000114e-01
4.695713903100000308e-02 -6.582127939470000522e-01
-2.822017334110000220e-01 -7.734146041570000296e-01
-3.367605037490000175e-01 -6.262855246490000027e-01
-2.674806482409999853e-01 -5.418609502529999622e-01
5.612617032699999953e-02 -5.517700100160000121e-01
-2.883874721010000197e-01 -6.207915668390000530e-01
-3.086530506999999868e-01 -4.785950819690000246e-01
-2.289034686139999886e-01 -4.197290952650000184e-01
1.711277281799999939e-02 -4.302360769399999896e-01
-2.751535069130000011e-01 -4.660960220509999807e-01
-2.885943895909999779e-01 -3.661762125270000001e-01
-2.167422910300000061e-01 -3.156484535499999855e-01
-2.182807872470000077e-01 -2.162673156150000109e-01
-3.492892297490000075e-01 -4.367911543069999958e-01
-4.385046012159999895e-01 -5.817900454329999471e-01
-4.548534877609999860e-01 -6.577300561979999571e-01
-2.761032818800000094e-02 -7.235562758139999495e-01
-8.992409598200000465e-02 -9.634578090419999574e-01
-2.319071296459999931e-01 -1.000000000000000000e+00
-3.386149118799999802e-01 -9.785449760429999477e-01
4.739465938100000109e-02 -6.556465373690000265e-01
-2.802786715130000106e-01 -7.708713926000000383e-01
-3.385912479579999967e-01 -6.260280569599999678e-01
-2.710432791749999848e-01 -5.378932716359999811e-01
5.669716578299999893e-02 -5.453499424240000337e-01
-2.855839636959999761e-01 -6.243352911249999693e-01
-3.106581756940000050e-01 -4.829071664840000055e-01
-2.324060605690000114e-01 -4.201963817170000226e-01
1.766989018000000161e-02 -4.216526077619999757e-01
-2.748721613799999797e-01 -4.682373743900000163e-01
-2.929229611579999837e-01 -3.696748532399999898e-01
-2.224800396559999949e-01 -3.163801716419999965e-01
-2.190372995740000051e-01 -2.173760037889999885e-01
-3.459350227940000133e-01 -4.397481535789999896e-01
-4.340548593379999764e-01 -5.850627493209999974e-01
-4.646766597559999767e-01 -6.620611030749999903e-01
-2.781307537199999985e-02 -7.227251091170000530e-01
-9.232156244099999631e-02 -9.672966215770000264e-01
-2.363082377909999920e-01 -1.000000000000000000e+00
-3.427498675969999908e-01 -9.751115088359999516e-01
4.737149699200000202e-02 -6.553358899090000467e-01
-2.815678589849999747e-01 -7.708462771690000048e-01
-3.387032185630000081e-01 -6.235705969479999888e-01
-2.689831123690000214e-01 -5.388401765479999828e-01
5.624865080099999970e-02 -5.459769513519999729e-01
-2.871832161389999971e-01 -6.206872735509999517e-01
-3.112417570570000236e-01 -4.786349727829999900e-01
-2.309049651900000055e-01 -4.192156678660000080e-01
1.709443363799999921e-02 -4.233227629910000234e-01
-2.764039788179999957e-01 -4.645752020139999883e-01
-2.932047032539999987e-01 -3.645815705300000098e-01
-2.213713259689999990e-01 -3.130308218260000053e-01
-2.198027269260000027e-01 -2.225346023339999924e-01
-3.481515270180000066e-01 -4.475373993230000180e-01
-4.345954699880000272e-01 -5.943482656880000325e-01
-4.453108169710000008e-01 -6.726671022829999735e-01
-2.396365579599999893e-02 -7.213332357359999447e-01
-8.422559289200000354e-02 -9.622349852239999723e-01
-2.266167691629999981e-01 -1.000000000000000000e+00
-3.348807034290000040e-01 -9.758615323460000379e-01
4.843275342399999683e-02 -6.563761248959999461e-01
-2.761712939989999782e-01 -7.658498564010000065e-01
-3.349650098570000067e-01 -6.241922948289999606e-01
-2.708201170610000097e-01 -5.360767041699999735e-01
5.770398088999999925e-02 -5.478423604690000337e-01
-2.843552660970000145e-01 -6.148443981060000008e-01
-3.065322207269999821e-01 -4.775810859219999926e-01
-2.302579141920000072e-01 -4.164720675940000172e-01
1.930577524799999972e-02 -4.242558817120000159e-01
-2.717017639289999731e-01 -4.614653667210000254e-01
-2.904806735939999829e-01 -3.637258997680000161e-01
-2.234389127530000130e-01 -3.109986264999999861e-01
-2.124166591989999908e-01 -2.182954978259999956e-01
-3.377184269099999803e-01 -4.410565134409999977e-01
-4.207895125039999851e-01 -5.886645660029999894e-01
-4.379723355110000105e-01 -6.658625735190000228e-01
-2.375272884300000040e-02 -7.177748509889999573e-01
-8.087234373200000159e-02 -9.590630576730000412e-01
-2.201296366799999904e-01 -1.000000000000000000e+00
-3.261185688279999995e-01 -9.831066693969999770e-01
5.209740958800000016e-02 -6.526911284890000164e-01
-2.654470790430000227e-01 -7.710018743880000525e-01
-3.262737063650000269e-01 -6.293655244720000042e-01
-2.621944547219999810e-01 -5.406731365079999740e-01
6.034542286300000058e-02 -5.446751784240000394e-01
-2.752148839870000030e-01 -6.254632989599999693e-01
-3.035639348029999796e-01 -4.849331233809999753e-01
-2.267694636589999979e-01 -4.215374899620000226e-01
1.946390098699999835e-02 -4.228733910099999882e-01
-2.717115764760000274e-01 -4.686337003869999740e-01
-2.915089933710000025e-01 -3.693059489759999980e-01
-2.214202975569999898e-01 -3.145179161880000129e-01
-2.236030029219999993e-01 -2.176228615130000044e-01
-3.541528597149999902e-01 -4.323230591469999773e-01
-4.423155830939999866e-01 -5.691943450630000401e-01
-4.483659837330000175e-01 -6.410737411910000239e-01
-2.495613864899999881e-02 -7.218741079199999522e-01
-8.893027044100000611e-02 -9.590476511459999909e-01
-2.307844570669999873e-01 -1.000000000000000000e+00
-3.411471956150000095e-01 -9.829809775390000448e-01
4.823476311100000080e-02 -6.576373547310000456e-01
-2.770119279809999946e-01 -7.684270031740000340e-01
-3.324912984769999857e-01 -6.260565813489999965e-01
-2.679550928419999756e-01 -5.426064808289999819e-01
5.728629377799999978e-02 -5.504255224759999621e-01
-2.850748252049999931e-01 -6.171007813859999969e-01
-3.047156829389999766e-01 -4.768291288759999857e-01
-2.279761896270000032e-01 -4.181547148790000223e-01
1.722361994200000135e-02 -4.275936221130000048e-01
-2.702807534319999760e-01 -4.631641589650000168e-01
-2.840369502499999754e-01 -3.643483047300000166e-01
-2.140420427929999869e-01 -3.140438968559999822e-01
