-2.308514409649999877e-01 -2.163687943729999952e-01
-3.424661523340000180e-01 -4.410663648170000117e-01
-4.153826514080000143e-01 -6.014303764330000135e-01
-4.136463557360000043e-01 -7.054736919030000220e-01
-3.231117834700000108e-02 -7.278880550909999636e-01
-1.046725359490000007e-01 -9.651158542059999901e-01
-2.497176301669999932e-01 -1.000000000000000000e+00
-3.588357085480000097e-01 -9.802051166540000082e-01
3.886782214900000310e-02 -6.823446517340000517e-01
-2.826831897939999783e-01 -7.801608196129999895e-01
-3.280372856989999808e-01 -6.234983024729999768e-01
-2.518234187000000235e-01 -5.382955141949999911e-01
5.006407733999999887e-02 -5.958597152090000515e-01
-2.858143561009999778e-01 -6.437726945280000113e-01
-2.988800286450000177e-01 -4.882112881669999904e-01
-2.132492060439999948e-01 -4.274491595220000217e-01
1.386781087199999950e-02 -4.891161747810000016e-01
-2.655917892790000123e-01 -5.038487753729999907e-01
-2.694164313360000174e-01 -3.954109407679999855e-01
-1.916247516310000121e-01 -3.444968594360000025e-01
-2.376845181339999891e-01 -2.247219605659999953e-01
-3.508406357380000062e-01 -4.505975300660000071e-01
-4.305363413559999963e-01 -6.075036356849999875e-01
-4.380143110079999791e-01 -7.094246822049999901e-01
-2.440957779999999855e-02 -7.332280854420000216e-01
-1.045333197690000021e-01 -9.682084604649999759e-01
-2.538845989369999945e-01 -1.000000000000000000e+00
-3.651912079049999815e-01 -9.770683890260000171e-01
4.614354992800000221e-02 -6.871312652550000122e-01
-2.874351397759999927e-01 -7.833384655309999500e-01
-3.322824692720000028e-01 -6.248666612769999684e-01
-2.541020991340000035e-01 -5.387362804559999718e-01
5.626008461600000288e-02 -5.998324390589999666e-01
-2.902816168330000224e-01 -6.449185645960000546e-01
-3.018410205779999966e-01 -4.877908207250000183e-01
-2.150255393680000071e-01 -4.257071304839999959e-01
1.788931551200000081e-02 -4.923442453840000121e-01
-2.668345909489999723e-01 -5.042545763610000176e-01
-2.703257971279999783e-01 -3.949433172280000237e-01
-1.921278654889999882e-01 -3.444898823049999947e-01
-2.318515245009999948e-01 -2.207065427869999985e-01
-3.397455716159999972e-01 -4.496123162690000008e-01
-4.138439601139999868e-01 -6.095863957589999771e-01
-4.310910997290000046e-01 -7.105601329270000432e-01
-3.050609704900000135e-02 -7.312758032930000152e-01
-1.048950140380000007e-01 -9.719139225330000187e-01
-2.516733580809999982e-01 -1.000000000000000000e+00
-3.592460982430000227e-01 -9.723560727879999588e-01
4.261616012000000314e-02 -6.812068658469999649e-01
-2.894279341129999961e-01 -7.848253305929999701e-01
-3.348294945149999924e-01 -6.239073110170000325e-01
-2.543706613250000248e-01 -5.381415142690000319e-01
5.450562739999999934e-02 -5.899524117059999906e-01
-2.900126239620000046e-01 -6.444576859099999666e-01
-3.053314172980000074e-01 -4.880168728529999944e-01
-2.186228409629999980e-01 -4.265290758449999942e-01
1.896144944799999996e-02 -4.789648265009999739e-01
-2.678937080470000232e-01 -4.966008847699999729e-01
-2.721996652259999760e-01 -3.873862902999999913e-01
-1.931870160609999998e-01 -3.365007145019999757e-01
-2.329289858309999961e-01 -2.239051000560000060e-01
-3.440686483120000139e-01 -4.535906502979999977e-01
-4.242650376559999881e-01 -6.087625355539999505e-01
-4.410881057200000122e-01 -6.996585256189999935e-01
-2.945249092199999849e-02 -7.309141607579999755e-01
-1.001252453409999937e-01 -9.654659162769999581e-01
-2.432372324289999999e-01 -1.000000000000000000e+00
-3.520451997230000241e-01 -9.740106649880000411e-01
4.397311643099999917e-02 -6.825598617029999815e-01
-2.900389380569999842e-01 -7.767912528220000112e-01
-3.338306280660000014e-01 -6.210838039799999599e-01
-2.581796167659999863e-01 -5.327870404429999596e-01
5.684908286999999782e-02 -5.927129090660000488e-01
-2.920676881850000073e-01 -6.354482985789999816e-01
-3.037634311649999863e-01 -4.796331058839999884e-01
-2.228824100319999890e-01 -4.132427563669999748e-01
2.104276013399999923e-02 -4.827627868059999883e-01
-2.682440246489999902e-01 -4.954888835990000073e-01
-2.726772008200000208e-01 -3.851292745909999926e-01
-1.995762776389999882e-01 -3.293890367549999754e-01
-2.248066360669999930e-01 -2.203292235100000052e-01
-3.376814552569999961e-01 -4.480948565610000101e-01
-4.192127879029999837e-01 -5.995153699490000099e-01
-4.390115401379999782e-01 -6.783062707260000268e-01
-2.652526228099999842e-02 -7.300907662209999982e-01
-1.063821113720000017e-01 -9.700134406310000346e-01
-2.553546954629999921e-01 -1.000000000000000000e+00
-3.640567444000000208e-01 -9.701036643099999468e-01
4.515420405900000267e-02 -6.751935537730000547e-01
-2.872623048160000137e-01 -7.834348424670000144e-01
-3.387854214120000207e-01 -6.274391492240000145e-01
-2.629749494899999984e-01 -5.364169449060000039e-01
5.354430687100000114e-02 -5.789133471999999836e-01
-2.893111716799999789e-01 -6.417237159090000143e-01
-3.113505285879999973e-01 -4.891836495510000216e-01
-2.300301175239999885e-01 -4.231411149309999842e-01
1.424285197200000040e-02 -4.648521815400000201e-01
-2.749621095520000114e-01 -4.914151119569999948e-01
-2.843473705590000011e-01 -3.809471568000000197e-01
-2.086731833540000081e-01 -3.233718597440000120e-01
-2.277761102799999993e-01 -2.186977943060000040e-01
-3.507591026210000185e-01 -4.467750216890000181e-01
-4.400917005519999758e-01 -5.964857416290000325e-01
-4.636623872460000073e-01 -6.698696020050000088e-01
-3.663159761299999984e-02 -7.299446222869999668e-01
-1.007147152609999957e-01 -9.665102857239999956e-01
-2.466429399889999985e-01 -1.000000000000000000e+00
-3.570576051309999888e-01 -9.663616621809999474e-01
3.632358394199999840e-02 -6.750976974660000129e-01
-2.922453365609999909e-01 -7.659244693219999789e-01
-3.415504464549999897e-01 -6.137344080169999661e-01
-2.659891556660000100e-01 -5.224064689420000462e-01
4.799803641300000312e-02 -5.775080706599999836e-01
-2.918747079969999936e-01 -6.192752306330000511e-01
-3.069846441440000073e-01 -4.700753529550000254e-01
-2.248002655630000068e-01 -4.052041906630000079e-01
1.305307165399999941e-02 -4.618011074650000269e-01
-2.723546392410000072e-01 -4.786522040160000047e-01
-2.826614871940000273e-01 -3.723179757910000109e-01
-2.112610602170000018e-01 -3.175398181970000011e-01
-2.273125025259999932e-01 -2.203054953699999929e-01
-3.468362149609999778e-01 -4.443874364870000204e-01
-4.321254225450000264e-01 -5.919146177240000029e-01
-4.588955308129999966e-01 -6.700063552270000278e-01
-3.441865381200000240e-02 -7.296419819060000478e-01
-1.034676531960000007e-01 -9.676958773949999593e-01
-2.514717126270000214e-01 -1.000000000000000000e+00
-3.608527150859999755e-01 -9.723415619180000302e-01
3.689621301900000011e-02 -6.717182843060000019e-01
-2.961796398959999910e-01 -7.685806872979999982e-01
-3.459544476920000111e-01 -6.170452831939999827e-01
-2.687129076440000208e-01 -5.315614365230000304e-01
4.488064149499999822e-02 -5.707062654550000280e-01
-2.978651199349999779e-01 -6.245963849029999571e-01
-3.146041809069999862e-01 -4.784698593539999933e-01
-2.303083038400000060e-01 -4.184358564280000192e-01
7.394495547000000044e-03 -4.526253680799999790e-01
-2.808091676350000232e-01 -4.781884157080000253e-01
-2.907591774569999732e-01 -3.756167486259999744e-01
-2.163416193899999895e-01 -3.241559636299999880e-01
-2.283114263029999980e-01 -2.282749796970000022e-01
-3.476676793580000258e-01 -4.559838254219999998e-01
-4.388741965060000139e-01 -5.991934667899999623e-01
-4.772032665259999806e-01 -6.763163134120000475e-01
-3.782168579899999883e-02 -7.271674875310000230e-01
-1.087179983229999980e-01 -9.629790515589999877e-01
-2.579574016819999871e-01 -1.000000000000000000e+00
-3.732086889099999749e-01 -9.737603728179999862e-01
2.806141347000000105e-02 -6.702560391330000256e-01
-3.007239571700000003e-01 -7.636208184199999582e-01
-3.468918661359999822e-01 -6.155217437879999531e-01
-2.741611568990000025e-01 -5.298503631950000070e-01
3.477629251699999868e-02 -5.696840301860000011e-01
-3.028239146300000240e-01 -6.180175697359999720e-01
-3.137321808490000086e-01 -4.750139975730000019e-01
-2.337957255299999981e-01 -4.137049225469999758e-01
-1.226030175000000083e-03 -4.513850253999999729e-01
-2.829593773160000159e-01 -4.747055613760000070e-01
-2.915150819219999856e-01 -3.718713902649999903e-01
-2.229190101040000038e-01 -3.198504136370000084e-01
-2.285009768679999997e-01 -2.289845635090000109e-01
-3.483199950520000088e-01 -4.578644253140000120e-01
-4.392837011469999942e-01 -6.033805525090000232e-01
-4.770133028829999788e-01 -6.848026820339999654e-01
-3.485254211899999760e-02 -7.273038177939999960e-01
-1.054242740709999959e-01 -9.657758918209999877e-01
-2.549509338789999746e-01 -1.000000000000000000e+00
-3.692437305510000156e-01 -9.723010302229999624e-01
3.335360748099999717e-02 -6.684883072659999481e-01
-2.991471832509999818e-01 -7.601033414760000051e-01
-3.458940575869999812e-01 -6.116050055170000332e-01
-2.718953086379999884e-01 -5.290412993030000344e-01
4.164124940899999877e-02 -5.656123215110000491e-01
-2.985325951910000053e-01 -6.115642881880000159e-01
-3.104045552499999916e-01 -4.708012006989999998e-01
-2.306250393379999930e-01 -4.120317768180000173e-01
7.811462956999999999e-03 -4.452694965160000073e-01
-2.751554790460000177e-01 -4.680215345450000064e-01
-2.855530641260000113e-01 -3.691744762899999976e-01
-2.180203662209999893e-01 -3.200106133519999840e-01
-2.176580724709999970e-01 -2.217312036719999990e-01
-3.346702941440000134e-01 -4.465221622960000025e-01
-4.227338648069999816e-01 -5.927974507350000088e-01
-4.767361582970000011e-01 -6.729458129430000435e-01
-3.075465827499999916e-02 -7.215373205649999733e-01
-1.014250507479999980e-01 -9.643095992060000121e-01
-2.505923297420000195e-01 -1.000000000000000000e+00
-3.638809252429999752e-01 -9.715177687029999953e-01
3.831510822200000221e-02 -6.587367385589999458e-01
-2.867004812289999927e-01 -7.635321933680000450e-01
-3.380671142830000142e-01 -6.169571592679999883e-01
-2.675527402199999738e-01 -5.267429333030000382e-01
4.465734580599999698e-02 -5.529669616639999452e-01
-2.883834777889999756e-01 -6.206613079199999605e-01
-3.081163373970000063e-01 -4.791551870719999995e-01
-2.305591297379999960e-01 -4.149712550449999870e-01
8.501714764999999605e-03 -4.329763643999999800e-01
-2.746836934890000137e-01 -4.709103971599999938e-01
-2.917318271509999894e-01 -3.684025845930000154e-01
-2.264445654399999952e-01 -3.128103207669999941e-01
-2.210441198080000114e-01 -2.222184671180000015e-01
-3.428178161650000111e-01 -4.467049515109999813e-01
-4.282335781330000035e-01 -5.901415481559999510e-01
-4.550855567259999845e-01 -6.624081818629999896e-01
-3.347204671400000331e-02 -7.185798327539999475e-01
-9.990275674199999845e-02 -9.576370146679999973e-01
-2.449640672199999980e-01 -1.000000000000000000e+00
-3.572800174149999841e-01 -9.777110631880000513e-01
3.630411669699999677e-02 -6.548588484659999542e-01
-2.891677750580000095e-01 -7.555968616999999554e-01
-3.397900544260000211e-01 -6.121236650879999797e-01
-2.678605929910000127e-01 -5.257167524169999995e-01
4.354953263099999722e-02 -5.479834045720000102e-01
-2.894989457220000229e-01 -6.119704765190000506e-01
-3.082650865709999910e-01 -4.738541572509999966e-01
-2.301560356429999954e-01 -4.138012865330000234e-01
7.145749897000000170e-03 -4.268375157029999922e-01
-2.739091309910000049e-01 -4.646926543650000130e-01
-2.910245346449999992e-01 -3.659320723810000064e-01
-2.259250008149999989e-01 -3.135246099719999902e-01
-2.189906539210000058e-01 -2.256000921640000101e-01
-3.372025773769999901e-01 -4.488310750610000066e-01
-4.209819851050000117e-01 -5.910149469040000270e-01
-4.533771369530000261e-01 -6.652557739169999707e-01
-2.409840749899999982e-02 -7.209496101910000121e-01
-9.004609340800000250e-02 -9.606306429969999616e-01
-2.355375472250000046e-01 -1.000000000000000000e+00
-3.464055626609999772e-01 -9.766801403370000134e-01
4.488094062299999992e-02 -6.557932562349999550e-01
-2.840742519330000104e-01 -7.600621989279999768e-01
-3.364731422710000031e-01 -6.141508929660000060e-01
-2.647264028510000200e-01 -5.279928495810000122e-01
5.153430884500000142e-02 -5.482295650440000001e-01
-2.855174258140000254e-01 -6.126683301809999760e-01
-3.036732422940000009e-01 -4.735884816179999901e-01
-2.243789374400000092e-01 -4.138207073390000046e-01
1.510766818499999914e-02 -4.263862117509999994e-01
-2.684889809539999783e-01 -4.626716841610000186e-01
-2.852551292819999751e-01 -3.644775173029999871e-01
-2.189601497329999868e-01 -3.132714986780000266e-01
-2.184718409539999906e-01 -2.270462732100000103e-01
-3.352188128990000182e-01 -4.539607235750000025e-01
-4.180200749190000065e-01 -5.971440742610000241e-01
-4.475597954480000085e-01 -6.698797625240000553e-01
-2.084924288099999912e-02 -7.206390783370000275e-01
-9.011718421900000164e-02 -9.599323427350000548e-01
-2.371452696119999981e-01 -1.000000000000000000e+00
-3.483437874940000234e-01 -9.771595538609999521e-01
4.717852170399999823e-02 -6.531919339159999449e-01
-2.873278973369999822e-01 -7.608443091090000276e-01
-3.417306255679999905e-01 -6.161890840949999504e-01
-2.700934118709999998e-01 -5.302745026449999788e-01
5.082267138700000131e-02 -5.451545593380000554e-01
-2.899346670840000084e-01 -6.141456825290000365e-01
-3.117342927210000059e-01 -4.760470958499999905e-01
-2.343526109749999864e-01 -4.152797128919999969e-01
1.149375289000000022e-02 -4.241494440510000241e-01
-2.747656028089999758e-01 -4.668153679490000263e-01
-2.952339258330000105e-01 -3.685115033129999773e-01
-2.324067248920000106e-01 -3.154682903389999793e-01
-2.188276026869999946e-01 -2.294982788209999902e-01
-3.370691105249999930e-01 -4.576042939519999742e-01
-4.189777461659999758e-01 -6.009388223129999984e-01
-4.415308534319999922e-01 -6.699111492820000180e-01
-1.772330669299999883e-02 -7.226434501690000012e-01
-8.633737138500000019e-02 -9.607196555370000057e-01
-2.326594194569999996e-01 -1.000000000000000000e+00
-3.437107873890000165e-01 -9.769494237670000025e-01
5.225689737300000248e-02 -6.536916389050000387e-01
-2.798799816449999978e-01 -7.594022815530000470e-01
-3.339074287079999981e-01 -6.148961440360000141e-01
-2.622935447210000270e-01 -5.300523357130000335e-01
5.746926420100000044e-02 -5.438084854439999560e-01
-2.835693648070000128e-01 -6.115489844949999476e-01
-3.047258297309999864e-01 -4.734171800879999892e-01
-2.264160523150000048e-01 -4.145211641639999778e-01
1.787070490499999970e-02 -4.213943683940000184e-01
-2.706264635580000188e-01 -4.622057158530000209e-01
-2.894263282230000178e-01 -3.633853984559999861e-01
-2.237257889460000093e-01 -3.110756620710000142e-01
-2.158203825059999970e-01 -2.294962600119999918e-01
-3.368376200389999742e-01 -4.579881291230000206e-01
-4.170303195230000148e-01 -6.022601737239999808e-01
-4.255271409620000056e-01 -6.648908894330000097e-01
-1.801960827600000009e-02 -7.201263579059999920e-01
-8.250685848399999522e-02 -9.571117142160000535e-01
-2.262725398329999971e-01 -1.000000000000000000e+00
-3.363503306050000252e-01 -9.809117186289999513e-01
5.107889646399999678e-02 -6.529701462900000530e-01
-2.772867128070000131e-01 -7.608878886169999634e-01
-3.338262125240000211e-01 -6.183826482199999974e-01
-2.641197972980000030e-01 -5.347684296460000208e-01
5.470890364799999711e-02 -5.445785985890000402e-01
-2.826536631289999768e-01 -6.146672256420000480e-01
-3.058388924439999768e-01 -4.788914631189999938e-01
-2.279355412869999986e-01 -4.232244066399999949e-01
1.210662704799999982e-02 -4.235362561870000264e-01
-2.745806824900000054e-01 -4.639615189429999731e-01
-2.940497046989999919e-01 -3.658783639670000198e-01
-2.279268134219999964e-01 -3.156452858500000125e-01
-2.154793018870000132e-01 -2.262119270129999971e-01
-3.305275214780000193e-01 -4.527817530089999765e-01
-4.127114179510000258e-01 -5.957152433260000102e-01
-4.438296899709999743e-01 -6.662856301870000442e-01
-2.054668191099999833e-02 -7.222646043539999727e-01
-8.978422210700000294e-02 -9.589938411059999446e-01
-2.347186664800000044e-01 -1.000000000000000000e+00
-3.457712260590000142e-01 -9.789043151059999559e-01
4.733599682999999753e-02 -6.536159475920000350e-01
-2.857589080269999915e-01 -7.605142528070000241e-01
-3.393760027320000261e-01 -6.153652740599999671e-01
-2.675923617459999848e-01 -5.285921968800000315e-01
5.046492820600000095e-02 -5.445482824990000026e-01
-2.883211171989999988e-01 -6.163259194500000371e-01
-3.108583071239999773e-01 -4.777210445410000061e-01
-2.331266701009999942e-01 -4.163545484400000274e-01
1.018703907300000031e-02 -4.232851070309999741e-01
-2.762431492080000273e-01 -4.674245660899999932e-01
-2.961257752309999769e-01 -3.677025455269999910e-01
-2.317654629189999926e-01 -3.134098261869999735e-01
-2.151424151759999959e-01 -2.319853651329999988e-01
-3.259516102760000034e-01 -4.583053272779999965e-01
-4.069908295060000181e-01 -6.007952998940000455e-01
-4.396604110749999794e-01 -6.762845002289999963e-01
-1.960268726199999867e-02 -7.228388299000000350e-01
-8.668331452399999359e-02 -9.588224664710000011e-01
-2.295043871980000094e-01 -1.000000000000000000e+00
-3.385306756870000156e-01 -9.794183072919999677e-01
4.770655786999999926e-02 -6.548639636930000396e-01
-2.823212728610000055e-01 -7.599452988499999506e-01
-3.352519298800000214e-01 -6.163841747860000497e-01
-2.634786251699999804e-01 -5.336624296859999728e-01
5.103495646899999794e-02 -5.462983807739999476e-01
-2.856280705409999787e-01 -6.153842770480000279e-01
-3.062189265349999912e-01 -4.785547225930000259e-01
-2.278945811629999874e-01 -4.194568077529999828e-01
1.157691961399999990e-02 -4.252918414869999997e-01
-2.735274508219999734e-01 -4.660949998150000217e-01
-2.916239382649999934e-01 -3.675622617770000211e-01
-2.261316138610000026e-01 -3.152659973560000273e-01
-2.158844128809999929e-01 -2.320016285650000065e-01
-3.288435931500000020e-01 -4.567379883350000114e-01
-4.122437854659999901e-01 -5.983712575420000457e-01
-4.433469732059999724e-01 -6.743644552959999761e-01
-1.472647001200000014e-02 -7.237720972819999821e-01
-8.544062939600000073e-02 -9.612374610770000327e-01
-2.309729833530000109e-01 -1.000000000000000000e+00
-3.405348846690000042e-01 -9.788505340659999776e-01
5.308930876699999996e-02 -6.546730991239999575e-01
-2.790346740760000221e-01 -7.645978400820000465e-01
-3.334754040499999794e-01 -6.178288844699999505e-01
-2.616312822869999999e-01 -5.342423690950000026e-01
5.589632651800000018e-02 -5.457743423240000169e-01
-2.832131202179999918e-01 -6.181218960840000332e-01
-3.052842964160000228e-01 -4.789595633620000181e-01
-2.268941788999999931e-01 -4.198121680240000098e-01
1.451555684199999988e-02 -4.246814533550000159e-01
-2.702608833290000012e-01 -4.671811469650000159e-01
-2.885224157579999726e-01 -3.681682058149999826e-01
-2.228941219339999891e-01 -3.161766803850000196e-01
-2.172547162850000102e-01 -2.288418963030000031e-01
-3.344154553970000165e-01 -4.567694598159999786e-01
-4.205100338500000201e-01 -5.993120909129999729e-01
-4.524088484709999913e-01 -6.708085374059999939e-01
-2.248645584600000163e-02 -7.232688219939999996e-01
-9.050876092399999517e-02 -9.575322974759999939e-01
-2.337076138359999999e-01 -1.000000000000000000e+00
-3.439320183380000229e-01 -9.810952440519999929e-01
4.550911263699999876e-02 -6.543768430530000346e-01
-2.887232999170000203e-01 -7.611708836420000290e-01
-3.424760001719999725e-01 -6.171484848389999778e-01
-2.715846527729999793e-01 -5.320667630409999793e-01
4.931990989800000280e-02 -5.453956902219999625e-01
-2.917850807690000048e-01 -6.175222095529999677e-01
-3.127774212489999872e-01 -4.804125427240000246e-01
-2.349498371769999927e-01 -4.193916998589999889e-01
9.802928524000000324e-03 -4.239632169090000180e-01
-2.782649820359999748e-01 -4.693697413290000009e-01
-2.974397237299999941e-01 -3.716538031080000026e-01
-2.328455789999999970e-01 -3.181878112120000157e-01
-2.189874874739999866e-01 -2.276603874189999932e-01
-3.337946572769999731e-01 -4.517827729819999805e-01
-4.184558506709999959e-01 -5.946348199430000481e-01
-4.504401602140000183e-01 -6.757186382400000024e-01
-2.109277901899999849e-02 -7.219962673869999570e-01
-9.094257354099999358e-02 -9.612509216610000129e-01
-2.372754012249999878e-01 -1.000000000000000000e+00
-3.487473683239999955e-01 -9.775993968980000171e-01
4.572983607799999822e-02 -6.542199667189999568e-01
-2.876125437850000077e-01 -7.618782212169999957e-01
-3.387581371260000029e-01 -6.157560379149999985e-01
-2.661000450489999780e-01 -5.304687462649999574e-01
4.946759706199999745e-02 -5.457648821839999886e-01
-2.918191552280000045e-01 -6.135960504180000274e-01
-3.102995712709999965e-01 -4.741006334410000078e-01
-2.318588594390000035e-01 -4.127578122850000253e-01
1.073796017900000010e-02 -4.240069871570000259e-01
-2.745509250320000150e-01 -4.659837640550000271e-01
-2.920371545109999856e-01 -3.675944507269999773e-01
-2.278733853690000088e-01 -3.145383971829999736e-01
-2.195071942840000068e-01 -2.301111740929999983e-01
-3.346348184399999814e-01 -4.560858629519999874e-01
-4.218117508959999817e-01 -5.991662328179999664e-01
-4.611587816959999975e-01 -6.788341402790000201e-01
-2.426393711999999883e-02 -7.236076242840000505e-01
-9.829236106600000578e-02 -9.596766780890000348e-01
-2.423535702100000078e-01 -1.000000000000000000e+00
-3.521239417779999936e-01 -9.796408605340000131e-01
4.192432587299999708e-02 -6.554329367890000535e-01
-2.969849877940000105e-01 -7.617180425009999478e-01
-3.473746765210000143e-01 -6.159893185550000538e-01
-2.743176042780000046e-01 -5.338130232090000371e-01
4.460657113899999665e-02 -5.470220761459999581e-01
-2.988652883810000160e-01 -6.169803789840000441e-01
-3.171153739829999929e-01 -4.782950063390000173e-01
-2.387158184710000131e-01 -4.188978425029999952e-01
4.834849058999999769e-03 -4.265679606669999790e-01
-2.822064746399999824e-01 -4.677395892260000076e-01
-2.994296524250000258e-01 -3.675359706890000133e-01
-2.352692853989999944e-01 -3.147183917560000266e-01
-2.180581497359999898e-01 -2.287856288310000097e-01
-3.346605559749999959e-01 -4.530811507240000147e-01
-4.219517648000000176e-01 -5.945791537060000076e-01
-4.569754038519999728e-01 -6.718663010069999553e-01
-2.032391575099999972e-02 -7.224800574259999664e-01
-8.899307332200000198e-02 -9.616216892750000245e-01
-2.339824655049999869e-01 -1.000000000000000000e+00
-3.441056732500000215e-01 -9.778702398259999651e-01
4.762982459400000312e-02 -6.527803279899999644e-01
-2.869695753809999861e-01 -7.620556956430000195e-01
-3.379127201780000034e-01 -6.153334192270000225e-01
-2.649637223679999765e-01 -5.313533710040000413e-01
5.176075046200000196e-02 -5.421707680699999754e-01
-2.921532090339999943e-01 -6.118763873300000489e-01
-3.115942402429999758e-01 -4.738087647940000258e-01
-2.335017577440000047e-01 -4.151590804509999733e-01
1.261011209100000065e-02 -4.184286687159999851e-01
-2.765458639330000135e-01 -4.615389372550000036e-01
-2.952172915399999820e-01 -3.650961697740000012e-01
-2.314994140849999937e-01 -3.142237028579999980e-01
-2.150863665059999930e-01 -2.266205629349999917e-01
-3.316769572239999797e-01 -4.526345621610000092e-01
-4.191176754620000167e-01 -5.950972342900000545e-01
-4.541469863509999816e-01 -6.699980974289999613e-01
-2.134175217400000046e-02 -7.219444481519999846e-01
-9.466794560900000655e-02 -9.614631812889999907e-01
-2.403702693710000060e-01 -1.000000000000000000e+00
-3.497143674140000269e-01 -9.787571414260000102e-01
4.412194781199999666e-02 -6.517139055349999710e-01
-2.960644063569999873e-01 -7.626245564269999999e-01
-3.496789661940000182e-01 -6.172757558910000331e-01
-2.773304136129999820e-01 -5.325113013750000235e-01
4.579333521199999840e-02 -5.416820752430000496e-01
-2.982720928909999847e-01 -6.183933880299999908e-01
-3.207279077440000070e-01 -4.810702981669999767e-01
-2.436470336100000078e-01 -4.199987942069999813e-01
4.892898354000000012e-03 -4.200049551930000180e-01
-2.835948647300000069e-01 -4.684132865469999851e-01
-3.051435477880000136e-01 -3.712156695580000054e-01
-2.433354637629999984e-01 -3.179758052219999742e-01
-2.202769924930000067e-01 -2.283125213520000030e-01
-3.377687248349999782e-01 -4.531912526799999896e-01
-4.264592606100000016e-01 -5.954128000680000143e-01
-4.588695836419999785e-01 -6.706787396240000421e-01
-2.442135188500000123e-02 -7.190183953769999636e-01
-9.142039078300000232e-02 -9.588446437550000034e-01
-2.366175280059999997e-01 -1.000000000000000000e+00
-3.469508045229999782e-01 -9.789113351120000139e-01
4.157696490499999953e-02 -6.524672973599999759e-01
-2.946491510009999759e-01 -7.630665830480000134e-01
-3.493937897680000071e-01 -6.183599384029999646e-01
-2.781857969279999954e-01 -5.348658881419999789e-01
4.390875880500000328e-02 -5.454148006329999632e-01
-2.995345352450000109e-01 -6.152455059470000043e-01
-3.204840399630000114e-01 -4.779833075209999893e-01
-2.427015901290000000e-01 -4.190878508850000017e-01
2.697806887999999997e-03 -4.252434350329999946e-01
-2.852470336069999890e-01 -4.654668065249999986e-01
-3.042609490870000211e-01 -3.673552957740000013e-01
-2.403243621560000043e-01 -3.155855140350000143e-01
-2.167288231770000129e-01 -2.262447177219999994e-01
-3.317909378180000091e-01 -4.491600173640000193e-01
-4.200002290020000140e-01 -5.909542044250000181e-01
-4.563402851119999770e-01 -6.721888415350000257e-01
-2.586337784400000173e-02 -7.229426553909999997e-01
-9.652485304600000315e-02 -9.629816287279999720e-01
-2.436391657280000123e-01 -1.000000000000000000e+00
-3.550052146820000254e-01 -9.763912192949999458e-01
3.803525808199999941e-02 -6.561757306969999703e-01
-2.955077172139999875e-01 -7.646777877249999467e-01
-3.463717841400000275e-01 -6.187548234190000107e-01
-2.738735064780000172e-01 -5.340453103490000464e-01
4.003836787299999700e-02 -5.484252792899999562e-01
-3.025444801919999760e-01 -6.152578284869999470e-01
-3.203280365719999856e-01 -4.775330929489999821e-01
-2.411032474829999939e-01 -4.176259794509999956e-01
3.048804980000000106e-04 -4.267789861260000150e-01
-2.862199947649999854e-01 -4.656087694259999910e-01
-3.030802183119999937e-01 -3.678434961100000011e-01
-2.387811948009999907e-01 -3.162673252159999837e-01
-2.125907608669999893e-01 -2.319131314979999969e-01
-3.290400257539999873e-01 -4.553211764130000172e-01
-4.209980866510000252e-01 -5.950751693229999750e-01
-4.555538562270000091e-01 -6.709568630290000391e-01
-1.510258085699999961e-02 -7.214557319309999883e-01
-8.428584947799999672e-02 -9.616195161770000333e-01
-2.319004906490000073e-01 -1.000000000000000000e+00
-3.447931693749999860e-01 -9.765742284980000187e-01
4.888088922400000286e-02 -6.541461507029999733e-01
-2.838953403360000016e-01 -7.595043934670000496e-01
-3.363337956310000210e-01 -6.152509932440000107e-01
-2.661549376610000128e-01 -5.320452504179999931e-01
5.056026031099999929e-02 -5.453901653170000197e-01
-2.918728919520000020e-01 -6.105266964069999691e-01
-3.099322555830000270e-01 -4.749350705000000006e-01
-2.329969128159999903e-01 -4.168483115020000240e-01
1.021890153300000076e-02 -4.234231698379999909e-01
-2.758730067969999977e-01 -4.617087738000000274e-01
-2.937813661779999919e-01 -3.652069156319999732e-01
-2.313014711910000021e-01 -3.147725738550000152e-01
-2.124233278840000072e-01 -2.253413513089999876e-01
-3.311178501770000171e-01 -4.526961987209999760e-01
-4.199592600240000251e-01 -5.964542440200000240e-01
-4.563140102129999987e-01 -6.701959658839999889e-01
-2.253486502900000146e-02 -7.205294269980000443e-01
-8.606789548399999823e-02 -9.605347172970000180e-01
-2.306087805150000003e-01 -1.000000000000000000e+00
-3.393638463709999775e-01 -9.787767613379999565e-01
4.298387675200000119e-02 -6.513678139009999590e-01
-2.843582607060000100e-01 -7.680371617250000282e-01
-3.420553202200000142e-01 -6.256208145830000067e-01
-2.721633227129999777e-01 -5.395981241039999876e-01
4.462050228500000215e-02 -5.414041832489999706e-01
-2.892145141440000122e-01 -6.235852755670000525e-01
-3.163131868890000087e-01 -4.882920011670000005e-01
-2.407841399239999958e-01 -4.266258546739999935e-01
3.124059951999999876e-03 -4.200376510489999826e-01
-2.810755696289999883e-01 -4.710796969580000049e-01
-3.042254952139999968e-01 -3.754022101889999963e-01
-2.421237457069999877e-01 -3.218919418410000066e-01
-2.210074885810000000e-01 -2.321919436190000019e-01
-3.370848543409999953e-01 -4.561633296120000125e-01
-4.277235800370000063e-01 -5.971541229819999907e-01
-4.591633661660000088e-01 -6.758604938379999538e-01
-2.158428588100000031e-02 -7.218040250370000299e-01
-9.263432818200000030e-02 -9.614418025559999803e-01
-2.390715000749999986e-01 -1.000000000000000000e+00
-3.503401651679999840e-01 -9.785828759429999746e-01
4.092023913199999835e-02 -6.545378143819999828e-01
-2.977043085100000153e-01 -7.649888374669999713e-01
-3.496443037799999987e-01 -6.204117828530000267e-01
-2.788249472359999870e-01 -5.364219278559999582e-01
4.105113988600000291e-02 -5.466544261779999747e-01
-3.050531861129999744e-01 -6.175431835319999951e-01
-3.229217243479999833e-01 -4.808497292750000263e-01
-2.458851672160000112e-01 -4.206100214140000015e-01
-1.692248277999999903e-03 -4.256667214609999861e-01
-2.896527416110000197e-01 -4.675339914609999981e-01
-3.059606151140000230e-01 -3.698776880219999952e-01
-2.425059379030000128e-01 -3.174646650260000147e-01
-2.187353855170000028e-01 -2.308688626490000007e-01
-3.314013234279999942e-01 -4.535259632290000176e-01
-4.199371746560000007e-01 -5.940836010040000392e-01
-4.526959716560000069e-01 -6.746197275290000128e-01
-2.290491681199999935e-02 -7.201166791259999700e-01
-9.209011295199999447e-02 -9.618504067590000206e-01
-2.381960618350000003e-01 -1.000000000000000000e+00
-3.486462483080000063e-01 -9.769691249869999483e-01
3.847453172000000338e-02 -6.539850358440000289e-01
-2.962521272679999873e-01 -7.640289149850000294e-01
-3.488491091040000214e-01 -6.207883016290000056e-01
-2.780694349160000023e-01 -5.375547024919999917e-01
3.754555032700000045e-02 -5.470821798549999615e-01
-3.045793774619999783e-01 -6.165727410439999501e-01
-3.234877022959999904e-01 -4.817363048830000105e-01
-2.464909987839999927e-01 -4.226349889480000011e-01
-5.470700745999999837e-03 -4.270015236520000035e-01
-2.908188161690000162e-01 -4.668014353520000270e-01
-3.079664108210000140e-01 -3.694717443369999743e-01
-2.449779384000000115e-01 -3.172878546369999886e-01
-2.211450295880000028e-01 -2.307764564919999872e-01
-3.348239252629999774e-01 -4.526269466289999932e-01
-4.254709652570000111e-01 -5.918539969230000031e-01
-4.617329661340000002e-01 -6.723464007660000519e-01
-2.343436190799999888e-02 -7.192335890659999897e-01
-9.295549136000000323e-02 -9.609457098720000090e-01
-2.379244590579999985e-01 -1.000000000000000000e+00
-3.481898674630000134e-01 -9.776575339270000553e-01
3.880746197700000316e-02 -6.550888486089999629e-01
-2.964347962139999848e-01 -7.639507607879999496e-01
-3.472885270630000076e-01 -6.200294816270000009e-01
-2.755213737889999903e-01 -5.366164652499999521e-01
3.975755252399999773e-02 -5.501368643289999971e-01
-3.048947541470000133e-01 -6.149967372079999661e-01
-3.209994972090000065e-01 -4.771183270120000208e-01
-2.419429757119999913e-01 -4.173876241939999954e-01
-1.979900773000000096e-03 -4.309292720849999814e-01
-2.883173593560000025e-01 -4.664581645340000193e-01
-3.032142906509999736e-01 -3.673290873810000079e-01
-2.379128332709999905e-01 -3.152932387310000140e-01
-2.181284664149999997e-01 -2.300930653709999940e-01
-3.297868906679999879e-01 -4.520713120779999983e-01
-4.178129112940000001e-01 -5.936849618030000109e-01
-4.529617925950000235e-01 -6.784247108640000246e-01
-2.194011953099999843e-02 -7.187440533100000195e-01
-9.011588600900000134e-02 -9.625757202650000455e-01
-2.352582527779999988e-01 -1.000000000000000000e+00
-3.451077847169999879e-01 -9.757487866370000429e-01
3.969650416099999857e-02 -6.542167861050000033e-01
-2.935033742889999742e-01 -7.629523384420000554e-01
-3.433918664599999726e-01 -6.195185164619999574e-01
-2.712088399970000174e-01 -5.369531590939999877e-01
4.014623686299999966e-02 -5.490303133030000060e-01
-3.029743250479999817e-01 -6.139982306610000107e-01
-3.185385923640000061e-01 -4.776243331469999798e-01
-2.397949375139999950e-01 -4.189000827239999780e-01
-1.618451755999999932e-03 -4.299763985549999723e-01
-2.866250519870000013e-01 -4.657924077799999729e-01
-3.020975171870000087e-01 -3.672980161809999977e-01
-2.382745382289999936e-01 -3.153669269500000150e-01
-2.191267772790000123e-01 -2.332378303100000050e-01
-3.327487154370000200e-01 -4.560465549819999742e-01
-4.250805220380000082e-01 -5.948782208509999503e-01
-4.581205229149999947e-01 -6.758596185969999448e-01
-1.749564704599999854e-02 -7.177854215940000504e-01
-8.647285815800000164e-02 -9.602403781130000038e-01
-2.340548819490000099e-01 -1.000000000000000000e+00
-3.470470216529999985e-01 -9.777058804179999951e-01
4.251817030900000016e-02 -6.542931399389999569e-01
-2.905269724760000116e-01 -7.649502684879999626e-01
-3.412592313700000268e-01 -6.221535334779999538e-01
-2.704212831130000105e-01 -5.414011090439999618e-01
4.174225393500000103e-02 -5.505119366590000007e-01
-3.010225086419999752e-01 -6.165631339810000444e-01
-3.165458074559999724e-01 -4.815839513979999764e-01
-2.390772833669999875e-01 -4.246084899970000159e-01
-1.447142525000000074e-03 -4.327509330370000185e-01
-2.852516184219999751e-01 -4.688491751619999759e-01
-2.993280671419999983e-01 -3.716712054360000184e-01
-2.352207060500000058e-01 -3.218516717900000157e-01
-2.151782364669999892e-01 -2.334599275379999894e-01
-3.289424991159999867e-01 -4.602194413749999824e-01
-4.231632399599999927e-01 -6.031668863039999495e-01
-4.616803771640000109e-01 -6.855377928850000524e-01
-1.264189844800000032e-02 -7.171269258019999926e-01
-8.369744156399999691e-02 -9.623044648130000267e-01
-2.296265678970000057e-01 -1.000000000000000000e+00
-3.392302788470000219e-01 -9.768794393930000375e-01
4.546095047200000155e-02 -6.545894375940000121e-01
-2.880647825589999766e-01 -7.730428494340000345e-01
-3.382188956469999730e-01 -6.310019492030000121e-01
-2.664228266020000069e-01 -5.492729949089999453e-01
4.270274833999999908e-02 -5.519738344240000538e-01
-2.998731610740000275e-01 -6.255776579459999542e-01
-3.174085018539999914e-01 -4.905750333130000085e-01
-2.399740595679999977e-01 -4.324896574759999890e-01
-3.656622091000000067e-03 -4.355612493989999834e-01
-2.874331085569999944e-01 -4.751645076150000091e-01
-3.021930188420000052e-01 -3.771148121089999972e-01
-2.377985872249999966e-01 -3.261884082979999988e-01
-2.187965256649999912e-01 -2.319743244449999908e-01
-3.335334824569999856e-01 -4.615798308890000090e-01
-4.310623527169999969e-01 -6.032270877309999779e-01
-4.677489177959999744e-01 -6.804158246420000111e-01
-1.131981898100000057e-02 -7.229129911089999805e-01
-8.537465290500000081e-02 -9.684098739490000218e-01
-2.352693725120000023e-01 -1.000000000000000000e+00
-3.449882158690000256e-01 -9.697534985860000178e-01
4.864148812699999741e-02 -6.615240431359999951e-01
-2.871265329079999984e-01 -7.752312638260000499e-01
-3.327251681919999871e-01 -6.314736854210000194e-01
-2.556134135909999827e-01 -5.512083426360000482e-01
4.704625442600000179e-02 -5.604287817030000340e-01
-3.011118155609999736e-01 -6.264346167759999862e-01
-3.148196492759999798e-01 -4.906426560009999882e-01
-2.333069097409999904e-01 -4.343307305149999853e-01
4.108002759999999920e-04 -4.439821435229999724e-01
-2.875800251519999851e-01 -4.806561061690000081e-01
-2.982879910699999804e-01 -3.826545957820000066e-01
-2.301293378539999990e-01 -3.335256181480000248e-01
-2.163465636349999888e-01 -2.335608581589999899e-01
-3.272695995780000033e-01 -4.653646946839999909e-01
-4.281352147120000007e-01 -6.109207699280000403e-01
-4.888593636479999782e-01 -7.007211088420000067e-01
-8.795917179999999599e-03 -7.204976720519999933e-01
-7.389786081200000467e-02 -9.644757505059999847e-01
-2.175544584490000100e-01 -1.000000000000000000e+00
-3.260174023619999972e-01 -9.754563723010000187e-01
5.050493226499999655e-02 -6.615768829289999653e-01
-2.797167389720000008e-01 -7.804984412850000108e-01
-3.244856249970000106e-01 -6.385859720219999591e-01
-2.499387388419999911e-01 -5.602328115469999981e-01
4.911536852000000092e-02 -5.638237781320000197e-01
-2.941439083069999905e-01 -6.368090288490000361e-01
-3.079634464470000221e-01 -4.987764612030000100e-01
-2.274157659990000135e-01 -4.414251113329999976e-01
4.079117012999999674e-03 -4.512704234859999941e-01
-2.791019340829999917e-01 -4.906381487159999777e-01
-2.857920815080000065e-01 -3.912905936819999764e-01
-2.147862853820000084e-01 -3.436676441550000072e-01
-2.100647000549999976e-01 -2.312065625810000025e-01
-3.101293448699999900e-01 -4.681449702489999809e-01
-3.933171073619999847e-01 -6.250395934110000162e-01
-4.423213458799999942e-01 -7.209524389139999601e-01
-1.359106638999999991e-02 -7.202872478930000266e-01
-7.433109236599999559e-02 -9.610701152010000525e-01
-2.133344989129999925e-01 -1.000000000000000000e+00
-3.177229818549999751e-01 -9.795165743070000097e-01
4.377755844399999763e-02 -6.622711859030000481e-01
-2.825599076570000090e-01 -7.798538302070000539e-01
-3.272317205799999962e-01 -6.407681190559999518e-01
-2.526606615659999777e-01 -5.578154987919999863e-01
4.101914809900000097e-02 -5.664571927649999505e-01
-2.998928906409999984e-01 -6.399746949529999673e-01
-3.158382739610000045e-01 -5.014807953950000119e-01
-2.347886943870000076e-01 -4.389503789349999963e-01
-4.211911583999999875e-03 -4.558710669909999957e-01
-2.904616320999999779e-01 -4.952528069620000251e-01
-3.012269392429999804e-01 -3.933907280100000237e-01
-2.320694583319999893e-01 -3.392358422749999769e-01
-2.122424240130000028e-01 -2.392372319119999979e-01
-3.151216786500000144e-01 -4.693436246809999934e-01
-4.042895070649999978e-01 -6.189653922700000255e-01
-4.344758598189999987e-01 -7.097713600430000103e-01
6.240067896000000072e-03 -7.148976856859999840e-01
-6.086389938399999755e-02 -9.633916908020000447e-01
-2.054686737749999992e-01 -1.000000000000000000e+00
-3.128380938159999736e-01 -9.739302641789999715e-01
5.912683093599999801e-02 -6.562838762260000403e-01
-2.766486168469999840e-01 -7.750826446820000548e-01
-3.263709129219999894e-01 -6.371602751910000473e-01
-2.550593236679999931e-01 -5.511621154179999760e-01
5.158226022000000216e-02 -5.615137930239999520e-01
-2.964016694170000243e-01 -6.378907948249999960e-01
-3.117082117809999997e-01 -5.037585519580000115e-01
-2.349637382339999914e-01 -4.399169112310000185e-01
5.231817599999999489e-04 -4.533537180739999894e-01
-2.845300812250000089e-01 -4.964594809530000208e-01
-2.952198678390000053e-01 -3.967598121740000261e-01
-2.294403350389999929e-01 -3.408796541460000218e-01
-2.108770931339999932e-01 -2.398269319200000138e-01
-3.173236943189999826e-01 -4.701395018919999891e-01
-4.161664485850000150e-01 -6.174849201750000072e-01
-4.680819385880000127e-01 -7.053838968500000250e-01
1.680606988000000026e-03 -7.146247199859999677e-01
-5.882366314399999768e-02 -9.579802300369999468e-01
-2.006823910609999984e-01 -1.000000000000000000e+00
-3.112432481740000090e-01 -9.766467508160000532e-01
5.454562252499999681e-02 -6.602835139099999529e-01
-2.764102207640000142e-01 -7.736673109220000288e-01
-3.223384274439999864e-01 -6.375076710589999696e-01
-2.520568014590000017e-01 -5.507800499799999638e-01
4.786846996199999732e-02 -5.679069172809999566e-01
-2.963379707229999993e-01 -6.368334740690000384e-01
-3.078885159309999731e-01 -5.014345187990000285e-01
-2.308106476300000043e-01 -4.349312111559999749e-01
-2.166640231999999999e-03 -4.611092383420000163e-01
-2.866493275470000102e-01 -4.982269315719999869e-01
-2.950660998920000000e-01 -3.972736959709999849e-01
-2.291463900880000015e-01 -3.403515024539999767e-01
-2.091582064580000122e-01 -2.327106695120000068e-01
-2.980825791369999811e-01 -4.704768568029999987e-01
-3.693897546959999945e-01 -6.279617771219999645e-01
-4.086404453949999960e-01 -7.264579378969999723e-01
-1.454725374000000052e-03 -7.180827568150000006e-01
-6.860948187099999429e-02 -9.624418123200000341e-01
-2.083545782170000138e-01 -1.000000000000000000e+00
-3.113269589700000117e-01 -9.795526275279999862e-01
5.035215898300000187e-02 -6.628363008690000280e-01
-2.854479353609999936e-01 -7.816194871260000454e-01
-3.314648515559999731e-01 -6.455871299480000491e-01
-2.594518191280000274e-01 -5.627972554300000319e-01
3.980760885500000262e-02 -5.720809238199999758e-01
-3.087820876630000266e-01 -6.483425932140000070e-01
-3.245170645270000209e-01 -5.116191856559999529e-01
-2.464041471370000125e-01 -4.459666323879999950e-01
-1.388402014299999938e-02 -4.669659713389999744e-01
-3.035048609220000193e-01 -5.073645290029999977e-01
-3.116052238650000028e-01 -4.043128243079999740e-01
-2.429767120150000126e-01 -3.464013460409999801e-01
-2.164337556679999941e-01 -2.479887519700000043e-01
-3.097078765740000073e-01 -4.801908215060000096e-01
-3.906420422049999841e-01 -6.340353702209999831e-01
-4.215810791790000067e-01 -7.325752453710000500e-01
1.188813747599999984e-02 -7.091456220430000235e-01
-5.789625814600000281e-02 -9.562855992040000253e-01
-1.995965870510000018e-01 -1.000000000000000000e+00
-3.057056839060000031e-01 -9.813290114789999796e-01
6.163325766999999678e-02 -6.573374422109999893e-01
-2.736027164709999848e-01 -7.767764867040000132e-01
-3.234326749599999995e-01 -6.389412474729999625e-01
-2.530582319379999778e-01 -5.552114347130000516e-01
5.093403190700000055e-02 -5.703140716610000105e-01
-2.944849867320000203e-01 -6.460251960920000425e-01
-3.094925479699999760e-01 -5.118492695849999885e-01
-2.330888060519999971e-01 -4.482412683540000220e-01
-2.998534089999999822e-03 -4.693410224649999796e-01
-2.880973293129999724e-01 -5.062484726539999702e-01
-2.994702651819999839e-01 -4.045095276289999986e-01
-2.339709871650000050e-01 -3.483055289540000210e-01
