-2.017308581679999879e-01 -2.360395068979999900e-01
-2.645913210870000087e-01 -4.842740603999999838e-01
-2.770197788500000091e-01 -6.484994751679999947e-01
-2.793952637209999867e-01 -7.429471728759999838e-01
-1.709073126600000117e-02 -7.141968219009999785e-01
-4.681834272999999685e-02 -9.502600818169999464e-01
-1.819241363390000088e-01 -1.000000000000000000e+00
-2.976269636569999766e-01 -9.783811837650000509e-01
3.677104493399999813e-02 -6.716750751890000481e-01
-3.009014018630000176e-01 -7.487448314869999955e-01
-3.517657210999999839e-01 -6.049277214880000031e-01
-2.876023662400000180e-01 -5.219566445640000385e-01
3.334310456499999659e-02 -5.888489877850000553e-01
-3.126483905729999790e-01 -6.275517160179999721e-01
-3.235177533210000234e-01 -4.870939418129999754e-01
-2.445153068519999862e-01 -4.221384993169999822e-01
-4.048539452999999795e-03 -4.860440034960000211e-01
-2.928552157439999748e-01 -5.069531125030000140e-01
-3.072743503329999903e-01 -4.022488478760000152e-01
-2.442708201040000027e-01 -3.409542534719999796e-01
-2.069393422059999932e-01 -2.289477356290000043e-01
-2.789122940250000071e-01 -4.704338427440000192e-01
-3.022540439690000191e-01 -6.279317719129999809e-01
-3.096247289040000017e-01 -7.171005541430000019e-01
-2.979340436999999842e-02 -7.125955975000000109e-01
-5.887729198999999691e-02 -9.499970763930000173e-01
-1.910080802470000005e-01 -1.000000000000000000e+00
-3.029621000559999944e-01 -9.802286110069999836e-01
2.478771440500000117e-02 -6.714859167729999578e-01
-3.135928921250000223e-01 -7.497905889429999915e-01
-3.571628075739999852e-01 -6.050399972719999742e-01
-2.857514804380000273e-01 -5.268218008789999907e-01
2.181517517700000061e-02 -5.883762587769999497e-01
-3.250364515140000132e-01 -6.298514930869999473e-01
-3.308207658169999843e-01 -4.904900609000000244e-01
-2.468000881330000007e-01 -4.324261296249999886e-01
-1.598813649999999975e-02 -4.844883817769999879e-01
-3.048054559760000060e-01 -5.042968807240000295e-01
-3.122655151900000092e-01 -4.026805163020000244e-01
-2.426709781770000074e-01 -3.490716965669999894e-01
-2.059348173949999972e-01 -2.316220370629999969e-01
-2.824732871089999930e-01 -4.710630509979999991e-01
-3.161822538590000065e-01 -6.250883740929999988e-01
-3.315008880470000086e-01 -7.158224535620000273e-01
-3.086972568399999964e-02 -7.146606022520000101e-01
-6.113279002299999709e-02 -9.507923981239999600e-01
-1.951895539530000001e-01 -1.000000000000000000e+00
-3.102112988360000156e-01 -9.783860059419999811e-01
2.331371785799999860e-02 -6.712869274510000484e-01
-3.164129702560000146e-01 -7.441925988969999572e-01
-3.622817356909999731e-01 -6.021013517529999470e-01
-2.955942514050000081e-01 -5.203643871369999507e-01
2.167323081400000101e-02 -5.859177601410000547e-01
-3.271567676689999815e-01 -6.237447580280000015e-01
-3.334970705060000262e-01 -4.868550752840000162e-01
-2.538212059709999968e-01 -4.246511216230000052e-01
-1.360044757900000061e-02 -4.799192895769999745e-01
-3.035820049269999932e-01 -5.007207367679999965e-01
-3.135416597949999828e-01 -4.006875861749999990e-01
-2.483543818520000113e-01 -3.449666899769999739e-01
-2.094685410109999868e-01 -2.317664975439999997e-01
-2.841311374200000128e-01 -4.713544224289999973e-01
-3.168848610600000226e-01 -6.263073085660000316e-01
-3.329503273000000152e-01 -7.174864621219999572e-01
-3.534864102899999694e-02 -7.117095727290000395e-01
-6.989051979700000583e-02 -9.509641930800000198e-01
-2.044545272939999880e-01 -1.000000000000000000e+00
-3.188432512670000274e-01 -9.784452995269999898e-01
1.780105819599999903e-02 -6.709778769030000367e-01
-3.207732536969999937e-01 -7.429522883450000448e-01
-3.632142598940000244e-01 -6.005668306150000468e-01
-2.942248230310000046e-01 -5.217235848429999656e-01
1.450148296399999918e-02 -5.875724180160000198e-01
-3.339352915309999892e-01 -6.219005185210000342e-01
-3.374932870919999939e-01 -4.845758914439999843e-01
-2.558255034579999809e-01 -4.254299614750000069e-01
-2.350498642699999988e-02 -4.834450048889999962e-01
-3.128480278299999862e-01 -4.992664278339999928e-01
-3.186318081269999825e-01 -3.970849967080000154e-01
-2.501344870860000014e-01 -3.427343114390000167e-01
-2.112179103680000003e-01 -2.284136759279999929e-01
-2.893520321549999941e-01 -4.654684617070000141e-01
-3.259307431799999821e-01 -6.199767590379999804e-01
-3.439547833850000180e-01 -7.103883306689999788e-01
-3.575245120199999765e-02 -7.109458637259999936e-01
-6.925562937599999414e-02 -9.500668943510000020e-01
-2.027595997409999962e-01 -1.000000000000000000e+00
-3.172132532920000081e-01 -9.797407447249999457e-01
1.827396960600000120e-02 -6.705584081300000054e-01
-3.202863134069999784e-01 -7.408847088679999526e-01
-3.613377441430000170e-01 -5.993935754770000068e-01
-2.926211709980000020e-01 -5.200855456409999578e-01
1.549305855200000005e-02 -5.880221540569999794e-01
-3.334389740679999936e-01 -6.231851327080000225e-01
-3.362176871349999985e-01 -4.867909930350000081e-01
-2.557472886800000178e-01 -4.265908855810000011e-01
-2.260565183899999886e-02 -4.851894849969999868e-01
-3.120679496589999768e-01 -5.012820444129999498e-01
-3.176365488919999924e-01 -4.007209945779999782e-01
-2.503616718380000106e-01 -3.467990239290000276e-01
-2.121779147229999885e-01 -2.326979301629999997e-01
-2.911722240069999912e-01 -4.712963504509999901e-01
-3.290734737809999921e-01 -6.250550642229999454e-01
-3.497709699900000135e-01 -7.199610129479999676e-01
-3.830208382800000255e-02 -7.183740761560000188e-01
-7.154094271199999688e-02 -9.499674190450000388e-01
-2.069492734829999903e-01 -1.000000000000000000e+00
-3.232038099880000237e-01 -9.802255964520000253e-01
1.423607694600000084e-02 -6.748128917369999868e-01
-3.247886137070000179e-01 -7.434639576189999710e-01
-3.702493790579999833e-01 -6.021713297230000261e-01
-3.031444004909999990e-01 -5.221957155530000394e-01
1.148354243199999937e-02 -5.889405031159999915e-01
-3.355329663989999878e-01 -6.268732673089999485e-01
-3.415100636269999823e-01 -4.897463226870000241e-01
-2.611240739199999772e-01 -4.278927381279999942e-01
-2.424591889400000075e-02 -4.829520065669999918e-01
-3.129221275030000249e-01 -5.046527805970000280e-01
-3.221178240190000208e-01 -4.038245293650000178e-01
-2.560403898340000151e-01 -3.478313882240000043e-01
-2.156710715269999912e-01 -2.320472669080000105e-01
-2.971725863449999894e-01 -4.711808494549999948e-01
-3.327519696510000125e-01 -6.268537821980000313e-01
-3.509317205640000159e-01 -7.212657772349999608e-01
-3.705382489200000073e-02 -7.176351580319999535e-01
-7.041751981999999632e-02 -9.521897900910000212e-01
-2.092912957829999865e-01 -1.000000000000000000e+00
-3.271969223589999975e-01 -9.769376826540000502e-01
1.960236353099999856e-02 -6.727750344670000437e-01
-3.204180635609999994e-01 -7.433776114679999658e-01
-3.676243503039999805e-01 -6.002240122040000125e-01
-3.003609008370000111e-01 -5.174730490519999782e-01
1.922012489199999979e-02 -5.856540563550000078e-01
-3.306224469319999915e-01 -6.258215990469999657e-01
-3.396748389379999900e-01 -4.872340393039999995e-01
-2.609949486650000039e-01 -4.239622533330000276e-01
-1.589224239300000147e-02 -4.791605206530000216e-01
-3.082070661669999989e-01 -5.028535317529999604e-01
-3.221228663990000074e-01 -4.023698425380000110e-01
-2.594200884539999974e-01 -3.455021734150000023e-01
-2.098612210559999969e-01 -2.314374803869999886e-01
-2.893799623780000108e-01 -4.732944107459999827e-01
-3.211895861269999930e-01 -6.284905955120000387e-01
-3.384823169239999929e-01 -7.164946115189999576e-01
-4.028188077000000034e-02 -7.165904058099999974e-01
-8.519546058499999353e-02 -9.525490160170000387e-01
-2.247510250199999948e-01 -1.000000000000000000e+00
-3.401867755140000060e-01 -9.773749978150000350e-01
1.317230458699999995e-02 -6.733681050650000000e-01
-3.278900534029999814e-01 -7.449088906809999688e-01
-3.726101486360000048e-01 -6.008493991669999756e-01
-3.032498103310000137e-01 -5.207870142620000253e-01
1.068687859099999929e-02 -5.866533928099999518e-01
-3.364106815699999808e-01 -6.215974297999999898e-01
-3.431696936549999966e-01 -4.837836428019999802e-01
-2.617794606869999763e-01 -4.233824638040000199e-01
-2.497005474599999983e-02 -4.794621480060000107e-01
-3.143732315750000228e-01 -4.952453846020000161e-01
-3.239442442539999800e-01 -3.923627325390000031e-01
-2.571571029140000131e-01 -3.364080456660000218e-01
-2.122780004900000073e-01 -2.310428486220000022e-01
-2.935765444599999774e-01 -4.695998113500000071e-01
-3.298384911660000030e-01 -6.222475759800000228e-01
-3.489570126650000104e-01 -7.110417389130000432e-01
-4.303662500600000107e-02 -7.171471473549999587e-01
-8.396498869500000628e-02 -9.508581515030000153e-01
-2.231627618800000046e-01 -1.000000000000000000e+00
-3.408655726789999729e-01 -9.780637666279999864e-01
1.007883554599999995e-02 -6.744692125229999613e-01
-3.279814863619999743e-01 -7.416675451859999768e-01
-3.735330808749999787e-01 -5.996625098829999612e-01
-3.072708105029999803e-01 -5.171573428029999642e-01
8.176795069000000749e-03 -5.884348947859999734e-01
-3.373554720190000134e-01 -6.211578421719999854e-01
-3.438128661459999846e-01 -4.839068677089999881e-01
-2.649285856299999908e-01 -4.205798227240000187e-01
-2.648282494799999998e-02 -4.819985851220000006e-01
-3.145478168799999974e-01 -4.976537986710000139e-01
-3.250224484790000257e-01 -3.957722878030000002e-01
-2.611068418160000237e-01 -3.384482112889999894e-01
-2.137958252480000043e-01 -2.282899756410000092e-01
-2.936099602089999872e-01 -4.670010236780000046e-01
-3.297876716959999843e-01 -6.228381360579999804e-01
-3.505023305700000202e-01 -7.178762528680000532e-01
-4.354591679400000165e-02 -7.171262446170000304e-01
-7.843980164000000088e-02 -9.528284539689999555e-01
-2.164419669590000039e-01 -1.000000000000000000e+00
-3.326678919739999851e-01 -9.754327056020000164e-01
9.828341460000000751e-03 -6.757640904060000508e-01
-3.297134358789999831e-01 -7.441156558899999496e-01
-3.750034783589999976e-01 -6.013047106650000195e-01
-3.069386637420000175e-01 -5.195210153460000368e-01
8.346398559999999162e-03 -5.908504956279999609e-01
-3.398809693850000091e-01 -6.249003294020000210e-01
-3.462926142939999896e-01 -4.872592201020000124e-01
-2.658768271559999730e-01 -4.248817196010000186e-01
-2.613146987599999915e-02 -4.844709394510000044e-01
-3.148692307879999985e-01 -5.026002412340000447e-01
-3.258361629379999957e-01 -4.019619888579999967e-01
-2.613013862310000213e-01 -3.461342507140000024e-01
-2.140099477150000096e-01 -2.297763251119999961e-01
-2.964497183409999792e-01 -4.689412084519999913e-01
-3.327429523739999784e-01 -6.257122304200000151e-01
-3.536076195830000213e-01 -7.202387818580000545e-01
-3.875380326399999881e-02 -7.171896615509999462e-01
-8.064852218100000691e-02 -9.539589018140000043e-01
-2.221031330309999885e-01 -1.000000000000000000e+00
-3.399909626870000201e-01 -9.752930849550000003e-01
1.565222966599999835e-02 -6.731763996599999800e-01
-3.254240629899999848e-01 -7.460109676330000106e-01
-3.733330331399999924e-01 -6.024424927529999918e-01
-3.065377093789999896e-01 -5.201284050790000446e-01
1.361183897299999938e-02 -5.860653971989999711e-01
-3.351513583160000143e-01 -6.253903560550000407e-01
-3.455809586760000274e-01 -4.873925591430000037e-01
-2.680231345579999758e-01 -4.247260107010000230e-01
-2.233922982300000012e-02 -4.791971319269999752e-01
-3.124483752530000102e-01 -5.006644565369999800e-01
-3.269500476739999884e-01 -3.997408605609999999e-01
-2.655090122509999873e-01 -3.429312859379999856e-01
-2.068705428079999908e-01 -2.289823744599999988e-01
-2.872008831249999727e-01 -4.680104755569999830e-01
-3.218097587109999824e-01 -6.244529431330000380e-01
-3.444484166569999894e-01 -7.152163008540000089e-01
-4.254203155599999703e-02 -7.169705409600000134e-01
-8.993801500199999355e-02 -9.539937368359999725e-01
-2.294507260839999951e-01 -1.000000000000000000e+00
-3.444072164950000015e-01 -9.751381498729999597e-01
9.090455604000000078e-03 -6.728537578979999489e-01
-3.295269371469999875e-01 -7.424347356170000189e-01
-3.744136828879999768e-01 -6.002932047440000529e-01
-3.066890219119999816e-01 -5.194144219040000010e-01
5.013302294999999985e-03 -5.854629475670000138e-01
-3.381566160439999913e-01 -6.212770202859999591e-01
-3.457851125149999927e-01 -4.854176366260000153e-01
-2.673601411520000193e-01 -4.240911484309999868e-01
-3.137216864399999805e-02 -4.786158685290000103e-01
-3.175038798359999803e-01 -4.965294867530000156e-01
-3.282488083360000086e-01 -3.941249584300000053e-01
-2.650172745080000003e-01 -3.365378006870000105e-01
-2.142996103819999887e-01 -2.289651658369999954e-01
-2.951769127680000104e-01 -4.693783956970000171e-01
-3.292561142789999784e-01 -6.259955878999999834e-01
-3.484062961650000179e-01 -7.182068913460000203e-01
-3.970492012900000284e-02 -7.170976220789999633e-01
-8.594935770900000160e-02 -9.540710626139999873e-01
-2.267045359410000127e-01 -1.000000000000000000e+00
-3.426289561370000070e-01 -9.753626772100000286e-01
1.316950820400000083e-02 -6.748458276680000534e-01
-3.268662500269999827e-01 -7.472232883830000061e-01
-3.707627297000000155e-01 -6.046449991440000504e-01
-3.019217065520000132e-01 -5.254893259539999972e-01
9.551593787000000474e-03 -5.890637484309999561e-01
-3.379816072779999736e-01 -6.272649893580000136e-01
-3.447342642830000248e-01 -4.900104710359999838e-01
-2.652280301830000075e-01 -4.302636797159999915e-01
-2.874654977999999833e-02 -4.834007858969999738e-01
-3.184905316180000057e-01 -5.022240890429999771e-01
-3.282130810889999917e-01 -4.005469471779999902e-01
-2.631935835370000087e-01 -3.456066193149999743e-01
-2.122891692290000132e-01 -2.306473829919999941e-01
-2.934236720189999925e-01 -4.712052366139999893e-01
-3.287749056850000073e-01 -6.271533512119999987e-01
-3.474453009810000159e-01 -7.189511393180000320e-01
-4.064446552599999818e-02 -7.173775781390000494e-01
-8.890680700099999612e-02 -9.540150366670000492e-01
-2.309933687980000039e-01 -1.000000000000000000e+00
-3.474912045970000030e-01 -9.748363904379999667e-01
1.134004038700000064e-02 -6.741933819130000449e-01
-3.305873134460000085e-01 -7.483139599520000074e-01
-3.775241764619999829e-01 -6.061560489730000167e-01
-3.101939162239999992e-01 -5.245634798170000224e-01
8.016877198999999149e-03 -5.877144328660000028e-01
-3.397374650280000075e-01 -6.254496990000000256e-01
-3.482996439350000140e-01 -4.888588252530000067e-01
-2.690466352340000200e-01 -4.274791329620000191e-01
-2.826637535899999970e-02 -4.805235783069999878e-01
-3.166629087119999797e-01 -5.010756062340000483e-01
-3.288992241300000008e-01 -4.006076456539999775e-01
-2.652917748590000180e-01 -3.443609381930000102e-01
-2.110451356710000004e-01 -2.295480184810000102e-01
-2.924594306580000080e-01 -4.694215289129999857e-01
-3.279538935579999759e-01 -6.252232138209999901e-01
-3.480991968859999952e-01 -7.176402267370000088e-01
-4.338374634500000160e-02 -7.163272205970000472e-01
-8.747653775899999484e-02 -9.537203691940000505e-01
-2.283013117569999972e-01 -1.000000000000000000e+00
-3.439694259030000034e-01 -9.759528198079999717e-01
8.244916754999999722e-03 -6.728907586939999463e-01
-3.318178189229999964e-01 -7.488002582549999619e-01
-3.777640319300000216e-01 -6.050350067859999736e-01
-3.086134396899999910e-01 -5.234331295749999891e-01
5.290716578000000288e-03 -5.859729873269999834e-01
-3.418777429500000076e-01 -6.294326366689999563e-01
-3.507532099680000237e-01 -4.903346558500000230e-01
-2.709785122780000166e-01 -4.283174180020000166e-01
-3.032204391999999971e-02 -4.791602536730000250e-01
-3.205440023330000110e-01 -5.019990488979999554e-01
-3.329840407010000169e-01 -3.984045097489999909e-01
-2.688197199690000039e-01 -3.406686174660000233e-01
-2.138691196199999922e-01 -2.272922435989999934e-01
-2.958476562819999933e-01 -4.673356370200000276e-01
-3.322952647329999731e-01 -6.246311039330000314e-01
-3.539333779280000036e-01 -7.185854853859999780e-01
-4.612337086900000077e-02 -7.152256145959999811e-01
-9.308300089300000635e-02 -9.540046374120000339e-01
-2.332247111440000076e-01 -1.000000000000000000e+00
-3.482667239700000250e-01 -9.750310373870000324e-01
6.896827405000000022e-03 -6.737427518780000346e-01
-3.342875726830000227e-01 -7.472438592419999859e-01
-3.775865355620000030e-01 -6.035977721009999630e-01
-3.080543781030000150e-01 -5.225997234189999618e-01
5.016907953000000232e-03 -5.891958699999999549e-01
-3.431414017830000107e-01 -6.274121647150000536e-01
-3.490813557319999982e-01 -4.887319208520000124e-01
-2.686909535809999805e-01 -4.274118874410000046e-01
-3.059471861900000048e-02 -4.839198261489999764e-01
-3.202726530180000086e-01 -5.025038558450000137e-01
-3.307745078670000227e-01 -3.992528845189999842e-01
-2.661867049309999955e-01 -3.425712334889999822e-01
-2.159639566919999976e-01 -2.294376924980000010e-01
-2.993903338159999983e-01 -4.701301840259999865e-01
-3.390104101920000113e-01 -6.272792200129999607e-01
-3.588574692220000140e-01 -7.248588967919999959e-01
-4.338842798300000109e-02 -7.182933659779999758e-01
-8.485195723499999731e-02 -9.539062045010000546e-01
-2.244811569350000091e-01 -1.000000000000000000e+00
-3.412855260980000027e-01 -9.763094601880000223e-01
1.181686797800000042e-02 -6.747043775779999475e-01
-3.306171372210000015e-01 -7.447261784580000432e-01
-3.748513063630000142e-01 -6.005581308570000498e-01
-3.054699892039999809e-01 -5.214471808480000137e-01
1.102906443899999943e-02 -5.878464691039999579e-01
-3.394257840500000123e-01 -6.260798835290000142e-01
-3.456588908320000209e-01 -4.886012708749999933e-01
-2.644202604249999977e-01 -4.294660273259999772e-01
-2.372184556200000044e-02 -4.806812631060000118e-01
-3.154218396640000033e-01 -5.019698674860000320e-01
-3.257454719399999754e-01 -4.015894713829999962e-01
-2.596485514199999844e-01 -3.480406730419999817e-01
-2.127476460549999893e-01 -2.321184190639999922e-01
-2.917840822880000129e-01 -4.728835315209999890e-01
-3.277248161329999743e-01 -6.290090567949999656e-01
-3.451209943549999881e-01 -7.235796983119999748e-01
-4.013381020799999810e-02 -7.148695120089999522e-01
-8.387438775599999341e-02 -9.531187786489999647e-01
-2.241656372489999882e-01 -1.000000000000000000e+00
-3.401660030790000233e-01 -9.778869115649999610e-01
1.175791534499999978e-02 -6.711923579799999873e-01
-3.264234080990000009e-01 -7.467140858080000276e-01
-3.717145541990000135e-01 -6.049450359579999770e-01
-3.036871639359999819e-01 -5.256811817700000056e-01
8.677225502999999507e-03 -5.852097743270000541e-01
-3.374638188719999987e-01 -6.264299262410000235e-01
-3.456074726319999790e-01 -4.893719808770000124e-01
-2.666249764590000182e-01 -4.289644799149999743e-01
-2.803162219800000091e-02 -4.791428915209999806e-01
-3.153432130609999939e-01 -5.032546534749999800e-01
-3.260503612339999968e-01 -4.021692231060000067e-01
-2.613737312000000146e-01 -3.460836810180000223e-01
-2.155637213690000109e-01 -2.283068464169999978e-01
-2.971915596720000052e-01 -4.690734240889999906e-01
-3.329875679950000111e-01 -6.264166287339999473e-01
-3.526978069530000148e-01 -7.212700489109999946e-01
-4.237067049999999890e-02 -7.163125489839999860e-01
-8.716349755100000207e-02 -9.540839084590000407e-01
-2.286714339379999905e-01 -1.000000000000000000e+00
-3.448836486949999891e-01 -9.769458711399999773e-01
1.032821134700000025e-02 -6.731348774069999541e-01
-3.305629202729999938e-01 -7.499538095340000377e-01
-3.754061243410000137e-01 -6.055598512880000506e-01
-3.051586942960000104e-01 -5.260267189189999915e-01
7.191642249999999695e-03 -5.871390240999999621e-01
-3.408974979459999943e-01 -6.295174449110000348e-01
-3.486979086290000196e-01 -4.914305786009999788e-01
-2.674612764729999981e-01 -4.321824998820000263e-01
-2.957121730300000043e-02 -4.811492381790000161e-01
-3.195207577070000027e-01 -5.029537678759999908e-01
-3.307642438139999919e-01 -4.010825799730000085e-01
-2.652025223019999767e-01 -3.460926048610000194e-01
-2.158165037030000122e-01 -2.293860296999999937e-01
-2.971713029160000241e-01 -4.691131675599999884e-01
-3.319662881750000127e-01 -6.254187257100000119e-01
-3.497086830280000114e-01 -7.197171275200000551e-01
-4.116165766299999945e-02 -7.156402418999999737e-01
-8.457610375900000144e-02 -9.536794512830000237e-01
-2.256067013480000105e-01 -1.000000000000000000e+00
-3.419818939959999859e-01 -9.766343640119999892e-01
1.195827325100000046e-02 -6.719414489330000073e-01
-3.272079585350000097e-01 -7.473746414140000072e-01
-3.711885117209999807e-01 -6.041443972169999732e-01
-3.011749770689999828e-01 -5.241768282800000067e-01
9.317209996999999827e-03 -5.852785643200000276e-01
-3.372514632360000264e-01 -6.298283193410000314e-01
-3.452376564310000173e-01 -4.924394494980000037e-01
-2.656841826369999993e-01 -4.315789648719999816e-01
-2.677978461900000148e-02 -4.787957882300000190e-01
-3.157360680890000104e-01 -5.048610566450000281e-01
-3.282234038910000207e-01 -4.046535887430000034e-01
-2.649881887039999828e-01 -3.489791088190000168e-01
-2.117843813510000006e-01 -2.303213716139999867e-01
-2.909665453949999980e-01 -4.714514514390000244e-01
-3.245745382010000180e-01 -6.294190355730000519e-01
-3.426838249879999854e-01 -7.239911776449999836e-01
-3.853212777000000061e-02 -7.153192309020000028e-01
-8.142779212700000657e-02 -9.529866037919999533e-01
-2.213397834489999882e-01 -1.000000000000000000e+00
-3.366380311889999866e-01 -9.770973244670000390e-01
1.362570119000000059e-02 -6.716865451050000324e-01
-3.250164738149999843e-01 -7.473316300510000065e-01
-3.702846540840000200e-01 -6.059448796220000544e-01
-3.017946148589999988e-01 -5.269646917979999845e-01
9.893646420000000788e-03 -5.851830549850000063e-01
-3.364923828140000128e-01 -6.292409028050000019e-01
-3.449847181260000117e-01 -4.931039399159999892e-01
-2.662032719449999862e-01 -4.329359586359999845e-01
-2.737403905099999868e-02 -4.791132398319999930e-01
-3.166862370119999937e-01 -5.044707512580000053e-01
-3.287232988859999927e-01 -4.043638785279999870e-01
-2.653490664079999894e-01 -3.489497548459999932e-01
-2.130051985629999867e-01 -2.325585465040000133e-01
-2.927655992179999944e-01 -4.750598287730000147e-01
-3.265175777129999957e-01 -6.322072473400000003e-01
-3.435514344580000157e-01 -7.277737724489999893e-01
-4.197127339299999704e-02 -7.163941183850000005e-01
-9.219480404799999806e-02 -9.544483287870000332e-01
-2.360913525970000093e-01 -1.000000000000000000e+00
-3.539430046479999925e-01 -9.756579428899999629e-01
8.485030804999999995e-03 -6.727543568299999555e-01
-3.321173832350000077e-01 -7.475750093990000122e-01
-3.767294419130000072e-01 -6.034194377849999569e-01
-3.077033829890000183e-01 -5.238426911950000431e-01
4.380753628000000344e-03 -5.864641907209999783e-01
-3.425550636970000062e-01 -6.263173545039999457e-01
-3.498001170630000156e-01 -4.885402779479999791e-01
-2.695908356849999743e-01 -4.282959573930000263e-01
-3.232283782999999938e-02 -4.798552970769999759e-01
-3.206012038759999960e-01 -5.023273882100000032e-01
-3.311424935649999735e-01 -4.006996539370000221e-01
-2.660793255009999969e-01 -3.445222038319999958e-01
-2.180994922639999944e-01 -2.291500093240000091e-01
-2.987445145989999773e-01 -4.709218031030000251e-01
-3.306373102799999852e-01 -6.293872904789999945e-01
-3.462195509329999976e-01 -7.226675759939999999e-01
-4.387302058399999982e-02 -7.190868205020000126e-01
-9.110710732700000314e-02 -9.546058751129999909e-01
-2.308289675690000098e-01 -1.000000000000000000e+00
-3.457607184359999808e-01 -9.761171570840000422e-01
1.041798964299999949e-02 -6.772905426869999523e-01
-3.320018575629999913e-01 -7.464829558040000368e-01
-3.756725583059999929e-01 -6.036088801740000509e-01
-3.071107735410000261e-01 -5.235485844139999845e-01
8.422304502999999540e-03 -5.921015223179999509e-01
-3.415530400830000257e-01 -6.265391106759999884e-01
-3.490839885800000042e-01 -4.883324259510000154e-01
-2.704187177719999946e-01 -4.266009738589999767e-01
-2.816377420600000084e-02 -4.864932051940000224e-01
-3.200609108710000261e-01 -5.032940893980000219e-01
-3.316674369459999827e-01 -4.012276201039999823e-01
-2.683563337830000006e-01 -3.442808377259999886e-01
-2.142415794770000104e-01 -2.323043988869999965e-01
-2.917240372820000260e-01 -4.743093690599999857e-01
-3.244127242509999842e-01 -6.329610246989999522e-01
-3.440178512320000159e-01 -7.300495598670000419e-01
-4.205055141599999685e-02 -7.192702819380000223e-01
-9.080996460100000667e-02 -9.554918073370000098e-01
-2.326386551569999961e-01 -1.000000000000000000e+00
-3.479601280949999875e-01 -9.749965647170000249e-01
9.254679911999999856e-03 -6.771567039750000516e-01
-3.332612897489999892e-01 -7.506244009120000005e-01
-3.755651527130000056e-01 -6.063181110900000004e-01
-3.041944386800000122e-01 -5.273931126330000385e-01
5.355703376000000085e-03 -5.917164898590000499e-01
-3.437995879140000044e-01 -6.294776200360000518e-01
-3.495251521120000260e-01 -4.901898334540000235e-01
-2.679401969640000103e-01 -4.299972795900000033e-01
-3.194136227100000114e-02 -4.855658314249999830e-01
-3.222899883149999978e-01 -5.047452800330000100e-01
-3.311770326910000173e-01 -4.015966694170000073e-01
-2.647310586100000140e-01 -3.459309004669999799e-01
-2.171339601489999938e-01 -2.288181135029999924e-01
-2.984362652490000212e-01 -4.696294984139999795e-01
-3.342014090139999727e-01 -6.274346343729999553e-01
-3.536958371839999948e-01 -7.235884885359999963e-01
-3.900847700699999754e-02 -7.173339151049999973e-01
-8.934381687799999860e-02 -9.558625233559999712e-01
-2.330863952099999914e-01 -1.000000000000000000e+00
-3.500190908160000225e-01 -9.741629830479999752e-01
1.360545162100000073e-02 -6.754294461880000489e-01
-3.283614841310000254e-01 -7.501798136930000194e-01
-3.723611070810000090e-01 -6.055286689179999460e-01
-3.024950593169999924e-01 -5.245470506599999583e-01
9.915563108000000070e-03 -5.900722572700000113e-01
-3.400340224210000040e-01 -6.293207172450000497e-01
-3.479859454940000263e-01 -4.901820543370000172e-01
-2.685609309859999794e-01 -4.284633033599999918e-01
-2.809836821300000162e-02 -4.842915507069999737e-01
-3.188163073840000195e-01 -5.046307318780000051e-01
-3.297053147060000078e-01 -4.015780846779999913e-01
-2.654116288639999932e-01 -3.448531636030000014e-01
-2.161522341859999918e-01 -2.329129076439999946e-01
-2.946448978810000119e-01 -4.790508469490000198e-01
-3.251759608379999889e-01 -6.411004096919999951e-01
-3.388805576109999995e-01 -7.374308135370000183e-01
-3.840564703299999966e-02 -7.204888399440000368e-01
-8.889476180699999730e-02 -9.556711107759999768e-01
-2.309409766159999933e-01 -1.000000000000000000e+00
-3.465486950369999763e-01 -9.756657141060000038e-01
1.467881028200000021e-02 -6.784492321680000160e-01
-3.296306187310000246e-01 -7.469885254160000265e-01
-3.708342610009999762e-01 -6.020198088849999518e-01
-2.988058481679999878e-01 -5.251371236980000301e-01
1.062427579400000016e-02 -5.928765634099999460e-01
-3.402305576949999910e-01 -6.272163403589999797e-01
-3.453298177249999878e-01 -4.899083121469999802e-01
-2.635032858420000013e-01 -4.322272475160000016e-01
-2.766903316900000062e-02 -4.869823403440000087e-01
-3.194251585089999956e-01 -5.038399909830000301e-01
-3.271629751490000015e-01 -4.020540655179999923e-01
-2.598420271340000087e-01 -3.479730011089999797e-01
-2.139670917560000107e-01 -2.345739830980000107e-01
-2.888635371220000247e-01 -4.809465668080000200e-01
-3.180016460780000220e-01 -6.415454246470000399e-01
-3.320347177469999966e-01 -7.392605627939999868e-01
-4.085790895599999972e-02 -7.187699312399999929e-01
-8.911263024500000463e-02 -9.554377690540000190e-01
-2.310777779129999931e-01 -1.000000000000000000e+00
-3.469522049570000211e-01 -9.746048276440000269e-01
1.119098088399999961e-02 -6.766300911670000140e-01
-3.274402492630000272e-01 -7.475835711680000051e-01
-3.668690247879999866e-01 -6.045005640370000322e-01
-2.945584411209999920e-01 -5.298050717829999590e-01
8.327260370999999342e-03 -5.906639161790000481e-01
-3.385035777789999756e-01 -6.250859643030000079e-01
-3.417507175710000067e-01 -4.897165895580000150e-01
-2.592626074509999934e-01 -4.343364443170000255e-01
-2.752789587900000140e-02 -4.838278961370000020e-01
-3.159599476600000179e-01 -5.018880256719999711e-01
-3.220704382260000109e-01 -4.022630241469999923e-01
-2.538512932170000069e-01 -3.504150412020000105e-01
-2.157490282120000102e-01 -2.326302872930000043e-01
-2.936190378940000123e-01 -4.756421997559999726e-01
-3.242431985500000002e-01 -6.344817034930000377e-01
-3.376459139440000090e-01 -7.289945735189999887e-01
-4.029551817500000299e-02 -7.184583582339999497e-01
-8.887675183300000614e-02 -9.560727363500000076e-01
-2.319081263149999905e-01 -1.000000000000000000e+00
-3.480560460780000032e-01 -9.741366641869999565e-01
1.307692152799999966e-02 -6.752285202169999723e-01
-3.311389219060000277e-01 -7.490644243720000484e-01
-3.761630788959999805e-01 -6.051077767989999634e-01
-3.065379679079999753e-01 -5.254560356330000293e-01
1.057034496999999934e-02 -5.891778450639999498e-01
-3.403807313200000184e-01 -6.276490564209999956e-01
-3.485022540980000083e-01 -4.897963235319999775e-01
-2.688028007909999961e-01 -4.289397415780000222e-01
-2.610469631199999890e-02 -4.827307153340000268e-01
-3.179562099259999886e-01 -5.033384731479999541e-01
-3.289319461269999967e-01 -4.013832726279999985e-01
-2.640266812220000148e-01 -3.451678649430000023e-01
-2.127964112340000047e-01 -2.337258326230000072e-01
-2.940436298519999991e-01 -4.754438485049999885e-01
-3.309941362869999737e-01 -6.313897008559999913e-01
-3.507990817309999954e-01 -7.232984887019999753e-01
-4.257006165800000103e-02 -7.197042635210000316e-01
-9.720352532999999851e-02 -9.561411319410000331e-01
-2.409162277230000038e-01 -1.000000000000000000e+00
-3.572178321280000124e-01 -9.740164794419999827e-01
8.753085594999999650e-03 -6.759332559980000266e-01
-3.320161430019999971e-01 -7.487437332520000544e-01
-3.754977316700000012e-01 -6.051372506579999477e-01
-3.061626884479999866e-01 -5.248927302729999855e-01
5.172913470000000194e-03 -5.893869473830000150e-01
-3.414829478559999743e-01 -6.257305099979999508e-01
-3.474401468330000076e-01 -4.874855342659999979e-01
-2.669420232060000231e-01 -4.258649470359999745e-01
-3.207708279100000143e-02 -4.830616694839999781e-01
-3.209544668500000086e-01 -5.005012565099999922e-01
-3.289521602050000104e-01 -3.969652901569999948e-01
-2.620007189049999852e-01 -3.398726112530000010e-01
-2.164309609810000090e-01 -2.293881269699999947e-01
-2.980839437109999990e-01 -4.711658009270000003e-01
-3.303537034849999832e-01 -6.279128446830000154e-01
-3.443341650180000157e-01 -7.189873271979999592e-01
-4.256088275599999998e-02 -7.188048485089999495e-01
-9.083762781300000477e-02 -9.564656201410000058e-01
-2.336750930529999937e-01 -1.000000000000000000e+00
-3.494710337449999926e-01 -9.736485791979999638e-01
1.127479246800000036e-02 -6.750750201730000288e-01
-3.286175550459999872e-01 -7.490333345770000539e-01
-3.731722249730000107e-01 -6.049765704580000181e-01
-3.034001238160000113e-01 -5.250446625429999736e-01
9.103913348000000280e-03 -5.882447103719999904e-01
-3.376409216119999890e-01 -6.283137290700000488e-01
-3.455525391359999809e-01 -4.904838508089999771e-01
-2.660828273379999831e-01 -4.296139261410000243e-01
-2.710709018399999962e-02 -4.816924145879999952e-01
-3.172789539900000011e-01 -5.025722490070000381e-01
-3.280770315759999889e-01 -4.005937805209999758e-01
-2.633892726570000176e-01 -3.440818436690000204e-01
-2.147507938240000025e-01 -2.335892963339999961e-01
-2.931845317060000067e-01 -4.782286450550000123e-01
-3.213627443639999748e-01 -6.385208356239999716e-01
-3.332032046399999725e-01 -7.332410897400000183e-01
-3.640666360800000334e-02 -7.182477071249999678e-01
-8.757517433599999734e-02 -9.562206124680000530e-01
-2.331528162529999948e-01 -1.000000000000000000e+00
-3.508830105060000148e-01 -9.740582265910000537e-01
1.674764155099999971e-02 -6.741317870580000315e-01
-3.235665472070000104e-01 -7.495386314749999945e-01
-3.691083469840000242e-01 -6.048200520299999994e-01
-2.996048933389999780e-01 -5.236793686449999763e-01
1.384747184599999931e-02 -5.872287744419999456e-01
-3.331463167670000169e-01 -6.276075364940000290e-01
-3.416444755320000026e-01 -4.894182302380000182e-01
-2.621118937210000222e-01 -4.276651007210000022e-01
-2.310222078999999915e-02 -4.807799827700000028e-01
-3.133208003979999767e-01 -5.023911668510000483e-01
-3.251487527540000144e-01 -3.997886995389999809e-01
-2.606016782019999756e-01 -3.423228680489999731e-01
-2.119373087020000046e-01 -2.301790700470000006e-01
-2.944293871070000068e-01 -4.722214699339999933e-01
-3.314504833510000248e-01 -6.282981644399999732e-01
-3.520841044290000110e-01 -7.159619346810000007e-01
-4.450777553500000205e-02 -7.209873122550000124e-01
-9.906750987800000408e-02 -9.583234204899999664e-01
-2.432781431580000042e-01 -1.000000000000000000e+00
-3.582917549449999850e-01 -9.713824024289999803e-01
6.994289322999999899e-03 -6.773480939220000163e-01
-3.337976224449999973e-01 -7.506218182549999618e-01
-3.755529028719999940e-01 -6.056103568549999761e-01
-3.038406278670000016e-01 -5.241750465779999590e-01
2.867120677999999805e-03 -5.901646538910000350e-01
-3.424275019890000160e-01 -6.274861098670000414e-01
-3.477197219639999726e-01 -4.901801394529999856e-01
-2.667820329510000033e-01 -4.289805013849999904e-01
-3.465516151899999953e-02 -4.829899774379999844e-01
-3.232967906459999763e-01 -5.002358944229999826e-01
-3.309958698220000217e-01 -3.967735864909999743e-01
-2.646109987310000244e-01 -3.391049344779999974e-01
-2.129721927540000059e-01 -2.300417293800000040e-01
-2.938741886999999831e-01 -4.731698545249999888e-01
-3.268809745369999908e-01 -6.310210935040000413e-01
-3.432456499539999761e-01 -7.222815985710000497e-01
-4.211138616500000043e-02 -7.213847829589999927e-01
-9.401539291100000084e-02 -9.589821160200000527e-01
-2.375114581120000012e-01 -1.000000000000000000e+00
-3.528019404489999844e-01 -9.724626736250000514e-01
1.084557457300000007e-02 -6.760858866400000222e-01
-3.301651925960000233e-01 -7.484461783979999838e-01
-3.709019300659999741e-01 -6.045082817129999730e-01
-2.985629330690000027e-01 -5.261759927050000396e-01
7.548644608999999922e-03 -5.875001704969999849e-01
-3.390721552770000202e-01 -6.288775601380000024e-01
-3.454251385250000084e-01 -4.921702088809999931e-01
-2.653956246370000049e-01 -4.329604755329999888e-01
-3.025294185499999983e-02 -4.797953086389999955e-01
-3.208101584640000170e-01 -5.028242697920000115e-01
-3.301197266590000234e-01 -4.020535664830000022e-01
-2.648539304699999986e-01 -3.469477370910000191e-01
-2.143233702289999987e-01 -2.294071204479999904e-01
-2.974013825010000112e-01 -4.740762363070000207e-01
-3.290703681620000265e-01 -6.340037335579999933e-01
-3.446912632979999835e-01 -7.240771398109999701e-01
-4.245784688899999909e-02 -7.218012818640000550e-01
-9.376095499000000610e-02 -9.598338803010000309e-01
-2.397089696670000047e-01 -1.000000000000000000e+00
-3.564936247339999809e-01 -9.692059308810000440e-01
1.118139911599999939e-02 -6.765686572950000421e-01
-3.290067985230000214e-01 -7.480123599389999489e-01
-3.745795577280000010e-01 -6.014278148680000102e-01
-3.037030241450000001e-01 -5.193828092309999978e-01
8.060185435999999218e-03 -5.877270749670000516e-01
-3.370649452819999836e-01 -6.263365956790000189e-01
-3.456866007530000062e-01 -4.877619641350000035e-01
-2.650252541049999966e-01 -4.266583822269999771e-01
-2.933043841299999913e-02 -4.800078118380000092e-01
-3.194367878239999792e-01 -4.987307848950000011e-01
-3.300111246870000015e-01 -3.949128535309999743e-01
-2.637812907880000002e-01 -3.374408030900000188e-01
-2.075218421570000082e-01 -2.296170589740000045e-01
-2.862109440780000180e-01 -4.733985675629999723e-01
-3.188416751379999914e-01 -6.330317549330000126e-01
-3.387334559360000164e-01 -7.250080030629999506e-01
-4.329184893600000056e-02 -7.196842291299999639e-01
-1.013681533280000047e-01 -9.597634177749999607e-01
-2.472007340590000046e-01 -1.000000000000000000e+00
-3.629746793820000095e-01 -9.702523632659999508e-01
6.062320522000000031e-03 -6.751022335770000549e-01
-3.312541115279999948e-01 -7.480491143549999888e-01
-3.723957855719999821e-01 -6.028610395869999916e-01
-3.005845015120000019e-01 -5.222763046520000341e-01
1.097364490999999968e-03 -5.875066900609999809e-01
-3.401970717310000003e-01 -6.278681117379999455e-01
-3.463899051730000012e-01 -4.897838672689999728e-01
-2.657331982450000241e-01 -4.289466912609999905e-01
-3.701120410300000330e-02 -4.811815467139999858e-01
-3.231769456940000174e-01 -5.013963678320000339e-01
-3.320751665500000227e-01 -3.972698438460000037e-01
-2.660496156580000049e-01 -3.397079493210000134e-01
-2.127215413659999943e-01 -2.246583028989999897e-01
-2.974267191389999843e-01 -4.653796001009999905e-01
-3.356715487940000187e-01 -6.236803571240000510e-01
-3.577193703789999790e-01 -7.148798125930000413e-01
-4.813780061200000071e-02 -7.179119834980000059e-01
-1.019471154680000047e-01 -9.582250201259999711e-01
-2.458927360070000123e-01 -1.000000000000000000e+00
-3.610194536490000106e-01 -9.697945913080000535e-01
3.006717963999999948e-03 -6.758006792830000276e-01
-3.351349409000000112e-01 -7.482598825940000031e-01
-3.753434937790000037e-01 -6.027758678469999909e-01
-3.024248936680000166e-01 -5.220338397429999944e-01
-1.088694863000000098e-03 -5.896692384499999662e-01
-3.444715865710000213e-01 -6.276955183239999458e-01
-3.491070163739999899e-01 -4.898200903180000010e-01
-2.677474377180000253e-01 -4.299386019770000122e-01
-3.909792932799999871e-02 -4.839515864319999805e-01
-3.261753212430000270e-01 -5.005230406709999524e-01
-3.334978445619999898e-01 -3.967433134200000211e-01
-2.669601241089999966e-01 -3.406579297430000208e-01
-2.125234977129999980e-01 -2.301511922189999892e-01
-2.919132264809999877e-01 -4.734211999249999803e-01
-3.241733001250000079e-01 -6.328049454609999680e-01
-3.398045184499999816e-01 -7.270821961610000050e-01
-4.767489684799999794e-02 -7.199912332229999601e-01
-1.104398392670000034e-01 -9.637840570889999459e-01
-2.607118243520000211e-01 -1.000000000000000000e+00
-3.781943075599999982e-01 -9.641929883819999603e-01
1.937568620000000097e-03 -6.773455809270000350e-01
-3.372465246740000144e-01 -7.501912530600000073e-01
-3.749822271639999816e-01 -6.040382658709999575e-01
-3.004434481639999821e-01 -5.247412448410000430e-01
-2.152669070000000004e-03 -5.915465800900000515e-01
-3.461044832399999827e-01 -6.275794194370000190e-01
-3.481399845240000235e-01 -4.904512185059999863e-01
-2.659702257880000031e-01 -4.324422062039999792e-01
-3.981799690699999728e-02 -4.855637405009999852e-01
-3.265339489499999859e-01 -5.033619617600000318e-01
-3.319156216240000123e-01 -3.995419636609999769e-01
-2.644089442390000211e-01 -3.434793977280000132e-01
-2.143243293990000076e-01 -2.373098959249999862e-01
-2.954050989640000235e-01 -4.863857624319999906e-01
-3.311302667570000247e-01 -6.501277027559999588e-01
-3.499316706369999808e-01 -7.478269338340000072e-01
-4.978190561100000189e-02 -7.254626384040000486e-01
-1.214690840999999993e-01 -9.670631740330000170e-01
-2.796015053099999981e-01 -1.000000000000000000e+00
-4.026155524730000157e-01 -9.630855517840000157e-01
4.824233399999999685e-05 -6.824673555560000215e-01
-3.416624326809999945e-01 -7.501269498410000347e-01
-3.814573386260000087e-01 -6.030258261009999732e-01
-3.081918271349999849e-01 -5.274762399529999701e-01
-4.141962223000000311e-03 -5.958907012759999677e-01
-3.494296343270000271e-01 -6.244226954249999517e-01
-3.515737690349999833e-01 -4.868599594760000260e-01
-2.682185453939999742e-01 -4.329940475090000018e-01
-4.298029426200000030e-02 -4.891408737499999826e-01
-3.312524063069999802e-01 -5.016693799489999606e-01
-3.339127990540000090e-01 -3.983326278239999740e-01
-2.624904421620000150e-01 -3.459381070379999867e-01
-2.208145029970000062e-01 -2.364806254579999989e-01
-3.021624144699999737e-01 -4.889682374089999728e-01
-3.322065365490000088e-01 -6.576661066860000071e-01
-3.462040934749999743e-01 -7.627587042579999643e-01
-4.886826783400000096e-02 -7.427947839340000025e-01
-1.648509478680000029e-01 -9.911429843600000344e-01
-3.432343556149999864e-01 -1.000000000000000000e+00
-4.682393447720000212e-01 -9.459777111920000259e-01
2.117936279000000137e-03 -6.966017562309999578e-01
-3.543562456959999940e-01 -7.658699310459999854e-01
-3.947836474170000054e-01 -6.101707116490000526e-01
-3.177236152430000238e-01 -5.319341703650000142e-01
-5.421989529999999939e-03 -6.078461824159999694e-01
-3.588833177619999981e-01 -6.315874985930000074e-01
-3.613227589479999780e-01 -4.887710611170000274e-01
-2.751427138099999947e-01 -4.339283755330000103e-01
-4.985955073000000043e-02 -4.990483196639999841e-01
-3.421295947749999899e-01 -5.065053119289999461e-01
-3.440181851510000222e-01 -3.989901705830000145e-01
-2.722846374810000136e-01 -3.451915872399999863e-01
-2.297996235170000068e-01 -2.325673451180000073e-01
-3.244799046519999952e-01 -4.787434242620000058e-01
-3.704265131889999951e-01 -6.439594913449999680e-01
-3.999087016369999859e-01 -7.527832915540000336e-01
-7.214553559799999349e-02 -7.587261414320000119e-01
-2.224764119769999937e-01 -1.000000000000000000e+00
-4.082470522250000178e-01 -9.898478319300000328e-01
-5.262846681130000093e-01 -9.298945352270000519e-01
-2.244114357400000051e-02 -7.100195871579999540e-01
-3.923168339950000028e-01 -7.838635172569999865e-01
-4.373944897259999798e-01 -6.171821857970000158e-01
-3.596687025090000156e-01 -5.383341956039999765e-01
-3.092082049099999924e-02 -6.181262242889999925e-01
-3.951961392450000221e-01 -6.459338804190000172e-01
-4.035406133259999972e-01 -4.962450960120000087e-01
-3.156542017869999883e-01 -4.411578621169999770e-01
-7.661160310100000037e-02 -5.050442637409999769e-01
-3.754700357929999788e-01 -5.073980177819999993e-01
-3.799698311060000222e-01 -3.948049160859999906e-01
-3.070965718329999872e-01 -3.426082624440000002e-01
