-1.429020709899999908e-01 -2.366719990739999946e-01
-2.253591419250000061e-01 -4.848119041580000177e-01
-2.873777498469999858e-01 -6.484916923669999944e-01
-3.461780058250000236e-01 -7.306802007049999492e-01
-4.878802148599999805e-02 -7.265400030269999476e-01
-1.188074875350000059e-01 -9.889108943140000330e-01
-2.748538455069999831e-01 -1.000000000000000000e+00
-3.842009657859999927e-01 -9.382232551950000499e-01
-2.285625178299999921e-02 -6.704213248010000292e-01
-3.840608461710000032e-01 -7.461479039759999488e-01
-4.109307714559999880e-01 -6.007784360690000547e-01
-3.231627271709999749e-01 -5.250422394649999491e-01
-5.560127929099999838e-02 -5.693024879229999780e-01
-4.166078154919999887e-01 -6.102125016460000495e-01
-4.065756441410000033e-01 -4.817364330380000115e-01
-3.143978099779999869e-01 -4.350604550150000138e-01
-1.172021491750000061e-01 -4.499975149129999963e-01
-4.164083533010000115e-01 -4.821187433710000247e-01
-4.149147736709999923e-01 -3.901024164879999812e-01
-3.476325541390000162e-01 -3.477729545550000134e-01
-1.578296036079999964e-01 -2.359847183159999862e-01
-2.400416107810000033e-01 -4.885385972860000203e-01
-2.956519198209999755e-01 -6.537293704690000373e-01
-3.452327172469999983e-01 -7.388907140049999489e-01
-4.735630291000000186e-02 -7.246116073470000307e-01
-1.162767966489999943e-01 -9.856349821830000524e-01
-2.699863989169999923e-01 -1.000000000000000000e+00
-3.785189149720000201e-01 -9.427373773610000507e-01
-1.854112630900000072e-02 -6.705610257690000076e-01
-3.808545968700000062e-01 -7.480990318300000386e-01
-4.099247295960000148e-01 -6.032507886040000544e-01
-3.241208378129999956e-01 -5.299445547450000182e-01
-4.948062608900000159e-02 -5.722528944429999820e-01
-4.118081000989999851e-01 -6.139707087060000124e-01
-4.046618601229999834e-01 -4.857824384989999911e-01
-3.144365194259999829e-01 -4.397588438080000106e-01
-1.107135998789999937e-01 -4.549231784800000233e-01
-4.108039594660000127e-01 -4.878511679859999783e-01
-4.110038353580000026e-01 -3.959725801269999845e-01
-3.444024994479999990e-01 -3.538217792280000107e-01
-1.803028017459999965e-01 -2.308275827909999911e-01
-2.652979549369999801e-01 -4.803133993309999794e-01
-3.179385681490000115e-01 -6.452243978060000495e-01
-3.577465876659999822e-01 -7.357928220580000067e-01
-5.036334511699999683e-02 -7.212218185619999611e-01
-1.159592265369999986e-01 -9.837914316839999618e-01
-2.700055777259999790e-01 -1.000000000000000000e+00
-3.798290262449999788e-01 -9.455276883840000313e-01
-1.661805863999999897e-02 -6.686817004980000201e-01
-3.716615157359999810e-01 -7.505251681919999918e-01
-4.040804248509999863e-01 -6.017839766189999606e-01
-3.211228813340000210e-01 -5.270606449620000022e-01
-4.138450362499999924e-02 -5.721722148660000062e-01
-3.985513026210000254e-01 -6.165873387029999764e-01
-3.938553409080000067e-01 -4.855717980340000239e-01
-3.049001797950000037e-01 -4.393231333440000275e-01
-9.900962020100000094e-02 -4.567072779940000160e-01
-3.949928088479999766e-01 -4.863561219670000102e-01
-3.928081763360000145e-01 -3.912659757899999979e-01
-3.226764164450000028e-01 -3.490198119810000166e-01
-1.886644085410000005e-01 -2.330882281960000024e-01
-2.714587311530000102e-01 -4.810797478450000164e-01
-3.236089191050000036e-01 -6.445691041050000125e-01
-3.600584626050000181e-01 -7.377735747850000525e-01
-5.031186444800000296e-02 -7.197469521110000379e-01
-1.133117985529999983e-01 -9.846034810349999500e-01
-2.689124992049999885e-01 -1.000000000000000000e+00
-3.804507026410000048e-01 -9.436563638939999832e-01
-1.555831661600000013e-02 -6.689036666719999635e-01
-3.703247205870000003e-01 -7.480745519929999920e-01
-4.065742962730000132e-01 -5.989993868059999560e-01
-3.256719265940000163e-01 -5.251158500560000331e-01
-3.851814710200000130e-02 -5.748057064139999728e-01
-3.968959100850000254e-01 -6.098944614839999501e-01
-3.930171500849999888e-01 -4.795402568359999895e-01
-3.037558646690000086e-01 -4.354970195799999777e-01
-9.386241048599999748e-02 -4.615708544300000105e-01
-3.897550818659999972e-01 -4.803770158080000185e-01
-3.872810397920000147e-01 -3.838447458850000049e-01
-3.149347556040000273e-01 -3.428504115309999878e-01
-1.941180257379999941e-01 -2.296729067949999925e-01
-2.792647005800000248e-01 -4.753114265039999897e-01
-3.304846983570000063e-01 -6.367628468760000437e-01
-3.629898993960000153e-01 -7.273827121570000109e-01
-4.783101931199999768e-02 -7.199662881559999450e-01
-1.092404046869999978e-01 -9.826771933029999628e-01
-2.630448933210000062e-01 -1.000000000000000000e+00
-3.729609136950000070e-01 -9.457227294459999989e-01
-9.308814036000000181e-03 -6.718996604500000469e-01
-3.624294327709999819e-01 -7.516980294139999907e-01
-3.972206594179999994e-01 -6.025686066209999803e-01
-3.152143118729999749e-01 -5.264503261759999608e-01
-3.067352977400000097e-02 -5.802169721330000529e-01
-3.893232598399999911e-01 -6.171785629339999746e-01
-3.860595851670000078e-01 -4.845332731879999910e-01
-2.969686823439999790e-01 -4.376856324439999946e-01
-8.668460420699999891e-02 -4.686543015579999749e-01
-3.840302227160000137e-01 -4.887813512179999820e-01
-3.836788131219999731e-01 -3.914119203309999739e-01
-3.128410860049999909e-01 -3.485246247100000083e-01
-1.961321826790000111e-01 -2.266194941839999866e-01
-2.812980885490000138e-01 -4.680467972969999946e-01
-3.343426628189999916e-01 -6.293123463240000159e-01
-3.690992804839999808e-01 -7.236941069890000522e-01
-4.997960487099999821e-02 -7.137267697810000255e-01
-1.066003938520000000e-01 -9.789393532010000065e-01
-2.589995070130000077e-01 -1.000000000000000000e+00
-3.692270918119999745e-01 -9.470095068830000073e-01
-1.165010912199999915e-02 -6.666966036200000501e-01
-3.620399058659999891e-01 -7.512353859239999654e-01
-4.003141619119999772e-01 -6.016949506000000003e-01
-3.190403380519999943e-01 -5.249785413209999696e-01
-3.173548782999999901e-02 -5.766749795009999957e-01
-3.868233472279999918e-01 -6.171648018169999528e-01
-3.855924101389999747e-01 -4.838206985949999872e-01
-2.956538309430000178e-01 -4.373249487620000098e-01
-8.544025070699999558e-02 -4.674028284030000147e-01
-3.799675068200000227e-01 -4.859881154929999725e-01
-3.780640541440000169e-01 -3.869491195060000277e-01
-3.036441243260000200e-01 -3.443875302489999846e-01
-2.157308007139999984e-01 -2.220180787059999883e-01
-3.030207735570000227e-01 -4.596416871890000033e-01
-3.545059257359999827e-01 -6.152416519390000449e-01
-3.817649370439999967e-01 -7.074269520789999710e-01
-5.334469468599999792e-02 -7.156517430959999926e-01
-1.026118851490000067e-01 -9.767139693980000370e-01
-2.495285108189999879e-01 -1.000000000000000000e+00
-3.598810111140000045e-01 -9.484940772709999912e-01
-1.983425656000000013e-03 -6.724624135150000237e-01
-3.514388232119999844e-01 -7.403474880699999483e-01
-3.885503844289999731e-01 -5.912119754939999527e-01
-3.078800646429999954e-01 -5.171171771300000497e-01
-9.823868971000000380e-03 -5.866489307450000190e-01
-3.681146608399999964e-01 -6.127548758170000553e-01
-3.658036248539999757e-01 -4.765439654499999955e-01
-2.754088941899999754e-01 -4.290329273360000140e-01
-5.579349169399999697e-02 -4.818375414509999954e-01
-3.552693012879999945e-01 -4.857824657229999898e-01
-3.528020004490000083e-01 -3.838521229329999729e-01
-2.749082730399999841e-01 -3.411490740340000216e-01
-2.173979505099999932e-01 -2.231484811630000120e-01
-3.047943364790000054e-01 -4.605459886089999788e-01
-3.514666782359999742e-01 -6.193654225079999742e-01
-3.762131472060000204e-01 -7.149166069889999475e-01
-5.374543274299999757e-02 -7.153910126420000015e-01
-8.670212930100000548e-02 -9.673401380070000277e-01
-2.259674193089999950e-01 -1.000000000000000000e+00
-3.377015682860000090e-01 -9.560256979050000270e-01
1.243066701999999933e-03 -6.735487380479999731e-01
-3.418689505559999731e-01 -7.361235137599999589e-01
-3.842543471989999793e-01 -5.892009052329999497e-01
-3.119953726049999876e-01 -5.099658347790000379e-01
-1.585451209999999903e-03 -5.880460829100000453e-01
-3.539666286100000003e-01 -6.125629138439999677e-01
-3.553544050410000210e-01 -4.759747077609999821e-01
-2.705136978900000155e-01 -4.233349549850000115e-01
-4.184211339599999691e-02 -4.823697539899999831e-01
-3.373635130950000116e-01 -4.886643508499999844e-01
-3.412230532819999773e-01 -3.883252409640000069e-01
-2.699957457550000162e-01 -3.417319322740000054e-01
-2.147404849389999981e-01 -2.220729160430000015e-01
-3.010393331299999753e-01 -4.563239821189999934e-01
-3.461917451720000205e-01 -6.134380564100000433e-01
-3.671804574859999781e-01 -7.053556651529999666e-01
-4.809246224400000325e-02 -7.126770488350000488e-01
-8.911513021099999599e-02 -9.678135095100000029e-01
-2.297094870770000075e-01 -1.000000000000000000e+00
-3.386550409799999883e-01 -9.585718198470000173e-01
5.095802919999999764e-03 -6.704116269459999833e-01
-3.371136824200000048e-01 -7.414418261509999608e-01
-3.796088767910000272e-01 -5.918402767889999749e-01
-3.047629396930000012e-01 -5.125616136959999514e-01
-9.247410239999999870e-04 -5.846980836820000471e-01
-3.524676999549999912e-01 -6.159390815969999489e-01
-3.566786900600000254e-01 -4.761946119430000013e-01
-2.719211077879999938e-01 -4.238087092319999805e-01
-4.559125177599999967e-02 -4.796817064000000186e-01
-3.412930819930000137e-01 -4.885271479630000080e-01
-3.438503401799999915e-01 -3.836746060339999986e-01
-2.703086936910000238e-01 -3.349752072230000044e-01
-2.137098308569999883e-01 -2.211660633420000077e-01
-3.017064670519999936e-01 -4.542967045710000207e-01
-3.483245174999999860e-01 -6.077377941460000432e-01
-3.671474505890000017e-01 -6.934602250720000027e-01
-4.411772700100000111e-02 -7.121792710259999826e-01
-7.442787994800000029e-02 -9.599052565989999453e-01
-2.115548263020000097e-01 -1.000000000000000000e+00
-3.223293702389999904e-01 -9.651842081279999874e-01
1.021818218199999941e-02 -6.693365498329999497e-01
-3.333691189929999799e-01 -7.361259842130000175e-01
-3.797937834599999785e-01 -5.899667790179999871e-01
-3.074993487680000026e-01 -5.104441962660000165e-01
4.808371262999999902e-03 -5.832366692579999956e-01
-3.471453256559999812e-01 -6.156344655180000514e-01
-3.535093899880000223e-01 -4.785851974090000183e-01
-2.695720088319999985e-01 -4.246683991369999966e-01
-3.884485926499999658e-02 -4.783313436089999815e-01
-3.337853152349999908e-01 -4.898005665419999932e-01
-3.392892283289999922e-01 -3.881972834030000263e-01
-2.678515212970000170e-01 -3.404736018069999814e-01
-2.123311477700000061e-01 -2.197551008799999983e-01
-2.999907319690000018e-01 -4.520571821709999938e-01
-3.415167165249999859e-01 -6.085008016339999992e-01
-3.599625151370000053e-01 -6.973013436599999615e-01
-5.031341654899999793e-02 -7.119445072690000487e-01
-7.710285999200000573e-02 -9.599986390770000044e-01
-2.117549867259999885e-01 -1.000000000000000000e+00
-3.199769572769999848e-01 -9.651621965850000207e-01
5.569184922000000246e-03 -6.698395728930000015e-01
-3.384295419089999868e-01 -7.350200917339999584e-01
-3.831294320040000145e-01 -5.887492982740000214e-01
-3.092477937759999795e-01 -5.121760732529999638e-01
-2.760887899999999842e-05 -5.834400272409999699e-01
-3.536002024279999989e-01 -6.119717117759999603e-01
-3.582077245549999955e-01 -4.749761768840000120e-01
-2.730200181099999845e-01 -4.241991263880000029e-01
-4.450885896400000319e-02 -4.785014681509999757e-01
-3.413762551930000222e-01 -4.848517891249999878e-01
-3.429250482160000058e-01 -3.817960718980000223e-01
-2.686346684409999797e-01 -3.350501965670000248e-01
-2.113952421309999996e-01 -2.235259927500000132e-01
-2.941665492020000272e-01 -4.607980286819999827e-01
-3.335970806119999965e-01 -6.172446449170000404e-01
-3.515572331249999793e-01 -7.064903478870000475e-01
-4.487457966499999729e-02 -7.126395784500000330e-01
-7.510395765900000631e-02 -9.586501485280000123e-01
-2.100619111179999887e-01 -1.000000000000000000e+00
-3.193021498060000241e-01 -9.678792846320000143e-01
8.700806243000000495e-03 -6.709113342069999986e-01
-3.362006307709999864e-01 -7.360951272189999450e-01
-3.802212511809999751e-01 -5.882476189480000395e-01
-3.058328707260000168e-01 -5.128312111389999872e-01
2.482431059999999981e-03 -5.863067898039999726e-01
-3.508527933089999884e-01 -6.162875256030000415e-01
-3.552629206760000158e-01 -4.764942285709999892e-01
-2.685931564230000235e-01 -4.246989685729999908e-01
-4.197208344000000202e-02 -4.826655946930000218e-01
-3.379729605089999978e-01 -4.907854469140000009e-01
-3.401391825499999744e-01 -3.858379753619999852e-01
-2.648433833759999967e-01 -3.381735727180000262e-01
-2.172991612680000018e-01 -2.234965594220000018e-01
-3.057541801070000065e-01 -4.603924579349999990e-01
-3.460682960970000166e-01 -6.159932090630000356e-01
-3.602724993509999751e-01 -7.016693127809999764e-01
-5.120037434799999676e-02 -7.185021364239999597e-01
-7.308526270000000047e-02 -9.623855519709999529e-01
-2.081163674429999944e-01 -1.000000000000000000e+00
-3.166416497680000219e-01 -9.655659906969999984e-01
7.876729807000000527e-03 -6.744358234620000392e-01
-3.394913874389999808e-01 -7.363221253110000530e-01
-3.864927338249999900e-01 -5.866973368550000290e-01
-3.112149197660000199e-01 -5.111046306409999795e-01
5.036690479999999734e-03 -5.870967872679999644e-01
-3.516419664539999768e-01 -6.137379494870000007e-01
-3.581405131350000048e-01 -4.739001154529999815e-01
-2.710303200049999917e-01 -4.229939479350000031e-01
-3.664750222500000321e-02 -4.811508812120000034e-01
-3.368654691869999995e-01 -4.872181108970000118e-01
-3.398657731999999987e-01 -3.837868695839999900e-01
-2.636323343599999980e-01 -3.366387226079999850e-01
-2.166523230590000071e-01 -2.224170740939999946e-01
-3.015429024860000196e-01 -4.599294674750000200e-01
-3.389383381430000064e-01 -6.151408665330000414e-01
-3.530401831659999989e-01 -6.993266612720000497e-01
-4.661178628899999982e-02 -7.157741382229999560e-01
-6.874437416499999676e-02 -9.608800460559999701e-01
-2.034695314370000008e-01 -1.000000000000000000e+00
-3.116363661439999766e-01 -9.670009640690000463e-01
1.171730174600000077e-02 -6.734922994680000441e-01
-3.336875896939999753e-01 -7.362709583040000227e-01
-3.807079684290000099e-01 -5.867563202750000206e-01
-3.058587533939999825e-01 -5.108586424850000141e-01
8.341194822999999439e-03 -5.880601067070000409e-01
-3.479505789540000005e-01 -6.143746158959999537e-01
-3.553378632670000092e-01 -4.737612630870000063e-01
-2.689500124800000003e-01 -4.210341042349999841e-01
-3.444106249699999817e-02 -4.840418274150000144e-01
-3.343959160139999831e-01 -4.870746756750000128e-01
-3.377828342340000178e-01 -3.823245368520000187e-01
-2.618698249070000039e-01 -3.347052961750000000e-01
-2.158389203549999913e-01 -2.237526304520000009e-01
-2.996255842080000065e-01 -4.600661147519999883e-01
-3.351875014480000248e-01 -6.161570542169999554e-01
-3.484705578699999751e-01 -7.040449298950000045e-01
-4.222782281200000015e-02 -7.139256464440000283e-01
-6.186387998100000007e-02 -9.589551770119999485e-01
-1.971604654659999956e-01 -1.000000000000000000e+00
-3.076087046529999980e-01 -9.668586058179999831e-01
1.658451403000000060e-02 -6.705778606860000046e-01
-3.264144428610000204e-01 -7.357749028000000191e-01
-3.785195628790000155e-01 -5.874832766190000166e-01
-3.081559857069999797e-01 -5.098627824410000287e-01
1.347258575000000007e-02 -5.855441599149999732e-01
-3.397089436160000142e-01 -6.154161034049999701e-01
-3.506453534100000269e-01 -4.752129692770000191e-01
-2.670642223429999795e-01 -4.203005449459999987e-01
-2.833523932700000164e-02 -4.822406274400000137e-01
-3.257044289659999925e-01 -4.912538774660000218e-01
-3.330937466769999800e-01 -3.878010103949999787e-01
-2.607199676729999860e-01 -3.375098637589999950e-01
-2.150131320529999890e-01 -2.234429040600000027e-01
-3.010439034480000275e-01 -4.599606390400000078e-01
-3.395067885010000230e-01 -6.149572625450000496e-01
-3.551842630870000184e-01 -7.004813796529999470e-01
-4.019249796200000113e-02 -7.126810191919999982e-01
-6.012607300199999949e-02 -9.589504784700000339e-01
-1.948199106309999873e-01 -1.000000000000000000e+00
-3.043332532510000243e-01 -9.668736891210000239e-01
1.742966948299999944e-02 -6.679965644709999761e-01
-3.255622723029999999e-01 -7.416855599139999811e-01
-3.794342501410000179e-01 -5.935579028280000280e-01
-3.102475963829999794e-01 -5.125808499589999956e-01
1.395984964599999989e-02 -5.821403388229999809e-01
-3.385934725929999889e-01 -6.165035710549999770e-01
-3.505468708999999738e-01 -4.767935586140000237e-01
-2.673185891079999932e-01 -4.198217152150000020e-01
-2.798818869199999962e-02 -4.782158055929999763e-01
-3.238203926350000095e-01 -4.885387008209999826e-01
-3.314024573059999867e-01 -3.845772279199999866e-01
-2.588308287889999892e-01 -3.328915209450000190e-01
-2.135863186449999951e-01 -2.237332355599999933e-01
-2.977240644720000051e-01 -4.580409825630000209e-01
-3.358774256850000084e-01 -6.144069995819999574e-01
-3.513223125350000142e-01 -7.022714132949999799e-01
-3.704418500000000031e-02 -7.086230635279999746e-01
-5.549628724700000210e-02 -9.581447156319999880e-01
-1.894528074830000020e-01 -1.000000000000000000e+00
-2.990027200650000050e-01 -9.676306907949999703e-01
2.239586051000000064e-02 -6.653551031309999919e-01
-3.206958023709999828e-01 -7.387728607579999718e-01
-3.711822902860000273e-01 -5.892356939159999474e-01
-2.988438157539999862e-01 -5.116604735259999703e-01
1.916721803100000093e-02 -5.810749417499999625e-01
-3.358782605589999970e-01 -6.141498584540000527e-01
-3.451717045500000136e-01 -4.731291000130000146e-01
-2.590132858570000085e-01 -4.211147930590000144e-01
-2.414009738799999943e-02 -4.788372712710000090e-01
-3.224797421350000248e-01 -4.871210281750000259e-01
-3.280948249649999759e-01 -3.823120855630000037e-01
-2.530397638790000125e-01 -3.348422749480000071e-01
-2.119892428310000132e-01 -2.190938249240000080e-01
-3.006994722690000121e-01 -4.513639545600000025e-01
-3.417408855979999771e-01 -6.059281324499999899e-01
-3.584667192029999949e-01 -6.892419972479999490e-01
-3.929666118200000197e-02 -7.132350550060000405e-01
-5.287846850100000329e-02 -9.568260886130000031e-01
-1.851148418430000053e-01 -1.000000000000000000e+00
-2.941571159429999804e-01 -9.672611771269999936e-01
2.026473169299999877e-02 -6.691905780319999941e-01
-3.182979604839999976e-01 -7.417832974100000420e-01
-3.706875975650000266e-01 -5.946993544009999688e-01
-2.999427816560000237e-01 -5.104122833449999952e-01
1.751297753399999949e-02 -5.821501744439999682e-01
-3.324358193470000056e-01 -6.198102484549999902e-01
-3.440298979140000157e-01 -4.796821955130000092e-01
-2.597946346319999766e-01 -4.213966387199999941e-01
-2.415560697200000093e-02 -4.768033823230000134e-01
-3.200523685610000002e-01 -4.906863339379999855e-01
-3.285231253820000141e-01 -3.870308149719999813e-01
-2.560609467400000172e-01 -3.347940943869999741e-01
-2.161208214750000023e-01 -2.189619039150000057e-01
-3.063503342619999792e-01 -4.509159617949999865e-01
-3.486832585210000168e-01 -6.055346860739999615e-01
-3.685152157159999886e-01 -6.898052377740000463e-01
-4.224951770100000142e-02 -7.133012422879999592e-01
-5.823630223000000189e-02 -9.595877072320000423e-01
-1.907493097200000098e-01 -1.000000000000000000e+00
-2.987375309640000198e-01 -9.667473131749999560e-01
1.863317409299999894e-02 -6.688404035520000290e-01
-3.251799233530000000e-01 -7.429744752189999524e-01
-3.775134429079999854e-01 -5.938211378940000396e-01
-3.052247180730000009e-01 -5.126065615360000383e-01
1.698868719399999894e-02 -5.819606973590000232e-01
-3.387679315370000221e-01 -6.198738652669999460e-01
-3.506014231899999833e-01 -4.788442196809999940e-01
-2.650801920079999818e-01 -4.227621990120000173e-01
-2.399939939799999866e-02 -4.769727384829999806e-01
-3.233789560690000231e-01 -4.899304034640000194e-01
-3.333762932959999925e-01 -3.863823247729999966e-01
-2.610104918660000051e-01 -3.359622224139999780e-01
-2.144438744069999958e-01 -2.174667889970000045e-01
-3.046865012139999829e-01 -4.500144008799999984e-01
-3.441227008619999750e-01 -6.049585038579999852e-01
-3.632665368829999797e-01 -6.863358895040000407e-01
-3.973640736700000120e-02 -7.155091573030000207e-01
-5.665991828599999808e-02 -9.602936367130000539e-01
-1.910241294979999893e-01 -1.000000000000000000e+00
-2.998606155140000062e-01 -9.662222263869999495e-01
2.245777495699999987e-02 -6.705482033020000454e-01
-3.172042307749999845e-01 -7.444930005569999620e-01
-3.700858204829999831e-01 -5.945639980510000200e-01
-2.977084431579999912e-01 -5.122340355979999593e-01
2.101165013399999837e-02 -5.828574353400000074e-01
-3.312569354570000235e-01 -6.233217065770000342e-01
-3.461093860430000113e-01 -4.806862133120000102e-01
-2.626541574210000118e-01 -4.223974350699999936e-01
-2.018607890699999907e-02 -4.777280018769999859e-01
-3.196926917160000103e-01 -4.927640733029999831e-01
-3.315784933520000144e-01 -3.880330676939999779e-01
-2.607828004839999880e-01 -3.352217284569999900e-01
-2.172394055680000047e-01 -2.190106646780000110e-01
-3.037666342509999784e-01 -4.535328140930000029e-01
-3.368955761460000198e-01 -6.095596912690000035e-01
-3.476995356529999914e-01 -6.907696303429999851e-01
-3.814550124800000080e-02 -7.126867463020000182e-01
-5.345011036499999757e-02 -9.575856596259999520e-01
-1.868936781190000118e-01 -1.000000000000000000e+00
-2.956353570390000129e-01 -9.694723317929999640e-01
2.419118935900000170e-02 -6.688782633500000019e-01
-3.149370804100000143e-01 -7.437271608759999930e-01
-3.695431263330000160e-01 -5.948834778999999573e-01
-2.987184411170000220e-01 -5.128404306510000454e-01
2.228906874199999832e-02 -5.829432143870000305e-01
-3.289178158100000138e-01 -6.217867522190000384e-01
-3.445811892139999943e-01 -4.797322833150000077e-01
-2.613436876279999765e-01 -4.214135945610000267e-01
-2.033363590099999951e-02 -4.791394290509999876e-01
-3.175366328479999889e-01 -4.931711506620000129e-01
-3.293621773870000213e-01 -3.886713756340000048e-01
-2.580500528279999761e-01 -3.354078580539999743e-01
-2.202843933009999977e-01 -2.183082638570000011e-01
-3.086466445420000260e-01 -4.533867833570000005e-01
-3.425508784060000145e-01 -6.093752672200000164e-01
-3.553678938939999754e-01 -6.916969620849999778e-01
-4.418360214900000221e-02 -7.161639173930000046e-01
-5.858036236400000069e-02 -9.602406456619999586e-01
-1.900885036470000011e-01 -1.000000000000000000e+00
-2.968783687209999855e-01 -9.670615654669999506e-01
2.033650319599999978e-02 -6.720160613610000055e-01
-3.208338741980000242e-01 -7.448864128590000355e-01
-3.719006364490000105e-01 -5.945978225429999764e-01
-2.986831504390000114e-01 -5.137415081949999740e-01
2.106245309199999971e-02 -5.850229097560000202e-01
-3.340058275980000158e-01 -6.222510184839999958e-01
-3.465036045639999784e-01 -4.799917069010000148e-01
-2.611308501319999920e-01 -4.240357169589999975e-01
-1.882264346899999857e-02 -4.795535015629999731e-01
-3.198064420200000257e-01 -4.921742638609999942e-01
-3.301520691209999803e-01 -3.873967883450000205e-01
-2.576758594460000218e-01 -3.356387943210000224e-01
-2.203471081299999967e-01 -2.213049778060000028e-01
-3.074768217709999973e-01 -4.579213558470000001e-01
-3.405708492180000158e-01 -6.153422601369999967e-01
-3.513662436810000012e-01 -7.011473998639999872e-01
-4.304841814000000266e-02 -7.132537666610000437e-01
-5.746684298600000101e-02 -9.585464550050000199e-01
-1.898772259510000116e-01 -1.000000000000000000e+00
-2.986776056150000080e-01 -9.689371965849999935e-01
2.052654130799999935e-02 -6.692822670529999796e-01
-3.217183558339999916e-01 -7.398122462130000132e-01
-3.737118852279999737e-01 -5.915479682930000482e-01
-3.033072934459999925e-01 -5.103032677290000318e-01
2.111677032100000087e-02 -5.829053693069999875e-01
-3.346213632419999806e-01 -6.181203537639999857e-01
-3.468359105989999858e-01 -4.766760864049999769e-01
-2.639901564820000268e-01 -4.188386998359999724e-01
-1.837107701800000034e-02 -4.786473557929999956e-01
-3.186759092800000026e-01 -4.913256210729999851e-01
-3.284486334189999912e-01 -3.870923291930000176e-01
-2.575337833649999908e-01 -3.341141483530000178e-01
-2.238107005149999884e-01 -2.236675023949999952e-01
-3.099166945640000059e-01 -4.630973809489999926e-01
-3.379065418269999732e-01 -6.230626987209999523e-01
-3.414592412870000038e-01 -7.104685036950000310e-01
-4.001961317899999787e-02 -7.169352474300000333e-01
-5.392181860300000046e-02 -9.584444020190000524e-01
-1.878970054309999915e-01 -1.000000000000000000e+00
-2.982614540119999935e-01 -9.686913091990000391e-01
2.541724480900000097e-02 -6.724583235169999673e-01
-3.183677249979999790e-01 -7.440401509170000427e-01
-3.736076406170000253e-01 -5.944299115679999579e-01
-3.046558260350000213e-01 -5.103673706089999484e-01
2.714086691199999943e-02 -5.859820185680000293e-01
-3.304695114199999728e-01 -6.213795822990000328e-01
-3.453058293669999945e-01 -4.782386856040000134e-01
-2.628243679739999950e-01 -4.178462600069999811e-01
-1.204606184299999994e-02 -4.812399458689999854e-01
-3.136309484759999822e-01 -4.949088573000000046e-01
-3.253438803570000148e-01 -3.902337945780000039e-01
-2.547461771180000167e-01 -3.350851455180000049e-01
-2.249788333599999912e-01 -2.202741149620000005e-01
-3.138017272879999875e-01 -4.572268441969999930e-01
-3.472551177770000219e-01 -6.139800908220000020e-01
-3.576930937209999994e-01 -6.970327995170000346e-01
-4.699132382099999866e-02 -7.181384481739999659e-01
-5.836102089700000162e-02 -9.592846957280000142e-01
-1.895815844819999929e-01 -1.000000000000000000e+00
-2.978380011469999866e-01 -9.676790429239999769e-01
2.079019343100000153e-02 -6.732990758750000415e-01
-3.190202466350000043e-01 -7.421380230370000497e-01
-3.714705883869999781e-01 -5.935261361550000503e-01
-3.006681239980000253e-01 -5.118438757419999652e-01
2.521279930499999850e-02 -5.855349943009999780e-01
-3.286586538269999913e-01 -6.200526331989999473e-01
-3.409274557020000040e-01 -4.792004106280000064e-01
-2.569682379259999871e-01 -4.210890733739999781e-01
-1.036112137000000030e-02 -4.793651793390000249e-01
-3.107855601310000049e-01 -4.925847753989999744e-01
-3.220901182679999919e-01 -3.890155505389999990e-01
-2.513057428220000222e-01 -3.349428743230000172e-01
-2.240606069440000125e-01 -2.168396362810000033e-01
-3.144556448399999926e-01 -4.470081289610000064e-01
-3.513396200519999790e-01 -6.007907108619999770e-01
-3.655219010160000170e-01 -6.823584229689999558e-01
-4.575579811299999855e-02 -7.165589594829999687e-01
-5.888488688699999862e-02 -9.611564151629999886e-01
-1.914328649710000108e-01 -1.000000000000000000e+00
-2.976564830940000017e-01 -9.663857410980000173e-01
2.125394222499999916e-02 -6.715066194030000490e-01
-3.168474115409999903e-01 -7.475119108979999538e-01
-3.708789214579999993e-01 -5.965612322150000146e-01
-2.974729559770000198e-01 -5.107348930370000373e-01
2.473128825500000086e-02 -5.838030935210000161e-01
-3.265212150890000053e-01 -6.266329718390000192e-01
-3.424969925140000093e-01 -4.819399107339999988e-01
-2.583488234210000178e-01 -4.202683218089999784e-01
-1.236860121399999991e-02 -4.789490289100000187e-01
-3.109671275940000257e-01 -4.955109666020000025e-01
-3.245653135580000015e-01 -3.887904171250000096e-01
-2.537875878260000273e-01 -3.314349072380000094e-01
-2.274389943300000050e-01 -2.162292076529999940e-01
-3.201020985490000137e-01 -4.468188773619999887e-01
-3.606940598760000061e-01 -5.986392199550000237e-01
-3.748822219410000156e-01 -6.813714703490000302e-01
-4.945169450200000150e-02 -7.191335640360000392e-01
-6.367818720899999507e-02 -9.621237599170000543e-01
-1.964407791710000017e-01 -1.000000000000000000e+00
-3.043243422379999785e-01 -9.654142763740000133e-01
1.780392528800000054e-02 -6.756771858210000037e-01
-3.225327121609999903e-01 -7.446500747130000430e-01
-3.763605821680000019e-01 -5.935427947870000054e-01
-3.046692240630000104e-01 -5.069282281989999639e-01
2.269615523699999859e-02 -5.893267060779999733e-01
-3.319331140640000011e-01 -6.257186907180000146e-01
-3.475020247480000157e-01 -4.806077605030000255e-01
-2.645651328840000205e-01 -4.167597629170000095e-01
-1.175839398199999934e-02 -4.841843475559999832e-01
-3.121034895379999896e-01 -4.983272268530000160e-01
-3.281135783879999823e-01 -3.922101144840000053e-01
-2.601524117430000227e-01 -3.338625639350000229e-01
-2.289084528929999918e-01 -2.178251558179999936e-01
-3.220129890919999904e-01 -4.501361820429999883e-01
-3.606946225989999810e-01 -6.038282128509999680e-01
-3.732536960330000153e-01 -6.884847769949999918e-01
-4.661164761400000273e-02 -7.215424735409999846e-01
-6.190396811499999929e-02 -9.632655295559999775e-01
-1.980890250079999915e-01 -1.000000000000000000e+00
-3.071199852329999924e-01 -9.643806259849999618e-01
2.366770451300000133e-02 -6.772677700610000295e-01
-3.157101902969999818e-01 -7.476709197659999750e-01
-3.720399241299999771e-01 -5.960753013239999953e-01
-2.999977397170000004e-01 -5.091112002669999637e-01
2.999998116399999956e-02 -5.890513310239999800e-01
-3.242607462320000189e-01 -6.250856082140000547e-01
-3.420587786559999843e-01 -4.796030660739999951e-01
-2.585638350969999832e-01 -4.159992710589999754e-01
-3.275338241999999934e-03 -4.816520124990000262e-01
-3.044509678719999890e-01 -4.964781967460000223e-01
-3.225704313559999981e-01 -3.916390723800000084e-01
-2.545797098170000106e-01 -3.340238968409999787e-01
-2.299205457210000136e-01 -2.108029774469999951e-01
-3.327222553070000033e-01 -4.341416064129999808e-01
-3.872403666390000221e-01 -5.818370308760000276e-01
-4.139413995540000002e-01 -6.603316501239999692e-01
-5.352316001699999881e-02 -7.239865299909999941e-01
-6.583188950899999947e-02 -9.638096354130000210e-01
-1.987251750440000020e-01 -1.000000000000000000e+00
-3.072374415310000217e-01 -9.629007222259999832e-01
1.756478268100000045e-02 -6.806795023680000112e-01
-3.245494813229999886e-01 -7.457663799089999657e-01
-3.795580005590000194e-01 -5.916997991200000362e-01
-3.064230477770000238e-01 -5.003585471689999675e-01
2.553768057699999997e-02 -5.927541666879999616e-01
-3.310203401010000102e-01 -6.267164217709999541e-01
-3.486867099689999749e-01 -4.780019685110000194e-01
-2.645187102059999851e-01 -4.109677126610000175e-01
-6.102864377000000173e-03 -4.853579457039999823e-01
-3.097577084340000231e-01 -4.988075991929999953e-01
-3.305825162889999835e-01 -3.926051218880000082e-01
-2.641979284040000264e-01 -3.328307217750000047e-01
-2.339396330790000089e-01 -2.111082724080000084e-01
-3.370116306409999818e-01 -4.370521767889999909e-01
-3.918021083050000075e-01 -5.854238255220000076e-01
-4.163317233150000130e-01 -6.642762654589999816e-01
-5.470209936300000214e-02 -7.257376016080000491e-01
-7.339846265299999895e-02 -9.685847785879999616e-01
-2.077265722989999897e-01 -1.000000000000000000e+00
-3.138514061750000139e-01 -9.617547161510000553e-01
1.738166509800000148e-02 -6.848025752719999470e-01
-3.263074476699999726e-01 -7.517851186649999740e-01
-3.787774745099999896e-01 -5.947306567200000282e-01
-3.028852108749999772e-01 -5.052418078570000137e-01
2.648642792200000054e-02 -5.987847510529999973e-01
-3.341632755989999981e-01 -6.298161797579999721e-01
-3.509325377390000167e-01 -4.790527814330000078e-01
-2.652419214050000251e-01 -4.131378034400000065e-01
-5.147420966999999813e-03 -4.922158493329999995e-01
-3.141562829260000078e-01 -4.984715001269999779e-01
-3.325855242210000173e-01 -3.915284572919999762e-01
-2.626286110080000014e-01 -3.343626472049999743e-01
-2.356847892320000082e-01 -2.148405025990000050e-01
-3.359823929879999782e-01 -4.455987490650000216e-01
-3.823358699989999887e-01 -5.980686759909999983e-01
-3.984417407310000270e-01 -6.823265038129999738e-01
-5.450340495699999843e-02 -7.252531616189999975e-01
-7.244774099499999565e-02 -9.692557142300000095e-01
-2.091499247580000109e-01 -1.000000000000000000e+00
-3.177309688969999768e-01 -9.611099674049999875e-01
1.899353780399999983e-02 -6.845522780210000491e-01
-3.256584706050000277e-01 -7.518105143879999508e-01
-3.777906833499999895e-01 -5.931238969190000265e-01
-3.029539862799999761e-01 -5.011628834010000144e-01
2.957824881100000122e-02 -5.986292297980000399e-01
-3.330421902369999909e-01 -6.272723246219999993e-01
-3.488186735989999843e-01 -4.744119234260000262e-01
-2.642751593989999814e-01 -4.064464396510000244e-01
-1.146997500000000031e-03 -4.917212013710000051e-01
-3.114849868780000253e-01 -4.971036517849999892e-01
-3.307243841020000019e-01 -3.881756453899999904e-01
-2.631476265580000029e-01 -3.290783921389999755e-01
-2.333062318980000105e-01 -2.165248741420000012e-01
-3.310738123990000226e-01 -4.459830979769999759e-01
-3.792365310770000053e-01 -5.984306516099999751e-01
-3.994580089829999903e-01 -6.835248243870000184e-01
-5.176496685299999956e-02 -7.227493463990000144e-01
-7.233727453799999874e-02 -9.659461887620000020e-01
-2.090021997769999917e-01 -1.000000000000000000e+00
-3.182153308940000036e-01 -9.644795450130000392e-01
1.917332329199999963e-02 -6.818558386440000119e-01
-3.232048785600000196e-01 -7.502110349959999480e-01
-3.741976995069999923e-01 -5.928879086139999810e-01
-2.992300968409999928e-01 -5.041315083020000420e-01
2.626134754800000040e-02 -5.965009464770000269e-01
-3.329737398770000190e-01 -6.270173419029999584e-01
-3.470360490550000176e-01 -4.764305147840000032e-01
-2.612028061860000028e-01 -4.122388424260000073e-01
-8.219952084000000520e-03 -4.906174943350000150e-01
-3.146041305749999739e-01 -4.972609268920000214e-01
-3.293790303490000126e-01 -3.897342853140000063e-01
-2.582366313410000003e-01 -3.333951502379999821e-01
-2.344547561370000088e-01 -2.165130373099999894e-01
-3.307373047659999954e-01 -4.474646120269999972e-01
-3.745963370059999797e-01 -6.001812326719999646e-01
-3.913924587789999743e-01 -6.863326944740000268e-01
-5.496255488400000194e-02 -7.221550898480000313e-01
-7.347134731599999635e-02 -9.649175331970000213e-01
-2.101889061889999910e-01 -1.000000000000000000e+00
-3.204116176910000169e-01 -9.652086561110000407e-01
1.618574607799999968e-02 -6.811393415759999792e-01
-3.286095183220000271e-01 -7.468236398030000389e-01
-3.816141025720000135e-01 -5.884271891979999669e-01
-3.069719496939999903e-01 -4.983639796920000253e-01
2.404316695299999959e-02 -5.954677130979999511e-01
-3.362546223149999736e-01 -6.251069800730000292e-01
-3.518278252390000249e-01 -4.731440702210000238e-01
-2.655640324460000201e-01 -4.066508616400000276e-01
-7.732650546000000187e-03 -4.885301176510000176e-01
-3.136809935089999724e-01 -4.968917557790000217e-01
-3.319270520470000152e-01 -3.889633953400000177e-01
-2.628320899770000274e-01 -3.304715081560000156e-01
-2.308447021280000122e-01 -2.136548680329999894e-01
-3.288802763800000029e-01 -4.434904156750000270e-01
-3.762844921060000125e-01 -5.960971936369999780e-01
-3.929110058609999734e-01 -6.776834978610000171e-01
-5.172572588999999749e-02 -7.236547123290000272e-01
-7.017709745899999851e-02 -9.640164565600000124e-01
-2.036684001780000031e-01 -1.000000000000000000e+00
-3.092849950789999802e-01 -9.659942587469999564e-01
1.983006495200000108e-02 -6.811989536650000510e-01
-3.187481539570000133e-01 -7.509319627549999598e-01
-3.700747098939999868e-01 -5.988235810359999745e-01
-2.953486792000000194e-01 -5.110444097809999642e-01
2.778940057500000130e-02 -5.934523388250000364e-01
-3.265051679770000215e-01 -6.306855531620000344e-01
-3.430636435439999854e-01 -4.829421373430000108e-01
-2.602318205449999922e-01 -4.178543624180000027e-01
-5.064362616000000344e-03 -4.864518603870000013e-01
-3.070871068109999880e-01 -5.014023321720000315e-01
-3.231784686029999798e-01 -3.954858407910000206e-01
-2.545873875510000217e-01 -3.375708102020000267e-01
-2.330387000380000073e-01 -2.189302569109999874e-01
-3.290070368069999973e-01 -4.502800434659999795e-01
-3.737302679150000251e-01 -6.027924376929999495e-01
-3.885629994809999821e-01 -6.892531048109999947e-01
-5.438867808399999726e-02 -7.236356371579999447e-01
-7.150731584500000237e-02 -9.672710291320000264e-01
-2.094123475330000039e-01 -1.000000000000000000e+00
-3.209969569239999876e-01 -9.625982924699999499e-01
1.827632086200000130e-02 -6.819428663150000069e-01
-3.245991550780000234e-01 -7.452363530929999591e-01
-3.774073514969999987e-01 -5.878743196340000532e-01
-3.044399598720000100e-01 -4.985958269529999765e-01
2.844971531400000003e-02 -5.956858295910000267e-01
-3.316329684620000218e-01 -6.207002234159999521e-01
-3.468975266570000215e-01 -4.699564272299999734e-01
-2.632903222040000046e-01 -4.034989360899999822e-01
-7.202495659999999696e-04 -4.883561474929999924e-01
-3.072405608370000207e-01 -4.942840228470000152e-01
-3.256186612590000196e-01 -3.872670919460000083e-01
-2.588961251210000203e-01 -3.286792705109999879e-01
-2.319254111129999962e-01 -2.156809374760000064e-01
-3.309108491359999960e-01 -4.426564992759999817e-01
-3.816714156520000234e-01 -5.932512536009999504e-01
-4.029417962010000132e-01 -6.775854519180000146e-01
-5.072421789400000103e-02 -7.254521853759999805e-01
-6.809601942800000418e-02 -9.648454161260000550e-01
-2.044946964140000045e-01 -1.000000000000000000e+00
-3.152301104410000221e-01 -9.634978903599999978e-01
2.074020182199999909e-02 -6.828772291219999957e-01
-3.215178540829999876e-01 -7.437699030000000100e-01
-3.741230185030000044e-01 -5.888543482320000022e-01
-2.999304643290000016e-01 -4.995777312440000117e-01
2.827014068599999902e-02 -5.951371223360000240e-01
-3.291839109640000149e-01 -6.223345527160000223e-01
-3.429537912460000060e-01 -4.739785043340000170e-01
-2.570231879600000102e-01 -4.088013076420000114e-01
-3.859958603999999894e-03 -4.872644935870000249e-01
-3.081603034809999864e-01 -4.953830150840000113e-01
-3.241919388980000205e-01 -3.892879191379999826e-01
-2.546448143300000244e-01 -3.313335911809999756e-01
-2.321338199209999897e-01 -2.146340645829999949e-01
-3.324913743349999784e-01 -4.467695889689999866e-01
-3.788923440629999861e-01 -6.011530430329999897e-01
-3.944109414240000167e-01 -6.885340695110000464e-01
-5.800383987800000057e-02 -7.252470659390000129e-01
-7.563285057599999917e-02 -9.676418439089999879e-01
-2.142829445280000078e-01 -1.000000000000000000e+00
-3.257850570479999819e-01 -9.604188839520000354e-01
1.455339598100000020e-02 -6.838169590699999523e-01
-3.296487980360000014e-01 -7.502103950570000457e-01
-3.839797024580000051e-01 -5.927596828950000285e-01
-3.111160414379999795e-01 -5.011576877040000433e-01
2.455520413600000007e-02 -5.974804863470000171e-01
-3.369578335399999736e-01 -6.264078358860000195e-01
-3.531165526830000179e-01 -4.752381530009999744e-01
-2.678387902530000031e-01 -4.086125545020000138e-01
-5.074006742000000333e-03 -4.900951333649999908e-01
-3.141409956289999972e-01 -4.971247784369999811e-01
-3.327006449179999992e-01 -3.891353341970000268e-01
-2.638653005750000169e-01 -3.307218542550000029e-01
-2.352535598959999974e-01 -2.169603155700000063e-01
-3.315428926849999791e-01 -4.471325631249999932e-01
-3.772693156979999851e-01 -6.028291533380000233e-01
-3.938571466379999775e-01 -6.927325795730000513e-01
-5.453655179700000327e-02 -7.239299042629999681e-01
-8.183148437999999969e-02 -9.698155584290000242e-01
-2.210697459859999880e-01 -1.000000000000000000e+00
-3.321190362759999792e-01 -9.589265863560000325e-01
1.745833238800000020e-02 -6.826090655409999819e-01
-3.250149353060000079e-01 -7.445370811499999464e-01
-3.722724161920000219e-01 -5.850135552080000245e-01
-2.956673434820000224e-01 -4.943781335779999786e-01
2.635391380599999903e-02 -5.967768098190000536e-01
-3.311520225049999766e-01 -6.197632375960000495e-01
-3.415652389270000255e-01 -4.662181821279999805e-01
-2.546701188020000228e-01 -4.011519090719999903e-01
-5.836206961999999658e-03 -4.894482066290000155e-01
-3.095123717270000241e-01 -4.946513645949999760e-01
-3.226608286639999768e-01 -3.838028029219999748e-01
-2.514273614800000001e-01 -3.249634179540000223e-01
-2.346022256449999954e-01 -2.147929918410000083e-01
-3.375657388939999892e-01 -4.420205393030000041e-01
-3.915755257760000219e-01 -5.974228680519999557e-01
-4.113409827360000048e-01 -6.903584447020000292e-01
-5.754181006600000287e-02 -7.258128815600000117e-01
-9.190837586700000006e-02 -9.752202331010000336e-01
-2.400759803899999989e-01 -1.000000000000000000e+00
-3.580845910930000042e-01 -9.500607527400000141e-01
1.461392617300000078e-02 -6.824341527239999872e-01
-3.274182759600000048e-01 -7.412768041870000379e-01
-3.793218736019999815e-01 -5.827313781720000474e-01
-3.059790262270000172e-01 -4.897413043000000132e-01
2.447441281199999943e-02 -5.939549786500000206e-01
-3.308706620460000192e-01 -6.170912054489999798e-01
-3.442394221080000150e-01 -4.691553495990000155e-01
-2.599028851479999735e-01 -4.036212732839999928e-01
-5.264719139000000048e-03 -4.851843186540000241e-01
-3.061386774070000150e-01 -4.935455073009999971e-01
-3.247924193019999795e-01 -3.867993731759999942e-01
-2.590090647280000047e-01 -3.273351989150000141e-01
-2.361329681669999958e-01 -2.165596200799999871e-01
-3.358998705590000022e-01 -4.489923074270000258e-01
-3.812464234710000177e-01 -6.067538946770000274e-01
-3.915243973540000200e-01 -7.024570622939999565e-01
-6.655953796199999550e-02 -7.255205631509999975e-01
-1.070466802889999958e-01 -9.810721457629999476e-01
-2.597893135480000004e-01 -1.000000000000000000e+00
-3.770646969629999901e-01 -9.464478951179999822e-01
5.026461916000000106e-03 -6.823191182510000008e-01
-3.391139193880000069e-01 -7.431424607650000125e-01
-3.884048545300000099e-01 -5.841210202430000553e-01
-3.130097089200000182e-01 -4.959231263559999991e-01
1.519594628400000071e-02 -5.946805882369999852e-01
-3.422049320969999808e-01 -6.140841164450000500e-01
-3.528400016609999912e-01 -4.654238235370000143e-01
-2.668276178080000172e-01 -4.047505456739999841e-01
-1.392044368100000054e-02 -4.860322329299999744e-01
-3.170169700220000220e-01 -4.936469581290000019e-01
-3.316740349910000107e-01 -3.861184567550000057e-01
-2.629506192039999801e-01 -3.301468761279999775e-01
