-1.795759690079999915e-01 -2.466151507179999980e-01
-2.688745582500000064e-01 -4.677724432220000117e-01
-3.406833730039999786e-01 -6.074656491240000289e-01
-3.865747864860000216e-01 -6.820210822479999546e-01
1.987803715200000057e-02 -7.039086941190000335e-01
4.737411613999999681e-03 -9.433474261159999763e-01
-1.305272000880000061e-01 -1.000000000000000000e+00
-2.434888105599999908e-01 -9.863956000169999960e-01
7.167277829200000006e-02 -6.308209298600000459e-01
-2.594047319280000097e-01 -7.476465702950000347e-01
-3.169268751679999996e-01 -6.152477704050000051e-01
-2.439219044740000009e-01 -5.330230340789999799e-01
5.327632380399999895e-02 -5.194198617840000143e-01
-2.870929333430000119e-01 -5.963141054320000300e-01
-3.039338854179999827e-01 -4.758448158249999893e-01
-2.211497971439999877e-01 -4.228630940979999919e-01
-1.758394029999999972e-04 -3.973464360830000208e-01
-2.877865556040000161e-01 -4.463037960830000261e-01
-3.060658412600000267e-01 -3.591403934399999831e-01
-2.433386449150000130e-01 -3.122447741350000139e-01
-1.812663030899999972e-01 -2.472107449690000014e-01
-2.685225430759999865e-01 -4.667522711720000217e-01
-3.389790333539999811e-01 -6.041367188120000398e-01
-3.855502091299999878e-01 -6.756857266379999727e-01
2.182090491300000060e-02 -7.037748099970000393e-01
7.488596917999999943e-03 -9.423096233390000354e-01
-1.233220618220000064e-01 -1.000000000000000000e+00
-2.337753362810000013e-01 -9.876810230179999817e-01
7.424487172099999976e-02 -6.323646377410000463e-01
-2.565528075080000248e-01 -7.426303012179999996e-01
-3.135467677300000089e-01 -6.102900404209999907e-01
-2.423338065579999923e-01 -5.297765167060000113e-01
5.786967903299999882e-02 -5.212943737049999804e-01
-2.816704652720000146e-01 -5.919482472660000383e-01
-2.966164910610000205e-01 -4.705546868470000255e-01
-2.146710452610000042e-01 -4.185196318339999833e-01
6.353546178000000003e-03 -3.982734021079999964e-01
-2.789358565680000179e-01 -4.441294347870000103e-01
-2.954439870050000194e-01 -3.557892011109999864e-01
-2.324812596199999915e-01 -3.081773827820000200e-01
-1.797408608059999913e-01 -2.439673089169999975e-01
-2.690478432010000032e-01 -4.638596691829999785e-01
-3.412689896189999850e-01 -6.029789312900000198e-01
-3.852277422820000186e-01 -6.732967522310000508e-01
1.783357252299999987e-02 -7.047032357670000025e-01
4.177637028999999988e-03 -9.440624278710000317e-01
-1.285031410889999892e-01 -1.000000000000000000e+00
-2.393759260539999878e-01 -9.840200027909999925e-01
7.208288699600000349e-02 -6.327683732479999490e-01
-2.526058986399999928e-01 -7.473588052009999538e-01
-3.125518970219999804e-01 -6.152374744290000086e-01
-2.418655420249999910e-01 -5.329174107949999906e-01
5.826812954099999664e-02 -5.220122527360000486e-01
-2.738229983880000051e-01 -5.990766086030000492e-01
-2.951866169869999945e-01 -4.766310713179999770e-01
-2.162910766039999877e-01 -4.218085868009999739e-01
9.469608855999999200e-03 -4.003356167859999926e-01
-2.706937067510000183e-01 -4.524191967999999786e-01
-2.933309983240000030e-01 -3.641853811049999834e-01
-2.346540269850000138e-01 -3.145755004520000009e-01
-1.788122792469999944e-01 -2.401652766010000106e-01
-2.716863879499999967e-01 -4.605967020599999739e-01
-3.510000259500000164e-01 -6.013596329529999895e-01
-3.991522561140000147e-01 -6.759423076060000479e-01
1.714618198899999987e-02 -7.050371145310000420e-01
-2.592987925999999926e-03 -9.468844961819999906e-01
-1.395119467589999995e-01 -1.000000000000000000e+00
-2.525235328920000244e-01 -9.808181860879999769e-01
7.037089223900000468e-02 -6.329953552949999507e-01
-2.523793254980000178e-01 -7.513714393439999695e-01
-3.112017876229999924e-01 -6.205830105070000435e-01
-2.410650072090000096e-01 -5.371516551789999872e-01
5.643004343599999917e-02 -5.227572522440000480e-01
-2.724546933779999902e-01 -6.044443500789999923e-01
-2.936976178540000038e-01 -4.827659510130000164e-01
-2.161027158130000014e-01 -4.264331896620000006e-01
7.671730439000000283e-03 -4.025110616550000020e-01
-2.686912321089999778e-01 -4.579533573580000239e-01
-2.897469700679999871e-01 -3.711728474889999796e-01
-2.312740886290000075e-01 -3.221206722500000175e-01
-1.840013508149999921e-01 -2.359454610420000098e-01
-2.774780523640000274e-01 -4.556664468709999971e-01
-3.547410171829999959e-01 -5.985083472169999697e-01
-4.067391634629999864e-01 -6.781162104160000093e-01
-4.212922149999999855e-04 -7.078137034489999646e-01
-2.460186747399999846e-02 -9.459065821450000078e-01
-1.568160617490000075e-01 -1.000000000000000000e+00
-2.660840910089999900e-01 -9.836436991539999619e-01
5.466180582699999707e-02 -6.390790710249999451e-01
-2.668181737940000242e-01 -7.534717627050000477e-01
-3.220162165720000247e-01 -6.230949230890000523e-01
-2.510058845609999811e-01 -5.420570803699999995e-01
4.307034226900000040e-02 -5.321406485430000277e-01
-2.836425436930000155e-01 -6.123120244440000137e-01
-3.050283639879999842e-01 -4.887263311460000037e-01
-2.280167656089999995e-01 -4.317243089169999770e-01
-3.842573304999999818e-03 -4.150404413470000220e-01
-2.784259598480000042e-01 -4.669807716270000242e-01
-2.981465419100000069e-01 -3.776401046819999885e-01
-2.393790269580000074e-01 -3.278883634049999940e-01
-1.972372666330000079e-01 -2.338518036630000130e-01
-3.037935234829999831e-01 -4.509440952129999958e-01
-4.018475552379999760e-01 -5.943127120260000007e-01
-4.656110359880000216e-01 -6.760705811770000295e-01
-2.128581699300000074e-02 -7.061847016900000273e-01
-6.280808787199999854e-02 -9.529470524140000176e-01
-1.985615186630000084e-01 -1.000000000000000000e+00
-3.067483843559999923e-01 -9.792915277649999473e-01
3.528842119899999741e-02 -6.431914473919999597e-01
-2.898690255270000016e-01 -7.558397316960000500e-01
-3.455528871419999981e-01 -6.208772025409999840e-01
-2.780141264820000235e-01 -5.391969628539999837e-01
2.818586704200000057e-02 -5.418983901830000116e-01
-2.996505980609999731e-01 -6.215219041870000405e-01
-3.219752021760000082e-01 -4.949049975300000015e-01
-2.492575029999999914e-01 -4.380438207269999884e-01
-1.819242805399999899e-02 -4.301198939609999772e-01
-2.945132699790000141e-01 -4.765386725410000190e-01
-3.118469627220000207e-01 -3.833284419399999865e-01
-2.517459802700000027e-01 -3.324985673659999752e-01
-2.188513910329999979e-01 -2.315580630580000021e-01
-3.260399459819999790e-01 -4.478250551010000136e-01
-4.171582158969999732e-01 -5.821510655339999785e-01
-4.619904395219999738e-01 -6.595011109299999674e-01
-4.681143073099999774e-02 -7.141186088780000496e-01
-9.274139961300000012e-02 -9.656726274269999966e-01
-2.307324838819999890e-01 -1.000000000000000000e+00
-3.378914384780000169e-01 -9.659612963589999657e-01
1.060382450499999969e-02 -6.555257572839999769e-01
-3.233216032110000082e-01 -7.418657967130000142e-01
-3.649858904980000096e-01 -6.039667878800000222e-01
-2.890698905379999739e-01 -5.305605311509999922e-01
9.654517599000000255e-03 -5.543322343659999873e-01
-3.312523149830000069e-01 -5.957027883529999457e-01
-3.396541875419999967e-01 -4.698921185000000111e-01
-2.610410627629999869e-01 -4.218295271120000023e-01
-2.804113942700000098e-02 -4.373039631469999855e-01
-3.064452106189999858e-01 -4.620916395499999885e-01
-3.136738089960000031e-01 -3.743658844659999985e-01
-2.486357205889999922e-01 -3.310337176839999729e-01
-2.251482219300000032e-01 -2.367456431640000136e-01
-3.344340219170000017e-01 -4.534545663380000202e-01
-4.309530258250000023e-01 -5.897204000429999704e-01
-4.874614937499999745e-01 -6.783857344239999643e-01
-5.000727820300000098e-02 -7.164190872989999459e-01
-1.013146892189999981e-01 -9.691868523459999940e-01
-2.385781383109999987e-01 -1.000000000000000000e+00
-3.431253747249999875e-01 -9.628027096200000301e-01
6.457647537999999972e-03 -6.648055668460000067e-01
-3.262671903470000245e-01 -7.579763345159999943e-01
-3.687043488789999990e-01 -6.203299857980000276e-01
-2.969364043630000061e-01 -5.447767186159999664e-01
7.134960662999999606e-03 -5.704837348260000107e-01
-3.348101317669999744e-01 -6.085563807980000073e-01
-3.398445544040000210e-01 -4.805227795490000231e-01
-2.612938415359999933e-01 -4.301201172910000259e-01
-3.074936755399999833e-02 -4.581438492700000142e-01
-3.091161256459999951e-01 -4.728035914150000019e-01
-3.104748695669999892e-01 -3.807215973659999753e-01
-2.414167032110000055e-01 -3.374821061989999871e-01
-2.303581857779999909e-01 -2.286334329049999892e-01
-3.524849931419999916e-01 -4.463114960260000097e-01
-4.593173727200000056e-01 -5.826918660809999873e-01
-5.300711139210000367e-01 -6.595825393519999524e-01
-7.299025348700000082e-02 -7.218006708199999899e-01
-1.220863327369999946e-01 -9.773008057880000488e-01
-2.564292723000000107e-01 -1.000000000000000000e+00
-3.558100505260000102e-01 -9.561557038469999936e-01
-9.045056310999999294e-03 -6.693164649320000326e-01
-3.379969444770000164e-01 -7.537631729899999522e-01
-3.793240301290000116e-01 -6.138923333089999490e-01
-3.065582996319999864e-01 -5.347397065569999830e-01
-7.519385230000000340e-04 -5.732541614030000066e-01
-3.437454980319999964e-01 -5.998938942070000113e-01
-3.473183846749999804e-01 -4.680142138000000229e-01
-2.663988402729999816e-01 -4.168004219679999900e-01
-3.317309383699999781e-02 -4.591745551049999929e-01
-3.155148454930000179e-01 -4.635859781830000137e-01
-3.159454777410000137e-01 -3.704874848670000054e-01
-2.433521424710000103e-01 -3.277989839620000234e-01
-2.421357101219999974e-01 -2.318824202339999918e-01
-3.602115818530000069e-01 -4.524729262150000153e-01
-4.537521791160000206e-01 -5.940100574800000199e-01
-5.058090179180000368e-01 -6.886033078019999643e-01
-9.176168601600000196e-02 -7.441864500849999509e-01
-1.617021943339999879e-01 -9.899749041240000214e-01
-3.068203774250000127e-01 -1.000000000000000000e+00
-4.108375849840000260e-01 -9.518283806120000357e-01
-2.415777507100000041e-02 -6.941885953830000400e-01
-3.605095549519999887e-01 -7.663051454060000323e-01
-4.048804003750000047e-01 -6.147971655839999938e-01
-3.337038183830000060e-01 -5.297745361169999834e-01
-1.231017879200000005e-02 -6.003732543499999963e-01
-3.647445807570000031e-01 -6.182972791349999886e-01
-3.698473814759999923e-01 -4.727004807379999729e-01
-2.864518072009999972e-01 -4.120441892919999849e-01
-4.201958168799999754e-02 -4.854450480120000022e-01
-3.338707051809999826e-01 -4.853912106230000023e-01
-3.358529413929999818e-01 -3.820750733709999958e-01
-2.618851048160000250e-01 -3.307069614479999919e-01
-2.429115947640000106e-01 -2.273836945999999914e-01
-3.682761802080000146e-01 -4.465699733190000020e-01
-4.756747227170000092e-01 -5.840041023240000184e-01
-5.497101350990000190e-01 -6.697094328210000391e-01
-8.822388958700000394e-02 -7.440733331340000367e-01
-1.646334027830000102e-01 -9.863309540019999933e-01
-3.047213613170000057e-01 -1.000000000000000000e+00
-4.074339247800000119e-01 -9.467294186870000017e-01
-1.889656164299999969e-02 -6.960183960519999991e-01
-3.622143907279999908e-01 -7.540131177759999970e-01
-4.020855117489999797e-01 -6.023279705930000283e-01
-3.307265801000000005e-01 -5.129805722269999979e-01
-2.973766404000000203e-03 -6.017073822049999743e-01
-3.570885780759999739e-01 -6.058065677299999674e-01
-3.583965258690000044e-01 -4.614458099300000060e-01
-2.798809965819999968e-01 -3.963937374059999796e-01
-2.914773210300000000e-02 -4.861720544459999793e-01
-3.176174463750000010e-01 -4.771702479450000145e-01
-3.200507678050000249e-01 -3.717349006869999917e-01
-2.522906484140000072e-01 -3.160871711089999758e-01
-2.543518083440000077e-01 -2.296773778229999896e-01
-3.886558436340000200e-01 -4.479115886700000271e-01
-5.071776960289999803e-01 -5.845535196500000197e-01
-5.914448304489999808e-01 -6.768383400769999447e-01
-1.099006757699999975e-01 -7.459401248539999640e-01
-1.876957607649999971e-01 -9.846093386340000198e-01
-3.246619957349999863e-01 -1.000000000000000000e+00
-4.254475881099999968e-01 -9.546664010980000503e-01
-4.188468808299999901e-02 -6.973780207999999980e-01
-3.809064775700000127e-01 -7.557700709000000350e-01
-4.166573130660000124e-01 -6.076201855089999881e-01
-3.445004315490000080e-01 -5.220358440960000124e-01
-2.642749694400000141e-02 -6.019902810589999875e-01
-3.777714625690000161e-01 -6.110445660529999490e-01
-3.768079500470000176e-01 -4.695716381239999904e-01
-2.980127634459999730e-01 -4.078323746809999761e-01
-5.233302631500000301e-02 -4.856111367270000145e-01
-3.401535751109999728e-01 -4.794234550879999945e-01
-3.392430663229999976e-01 -3.778990658499999933e-01
-2.693577341250000257e-01 -3.269174055090000031e-01
-2.574878652250000011e-01 -2.184506114979999913e-01
-3.903743841419999860e-01 -4.326134723330000154e-01
-5.019070598129999894e-01 -5.713381009479999717e-01
-5.766238565710000152e-01 -6.674827544600000495e-01
-1.201448374610000064e-01 -7.428139141149999736e-01
-1.994724494529999947e-01 -9.939767872770000068e-01
-3.410429735900000203e-01 -1.000000000000000000e+00
-4.395393912769999800e-01 -9.425013397920000147e-01
-5.225316645499999968e-02 -6.991709702310000552e-01
-4.026558244039999956e-01 -7.586373831739999796e-01
-4.342478179979999964e-01 -6.020416092579999878e-01
-3.538395995720000076e-01 -5.140196495469999682e-01
-3.610483212199999681e-02 -6.077092524130000006e-01
-3.999974328440000226e-01 -6.028031680740000287e-01
-3.922088848620000068e-01 -4.542605531230000104e-01
-3.058528062040000162e-01 -3.946160091079999876e-01
-6.098158901299999962e-02 -4.924200796100000055e-01
-3.565438859699999741e-01 -4.699830443040000083e-01
-3.519697312000000244e-01 -3.625792880659999828e-01
-2.782893082249999761e-01 -3.126866584399999871e-01
-2.572061998319999931e-01 -2.250768113159999917e-01
-3.888589586069999826e-01 -4.410512948429999858e-01
-5.018631831140000221e-01 -5.774216258809999891e-01
-5.792508951860000366e-01 -6.722709350629999525e-01
-1.075473773600000016e-01 -7.405175607080000111e-01
-1.891839590180000030e-01 -9.898138145749999506e-01
-3.318354042439999874e-01 -1.000000000000000000e+00
-4.327499789129999885e-01 -9.450390050329999792e-01
-3.918101520700000007e-02 -6.949815591939999537e-01
-3.919820743140000063e-01 -7.524657415159999863e-01
-4.264774469939999757e-01 -5.977333671460000053e-01
-3.487068549449999777e-01 -5.105175717819999681e-01
-2.369537039100000006e-02 -6.029758882510000140e-01
-3.888679100069999950e-01 -6.023376165320000197e-01
-3.833508946879999879e-01 -4.559339198440000018e-01
-2.988121215610000103e-01 -3.961546724369999772e-01
-5.084210524399999931e-02 -4.895123277389999972e-01
-3.471671218960000194e-01 -4.708032561689999840e-01
-3.425087026990000227e-01 -3.658426487870000132e-01
-2.679765794469999851e-01 -3.181918098570000186e-01
-2.592801017570000033e-01 -2.257760503500000071e-01
-3.913829752979999799e-01 -4.417575790409999925e-01
-4.992661372319999735e-01 -5.840252891299999582e-01
-5.580862946860000173e-01 -6.894688625779999969e-01
-1.249941394909999948e-01 -7.428233071399999998e-01
-2.031415285120000136e-01 -9.897102162430000405e-01
-3.461192898029999965e-01 -1.000000000000000000e+00
-4.493886894279999766e-01 -9.450462773509999970e-01
-5.653110610400000069e-02 -6.976405486350000240e-01
-4.033550889290000163e-01 -7.486600277899999600e-01
-4.363861423979999987e-01 -5.957789645529999456e-01
-3.591522306450000146e-01 -5.079771979889999844e-01
-4.162409569699999923e-02 -6.048778466659999742e-01
-4.020650609590000202e-01 -5.999436559680000336e-01
-3.946966399549999838e-01 -4.556172962600000265e-01
-3.098051502549999947e-01 -3.958679565279999979e-01
-6.743731149100000433e-02 -4.896731478010000194e-01
-3.620046299290000102e-01 -4.717040300390000218e-01
-3.559797263109999998e-01 -3.677025922000000113e-01
-2.816983563739999807e-01 -3.174454064989999935e-01
-2.590604250590000102e-01 -2.286000833450000103e-01
-3.937076445800000157e-01 -4.431472426729999858e-01
-5.126136963470000474e-01 -5.761905820249999532e-01
-5.990238459050000186e-01 -6.703936657869999927e-01
-1.056631939619999960e-01 -7.428265036810000055e-01
-1.960814928000000068e-01 -9.918066398110000348e-01
-3.430624623790000105e-01 -1.000000000000000000e+00
-4.461663193959999885e-01 -9.415652173909999645e-01
-3.972162800399999666e-02 -6.979929156830000370e-01
-3.951700699169999886e-01 -7.530490345879999881e-01
-4.253708385419999738e-01 -5.954878455340000265e-01
-3.454795573459999991e-01 -5.081050145850000144e-01
-2.604222808700000155e-02 -6.073218502570000288e-01
-3.898907255640000069e-01 -6.063769968050000125e-01
-3.801853961200000187e-01 -4.579959716629999900e-01
-2.955421586329999850e-01 -3.970598694260000228e-01
-5.533583368100000038e-02 -4.951491873869999782e-01
-3.495440107419999776e-01 -4.759258230310000060e-01
-3.396402278089999949e-01 -3.687023197670000196e-01
-2.637494096399999877e-01 -3.200283372689999850e-01
-2.633953277039999818e-01 -2.300326333809999957e-01
-4.038493199209999829e-01 -4.462157583699999930e-01
-5.225748866899999623e-01 -5.806561987070000264e-01
-6.018674808659999487e-01 -6.689269454609999555e-01
-1.342821792470000053e-01 -7.523664329060000266e-01
-2.177111806239999947e-01 -9.917629398539999919e-01
-3.692115752139999985e-01 -1.000000000000000000e+00
-4.800655697960000134e-01 -9.418933736000000279e-01
-6.745303858499999972e-02 -7.076345316280000519e-01
-4.238250476770000219e-01 -7.499326489580000477e-01
-4.544816898480000256e-01 -5.924826813589999519e-01
-3.745327694689999931e-01 -5.021466412339999907e-01
-5.344411424900000207e-02 -6.133660775810000354e-01
-4.183015231309999971e-01 -5.996738602009999974e-01
-4.057807888959999998e-01 -4.530502261389999785e-01
-3.179319331339999777e-01 -3.929532794410000029e-01
-7.902623881999999711e-02 -4.945426254490000173e-01
-3.778718659820000103e-01 -4.684883044779999950e-01
-3.684234109630000198e-01 -3.629956468500000200e-01
-2.920890888909999927e-01 -3.139549418759999821e-01
-2.607086913619999780e-01 -2.318343851480000051e-01
-3.990197239659999950e-01 -4.470597960239999780e-01
-5.205577526350000372e-01 -5.791343727490000370e-01
-6.151013437950000329e-01 -6.688769525100000113e-01
-1.164511673799999980e-01 -7.500035367159999522e-01
-2.112170400010000004e-01 -9.931918905729999469e-01
-3.671218720980000128e-01 -1.000000000000000000e+00
-4.798830192960000240e-01 -9.368496429579999951e-01
-5.163226620699999658e-02 -7.065038686129999634e-01
-4.124826388839999969e-01 -7.466308963650000186e-01
-4.436552096479999818e-01 -5.900758632570000106e-01
-3.664787907520000165e-01 -4.981116709139999932e-01
-3.749261334899999659e-02 -6.155453519369999960e-01
-4.032037748639999974e-01 -6.038418724459999609e-01
-3.892594966840000059e-01 -4.591262396879999819e-01
-3.044592120460000162e-01 -3.955048752590000216e-01
-6.308179560099999583e-02 -5.021972023049999789e-01
-3.595402620240000235e-01 -4.788157631580000073e-01
-3.475198650190000071e-01 -3.752238186599999858e-01
-2.712691873790000208e-01 -3.265545809629999963e-01
-2.678524437709999817e-01 -2.314188595309999985e-01
-4.027659485869999889e-01 -4.445450996859999782e-01
-5.167537244180000489e-01 -5.765631798310000278e-01
-5.930480811049999579e-01 -6.665224234909999934e-01
-1.259561610990000136e-01 -7.493827628850000533e-01
-2.099126374580000121e-01 -9.938358971240000006e-01
-3.615133267680000206e-01 -1.000000000000000000e+00
-4.712123462889999947e-01 -9.399473137210000440e-01
-5.716513615600000292e-02 -7.045651019619999511e-01
-4.168007076720000037e-01 -7.481415489689999809e-01
-4.466322715709999946e-01 -5.900770144610000267e-01
-3.658001376009999972e-01 -5.035633483929999876e-01
-4.169257740099999859e-02 -6.117058478660000187e-01
-4.099557807120000064e-01 -5.972533208929999837e-01
-3.959779962919999785e-01 -4.499859022450000134e-01
-3.074577103230000108e-01 -3.935251211720000031e-01
-6.845214149000000692e-02 -4.956030149880000235e-01
-3.671188000039999899e-01 -4.671809950310000237e-01
-3.548550728970000234e-01 -3.620581527899999763e-01
-2.764609913689999865e-01 -3.174795075330000271e-01
-2.634386391490000090e-01 -2.312117431119999900e-01
-3.995053564589999828e-01 -4.458986186439999888e-01
-5.161965184240000504e-01 -5.782166501290000316e-01
-5.975636311159999714e-01 -6.655498932719999816e-01
-1.096086304240000003e-01 -7.503839039430000302e-01
-1.963306894609999909e-01 -9.948377676870000519e-01
-3.445807869459999728e-01 -1.000000000000000000e+00
-4.508297430400000083e-01 -9.401941948730000442e-01
-4.144743176799999679e-02 -7.056900714389999774e-01
-4.048140439899999832e-01 -7.476610096419999962e-01
-4.346648472149999831e-01 -5.893581366210000061e-01
-3.557408886539999981e-01 -5.009266887619999720e-01
-2.667960796500000106e-02 -6.133693928700000297e-01
-3.994214018310000003e-01 -5.998862982560000390e-01
-3.857472220159999798e-01 -4.529792886630000237e-01
-3.005893065720000035e-01 -3.932643723320000118e-01
-5.431166349899999718e-02 -4.980954538990000069e-01
-3.556632632000000238e-01 -4.713277959580000065e-01
-3.437706527100000131e-01 -3.660763362569999790e-01
-2.676978938319999890e-01 -3.191919581150000074e-01
-2.622866090900000113e-01 -2.304491278440000124e-01
-3.992616016169999726e-01 -4.482759099609999742e-01
-5.135117793000000264e-01 -5.853720121200000071e-01
-5.851253484680000172e-01 -6.786929548640000531e-01
-1.297135072049999949e-01 -7.538103700949999597e-01
-2.122058322990000023e-01 -9.906215035150000014e-01
-3.563024970440000216e-01 -1.000000000000000000e+00
-4.613488057369999895e-01 -9.469614815819999976e-01
-6.056861156900000126e-02 -7.101399316230000425e-01
-4.168043501690000263e-01 -7.463181005569999860e-01
-4.406308182159999753e-01 -5.888704415829999483e-01
-3.582928430869999903e-01 -5.045439722400000271e-01
-4.461102882799999891e-02 -6.170964854870000238e-01
-4.117506156410000173e-01 -5.979613026950000298e-01
-3.946846205210000069e-01 -4.503475513080000270e-01
-3.060776479399999750e-01 -3.927710327980000193e-01
-6.955350175299999937e-02 -4.994088961129999893e-01
-3.693453005940000033e-01 -4.696643985460000059e-01
-3.557359298939999914e-01 -3.636809716769999756e-01
-2.777288277589999854e-01 -3.162539124520000189e-01
-2.657992196939999996e-01 -2.316957614819999955e-01
-4.041716747979999802e-01 -4.454001851600000172e-01
-5.252201090670000072e-01 -5.736038435670000046e-01
-6.203190531969999810e-01 -6.574253912759999707e-01
-1.150457428720000064e-01 -7.518799844800000409e-01
-2.087337165410000084e-01 -9.931832693030000492e-01
-3.611757089190000269e-01 -1.000000000000000000e+00
-4.708495362490000002e-01 -9.408325460259999717e-01
-4.785816543699999981e-02 -7.074426437020000513e-01
-4.131727830260000234e-01 -7.473738515700000251e-01
-4.415876360489999763e-01 -5.874138738519999459e-01
-3.619145274539999901e-01 -5.006376563700000171e-01
-3.251684866099999877e-02 -6.151704754500000316e-01
-4.045255564169999984e-01 -6.007328306279999808e-01
-3.906015327369999901e-01 -4.536047808049999963e-01
-3.053819852679999780e-01 -3.939528084080000103e-01
-5.849776601799999698e-02 -4.995552304979999914e-01
-3.583189005229999724e-01 -4.743181525929999753e-01
-3.471017086090000259e-01 -3.706758404389999817e-01
-2.717055838820000013e-01 -3.246804814390000238e-01
-2.685671035100000159e-01 -2.313225674809999965e-01
-4.092689515649999832e-01 -4.466573366200000117e-01
-5.282806629220000438e-01 -5.782225260629999530e-01
-6.125931372670000430e-01 -6.640610871759999867e-01
-1.371098355600000041e-01 -7.536719003270000439e-01
-2.301576079750000114e-01 -9.925414719940000019e-01
-3.833313100949999885e-01 -1.000000000000000000e+00
-4.939225522769999932e-01 -9.428292487530000043e-01
-7.033527517899999804e-02 -7.101027295940000039e-01
-4.309896451849999921e-01 -7.507207961240000005e-01
-4.567348706430000016e-01 -5.912251909040000530e-01
-3.736709706549999899e-01 -5.044488100720000423e-01
-5.655984429699999899e-02 -6.178606876590000407e-01
-4.231002182779999843e-01 -6.013207812899999949e-01
-4.057781473000000028e-01 -4.523995378680000234e-01
-3.153650297510000033e-01 -3.938759483409999818e-01
-8.389949291300000112e-02 -5.009828217320000388e-01
-3.830716688529999803e-01 -4.703414513820000087e-01
-3.690816913389999843e-01 -3.636234842719999749e-01
-2.895072992619999730e-01 -3.167481934610000271e-01
-2.605742374100000203e-01 -2.339571176909999994e-01
-3.983730022909999779e-01 -4.519645160319999966e-01
-5.152267453329999469e-01 -5.859346447690000348e-01
-6.029335351010000066e-01 -6.740116922619999729e-01
-1.170844980430000015e-01 -7.504449584410000096e-01
-2.065026133049999990e-01 -9.903274888599999937e-01
-3.597838785129999772e-01 -1.000000000000000000e+00
-4.724681936089999978e-01 -9.416461487170000311e-01
-5.054151458299999816e-02 -7.056004956900000513e-01
-4.112466635600000031e-01 -7.445228606289999718e-01
-4.409326590429999970e-01 -5.879998375689999834e-01
-3.635971371280000142e-01 -4.998225138610000173e-01
-3.547733826599999696e-02 -6.127107423450000034e-01
-4.022934431970000002e-01 -5.983270446609999516e-01
-3.860561548650000008e-01 -4.550588521939999964e-01
-2.995601382429999848e-01 -3.954837305289999883e-01
-5.987383244700000134e-02 -4.969359124489999835e-01
-3.589969542370000100e-01 -4.696846768829999741e-01
-3.439393156710000010e-01 -3.682801468840000148e-01
-2.646830760539999883e-01 -3.243715954770000076e-01
-2.670763176270000150e-01 -2.332711127450000088e-01
-4.057628577649999846e-01 -4.502186814029999762e-01
-5.214119596309999549e-01 -5.845516825930000548e-01
-5.960109694930000312e-01 -6.709070013540000543e-01
-1.351475151269999897e-01 -7.547447315830000392e-01
-2.195714485680000105e-01 -9.947051026680000518e-01
-3.711112190570000080e-01 -1.000000000000000000e+00
-4.786635253409999846e-01 -9.402100560739999890e-01
-6.476582793900000079e-02 -7.102782834469999473e-01
-4.225551324469999925e-01 -7.501617684250000417e-01
-4.538402434559999921e-01 -5.918576721799999607e-01
-3.731182749299999935e-01 -5.035103295870000384e-01
-4.736893115600000065e-02 -6.163063129139999541e-01
-4.127363330330000024e-01 -5.967564473890000221e-01
-3.995175085930000036e-01 -4.489878634360000009e-01
-3.105054621289999872e-01 -3.905597110949999839e-01
-7.096626656799999433e-02 -4.980013648539999838e-01
-3.703752985700000111e-01 -4.663449995430000161e-01
-3.594639852470000174e-01 -3.600068089580000241e-01
-2.806992441619999834e-01 -3.129716911870000229e-01
-2.630591681789999914e-01 -2.302518048019999986e-01
-4.021057830729999893e-01 -4.431758148980000089e-01
-5.208354467660000209e-01 -5.701248158889999917e-01
-6.067129838789999674e-01 -6.503397845930000143e-01
-1.152725030489999969e-01 -7.488185563020000046e-01
-2.051238485599999883e-01 -9.933293124980000499e-01
-3.591542646259999749e-01 -1.000000000000000000e+00
-4.709818025799999974e-01 -9.386071963709999855e-01
-4.754295743100000332e-02 -7.039802387779999782e-01
-4.102040887980000217e-01 -7.487183587900000381e-01
-4.445655992049999949e-01 -5.922081813280000162e-01
-3.690937285129999856e-01 -4.998536534260000219e-01
-3.281720296599999892e-02 -6.105706574010000276e-01
-4.019510289620000232e-01 -6.002820497609999695e-01
-3.898098067360000196e-01 -4.563722291849999779e-01
-3.047507571859999764e-01 -3.946770314040000116e-01
-5.990277561400000200e-02 -4.938398624790000246e-01
-3.599806053829999741e-01 -4.688168156649999974e-01
-3.483126997600000108e-01 -3.660679391800000237e-01
-2.705157293930000040e-01 -3.195894590550000247e-01
-2.665337686609999812e-01 -2.329225345519999879e-01
-4.051839658179999804e-01 -4.525311699990000047e-01
-5.192302702169999673e-01 -5.913219803879999903e-01
-5.924198274459999691e-01 -6.847809812459999534e-01
-1.286464907959999904e-01 -7.546111311009999767e-01
-2.118143144919999998e-01 -9.928292802260000327e-01
-3.604389852589999776e-01 -1.000000000000000000e+00
-4.694857491960000018e-01 -9.462190466450000059e-01
-5.939706433800000240e-02 -7.092045282829999575e-01
-4.140660041290000204e-01 -7.471723210990000030e-01
-4.420914238559999765e-01 -5.889172165960000482e-01
-3.627185847719999745e-01 -5.008526296090000107e-01
-4.379944908299999995e-02 -6.151634163960000290e-01
-4.105429025999999815e-01 -6.019465126690000112e-01
-3.967270975159999935e-01 -4.548439338829999845e-01
-3.102531977140000063e-01 -3.951515355029999732e-01
-6.994453686800000680e-02 -4.977727835410000190e-01
-3.709154111040000035e-01 -4.722960248959999774e-01
-3.589094463279999814e-01 -3.672879135020000185e-01
-2.814483921459999816e-01 -3.200754482500000053e-01
-2.630967250499999799e-01 -2.327467268410000067e-01
-4.011260606100000015e-01 -4.461425414719999982e-01
-5.215432567450000167e-01 -5.730294993279999582e-01
-6.073377860780000415e-01 -6.517110989080000527e-01
-1.165298353660000064e-01 -7.472772144089999680e-01
-2.125344429380000011e-01 -9.914769927869999666e-01
-3.666559973879999768e-01 -1.000000000000000000e+00
-4.778167255099999844e-01 -9.414512322460000249e-01
-5.051011707499999948e-02 -7.016595847769999672e-01
-4.108284794600000067e-01 -7.479503101619999761e-01
-4.438286561079999859e-01 -5.940664170249999598e-01
-3.681168037249999969e-01 -5.058476496479999973e-01
-3.734608939899999869e-02 -6.075760033229999912e-01
-4.036075597420000216e-01 -6.008018220140000087e-01
-3.929544956420000235e-01 -4.595389954260000187e-01
-3.099281415039999987e-01 -4.001795385279999784e-01
-6.492684687499999940e-02 -4.910969431609999991e-01
-3.620250763719999876e-01 -4.714038542549999766e-01
-3.527292297799999865e-01 -3.702578402869999841e-01
-2.784024842050000226e-01 -3.237325112200000188e-01
-2.657061877940000150e-01 -2.295382536439999899e-01
-4.071996650229999792e-01 -4.463927797950000276e-01
-5.261437994750000069e-01 -5.794065461859999600e-01
-6.119019794059999962e-01 -6.638525365440000048e-01
-1.285889292390000049e-01 -7.513538509789999820e-01
-2.157280591640000078e-01 -9.925845708010000434e-01
-3.665504499830000151e-01 -1.000000000000000000e+00
-4.757798716439999853e-01 -9.424958698600000018e-01
-5.929250298000000169e-02 -7.071477080760000256e-01
-4.188644881240000117e-01 -7.467546818550000465e-01
-4.464670966109999806e-01 -5.880403544479999578e-01
-3.650213293890000044e-01 -5.012983217319999518e-01
-4.352057605799999895e-02 -6.135515812189999973e-01
-4.123009935720000074e-01 -5.982127291790000356e-01
-3.974117003930000003e-01 -4.512865768970000246e-01
-3.089546855870000108e-01 -3.943962897709999971e-01
-6.974167891299999644e-02 -4.959804325909999978e-01
-3.707639588169999723e-01 -4.676843393910000146e-01
-3.583911580679999820e-01 -3.634029823130000003e-01
-2.797029383199999830e-01 -3.187476046719999734e-01
-2.632921150990000236e-01 -2.302557423040000051e-01
-4.009616660220000073e-01 -4.434390368130000093e-01
-5.195522677449999627e-01 -5.726893714849999872e-01
-6.028394474179999962e-01 -6.544571912040000328e-01
-1.198020077540000033e-01 -7.494101144700000550e-01
-2.115199536890000065e-01 -9.939600397429999568e-01
-3.639864145889999958e-01 -1.000000000000000000e+00
-4.727865029069999725e-01 -9.403636722910000412e-01
-5.243269219200000220e-02 -7.047050294040000384e-01
-4.117833310599999797e-01 -7.481137300410000135e-01
-4.408989155979999852e-01 -5.912905955070000275e-01
-3.607895198259999936e-01 -5.045139671649999658e-01
-3.887743164899999659e-02 -6.114190650340000088e-01
-4.056538466180000246e-01 -5.998025365500000428e-01
-3.913579937680000120e-01 -4.548093969779999912e-01
-3.039789557859999825e-01 -3.975758891419999830e-01
-6.737636617200000455e-02 -4.946804543189999848e-01
-3.670858068449999734e-01 -4.678329395199999907e-01
-3.544883159339999867e-01 -3.632858530449999956e-01
-2.758921108319999926e-01 -3.183493502770000094e-01
-2.612563669019999923e-01 -2.305011607820000030e-01
-4.007505376709999956e-01 -4.458797896719999820e-01
-5.199600813620000039e-01 -5.784526135299999927e-01
-6.064210747189999751e-01 -6.661025527489999876e-01
-1.203511720029999954e-01 -7.514664166229999553e-01
-2.057356910969999897e-01 -9.914027153709999984e-01
-3.566489175020000069e-01 -1.000000000000000000e+00
-4.677551459109999810e-01 -9.428510274860000262e-01
-5.175948507800000320e-02 -7.060101005409999964e-01
-4.062948237330000212e-01 -7.461254481589999488e-01
-4.343003441750000193e-01 -5.903728932539999974e-01
-3.551997251149999757e-01 -5.012917829790000113e-01
-3.689752317100000040e-02 -6.118731747340000471e-01
-4.019320901660000112e-01 -5.998317362039999878e-01
-3.870623652240000045e-01 -4.552403470470000046e-01
-3.004568315380000132e-01 -3.954341983620000001e-01
-6.307309281499999531e-02 -4.945035628869999811e-01
-3.619321252850000170e-01 -4.700204736199999900e-01
-3.504742544700000240e-01 -3.663415294819999946e-01
-2.739315556260000228e-01 -3.198995851349999975e-01
-2.645016943999999870e-01 -2.290554953189999909e-01
-4.053717411350000188e-01 -4.459263814309999963e-01
-5.235013558769999742e-01 -5.808227434170000203e-01
-6.036321964969999510e-01 -6.698853948640000056e-01
-1.334632357480000087e-01 -7.534631643629999820e-01
-2.161530946130000019e-01 -9.952292012319999825e-01
-3.678695109289999987e-01 -1.000000000000000000e+00
-4.774945595480000193e-01 -9.391695692370000126e-01
-6.382313691600000061e-02 -7.087689275499999830e-01
-4.180243402009999887e-01 -7.478956796090000525e-01
-4.504008391559999880e-01 -5.911276520679999980e-01
-3.722308649230000044e-01 -5.019876821690000268e-01
-4.744896159399999980e-02 -6.141076414689999874e-01
-4.112722329369999930e-01 -5.987807881450000203e-01
-3.993257905200000013e-01 -4.541766495769999912e-01
-3.126608917939999732e-01 -3.946738433759999776e-01
-7.114437844099999464e-02 -4.955560663760000262e-01
-3.691600059460000138e-01 -4.679141637249999985e-01
-3.583096499219999842e-01 -3.640440553859999873e-01
-2.810611929649999841e-01 -3.167709144670000088e-01
-2.599811346840000259e-01 -2.314603956450000111e-01
-3.972149309720000021e-01 -4.459994751679999814e-01
-5.163808596669999806e-01 -5.754317916350000228e-01
-5.982141418790000165e-01 -6.583528183379999676e-01
-1.157596474720000018e-01 -7.498745735740000029e-01
-2.015185956299999914e-01 -9.925991831179999947e-01
-3.507935134149999801e-01 -1.000000000000000000e+00
-4.590412846690000159e-01 -9.398475219020000493e-01
-4.838346582200000329e-02 -7.050333281870000413e-01
-4.047984464619999723e-01 -7.443127441969999980e-01
-4.341897503680000048e-01 -5.908125402880000099e-01
-3.560171795779999981e-01 -5.012404164589999711e-01
-3.374449751999999969e-02 -6.112632445529999625e-01
-3.977248068750000032e-01 -5.979665894190000497e-01
-3.833140502749999845e-01 -4.566379070989999844e-01
-2.980023859759999838e-01 -3.966179524230000197e-01
-6.029423338499999979e-02 -4.943599998059999834e-01
-3.575983210929999934e-01 -4.679710830289999790e-01
-3.448924129989999754e-01 -3.660410462559999800e-01
-2.674906106159999908e-01 -3.202333630829999889e-01
-2.630532032549999788e-01 -2.282897813870000125e-01
-4.061077270999999822e-01 -4.463291734759999851e-01
-5.238806627159999785e-01 -5.810555913220000201e-01
-5.991252927769999959e-01 -6.686380593940000061e-01
-1.420052053239999890e-01 -7.524528577010000108e-01
-2.196948520850000031e-01 -9.908661967570000506e-01
-3.705672666179999908e-01 -1.000000000000000000e+00
-4.829784248669999891e-01 -9.413839779460000390e-01
-7.289031219100000625e-02 -7.077617656279999725e-01
-4.264968975310000077e-01 -7.411004638570000136e-01
-4.579006109559999871e-01 -5.859757506730000065e-01
-3.804205160940000163e-01 -4.954055860939999834e-01
-5.692071509899999937e-02 -6.124751701630000156e-01
-4.189961317729999912e-01 -5.931801174220000528e-01
-4.056478134150000026e-01 -4.505341509979999826e-01
-3.192381481659999909e-01 -3.901028684310000050e-01
-7.992813791399999701e-02 -4.927191490999999757e-01
-3.767324943920000169e-01 -4.644304682040000243e-01
-3.659566663180000012e-01 -3.617381160690000264e-01
-2.899845197550000031e-01 -3.132160759779999970e-01
-2.607831257659999902e-01 -2.312105109669999881e-01
-4.018960248690000014e-01 -4.488469381510000189e-01
-5.240274509129999592e-01 -5.826482273799999945e-01
-6.144961675779999632e-01 -6.696400072110000323e-01
-1.216117506900000061e-01 -7.516286254380000198e-01
-2.209901065060000114e-01 -9.918829208920000307e-01
-3.742642909339999879e-01 -1.000000000000000000e+00
-4.844643163299999777e-01 -9.416733785269999490e-01
-5.522809392900000086e-02 -7.083172772389999539e-01
-4.199129378400000001e-01 -7.432611263909999488e-01
-4.457581499259999913e-01 -5.867631355389999470e-01
-3.668108637140000128e-01 -5.017257889259999493e-01
-4.190222495700000188e-02 -6.159456722420000307e-01
-4.115111214750000190e-01 -5.967883401610000194e-01
-3.922373769699999957e-01 -4.536512247009999999e-01
-3.044598362429999927e-01 -3.974317416159999783e-01
-6.870106336799999824e-02 -4.996864582489999873e-01
-3.688333343440000078e-01 -4.683994017490000217e-01
-3.527218364170000009e-01 -3.666362910170000156e-01
-2.741106485850000052e-01 -3.249532926159999779e-01
-2.658446757140000005e-01 -2.300534260780000007e-01
-4.011170275859999856e-01 -4.385739007039999859e-01
-5.185226239669999959e-01 -5.673623919410000216e-01
-5.982914174810000096e-01 -6.515834049390000215e-01
-1.252858341020000044e-01 -7.429530833409999646e-01
-2.151484735280000116e-01 -9.906925943300000093e-01
-3.635579195529999863e-01 -1.000000000000000000e+00
-4.694369921300000081e-01 -9.443628139380000341e-01
-5.915808620299999737e-02 -6.999844147310000375e-01
-4.190116569099999744e-01 -7.472418103029999648e-01
-4.454331783230000008e-01 -5.922056155310000403e-01
-3.644435850780000097e-01 -5.072350650210000200e-01
-4.628157996300000243e-02 -6.082816394150000194e-01
-4.141550353610000124e-01 -5.952612727189999786e-01
-3.980205319940000042e-01 -4.513211779349999841e-01
-3.103559432699999898e-01 -3.965311803989999828e-01
-7.586747576699999496e-02 -4.928253591489999974e-01
-3.724643958109999931e-01 -4.640983199859999853e-01
-3.567191074370000270e-01 -3.615536429110000061e-01
-2.770535674849999852e-01 -3.189284891759999740e-01
-2.586466914969999809e-01 -2.266214363850000135e-01
-3.948322094989999975e-01 -4.393083920629999861e-01
-5.132762877940000301e-01 -5.703615191840000209e-01
-5.966244363520000205e-01 -6.549475928719999951e-01
-1.201654136029999959e-01 -7.417548426400000228e-01
-2.098190327180000092e-01 -9.871900917989999691e-01
-3.586051534829999832e-01 -1.000000000000000000e+00
-4.671294001449999844e-01 -9.456724312199999982e-01
-5.493070074599999686e-02 -6.978073466899999966e-01
-4.121848533940000170e-01 -7.435127314010000488e-01
-4.387277367779999770e-01 -5.897385874310000498e-01
-3.593262534100000183e-01 -5.023286210759999593e-01
-4.317147353800000059e-02 -6.048994087760000138e-01
-4.090176259639999867e-01 -5.948487323979999575e-01
-3.936609298050000039e-01 -4.523387286600000223e-01
-3.072000147689999960e-01 -3.947490411640000030e-01
-7.233254411099999948e-02 -4.885629231690000185e-01
-3.692382389730000103e-01 -4.638594353600000164e-01
-3.563907157919999902e-01 -3.611413261699999988e-01
-2.795964351149999860e-01 -3.164718995329999784e-01
-2.614187574110000134e-01 -2.242736245649999960e-01
-3.995435312230000147e-01 -4.337003919419999964e-01
-5.196978334490000018e-01 -5.632989268560000262e-01
-6.032624015749999957e-01 -6.473573113720000327e-01
-1.245782303319999951e-01 -7.417272211040000229e-01
-2.131416186689999992e-01 -9.892899489819999559e-01
-3.636137932619999957e-01 -1.000000000000000000e+00
-4.717990789129999918e-01 -9.437620224499999599e-01
-5.918110471899999669e-02 -6.979221650910000241e-01
-4.170998730570000257e-01 -7.439978041489999638e-01
-4.433937784970000129e-01 -5.887195667419999889e-01
-3.614722090410000255e-01 -5.017145360650000496e-01
-4.771456310600000195e-02 -6.041762281370000043e-01
-4.150222789210000207e-01 -5.914936897070000033e-01
-4.003714203059999810e-01 -4.487036590469999919e-01
-3.128835469360000121e-01 -3.932831525130000005e-01
-7.741466723100000336e-02 -4.863513594609999990e-01
-3.759390614370000105e-01 -4.603591149480000255e-01
-3.652950378140000232e-01 -3.582410801900000052e-01
-2.894494704289999887e-01 -3.141912690479999881e-01
-2.643726335730000043e-01 -2.273260088040000015e-01
-4.043965481169999876e-01 -4.412977226270000108e-01
-5.252942437740000248e-01 -5.743359623639999745e-01
-6.104441411230000503e-01 -6.581389856379999959e-01
-1.243102435829999963e-01 -7.478412193060000046e-01
-2.171205835420000063e-01 -9.929585731510000013e-01
-3.678848441109999756e-01 -1.000000000000000000e+00
-4.752919464540000249e-01 -9.420243202169999996e-01
-5.726304355000000346e-02 -7.034406013820000414e-01
-4.198718954419999871e-01 -7.454319746640000188e-01
-4.475182777050000227e-01 -5.869965786740000135e-01
-3.666529761319999858e-01 -5.000819470970000458e-01
-4.433650774399999772e-02 -6.092727412299999701e-01
-4.152950917279999987e-01 -5.907098327549999972e-01
-4.007496921959999847e-01 -4.454065640600000098e-01
-3.137777209979999982e-01 -3.892910133310000242e-01
-7.251258109699999788e-02 -4.913861694589999884e-01
-3.734456666939999780e-01 -4.599217062029999914e-01
-3.627095230840000073e-01 -3.554420996839999791e-01
-2.870258928539999865e-01 -3.110201895229999791e-01
-2.623030976990000096e-01 -2.246288970960000075e-01
-4.034812995059999796e-01 -4.399484217429999733e-01
-5.231178953870000425e-01 -5.766565079480000522e-01
-6.029811170769999729e-01 -6.682362736800000480e-01
-1.273020860179999991e-01 -7.451906977519999753e-01
-2.098605463819999961e-01 -9.903345252309999625e-01
-3.571024065430000172e-01 -1.000000000000000000e+00
-4.641494558690000272e-01 -9.418805806879999576e-01
-5.930735840000000286e-02 -7.004219721700000179e-01
-4.119530608060000265e-01 -7.420771424640000280e-01
-4.399731491309999964e-01 -5.872691673929999467e-01
-3.594962598079999849e-01 -4.975111255779999797e-01
-4.543226709900000104e-02 -6.057539373479999822e-01
-4.084524823199999766e-01 -5.910162746720000193e-01
-3.953813338030000013e-01 -4.478236057139999837e-01
-3.088806479790000004e-01 -3.895168450090000234e-01
-7.260249700000000195e-02 -4.875501794830000013e-01
-3.695417260689999872e-01 -4.611863138799999762e-01
-3.601399169649999732e-01 -3.578868840769999782e-01
-2.851181407980000193e-01 -3.115867368999999942e-01
