0.155567459223 -0.084569572646
0.237732813202 -0.217541918705
0.175422073037 -0.350712645270
0.063558868506 -0.413742781415
0.213207913186 -0.493281130776
0.243624689176 -0.688468446018
0.250307954055 -0.811698878717
0.240976604275 -0.918262760817
0.107345938589 -0.511630292515
0.148647041175 -0.733252186797
0.171289898668 -0.865304340919
0.181678273997 -1.000000000000
0.007918594477 -0.477776771864
0.006675485251 -0.642306299503
0.045244432767 -0.494475272265
0.070215720294 -0.391740049260
-0.084599122684 -0.396133311701
-0.064119880048 -0.521301248141
-0.012776595567 -0.433487664836
0.017303209611 -0.347274959524
0.153745580319 -0.082279561301
0.238540140638 -0.214760574900
0.177229624782 -0.348701006044
0.063449874639 -0.413836777473
0.214631081764 -0.493408122779
0.245754371628 -0.691011407795
0.252548623178 -0.813890324380
0.242852340754 -0.919965169965
0.108188227069 -0.511955158808
0.147708462394 -0.735056287504
0.170598883886 -0.866662207571
0.181253132302 -1.000000000000
0.008333378963 -0.478203331350
0.006476859624 -0.638989908221
0.042887308622 -0.490507319179
0.065859296629 -0.388275965199
-0.085368861593 -0.396337078155
-0.066393506953 -0.518604906717
-0.016784890911 -0.429202719413
0.012107718401 -0.342350807386
0.155222926497 -0.085270506361
0.239070439355 -0.216274145571
0.180007532775 -0.350817492493
0.065964279157 -0.411414441861
0.212750346868 -0.494596725888
0.244875376753 -0.691951292824
0.252557263572 -0.813709208333
0.244330893230 -0.918778807429
0.106695989451 -0.512918539937
0.147061133557 -0.734945863709
0.170755266612 -0.865660128377
0.182291401418 -1.000000000000
0.007323290826 -0.478330280655
0.005893488141 -0.643843104776
0.043490652735 -0.493093936304
0.066996450722 -0.389914873616
-0.085627627556 -0.394451671486
-0.065627208964 -0.523311642167
-0.014458309340 -0.433898768426
0.014400572498 -0.345758521370
0.153810846356 -0.084539080724
0.236804453807 -0.214916566489
0.177642720671 -0.347978979579
0.063847299842 -0.411095168469
0.209865491412 -0.493874476656
0.241496740918 -0.688462792196
0.248484517318 -0.810450339349
0.239116147437 -0.915539255957
0.103823156631 -0.512290898060
0.144658031889 -0.734326634283
0.167214850713 -0.865763996970
0.178031624843 -1.000000000000
0.004583944136 -0.477655721828
0.002434419527 -0.641022795362
0.040723580330 -0.494008256677
0.065726312457 -0.391052000859
-0.087907228266 -0.393630940492
-0.069902321743 -0.519470928283
-0.017346369662 -0.433414198017
0.014295933967 -0.347013502361
0.156619565464 -0.085206871583
0.239780407828 -0.215310946041
0.178070053575 -0.347765689060
0.063530446037 -0.410456007979
0.212834826639 -0.494639502924
0.243271813312 -0.689822152893
0.249209399992 -0.812958086418
0.240106863338 -0.919978057279
0.105858850144 -0.513142447209
0.148032872590 -0.734287376740
0.170111716728 -0.865499542569
0.181413688358 -1.000000000000
0.005532051493 -0.478947066703
0.005108761156 -0.641564882277
0.042161870872 -0.492720813390
0.067224524673 -0.389313779498
-0.087653399068 -0.396057903323
-0.067343018264 -0.520309483602
-0.016362819066 -0.431416246170
0.014317576865 -0.344086500825
0.155408824063 -0.084375914935
0.238451973730 -0.214342048061
0.175885436930 -0.345465706794
0.061912140937 -0.408411635888
0.211926666638 -0.496358947709
0.241995338562 -0.691221172525
0.248409298940 -0.813581086349
0.239772909534 -0.919279011807
0.104591776220 -0.514052175863
0.145054645515 -0.735121161709
0.167096900485 -0.865969455066
0.178666304735 -1.000000000000
0.004389926557 -0.479066096562
0.003491705312 -0.641489666743
0.040818319510 -0.490412282608
0.065989656392 -0.386449229798
-0.088576632996 -0.395417882411
-0.067074380459 -0.518786195091
-0.016141429041 -0.427636716667
0.014350712514 -0.339582278985
0.156293323361 -0.085984978417
0.238285017345 -0.216366016878
0.175605701255 -0.348711262492
0.062873863618 -0.412007630537
0.210753053563 -0.494710444449
0.241159794927 -0.689802547774
0.248785052263 -0.812064354185
0.242065776676 -0.917648314518
0.104439021419 -0.512036708950
0.144203027411 -0.734424993254
0.166647651924 -0.865850459644
0.178869008164 -1.000000000000
0.004780903340 -0.477160906017
0.003279901594 -0.642745115270
0.040792624970 -0.492554738414
0.066728041854 -0.389628096158
-0.087653498471 -0.393668901732
-0.066262384962 -0.521070817249
-0.015526652728 -0.429744236317
0.014812829878 -0.340736762487
0.156686980371 -0.085135814311
0.238283591057 -0.216140352608
0.174336867272 -0.347280154345
0.060831238102 -0.409394719348
0.212142461111 -0.496203588740
0.242168415219 -0.690176767783
0.249672026473 -0.812941808596
0.242145523510 -0.919234494302
0.104528854248 -0.513848543174
0.144669339147 -0.735051220119
0.167555609581 -0.866444285098
0.179412376475 -1.000000000000
0.003850992492 -0.478971538761
0.001615446389 -0.641624212270
0.040864672328 -0.492195863927
0.067393380404 -0.388764863149
-0.089006947713 -0.395874256413
-0.068267944859 -0.518601165457
-0.016597943322 -0.426953355598
0.014432210607 -0.338801527035
0.154913625472 -0.087276179628
0.233435826019 -0.219402432956
0.168519671342 -0.350698684751
0.054855788062 -0.410172036337
0.209973578963 -0.496945371083
0.239734490334 -0.689669683421
0.247067983871 -0.812593922720
0.238752452729 -0.918521910413
0.102204065774 -0.514244181096
0.144359023361 -0.733577265924
0.167383043232 -0.865493440784
0.179246461164 -1.000000000000
0.001474822435 -0.478350328197
-0.002090346198 -0.641914651660
0.036658259113 -0.493390924762
0.062604802713 -0.389458043910
-0.090642260162 -0.394210897779
-0.071836839214 -0.517177143311
-0.019955672702 -0.428372561226
0.010975421308 -0.342077189291
0.154583318945 -0.085436081970
0.236973906975 -0.214315046592
0.174651317571 -0.344261622114
0.058397812387 -0.406227648373
0.208088576055 -0.495459984644
0.238116534076 -0.690851675259
0.244097485598 -0.812991653125
0.235997940550 -0.919304204908
0.100946925204 -0.512471088884
0.140092028375 -0.734174191867
0.163014295767 -0.864923270663
0.176501150288 -1.000000000000
0.000617828633 -0.477185887261
0.000414510167 -0.639531902694
0.037562141686 -0.490144605062
0.062056788932 -0.387826760385
-0.092530057223 -0.393237847033
-0.072335016049 -0.518070093946
-0.021234371409 -0.427261567174
0.008796735907 -0.339287500105
0.157395834687 -0.085779114354
0.236339566532 -0.219213376267
0.169124031786 -0.349938353372
0.055373017045 -0.409064098550
0.212008184889 -0.494981985761
0.241927789430 -0.687474780656
0.249209205046 -0.810281433340
0.241430551535 -0.916822451331
0.104403068349 -0.512461977490
0.145205376503 -0.732251053145
0.166737352909 -0.864720569555
0.176925246915 -1.000000000000
0.003400817307 -0.477454633541
-0.000978153280 -0.641644382736
0.038249064036 -0.493480629819
0.064888473999 -0.390072257836
-0.089591807234 -0.395273593099
-0.070509404941 -0.518578192668
-0.018912559944 -0.428050740008
0.012041854007 -0.340894579185
0.157320625731 -0.086868466346
0.238294260406 -0.216371294596
0.175935167140 -0.347667716537
0.056064890576 -0.403927273822
0.209711754626 -0.495940041650
0.240448643089 -0.688915948586
0.246761729014 -0.811105130374
0.237483034103 -0.917078616053
0.102903532702 -0.512818642835
0.142910960526 -0.731240995567
0.165153341596 -0.863573391953
0.176649405131 -1.000000000000
0.002835622063 -0.476815872457
-0.001398865061 -0.640177439678
0.038026256480 -0.490145774186
0.063917932581 -0.386060408160
-0.089406599032 -0.392750719649
-0.071148517901 -0.518581103653
-0.018085246202 -0.428955528099
0.012849759396 -0.341084776003
0.159047450325 -0.085592353675
0.241813016701 -0.217605285335
0.177791879493 -0.349562297122
0.057540162614 -0.404719221554
0.211800670406 -0.495569365602
0.243241618289 -0.689180680837
0.250443694742 -0.812079240159
0.242559874447 -0.919592514162
0.104885402125 -0.513213879860
0.147739419506 -0.731211548889
0.171074253010 -0.863635803321
0.182541038330 -1.000000000000
0.004015714303 -0.478109519163
0.000652524449 -0.641424826997
0.039466771907 -0.490204175070
0.065164975665 -0.385591319347
-0.088460325205 -0.395738792423
-0.068823697003 -0.520913252740
-0.016687169832 -0.429282875347
0.013750683865 -0.340929761382
0.160193239985 -0.087113887229
0.241876892910 -0.217580312080
0.178417448907 -0.352144231043
0.056233255500 -0.407376689308
0.211987402916 -0.496558259621
0.243781057450 -0.691734718801
0.250545406839 -0.814618295363
0.242445661214 -0.921772406653
0.104957844447 -0.514177296817
0.146254760548 -0.731220978720
0.168519093040 -0.862901184256
0.180075882541 -1.000000000000
0.005368145378 -0.478871633928
-0.001400328690 -0.644091764557
0.037712319635 -0.491244641256
0.064660288194 -0.385855705306
-0.086136619415 -0.395384089921
-0.070600014158 -0.524793096936
-0.017850800437 -0.432771403560
0.013859423080 -0.342317088392
0.159686936803 -0.086069106947
0.241983425039 -0.215210317439
0.177085325921 -0.348556947398
0.056409958613 -0.407729257936
0.214228889362 -0.498852623559
0.244702377383 -0.693798638489
0.249788556766 -0.815825902767
0.240053527409 -0.922360648543
0.106174246207 -0.516517291125
0.148246115191 -0.734565941206
0.169859484262 -0.864807897177
0.180867630914 -1.000000000000
0.005879762748 -0.480780754701
-0.000131896990 -0.642635532058
0.037867141395 -0.490696615649
0.063484467816 -0.385605755086
-0.087083399199 -0.396480086361
-0.072892050475 -0.522898727878
-0.021333661912 -0.431247585603
0.010000710275 -0.341807085935
0.161742966750 -0.086850949246
0.243216145514 -0.215547592495
0.178700259963 -0.347704864826
0.056988151645 -0.402487701600
0.213883400919 -0.497340205719
0.244727554516 -0.689959184598
0.251606229805 -0.812658435655
0.243446357214 -0.919782119721
0.106246536603 -0.515342477644
0.149822214926 -0.732496551542
0.171936250229 -0.864100136429
0.182973140081 -1.000000000000
0.005678618176 -0.480061402367
-0.001706082558 -0.641571326944
0.037383927072 -0.490326579828
0.065182744690 -0.385480434836
-0.086260638642 -0.397085840660
-0.072272887666 -0.523607077689
-0.020110753214 -0.431866582885
0.012230531229 -0.342346404452
0.160351224041 -0.086556179156
0.244309244936 -0.217211978722
0.179838149796 -0.350452858202
0.056770149402 -0.404075087192
0.212580483315 -0.496237067173
0.245628271689 -0.690670652293
0.252076148299 -0.813299301965
0.243978450782 -0.920842266929
0.105607338160 -0.514898516585
0.149198915088 -0.732513644787
0.171995165664 -0.864125515538
0.183183125688 -1.000000000000
0.005411354728 -0.480452979868
0.001240682424 -0.643035162425
0.038956937687 -0.490029253684
0.064139294960 -0.385134748316
-0.086886816118 -0.398165497742
-0.068961432426 -0.525513009953
-0.016933252738 -0.432261503059
0.013853742141 -0.342072970197
0.160100851384 -0.083575484929
0.245946043364 -0.217870747838
0.183403811511 -0.352666630325
0.060687000123 -0.407356149697
0.214122502359 -0.496370930652
0.247325478336 -0.689817246621
0.253634731173 -0.812899795465
0.244441523929 -0.919631353923
0.107244839863 -0.514632886725
0.151329412925 -0.731745990829
0.174208225283 -0.864694388934
0.184550043466 -1.000000000000
0.007380484197 -0.479931714400
0.002644490907 -0.641107835157
0.041517586943 -0.489555987247
0.067324928352 -0.383293072945
-0.084514213153 -0.398505860447
-0.066545372926 -0.522904237748
-0.013940156381 -0.430646651462
0.017402955108 -0.340729985230
0.160736766223 -0.084680813983
0.247490431751 -0.218955499081
0.185007504725 -0.352918683104
0.060826073622 -0.406142626837
0.215810699713 -0.498147175113
0.250037216023 -0.691600999438
0.256511295673 -0.814666763266
0.246955752995 -0.922077347319
0.109201960053 -0.516911158367
0.153990071800 -0.734332085829
0.177579178600 -0.865826242388
0.187304923873 -1.000000000000
0.008971837488 -0.482292556939
0.003628145678 -0.641885636270
0.042801340766 -0.490923610166
0.067729513643 -0.384978370008
-0.084405324593 -0.400284378591
-0.069617473615 -0.523883399660
-0.017451199389 -0.432604581606
0.013208833357 -0.343492150708
0.159901699147 -0.084484702872
0.246618068414 -0.220856122737
0.185097682261 -0.356023866411
0.062542759959 -0.408411137015
0.214764444627 -0.496642892579
0.249836769481 -0.691640423415
0.256780089199 -0.815155244979
0.247182547995 -0.922300079806
0.108530144708 -0.515587919052
0.153773829976 -0.733585216176
0.177930022138 -0.865920401942
0.187354464685 -1.000000000000
0.008878705328 -0.481167191058
0.005177688170 -0.640048283356
0.044274951220 -0.488516374436
0.067922512257 -0.383324862984
-0.083639908220 -0.399763240414
-0.066378444465 -0.523787797453
-0.015108994886 -0.431276914341
0.013354911662 -0.342024646586
0.158119181966 -0.085265715229
0.245533830168 -0.219377479823
0.187013234403 -0.353645109018
0.065372693240 -0.408826679656
0.212700820936 -0.498057218435
0.248179512381 -0.692873643756
0.255079422247 -0.815542688900
0.246029852103 -0.922286081173
0.107282783715 -0.516104214126
0.151889088281 -0.735857362736
0.177182538807 -0.866715181065
0.188541776306 -1.000000000000
0.007964557737 -0.480845326868
0.008890258752 -0.641112746124
0.047599259053 -0.489198265416
0.070093028462 -0.385717452201
-0.084623757987 -0.397480059316
-0.062963037275 -0.524243040439
-0.013074348916 -0.431049385694
0.012808851010 -0.341401816615
0.158206846233 -0.085339383085
0.246094751855 -0.221592978095
0.188318773002 -0.357792674946
0.068447750915 -0.411250823003
0.212353492652 -0.495116357156
0.247525520216 -0.691429675690
0.254303403392 -0.814109190362
0.244172384213 -0.920405799992
0.107562061839 -0.514191370819
0.153053878658 -0.734897876038
0.177428751356 -0.866946038787
0.186234521103 -1.000000000000
0.009232273717 -0.480472094727
0.008240598215 -0.641883319312
0.046722870995 -0.490552283894
0.068440982015 -0.386963155248
-0.082337976846 -0.399243869571
-0.061741099343 -0.526123739828
-0.011941098992 -0.432949671124
0.013549440276 -0.343173748447
0.158308305801 -0.087442717760
0.245304582639 -0.222118904064
0.189647330369 -0.356570158676
0.071314373981 -0.407862569969
0.213705514474 -0.497170148275
0.248286179279 -0.693480755173
0.255314074579 -0.815103678204
0.245417904100 -0.920447906876
0.110373961771 -0.515054974693
0.152079681719 -0.735698037856
0.175345693041 -0.867164051543
0.182580203533 -1.000000000000
0.012814958636 -0.480337918511
0.009169277956 -0.640982306926
0.048536316755 -0.492268329627
0.069870856316 -0.390795331270
-0.079670881014 -0.398497673060
-0.061509215592 -0.527942628919
-0.011701708381 -0.437840564501
0.013084065415 -0.349775814595
0.161048594273 -0.088715412280
0.247469299585 -0.221388928882
0.194445904525 -0.357342198942
0.074157362145 -0.408187185622
0.213906301936 -0.497286630817
0.249044662974 -0.694752680136
0.256672885340 -0.816866196191
0.247527448879 -0.922740014382
0.110900986481 -0.514548020017
0.152266717858 -0.735429031327
0.176250127281 -0.867015343415
0.184847081324 -1.000000000000
0.013510442369 -0.479111961259
0.010967109084 -0.643563749273
0.052155408938 -0.493900894560
0.074594878444 -0.390155350027
-0.078077043497 -0.396653724005
-0.060342270804 -0.529070234697
-0.008980129955 -0.439594469621
0.016324588848 -0.350234304833
0.162355352235 -0.089395729713
0.245662715618 -0.220579431369
0.191495922507 -0.355299506686
0.071959566368 -0.406532336591
0.214665658295 -0.497445402769
0.247036968449 -0.692480821226
0.253501379342 -0.814714579453
0.243133789649 -0.920776446159
0.110628276859 -0.514912119934
0.150769815279 -0.734190321783
0.172509543091 -0.866308798281
0.178965033160 -1.000000000000
0.012962147433 -0.478998796884
0.004249497905 -0.642720596230
0.048107642477 -0.494783206072
0.074606438365 -0.391345399543
-0.077688646540 -0.395647275425
-0.065012857535 -0.525072491646
-0.011770707760 -0.436302334667
0.017437915650 -0.347511054453
0.162976296322 -0.086719856321
0.248594239065 -0.218794181155
0.197117936419 -0.353156595812
0.077571542907 -0.401314956362
0.216326957501 -0.495739638105
0.250420747871 -0.689728673891
0.258116334664 -0.811870771714
0.247606342911 -0.917171597562
0.112311081586 -0.512866144786
0.154766213467 -0.730168159932
0.176314327976 -0.864776576979
0.180984996498 -1.000000000000
0.013632011200 -0.476682958830
0.004829063223 -0.637851797036
0.049303568255 -0.490983878624
0.076828247420 -0.386378004749
-0.076707380667 -0.394629980007
-0.062066192610 -0.520709454071
-0.006899344405 -0.432791602430
0.024368444934 -0.344775598321
0.162957227372 -0.086818715045
0.246013015587 -0.217565631019
0.194142925629 -0.352483143315
0.078424018960 -0.403744814548
0.217357438383 -0.492873847573
0.250687091366 -0.686072447029
0.259055703729 -0.808645408369
0.250161408936 -0.914750841128
0.113260165948 -0.509326059919
0.153120228687 -0.727695960245
0.173692969333 -0.863060410759
0.180436374947 -1.000000000000
0.014711473794 -0.473285099441
0.005768765067 -0.637741663698
0.049634778585 -0.489573938621
0.077893565117 -0.383909098101
-0.075180094583 -0.392496209351
-0.062183084763 -0.521409757749
-0.007544621217 -0.433564616426
0.024364932140 -0.345309324476
0.159313752022 -0.084718394234
0.241371535440 -0.221683443290
0.182546493951 -0.356775773073
0.067616830531 -0.409923869828
0.213544856380 -0.491162468288
0.244557971418 -0.685995970238
0.251971700663 -0.809341390813
0.242282365398 -0.915824913728
0.106883168559 -0.508623906259
0.145148819825 -0.728267657557
0.166477261678 -0.864294287358
0.173413798282 -1.000000000000
0.007663693377 -0.473581572496
-0.001728865362 -0.636077162280
0.041956805317 -0.487575093418
0.069381970708 -0.381974188489
-0.082537594487 -0.393530654917
-0.069977120363 -0.518468878364
-0.015515338834 -0.429538039269
0.017044628848 -0.342173467508
0.159350800512 -0.084405989388
0.243795761598 -0.217717658290
0.186666510780 -0.353126515644
0.070864921572 -0.405936296799
0.214112808179 -0.492270714408
0.243484946335 -0.686890070967
0.248689712420 -0.809665869120
0.238102315976 -0.915727935894
0.108146142206 -0.510030500465
0.145042437464 -0.730341996774
0.165470059849 -0.865160432904
0.172465032404 -1.000000000000
0.008295030064 -0.475199960747
-0.000318034610 -0.638604328944
0.041313513606 -0.489286121230
0.067268792177 -0.382666934869
-0.083783719982 -0.394833196182
-0.069814538481 -0.518759553856
-0.016358018805 -0.428359078452
0.015034194950 -0.339581902042
0.160545478502 -0.087198894283
0.244431238833 -0.217835249057
0.191968254742 -0.353065684230
0.074093445972 -0.400718700923
0.210681211541 -0.493111449862
0.242432499057 -0.685261985203
0.249672631152 -0.806276294865
0.240650883909 -0.910944613989
0.107504553207 -0.510347819564
0.144982066432 -0.728998856811
0.166393182299 -0.863708535606
0.173738036884 -1.000000000000
0.009330646852 -0.474184573578
0.001452596128 -0.639733787816
0.043653664830 -0.490385904277
0.069139183677 -0.383507655024
-0.081144950650 -0.391986082952
-0.067174589780 -0.520929170278
-0.013726706545 -0.432237314108
0.016017907673 -0.342990714352
0.163127419237 -0.087845905215
0.246198391428 -0.220728392455
0.193770500865 -0.357286782332
0.075220827850 -0.405978561179
0.212656559111 -0.493028580611
0.244327107244 -0.685819578676
0.251138016798 -0.807124365717
0.242248001547 -0.912853130781
0.109855901830 -0.510709534895
0.145801771674 -0.728954946911
0.165786224182 -0.863201298608
0.172013681360 -1.000000000000
0.012500842466 -0.475473387921
0.003591997962 -0.640265255821
0.046676762581 -0.490707525381
0.072647899563 -0.385258622804
-0.077467615674 -0.394941883926
-0.064738722971 -0.525129466218
-0.011587305662 -0.435559825640
0.017772905921 -0.346170621462
0.163529170953 -0.088727720681
0.245121269889 -0.225458219012
0.187409193947 -0.362347965133
0.067859847971 -0.407792155218
0.210611839617 -0.491765506287
0.243186179537 -0.686409947551
0.250574741134 -0.808177661200
0.241072318228 -0.913494092256
0.106340137237 -0.508942064955
0.143346491214 -0.728250629993
0.163648670598 -0.863576513037
0.168744280920 -1.000000000000
0.008466291442 -0.473506560286
0.000395057021 -0.639395099561
0.044660647566 -0.487151914019
0.069562701960 -0.380600881921
-0.081587377647 -0.393502728386
-0.067601580719 -0.523952604833
-0.013517815137 -0.434512671373
0.015201656368 -0.346506733650
0.166303974934 -0.089915490560
0.251090082862 -0.224915149694
0.199013100013 -0.364592184455
0.079834703849 -0.409255196486
0.213574900737 -0.492089169736
0.246736541696 -0.686956603463
0.252325946094 -0.808562263257
0.241338919048 -0.913903733289
0.110943739392 -0.510094232107
0.150185847808 -0.728035586678
0.169387049462 -0.863052515711
0.172781809091 -1.000000000000
0.013962729236 -0.475514264913
0.009025446401 -0.641310256741
0.051927755655 -0.488269755059
0.074566335105 -0.381807411334
-0.076290144544 -0.396045154966
-0.060130416998 -0.530817252171
-0.006902870860 -0.441805044118
0.019467215347 -0.352928800739
0.164675562544 -0.090631574418
0.252116780109 -0.233841565574
0.200410383069 -0.374640705288
0.081246692896 -0.418133896542
0.211327713816 -0.493873700589
0.244787263071 -0.689706979526
0.252289559408 -0.812412935432
0.242522371454 -0.918190372164
0.109122118377 -0.511649692551
0.143529955208 -0.732441618085
0.164325491055 -0.867845015035
0.167497667399 -1.000000000000
0.012076241444 -0.478461754932
0.009923140612 -0.643105308177
0.053759698487 -0.495001955855
0.073860442357 -0.390322940949
-0.078695103689 -0.402788096989
-0.059822188827 -0.533405861957
-0.007282131671 -0.444438384275
0.016649670793 -0.356015741612
0.163789064578 -0.092351305384
0.252349400397 -0.234445306394
0.203405672659 -0.375215755810
0.086001424078 -0.420704282520
0.209023571430 -0.497853538677
0.244575602782 -0.691615780946
0.253552028696 -0.813259758874
0.245460560568 -0.918919231301
0.106454587605 -0.513504995200
0.141711093432 -0.732466389395
0.163956511774 -0.866610048017
0.169084306976 -1.000000000000
0.009148988474 -0.478336324687
0.008839476641 -0.637091807393
0.054474730091 -0.483689972875
0.075346317355 -0.379329478875
-0.080927048806 -0.400984655562
-0.060509110057 -0.529568853578
-0.007753336164 -0.437628007506
0.015445546978 -0.349935017084
0.160617781943 -0.089707567247
0.252137293662 -0.233365668782
0.202621558440 -0.375921030251
0.084646706489 -0.425480339680
0.206101242161 -0.493529279180
0.242268354649 -0.688584427419
0.250424482139 -0.809289473712
0.241775490642 -0.913677103210
0.103673067874 -0.510648471146
0.140530398399 -0.733401573537
0.163553602250 -0.867631916758
0.169799043120 -1.000000000000
0.006307838612 -0.477350547555
0.011078855994 -0.639908716922
0.052852776923 -0.484780438269
0.070421193556 -0.380589625450
-0.083954729851 -0.400940636201
-0.057431390409 -0.529572670883
-0.007678439551 -0.434494533831
0.012172835625 -0.345163404740
0.159405010303 -0.087155543331
0.252111817637 -0.234706370160
0.198449838299 -0.377777129339
0.081054890955 -0.431047075422
0.208048337299 -0.492013909527
0.242555619453 -0.688955834717
0.250185302706 -0.811617233627
0.240425629764 -0.917831008045
0.104834607890 -0.509239545897
0.140996713625 -0.732353240404
0.163815066186 -0.867946106411
0.169589845611 -1.000000000000
0.007213072440 -0.477533224011
0.010149258233 -0.635144105269
0.051284843216 -0.480904070269
0.069837080171 -0.378018694415
-0.082716046602 -0.403693820820
-0.057560051736 -0.530602143300
-0.008147672409 -0.434996130748
0.012926359012 -0.345363345893
0.155068790331 -0.084100516229
0.248828190275 -0.228456006373
0.198295013612 -0.375492321385
0.089383909261 -0.440334213500
0.204161610880 -0.485628223479
0.238574299889 -0.686487578478
0.245196515305 -0.809880467884
0.234844533566 -0.918555130111
0.102809441909 -0.503149627441
0.142654201852 -0.729140645985
0.164968148669 -0.865477315571
0.171183704613 -1.000000000000
0.004242647714 -0.473272352116
0.013929890058 -0.630622815504
0.048406115511 -0.467309761706
0.061721033110 -0.362718643806
-0.086791504305 -0.401911974879
-0.057752070762 -0.527297803872
-0.011678772195 -0.425631231133
0.005732442918 -0.334754641627
0.146439420289 -0.085251667980
0.235967244900 -0.241073748599
0.183249228819 -0.390229940266
0.082406127425 -0.477684316331
0.196111501031 -0.487109965101
0.229735980526 -0.687776083249
0.234270460091 -0.810613051614
0.223595858183 -0.917631319920
0.090918884784 -0.503247204603
0.127369551863 -0.732490076658
0.152404319786 -0.868735760794
0.159950736228 -1.000000000000
-0.007421537474 -0.471631968866
0.013764735248 -0.612937261705
0.055920213585 -0.446250906987
0.070490450870 -0.345754459148
-0.100936270258 -0.397888126653
-0.053797401887 -0.517472226729
-0.006495275513 -0.411016109926
0.007655538430 -0.321270956681
0.143634378814 -0.087620027468
0.228965438703 -0.251314669253
0.172658819057 -0.405698077389
0.076829450522 -0.510243413642
0.188172193447 -0.484683993135
0.219068233527 -0.688332937750
0.222345799773 -0.812115786382
0.211202491970 -0.920843018267
0.083506095141 -0.499575001062
0.119220616127 -0.731488723146
0.144900309507 -0.869942253367
0.151979907386 -1.000000000000
-0.014136758736 -0.467181061484
0.016113564726 -0.603634386641
0.059235564141 -0.439952952696
0.072158832200 -0.344087124000
-0.106820052410 -0.394402341329
-0.048834112987 -0.513005319727
-0.002352104315 -0.405702088658
0.009404829947 -0.316007647633
