0.146676356176 -0.103284181511
0.226513920973 -0.303892484376
0.170624711562 -0.474909175733
0.086583823942 -0.578348385990
0.204396486542 -0.476995898371
0.253917356582 -0.679284260428
0.273367298774 -0.806473738509
0.275960862513 -0.918136785783
0.099561167167 -0.495243623677
0.158376278408 -0.735140530837
0.200964990872 -0.878647358459
0.220596409391 -1.000000000000
-0.006924135426 -0.467841463675
0.049174131766 -0.614470509013
0.091965353896 -0.462220034604
0.098621696935 -0.366278330855
-0.106056103426 -0.406919163394
-0.022481634345 -0.507416654297
0.017408376034 -0.394624950129
0.016826614294 -0.304809985824
0.149593397724 -0.103645122707
0.232576393306 -0.307426085033
0.178317475654 -0.482098349325
0.095611141154 -0.590117828622
0.215885499490 -0.482389452607
0.266541302648 -0.683734001438
0.286623511084 -0.810988646972
0.289750233156 -0.924045251160
0.108821092911 -0.501742801800
0.171998827122 -0.738810433423
0.214335751301 -0.879248119604
0.235198010145 -1.000000000000
-0.000030142731 -0.474967048190
0.057331331330 -0.618316582240
0.097231470235 -0.465705365215
0.103403809269 -0.370148074879
-0.101107956992 -0.414237224036
-0.017758243915 -0.513786309944
0.022909791071 -0.399470660470
0.024632330893 -0.309410614949
0.154860749009 -0.100680190558
0.242707066246 -0.305165155557
0.191075303308 -0.479722964230
0.107500850845 -0.588278403581
0.222555770651 -0.477611999682
0.276028810869 -0.676481363057
0.299189105972 -0.806255646145
0.303966843401 -0.921622851351
0.114271863766 -0.499656901228
0.179593556723 -0.736262848040
0.228455792299 -0.881156570887
0.251936921261 -1.000000000000
0.002788382983 -0.476654947207
0.064738264312 -0.616473610629
0.108367690422 -0.462222180705
0.114644420840 -0.361488883033
-0.101604058295 -0.422093874263
-0.011178701591 -0.512219501564
0.031233383755 -0.395982559243
0.031846393236 -0.304436619362
0.153540050508 -0.097191841837
0.243705251945 -0.301398854091
0.193371048329 -0.475763304774
0.111719265408 -0.586152549000
0.224837149411 -0.476825379956
0.281919674020 -0.677099541332
0.306785744724 -0.805802560900
0.313912709562 -0.920134624878
0.117058941142 -0.498711999790
0.186285692705 -0.736052602368
0.236422079184 -0.879668060763
0.262625828321 -1.000000000000
0.005954914192 -0.475487383675
0.070164750382 -0.615187718451
0.109641983200 -0.457975279186
0.115096315433 -0.357692132820
-0.098452340958 -0.420061396996
-0.007513959422 -0.511029107249
0.030815610373 -0.392864661308
0.029449816825 -0.301039887936
0.156299172995 -0.097281014131
0.248231926609 -0.300994162260
0.196352997401 -0.475714972929
0.112479721169 -0.587967756626
0.230985666928 -0.476993588871
0.288892971516 -0.678560364249
0.312554051329 -0.807039031879
0.319131168958 -0.922075360040
0.121194782775 -0.499754591887
0.191225861408 -0.739331461041
0.242443393444 -0.881250331883
0.269836850617 -1.000000000000
0.008885729746 -0.476658588704
0.075204514754 -0.612627849605
0.112018289393 -0.452625770895
0.113905927849 -0.353615869905
-0.097067620827 -0.419744397140
-0.003395429855 -0.509726122105
0.030537942082 -0.388373663127
0.024232289104 -0.295750825446
0.156901910546 -0.096307680077
0.252127230166 -0.302027843236
0.202331894295 -0.481124796955
0.115653859307 -0.594769094367
0.236833544739 -0.473668936953
0.298114343047 -0.677625310105
0.320918417849 -0.805303156333
0.327542827570 -0.920357091485
0.127190011835 -0.497706865150
0.200532049662 -0.737184853628
0.251488985341 -0.877860681287
0.280152557545 -1.000000000000
0.015536368567 -0.475094032861
0.083729724938 -0.620255587175
0.118950562699 -0.461373674332
0.120069555119 -0.362272092689
-0.089823851645 -0.416781578159
0.004218564472 -0.515269076484
0.037790155667 -0.393678587700
0.031624699111 -0.298734777060
0.158631368707 -0.094860411798
0.253005316855 -0.300499804215
0.203584461113 -0.478257876699
0.118296567797 -0.590376736637
0.238637401364 -0.474690687986
0.301206900289 -0.674813779778
0.325494857714 -0.800813543868
0.333336100607 -0.913488496097
0.130142228642 -0.499768413785
0.204986546438 -0.739317891254
0.257103014991 -0.880071028997
0.286159388506 -1.000000000000
0.018366971851 -0.476522450199
0.086467530194 -0.615309094091
0.120344926826 -0.456818164523
0.121312723140 -0.359467465855
-0.087005447839 -0.417349923831
0.006779647532 -0.510619326224
0.037072761771 -0.388751188198
0.028524682236 -0.296135294777
0.160977625463 -0.094913260801
0.256904180231 -0.300136750735
0.206741820826 -0.477913751042
0.120152632608 -0.590958907853
0.242009811972 -0.473924368393
0.305426192244 -0.672238086398
0.330773655703 -0.799249781271
0.339882770745 -0.913531943477
0.132028383371 -0.500911773104
0.207101198010 -0.741094818746
0.261818027906 -0.881965917362
0.293425465947 -1.000000000000
0.018499279984 -0.479791517138
0.089686162009 -0.620348001162
0.125258004998 -0.460794887909
0.126607961237 -0.361712265766
-0.088047439181 -0.422886484009
0.009780553929 -0.512176280949
0.042654457126 -0.388196635251
0.035814570540 -0.294608062889
0.161641204955 -0.095984984566
0.257715915895 -0.299767705481
0.206829987850 -0.477384855514
0.120100190091 -0.590849217837
0.241672189184 -0.472646361242
0.306703318742 -0.671731483581
0.332283212129 -0.798617219790
0.342168518163 -0.913407378664
0.131948082524 -0.499283235381
0.208834777908 -0.740667585148
0.263838236747 -0.881443600565
0.296501252739 -1.000000000000
0.018485900141 -0.478605099318
0.091811763543 -0.622171657278
0.124671671811 -0.462085941996
0.124185922813 -0.364723060288
-0.088564988403 -0.421608360510
0.010953041163 -0.514954831621
0.041466141156 -0.389670218517
0.032077483825 -0.295375211454
0.163317278878 -0.096468056194
0.259687861749 -0.303677961868
0.206658710319 -0.483003023956
0.117884939983 -0.596364439900
0.244927865016 -0.470881466057
0.308555669997 -0.668846905279
0.334501951815 -0.796081258379
0.343574415073 -0.911056305631
0.134339088200 -0.498126771820
0.212133384391 -0.738478188737
0.268528389680 -0.880732651599
0.301136763723 -1.000000000000
0.020366021341 -0.478127235051
0.090910012190 -0.620667051646
0.123582593004 -0.460191998310
0.122827640020 -0.360785522734
-0.087452762551 -0.422808216600
0.008586870474 -0.513632706999
0.038313936593 -0.388469632924
0.029186775447 -0.294076955915
0.161622272279 -0.091688560030
0.258247144891 -0.299301770887
0.204939971048 -0.479819528831
0.116691242082 -0.594813626282
0.245792189034 -0.470386966599
0.307473587136 -0.668957250643
0.332429447795 -0.795490349544
0.339934713529 -0.909168184218
0.135163590312 -0.497433387917
0.213748907222 -0.736500192767
0.269417217029 -0.878921142625
0.301538786537 -1.000000000000
0.020653963412 -0.476620609829
0.088965009035 -0.616381333898
0.121803440244 -0.454013641776
0.123486683865 -0.353348199271
-0.087067957413 -0.420603495185
0.007100042573 -0.508276960812
0.038562041152 -0.382041017809
0.033085537654 -0.287819653067
0.159158811826 -0.093573679929
0.256302635778 -0.298629373707
0.207237921573 -0.478051009332
0.120940091580 -0.593599271581
0.241839456661 -0.469340462730
0.307133536022 -0.668502168860
0.333361980921 -0.795310540571
0.343447901379 -0.910247601185
0.132549171527 -0.495844289442
0.211711000474 -0.735216997653
0.267912526779 -0.877282642803
0.302196650075 -1.000000000000
0.019386943368 -0.475533468623
0.091619503150 -0.621637902201
0.124400801240 -0.459079296667
0.125369952887 -0.358134352087
-0.088154535456 -0.419264508967
0.008421405836 -0.514027309985
0.040592269896 -0.388866580075
0.033954429828 -0.293486711763
0.160929757445 -0.091334722631
0.257811950764 -0.296893502606
0.206879937991 -0.476341063537
0.119787170077 -0.591249598266
0.244580926863 -0.472819687701
0.306929602215 -0.672632061497
0.331521685427 -0.797837488510
0.339533663578 -0.910779217257
0.134687684992 -0.499060105986
0.213135363645 -0.738307980086
0.267888795148 -0.878261665989
0.300340731078 -1.000000000000
0.021089918943 -0.476548269868
0.091166403763 -0.615877463747
0.122247411528 -0.453004493983
0.122120359802 -0.354533428584
-0.085889491146 -0.417574474896
0.008962138165 -0.507301781352
0.038289640585 -0.381351673938
0.030366987516 -0.288211034947
0.157729048244 -0.097817704358
0.251177060037 -0.297868247101
0.198271593740 -0.476156334988
0.111740433738 -0.592159589711
0.233518206951 -0.472046755606
0.297353824240 -0.675941367285
0.322961973014 -0.802315285906
0.333127511957 -0.915518885323
0.123407804225 -0.497092399463
0.199296318972 -0.738564922135
0.256651566232 -0.879445199819
0.293057371932 -1.000000000000
0.010917499347 -0.475086284366
0.083046908499 -0.622180725213
0.115646310024 -0.461714656011
0.114875023943 -0.362943029206
-0.096968825388 -0.416092387885
-0.001468809588 -0.515387810215
0.033350723542 -0.393258576619
0.027664969692 -0.297514030051
0.149017819777 -0.096859118146
0.235887490982 -0.294788736462
0.178230565067 -0.469635419130
0.087696252662 -0.583879432157
0.214244473546 -0.474791510766
0.270456259163 -0.681179873872
0.292305864578 -0.808393308047
0.298638474753 -0.919565185673
0.104360270268 -0.496244295105
0.173673521184 -0.737155101907
0.227902406519 -0.879448425591
0.261583362862 -1.000000000000
-0.006044620794 -0.471713263805
0.058471427713 -0.615290531776
0.094389416245 -0.457100693520
0.095992711117 -0.357322659392
-0.111941934317 -0.410918381264
-0.022051918170 -0.507343406420
0.015823347997 -0.388169515594
0.012651562589 -0.293294244592
0.151214396781 -0.097428422932
0.234479482134 -0.300212359489
0.172138546142 -0.472869745513
0.078198677707 -0.578815618943
0.207392200839 -0.471752257374
0.260348389759 -0.672281991868
0.279010390398 -0.799450868824
0.282885853161 -0.912310634017
0.098147467334 -0.492651883176
0.162318641201 -0.732760077356
0.211453598316 -0.876600658846
0.240908471088 -1.000000000000
-0.011258534914 -0.467002035584
0.051470277754 -0.618380834198
0.091384832663 -0.459830304667
0.096022092280 -0.357789402020
-0.113512003548 -0.405081674344
-0.023893322806 -0.501453704414
0.019443023279 -0.382420282948
0.021545555251 -0.288031584976
0.143528655272 -0.098808123967
0.221290939958 -0.298969223069
0.156951302499 -0.466144110507
0.061274212761 -0.570902566259
0.192402835215 -0.476364180148
0.236009748063 -0.678223084080
0.250808536242 -0.803859249415
0.251017991790 -0.913608908835
0.084553982084 -0.491813832883
0.138456332575 -0.729940367179
0.182844260393 -0.874932595908
0.207471654566 -1.000000000000
-0.022648084236 -0.461419043061
0.032051873433 -0.607115653252
0.075043693403 -0.452590862909
0.081906315466 -0.354288941932
-0.122162726966 -0.395643026495
-0.036356989254 -0.490094008223
0.008702782422 -0.372274081078
0.012509963235 -0.279329896918
0.137342481539 -0.102347961937
0.208996483357 -0.303916258928
0.146033658212 -0.468938750840
0.051758900264 -0.571169941632
0.170004478852 -0.481993499767
0.210585145544 -0.683391073861
0.224544200945 -0.807950001728
0.223937333537 -0.916596063909
0.064245954123 -0.494313808739
0.111615093573 -0.730424403031
0.153430876882 -0.875543878809
0.174413825836 -1.000000000000
-0.039443757179 -0.461602307312
0.016340888429 -0.609366620541
0.066672677881 -0.454947263614
0.075566235774 -0.355168515516
-0.134618760717 -0.393888551265
-0.046404748461 -0.489662024192
0.003686620057 -0.373289839327
0.008225169467 -0.280113509178
0.139060663581 -0.105558790655
0.207704952359 -0.309613036483
0.139506577052 -0.472936185279
0.040850411248 -0.566960910341
0.165859760213 -0.484278554902
0.203319851956 -0.682067234470
0.214882203721 -0.806948937606
0.213330347724 -0.915824936134
0.058078811143 -0.497936066502
0.101092687687 -0.734957557314
0.140191945230 -0.878132013661
0.160602112636 -1.000000000000
-0.046561243523 -0.464104371846
0.009184523002 -0.612476309125
0.062511973252 -0.462238971749
0.073322193759 -0.361945871090
-0.138921890571 -0.393911008864
-0.053198468608 -0.487451453719
0.000539144916 -0.374137321656
0.009532137203 -0.282141103520
0.139097712412 -0.104145229785
0.208262076457 -0.306770453147
0.138591546910 -0.467822090362
0.039202028600 -0.559374624326
0.167288193569 -0.485061778237
0.201971256653 -0.681878364667
0.210924753427 -0.806191074617
0.206563270179 -0.914571163765
0.058403259063 -0.497504637627
0.098170254614 -0.735236222990
0.132409639048 -0.877996677031
0.147631788195 -1.000000000000
-0.046905045756 -0.462057018207
0.004457056227 -0.610510431495
0.058777465096 -0.459761781529
0.071698079374 -0.361832948387
-0.138062966449 -0.390380336180
-0.053093774365 -0.481290619720
0.001136782151 -0.366309394241
0.011855312465 -0.276900775362
0.134398611291 -0.107123452616
0.202536244813 -0.303645118402
0.136485627698 -0.461037320852
0.039447167055 -0.551377721977
0.159659246403 -0.486456848888
0.195847903936 -0.682815405775
0.206109035999 -0.805731758383
0.202476509396 -0.912603813044
0.052228547871 -0.497677854095
0.091615404603 -0.735000110259
0.126552356019 -0.877680850995
0.141876708042 -1.000000000000
-0.051928173444 -0.460876922222
-0.000241953079 -0.604171949466
0.054314359714 -0.453949146900
0.066575943844 -0.358520503737
-0.143503389417 -0.387090349559
-0.060312047472 -0.479309788189
-0.008205653328 -0.365551762046
0.000145724852 -0.277291040439
0.135239604824 -0.111136412203
0.202326339239 -0.308867360426
0.136346935244 -0.467963898181
0.037601856591 -0.559129366884
0.160889745792 -0.491212230837
0.198082406225 -0.689282930040
0.208898870454 -0.812736448874
0.203999344187 -0.920981350219
0.052986038194 -0.501483494088
0.094349998637 -0.737188725115
0.127978173054 -0.877548668236
0.139783633341 -1.000000000000
-0.051799341856 -0.463865863246
0.003163286910 -0.601734601473
0.059308929523 -0.451618174311
0.069552024468 -0.359600483846
-0.143111038414 -0.389464026134
-0.057902850182 -0.483206111527
-0.005518184688 -0.370441269002
0.000333622656 -0.283312332144
0.136432237165 -0.107775042549
0.205893829940 -0.305782190574
0.141838888569 -0.466454410048
0.044257984730 -0.557701219348
0.164769000439 -0.491704734519
0.201008493255 -0.686753234975
0.212649853636 -0.808820129880
0.209416956230 -0.915664204302
0.058411992082 -0.503050900852
0.098267193654 -0.738362774969
0.132111996419 -0.877742590954
0.145533902780 -1.000000000000
-0.045659285499 -0.465833654903
0.007216851205 -0.602640501298
0.060009759701 -0.453318316046
0.070294807534 -0.360954180403
-0.136384780079 -0.391947333497
-0.055003119412 -0.482666710777
-0.004866737896 -0.369493987036
0.002096505932 -0.282988387525
0.136424988854 -0.107785763667
0.205266714074 -0.305607205037
0.136489111136 -0.463750058930
0.038713896051 -0.555414261257
0.165680408835 -0.490718588242
0.200960026488 -0.687784779579
0.209846539501 -0.811130086801
0.205626227431 -0.918848555040
0.056568132644 -0.502175459661
0.097097810161 -0.739653853419
0.132282205952 -0.879377334735
0.149178729293 -1.000000000000
-0.049007857425 -0.465110473295
0.006827869093 -0.605375573598
0.060906551693 -0.454749944532
0.072433562009 -0.359509400261
-0.141665048499 -0.391002588958
-0.057129024030 -0.482453489917
-0.004832962831 -0.369430798542
0.003590435659 -0.281947649185
0.136237577529 -0.109365601776
0.204358598128 -0.307155732052
0.138264412152 -0.465831382634
0.039201178946 -0.556423940117
0.162177467864 -0.489879909350
0.200200867872 -0.687865646940
0.209460818969 -0.812224865600
0.203732917615 -0.920879881295
0.053544044829 -0.501171487355
0.095354088055 -0.738546261397
0.130779960955 -0.879380816180
0.145368492974 -1.000000000000
-0.051177861776 -0.464048488925
0.002488646430 -0.607412712085
0.058315707658 -0.456793683946
0.069090869209 -0.361349802193
-0.143022013052 -0.389404458705
-0.057833247955 -0.484076591149
-0.004774072663 -0.372160700486
0.002141602963 -0.284335481248
0.137168726468 -0.107622735123
0.206385387882 -0.304986835908
0.140238343574 -0.465488760068
0.043906694447 -0.557122819226
0.166751483806 -0.488847713175
0.201410474151 -0.688529348240
0.210269897527 -0.813204241044
0.204203865805 -0.920876276643
0.058611718340 -0.500502889576
0.097486112257 -0.739473133176
0.130620645639 -0.880288516111
0.143870845546 -1.000000000000
-0.045961553701 -0.463557680569
0.005715478010 -0.603674495928
0.059725873423 -0.453798492600
0.070912455039 -0.359465222035
-0.137222914433 -0.389220881128
-0.056205893509 -0.483955969114
-0.005541807436 -0.371416695539
0.001425059733 -0.283101213344
0.134500715331 -0.108432036033
0.201815461333 -0.306708066002
0.131731975862 -0.462607686622
0.031636992473 -0.551266202581
0.161594550978 -0.491594410885
0.195230930457 -0.688603776989
0.203338038425 -0.811286314540
0.197444325650 -0.918105621610
0.052691992153 -0.501262830087
0.091722558845 -0.737881765875
0.124555252703 -0.877908151289
0.138109687738 -1.000000000000
-0.052624255241 -0.462450973257
-0.002361634611 -0.606084472276
0.050786255940 -0.455810131630
0.061448313872 -0.359965270481
-0.144924723666 -0.386481319558
-0.062985788711 -0.479469257508
-0.011137419075 -0.366309578602
-0.003413524899 -0.278878691677
0.133889146892 -0.107074043513
0.202032558322 -0.303815303630
0.132689994047 -0.459995830700
0.033822336244 -0.550850919932
0.162099054658 -0.490848156826
0.194740335687 -0.687950041668
0.202893906979 -0.811167678300
0.197878590799 -0.918749906569
0.052212622903 -0.500882978201
0.088916233378 -0.739743243081
0.122673489337 -0.880474485380
0.138312744472 -1.000000000000
-0.053882451042 -0.462967565705
-0.000976642338 -0.604775753928
0.053007686592 -0.454742808574
0.065077108775 -0.358144089886
-0.146765405807 -0.388918467518
-0.061531479008 -0.477455389888
-0.009465170384 -0.361879293019
-0.001051086299 -0.272974887443
0.134971966501 -0.108653733953
0.198706619223 -0.306401704740
0.123951735565 -0.461400443483
0.021444435126 -0.551434099437
0.159935503286 -0.491293550914
0.190522097001 -0.688960569835
0.197606253735 -0.812165576066
0.190282592173 -0.918957211954
0.048305082103 -0.499835388299
0.083439039867 -0.738536304922
0.115636355520 -0.880033971063
0.128445542002 -1.000000000000
-0.059019394585 -0.459205347271
-0.009671169937 -0.597886192098
0.046903420854 -0.449043734030
0.059841468374 -0.352585872574
-0.152779776843 -0.381440104564
-0.069920967236 -0.470460487694
-0.015254564692 -0.358445671656
-0.005773499661 -0.271348192808
0.136222611841 -0.106640298154
0.200931422721 -0.304372955133
0.128124138166 -0.460910090650
0.026807969280 -0.552087127474
0.157765400767 -0.488560714594
0.187722740289 -0.686331354541
0.194933723384 -0.811541008925
0.187111810229 -0.920508893612
0.047078335550 -0.497245827685
0.079410513015 -0.733346045890
0.110242152890 -0.876409161003
0.121083108160 -1.000000000000
-0.058618264287 -0.458175561188
-0.015140670717 -0.599478228818
0.043634193590 -0.449301551020
0.059246021386 -0.348390370955
-0.152463173789 -0.382115582946
-0.074270829801 -0.471958208476
-0.013646565399 -0.362986985521
0.002417828312 -0.275751953874
0.132996553324 -0.106404192899
0.191779176029 -0.296576475603
0.118887351041 -0.447205416507
0.015776076395 -0.537658324563
0.149436237768 -0.489218325959
0.173878703923 -0.686684164649
0.179156475144 -0.810209832559
0.170632264055 -0.916776982225
0.038704068049 -0.495387686012
0.065277573527 -0.732045535100
0.094466483349 -0.875482188026
0.104950882662 -1.000000000000
-0.065536405412 -0.451899814066
-0.026349317204 -0.591115567979
0.035475299650 -0.443551134192
0.053225954278 -0.345127747979
-0.157013276935 -0.368796946144
-0.082815444299 -0.461270211491
-0.019076283792 -0.355733373034
-0.001383108510 -0.269887070032
0.128081685611 -0.106342423009
0.182933025453 -0.297475394050
0.107694596282 -0.444465191059
0.000996158166 -0.530059218311
0.140466318591 -0.498049125675
0.158843400401 -0.696933322168
0.160470829310 -0.819658199042
0.149265145617 -0.924732107786
0.028253681634 -0.499551861108
0.044952612671 -0.737546222403
0.072956907354 -0.878670148089
0.082339810807 -1.000000000000
-0.075796289503 -0.449887272795
-0.037638829890 -0.576047139586
0.027847799828 -0.429808229264
0.044913275166 -0.334466705098
-0.165632313440 -0.361164310498
-0.092587123854 -0.447865907640
-0.026847098607 -0.346894657436
-0.009210000155 -0.266957935233
0.126888491714 -0.104963172517
0.178720812601 -0.292751215743
0.104299837769 -0.436161910696
-0.008979115379 -0.524071572778
0.137936373420 -0.493927043033
0.155395504624 -0.690780837288
0.153435515050 -0.813920811290
0.137763841918 -0.919971962706
0.025171474318 -0.493913171817
0.038035058533 -0.733895072655
0.059280503210 -0.876503535753
0.062265033990 -1.000000000000
-0.078526616901 -0.442492733564
-0.045624832943 -0.565335744653
0.023031845894 -0.426278392050
0.043742231541 -0.337270843057
-0.166349326277 -0.352056053028
-0.097417627470 -0.438770571162
-0.031943851010 -0.339988095326
-0.013689040449 -0.262477168474
0.126614844192 -0.105598503212
0.178710114245 -0.295732908748
0.099946008497 -0.437016694970
-0.011870667625 -0.511335297871
0.135750540441 -0.499827617013
0.151528926275 -0.699688194209
0.147569099510 -0.822803508285
0.128892377083 -0.927759877426
0.020008891270 -0.499276229635
0.035072127543 -0.734767784734
0.053923674305 -0.876220798054
0.052520898237 -1.000000000000
-0.086535134776 -0.445632311316
-0.053947015973 -0.568414252375
0.017697774958 -0.429365073663
0.040489988204 -0.335176359209
-0.175704305412 -0.353687175829
-0.105706769387 -0.432865768216
-0.035326054200 -0.338327087518
-0.012906196145 -0.263915832483
0.125480631219 -0.105912139016
0.175706901962 -0.293775078799
0.096530335843 -0.433416666449
-0.017535576876 -0.507865586938
0.130620944780 -0.498060824862
0.146352461689 -0.697622936136
0.140833070980 -0.820729704246
0.122008404873 -0.926147757918
0.015076641742 -0.497216490283
0.030510195463 -0.733850438787
0.048571852047 -0.875010617511
0.047904152747 -1.000000000000
-0.090023645221 -0.443227998914
-0.057682263847 -0.569250674039
0.013690157708 -0.428683453140
0.037335721472 -0.336004790209
-0.175423860682 -0.349571852073
-0.105850155706 -0.434364623189
-0.036545533232 -0.336861157308
-0.014930193310 -0.260062491525
0.125057615559 -0.103615600288
0.176204600582 -0.293260479849
0.096065504398 -0.432921661842
-0.018801520254 -0.506237137365
0.129605308876 -0.496680233657
0.143493172238 -0.696551892246
0.138008380395 -0.819478517313
0.119728532723 -0.923796309388
0.013974909753 -0.496848058047
0.026663429226 -0.734202432956
0.044331555414 -0.876211892199
0.043169321470 -1.000000000000
-0.090725043638 -0.443326932065
-0.058973996425 -0.566778284899
0.011616887522 -0.428729765714
0.034934416733 -0.335379186923
-0.175655655219 -0.351562783646
-0.104682623126 -0.428871515693
-0.036164101755 -0.332347681094
-0.014585604062 -0.257109731353
0.126584268071 -0.103197848997
0.178884357717 -0.291888246938
0.099980554423 -0.432335225139
-0.014584156263 -0.507715942840
0.133124780705 -0.499202027300
0.146871715833 -0.697413205002
0.141287719611 -0.820233577052
0.123312882114 -0.925692033450
0.016881897308 -0.499637464255
0.028543752758 -0.736102586267
0.046784686238 -0.876916040820
0.047243031249 -1.000000000000
-0.088002268318 -0.446233821054
-0.055094241955 -0.568789187356
0.015828678427 -0.430292572651
0.039268558389 -0.338374786931
-0.173134225550 -0.354065806858
-0.102757735856 -0.434033232233
-0.035062986120 -0.336949075707
-0.014088638203 -0.261601380284
0.125560459321 -0.106343998816
0.175561692089 -0.294761938627
0.097251882201 -0.434325298099
-0.017094410817 -0.509048537702
0.129777964151 -0.499063709654
0.145011257897 -0.697727753116
0.138870555668 -0.821760529789
0.119522863733 -0.928619481369
0.013606066227 -0.499625202877
0.026242381259 -0.736661261087
0.042256837084 -0.876883706276
0.039464356782 -1.000000000000
-0.091524213353 -0.446808905548
-0.059121421406 -0.572746675019
0.012204918749 -0.432898057359
0.035143191259 -0.341295590604
-0.176229880106 -0.354899968288
-0.104421065251 -0.434797430476
-0.036455373643 -0.336295657288
-0.016486957571 -0.260568156899
0.124987848815 -0.105667138863
0.176547346013 -0.293994883408
0.099255026206 -0.434792524911
-0.014775919904 -0.509457226269
0.131225318842 -0.500049908240
0.145637075156 -0.698240089719
0.140558271553 -0.821413071914
0.123139512536 -0.927267164238
0.015147535827 -0.500514191142
0.027553008561 -0.737085724581
0.045969116036 -0.876706108330
0.046906556173 -1.000000000000
-0.089373971609 -0.447025435348
-0.055687009334 -0.568774679842
0.014910772876 -0.430701194768
0.038347276633 -0.339957942779
-0.173735999936 -0.354158426804
-0.103523000312 -0.434306122013
-0.036101912770 -0.337316815332
-0.015230854476 -0.262141695081
0.122699522251 -0.103966364177
0.174693820503 -0.288399234202
0.101463805055 -0.428548471851
-0.010535857140 -0.506387954431
0.127091671032 -0.498475590783
0.143899994362 -0.695831869563
0.139021263205 -0.819041813355
0.121918282531 -0.925745598523
0.012285204022 -0.499351581305
0.026205089862 -0.735916990395
0.043602596172 -0.875406568064
0.044290217781 -1.000000000000
-0.092430816274 -0.446326930647
-0.057828308202 -0.569650196082
0.012451024510 -0.429307110463
0.036854769135 -0.338924960882
-0.176962360685 -0.353363592214
-0.105563219430 -0.432359366478
-0.038447594121 -0.333285431100
-0.017773690963 -0.257962099916
