0.170105593242 -0.109180805255
0.246869795946 -0.255588352877
0.216129598495 -0.430011094683
0.112272267255 -0.506675137712
0.198662144756 -0.492002411830
0.241221945493 -0.690910385749
0.251527157347 -0.808025941356
0.248716529618 -0.911966262946
0.104467556279 -0.514073814824
0.145658698546 -0.735551324264
0.167547776657 -0.861481074058
0.178783622954 -1.000000000000
0.012374607212 -0.486377951009
0.022858367333 -0.677355506578
0.064506638863 -0.534451738603
0.081077289025 -0.430057366168
-0.072986443820 -0.413648983565
-0.056257683550 -0.571752839055
-0.000079467625 -0.497554037906
0.021729063827 -0.409483026601
0.167733460669 -0.112461359990
0.242275095421 -0.260751065693
0.212715532997 -0.434676054188
0.108948961613 -0.512561728715
0.192408817402 -0.492513936166
0.235539483800 -0.692341813023
0.248018364111 -0.808358572072
0.247085974968 -0.910869282712
0.099089478779 -0.512904244833
0.139331969670 -0.735738120333
0.162265624497 -0.861486025618
0.175110818652 -1.000000000000
0.007923089557 -0.484504591741
0.020628412664 -0.680053916581
0.062416646569 -0.538128280129
0.078371959322 -0.432919839155
-0.077822995567 -0.412431424290
-0.060017671157 -0.576977384145
-0.004091687594 -0.504956977295
0.016929973754 -0.417060763006
0.169758761300 -0.112095107272
0.243277658079 -0.259677869160
0.211304447758 -0.436653787184
0.107381389885 -0.515156362366
0.193524153815 -0.489275809738
0.233156881151 -0.691485307040
0.241585910841 -0.809336525259
0.236949093941 -0.913690803486
0.098987525586 -0.511081144359
0.141917357335 -0.735606128337
0.163497100268 -0.861181989366
0.175424007164 -1.000000000000
0.008206548297 -0.483215968845
0.019086174026 -0.680074487151
0.060547692060 -0.537886311882
0.077265216831 -0.433522036274
-0.076355931254 -0.410117882448
-0.059654973572 -0.572890950190
-0.004394340746 -0.500115160304
0.016621169063 -0.411879516138
0.170288034007 -0.110402108958
0.244995845392 -0.257012926639
0.212404489163 -0.432757160598
0.107272412616 -0.510351095667
0.195790911854 -0.492627952151
0.236703583617 -0.692756079223
0.245940762995 -0.809976498543
0.241630462412 -0.913593246017
0.100339611292 -0.513842910386
0.143214146038 -0.736010962781
0.164319434319 -0.861595703581
0.175102018200 -1.000000000000
0.007963283840 -0.485014462785
0.017205890844 -0.679142254526
0.059276498532 -0.536690945232
0.077187852930 -0.431870989055
-0.077343274571 -0.411094423292
-0.061759349671 -0.571748263108
-0.005468555780 -0.498401093481
0.017197015081 -0.410101646807
0.171398763887 -0.109747599311
0.246243197995 -0.257167077248
0.215784549796 -0.432098210275
0.112665759611 -0.509681092905
0.198165794188 -0.494485152488
0.237051387671 -0.693140436114
0.245750367006 -0.811837233257
0.241029233254 -0.916205938432
0.103216809006 -0.514607779760
0.145143531854 -0.735178480337
0.166155775391 -0.861921301899
0.176849055823 -1.000000000000
0.010502971164 -0.485464779626
0.018624976080 -0.679273860032
0.062262318284 -0.536527683936
0.082086560993 -0.429933744688
-0.074620391091 -0.412867490617
-0.058278998924 -0.570882739354
-0.001437248686 -0.496850779426
0.022072883549 -0.408278491326
0.172129391638 -0.108845576015
0.248222541125 -0.256509874179
0.213844323527 -0.431370592250
0.109583144395 -0.509950515299
0.199534631688 -0.494572719331
0.237615208606 -0.694010472061
0.247141329655 -0.811761236857
0.243778671609 -0.915889179382
0.103886289934 -0.515284081680
0.144047633297 -0.735591975057
0.165862672267 -0.861373374115
0.177077172743 -1.000000000000
0.010858583273 -0.486898963692
0.020779078273 -0.679899729798
0.063476387789 -0.536190035174
0.080949403530 -0.430266979724
-0.076332350459 -0.414911296386
-0.058838439885 -0.574588425067
-0.002319967418 -0.500821171747
0.020328044713 -0.412946444989
0.174450150260 -0.110608792585
0.249444521590 -0.258250362640
0.219260447751 -0.432577696844
0.114527985176 -0.508310656990
0.200534990705 -0.496405929870
0.240009846999 -0.694249760822
0.250237173741 -0.812447570261
0.246993565266 -0.917053943600
0.105386587410 -0.516263140396
0.146873506662 -0.734498891566
0.168386370886 -0.860726495299
0.178975503641 -1.000000000000
0.012108079344 -0.487217142861
0.021293417540 -0.681788721031
0.065794407613 -0.537778271895
0.084723153016 -0.430518851379
-0.074196801427 -0.415750172596
-0.055346676183 -0.575093085614
0.002031286896 -0.500171746089
0.024468752295 -0.411592628718
0.174878167849 -0.111385033794
0.249154975720 -0.258437700558
0.217183973693 -0.431286915973
0.111812188398 -0.506416564069
0.199566656508 -0.494672622689
0.237672513250 -0.692495820345
0.247140425703 -0.811570882452
0.244124923689 -0.916858855901
0.105619532411 -0.513714374017
0.146044721133 -0.733494519050
0.168582746946 -0.860820920510
0.180889053202 -1.000000000000
0.013005605861 -0.484380483237
0.021182601919 -0.679348074446
0.066971812682 -0.535699870752
0.087618427544 -0.428289808176
-0.073660346113 -0.413241518086
-0.055273856845 -0.573759230999
0.003217263586 -0.500369656707
0.027022829810 -0.412230985768
0.172318297358 -0.110337734709
0.246900060563 -0.257461405715
0.218116298141 -0.428637195411
0.114637656098 -0.504011825031
0.198561943043 -0.496890079235
0.237803588926 -0.693474237513
0.248150968801 -0.811892642516
0.245575292086 -0.916564391902
0.104251657323 -0.515659820638
0.144766388633 -0.734668129342
0.167106339022 -0.861153152712
0.179136954888 -1.000000000000
0.011520922857 -0.485897266652
0.020026257666 -0.679868913688
0.064006302401 -0.535608394411
0.083394519755 -0.428691969248
-0.075284168351 -0.414112187331
-0.055951075334 -0.573966425837
0.000011279778 -0.499548856685
0.021693625495 -0.411683307047
0.172790837034 -0.108707200350
0.249348299973 -0.256207573684
0.218823528694 -0.428662726714
0.114157025022 -0.504794163760
0.201477115563 -0.497268722959
0.239051636184 -0.693155556934
0.248503118537 -0.811629794158
0.244524158694 -0.916520579434
0.106392374053 -0.516994845456
0.147305948858 -0.734588629703
0.169418907906 -0.861149091999
0.180510605998 -1.000000000000
0.012862964149 -0.488415121556
0.021282353027 -0.679168070634
0.066337015086 -0.535012273446
0.086382640951 -0.427984392042
-0.074267132329 -0.418254724734
-0.056193874720 -0.574472897698
0.001665706664 -0.500850711426
0.025657096382 -0.414033890055
0.170902907164 -0.110168211334
0.244471795362 -0.258388108250
0.214112978000 -0.430431111802
0.111318831394 -0.506974755145
0.195441113277 -0.495821480250
0.233984477583 -0.692833140001
0.244399596593 -0.811506631109
0.241610249419 -0.915698592459
0.100894145410 -0.514784085337
0.142186803156 -0.733653508090
0.166227590358 -0.860960285096
0.179591442341 -1.000000000000
0.008400696795 -0.485514404276
0.017476503111 -0.679776132790
0.062602264981 -0.535615790292
0.082157544158 -0.427742887552
-0.078122194186 -0.414434938592
-0.059118546777 -0.574648856149
-0.001370883709 -0.501316080889
0.021404447846 -0.413492878583
0.174114930457 -0.109892590568
0.249026168376 -0.256258570486
0.217261451171 -0.432618934113
0.112793895216 -0.510884075489
0.199737676905 -0.491130389188
0.238115671902 -0.693095842777
0.247005425130 -0.812429903915
0.243254473863 -0.917752444865
0.106077291931 -0.511903498451
0.146536202455 -0.733424337533
0.167702311922 -0.860442076946
0.179043575631 -1.000000000000
0.014912972971 -0.483755396622
0.022778267634 -0.679245764691
0.066422038302 -0.536062828274
0.085988228033 -0.429969218437
-0.070252858072 -0.411919924718
-0.054895923309 -0.576300108482
0.002612586065 -0.504434709793
0.026679522117 -0.416189606934
0.172351765019 -0.110693605498
0.246591906348 -0.258123942961
0.216536745540 -0.430344656660
0.111517735745 -0.506821974151
0.197743365963 -0.498936546831
0.236504759299 -0.694811240539
0.247121227075 -0.812651251335
0.244572200565 -0.916474445808
0.102505791404 -0.517943464288
0.142495786871 -0.735843508034
0.165223519552 -0.861362489966
0.178196481258 -1.000000000000
0.009491389474 -0.488302878368
0.018438047942 -0.682836494087
0.063381393264 -0.539326474224
0.083220689624 -0.431520953360
-0.077357877497 -0.415913824949
-0.059230209212 -0.577318920182
-0.000983252575 -0.504795298573
0.022700748706 -0.416787511075
0.172660508738 -0.107959804478
0.247744866436 -0.255397562132
0.216525475134 -0.430322862419
0.112890662312 -0.508970159672
0.199380291374 -0.493182307477
0.237847564101 -0.693069262414
0.246781029010 -0.812191609133
0.242605590637 -0.917189254147
0.104100373148 -0.513907331269
0.145063878305 -0.735233147908
0.166382140749 -0.861476941347
0.178076314617 -1.000000000000
0.011701508038 -0.485450147649
0.020670750938 -0.679405704590
0.064973088939 -0.535440612431
0.085102769492 -0.428727010906
-0.074296349014 -0.413126754012
-0.057497146729 -0.574192291498
-0.000564093300 -0.501255888840
0.022840006957 -0.413470854114
0.173959187518 -0.109440401275
0.249337680778 -0.257561818549
0.219174359901 -0.431033339584
0.115248866530 -0.507791692815
0.200920314100 -0.496955539322
0.238635954721 -0.694136555775
0.248525945875 -0.812171121339
0.245224877840 -0.916722490596
0.106177440162 -0.516899055863
0.146397286468 -0.735250765813
0.169165821748 -0.861127314798
0.180895924074 -1.000000000000
0.013425062505 -0.488062168668
0.022317316122 -0.680019951559
0.067441465939 -0.535622767891
0.086500289097 -0.429118993319
-0.073057673152 -0.416529538394
-0.055403955004 -0.575890199977
0.001467276103 -0.502297689461
0.023510886221 -0.415132795205
0.172589956001 -0.108067771373
0.247600247887 -0.256610879311
0.212792812376 -0.428859955533
0.107771426403 -0.504734618862
0.200484272919 -0.496383000380
0.238779799905 -0.693216824650
0.248072943033 -0.812425326722
0.244329207698 -0.917101711689
0.104684787158 -0.516470723091
0.145407620973 -0.734870544594
0.167511965455 -0.861382483789
0.179367553318 -1.000000000000
0.011335227053 -0.487438979485
0.017276119458 -0.680755384479
0.061649976975 -0.536579914520
0.082405689875 -0.428690026803
-0.075651861494 -0.415362841446
-0.059377040447 -0.572943129177
-0.001789379234 -0.499897161011
0.023203146649 -0.412696120085
0.171820773250 -0.109537614519
0.246068514658 -0.253801861619
0.215285362533 -0.425700844129
0.110949173749 -0.500604568100
0.199473833975 -0.494885635450
0.237239983092 -0.693388195823
0.246539363726 -0.812556448944
0.242782450919 -0.917707269718
0.104721307245 -0.514361749094
0.145648780473 -0.733672705432
0.167836307827 -0.860607530108
0.180054863446 -1.000000000000
0.011446533971 -0.485100108092
0.018858502700 -0.678872537980
0.061935742615 -0.535922359430
0.081381037859 -0.428901687183
-0.075571370994 -0.413194150808
-0.058970929627 -0.572306397302
-0.002033568250 -0.499458773752
0.021419266380 -0.411917083460
0.172237369719 -0.107480377194
0.248328255463 -0.255942200950
0.215520577477 -0.428177142212
0.110776143906 -0.503300511788
0.202893691033 -0.494482627127
0.241229558109 -0.692516785346
0.250413340840 -0.811896183109
0.245689673766 -0.916851700659
0.106660485606 -0.515293666992
0.148462846264 -0.734940111871
0.170707442238 -0.861759788540
0.181740941802 -1.000000000000
0.013084778273 -0.486702715823
0.019586011465 -0.677450354764
0.063288511379 -0.533236092830
0.082720124148 -0.426361264000
-0.073856833745 -0.415334282924
-0.056644446611 -0.570415247817
-0.000454313052 -0.495787762632
0.022512684770 -0.408768919312
0.172230857818 -0.110385571406
0.246844522797 -0.256060685137
0.214290301129 -0.427850706674
0.108926100918 -0.502610600899
0.200964455631 -0.496796545334
0.240475341252 -0.696482681575
0.250472932157 -0.814702196205
0.247245178103 -0.918992797969
0.104425062121 -0.516601180176
0.145675498544 -0.737215896177
0.167868865076 -0.862252916468
0.180252750517 -1.000000000000
0.010609380718 -0.487143394851
0.020584139338 -0.680669624121
0.063591827998 -0.535745666936
0.081353807031 -0.428160866601
-0.076946406260 -0.414324982473
-0.058635682742 -0.573128403949
-0.002333575045 -0.498516566836
0.019291293227 -0.410252690390
0.169881838316 -0.109357087844
0.244514443115 -0.254216773090
0.212389285556 -0.424653330507
0.108347592987 -0.500439611773
0.198088284086 -0.495046695725
0.236386803741 -0.690883906894
0.245843826945 -0.808300663694
0.242446903102 -0.912177444953
0.102218756625 -0.515693668378
0.143834475423 -0.736109180678
0.167662003682 -0.861350265250
0.182207928631 -1.000000000000
0.009510556296 -0.486561189546
0.020534029327 -0.678558774808
0.062637039805 -0.532992203605
0.079790946248 -0.426583204871
-0.077196891024 -0.412841713650
-0.058705232213 -0.571405327517
-0.004098156247 -0.496704145421
0.016270738184 -0.409244424002
0.170396155149 -0.109018676805
0.243779913265 -0.253909690191
0.213556325850 -0.424475666187
0.110371318492 -0.498901062250
0.195492943237 -0.491053848260
0.236150940248 -0.686607858195
0.247070697891 -0.803551300828
0.245513035199 -0.907261140933
0.100443090337 -0.512573312888
0.142686527901 -0.734117653355
0.167785673284 -0.860458295531
0.183642818369 -1.000000000000
0.008168538861 -0.484098456527
0.018608682420 -0.677605633083
0.062400417203 -0.534144861006
0.081110399622 -0.427503676067
-0.077003735883 -0.410360275836
-0.059978646406 -0.567906143831
-0.003122970665 -0.493791241822
0.019054147573 -0.405751125875
0.170013792844 -0.110450822041
0.243145784787 -0.255528463698
0.211612531966 -0.424823741007
0.107487301281 -0.498866790818
0.194203698562 -0.493109135377
0.236066431775 -0.688465273367
0.248494303761 -0.804702968029
0.248449910280 -0.908260790531
0.098738139276 -0.514631210348
0.139596453978 -0.736097000269
0.165706025950 -0.861750734663
0.182450812190 -1.000000000000
0.006672711281 -0.486401369878
0.019414024275 -0.678943447294
0.063319113506 -0.535799512769
0.080657582603 -0.429959152080
-0.078867962384 -0.412493515489
-0.060284236941 -0.573545997940
-0.003803894482 -0.499546414081
0.016642374189 -0.410666410285
0.170917119513 -0.110871453073
0.245629051469 -0.257152125233
0.215647562141 -0.427421598446
0.112762648111 -0.503530774735
0.195592510765 -0.493416529275
0.237538256700 -0.688673776920
0.250282863258 -0.805335982798
0.250825581834 -0.909732684861
0.100114681299 -0.515383479634
0.142148619002 -0.736287587981
0.169381699542 -0.862180313639
0.186511062595 -1.000000000000
0.007624747993 -0.487790368038
0.020808201399 -0.678215852362
0.065920275025 -0.535031940076
0.084270434874 -0.428690427116
-0.078757425341 -0.414994143055
-0.058230567203 -0.574700283986
-0.000828157827 -0.499564833142
0.020299914733 -0.409587341243
0.172736890687 -0.108906180622
0.248761808298 -0.253729000734
0.222504408873 -0.425232500247
0.117929186389 -0.499908493435
0.196550332314 -0.492554404572
0.240213373628 -0.685518141141
0.253521111409 -0.801260001648
0.253772630244 -0.904088280610
0.103461499907 -0.514680913288
0.145948884615 -0.735334161493
0.173074706832 -0.862230638668
0.188652653740 -1.000000000000
0.011359701009 -0.487596797164
0.021889896364 -0.679969275336
0.068765172354 -0.534776293616
0.088781916982 -0.426407034859
-0.075462638698 -0.416167628103
-0.056326177933 -0.577273808321
0.001459617074 -0.502412782414
0.022712541830 -0.412286076355
0.171468938700 -0.105352422130
0.250565116206 -0.253443101014
0.224023338173 -0.426366932409
0.120414861328 -0.504295382248
0.199771650055 -0.489603704582
0.244921440401 -0.685123738182
0.259102197222 -0.801202810685
0.260106187075 -0.904260120072
0.106116819860 -0.513496084497
0.147738217084 -0.735173905682
0.175102267350 -0.861716026035
0.191462739826 -1.000000000000
0.014490124671 -0.487922368697
0.031060212262 -0.681150264860
0.072797870372 -0.536545876917
0.087008828149 -0.429886815516
-0.072720448428 -0.416969763980
-0.049270045437 -0.578991593896
0.007369033424 -0.506224724295
0.027021858070 -0.418480739596
0.170862236077 -0.104049393875
0.250203586692 -0.254352190653
0.220624109338 -0.427511484646
0.118692152263 -0.505467338411
0.201886021711 -0.491856886394
0.242481874523 -0.687411939783
0.254037306469 -0.804897475937
0.251081090564 -0.908354023561
0.106783272317 -0.514818259162
0.150163638699 -0.735282994999
0.175153764366 -0.861602510060
0.187909825050 -1.000000000000
0.013831727205 -0.488374940730
0.026418918288 -0.681665705790
0.069111316484 -0.535981875650
0.085637231659 -0.428187284950
-0.073649550191 -0.417901078982
-0.051703326435 -0.574169807622
0.003852905114 -0.501149285427
0.024617299187 -0.415179915655
0.174707068113 -0.105472495304
0.252159857127 -0.257970169854
0.223970989140 -0.431481246400
0.121772122339 -0.509253215724
0.202720554513 -0.492899511088
0.242332300541 -0.685526987349
0.254339654966 -0.803241678245
0.251845833203 -0.906364166622
0.107810755339 -0.514349530090
0.151645130536 -0.732386453232
0.178116986351 -0.860499367650
0.191754790114 -1.000000000000
0.013912381331 -0.487329453733
0.025163229436 -0.682719625074
0.074277099622 -0.539354941879
0.095991480103 -0.430268270986
-0.073082236014 -0.418450510439
-0.050592335038 -0.574635065625
0.009980507893 -0.502973994120
0.034778987455 -0.416683739139
0.175418770757 -0.105584384657
0.252507158556 -0.258859079175
0.225103875491 -0.430595786363
0.121451762044 -0.504965651788
0.201436735739 -0.493855744956
0.238690589509 -0.685366688224
0.249440791913 -0.804429546839
0.246203871033 -0.908788435495
0.106786289257 -0.514632712322
0.147698292907 -0.731615795449
0.173418013576 -0.861246973847
0.186703389327 -1.000000000000
0.012688435923 -0.487220953110
0.021089295617 -0.680436471883
0.072526094202 -0.538371754285
0.097097377671 -0.428162777969
-0.074062242563 -0.419345781408
-0.052387738362 -0.573980172200
0.009895433043 -0.504193903537
0.037026319207 -0.418709006917
0.176662763423 -0.108686433269
0.251617018966 -0.261395639173
0.220678097935 -0.435041905612
0.115501235147 -0.508888074023
0.198325475649 -0.494110165750
0.236061746339 -0.689169146202
0.247227238394 -0.808163272403
0.245303565901 -0.912385576069
0.104763483466 -0.514359248205
0.144704916136 -0.732996692257
0.170409137338 -0.861880092820
0.183899380936 -1.000000000000
0.012718546383 -0.486544628642
0.021147002362 -0.680731609917
0.071839710574 -0.538253493938
0.094972466387 -0.429728091202
-0.072255794668 -0.417028027427
-0.051472068946 -0.578284699279
0.010243357998 -0.506650358179
0.035578377821 -0.418572742042
0.175196643775 -0.107859923307
0.249076426251 -0.263854861923
0.217070450470 -0.437001323301
0.112846577609 -0.511742506930
0.196428762311 -0.495663727072
0.231429390155 -0.689068763342
0.242135697888 -0.808584502893
0.239118701040 -0.912914159318
0.102289149256 -0.515514783297
0.141631620126 -0.732883250104
0.167617318175 -0.861874933593
0.180776787180 -1.000000000000
0.009669496792 -0.487487370688
0.015579402873 -0.682727641530
0.068967535666 -0.541731012567
0.094377935973 -0.432020110307
-0.075275011510 -0.418531908934
-0.056033768316 -0.577290517633
0.008287210991 -0.508213640622
0.036791687997 -0.422315100117
0.176152154788 -0.110900628513
0.250097690336 -0.263613090928
0.219659933161 -0.437032025061
0.114530692730 -0.511280704485
0.195285053518 -0.495021330257
0.230308988636 -0.691919266308
0.239963168148 -0.811615284729
0.236865344221 -0.916790676046
0.101757827223 -0.515096048333
0.141859872999 -0.734167175381
0.168029985102 -0.862043152705
0.181786909204 -1.000000000000
0.009954940992 -0.487222297262
0.018176656225 -0.682654190120
0.071043325702 -0.541706581871
0.095580208317 -0.434105250775
-0.074731983999 -0.417432305366
-0.053835532245 -0.579317316835
0.009076544907 -0.508603405762
0.035107576557 -0.420635695220
0.177273265141 -0.113160059204
0.251189032848 -0.265363247159
0.217534395209 -0.437943814100
0.109633374264 -0.507154274563
0.194024994358 -0.499709410033
0.228274908196 -0.695223694140
0.236948249250 -0.813526109450
0.233142645791 -0.917759207997
0.100121240808 -0.518884177202
0.139524567914 -0.735815068002
0.164631502306 -0.862003518893
0.177956287354 -1.000000000000
0.007857180269 -0.489867566241
0.017060165832 -0.684220266419
0.069039300774 -0.540906066502
0.092646405550 -0.432940351463
-0.076736572500 -0.419522970768
-0.054935600116 -0.581018733160
0.008457112115 -0.508990830315
0.035029993359 -0.421122670479
0.172994988582 -0.112224183562
0.244510362964 -0.266253361068
0.212708042993 -0.439254110453
0.109366601330 -0.511258192942
0.185151114659 -0.499290605139
0.214661659249 -0.697466158884
0.222760899959 -0.816874399616
0.217187195208 -0.919333542322
0.092675699285 -0.515075684947
0.128092538976 -0.734877100473
0.150884067204 -0.863070949568
0.161672834726 -1.000000000000
0.001866500115 -0.483497652233
0.004867686361 -0.682397722947
0.059350543092 -0.542793307675
0.087177076997 -0.435243055472
-0.080846146719 -0.411854292014
-0.064026138683 -0.574374220791
0.000134930804 -0.505649859364
0.029521746151 -0.419553604990
0.174641928933 -0.114656637554
0.245757617392 -0.270473330432
0.208286211242 -0.442836085634
0.105143895410 -0.513827646627
0.187303252928 -0.506144382135
0.212602107133 -0.702350927467
0.216321997739 -0.822521436048
0.207316469440 -0.927275071479
0.092165965774 -0.522354816687
0.126928491472 -0.738966660120
0.147253348528 -0.864813001891
0.154862329985 -1.000000000000
-0.000909967173 -0.490723204825
0.003194621857 -0.685753118497
0.059637154136 -0.545776605671
0.087128131641 -0.437067737181
-0.085700633535 -0.418871779019
-0.068279843342 -0.577370012065
-0.002715844486 -0.509080689898
0.027337446337 -0.423610707764
0.171830082424 -0.115648173392
0.241345345313 -0.270657623370
0.203167167786 -0.442571883032
0.101585219336 -0.515733158732
0.183249326053 -0.506310502991
0.208547712717 -0.702989994742
0.212342903628 -0.823119716195
0.203472065759 -0.927431813070
0.088654569387 -0.521309540004
0.121961370055 -0.739238878070
0.140832463823 -0.864791201006
0.147508151724 -1.000000000000
-0.002776341687 -0.488975860277
0.000500060896 -0.683804703420
0.054637793842 -0.544354285545
0.080723245700 -0.437815532365
-0.086888867639 -0.416686949373
-0.071175462499 -0.576985904594
-0.008708447951 -0.509318853181
0.019412970709 -0.425060708624
0.170804200143 -0.115888310157
0.240702063403 -0.270653042572
0.201647315802 -0.444027905925
0.098672315728 -0.516110788307
0.179962546262 -0.504837198393
0.205167050893 -0.703514889051
0.208644602179 -0.822985206388
0.199401952173 -0.926730459157
0.086250650878 -0.520398338736
0.117592325581 -0.739113400294
0.135554278784 -0.864347016211
0.141056334081 -1.000000000000
-0.003695033650 -0.488123713756
-0.001361542829 -0.682490531823
0.051798462222 -0.542566246654
0.076036626375 -0.437130471545
-0.086235102769 -0.414642839699
-0.072626237823 -0.577604548051
-0.009686472059 -0.508783327635
0.018239270299 -0.423079919225
0.167935692522 -0.116971352351
0.237428585519 -0.268814795438
0.199210049200 -0.440835196707
0.096970658353 -0.513177392121
0.175441680483 -0.505885545918
0.201744859708 -0.706222993162
0.205817334507 -0.825019904793
0.197666474482 -0.928084642270
0.082443845860 -0.519968281980
0.111763185845 -0.739843836988
0.128589917040 -0.864959328637
0.133732751086 -1.000000000000
-0.007173669442 -0.486504112132
-0.002089367689 -0.678327303427
0.050882611041 -0.538037886980
0.074666931555 -0.434114945983
-0.088931905781 -0.411966002462
-0.073571087564 -0.573938963975
-0.011017035757 -0.504429292991
0.015990437565 -0.418879772002
0.165129317571 -0.117079327213
0.235674447067 -0.267105381093
0.198970374622 -0.437738578650
0.095396747110 -0.511513390090
0.171534082378 -0.504971713954
0.199925603981 -0.704556073685
0.205345676289 -0.820898313318
0.199397367427 -0.923473566743
0.078992332616 -0.520541710690
0.108948455128 -0.741090208085
0.128892900882 -0.864904980897
0.136739705027 -1.000000000000
-0.009270771060 -0.488543690766
-0.001751434125 -0.680311218574
0.048658852826 -0.540780978750
0.069321550114 -0.438257174458
-0.091002793876 -0.413327158165
-0.075272213481 -0.578118731427
-0.015132472291 -0.507710735983
0.009004902813 -0.420327390211
0.170002165288 -0.115826831201
0.239597516151 -0.266301440623
0.203161066139 -0.435796710813
0.098956030374 -0.507114832024
0.174166463423 -0.502696102263
0.203085450901 -0.700306146481
0.210238042928 -0.817319298866
0.206359889107 -0.920351203258
0.081551129472 -0.518141800285
0.109717392968 -0.738198094591
0.129375005774 -0.864956422672
0.136805932984 -1.000000000000
-0.006710392083 -0.485956850364
-0.002224586336 -0.678345348125
0.051891861829 -0.539628908220
0.075940554995 -0.436315351350
-0.086158706861 -0.412062763695
-0.070035519163 -0.572712003367
-0.006326411428 -0.500937048029
0.021028464375 -0.413190802101
0.166161570192 -0.116086412601
0.234572990962 -0.265377803176
0.195245511823 -0.433462563673
0.090510672823 -0.501916470005
0.167839828862 -0.502377304105
0.193521261347 -0.703650648520
0.198267767292 -0.822014603125
0.191049644032 -0.924346686166
0.076236977010 -0.515763099053
0.102581310614 -0.737844434519
0.118802708848 -0.864761159200
0.123508592910 -1.000000000000
-0.010857414395 -0.481691889429
-0.008580567322 -0.675013926657
0.043177208053 -0.534772908432
0.066313423699 -0.431269834855
-0.089955296502 -0.405872502850
-0.077052952504 -0.569351386191
-0.014697856502 -0.498752890815
0.012524554167 -0.412218613898
