0.165698096801 -0.110365198280
0.247252596609 -0.287955273086
0.193086965391 -0.467553668397
0.102453727099 -0.578627135673
0.248622254311 -0.475857713317
0.297764292227 -0.678801422245
0.313609441041 -0.806309954077
0.313804753944 -0.915368380474
0.135138153117 -0.501614764681
0.202557303648 -0.739807712564
0.242592293098 -0.872928730773
0.270115569170 -1.000000000000
0.026099855377 -0.479196765299
0.070005228419 -0.640455551762
0.096716215790 -0.490457872239
0.097323094795 -0.390273651200
-0.084221449444 -0.416933570222
-0.024476414271 -0.545834826547
0.020797772368 -0.447548770315
0.029575522501 -0.353759423559
0.164296987972 -0.109545805775
0.246771486828 -0.285916288135
0.196678776762 -0.466157494781
0.105421143925 -0.577966175050
0.247675845603 -0.477750994329
0.298116021878 -0.680658584301
0.315411851036 -0.806939663326
0.317055037474 -0.915562550482
0.134405978831 -0.503487581033
0.203018754519 -0.741729741769
0.242651558143 -0.870746995615
0.272896355187 -1.000000000000
0.026416573989 -0.480892097932
0.072814497361 -0.644798923951
0.097317154337 -0.491886203682
0.097602667949 -0.394181027042
-0.083363166864 -0.416670208436
-0.022739682550 -0.549432093098
0.020343533791 -0.449842662775
0.027441304292 -0.356945960705
0.162610213552 -0.111903462730
0.243628120580 -0.287891727382
0.190355617010 -0.468110121183
0.097775519200 -0.579830206938
0.245758888349 -0.478357915646
0.295132132973 -0.682942573612
0.311407910140 -0.809286778423
0.311599463158 -0.917404733034
0.131498324203 -0.503822592316
0.199126954293 -0.742660297659
0.238162240864 -0.871741141014
0.267562060225 -1.000000000000
0.023221293636 -0.481021456469
0.069272793495 -0.642434171657
0.093595906320 -0.490335040634
0.093126984272 -0.391893530783
-0.087082844150 -0.416771284334
-0.027561377591 -0.548965253567
0.016188014478 -0.450511966321
0.024293815336 -0.356691186361
0.165024984196 -0.109401122751
0.246502487489 -0.287440797507
0.190617921109 -0.466941627170
0.099024576889 -0.576974217081
0.248634003210 -0.477744698052
0.296981031954 -0.682248631948
0.311954761853 -0.810349786898
0.310586175144 -0.919923973351
0.133287861694 -0.504203964970
0.199788926889 -0.744134224605
0.237729489068 -0.874396473377
0.263973111565 -1.000000000000
0.023551411707 -0.482336759352
0.069625543693 -0.644149167011
0.095785929859 -0.490762064182
0.095102778516 -0.390748766273
-0.087834461959 -0.420082280631
-0.025301952355 -0.549059864232
0.017940121362 -0.448771015236
0.024349449417 -0.355085505753
0.167693752270 -0.111364239233
0.248441284779 -0.290473211004
0.192028621494 -0.468912103085
0.098097453596 -0.575259337928
0.248730673828 -0.478447799633
0.297359426405 -0.681153534869
0.311975799481 -0.808965564111
0.309937832750 -0.917833626372
0.134068185101 -0.503426854119
0.200176101748 -0.742190595884
0.239684516177 -0.874592911612
0.266316296404 -1.000000000000
0.023837670028 -0.480682249743
0.068695886253 -0.641015044531
0.097876745341 -0.489036983626
0.098954752287 -0.388745803900
-0.086314801664 -0.419092075903
-0.024115175794 -0.546786008878
0.021509233950 -0.446078128562
0.029204069137 -0.351896429623
0.165920789540 -0.110698082465
0.247215673850 -0.288261448206
0.194580614166 -0.468441496572
0.101459155456 -0.577875131975
0.248307502705 -0.479040982794
0.298451709951 -0.681800819203
0.314424015085 -0.808721143919
0.314299095297 -0.916563173777
0.134253200769 -0.503483057599
0.202383841505 -0.741328105430
0.241341192420 -0.871762896521
0.269831682779 -1.000000000000
0.025402546049 -0.480130925821
0.072161856247 -0.645693018044
0.098910785292 -0.493699321648
0.099076868133 -0.392405436176
-0.084685081183 -0.416900281626
-0.023295166794 -0.549546757717
0.022748179397 -0.451172815373
0.031188003435 -0.356622647561
0.164507901379 -0.112805351182
0.244930773137 -0.289772277944
0.191722659395 -0.471468406461
0.097036629368 -0.582954393387
0.244503018892 -0.477232648596
0.294868023977 -0.681286937284
0.310709957074 -0.807719490787
0.310876674552 -0.916654710070
0.130227880447 -0.502839555422
0.197983573905 -0.741342940501
0.237705330047 -0.871214993294
0.267589844369 -1.000000000000
0.021891865112 -0.480210438696
0.069423778898 -0.642272901061
0.095492525009 -0.489825444752
0.095193240143 -0.391038899829
-0.088135880533 -0.416253470930
-0.027034152836 -0.548958761378
0.017539029851 -0.449957949045
0.024920262390 -0.355797179895
0.163226987890 -0.113261317641
0.244226188187 -0.291295122611
0.186724922506 -0.473060615231
0.091526925831 -0.584170247487
0.246468197490 -0.479096196581
0.294741212468 -0.684524183010
0.309132975057 -0.811449048998
0.307021560033 -0.919656095014
0.131549099557 -0.504035348602
0.198801415586 -0.743415734976
0.236828792574 -0.872745853116
0.264947840538 -1.000000000000
0.022233009739 -0.480673468652
0.067611044018 -0.642213879204
0.091584487421 -0.488382171385
0.090606947963 -0.388794152783
-0.088802224731 -0.416739443400
-0.028919384831 -0.548983507337
0.013827164972 -0.448728053811
0.021513928645 -0.354004655858
0.166331745673 -0.113347315863
0.246176767768 -0.286222260662
0.193286262584 -0.466536211109
0.102079737299 -0.576356727091
0.247023290645 -0.480345371204
0.295019520933 -0.683868801096
0.310109536307 -0.810998005473
0.309689943546 -0.919808547654
0.133286445693 -0.503955645500
0.199497884732 -0.741753025051
0.237301815956 -0.871965233019
0.265609003310 -1.000000000000
0.024049898683 -0.479636212686
0.068327356636 -0.641193061564
0.094929810416 -0.487359719368
0.096411404014 -0.387317721132
-0.087046505254 -0.416000022596
-0.027076946832 -0.547588033152
0.018527598224 -0.447936115931
0.027578321872 -0.354019509700
0.165571994063 -0.109141972108
0.247230164496 -0.285631304028
0.190068047163 -0.463775136058
0.099070147310 -0.574602817829
0.248814927171 -0.480066522620
0.294801464827 -0.681961513502
0.310565800477 -0.810171685522
0.309994445783 -0.919518784139
0.134049197118 -0.504489917518
0.199671991210 -0.742466055796
0.239042431848 -0.874513082981
0.266630495090 -1.000000000000
0.024043334087 -0.481399278823
0.066874162607 -0.639617928126
0.094052301008 -0.487259586145
0.096401582866 -0.387700620445
-0.086797310642 -0.419220988887
-0.026852948644 -0.546459972789
0.018616022390 -0.445046844603
0.029014546556 -0.350751463514
0.168410684431 -0.110540444506
0.247294475134 -0.284438467543
0.191223877723 -0.461903700440
0.098608318634 -0.570855296118
0.245737145635 -0.477412387341
0.293316422756 -0.678959597305
0.309438755680 -0.806999841341
0.310396760179 -0.916338104637
0.131647932039 -0.501758714796
0.195181646072 -0.740765600903
0.235957391033 -0.874463531785
0.265233093039 -1.000000000000
0.022042996909 -0.478175521301
0.065571745995 -0.641013791096
0.095063963557 -0.488243494663
0.097243440142 -0.385108784599
-0.089163440554 -0.415820316284
-0.029805645246 -0.546599799260
0.018240471064 -0.447250841789
0.028575770186 -0.352122858682
0.166951138226 -0.114930778911
0.246143867707 -0.288930932207
0.193654013892 -0.471094119142
0.100129816830 -0.581362649816
0.245064454024 -0.478584297985
0.293958245810 -0.683659670335
0.311030420281 -0.809972319326
0.312365004565 -0.917694722820
0.131093427045 -0.502019825688
0.197313528990 -0.739727297336
0.235414930358 -0.869592445010
0.265109155773 -1.000000000000
0.022696567875 -0.478148179411
0.071074552829 -0.646292215938
0.096966509910 -0.492758976329
0.096533463732 -0.392488767157
-0.087256411525 -0.415285883244
-0.024261290814 -0.551059443107
0.020971950962 -0.451940412329
0.028092827766 -0.357362156939
0.164567170265 -0.116226317951
0.243704408586 -0.291617923551
0.190161305219 -0.472137286351
0.096463945905 -0.582216794474
0.240802769555 -0.478067404424
0.289565915364 -0.684285206505
0.304957690385 -0.811933236242
0.305064322645 -0.921595947379
0.126569291497 -0.503547793990
0.191174408684 -0.743730428086
0.230664039788 -0.873811923682
0.259770896160 -1.000000000000
0.018584955317 -0.481038234794
0.065476087417 -0.645951135427
0.092854291948 -0.494435585636
0.092437333299 -0.393951719933
-0.092045820251 -0.417789558843
-0.030430253894 -0.552562712209
0.013739815637 -0.454260313628
0.019883683216 -0.358511754436
0.165568957642 -0.110875023655
0.247839165073 -0.289708960801
0.190639167078 -0.469428356104
0.096162337641 -0.577554924673
0.244989190211 -0.482493843879
0.293523194518 -0.685186035071
0.306751816989 -0.813079080162
0.304259358389 -0.922567231057
0.129756953389 -0.508386562050
0.195330363709 -0.746401239485
0.233389180602 -0.875856335098
0.259330982397 -1.000000000000
0.019920172061 -0.485329301966
0.065852256079 -0.645177250795
0.093529007738 -0.491253806015
0.093297585613 -0.389320855157
-0.091043156548 -0.421022756900
-0.028948011003 -0.549354136978
0.015360863257 -0.448320021842
0.021945262125 -0.352711339665
0.165649609950 -0.111230846952
0.246671608996 -0.287704628869
0.191203903547 -0.466273763657
0.097219822068 -0.575819446727
0.246895596336 -0.481636957911
0.294032725687 -0.682505590554
0.307647065746 -0.810150814084
0.305779011331 -0.919387345933
0.132152270814 -0.506190255333
0.197957803544 -0.744649271128
0.235703306045 -0.873643726224
0.263597975187 -1.000000000000
0.022541761263 -0.482275419215
0.066914692068 -0.643965744545
0.093465372247 -0.489896442375
0.094635008166 -0.390755360784
-0.088749594733 -0.417665102407
-0.027391054709 -0.548787875468
0.016393730789 -0.447666551021
0.024297172768 -0.353815563468
0.163222825339 -0.110777232793
0.244022968712 -0.288275340213
0.187535100190 -0.465664096925
0.095522987611 -0.575337403653
0.243268776655 -0.480303264664
0.288440648362 -0.681708864306
0.304081012873 -0.808810706866
0.304161833075 -0.917824890762
0.128922731456 -0.504843394061
0.192460134015 -0.743540408811
0.233373138094 -0.874412465124
0.263279923676 -1.000000000000
0.019966744596 -0.481755691337
0.063401663569 -0.641792934844
0.090761574122 -0.488675848134
0.092640432851 -0.389791746300
-0.090743852102 -0.419078066424
-0.030311243630 -0.548576276671
0.013752839520 -0.446611561895
0.022514755651 -0.352182113817
0.162787647394 -0.110362439875
0.243657993599 -0.290730287685
0.184113453162 -0.470496907059
0.089596694541 -0.580874370328
0.246718928893 -0.485005018448
0.292112667588 -0.687072500901
0.306047873867 -0.814309090436
0.303857254861 -0.922291249083
0.131246096092 -0.508100072781
0.195676263868 -0.745526333157
0.231268050734 -0.873865873965
0.257267627966 -1.000000000000
0.021443879241 -0.483883726928
0.063902560476 -0.644151541369
0.089436542556 -0.489726071330
0.090593636581 -0.389686264213
-0.089339963593 -0.419917918612
-0.030885107015 -0.549941494122
0.013164688253 -0.447814996069
0.022764929876 -0.353136687183
0.165294927196 -0.113460998038
0.244490664036 -0.291896146648
0.186565475311 -0.468115804150
0.091680423072 -0.573893143149
0.242583256585 -0.482649375102
0.289375367621 -0.683524112276
0.305340973301 -0.809845920625
0.305246113313 -0.918110359779
0.128144465975 -0.505837668391
0.190616237368 -0.743198229207
0.229777483272 -0.874684510487
0.256446208381 -1.000000000000
0.019053789173 -0.481399290803
0.060896471425 -0.640058277452
0.091089124811 -0.487301545582
0.093744846885 -0.387396423450
-0.091076446471 -0.418272569383
-0.031661520317 -0.547925757788
0.013618942519 -0.445988590372
0.022092852227 -0.350937419374
0.165211831409 -0.109361481580
0.246697584775 -0.288815493291
0.188817038399 -0.465432531068
0.094212783856 -0.573955160846
0.247081175250 -0.485250612471
0.294976060519 -0.685525771883
0.309413390033 -0.812716493148
0.308480333881 -0.921484516629
0.131775050758 -0.509087015757
0.196118868697 -0.746785496353
0.234490029570 -0.875716734976
0.261749114929 -1.000000000000
0.021742188158 -0.484447807754
0.067596489327 -0.641201241251
0.095761994419 -0.484546668592
0.096841713686 -0.385475310849
-0.089551736269 -0.419298514943
-0.025881253121 -0.548921486373
0.016362706220 -0.444192787819
0.021436715981 -0.349413768414
0.163270813168 -0.104517119155
0.247196225461 -0.281246499361
0.192312787105 -0.457555143696
0.101218164474 -0.567769776612
0.248168501656 -0.483987669743
0.295513137106 -0.685791755472
0.310516583501 -0.813144294532
0.309574257554 -0.922293561325
0.133634359367 -0.508207035255
0.198252832764 -0.744323215391
0.236497541199 -0.874462006467
0.262002976859 -1.000000000000
0.023722289062 -0.483456085400
0.065058709485 -0.639054914723
0.092970322007 -0.482809843696
0.094731722121 -0.381898180942
-0.088062290265 -0.417829493174
-0.029640295246 -0.546113891872
0.015493653819 -0.444416718762
0.024467529358 -0.351025563220
0.164864434845 -0.108666688331
0.247746796726 -0.285026379179
0.196065088813 -0.462467973422
0.105640374922 -0.574655420579
0.246951260447 -0.482054024729
0.295109063711 -0.684177999572
0.310642809529 -0.810850595952
0.311424594998 -0.920303707407
0.133024822224 -0.507127233201
0.198606978030 -0.744486524952
0.238915079210 -0.873142935200
0.267674704859 -1.000000000000
0.024209080296 -0.483401442006
0.066980587293 -0.640307206080
0.094600160482 -0.483716478264
0.096268484057 -0.384907369805
-0.087519044386 -0.418411738574
-0.027235263980 -0.548325180465
0.016230302207 -0.445530055802
0.023282392418 -0.352094854907
0.163314503370 -0.109788951194
0.245700725136 -0.284765901199
0.189827065404 -0.462811168825
0.097566938203 -0.574762411033
0.249442782402 -0.485871568237
0.296932488366 -0.688575140297
0.311784720497 -0.816088371299
0.310881755012 -0.925405160903
0.134687358215 -0.510048039242
0.200744585052 -0.746995001174
0.237327713246 -0.874394856731
0.264058852326 -1.000000000000
0.025045438511 -0.485846851316
0.066726960976 -0.642162525483
0.091102404828 -0.485502182148
0.092205352679 -0.386036893181
-0.087601394536 -0.420589195726
-0.031014330848 -0.551819246031
0.010466785904 -0.448657165306
0.018125286624 -0.353474547066
0.161537869474 -0.107869391819
0.244193609059 -0.285541949692
0.188921171286 -0.459954972261
0.097937238381 -0.570163198181
0.245378322467 -0.484225278844
0.291550287423 -0.684956048927
0.307995866577 -0.810514096291
0.309489362016 -0.918540085175
0.132049282819 -0.508908538409
0.193789273458 -0.747489471183
0.234935987665 -0.876036975010
0.263933987865 -1.000000000000
0.023322711043 -0.484985879256
0.063650332087 -0.636285797916
0.089672696075 -0.480592791425
0.090931344580 -0.385125030688
-0.089157518658 -0.420139608863
-0.029372217549 -0.548650712874
0.010081288865 -0.444275995271
0.014936479160 -0.351369263227
0.162009041838 -0.107693891427
0.245029298146 -0.284753690469
0.189243143020 -0.460308754338
0.098312283582 -0.569853961389
0.247147246550 -0.485286190608
0.293489392485 -0.686730677994
0.309468872431 -0.812545414493
0.310067393454 -0.921034971738
0.132548827756 -0.509785011145
0.195631821417 -0.747221031926
0.235163528502 -0.875148770778
0.262146467506 -1.000000000000
0.022666380996 -0.485194729175
0.063862037499 -0.635804757473
0.089371928501 -0.477774190673
0.089729665950 -0.381770140683
-0.090064765073 -0.419312139968
-0.029259842191 -0.545394644408
0.010439868519 -0.439143021940
0.014980993536 -0.346506893273
0.162457569216 -0.105294002640
0.246087968345 -0.279916112748
0.191734956423 -0.453519280359
0.101664399321 -0.565589907825
0.245270607370 -0.482978451192
0.290826213556 -0.683393973313
0.305781348929 -0.810489061241
0.306504523852 -0.920440940671
0.131503787110 -0.507284684257
0.193873843138 -0.745086000110
0.234261030251 -0.875699725776
0.262405393648 -1.000000000000
0.021885924138 -0.483444837676
0.063287282780 -0.636059152995
0.091196570511 -0.479915586967
0.094662954788 -0.381914447388
-0.090530939307 -0.418812433961
-0.029555823509 -0.545174058552
0.012031083604 -0.438958480114
0.018619466147 -0.343812229491
0.161884512723 -0.108232337693
0.243613955454 -0.283810277289
0.187283369696 -0.459596492195
0.097009501484 -0.574349066493
0.246370798663 -0.484630794212
0.291582051774 -0.686829147422
0.307213918579 -0.814074630848
0.307941792823 -0.923634808999
0.131786633082 -0.508007185742
0.195492050826 -0.746384082108
0.234998218848 -0.875430586034
0.263261682400 -1.000000000000
0.022272418577 -0.483894270283
0.063654625232 -0.637709439847
0.089865934760 -0.480563328620
0.092438955905 -0.383196621160
-0.090708726248 -0.419536906921
-0.030104773374 -0.547705825514
0.011509218825 -0.441408350816
0.018909479583 -0.346347499794
0.160195064307 -0.107116354343
0.242754707876 -0.283221643109
0.187224302313 -0.459977596937
0.094523373367 -0.573105785912
0.243669682369 -0.483094984192
0.290455848211 -0.684943998651
0.305257693932 -0.811317855365
0.305665334057 -0.920186638494
0.129928383498 -0.507361928243
0.193431999582 -0.746154064871
0.232507873403 -0.873333513831
0.262273171739 -1.000000000000
0.021950718761 -0.483398530846
0.062348624949 -0.636754996996
0.087711591086 -0.477941192882
0.090633842224 -0.381137467332
-0.088919761110 -0.417648171379
-0.031481611410 -0.548414381163
0.009355085311 -0.442839050112
0.016954620325 -0.348420902370
0.159729607288 -0.109128783331
0.241195296265 -0.285258999442
0.187018265600 -0.459827460531
0.097690615306 -0.574462373031
0.241670029983 -0.482241276950
0.287077153325 -0.683780280814
0.303864800025 -0.809927356726
0.306352854496 -0.919340020610
0.128003972357 -0.505754264134
0.189075983584 -0.745562227688
0.229517661075 -0.874780467564
0.259202025031 -1.000000000000
0.019998529463 -0.482337050891
0.062084746334 -0.636867044395
0.088781021495 -0.479707532751
0.091327173654 -0.382711504704
-0.091237183632 -0.419141275142
-0.030355944789 -0.547590027626
0.010350565098 -0.441127889376
0.016777435983 -0.346332238541
0.162106616437 -0.106944562292
0.246126864739 -0.283681615930
0.191729633236 -0.461243849277
0.096354643602 -0.568928982170
0.245910684294 -0.483031176191
0.293998016569 -0.684383023501
0.307979912436 -0.810339917088
0.307063859848 -0.918503891272
0.132989487575 -0.507107092725
0.198943635703 -0.742944234070
0.235747312428 -0.871032352046
0.261756807247 -1.000000000000
0.025063504612 -0.483281341615
0.065532387468 -0.638656233920
0.090256138653 -0.480133555187
0.091676601571 -0.381104377235
-0.084345707479 -0.418891401946
-0.027876741363 -0.548638696804
0.013177466912 -0.444402782329
0.020369273140 -0.350171172029
0.159992405508 -0.110439563525
0.239818538627 -0.284345678078
0.184755850070 -0.460132782960
0.094043052211 -0.571636157736
0.237375897688 -0.480637430402
0.283055043312 -0.681659835480
0.300965844804 -0.807432643088
0.303783474169 -0.915738823922
0.124399898115 -0.503948442836
0.185850990358 -0.742004747069
0.226032993829 -0.872467262075
0.255988482434 -1.000000000000
0.016957841915 -0.480095492444
0.059551893312 -0.638813039709
0.085940383721 -0.483095207843
0.087819389983 -0.385195771847
-0.092885413851 -0.416546378681
-0.033524662873 -0.547590240950
0.010085614197 -0.444100251706
0.018548774632 -0.349799974972
0.164346331276 -0.109312793243
0.243738763755 -0.283921455139
0.183027780719 -0.460842656765
0.086971370348 -0.569773381609
0.248532462864 -0.483102687130
0.293273784212 -0.683473008555
0.306015361762 -0.811460476633
0.302679985998 -0.921537844269
0.131814926677 -0.507558176453
0.195689748531 -0.744068628781
0.231250861210 -0.873098349112
0.255823236819 -1.000000000000
0.020333546004 -0.483035686589
0.058419383001 -0.638015037489
0.086165224502 -0.479172993550
0.089613629239 -0.377566915697
-0.092212388021 -0.417409580144
-0.036453999428 -0.544650804167
0.008272346471 -0.440397767336
0.018679828724 -0.345217615133
0.153682057069 -0.105097876074
0.234260295965 -0.278322998815
0.183451908329 -0.451482994368
0.095523191200 -0.567585356902
0.232853701718 -0.480288912240
0.277294926463 -0.681874964884
0.294005166661 -0.807914005334
0.297426591450 -0.916185660303
0.120787025249 -0.503181262305
0.179775394084 -0.741867529291
0.219847008489 -0.871769396199
0.251194384972 -1.000000000000
0.014699490068 -0.479583032981
0.054107336332 -0.636017391159
0.080676136887 -0.478445937142
0.085662303735 -0.381864516800
-0.093757967063 -0.414538951390
-0.035221599402 -0.547201885915
0.007584783095 -0.441064461332
0.016519066558 -0.346035956233
0.159511224367 -0.109437783397
0.237854807782 -0.285322236400
0.176686327652 -0.459619409065
0.082455815432 -0.568697957242
0.233867136324 -0.479908301598
0.276342736339 -0.682627432916
0.292181831321 -0.808068037802
0.293029742012 -0.916880241475
0.118946184285 -0.502734762383
0.177457447400 -0.742259516338
0.217510793991 -0.872723250484
0.245566005266 -1.000000000000
0.009946192728 -0.478297040143
0.051965316819 -0.632809790537
0.079808422008 -0.475040808832
0.080855629593 -0.378139467825
-0.100855175653 -0.414029377736
-0.038925303055 -0.542144888521
0.003130964480 -0.436088827987
0.009129454280 -0.342140631632
0.157499782559 -0.105654721599
0.237781014143 -0.282905823656
0.179107133866 -0.457368154863
0.084402440878 -0.568882842418
0.238060482424 -0.489229370233
0.279846099022 -0.689530436419
0.290799019348 -0.816457584359
0.285618735158 -0.924497730630
0.122182741732 -0.511487871710
0.184569842314 -0.746905454287
0.219493609774 -0.874172571631
0.242862915732 -1.000000000000
0.012134571849 -0.484776706033
0.051431384930 -0.635350764661
0.079118858168 -0.475157605748
0.082087108187 -0.378179188648
-0.099854839073 -0.415182646080
-0.039655160947 -0.543103387616
0.001259085249 -0.434706548185
0.006954544699 -0.340488081166
0.157864882761 -0.106371504246
0.238898463710 -0.280270869989
0.185507192968 -0.452036642487
0.094884854471 -0.561040685249
0.236000313692 -0.486221543313
0.279225026701 -0.684544947085
0.294514434712 -0.809499451558
0.294817250378 -0.917471534616
0.122359601985 -0.508272832180
0.179692018937 -0.744425961258
0.216994008130 -0.873096115679
0.242124253495 -1.000000000000
0.013733998830 -0.482194088559
0.052986279581 -0.635064336253
0.081984638391 -0.476727571611
0.084459115191 -0.380743226919
-0.096675548801 -0.414467762200
-0.037226653159 -0.540808401705
0.005401385668 -0.435087666431
0.011473405988 -0.343461871162
0.157476907222 -0.110481894080
0.234588757352 -0.284077023973
0.176503112237 -0.455017850853
0.082396118505 -0.561359728870
0.233655633354 -0.485928739552
0.276845169453 -0.685611597327
0.292516510767 -0.810374365048
0.294080308439 -0.917949855701
0.119183831966 -0.507219239132
0.174109984424 -0.744856677876
0.211686039978 -0.873537025747
0.238759841398 -1.000000000000
0.010586239761 -0.479930481720
0.049541726518 -0.635158309395
0.079126675809 -0.476969390350
0.081709146073 -0.379990872903
-0.099798750282 -0.410399187537
-0.040804701587 -0.540179944864
0.002648561497 -0.434796900079
0.008786529561 -0.341622041528
0.157695646145 -0.111836566628
0.233476117762 -0.283819226043
0.177937448084 -0.454646413554
0.084045152708 -0.560224851067
0.232153284513 -0.485798658662
0.275464922362 -0.685204874755
0.290595050667 -0.809581116823
0.291239262812 -0.917198476218
0.118040278616 -0.506891253931
0.174227461559 -0.743686529811
0.210706882327 -0.871554181874
0.236643079964 -1.000000000000
0.009820220844 -0.479565762782
0.048117581524 -0.633907809992
0.078004755828 -0.475544789375
0.080682537352 -0.380065858744
-0.099811145800 -0.409472136009
-0.041967330861 -0.539104537471
0.001150119399 -0.434127587649
0.006705732303 -0.342113830183
0.158343749523 -0.109948605769
0.234293065479 -0.287285054278
0.170414795824 -0.458959635197
0.075788408425 -0.566469140571
0.233401229322 -0.487614352067
0.273317004698 -0.685769041814
0.287490845359 -0.810804868506
0.286784442387 -0.919187150558
0.118053324736 -0.509120561963
0.172909680061 -0.745870601107
0.210293446091 -0.874856741323
0.234905020636 -1.000000000000
0.008420731225 -0.481368966256
0.043546341689 -0.630134469836
0.072688429803 -0.471447232910
0.075450307048 -0.376356845774
-0.103733484296 -0.411932990910
-0.046430622790 -0.538191060812
-0.005661931709 -0.430651355220
0.000175398505 -0.338242535833
0.156922581333 -0.109481822125
0.235761107921 -0.282818350533
0.183835156777 -0.455971394680
0.090597181471 -0.564114911267
0.230564064128 -0.485312455046
0.274371271750 -0.685998579872
0.288240391151 -0.810290562468
0.288617358127 -0.918038918692
0.117270933117 -0.506740056574
0.173498085684 -0.743501864055
0.210471793914 -0.871093098709
0.237316246990 -1.000000000000
0.010053539024 -0.480341673704
0.051426851170 -0.636059726263
0.080675141083 -0.478414661807
0.082445531650 -0.383072423554
-0.098443562081 -0.410595537422
-0.038335649351 -0.543066902890
0.004502594306 -0.437965731917
0.008761618712 -0.344215810525
0.158828396481 -0.109767995513
0.234896819387 -0.283436317778
0.177674541836 -0.454513501549
0.081444104472 -0.558127686098
0.231731566642 -0.482989435021
0.274793502966 -0.680466439238
0.288930526362 -0.804522579302
0.288567225643 -0.912515481023
0.117118386126 -0.505351013587
0.172391369162 -0.741678702830
0.208574799174 -0.870510169704
0.234256182601 -1.000000000000
0.009033213774 -0.478590656252
0.046160507693 -0.630452929827
0.077186821104 -0.474506858826
0.080982830737 -0.379070847929
-0.099003035607 -0.408558819787
-0.044099008023 -0.536480986516
0.001151246479 -0.433341323026
0.009695865898 -0.341540511318
