0.159591040682 -0.139766447288
0.220131487881 -0.299770392223
0.169194190535 -0.474386825177
0.059241809637 -0.538750618363
0.162715576789 -0.504280055242
0.196911302845 -0.698459438471
0.200523297279 -0.817565450389
0.191746507979 -0.920034048660
0.065599138452 -0.514757731832
0.098790578905 -0.731393017333
0.111964153982 -0.863878601016
0.114311020163 -1.000000000000
-0.032086130077 -0.479491308806
-0.038291976938 -0.668980989622
0.013091816778 -0.531766825552
0.039485228550 -0.419265390917
-0.123779718742 -0.410996927356
-0.118400232434 -0.565018135603
-0.053303402398 -0.495131682478
-0.019631183399 -0.405270478922
0.154071507977 -0.140566700151
0.211482491960 -0.299992850492
0.160511038938 -0.471617520361
0.049425344655 -0.534061664832
0.144667391019 -0.510610459730
0.170903952486 -0.705340419873
0.170650604106 -0.824151709273
0.160026042136 -0.925854234985
0.050151336712 -0.515895848071
0.072817681104 -0.734280306943
0.080590584317 -0.865038653256
0.079982274906 -1.000000000000
-0.043243890150 -0.477514142415
-0.056091659312 -0.667104492023
-0.002463081921 -0.531551548114
0.027233666354 -0.420278807843
-0.130919948143 -0.406628167552
-0.135184673205 -0.566722616484
-0.070338911808 -0.500225471859
-0.034525262304 -0.411556736427
0.150534400161 -0.139290144760
0.206266736877 -0.304597293337
0.144347683411 -0.472685387493
0.029272821234 -0.529793415530
0.132201100216 -0.512010485354
0.153882636039 -0.708591465709
0.151156647909 -0.824916925195
0.137994010104 -0.924980862591
0.033669800983 -0.517154847998
0.049615633123 -0.737899704879
0.058723486305 -0.868218786751
0.057470324864 -1.000000000000
-0.061014723728 -0.476793374435
-0.074581370075 -0.662272374458
-0.016764242875 -0.525452764423
0.012429405630 -0.414919433246
-0.147416661960 -0.401781476930
-0.151632013377 -0.557316895133
-0.084339306240 -0.487984125854
-0.047421092287 -0.399141709465
0.149815709047 -0.142272932584
0.203997432188 -0.304561926681
0.144899009420 -0.471884614506
0.030588540369 -0.530853325830
0.125669894934 -0.516256571912
0.143582027534 -0.711868908314
0.141550909504 -0.828583910437
0.130225378343 -0.929494147470
0.028466763510 -0.520362991188
0.039479600849 -0.739963907852
0.047899792137 -0.868842489507
0.046385118328 -1.000000000000
-0.064654782937 -0.479413336394
-0.078320660064 -0.668916885966
-0.018991633107 -0.533702038047
0.010376233326 -0.422368846460
-0.150067299581 -0.403655111869
-0.153670483207 -0.560804307020
-0.083764883829 -0.493277342091
-0.045677968537 -0.403842024068
0.147376394001 -0.146678640183
0.198376853460 -0.307925760371
0.135439546515 -0.474813029930
0.020631883081 -0.531310022137
0.117181490998 -0.521417443600
0.128743175580 -0.718173855627
0.123096550346 -0.833548088821
0.107730391488 -0.933704903090
0.018509657849 -0.522798769914
0.028294004757 -0.739525761846
0.033652085180 -0.866480519741
0.028044096533 -1.000000000000
-0.075413427198 -0.479244242117
-0.093368756581 -0.666092951596
-0.032378498657 -0.532136227580
-0.001747089653 -0.422855946052
-0.160290386471 -0.401026711298
-0.168657475585 -0.557087648356
-0.097757124236 -0.491773562819
-0.058557300532 -0.404100779194
0.147299957575 -0.146911250288
0.195222489816 -0.309238310884
0.130793341344 -0.474126900137
0.012993165757 -0.527735215863
0.113351461793 -0.521960279579
0.122771597177 -0.718268963032
0.113013896631 -0.833910493249
0.094511191023 -0.933222817506
0.013372919780 -0.523099704436
0.018793279702 -0.739920721294
0.020541499339 -0.868248171113
0.011129069187 -1.000000000000
-0.079569225398 -0.478429919918
-0.101735986223 -0.661347858457
-0.034669477666 -0.530034658083
0.000947146743 -0.421639370201
-0.162656622082 -0.398028637908
-0.171973360840 -0.553625611803
-0.098512865663 -0.490043604835
-0.057048457965 -0.401992003433
0.142170748056 -0.149813072234
0.188043980225 -0.310837097027
0.121818197185 -0.474120638217
0.007800413394 -0.527190749213
0.102963268041 -0.521726350493
0.106842792573 -0.718595290090
0.096968067712 -0.833659480379
0.078885272738 -0.933359137958
0.004534310778 -0.521920007073
0.004805305383 -0.740344598192
0.006818206937 -0.868225798535
-0.001238817003 -1.000000000000
-0.086973313153 -0.476735774083
-0.110808811085 -0.661092775724
-0.045297490531 -0.530582217986
-0.010316106918 -0.424196491785
-0.169288845576 -0.396104341483
-0.181448306343 -0.551872983387
-0.108874927050 -0.489102733719
-0.066458961925 -0.403093044226
0.144938787294 -0.150359233987
0.191308574074 -0.312047691587
0.122392161159 -0.476150839608
0.005464556888 -0.527888307504
0.100988529347 -0.521841985268
0.102694016009 -0.720187183666
0.091180583278 -0.834657129725
0.072031221631 -0.934238957825
0.002385202984 -0.522431545837
0.000814197311 -0.740317439377
0.000259231392 -0.867876863852
-0.010832748725 -1.000000000000
-0.088236032924 -0.477618491413
-0.109336995151 -0.662349808115
-0.044416492756 -0.532912918291
-0.012034207200 -0.427327386306
-0.169167944512 -0.396443315195
-0.180481873365 -0.554180563831
-0.107810341593 -0.492873522324
-0.066805413522 -0.406385849772
0.143193733653 -0.151505073911
0.189106048862 -0.310556421264
0.119143197981 -0.472743250775
0.002248491161 -0.524312082051
0.095579280295 -0.523745583636
0.093551579504 -0.720533637947
0.079199800898 -0.833182802412
0.057534675004 -0.932060642838
-0.003029658118 -0.522684107029
-0.009485356039 -0.740332927445
-0.012177558445 -0.867438885505
-0.024562854551 -1.000000000000
-0.092975534272 -0.476390377601
-0.115984981454 -0.657164091298
-0.048258836540 -0.525640384104
-0.013189413179 -0.421201360939
-0.172839621038 -0.393675783863
-0.186537361772 -0.549909040273
-0.112720940888 -0.487193652855
-0.069636964618 -0.401505953755
0.142318274443 -0.152367598137
0.188170659048 -0.308379728366
0.124859632371 -0.471184702990
0.009451249112 -0.521412089382
0.092333518415 -0.526049866866
0.088576172471 -0.722857420172
0.072252760082 -0.836176840065
0.047965710391 -0.934841377881
-0.003097170023 -0.522665128960
-0.012149111817 -0.740212380942
-0.021704686882 -0.867179537243
-0.041049039363 -1.000000000000
-0.091399365994 -0.474591278434
-0.117464764910 -0.660646301698
-0.049159925602 -0.530761618004
-0.012165926453 -0.425691147018
-0.169323761937 -0.391114668150
-0.184028402983 -0.548368717734
-0.110783283904 -0.488303318738
-0.067408210923 -0.403496391387
0.143517115457 -0.152345689592
0.188916644637 -0.310315301458
0.121704355111 -0.472639246689
0.004653606611 -0.522004875886
0.092212916303 -0.526008803356
0.086776096696 -0.723476821590
0.068633322102 -0.835457807954
0.043543842306 -0.933255266358
-0.004442142315 -0.523210455283
-0.015792814355 -0.740982459266
-0.025498648084 -0.867436100618
-0.043626297051 -1.000000000000
-0.092982074512 -0.475495741420
-0.118639501523 -0.658627596717
-0.051625772660 -0.527691683289
-0.015466074042 -0.423836612067
-0.170625478273 -0.391371983647
-0.187404885072 -0.549917038613
-0.114922827110 -0.489493826516
-0.071825927003 -0.404682910171
0.141922138177 -0.154607390611
0.186065386946 -0.311645672254
0.117447824971 -0.473711326679
0.001774163244 -0.524790870276
0.089737261120 -0.527156072430
0.083172559265 -0.725185583159
0.065138654251 -0.836916288701
0.039592871705 -0.933911553788
-0.006771535957 -0.524051226378
-0.019639525836 -0.742722501355
-0.029924638648 -0.868975359747
-0.048870191530 -1.000000000000
-0.094746762663 -0.476404248718
-0.120531069901 -0.659267436976
-0.054417359768 -0.529299655117
-0.019695393583 -0.426331129590
-0.173074606091 -0.393329149424
-0.189537720417 -0.552946766087
-0.118641146108 -0.492177227308
-0.076761533966 -0.406983420159
0.140190149939 -0.154208311067
0.182291127563 -0.309393964823
0.113499778436 -0.470570309291
-0.001033794247 -0.520108518685
0.088684380250 -0.523048737448
0.080515258985 -0.721889553290
0.062500868254 -0.834456408838
0.036700605857 -0.932305548273
-0.008553682447 -0.520641716898
-0.022581319085 -0.740705949617
-0.033499328751 -0.867880147641
-0.052991738506 -1.000000000000
-0.097272752701 -0.473222488598
-0.127174653063 -0.657445763744
-0.059962983945 -0.527425459653
-0.023217596933 -0.423880936196
-0.175593708315 -0.390373684420
-0.194898561850 -0.547093407253
-0.122593109939 -0.487281576436
-0.078607067847 -0.403754630855
0.139635757611 -0.153076629968
0.182887674301 -0.306223608534
0.117061159086 -0.466817066106
0.001019175309 -0.514851888022
0.085716222204 -0.524372531479
0.076675521397 -0.723073025002
0.058094165089 -0.835498477972
0.032355318616 -0.933740814262
-0.010584612702 -0.521018342318
-0.024742294633 -0.740181724018
-0.036114411921 -0.866724501741
-0.055977365126 -1.000000000000
-0.098671902414 -0.473069857317
-0.128466798546 -0.658110411884
-0.062135052493 -0.528021305393
-0.025747933167 -0.425191720913
-0.176043848281 -0.389141342204
-0.196085870643 -0.548184892263
-0.123989669895 -0.488630087767
-0.080738472679 -0.404459429584
0.137364024563 -0.157364891949
0.179454071741 -0.313639046832
0.107293351462 -0.474409496472
-0.009262790907 -0.521456033589
0.080195757293 -0.530161932191
0.070273925433 -0.731212697695
0.050460110170 -0.843170194249
0.023610641412 -0.940220289701
-0.016521714090 -0.524454831851
-0.031243533903 -0.744111238340
-0.043390074277 -0.868791099482
-0.064045367710 -1.000000000000
-0.104705063925 -0.474797148571
-0.135173320619 -0.661451472119
-0.067695893244 -0.530133271197
-0.031096612570 -0.426259187205
-0.182142915648 -0.390021326533
-0.202257752320 -0.552099737671
-0.129708246456 -0.490943085175
-0.086279228851 -0.405194408580
0.138045266870 -0.152351906709
0.182427077452 -0.308554650392
0.112253988175 -0.467897029876
-0.003888762314 -0.514123246433
0.081931076291 -0.529392117069
0.069973731919 -0.728798532961
0.048856407512 -0.842182033134
0.020617691092 -0.940973900858
-0.015201268113 -0.525021727216
-0.030344475687 -0.743078352819
-0.042697785391 -0.868532218646
-0.064377332049 -1.000000000000
-0.103614747027 -0.476436700164
-0.136217006792 -0.661720738913
-0.068381676347 -0.530254372684
-0.030837019901 -0.425814783240
-0.181046266285 -0.392322019278
-0.201118851393 -0.550337658830
-0.128614876746 -0.490378588276
-0.083984920702 -0.406791708421
0.137197375851 -0.152069012453
0.180163718230 -0.312635498866
0.106213670601 -0.472530917305
-0.010432272145 -0.519667442792
0.079519898337 -0.529157337805
0.067055191186 -0.728175332244
0.045360154828 -0.841491563108
0.016234727430 -0.938856415331
-0.018013845386 -0.524058433254
-0.034822838931 -0.743913714476
-0.047962330987 -0.870550786008
-0.070433936954 -1.000000000000
-0.106614533722 -0.475011404317
-0.138560816825 -0.659076420582
-0.068929010126 -0.528303816914
-0.030766614828 -0.423179827107
-0.184332446885 -0.391351570087
-0.203642208966 -0.547726891576
-0.130487504150 -0.487433797690
-0.085499742892 -0.403587874412
0.138622719185 -0.150208572552
0.184237877637 -0.305595995972
0.114286627918 -0.462999823257
-0.003305114187 -0.505876338593
0.079948326459 -0.529173387111
0.066537343784 -0.727568950781
0.044171642472 -0.841542692132
0.014879871811 -0.940399219731
-0.016627277450 -0.523679069581
-0.033084803409 -0.741207569965
-0.048324605061 -0.868785881275
-0.072740505463 -1.000000000000
-0.104632636880 -0.474050701420
-0.137520791650 -0.656587187329
-0.068913463597 -0.525251269436
-0.029643305169 -0.421010512788
-0.181314189622 -0.390228650766
-0.199534040314 -0.543797949900
-0.126619853061 -0.482250829363
-0.080829595773 -0.398473616203
0.138735821220 -0.155009381383
0.181885190050 -0.307322220929
0.114903912150 -0.466311010130
-0.002558869717 -0.508073324342
0.079014264418 -0.530568777838
0.066030042588 -0.730176596535
0.043794019332 -0.843528239513
0.014623257013 -0.942222047239
-0.017410930531 -0.524961896517
-0.033943974336 -0.742630249347
-0.049827347787 -0.868633001561
-0.074390660020 -1.000000000000
-0.104869173971 -0.474962164866
-0.137856999948 -0.659130893744
-0.068730723133 -0.528207471351
-0.029479056015 -0.423688859300
-0.180688382494 -0.390219234306
-0.200218518443 -0.547159042619
-0.126748040075 -0.486679701728
-0.081238619721 -0.401695738153
0.138823821020 -0.152518330479
0.181657504027 -0.304142069946
0.108921800568 -0.460096650378
-0.008873186939 -0.502391867331
0.078850288203 -0.527639791242
0.063049579131 -0.727545413730
0.040134048430 -0.840209778633
0.011210831786 -0.938450602917
-0.019202570135 -0.521988016991
-0.038160952486 -0.740658257756
-0.053066510728 -0.867577817662
-0.075455171628 -1.000000000000
-0.107354120325 -0.471812305753
-0.140499226463 -0.655075184512
-0.073809809812 -0.523558709594
-0.036078558516 -0.420417628289
-0.183648167629 -0.385894940498
-0.204048670784 -0.542473399393
-0.132431219419 -0.480964229315
-0.088049183259 -0.396232081188
0.138033231685 -0.153569428375
0.183149809593 -0.305491631776
0.113572311700 -0.462587088575
-0.004853328763 -0.501783406406
0.079704913684 -0.529589953609
0.065564244796 -0.731338351080
0.042873663402 -0.844676802941
0.012992755815 -0.943742480253
-0.018216973021 -0.523487584636
-0.034780370604 -0.741779674574
-0.049786837204 -0.867819481337
-0.074124910398 -1.000000000000
-0.105818395168 -0.472819367069
-0.138255551289 -0.655683592561
-0.069389038536 -0.522830471709
-0.031404325197 -0.419672307253
-0.180956337985 -0.386623745535
-0.199735407117 -0.542562670775
-0.126850945124 -0.479844928073
-0.082362476133 -0.395049583849
0.138300772422 -0.153284701316
0.182550211606 -0.306965673193
0.112254123705 -0.464025945681
-0.005504584514 -0.504468104580
0.080760814941 -0.527248101374
0.067916517722 -0.727995503013
0.046326852727 -0.840475777492
0.017401822029 -0.938681071084
-0.017508016885 -0.521929451199
-0.034900664873 -0.740524549253
-0.047907747979 -0.867057067441
-0.070450153116 -1.000000000000
-0.104941933122 -0.472286342723
-0.136049612146 -0.654747134099
-0.065729095695 -0.522454691706
-0.028495850933 -0.420070075804
-0.179634786768 -0.386650138459
-0.197383755569 -0.542917469795
-0.123994602464 -0.479644270166
-0.080699556883 -0.394632514059
0.138378395006 -0.153798662965
0.181838375189 -0.306593267048
0.113549082236 -0.466181926130
-0.005343200636 -0.509274977047
0.084016478012 -0.524197199610
0.072483658994 -0.726829512740
0.051368111959 -0.839493488309
0.023425155126 -0.937919252954
-0.013968884155 -0.520558032149
-0.029069369591 -0.740867277202
-0.040565577746 -0.866674711527
-0.061456350493 -1.000000000000
-0.100011295629 -0.471776479005
-0.131297329898 -0.654450630171
-0.062378610700 -0.524343245983
-0.025558856357 -0.424092139934
-0.173329962910 -0.385096249642
-0.193039711033 -0.544317370600
-0.121000015010 -0.483030626615
-0.078496073386 -0.397876141082
0.140106500123 -0.153607581988
0.181044764836 -0.306795845512
0.111751384116 -0.467472052044
-0.005632701977 -0.515222021515
0.086382934183 -0.524174407300
0.073888650119 -0.725980696126
0.053695812260 -0.838603902643
0.026890620366 -0.936664078966
-0.011266117620 -0.520384364687
-0.026312524417 -0.740642727663
-0.037949351912 -0.865306868481
-0.057910856235 -1.000000000000
-0.097325417455 -0.471787987256
-0.127726984137 -0.657882362457
-0.059810741044 -0.528002908586
-0.023234746974 -0.427681917446
-0.169930605226 -0.385353431227
-0.189814504972 -0.547060171565
-0.116665450791 -0.487506958244
-0.073557694087 -0.402940859286
0.139912658654 -0.152301595312
0.184381728917 -0.306873087657
0.117192607642 -0.466748271058
-0.002659598883 -0.510566587840
0.087005137991 -0.522000237197
0.080013276068 -0.723964250509
0.060621963569 -0.835532677479
0.034209096572 -0.933479305100
-0.010458681480 -0.518536349914
-0.023252271941 -0.740367589069
-0.033772848176 -0.865278298355
-0.053145906610 -1.000000000000
-0.096962796880 -0.470080285264
-0.122247953586 -0.653766404834
-0.053769846954 -0.521151621268
-0.018204851062 -0.420645395872
-0.169998872395 -0.383918981746
-0.185362957595 -0.544652925159
-0.111331652454 -0.482365324323
-0.068842712443 -0.397075857174
0.145785430507 -0.150152004440
0.196216820498 -0.305750360821
0.133451443184 -0.469251479216
0.013102354184 -0.512648636303
0.099577491676 -0.519307438457
0.097891922906 -0.723958183616
0.081405716761 -0.835073010778
0.057431270270 -0.933239702031
0.002045521097 -0.519592841640
-0.007049105879 -0.741783997331
-0.013861718288 -0.865854146812
-0.031324934130 -1.000000000000
-0.084329743708 -0.474622492298
-0.104225072709 -0.658176461613
-0.035847187312 -0.526154034957
-0.003140356347 -0.426696790628
-0.157356815892 -0.390825306402
-0.167728070627 -0.553093994782
-0.093476965736 -0.489809669087
-0.053198447819 -0.402855042665
0.145427811050 -0.150051257996
0.194411223134 -0.302963221400
0.132734300651 -0.467141110209
0.013640357287 -0.513254248514
0.102903075100 -0.516979665711
0.101402027166 -0.718446520561
0.086408892142 -0.830505774551
0.063797225837 -0.929299432414
0.005451361366 -0.517628496093
-0.001248527315 -0.738992499663
-0.005067624917 -0.864081382704
-0.017918578496 -1.000000000000
-0.081813385891 -0.473278231120
-0.100712761854 -0.657342237347
-0.034805670886 -0.524833399653
-0.003374682399 -0.425097296880
-0.156221301480 -0.391014841886
-0.164687358385 -0.551058404065
-0.091903535225 -0.486167537257
-0.053619985884 -0.399382421022
0.152761160698 -0.151572080229
0.205490416603 -0.303965619319
0.143899678181 -0.470991715396
0.020650029603 -0.516016748752
0.118052475798 -0.517313618531
0.120967317923 -0.721200616454
0.108302653419 -0.834252479549
0.088387340203 -0.934936625575
0.019414588140 -0.519266153935
0.018774648376 -0.740232739565
0.016317067895 -0.865381898160
0.004165140178 -1.000000000000
-0.069976467581 -0.475434626415
-0.086012287560 -0.663072820372
-0.021780394926 -0.528973197761
0.008343293045 -0.426369469515
-0.146709417825 -0.394666373117
-0.150624551075 -0.555080732929
-0.078297291348 -0.487266004737
-0.041165612323 -0.397088787731
0.151265733380 -0.146583571499
0.205322729061 -0.298609997718
0.148282545492 -0.464754061114
0.027929803438 -0.513132271615
0.120765072330 -0.518018274456
0.129750132528 -0.718155340202
0.120419773455 -0.831281566313
0.103024728605 -0.931473822039
0.022422716894 -0.520356212474
0.026284655291 -0.739304381235
0.027163617088 -0.863856371198
0.018518520719 -1.000000000000
-0.066851937974 -0.476338450103
-0.083268636014 -0.663121608788
-0.019105296388 -0.526359643040
0.012057755344 -0.422394256280
-0.143760699059 -0.393829608951
-0.148745426635 -0.553126802930
-0.076896110162 -0.483843193902
-0.040049519250 -0.393899968152
0.151565600124 -0.141371040573
0.209157056703 -0.290274717544
0.156893815372 -0.455508002508
0.038041885107 -0.504894847706
0.125368576911 -0.513462528762
0.136186026637 -0.712255610946
0.126507555034 -0.825605515732
0.108474348858 -0.925531462152
0.028042690993 -0.517744592762
0.035432362949 -0.736951165379
0.037717162118 -0.863976900715
0.030659161349 -1.000000000000
-0.062396714639 -0.475763105605
-0.075839398926 -0.657457856415
-0.014853142199 -0.521050592831
0.014819296052 -0.417692512859
-0.141832227228 -0.395592031490
-0.144782948027 -0.551362028444
-0.074842858866 -0.480776072679
-0.039416891417 -0.390798011615
0.158382206769 -0.136648577252
0.218148814573 -0.285605783190
0.169140802057 -0.448909668626
0.050540552477 -0.500666054214
0.139962267356 -0.512914850647
0.154977894915 -0.707283212102
0.147467500136 -0.821889704363
0.132419336345 -0.922930699546
0.042465205654 -0.518414334212
0.053425744575 -0.735906571271
0.056827292935 -0.864408576551
0.052184205755 -1.000000000000
-0.049535996309 -0.477098950660
-0.060923104005 -0.658166836726
-0.000342151851 -0.522454301845
0.031795459308 -0.418057890404
-0.129899603303 -0.397564444030
-0.128668466692 -0.550735013819
-0.057996746273 -0.480307758343
-0.020904503082 -0.390612014348
0.160247388672 -0.140288103013
0.220365636084 -0.284476675406
0.174060635317 -0.451258351369
0.056700108114 -0.502611656302
0.146852009136 -0.510759828608
0.163430782968 -0.707561884848
0.157597028328 -0.822303863068
0.143005184504 -0.924274216507
0.049989446978 -0.516945595719
0.063504824798 -0.735481061041
0.067441293662 -0.862429306700
0.063211629866 -1.000000000000
-0.042737953315 -0.476234983213
-0.055578977540 -0.661649701220
0.000395521696 -0.525203578270
0.029257419636 -0.420225456032
-0.125288737665 -0.398134848557
-0.128638580346 -0.552001689534
-0.062281288686 -0.482628082151
-0.028032911984 -0.394221066458
0.159528907177 -0.142872103636
0.216857552965 -0.288819625021
0.169853929622 -0.455202849258
0.051357467363 -0.505424995414
0.143367554298 -0.510335928881
0.163332630299 -0.707578489952
0.159476472135 -0.822953318521
0.146991620347 -0.924654671270
0.047701740437 -0.515099970602
0.061170130555 -0.734216819081
0.065834429992 -0.862503447952
0.063319862077 -1.000000000000
-0.044180835205 -0.473644390149
-0.054648410489 -0.662278716202
0.002835042265 -0.526040802378
0.032140892378 -0.419683131151
-0.126163653946 -0.395803834514
-0.127999222257 -0.554725952028
-0.060212415300 -0.485700321194
-0.026235034236 -0.395711218557
0.159651252363 -0.137706843942
0.219588979362 -0.283793409442
0.177282891562 -0.451938358480
0.061174659149 -0.505768096999
0.146586570176 -0.504866079565
0.167995371412 -0.702165795340
0.163979847829 -0.817171095497
0.151010750925 -0.917619180937
0.052447309561 -0.511656793902
0.066778509818 -0.731334766459
0.072574682051 -0.861354646706
0.070815065303 -1.000000000000
-0.038533006580 -0.472406557637
-0.047500836600 -0.657277675441
0.009162767492 -0.522356930590
0.037587852821 -0.418441681304
-0.120056213249 -0.395924441325
-0.120402768756 -0.554431443163
-0.053031651115 -0.485789674317
-0.019912658752 -0.396034466420
0.160432044912 -0.137767953816
0.219600108093 -0.282492915729
0.177730312397 -0.451520482482
0.062887336500 -0.507910281634
0.150826142912 -0.502328780065
0.175147307731 -0.701099054454
0.172554617321 -0.817278741549
0.160890154423 -0.919883753795
0.056677046905 -0.510146353423
0.071469010344 -0.731534659270
0.076593030667 -0.860986433336
0.075313727136 -1.000000000000
-0.034749098526 -0.471854811850
-0.042151781733 -0.660946161583
0.011826764553 -0.524935384962
0.038558108953 -0.420363826385
-0.117059283533 -0.396290695144
-0.116627220820 -0.556021675438
-0.050985311098 -0.487316557572
-0.019210966314 -0.398154991432
0.157450437609 -0.136216835880
0.218345740735 -0.283209569137
0.174618367911 -0.450986747585
0.060924026879 -0.507547783303
0.150046325586 -0.504989820134
0.174277201132 -0.702614076887
0.171941912693 -0.818739894175
0.159929659886 -0.920833895206
0.056029436229 -0.512128171796
0.072626777302 -0.732618138121
0.078581678803 -0.862412891410
0.077219794794 -1.000000000000
-0.036227847527 -0.473422624824
-0.043789100013 -0.661213118070
0.009320227950 -0.523290343274
0.035835744658 -0.417185794691
-0.120263416251 -0.398611713242
-0.118924847318 -0.556696436448
-0.054519890070 -0.486148796816
-0.023066539547 -0.397035188751
0.164337639043 -0.135461001895
0.226656512911 -0.280295377665
0.185699440910 -0.450203985943
0.072930815857 -0.509998122902
0.160853628304 -0.502771373379
0.186757691417 -0.699779262736
0.185739200546 -0.816303312168
0.175788203110 -0.919534535046
0.065768325932 -0.511552075223
0.084821956824 -0.731522184214
0.091584685517 -0.861052188879
0.091301985527 -1.000000000000
-0.027969953754 -0.474412773140
-0.034050590837 -0.662328615771
0.019353412214 -0.525270575414
0.047018779696 -0.419759351237
-0.112731215090 -0.400769768737
-0.108924744724 -0.555684083552
-0.042860544792 -0.485450745176
-0.010097178782 -0.396138167112
0.161255179216 -0.134452255903
0.222447782080 -0.282511348113
0.178221307820 -0.450486968237
0.063816609096 -0.503397333479
0.156036602592 -0.503920893647
0.183177242500 -0.701483590196
0.183361335833 -0.818259823157
0.173417962168 -0.921042615856
0.061364736230 -0.512644483234
0.083726109534 -0.731633209387
0.092464310967 -0.862032547924
0.092187242809 -1.000000000000
-0.031394993886 -0.474376936749
-0.036512640055 -0.660609221644
0.016163034032 -0.521106412073
0.041844478365 -0.413506643072
-0.115134362808 -0.400066159039
-0.109799740026 -0.555037343341
-0.044674641552 -0.482883337572
-0.013830310021 -0.393007762867
0.164489665229 -0.128825796335
0.229840032748 -0.274411731272
0.193529942367 -0.440757455457
0.080400223141 -0.496656261916
0.165798872572 -0.504082348698
0.196084472643 -0.698470248652
0.196104727386 -0.815767539860
0.186415979585 -0.918631145348
0.070088760990 -0.513910367686
0.094088515817 -0.732224817174
0.102897002015 -0.862084279667
0.103272904657 -1.000000000000
-0.023271165816 -0.476770969866
-0.027048040733 -0.659025935140
0.027927429742 -0.519572546658
0.055927734251 -0.412326380695
-0.107069188165 -0.402519700580
-0.099621603857 -0.553886090553
-0.032341192041 -0.482251887400
-0.000280710639 -0.392863027196
0.169376951777 -0.130955393593
0.235581877066 -0.277393315822
0.195342912860 -0.444535378803
0.079786863124 -0.500981990280
0.174917300017 -0.505279646602
0.208744666280 -0.701620615559
0.211125067967 -0.818643458892
0.204339931392 -0.922480721726
0.076330354095 -0.517451205978
0.104721762970 -0.737232705229
0.117397940842 -0.865109146562
0.121169557580 -1.000000000000
-0.019761747233 -0.481797510480
-0.018913396863 -0.662892604108
0.036061610008 -0.522819889860
0.062965099846 -0.414511935612
-0.106216992592 -0.408342500793
-0.095278798762 -0.558946488817
-0.027588534643 -0.485803119687
0.003290354486 -0.395228037233
