0.127259121638 -0.116168831930
0.178209248113 -0.284077881358
0.091501518947 -0.405923624198
-0.021735481685 -0.466500265646
0.109585741830 -0.512920134452
0.106816008444 -0.710268904081
0.093454938416 -0.831666291275
0.068691058161 -0.934346555656
0.002564099086 -0.504440671645
-0.007932824497 -0.733508877793
-0.007556767979 -0.875794675375
-0.022686261073 -1.000000000000
-0.090446645838 -0.449948167231
-0.086858098583 -0.570836801019
-0.014146427100 -0.434274987899
0.020320349623 -0.346042793689
-0.170002014057 -0.358960335106
-0.143151099908 -0.474208839185
-0.072244393334 -0.388471942208
-0.035396067167 -0.307710081488
0.130123801540 -0.105390739665
0.190315548795 -0.273908986842
0.110165279809 -0.399308814022
0.000339687457 -0.464010042269
0.126164654554 -0.503920134926
0.133672320404 -0.698341301689
0.122349192923 -0.821634796030
0.098063449871 -0.925790388166
0.019940269234 -0.501926739412
0.025130080213 -0.727513275309
0.025169291246 -0.872069310249
0.009066715609 -1.000000000000
-0.075625586424 -0.453513715757
-0.060811005661 -0.569160979144
0.003358777792 -0.432399211397
0.034058575605 -0.339511803542
-0.156490249651 -0.370432037398
-0.119585027360 -0.473052668827
-0.052846815150 -0.386603723143
-0.018078408429 -0.305990111338
0.132912633269 -0.102697149794
0.200078297356 -0.271536606066
0.127317155601 -0.399660264673
0.020347239968 -0.472923678784
0.146291746960 -0.502923400188
0.161060723326 -0.697910357535
0.152727889294 -0.821418034855
0.131452581968 -0.925773131099
0.041499277522 -0.504232921671
0.059564241358 -0.729399388823
0.067046071624 -0.871094513660
0.058112717149 -1.000000000000
-0.054854701886 -0.458742298987
-0.030160190614 -0.572021543111
0.025620020503 -0.432407095303
0.048590673571 -0.339534754141
-0.139011342591 -0.378235306885
-0.095267707849 -0.480240483176
-0.031057160734 -0.394121838579
0.000259596652 -0.314691178645
0.134570077814 -0.097570760241
0.209298688587 -0.263870647439
0.142919167318 -0.394250612555
0.039124020124 -0.475762016404
0.161962147425 -0.497179349866
0.185781319718 -0.694494410617
0.183329905030 -0.820495125911
0.168796905232 -0.928564627181
0.056994894935 -0.503250929376
0.085929211180 -0.728857846762
0.100351141735 -0.870609592590
0.099384103868 -1.000000000000
-0.042140792827 -0.462726008832
-0.005699639805 -0.569664351190
0.044110003805 -0.427890823658
0.063751276186 -0.333157482645
-0.129952544471 -0.387893737011
-0.074982368294 -0.479490029516
-0.013418656951 -0.391745112675
0.014830777030 -0.313263016410
0.141417358221 -0.090124944925
0.228373025695 -0.258341467710
0.170638046303 -0.402971301690
0.069475741120 -0.496628780074
0.200708246166 -0.493964417207
0.236190215839 -0.689566029707
0.238604429720 -0.816757967749
0.228676018414 -0.926039631398
0.094445023124 -0.509271375197
0.151798362496 -0.738254398385
0.182408321379 -0.873828622004
0.199160856364 -1.000000000000
-0.008632736841 -0.477095560059
0.040853618917 -0.590729700639
0.074360667434 -0.436134330088
0.083435719783 -0.340632267430
-0.103195868318 -0.407222130691
-0.041800024614 -0.505725404097
0.003315332801 -0.403816801413
0.017914767346 -0.319040779904
0.138990661289 -0.089334999206
0.225908138630 -0.251798413178
0.174924042412 -0.399290483648
0.078765412646 -0.493652332143
0.200031357253 -0.486463318562
0.242298646209 -0.689464623965
0.251416800035 -0.814867279133
0.245293911160 -0.922191521381
0.095085033182 -0.501961224158
0.150496914751 -0.737215176237
0.186075094312 -0.875825237055
0.201189799333 -1.000000000000
-0.008528778696 -0.468380307563
0.037564877895 -0.588292857037
0.077007632933 -0.431842826511
0.087023890015 -0.338167815988
-0.106161119981 -0.394945545819
-0.039392668826 -0.496135048192
0.004862577461 -0.392268232520
0.013327037798 -0.307675330172
0.141204058189 -0.092323806096
0.226997258693 -0.256506581780
0.178781998185 -0.405317095442
0.081243600052 -0.501089122368
0.195720210753 -0.485530463446
0.241654092321 -0.688071975031
0.254437535576 -0.811774338897
0.252342201589 -0.919459726757
0.092864045769 -0.500566155204
0.144925444556 -0.735538331507
0.182764096557 -0.874577586654
0.199481935738 -1.000000000000
-0.008084562846 -0.467929154396
0.037298493546 -0.592957372816
0.077931934918 -0.434226077024
0.087033085071 -0.339698889005
-0.105604524336 -0.395730040922
-0.039665747718 -0.507656709539
0.005626560321 -0.403517695299
0.013232311899 -0.316172838739
0.141133725679 -0.090418132187
0.228444846528 -0.255729954263
0.177484065990 -0.405746328723
0.080057158503 -0.501766423068
0.198133770505 -0.485440133832
0.241094277777 -0.686597828271
0.252665752502 -0.811532989430
0.248959650782 -0.919247043712
0.094202135965 -0.501306890283
0.146055987643 -0.734438627333
0.182602477591 -0.874335898158
0.198346491592 -1.000000000000
-0.008460212214 -0.470571482266
0.035738983808 -0.591756703182
0.075483005282 -0.431373749988
0.085641791040 -0.336041939414
-0.106881894049 -0.401303311987
-0.040073663341 -0.506843947597
0.007436248288 -0.399794335318
0.018943549264 -0.312265890202
0.139137354000 -0.092753798020
0.224906508316 -0.255270672731
0.173459181327 -0.404485142876
0.074321376162 -0.501635370890
0.191779485798 -0.489013917743
0.233757259685 -0.691945889831
0.244153236601 -0.815902253151
0.240401831950 -0.922455504995
0.087729753220 -0.503065271846
0.138081186653 -0.736182546080
0.174749232013 -0.874431127226
0.191542476110 -1.000000000000
-0.013918726780 -0.469747892331
0.030948495442 -0.592225438096
0.071720468391 -0.432246162563
0.081599681177 -0.338263789761
-0.111665791221 -0.396305559606
-0.044781005029 -0.507235553523
0.002781966571 -0.401352054835
0.013090567388 -0.313278241383
0.138484771786 -0.090638586032
0.224856800765 -0.254650472400
0.171843367309 -0.404219371859
0.071882013190 -0.500857980610
0.194692773328 -0.488421738937
0.236464552574 -0.694091618916
0.245742259178 -0.819458661473
0.239564308282 -0.926402092966
0.089870762076 -0.502968539741
0.143245388114 -0.738352600419
0.178248889475 -0.876752006028
0.191810347645 -1.000000000000
-0.012737576866 -0.469070473101
0.034381911620 -0.585358772211
0.075447098782 -0.428685089078
0.085284246933 -0.335856709011
-0.109769126063 -0.395009284431
-0.041084753333 -0.497718337944
0.005670200692 -0.393827067314
0.015130201477 -0.308041700037
0.140473302774 -0.092217791499
0.225583492856 -0.255643731271
0.173622913630 -0.402242780380
0.075933364432 -0.494211572636
0.193749265651 -0.485208796895
0.239212089003 -0.691887748758
0.250820407424 -0.816461434159
0.247479862129 -0.924906280122
0.090161179580 -0.500041117479
0.140050548805 -0.735123532968
0.174799293501 -0.874880295405
0.189292986922 -1.000000000000
-0.010895481273 -0.467621303306
0.036703331061 -0.584594997257
0.077584611273 -0.429654433247
0.086204187403 -0.337049980460
-0.106646598600 -0.396550253550
-0.040960791448 -0.503794863588
0.006188083359 -0.403183551527
0.015761203956 -0.317338949193
0.137981650546 -0.089196165655
0.226627103849 -0.253623162344
0.175353149145 -0.402071176298
0.075414940622 -0.495335210179
0.193977690223 -0.488604541857
0.236427908670 -0.693386695480
0.245568246608 -0.818945151466
0.239507716715 -0.926001442407
0.090289777690 -0.504668547984
0.145048344460 -0.739011160977
0.180962160644 -0.877467027068
0.195741198223 -1.000000000000
-0.011831613866 -0.471776456691
0.038463009295 -0.586609033954
0.078236499543 -0.431787336776
0.086390285954 -0.338662395346
-0.107271772437 -0.398956588406
-0.037367242041 -0.496932227507
0.009731568408 -0.394267693806
0.019180425956 -0.309998520577
0.139106976753 -0.089661401761
0.227256342069 -0.251347667716
0.177157806825 -0.398139087467
0.078454122918 -0.490321284499
0.195529643530 -0.483715201408
0.241804365283 -0.689145504579
0.253103818530 -0.814322322227
0.249261838888 -0.921942616677
0.092889064531 -0.499889955048
0.147584442100 -0.736330038757
0.183412176040 -0.876021221181
0.198351416446 -1.000000000000
-0.008024547737 -0.468135657934
0.041597367907 -0.586679626979
0.080915367612 -0.432532609181
0.089615878893 -0.340684174859
-0.103442603805 -0.396694717246
-0.035386747944 -0.501472345018
0.009724856448 -0.399236715317
0.017937515213 -0.313399637634
0.137016018556 -0.090388005601
0.223719633694 -0.252227409172
0.175737885551 -0.397478690334
0.079350975004 -0.491274038552
0.191836046448 -0.485794990440
0.236839898922 -0.691590730542
0.248988338331 -0.815144001469
0.246520245017 -0.922006272548
0.089624615855 -0.501118822316
0.141135191546 -0.737383336863
0.179008728549 -0.876565009975
0.195255588501 -1.000000000000
-0.010869241434 -0.468644219330
0.040100483669 -0.583083828061
0.080523032441 -0.427219600863
0.088121752621 -0.336319138526
-0.105907055261 -0.396884430348
-0.034497081748 -0.498338235764
0.010071157030 -0.394244767387
0.016010164087 -0.308756189236
0.137581948059 -0.094188030836
0.222404070252 -0.256452233677
0.173383262285 -0.403121798472
0.076359065097 -0.494887639208
0.187037822693 -0.486872960600
0.231863910099 -0.692255274699
0.243821828117 -0.816288488655
0.240299434714 -0.923693594115
0.085520484921 -0.500753501199
0.137048940603 -0.735385013752
0.174117978581 -0.875067716873
0.188984983932 -1.000000000000
-0.013934803645 -0.468064159289
0.033607055650 -0.586760054705
0.075417668077 -0.430765078073
0.083811386090 -0.339606769606
-0.108499949285 -0.396172867469
-0.040996987505 -0.505119778523
0.004977177645 -0.402062786968
0.011816299488 -0.315149987135
0.140004582035 -0.092020009210
0.226964696054 -0.256434444970
0.173903055532 -0.403993741755
0.073077384687 -0.498687720807
0.192921066278 -0.492455883062
0.234014009903 -0.697013725450
0.243907587615 -0.823086976720
0.239324310477 -0.931808787382
0.087409083257 -0.507036555973
0.139970615034 -0.740474301385
0.177384322177 -0.877715473441
0.193254418107 -1.000000000000
-0.015518869574 -0.473457015880
0.034587641817 -0.585625964182
0.077183395752 -0.427905808803
0.087502128000 -0.335677866462
-0.111799388405 -0.400083513462
-0.040753219609 -0.498129695354
0.007201814345 -0.392120249666
0.017154523801 -0.306408868465
0.138161560730 -0.091199236186
0.224522763333 -0.255121573778
0.171972396529 -0.400871109954
0.072063598922 -0.491311081763
0.191202560683 -0.492058931674
0.232771293659 -0.696450732493
0.241752184764 -0.821283178655
0.236175556971 -0.927870734167
0.085562028071 -0.505682542165
0.138340306412 -0.739504803224
0.172321198865 -0.876889964385
0.186428129691 -1.000000000000
-0.017261533050 -0.469684311488
0.031086529262 -0.585756235901
0.073742092109 -0.432314159135
0.085217435324 -0.339824602562
-0.111630132010 -0.393778840753
-0.044208523892 -0.493339051900
0.004972713490 -0.391374678958
0.017386903285 -0.307588450374
0.135491646203 -0.090133759414
0.221303644299 -0.254064395776
0.169833071335 -0.398906785460
0.071799423105 -0.489728183633
0.187696736257 -0.493132958409
0.227781539103 -0.696527893591
0.236422903932 -0.820885275427
0.230325646069 -0.925922217197
0.082771380018 -0.506336302285
0.134084163434 -0.739560663729
0.168048781731 -0.877385423952
0.181852804793 -1.000000000000
-0.019987269485 -0.470105637270
0.031475805104 -0.581853004390
0.076039565419 -0.427610403526
0.087902048780 -0.334960184033
-0.113938861648 -0.394461408844
-0.043786653534 -0.488947489500
0.006396329745 -0.386436556100
0.018634972600 -0.303528667893
0.137205277037 -0.097203756897
0.221336317112 -0.257739464877
0.176316129859 -0.401341651053
0.081439074517 -0.488592797968
0.186507899513 -0.490031146047
0.231569628282 -0.691862537671
0.240980664967 -0.817236809846
0.235829247958 -0.926757693437
0.083127155983 -0.502647040722
0.137066930875 -0.733885386178
0.169311111044 -0.872548840372
0.183500229198 -1.000000000000
-0.018993351407 -0.468075916851
0.031707046217 -0.593986340940
0.076956196099 -0.441647844849
0.090305282384 -0.346078332259
-0.112807223757 -0.394375106570
-0.046848848007 -0.500137518829
0.005647009445 -0.401829898389
0.019920663507 -0.316809240297
0.136257020507 -0.094365858221
0.222410423097 -0.252847718016
0.178178866257 -0.395105293329
0.083909095721 -0.480967633671
0.186750210737 -0.493274043733
0.228501305709 -0.691616224333
0.236868578249 -0.816965273951
0.231147081460 -0.923866941488
0.085301317455 -0.505726684717
0.138043174835 -0.733756649379
0.168909338430 -0.872764482665
0.181230955646 -1.000000000000
-0.015593981568 -0.470504492241
0.032130645231 -0.593570611509
0.077088592671 -0.441648714486
0.092187978357 -0.345404543890
-0.108241646639 -0.396056157680
-0.044121204037 -0.498429834370
0.010020519027 -0.399903702376
0.027240724103 -0.314773404851
0.138557738819 -0.091777904037
0.225838421459 -0.255576205458
0.174783493116 -0.400041498553
0.078361691762 -0.489549828510
0.191302096241 -0.489885784664
0.229902742916 -0.692470110309
0.237540406343 -0.818306626499
0.231235184702 -0.926459913243
0.086854910521 -0.504489714148
0.140838262100 -0.737150368186
0.175753473010 -0.875427262728
0.190870415890 -1.000000000000
-0.016521584343 -0.470777262045
0.034552477999 -0.593228645970
0.077555245220 -0.439611718593
0.089160096604 -0.343945845689
-0.112850100678 -0.398010476108
-0.042975448424 -0.497237142766
0.007163487171 -0.396225648057
0.019624435926 -0.311918703164
0.138536449533 -0.094227139743
0.223999859749 -0.256790977517
0.174825928269 -0.402673807619
0.076180301565 -0.492347291688
0.189820432653 -0.487159362138
0.233492268831 -0.689140542362
0.244293558481 -0.812349916547
0.240037101889 -0.919071638584
0.086610636855 -0.501648200555
0.138073536351 -0.735594267352
0.175345576279 -0.873979105826
0.191362168017 -1.000000000000
-0.014870924634 -0.467971508576
0.031382104259 -0.587513460069
0.075514164764 -0.429700344112
0.086718191033 -0.336099492347
-0.112086591654 -0.393895934718
-0.045358689016 -0.499837660413
0.003092290170 -0.396532168285
0.013230239427 -0.310602053602
0.138135675536 -0.091732319851
0.225634278005 -0.258989512893
0.173863486894 -0.404022839043
0.074155840955 -0.493356714552
0.186973948994 -0.489683584376
0.229371902896 -0.687981093466
0.242013674683 -0.811066929808
0.240684534422 -0.917353965397
0.083739551119 -0.504226954320
0.131595060776 -0.736958706195
0.169400054193 -0.875636611093
0.186709832904 -1.000000000000
-0.017463478555 -0.471348942643
0.030119355197 -0.589355618249
0.074104858906 -0.431023164114
0.085518970013 -0.336401825550
-0.113582219679 -0.400446208682
-0.044064157114 -0.501025017799
0.004681304248 -0.396494884480
0.016261820336 -0.312021611759
0.135938475579 -0.095361130589
0.215325834876 -0.260888045493
0.156453926090 -0.405473001517
0.050974478078 -0.499126555373
0.175403644428 -0.492163365620
0.209745839405 -0.692599149794
0.216611722544 -0.817011259057
0.210030557363 -0.924068352129
0.069058021356 -0.502426289225
0.107826015668 -0.736523663579
0.141978254273 -0.876064067714
0.158423342627 -1.000000000000
-0.032404943230 -0.465867431192
0.006559072194 -0.586101123014
0.056166546685 -0.428037657822
0.072177302071 -0.331634664189
-0.128490187722 -0.390635692407
-0.068558763163 -0.497605225771
-0.011516781857 -0.395957015819
0.008656985444 -0.310125435372
0.134032601564 -0.095052934626
0.214442080474 -0.260026536959
0.158883261525 -0.406359875864
0.057570077390 -0.498808781871
0.172840714837 -0.489547033058
0.211109598807 -0.695675884559
0.220288223953 -0.819950038245
0.215797370342 -0.925821997022
0.069753624423 -0.498761741251
0.109851494382 -0.733752559973
0.140586662591 -0.872086645478
0.153261735016 -1.000000000000
-0.027974072208 -0.461935622007
0.013437857431 -0.585101177130
0.061040258333 -0.430335707651
0.074727831677 -0.339170349923
-0.119182305086 -0.385408970829
-0.058582127271 -0.499391576147
-0.004222406352 -0.399590881920
0.010949878260 -0.313708719070
0.134604037568 -0.094741087193
0.216770775479 -0.255252351546
0.160038138314 -0.397465904061
0.059462452706 -0.491081368685
0.176818847091 -0.495457757849
0.211042128687 -0.696620097859
0.216667385910 -0.820324488988
0.208718879146 -0.925687933613
0.071306136112 -0.503971224286
0.113724041819 -0.734540664086
0.142344057159 -0.873075386768
0.153960678497 -1.000000000000
-0.029912358259 -0.465390608806
0.010389077044 -0.582770008303
0.058725328317 -0.429563641310
0.076987651779 -0.336633606291
-0.121780261618 -0.388108560969
-0.060758318450 -0.492428689020
-0.004136650265 -0.390986708783
0.017055969492 -0.304981666499
0.135533823578 -0.095668494547
0.217291821194 -0.259997277910
0.159866998794 -0.403163744984
0.058290683231 -0.496076969106
0.178364861524 -0.495303508999
0.214341977714 -0.698943136508
0.220889275100 -0.822521871348
0.213856081978 -0.928829549655
0.071469034616 -0.505082818378
0.115053989459 -0.737512774897
0.145840235872 -0.874323927090
0.158658004300 -1.000000000000
-0.030922350909 -0.467022524891
0.017312867727 -0.580658343085
0.066662425146 -0.426079795892
0.081724172830 -0.335075095052
-0.123882419675 -0.389780082516
-0.055731167044 -0.490225683804
-0.002310393954 -0.387429662566
0.012231901659 -0.302813175237
0.135104958683 -0.093465584156
0.217649608836 -0.258027287528
0.163429554401 -0.400673899593
0.063456212800 -0.489139854397
0.179435576037 -0.489607102751
0.217451290179 -0.694258043121
0.224876084825 -0.819023149465
0.218928977424 -0.926079559208
0.073816016956 -0.500951489737
0.120128594722 -0.733856041606
0.150220412262 -0.872311812587
0.162990001354 -1.000000000000
-0.028228048650 -0.464534906363
0.020038714254 -0.582101325320
0.067810053695 -0.432256225786
0.083134594848 -0.340082831626
-0.120179000714 -0.389827548333
-0.054219094829 -0.487933549175
-0.000508111593 -0.389509038973
0.015641637759 -0.307027669531
0.134940535777 -0.094625017254
0.218162772306 -0.260148044063
0.163628568287 -0.403235692197
0.063419603295 -0.492232657436
0.177013456454 -0.493025894819
0.216734380054 -0.696662770700
0.226674977458 -0.821143877568
0.222410853500 -0.928550793595
0.072434144155 -0.503957812435
0.119072483618 -0.735918427503
0.151856910593 -0.874146837098
0.165699843648 -1.000000000000
-0.029360549429 -0.467417806452
0.019003319853 -0.584865547183
0.065143640764 -0.432036716929
0.077845885350 -0.339080919927
-0.122543636684 -0.392541697828
-0.055819757045 -0.492949145385
-0.002717729451 -0.392343828192
0.011844942745 -0.308745226295
0.136300878662 -0.094043863774
0.219353878351 -0.259754981486
0.163896094490 -0.405929318160
0.063520307503 -0.498586098621
0.181745568839 -0.493214067098
0.220439909826 -0.697481146178
0.230342898444 -0.822410723699
0.226641123360 -0.930144548977
0.075218703537 -0.505822967890
0.123301425580 -0.739343466474
0.157291340544 -0.876541126848
0.172349384220 -1.000000000000
-0.027522150961 -0.469386956639
0.021860559149 -0.582146142828
0.067014646780 -0.428895524590
0.079338557177 -0.337154246374
-0.122093102653 -0.393206731214
-0.054312637723 -0.492185439915
-0.003152746326 -0.390521958144
0.009936501179 -0.306769176621
0.135896432846 -0.094304207357
0.220056280534 -0.259671266484
0.167081751151 -0.404681936098
0.067981466771 -0.493536754233
0.180395392623 -0.492337429319
0.220712622741 -0.697513089235
0.230553822161 -0.823187126422
0.227798960367 -0.931116242101
0.076022522632 -0.505751592628
0.124838711889 -0.738948006821
0.158405882085 -0.875858987266
0.173822455260 -1.000000000000
-0.024486130618 -0.470522968176
0.024231928914 -0.588925385421
0.068793349377 -0.438708046154
0.081032932835 -0.347201652279
-0.117210109190 -0.395753699281
-0.051684596605 -0.498917649333
-0.000445730089 -0.401796252391
0.012873652451 -0.319444389071
0.136943219791 -0.093999656108
0.221916017252 -0.260179209353
0.166576515186 -0.405401407768
0.064255882066 -0.495511023159
0.182175163269 -0.495397244259
0.221390478500 -0.700113750955
0.230370255305 -0.824939624324
0.226230832530 -0.931703436614
0.076479435435 -0.509225652343
0.126310814440 -0.743033747101
0.161741750294 -0.878766625543
0.177767302134 -1.000000000000
-0.025964371661 -0.474000822641
0.026416027319 -0.585848755265
0.070028717395 -0.431947502336
0.079917234966 -0.341409838745
-0.120903003115 -0.398802391241
-0.049454564579 -0.497182654778
-0.000380646978 -0.394928718717
0.009585958848 -0.311872756385
0.138873760322 -0.096152951058
0.222322243373 -0.258433130758
0.168684892067 -0.399935967576
0.069411489560 -0.482989613413
0.184642003012 -0.492700235527
0.228477780397 -0.694172812896
0.240695042855 -0.819016996455
0.238509152624 -0.927683571742
0.079291480348 -0.506970582008
0.128717038706 -0.738487604021
0.162339326437 -0.876017399725
0.176197463188 -1.000000000000
-0.024100384602 -0.472250190860
0.026522220338 -0.588254235663
0.072938858804 -0.435671448238
0.085208773351 -0.342841351812
-0.119303620263 -0.398093331547
-0.049986557013 -0.494925494554
0.002403180325 -0.394687088835
0.015410277573 -0.311398994203
0.137125775933 -0.094921966955
0.221739000768 -0.258178837466
0.168565833009 -0.400814733909
0.068052254037 -0.485190810204
0.184195205910 -0.490800857043
0.229065350900 -0.694058681796
0.242013735834 -0.818476871004
0.240831562878 -0.925652294019
0.079219973640 -0.504826933180
0.131008984592 -0.738021218134
0.166519887384 -0.874925110198
0.182539908028 -1.000000000000
-0.023098086749 -0.469997745863
0.027174953086 -0.589361889939
0.071430302072 -0.435891832293
0.082766172831 -0.344044138400
-0.117675865976 -0.394760812773
-0.048231196757 -0.496354720298
0.002203334255 -0.395184787052
0.013754562102 -0.311165632365
0.138518745623 -0.091273693913
0.224105064814 -0.254204042315
0.168995017070 -0.396071458864
0.068834542822 -0.485070721561
0.188811932456 -0.492323283324
0.230827859035 -0.693548646476
0.243775629076 -0.817985387479
0.242689732609 -0.925519375716
0.082208212279 -0.506192605592
0.133605796670 -0.737938113446
0.170124813527 -0.875409060950
0.187142128691 -1.000000000000
-0.022589726453 -0.470410156779
0.028234003256 -0.584303039867
0.073353033521 -0.430293960830
0.086507577327 -0.337138609607
-0.118517541181 -0.394794642891
-0.047948922014 -0.488221334553
0.004518009456 -0.384916663876
0.019128364627 -0.301978166439
0.136893331609 -0.090835871900
0.222440347748 -0.251340070625
0.173144280791 -0.392106351406
0.076020058313 -0.478449611858
0.185603917755 -0.488167271889
0.230442966747 -0.687643216476
0.244292880861 -0.812542490385
0.243688164650 -0.920127306909
0.081301694138 -0.502694607763
0.135362918444 -0.734401302977
0.171016930828 -0.873082327884
0.187297538759 -1.000000000000
-0.022438706612 -0.468320255659
0.028135528684 -0.585107852247
0.074565574357 -0.432659822594
0.090095948412 -0.338101501208
-0.118768576348 -0.394481656862
-0.051245662644 -0.489120463210
0.001116292591 -0.390521588912
0.016120810246 -0.309324730367
0.139142657652 -0.089753163217
0.225688957865 -0.252731509859
0.174690251061 -0.396409697648
0.076780150558 -0.485348957340
0.192293392294 -0.486953507719
0.237586622604 -0.687500327172
0.253011202615 -0.812005108955
0.253944559642 -0.919177677721
0.086647052476 -0.502639612047
0.140614141518 -0.735278717801
0.177926311441 -0.874152085594
0.194932451562 -1.000000000000
-0.017487737002 -0.468019861196
0.032116795049 -0.583830564531
0.077890023844 -0.432061932752
0.092574706091 -0.337949222858
-0.114555962041 -0.393491185382
-0.046119867727 -0.487539479895
0.006005069288 -0.388404847793
0.021103949362 -0.306968861117
0.139237772852 -0.092733445401
0.224170203227 -0.253638867868
0.177215991018 -0.396457803369
0.079606967879 -0.484725272774
0.188394354236 -0.487720425536
0.237308117819 -0.687633055916
0.253105031282 -0.810102124240
0.254545728899 -0.917612784309
0.083944310159 -0.502214072843
0.139337800562 -0.733959548922
0.179008491851 -0.872053574756
0.198678813102 -1.000000000000
-0.019760058263 -0.467504644010
0.034552269091 -0.584532666112
0.082133893915 -0.431824823753
0.095974828421 -0.338201686256
-0.116205299517 -0.392386606247
-0.046277238956 -0.490554579539
0.008167987688 -0.392617747038
0.022522390664 -0.310278758993
0.137179350708 -0.091822152893
0.220545857400 -0.252612975949
0.172537452755 -0.394864756110
0.076303329684 -0.485583863222
0.183800609868 -0.488935004626
0.228575873107 -0.687205108141
0.243621471869 -0.809183700604
0.243020318705 -0.915424026594
0.078847742922 -0.501949156082
0.130112713290 -0.732265402733
0.167097101808 -0.872260023658
0.182203603794 -1.000000000000
-0.025311199376 -0.465778469789
0.025539000863 -0.579078672087
0.074732729204 -0.426648413800
0.089940275178 -0.333828305131
-0.121263192516 -0.390332629832
-0.050394544029 -0.482767914233
0.004553208164 -0.382640855944
0.019682761808 -0.301348785504
0.139213934145 -0.093293298199
0.219861450331 -0.257677785365
0.169071826441 -0.400206305522
0.072373567258 -0.489682919848
0.178343891464 -0.490189167715
0.217383288780 -0.687199601187
0.229541114671 -0.809609407646
0.227531137237 -0.916724604848
0.074407651734 -0.500991421898
0.116925652814 -0.729484541102
0.151407127604 -0.871385405891
0.164055658665 -1.000000000000
-0.027725265003 -0.463382930795
0.015252884515 -0.583372794736
0.070115541057 -0.430642951841
0.089451661424 -0.334852195884
-0.122317647249 -0.387867386056
-0.055939754918 -0.484220533910
0.003869074394 -0.385351213621
0.024032288316 -0.303047157774
