-2.536156106219999984e-01 -1.157496445300000010e-01
-4.449084405970000211e-01 -3.757067564329999998e-01
-2.985271591570000105e-01 -5.660348668560000185e-01
-5.853671147000000241e-03 -5.348509173540000328e-01
-3.505415570450000073e-01 -7.964603196509999483e-01
-4.118056054279999878e-01 -1.000000000000000000e+00
-3.841532808079999861e-01 -7.649814064679999470e-01
-3.192719213920000021e-01 -5.920862159519999501e-01
-1.078770237209999983e-01 -8.282787823589999876e-01
-1.443137762920000122e-01 -9.784086876459999749e-01
-1.529383535830000085e-01 -6.657203914229999908e-01
-1.222565152400000021e-01 -5.697654094740000064e-01
9.911273443599999400e-02 -7.923423013570000117e-01
1.135616462590000042e-01 -9.078567446659999707e-01
4.396551534300000008e-02 -6.481797102890000106e-01
2.960955120800000048e-02 -5.535381953639999519e-01
3.041977427220000085e-01 -6.985882916269999798e-01
3.091291985219999927e-01 -8.216985217029999511e-01
2.183472879520000076e-01 -6.669605169110000009e-01
1.732982542950000093e-01 -5.892700462200000100e-01
-2.511657194169999996e-01 -1.241136833080000029e-01
-4.483257089439999787e-01 -3.792770717080000131e-01
-3.180444857310000262e-01 -5.681371867529999564e-01
-2.561011215599999849e-02 -5.375699129500000062e-01
-3.320374368590000014e-01 -8.135019969650000293e-01
-4.055391004359999996e-01 -1.000000000000000000e+00
-3.735219491239999967e-01 -7.516379512419999465e-01
-2.985346568419999791e-01 -5.838680031049999775e-01
-8.862630173100000119e-02 -8.397591527229999464e-01
-1.287957874960000137e-01 -9.867006992979999724e-01
-1.399866359999999976e-01 -6.688315198769999581e-01
-1.063686415970000049e-01 -5.834499891050000109e-01
1.180573050200000029e-01 -8.019789662820000498e-01
1.227215577330000029e-01 -9.128573970859999998e-01
4.771197523000000190e-02 -6.479801767570000370e-01
3.714033167599999768e-02 -5.575202390500000327e-01
3.218875705900000050e-01 -7.063873566980000129e-01
3.237145002010000105e-01 -8.291165857400000228e-01
2.256074247859999882e-01 -6.763870360949999494e-01
1.821584783040000044e-01 -6.021484443269999876e-01
-2.432059654060000076e-01 -1.178774620649999938e-01
-4.350919028199999872e-01 -3.771882450340000026e-01
-3.034220695129999923e-01 -5.680100065500000017e-01
-1.422543396099999920e-02 -5.482935545079999917e-01
-3.227630925680000096e-01 -8.106729764650000281e-01
-3.964076656769999762e-01 -1.000000000000000000e+00
-3.633567685899999899e-01 -7.498024675290000385e-01
-2.919308560020000276e-01 -5.879770938780000122e-01
-8.009574058399999974e-02 -8.326265699270000153e-01
-1.278124695529999910e-01 -9.834884359469999726e-01
-1.333587398069999985e-01 -6.539856261950000027e-01
-9.954460063700000527e-02 -5.778135043409999838e-01
1.250989210369999882e-01 -7.951167272400000430e-01
1.267067592630000128e-01 -9.118356084009999751e-01
5.682819329799999875e-02 -6.319542986420000341e-01
4.753191997799999929e-02 -5.447885186180000394e-01
3.279212163079999742e-01 -7.010720517149999775e-01
3.317381888179999905e-01 -8.305910513059999722e-01
2.369982885399999906e-01 -6.676582526419999608e-01
1.947378068869999868e-01 -5.953589746759999635e-01
-2.476553216730000007e-01 -1.226744220120000034e-01
-4.250192027799999939e-01 -3.826920407800000201e-01
-2.695151151040000026e-01 -5.602865315339999874e-01
2.467380289199999979e-02 -5.304811398709999848e-01
-3.086231760690000270e-01 -8.283884002010000192e-01
-3.764778731230000175e-01 -1.000000000000000000e+00
-3.376745599489999750e-01 -7.416101804060000191e-01
-2.607917810720000173e-01 -5.903171964229999569e-01
-5.682774416999999967e-02 -8.473512314050000160e-01
-1.052511007919999936e-01 -9.896228517389999979e-01
-1.091620307700000014e-01 -6.563495531490000090e-01
-7.398939014600000585e-02 -5.912034235809999760e-01
1.492319817270000015e-01 -8.058412089630000441e-01
1.520042527469999960e-01 -9.172404630170000184e-01
8.174626010900000461e-02 -6.343516798080000019e-01
7.051928670899999807e-02 -5.571705854349999765e-01
3.495672995899999913e-01 -7.087065671860000027e-01
3.561647843149999826e-01 -8.386583435640000417e-01
2.628466845599999879e-01 -6.756218491590000319e-01
2.184612838090000120e-01 -6.102247171900000433e-01
-2.373653667179999871e-01 -1.252075259160000120e-01
-4.122540628590000145e-01 -3.971925943340000043e-01
-2.639973369060000241e-01 -5.721966198260000080e-01
1.840705278400000047e-02 -5.187169534569999740e-01
-2.884835988839999921e-01 -8.375773454460000433e-01
-3.460648766109999941e-01 -1.000000000000000000e+00
-2.994432682200000029e-01 -7.447346351929999830e-01
-2.313485180200000046e-01 -6.017633838979999927e-01
-4.017706436400000219e-02 -8.582323814110000004e-01
-8.235802315899999615e-02 -9.862943087640000384e-01
-8.521514817200000202e-02 -6.648128036989999767e-01
-6.390992890400000459e-02 -5.996198357659999756e-01
1.618474635029999997e-01 -8.133574773639999922e-01
1.783108222739999971e-01 -9.143056903059999518e-01
1.107204031940000055e-01 -6.438029045809999795e-01
7.871528737999999858e-02 -5.615591776920000333e-01
3.520367393480000051e-01 -7.104899886750000171e-01
3.753847813999999783e-01 -8.232532146530000539e-01
2.857258374330000072e-01 -6.674460319920000329e-01
2.243499610930000110e-01 -6.031294450340000113e-01
-2.398916707219999889e-01 -1.275737252090000107e-01
-4.309177750370000171e-01 -3.815134156300000190e-01
-2.993295297060000193e-01 -5.443126841659999826e-01
-1.091575276799999945e-02 -5.213533231570000037e-01
-2.903485292679999774e-01 -8.678470130450000042e-01
-3.514908585200000046e-01 -1.000000000000000000e+00
-3.044759747349999879e-01 -7.535302096549999495e-01
-2.418506481509999917e-01 -6.032450237530000425e-01
-3.390422219500000001e-02 -8.752509882979999656e-01
-6.546818497699999351e-02 -9.750541330409999707e-01
-7.824591902800000220e-02 -6.467324267980000263e-01
-7.039574235800000190e-02 -5.759413748789999898e-01
1.736998925859999932e-01 -8.215292950379999848e-01
1.908350803169999998e-01 -8.942877505070000455e-01
1.176887838940000042e-01 -6.233986300280000004e-01
8.634026171099999647e-02 -5.398743205720000216e-01
3.734590970219999750e-01 -7.068264220950000176e-01
4.057786339230000094e-01 -8.295250138030000331e-01
3.229683424879999931e-01 -6.874422260129999795e-01
2.725660622270000277e-01 -6.206546349320000155e-01
-2.381621139310000079e-01 -1.350448758999999999e-01
-4.247927328269999747e-01 -3.885979599759999958e-01
-3.097955786650000154e-01 -5.468168385870000314e-01
-2.428138766500000101e-02 -5.281464822839999629e-01
-2.602470403739999827e-01 -9.182172744209999848e-01
-3.317172768669999772e-01 -1.000000000000000000e+00
-2.890819631970000247e-01 -7.413864529370000067e-01
-2.248242838289999934e-01 -6.041159091009999926e-01
-1.524077109999999978e-03 -9.145539386269999627e-01
-5.399493372499999944e-02 -9.796820071670000463e-01
-6.823860791600000475e-02 -6.450956912249999897e-01
-5.302021409800000001e-02 -5.829041326630000075e-01
2.048027173580000138e-01 -8.480091264450000388e-01
2.052027960760000047e-01 -8.941769511360000422e-01
1.282816081439999978e-01 -6.246807785960000192e-01
1.023833406060000034e-01 -5.485457017520000145e-01
3.995157981929999824e-01 -7.174801027439999812e-01
4.307136072339999844e-01 -8.194536774959999548e-01
3.388276347060000249e-01 -6.825820014850000339e-01
2.885573079100000049e-01 -6.251207683139999860e-01
-2.370746802149999999e-01 -1.313383191489999879e-01
-4.237958062109999924e-01 -3.768276320360000042e-01
-3.127160116380000021e-01 -5.310217993570000017e-01
-2.677416625400000014e-02 -5.254358264670000445e-01
-2.618203799320000247e-01 -9.309567618520000476e-01
-3.610016915839999729e-01 -1.000000000000000000e+00
-3.118846165070000009e-01 -7.454537869609999534e-01
-2.399276627270000017e-01 -6.379309582359999897e-01
-3.781570289999999974e-04 -9.284736322440000356e-01
-8.045890259599999816e-02 -9.744337152540000213e-01
-7.727788261899999622e-02 -6.269628811559999626e-01
-4.855436012199999818e-02 -5.945498216479999654e-01
2.113696330669999901e-01 -8.663352485890000176e-01
1.941469782770000041e-01 -8.996007829269999645e-01
1.253804787439999902e-01 -6.226586424259999974e-01
1.013484423179999983e-01 -5.714470609149999714e-01
4.086034851570000126e-01 -7.396972601400000347e-01
4.175988168640000220e-01 -8.054990891509999917e-01
3.145756440340000126e-01 -6.451357930640000404e-01
2.567743225090000081e-01 -5.982368526800000419e-01
-2.465811261920000108e-01 -1.308080990830000068e-01
-4.314543347129999873e-01 -3.720857498790000051e-01
-2.991895641360000080e-01 -5.061292061859999913e-01
-8.097101557000000588e-03 -4.900483636960000222e-01
-2.458019658479999869e-01 -9.916791801280000485e-01
-3.669818192079999930e-01 -9.785023214900000488e-01
-2.990472252349999915e-01 -6.974352421809999480e-01
-2.193675698429999876e-01 -6.098067298970000216e-01
2.805908145499999909e-02 -1.000000000000000000e+00
-1.030244363959999937e-01 -9.529850704810000073e-01
-7.971268762600000612e-02 -5.914065741049999714e-01
-3.537912471900000327e-02 -5.831719383360000064e-01
2.443119117789999961e-01 -9.317157648289999816e-01
1.725257592620000058e-01 -8.700504387209999635e-01
1.163380284650000068e-01 -5.777204184699999967e-01
1.046771491960000050e-01 -5.560044269199999611e-01
4.417425244420000174e-01 -7.917036840400000219e-01
4.144449360910000268e-01 -7.729131472950000470e-01
3.132532882210000147e-01 -5.999757363219999640e-01
2.633975364860000057e-01 -5.798514480359999723e-01
-2.471427831209999926e-01 -1.243778483830000059e-01
-4.130748692260000077e-01 -3.496454961020000196e-01
-2.753032841060000235e-01 -4.723374937640000271e-01
-9.055230057999999818e-03 -4.524014850879999883e-01
-2.470262346700000111e-01 -9.799024642220000025e-01
-3.437042124770000040e-01 -8.743882090310000077e-01
-2.707135759100000039e-01 -6.038397905750000350e-01
-1.854018066800000031e-01 -5.588177177969999576e-01
2.035071748700000016e-02 -1.000000000000000000e+00
-1.100970798630000053e-01 -8.442263467110000530e-01
-9.172325419299999505e-02 -5.250438435759999800e-01
-4.278054242499999826e-02 -5.558898622789999466e-01
2.320054400590000065e-01 -9.268641493429999878e-01
1.628265790629999932e-01 -7.843768780880000513e-01
1.079932671580000059e-01 -5.248166872489999912e-01
9.834039625399999818e-02 -5.356483382440000440e-01
4.193313334339999754e-01 -7.807015000379999847e-01
3.859476513580000212e-01 -6.850627459239999606e-01
2.833202334189999783e-01 -5.296827265439999488e-01
2.359734622190000075e-01 -5.403570937060000468e-01
-2.412905485329999988e-01 -1.307408193169999899e-01
-4.059873272219999829e-01 -3.477086417040000099e-01
-2.807320864069999811e-01 -4.627586186179999950e-01
-3.150264403800000224e-02 -4.193682487750000076e-01
-2.431504446140000109e-01 -9.811535688019999979e-01
-3.253480217340000147e-01 -8.383691146030000096e-01
-2.661211396229999915e-01 -5.821546634430000422e-01
-2.067459937149999927e-01 -5.706457885029999622e-01
1.485186407799999990e-02 -1.000000000000000000e+00
-9.975113707600000157e-02 -8.096260066170000158e-01
-8.836950141799999880e-02 -5.081708916389999775e-01
-5.612663057199999972e-02 -5.654489102880000395e-01
2.261466166049999893e-01 -9.278747135410000402e-01
1.601140711990000076e-01 -7.651082312070000002e-01
1.109738601550000064e-01 -5.118930501959999546e-01
9.261772796299999611e-02 -5.331444676440000308e-01
4.130905192809999904e-01 -7.854969608649999824e-01
3.781927343820000176e-01 -6.683946361820000126e-01
2.807421890960000166e-01 -5.168912876860000116e-01
2.296461519259999917e-01 -5.354488365659999527e-01
-2.329725122319999953e-01 -1.213535629250000053e-01
-4.041644041679999799e-01 -3.378374526110000109e-01
-2.689148294629999936e-01 -4.511237296319999812e-01
-7.669332874000000036e-03 -4.193405720489999933e-01
-2.443709358970000134e-01 -9.785123180879999882e-01
-2.946793986049999758e-01 -8.342679359129999694e-01
-2.450236684060000114e-01 -5.610215355130000470e-01
-1.875433712150000043e-01 -5.229866185270000134e-01
2.151203146599999991e-02 -1.000000000000000000e+00
-5.080879350599999678e-02 -8.170509282110000049e-01
-5.716206268199999774e-02 -5.102695728610000536e-01
-3.162947672000000071e-02 -5.321157825400000263e-01
2.365099131010000022e-01 -9.257559714199999901e-01
1.983793338890000035e-01 -7.561201210550000384e-01
1.327517581700000115e-01 -4.988979656840000221e-01
1.060455511169999948e-01 -5.010032198970000294e-01
4.238313059250000125e-01 -7.790964606900000478e-01
3.930065065850000261e-01 -6.596159860620000037e-01
2.876025867720000129e-01 -5.003159046259999521e-01
2.287677599840000076e-01 -5.067891398980000073e-01
-2.394305538950000090e-01 -1.071418829950000068e-01
-4.135761515560000268e-01 -3.211323965990000029e-01
-2.746150502660000270e-01 -4.321567186349999923e-01
-1.383085547999999936e-02 -4.027166759920000061e-01
-2.650935528489999915e-01 -9.719700385899999739e-01
-3.139975384529999913e-01 -7.942041332439999657e-01
-2.635451911059999985e-01 -5.286485597450000240e-01
-2.081557274660000012e-01 -5.030005784979999506e-01
-4.118832218000000218e-03 -1.000000000000000000e+00
-7.171977212699999493e-02 -7.818692132350000268e-01
-7.820199331100000095e-02 -4.890706152020000141e-01
-6.079068135000000039e-02 -5.158606658990000371e-01
2.132149757110000099e-01 -9.305789773729999936e-01
1.701469070970000053e-01 -7.274127472370000014e-01
1.089777071640000011e-01 -4.807771771750000145e-01
7.888222304799999418e-02 -4.929962075309999858e-01
4.081582424799999886e-01 -7.926103112750000346e-01
3.613937824980000268e-01 -6.420206649980000346e-01
2.622751092780000182e-01 -4.783091618370000075e-01
2.061799943610000130e-01 -4.844334007000000164e-01
-2.390682438529999898e-01 -1.402318634170000022e-01
-4.170947266939999953e-01 -3.505345372249999980e-01
-2.950999888429999829e-01 -4.608521967790000229e-01
-2.342653301299999977e-02 -4.209429371189999936e-01
-2.185041343889999876e-01 -9.816111483020000250e-01
-3.366340261779999787e-01 -8.360917499629999527e-01
-2.679451587289999881e-01 -5.516230275150000306e-01
-1.867617878760000072e-01 -5.142160868170000398e-01
5.020599021500000286e-02 -1.000000000000000000e+00
-1.053214533910000056e-01 -8.173670862680000315e-01
-7.654097963799999516e-02 -5.037967538900000042e-01
-2.256977487799999987e-02 -5.238013589990000440e-01
2.590079471860000093e-01 -9.247571926119999564e-01
1.344338195130000135e-01 -7.691125703069999764e-01
9.727591203400000330e-02 -5.048193670549999679e-01
1.060330940719999976e-01 -4.938166018010000102e-01
4.332855776589999985e-01 -7.735292637730000198e-01
3.426772292479999815e-01 -6.681878020389999673e-01
2.454549614490000031e-01 -5.056249876939999943e-01
2.107956811879999892e-01 -4.976665441550000013e-01
-2.383676179160000019e-01 -1.270356809719999924e-01
-4.174690819119999952e-01 -3.350879161370000081e-01
-3.101278106220000108e-01 -4.399314861590000181e-01
-7.187818876500000342e-02 -4.155296710740000177e-01
-2.585303382870000055e-01 -9.738258540159999699e-01
-3.568644295660000076e-01 -7.844753745189999572e-01
-2.872600328179999996e-01 -5.281426575009999791e-01
-2.159473930549999920e-01 -5.266511536810000171e-01
-9.522715680000000057e-03 -1.000000000000000000e+00
-1.352815518300000130e-01 -7.685841468799999854e-01
-1.128440657299999983e-01 -4.857531709230000216e-01
-6.747205837000000428e-02 -5.327665450630000299e-01
1.965418656959999899e-01 -9.321860363220000334e-01
1.067748370970000027e-01 -7.266855433800000208e-01
7.028360436800000499e-02 -4.943237743689999908e-01
7.010072375499999675e-02 -5.206398608479999579e-01
3.815397246389999886e-01 -8.004388338040000495e-01
3.063834495700000216e-01 -6.413292481729999661e-01
2.200750421300000093e-01 -4.869062216810000066e-01
1.884205855759999992e-01 -4.997464589560000059e-01
-2.421061026880000078e-01 -1.310523578770000086e-01
-4.325582477389999791e-01 -3.326554798379999789e-01
-3.354474942880000254e-01 -4.369025773870000018e-01
-8.184497140499999435e-02 -4.037268108520000176e-01
-2.579489876430000050e-01 -9.754342049969999540e-01
-3.660093057959999951e-01 -7.965386636040000523e-01
-2.939706357190000063e-01 -5.189270316220000456e-01
-2.177950976859999999e-01 -5.065870198819999448e-01
2.019281927000000140e-03 -1.000000000000000000e+00
-1.400227629599999912e-01 -7.772790216060000423e-01
-1.103697083869999984e-01 -4.822614249500000172e-01
-6.026103787200000339e-02 -5.227025763989999740e-01
2.124139933620000087e-01 -9.288779600819999649e-01
8.826729855300000094e-02 -7.332870458900000443e-01
5.493215482299999841e-02 -4.906793698699999928e-01
6.415841746200000306e-02 -5.039194646529999710e-01
3.914003659670000079e-01 -7.902833199869999659e-01
2.864783507009999730e-01 -6.385105033489999471e-01
1.955620012210000092e-01 -4.805046283220000269e-01
1.673902693790000062e-01 -4.857100307419999763e-01
-2.285019788029999943e-01 -1.290020319609999910e-01
-4.206617850459999919e-01 -3.291047277449999919e-01
-3.361854765519999844e-01 -4.309474637480000259e-01
-8.923719883099999473e-02 -4.025919575019999974e-01
-2.556067644739999922e-01 -9.783028210999999974e-01
-3.707489904180000240e-01 -8.081665901790000550e-01
-3.064762612129999786e-01 -5.334719996979999657e-01
-2.335974709360000012e-01 -5.103923263709999603e-01
-1.652340308000000042e-03 -1.000000000000000000e+00
-1.460244104070000104e-01 -7.877984155470000305e-01
-1.220085705780000057e-01 -4.914766357779999928e-01
-7.017873475199999656e-02 -5.292909852710000473e-01
2.072455393039999982e-01 -9.271361568070000114e-01
8.365887595399999765e-02 -7.321373802939999953e-01
4.651603642499999719e-02 -4.889130999130000266e-01
5.772972061000000016e-02 -5.013327964799999537e-01
3.891832252199999842e-01 -7.885985059210000037e-01
2.847006212090000266e-01 -6.392650239160000414e-01
1.938329926329999953e-01 -4.825706572410000117e-01
1.695459763219999971e-01 -4.891814821320000228e-01
-2.284453415050000102e-01 -1.229840735759999970e-01
-4.197729830190000122e-01 -3.235937100380000264e-01
-3.265756053609999987e-01 -4.260893885340000242e-01
-8.197750744300000281e-02 -3.933864639490000092e-01
-2.656282650549999791e-01 -9.749040389509999738e-01
-3.609950350339999892e-01 -8.014912977060000276e-01
-3.030176707989999940e-01 -5.334982355080000183e-01
-2.382818696400000047e-01 -5.163848937980000109e-01
-9.298345147000000241e-03 -1.000000000000000000e+00
-1.299876305650000119e-01 -7.805193089209999657e-01
-1.196193000060000039e-01 -4.890092098150000122e-01
-7.712987269200000107e-02 -5.273572069290000108e-01
2.031095332210000048e-01 -9.265946495769999958e-01
1.076285333930000060e-01 -7.187000022859999504e-01
5.875517291099999900e-02 -4.801452748460000031e-01
5.710801216499999944e-02 -4.979127574619999774e-01
3.885962099790000179e-01 -7.866146101130000456e-01
3.066334132849999894e-01 -6.227889346099999557e-01
2.080188467730000046e-01 -4.681456906459999789e-01
1.715232519329999983e-01 -4.806371101140000102e-01
-2.319408776430000041e-01 -1.191783922339999940e-01
-4.325266426659999941e-01 -3.216031148779999738e-01
-3.411437583079999780e-01 -4.282989183690000257e-01
-8.476594404699999696e-02 -3.914027585439999735e-01
-2.741235800549999824e-01 -9.781469772249999917e-01
-3.772225736789999728e-01 -8.093922179010000217e-01
-3.252937463619999803e-01 -5.387161778800000356e-01
-2.607807800849999968e-01 -5.104239726089999651e-01
-1.073601486100000078e-02 -1.000000000000000000e+00
-1.335333243559999883e-01 -7.803467436690000314e-01
-1.325098239730000127e-01 -4.867244433490000022e-01
-9.400575574099999387e-02 -5.209954851039999557e-01
2.051999193529999987e-01 -9.229905155240000214e-01
1.140018923390000022e-01 -7.071023907929999686e-01
5.449822756699999882e-02 -4.683571093400000218e-01
4.500840462899999977e-02 -4.847292511669999970e-01
3.903299658650000170e-01 -7.789768941350000420e-01
3.212626520449999856e-01 -6.198592055649999599e-01
2.172428765330000067e-01 -4.665015711750000182e-01
1.738298887359999989e-01 -4.786672423580000113e-01
-2.442864272620000055e-01 -1.149432755889999991e-01
-4.361129548420000224e-01 -3.254439989160000102e-01
-3.247537592699999975e-01 -4.314390577910000024e-01
-7.550525812899999689e-02 -3.981299352170000194e-01
-3.001755113610000136e-01 -9.694351925020000538e-01
-3.978441550540000038e-01 -7.964128575769999774e-01
-3.359759232769999882e-01 -5.259703332759999572e-01
-2.687910886650000108e-01 -5.126697721240000005e-01
-3.935946009300000242e-02 -1.000000000000000000e+00
-1.616782516589999885e-01 -7.858582092779999861e-01
-1.535922575279999869e-01 -4.921228930150000069e-01
-1.114228403549999968e-01 -5.405894598649999550e-01
1.757451687769999993e-01 -9.298799603490000010e-01
8.837082450399999511e-02 -7.182513396359999636e-01
3.522299307599999901e-02 -4.790876959859999840e-01
2.978185240499999983e-02 -5.099082809449999587e-01
3.640928920889999754e-01 -7.929177204780000210e-01
2.940536289399999781e-01 -6.277147728459999687e-01
1.980961156040000060e-01 -4.730181407599999832e-01
1.606360572549999921e-01 -4.978302854630000107e-01
-2.358306567710000134e-01 -1.173787839919999965e-01
-4.403277122490000250e-01 -3.122423636159999960e-01
-3.492882499869999768e-01 -4.109981566759999816e-01
-9.268546829700000100e-02 -3.798778651520000049e-01
-2.850726030390000054e-01 -9.750064738749999460e-01
-3.920514383829999949e-01 -7.920722945420000105e-01
-3.332363539870000224e-01 -5.261932255919999912e-01
-2.619683152130000137e-01 -4.875835304610000032e-01
-2.189932504599999968e-02 -1.000000000000000000e+00
-1.480333058880000108e-01 -7.646461770139999503e-01
-1.403338176929999903e-01 -4.796231163110000195e-01
-9.884367919299999472e-02 -5.081514388260000015e-01
1.972660245600000029e-01 -9.210238277579999577e-01
9.992026192399999784e-02 -6.939955360830000197e-01
4.710320452499999755e-02 -4.643985235670000100e-01
4.030775197400000148e-02 -4.826448404459999786e-01
3.878287829409999832e-01 -7.726404555460000267e-01
3.113843315689999725e-01 -6.061142409530000386e-01
2.101364604669999914e-01 -4.552648161039999919e-01
1.670700156390000080e-01 -4.683073063609999864e-01
-2.527947741109999868e-01 -1.213790821190000035e-01
-4.663001183350000134e-01 -3.198939697679999972e-01
-3.853957764450000045e-01 -4.178299752949999890e-01
-1.325588908089999907e-01 -3.820187971430000218e-01
-3.177562089009999813e-01 -9.694892650999999972e-01
-4.451302183179999816e-01 -7.954726014890000085e-01
-3.693479021400000173e-01 -5.239295181269999491e-01
-2.860504147960000187e-01 -4.983057678680000158e-01
-5.210281853899999954e-02 -1.000000000000000000e+00
-2.040169854570000052e-01 -7.730518200120000127e-01
-1.818378333239999978e-01 -4.862579097659999738e-01
-1.252087825769999940e-01 -5.286339452989999854e-01
1.661539165569999865e-01 -9.243465557740000449e-01
5.431905997500000027e-02 -6.912436383660000017e-01
8.187263987999999701e-03 -4.633982959260000145e-01
1.281374477500000011e-02 -4.964195632699999750e-01
3.543435122590000153e-01 -7.817121486720000068e-01
2.665315892749999804e-01 -5.973703711769999813e-01
1.694446696180000045e-01 -4.479470164009999866e-01
1.366289296650000096e-01 -4.742561250569999887e-01
-2.448502885790000139e-01 -1.279717075390000014e-01
-4.528606545630000091e-01 -3.191350747819999834e-01
-3.817873744449999940e-01 -4.217328303349999752e-01
-1.342047087590000076e-01 -3.959665962350000235e-01
-2.996113379920000153e-01 -9.723312043370000435e-01
-4.354454508519999822e-01 -7.970569345389999505e-01
-3.596528372400000229e-01 -5.329344440819999695e-01
-2.771344957440000090e-01 -5.073773914429999810e-01
-3.694914991300000257e-02 -1.000000000000000000e+00
-1.976450055070000100e-01 -7.749729093960000537e-01
-1.695020741150000121e-01 -4.917997924770000084e-01
-1.133828610119999997e-01 -5.335622559610000426e-01
1.781510052970000091e-01 -9.217771008359999518e-01
5.017501783100000029e-02 -7.030546110740000243e-01
1.314811590000000002e-02 -4.763975367950000206e-01
2.446638442300000035e-02 -5.005249598690000301e-01
3.630499406029999987e-01 -7.724540382590000531e-01
2.715333188349999816e-01 -6.079860506459999758e-01
1.734748277400000038e-01 -4.645433410879999947e-01
1.414474162300000115e-01 -4.845512001050000239e-01
-2.556733176200000068e-01 -1.399987195849999866e-01
-4.734290906379999830e-01 -3.407766050780000056e-01
-4.076556810040000145e-01 -4.368494496700000007e-01
-1.565320857749999961e-01 -4.010743404220000197e-01
-3.072201655210000104e-01 -9.800027138350000389e-01
-4.727807408809999723e-01 -8.297508788090000031e-01
-4.000435215740000272e-01 -5.539027080770000389e-01
-3.114577924170000012e-01 -5.252139024049999882e-01
-4.724506605300000245e-02 -1.000000000000000000e+00
-2.456335598930000086e-01 -8.009014173280000204e-01
-2.124290330589999887e-01 -5.076221584760000072e-01
-1.395187653899999936e-01 -5.490726992359999947e-01
1.662748696059999920e-01 -9.199589139880000044e-01
2.541949799999999784e-03 -7.224427306330000187e-01
-3.167805059099999820e-02 -4.858211518339999868e-01
-2.593488504999999847e-03 -5.063464412989999719e-01
3.509069134480000129e-01 -7.745389668180000520e-01
2.261011063239999896e-01 -6.197607181380000441e-01
1.360859833820000087e-01 -4.662057084219999870e-01
1.262627598000000129e-01 -4.790201901539999918e-01
-2.661738569500000096e-01 -1.575925881559999964e-01
-4.888613824049999890e-01 -3.583476411420000174e-01
-4.323616446040000061e-01 -4.451153808269999734e-01
-1.843482782270000064e-01 -3.955462122239999934e-01
-3.068665944399999734e-01 -9.825877301559999832e-01
-5.101899100890000538e-01 -8.345326604010000482e-01
-4.161232361469999752e-01 -5.703145588269999955e-01
-3.085590417810000208e-01 -5.584700893609999550e-01
-5.305734569500000081e-02 -1.000000000000000000e+00
-3.072330517910000225e-01 -8.065179719380000112e-01
-2.497256893700000036e-01 -5.160755878180000034e-01
-1.559752512629999921e-01 -5.752432327390000211e-01
1.523436855320000061e-01 -9.210968964700000372e-01
-6.837623901200000354e-02 -7.385039755740000489e-01
-8.004564301699999829e-02 -4.970235766059999949e-01
-1.897042343099999973e-02 -5.251343603010000249e-01
3.281097632930000119e-01 -7.782492034210000131e-01
1.511507027020000116e-01 -6.268732581079999866e-01
7.409430464900000624e-02 -4.708670398679999924e-01
9.223456464800000587e-02 -4.843090593050000114e-01
-2.888537892929999851e-01 -1.615327762359999864e-01
-5.169959154290000303e-01 -3.701999306789999777e-01
-4.529066823089999971e-01 -4.614977444119999772e-01
-2.054076831870000064e-01 -4.118900557619999958e-01
-3.457974319009999853e-01 -9.750148308460000468e-01
-5.424002200740000168e-01 -8.359160795540000466e-01
-4.342493850429999802e-01 -5.718197481369999835e-01
-3.260946605330000136e-01 -5.706175015390000382e-01
-9.442000408200000583e-02 -1.000000000000000000e+00
-3.400092693339999972e-01 -8.096402223690000177e-01
-2.726737361470000232e-01 -5.327993079559999456e-01
-1.802897855850000008e-01 -5.883572355039999868e-01
1.123985873769999949e-01 -9.220864116570000046e-01
-8.755498639500000624e-02 -7.418714101329999533e-01
-9.510667380600000553e-02 -5.120891616949999614e-01
-4.099006317799999688e-02 -5.448746796819999849e-01
2.889240650950000155e-01 -7.813861676540000412e-01
1.289465498160000112e-01 -6.226428103740000441e-01
6.381670444299999967e-02 -4.688979189610000264e-01
8.442484029499999765e-02 -4.857732605610000087e-01
-2.986215082829999923e-01 -1.773083021419999961e-01
-5.132614195610000207e-01 -3.813225202739999875e-01
-4.586436889170000253e-01 -4.703418070279999919e-01
-2.199470610660000103e-01 -4.182441775840000098e-01
-3.042139737990000037e-01 -9.856185017680000326e-01
-5.595581201910000413e-01 -8.297652838429999678e-01
-4.522511610180000030e-01 -5.850079278440000197e-01
-3.248012407290000181e-01 -5.943926751920000084e-01
-5.483927705000000291e-02 -1.000000000000000000e+00
-3.696513481670000156e-01 -7.926515387810000313e-01
-2.951028453589999989e-01 -5.249794655849999714e-01
-1.799774727940000041e-01 -5.929699521729999701e-01
1.356252166080000043e-01 -9.130540393010000422e-01
-1.339163547520000053e-01 -7.239088168020000325e-01
-1.318232307480000087e-01 -5.039721095860000277e-01
-4.144477368800000144e-02 -5.416324859640000433e-01
2.826405351080000239e-01 -7.573449521730000189e-01
8.418668122300000667e-02 -5.998726346430000023e-01
1.537759062899999966e-02 -4.578364784780000196e-01
5.948724613599999655e-02 -4.774506134329999929e-01
-3.094649374139999964e-01 -2.007749692199999880e-01
-5.261287228119999604e-01 -4.262464908379999806e-01
-4.747960022200000130e-01 -5.180033254320000058e-01
-2.466852909779999881e-01 -4.380095668649999774e-01
-2.799431148950000114e-01 -9.979891637979999564e-01
-5.776928220089999622e-01 -8.720854781679999723e-01
-4.785584042839999830e-01 -6.164725954499999938e-01
-3.418664499879999763e-01 -6.121542444509999736e-01
-3.555415570599999853e-02 -1.000000000000000000e+00
-3.960720192659999972e-01 -8.257440186040000407e-01
-3.195963030999999788e-01 -5.498373990799999556e-01
-1.855342411829999927e-01 -6.082204573239999856e-01
1.476548094340000006e-01 -9.060124844460000215e-01
-1.692492395769999991e-01 -7.557624718809999864e-01
-1.593336401419999937e-01 -5.242338390420000493e-01
-4.416612352299999905e-02 -5.484403126079999691e-01
2.823610125470000232e-01 -7.437448179919999847e-01
3.844419552399999662e-02 -6.187520869460000350e-01
-2.083714323000000063e-02 -4.719342049760000268e-01
4.951817905199999703e-02 -4.810009922619999934e-01
-3.162710305120000065e-01 -1.995535034279999897e-01
-5.548267913429999476e-01 -4.298124236479999860e-01
-5.337962679279999456e-01 -5.485076753859999821e-01
-3.124658996690000134e-01 -4.729030941169999891e-01
-3.202971446299999747e-01 -9.941051398900000446e-01
-6.032848723150000536e-01 -8.686978883189999667e-01
-4.998885516289999775e-01 -6.189453597720000477e-01
-3.702204078990000147e-01 -6.228079836459999852e-01
-8.169848652300000513e-02 -1.000000000000000000e+00
-4.085976288400000045e-01 -8.149318033419999940e-01
-3.331900012499999786e-01 -5.467572528990000125e-01
-2.101946980119999975e-01 -6.109059918200000494e-01
1.072695353820000003e-01 -9.085145264909999518e-01
-1.798029564320000051e-01 -7.447776681759999962e-01
-1.714481332989999940e-01 -5.220162485449999501e-01
-6.440082716999999402e-02 -5.537407871530000136e-01
2.499190002410000000e-01 -7.509077513199999832e-01
2.767657535899999827e-02 -6.152027503739999625e-01
-3.948916819300000297e-02 -4.757507346050000030e-01
1.735844532799999881e-02 -4.912747873609999982e-01
-3.141126434459999839e-01 -1.969192316879999904e-01
-5.489031892140000535e-01 -4.348343737679999932e-01
-5.079458591640000353e-01 -5.544534102599999459e-01
-2.675551298919999765e-01 -4.875018890200000232e-01
-2.838268920159999764e-01 -1.000000000000000000e+00
-5.921299941769999631e-01 -8.994800156109999945e-01
-5.047738602269999930e-01 -6.367821690799999601e-01
-3.730984211039999887e-01 -6.037560705760000035e-01
-4.031700607799999780e-02 -9.986988733899999637e-01
-3.819175947660000126e-01 -8.372006469430000042e-01
-3.192922829350000047e-01 -5.518495114329999840e-01
-2.019926838140000125e-01 -5.875089925569999538e-01
1.463656814869999934e-01 -9.051506402369999815e-01
-1.535221521100000042e-01 -7.449961890480000237e-01
-1.547673280819999997e-01 -5.113055944330000546e-01
-5.577145005300000041e-02 -5.294656906019999942e-01
2.868488664459999948e-01 -7.467515031929999880e-01
5.254926010299999783e-02 -6.258307915559999657e-01
-1.165766291100000032e-02 -4.737053941079999997e-01
4.498943291699999958e-02 -4.781389336629999764e-01
-3.313203995760000131e-01 -1.962067350850000003e-01
-5.758797984389999458e-01 -4.490338472109999812e-01
-5.322916320330000062e-01 -5.869193939860000153e-01
-2.885919900109999991e-01 -5.157838666059999522e-01
-3.186771991269999882e-01 -9.924372984299999478e-01
-6.082577848219999916e-01 -9.032381495969999952e-01
-5.095535618630000485e-01 -6.381626195570000437e-01
-3.785317543880000191e-01 -6.208300546389999841e-01
-7.192301440399999357e-02 -1.000000000000000000e+00
-4.065543413609999934e-01 -8.570786554210000352e-01
-3.356562191760000258e-01 -5.652802868259999558e-01
-2.132710473720000055e-01 -6.010181039359999700e-01
1.202543897560000019e-01 -9.129873710229999828e-01
-1.704456623329999865e-01 -7.630528987350000403e-01
-1.797136545159999932e-01 -5.198519877199999639e-01
-8.166461632799999759e-02 -5.354946857440000541e-01
2.647462752179999823e-01 -7.586567234479999478e-01
3.073688429799999872e-02 -6.324545046489999933e-01
-4.010009716000000057e-02 -4.827842212590000015e-01
1.516871885199999950e-02 -4.935951855829999735e-01
-3.284481668359999773e-01 -2.009498228999999914e-01
-5.799622406759999960e-01 -4.605450029390000255e-01
-5.400537797029999476e-01 -6.145230376289999574e-01
-2.887982885800000066e-01 -5.435938358380000279e-01
-3.371837493400000052e-01 -9.884881268640000052e-01
-6.185140982019999845e-01 -9.339802097499999567e-01
-5.136462645789999781e-01 -6.664756436969999642e-01
-3.785394529219999749e-01 -6.545254015210000276e-01
-8.430477278799999863e-02 -1.000000000000000000e+00
-4.150651707940000157e-01 -9.063432377829999664e-01
-3.423620244289999892e-01 -6.036317909870000387e-01
-2.118032099740000118e-01 -6.496082269030000189e-01
1.138938904009999947e-01 -9.203282452540000325e-01
-1.688905083330000112e-01 -8.173825773480000167e-01
-1.835442127609999974e-01 -5.599358811839999506e-01
-7.878492233400000155e-02 -5.690691756560000147e-01
2.657291294760000255e-01 -7.740640509759999510e-01
4.039205634500000336e-02 -6.724851041599999579e-01
-4.022597779499999943e-02 -5.183838393730000327e-01
1.707904805099999881e-02 -5.275218896029999494e-01
-3.309269048760000165e-01 -2.006796719960000086e-01
-5.775281210629999995e-01 -4.682127875789999782e-01
-5.220240818589999554e-01 -6.258793268090000472e-01
-2.602400239329999976e-01 -5.497472093240000079e-01
-3.323148735740000248e-01 -9.892869389609999509e-01
-5.857275662049999942e-01 -9.441916382480000092e-01
-4.881155060829999726e-01 -6.814742926719999927e-01
-3.597398628419999911e-01 -6.709509168680000135e-01
-7.342757470800000130e-02 -1.000000000000000000e+00
-3.709591809739999912e-01 -9.300812917280000258e-01
-3.141215189420000220e-01 -6.275410783510000368e-01
-1.918338548359999896e-01 -6.713463332189999466e-01
1.298620839819999984e-01 -9.198953092230000017e-01
-1.240124052809999933e-01 -8.393835258520000453e-01
-1.517857238789999952e-01 -5.770598774249999785e-01
-5.174166217699999876e-02 -5.859828198759999829e-01
2.853192582299999835e-01 -7.771385452219999879e-01
7.965977574900000302e-02 -6.922650043129999764e-01
-2.828850599000000150e-03 -5.356708170339999908e-01
5.588742114399999905e-02 -5.451308666949999937e-01
-3.324940165060000230e-01 -1.824759340269999919e-01
-5.919927765360000205e-01 -4.625453004810000102e-01
-5.337136013190000305e-01 -6.302529502629999891e-01
-2.644960546060000084e-01 -5.705944649749999931e-01
-3.641066957569999984e-01 -9.846033446430000335e-01
-6.092989595529999525e-01 -9.748343398779999447e-01
-5.171535438680000540e-01 -7.050209248619999647e-01
-3.889058929029999834e-01 -6.849056058860000240e-01
-1.009914399009999991e-01 -1.000000000000000000e+00
-3.931817739730000261e-01 -9.839798861699999843e-01
-3.359457652660000071e-01 -6.666578338419999472e-01
-2.038529574880000028e-01 -6.953458556980000038e-01
1.118046036280000016e-01 -9.292775086910000093e-01
-1.351108549260000014e-01 -8.803619215139999454e-01
-1.661554545370000080e-01 -5.984290275600000486e-01
-6.342821573399999580e-02 -6.028219683659999939e-01
2.862517978269999985e-01 -7.994628253209999924e-01
7.396577548400000424e-02 -7.416741199830000353e-01
-3.752064797000000118e-03 -5.663815053749999828e-01
6.316859023800000528e-02 -5.697015557279999642e-01
-3.068567414250000236e-01 -1.703740581010000088e-01
-5.591780076360000074e-01 -4.568018879899999884e-01
-5.175344721919999946e-01 -6.342583215570000155e-01
-2.590984496290000272e-01 -6.029068190399999860e-01
-3.539716106099999871e-01 -9.466823448540000463e-01
-5.950632908030000223e-01 -9.661395440090000397e-01
-5.020695241910000384e-01 -6.936093793709999789e-01
-3.725778487629999858e-01 -6.696890571550000448e-01
-9.944728954900000639e-02 -9.587169888059999812e-01
-3.865011943930000138e-01 -1.000000000000000000e+00
-3.271239689079999957e-01 -6.764536196649999500e-01
-1.951491422080000038e-01 -7.044482045650000135e-01
1.070263634910000039e-01 -8.966604276020000430e-01
-1.333089394099999936e-01 -9.045067821419999765e-01
-1.634042962099999940e-01 -6.063195805159999896e-01
-5.737191442299999916e-02 -6.034225706989999605e-01
2.836712093889999786e-01 -7.825098788440000286e-01
7.497754367900000272e-02 -7.679955921359999937e-01
-3.499743400000000174e-04 -5.811692315249999963e-01
7.282984539499999521e-02 -5.781244255259999631e-01
-2.969839448209999899e-01 -1.614077748739999874e-01
-5.412104386199999562e-01 -4.476694838060000237e-01
-4.755192490690000051e-01 -6.292879551840000474e-01
-2.117221079369999981e-01 -5.958404430289999665e-01
-3.602957106249999875e-01 -8.835822303600000538e-01
-5.589463348240000240e-01 -9.408286405339999492e-01
-4.817521491969999903e-01 -6.628351749109999691e-01
-3.636285232950000057e-01 -6.113074035269999706e-01
-1.145607043519999979e-01 -9.004619030930000045e-01
-3.531647832859999836e-01 -1.000000000000000000e+00
-3.074536164430000107e-01 -6.787766643610000372e-01
-1.813521608339999924e-01 -6.732643609270000384e-01
9.252646087400000219e-02 -8.485556383779999656e-01
-1.132940698290000048e-01 -8.891004654059999623e-01
-1.493771007199999890e-01 -5.892639801739999461e-01
-5.273683160999999980e-02 -5.688250578400000368e-01
2.800593613119999881e-01 -7.496308983880000110e-01
8.195171498400000143e-02 -7.617556780349999945e-01
1.109249087099999954e-02 -5.732275849329999673e-01
7.802734171800000673e-02 -5.586457056679999811e-01
-2.829001843400000271e-01 -1.546600130109999915e-01
-5.200022400089999719e-01 -4.350113348579999761e-01
-4.452178466000000223e-01 -6.246759073940000295e-01
-1.787006982050000081e-01 -5.893950801389999938e-01
-3.398142866919999783e-01 -8.698614444050000172e-01
-5.377316778470000447e-01 -9.512415109549999803e-01
-4.775893819900000059e-01 -6.680916993159999873e-01
-3.651457422900000194e-01 -5.922624294549999613e-01
-1.069617947170000000e-01 -8.896130661640000437e-01
-3.303671655289999731e-01 -1.000000000000000000e+00
-2.951247318379999762e-01 -6.813372021879999796e-01
-1.755586021520000040e-01 -6.610192177529999880e-01
9.160492239600000197e-02 -8.405646204459999993e-01
-9.955252831800000257e-02 -8.906281910619999742e-01
-1.328948262940000125e-01 -5.981087137030000056e-01
-4.247194631199999876e-02 -5.695060158750000490e-01
2.797131037510000029e-01 -7.444197167770000290e-01
9.327017983900000309e-02 -7.762409751500000121e-01
2.734137938900000134e-02 -5.913802532180000293e-01
8.610786747699999966e-02 -5.642457289469999804e-01
-2.730937325439999896e-01 -1.577273979290000072e-01
-4.969007689400000150e-01 -4.372877798950000061e-01
-4.211434001109999881e-01 -6.408330177059999855e-01
-1.659751265520000019e-01 -6.121658684830000308e-01
-3.191644347400000026e-01 -8.473586503050000163e-01
-5.022809217370000079e-01 -9.598968484030000470e-01
-4.560766216980000065e-01 -6.841039796879999635e-01
-3.519061829430000232e-01 -5.926296179659999996e-01
-9.971879997900000292e-02 -8.620461645450000487e-01
-2.889594229010000181e-01 -1.000000000000000000e+00
-2.634686480249999740e-01 -6.823962801380000220e-01
-1.558351224129999879e-01 -6.479303354859999864e-01
8.969778987099999434e-02 -8.152264760630000273e-01
-6.782758864900000073e-02 -9.067898128670000002e-01
-1.049823025679999938e-01 -6.162069327810000274e-01
-2.379745377099999962e-02 -5.688290541229999997e-01
2.771823493810000039e-01 -7.221863963050000335e-01
1.224218692640000050e-01 -8.093953629379999626e-01
5.346185409700000141e-02 -6.296823305630000478e-01
1.014482700270000065e-01 -5.821672031090000532e-01
-2.752251827400000184e-01 -1.671003162949999954e-01
-4.985043439399999832e-01 -4.350377655009999844e-01
-4.303027694339999765e-01 -6.383663001949999583e-01
-1.805316481919999883e-01 -6.194260010859999888e-01
-3.413687712089999993e-01 -8.298595261260000022e-01
-5.064101119639999871e-01 -9.524729632959999526e-01
-4.498665003219999847e-01 -6.846792168909999754e-01
-3.466284286779999779e-01 -6.061370676449999717e-01
-1.215720303880000047e-01 -8.501867934019999851e-01
-2.895863774599999885e-01 -1.000000000000000000e+00
-2.621461138599999741e-01 -6.915946274850000020e-01
-1.647484479090000065e-01 -6.580323996519999996e-01
6.977695301200000089e-02 -8.084432209990000118e-01
-6.568679796699999907e-02 -9.144760535139999647e-01
-1.051767776090000023e-01 -6.339541519250000423e-01
-3.617649438699999803e-02 -5.800831425279999731e-01
2.593499586910000265e-01 -7.203412597460000510e-01
1.206706832390000012e-01 -8.087824405700000385e-01
4.865322588999999864e-02 -6.346802221359999496e-01
8.456948102399999834e-02 -5.841638972960000453e-01
-2.673969963639999947e-01 -1.583684713859999926e-01
-4.869211251350000214e-01 -4.272377768730000192e-01
-4.128286828969999767e-01 -6.428158847379999985e-01
-1.566828372569999961e-01 -6.335096930329999765e-01
-3.394926235460000163e-01 -8.171070205339999726e-01
-4.959539103539999938e-01 -9.562351363719999719e-01
-4.600035503500000122e-01 -6.951471198240000149e-01
-3.581992418919999754e-01 -5.852939050430000512e-01
-1.305096648250000102e-01 -8.363195481659999597e-01
-2.720884478030000109e-01 -1.000000000000000000e+00
-2.580550418750000019e-01 -6.892301671780000083e-01
-1.707191042070000109e-01 -6.325416838720000490e-01
5.827143354199999792e-02 -7.988634408370000051e-01
-4.709502703699999793e-02 -9.343857963099999608e-01
-9.650122400400000522e-02 -6.522269508069999944e-01
-4.063841397799999866e-02 -5.713449439890000425e-01
2.547289241310000119e-01 -7.122144168459999536e-01
1.451094638469999920e-01 -8.350712481830000478e-01
6.032511142500000118e-02 -6.621933682120000331e-01
7.578724058100000383e-02 -5.892189153119999911e-01
