-1.709961508760000082e-01 -9.422880536399999563e-02
-2.493099434250000135e-01 -2.432939607250000080e-01
-2.045589783700000053e-01 -4.201803254009999766e-01
-1.136723539129999988e-01 -5.155089983420000355e-01
-2.601038127629999863e-01 -4.875246730710000032e-01
-2.975364671949999873e-01 -6.722309021889999459e-01
-3.068426048980000265e-01 -7.957251826210000045e-01
-3.007228874260000073e-01 -9.053997372830000501e-01
-1.467862558659999983e-01 -5.256905725539999796e-01
-2.021316100680000116e-01 -7.424049549969999884e-01
-2.209690457279999964e-01 -8.666218914169999676e-01
-2.305271016759999902e-01 -1.000000000000000000e+00
-3.606045137499999664e-02 -5.118461653910000297e-01
-4.714735876299999684e-02 -6.784707769919999798e-01
-7.024369016299999990e-02 -5.309955028499999674e-01
-7.918301511799999415e-02 -4.245213973420000064e-01
7.639859883199999480e-02 -4.523918743340000215e-01
5.367795723899999871e-02 -5.897605220010000426e-01
9.352647150000000659e-03 -5.085417119830000221e-01
-7.569531384999999765e-03 -4.202839967650000008e-01
-1.680857632780000110e-01 -8.880561317400000043e-02
-2.561411391089999934e-01 -2.365703381760000112e-01
-2.259327159620000136e-01 -4.128480507180000147e-01
-1.400252173609999873e-01 -5.155421256140000352e-01
-2.638534026150000100e-01 -4.847419535510000266e-01
-3.096148569039999798e-01 -6.691311112990000476e-01
-3.230303100449999909e-01 -7.922720356829999755e-01
-3.220898991899999730e-01 -9.006814734600000483e-01
-1.548846726620000114e-01 -5.244829893839999535e-01
-2.162807960110000038e-01 -7.443250190689999490e-01
-2.441500030590000037e-01 -8.682714564689999470e-01
-2.645701280969999791e-01 -1.000000000000000000e+00
-4.744470090200000184e-02 -5.118519783610000484e-01
-7.130656337200000361e-02 -6.771515642419999592e-01
-8.967311053500000295e-02 -5.292815792399999664e-01
-9.345283272500000404e-02 -4.260115034820000091e-01
6.339823658000000306e-02 -4.511680765509999969e-01
3.124171603100000041e-02 -5.927654537440000260e-01
-9.361557313000000435e-03 -5.101603537829999535e-01
-1.988374628299999919e-02 -4.213929138949999986e-01
-1.753373518409999943e-01 -8.616197479499999867e-02
-2.705408405829999863e-01 -2.341939137019999895e-01
-2.411867987380000022e-01 -4.133879995709999755e-01
-1.575238291999999929e-01 -5.154187103539999981e-01
-2.761785474710000132e-01 -4.792072853459999893e-01
-3.300418493550000276e-01 -6.639133004809999461e-01
-3.482661817930000070e-01 -7.865292645789999648e-01
-3.525736747600000109e-01 -8.965301158489999978e-01
-1.692170032210000008e-01 -5.235434664500000501e-01
-2.371672073989999907e-01 -7.438465570410000005e-01
-2.714592563400000103e-01 -8.694597109889999897e-01
-2.959776348579999938e-01 -1.000000000000000000e+00
-6.141872693299999658e-02 -5.147075646390000259e-01
-9.556437008500000274e-02 -6.795008302280000079e-01
-1.081054032410000004e-01 -5.336259536140000037e-01
-1.045601003420000008e-01 -4.289874853660000098e-01
5.063150249599999986e-02 -4.582852540799999819e-01
1.251428349200000081e-02 -5.966339421670000531e-01
-2.526137514299999984e-02 -5.142175579819999731e-01
-3.188936160400000080e-02 -4.248017209059999910e-01
-1.795498317579999892e-01 -8.283451673800000525e-02
-2.744688705350000202e-01 -2.302216343550000099e-01
-2.487113958490000110e-01 -4.135993679889999886e-01
-1.664560092500000088e-01 -5.158705703770000150e-01
-2.841651877340000132e-01 -4.718135334749999910e-01
-3.431553404209999880e-01 -6.565427646839999687e-01
-3.645378761909999765e-01 -7.822247672619999648e-01
-3.728113024070000003e-01 -8.955216456800000335e-01
-1.770499636210000061e-01 -5.194332921200000008e-01
-2.550432057779999928e-01 -7.392363044880000400e-01
-2.938238205900000066e-01 -8.667524130910000402e-01
-3.240407815690000137e-01 -1.000000000000000000e+00
-6.653316196300000651e-02 -5.128230834510000280e-01
-1.061133247700000032e-01 -6.894364451940000471e-01
-1.215429301590000011e-01 -5.411236695419999743e-01
-1.205363121929999976e-01 -4.289983346490000016e-01
4.696218948199999688e-02 -4.576937337209999734e-01
4.682522015000000100e-03 -5.895820179359999580e-01
-3.964228056599999883e-02 -5.049873256500000407e-01
-5.066226839299999701e-02 -4.140047493910000154e-01
-1.858431044749999927e-01 -8.240555688200000561e-02
-2.861024910750000205e-01 -2.275149483570000075e-01
-2.681294717989999854e-01 -4.162410963259999819e-01
-1.847350505719999869e-01 -5.215625010950000195e-01
-3.015624673380000176e-01 -4.705303818470000232e-01
-3.690920508230000063e-01 -6.617403272420000482e-01
-3.958262816090000191e-01 -7.886976554319999888e-01
-4.077337468869999815e-01 -9.017011874939999672e-01
-1.948242583729999922e-01 -5.186520946399999499e-01
-2.806820278380000033e-01 -7.389294908069999890e-01
-3.240036019140000167e-01 -8.659416423000000362e-01
-3.596596514909999875e-01 -1.000000000000000000e+00
-8.418765500000000013e-02 -5.137782739249999731e-01
-1.289408995069999952e-01 -6.940093419680000153e-01
-1.404134787029999998e-01 -5.453059568679999858e-01
-1.372383688580000038e-01 -4.340970358799999818e-01
2.937474040900000041e-02 -4.617968254290000241e-01
-1.844023455200000106e-02 -5.985502888400000554e-01
-6.027606145199999876e-02 -5.121593798089999483e-01
-6.775157079000000693e-02 -4.179875544289999856e-01
-1.892319751850000120e-01 -7.683232488100000257e-02
-2.968799299689999782e-01 -2.216142936219999970e-01
-2.803751272109999970e-01 -4.167746003289999890e-01
-2.006019358030000088e-01 -5.265427032299999643e-01
-3.155808787700000173e-01 -4.667555523420000019e-01
-3.863649723290000226e-01 -6.565099105030000048e-01
-4.159908778809999763e-01 -7.843619353390000049e-01
-4.304725112689999911e-01 -8.999786064689999643e-01
-2.090232689629999974e-01 -5.195326097939999554e-01
-3.032341589990000252e-01 -7.400380111309999842e-01
-3.496049957640000039e-01 -8.660405831890000128e-01
-3.888956276350000185e-01 -1.000000000000000000e+00
-9.641335005699999683e-02 -5.181191667540000489e-01
-1.466614951250000132e-01 -6.991994024609999858e-01
-1.498948763869999978e-01 -5.431648407350000429e-01
-1.424358657329999889e-01 -4.302685566439999887e-01
1.930140147799999997e-02 -4.687783928590000260e-01
-3.259360648299999830e-02 -5.998189762940000502e-01
-7.121742314399999441e-02 -5.057385422400000330e-01
-7.821768387600000483e-02 -4.107728688189999922e-01
-1.874433989460000116e-01 -7.827085448600000495e-02
-2.917172740630000205e-01 -2.259337191080000029e-01
-2.759893249540000260e-01 -4.252087026249999901e-01
-1.947923075080000010e-01 -5.368248090960000551e-01
-3.133306390960000076e-01 -4.651095253670000096e-01
-3.880068204220000205e-01 -6.593060483220000156e-01
-4.209161132359999780e-01 -7.850284140679999467e-01
-4.368474047020000084e-01 -8.974521502000000206e-01
-2.064145632599999891e-01 -5.161691464350000036e-01
-3.031094457340000048e-01 -7.377494905379999857e-01
-3.498574654609999945e-01 -8.642747000649999567e-01
-3.899376189259999848e-01 -1.000000000000000000e+00
-9.341627478000000262e-02 -5.133100515870000491e-01
-1.461523026029999950e-01 -7.049461778400000211e-01
-1.521773149300000016e-01 -5.522815254209999525e-01
-1.453688325930000136e-01 -4.376785361600000201e-01
2.253620119699999841e-02 -4.636302442579999794e-01
-3.074199616200000082e-02 -5.999579730620000495e-01
-7.335360079699999869e-02 -5.087553735690000245e-01
-8.274395873499999776e-02 -4.129205351920000044e-01
-1.897461862479999928e-01 -7.513786843599999654e-02
-2.950107284710000166e-01 -2.176755427269999876e-01
-2.857110516779999831e-01 -4.174986306640000033e-01
-2.072314564159999928e-01 -5.302734462220000111e-01
-3.177705481490000206e-01 -4.591617846389999813e-01
-3.956003404769999898e-01 -6.550775165529999500e-01
-4.274800394889999855e-01 -7.811544979350000251e-01
-4.434603565090000088e-01 -8.942234962889999972e-01
-2.138936130980000072e-01 -5.117834563369999534e-01
-3.141908252330000151e-01 -7.346584039660000176e-01
-3.608858872049999778e-01 -8.622019319789999692e-01
-4.017975296760000203e-01 -1.000000000000000000e+00
-1.033018841540000038e-01 -5.091079877080000315e-01
-1.580869157800000036e-01 -7.008977016249999803e-01
-1.637024458050000131e-01 -5.485946306319999799e-01
-1.575431396950000007e-01 -4.360750842830000140e-01
1.093947803600000060e-02 -4.570451406450000142e-01
-4.346498884499999660e-02 -5.983054874640000298e-01
-8.379049029099999712e-02 -5.084389488010000457e-01
-8.987108594199999523e-02 -4.128724773760000244e-01
-1.923718467530000087e-01 -7.830471523800000555e-02
-2.977310639719999985e-01 -2.270443797979999900e-01
-2.816694566999999871e-01 -4.297744393049999778e-01
-1.999098703449999903e-01 -5.450288487150000138e-01
-3.199728113160000276e-01 -4.622623889429999799e-01
-3.958227323430000277e-01 -6.607086669270000323e-01
-4.277943121050000186e-01 -7.885071922099999853e-01
-4.423600270920000077e-01 -9.016169394659999670e-01
-2.125514138740000059e-01 -5.145458038489999497e-01
-3.146752938810000177e-01 -7.358490453989999791e-01
-3.595263940360000077e-01 -8.631393665169999618e-01
-3.990905344430000223e-01 -1.000000000000000000e+00
-9.994431149999999375e-02 -5.132464165150000257e-01
-1.530578905370000020e-01 -7.073904040320000419e-01
-1.590491469900000010e-01 -5.622717621889999906e-01
-1.543528568389999911e-01 -4.481016602330000209e-01
1.392601813000000043e-02 -4.654007933900000116e-01
-3.687199619400000072e-02 -6.036461830049999477e-01
-8.005801713000000597e-02 -5.184279313640000053e-01
-9.187592909700000032e-02 -4.224394532319999951e-01
-1.921646089509999877e-01 -8.026826502700000476e-02
-2.974893156289999951e-01 -2.273367036230000138e-01
-2.818953954410000073e-01 -4.298631190480000086e-01
-1.988502818979999975e-01 -5.445875879560000410e-01
-3.169103610590000009e-01 -4.612383792099999935e-01
-3.954643289740000234e-01 -6.613813296930000085e-01
-4.269668234149999742e-01 -7.871377627990000514e-01
-4.417316090250000271e-01 -8.985997415690000212e-01
-2.106965322740000091e-01 -5.126718460850000492e-01
-3.138137110340000202e-01 -7.354977052050000186e-01
-3.592717863580000004e-01 -8.627625376290000148e-01
-3.988077263870000166e-01 -1.000000000000000000e+00
-9.928741380300000474e-02 -5.091659411990000494e-01
-1.556597880139999890e-01 -7.026444354459999708e-01
-1.646110956110000134e-01 -5.552110232139999546e-01
-1.608806829380000081e-01 -4.415604894799999847e-01
1.441426441400000050e-02 -4.583622444029999965e-01
-4.009354689099999675e-02 -5.986095266630000467e-01
-8.410878682500000370e-02 -5.125223722060000542e-01
-9.536209115100000022e-02 -4.163999770540000034e-01
-1.932298855659999870e-01 -7.892177597199999395e-02
-2.980624460810000209e-01 -2.289587807750000092e-01
-2.771359690829999778e-01 -4.318301944280000249e-01
-1.946193840219999915e-01 -5.440923783029999461e-01
-3.205043720669999985e-01 -4.586741594140000267e-01
-3.970234453220000126e-01 -6.585045685649999481e-01
-4.293969401739999858e-01 -7.856650501190000080e-01
-4.442536022729999812e-01 -8.982211351350000150e-01
-2.129609425779999954e-01 -5.116442608260000080e-01
-3.144933407089999799e-01 -7.345659652239999726e-01
-3.584758229489999892e-01 -8.630313320589999559e-01
-3.964793496299999775e-01 -1.000000000000000000e+00
-1.001815032980000048e-01 -5.106843726409999729e-01
-1.531818248840000063e-01 -7.055783559930000060e-01
-1.583103409830000086e-01 -5.594860780920000165e-01
-1.520268310089999964e-01 -4.435836554579999924e-01
1.507688499599999996e-02 -4.646798227150000238e-01
-3.473444601200000037e-02 -6.018260341840000471e-01
-7.885050009900000656e-02 -5.170086400869999821e-01
-9.213594505899999620e-02 -4.213588044339999783e-01
-1.862873589590000045e-01 -7.608001866999999918e-02
-2.888250048689999794e-01 -2.260132005799999899e-01
-2.705384127179999987e-01 -4.267833048470000001e-01
-1.920315524210000069e-01 -5.453046032530000087e-01
-3.147369199789999961e-01 -4.656509786860000277e-01
-3.872300776590000271e-01 -6.618965899040000211e-01
-4.192851313579999961e-01 -7.874261204670000014e-01
-4.346059629849999828e-01 -8.982018888010000479e-01
-2.057495783430000058e-01 -5.158398264639999509e-01
-3.050603715579999764e-01 -7.368725256989999695e-01
-3.481544645679999772e-01 -8.625963593400000073e-01
-3.891237663550000114e-01 -1.000000000000000000e+00
-9.198884617199999669e-02 -5.125413962729999939e-01
-1.445908165579999904e-01 -7.062638013469999532e-01
-1.494620628090000125e-01 -5.604584538610000166e-01
-1.450855959979999998e-01 -4.451990015930000211e-01
2.320558987099999998e-02 -4.623118884999999900e-01
-2.427835759099999935e-02 -5.994962236659999721e-01
-6.813498289599999314e-02 -5.139425257559999682e-01
-8.274749555400000289e-02 -4.185629276789999964e-01
-1.880354310300000054e-01 -7.998556217999999718e-02
-2.921112594979999866e-01 -2.306892421070000088e-01
-2.706273916399999924e-01 -4.294572426009999888e-01
-1.886733065679999932e-01 -5.431481257389999540e-01
-3.160028204579999889e-01 -4.642536394590000004e-01
-3.882318266770000137e-01 -6.639205292519999579e-01
-4.190162289470000245e-01 -7.903879499000000530e-01
-4.336333303980000053e-01 -9.022090341009999515e-01
-2.064080135459999965e-01 -5.143398901460000117e-01
-3.022531397339999759e-01 -7.371638757089999938e-01
-3.454566084640000034e-01 -8.627729588289999585e-01
-3.844260157520000276e-01 -1.000000000000000000e+00
-9.421756244699999727e-02 -5.108547211239999886e-01
-1.465739181010000114e-01 -6.999713010610000286e-01
-1.536542472359999911e-01 -5.533733265450000438e-01
-1.477737276749999940e-01 -4.402070850350000009e-01
2.131345446199999979e-02 -4.622770757019999954e-01
-2.854553424400000164e-02 -6.025306091409999842e-01
-7.241331740600000233e-02 -5.189003511480000386e-01
-8.466283081000000599e-02 -4.249564428320000142e-01
-1.840992672969999910e-01 -7.878980636500000634e-02
-2.880764455009999780e-01 -2.250204160569999889e-01
-2.683754655130000111e-01 -4.221979301509999893e-01
-1.888723955620000006e-01 -5.394159251679999656e-01
-3.065390574469999962e-01 -4.645905189360000076e-01
-3.773100399850000120e-01 -6.675092608029999930e-01
-4.056720118570000255e-01 -7.947760614490000375e-01
-4.190485894739999773e-01 -9.068828946829999849e-01
-1.988422904300000127e-01 -5.143974876500000404e-01
-2.926022892690000043e-01 -7.396012154169999686e-01
-3.353680966070000102e-01 -8.647367330249999817e-01
-3.743076718369999778e-01 -1.000000000000000000e+00
-8.850153477000000102e-02 -5.117678104439999931e-01
-1.412155719650000085e-01 -7.005917317809999822e-01
-1.461639988529999934e-01 -5.551556047329999632e-01
-1.394193546370000036e-01 -4.422175869430000072e-01
2.673508457199999869e-02 -4.633752008840000269e-01
-2.244119161500000154e-02 -6.064967331839999920e-01
-6.405044353100000643e-02 -5.236500299499999844e-01
-7.480351039099999988e-02 -4.281714384920000116e-01
-1.848403823110000010e-01 -8.243502572199999656e-02
-2.850855008539999735e-01 -2.282310522050000068e-01
-2.598470722669999899e-01 -4.245728371270000023e-01
-1.779998359009999920e-01 -5.392319431240000238e-01
-3.077117069549999973e-01 -4.653385784090000032e-01
-3.745582471860000040e-01 -6.690993004930000376e-01
-4.018884710219999823e-01 -7.968622874770000530e-01
-4.132197163260000194e-01 -9.085105326339999454e-01
-1.990714408370000132e-01 -5.134145015779999488e-01
-2.886585423099999881e-01 -7.393539317659999499e-01
-3.265920944740000054e-01 -8.639269604670000158e-01
-3.621409555160000071e-01 -1.000000000000000000e+00
-8.992623716799999500e-02 -5.087547260529999837e-01
-1.353194319459999906e-01 -6.966515213239999893e-01
-1.360286499579999864e-01 -5.529538723879999784e-01
-1.288554519079999905e-01 -4.437666206090000176e-01
2.503490132300000004e-02 -4.586914402080000119e-01
-1.829921320699999868e-02 -6.082232644630000129e-01
-5.449772410499999914e-02 -5.273394013929999513e-01
-6.356243216800000484e-02 -4.330793270509999959e-01
-1.808199176059999969e-01 -8.289123740100000359e-02
-2.781190590329999934e-01 -2.260926434889999892e-01
-2.483482671139999876e-01 -4.197254305129999863e-01
-1.667189235590000040e-01 -5.340147180230000457e-01
-2.996909139469999817e-01 -4.706461579940000028e-01
-3.608301849439999875e-01 -6.748101620799999978e-01
-3.855520260799999988e-01 -8.027568454110000085e-01
-3.956328989219999870e-01 -9.144856352329999716e-01
-1.901700617600000087e-01 -5.169117566509999762e-01
-2.754780351339999878e-01 -7.431443958890000534e-01
-3.125172753530000014e-01 -8.672878122499999565e-01
-3.466984409530000089e-01 -1.000000000000000000e+00
-7.954889210700000213e-02 -5.109274050319999594e-01
-1.239362554000000005e-01 -6.968728044309999703e-01
-1.249328941430000034e-01 -5.523557330299999624e-01
-1.168260759780000019e-01 -4.406856923019999983e-01
3.688905998400000136e-02 -4.597650989220000151e-01
-4.101335111999999776e-03 -6.035555678249999723e-01
-4.012897096100000172e-02 -5.217085513479999825e-01
-4.875925861100000036e-02 -4.272494406430000224e-01
-1.719136769390000041e-01 -8.614557117200000169e-02
-2.604609987100000024e-01 -2.355894844299999957e-01
-2.225871459040000000e-01 -4.195809683649999733e-01
-1.288596879679999863e-01 -5.217085806419999860e-01
-2.704786200970000221e-01 -4.747562025589999735e-01
-3.197550071299999908e-01 -6.667674050220000481e-01
-3.412508602409999869e-01 -7.928226125480000164e-01
-3.484325404120000025e-01 -9.033444064079999558e-01
-1.619989338789999955e-01 -5.132881444829999751e-01
-2.295207171510000033e-01 -7.345816297599999656e-01
-2.627144205440000158e-01 -8.638050170479999457e-01
-2.920534285699999955e-01 -1.000000000000000000e+00
-5.278210735999999681e-02 -5.021083908610000091e-01
-7.772855257999999878e-02 -6.807402046120000216e-01
-8.778239378100000101e-02 -5.366959183189999871e-01
-8.580103577500000633e-02 -4.243127326109999986e-01
5.693834705599999657e-02 -4.512835588440000101e-01
3.432127668700000328e-02 -5.869766865609999940e-01
-7.635002771000000063e-03 -5.060494516410000143e-01
-2.385624157600000142e-02 -4.156879132130000265e-01
-1.665232499540000022e-01 -8.957459754900000404e-02
-2.492598447749999890e-01 -2.437108822650000117e-01
-2.039294229299999928e-01 -4.262516356750000179e-01
-1.081771500879999959e-01 -5.248812892259999696e-01
-2.643061806959999815e-01 -4.907146429370000118e-01
-3.064620952650000119e-01 -6.811091276030000197e-01
-3.198213148910000192e-01 -8.094559131459999612e-01
-3.173198256620000102e-01 -9.197482559599999830e-01
-1.524066532699999976e-01 -5.260849155440000535e-01
-2.230753702530000049e-01 -7.431648822290000123e-01
-2.522364168490000003e-01 -8.683798035130000370e-01
-2.741964836129999750e-01 -1.000000000000000000e+00
-3.974894962799999792e-02 -5.108275062799999544e-01
-6.137461714399999879e-02 -6.877731378720000066e-01
-7.601737878700000339e-02 -5.429234089540000419e-01
-7.683338200200000301e-02 -4.277679881049999966e-01
7.447722746200000077e-02 -4.531877013580000169e-01
4.854523859899999988e-02 -5.859777677719999467e-01
4.406040156000000201e-03 -5.046502785140000169e-01
-1.191427986399999986e-02 -4.138728218380000046e-01
-1.576106145329999875e-01 -9.845876860799999963e-02
-2.284262246409999864e-01 -2.540688914079999861e-01
-1.756529963150000040e-01 -4.301529165849999892e-01
-7.712384538800000355e-02 -5.186173644810000427e-01
-2.401837795460000091e-01 -4.975619596129999822e-01
-2.736331651539999910e-01 -6.882597107569999872e-01
-2.835490284330000055e-01 -8.148687990309999574e-01
-2.763886957830000157e-01 -9.230943397999999966e-01
-1.289173769699999972e-01 -5.254978331509999601e-01
-1.868445705460000106e-01 -7.424206019100000331e-01
-2.070913642620000050e-01 -8.668692986199999506e-01
-2.208183358509999972e-01 -1.000000000000000000e+00
-1.827605736500000078e-02 -5.040466220020000110e-01
-2.368022547500000033e-02 -6.769612748000000124e-01
-4.316321392700000342e-02 -5.360934513809999524e-01
-5.003535611800000171e-02 -4.238493315640000092e-01
9.181103290000000583e-02 -4.431973682040000195e-01
8.127021233299999703e-02 -5.729390666639999630e-01
3.517397236699999763e-02 -4.992225738719999750e-01
1.283616394400000082e-02 -4.159181239970000110e-01
-1.579670489099999908e-01 -1.008664767990000016e-01
-2.229291596980000068e-01 -2.517022720800000113e-01
-1.629770221190000035e-01 -4.261692017450000036e-01
-6.384819755300000232e-02 -5.105313986689999917e-01
-2.293700947479999919e-01 -4.951888607550000154e-01
-2.566590502619999770e-01 -6.839644416360000090e-01
-2.613293552809999865e-01 -8.074568071979999484e-01
-2.507175556819999929e-01 -9.124471310070000341e-01
-1.170824115460000064e-01 -5.230388444129999703e-01
-1.694342120719999900e-01 -7.435536986490000055e-01
-1.856854645730000031e-01 -8.673651407769999988e-01
-1.959616207079999950e-01 -1.000000000000000000e+00
-7.620211089999999639e-03 -5.005045883750000035e-01
-1.141443612600000039e-02 -6.768367447409999738e-01
-3.341789626700000099e-02 -5.323926830099999785e-01
-4.250067421999999956e-02 -4.201249050449999967e-01
1.015952330769999967e-01 -4.362482398840000219e-01
8.870938505099999760e-02 -5.708654172670000193e-01
4.365068519600000252e-02 -4.931545019470000013e-01
2.280400630600000131e-02 -4.063977799979999750e-01
-1.533973726239999946e-01 -1.065775195959999949e-01
-2.136083199390000076e-01 -2.546033946660000158e-01
-1.502285545760000118e-01 -4.260448135150000093e-01
-4.921732626800000288e-02 -5.163932668220000410e-01
-2.113328790619999897e-01 -4.970908605059999874e-01
-2.349215521930000106e-01 -6.934963311840000033e-01
-2.363179143910000002e-01 -8.160456370709999740e-01
-2.240213974760000004e-01 -9.198378755339999824e-01
-9.722042588399999741e-02 -5.207140109519999838e-01
-1.368323227359999894e-01 -7.475705331119999464e-01
-1.444519021500000056e-01 -8.685687312230000456e-01
-1.495155797999999925e-01 -1.000000000000000000e+00
8.794686382999999247e-03 -4.932082630049999805e-01
9.815388216000000415e-03 -6.686331115739999609e-01
-1.467443031400000007e-02 -5.233374127359999850e-01
-2.708750159899999885e-02 -4.142667561839999957e-01
1.149877096420000022e-01 -4.214326215620000093e-01
1.084591639259999962e-01 -5.641666621019999495e-01
6.084716828399999722e-02 -4.890206619699999924e-01
3.517620770600000252e-02 -4.028193282549999976e-01
-1.512985167429999889e-01 -1.121740852319999954e-01
-2.044177602360000012e-01 -2.618805146509999848e-01
-1.350356539450000004e-01 -4.304769575090000022e-01
-3.493053523999999771e-02 -5.136113107569999503e-01
-2.056353330800000101e-01 -5.019376684959999668e-01
-2.250106923759999933e-01 -6.946924225839999911e-01
-2.240867378989999936e-01 -8.153920457229999474e-01
-2.091893361530000051e-01 -9.187982746559999470e-01
-9.148188270800000632e-02 -5.238334473560000148e-01
-1.230992226300000048e-01 -7.474929526510000199e-01
-1.270840345070000099e-01 -8.690962754090000297e-01
-1.261430005920000097e-01 -1.000000000000000000e+00
1.464290577599999983e-02 -4.943625366150000144e-01
2.040912778199999861e-02 -6.629298457740000483e-01
-7.535269580999999668e-03 -5.199977876889999573e-01
-1.964474582399999836e-02 -4.127717145259999776e-01
1.192788388869999994e-01 -4.213013219019999811e-01
1.172076023969999964e-01 -5.584760984819999718e-01
6.845474517499999800e-02 -4.859919159989999904e-01
4.338041801599999692e-02 -4.030922046450000074e-01
-1.483103639649999972e-01 -1.150569854170000045e-01
-1.972881630749999948e-01 -2.628225369789999877e-01
-1.278256880579999866e-01 -4.290448379560000136e-01
-2.924952368099999894e-02 -5.138694369740000045e-01
-1.974635184209999894e-01 -5.057386465940000297e-01
-2.140145922320000060e-01 -6.994829783160000369e-01
-2.119320861589999994e-01 -8.203580365249999451e-01
-1.961981694880000071e-01 -9.234119854000000238e-01
-8.216310683899999412e-02 -5.246750878410000318e-01
-1.106782339730000009e-01 -7.488963999329999455e-01
-1.110399466299999971e-01 -8.695642954390000456e-01
-1.081515312350000008e-01 -1.000000000000000000e+00
2.314930272300000022e-02 -4.928306676770000117e-01
3.243898726499999663e-02 -6.632501569390000240e-01
2.833036787000000039e-03 -5.200439365629999644e-01
-1.176982868400000028e-02 -4.121097709709999890e-01
1.260961975580000005e-01 -4.170911719650000071e-01
1.286241602969999953e-01 -5.568100152060000418e-01
7.927899388900000455e-02 -4.852571975209999944e-01
5.287937872500000219e-02 -4.025631382959999893e-01
-1.529017157520000114e-01 -1.168008028490000044e-01
-2.011096689150000116e-01 -2.647593002379999838e-01
-1.257211573800000037e-01 -4.292469365170000217e-01
-2.553038172100000058e-02 -5.123197138230000114e-01
-1.992954730310000089e-01 -5.052945049210000317e-01
-2.122169568020000063e-01 -6.975319283380000401e-01
-2.079477256970000132e-01 -8.195284605239999687e-01
-1.900240700299999919e-01 -9.236161752699999505e-01
-8.300685011500000265e-02 -5.247345167139999544e-01
-1.107869588459999971e-01 -7.491138422359999716e-01
-1.109538965709999936e-01 -8.717313680149999522e-01
-1.053875341480000061e-01 -1.000000000000000000e+00
2.343189402400000163e-02 -4.929575796769999907e-01
3.709842264600000245e-02 -6.595206322079999461e-01
6.970003328000000213e-03 -5.200610284259999938e-01
-8.290974113999999978e-03 -4.125182649579999805e-01
1.290304351219999923e-01 -4.178103506029999803e-01
1.339393228059999885e-01 -5.527348947660000178e-01
8.573763671999999614e-02 -4.833525469930000096e-01
5.862706070700000188e-02 -4.015001907540000081e-01
-1.454793501390000132e-01 -1.134904242619999976e-01
-1.951757550919999973e-01 -2.656934101569999873e-01
-1.179955887859999997e-01 -4.246133013830000191e-01
-1.510274249799999947e-02 -5.025685375859999526e-01
-1.874711289519999935e-01 -5.048801640519999800e-01
-2.002501608080000106e-01 -6.947286941019999995e-01
-1.950110431779999987e-01 -8.156497855159999810e-01
-1.752721375650000135e-01 -9.185231288609999600e-01
-6.967332295200000247e-02 -5.238363821479999904e-01
-9.521306154500000507e-02 -7.478492957579999656e-01
-9.696392103900000614e-02 -8.717433699059999874e-01
-9.076070028200000639e-02 -1.000000000000000000e+00
3.822221940799999662e-02 -4.919071735169999737e-01
5.161222110400000285e-02 -6.539693789110000433e-01
2.023457099600000156e-02 -5.105722700370000089e-01
6.540201019000000185e-03 -4.016961044089999988e-01
1.454832354310000020e-01 -4.175192779710000246e-01
1.485097250619999976e-01 -5.458513959270000493e-01
1.035213458330000030e-01 -4.732128914179999923e-01
8.082424912999999767e-02 -3.927643072099999966e-01
-1.357892660810000041e-01 -1.248984277950000027e-01
-1.790262389199999971e-01 -2.778819457100000223e-01
-1.002914247560000027e-01 -4.347050476900000127e-01
6.372562683000000325e-03 -5.034415172459999477e-01
-1.673572620359999874e-01 -5.112909982509999951e-01
-1.750741971579999889e-01 -6.977123095689999888e-01
-1.679224417749999865e-01 -8.162794352709999979e-01
-1.457943870629999916e-01 -9.178056961389999824e-01
-5.427541561600000147e-02 -5.278555291440000241e-01
-7.784969920400000576e-02 -7.454890918219999607e-01
-7.951969901800000351e-02 -8.666450635850000417e-01
-7.407206625899999397e-02 -1.000000000000000000e+00
4.844006883399999686e-02 -4.944699590000000144e-01
7.567970837100000681e-02 -6.568037893120000081e-01
4.298323526500000269e-02 -5.189663716100000324e-01
2.312848850600000145e-02 -4.135258058569999950e-01
1.507761064379999905e-01 -4.169960323420000003e-01
1.704522279690000031e-01 -5.542035182850000297e-01
1.261019269399999976e-01 -4.855265904700000190e-01
9.796508037899999410e-02 -4.035811602520000263e-01
-1.363889006750000077e-01 -1.209809912409999938e-01
-1.742177140030000126e-01 -2.778893112290000134e-01
-8.552725441500000358e-02 -4.311967214770000001e-01
1.919417659399999879e-02 -5.042153103080000420e-01
-1.721515715830000126e-01 -5.125342712860000427e-01
-1.747062665590000119e-01 -6.990027767730000452e-01
-1.643879106080000096e-01 -8.192783771070000221e-01
-1.416958073490000025e-01 -9.219803041120000486e-01
-5.547663871099999672e-02 -5.281465417809999563e-01
-7.153451807600000323e-02 -7.497926937529999503e-01
-6.892906596700000554e-02 -8.724903724229999824e-01
-5.987633733000000125e-02 -1.000000000000000000e+00
4.948205767100000152e-02 -4.924913209389999991e-01
7.968794296099999952e-02 -6.509666917209999681e-01
4.813423771900000175e-02 -5.161344541939999475e-01
2.865452196199999926e-02 -4.123097981650000188e-01
1.526058049260000105e-01 -4.136890536210000024e-01
1.738392917090000045e-01 -5.476582684509999632e-01
1.322798896150000070e-01 -4.822091854719999793e-01
1.050960374340000059e-01 -4.050056770159999875e-01
-1.376124462530000092e-01 -1.203284869769999932e-01
-1.751641204509999938e-01 -2.699764810190000142e-01
-8.543576666400000408e-02 -4.271843590189999817e-01
1.720116488399999963e-02 -5.113469076359999921e-01
-1.754006324830000019e-01 -5.096733497100000010e-01
-1.742387177880000138e-01 -7.021056417269999628e-01
-1.618105721699999999e-01 -8.248671817189999755e-01
-1.367814965980000130e-01 -9.304848176350000166e-01
-5.750906954599999815e-02 -5.241270280930000469e-01
-6.918198579199999476e-02 -7.487820958630000412e-01
-5.964730226699999777e-02 -8.705001897030000269e-01
-4.807630782899999927e-02 -1.000000000000000000e+00
4.666215411400000124e-02 -4.892056470150000225e-01
7.707514222599999576e-02 -6.481043886990000003e-01
5.024799835000000325e-02 -5.105635943590000059e-01
3.165054718799999861e-02 -4.113657117089999926e-01
1.483745938290000066e-01 -4.128755025099999920e-01
1.711777086290000027e-01 -5.491368548030000074e-01
1.320372291799999931e-01 -4.796199874040000255e-01
1.039263471780000059e-01 -4.010376350609999863e-01
-1.344953342909999960e-01 -1.238451182789999938e-01
-1.694446683580000113e-01 -2.733951489390000211e-01
-8.012289949499999675e-02 -4.277148582010000255e-01
2.660802682799999833e-02 -5.014009362129999703e-01
-1.666624083200000106e-01 -5.167290064689999962e-01
-1.636918813590000077e-01 -7.075514168419999583e-01
-1.503030983489999917e-01 -8.281281487780000061e-01
-1.249107546410000019e-01 -9.316877610789999764e-01
-4.983330670399999801e-02 -5.280151256489999945e-01
-5.904848973799999706e-02 -7.473877289789999656e-01
-5.012698270999999678e-02 -8.685672719279999843e-01
-3.795308812900000106e-02 -1.000000000000000000e+00
5.306072894700000070e-02 -4.898785687350000195e-01
8.456723438200000609e-02 -6.482690178979999551e-01
5.167207296799999905e-02 -5.086112774469999653e-01
3.076973641900000028e-02 -4.100488654319999760e-01
1.517143205689999996e-01 -4.093307641710000055e-01
1.742499731300000132e-01 -5.512803650140000178e-01
1.309380850730000045e-01 -4.799195244369999780e-01
1.034051122719999993e-01 -3.993566957049999866e-01
-1.406682723659999912e-01 -1.179106798799999939e-01
-1.785816894149999945e-01 -2.680859287749999820e-01
-8.719956509199999761e-02 -4.196378389170000167e-01
2.124923728400000128e-02 -4.879448459940000093e-01
-1.721139427760000062e-01 -5.186997987160000267e-01
-1.660898300210000011e-01 -7.079623003980000107e-01
-1.520952603100000078e-01 -8.300535427809999645e-01
-1.270129361990000039e-01 -9.347055597410000027e-01
-5.376977779500000110e-02 -5.303727294779999601e-01
-6.248953312999999676e-02 -7.495010244790000220e-01
-5.475147727500000172e-02 -8.717009008649999613e-01
-4.208889014799999800e-02 -1.000000000000000000e+00
5.118680771300000015e-02 -4.926387176720000149e-01
8.937858062600000097e-02 -6.495552198749999784e-01
5.340343078999999771e-02 -5.130772234179999947e-01
2.804227039699999993e-02 -4.129355893600000216e-01
1.504764395200000049e-01 -4.122999092960000223e-01
1.782794478799999971e-01 -5.507424156729999742e-01
1.335500728809999871e-01 -4.810732498990000217e-01
1.032074369429999972e-01 -4.006221143250000005e-01
-1.430862229400000074e-01 -1.145510226589999958e-01
-1.856776667089999888e-01 -2.562027284019999795e-01
-9.995334905899999622e-02 -4.047555561669999857e-01
8.425493132000000385e-03 -4.746912576710000109e-01
-1.784093403969999880e-01 -5.130124312939999820e-01
-1.762074626950000111e-01 -7.009476045489999585e-01
-1.648776316720000079e-01 -8.215236174100000177e-01
-1.418973773349999912e-01 -9.262367824199999600e-01
-6.068010440200000133e-02 -5.250109168240000290e-01
-7.330305889999999547e-02 -7.438847140300000049e-01
-6.862840870099999602e-02 -8.669660469040000317e-01
-5.908133682899999878e-02 -1.000000000000000000e+00
4.514494848600000138e-02 -4.871851903980000120e-01
7.652724017499999698e-02 -6.452885649649999777e-01
4.078304202799999667e-02 -5.047153757850000311e-01
1.788425384100000154e-02 -4.048060624839999733e-01
1.460134324640000036e-01 -4.052281766649999950e-01
1.680204666210000086e-01 -5.464493205510000395e-01
1.213291441249999963e-01 -4.744144614860000275e-01
9.251448154800000212e-02 -3.933124603850000067e-01
-1.366726513310000113e-01 -1.180058352699999979e-01
-1.824751609770000060e-01 -2.620928005290000251e-01
-1.027479359729999986e-01 -4.119440731819999924e-01
5.880117607000000420e-03 -4.795399189539999996e-01
-1.740325460200000118e-01 -5.157588740649999837e-01
-1.764398393059999903e-01 -7.034249529360000475e-01
-1.675442691729999989e-01 -8.237183882140000080e-01
-1.454572132099999915e-01 -9.284300439020000129e-01
-5.787196731799999772e-02 -5.291177467069999585e-01
-7.416786048699999800e-02 -7.462050738919999704e-01
-7.324013382600000344e-02 -8.668922698240000280e-01
-6.680918407300000250e-02 -1.000000000000000000e+00
4.576415325600000084e-02 -4.924272214170000161e-01
7.075586098399999635e-02 -6.502873616880000540e-01
3.515035616000000002e-02 -5.080599106659999808e-01
1.372594092499999918e-02 -4.098149378279999921e-01
1.459301469070000135e-01 -4.114296410709999963e-01
1.590870260249999946e-01 -5.546326901379999841e-01
1.122628699179999967e-01 -4.799584008050000183e-01
8.503845865400000426e-02 -3.979307112859999940e-01
-1.467008075809999867e-01 -1.167092022690000008e-01
-1.916270435749999890e-01 -2.580619964270000066e-01
-1.103538854150000054e-01 -4.094965827650000056e-01
-2.073012412000000033e-03 -4.819924281379999731e-01
-1.871730433830000040e-01 -5.107459777949999724e-01
-1.916927276289999982e-01 -6.969433171019999707e-01
-1.845266861069999875e-01 -8.183679243460000308e-01
-1.655417458779999962e-01 -9.244613852099999862e-01
-7.091942807800000192e-02 -5.258355577519999713e-01
-8.893449295300000224e-02 -7.429847766110000418e-01
-8.920968546900000240e-02 -8.671787655880000001e-01
-8.374273064999999960e-02 -1.000000000000000000e+00
3.371887949800000256e-02 -4.902655122549999800e-01
6.076721785800000275e-02 -6.456061695079999829e-01
2.427931167500000167e-02 -5.046117084929999663e-01
1.183733166999999947e-03 -4.029626171189999995e-01
1.357184337640000016e-01 -4.104675528539999951e-01
1.536740871160000022e-01 -5.533230028890000485e-01
1.065202148959999984e-01 -4.822601350380000262e-01
7.806215471999999878e-02 -3.991840087729999764e-01
-1.468755003839999906e-01 -1.067755010630000029e-01
-2.016230301380000089e-01 -2.479473647250000079e-01
-1.228592413619999935e-01 -3.974949501869999846e-01
-1.598338071300000121e-02 -4.729076812040000077e-01
-1.958867684170000067e-01 -5.097211037269999689e-01
-1.995798118930000031e-01 -6.983330592149999960e-01
-1.915548310219999939e-01 -8.207517447679999467e-01
-1.727930308029999862e-01 -9.269577872580000433e-01
-7.819807187400000525e-02 -5.266075136679999602e-01
-9.674705534600000489e-02 -7.460853217089999934e-01
-9.856470854399999870e-02 -8.693253408890000422e-01
-9.585109536100000494e-02 -1.000000000000000000e+00
2.799819494699999980e-02 -4.931510350100000162e-01
4.882406619900000327e-02 -6.496391380739999777e-01
1.547393675900000064e-02 -5.033659726789999622e-01
-6.184286082000000316e-03 -4.015365753680000260e-01
1.319724863289999939e-01 -4.142308651159999910e-01
1.415862129890000098e-01 -5.548255058700000131e-01
9.769207114500000344e-02 -4.759720648960000244e-01
7.237402139599999340e-02 -3.907846118669999758e-01
-1.509775616740000048e-01 -1.109678809199999977e-01
-2.084897041140000018e-01 -2.497868502729999884e-01
-1.312507633739999902e-01 -4.023380700140000155e-01
-2.112920481799999972e-02 -4.711275598269999976e-01
-1.982325186139999862e-01 -5.099510625719999579e-01
-2.074848617729999900e-01 -7.022531670830000072e-01
-2.015461780979999895e-01 -8.247556742799999618e-01
-1.839627162440000130e-01 -9.329108444260000299e-01
-8.100596914400000348e-02 -5.261573133339999542e-01
-1.024199387849999976e-01 -7.442624483990000206e-01
-1.056122913699999999e-01 -8.682147931710000321e-01
-1.030787084260000042e-01 -1.000000000000000000e+00
2.651126889900000047e-02 -4.921871277020000157e-01
4.868821074799999787e-02 -6.496543110319999981e-01
1.075450511799999967e-02 -5.044777059749999681e-01
-1.418246616199999970e-02 -3.993554909099999994e-01
1.313545643609999869e-01 -4.147401982810000054e-01
1.436648200529999919e-01 -5.524063653820000530e-01
9.147434109200000552e-02 -4.750569752750000152e-01
5.823775283700000083e-02 -3.889187842869999967e-01
-1.510074773179999885e-01 -9.848890726999999512e-02
-2.131269954689999913e-01 -2.358550545170000068e-01
-1.479977246680000136e-01 -3.892949686250000152e-01
-4.912088056399999819e-02 -4.733984425880000124e-01
-2.139737530320000025e-01 -5.048525932559999596e-01
-2.284952395940000047e-01 -6.907173587770000234e-01
-2.247947686979999971e-01 -8.146762793399999758e-01
-2.075888137219999985e-01 -9.230108973330000133e-01
-1.002698873180000033e-01 -5.243575669650000215e-01
-1.350744419309999889e-01 -7.395838982169999909e-01
-1.403422048790000098e-01 -8.654469129599999810e-01
-1.385903600660000068e-01 -1.000000000000000000e+00
7.477377371000000147e-03 -4.925177297450000213e-01
2.451854357799999884e-02 -6.461625675919999701e-01
-6.020837702999999597e-03 -4.989693188659999890e-01
-2.760240749999999868e-02 -3.949828237579999790e-01
1.139290864079999938e-01 -4.147675134850000167e-01
1.214381897989999931e-01 -5.492185383769999651e-01
7.528186377999999956e-02 -4.705741901880000078e-01
4.738130867200000124e-02 -3.867606473410000190e-01
-1.499580315419999921e-01 -9.881943087099999412e-02
-2.161297515779999900e-01 -2.389646533020000074e-01
-1.500675837229999976e-01 -3.940324009799999749e-01
-4.905356665499999852e-02 -4.734456454550000082e-01
-2.188221750340000049e-01 -5.022735575410000042e-01
-2.418177135959999891e-01 -6.909129458039999783e-01
-2.431401394019999940e-01 -8.129613387820000536e-01
-2.299689307929999871e-01 -9.195799322850000124e-01
-1.043744408989999983e-01 -5.254964466470000151e-01
-1.419533692630000066e-01 -7.426814417429999926e-01
-1.532884178320000068e-01 -8.689622700950000445e-01
-1.546377851400000114e-01 -1.000000000000000000e+00
3.970254379999999667e-03 -4.965685979660000027e-01
1.276964628200000056e-02 -6.489886063799999993e-01
-1.644908130000000135e-02 -5.000501245880000223e-01
-3.134990449999999762e-02 -3.946651541319999845e-01
1.125608317879999987e-01 -4.218982782099999773e-01
1.122958375660000063e-01 -5.575371550459999881e-01
6.802889742400000661e-02 -4.777249679700000251e-01
4.629706410400000194e-02 -3.925357633909999922e-01
-1.479612311000000069e-01 -9.825825322200000544e-02
-2.173873529929999937e-01 -2.378990233190000081e-01
-1.563871928080000084e-01 -3.938429812120000095e-01
-6.116644825099999683e-02 -4.797367796379999882e-01
-2.237715851540000023e-01 -5.011077799019999501e-01
-2.525617321199999932e-01 -6.910102197890000131e-01
-2.573109432530000240e-01 -8.134970789450000073e-01
-2.464775382090000078e-01 -9.208867061419999667e-01
-1.099002471030000039e-01 -5.255847833200000263e-01
-1.540634183100000054e-01 -7.442444724250000254e-01
-1.690615821679999908e-01 -8.703782582660000156e-01
-1.741533557119999964e-01 -1.000000000000000000e+00
-4.868086860000000017e-04 -4.984158025420000193e-01
-2.305781199999999871e-03 -6.519372327179999704e-01
-2.610773604299999884e-02 -5.060211199040000052e-01
-3.477855655300000209e-02 -3.998452756279999853e-01
1.099793276500000000e-01 -4.246331132739999958e-01
1.033836892279999947e-01 -5.584364975340000425e-01
6.037130940399999812e-02 -4.795761894500000233e-01
4.146033788999999720e-02 -3.935213510050000196e-01
-1.505276869970000042e-01 -9.993019539500000437e-02
-2.188747240510000025e-01 -2.393465048660000094e-01
-1.600925884530000065e-01 -3.975645368090000020e-01
-6.361641696599999729e-02 -4.793243520000000091e-01
-2.258010703370000039e-01 -5.000099154270000179e-01
-2.585864291100000156e-01 -6.885342691570000007e-01
-2.649932971710000085e-01 -8.099260002679999904e-01
-2.557440067549999752e-01 -9.165111597230000129e-01
-1.140968764840000066e-01 -5.254602020009999652e-01
-1.613232131079999909e-01 -7.426876431429999537e-01
-1.777735371799999964e-01 -8.683508049160000297e-01
-1.846888563100000102e-01 -1.000000000000000000e+00
-6.242812817999999694e-03 -4.980046555629999983e-01
-8.147686496999999653e-03 -6.531698177289999574e-01
-3.193392407600000038e-02 -5.072589938329999937e-01
-4.086619125500000338e-02 -4.023491809499999960e-01
1.021938873380000001e-01 -4.232823596260000265e-01
9.442436921100000324e-02 -5.595182508749999561e-01
4.905396011299999887e-02 -4.811651960589999888e-01
2.835508597700000036e-02 -3.957379349089999998e-01
-1.529121828270000039e-01 -1.038765318919999958e-01
-2.210100271690000062e-01 -2.442203867459999955e-01
-1.620564331640000078e-01 -4.036487327580000062e-01
-6.206333068199999803e-02 -4.865755470129999871e-01
-2.299574900470000016e-01 -4.977989494769999856e-01
-2.652156352430000141e-01 -6.888716058689999810e-01
-2.721129119490000026e-01 -8.105221909990000251e-01
-2.639213398110000219e-01 -9.178546781649999931e-01
-1.149770402560000016e-01 -5.237388675690000106e-01
-1.630743149339999865e-01 -7.443508693229999862e-01
-1.810208362980000041e-01 -8.684740608059999811e-01
-1.905423682010000119e-01 -1.000000000000000000e+00
-5.844907344999999803e-03 -4.969445443170000254e-01
-8.070307372999999465e-03 -6.529499290879999807e-01
-3.205339415200000180e-02 -5.052057252660000497e-01
-4.069354634899999962e-02 -3.999331248510000214e-01
1.047108419209999974e-01 -4.223087821520000174e-01
9.980203278200000527e-02 -5.613052674949999821e-01
5.732291633099999978e-02 -4.814288398809999925e-01
3.930761591000000305e-02 -3.943816184939999969e-01
