-1.780559810379999941e-01 -5.153550647699999682e-02
-3.430622694850000154e-01 -2.298145764719999873e-01
-3.595839674799999885e-01 -4.206922674129999762e-01
-3.105357169069999923e-01 -5.708870869080000521e-01
-3.638239626509999769e-01 -4.574856001920000192e-01
-4.796496087459999891e-01 -6.490076978409999864e-01
-5.393052530959999702e-01 -7.803950710329999874e-01
-5.828862256110000084e-01 -9.015444620079999805e-01
-2.613550093059999746e-01 -5.108889465260000318e-01
-3.942538444350000004e-01 -7.494521466360000161e-01
-4.947348330990000154e-01 -8.848327077509999805e-01
-5.697740237409999464e-01 -1.000000000000000000e+00
-1.419376244839999912e-01 -5.185750429430000530e-01
-2.625809871959999819e-01 -6.428469778750000030e-01
-2.668824476489999875e-01 -4.550827774869999898e-01
-2.508082325629999998e-01 -3.380368302319999851e-01
-1.817398524400000090e-02 -4.919153580010000026e-01
-1.524791812459999896e-01 -5.590110745170000506e-01
-1.831334569820000091e-01 -4.241323656789999785e-01
-1.768558420559999955e-01 -3.224568495130000212e-01
-1.761242257510000075e-01 -5.535791080500000044e-02
-3.364155765679999743e-01 -2.352190356730000098e-01
-3.442311125870000099e-01 -4.267841430150000059e-01
-2.902989958419999739e-01 -5.741970601379999817e-01
-3.571679663339999977e-01 -4.639998953899999723e-01
-4.659695879390000073e-01 -6.572433431640000157e-01
-5.209134515059999915e-01 -7.913427338220000440e-01
-5.587453142389999794e-01 -9.127219551299999845e-01
-2.532755156979999978e-01 -5.141244950169999717e-01
-3.845964408850000016e-01 -7.501691855759999861e-01
-4.836510216400000117e-01 -8.852066474340000157e-01
-5.571373966429999935e-01 -1.000000000000000000e+00
-1.334580061479999913e-01 -5.182127601689999752e-01
-2.415837637009999872e-01 -6.500275234560000115e-01
-2.484164376459999934e-01 -4.714865096029999814e-01
-2.344274374649999992e-01 -3.567200901129999879e-01
-7.720424531999999646e-03 -4.868462666899999736e-01
-1.351220017879999902e-01 -5.662098420290000433e-01
-1.664172592350000035e-01 -4.359283123509999913e-01
-1.593983307150000084e-01 -3.333950712279999951e-01
-1.712545561009999884e-01 -6.133162712700000047e-02
-3.187874206130000276e-01 -2.465563042629999868e-01
-3.096497835440000235e-01 -4.371696316249999992e-01
-2.470670153979999950e-01 -5.803713043860000420e-01
-3.338094709289999851e-01 -4.710426352500000080e-01
-4.327524158919999753e-01 -6.599858243670000402e-01
-4.846485366619999735e-01 -7.897311572159999571e-01
-5.187004033050000018e-01 -9.067838540889999743e-01
-2.286697132209999928e-01 -5.168465479239999771e-01
-3.527396331659999884e-01 -7.477373257720000277e-01
-4.481235769860000273e-01 -8.825146757930000252e-01
-5.195560140289999795e-01 -1.000000000000000000e+00
-1.096942389120000028e-01 -5.172055919639999555e-01
-2.073166064589999913e-01 -6.504545214979999823e-01
-2.159788613749999975e-01 -4.752457554230000158e-01
-2.025686355890000123e-01 -3.586494099859999785e-01
1.679875414399999850e-02 -4.831396130160000024e-01
-1.005783971569999963e-01 -5.674145689999999798e-01
-1.374779919169999975e-01 -4.430817551380000219e-01
-1.355735701219999978e-01 -3.420263363580000049e-01
-1.727168787510000025e-01 -7.081811565899999439e-02
-3.014764669789999907e-01 -2.579071995980000143e-01
-2.827328963979999776e-01 -4.439417281649999936e-01
-2.208859875349999946e-01 -5.850266226029999794e-01
-3.201898419390000194e-01 -4.727398754470000242e-01
-4.042434640249999989e-01 -6.602481825779999980e-01
-4.507749782950000172e-01 -7.884211533880000067e-01
-4.821651779239999880e-01 -9.038147380019999622e-01
-2.144740322289999945e-01 -5.117511735209999690e-01
-3.208992820830000037e-01 -7.388402894769999785e-01
-4.044692720249999929e-01 -8.763571726969999753e-01
-4.688785398259999737e-01 -1.000000000000000000e+00
-9.797782094000000164e-02 -5.067034513360000325e-01
-1.809642381369999942e-01 -6.521667421639999462e-01
-1.977211754279999956e-01 -4.827832464969999959e-01
-1.913618270449999881e-01 -3.663443817759999832e-01
2.480868429800000066e-02 -4.675721868769999734e-01
-7.840917542599999679e-02 -5.618235794489999657e-01
-1.208914632379999993e-01 -4.412942753290000075e-01
-1.238641938460000036e-01 -3.392459152219999829e-01
-1.649368836339999977e-01 -7.342735911999999365e-02
-2.803674281099999832e-01 -2.572185612640000008e-01
-2.515871249430000067e-01 -4.421145906239999923e-01
-1.857820458049999901e-01 -5.835136208079999554e-01
-3.082168877240000215e-01 -4.774759341820000169e-01
-3.694352374220000179e-01 -6.723503290450000280e-01
-4.017606589409999929e-01 -8.066987022599999557e-01
-4.174443883430000168e-01 -9.269849078609999626e-01
-1.990292609410000135e-01 -5.108944498549999880e-01
-2.922949059609999956e-01 -7.363287499939999980e-01
-3.639463314890000190e-01 -8.725984043619999797e-01
-4.170744408759999855e-01 -1.000000000000000000e+00
-8.059622900900000053e-02 -4.997869241899999815e-01
-1.422609923039999946e-01 -6.463163982370000449e-01
-1.614449510350000061e-01 -4.777091403970000205e-01
-1.576189821869999896e-01 -3.623737606510000209e-01
4.491719499900000134e-02 -4.523035011259999849e-01
-4.255386531900000324e-02 -5.523402373729999759e-01
-8.695393877000000271e-02 -4.374534382799999954e-01
-9.228173954599999673e-02 -3.396956403490000165e-01
-1.544562932659999943e-01 -8.295595619199999660e-02
-2.479673801689999957e-01 -2.570952364579999760e-01
-2.093281223669999913e-01 -4.331173561200000188e-01
-1.394922055689999940e-01 -5.615763344730000384e-01
-2.626845722189999899e-01 -4.804845801170000152e-01
-3.151706747899999939e-01 -6.755188386710000437e-01
-3.372067502980000131e-01 -8.048997519999999684e-01
-3.448016004280000102e-01 -9.174608474140000247e-01
-1.527497229739999962e-01 -5.046332393560000185e-01
-2.338787524489999992e-01 -7.276130025779999899e-01
-2.812744529719999886e-01 -8.650244301399999669e-01
-3.168665440899999797e-01 -1.000000000000000000e+00
-3.962609726199999710e-02 -4.820192805999999885e-01
-8.641748903399999737e-02 -6.467968879200000076e-01
-1.127833639180000069e-01 -4.817019962119999943e-01
-1.212340555419999938e-01 -3.661282596720000226e-01
7.308093291900000232e-02 -4.199340025289999834e-01
3.508052428999999806e-03 -5.348745079159999971e-01
-5.232285300600000161e-02 -4.297358429120000101e-01
-7.379109230800000307e-02 -3.348920664589999929e-01
-1.544955228540000058e-01 -8.560851855800000187e-02
-2.449039136260000027e-01 -2.648305928110000207e-01
-1.979615342469999983e-01 -4.416278870209999763e-01
-1.222685396200000052e-01 -5.718945098540000327e-01
-2.611800795320000090e-01 -4.728988839170000236e-01
-3.119063448989999876e-01 -6.701082204530000030e-01
-3.315911820369999985e-01 -7.991759599259999902e-01
-3.368007414549999967e-01 -9.108844745830000367e-01
-1.523928818849999978e-01 -4.995174377459999926e-01
-2.202042863960000096e-01 -7.313118957799999986e-01
-2.658307692590000104e-01 -8.708126173610000187e-01
-2.969287798499999909e-01 -1.000000000000000000e+00
-4.057267352800000143e-02 -4.780452339430000253e-01
-8.136793207999999666e-02 -6.360236032249999560e-01
-1.152520296209999934e-01 -4.798413078730000003e-01
-1.257231543029999898e-01 -3.703066524759999756e-01
7.472479434499999795e-02 -4.174923300660000058e-01
9.842894051000000699e-03 -5.267805669009999470e-01
-4.602104379400000222e-02 -4.251710676609999906e-01
-6.784861098000000146e-02 -3.335253834970000053e-01
-1.556613112759999973e-01 -8.614862247599999745e-02
-2.422535957449999944e-01 -2.629608311430000067e-01
-1.920724349980000023e-01 -4.377935200340000166e-01
-1.140002958239999947e-01 -5.664760681129999975e-01
-2.516624856929999821e-01 -4.758279316599999809e-01
-3.019852394340000190e-01 -6.761151280670000263e-01
-3.214094067150000122e-01 -8.046722136249999657e-01
-3.267382045730000129e-01 -9.158789779470000170e-01
-1.413058416799999883e-01 -5.003367199189999726e-01
-2.070641259540000056e-01 -7.331870787809999790e-01
-2.516261995280000274e-01 -8.711221104159999618e-01
-2.821873187400000260e-01 -1.000000000000000000e+00
-2.978152902499999963e-02 -4.757846013620000147e-01
-6.973966970900000173e-02 -6.343053866969999843e-01
-1.082263561120000023e-01 -4.744664013720000240e-01
-1.234439920760000003e-01 -3.650865240780000187e-01
8.331942635000000319e-02 -4.106616505340000001e-01
2.061731911099999939e-02 -5.266710633300000222e-01
-3.883045785500000013e-02 -4.242192388739999820e-01
-6.389706449800000576e-02 -3.310561693399999839e-01
-1.536076911750000051e-01 -8.629548357499999822e-02
-2.377805652030000050e-01 -2.655337188890000144e-01
-1.858316121989999903e-01 -4.428731259750000038e-01
-1.104453722379999947e-01 -5.707467899789999688e-01
-2.444218552630000041e-01 -4.749485956730000180e-01
-2.951985110220000097e-01 -6.764702556370000286e-01
-3.148874387910000072e-01 -8.048612317279999484e-01
-3.216332720389999955e-01 -9.157931126239999831e-01
-1.351812328310000033e-01 -4.994625007710000175e-01
-1.992448271289999906e-01 -7.334823677459999525e-01
-2.399722027029999871e-01 -8.710967033909999824e-01
-2.683506424459999873e-01 -1.000000000000000000e+00
-2.543185318400000006e-02 -4.748509729500000054e-01
-6.595090805000000667e-02 -6.381668095820000053e-01
-1.043933523730000007e-01 -4.850890787470000243e-01
-1.199376580990000052e-01 -3.783102275219999977e-01
8.417028253599999343e-02 -4.099413150499999769e-01
2.454765340600000012e-02 -5.258808882629999459e-01
-3.687158721699999864e-02 -4.281388974340000209e-01
-6.576255361999999716e-02 -3.384116880110000225e-01
-1.521657257759999882e-01 -9.000698433100000340e-02
-2.338874012940000136e-01 -2.666502177580000188e-01
-1.826873417650000109e-01 -4.431631744199999723e-01
-1.046443417179999946e-01 -5.686799077449999906e-01
-2.410329057829999899e-01 -4.751172479879999799e-01
-2.903568038509999893e-01 -6.762897916840000523e-01
-3.079304352009999968e-01 -8.039382225819999839e-01
-3.123293299200000095e-01 -9.142714190520000450e-01
-1.324219886820000025e-01 -4.987182922969999876e-01
-1.941947118579999965e-01 -7.329450880360000031e-01
-2.322171592779999905e-01 -8.697698005170000357e-01
-2.587371659969999738e-01 -1.000000000000000000e+00
-2.369065359700000054e-02 -4.726667244400000190e-01
-6.040959983099999930e-02 -6.354191098139999605e-01
-9.967005795599999385e-02 -4.839485162070000235e-01
-1.165367324650000008e-01 -3.795185736600000248e-01
8.510241624200000354e-02 -4.050073987080000104e-01
3.006670361100000077e-02 -5.242977829320000227e-01
-3.164255365500000250e-02 -4.279472004120000173e-01
-6.124161062700000241e-02 -3.380758623610000124e-01
-1.548367300260000134e-01 -9.441222164699999975e-02
-2.341976920930000095e-01 -2.704533509550000048e-01
-1.792224883830000060e-01 -4.430039789879999801e-01
-9.854770877200000334e-02 -5.660833178999999937e-01
-2.357856484949999998e-01 -4.809024396859999939e-01
-2.817873971309999837e-01 -6.793013415759999729e-01
-2.980354235570000232e-01 -8.073794753899999899e-01
-3.001224351480000219e-01 -9.182357009520000224e-01
-1.270228817329999982e-01 -5.019104493270000189e-01
-1.878479708090000089e-01 -7.334211125249999741e-01
-2.268045391999999882e-01 -8.716628296939999965e-01
-2.504661494000000044e-01 -1.000000000000000000e+00
-1.817179704099999848e-02 -4.742062624660000059e-01
-4.992980637999999693e-02 -6.307045766090000338e-01
-9.207170815399999542e-02 -4.784147885200000228e-01
-1.104108676749999962e-01 -3.717613483459999979e-01
9.220536262400000349e-02 -4.071825793939999882e-01
4.034898889400000133e-02 -5.256910237809999664e-01
-1.947395661700000030e-02 -4.297145149370000250e-01
-4.656121329099999900e-02 -3.389620117200000116e-01
-1.524975745659999937e-01 -9.263452537600000425e-02
-2.298182002839999905e-01 -2.691877312939999767e-01
-1.757980801850000108e-01 -4.407403670139999896e-01
-9.598788016499999742e-02 -5.665276379039999588e-01
-2.290265936379999867e-01 -4.797031212410000078e-01
-2.758718227040000137e-01 -6.777088556029999822e-01
-2.928548846890000057e-01 -8.047718786440000160e-01
-2.968192801919999901e-01 -9.144652003819999653e-01
-1.198396269839999972e-01 -5.005498622230000194e-01
-1.757134444640000015e-01 -7.326714382240000489e-01
-2.097931554069999982e-01 -8.703072429860000403e-01
-2.316931441489999965e-01 -1.000000000000000000e+00
-1.229050744000000084e-02 -4.718752510340000206e-01
-4.524660623500000034e-02 -6.305408725960000016e-01
-8.930743684599999621e-02 -4.779333007780000031e-01
-1.097570028220000021e-01 -3.709923326599999793e-01
9.512497522000000483e-02 -4.025153444199999764e-01
4.333640721499999737e-02 -5.208267129589999600e-01
-2.058165606900000041e-02 -4.260528884240000203e-01
-5.245126569400000022e-02 -3.366369427479999898e-01
-1.521380470229999893e-01 -9.755116268300000060e-02
-2.228389041780000079e-01 -2.738674842830000067e-01
-1.664304821229999898e-01 -4.441038338209999936e-01
-8.065107175100000303e-02 -5.677628152949999452e-01
-2.192395760149999928e-01 -4.817126933549999990e-01
-2.611394920299999756e-01 -6.824298211620000165e-01
-2.746510818619999905e-01 -8.090387446229999613e-01
-2.740980700460000086e-01 -9.171303623519999615e-01
-1.089002178860000031e-01 -4.985099057790000066e-01
-1.606201496759999958e-01 -7.321432164440000445e-01
-1.929127021969999911e-01 -8.696696326589999915e-01
-2.123939688279999904e-01 -1.000000000000000000e+00
-1.584404348000000105e-03 -4.663449735979999788e-01
-3.142322768099999747e-02 -6.251159175839999804e-01
-8.063681767399999423e-02 -4.743843596969999910e-01
-1.029248046910000020e-01 -3.694772243539999890e-01
1.046431162380000029e-01 -3.926031598590000171e-01
5.527722201600000079e-02 -5.166254464559999482e-01
-1.125614295999999986e-02 -4.242411257829999949e-01
-4.242566546100000335e-02 -3.347874084879999823e-01
-1.470942802050000109e-01 -9.703887342299999386e-02
-2.157312978260000069e-01 -2.748183846480000136e-01
-1.584631796969999951e-01 -4.441528936379999792e-01
-7.492022561000000191e-02 -5.606630158149999987e-01
-2.105414269329999866e-01 -4.808951120780000088e-01
-2.491644256380000089e-01 -6.811609766149999690e-01
-2.616698066459999805e-01 -8.092817796069999847e-01
-2.609226028389999841e-01 -9.181108577719999664e-01
-1.012401618680000004e-01 -4.970186128040000040e-01
-1.527154802329999950e-01 -7.299778078049999896e-01
-1.840650202499999888e-01 -8.686784420149999963e-01
-2.044426469520000123e-01 -1.000000000000000000e+00
5.269515490000000434e-03 -4.640536882240000049e-01
-2.525323364899999951e-02 -6.309448424920000020e-01
-7.321553209999999423e-02 -4.855107882829999832e-01
-9.583422372600000627e-02 -3.817810784030000182e-01
1.075319699780000055e-01 -3.896834101380000082e-01
5.537701196599999903e-02 -5.091392606489999473e-01
-1.409303809099999964e-02 -4.174421839979999826e-01
-4.913968087500000109e-02 -3.304893539209999842e-01
-1.450065881569999882e-01 -9.623310428900000435e-02
-2.147961781839999862e-01 -2.770978769460000213e-01
-1.602771821410000075e-01 -4.468180743860000192e-01
-8.219750426499999874e-02 -5.652688242019999754e-01
-2.085568967839999954e-01 -4.799610705010000089e-01
-2.468282078160000115e-01 -6.781662972959999758e-01
-2.597441922600000064e-01 -8.062203276039999755e-01
-2.593060855389999753e-01 -9.159679024310000139e-01
-1.011263236260000059e-01 -4.962430379050000173e-01
-1.508339670299999880e-01 -7.278932513069999999e-01
-1.798944753110000017e-01 -8.684267721230000125e-01
-1.966292500459999870e-01 -1.000000000000000000e+00
4.252158562999999725e-03 -4.642889928680000167e-01
-2.447006441999999976e-02 -6.313398735349999846e-01
-7.194267275900000091e-02 -4.883569456529999742e-01
-9.444625228599999589e-02 -3.834431454619999791e-01
1.066300892659999972e-01 -3.926216354159999811e-01
5.500751301100000046e-02 -5.094156978539999825e-01
-1.374898094800000060e-02 -4.181581363169999954e-01
-4.938297400999999698e-02 -3.311705738890000084e-01
-1.464185916450000124e-01 -9.840843755599999743e-02
-2.161356461149999963e-01 -2.787784224509999853e-01
-1.615888139609999996e-01 -4.489276002500000029e-01
-8.004021119300000486e-02 -5.665492848850000041e-01
-2.061270021609999947e-01 -4.801744353369999940e-01
-2.431390753700000129e-01 -6.804433154429999631e-01
-2.549083960110000158e-01 -8.097166429550000100e-01
-2.539317420639999878e-01 -9.198247668000000266e-01
-9.779099391100000427e-02 -4.965388796249999848e-01
-1.468155789399999966e-01 -7.309278911700000103e-01
-1.781074547260000085e-01 -8.712938850300000482e-01
-1.976750219739999981e-01 -1.000000000000000000e+00
7.224385201000000332e-03 -4.654163568690000141e-01
-2.497868538300000024e-02 -6.326897074580000169e-01
-7.357834358499999727e-02 -4.904371946269999727e-01
-9.533054203999999365e-02 -3.870014428899999914e-01
1.082227630629999937e-01 -3.943306370829999796e-01
5.426080226499999798e-02 -5.137050483630000164e-01
-1.350039915399999998e-02 -4.221238371300000125e-01
-4.601921218899999999e-02 -3.338927960149999929e-01
-1.487370394589999922e-01 -1.027663646469999942e-01
-2.178184593970000082e-01 -2.821214497019999823e-01
-1.628799118210000063e-01 -4.538410422670000055e-01
-7.993721932199999991e-02 -5.626719546089999913e-01
-2.035608453249999894e-01 -4.796326540459999732e-01
-2.417587545279999972e-01 -6.836855922379999617e-01
-2.524022046459999946e-01 -8.119088958250000321e-01
-2.515538927429999960e-01 -9.217122570060000131e-01
-9.583482882400000402e-02 -4.953045781980000006e-01
-1.428930939810000023e-01 -7.313444094490000325e-01
-1.719259448780000032e-01 -8.697022645399999918e-01
-1.903586379499999925e-01 -1.000000000000000000e+00
8.516673408000000750e-03 -4.631799265520000208e-01
-2.483718235699999832e-02 -6.338063601719999829e-01
-7.334556797499999781e-02 -4.891858009100000237e-01
-9.380842969199999770e-02 -3.851004491850000266e-01
1.081257848420000001e-01 -3.903042627159999944e-01
5.616189752499999716e-02 -5.133028919409999835e-01
-1.151377940699999970e-02 -4.230687892969999808e-01
-4.251848571599999710e-02 -3.353875897420000030e-01
-1.502524555760000047e-01 -1.079018922860000007e-01
-2.155496001349999913e-01 -2.830826315900000223e-01
-1.640082687859999999e-01 -4.560169809819999975e-01
-8.001038771200000288e-02 -5.643445023359999757e-01
-1.997216101050000026e-01 -4.799146275939999984e-01
-2.369555485909999870e-01 -6.827110816439999619e-01
-2.458976120489999861e-01 -8.098503204439999603e-01
-2.428599567770000078e-01 -9.186349799199999833e-01
-9.242957780400000434e-02 -4.960105301880000095e-01
-1.417432990930000136e-01 -7.305653687180000411e-01
-1.706425795950000102e-01 -8.668698030129999843e-01
-1.907147590130000014e-01 -1.000000000000000000e+00
1.113191403000000045e-02 -4.650438106399999993e-01
-2.329549264600000100e-02 -6.421983180589999618e-01
-7.285968806499999728e-02 -4.990388240749999982e-01
-9.326274107000000202e-02 -3.953076000560000192e-01
1.090618478019999976e-01 -3.922076401999999851e-01
5.794195002299999675e-02 -5.198070567179999824e-01
-1.218812371000000012e-02 -4.320730982609999882e-01
-4.332232072000000156e-02 -3.438206104050000045e-01
-1.478066401869999880e-01 -1.052683357660000041e-01
-2.125897580059999958e-01 -2.812381198480000122e-01
-1.616311994740000091e-01 -4.534513922050000256e-01
-7.905566099600000451e-02 -5.605964479859999461e-01
-1.973069401970000136e-01 -4.796301645689999837e-01
-2.331821135290000069e-01 -6.797637747470000047e-01
-2.410074259209999958e-01 -8.060033794609999802e-01
-2.361900988110000044e-01 -9.133916110569999525e-01
-9.123359293799999936e-02 -4.958057078140000185e-01
-1.388754040079999974e-01 -7.289636601900000290e-01
-1.634746143580000088e-01 -8.661419956479999849e-01
-1.784340509959999876e-01 -1.000000000000000000e+00
1.172090361900000009e-02 -4.636266362159999765e-01
-1.923628772499999876e-02 -6.421795020620000294e-01
-6.903940561700000478e-02 -4.976500897130000101e-01
-9.058256435400000028e-02 -3.935240830019999803e-01
1.082731355869999967e-01 -3.882078330679999967e-01
5.673246250499999754e-02 -5.167300907590000048e-01
-1.307003166199999927e-02 -4.266762844829999901e-01
-4.416143899100000159e-02 -3.370658261150000223e-01
-1.470379563110000010e-01 -1.088452825300000038e-01
-2.098251769089999885e-01 -2.858469620560000202e-01
-1.553235065159999928e-01 -4.597788716680000221e-01
-6.884730488000000148e-02 -5.645009658109999551e-01
-1.930254037280000057e-01 -4.826091927050000230e-01
-2.271098136880000118e-01 -6.840823411299999934e-01
-2.324770285709999995e-01 -8.093423004099999929e-01
-2.258928219759999967e-01 -9.156453324550000161e-01
-8.634449589900000666e-02 -4.968389557089999964e-01
-1.342869192570000092e-01 -7.291862116289999918e-01
-1.575327401970000041e-01 -8.641986921900000063e-01
-1.729397244979999915e-01 -1.000000000000000000e+00
1.677060631600000087e-02 -4.635543603210000030e-01
-1.354118619299999986e-02 -6.442308942859999998e-01
-6.301990168099999567e-02 -4.998179842630000036e-01
-8.453632082800000003e-02 -3.944132831359999924e-01
1.126797871789999989e-01 -3.879704761389999867e-01
6.523993790399999770e-02 -5.173237320329999722e-01
-7.067648804999999979e-03 -4.302520260200000113e-01
-4.134661824299999677e-02 -3.419727947339999963e-01
-1.470617800690000032e-01 -1.086777688270000042e-01
-2.090853492760000043e-01 -2.863061346590000111e-01
-1.524476168370000051e-01 -4.593122923419999948e-01
-6.478086739199999389e-02 -5.604240126539999922e-01
-1.890304723189999980e-01 -4.809607968810000189e-01
-2.224746987239999974e-01 -6.836060901360000441e-01
-2.272780461549999964e-01 -8.086255085800000408e-01
-2.200336122850000131e-01 -9.154841499000000438e-01
-8.313516781099999919e-02 -4.951635384879999879e-01
-1.274550593300000090e-01 -7.291503495579999550e-01
-1.508059887659999876e-01 -8.660806853510000236e-01
-1.642144474130000087e-01 -1.000000000000000000e+00
1.907982438499999933e-02 -4.615595000320000252e-01
-9.383356097999999423e-03 -6.420744639419999622e-01
-6.080800234099999896e-02 -4.983696184890000214e-01
-8.185104100600000543e-02 -3.931942075579999973e-01
1.142110762889999992e-01 -3.855123095229999741e-01
6.532781134399999468e-02 -5.154776408290000500e-01
-4.637165646000000405e-03 -4.270854811629999914e-01
-3.498115198800000325e-02 -3.375066743569999916e-01
-1.443339178770000064e-01 -1.091925787700000067e-01
-2.077725536310000010e-01 -2.860300571039999795e-01
-1.526993412969999964e-01 -4.611151746709999943e-01
-6.423083245600000324e-02 -5.636061518189999786e-01
-1.880762295969999887e-01 -4.780371460880000201e-01
-2.212136094690000110e-01 -6.837317135579999983e-01
-2.247604709250000110e-01 -8.084853050139999553e-01
-2.167052582610000111e-01 -9.149387888000000135e-01
-8.299153173699999608e-02 -4.931697785340000140e-01
-1.273378208120000132e-01 -7.286641678309999648e-01
-1.492163948780000082e-01 -8.641220612479999508e-01
-1.620149156150000047e-01 -1.000000000000000000e+00
1.812112582099999897e-02 -4.609635386429999926e-01
-1.058899539900000006e-02 -6.453513403370000345e-01
-6.002423017399999977e-02 -5.027054168919999899e-01
-7.971959520000000687e-02 -3.988883860679999782e-01
1.129483628560000036e-01 -3.858888968240000161e-01
6.397889551400000319e-02 -5.185397044380000153e-01
-4.184996405000000405e-03 -4.310453780969999982e-01
-3.330492414300000037e-02 -3.413981924849999738e-01
-1.445876250489999959e-01 -1.105205535270000067e-01
-2.027697006180000094e-01 -2.901855872679999782e-01
-1.386602385740000054e-01 -4.633322358570000077e-01
-4.642829410299999932e-02 -5.671640391710000006e-01
-1.818918016590000131e-01 -4.780773867870000138e-01
-2.097023282319999959e-01 -6.842584710800000414e-01
-2.118865823109999935e-01 -8.086634392189999687e-01
-2.022120091400000097e-01 -9.142433637450000372e-01
-7.441901178399999706e-02 -4.916168058159999799e-01
-1.133148389690000063e-01 -7.285443492269999544e-01
-1.381706255500000091e-01 -8.669803624919999452e-01
-1.523096586430000010e-01 -1.000000000000000000e+00
2.708252634499999992e-02 -4.591749736169999929e-01
-2.163194243000000124e-03 -6.388477781000000411e-01
-5.608338411100000087e-02 -4.991508775619999949e-01
-7.630141760299999354e-02 -3.979259890929999766e-01
1.223907834950000023e-01 -3.863662509260000211e-01
7.091297146800000506e-02 -5.162776762980000322e-01
2.035680880000000168e-03 -4.283465838550000182e-01
-2.617869901200000141e-02 -3.387370957120000026e-01
-1.444035049600000120e-01 -1.071622749000000069e-01
-2.030891795449999981e-01 -2.850274970169999755e-01
-1.448787085159999877e-01 -4.549344067119999724e-01
-5.761208837899999685e-02 -5.519295651340000441e-01
-1.779601954720000101e-01 -4.803500509029999810e-01
-2.075623010400000079e-01 -6.802396612179999469e-01
-2.113364815150000076e-01 -8.045373435779999971e-01
-2.032822695790000023e-01 -9.105404046999999723e-01
-7.242529348699999758e-02 -4.953456531229999960e-01
-1.112973765729999981e-01 -7.278778073499999612e-01
-1.322553352449999942e-01 -8.655193722699999759e-01
-1.427310309279999911e-01 -1.000000000000000000e+00
2.816164829699999844e-02 -4.616224505220000163e-01
2.635510579000000051e-03 -6.420093499079999599e-01
-5.261389109100000211e-02 -5.007814463149999895e-01
-7.668871022400000625e-02 -3.975246138219999947e-01
1.191252409609999952e-01 -3.848386827479999828e-01
6.764508025300000615e-02 -5.108465169550000518e-01
-6.500117811999999926e-03 -4.245434385429999735e-01
-4.029286650299999939e-02 -3.377675140699999967e-01
-1.434236022020000112e-01 -1.097175520930000064e-01
-2.032180096410000081e-01 -2.854312736760000191e-01
-1.457814927670000038e-01 -4.589117470729999759e-01
-5.717990843100000109e-02 -5.554134611929999465e-01
-1.778675553259999875e-01 -4.771982852850000234e-01
-2.050288042979999947e-01 -6.819460362510000317e-01
-2.064631839980000105e-01 -8.064925793620000283e-01
-1.962156180680000028e-01 -9.127917883289999867e-01
-7.285723074899999596e-02 -4.919093286649999786e-01
-1.113481058729999945e-01 -7.269601467799999828e-01
-1.318169619239999979e-01 -8.638033916420000402e-01
-1.423959384980000020e-01 -1.000000000000000000e+00
2.724857411099999849e-02 -4.590615191910000226e-01
8.821124880000000019e-04 -6.419078233960000546e-01
-5.209777541999999900e-02 -4.978269206240000244e-01
-7.294212397799999803e-02 -3.937999542630000183e-01
1.187762494290000026e-01 -3.831701591550000230e-01
6.915899434000000179e-02 -5.125769584229999953e-01
-3.775498471999999810e-03 -4.260786129190000104e-01
-3.557848110700000122e-02 -3.381475369410000265e-01
-1.439596392109999956e-01 -1.063886333490000058e-01
-2.058927255030000014e-01 -2.861939056460000019e-01
-1.486852305080000047e-01 -4.582675878429999794e-01
-6.010545554999999901e-02 -5.557340602079999803e-01
-1.820666197789999885e-01 -4.798185795150000099e-01
-2.096218182419999909e-01 -6.821032072989999806e-01
-2.117480131989999959e-01 -8.069117615830000423e-01
-2.025485940700000043e-01 -9.130710684620000350e-01
-7.740235394099999333e-02 -4.942751526420000041e-01
-1.143120339239999950e-01 -7.291960995149999736e-01
-1.353354001900000103e-01 -8.670695189270000158e-01
-1.458600400939999986e-01 -1.000000000000000000e+00
2.180853542099999917e-02 -4.615338669540000049e-01
-3.785499371000000148e-03 -6.408978271619999445e-01
-5.689558307200000276e-02 -4.979585336690000030e-01
-7.833398487199999538e-02 -3.951612994429999914e-01
1.119444074100000019e-01 -3.873703986059999771e-01
6.100659339100000106e-02 -5.132762852850000224e-01
-9.948677923000000603e-03 -4.246680556940000129e-01
-4.089681910299999834e-02 -3.367797646180000215e-01
-1.411189377700000080e-01 -1.123346793560000001e-01
-2.007047753089999942e-01 -2.881461850529999924e-01
-1.456214460639999875e-01 -4.607508694990000153e-01
-5.733497337400000199e-02 -5.556743329029999456e-01
-1.738217622780000027e-01 -4.796376377220000209e-01
-2.053567023869999897e-01 -6.857588857170000551e-01
-2.087167865289999980e-01 -8.081655025289999905e-01
-2.002377998269999904e-01 -9.127869385919999967e-01
-7.007153187499999547e-02 -4.927455425689999946e-01
-1.095696240420000050e-01 -7.282760924850000261e-01
-1.304195612029999951e-01 -8.639651867609999814e-01
-1.412049009249999876e-01 -1.000000000000000000e+00
2.853575636899999962e-02 -4.586163870789999875e-01
-4.674490320000000243e-04 -6.401109877380000146e-01
-5.301840288399999740e-02 -4.966307652110000248e-01
-7.267519039000000514e-02 -3.952713467669999869e-01
1.180733467389999958e-01 -3.808842733969999839e-01
6.768851955400000120e-02 -5.130325686990000467e-01
-3.585354407999999903e-03 -4.244421886779999875e-01
-3.258201368299999678e-02 -3.353395395609999885e-01
-1.420198119080000043e-01 -1.125533393550000039e-01
-2.008057227510000042e-01 -2.892206776810000157e-01
-1.461217065419999905e-01 -4.609896904099999859e-01
-6.045968330899999937e-02 -5.578563638400000357e-01
-1.779642138889999947e-01 -4.821214325970000214e-01
-2.065710224070000101e-01 -6.811711937859999955e-01
-2.095509538829999907e-01 -8.047340085540000132e-01
-2.001127994620000017e-01 -9.107419745039999626e-01
-7.540345097200000513e-02 -4.957861967259999947e-01
-1.141245491670000028e-01 -7.277516903139999993e-01
-1.340634515670000027e-01 -8.655909345290000445e-01
-1.423276110460000021e-01 -1.000000000000000000e+00
2.308401811599999909e-02 -4.620892787879999908e-01
-2.554616110000000107e-04 -6.397106999399999605e-01
-5.438172043299999842e-02 -4.974647220949999782e-01
-7.624579887500000652e-02 -3.938607663620000143e-01
1.137410927009999961e-01 -3.869280313280000216e-01
6.775933692900000527e-02 -5.154132697479999470e-01
-3.157317614999999907e-03 -4.277518862670000033e-01
-3.344873855399999735e-02 -3.391927043429999733e-01
-1.428663739940000121e-01 -1.104299932519999944e-01
-2.028279481999999967e-01 -2.869527750859999782e-01
-1.511778363930000035e-01 -4.600298866049999935e-01
-6.612792607400000411e-02 -5.560978469630000198e-01
-1.779349809899999912e-01 -4.804319543080000088e-01
-2.079290558469999994e-01 -6.833500535259999786e-01
-2.111386322369999957e-01 -8.063341389520000124e-01
-2.022147656050000131e-01 -9.120470072930000338e-01
-7.462777991499999763e-02 -4.947823117699999829e-01
-1.145131421799999993e-01 -7.291559442070000285e-01
-1.359423977529999883e-01 -8.648695034829999573e-01
-1.465859999920000045e-01 -1.000000000000000000e+00
2.418018205699999992e-02 -4.612428806439999862e-01
-2.490536540999999798e-03 -6.443213344220000138e-01
-5.638897526199999899e-02 -5.022752707540000250e-01
-7.703225183900000439e-02 -3.989883070960000278e-01
1.144422000279999990e-01 -3.848672884859999921e-01
6.575764807200000506e-02 -5.130403530880000007e-01
-4.719849178999999638e-03 -4.262387665140000004e-01
-3.319678498100000347e-02 -3.384129943229999826e-01
-1.411387441970000101e-01 -1.086965852620000034e-01
-2.020345377030000056e-01 -2.890494261200000081e-01
-1.452490415019999925e-01 -4.623365890289999891e-01
-6.012495572900000002e-02 -5.593448984400000157e-01
-1.777620252769999964e-01 -4.808167630919999991e-01
-2.058320555479999925e-01 -6.843140835640000308e-01
-2.089377959010000063e-01 -8.074153019590000202e-01
-1.994393950220000045e-01 -9.129356570300000140e-01
-7.304977686600000464e-02 -4.962914738299999962e-01
-1.106943370399999932e-01 -7.312089762229999623e-01
-1.324425037080000089e-01 -8.673486509560000002e-01
-1.424070029320000097e-01 -1.000000000000000000e+00
2.654379269100000036e-02 -4.644238140470000054e-01
-6.735478430000000271e-04 -6.441401107369999490e-01
-5.328811152000000051e-02 -5.012193415790000550e-01
-7.186719468999999694e-02 -3.976873024199999995e-01
1.180465526889999950e-01 -3.902202092739999739e-01
6.786700111500000576e-02 -5.156506910589999659e-01
-2.692293029999999888e-04 -4.263591344420000206e-01
-2.678937649199999993e-02 -3.373979727649999982e-01
-1.456260390690000128e-01 -1.118298134229999963e-01
-2.049693244409999948e-01 -2.888893815999999948e-01
-1.531458614089999948e-01 -4.601019066390000245e-01
-6.945409085800000049e-02 -5.537712828890000161e-01
-1.769067251239999916e-01 -4.821662124619999767e-01
-2.055220742180000060e-01 -6.827571702079999749e-01
-2.093058199629999894e-01 -8.066382113140000421e-01
-2.017475493520000107e-01 -9.139507580760000138e-01
-7.352142054200000443e-02 -4.960772495060000176e-01
-1.090468124600000033e-01 -7.297007485299999985e-01
-1.305808059780000085e-01 -8.665527161630000030e-01
-1.413966175109999945e-01 -1.000000000000000000e+00
2.519781195200000018e-02 -4.618972955869999897e-01
9.573787090000000343e-04 -6.418794632459999816e-01
-5.612050436899999883e-02 -5.013643338159999852e-01
-7.960812270599999796e-02 -3.970730918529999931e-01
1.149025735210000010e-01 -3.857165735699999987e-01
6.842526430800000004e-02 -5.105924217699999712e-01
-6.160888326000000213e-03 -4.261364638940000060e-01
-3.936594386600000134e-02 -3.401926752939999909e-01
-1.427420716979999893e-01 -1.112596710129999944e-01
-2.012681033640000006e-01 -2.857321528740000005e-01
-1.475727894570000032e-01 -4.527427343359999856e-01
-6.458353563299999711e-02 -5.503793506290000082e-01
-1.735500301440000004e-01 -4.841394559600000203e-01
-2.008069616139999958e-01 -6.835839074370000379e-01
-2.041430619940000080e-01 -8.079172330180000028e-01
-1.956868527349999998e-01 -9.143919836360000497e-01
-7.051156777400000020e-02 -4.960306217409999885e-01
-1.069416818719999968e-01 -7.296409162820000072e-01
-1.281848741050000129e-01 -8.674059906059999880e-01
-1.382632100270000108e-01 -1.000000000000000000e+00
2.837361896299999894e-02 -4.606007882450000035e-01
4.058288507999999878e-03 -6.361281655010000424e-01
-5.164294154299999690e-02 -4.943476001450000101e-01
-7.561294837699999993e-02 -3.914688888499999742e-01
1.190949313759999961e-01 -3.837152983509999893e-01
7.134691057700000283e-02 -5.087859236480000158e-01
-1.749972381000000025e-03 -4.220378094460000007e-01
-3.478152112900000092e-02 -3.353793554649999731e-01
-1.400981460390000044e-01 -1.093803204269999940e-01
-2.009211092909999885e-01 -2.840754812560000175e-01
-1.493325706989999946e-01 -4.509426856009999818e-01
-6.626799400699999454e-02 -5.480114316699999932e-01
-1.720441841129999871e-01 -4.824623282200000141e-01
-1.997336648280000071e-01 -6.816396878310000407e-01
-2.019675064860000091e-01 -8.062542393960000497e-01
-1.924818552850000031e-01 -9.122961862470000405e-01
-7.141196448700000421e-02 -4.944743996079999926e-01
-1.080463781320000066e-01 -7.282675033729999470e-01
-1.278528961540000009e-01 -8.674819487930000017e-01
-1.366479385540000091e-01 -1.000000000000000000e+00
2.581209486700000028e-02 -4.596673156039999819e-01
1.159385177999999912e-03 -6.332139367660000184e-01
-5.347629719699999867e-02 -4.907318638750000073e-01
-7.743250257700000361e-02 -3.874534784909999807e-01
1.161730867439999954e-01 -3.844404285460000237e-01
6.892394853399999577e-02 -5.096778044649999950e-01
-2.710182084999999876e-03 -4.237248734010000129e-01
-3.535503261600000252e-02 -3.373239392849999851e-01
-1.384864933820000032e-01 -1.081931622469999993e-01
-2.017060926960000111e-01 -2.808319607259999739e-01
-1.493046502270000131e-01 -4.477097881279999969e-01
-6.533349749000000317e-02 -5.472735624829999646e-01
-1.743123279740000087e-01 -4.840804752460000082e-01
-2.009041372729999941e-01 -6.867744152139999558e-01
-2.031629439269999893e-01 -8.102527399979999601e-01
-1.936248538800000030e-01 -9.156126858699999982e-01
-7.180928893200000385e-02 -4.962135640870000142e-01
-1.091876026170000014e-01 -7.305276822549999771e-01
-1.284336946769999988e-01 -8.660008084370000025e-01
-1.374385818670000037e-01 -1.000000000000000000e+00
2.607366440800000171e-02 -4.611868632960000047e-01
9.447407010000000291e-04 -6.332293495570000541e-01
-5.076657758400000137e-02 -4.885002257439999829e-01
-7.290734710599999779e-02 -3.857022014270000132e-01
1.165684085489999966e-01 -3.835734967169999732e-01
7.114676636300000523e-02 -5.085382438950000195e-01
2.989243699999999984e-05 -4.213658625630000154e-01
-3.341077709499999659e-02 -3.348621219710000152e-01
-1.376603068289999898e-01 -1.068589337159999986e-01
-2.025098806470000123e-01 -2.754605626439999844e-01
-1.547449831530000042e-01 -4.407056682220000243e-01
-7.447555035200000007e-02 -5.416940853920000354e-01
-1.730962353380000041e-01 -4.824612124350000086e-01
-2.016198017610000004e-01 -6.845395257799999911e-01
-2.044529831959999988e-01 -8.083314803929999570e-01
-1.967512565550000037e-01 -9.145206443450000222e-01
-7.250842318099999517e-02 -4.951160987780000022e-01
-1.094800366859999957e-01 -7.310196204000000142e-01
-1.310968022800000077e-01 -8.680651999890000026e-01
-1.425145596090000022e-01 -1.000000000000000000e+00
2.432309479799999938e-02 -4.612609014330000257e-01
-3.939342890000000104e-03 -6.360162538250000441e-01
-5.576526353599999680e-02 -4.901726990779999849e-01
-7.786841650400000425e-02 -3.873322171060000207e-01
1.155014022769999954e-01 -3.856288046549999904e-01
6.551319839499999964e-02 -5.127919643310000497e-01
-1.724378382999999923e-03 -4.229218587069999979e-01
-3.066948794700000147e-02 -3.338323864669999752e-01
-1.350172963350000088e-01 -1.076763731829999959e-01
-1.999304315409999866e-01 -2.741250380699999933e-01
-1.558401374010000007e-01 -4.374919781250000139e-01
-7.724384363000000309e-02 -5.383417047890000084e-01
-1.705611368019999963e-01 -4.827460341090000218e-01
-2.011239485029999996e-01 -6.818595248200000070e-01
-2.044775545109999981e-01 -8.051270275780000318e-01
-1.963398334739999973e-01 -9.108909029989999961e-01
-7.167088675900000483e-02 -4.951956525949999799e-01
-1.118162540340000011e-01 -7.288294132479999909e-01
-1.332861999019999966e-01 -8.666773514590000449e-01
-1.435790415990000068e-01 -1.000000000000000000e+00
2.461178818299999960e-02 -4.610709490630000018e-01
-4.018017359000000330e-03 -6.322606144210000112e-01
-5.653287407799999914e-02 -4.874719638059999971e-01
-7.970479611099999528e-02 -3.851705572729999805e-01
1.156714463099999951e-01 -3.855237267800000200e-01
6.676336251799999677e-02 -5.109139728760000443e-01
-1.992626803000000207e-03 -4.235297342229999984e-01
-3.264528350200000123e-02 -3.364816897549999797e-01
-1.348632448930000005e-01 -1.055277350339999948e-01
-1.995250108799999922e-01 -2.762129731529999743e-01
-1.494616410269999918e-01 -4.416090169379999764e-01
-6.975852053499999317e-02 -5.446617293579999464e-01
-1.733016422329999862e-01 -4.801522225070000149e-01
-2.013527309860000114e-01 -6.817072303229999575e-01
-2.039326728249999943e-01 -8.051416469900000150e-01
-1.949100633979999886e-01 -9.113085956780000441e-01
-7.217368840900000027e-02 -4.931464450260000243e-01
-1.116416594149999969e-01 -7.290502064299999585e-01
-1.323116071040000008e-01 -8.660077567249999664e-01
-1.427079063879999887e-01 -1.000000000000000000e+00
2.620558149500000142e-02 -4.593155306689999939e-01
-1.654621421000000052e-03 -6.308282459930000252e-01
-5.251763616300000187e-02 -4.862763862939999959e-01
-7.560538788699999735e-02 -3.839550005580000258e-01
1.183563233669999992e-01 -3.837865082169999997e-01
7.016485013600000376e-02 -5.040678954199999673e-01
6.552109909999999805e-04 -4.153516001840000249e-01
-3.278926984600000205e-02 -3.293778840730000046e-01
-1.348514093850000095e-01 -1.056874980729999997e-01
-1.984212045669999924e-01 -2.772001856440000078e-01
-1.478190392710000134e-01 -4.407122246169999924e-01
-6.886847983699999343e-02 -5.429164629570000233e-01
-1.722069601050000009e-01 -4.810345251459999805e-01
-1.991059649989999902e-01 -6.821502614590000402e-01
-2.016849371830000126e-01 -8.059204183970000157e-01
-1.932478411649999894e-01 -9.121877109930000005e-01
-7.082691907700000566e-02 -4.932511426689999978e-01
-1.075756365000000020e-01 -7.285970108179999905e-01
-1.285857349550000028e-01 -8.667069530540000288e-01
-1.395769552159999982e-01 -1.000000000000000000e+00
2.741423914300000070e-02 -4.590364437339999881e-01
-9.151589999999999695e-07 -6.288691498439999972e-01
-5.166191886600000199e-02 -4.873258240139999864e-01
-7.456656185700000217e-02 -3.864997312139999974e-01
1.192738028539999939e-01 -3.839908657200000186e-01
7.148222804400000685e-02 -5.041959394330000066e-01
5.976817120000000542e-04 -4.177919130020000260e-01
-3.375043624299999684e-02 -3.332733627180000102e-01
-1.338553930280000082e-01 -1.074441879270000011e-01
-1.966405423120000107e-01 -2.763580241829999840e-01
-1.477224232759999922e-01 -4.398002412309999776e-01
-6.717311274899999407e-02 -5.411519565539999466e-01
-1.691122395870000017e-01 -4.845376532139999970e-01
-1.969321111200000030e-01 -6.886190420409999957e-01
-1.998650613119999919e-01 -8.119567688879999467e-01
-1.911945387550000042e-01 -9.175324436899999769e-01
-6.742072143900000591e-02 -4.958996783499999839e-01
-1.039615697549999968e-01 -7.315378955779999748e-01
-1.240131557309999966e-01 -8.669630727520000191e-01
-1.334750159030000105e-01 -1.000000000000000000e+00
2.974701202300000097e-02 -4.602396142769999976e-01
4.862088869999999646e-03 -6.313389677220000440e-01
-4.795038590100000192e-02 -4.887559095339999993e-01
-7.110335259399999663e-02 -3.875165089809999852e-01
1.210076602449999955e-01 -3.818145154479999914e-01
7.632206236400000676e-02 -5.076382785049999846e-01
5.237692547999999934e-03 -4.226194118719999726e-01
-2.817355065700000161e-02 -3.370987504919999989e-01
-1.378024051739999978e-01 -1.067065995609999957e-01
-1.999610149250000135e-01 -2.801175119159999838e-01
-1.461259991839999883e-01 -4.441820067960000062e-01
-6.457944010400000490e-02 -5.450449286730000287e-01
-1.714803538999999932e-01 -4.844156372319999848e-01
-1.968610431270000072e-01 -6.834283598000000515e-01
-1.986146214529999898e-01 -8.084930293550000036e-01
-1.885383936039999875e-01 -9.154620573049999654e-01
-6.888449350700000251e-02 -4.963083351059999759e-01
-1.036195450059999995e-01 -7.304181253429999909e-01
-1.227687336700000048e-01 -8.689056444520000255e-01
-1.305059681550000128e-01 -1.000000000000000000e+00
2.975027329000000040e-02 -4.610435099429999739e-01
5.564859674999999596e-03 -6.290767654290000399e-01
-4.871231470600000113e-02 -4.863755581079999835e-01
-7.381588044299999818e-02 -3.845262588400000237e-01
1.209319016250000045e-01 -3.851438697599999794e-01
7.316012892999999850e-02 -5.041315178740000125e-01
1.763245424999999910e-03 -4.162639264549999885e-01
-3.291055333799999816e-02 -3.312102107229999981e-01
