-1.466493146989999996e-01 -1.132262563219999935e-01
-2.091538817340000134e-01 -2.802466112970000145e-01
-1.516789819219999946e-01 -4.517777160270000092e-01
-4.995877640000000175e-02 -5.331281138569999856e-01
-1.742794007790000044e-01 -4.758480462079999751e-01
-2.181935898590000034e-01 -6.815248391470000167e-01
-2.287136862649999935e-01 -8.070224122679999779e-01
-2.245994920949999918e-01 -9.148889492389999933e-01
-6.876398797900000470e-02 -4.978783113610000255e-01
-1.201344921799999965e-01 -7.341455327350000504e-01
-1.491109511460000092e-01 -8.668525401919999762e-01
-1.645267554070000138e-01 -1.000000000000000000e+00
2.950061491200000122e-02 -4.724866241280000212e-01
7.244226799999999499e-05 -6.602002558089999917e-01
-4.833473616700000031e-02 -5.227481117209999972e-01
-6.586248745900000201e-02 -4.218746907600000040e-01
1.191858654429999997e-01 -4.027060632710000032e-01
7.114447003799999336e-02 -5.440040345809999955e-01
1.052931276499999985e-02 -4.622473885799999738e-01
-9.938821440000000437e-03 -3.706476704330000094e-01
-1.455281148660000079e-01 -1.129195057740000063e-01
-2.075667900179999914e-01 -2.843948525339999867e-01
-1.471060697699999864e-01 -4.561388640549999818e-01
-4.401349107900000279e-02 -5.342825037209999461e-01
-1.728607795409999870e-01 -4.786727541660000251e-01
-2.174945048069999998e-01 -6.813537434730000397e-01
-2.286377634800000058e-01 -8.062439618540000463e-01
-2.251424111850000020e-01 -9.137360203159999861e-01
-6.711220588900000672e-02 -5.010700904870000194e-01
-1.188333718240000003e-01 -7.348417120269999936e-01
-1.478990150220000077e-01 -8.669461031659999595e-01
-1.633448217909999889e-01 -1.000000000000000000e+00
3.208281972000000259e-02 -4.750702153890000168e-01
3.580157032999999912e-03 -6.646562495150000194e-01
-4.181748148400000337e-02 -5.247800700200000446e-01
-5.639556953199999917e-02 -4.219981532970000226e-01
1.226181220319999959e-01 -4.049972483870000195e-01
7.469766133100000371e-02 -5.425966931179999619e-01
1.499557324899999933e-02 -4.594652774899999903e-01
-4.327193162999999794e-03 -3.696287270949999981e-01
-1.475120112290000118e-01 -1.181176101690000063e-01
-2.061134255289999995e-01 -2.854330001529999938e-01
-1.457154605750000109e-01 -4.574290010539999729e-01
-4.139983905599999708e-02 -5.355782830669999495e-01
-1.716615956130000120e-01 -4.805927710710000134e-01
-2.159007881929999872e-01 -6.850183353580000523e-01
-2.277424227110000088e-01 -8.093105532640000321e-01
-2.246484813749999865e-01 -9.160825415090000368e-01
-6.474212828500000572e-02 -5.027289015810000317e-01
-1.172500812160000017e-01 -7.360539314349999751e-01
-1.454596417890000049e-01 -8.665046005419999586e-01
-1.598091061420000014e-01 -1.000000000000000000e+00
3.379384631599999939e-02 -4.760914347369999966e-01
6.307427037000000285e-03 -6.662528775420000215e-01
-4.194583199500000192e-02 -5.295965046160000522e-01
-5.804104134600000103e-02 -4.288944633360000092e-01
1.231408375300000052e-01 -4.037566585899999838e-01
7.646024574899999704e-02 -5.480624580559999570e-01
1.489380666699999939e-02 -4.667946711809999871e-01
-4.623706344000000357e-03 -3.747584073570000007e-01
-1.504782852719999953e-01 -1.206325601140000037e-01
-2.074815642239999924e-01 -2.858646586779999832e-01
-1.465671205659999921e-01 -4.591852708599999944e-01
-4.073126412499999960e-02 -5.355032553040000032e-01
-1.707556103100000000e-01 -4.770146443420000271e-01
-2.154230772419999940e-01 -6.828653496119999611e-01
-2.274721300249999967e-01 -8.082086375550000534e-01
-2.242693863880000082e-01 -9.162174053820000275e-01
-6.463524020100000489e-02 -4.992941192320000110e-01
-1.153879481119999967e-01 -7.337692264620000460e-01
-1.443482171090000044e-01 -8.664458008619999596e-01
-1.591201353070000046e-01 -1.000000000000000000e+00
3.389022055799999905e-02 -4.735877647889999986e-01
7.432470459000000383e-03 -6.630280579709999511e-01
-4.511694575599999729e-02 -5.296572236250000065e-01
-6.411191020600000290e-02 -4.291595071589999755e-01
1.226530534620000057e-01 -4.038590394209999879e-01
7.755998091799999605e-02 -5.486916258920000455e-01
1.215512787700000034e-02 -4.715026692100000028e-01
-1.089884396699999924e-02 -3.805973523889999988e-01
-1.487253707990000007e-01 -1.159081759329999989e-01
-2.057894469950000138e-01 -2.819683525850000261e-01
-1.476396393670000029e-01 -4.535384607629999731e-01
-4.387014479500000314e-02 -5.337866039330000367e-01
-1.711518295420000058e-01 -4.782284709069999917e-01
-2.136658606469999944e-01 -6.820705548929999473e-01
-2.248560608800000138e-01 -8.077383788999999981e-01
-2.206558485750000076e-01 -9.148519453319999828e-01
-6.526253358099999569e-02 -4.995718597370000236e-01
-1.150453116510000012e-01 -7.344471367799999539e-01
-1.428470571029999969e-01 -8.665503022780000064e-01
-1.577004592659999871e-01 -1.000000000000000000e+00
3.235980591600000345e-02 -4.731953434069999798e-01
8.448303925999999658e-03 -6.640187359689999624e-01
-4.438174467299999676e-02 -5.338593054110000180e-01
-6.589566679599999366e-02 -4.348137539429999809e-01
1.201715922970000017e-01 -4.020165624889999734e-01
7.917395432399999822e-02 -5.474905383020000071e-01
1.641672206799999964e-02 -4.734447977260000107e-01
-6.193661607999999784e-03 -3.850132417550000130e-01
-1.500563400090000055e-01 -1.161905982199999965e-01
-2.098636295090000048e-01 -2.806473289409999738e-01
-1.500224411540000136e-01 -4.514076471440000016e-01
-4.612374170800000173e-02 -5.278878414850000089e-01
-1.738624282319999881e-01 -4.797040427920000183e-01
-2.166766258579999882e-01 -6.838499625459999454e-01
-2.273267593130000042e-01 -8.087849078929999491e-01
-2.229446588289999975e-01 -9.155016881799999950e-01
-6.769070954200000212e-02 -5.012296192249999782e-01
-1.170064156950000045e-01 -7.338185022759999843e-01
-1.439406273899999922e-01 -8.674113779259999824e-01
-1.562323297310000136e-01 -1.000000000000000000e+00
3.195665818099999861e-02 -4.744603557659999860e-01
5.895510371999999888e-03 -6.610724576240000205e-01
-4.396184784900000059e-02 -5.268678451460000467e-01
-6.098723904500000237e-02 -4.251613464830000244e-01
1.223045569659999970e-01 -4.043104358349999816e-01
7.825755508100000479e-02 -5.444075560550000192e-01
1.595078627099999827e-02 -4.661198904839999879e-01
-4.449785946000000061e-03 -3.760019174179999868e-01
-1.466380190209999879e-01 -1.165146748680000038e-01
-2.054052858940000059e-01 -2.814170905830000180e-01
-1.459050201290000015e-01 -4.501175810090000118e-01
-4.096962397500000103e-02 -5.247296601269999528e-01
-1.671113955269999951e-01 -4.845093915909999827e-01
-2.105260694019999990e-01 -6.856277394399999947e-01
-2.218515114350000095e-01 -8.106136530690000175e-01
-2.177027580070000079e-01 -9.172053469659999791e-01
-6.000475242299999762e-02 -5.051603494299999886e-01
-1.099150903470000051e-01 -7.361089772400000175e-01
-1.367782363629999887e-01 -8.676744950229999809e-01
-1.496665182169999997e-01 -1.000000000000000000e+00
3.970579874499999967e-02 -4.776896423129999847e-01
1.598908826599999833e-02 -6.689005338100000309e-01
-3.604342696900000170e-02 -5.330605004970000449e-01
-5.521011281299999934e-02 -4.296218693569999747e-01
1.284888372770000009e-01 -4.056096412030000264e-01
8.432222757700000293e-02 -5.473642158470000130e-01
1.865678460500000066e-02 -4.685561749230000017e-01
-4.435895423000000073e-03 -3.783576323930000207e-01
-1.459553561190000126e-01 -1.192822078839999994e-01
-2.020688485159999881e-01 -2.851370631740000050e-01
-1.448905832210000133e-01 -4.561951806089999950e-01
-3.977947385200000102e-02 -5.316452207720000489e-01
-1.683621648220000044e-01 -4.830378407340000235e-01
-2.121691614050000008e-01 -6.889330114239999858e-01
-2.224719109330000055e-01 -8.148070097020000402e-01
-2.159745544499999947e-01 -9.211203359399999790e-01
-6.192145183100000033e-02 -5.018509636510000149e-01
-1.127645684080000044e-01 -7.367489754489999765e-01
-1.384389056139999907e-01 -8.676958572380000234e-01
-1.490980964520000063e-01 -1.000000000000000000e+00
3.580251814200000049e-02 -4.727177017690000205e-01
1.337848855899999995e-02 -6.613500501160000100e-01
-4.221722563900000280e-02 -5.285429340549999688e-01
-6.404344066700000393e-02 -4.287506043809999889e-01
1.228587570689999992e-01 -3.985540866119999803e-01
8.045356257699999569e-02 -5.430535620209999692e-01
1.421601888500000077e-02 -4.680397466899999803e-01
-9.246432560000000106e-03 -3.793137566479999889e-01
-1.493322216040000039e-01 -1.207156691719999952e-01
-2.079571246559999975e-01 -2.823417895559999780e-01
-1.492955124910000098e-01 -4.541990432749999917e-01
-4.060635022100000241e-02 -5.219839381049999893e-01
-1.732558259479999863e-01 -4.829298830370000184e-01
-2.189283710480000034e-01 -6.882951925370000001e-01
-2.296627227980000130e-01 -8.129443724549999528e-01
-2.238884299309999992e-01 -9.193972020739999973e-01
-6.740164157200000117e-02 -5.039990306099999540e-01
-1.201499946719999934e-01 -7.354610621010000404e-01
-1.451207925169999968e-01 -8.657645135139999670e-01
-1.554000749420000049e-01 -1.000000000000000000e+00
3.028937490100000116e-02 -4.763419745629999813e-01
8.799393608000000144e-03 -6.618528258579999823e-01
-4.336816286100000223e-02 -5.229884916929999905e-01
-6.335706186799999751e-02 -4.229897481229999978e-01
1.164198035039999968e-01 -4.042280465659999766e-01
7.277235906100000540e-02 -5.480468461120000523e-01
5.327374876999999703e-03 -4.670812435350000236e-01
-1.944146663099999978e-02 -3.756441837969999864e-01
-1.520609619559999959e-01 -1.175562507699999953e-01
-2.124066410809999916e-01 -2.817864723180000253e-01
-1.504114100600000004e-01 -4.512120631800000115e-01
-4.223535349000000216e-02 -5.215775644250000287e-01
-1.754243023840000026e-01 -4.797513979490000136e-01
-2.203683165389999921e-01 -6.812970554310000537e-01
-2.309772280759999907e-01 -8.061227705719999914e-01
-2.269843479689999943e-01 -9.137901283499999527e-01
-6.797668274199999972e-02 -5.011184393349999988e-01
-1.207210552609999932e-01 -7.332252819029999591e-01
-1.488575203289999871e-01 -8.661373830240000071e-01
-1.623259747780000095e-01 -1.000000000000000000e+00
3.252899981500000093e-02 -4.734102824329999848e-01
6.859304376999999890e-03 -6.644783946419999809e-01
-4.471958033799999788e-02 -5.240889500769999598e-01
-6.261799397099999942e-02 -4.208709405569999729e-01
1.226468908830000010e-01 -4.004660484700000023e-01
7.447212118399999803e-02 -5.402843966789999675e-01
1.151691244000000065e-02 -4.541706807340000207e-01
-7.618933036999999894e-03 -3.609964370779999987e-01
-1.478474399299999908e-01 -1.140920784960000045e-01
-2.064561144979999985e-01 -2.781174763020000107e-01
-1.410784286369999863e-01 -4.435944772529999969e-01
-3.135662618400000129e-02 -5.111781020279999588e-01
-1.703269111490000043e-01 -4.805250935609999829e-01
-2.141917322720000016e-01 -6.806036599720000080e-01
-2.246627944550000089e-01 -8.038038200349999496e-01
-2.196465900089999979e-01 -9.078778555209999768e-01
-6.265748226799999765e-02 -5.000528983359999735e-01
-1.148760209640000002e-01 -7.328131106249999860e-01
-1.423027178200000076e-01 -8.661189060599999712e-01
-1.555558500229999863e-01 -1.000000000000000000e+00
3.762477907299999896e-02 -4.702885988400000161e-01
1.529387759600000021e-02 -6.581653671820000273e-01
-3.495729741800000095e-02 -5.174609594829999715e-01
-5.361344035699999733e-02 -4.162980893820000250e-01
1.269638374790000024e-01 -3.943306531649999891e-01
8.182614001299999551e-02 -5.322270250080000098e-01
2.191708507300000122e-02 -4.443952975139999761e-01
4.186257290000000228e-03 -3.521148602160000252e-01
-1.517412552709999918e-01 -1.171411904489999961e-01
-2.118468242079999952e-01 -2.799689680419999993e-01
-1.500470879040000094e-01 -4.461648545410000222e-01
-4.305186225899999830e-02 -5.148993099080000357e-01
-1.768043335139999894e-01 -4.815993195309999919e-01
-2.216429047790000051e-01 -6.825573458379999847e-01
-2.314608495830000057e-01 -8.088829550380000066e-01
-2.271987364620000061e-01 -9.171684529450000456e-01
-6.765500064299999339e-02 -5.006800157980000332e-01
-1.185032700519999954e-01 -7.341772334260000532e-01
-1.451524374220000135e-01 -8.676406250510000362e-01
-1.587189400940000050e-01 -1.000000000000000000e+00
3.406741367499999812e-02 -4.714117731360000230e-01
9.109843070000000001e-03 -6.598476105299999617e-01
-4.062685322500000223e-02 -5.187192796399999750e-01
-5.853772825300000010e-02 -4.154333183889999948e-01
1.247602684959999986e-01 -3.988550599199999769e-01
7.642834920499999574e-02 -5.353199955580000280e-01
1.574820854900000136e-02 -4.470471356860000189e-01
-2.906671883999999931e-03 -3.542138034749999775e-01
-1.488418377229999978e-01 -1.103502328250000053e-01
-2.104449794450000133e-01 -2.761546736320000250e-01
-1.443570100530000011e-01 -4.391252680839999867e-01
-3.318460304200000072e-02 -5.068604366019999752e-01
-1.753645690089999931e-01 -4.844574107619999959e-01
-2.179144046929999967e-01 -6.835998307839999955e-01
-2.269067531579999908e-01 -8.080756449929999974e-01
-2.210702732700000062e-01 -9.124196510950000061e-01
-6.642910012800000430e-02 -5.029319856549999690e-01
-1.173643278520000027e-01 -7.339018949100000189e-01
-1.413370179740000010e-01 -8.668240818769999967e-01
-1.511998340809999897e-01 -1.000000000000000000e+00
3.493962273899999665e-02 -4.715420588290000214e-01
1.961671085599999906e-02 -6.544621966400000490e-01
-2.642368877799999849e-02 -5.108256368639999545e-01
-4.509081653299999715e-02 -4.094454545330000195e-01
1.257558871159999980e-01 -3.939096393620000192e-01
8.531054243600000309e-02 -5.274292990600000230e-01
3.002348456200000168e-02 -4.356201963399999877e-01
1.276262494200000076e-02 -3.435737472379999935e-01
-1.463328220260000090e-01 -1.172151087570000028e-01
-2.071758984900000100e-01 -2.770304290760000065e-01
-1.463571000499999941e-01 -4.440244365020000195e-01
-3.639658917799999671e-02 -5.184788973559999459e-01
-1.721486961250000003e-01 -4.883361648139999955e-01
-2.165794930390000095e-01 -6.900970291629999753e-01
-2.259463349109999963e-01 -8.150954820679999768e-01
-2.194672352760000111e-01 -9.198618384669999815e-01
-6.326900482199999953e-02 -5.063278584570000129e-01
-1.194802091940000005e-01 -7.366994645140000353e-01
-1.409578130599999923e-01 -8.659762477860000196e-01
-1.498294727570000096e-01 -1.000000000000000000e+00
3.642268525700000092e-02 -4.749401499870000154e-01
1.835183630599999949e-02 -6.610760923459999550e-01
-2.422222323799999924e-02 -5.160696671309999983e-01
-4.173095762799999831e-02 -4.138584608290000189e-01
1.264142700399999986e-01 -3.972266162040000159e-01
8.640014347499999636e-02 -5.411866809809999790e-01
3.050841327899999830e-02 -4.505608747879999987e-01
1.161594342800000013e-02 -3.554609756850000135e-01
-1.493772540609999977e-01 -1.196624914150000024e-01
-2.093395871900000094e-01 -2.726854587570000099e-01
-1.480327976470000029e-01 -4.358790738780000118e-01
-3.782176081000000051e-02 -5.032524162379999888e-01
-1.742643603569999922e-01 -4.933997003230000122e-01
-2.133149179359999925e-01 -6.918063350069999506e-01
-2.188375337719999925e-01 -8.165041526249999793e-01
-2.090748804660000071e-01 -9.210572432189999548e-01
-6.694311742099999518e-02 -5.087857160530000478e-01
-1.196714782000000005e-01 -7.354683791970000328e-01
-1.383435967009999934e-01 -8.651378364830000223e-01
-1.454350881669999873e-01 -1.000000000000000000e+00
3.426304962199999693e-02 -4.751714121410000047e-01
2.246993937800000063e-02 -6.530922254059999821e-01
-2.002709195700000042e-02 -5.052847094850000387e-01
-3.910592507800000200e-02 -4.026948001449999759e-01
1.260025708049999915e-01 -3.978835871079999809e-01
9.297196274699999485e-02 -5.380556467570000168e-01
3.569695654200000234e-02 -4.463212449810000093e-01
1.392904365699999987e-02 -3.521594931190000222e-01
-1.469415597210000091e-01 -1.164785128300000056e-01
-2.078617906999999931e-01 -2.692033415830000220e-01
-1.459014650969999993e-01 -4.318153468929999961e-01
-3.591393364900000162e-02 -5.023443818570000330e-01
-1.738967416130000054e-01 -4.891009712159999911e-01
-2.139280229909999997e-01 -6.888534806870000304e-01
-2.198326963130000089e-01 -8.127791512269999519e-01
-2.095554773570000029e-01 -9.164476169590000110e-01
-6.622628988400000583e-02 -5.056962188360000221e-01
-1.185600571610000015e-01 -7.342891612120000522e-01
-1.358108049900000058e-01 -8.643674159569999516e-01
-1.416179677130000036e-01 -1.000000000000000000e+00
3.434972646599999957e-02 -4.734920021049999761e-01
2.310929305200000103e-02 -6.514199469439999612e-01
-1.648825144500000103e-02 -5.027026213080000305e-01
-3.433186150700000272e-02 -4.017767448919999929e-01
1.257732558040000059e-01 -3.959444440129999965e-01
9.198034362199999925e-02 -5.370970931370000478e-01
3.771685651400000228e-02 -4.429320530190000160e-01
1.760367757099999889e-02 -3.475858514660000176e-01
-1.493609951440000028e-01 -1.167918263310000065e-01
-2.100764086649999918e-01 -2.702498508839999980e-01
-1.457869156209999906e-01 -4.310005026909999870e-01
-3.531425944199999972e-02 -5.005165190360000294e-01
-1.771216390479999903e-01 -4.923910374259999889e-01
-2.148061226209999897e-01 -6.873568779249999983e-01
-2.197427361859999873e-01 -8.114055412139999923e-01
-2.092015903960000034e-01 -9.164564403949999605e-01
-6.898756025799999969e-02 -5.091073579129999915e-01
-1.205548964110000065e-01 -7.356683539410000527e-01
-1.385716254400000125e-01 -8.657695816610000428e-01
-1.450816771669999894e-01 -1.000000000000000000e+00
3.373792913499999713e-02 -4.766945317890000089e-01
2.225583506599999872e-02 -6.513097517000000503e-01
-1.632652051000000118e-02 -5.023137091139999733e-01
-3.340355266899999731e-02 -4.003051936099999986e-01
1.280105822479999933e-01 -4.000977934370000266e-01
9.412297070000000265e-02 -5.363863206150000229e-01
4.059381467200000315e-02 -4.418059182379999728e-01
2.050664347299999829e-02 -3.471115542209999849e-01
-1.473626896620000015e-01 -1.154342536869999991e-01
-2.097863163500000017e-01 -2.705440468499999973e-01
-1.452891681640000043e-01 -4.320743553909999757e-01
-3.551971720000000193e-02 -5.039378196929999998e-01
-1.751230512649999960e-01 -4.939424425669999841e-01
-2.131337780729999909e-01 -6.912582082279999929e-01
-2.197599119699999992e-01 -8.158753666720000020e-01
-2.110212499000000130e-01 -9.207070559950000233e-01
-6.682915836199999904e-02 -5.102352306709999619e-01
-1.180271696219999944e-01 -7.366381822090000142e-01
-1.351424873690000028e-01 -8.660433683379999970e-01
-1.410891716619999958e-01 -1.000000000000000000e+00
3.484046207400000317e-02 -4.786800807950000181e-01
2.454606155600000048e-02 -6.554891705840000249e-01
-1.311924503099999931e-02 -5.047102018669999968e-01
-3.048624473599999968e-02 -4.019446161060000189e-01
1.278757021739999888e-01 -4.030023804489999972e-01
9.530678159500000080e-02 -5.421684452420000300e-01
4.181001584999999993e-02 -4.461235095519999749e-01
2.058199431599999976e-02 -3.499890585439999757e-01
-1.468233331869999991e-01 -1.143565648729999995e-01
-2.096370443439999898e-01 -2.671843960620000069e-01
-1.454222259869999978e-01 -4.253190735360000141e-01
-3.532824809000000010e-02 -4.942211024670000175e-01
-1.773022000920000119e-01 -4.982735819599999894e-01
-2.145166162719999992e-01 -6.925952137430000377e-01
-2.200277941790000080e-01 -8.157225104599999943e-01
-2.093090199629999981e-01 -9.186447916590000373e-01
-6.880869433099999488e-02 -5.131586508640000321e-01
-1.197996043370000013e-01 -7.376933203359999913e-01
-1.353242314939999968e-01 -8.660303618710000206e-01
-1.394075713950000128e-01 -1.000000000000000000e+00
3.341088475899999660e-02 -4.790034610389999892e-01
2.577787238699999831e-02 -6.519795954660000392e-01
-1.310261522599999971e-02 -4.997242443900000164e-01
-3.215997790300000048e-02 -3.983586838620000181e-01
1.262198668229999876e-01 -3.993945723539999992e-01
9.376530595000000246e-02 -5.354796831289999615e-01
4.079327489799999817e-02 -4.369362595419999939e-01
1.998278430099999919e-02 -3.414410686380000004e-01
-1.453664678430000023e-01 -1.155537609269999960e-01
-2.067784339269999883e-01 -2.704173098730000002e-01
-1.413504377210000051e-01 -4.307830400409999871e-01
-3.109846962499999978e-02 -5.053577516870000341e-01
-1.743846832150000026e-01 -4.964348995849999779e-01
-2.121113499030000127e-01 -6.906003650449999975e-01
-2.187079492990000040e-01 -8.142015663539999837e-01
-2.085451120279999959e-01 -9.181009377180000541e-01
-6.435381505600000496e-02 -5.130382460050000315e-01
-1.158856480950000017e-01 -7.375043957950000451e-01
-1.329991070450000090e-01 -8.656668405240000030e-01
-1.386383417579999944e-01 -1.000000000000000000e+00
3.789727176600000275e-02 -4.806223880900000189e-01
2.969700697400000020e-02 -6.554034378119999449e-01
-9.110595843999999208e-03 -5.041522392399999664e-01
-2.706750597600000169e-02 -4.035112936610000256e-01
1.320564944529999951e-01 -4.018497364240000147e-01
1.006989769849999938e-01 -5.397548001409999685e-01
4.807850379200000190e-02 -4.419306806059999926e-01
2.785602410900000006e-02 -3.465777945960000217e-01
-1.446141033309999990e-01 -1.149552594560000057e-01
-2.064228421519999912e-01 -2.707710546229999959e-01
-1.399893436949999903e-01 -4.294202799269999926e-01
-2.922409755699999917e-02 -5.024127711450000477e-01
-1.767526783510000032e-01 -5.014760820970000088e-01
-2.107884394689999996e-01 -6.917648878779999455e-01
-2.144593771970000062e-01 -8.151867700060000388e-01
-2.016337071879999998e-01 -9.174215902569999859e-01
-6.672392268200000309e-02 -5.167043297550000247e-01
-1.172876368809999958e-01 -7.382824380319999991e-01
-1.320845870429999958e-01 -8.658392357569999476e-01
-1.357200352750000116e-01 -1.000000000000000000e+00
3.613094856199999816e-02 -4.827909462070000268e-01
3.221550601099999744e-02 -6.519097951590000495e-01
-5.083286141000000098e-03 -4.999054216070000223e-01
-2.394534105900000126e-02 -3.986132563109999749e-01
1.307505602740000050e-01 -4.031848095169999757e-01
1.022660960650000062e-01 -5.372514125639999971e-01
5.071885558300000263e-02 -4.386839560590000131e-01
2.895022211700000112e-02 -3.438796932809999873e-01
-1.453799630579999946e-01 -1.133705969269999947e-01
-2.084434115890000105e-01 -2.683576861670000091e-01
-1.417526174560000130e-01 -4.262259345559999968e-01
-3.289494147299999727e-02 -5.000870169790000430e-01
-1.783406534810000055e-01 -4.955288413500000266e-01
-2.113177393160000084e-01 -6.864381121070000091e-01
-2.156744577080000058e-01 -8.094769834130000064e-01
-2.037051931399999904e-01 -9.122673529649999447e-01
-6.908248887500000046e-02 -5.122453864579999960e-01
-1.168127412879999966e-01 -7.378662550079999605e-01
-1.330708561629999898e-01 -8.665414257910000195e-01
-1.384423613630000049e-01 -1.000000000000000000e+00
3.314095631100000272e-02 -4.794765613979999896e-01
3.164309038399999718e-02 -6.432131127160000128e-01
-5.358623090000000366e-03 -4.919392498099999789e-01
-2.469782076700000051e-02 -3.934553528449999948e-01
1.273950459729999984e-01 -4.005782394310000161e-01
1.036518257930000020e-01 -5.298645994059999476e-01
5.104881774500000247e-02 -4.324895676869999761e-01
2.615704036399999974e-02 -3.408249075759999802e-01
-1.445515996589999963e-01 -1.163270500720000045e-01
-2.052522877569999959e-01 -2.688694137459999856e-01
-1.385699558759999894e-01 -4.273110973370000121e-01
-2.921357821200000135e-02 -5.031319634449999967e-01
-1.741968279509999995e-01 -4.931296554510000152e-01
-2.057798291229999965e-01 -6.876628743220000173e-01
-2.104989507470000076e-01 -8.106899170439999525e-01
-1.995685142889999930e-01 -9.137108393830000175e-01
-6.513450389500000104e-02 -5.097043332070000377e-01
-1.101611735539999998e-01 -7.365005678880000017e-01
-1.268645885640000137e-01 -8.654373359289999623e-01
-1.333947238150000048e-01 -1.000000000000000000e+00
3.637625606400000239e-02 -4.772093061739999809e-01
3.571526924300000294e-02 -6.465915391040000237e-01
-2.264449582999999815e-03 -4.956839519069999866e-01
-2.184502104499999944e-02 -3.966923858409999726e-01
1.306318317750000124e-01 -3.980195970079999923e-01
1.079834217280000036e-01 -5.346671025510000286e-01
5.387811507200000044e-02 -4.385929773059999981e-01
2.848246984299999951e-02 -3.451484518699999837e-01
-1.439470254269999971e-01 -1.177350818230000068e-01
-2.020003093920000048e-01 -2.740817707090000277e-01
-1.272722882510000098e-01 -4.306498630930000182e-01
-1.405177574600000034e-02 -5.014710859209999816e-01
-1.751916354599999948e-01 -4.979727926540000182e-01
-2.066107050429999981e-01 -6.890510070419999522e-01
-2.098119956729999902e-01 -8.121797545250000194e-01
-1.955798607769999864e-01 -9.141338742760000136e-01
-6.392195157299999930e-02 -5.137628148230000136e-01
-1.105341725319999996e-01 -7.375697253509999607e-01
-1.243781700419999969e-01 -8.659312480190000105e-01
-1.266415369059999962e-01 -1.000000000000000000e+00
3.897125781699999764e-02 -4.795419416989999961e-01
4.349417085300000263e-02 -6.418373641710000133e-01
7.190851881000000223e-03 -4.937889660570000117e-01
-1.145786281400000030e-02 -3.953837497000000090e-01
1.345196498550000064e-01 -3.985031201920000155e-01
1.187490682670000047e-01 -5.300695575289999795e-01
6.434722833400000064e-02 -4.366999012109999967e-01
3.657579613599999668e-02 -3.457453719019999983e-01
-1.420660704629999882e-01 -1.212142550649999984e-01
-1.947336937680000102e-01 -2.812743232170000218e-01
-1.158846345940000022e-01 -4.376090412259999729e-01
2.923284508000000090e-03 -5.061526972219999587e-01
-1.648347782329999955e-01 -4.974813776290000211e-01
-1.951627599480000030e-01 -6.877574052920000236e-01
-1.991864373480000117e-01 -8.094522322770000278e-01
-1.861061484919999953e-01 -9.096504765380000190e-01
-5.465148426500000128e-02 -5.114122064770000309e-01
-9.800196383699999458e-02 -7.356067249700000144e-01
-1.116919226960000067e-01 -8.650324189979999856e-01
-1.150125967970000024e-01 -1.000000000000000000e+00
4.610656509899999783e-02 -4.755442706440000111e-01
5.266272859099999787e-02 -6.426784242149999882e-01
1.372997870799999923e-02 -4.954564678180000126e-01
-6.337597825000000108e-03 -3.970691286859999725e-01
1.394890313490000089e-01 -3.927798574290000122e-01
1.262374135980000034e-01 -5.322221386969999690e-01
6.991487119000000527e-02 -4.395733789519999934e-01
4.113573272800000180e-02 -3.480071575179999877e-01
-1.417914709199999956e-01 -1.184900378790000042e-01
-1.976119100619999902e-01 -2.780957424630000063e-01
-1.170068846350000025e-01 -4.340485378069999789e-01
1.104431995000000047e-03 -5.030943260160000152e-01
-1.721897103979999899e-01 -5.062750166770000337e-01
-2.023416112710000048e-01 -6.941769269830000422e-01
-2.033561366340000121e-01 -8.177603286539999461e-01
-1.860992405830000085e-01 -9.181100334420000397e-01
-5.850338664799999838e-02 -5.187546973950000195e-01
-1.062625410879999982e-01 -7.370704068719999835e-01
-1.177426437689999966e-01 -8.645613233440000434e-01
-1.173113146149999952e-01 -1.000000000000000000e+00
4.490104209399999741e-02 -4.810906103109999776e-01
5.219469673600000276e-02 -6.342507609249999900e-01
1.302195966699999999e-02 -4.845595588919999752e-01
-8.329362341000000683e-03 -3.878828462030000090e-01
1.391423984519999935e-01 -3.974793631920000014e-01
1.253640957640000109e-01 -5.258494162169999875e-01
6.900712557400000280e-02 -4.314586422739999927e-01
3.916697525099999827e-02 -3.419294233219999923e-01
-1.444527666909999897e-01 -1.232829233430000060e-01
-1.941000857400000112e-01 -2.856559459410000223e-01
-1.066904229909999974e-01 -4.377250471010000199e-01
1.241624580100000007e-02 -5.015207364339999696e-01
-1.691485994270000015e-01 -5.067930657429999819e-01
-1.998729554810000086e-01 -6.945181023299999978e-01
-2.020836102999999939e-01 -8.203158123570000182e-01
-1.852303253539999972e-01 -9.222240582659999575e-01
-5.464989149700000270e-02 -5.185444384049999744e-01
-9.971824132699999566e-02 -7.372013427950000475e-01
-1.114647913949999986e-01 -8.677947864420000323e-01
-1.100784076739999978e-01 -1.000000000000000000e+00
4.970005916499999760e-02 -4.812295865999999811e-01
5.773938002000000153e-02 -6.358358069809999513e-01
1.454637450899999920e-02 -4.891582681680000100e-01
-7.628054494999999754e-03 -3.904767163949999786e-01
1.448680705719999906e-01 -4.003124536450000104e-01
1.306561934500000133e-01 -5.295441592699999811e-01
7.091291332499999323e-02 -4.365376795109999764e-01
4.004791696099999770e-02 -3.462317965110000006e-01
-1.425244318639999896e-01 -1.219896696229999938e-01
-1.942600345459999933e-01 -2.828490604439999889e-01
-1.065164557459999939e-01 -4.347951333260000051e-01
1.413984248099999994e-02 -4.966583533969999853e-01
-1.669151215709999969e-01 -5.114718020920000496e-01
-1.935801496379999931e-01 -6.970782473469999685e-01
-1.933933515100000056e-01 -8.213098712209999652e-01
-1.751488057489999917e-01 -9.209319440619999630e-01
-5.208707002799999736e-02 -5.226901542290000036e-01
-9.685789866800000036e-02 -7.385200565349999691e-01
-1.089420129669999987e-01 -8.669933150319999449e-01
-1.082609560349999944e-01 -1.000000000000000000e+00
5.136605269700000170e-02 -4.842256180930000209e-01
6.107112792200000001e-02 -6.329598459090000073e-01
1.853328197600000171e-02 -4.835884562109999951e-01
-4.457370555000000380e-03 -3.862152023259999845e-01
1.456522959079999957e-01 -4.016065420309999912e-01
1.337382784110000000e-01 -5.293907766319999597e-01
7.455781877799999569e-02 -4.343887762399999963e-01
4.304619692899999683e-02 -3.442107384249999957e-01
-1.396217133190000015e-01 -1.222738696629999955e-01
-1.914984426490000113e-01 -2.848155925199999938e-01
-1.022826474219999948e-01 -4.352087770570000069e-01
1.900834268499999868e-02 -4.993746191469999873e-01
-1.656710006550000114e-01 -5.102524747850000209e-01
-1.941250046440000099e-01 -6.982446027830000457e-01
-1.952371826160000101e-01 -8.215455094710000239e-01
-1.783332802250000015e-01 -9.206222995749999694e-01
-5.032322724499999761e-02 -5.202659187289999654e-01
-9.211081013400000683e-02 -7.388753769170000041e-01
-1.039661996570000052e-01 -8.671709360549999523e-01
-1.035782208850000025e-01 -1.000000000000000000e+00
5.270291390699999995e-02 -4.811932406159999953e-01
6.100095432799999828e-02 -6.261874228139999721e-01
1.909548825800000058e-02 -4.789061287240000131e-01
-3.085036803000000029e-03 -3.858675662650000171e-01
1.471357220049999970e-01 -3.978793723460000153e-01
1.344427326700000092e-01 -5.276116223069999833e-01
7.679799657600000495e-02 -4.337165831359999779e-01
4.601325222399999665e-02 -3.447536771220000018e-01
-1.420067847869999900e-01 -1.217176094539999948e-01
-1.929937512780000031e-01 -2.832365935899999743e-01
-9.942676218000000288e-02 -4.345475791360000062e-01
2.276283027499999972e-02 -4.974149601449999736e-01
-1.655737891190000033e-01 -5.085430530469999821e-01
-1.929022338159999961e-01 -6.979052885669999595e-01
-1.948241005169999984e-01 -8.209323468620000064e-01
-1.794107597619999939e-01 -9.202177517399999784e-01
-4.922300514700000268e-02 -5.200184035629999979e-01
-9.044018906900000432e-02 -7.403648905190000074e-01
-1.038009278850000050e-01 -8.681138473310000547e-01
-1.049468808080000065e-01 -1.000000000000000000e+00
5.399119349900000087e-02 -4.817183457299999971e-01
6.129542743799999693e-02 -6.285091122000000530e-01
1.847875643899999851e-02 -4.806535118279999796e-01
-3.710174931999999856e-03 -3.863680799059999726e-01
1.484823859699999915e-01 -3.980272480240000244e-01
1.353929150869999931e-01 -5.279382419820000116e-01
7.595035286699999832e-02 -4.329086506600000051e-01
4.381198629099999908e-02 -3.420226703620000142e-01
-1.391906494880000011e-01 -1.231382887320000008e-01
-1.905232805740000035e-01 -2.817180345549999965e-01
-1.057006449579999952e-01 -4.345710485779999965e-01
1.213964039899999986e-02 -5.035245597240000093e-01
-1.618116835910000106e-01 -5.080466867149999732e-01
-1.927081022029999979e-01 -6.975401320840000086e-01
-1.949171699689999926e-01 -8.212536965629999575e-01
-1.798856772400000137e-01 -9.218777370749999811e-01
-4.682768770899999738e-02 -5.201081666879999732e-01
-8.942303425299999442e-02 -7.403598249070000303e-01
-1.028494994450000061e-01 -8.683283361820000046e-01
-1.046803330350000033e-01 -1.000000000000000000e+00
5.522132774699999719e-02 -4.824468534129999764e-01
5.930046224499999769e-02 -6.293606343719999607e-01
1.742994173299999838e-02 -4.833719325160000246e-01
-3.877407749999999854e-03 -3.892028003620000010e-01
1.492760971019999883e-01 -3.982820054849999791e-01
1.345993709570000030e-01 -5.324117187589999523e-01
7.653095725599999566e-02 -4.394540314929999969e-01
4.628490234200000053e-02 -3.473571098959999937e-01
-1.424949668030000005e-01 -1.252178803700000065e-01
-1.925794822299999876e-01 -2.851954805320000008e-01
-1.034653510770000007e-01 -4.384462579630000190e-01
1.649671198199999939e-02 -5.012194345830000008e-01
-1.643319326169999928e-01 -5.095778960210000097e-01
-1.934320033989999910e-01 -6.991605381409999875e-01
-1.966010962470000067e-01 -8.228805151860000278e-01
-1.822990634599999937e-01 -9.235745859030000116e-01
-4.817724999399999875e-02 -5.204743969430000172e-01
-9.080417434800000520e-02 -7.415595984070000313e-01
-1.028449395630000041e-01 -8.681740331389999898e-01
-1.032258396090000030e-01 -1.000000000000000000e+00
5.502320000299999736e-02 -4.816842647540000022e-01
6.144872708199999867e-02 -6.328158894059999762e-01
1.927750297299999846e-02 -4.855357767499999810e-01
-2.235654508999999814e-03 -3.911742356269999887e-01
1.491005534360000107e-01 -3.973909198789999930e-01
1.362724309299999936e-01 -5.291203559370000198e-01
7.752783720299999404e-02 -4.356567523859999902e-01
4.666585581899999891e-02 -3.456865248489999765e-01
-1.411230836089999996e-01 -1.241167742540000007e-01
-1.903155704189999908e-01 -2.837293622729999965e-01
-9.900363356800000181e-02 -4.361324374250000191e-01
2.314269882499999861e-02 -5.005902472400000081e-01
-1.620044022840000097e-01 -5.065019924070000013e-01
-1.926892867059999959e-01 -6.988915016269999780e-01
-1.958955099939999889e-01 -8.227054634170000158e-01
-1.814952255950000037e-01 -9.234507127090000322e-01
-4.557160443399999733e-02 -5.189231356060000078e-01
-8.710635271300000426e-02 -7.418752629989999736e-01
-1.002744920649999982e-01 -8.690943859780000391e-01
-1.015133504269999931e-01 -1.000000000000000000e+00
5.655349682000000017e-02 -4.809365141520000053e-01
6.333925965200000452e-02 -6.317343517769999917e-01
2.094053570799999861e-02 -4.854074980090000158e-01
-1.349935750000000063e-04 -3.912571156419999974e-01
1.500631492170000081e-01 -3.956873161100000202e-01
1.380148047900000008e-01 -5.312638868589999452e-01
8.000360952599999687e-02 -4.382376490839999805e-01
4.978594385400000183e-02 -3.461562264759999730e-01
-1.396226177949999869e-01 -1.239785044889999965e-01
-1.896585986579999994e-01 -2.806242529590000090e-01
-1.035469882980000061e-01 -4.335350579850000274e-01
1.486159761700000040e-02 -5.013960686530000155e-01
-1.605953900650000099e-01 -5.087163902219999922e-01
-1.911055977230000091e-01 -6.999751562370000180e-01
-1.944412255079999985e-01 -8.232318090660000198e-01
-1.804540892429999932e-01 -9.240581469740000164e-01
-4.523690322400000102e-02 -5.205027238060000450e-01
-8.693610488599999575e-02 -7.429681048820000466e-01
-9.964759282900000070e-02 -8.687426500379999972e-01
-1.011847500350000068e-01 -1.000000000000000000e+00
5.679527189300000167e-02 -4.818345170780000131e-01
6.194034676000000073e-02 -6.336052321890000005e-01
2.010261214200000091e-02 -4.862770678660000012e-01
-6.787276920000000083e-04 -3.924009925770000073e-01
1.503661277989999934e-01 -3.955160569050000241e-01
1.379522343400000073e-01 -5.322670205959999512e-01
8.038126168600000232e-02 -4.392058039719999862e-01
5.093303761000000235e-02 -3.476338724809999725e-01
-1.409869781779999887e-01 -1.239087738289999935e-01
-1.917572982340000065e-01 -2.836676849190000183e-01
-1.035680296069999978e-01 -4.372328633970000156e-01
1.673032610000000156e-02 -4.997142110080000088e-01
-1.624227903819999985e-01 -5.090111659049999515e-01
-1.927499457759999923e-01 -6.996474147040000480e-01
-1.957804088460000091e-01 -8.220800128059999601e-01
-1.819316821370000059e-01 -9.222002871309999961e-01
-4.733405013699999719e-02 -5.207134400530000207e-01
-8.941602799900000287e-02 -7.424788403450000018e-01
-1.013935605669999962e-01 -8.673944511569999793e-01
-1.024194654819999967e-01 -1.000000000000000000e+00
5.470241195799999817e-02 -4.818770806680000018e-01
5.910941802400000028e-02 -6.339123921360000358e-01
1.826122456200000160e-02 -4.870539405450000081e-01
-1.943841846000000061e-03 -3.942053224029999914e-01
1.474793580930000014e-01 -3.958757735949999801e-01
1.344320978190000071e-01 -5.303488507410000219e-01
7.633386560499999529e-02 -4.371448832900000081e-01
4.601239713900000250e-02 -3.468009383599999773e-01
-1.374497170469999863e-01 -1.235042849030000001e-01
-1.876086573540000080e-01 -2.834858409739999807e-01
-9.887163673500000416e-02 -4.347820025079999762e-01
2.111484339400000049e-02 -4.961618350490000218e-01
-1.603456703480000134e-01 -5.104731625249999682e-01
-1.882772762509999920e-01 -7.009131673859999578e-01
-1.898398174070000111e-01 -8.243286639519999959e-01
-1.735307036429999950e-01 -9.240181802779999787e-01
-4.585752732000000081e-02 -5.206526389440000457e-01
-8.597669265099999736e-02 -7.421904354130000048e-01
-9.722499642300000411e-02 -8.686645587050000339e-01
-9.706074982600000622e-02 -1.000000000000000000e+00
5.682851537999999980e-02 -4.817656013780000079e-01
6.406914097099999927e-02 -6.303757383010000215e-01
2.234424391900000084e-02 -4.851519142569999943e-01
7.997211869999999940e-04 -3.914471993879999889e-01
1.505407023279999867e-01 -3.980245492450000255e-01
1.402542513380000133e-01 -5.278780977460000301e-01
8.175949013500000140e-02 -4.361077747650000114e-01
5.025411539400000127e-02 -3.470301553499999803e-01
-1.400484247409999883e-01 -1.258942598080000086e-01
-1.894563008830000006e-01 -2.842509902199999994e-01
-1.025664601190000025e-01 -4.373758027529999759e-01
1.555842069100000016e-02 -5.042463496010000101e-01
-1.597035555240000071e-01 -5.089512961150000070e-01
-1.903285235930000097e-01 -7.005347975060000065e-01
-1.929077575120000110e-01 -8.233753183330000391e-01
-1.789620950230000063e-01 -9.239567222679999636e-01
-4.386750146599999872e-02 -5.205095402589999809e-01
-8.605733280499999749e-02 -7.437969688469999729e-01
-9.883652743699999910e-02 -8.686726203750000375e-01
-1.010945669139999975e-01 -1.000000000000000000e+00
5.791564914999999814e-02 -4.814993920560000085e-01
5.972614676600000033e-02 -6.338359168360000462e-01
1.827267920200000006e-02 -4.866030713350000259e-01
-1.861809741999999931e-03 -3.938703785609999897e-01
1.509473011109999929e-01 -3.946676772239999798e-01
1.347145500860000011e-01 -5.316740576990000022e-01
7.769259408600000250e-02 -4.379311417969999898e-01
4.933701256600000334e-02 -3.461984931589999759e-01
-1.421633980310000045e-01 -1.274255949649999997e-01
-1.905975904749999950e-01 -2.881877191250000192e-01
-1.045229044780000005e-01 -4.419705292719999790e-01
1.530382823500000058e-02 -5.043835560170000232e-01
-1.635091520430000112e-01 -5.108549690850000546e-01
-1.932680340800000118e-01 -7.009743998130000264e-01
-1.965733815830000009e-01 -8.247007912129999951e-01
-1.819695940740000129e-01 -9.250297709949999447e-01
-4.764631401399999772e-02 -5.216057053870000182e-01
-8.928756692400000028e-02 -7.425954187300000120e-01
-1.003641813860000065e-01 -8.677771192950000101e-01
-1.001180473330000043e-01 -1.000000000000000000e+00
5.443770135099999796e-02 -4.831344539690000106e-01
5.943655092399999923e-02 -6.364511061769999589e-01
1.798993239699999899e-02 -4.913668065110000094e-01
-2.034957632000000075e-03 -3.990208853889999907e-01
1.469362089550000083e-01 -3.991060344669999926e-01
1.325420511579999960e-01 -5.362152581989999556e-01
7.548878744400000507e-02 -4.438328327359999936e-01
4.738149816400000214e-02 -3.531655292249999967e-01
-1.411820622359999944e-01 -1.239947606409999986e-01
-1.902770689780000080e-01 -2.837638617559999910e-01
-1.064166472460000012e-01 -4.360941420980000149e-01
1.034081913799999967e-02 -5.005915405740000157e-01
-1.633435972670000125e-01 -5.096762437699999815e-01
-1.914831471450000044e-01 -6.982530737330000514e-01
-1.936811230999999911e-01 -8.212909135139999650e-01
-1.784091211680000066e-01 -9.209889785960000408e-01
-4.843510780100000052e-02 -5.201737782480000405e-01
-8.720915646700000412e-02 -7.406310387810000062e-01
-9.842658569999999940e-02 -8.675034528539999901e-01
-9.827256618400000143e-02 -1.000000000000000000e+00
5.413886393000000297e-02 -4.812062080069999803e-01
6.009542222900000202e-02 -6.337950397739999797e-01
1.611972820799999900e-02 -4.888565408480000096e-01
-5.665244372000000084e-03 -3.950685586279999995e-01
1.474037189590000074e-01 -3.968698359860000080e-01
1.316293449239999969e-01 -5.297580064289999502e-01
7.176448432599999427e-02 -4.393035468009999778e-01
4.212671710199999975e-02 -3.504326630749999838e-01
-1.441137531410000006e-01 -1.252478783809999885e-01
-1.938682265889999923e-01 -2.859265002470000039e-01
-1.045975816670000058e-01 -4.369167778640000166e-01
1.667880518600000153e-02 -4.976831948880000023e-01
-1.657429823730000029e-01 -5.120109751850000501e-01
-1.929262186940000068e-01 -7.004429040599999823e-01
-1.933797451710000115e-01 -8.246085525249999826e-01
-1.764138378619999892e-01 -9.255524274580000377e-01
-4.899625640900000245e-02 -5.215979501090000081e-01
-8.986621052099999507e-02 -7.414091784520000505e-01
-1.018973957649999956e-01 -8.686426222730000424e-01
-1.016308227339999953e-01 -1.000000000000000000e+00
5.566235769399999894e-02 -4.808855983900000020e-01
6.201305999799999746e-02 -6.350511578030000326e-01
1.720024411900000078e-02 -4.887881613280000148e-01
-4.730624053999999898e-03 -3.919063001199999952e-01
1.497792692630000033e-01 -3.945986627740000197e-01
1.334919316650000076e-01 -5.241377594170000265e-01
7.241689858300000282e-02 -4.322720153499999829e-01
4.159737751400000016e-02 -3.429430844520000021e-01
