-1.394642787360000080e-01 -1.005943327130000009e-01
-2.181670243340000093e-01 -2.677139444639999866e-01
-1.626584374239999908e-01 -4.290362833779999829e-01
-6.682021591200000554e-02 -5.271494165500000273e-01
-1.983897849019999882e-01 -4.905371178760000173e-01
-2.381778327940000106e-01 -6.913422858209999911e-01
-2.494038767769999887e-01 -8.172300407300000513e-01
-2.446450551380000005e-01 -9.244779531150000285e-01
-9.037745541500000201e-02 -5.075148580970000323e-01
-1.447687232809999891e-01 -7.419537893049999999e-01
-1.792126717439999906e-01 -8.740215632710000015e-01
-1.968451889130000132e-01 -1.000000000000000000e+00
1.390033275499999964e-02 -4.757208044640000022e-01
-1.929896501199999947e-02 -6.314628528689999465e-01
-5.663612901900000329e-02 -4.716094533760000207e-01
-6.509128069399999772e-02 -3.724477343270000129e-01
1.135248885139999997e-01 -3.988915605850000268e-01
5.425589328299999792e-02 -5.213683179550000490e-01
2.220349369000000194e-03 -4.165308538479999823e-01
-1.153579988200000017e-02 -3.269818496269999986e-01
-1.415865291629999911e-01 -1.028840368499999991e-01
-2.136692943040000014e-01 -2.712843444019999994e-01
-1.509311052010000043e-01 -4.302613921430000210e-01
-5.104431118500000336e-02 -5.297431462239999833e-01
-1.945250174950000077e-01 -4.872310772439999993e-01
-2.282024913400000077e-01 -6.908979605399999668e-01
-2.387300169969999997e-01 -8.160470458699999874e-01
-2.343413476760000114e-01 -9.228383115670000247e-01
-8.482535020199999387e-02 -5.026553797020000269e-01
-1.297105486619999914e-01 -7.398346999739999763e-01
-1.638283940309999964e-01 -8.738290794409999673e-01
-1.819370776589999961e-01 -1.000000000000000000e+00
1.863412027199999946e-02 -4.701421212449999887e-01
-1.110732084400000048e-02 -6.224083038779999466e-01
-5.332379878000000073e-02 -4.650561287080000050e-01
-6.422088642300000094e-02 -3.695738988369999811e-01
1.168232416640000021e-01 -3.935371468409999962e-01
6.049248166800000326e-02 -5.163465315849999904e-01
7.176322940999999879e-03 -4.112142991600000186e-01
-7.370046602000000086e-03 -3.212819975000000272e-01
-1.370249603470000133e-01 -1.052563230180000031e-01
-2.048400396360000042e-01 -2.752874761740000120e-01
-1.417752556680000053e-01 -4.342679858469999932e-01
-4.237324844499999743e-02 -5.315420499940000099e-01
-1.841563982349999906e-01 -4.856659221319999942e-01
-2.169757056509999948e-01 -6.914402730709999778e-01
-2.266551718990000019e-01 -8.161054234879999703e-01
-2.214271231399999873e-01 -9.217118638419999899e-01
-7.557410510400000558e-02 -4.984670655480000212e-01
-1.187893065119999952e-01 -7.370342511220000503e-01
-1.513698817889999881e-01 -8.720750975659999904e-01
-1.685766972680000086e-01 -1.000000000000000000e+00
2.567217728500000018e-02 -4.635918742240000001e-01
5.233253669999999918e-04 -6.191461613230000438e-01
-4.292129716200000084e-02 -4.641036041959999969e-01
-5.588697374999999912e-02 -3.684615413980000254e-01
1.207892664920000025e-01 -3.846031130249999985e-01
6.860055891499999836e-02 -5.114633065579999860e-01
1.253641561499999925e-02 -4.100358930990000150e-01
-5.272753203000000305e-03 -3.208903459570000005e-01
-1.359471231290000082e-01 -1.045320912630000043e-01
-2.027699231929999957e-01 -2.750266644839999830e-01
-1.388530482760000073e-01 -4.331241398160000089e-01
-3.669704091400000090e-02 -5.293354924449999999e-01
-1.780081900849999899e-01 -4.877730085090000167e-01
-2.095366692310000056e-01 -6.926279986659999999e-01
-2.161437975830000080e-01 -8.167300470189999828e-01
-2.082718869050000088e-01 -9.212768067059999844e-01
-6.965490991799999643e-02 -4.994489877600000183e-01
-1.138943309980000040e-01 -7.371046811410000288e-01
-1.433187301499999899e-01 -8.702541358180000408e-01
-1.579323802869999904e-01 -1.000000000000000000e+00
3.097936677600000160e-02 -4.622853103049999746e-01
6.219927848999999738e-03 -6.223428483799999800e-01
-3.921728545400000182e-02 -4.677859261849999784e-01
-5.380578562499999801e-02 -3.707220843440000024e-01
1.236210014829999954e-01 -3.793172644550000250e-01
7.210205609599999732e-02 -5.067888777210000084e-01
1.331984641300000029e-02 -4.077278934269999988e-01
-7.054579798999999901e-03 -3.198158575119999791e-01
-1.321188871139999943e-01 -1.054587574490000040e-01
-1.970282148520000054e-01 -2.728422079739999950e-01
-1.283461165160000028e-01 -4.247823354620000047e-01
-2.207169049599999947e-02 -5.158408682859999539e-01
-1.695860612669999878e-01 -4.958486628200000079e-01
-1.982750090610000127e-01 -6.992232926770000079e-01
-2.045409111029999893e-01 -8.212940820790000096e-01
-1.965426237239999985e-01 -9.238189431690000397e-01
-5.921841220400000244e-02 -5.038591171099999766e-01
-9.253004359499999998e-02 -7.393618463750000203e-01
-1.190275193680000038e-01 -8.726503991920000480e-01
-1.302373571550000109e-01 -1.000000000000000000e+00
4.230931912099999970e-02 -4.621315819719999940e-01
2.181781333199999881e-02 -6.149206513910000504e-01
-2.918659159000000156e-02 -4.612313162410000000e-01
-4.664747979100000025e-02 -3.652650627960000174e-01
1.339967327269999953e-01 -3.748151454220000067e-01
8.344330321600000600e-02 -4.994588080869999946e-01
2.072147754399999986e-02 -3.997375203160000168e-01
-2.709308320000000138e-03 -3.112947019910000113e-01
-1.338795571420000052e-01 -1.052287559530000055e-01
-1.992798800589999919e-01 -2.780595769509999760e-01
-1.273994952720000073e-01 -4.313025758790000053e-01
-1.779699152900000164e-02 -5.175239644250000381e-01
-1.681011401620000068e-01 -4.959606461070000250e-01
-1.960641584020000050e-01 -6.974135211590000161e-01
-1.994498188680000061e-01 -8.200552385930000021e-01
-1.874959861430000041e-01 -9.221326642060000411e-01
-5.833480319699999722e-02 -5.043590491570000278e-01
-9.309220791599999434e-02 -7.401189147660000023e-01
-1.175548880870000007e-01 -8.742938296269999743e-01
-1.250803336820000000e-01 -1.000000000000000000e+00
4.312937849699999965e-02 -4.624553105029999833e-01
2.177322610099999972e-02 -6.164276725509999499e-01
-2.691989584299999891e-02 -4.630918178360000081e-01
-4.152784938700000011e-02 -3.660429358369999830e-01
1.334352626979999901e-01 -3.753665895550000187e-01
8.138562315399999747e-02 -4.985021810510000262e-01
2.107851783500000117e-02 -3.985816384679999880e-01
-2.665257859999999902e-04 -3.104904142300000114e-01
-1.352563828779999866e-01 -1.087134665669999972e-01
-1.970088532410000093e-01 -2.749030882280000254e-01
-1.240775755179999995e-01 -4.269957587959999912e-01
-1.646844780000000091e-02 -5.150322564679999937e-01
-1.673443259329999988e-01 -4.923663759879999824e-01
-1.943303619149999995e-01 -6.969379235860000410e-01
-1.983594826760000096e-01 -8.194021248730000151e-01
-1.880760103759999968e-01 -9.220810201400000405e-01
-5.730890121699999673e-02 -5.010712326949999795e-01
-8.919851806499999591e-02 -7.392862324269999785e-01
-1.122195270269999989e-01 -8.725195382810000400e-01
-1.205261777030000037e-01 -1.000000000000000000e+00
4.303365144599999997e-02 -4.596178916959999805e-01
2.455968248800000087e-02 -6.104030668730000553e-01
-2.536821275800000067e-02 -4.579539684339999916e-01
-4.255451611999999662e-02 -3.635177854630000094e-01
1.334965449830000095e-01 -3.719574822060000008e-01
8.900940056599999928e-02 -4.992778225599999731e-01
2.596132703900000047e-02 -4.031936479570000231e-01
8.000842460000000527e-04 -3.159814427009999815e-01
-1.341026247959999917e-01 -1.090977625420000013e-01
-1.940748918870000006e-01 -2.758962093969999918e-01
-1.206510165119999978e-01 -4.260668097079999828e-01
-1.222758097199999963e-02 -5.155868213009999756e-01
-1.647766557410000055e-01 -4.956300057670000037e-01
-1.896555880930000104e-01 -6.985294248879999612e-01
-1.928506095979999890e-01 -8.205510800149999895e-01
-1.816559087969999986e-01 -9.230070955620000017e-01
-5.322041288300000117e-02 -5.038233253060000472e-01
-8.423953992100000066e-02 -7.412923722599999987e-01
-1.076211954900000017e-01 -8.738412713790000286e-01
-1.164683589439999972e-01 -1.000000000000000000e+00
4.776378100200000254e-02 -4.610423171220000005e-01
2.698846360300000136e-02 -6.079905284850000147e-01
-2.442646295800000172e-02 -4.560829454509999770e-01
-4.143685876099999915e-02 -3.640184415769999737e-01
1.379779227459999869e-01 -3.715893642640000216e-01
9.062703316900000416e-02 -4.967313328749999868e-01
2.809049897799999890e-02 -3.997310001309999916e-01
4.728306590999999635e-03 -3.136014067890000034e-01
-1.355430208429999894e-01 -1.066397557699999971e-01
-1.986106928839999897e-01 -2.727758166909999837e-01
-1.251432160640000013e-01 -4.228014643549999896e-01
-1.862003158999999894e-02 -5.075160078479999948e-01
-1.705573184939999931e-01 -4.932238693809999908e-01
-1.948697266290000119e-01 -6.970483011360000258e-01
-1.968860934770000071e-01 -8.198068229320000233e-01
-1.843228509339999988e-01 -9.226617568780000056e-01
-5.974968660200000170e-02 -5.016027563970000269e-01
-9.025334781400000395e-02 -7.392017992460000464e-01
-1.109368666080000065e-01 -8.733612991379999801e-01
-1.162244942700000061e-01 -1.000000000000000000e+00
4.176915768299999804e-02 -4.591444882280000250e-01
2.430641562500000102e-02 -6.050197850380000242e-01
-2.492197651900000116e-02 -4.548226724159999956e-01
-4.167175111399999687e-02 -3.615922056199999957e-01
1.325835825949999991e-01 -3.713025324490000223e-01
8.850113197700000545e-02 -4.927171064790000221e-01
2.739948403899999940e-02 -3.979228487400000014e-01
3.124529097000000068e-03 -3.133988501330000065e-01
-1.342478320330000030e-01 -1.064703174959999998e-01
-1.953184938239999890e-01 -2.721691288429999855e-01
-1.214586354720000039e-01 -4.206855094729999855e-01
-1.127410079799999985e-02 -5.064503055619999916e-01
-1.679386851649999901e-01 -4.981026654890000072e-01
-1.897477656830000026e-01 -7.008620584410000243e-01
-1.903852334239999888e-01 -8.228604498020000158e-01
-1.764866153259999904e-01 -9.249038526470000354e-01
-5.650553901099999998e-02 -5.065518166079999718e-01
-8.370802349599999748e-02 -7.414607567600000060e-01
-1.045701513759999951e-01 -8.742890278170000196e-01
-1.091916217499999953e-01 -1.000000000000000000e+00
4.479972456800000030e-02 -4.630985149760000197e-01
3.155212040100000004e-02 -6.027139392250000505e-01
-2.216486720099999919e-02 -4.509113839300000204e-01
-4.179377958399999732e-02 -3.574552265000000006e-01
1.354134588729999922e-01 -3.736093136090000155e-01
9.317999729800000019e-02 -4.937891717169999861e-01
3.002026265200000155e-02 -3.974898512430000141e-01
4.267220444000000348e-03 -3.116977351079999736e-01
-1.315713714110000043e-01 -1.084890286129999992e-01
-1.915037980250000049e-01 -2.757031312300000092e-01
-1.154805350759999932e-01 -4.239587574709999807e-01
-3.983127012999999883e-03 -5.079997908090000402e-01
-1.611093709299999954e-01 -4.961429005390000091e-01
-1.832487909459999953e-01 -6.993326727130000364e-01
-1.842838919310000045e-01 -8.211835485259999512e-01
-1.705111498759999955e-01 -9.229830224880000156e-01
-4.933892329899999818e-02 -5.036042203239999848e-01
-7.501819660000000334e-02 -7.399909324950000311e-01
-9.772560370199999402e-02 -8.747512179480000372e-01
-1.035151848179999973e-01 -1.000000000000000000e+00
5.188115496000000187e-02 -4.598719424819999735e-01
3.713679099100000019e-02 -5.996712699080000153e-01
-1.757361537000000015e-02 -4.482793115500000036e-01
-3.577960617800000215e-02 -3.550779413740000057e-01
1.429685356779999972e-01 -3.706110200150000145e-01
9.930939800099999881e-02 -4.908179043879999925e-01
3.697599060400000304e-02 -3.956165172489999882e-01
1.358221959699999933e-02 -3.107798928139999806e-01
-1.314536175959999942e-01 -1.118552064579999977e-01
-1.879300716020000095e-01 -2.800339108250000097e-01
-1.120878048240000063e-01 -4.277834834959999832e-01
-2.249138330000000118e-04 -5.113626053280000416e-01
-1.521174948060000087e-01 -4.969280869730000050e-01
-1.757518393259999978e-01 -7.022322365990000259e-01
-1.775827356809999980e-01 -8.238185614090000053e-01
-1.657789548480000097e-01 -9.261740754249999652e-01
-4.283194513799999659e-02 -5.026312248690000262e-01
-6.767948521500000147e-02 -7.405071410000000354e-01
-8.988665385300000088e-02 -8.748271456959999526e-01
-9.602509790900000397e-02 -1.000000000000000000e+00
5.520683928999999684e-02 -4.576601827719999904e-01
3.861661182599999964e-02 -6.040264548499999497e-01
-1.658189313699999848e-02 -4.537199670209999813e-01
-3.444295015099999718e-02 -3.610369626719999725e-01
1.430674322659999942e-01 -3.664627793529999789e-01
9.980752647700000257e-02 -4.965293105940000173e-01
3.608885268900000054e-02 -4.030555339549999894e-01
1.277313374499999994e-02 -3.168367752340000010e-01
-1.328099689080000090e-01 -1.117555333289999980e-01
-1.902647473530000022e-01 -2.753559224439999786e-01
-1.155297634049999994e-01 -4.228120349910000075e-01
-5.954802135999999815e-03 -5.033646097439999911e-01
-1.565711841140000060e-01 -4.954079070269999940e-01
-1.778842439720000057e-01 -6.991616444279999953e-01
-1.766545704489999868e-01 -8.213655166959999976e-01
-1.613507733310000081e-01 -9.232224183930000105e-01
-4.705308570700000165e-02 -5.011418709899999602e-01
-7.279882045199999319e-02 -7.380723752600000243e-01
-8.991878120799999541e-02 -8.728550361169999938e-01
-9.245276782599999577e-02 -1.000000000000000000e+00
5.132568542000000289e-02 -4.562790228990000196e-01
3.860880938300000065e-02 -6.043815407039999643e-01
-1.489301098499999990e-02 -4.560735874390000055e-01
-3.552473392500000299e-02 -3.638230614829999765e-01
1.360131115809999902e-01 -3.653685330279999866e-01
9.622499130999999373e-02 -4.908182092460000034e-01
3.023142888099999981e-02 -3.973337139640000237e-01
1.304991378999999924e-03 -3.111984327219999846e-01
-1.287316467799999864e-01 -1.132623850830000029e-01
-1.830363946909999984e-01 -2.830857442940000190e-01
-1.038127486190000004e-01 -4.270367402240000110e-01
1.186286341199999962e-02 -5.083082665289999635e-01
-1.472893782609999980e-01 -5.046273164160000047e-01
-1.647116412319999945e-01 -7.069082601999999715e-01
-1.614732695349999914e-01 -8.269480050190000098e-01
-1.442314704500000100e-01 -9.276951768250000230e-01
-3.707871447000000292e-02 -5.076117272450000328e-01
-5.888382658699999744e-02 -7.424289412760000095e-01
-7.768083664500000096e-02 -8.746030008320000437e-01
-8.045499136599999768e-02 -1.000000000000000000e+00
6.125685541800000161e-02 -4.594263301090000251e-01
5.138297202099999933e-02 -5.994340618319999869e-01
-6.797473049000000295e-03 -4.499224689510000208e-01
-2.853815414200000164e-02 -3.595709578010000129e-01
1.474745461820000103e-01 -3.655727932300000260e-01
1.093426980690000022e-01 -4.908907646110000078e-01
4.442348060399999715e-02 -3.953185444180000174e-01
1.725057995000000080e-02 -3.101549851220000154e-01
-1.294123037980000057e-01 -1.159367567440000024e-01
-1.832619858429999915e-01 -2.832746503429999785e-01
-1.062445645480000062e-01 -4.283555521610000194e-01
8.805267493000000500e-03 -5.064993127219999947e-01
-1.425346635030000086e-01 -5.030758709749999502e-01
-1.598544646570000116e-01 -7.047321127800000307e-01
-1.567576745800000060e-01 -8.248943161470000396e-01
-1.396471633520000033e-01 -9.252598430099999716e-01
-3.387258270500000112e-02 -5.056461016140000320e-01
-5.356813255400000306e-02 -7.398754408430000540e-01
-7.108606112800000543e-02 -8.736396384379999658e-01
-7.205312979899999859e-02 -1.000000000000000000e+00
6.268346338399999329e-02 -4.574871500129999990e-01
5.300316844200000238e-02 -6.012083737960000063e-01
-6.601336614999999894e-03 -4.540992304700000037e-01
-2.801557330700000029e-02 -3.642489964019999804e-01
1.479750712129999923e-01 -3.629496806799999975e-01
1.111746620379999995e-01 -4.916215288119999971e-01
4.473353169000000157e-02 -3.997944290250000088e-01
1.794676662999999950e-02 -3.151073768809999898e-01
-1.283206928110000034e-01 -1.177840582289999966e-01
-1.752973889699999954e-01 -2.887730041680000026e-01
-9.044370033099999318e-02 -4.308801994459999785e-01
2.545333509699999885e-02 -5.065408198509999682e-01
-1.335472395139999935e-01 -5.055548018169999658e-01
-1.481816382239999896e-01 -7.083244423979999649e-01
-1.441582996330000033e-01 -8.287227223440000179e-01
-1.260679968850000054e-01 -9.298793826469999857e-01
-2.270545032599999985e-02 -5.054184918299999829e-01
-3.786020497900000059e-02 -7.393169171100000270e-01
-5.324296391700000103e-02 -8.746477225509999842e-01
-5.149165660399999955e-02 -1.000000000000000000e+00
7.477074125200000587e-02 -4.547702868860000192e-01
6.415492514699999704e-02 -6.017671464480000010e-01
9.361367900000000519e-04 -4.589516488090000235e-01
-2.128437271100000125e-02 -3.681182406330000267e-01
1.575618743659999987e-01 -3.594530869650000016e-01
1.172689253780000024e-01 -4.847650234520000101e-01
4.714949702300000323e-02 -3.946012752410000268e-01
1.888562834799999840e-02 -3.102332917819999869e-01
-1.255135412049999954e-01 -1.219495796219999956e-01
-1.689175764180000094e-01 -2.908350465000000273e-01
-8.198586030099999644e-02 -4.341348201490000114e-01
3.558921033799999911e-02 -5.082663318029999600e-01
-1.236231378579999984e-01 -5.060920451670000153e-01
-1.365811554949999951e-01 -7.127035290950000102e-01
-1.325113911340000117e-01 -8.323573330010000104e-01
-1.149736340930000017e-01 -9.316855021959999927e-01
-1.483773659700000046e-02 -5.039553089330000013e-01
-2.822059248200000162e-02 -7.402153295619999795e-01
-4.076882586000000336e-02 -8.739961187770000084e-01
-3.740840323900000014e-02 -1.000000000000000000e+00
7.999991768200000186e-02 -4.516157159590000192e-01
7.124351367600000040e-02 -6.008213050830000235e-01
9.934731088000000113e-03 -4.586991255489999975e-01
-1.061729138499999982e-02 -3.701363350199999847e-01
1.598049087510000077e-01 -3.531702349129999807e-01
1.255233234789999985e-01 -4.848902767130000013e-01
5.579795110099999844e-02 -3.959758317500000069e-01
2.777678169600000108e-02 -3.114798173359999978e-01
-1.254775025940000066e-01 -1.210868966800000002e-01
-1.670984311400000033e-01 -2.909286850550000247e-01
-7.892779137199999739e-02 -4.307910378309999788e-01
3.673424861400000074e-02 -5.044477574290000543e-01
-1.208569942859999968e-01 -5.048150996329999751e-01
-1.299944730990000019e-01 -7.106629338950000152e-01
-1.241776156339999965e-01 -8.308256415510000270e-01
-1.051844596130000059e-01 -9.312345961450000376e-01
-9.856832637999999452e-03 -5.019461950620000001e-01
-1.722698259400000029e-02 -7.394156409830000554e-01
-2.975691668600000117e-02 -8.755852534889999594e-01
-2.633092575500000157e-02 -1.000000000000000000e+00
8.646297055299999312e-02 -4.491160453049999890e-01
7.459974776699999921e-02 -5.953282187799999736e-01
8.803813166999999509e-03 -4.543534405210000182e-01
-1.290051713700000012e-02 -3.653289661460000226e-01
1.659239365200000094e-01 -3.518727435299999762e-01
1.258774222890000072e-01 -4.758041962060000074e-01
5.495766278900000162e-02 -3.870500079129999826e-01
2.751890509000000026e-02 -3.045403834629999973e-01
-1.242007588619999936e-01 -1.228961753639999932e-01
-1.646216425550000029e-01 -2.907863308249999945e-01
-7.661895729900000673e-02 -4.276408765799999956e-01
3.713094077799999893e-02 -4.950109966780000259e-01
-1.191234517930000042e-01 -5.079270407029999879e-01
-1.269510090980000006e-01 -7.123873240170000010e-01
-1.204746124720000033e-01 -8.322269351819999716e-01
-1.005764686589999957e-01 -9.319733781839999454e-01
-9.234869677999999610e-03 -5.033324579700000356e-01
-1.220913531999999989e-02 -7.370888875529999495e-01
-2.133665782899999905e-02 -8.744288187950000069e-01
-1.452346368499999978e-02 -1.000000000000000000e+00
8.605610261000000427e-02 -4.489691989519999926e-01
8.050522331100000428e-02 -5.919868013669999929e-01
1.422110624699999930e-02 -4.540408457949999810e-01
-8.945099906999999170e-03 -3.653400378569999774e-01
1.641110394949999995e-01 -3.514051531790000071e-01
1.311767900999999958e-01 -4.763781245450000035e-01
5.788141322800000044e-02 -3.920265665659999899e-01
2.690981194700000148e-02 -3.108741344450000055e-01
-1.234550552069999946e-01 -1.212724934620000028e-01
-1.644039431490000036e-01 -2.910419632169999882e-01
-7.161060005699999842e-02 -4.274705130890000260e-01
4.682469011899999950e-02 -4.959352838630000093e-01
-1.135732666959999998e-01 -5.097847661709999922e-01
-1.190286128640000024e-01 -7.163452936559999706e-01
-1.101316508430000007e-01 -8.367557394260000114e-01
-8.824367045500000617e-02 -9.365232201980000504e-01
-3.445989724000000139e-03 -5.044024495429999533e-01
-4.999729877999999593e-03 -7.397056601939999698e-01
-1.368141277799999993e-02 -8.772912401000000360e-01
-5.835167502000000207e-03 -1.000000000000000000e+00
9.111575183600000016e-02 -4.488638227499999744e-01
8.564197897099999623e-02 -5.904698227650000408e-01
1.863015178400000138e-02 -4.522550403189999901e-01
-5.003144319999999756e-03 -3.643070435590000100e-01
1.687651583739999961e-01 -3.495393869150000277e-01
1.344990800689999932e-01 -4.751965310860000180e-01
6.332253734899999376e-02 -3.883870671169999955e-01
3.360862902100000132e-02 -3.057081178300000146e-01
-1.226978615640000048e-01 -1.228326247159999968e-01
-1.612676471589999938e-01 -2.924324761720000221e-01
-6.707301264800000218e-02 -4.274955358649999981e-01
5.295408311900000331e-02 -4.945127932280000138e-01
-1.147213765459999951e-01 -5.137093290340000173e-01
-1.172496566180000060e-01 -7.184961959750000293e-01
-1.074704457039999950e-01 -8.373637034709999760e-01
-8.462602638299999980e-02 -9.356352769369999933e-01
-3.184048207000000127e-03 -5.067582490349999969e-01
-3.095365905999999945e-03 -7.413818306430000060e-01
-1.132663927600000009e-02 -8.769733774460000131e-01
-2.964223594000000000e-03 -1.000000000000000000e+00
9.187228973600000681e-02 -4.487139432719999821e-01
8.850864218899999469e-02 -5.868998080520000382e-01
2.107923135600000067e-02 -4.499067838690000154e-01
-2.117173250999999836e-03 -3.644396192969999726e-01
1.687363234600000039e-01 -3.459365875720000205e-01
1.353067026470000100e-01 -4.680166432489999973e-01
6.609844083400000236e-02 -3.801505587849999812e-01
3.856376028999999872e-02 -2.985417956499999970e-01
-1.184619110350000060e-01 -1.250131600509999941e-01
-1.537147336590000135e-01 -2.959309373980000268e-01
-5.875657602499999993e-02 -4.267181805120000004e-01
6.155108309400000172e-02 -4.909395678649999817e-01
-1.046444888290000014e-01 -5.127342973430000228e-01
-1.067051493240000065e-01 -7.187395930309999903e-01
-9.487797607400000333e-02 -8.387131482770000535e-01
-7.036998793000000252e-02 -9.377505568489999943e-01
7.533080087999999806e-03 -5.037262527400000467e-01
1.079475143200000001e-02 -7.390311288059999706e-01
5.044672303000000135e-03 -8.752107924380000403e-01
1.494437179599999999e-02 -1.000000000000000000e+00
1.016135079199999985e-01 -4.445178131929999887e-01
9.996147579200000133e-02 -5.811739759630000224e-01
3.032856303600000095e-02 -4.445124228360000096e-01
5.614758707999999848e-03 -3.598043098259999795e-01
1.764487609229999920e-01 -3.413838596200000075e-01
1.447435933500000049e-01 -4.605213620690000176e-01
7.418271097999999675e-02 -3.742600682180000082e-01
4.546760533000000076e-02 -2.955773636669999926e-01
-1.213893177330000045e-01 -1.269902543320000077e-01
-1.537934722829999989e-01 -2.970083015539999871e-01
-5.615226262100000282e-02 -4.298600109490000043e-01
6.463876311100000271e-02 -4.944794182139999883e-01
-1.064672509610000012e-01 -5.137640682290000038e-01
-1.057410701169999995e-01 -7.190435855779999663e-01
-9.414293506699999980e-02 -8.383404381910000147e-01
-7.042680621999999890e-02 -9.376378209860000146e-01
6.869389697999999864e-03 -5.049515199180000247e-01
1.319070038600000071e-02 -7.406795921640000335e-01
5.661865434999999863e-03 -8.765168566269999628e-01
1.454650725900000045e-02 -1.000000000000000000e+00
1.008833418959999978e-01 -4.450809432019999790e-01
9.545528946900000422e-02 -5.809012502610000350e-01
2.104314263800000084e-02 -4.464694305970000054e-01
-4.474538576999999989e-03 -3.602039601220000109e-01
1.757999329280000023e-01 -3.403218877170000045e-01
1.464335521529999962e-01 -4.615697675150000068e-01
7.457594217000000636e-02 -3.791875846559999985e-01
4.564332870599999842e-02 -2.996040046399999768e-01
-1.187947797140000011e-01 -1.251805993439999987e-01
-1.491905073289999939e-01 -2.961498511299999747e-01
-4.995826124999999673e-02 -4.240266685329999730e-01
6.747770881600000104e-02 -4.859394923079999873e-01
-1.014789255040000060e-01 -5.095820874680000445e-01
-9.827392117399999516e-02 -7.168426573530000123e-01
-8.559351877000000164e-02 -8.393413577560000505e-01
-6.080612634100000108e-02 -9.412958412930000351e-01
1.425364682400000020e-02 -5.012815610359999674e-01
2.343238431699999971e-02 -7.394863778939999577e-01
1.769400845200000058e-02 -8.781859561729999930e-01
2.812091682500000162e-02 -1.000000000000000000e+00
1.102592057389999991e-01 -4.422105118970000026e-01
1.045573527760000065e-01 -5.758153143009999697e-01
2.938758851299999933e-02 -4.458007666680000036e-01
3.073555673999999859e-03 -3.580747553409999728e-01
1.851902335620000117e-01 -3.406726766689999741e-01
1.528802074579999892e-01 -4.528777899629999881e-01
7.919032471400000439e-02 -3.746138854130000029e-01
4.885395737499999974e-02 -2.989190586739999822e-01
-1.178782257170000042e-01 -1.236849836960000060e-01
-1.465344920330000078e-01 -2.966954455560000259e-01
-4.272916076700000038e-02 -4.225123916890000109e-01
7.770187426600000391e-02 -4.847099572570000015e-01
-1.006099352119999985e-01 -5.119239996140000359e-01
-9.477539289399999900e-02 -7.137101694819999453e-01
-7.962518673099999722e-02 -8.356260761679999982e-01
-5.239293113500000099e-02 -9.358175854260000204e-01
1.634079465300000006e-02 -5.021519350690000216e-01
2.630157876100000167e-02 -7.386908238970000262e-01
2.262765587799999908e-02 -8.776431752750000204e-01
3.362496192299999770e-02 -1.000000000000000000e+00
1.126261411109999999e-01 -4.411175959060000262e-01
1.097211153290000019e-01 -5.702227214580000147e-01
3.690917215100000121e-02 -4.395423336629999955e-01
1.069119976000000062e-02 -3.536089196339999852e-01
1.871731838959999894e-01 -3.374453592259999968e-01
1.561738983219999877e-01 -4.458495475500000027e-01
8.490390151500000482e-02 -3.633077652669999824e-01
5.500643248300000204e-02 -2.878927081989999803e-01
-1.165621020890000026e-01 -1.221338310330000038e-01
-1.479183708119999885e-01 -2.971550577700000084e-01
-4.260563332199999997e-02 -4.213122643730000116e-01
7.889098389199999950e-02 -4.821756852970000007e-01
-9.529208216300000256e-02 -5.172913607189999485e-01
-8.818695805600000603e-02 -7.185350973699999866e-01
-7.147467084899999934e-02 -8.390968387230000047e-01
-4.399173876999999677e-02 -9.372482894570000056e-01
2.520039192199999972e-02 -5.069134321170000179e-01
3.465224207099999731e-02 -7.439518632889999816e-01
2.979044279799999972e-02 -8.799704103069999617e-01
3.766869715099999821e-02 -1.000000000000000000e+00
1.238490017479999955e-01 -4.445502573160000082e-01
1.133262889320000022e-01 -5.697610414399999490e-01
4.169073109500000263e-02 -4.391790811110000137e-01
1.682478141599999880e-02 -3.531865483780000092e-01
2.006825465079999926e-01 -3.406752836499999937e-01
1.633592848410000131e-01 -4.419053765770000197e-01
9.320536525900000036e-02 -3.591897021859999928e-01
6.455177272199999483e-02 -2.870161371339999823e-01
-1.160265759330000035e-01 -1.226949344950000048e-01
-1.469433291949999998e-01 -2.988594590149999952e-01
-3.892200163000000129e-02 -4.206850008979999833e-01
8.214365301100000349e-02 -4.799297452319999935e-01
-9.308748334999999985e-02 -5.200281546589999859e-01
-8.752762009499999440e-02 -7.212249981989999892e-01
-7.044760024299999424e-02 -8.434173098060000484e-01
-4.213758766499999669e-02 -9.442385747239999683e-01
2.864934960100000080e-02 -5.102566179170000549e-01
3.497473598899999980e-02 -7.465619089710000544e-01
3.046269766900000162e-02 -8.827039817909999586e-01
3.942810467999999929e-02 -1.000000000000000000e+00
1.281599175179999883e-01 -4.472106057110000199e-01
1.146200546880000032e-01 -5.634042858250000174e-01
4.239410526299999815e-02 -4.353411647429999976e-01
1.629494017600000011e-02 -3.498035497320000076e-01
2.053482411679999897e-01 -3.433282486320000104e-01
1.664872339729999984e-01 -4.349240524179999734e-01
9.664488620099999372e-02 -3.527399055270000194e-01
6.694402015599999756e-02 -2.825829482050000174e-01
-1.179153688640000031e-01 -1.205749118129999936e-01
-1.483957842989999942e-01 -2.965658766789999734e-01
-3.787064632500000000e-02 -4.185395190319999847e-01
8.392993448199999318e-02 -4.774641788239999962e-01
-9.203266704800000531e-02 -5.194165181650000074e-01
-8.365771426300000480e-02 -7.194599869540000414e-01
-6.432914644999999931e-02 -8.425765813229999512e-01
-3.373858296300000226e-02 -9.450165584390000095e-01
2.986512315900000103e-02 -5.087497570290000493e-01
3.324640564300000017e-02 -7.433600238249999936e-01
3.094493567799999970e-02 -8.807166934600000330e-01
4.319676655699999923e-02 -1.000000000000000000e+00
1.291029531590000001e-01 -4.450139523459999968e-01
1.216538485719999979e-01 -5.659565140069999778e-01
4.828080967699999865e-02 -4.366036866429999774e-01
1.887885074499999830e-02 -3.499823145850000095e-01
2.046292890170000045e-01 -3.408080185969999953e-01
1.671279875589999908e-01 -4.320455234919999832e-01
9.538956949400000107e-02 -3.475608089500000220e-01
6.283769831400000394e-02 -2.761744465470000187e-01
-1.134081675109999965e-01 -1.220772872230000000e-01
-1.416080707859999899e-01 -2.989033749180000088e-01
-3.195774988899999919e-02 -4.206017620029999793e-01
9.042385656599999377e-02 -4.773539086979999846e-01
-8.492019478899999474e-02 -5.175916239869999824e-01
-7.777183073000000502e-02 -7.174402236279999734e-01
-5.850325704499999974e-02 -8.396874611789999499e-01
-2.806612272499999991e-02 -9.403826101309999963e-01
3.520905151099999741e-02 -5.070231006369999571e-01
4.307585214299999854e-02 -7.423575724640000262e-01
4.067570300299999664e-02 -8.809447103340000140e-01
5.222254740499999992e-02 -1.000000000000000000e+00
1.325788082309999893e-01 -4.439944748490000093e-01
1.264481289240000084e-01 -5.661795149510000513e-01
4.994348717299999796e-02 -4.373476687810000096e-01
1.893811471499999913e-02 -3.496338839600000026e-01
2.082771244899999930e-01 -3.398733390970000157e-01
1.742981676239999944e-01 -4.379786366890000004e-01
1.018851934830000000e-01 -3.565277147629999921e-01
6.886448358100000222e-02 -2.836938291889999908e-01
-1.137754314770000053e-01 -1.232128122789999947e-01
-1.404672855330000025e-01 -2.970961793990000155e-01
-2.924058059999999973e-02 -4.162011033179999764e-01
9.278502355600000417e-02 -4.731206318100000252e-01
-8.688862954800000149e-02 -5.198228756910000525e-01
-7.798484940800000376e-02 -7.182928816500000480e-01
-5.787197366300000229e-02 -8.396184508180000172e-01
-2.751351034699999962e-02 -9.402516495420000231e-01
3.483226852600000006e-02 -5.092288079160000036e-01
4.085192641999999680e-02 -7.452321198679999759e-01
3.984071329500000341e-02 -8.818005602389999975e-01
5.213815321000000308e-02 -1.000000000000000000e+00
1.328558247599999909e-01 -4.441989649290000175e-01
1.213843651999999967e-01 -5.622954274000000474e-01
4.904512815800000231e-02 -4.366678503090000163e-01
2.142842993400000118e-02 -3.525004886679999894e-01
2.067277176689999996e-01 -3.380717908809999783e-01
1.670173861189999942e-01 -4.284421338600000184e-01
9.753733776100000086e-02 -3.471579678789999956e-01
6.761995699599999965e-02 -2.777917069709999742e-01
-1.140433207100000068e-01 -1.228252951880000055e-01
-1.406583862920000039e-01 -2.955484215520000069e-01
-2.811723807399999983e-02 -4.153746802780000080e-01
9.461487855399999813e-02 -4.733027710450000147e-01
-8.850074454100000099e-02 -5.147841894450000400e-01
-7.760312781599999765e-02 -7.157097417179999477e-01
-5.644583920799999682e-02 -8.377779017359999747e-01
-2.478052362999999883e-02 -9.399628607300000160e-01
3.191188253100000344e-02 -5.043079297989999654e-01
3.973209222299999704e-02 -7.400705846449999736e-01
4.061520703999999676e-02 -8.780567299849999507e-01
5.430887904599999982e-02 -1.000000000000000000e+00
1.286448759870000014e-01 -4.414350330790000054e-01
1.275631385669999951e-01 -5.636129118999999577e-01
5.621170537600000267e-02 -4.364662549519999768e-01
2.592917638799999841e-02 -3.516879030660000072e-01
2.032603666979999890e-01 -3.368909522099999831e-01
1.761852616640000035e-01 -4.375826374730000246e-01
1.072793954640000047e-01 -3.546476285130000239e-01
7.407525064200000398e-02 -2.801189740730000155e-01
-1.142235249950000059e-01 -1.198588742299999954e-01
-1.419606193769999969e-01 -2.928047073330000138e-01
-2.835800687300000025e-02 -4.088844740129999877e-01
9.532846736800000553e-02 -4.648803027010000033e-01
-8.655720644599999847e-02 -5.160543653300000422e-01
-7.718982999300000314e-02 -7.150611538790000443e-01
-5.593894818999999713e-02 -8.375822133610000275e-01
-2.361969755299999849e-02 -9.398308683520000262e-01
3.703044710799999889e-02 -5.052004139450000375e-01
4.744570694300000169e-02 -7.404675034709999881e-01
4.760200122199999967e-02 -8.812095414859999476e-01
6.010206970999999732e-02 -1.000000000000000000e+00
1.366882434109999989e-01 -4.407818939040000217e-01
1.249131894580000068e-01 -5.517752053329999518e-01
5.126056956299999967e-02 -4.287378578919999739e-01
2.270455416199999854e-02 -3.439574185920000193e-01
2.124451593199999933e-01 -3.368935046259999844e-01
1.746897541619999994e-01 -4.214351813960000026e-01
1.031631770449999985e-01 -3.427192086570000074e-01
7.063196606100000108e-02 -2.742476565599999971e-01
-1.131652888050000000e-01 -1.227997595449999979e-01
-1.388570247510000077e-01 -2.984165911650000225e-01
-2.483748034100000113e-02 -4.178918024189999803e-01
9.975098675099999812e-02 -4.743161190529999738e-01
-8.134115618699999661e-02 -5.139877728210000551e-01
-7.066882097399999896e-02 -7.144650498429999663e-01
-4.777410662400000119e-02 -8.364739797629999751e-01
-1.377136270300000076e-02 -9.382058355310000097e-01
3.829026212500000192e-02 -5.024656187510000427e-01
4.560233182100000004e-02 -7.375247610370000428e-01
4.716998322000000299e-02 -8.773875466139999801e-01
6.259549998100000234e-02 -1.000000000000000000e+00
1.352133932679999984e-01 -4.388540194810000017e-01
1.319579633909999938e-01 -5.606084641620000530e-01
5.783559355000000152e-02 -4.340342029839999727e-01
2.653762032700000134e-02 -3.489140805090000241e-01
2.100439268869999931e-01 -3.348423024450000174e-01
1.799506287469999910e-01 -4.334793581920000083e-01
1.097498011070000001e-01 -3.511555597109999871e-01
7.654642545999999770e-02 -2.777055945649999913e-01
-1.114522993829999975e-01 -1.222140166409999978e-01
-1.383058513490000030e-01 -2.923693840880000061e-01
-2.516762456000000078e-02 -4.088077175490000270e-01
1.001551144399999982e-01 -4.667574721180000052e-01
-8.186812236200000092e-02 -5.190621167269999781e-01
-6.919312141500000291e-02 -7.195775620659999872e-01
-4.584026321700000045e-02 -8.412846004870000449e-01
-1.248837187199999983e-02 -9.419239099659999503e-01
3.888323924699999684e-02 -5.065058568510000248e-01
4.907477558799999695e-02 -7.424996237419999590e-01
5.034087148900000253e-02 -8.799902875680000180e-01
6.407475188200000005e-02 -1.000000000000000000e+00
1.355651144220000048e-01 -4.408162823460000102e-01
1.325724897810000025e-01 -5.607899948350000274e-01
5.866471847399999662e-02 -4.332719026610000190e-01
2.740804059999999917e-02 -3.460266699160000070e-01
2.105948280109999904e-01 -3.328865228510000107e-01
1.824346067819999917e-01 -4.324506172459999798e-01
1.121735569840000002e-01 -3.535297629529999819e-01
7.771537368099999676e-02 -2.810538215510000049e-01
-1.120360810460000051e-01 -1.198035051720000022e-01
-1.354240261090000064e-01 -2.952334082929999881e-01
-1.846746225800000030e-02 -4.115429590640000135e-01
1.058490778190000065e-01 -4.691496023949999761e-01
-8.291437700600000349e-02 -5.122208190570000097e-01
-6.957496113599999366e-02 -7.122887261100000478e-01
-4.664174032699999750e-02 -8.358738649539999566e-01
-1.310465372299999924e-02 -9.392008623340000195e-01
3.767244123699999697e-02 -5.003211678540000484e-01
4.937206850099999655e-02 -7.362494187670000079e-01
5.175398138900000333e-02 -8.784421036459999499e-01
6.655424500300000101e-02 -1.000000000000000000e+00
1.349121401900000017e-01 -4.361738841089999874e-01
1.350175276460000018e-01 -5.571270173100000278e-01
6.058698048600000274e-02 -4.335887918010000175e-01
2.689198024499999881e-02 -3.467604184990000227e-01
2.093637285390000102e-01 -3.333172347989999951e-01
1.789666938639999927e-01 -4.254458934479999899e-01
1.078719361460000054e-01 -3.458773587410000072e-01
7.218110859500000143e-02 -2.747192121709999824e-01
-1.121996530460000058e-01 -1.215023815120000045e-01
-1.345134339450000105e-01 -2.944183923450000018e-01
-1.905786516900000171e-02 -4.099653451199999910e-01
1.060927303220000062e-01 -4.682944816130000243e-01
-8.200913758700000000e-02 -5.158709077869999549e-01
-6.799664432099999933e-02 -7.151444344270000419e-01
-4.398271752300000198e-02 -8.377416584460000148e-01
-9.404509110000000560e-03 -9.407439926899999749e-01
4.006138841299999864e-02 -5.024894152819999738e-01
5.313263490600000222e-02 -7.370396872629999541e-01
5.529382022099999655e-02 -8.780016059880000334e-01
7.038005444599999827e-02 -1.000000000000000000e+00
1.376010136810000006e-01 -4.365024342650000166e-01
1.386924653699999899e-01 -5.588250018720000156e-01
6.181063982999999984e-02 -4.361005800700000212e-01
2.823695481200000010e-02 -3.490521516369999855e-01
2.124608736860000013e-01 -3.302854766319999746e-01
1.854254040699999939e-01 -4.252082296210000223e-01
1.127655556700000034e-01 -3.474953449439999731e-01
7.731444932500000644e-02 -2.761291503900000222e-01
-1.107522745509999934e-01 -1.200344648649999957e-01
-1.327460267460000010e-01 -2.903241232659999893e-01
-1.489962219799999960e-02 -4.058667456419999819e-01
1.109078474549999999e-01 -4.642166521180000061e-01
-7.823532841699999685e-02 -5.130649777650000409e-01
-6.267001191799999316e-02 -7.155336454020000403e-01
-3.836492682599999815e-02 -8.385511081319999560e-01
-4.161959697999999611e-03 -9.407920375089999787e-01
4.299357726900000093e-02 -4.996350063359999982e-01
5.614115157800000228e-02 -7.360481266439999892e-01
6.046760522200000237e-02 -8.770853529780000546e-01
7.740908332700000005e-02 -1.000000000000000000e+00
1.390634108500000132e-01 -4.336959499170000010e-01
1.452466717030000132e-01 -5.586462724380000244e-01
7.106529964999999671e-02 -4.348886289019999740e-01
3.743560035500000105e-02 -3.487460133220000036e-01
2.122363136460000133e-01 -3.266099719069999741e-01
1.894658994569999866e-01 -4.254018139360000172e-01
1.193549555339999957e-01 -3.458971247259999826e-01
8.456826142199999619e-02 -2.727167551010000190e-01
-1.136822603379999963e-01 -1.183699671100000017e-01
-1.333071507249999899e-01 -2.907518463039999723e-01
-1.312920150299999936e-02 -4.045873401069999820e-01
1.140541698549999983e-01 -4.609651334100000053e-01
-8.415312122099999348e-02 -5.148962071079999925e-01
-6.832548927900000679e-02 -7.150448594520000256e-01
-4.269726899699999995e-02 -8.369813291750000106e-01
-5.901898759999999605e-03 -9.386195060930000444e-01
3.896750126899999750e-02 -5.009521290459999499e-01
5.128171474999999868e-02 -7.365158522229999782e-01
5.806628730900000035e-02 -8.769043730390000402e-01
7.849585540999999556e-02 -1.000000000000000000e+00
1.366596447900000066e-01 -4.331286402869999885e-01
1.452729594040000072e-01 -5.544700659310000113e-01
7.188742191800000236e-02 -4.320551700660000272e-01
3.853678120100000049e-02 -3.472225159730000232e-01
2.109907210849999992e-01 -3.247616500689999852e-01
1.894064403250000084e-01 -4.174899656320000263e-01
1.204670976209999966e-01 -3.372269792220000117e-01
8.654082128100000493e-02 -2.664162320799999817e-01
-1.136824901529999987e-01 -1.171507883949999967e-01
-1.362592997900000102e-01 -2.854757911570000029e-01
-1.728264117199999894e-02 -3.989101659529999955e-01
1.075788805000000015e-01 -4.591857410969999997e-01
-8.432169467000000251e-02 -5.110075027889999788e-01
-6.829386456600000654e-02 -7.146813907660000131e-01
-4.356230526799999975e-02 -8.379558602779999532e-01
-7.823791736999999302e-03 -9.419080931769999721e-01
3.869178955600000025e-02 -4.978048964299999768e-01
5.289597178500000246e-02 -7.346133666490000103e-01
5.887799928799999916e-02 -8.764191839760000491e-01
7.695517222200000396e-02 -1.000000000000000000e+00
1.376761453769999866e-01 -4.320676608890000048e-01
1.435907991510000092e-01 -5.525215060739999684e-01
7.020336823099999901e-02 -4.291581285589999850e-01
3.584864636900000207e-02 -3.426516121970000217e-01
2.136354382550000042e-01 -3.264067233519999944e-01
1.906752594470000062e-01 -4.158928182170000265e-01
1.184706945799999939e-01 -3.358028688040000098e-01
8.065946136300000679e-02 -2.643043777929999782e-01
-1.139089648250000003e-01 -1.150661727569999987e-01
-1.348677214020000126e-01 -2.852701534770000213e-01
-1.330558085400000007e-02 -3.994923409500000244e-01
1.116089464410000009e-01 -4.627669784949999809e-01
-8.557492359299999352e-02 -5.125830725379999508e-01
-7.069342456400000418e-02 -7.145029383109999799e-01
-4.518554363499999865e-02 -8.388135603969999465e-01
-9.114562091999999296e-03 -9.430602390800000290e-01
3.887217870299999878e-02 -5.001800811869999697e-01
5.246900562299999793e-02 -7.368585743540000399e-01
5.976576626099999734e-02 -8.784793050329999797e-01
7.964874096000000570e-02 -1.000000000000000000e+00
1.386408188250000117e-01 -4.344826944979999772e-01
1.446813360349999966e-01 -5.508656871589999726e-01
7.026927652700000471e-02 -4.258179197899999990e-01
3.566385126899999924e-02 -3.400816091930000118e-01
2.154144593229999904e-01 -3.286555614489999888e-01
1.879264460700000028e-01 -4.139682311599999776e-01
1.160399325770000017e-01 -3.293854375560000269e-01
7.995956872399999360e-02 -2.576563242900000161e-01
