-1.712236301510000058e-01 -8.963008248100000352e-02
-2.624654462459999893e-01 -2.359213795120000123e-01
-2.242215280150000045e-01 -3.969730735120000076e-01
-1.166337090620000044e-01 -4.793803132109999976e-01
-2.363639792570000064e-01 -4.923230652030000098e-01
-2.774937997399999912e-01 -6.909756996439999632e-01
-2.856426379340000210e-01 -8.150331861409999545e-01
-2.808289810040000001e-01 -9.257522722280000504e-01
-1.326444388480000069e-01 -5.155599446640000139e-01
-1.885076772950000090e-01 -7.343586271980000468e-01
-2.164327809580000039e-01 -8.632838759709999810e-01
-2.334998173679999900e-01 -1.000000000000000000e+00
-3.252417273000000192e-02 -4.881260291480000180e-01
-5.320305617099999745e-02 -6.669930995299999665e-01
-8.572251412400000437e-02 -5.126000465979999587e-01
-9.989598676800000299e-02 -4.029239085979999802e-01
6.302472363899999652e-02 -4.154403661180000040e-01
2.708410521399999896e-02 -5.558625508750000277e-01
-2.304144538300000045e-02 -4.648480918310000098e-01
-4.383466217999999748e-02 -3.709628243720000107e-01
-1.747670647369999886e-01 -8.681559377200000205e-02
-2.656987046059999802e-01 -2.283433928749999953e-01
-2.325728889379999886e-01 -3.915492862120000250e-01
-1.271140777120000065e-01 -4.760544561799999741e-01
-2.444643738979999925e-01 -4.890158933759999882e-01
-2.909938815570000115e-01 -6.854170695760000154e-01
-3.052789344849999864e-01 -8.084502119709999768e-01
-3.075444571600000065e-01 -9.193902571080000419e-01
-1.422968252229999953e-01 -5.158531567799999884e-01
-2.000468919969999870e-01 -7.336633156290000013e-01
-2.346374880830000009e-01 -8.629185933520000518e-01
-2.589903645100000151e-01 -1.000000000000000000e+00
-4.220778225099999781e-02 -4.905609972889999892e-01
-6.484005006199999865e-02 -6.707395171569999759e-01
-9.542470457099999637e-02 -5.182763417810000162e-01
-1.078140705609999944e-01 -4.089548527679999768e-01
5.500476783399999708e-02 -4.191025733809999876e-01
1.817383830999999908e-02 -5.594656654209999580e-01
-3.104147183299999987e-02 -4.707450371420000002e-01
-4.957104253099999663e-02 -3.777916329520000227e-01
-1.747389747330000132e-01 -8.754901057699999989e-02
-2.658144069630000161e-01 -2.278785362079999988e-01
-2.338207709369999887e-01 -3.925766839729999957e-01
-1.276345195720000048e-01 -4.766539690609999935e-01
-2.463363854249999985e-01 -4.857716419340000202e-01
-2.989070343910000260e-01 -6.850690627929999499e-01
-3.169312305649999995e-01 -8.082653605139999975e-01
-3.220057313810000266e-01 -9.182429577949999810e-01
-1.447850909710000078e-01 -5.133583533729999537e-01
-2.072460043580000022e-01 -7.326449514999999746e-01
-2.448956581810000088e-01 -8.627611532040000419e-01
-2.720825478989999935e-01 -1.000000000000000000e+00
-4.469558606199999784e-02 -4.887168427949999949e-01
-6.966915698799999723e-02 -6.736013307160000352e-01
-9.937411067300000456e-02 -5.230644542960000143e-01
-1.110553947420000048e-01 -4.132704939569999958e-01
5.221186582299999768e-02 -4.167886223289999914e-01
1.634585984099999958e-02 -5.618797748689999816e-01
-3.295210238500000111e-02 -4.751423210979999756e-01
-5.092061509999999680e-02 -3.809290666769999945e-01
-1.763349790169999876e-01 -9.039125806900000226e-02
-2.651650482540000020e-01 -2.305254341799999884e-01
-2.341647845329999922e-01 -3.980102198700000149e-01
-1.291526841060000041e-01 -4.861996379510000188e-01
-2.480956364470000008e-01 -4.861591163269999849e-01
-3.030828517429999813e-01 -6.856795642170000482e-01
-3.224910250140000101e-01 -8.086681399430000194e-01
-3.294430428380000220e-01 -9.188608489930000234e-01
-1.474201753330000031e-01 -5.141182437810000172e-01
-2.126180470930000010e-01 -7.323094506580000163e-01
-2.517900724300000115e-01 -8.617030683440000116e-01
-2.814100910630000230e-01 -1.000000000000000000e+00
-4.748539797399999735e-02 -4.908155363069999777e-01
-7.515152800100000086e-02 -6.790445199379999686e-01
-1.035953297359999969e-01 -5.282758450550000262e-01
-1.146473300249999938e-01 -4.182909455520000264e-01
5.053465838099999857e-02 -4.206040466240000275e-01
1.217121611099999945e-02 -5.703978247519999600e-01
-3.572388949000000063e-02 -4.845082317100000147e-01
-5.103927973599999696e-02 -3.896026270299999816e-01
-1.785316403920000072e-01 -9.183876080300000522e-02
-2.671968964070000063e-01 -2.344612935329999925e-01
-2.357656975340000072e-01 -4.033754190639999848e-01
-1.293702570659999995e-01 -4.892124352450000213e-01
-2.515297807040000055e-01 -4.916355650779999920e-01
-3.084989607699999969e-01 -6.885061448179999877e-01
-3.292233790940000127e-01 -8.114291056179999684e-01
-3.369386339930000029e-01 -9.205622422150000483e-01
-1.514849827910000057e-01 -5.190798685630000353e-01
-2.183634057989999877e-01 -7.343391264130000318e-01
-2.571304446279999989e-01 -8.629201191509999758e-01
-2.857623353779999986e-01 -1.000000000000000000e+00
-5.164105549700000186e-02 -4.957428771519999944e-01
-7.952409053700000563e-02 -6.837574801350000397e-01
-1.077444640360000067e-01 -5.313930856380000289e-01
-1.181251353279999944e-01 -4.199993619169999914e-01
4.642172208700000302e-02 -4.271480705130000222e-01
6.361343323999999778e-03 -5.773158348010000163e-01
-4.115971770599999996e-02 -4.903803053520000010e-01
-5.513578153700000178e-02 -3.950650824770000069e-01
-1.767727787879999901e-01 -8.907838791899999609e-02
-2.687011972639999913e-01 -2.280089637820000015e-01
-2.390156485619999993e-01 -3.997460476929999840e-01
-1.334247018920000083e-01 -4.882382009099999753e-01
-2.553335899659999741e-01 -4.867805067279999953e-01
-3.188165041530000021e-01 -6.857317869510000108e-01
-3.419439016579999824e-01 -8.070592883830000064e-01
-3.507592963830000188e-01 -9.154072258759999858e-01
-1.559290326739999899e-01 -5.182681107929999476e-01
-2.304482494819999894e-01 -7.349814586520000415e-01
-2.724321848640000043e-01 -8.629078482230000402e-01
-3.024862523160000150e-01 -1.000000000000000000e+00
-5.607448274900000279e-02 -4.972945094730000237e-01
-8.829485537299999742e-02 -6.851050469549999633e-01
-1.114667292779999985e-01 -5.314054269650000384e-01
-1.173058453289999997e-01 -4.205570321730000005e-01
4.320379333399999855e-02 -4.285306183540000258e-01
1.918574266999999948e-03 -5.817541025879999772e-01
-4.246986653499999764e-02 -4.953398312230000156e-01
-5.294875807300000042e-02 -3.995882954589999869e-01
-1.787500610889999897e-01 -9.087622468999999314e-02
-2.705313419429999922e-01 -2.297054374670000065e-01
-2.400670820470000022e-01 -4.035001558279999734e-01
-1.341026711309999953e-01 -4.934153759129999983e-01
-2.590311332379999776e-01 -4.885037971499999743e-01
-3.238813850319999799e-01 -6.879959749170000416e-01
-3.492739654950000050e-01 -8.079088395600000361e-01
-3.607414597179999793e-01 -9.156291335420000399e-01
-1.577581793550000000e-01 -5.216191986210000353e-01
-2.354658902790000008e-01 -7.387224166839999606e-01
-2.806465262960000095e-01 -8.644958972030000188e-01
-3.141119727259999994e-01 -1.000000000000000000e+00
-5.576977977699999756e-02 -5.012247901530000327e-01
-8.978382804300000242e-02 -6.919509555170000326e-01
-1.129078260790000038e-01 -5.421303777599999485e-01
-1.186348633829999999e-01 -4.325018446960000040e-01
4.521148110099999784e-02 -4.311209263460000218e-01
4.242467457000000108e-03 -5.869439773169999874e-01
-4.240023885599999987e-02 -5.002755026749999834e-01
-5.473560155499999913e-02 -4.030094385949999913e-01
-1.764007540779999883e-01 -8.395177329500000396e-02
-2.720654638230000089e-01 -2.203906596059999889e-01
-2.435061149799999936e-01 -3.916813452890000047e-01
-1.376322365540000037e-01 -4.831286836479999902e-01
-2.676473894310000268e-01 -4.885422476230000255e-01
-3.357121922910000222e-01 -6.812760196839999782e-01
-3.601520132989999845e-01 -8.011609207569999613e-01
-3.684652374590000057e-01 -9.084929723939999535e-01
-1.670283049259999875e-01 -5.245773988719999448e-01
-2.515137703179999851e-01 -7.390527035489999896e-01
-2.955891133970000029e-01 -8.646425925720000460e-01
-3.263468991610000147e-01 -1.000000000000000000e+00
-6.375841591200000213e-02 -5.052372800579999490e-01
-9.569092619900000651e-02 -6.908080414360000532e-01
-1.147101609680000051e-01 -5.386437970909999651e-01
-1.199200123949999974e-01 -4.275786595189999817e-01
4.038450776799999697e-02 -4.348015600860000163e-01
1.653709836000000081e-03 -5.868428144849999750e-01
-4.103095736899999707e-02 -5.007186535269999572e-01
-5.263708852099999863e-02 -4.049035670039999868e-01
-1.776060206479999903e-01 -8.794583201000000239e-02
-2.721975462830000247e-01 -2.227699885659999990e-01
-2.468570407529999955e-01 -3.913713841750000033e-01
-1.445228489020000118e-01 -4.798457279950000265e-01
-2.710134092579999932e-01 -4.908347754140000019e-01
-3.403172704990000130e-01 -6.803231868310000152e-01
-3.652338414449999848e-01 -8.016465337920000156e-01
-3.753782678540000250e-01 -9.104583355690000213e-01
-1.710170860369999990e-01 -5.282046089120000509e-01
-2.593808586099999869e-01 -7.436484654070000255e-01
-3.092186885629999993e-01 -8.675010543109999972e-01
-3.471112742560000242e-01 -1.000000000000000000e+00
-6.774273720699999779e-02 -5.097845508189999819e-01
-1.033111166159999955e-01 -6.952876757799999474e-01
-1.209270384469999932e-01 -5.450428485349999574e-01
-1.245987271650000061e-01 -4.338923242320000262e-01
3.807220536900000202e-02 -4.401142172190000146e-01
-3.061705118000000031e-03 -5.924971012719999486e-01
-4.500470781700000034e-02 -5.068994851100000476e-01
-5.492316972599999708e-02 -4.108099903099999839e-01
-1.828438269600000110e-01 -8.777028165200000120e-02
-2.800508928220000193e-01 -2.263565858350000126e-01
-2.554563576830000127e-01 -3.941735083899999825e-01
-1.536866508199999926e-01 -4.830616987979999832e-01
-2.819726651130000095e-01 -4.958180650799999811e-01
-3.489592361030000034e-01 -6.802190979100000146e-01
-3.726925373200000169e-01 -8.042515321150000007e-01
-3.820740872749999739e-01 -9.166769404410000099e-01
-1.791001719479999865e-01 -5.358972809690000227e-01
-2.698100755419999830e-01 -7.479737268049999610e-01
-3.219015041350000161e-01 -8.705291787409999982e-01
-3.616087958159999727e-01 -1.000000000000000000e+00
-7.231218387000000469e-02 -5.192935386300000511e-01
-1.103450198030000023e-01 -7.012038422699999884e-01
-1.312171934299999898e-01 -5.529408629319999546e-01
-1.369404658149999954e-01 -4.396023092999999937e-01
3.584394549799999746e-02 -4.514548885670000011e-01
-7.569296780000000016e-03 -5.943163036869999472e-01
-5.160289873699999696e-02 -5.091079556040000176e-01
-6.378515428000000598e-02 -4.141017832019999734e-01
-1.866643079189999888e-01 -8.495798634399999438e-02
-2.868537120030000276e-01 -2.237914919029999894e-01
-2.605154787610000078e-01 -3.950421896410000189e-01
-1.576322049249999913e-01 -4.863509911469999780e-01
-2.942775594759999835e-01 -4.955566547810000277e-01
-3.633877023609999868e-01 -6.796735085520000386e-01
-3.872939973299999727e-01 -8.055855045890000232e-01
-3.963261313600000002e-01 -9.196312373139999830e-01
-1.902546790790000109e-01 -5.378416037940000338e-01
-2.860986808770000223e-01 -7.482149395380000012e-01
-3.375388171450000030e-01 -8.709870319870000044e-01
-3.761282813499999822e-01 -1.000000000000000000e+00
-8.164765676799999594e-02 -5.229686024480000306e-01
-1.215585789199999933e-01 -7.049308651819999882e-01
-1.386936723480000078e-01 -5.525045483739999819e-01
-1.424032086879999937e-01 -4.370442321949999931e-01
2.985848316300000055e-02 -4.570053548099999863e-01
-1.751005106599999930e-02 -5.992148092369999901e-01
-5.901732279400000170e-02 -5.097131302920000495e-01
-6.915386634299999780e-02 -4.125144516340000234e-01
-1.955002471739999970e-01 -8.498332377499999424e-02
-3.000149895759999796e-01 -2.281064273249999996e-01
-2.781853066839999888e-01 -4.032889940209999913e-01
-1.758017513379999952e-01 -4.914330533679999724e-01
-3.140616962550000224e-01 -4.964181814540000182e-01
-3.899382306940000209e-01 -6.833876729050000209e-01
-4.175656678749999906e-01 -8.084777661240000191e-01
-4.287268512280000277e-01 -9.208697681890000153e-01
-2.104547388880000092e-01 -5.402558155669999751e-01
-3.158451347699999801e-01 -7.487924792390000528e-01
-3.699863899190000138e-01 -8.700642213970000149e-01
-4.109473231510000213e-01 -1.000000000000000000e+00
-9.869913724899999352e-02 -5.271788913410000443e-01
-1.406216140750000121e-01 -7.156782360679999622e-01
-1.559506306239999973e-01 -5.625995003229999902e-01
-1.586439138880000044e-01 -4.432906150170000115e-01
1.693126880599999870e-02 -4.641778753349999898e-01
-2.981526639800000100e-02 -6.098400924850000404e-01
-7.124272506499999824e-02 -5.228884021209999622e-01
-8.106179816000000371e-02 -4.261546105460000122e-01
-1.963399613419999912e-01 -8.137665846599999309e-02
-3.040040294699999923e-01 -2.268265168030000056e-01
-2.849451535729999874e-01 -4.054730887099999848e-01
-1.823993093369999929e-01 -4.976785498610000191e-01
-3.150891665850000245e-01 -4.886997678059999961e-01
-3.952206482119999809e-01 -6.711322420790000187e-01
-4.274204709769999777e-01 -7.948693878250000511e-01
-4.434674433510000235e-01 -9.077150782980000221e-01
-2.126981845610000088e-01 -5.359766620150000493e-01
-3.197518929729999959e-01 -7.455084624450000197e-01
-3.805053382279999785e-01 -8.680577588179999582e-01
-4.288851400250000001e-01 -1.000000000000000000e+00
-1.023756484440000031e-01 -5.267952477489999952e-01
-1.506116892630000037e-01 -7.164955264019999825e-01
-1.640647889519999958e-01 -5.622938715519999464e-01
-1.633905971400000101e-01 -4.428687746209999943e-01
1.143739314299999955e-02 -4.675007127770000048e-01
-3.765864638900000283e-02 -6.137695299540000260e-01
-8.105475737400000269e-02 -5.234335512840000426e-01
-9.120954170499999403e-02 -4.240697716710000176e-01
-1.951059107420000105e-01 -8.095949005300000223e-02
-3.053660749139999742e-01 -2.297426019619999982e-01
-2.821070069350000153e-01 -4.119422771940000061e-01
-1.790795520719999923e-01 -5.073503894719999519e-01
-3.167343512090000091e-01 -4.928184880629999931e-01
-3.987441077339999862e-01 -6.769818653779999806e-01
-4.310041445630000134e-01 -8.016573401009999822e-01
-4.463401644750000230e-01 -9.136696877679999496e-01
-2.124211641290000008e-01 -5.404267731399999830e-01
-3.239702932960000226e-01 -7.497415182790000410e-01
-3.851894893100000217e-01 -8.706039659450000023e-01
-4.337095584690000005e-01 -1.000000000000000000e+00
-1.001159161910000067e-01 -5.316613754519999846e-01
-1.513085795269999978e-01 -7.243919670799999766e-01
-1.623395926950000068e-01 -5.663000344499999894e-01
-1.596897685229999864e-01 -4.445323736760000144e-01
1.526166600800000009e-02 -4.730915468040000071e-01
-3.657031440700000274e-02 -6.194890790420000126e-01
-7.853704967900000666e-02 -5.271727328349999908e-01
-8.748095296100000251e-02 -4.276669684400000171e-01
-1.966339711350000019e-01 -8.222983729199999370e-02
-3.070311319490000024e-01 -2.305930463720000101e-01
-2.879893986879999979e-01 -4.148942888930000072e-01
-1.870171088139999938e-01 -5.113487816159999477e-01
-3.185518852559999781e-01 -4.896057578779999808e-01
-4.018962607400000109e-01 -6.756599099290000465e-01
-4.352080356299999897e-01 -7.998120354979999513e-01
-4.519200382019999962e-01 -9.118717216659999458e-01
-2.154458794209999917e-01 -5.381090271399999736e-01
-3.265696429050000127e-01 -7.498055690239999738e-01
-3.897920512779999846e-01 -8.697753706149999875e-01
-4.406402623110000083e-01 -1.000000000000000000e+00
-1.049001370429999969e-01 -5.309410078080000206e-01
-1.596639134429999884e-01 -7.252700236110000143e-01
-1.701939347629999877e-01 -5.674094880200000190e-01
-1.652158523960000069e-01 -4.476639351830000169e-01
9.869909782000000839e-03 -4.734708588050000055e-01
-4.541301977900000231e-02 -6.253642387929999602e-01
-8.713324065899999415e-02 -5.329568114160000425e-01
-9.308546752099999821e-02 -4.323389997439999743e-01
-1.981517900370000085e-01 -7.757763712199999828e-02
-3.130613653179999956e-01 -2.252188999949999992e-01
-2.963436060640000091e-01 -4.108724911309999950e-01
-1.983425989660000111e-01 -5.111711260140000546e-01
-3.270897462199999772e-01 -4.896441112000000095e-01
-4.100037895979999902e-01 -6.764937189590000122e-01
-4.441056408569999947e-01 -8.010321878210000524e-01
-4.616769025770000034e-01 -9.128018359189999931e-01
-2.237061291319999978e-01 -5.388860872299999771e-01
-3.371806414490000070e-01 -7.516079300379999717e-01
-3.997337166489999816e-01 -8.712450213029999668e-01
-4.504217446400000102e-01 -1.000000000000000000e+00
-1.118339408590000028e-01 -5.330709460810000300e-01
-1.692336051270000030e-01 -7.311003229850000507e-01
-1.785547711450000130e-01 -5.734741302000000429e-01
-1.736720177549999911e-01 -4.523083554349999758e-01
4.009270930999999857e-03 -4.775651353550000033e-01
-5.318267277199999893e-02 -6.263624905469999948e-01
-9.433453575399999846e-02 -5.324285179640000365e-01
-1.006229529760000047e-01 -4.315430064790000131e-01
-2.051247085679999971e-01 -7.563644291399999886e-02
-3.213871981940000233e-01 -2.246710481489999911e-01
-3.097942498540000034e-01 -4.146876476970000058e-01
-2.087246526039999994e-01 -5.164552470790000349e-01
-3.327086973030000117e-01 -4.821551786559999941e-01
-4.192522695800000032e-01 -6.673913862429999844e-01
-4.543148182339999952e-01 -7.932296928049999973e-01
-4.722250527869999992e-01 -9.061638479319999995e-01
-2.304409473690000043e-01 -5.325299576019999481e-01
-3.462945532300000240e-01 -7.444114721500000309e-01
-4.064629497180000106e-01 -8.675909655500000373e-01
-4.551887280169999994e-01 -1.000000000000000000e+00
-1.191096429580000005e-01 -5.271762092920000420e-01
-1.764945804999999979e-01 -7.327633077590000044e-01
-1.868122161770000011e-01 -5.745835351610000252e-01
-1.835637312120000086e-01 -4.492951804670000104e-01
-4.999510625000000083e-03 -4.721553736929999801e-01
-6.413789621000000329e-02 -6.208537666119999798e-01
-1.069440863560000010e-01 -5.259343824919999744e-01
-1.153739743059999934e-01 -4.227693539160000125e-01
-1.987597075280000125e-01 -7.815905787299999574e-02
-3.144910279029999867e-01 -2.239010381919999959e-01
-3.024451228830000171e-01 -4.119515053869999832e-01
-2.017147430389999996e-01 -5.146101470189999860e-01
-3.213240543750000011e-01 -4.859919172089999795e-01
-4.071261415990000132e-01 -6.760291483750000552e-01
-4.412176308729999774e-01 -8.000907388039999457e-01
-4.560574238369999867e-01 -9.087567477660000170e-01
-2.192776953049999922e-01 -5.318102151529999766e-01
-3.329974789149999781e-01 -7.463933058010000510e-01
-3.918661707489999868e-01 -8.689803106919999909e-01
-4.390526947030000127e-01 -1.000000000000000000e+00
-1.079732770129999964e-01 -5.238314913229999981e-01
-1.669056601660000028e-01 -7.320899487049999932e-01
-1.775817042420000103e-01 -5.747907662869999879e-01
-1.731825249429999880e-01 -4.497462965430000237e-01
6.408299206000000157e-03 -4.681518792720000266e-01
-5.302778560399999674e-02 -6.214195291549999833e-01
-9.601203311000000573e-02 -5.283637399849999694e-01
-1.039024349930000035e-01 -4.253739177120000048e-01
-1.999073329240000085e-01 -7.698259070400000070e-02
-3.163377932040000173e-01 -2.213883757110000072e-01
-3.055325548189999907e-01 -4.125084492369999745e-01
-2.038089291329999997e-01 -5.161452942740000216e-01
-3.242549981380000168e-01 -4.829997713899999989e-01
-4.113269520000000234e-01 -6.736055123349999896e-01
-4.433197998419999841e-01 -7.979540283880000029e-01
-4.560207090119999807e-01 -9.079092088129999683e-01
-2.231900641640000016e-01 -5.291365524819999777e-01
-3.373084385449999778e-01 -7.436866234119999808e-01
-3.913108069630000241e-01 -8.669711112810000175e-01
-4.330415148249999735e-01 -1.000000000000000000e+00
-1.119720604109999962e-01 -5.215469562729999620e-01
-1.715819585760000043e-01 -7.292320273279999654e-01
-1.791993134290000012e-01 -5.701333047729999493e-01
-1.725549646410000082e-01 -4.455912226950000110e-01
2.754947946999999897e-03 -4.669258147040000195e-01
-5.894631412600000175e-02 -6.198020276889999458e-01
-1.003587370479999963e-01 -5.257785010150000105e-01
-1.062900821929999989e-01 -4.227414979449999888e-01
-2.016676283349999876e-01 -8.061140622500000130e-02
-3.167131635889999797e-01 -2.243366748439999947e-01
-3.105368333319999952e-01 -4.160206591780000185e-01
-2.098203218080000043e-01 -5.203154159839999959e-01
-3.219473814770000275e-01 -4.836565118780000172e-01
-4.106269025970000208e-01 -6.765050399499999978e-01
-4.462201805059999860e-01 -7.993296925859999513e-01
-4.637702177140000104e-01 -9.078332895530000224e-01
-2.217687229839999941e-01 -5.298587757799999576e-01
-3.324234126419999824e-01 -7.457359246679999831e-01
-3.881418491010000249e-01 -8.673120761070000073e-01
-4.330976171309999789e-01 -1.000000000000000000e+00
-1.119924721869999945e-01 -5.221353283509999610e-01
-1.712498637529999979e-01 -7.333961479230000080e-01
-1.824544135479999885e-01 -5.789406155099999784e-01
-1.775598586869999995e-01 -4.552744184440000175e-01
1.517871367999999895e-03 -4.664342122230000220e-01
-5.684184441199999910e-02 -6.238545024139999784e-01
-1.017744713459999978e-01 -5.342051847909999873e-01
-1.096124884970000046e-01 -4.311103222320000206e-01
-1.989998489170000107e-01 -8.644139347199999990e-02
-3.075410704320000188e-01 -2.354566941759999865e-01
-2.934148581309999892e-01 -4.254798614720000094e-01
-1.947254313519999891e-01 -5.318377913280000202e-01
-3.076685261529999993e-01 -4.870429986790000276e-01
-3.829166090410000001e-01 -6.821247025009999909e-01
-4.120272118319999732e-01 -8.084163166829999581e-01
-4.241283337810000109e-01 -9.196339308359999798e-01
-2.079275009129999963e-01 -5.300742159760000183e-01
-3.127702343100000060e-01 -7.437286326390000202e-01
-3.688187991299999857e-01 -8.667910016759999836e-01
-4.140423613470000097e-01 -1.000000000000000000e+00
-1.014245768609999959e-01 -5.230186364579999525e-01
-1.562179690949999922e-01 -7.304466458539999874e-01
-1.686949966650000132e-01 -5.766792349010000374e-01
-1.653183786230000007e-01 -4.539065702339999953e-01
9.629972076000000228e-03 -4.708807966099999853e-01
-4.936463056499999780e-02 -6.334616109489999980e-01
-9.439157724299999941e-02 -5.448003577419999743e-01
-1.026721518069999978e-01 -4.404547016600000031e-01
-1.996178204000000067e-01 -8.444951062500000161e-02
-3.097188635940000268e-01 -2.294498549769999896e-01
-3.017885333409999760e-01 -4.164527856010000195e-01
-1.982655486780000031e-01 -5.128512098790000140e-01
-2.989827465170000198e-01 -4.836696463199999796e-01
-3.794128241490000164e-01 -6.771621006169999957e-01
-4.135583931199999785e-01 -7.986580331549999467e-01
-4.316973836779999796e-01 -9.056953490050000388e-01
-2.017557549120000127e-01 -5.264466382519999987e-01
-3.007477089130000114e-01 -7.439860237409999799e-01
-3.585760869049999799e-01 -8.668452373339999850e-01
-4.056272840710000160e-01 -1.000000000000000000e+00
-9.661882332900000037e-02 -5.178835722719999923e-01
-1.518620259460000121e-01 -7.348531982489999725e-01
-1.695896002229999866e-01 -5.834212088700000409e-01
-1.678750471190000038e-01 -4.622846018319999861e-01
1.130102681900000024e-02 -4.622249177980000123e-01
-4.755521928099999684e-02 -6.294604324320000055e-01
-9.525741846299999593e-02 -5.445841066190000301e-01
-1.028045814609999942e-01 -4.428376954800000154e-01
-1.965870244869999950e-01 -8.599861164899999522e-02
-3.055212028870000207e-01 -2.347200962950000136e-01
-2.944063973830000069e-01 -4.213813957740000227e-01
-1.958635931909999961e-01 -5.225685624489999626e-01
-2.960401139650000180e-01 -4.844912072320000096e-01
-3.692753457690000074e-01 -6.795416211960000341e-01
-3.986293223299999799e-01 -8.054701912520000340e-01
-4.112270028000000188e-01 -9.160724005799999459e-01
-1.985447816879999938e-01 -5.261744341080000220e-01
-2.975995417580000191e-01 -7.427767684530000025e-01
-3.510998508179999922e-01 -8.673490905509999571e-01
-3.913837599259999966e-01 -1.000000000000000000e+00
-9.401161261099999500e-02 -5.183555391370000542e-01
-1.463562003780000120e-01 -7.281048388849999942e-01
-1.624490622120000061e-01 -5.767262565340000036e-01
-1.603084838399999879e-01 -4.572879264690000167e-01
1.438181416099999950e-02 -4.660154794490000141e-01
-4.427144826099999736e-02 -6.290691816460000085e-01
-9.021800257199999451e-02 -5.429199760109999495e-01
-9.776560196300000671e-02 -4.422180212499999818e-01
-1.956491592010000113e-01 -8.482312155599999737e-02
-3.028280401740000016e-01 -2.308538815710000081e-01
-2.941224950849999908e-01 -4.142642344440000124e-01
-1.961380177170000128e-01 -5.112029959260000478e-01
-2.879163043760000207e-01 -4.850063060209999777e-01
-3.553416958169999806e-01 -6.789820730490000456e-01
-3.819934386919999758e-01 -8.045799183209999539e-01
-3.927484670649999954e-01 -9.146302966930000000e-01
-1.921502322710000044e-01 -5.240614413509999681e-01
-2.846231717950000184e-01 -7.400837475129999898e-01
-3.349005147540000116e-01 -8.650520482039999459e-01
-3.741009187559999893e-01 -1.000000000000000000e+00
-8.943177987900000070e-02 -5.141801400629999463e-01
-1.373817925090000114e-01 -7.256483209359999575e-01
-1.561515201960000099e-01 -5.776175698040000306e-01
-1.582783437999999987e-01 -4.600486123049999931e-01
1.553426546400000011e-02 -4.606706484590000206e-01
-3.936615340800000279e-02 -6.250224988429999851e-01
-8.726864791800000021e-02 -5.434845784309999539e-01
-9.912258567899999429e-02 -4.453054459779999807e-01
-1.958685420650000120e-01 -8.911601096799999511e-02
-3.006350787300000049e-01 -2.357215834190000137e-01
-2.905511972929999964e-01 -4.210574361339999849e-01
-1.921529039210000123e-01 -5.189243542100000495e-01
-2.837549732599999874e-01 -4.857686960720000169e-01
-3.479805364779999799e-01 -6.842405993779999696e-01
-3.740172553119999743e-01 -8.098747272059999558e-01
-3.843171745360000058e-01 -9.194935184689999597e-01
-1.858255383669999983e-01 -5.240708190930000177e-01
-2.728266382360000075e-01 -7.430058428160000172e-01
-3.221575256120000064e-01 -8.667626658110000326e-01
-3.608166404870000177e-01 -1.000000000000000000e+00
-8.267674348799999851e-02 -5.126041899150000081e-01
-1.268333140510000123e-01 -7.274566289580000067e-01
-1.477384294250000119e-01 -5.802311127770000132e-01
-1.486472001440000135e-01 -4.625295959860000194e-01
2.255865165599999986e-02 -4.564663472170000236e-01
-2.696815234100000125e-02 -6.229641284610000218e-01
-7.715048276199999722e-02 -5.431240811440000149e-01
-8.978481030200000101e-02 -4.457556384940000171e-01
-1.906982440799999956e-01 -9.374685551299999364e-02
-2.886767886400000149e-01 -2.395227495430000131e-01
-2.795709409839999826e-01 -4.211362043079999729e-01
-1.823045071970000042e-01 -5.145119973409999492e-01
-2.661922212219999806e-01 -4.847752348939999845e-01
-3.275123101390000069e-01 -6.815122087539999818e-01
-3.536936017710000102e-01 -8.033525500199999447e-01
-3.640655778160000189e-01 -9.091531269150000538e-01
-1.719115073910000013e-01 -5.182674359429999544e-01
-2.468146753329999998e-01 -7.361033107650000185e-01
-2.907492197870000239e-01 -8.625058429109999647e-01
-3.244300468560000206e-01 -1.000000000000000000e+00
-7.266745685599999838e-02 -5.032509720550000232e-01
-1.094957623630000015e-01 -7.163954013559999945e-01
-1.340172141729999988e-01 -5.735675712350000177e-01
-1.373290790639999925e-01 -4.600340709419999952e-01
2.743082231499999885e-02 -4.448897009780000134e-01
-1.668373810000000138e-02 -6.141240674419999879e-01
-6.926043178000000633e-02 -5.383453704739999957e-01
-8.376247049700000225e-02 -4.436050384829999804e-01
-1.899064886040000011e-01 -9.834287373500000262e-02
-2.860036313880000014e-01 -2.448654211430000005e-01
-2.708317543470000199e-01 -4.280907703699999844e-01
-1.675175622570000133e-01 -5.173374390870000283e-01
-2.568883567899999942e-01 -4.882694110420000011e-01
-3.169002530439999910e-01 -6.882362037600000537e-01
-3.406312163820000016e-01 -8.091738095560000454e-01
-3.495418888799999846e-01 -9.145772974610000272e-01
-1.626140054090000064e-01 -5.204644149780000006e-01
-2.302066941769999875e-01 -7.398004299329999922e-01
-2.678914161589999732e-01 -8.627748181050000076e-01
-2.959645036090000070e-01 -1.000000000000000000e+00
-6.496898538299999970e-02 -5.042050728400000459e-01
-9.807396900499999737e-02 -7.179209236700000440e-01
-1.255688387560000008e-01 -5.714337075669999599e-01
-1.310881895100000083e-01 -4.585004554989999814e-01
3.374412450799999658e-02 -4.443504233410000004e-01
-7.856880930999999429e-03 -6.197920063699999815e-01
-5.914598572199999960e-02 -5.434635402430000317e-01
-7.270346734600000027e-02 -4.480075760259999984e-01
-1.899765022279999993e-01 -1.003161752219999953e-01
-2.850447476599999863e-01 -2.493395054429999869e-01
-2.688192735500000152e-01 -4.331131306670000236e-01
-1.645672541140000000e-01 -5.209225534679999825e-01
-2.487145390889999863e-01 -4.869942026640000088e-01
-3.076416471799999774e-01 -6.901792209620000174e-01
-3.309515858709999869e-01 -8.103456063939999954e-01
-3.405657547450000044e-01 -9.151769572639999462e-01
-1.547682767080000021e-01 -5.171331535159999770e-01
-2.173600664929999926e-01 -7.395506347529999802e-01
-2.536330036689999901e-01 -8.627618232599999493e-01
-2.813994543610000010e-01 -1.000000000000000000e+00
-5.884584183899999738e-02 -5.002696843260000525e-01
-9.194698882799999529e-02 -7.170201851759999689e-01
-1.229759838969999991e-01 -5.708244667520000482e-01
-1.301680471960000030e-01 -4.582885492339999756e-01
3.755759023699999782e-02 -4.411959257140000146e-01
-2.625546217999999866e-03 -6.199361998040000543e-01
-5.512024483300000111e-02 -5.457586751209999587e-01
-6.909405248599999327e-02 -4.513037767559999747e-01
-1.907576102190000067e-01 -9.930836262700000472e-02
-2.840701444129999920e-01 -2.536666119730000002e-01
-2.631992568600000082e-01 -4.359755107839999866e-01
-1.577688152339999927e-01 -5.217299437029999654e-01
-2.471675126339999973e-01 -4.944478751290000140e-01
-2.992364870650000008e-01 -6.931768962090000263e-01
-3.196554211379999955e-01 -8.142431206729999760e-01
-3.264227423320000265e-01 -9.195519863969999763e-01
-1.516456281659999961e-01 -5.225713832939999914e-01
-2.090192039890000075e-01 -7.429552158319999711e-01
-2.425100925570000121e-01 -8.650843550979999685e-01
-2.665504025689999779e-01 -1.000000000000000000e+00
-5.463166007899999954e-02 -5.028316260159999551e-01
-8.158619050099999437e-02 -7.165691245999999959e-01
-1.171397487629999984e-01 -5.705391534570000145e-01
-1.281133676060000059e-01 -4.565101687709999800e-01
4.103191865999999965e-02 -4.416567862440000103e-01
4.900433370999999864e-03 -6.151975728730000315e-01
-4.885765312800000038e-02 -5.421980136940000028e-01
-6.543699100399999469e-02 -4.500677540660000253e-01
-1.845564289349999887e-01 -1.068758926719999974e-01
-2.731190970999999856e-01 -2.597930263609999901e-01
-2.500712934420000200e-01 -4.422414802490000074e-01
-1.468029709929999926e-01 -5.271092344819999775e-01
-2.334678048169999964e-01 -4.959670418489999788e-01
-2.774714959480000243e-01 -6.996621964910000324e-01
-2.900859217930000233e-01 -8.241508102590000551e-01
-2.886892477660000234e-01 -9.321330107120000541e-01
-1.387747775439999998e-01 -5.207122707419999941e-01
-1.955153820349999905e-01 -7.409935828170000072e-01
-2.228429585929999901e-01 -8.633112584150000046e-01
-2.416385679549999943e-01 -1.000000000000000000e+00
-4.309648574000000260e-02 -4.991932226779999815e-01
-6.776358671799999345e-02 -7.126392362719999873e-01
-1.005801994909999997e-01 -5.680651116389999755e-01
-1.109870303189999935e-01 -4.574525932569999953e-01
5.234226422700000159e-02 -4.378693774849999887e-01
1.867154003299999893e-02 -6.144911463909999982e-01
-3.449065465299999689e-02 -5.433284451809999860e-01
-5.224226599799999815e-02 -4.532585478630000164e-01
-1.877896264760000045e-01 -1.047781945390000025e-01
-2.768141651420000238e-01 -2.653044192730000250e-01
-2.526441980370000007e-01 -4.482826789870000272e-01
-1.491708923810000087e-01 -5.323948709920000022e-01
-2.330014217399999921e-01 -5.014900646009999852e-01
-2.775219540039999822e-01 -7.024230527500000543e-01
-2.923725748509999889e-01 -8.285253922440000141e-01
-2.931521134939999995e-01 -9.375099348830000512e-01
-1.382405500910000029e-01 -5.254983192679999471e-01
-1.905791229830000044e-01 -7.443036131210000184e-01
-2.174317193589999919e-01 -8.664875160030000023e-01
-2.335843714929999870e-01 -1.000000000000000000e+00
-4.260456523500000259e-02 -5.033097684880000200e-01
-6.362849037800000218e-02 -7.126654716400000478e-01
-1.021924136999999982e-01 -5.689264232509999575e-01
-1.154037379780000067e-01 -4.560389886380000202e-01
5.091280422000000333e-02 -4.416426912570000085e-01
1.932596176599999868e-02 -6.142564472810000398e-01
-3.569820128099999990e-02 -5.449115582389999490e-01
-5.376509899899999806e-02 -4.553023483770000102e-01
-1.872223113910000125e-01 -1.098168173539999931e-01
-2.715506497960000210e-01 -2.692773374349999860e-01
-2.449355152749999875e-01 -4.503224812230000040e-01
-1.404460186020000112e-01 -5.306090037730000208e-01
-2.244490129820000124e-01 -4.979938455299999789e-01
-2.669311196149999899e-01 -6.968889489609999544e-01
-2.811798362819999952e-01 -8.205304640120000270e-01
-2.819994765889999866e-01 -9.275791778120000552e-01
-1.303956460829999997e-01 -5.199682881730000039e-01
-1.810572264339999904e-01 -7.387761047240000156e-01
-2.100780363170000054e-01 -8.641647397149999632e-01
-2.295691196909999954e-01 -1.000000000000000000e+00
-3.481836395000000028e-02 -4.962507702050000247e-01
-5.482975201499999673e-02 -7.055062308820000405e-01
-9.502789717500000066e-02 -5.658572573569999875e-01
-1.100555690799999986e-01 -4.543352509410000239e-01
5.757817860399999654e-02 -4.340856572590000018e-01
2.774264338800000104e-02 -6.075177099080000254e-01
-3.059346528499999954e-02 -5.407909883939999718e-01
-5.232864422599999704e-02 -4.525188605759999927e-01
-1.860093907669999880e-01 -1.116919426140000060e-01
-2.679506572500000017e-01 -2.725248317160000044e-01
-2.335546200760000024e-01 -4.540967659990000072e-01
-1.272550005779999882e-01 -5.339443520109999897e-01
-2.190122686139999997e-01 -4.970995926069999848e-01
-2.591041229450000150e-01 -6.975287376380000515e-01
-2.721801749020000272e-01 -8.197117375539999529e-01
-2.723250157630000001e-01 -9.254352667509999630e-01
-1.237528404149999955e-01 -5.183225145680000479e-01
-1.695189194429999879e-01 -7.394648966469999918e-01
-1.963011804960000106e-01 -8.653948055629999692e-01
-2.128579372490000121e-01 -1.000000000000000000e+00
-2.818460574399999849e-02 -4.940754141400000021e-01
-4.426804203100000168e-02 -7.021841751630000239e-01
-8.596747225900000511e-02 -5.647004485529999451e-01
-1.024717216299999983e-01 -4.537478935140000225e-01
6.328229509499999628e-02 -4.317471288320000045e-01
3.572976582000000206e-02 -6.027468798509999504e-01
-2.137749656599999964e-02 -5.337921765680000430e-01
-4.304316680899999970e-02 -4.431923672909999778e-01
-1.775994717180000015e-01 -1.118263773749999940e-01
-2.570275294750000161e-01 -2.701493588069999729e-01
-2.283406718680000003e-01 -4.480157016740000109e-01
-1.255645310609999898e-01 -5.293255085139999538e-01
-2.041975168850000133e-01 -4.945786011469999743e-01
-2.482493676720000098e-01 -6.909828249760000540e-01
-2.653960923850000042e-01 -8.090869423319999587e-01
-2.700653575820000096e-01 -9.117648057610000523e-01
-1.125871865390000032e-01 -5.151056486889999952e-01
-1.573009777909999962e-01 -7.375934693140000498e-01
-1.850130021970000094e-01 -8.632694050560000276e-01
-2.040534375520000054e-01 -1.000000000000000000e+00
-1.989200368700000041e-02 -4.902344267729999983e-01
-3.950335002199999862e-02 -7.003261197200000288e-01
-7.769518614699999493e-02 -5.636747447559999902e-01
-9.096575779299999331e-02 -4.557103287700000060e-01
7.054731038700000345e-02 -4.270264108669999947e-01
4.339214044200000175e-02 -6.005273932100000378e-01
-1.325279825700000080e-02 -5.343457136639999661e-01
-3.387107802199999795e-02 -4.473888349299999789e-01
-1.817914858640000131e-01 -1.108061220149999943e-01
-2.598078188640000064e-01 -2.683230139930000147e-01
-2.277059180300000096e-01 -4.452583255609999791e-01
-1.246000581070000057e-01 -5.222909771070000096e-01
-2.062278040520000022e-01 -4.937188126759999851e-01
-2.422197749799999966e-01 -6.877184474219999455e-01
-2.536445823749999828e-01 -8.055555046560000099e-01
-2.528693508559999858e-01 -9.071474133650000438e-01
-1.136915061760000040e-01 -5.153492176049999651e-01
-1.527453803209999905e-01 -7.374284125640000465e-01
-1.777179743969999892e-01 -8.656810612149999917e-01
-1.925135424589999866e-01 -1.000000000000000000e+00
-1.991652094199999889e-02 -4.910341756769999733e-01
-3.127773804200000007e-02 -6.969389722519999664e-01
-7.519270675700000239e-02 -5.617834003270000265e-01
-9.432646307000000507e-02 -4.514656069820000006e-01
6.956038475299999857e-02 -4.299247849649999731e-01
4.558813319599999692e-02 -5.969212796270000343e-01
-1.229824078800000053e-02 -5.300424439769999552e-01
-3.625461173800000048e-02 -4.412607899050000060e-01
-1.756760081669999918e-01 -1.149214303550000066e-01
-2.486514678850000049e-01 -2.757676887809999977e-01
-2.158265653720000121e-01 -4.550079054519999833e-01
-1.134906851009999940e-01 -5.333356695730000485e-01
-1.952734989519999964e-01 -4.913487140460000013e-01
-2.302112883530000043e-01 -6.904221937109999985e-01
-2.411365643729999897e-01 -8.081131754939999690e-01
-2.377443849950000021e-01 -9.081645929020000230e-01
-1.026084415380000003e-01 -5.112805623170000313e-01
-1.413643712140000008e-01 -7.368769050550000310e-01
-1.648251829959999915e-01 -8.639713512600000200e-01
-1.786334993170000107e-01 -1.000000000000000000e+00
-1.048716399200000024e-02 -4.852464969249999927e-01
-2.095902158800000067e-02 -6.992803677640000437e-01
-6.652743887999999772e-02 -5.645332269139999859e-01
-8.562337665300000233e-02 -4.551749667109999953e-01
7.762390485799999795e-02 -4.207537010510000175e-01
5.547930889100000096e-02 -5.935163917910000198e-01
-4.478597848000000041e-03 -5.307432494010000390e-01
-2.928489557099999904e-02 -4.451012432520000117e-01
-1.770681101040000038e-01 -1.156729578100000044e-01
-2.506497438390000165e-01 -2.778908341810000238e-01
-2.166355316490000127e-01 -4.585348725189999919e-01
-1.101431908970000040e-01 -5.359156575140000545e-01
-1.946925338419999985e-01 -4.922267930509999778e-01
-2.294025740570000138e-01 -6.921919312219999565e-01
-2.388752658340000112e-01 -8.095977684399999763e-01
-2.348315619449999891e-01 -9.094884290670000038e-01
-1.014044253059999956e-01 -5.133273050369999702e-01
-1.355294441179999976e-01 -7.386403635089999753e-01
-1.574867287349999978e-01 -8.654792684050000018e-01
-1.688527917759999886e-01 -1.000000000000000000e+00
-9.563510278999999212e-03 -4.880036320689999929e-01
-1.437373842800000051e-02 -6.996662470340000439e-01
-6.399679385199999460e-02 -5.666036252780000115e-01
-8.611297731200000249e-02 -4.561346883999999879e-01
7.796614176900000526e-02 -4.232650643470000085e-01
6.124165292699999819e-02 -5.995241586689999957e-01
-4.371898080000000152e-04 -5.386728106660000348e-01
-2.723112981899999951e-02 -4.510351020389999910e-01
-1.797225359540000067e-01 -1.158553089889999971e-01
-2.533163792559999794e-01 -2.746119322410000008e-01
-2.230967511820000082e-01 -4.535869060809999964e-01
-1.179001240530000022e-01 -5.304420071140000248e-01
-1.971848605890000050e-01 -4.992254173669999906e-01
-2.266263379139999978e-01 -6.977690432090000172e-01
-2.332918460310000053e-01 -8.157931634699999712e-01
-2.265731344609999975e-01 -9.159031820459999640e-01
-1.040070542150000055e-01 -5.185770676299999993e-01
-1.367852725070000108e-01 -7.418544693259999656e-01
-1.564194237229999951e-01 -8.672302145219999980e-01
-1.659739329219999948e-01 -1.000000000000000000e+00
-1.191542915900000062e-02 -4.916339748540000110e-01
-1.554338197099999937e-02 -7.021690826499999982e-01
-6.580456301400000596e-02 -5.671830450379999888e-01
-9.014326637800000597e-02 -4.562239948440000026e-01
7.508508113200000611e-02 -4.252693349400000211e-01
5.723954422299999678e-02 -5.997411457710000171e-01
-3.080774735000000198e-03 -5.362901989689999871e-01
-2.926283701599999981e-02 -4.471930438030000121e-01
-1.762716143630000121e-01 -1.162166429180000043e-01
-2.491350257770000021e-01 -2.764032806999999758e-01
-2.163489421060000029e-01 -4.558461452370000111e-01
-1.099227721809999947e-01 -5.319090852769999822e-01
-1.898823762959999939e-01 -4.974216646919999985e-01
-2.202314503020000036e-01 -6.991506472070000422e-01
-2.279944015990000017e-01 -8.170510071330000512e-01
-2.218352282230000028e-01 -9.170326711049999746e-01
-9.700501551199999795e-02 -5.160123985519999845e-01
-1.297321441060000080e-01 -7.414056488960000246e-01
-1.497240436120000073e-01 -8.667863088330000076e-01
-1.593199315449999875e-01 -1.000000000000000000e+00
-5.297896336000000247e-03 -4.888123250079999815e-01
-1.066167580300000049e-02 -7.018100207640000088e-01
-6.071380274899999818e-02 -5.672907244679999961e-01
-8.404502435800000060e-02 -4.562637270400000111e-01
8.156664621600000220e-02 -4.226314548310000085e-01
6.484845214600000463e-02 -5.993736772579999483e-01
3.356575623000000209e-03 -5.393216369129999466e-01
-2.411988731300000049e-02 -4.526201034810000134e-01
-1.751708823320000108e-01 -1.164710031739999985e-01
-2.471761117769999960e-01 -2.762074423800000011e-01
-2.156242449459999933e-01 -4.534258363609999787e-01
-1.086525118479999968e-01 -5.278763730659999931e-01
-1.841295148809999893e-01 -5.006047750440000277e-01
-2.129024995009999865e-01 -6.989786719889999889e-01
-2.201011999220000015e-01 -8.169092568050000391e-01
-2.138524730689999875e-01 -9.178168932929999801e-01
-9.107281262699999658e-02 -5.186513461639999933e-01
-1.232161347839999949e-01 -7.418869200869999680e-01
-1.442557013300000135e-01 -8.667848147240000412e-01
-1.545929994820000042e-01 -1.000000000000000000e+00
4.014207029999999985e-04 -4.906513042599999763e-01
-4.889882851000000412e-03 -6.999000771750000238e-01
-5.707736793700000227e-02 -5.649117730839999796e-01
-8.164917061099999374e-02 -4.549582524129999750e-01
8.600739552000000177e-02 -4.232276918430000201e-01
6.972022440300000568e-02 -5.972464601729999822e-01
7.275126665999999756e-03 -5.370428331190000293e-01
-2.063960918200000161e-02 -4.516601506480000250e-01
