-1.474498152329999923e-01 -1.006259975700000003e-01
-2.352846623089999978e-01 -2.645037339190000059e-01
-1.986548964869999934e-01 -4.260386792179999826e-01
-1.186166239619999979e-01 -5.295444366339999709e-01
-2.133151520440000060e-01 -4.807665134529999773e-01
-2.675572047690000232e-01 -6.798332609639999857e-01
-2.858034056250000066e-01 -8.067256201210000199e-01
-2.907881483010000268e-01 -9.185483310149999969e-01
-1.102771685900000020e-01 -5.016681188079999965e-01
-1.768200959529999949e-01 -7.375059627379999538e-01
-2.200917814860000044e-01 -8.726805723849999641e-01
-2.487020049260000032e-01 -1.000000000000000000e+00
-6.061515624000000067e-03 -4.759141579280000145e-01
-6.473068030299999887e-02 -6.335976597060000159e-01
-1.029794664630000051e-01 -4.763655230020000242e-01
-1.107280510499999981e-01 -3.721724020930000099e-01
9.450276763499999844e-02 -4.090248944400000086e-01
2.060301788699999900e-02 -5.209504021899999948e-01
-3.315527427599999910e-02 -4.186779355909999722e-01
-4.678741044399999799e-02 -3.291281184109999813e-01
-1.481191110719999871e-01 -9.678878413899999478e-02
-2.391091479000000131e-01 -2.622559152180000130e-01
-2.007752676669999903e-01 -4.247370827029999796e-01
-1.203356901949999974e-01 -5.261962575290000110e-01
-2.141607389830000041e-01 -4.782878349749999924e-01
-2.698674486150000051e-01 -6.768504966649999677e-01
-2.896168172810000274e-01 -8.039995532489999652e-01
-2.981154762079999965e-01 -9.154944153359999559e-01
-1.104462477659999969e-01 -5.009140909389999674e-01
-1.758012901980000042e-01 -7.361324460739999687e-01
-2.221123159099999966e-01 -8.726058861480000539e-01
-2.549471353469999757e-01 -1.000000000000000000e+00
-6.464835436000000365e-03 -4.760311217259999839e-01
-6.448367709100000233e-02 -6.367609951910000454e-01
-1.005184525090000031e-01 -4.811065401499999838e-01
-1.068513760770000015e-01 -3.745331385749999797e-01
9.403797834999999550e-02 -4.091124499480000010e-01
1.969349439500000035e-02 -5.210966066769999738e-01
-3.989942266700000073e-02 -4.207298953290000143e-01
-5.925411855599999750e-02 -3.293297291999999765e-01
-1.460712490939999886e-01 -9.494948692400000112e-02
-2.397492390969999942e-01 -2.638382138659999820e-01
-2.036307996560000055e-01 -4.276312728330000090e-01
-1.251527518509999992e-01 -5.313739331079999628e-01
-2.139713581840000101e-01 -4.777100598890000049e-01
-2.684830177809999774e-01 -6.752853208319999911e-01
-2.882713564200000134e-01 -8.031189345510000299e-01
-2.967567087340000076e-01 -9.145048684780000547e-01
-1.103756069610000029e-01 -5.007585557210000315e-01
-1.778210772870000012e-01 -7.360117416429999837e-01
-2.251778460240000113e-01 -8.726115426220000248e-01
-2.598508172990000031e-01 -1.000000000000000000e+00
-5.898949373999999926e-03 -4.775874124450000258e-01
-6.728565422299999377e-02 -6.385920000350000514e-01
-1.010041124030000015e-01 -4.836996021630000087e-01
-1.061185321339999932e-01 -3.785884594230000122e-01
9.414879302400000483e-02 -4.138065405970000055e-01
1.528916524600000028e-02 -5.211394011490000366e-01
-4.326103207100000236e-02 -4.201850296049999822e-01
-6.191358049199999908e-02 -3.310720267889999957e-01
-1.510482451969999973e-01 -1.022447237280000032e-01
-2.392882928399999998e-01 -2.706850238529999730e-01
-2.026244157459999862e-01 -4.378331245220000167e-01
-1.219330296390000040e-01 -5.418703568560000461e-01
-2.130407021559999892e-01 -4.777032701889999955e-01
-2.702805412079999914e-01 -6.770405086799999861e-01
-2.903175170530000182e-01 -8.042913016980000052e-01
-2.990464184170000261e-01 -9.157957096190000312e-01
-1.104806685139999994e-01 -4.996598143880000009e-01
-1.778450305239999973e-01 -7.348435791049999777e-01
-2.234450786140000089e-01 -8.703496098180000251e-01
-2.563494819980000061e-01 -1.000000000000000000e+00
-7.928838155999999929e-03 -4.756044145150000180e-01
-6.750196449699999435e-02 -6.413327090939999753e-01
-1.037928960140000051e-01 -4.865311882230000107e-01
-1.092219506070000040e-01 -3.821820488179999975e-01
9.156134448100000656e-02 -4.098264763980000169e-01
1.622013991500000085e-02 -5.287112873949999514e-01
-4.463509888199999887e-02 -4.302765331449999731e-01
-6.274840473100000426e-02 -3.393812345239999861e-01
-1.514471111779999990e-01 -1.030339369010000033e-01
-2.402773675550000099e-01 -2.725111214950000083e-01
-2.018240198510000138e-01 -4.419701160639999959e-01
-1.204331196380000052e-01 -5.511797481360000139e-01
-2.142749096279999987e-01 -4.765492614280000261e-01
-2.701188907570000186e-01 -6.779412075680000260e-01
-2.886720486400000119e-01 -8.052012555659999737e-01
-2.963346570370000155e-01 -9.155658632359999771e-01
-1.125189128880000056e-01 -4.991641911179999780e-01
-1.794639324029999872e-01 -7.376564199990000015e-01
-2.244829087670000001e-01 -8.718603733730000416e-01
-2.583447911539999975e-01 -1.000000000000000000e+00
-1.163436989899999975e-02 -4.766945087730000141e-01
-7.633252728799999609e-02 -6.430072657780000478e-01
-1.081025871900000018e-01 -4.858312670600000160e-01
-1.097637911649999992e-01 -3.843654012089999794e-01
8.689332194899999917e-02 -4.129137349459999773e-01
5.676742803000000073e-03 -5.352906709050000433e-01
-4.716827932599999829e-02 -4.337144825559999806e-01
-5.720204834800000221e-02 -3.410908784989999942e-01
-1.507943340260000098e-01 -1.061350204629999960e-01
-2.385277396309999909e-01 -2.720139197290000199e-01
-2.065764951219999923e-01 -4.405495013540000060e-01
-1.281705227569999994e-01 -5.480941676970000342e-01
-2.123816052480000105e-01 -4.771415362259999737e-01
-2.702052659029999804e-01 -6.802479679520000433e-01
-2.909404395619999972e-01 -8.066669855089999563e-01
-3.001727060650000167e-01 -9.175311611090000152e-01
-1.110931648629999990e-01 -4.982542491390000161e-01
-1.772747362529999982e-01 -7.377529384700000081e-01
-2.235814607059999903e-01 -8.720938579650000522e-01
-2.574891802500000049e-01 -1.000000000000000000e+00
-9.884617166000000260e-03 -4.750016511460000146e-01
-7.539167078500000341e-02 -6.428825135679999692e-01
-1.110293661039999935e-01 -4.850726845810000021e-01
-1.142389204309999934e-01 -3.841252229050000078e-01
8.841669911999999742e-02 -4.108315170729999743e-01
5.791566934000000333e-03 -5.339111660730000430e-01
-4.708967885800000031e-02 -4.300770914320000138e-01
-5.488305711799999764e-02 -3.367254474610000270e-01
-1.540622918719999901e-01 -1.081131124030000057e-01
-2.372683968510000130e-01 -2.778499436469999972e-01
-2.013627666710000041e-01 -4.489325975440000005e-01
-1.265355744499999935e-01 -5.573425115000000263e-01
-2.126895068569999991e-01 -4.766291808009999742e-01
-2.697491645310000075e-01 -6.753313444099999785e-01
-2.905654061979999758e-01 -8.020190440969999779e-01
-2.996066953770000207e-01 -9.132281870809999536e-01
-1.109313589859999977e-01 -4.992176579229999911e-01
-1.775897588689999973e-01 -7.366180375169999461e-01
-2.225701223690000063e-01 -8.712253858909999593e-01
-2.557394745170000205e-01 -1.000000000000000000e+00
-1.044551746399999953e-02 -4.772402052640000170e-01
-7.559975188699999404e-02 -6.435640010730000471e-01
-1.098970837119999933e-01 -4.876174966799999844e-01
-1.120287524759999986e-01 -3.874637554820000163e-01
8.645873014999999606e-02 -4.143801173239999858e-01
5.840046370999999598e-03 -5.395355128669999667e-01
-4.912950448700000028e-02 -4.386217991620000034e-01
-5.892453340099999826e-02 -3.453770399009999936e-01
-1.575331653469999871e-01 -1.070111636430000068e-01
-2.409395754170000070e-01 -2.801910459690000188e-01
-2.050828472360000099e-01 -4.517805069179999800e-01
-1.319380269950000129e-01 -5.563376010639999869e-01
-2.136605229359999913e-01 -4.776220200219999934e-01
-2.696078386190000065e-01 -6.721352091360000003e-01
-2.912247267709999754e-01 -7.992000609070000205e-01
-3.011540686179999815e-01 -9.112924618540000354e-01
-1.108835393709999978e-01 -5.006683364480000176e-01
-1.772888626140000090e-01 -7.356096590699999771e-01
-2.223502793319999948e-01 -8.713521927539999989e-01
-2.555854007280000117e-01 -1.000000000000000000e+00
-8.075401795999999702e-03 -4.791650651850000164e-01
-7.387758465400000307e-02 -6.463492755220000552e-01
-1.110320278570000041e-01 -4.907661545059999741e-01
-1.158671669250000008e-01 -3.878109110190000042e-01
8.812000548899999453e-02 -4.193169234660000244e-01
5.568149272000000316e-03 -5.359096961410000359e-01
-5.256003921300000242e-02 -4.358133399249999873e-01
-6.591454006800000209e-02 -3.448585654079999729e-01
-1.591105342019999980e-01 -1.066504128950000047e-01
-2.429146927330000094e-01 -2.797705607920000226e-01
-2.060137097360000002e-01 -4.542349541369999910e-01
-1.315424561940000125e-01 -5.616111721940000301e-01
-2.180427900320000001e-01 -4.725696217079999872e-01
-2.729784696390000209e-01 -6.704180853390000472e-01
-2.933908102610000013e-01 -7.989132536409999652e-01
-3.010560118069999791e-01 -9.113988779020000264e-01
-1.145143556599999973e-01 -4.966600692270000117e-01
-1.828269243470000138e-01 -7.347114273779999927e-01
-2.285178837969999988e-01 -8.718460753910000083e-01
-2.612147494620000177e-01 -1.000000000000000000e+00
-1.145702535599999947e-02 -4.763479358239999795e-01
-7.527083526199999930e-02 -6.442085061240000465e-01
-1.121901616960000042e-01 -4.895831900250000035e-01
-1.174607391590000022e-01 -3.866779057399999942e-01
8.623794833100000001e-02 -4.179907095450000054e-01
4.854782573999999636e-03 -5.352325049160000514e-01
-5.140921591599999924e-02 -4.356031972609999969e-01
-6.402079327699999878e-02 -3.439068991279999876e-01
-1.623876340390000006e-01 -1.108015807729999941e-01
-2.450031379819999910e-01 -2.810483134619999879e-01
-2.094110742949999993e-01 -4.564306142699999791e-01
-1.342977558490000001e-01 -5.646184767559999651e-01
-2.196009650519999967e-01 -4.703814419369999889e-01
-2.767253247840000263e-01 -6.675968931829999731e-01
-2.983410469810000021e-01 -7.945507333500000380e-01
-3.088241442140000070e-01 -9.068844519140000227e-01
-1.171603793939999943e-01 -4.949655526000000250e-01
-1.851259644550000139e-01 -7.331341012150000003e-01
-2.320594365539999926e-01 -8.696542699389999687e-01
-2.686424583790000264e-01 -1.000000000000000000e+00
-1.524022588499999997e-02 -4.759511188789999903e-01
-8.369287886500000051e-02 -6.454264556100000050e-01
-1.191935413830000068e-01 -4.898003585390000025e-01
-1.230076866080000025e-01 -3.887538431950000040e-01
8.219852894599999349e-02 -4.195487473830000202e-01
-2.870009157999999991e-03 -5.437229359549999863e-01
-5.849138975399999912e-02 -4.440019244710000090e-01
-6.906819343400000255e-02 -3.513436625999999952e-01
-1.621940739259999931e-01 -1.114282809689999959e-01
-2.468728069879999876e-01 -2.860726974850000270e-01
-2.070935053690000083e-01 -4.673435123929999824e-01
-1.262636348770000139e-01 -5.770792016560000182e-01
-2.222719543059999969e-01 -4.669612870009999805e-01
-2.794555651630000193e-01 -6.735413863470000040e-01
-3.001240354270000021e-01 -8.004047175249999757e-01
-3.091330347060000094e-01 -9.119139983480000211e-01
-1.180015872839999952e-01 -4.933076982490000040e-01
-1.877443857520000037e-01 -7.339079705500000106e-01
-2.339649208809999881e-01 -8.684556286329999653e-01
-2.698838399499999818e-01 -1.000000000000000000e+00
-1.619533752300000157e-02 -4.761695380920000220e-01
-8.508381058699999999e-02 -6.475479466300000375e-01
-1.184394717059999991e-01 -4.929371180530000007e-01
-1.199768880420000045e-01 -3.932611878989999976e-01
8.210849425499999743e-02 -4.202081719690000106e-01
-1.898073072000000050e-03 -5.478888268799999572e-01
-5.737284529600000099e-02 -4.501591471020000013e-01
-6.803818591299999607e-02 -3.573639313990000232e-01
-1.609582715479999926e-01 -1.159605908380000050e-01
-2.439605427129999948e-01 -2.881023522110000012e-01
-2.060878908890000083e-01 -4.720493949799999811e-01
-1.230512090819999987e-01 -5.807479377459999759e-01
-2.204178661300000008e-01 -4.667722238049999972e-01
-2.789190744610000050e-01 -6.769358277060000262e-01
-2.992336338589999811e-01 -8.028110315280000409e-01
-3.076816958260000234e-01 -9.133934634370000083e-01
-1.159049852359999994e-01 -4.924206820679999930e-01
-1.874171253659999981e-01 -7.335266531930000333e-01
-2.326297790819999989e-01 -8.663363026849999482e-01
-2.690964569570000187e-01 -1.000000000000000000e+00
-1.464534378800000022e-02 -4.740690565480000229e-01
-8.453666163999999650e-02 -6.513206112449999585e-01
-1.169661670449999996e-01 -4.954177741810000257e-01
-1.177351077510000038e-01 -3.951632102359999843e-01
8.364008363500000098e-02 -4.168418211980000065e-01
-1.012620414999999960e-03 -5.508795004769999615e-01
-5.534580856299999713e-02 -4.529694420409999811e-01
-6.432919913199999784e-02 -3.587401067070000171e-01
-1.613955905399999946e-01 -1.160112792739999982e-01
-2.451057875909999906e-01 -2.888939151919999726e-01
-2.129322530099999888e-01 -4.753834607410000190e-01
-1.325079499190000010e-01 -5.844785672290000456e-01
-2.206370777320000032e-01 -4.661402133040000173e-01
-2.815496446640000094e-01 -6.742608140560000241e-01
-3.030112957860000011e-01 -7.995390339710000127e-01
-3.115893264990000078e-01 -9.099670818659999494e-01
-1.183693217699999939e-01 -4.939020138760000234e-01
-1.912664135029999990e-01 -7.341729856340000193e-01
-2.355588434229999861e-01 -8.661159593130000056e-01
-2.710288645860000067e-01 -1.000000000000000000e+00
-1.861940113699999885e-02 -4.775229524999999864e-01
-9.055138029699999480e-02 -6.545741905759999701e-01
-1.226760018829999993e-01 -4.958285939129999931e-01
-1.229434967679999963e-01 -3.949811529200000226e-01
7.713277011699999630e-02 -4.219603767360000091e-01
-9.116229425000000469e-03 -5.575197186350000500e-01
-6.461696296400000483e-02 -4.596016363729999998e-01
-7.389687956899999854e-02 -3.658150509329999855e-01
-1.629367859660000029e-01 -1.148767580660000065e-01
-2.456765993260000003e-01 -2.875203808630000246e-01
-2.172898194519999882e-01 -4.740509195040000234e-01
-1.431945640710000078e-01 -5.834548544380000479e-01
-2.243242784810000057e-01 -4.632561027689999777e-01
-2.841953464370000071e-01 -6.701333382730000343e-01
-3.047670056660000126e-01 -7.965563874259999899e-01
-3.127552175750000218e-01 -9.082692428999999956e-01
-1.248390733519999934e-01 -4.927197316770000057e-01
-1.959773946430000136e-01 -7.316811653270000049e-01
-2.390075829830000109e-01 -8.650581310410000446e-01
-2.729111466660000263e-01 -1.000000000000000000e+00
-2.579785232100000048e-02 -4.785030169419999813e-01
-9.280965408999999888e-02 -6.577000326190000079e-01
-1.254419849969999889e-01 -4.994778887710000226e-01
-1.268625465100000071e-01 -3.975779104150000132e-01
6.947791456599999860e-02 -4.273342874300000149e-01
-1.317838600999999936e-02 -5.646567866139999836e-01
-7.127573749599999675e-02 -4.716743226569999892e-01
-8.371304526099999921e-02 -3.811661007819999725e-01
-1.628337468219999973e-01 -1.206190785479999972e-01
-2.452380676990000008e-01 -2.908257142130000195e-01
-2.202676597780000023e-01 -4.816096862229999886e-01
-1.420882756250000101e-01 -5.882418821099999473e-01
-2.246927659980000047e-01 -4.638763490400000244e-01
-2.851915980340000156e-01 -6.776244576409999887e-01
-3.050972099359999801e-01 -8.024228815360000544e-01
-3.114171871749999987e-01 -9.128711179590000002e-01
-1.251311045940000088e-01 -4.931850373900000251e-01
-1.980477173859999940e-01 -7.322429894680000384e-01
-2.388733297279999890e-01 -8.637433457199999998e-01
-2.700708708469999886e-01 -1.000000000000000000e+00
-2.707118457899999886e-02 -4.780434030530000267e-01
-9.236374063400000500e-02 -6.606862817099999896e-01
-1.237496028190000069e-01 -5.019930280459999894e-01
-1.235509065409999968e-01 -4.003191176940000262e-01
6.869380753100000347e-02 -4.256524699600000017e-01
-1.302471497699999974e-02 -5.696810355829999839e-01
-6.860644887399999781e-02 -4.766798933379999825e-01
-7.778004820400000185e-02 -3.841302138609999917e-01
-1.616337183550000112e-01 -1.243975078949999952e-01
-2.447053838269999948e-01 -2.933124912449999733e-01
-2.222515497180000132e-01 -4.855512775390000146e-01
-1.420504424039999991e-01 -5.930431527739999931e-01
-2.232332622769999941e-01 -4.634141552769999728e-01
-2.856475309459999834e-01 -6.787594092490000230e-01
-3.060501771699999929e-01 -8.023764688429999570e-01
-3.129338416729999794e-01 -9.129863706399999890e-01
-1.243245605879999965e-01 -4.936976775119999994e-01
-1.976965569359999952e-01 -7.329775896550000391e-01
-2.386387040550000116e-01 -8.623829898429999918e-01
-2.708192643360000096e-01 -1.000000000000000000e+00
-2.758610407199999989e-02 -4.796141074879999855e-01
-9.568693551899999650e-02 -6.636644015810000408e-01
-1.251622304639999905e-01 -5.058641207299999776e-01
-1.220483472089999993e-01 -4.058903695189999827e-01
6.841236416099999440e-02 -4.272381918700000059e-01
-1.359597816799999921e-02 -5.750204281499999848e-01
-6.657694210600000051e-02 -4.813343330629999972e-01
-7.217602461500000066e-02 -3.872120607890000010e-01
-1.644482820569999892e-01 -1.275417022660000066e-01
-2.466988495080000010e-01 -2.969641433499999872e-01
-2.274272392770000095e-01 -4.903348829999999992e-01
-1.480924711599999888e-01 -5.957685495740000503e-01
-2.212722165240000038e-01 -4.643924932940000083e-01
-2.862504997129999840e-01 -6.790896867040000506e-01
-3.072287270219999922e-01 -8.016033522069999639e-01
-3.148604759020000032e-01 -9.122424878399999493e-01
-1.235689721889999954e-01 -4.955700581320000020e-01
-1.957934244689999992e-01 -7.356789526510000288e-01
-2.368966651530000078e-01 -8.641683165050000337e-01
-2.690226799559999882e-01 -1.000000000000000000e+00
-2.803890688299999837e-02 -4.818584346659999795e-01
-9.869322604100000396e-02 -6.672557898230000450e-01
-1.304488925139999922e-01 -5.068763410900000155e-01
-1.274768345450000007e-01 -4.056420158919999963e-01
6.611316872399999878e-02 -4.297285328439999774e-01
-1.843703354600000066e-02 -5.804205377200000182e-01
-7.115746183599999664e-02 -4.851264811770000240e-01
-7.446104841600000024e-02 -3.894739650390000030e-01
-1.672296574630000032e-01 -1.335055318510000033e-01
-2.497689817139999990e-01 -2.995436254769999751e-01
-2.315663779240000053e-01 -4.953272413099999993e-01
-1.496434824410000086e-01 -5.998668278259999820e-01
-2.228388409909999868e-01 -4.616381393399999755e-01
-2.893013001909999771e-01 -6.810234782220000449e-01
-3.094610478989999747e-01 -8.020786278229999899e-01
-3.166605280290000213e-01 -9.117693972470000130e-01
-1.242881072659999947e-01 -4.936842018259999798e-01
-1.985775904609999865e-01 -7.351888231890000291e-01
-2.395666517800000006e-01 -8.617666089729999479e-01
-2.742672276659999797e-01 -1.000000000000000000e+00
-2.921652587700000053e-02 -4.807072774350000244e-01
-1.037313827250000015e-01 -6.664883500949999595e-01
-1.324202739510000060e-01 -5.079737527890000326e-01
-1.270711251320000013e-01 -4.083789598609999794e-01
6.519122132700000405e-02 -4.286534685799999744e-01
-2.032181913699999953e-02 -5.849561613889999734e-01
-7.253868109500000161e-02 -4.912968307819999825e-01
-7.548880543399999477e-02 -3.942764655470000212e-01
-1.703479644399999993e-01 -1.390146881260000133e-01
-2.484125032879999917e-01 -3.029786652049999973e-01
-2.316086517350000040e-01 -5.000645051980000533e-01
-1.491645275869999954e-01 -6.040755217469999661e-01
-2.187002054109999927e-01 -4.599224462670000180e-01
-2.860442069879999827e-01 -6.803526552340000144e-01
-3.069140090640000151e-01 -8.005763613690000113e-01
-3.162309796259999972e-01 -9.106106884779999744e-01
-1.204185785570000000e-01 -4.916526825590000205e-01
-1.952606030759999889e-01 -7.347839324880000023e-01
-2.392072715000000127e-01 -8.616895055929999492e-01
-2.766543188939999953e-01 -1.000000000000000000e+00
-2.535234667500000164e-02 -4.777435995470000196e-01
-1.013104819239999954e-01 -6.667902337879999530e-01
-1.334763398090000053e-01 -5.102565180660000310e-01
-1.290598487880000034e-01 -4.116738988790000220e-01
6.900804733099999422e-02 -4.242871313609999917e-01
-1.584612255399999933e-02 -5.844913221590000152e-01
-6.953864688199999644e-02 -4.910558059519999907e-01
-7.158991537799999638e-02 -3.937172224280000021e-01
-1.727725721599999986e-01 -1.325208030199999942e-01
-2.515005716979999972e-01 -3.045746602769999756e-01
-2.307919627170000043e-01 -5.010642125280000414e-01
-1.525199047870000046e-01 -6.037197456170000365e-01
-2.259414419920000028e-01 -4.633595929559999882e-01
-2.902949503069999770e-01 -6.729112831060000133e-01
-3.100478912540000076e-01 -7.955744173680000531e-01
-3.183028103250000185e-01 -9.067475140449999804e-01
-1.281504665260000120e-01 -4.952732196760000205e-01
-2.028741835220000123e-01 -7.321762390420000211e-01
-2.446147652389999982e-01 -8.618728730360000201e-01
-2.788352401459999741e-01 -1.000000000000000000e+00
-3.144358382600000168e-02 -4.822680664289999974e-01
-1.017164775309999936e-01 -6.679961153850000333e-01
-1.351549749129999922e-01 -5.100338865510000153e-01
-1.335252782470000010e-01 -4.074149588579999981e-01
6.163173459199999815e-02 -4.325348560150000243e-01
-1.992479635599999840e-02 -5.827385761469999759e-01
-7.631770971899999589e-02 -4.895966790499999832e-01
-8.230132357300000423e-02 -3.947429243650000252e-01
-1.703431421340000085e-01 -1.335117122330000128e-01
-2.483090141900000103e-01 -3.054315617430000129e-01
-2.293322077520000002e-01 -5.012892432690000399e-01
-1.496115471920000106e-01 -6.074054948999999537e-01
-2.225151508940000078e-01 -4.647535795130000036e-01
-2.862529170820000135e-01 -6.769488449830000087e-01
-3.041043362499999958e-01 -7.970355318449999782e-01
-3.090249682880000237e-01 -9.040984099219999681e-01
-1.244965413189999953e-01 -4.959906986109999805e-01
-1.989708969410000083e-01 -7.331536856629999876e-01
-2.385500907870000131e-01 -8.612933001010000256e-01
-2.705346521690000228e-01 -1.000000000000000000e+00
-2.932218057400000008e-02 -4.824389579360000013e-01
-9.840726791100000426e-02 -6.679535148059999594e-01
-1.315545352730000117e-01 -5.122088011890000292e-01
-1.296312461620000023e-01 -4.141487299780000075e-01
6.492539446200000508e-02 -4.306762897799999990e-01
-1.800985375799999885e-02 -5.891274189880000289e-01
-7.141872041800000070e-02 -4.960044867899999765e-01
-7.374921393599999375e-02 -4.007118584259999894e-01
-1.791000367420000072e-01 -1.400505528190000015e-01
-2.548170687340000073e-01 -3.082349970700000164e-01
-2.364489056930000055e-01 -5.078470499510000513e-01
-1.559876901039999875e-01 -6.117418152860000236e-01
-2.297784161420000082e-01 -4.607435301080000101e-01
-2.935342668370000130e-01 -6.746945767199999944e-01
-3.126453628229999837e-01 -7.960019796330000119e-01
-3.202104229139999814e-01 -9.064414946169999654e-01
-1.321431346760000014e-01 -4.931791441069999782e-01
-2.084882631459999969e-01 -7.308375812720000475e-01
-2.480309930029999943e-01 -8.590687137350000446e-01
-2.815619376340000035e-01 -1.000000000000000000e+00
-3.678652425500000128e-02 -4.803854554640000218e-01
-1.070761233760000042e-01 -6.723715096300000305e-01
-1.397155941079999963e-01 -5.161776647600000434e-01
-1.373205545739999978e-01 -4.158702759280000216e-01
5.755083510200000030e-02 -4.311165038290000195e-01
-2.390032755299999895e-02 -5.912572451609999780e-01
-7.807285827899999864e-02 -4.992315768150000221e-01
-8.120597392099999923e-02 -4.036116867599999769e-01
-1.776800385589999975e-01 -1.404140923059999935e-01
-2.543376945909999742e-01 -3.111694755200000162e-01
-2.342391457840000135e-01 -5.111885841759999938e-01
-1.533498716799999995e-01 -6.161043304819999733e-01
-2.317557481239999884e-01 -4.645768583659999895e-01
-2.921080127840000040e-01 -6.793668288419999479e-01
-3.082323051629999866e-01 -7.998087547009999909e-01
-3.104625081760000183e-01 -9.074198036709999471e-01
-1.342348663450000090e-01 -4.975317490410000043e-01
-2.088090902430000118e-01 -7.339610814429999852e-01
-2.481067780300000025e-01 -8.625972075960000041e-01
-2.781516168970000202e-01 -1.000000000000000000e+00
-3.848565260100000190e-02 -4.847160519259999800e-01
-1.039325996909999938e-01 -6.703027184099999980e-01
-1.370473905900000122e-01 -5.167150137479999961e-01
-1.342919475830000042e-01 -4.165558940080000272e-01
5.663629587599999793e-02 -4.359477069709999930e-01
-2.190844738199999864e-02 -5.927966321140000217e-01
-7.532570534799999662e-02 -5.026219337599999726e-01
-7.825414485499999906e-02 -4.070906605499999831e-01
-1.798127989720000042e-01 -1.429280982799999988e-01
-2.569877743819999893e-01 -3.149680028540000065e-01
-2.383872427310000097e-01 -5.183255012549999874e-01
-1.554457972349999884e-01 -6.265961624270000030e-01
-2.314588614879999895e-01 -4.585182386280000078e-01
-2.918863244209999874e-01 -6.784946937950000478e-01
-3.089453231420000168e-01 -7.982423839259999987e-01
-3.133886279870000124e-01 -9.064238677150000534e-01
-1.321722037299999930e-01 -4.930779814130000216e-01
-2.056775131409999957e-01 -7.341977928299999734e-01
-2.474591543369999980e-01 -8.610622889989999473e-01
-2.829345183840000222e-01 -1.000000000000000000e+00
-3.649586058300000047e-02 -4.826850087510000109e-01
-1.076561388260000030e-01 -6.727171015870000437e-01
-1.391408984949999983e-01 -5.194735849079999968e-01
-1.341454286719999944e-01 -4.219011034849999842e-01
5.973916049700000314e-02 -4.355295117519999981e-01
-2.391189648700000128e-02 -5.982278349870000511e-01
-7.577031473299999931e-02 -5.069076900860000068e-01
-7.655193612300000006e-02 -4.101833957930000052e-01
-1.767058436600000004e-01 -1.401594646809999900e-01
-2.560363195929999947e-01 -3.140366343720000231e-01
-2.370870396639999933e-01 -5.159668031969999458e-01
-1.535265215649999904e-01 -6.205060820669999755e-01
-2.312348239360000057e-01 -4.650763741469999824e-01
-2.915742913539999814e-01 -6.812836660359999907e-01
-3.084071054909999776e-01 -8.002808918410000416e-01
-3.126143682840000215e-01 -9.061262552779999480e-01
-1.333803502270000108e-01 -4.981068678150000206e-01
-2.044299529999999976e-01 -7.342358299069999816e-01
-2.442213510619999917e-01 -8.620966507620000385e-01
-2.758221871059999830e-01 -1.000000000000000000e+00
-3.809991204200000037e-02 -4.858608382919999968e-01
-1.029965979280000055e-01 -6.723139856330000441e-01
-1.364908433389999953e-01 -5.200988403030000207e-01
-1.338917437859999948e-01 -4.197393747459999824e-01
5.629921976099999670e-02 -4.375217997840000206e-01
-2.088045333099999845e-02 -5.985965588130000015e-01
-7.743068296499999725e-02 -5.103201393899999827e-01
-8.339555243500000603e-02 -4.138636068930000023e-01
-1.811457206709999879e-01 -1.428846808670000135e-01
-2.582489039579999868e-01 -3.171982420059999974e-01
-2.386047468109999958e-01 -5.225467348710000071e-01
-1.544164386630000052e-01 -6.242364648510000391e-01
-2.289807748380000008e-01 -4.611308158619999986e-01
-2.889879095149999744e-01 -6.815072035289999608e-01
-3.071905293350000177e-01 -8.003947394839999729e-01
-3.139640782470000113e-01 -9.071188479380000169e-01
-1.315779689240000050e-01 -4.949573572250000053e-01
-1.994210122520000128e-01 -7.337041181769999865e-01
-2.411143900159999909e-01 -8.616106928490000483e-01
-2.754559544569999963e-01 -1.000000000000000000e+00
-3.699452311800000004e-02 -4.842081897900000209e-01
-1.034569043949999934e-01 -6.746992960840000331e-01
-1.382053630950000056e-01 -5.255970221750000393e-01
-1.338013867939999990e-01 -4.262024354030000128e-01
5.727717773399999823e-02 -4.381667084779999888e-01
-1.885696987399999858e-02 -6.043953503319999809e-01
-7.503376194800000232e-02 -5.173078783419999827e-01
-7.820410976000000125e-02 -4.200337183449999734e-01
-1.786934666970000085e-01 -1.393593321559999931e-01
-2.574678886010000056e-01 -3.183917765490000273e-01
-2.358294704170000033e-01 -5.214025838229999765e-01
-1.533053642539999872e-01 -6.249236428119999687e-01
-2.293826016480000063e-01 -4.674395713780000183e-01
-2.862647140840000048e-01 -6.805809794530000012e-01
-3.015195311269999734e-01 -8.002455433770000459e-01
-3.051744165410000265e-01 -9.060748619520000435e-01
-1.320715853040000110e-01 -4.997052412479999761e-01
-1.995256159000000085e-01 -7.338309999209999823e-01
-2.398178617310000038e-01 -8.630374166119999524e-01
-2.707731051160000013e-01 -1.000000000000000000e+00
-3.654262996799999969e-02 -4.877332959610000129e-01
-9.772991644400000344e-02 -6.757810696549999552e-01
-1.368007208539999964e-01 -5.253349918340000091e-01
-1.373872972690000083e-01 -4.231467594900000240e-01
5.713596952100000181e-02 -4.412297421329999803e-01
-1.749127642000000010e-02 -6.025824067699999675e-01
-7.748974705300000487e-02 -5.147372194429999936e-01
-8.531243025599999363e-02 -4.172357846359999733e-01
-1.797443792179999889e-01 -1.423461977799999889e-01
-2.563918458519999777e-01 -3.213204741580000245e-01
-2.359126799459999868e-01 -5.257079382489999730e-01
-1.534134343989999871e-01 -6.310107025479999576e-01
-2.251976502570000038e-01 -4.643817993179999992e-01
-2.822206288149999853e-01 -6.790721660049999775e-01
-2.982687245480000193e-01 -7.991328539690000232e-01
-3.023748866600000085e-01 -9.054670519890000158e-01
-1.274512131849999952e-01 -4.967639249860000272e-01
-1.936161197529999989e-01 -7.319432783049999447e-01
-2.342912300799999958e-01 -8.619802610629999640e-01
-2.659257100910000227e-01 -1.000000000000000000e+00
-3.220906113400000270e-02 -4.861018104659999839e-01
-9.487394351899999800e-02 -6.762572919529999949e-01
-1.352358207740000096e-01 -5.260021479580000436e-01
-1.354478935049999999e-01 -4.236915458439999838e-01
6.145126733600000252e-02 -4.421447578730000050e-01
-1.397564793100000008e-02 -6.051080924509999459e-01
-7.469348562600000574e-02 -5.172407558939999817e-01
-8.208227676800000649e-02 -4.192143251279999983e-01
-1.816717624760000038e-01 -1.446533199099999945e-01
-2.557252897939999992e-01 -3.211816501349999964e-01
-2.338203235459999918e-01 -5.217265097619999681e-01
-1.574699684210000006e-01 -6.213380316559999894e-01
-2.277597487440000124e-01 -4.675768291269999932e-01
-2.834314328229999846e-01 -6.738065077820000193e-01
-2.982825196539999890e-01 -7.942924870849999985e-01
-3.010338441520000186e-01 -9.000484308209999451e-01
-1.310476805470000006e-01 -4.988731452899999863e-01
-1.984357377850000104e-01 -7.276712769640000245e-01
-2.355742860370000080e-01 -8.620172391029999881e-01
-2.621667093039999896e-01 -1.000000000000000000e+00
-3.414436476399999865e-02 -4.872799724369999974e-01
-9.349101459599999664e-02 -6.751474071199999871e-01
-1.331729631889999876e-01 -5.260936391089999775e-01
-1.340237776930000013e-01 -4.201360808069999897e-01
6.042203067699999930e-02 -4.462497317999999935e-01
-1.431014705600000027e-02 -6.032109788909999493e-01
-7.452807027699999420e-02 -5.152902135700000441e-01
-8.213368625799999379e-02 -4.167013608080000209e-01
-1.820536661880000073e-01 -1.463017677700000074e-01
-2.528295812160000211e-01 -3.260357577099999848e-01
-2.291701901519999918e-01 -5.279660165020000351e-01
-1.499327866409999876e-01 -6.268380730670000123e-01
-2.204065867049999905e-01 -4.676766473780000211e-01
-2.755587635360000065e-01 -6.761209119379999466e-01
-2.910010814549999769e-01 -7.952766907660000495e-01
-2.949128960019999912e-01 -8.997140619060000066e-01
-1.236696913750000015e-01 -4.979457403109999736e-01
-1.875100976490000071e-01 -7.304215550810000401e-01
-2.276469612990000002e-01 -8.632593662299999915e-01
-2.572363471399999879e-01 -1.000000000000000000e+00
-2.748654739899999977e-02 -4.852274086489999916e-01
-8.731944302499999866e-02 -6.768047453440000361e-01
-1.307507558590000063e-01 -5.289382792640000552e-01
-1.324289278069999964e-01 -4.237314021220000004e-01
6.642368522199999792e-02 -4.416548727149999798e-01
-7.460891697999999690e-03 -6.032000700649999825e-01
-6.937014858300000197e-02 -5.171693093220000037e-01
-7.697886548299999465e-02 -4.191084861109999893e-01
-1.871334802450000112e-01 -1.493066989949999868e-01
-2.579247732020000239e-01 -3.268382105309999841e-01
-2.319238017030000043e-01 -5.291080768689999658e-01
-1.551759967699999909e-01 -6.261986547150000249e-01
-2.255081438029999941e-01 -4.692829404769999768e-01
-2.771594310530000049e-01 -6.760106944470000156e-01
-2.909913058060000224e-01 -7.953203440560000503e-01
-2.927309540840000168e-01 -8.995896954119999567e-01
-1.290400006669999988e-01 -4.997691297219999940e-01
-1.927909523340000097e-01 -7.281239125249999722e-01
-2.306795549950000079e-01 -8.632688553659999542e-01
-2.563358211000000275e-01 -1.000000000000000000e+00
-3.269518899700000342e-02 -4.874680873339999887e-01
-9.125369566299999791e-02 -6.763393823179999487e-01
-1.338001109330000105e-01 -5.276415913559999726e-01
-1.343572301279999937e-01 -4.200647599169999857e-01
6.005924130999999722e-02 -4.472804685199999741e-01
-1.440144817799999914e-02 -6.041787468370000136e-01
-7.636995745100000343e-02 -5.179822985959999793e-01
-8.453228643099999773e-02 -4.194391424600000251e-01
-1.809631591389999905e-01 -1.489077281610000081e-01
-2.502362379060000253e-01 -3.277009163480000264e-01
-2.301808705420000101e-01 -5.302055460569999878e-01
-1.503792257600000126e-01 -6.258508133810000151e-01
-2.061344345410000001e-01 -4.669310454580000158e-01
-2.617166603269999725e-01 -6.756723039640000206e-01
-2.779610025790000272e-01 -7.917220888020000125e-01
-2.828103409839999860e-01 -8.944167246519999503e-01
-1.129170205799999993e-01 -4.970625857350000065e-01
-1.734630761169999869e-01 -7.301634009199999831e-01
-2.141479980959999918e-01 -8.623001889370000006e-01
-2.430844743829999877e-01 -1.000000000000000000e+00
-1.949000577600000159e-02 -4.856281605930000134e-01
-8.126099411499999869e-02 -6.822434773029999455e-01
-1.283361460380000041e-01 -5.348112961630000495e-01
-1.298644047630000131e-01 -4.306528981480000073e-01
7.241421875200000635e-02 -4.437918183919999926e-01
-2.793305032000000139e-03 -6.103991541069999638e-01
-6.506271836299999667e-02 -5.244231793269999997e-01
-7.048122550499999472e-02 -4.255070174660000037e-01
-1.796453585239999873e-01 -1.516414541170000019e-01
-2.440318071470000127e-01 -3.322085813890000017e-01
-2.156055573010000059e-01 -5.313751493859999453e-01
-1.382282185589999990e-01 -6.265327356080000465e-01
-2.002670610579999899e-01 -4.713441165960000068e-01
-2.507763961000000208e-01 -6.742536754529999676e-01
-2.661277615939999786e-01 -7.901917824740000151e-01
-2.700047784840000076e-01 -8.907873328990000283e-01
-1.058669713720000044e-01 -4.987456092709999789e-01
-1.628662631159999985e-01 -7.266128105689999561e-01
-1.996465153800000003e-01 -8.619181261649999648e-01
-2.245838904699999916e-01 -1.000000000000000000e+00
-1.238686112699999980e-02 -4.849526275620000271e-01
-6.744836703100000330e-02 -6.763826763489999561e-01
-1.167951682090000026e-01 -5.307427667490000056e-01
-1.227474035340000019e-01 -4.250488764890000271e-01
7.725773040300000505e-02 -4.439042226250000112e-01
6.847921473000000148e-03 -6.071350227770000441e-01
-5.784418907999999693e-02 -5.245574740949999759e-01
-6.884495610799999665e-02 -4.276138146810000151e-01
-1.781969544089999913e-01 -1.566517965510000054e-01
-2.386439779940000006e-01 -3.354870634930000040e-01
-2.113984689660000083e-01 -5.346590994759999882e-01
-1.341157550579999969e-01 -6.262561246019999750e-01
-1.870796054049999879e-01 -4.695820972370000068e-01
-2.308380805809999992e-01 -6.770597093410000156e-01
-2.441708739250000038e-01 -7.925476548630000506e-01
-2.465439446840000104e-01 -8.920878732610000306e-01
-9.498523443400000432e-02 -4.959409467249999981e-01
-1.446786507560000046e-01 -7.260426830599999715e-01
-1.813103661580000026e-01 -8.616196166759999553e-01
-2.056188004479999887e-01 -1.000000000000000000e+00
-4.146424146999999963e-03 -4.826075015510000177e-01
-5.674545586100000066e-02 -6.783847070120000433e-01
-1.115501410939999938e-01 -5.359023783209999614e-01
-1.199914692680000006e-01 -4.304963126949999941e-01
8.254009552799999871e-02 -4.425746431740000264e-01
1.477920282000000016e-02 -6.081822671490000332e-01
-5.348116275599999747e-02 -5.296053973950000104e-01
-6.666146232300000640e-02 -4.329076355490000250e-01
-1.791536719409999867e-01 -1.604997640620000054e-01
-2.375150752630000028e-01 -3.360135834049999826e-01
-2.032830015959999903e-01 -5.306785331540000428e-01
-1.190161630989999969e-01 -6.185107047529999624e-01
-1.835764972139999895e-01 -4.714738647389999926e-01
-2.220312501889999957e-01 -6.768594694580000182e-01
-2.307626006750000125e-01 -7.922247125360000197e-01
-2.286867596499999877e-01 -8.917162671949999675e-01
-8.909061180400000557e-02 -4.964806113779999808e-01
-1.326930458080000097e-01 -7.270025603559999716e-01
-1.655199884390000098e-01 -8.635176482230000339e-01
-1.856579323810000071e-01 -1.000000000000000000e+00
3.989003022000000426e-03 -4.816489872790000182e-01
-4.372978706200000149e-02 -6.741490041130000499e-01
-1.008808183610000048e-01 -5.316072643039999601e-01
-1.117951618609999975e-01 -4.241463883339999796e-01
9.239457416599999862e-02 -4.407372664640000215e-01
2.794650273799999946e-02 -6.059856282350000178e-01
-4.157448850300000248e-02 -5.300326169550000355e-01
-5.858920921099999846e-02 -4.343176778510000058e-01
-1.766091742869999870e-01 -1.590279596159999975e-01
-2.339677676980000121e-01 -3.444236531209999841e-01
-1.948350694890000068e-01 -5.412515847919999734e-01
-1.084131723620000015e-01 -6.304580243530000239e-01
-1.750383023790000048e-01 -4.781013542529999882e-01
-2.085764555509999896e-01 -6.812505498259999737e-01
-2.175722449630000110e-01 -7.975916333320000051e-01
-2.159726009909999911e-01 -8.965063676300000228e-01
-7.887844147899999991e-02 -5.006337098890000226e-01
-1.174904481229999964e-01 -7.284199686410000041e-01
-1.501444640509999873e-01 -8.653765466280000096e-01
-1.692193766400000021e-01 -1.000000000000000000e+00
1.349509857199999996e-02 -4.845640980529999919e-01
-2.809302277400000172e-02 -6.819568626030000358e-01
-9.175590663900000388e-02 -5.404642858989999743e-01
-1.073510554070000039e-01 -4.306053000630000183e-01
1.000734136120000062e-01 -4.433973804999999935e-01
3.829185705700000053e-02 -6.094993350340000005e-01
-3.382646029400000059e-02 -5.317267895859999483e-01
-5.255755706500000318e-02 -4.330224639440000134e-01
-1.699925010689999905e-01 -1.640329832200000115e-01
-2.220101121830000135e-01 -3.488597264180000046e-01
-1.815711222849999973e-01 -5.444085994830000219e-01
-9.107284804699999903e-02 -6.277534692380000170e-01
-1.581594438720000106e-01 -4.807879734120000248e-01
-1.923879451549999897e-01 -6.840993568390000279e-01
-1.997902618609999903e-01 -7.977062061070000487e-01
-1.965876484440000072e-01 -8.944632589609999851e-01
-6.339627913499999712e-02 -5.012269434120000255e-01
-9.884927073200000525e-02 -7.290568669560000270e-01
-1.285285966520000045e-01 -8.643955030290000341e-01
-1.447339660130000094e-01 -1.000000000000000000e+00
2.708957522300000156e-02 -4.828094631659999858e-01
-1.236543086500000062e-02 -6.802264644919999714e-01
-7.804113525799999396e-02 -5.387652053029999832e-01
-9.372634497600000614e-02 -4.301663292890000045e-01
1.113030817320000004e-01 -4.379925001080000047e-01
5.317022394999999790e-02 -6.091238560799999702e-01
-1.919578124800000105e-02 -5.324012179579999948e-01
-3.691623865299999835e-02 -4.333064315999999860e-01
-1.734943686369999905e-01 -1.718501301650000035e-01
-2.216960522030000103e-01 -3.541395639759999936e-01
-1.783237965449999962e-01 -5.492513848719999814e-01
-8.998754724099999880e-02 -6.329360636599999923e-01
-1.637209164610000101e-01 -4.783740832380000141e-01
-2.011101042810000128e-01 -6.815033658229999736e-01
-2.079394169060000130e-01 -7.955824336110000061e-01
-2.027988927740000114e-01 -8.937405918070000510e-01
-6.893488644299999857e-02 -4.980583730020000099e-01
-1.014786768859999994e-01 -7.258143246960000461e-01
-1.242687885090000000e-01 -8.627594790279999870e-01
-1.321508866720000064e-01 -1.000000000000000000e+00
2.304319001199999981e-02 -4.787165358230000001e-01
-1.323581128099999941e-02 -6.726180525870000260e-01
-8.155796358700000137e-02 -5.343628706140000073e-01
-9.973769632899999460e-02 -4.255751116440000259e-01
1.095196472790000014e-01 -4.351682047730000003e-01
5.738933723299999984e-02 -6.029830282920000117e-01
-1.507661815400000022e-02 -5.327322370329999890e-01
-3.564203879800000030e-02 -4.376094773929999904e-01
-1.721261350970000048e-01 -1.665682869160000079e-01
-2.200287724349999918e-01 -3.510027778209999783e-01
-1.736755924589999944e-01 -5.432907191179999762e-01
-8.254230859399999676e-02 -6.230497419149999550e-01
-1.606231605950000085e-01 -4.802522024759999786e-01
-1.944344869390000063e-01 -6.810922774469999608e-01
-1.993903506949999960e-01 -7.960397706930000261e-01
-1.927385589989999981e-01 -8.923031624460000533e-01
-6.303868904100000392e-02 -4.994404689420000043e-01
-9.666406533099999865e-02 -7.265657029930000510e-01
-1.206393130450000017e-01 -8.644397208140000011e-01
-1.300793901220000104e-01 -1.000000000000000000e+00
3.023486512499999959e-02 -4.792834899260000059e-01
-3.694554848000000148e-03 -6.747470292249999613e-01
-7.200642608599999717e-02 -5.377992102480000369e-01
-9.091833622200000409e-02 -4.299145262460000172e-01
1.158807432269999965e-01 -4.335640848349999743e-01
6.068695356599999868e-02 -6.009390977709999637e-01
-1.346994886999999981e-02 -5.279143080910000396e-01
-3.422605047900000030e-02 -4.314953947879999752e-01
-1.676286102679999945e-01 -1.710570484020000059e-01
-2.125213611869999908e-01 -3.582164654169999740e-01
-1.660704572529999867e-01 -5.492474952529999843e-01
-7.567250737000000282e-02 -6.226128630889999904e-01
-1.483372868520000110e-01 -4.832715896049999960e-01
-1.816432626839999953e-01 -6.806227019999999683e-01
-1.879113232250000098e-01 -7.954950444520000330e-01
-1.825750218370000011e-01 -8.926524216329999595e-01
-5.363509469500000321e-02 -5.013917392369999781e-01
-8.630052475299999915e-02 -7.255103176970000289e-01
-1.127479412020000044e-01 -8.649208908969999721e-01
-1.230360378959999973e-01 -1.000000000000000000e+00
3.804755341300000010e-02 -4.807709261049999960e-01
4.441433384999999602e-03 -6.751118546359999861e-01
-6.662290909099999325e-02 -5.393432520030000399e-01
-8.655649574700000071e-02 -4.302725065770000024e-01
1.227707582399999997e-01 -4.368238801570000218e-01
6.918766838800000096e-02 -6.016949628479999479e-01
-5.584131598000000203e-03 -5.293362699929999859e-01
-2.687420651999999910e-02 -4.329813268439999807e-01
